000 (454.956.000) 2022-04-06 16:54:03 Job submitted from host: <10.18.24.243:9618?addrs=10.18.24.243-9618&alias=ecoclusts01.bioclust.biologie.ens.fr&noUDP&sock=schedd_1052_29b8>
...
001 (454.956.000) 2022-04-08 12:08:53 Job executing on host: <10.18.24.177:9618?addrs=10.18.24.177-9618&alias=mcbsclust06.bioclust.biologie.ens.fr&noUDP&sock=startd_945_c516>
...
006 (454.956.000) 2022-04-08 12:09:02 Image size of job updated: 845676
	418  -  MemoryUsage of job (MB)
	427984  -  ResidentSetSize of job (KB)
...
005 (454.956.000) 2022-04-08 18:29:37 Job terminated.
	(1) Normal termination (return value 0)
		Usr 0 06:19:30, Sys 0 00:00:15  -  Run Remote Usage
		Usr 0 00:00:00, Sys 0 00:00:00  -  Run Local Usage
		Usr 0 06:19:30, Sys 0 00:00:15  -  Total Remote Usage
		Usr 0 00:00:00, Sys 0 00:00:00  -  Total Local Usage
	0  -  Run Bytes Sent By Job
	0  -  Run Bytes Received By Job
	0  -  Total Bytes Sent By Job
	0  -  Total Bytes Received By Job
	Partitionable Resources :    Usage  Request Allocated 
	   Cpus                 :     1.00        1         1 
	   Disk (KB)            :  7500        7500     10998 
	   Memory (MB)          :   418        1024      1024 

	Job terminated of its own accord at 2022-04-08T16:29:37Z with exit-code 0.
...
