000 (454.960.000) 2022-04-06 16:54:03 Job submitted from host: <10.18.24.243:9618?addrs=10.18.24.243-9618&alias=ecoclusts01.bioclust.biologie.ens.fr&noUDP&sock=schedd_1052_29b8>
...
001 (454.960.000) 2022-04-08 12:11:53 Job executing on host: <10.18.24.176:9618?addrs=10.18.24.176-9618&alias=mcbsclust05.bioclust.biologie.ens.fr&noUDP&sock=startd_869_a3e3>
...
006 (454.960.000) 2022-04-08 12:12:01 Image size of job updated: 293364
	287  -  MemoryUsage of job (MB)
	293364  -  ResidentSetSize of job (KB)
...
006 (454.960.000) 2022-04-08 12:17:01 Image size of job updated: 741620
	317  -  MemoryUsage of job (MB)
	324112  -  ResidentSetSize of job (KB)
...
006 (454.960.000) 2022-04-08 12:22:01 Image size of job updated: 774388
	317  -  MemoryUsage of job (MB)
	324112  -  ResidentSetSize of job (KB)
...
006 (454.960.000) 2022-04-08 13:37:08 Image size of job updated: 774644
	317  -  MemoryUsage of job (MB)
	324112  -  ResidentSetSize of job (KB)
...
006 (454.960.000) 2022-04-08 13:42:08 Image size of job updated: 774644
	317  -  MemoryUsage of job (MB)
	324244  -  ResidentSetSize of job (KB)
...
006 (454.960.000) 2022-04-08 13:47:08 Image size of job updated: 774644
	317  -  MemoryUsage of job (MB)
	324376  -  ResidentSetSize of job (KB)
...
006 (454.960.000) 2022-04-08 13:52:09 Image size of job updated: 774900
	317  -  MemoryUsage of job (MB)
	324376  -  ResidentSetSize of job (KB)
...
006 (454.960.000) 2022-04-08 13:57:10 Image size of job updated: 774900
	317  -  MemoryUsage of job (MB)
	324508  -  ResidentSetSize of job (KB)
...
006 (454.960.000) 2022-04-08 14:02:10 Image size of job updated: 775156
	318  -  MemoryUsage of job (MB)
	324640  -  ResidentSetSize of job (KB)
...
006 (454.960.000) 2022-04-08 14:07:10 Image size of job updated: 775156
	318  -  MemoryUsage of job (MB)
	324772  -  ResidentSetSize of job (KB)
...
006 (454.960.000) 2022-04-08 14:12:11 Image size of job updated: 775156
	318  -  MemoryUsage of job (MB)
	324904  -  ResidentSetSize of job (KB)
...
006 (454.960.000) 2022-04-08 14:17:11 Image size of job updated: 775412
	318  -  MemoryUsage of job (MB)
	324904  -  ResidentSetSize of job (KB)
...
006 (454.960.000) 2022-04-08 14:22:11 Image size of job updated: 775412
	318  -  MemoryUsage of job (MB)
	325036  -  ResidentSetSize of job (KB)
...
006 (454.960.000) 2022-04-08 14:27:12 Image size of job updated: 775668
	318  -  MemoryUsage of job (MB)
	325168  -  ResidentSetSize of job (KB)
...
006 (454.960.000) 2022-04-08 14:32:13 Image size of job updated: 775668
	318  -  MemoryUsage of job (MB)
	325300  -  ResidentSetSize of job (KB)
...
006 (454.960.000) 2022-04-08 14:37:13 Image size of job updated: 775668
	318  -  MemoryUsage of job (MB)
	325432  -  ResidentSetSize of job (KB)
...
006 (454.960.000) 2022-04-08 14:42:14 Image size of job updated: 775924
	318  -  MemoryUsage of job (MB)
	325564  -  ResidentSetSize of job (KB)
...
006 (454.960.000) 2022-04-08 14:47:15 Image size of job updated: 775924
	319  -  MemoryUsage of job (MB)
	325696  -  ResidentSetSize of job (KB)
...
006 (454.960.000) 2022-04-08 14:52:15 Image size of job updated: 776180
	319  -  MemoryUsage of job (MB)
	325696  -  ResidentSetSize of job (KB)
...
006 (454.960.000) 2022-04-08 14:57:15 Image size of job updated: 776180
	319  -  MemoryUsage of job (MB)
	325828  -  ResidentSetSize of job (KB)
...
006 (454.960.000) 2022-04-08 15:02:16 Image size of job updated: 776436
	319  -  MemoryUsage of job (MB)
	325960  -  ResidentSetSize of job (KB)
...
006 (454.960.000) 2022-04-08 15:07:17 Image size of job updated: 776436
	319  -  MemoryUsage of job (MB)
	326092  -  ResidentSetSize of job (KB)
...
006 (454.960.000) 2022-04-08 15:17:17 Image size of job updated: 776692
	319  -  MemoryUsage of job (MB)
	326224  -  ResidentSetSize of job (KB)
...
006 (454.960.000) 2022-04-08 15:22:18 Image size of job updated: 776692
	319  -  MemoryUsage of job (MB)
	326356  -  ResidentSetSize of job (KB)
...
006 (454.960.000) 2022-04-08 15:27:19 Image size of job updated: 776948
	319  -  MemoryUsage of job (MB)
	326488  -  ResidentSetSize of job (KB)
...
006 (454.960.000) 2022-04-08 15:32:19 Image size of job updated: 776948
	319  -  MemoryUsage of job (MB)
	326620  -  ResidentSetSize of job (KB)
...
006 (454.960.000) 2022-04-08 15:57:22 Image size of job updated: 777204
	320  -  MemoryUsage of job (MB)
	326748  -  ResidentSetSize of job (KB)
...
006 (454.960.000) 2022-04-08 16:02:23 Image size of job updated: 777204
	320  -  MemoryUsage of job (MB)
	326880  -  ResidentSetSize of job (KB)
...
006 (454.960.000) 2022-04-08 16:07:23 Image size of job updated: 777460
	320  -  MemoryUsage of job (MB)
	327012  -  ResidentSetSize of job (KB)
...
006 (454.960.000) 2022-04-08 16:12:23 Image size of job updated: 777460
	320  -  MemoryUsage of job (MB)
	327144  -  ResidentSetSize of job (KB)
...
006 (454.960.000) 2022-04-08 16:17:24 Image size of job updated: 777716
	320  -  MemoryUsage of job (MB)
	327276  -  ResidentSetSize of job (KB)
...
006 (454.960.000) 2022-04-08 16:22:25 Image size of job updated: 777716
	320  -  MemoryUsage of job (MB)
	327408  -  ResidentSetSize of job (KB)
...
006 (454.960.000) 2022-04-08 16:27:25 Image size of job updated: 777972
	320  -  MemoryUsage of job (MB)
	327540  -  ResidentSetSize of job (KB)
...
006 (454.960.000) 2022-04-08 16:32:25 Image size of job updated: 777972
	320  -  MemoryUsage of job (MB)
	327672  -  ResidentSetSize of job (KB)
...
006 (454.960.000) 2022-04-08 16:37:26 Image size of job updated: 778228
	321  -  MemoryUsage of job (MB)
	327804  -  ResidentSetSize of job (KB)
...
006 (454.960.000) 2022-04-08 16:42:26 Image size of job updated: 778228
	321  -  MemoryUsage of job (MB)
	327936  -  ResidentSetSize of job (KB)
...
006 (454.960.000) 2022-04-08 16:47:26 Image size of job updated: 778484
	321  -  MemoryUsage of job (MB)
	328068  -  ResidentSetSize of job (KB)
...
006 (454.960.000) 2022-04-08 16:52:26 Image size of job updated: 778484
	321  -  MemoryUsage of job (MB)
	328200  -  ResidentSetSize of job (KB)
...
006 (454.960.000) 2022-04-08 16:57:27 Image size of job updated: 778740
	321  -  MemoryUsage of job (MB)
	328332  -  ResidentSetSize of job (KB)
...
006 (454.960.000) 2022-04-08 17:02:28 Image size of job updated: 778740
	321  -  MemoryUsage of job (MB)
	328464  -  ResidentSetSize of job (KB)
...
006 (454.960.000) 2022-04-08 17:07:28 Image size of job updated: 778996
	321  -  MemoryUsage of job (MB)
	328596  -  ResidentSetSize of job (KB)
...
006 (454.960.000) 2022-04-08 17:12:28 Image size of job updated: 778996
	322  -  MemoryUsage of job (MB)
	328728  -  ResidentSetSize of job (KB)
...
006 (454.960.000) 2022-04-08 17:17:29 Image size of job updated: 779252
	322  -  MemoryUsage of job (MB)
	328860  -  ResidentSetSize of job (KB)
...
006 (454.960.000) 2022-04-08 17:22:29 Image size of job updated: 779252
	322  -  MemoryUsage of job (MB)
	328992  -  ResidentSetSize of job (KB)
...
006 (454.960.000) 2022-04-08 17:27:29 Image size of job updated: 779508
	322  -  MemoryUsage of job (MB)
	329124  -  ResidentSetSize of job (KB)
...
006 (454.960.000) 2022-04-08 17:32:29 Image size of job updated: 779764
	322  -  MemoryUsage of job (MB)
	329256  -  ResidentSetSize of job (KB)
...
005 (454.960.000) 2022-04-08 17:32:58 Job terminated.
	(1) Normal termination (return value 0)
		Usr 0 05:20:09, Sys 0 00:00:14  -  Run Remote Usage
		Usr 0 00:00:00, Sys 0 00:00:00  -  Run Local Usage
		Usr 0 05:20:09, Sys 0 00:00:14  -  Total Remote Usage
		Usr 0 00:00:00, Sys 0 00:00:00  -  Total Local Usage
	0  -  Run Bytes Sent By Job
	0  -  Run Bytes Received By Job
	0  -  Total Bytes Sent By Job
	0  -  Total Bytes Received By Job
	Partitionable Resources :    Usage  Request Allocated 
	   Cpus                 :     1.00        1         1 
	   Disk (KB)            :  7500        7500     11001 
	   Memory (MB)          :   322        1024      1024 

	Job terminated of its own accord at 2022-04-08T15:32:58Z with exit-code 0.
...
