000 (454.713.000) 2022-04-06 16:54:02 Job submitted from host: <10.18.24.243:9618?addrs=10.18.24.243-9618&alias=ecoclusts01.bioclust.biologie.ens.fr&noUDP&sock=schedd_1052_29b8>
...
001 (454.713.000) 2022-04-08 05:40:08 Job executing on host: <10.18.24.177:9618?addrs=10.18.24.177-9618&alias=mcbsclust06.bioclust.biologie.ens.fr&noUDP&sock=startd_945_c516>
...
006 (454.713.000) 2022-04-08 05:40:17 Image size of job updated: 438344
	429  -  MemoryUsage of job (MB)
	438344  -  ResidentSetSize of job (KB)
...
006 (454.713.000) 2022-04-08 05:45:18 Image size of job updated: 741876
	429  -  MemoryUsage of job (MB)
	438344  -  ResidentSetSize of job (KB)
...
006 (454.713.000) 2022-04-08 05:50:19 Image size of job updated: 774644
	429  -  MemoryUsage of job (MB)
	438344  -  ResidentSetSize of job (KB)
...
006 (454.713.000) 2022-04-08 07:15:29 Image size of job updated: 774900
	429  -  MemoryUsage of job (MB)
	438344  -  ResidentSetSize of job (KB)
...
006 (454.713.000) 2022-04-08 07:30:30 Image size of job updated: 775156
	429  -  MemoryUsage of job (MB)
	438344  -  ResidentSetSize of job (KB)
...
006 (454.713.000) 2022-04-08 07:50:33 Image size of job updated: 775412
	429  -  MemoryUsage of job (MB)
	438344  -  ResidentSetSize of job (KB)
...
006 (454.713.000) 2022-04-08 08:00:33 Image size of job updated: 775668
	429  -  MemoryUsage of job (MB)
	438344  -  ResidentSetSize of job (KB)
...
006 (454.713.000) 2022-04-08 08:10:35 Image size of job updated: 775924
	429  -  MemoryUsage of job (MB)
	438344  -  ResidentSetSize of job (KB)
...
006 (454.713.000) 2022-04-08 08:25:37 Image size of job updated: 776180
	429  -  MemoryUsage of job (MB)
	438344  -  ResidentSetSize of job (KB)
...
006 (454.713.000) 2022-04-08 08:35:37 Image size of job updated: 776436
	429  -  MemoryUsage of job (MB)
	438344  -  ResidentSetSize of job (KB)
...
006 (454.713.000) 2022-04-08 08:50:38 Image size of job updated: 776692
	429  -  MemoryUsage of job (MB)
	438344  -  ResidentSetSize of job (KB)
...
006 (454.713.000) 2022-04-08 09:00:40 Image size of job updated: 776948
	429  -  MemoryUsage of job (MB)
	438344  -  ResidentSetSize of job (KB)
...
006 (454.713.000) 2022-04-08 09:30:42 Image size of job updated: 777204
	429  -  MemoryUsage of job (MB)
	438344  -  ResidentSetSize of job (KB)
...
006 (454.713.000) 2022-04-08 09:40:43 Image size of job updated: 777460
	429  -  MemoryUsage of job (MB)
	438344  -  ResidentSetSize of job (KB)
...
006 (454.713.000) 2022-04-08 09:55:44 Image size of job updated: 777716
	429  -  MemoryUsage of job (MB)
	438344  -  ResidentSetSize of job (KB)
...
006 (454.713.000) 2022-04-08 10:10:46 Image size of job updated: 777972
	429  -  MemoryUsage of job (MB)
	438344  -  ResidentSetSize of job (KB)
...
006 (454.713.000) 2022-04-08 10:20:47 Image size of job updated: 778228
	429  -  MemoryUsage of job (MB)
	438344  -  ResidentSetSize of job (KB)
...
006 (454.713.000) 2022-04-08 10:35:48 Image size of job updated: 778484
	429  -  MemoryUsage of job (MB)
	438344  -  ResidentSetSize of job (KB)
...
006 (454.713.000) 2022-04-08 10:50:50 Image size of job updated: 778740
	429  -  MemoryUsage of job (MB)
	438344  -  ResidentSetSize of job (KB)
...
006 (454.713.000) 2022-04-08 11:00:51 Image size of job updated: 778996
	429  -  MemoryUsage of job (MB)
	438344  -  ResidentSetSize of job (KB)
...
006 (454.713.000) 2022-04-08 11:15:52 Image size of job updated: 779252
	429  -  MemoryUsage of job (MB)
	438344  -  ResidentSetSize of job (KB)
...
006 (454.713.000) 2022-04-08 11:30:53 Image size of job updated: 779508
	429  -  MemoryUsage of job (MB)
	438344  -  ResidentSetSize of job (KB)
...
006 (454.713.000) 2022-04-08 11:40:55 Image size of job updated: 779764
	429  -  MemoryUsage of job (MB)
	438344  -  ResidentSetSize of job (KB)
...
005 (454.713.000) 2022-04-08 11:42:04 Job terminated.
	(1) Normal termination (return value 0)
		Usr 0 06:01:00, Sys 0 00:00:13  -  Run Remote Usage
		Usr 0 00:00:00, Sys 0 00:00:00  -  Run Local Usage
		Usr 0 06:01:00, Sys 0 00:00:13  -  Total Remote Usage
		Usr 0 00:00:00, Sys 0 00:00:00  -  Total Local Usage
	0  -  Run Bytes Sent By Job
	0  -  Run Bytes Received By Job
	0  -  Total Bytes Sent By Job
	0  -  Total Bytes Received By Job
	Partitionable Resources :    Usage  Request Allocated 
	   Cpus                 :     1.00        1         1 
	   Disk (KB)            :  7500        7500     10998 
	   Memory (MB)          :   429        1024      1024 

	Job terminated of its own accord at 2022-04-08T09:42:04Z with exit-code 0.
...
