000 (454.358.000) 2022-04-06 16:54:00 Job submitted from host: <10.18.24.243:9618?addrs=10.18.24.243-9618&alias=ecoclusts01.bioclust.biologie.ens.fr&noUDP&sock=schedd_1052_29b8>
...
001 (454.358.000) 2022-04-07 19:05:16 Job executing on host: <10.18.24.141:9618?addrs=10.18.24.141-9618&alias=dyoclust14.bioclust.biologie.ens.fr&noUDP&sock=startd_801_ff73>
...
006 (454.358.000) 2022-04-07 19:05:25 Image size of job updated: 134656
	132  -  MemoryUsage of job (MB)
	134656  -  ResidentSetSize of job (KB)
...
006 (454.358.000) 2022-04-07 19:10:25 Image size of job updated: 772036
	287  -  MemoryUsage of job (MB)
	293012  -  ResidentSetSize of job (KB)
...
006 (454.358.000) 2022-04-07 19:15:26 Image size of job updated: 774648
	317  -  MemoryUsage of job (MB)
	324392  -  ResidentSetSize of job (KB)
...
006 (454.358.000) 2022-04-07 20:05:31 Image size of job updated: 774904
	317  -  MemoryUsage of job (MB)
	324392  -  ResidentSetSize of job (KB)
...
006 (454.358.000) 2022-04-07 20:10:32 Image size of job updated: 774904
	317  -  MemoryUsage of job (MB)
	324524  -  ResidentSetSize of job (KB)
...
006 (454.358.000) 2022-04-07 20:15:32 Image size of job updated: 775160
	318  -  MemoryUsage of job (MB)
	324656  -  ResidentSetSize of job (KB)
...
006 (454.358.000) 2022-04-07 20:20:32 Image size of job updated: 775160
	318  -  MemoryUsage of job (MB)
	324920  -  ResidentSetSize of job (KB)
...
006 (454.358.000) 2022-04-07 20:25:33 Image size of job updated: 775416
	318  -  MemoryUsage of job (MB)
	325052  -  ResidentSetSize of job (KB)
...
006 (454.358.000) 2022-04-07 20:30:34 Image size of job updated: 775672
	318  -  MemoryUsage of job (MB)
	325316  -  ResidentSetSize of job (KB)
...
006 (454.358.000) 2022-04-07 20:35:34 Image size of job updated: 775928
	318  -  MemoryUsage of job (MB)
	325448  -  ResidentSetSize of job (KB)
...
006 (454.358.000) 2022-04-07 20:40:34 Image size of job updated: 776184
	319  -  MemoryUsage of job (MB)
	325712  -  ResidentSetSize of job (KB)
...
006 (454.358.000) 2022-04-07 20:45:35 Image size of job updated: 776184
	319  -  MemoryUsage of job (MB)
	325844  -  ResidentSetSize of job (KB)
...
006 (454.358.000) 2022-04-07 20:50:35 Image size of job updated: 776440
	319  -  MemoryUsage of job (MB)
	326108  -  ResidentSetSize of job (KB)
...
006 (454.358.000) 2022-04-07 20:55:35 Image size of job updated: 776696
	319  -  MemoryUsage of job (MB)
	326240  -  ResidentSetSize of job (KB)
...
006 (454.358.000) 2022-04-07 21:00:36 Image size of job updated: 776952
	319  -  MemoryUsage of job (MB)
	326372  -  ResidentSetSize of job (KB)
...
006 (454.358.000) 2022-04-07 21:05:37 Image size of job updated: 776952
	319  -  MemoryUsage of job (MB)
	326468  -  ResidentSetSize of job (KB)
...
006 (454.358.000) 2022-04-07 21:15:38 Image size of job updated: 776952
	319  -  MemoryUsage of job (MB)
	326600  -  ResidentSetSize of job (KB)
...
006 (454.358.000) 2022-04-07 21:20:39 Image size of job updated: 777208
	320  -  MemoryUsage of job (MB)
	326864  -  ResidentSetSize of job (KB)
...
006 (454.358.000) 2022-04-07 21:25:39 Image size of job updated: 777464
	320  -  MemoryUsage of job (MB)
	326996  -  ResidentSetSize of job (KB)
...
006 (454.358.000) 2022-04-07 21:30:39 Image size of job updated: 777720
	320  -  MemoryUsage of job (MB)
	327260  -  ResidentSetSize of job (KB)
...
006 (454.358.000) 2022-04-07 21:35:41 Image size of job updated: 777720
	320  -  MemoryUsage of job (MB)
	327392  -  ResidentSetSize of job (KB)
...
006 (454.358.000) 2022-04-07 21:40:41 Image size of job updated: 777976
	320  -  MemoryUsage of job (MB)
	327656  -  ResidentSetSize of job (KB)
...
006 (454.358.000) 2022-04-07 21:45:41 Image size of job updated: 778232
	321  -  MemoryUsage of job (MB)
	327788  -  ResidentSetSize of job (KB)
...
006 (454.358.000) 2022-04-07 21:50:42 Image size of job updated: 778488
	321  -  MemoryUsage of job (MB)
	328052  -  ResidentSetSize of job (KB)
...
006 (454.358.000) 2022-04-07 21:55:43 Image size of job updated: 778488
	321  -  MemoryUsage of job (MB)
	328184  -  ResidentSetSize of job (KB)
...
006 (454.358.000) 2022-04-07 22:00:43 Image size of job updated: 778744
	321  -  MemoryUsage of job (MB)
	328448  -  ResidentSetSize of job (KB)
...
006 (454.358.000) 2022-04-07 22:05:43 Image size of job updated: 779000
	321  -  MemoryUsage of job (MB)
	328580  -  ResidentSetSize of job (KB)
...
006 (454.358.000) 2022-04-07 22:10:44 Image size of job updated: 779256
	322  -  MemoryUsage of job (MB)
	328844  -  ResidentSetSize of job (KB)
...
006 (454.358.000) 2022-04-07 22:15:45 Image size of job updated: 779256
	322  -  MemoryUsage of job (MB)
	328976  -  ResidentSetSize of job (KB)
...
006 (454.358.000) 2022-04-07 22:20:45 Image size of job updated: 779512
	322  -  MemoryUsage of job (MB)
	329108  -  ResidentSetSize of job (KB)
...
006 (454.358.000) 2022-04-07 22:24:06 Image size of job updated: 779768
	322  -  MemoryUsage of job (MB)
	329108  -  ResidentSetSize of job (KB)
...
005 (454.358.000) 2022-04-07 22:24:06 Job terminated.
	(1) Normal termination (return value 0)
		Usr 0 03:17:18, Sys 0 00:00:24  -  Run Remote Usage
		Usr 0 00:00:00, Sys 0 00:00:00  -  Run Local Usage
		Usr 0 03:17:18, Sys 0 00:00:24  -  Total Remote Usage
		Usr 0 00:00:00, Sys 0 00:00:00  -  Total Local Usage
	0  -  Run Bytes Sent By Job
	0  -  Run Bytes Received By Job
	0  -  Total Bytes Sent By Job
	0  -  Total Bytes Received By Job
	Partitionable Resources :    Usage  Request Allocated 
	   Cpus                 :     1.00        1         1 
	   Disk (KB)            :  7500        7500     10998 
	   Memory (MB)          :   322        1024      1024 

	Job terminated of its own accord at 2022-04-07T20:24:06Z with exit-code 0.
...
