000 (454.610.000) 2022-04-06 16:54:01 Job submitted from host: <10.18.24.243:9618?addrs=10.18.24.243-9618&alias=ecoclusts01.bioclust.biologie.ens.fr&noUDP&sock=schedd_1052_29b8>
...
001 (454.610.000) 2022-04-08 02:43:03 Job executing on host: <10.18.24.178:9618?addrs=10.18.24.178-9618&alias=mcbsclust07.bioclust.biologie.ens.fr&noUDP&sock=startd_912_2276>
...
006 (454.610.000) 2022-04-08 02:43:12 Image size of job updated: 212640
	208  -  MemoryUsage of job (MB)
	212640  -  ResidentSetSize of job (KB)
...
006 (454.610.000) 2022-04-08 02:48:12 Image size of job updated: 741620
	317  -  MemoryUsage of job (MB)
	324072  -  ResidentSetSize of job (KB)
...
006 (454.610.000) 2022-04-08 02:53:12 Image size of job updated: 774388
	317  -  MemoryUsage of job (MB)
	324160  -  ResidentSetSize of job (KB)
...
006 (454.610.000) 2022-04-08 04:13:20 Image size of job updated: 774644
	317  -  MemoryUsage of job (MB)
	324160  -  ResidentSetSize of job (KB)
...
006 (454.610.000) 2022-04-08 04:23:20 Image size of job updated: 774644
	317  -  MemoryUsage of job (MB)
	324292  -  ResidentSetSize of job (KB)
...
006 (454.610.000) 2022-04-08 04:28:21 Image size of job updated: 774644
	317  -  MemoryUsage of job (MB)
	324424  -  ResidentSetSize of job (KB)
...
006 (454.610.000) 2022-04-08 04:33:21 Image size of job updated: 774900
	317  -  MemoryUsage of job (MB)
	324424  -  ResidentSetSize of job (KB)
...
006 (454.610.000) 2022-04-08 04:38:21 Image size of job updated: 774900
	317  -  MemoryUsage of job (MB)
	324556  -  ResidentSetSize of job (KB)
...
006 (454.610.000) 2022-04-08 04:48:23 Image size of job updated: 775156
	318  -  MemoryUsage of job (MB)
	324688  -  ResidentSetSize of job (KB)
...
006 (454.610.000) 2022-04-08 04:53:23 Image size of job updated: 775156
	318  -  MemoryUsage of job (MB)
	324820  -  ResidentSetSize of job (KB)
...
006 (454.610.000) 2022-04-08 04:58:23 Image size of job updated: 775412
	318  -  MemoryUsage of job (MB)
	324952  -  ResidentSetSize of job (KB)
...
006 (454.610.000) 2022-04-08 05:03:24 Image size of job updated: 775412
	318  -  MemoryUsage of job (MB)
	325084  -  ResidentSetSize of job (KB)
...
006 (454.610.000) 2022-04-08 05:13:24 Image size of job updated: 775668
	318  -  MemoryUsage of job (MB)
	325216  -  ResidentSetSize of job (KB)
...
006 (454.610.000) 2022-04-08 05:18:25 Image size of job updated: 775668
	318  -  MemoryUsage of job (MB)
	325348  -  ResidentSetSize of job (KB)
...
006 (454.610.000) 2022-04-08 05:23:26 Image size of job updated: 775924
	318  -  MemoryUsage of job (MB)
	325480  -  ResidentSetSize of job (KB)
...
006 (454.610.000) 2022-04-08 05:28:26 Image size of job updated: 775924
	318  -  MemoryUsage of job (MB)
	325612  -  ResidentSetSize of job (KB)
...
006 (454.610.000) 2022-04-08 05:33:26 Image size of job updated: 776180
	319  -  MemoryUsage of job (MB)
	325744  -  ResidentSetSize of job (KB)
...
006 (454.610.000) 2022-04-08 05:38:27 Image size of job updated: 776180
	319  -  MemoryUsage of job (MB)
	325876  -  ResidentSetSize of job (KB)
...
006 (454.610.000) 2022-04-08 05:43:27 Image size of job updated: 776180
	319  -  MemoryUsage of job (MB)
	326008  -  ResidentSetSize of job (KB)
...
006 (454.610.000) 2022-04-08 05:48:27 Image size of job updated: 776436
	319  -  MemoryUsage of job (MB)
	326008  -  ResidentSetSize of job (KB)
...
006 (454.610.000) 2022-04-08 05:53:28 Image size of job updated: 776436
	319  -  MemoryUsage of job (MB)
	326140  -  ResidentSetSize of job (KB)
...
006 (454.610.000) 2022-04-08 05:58:29 Image size of job updated: 776692
	319  -  MemoryUsage of job (MB)
	326272  -  ResidentSetSize of job (KB)
...
006 (454.610.000) 2022-04-08 06:03:29 Image size of job updated: 776692
	319  -  MemoryUsage of job (MB)
	326404  -  ResidentSetSize of job (KB)
...
006 (454.610.000) 2022-04-08 06:08:29 Image size of job updated: 776948
	319  -  MemoryUsage of job (MB)
	326536  -  ResidentSetSize of job (KB)
...
006 (454.610.000) 2022-04-08 06:13:30 Image size of job updated: 776948
	320  -  MemoryUsage of job (MB)
	326668  -  ResidentSetSize of job (KB)
...
006 (454.610.000) 2022-04-08 06:33:32 Image size of job updated: 777204
	320  -  MemoryUsage of job (MB)
	326752  -  ResidentSetSize of job (KB)
...
006 (454.610.000) 2022-04-08 06:38:32 Image size of job updated: 777204
	320  -  MemoryUsage of job (MB)
	326884  -  ResidentSetSize of job (KB)
...
006 (454.610.000) 2022-04-08 06:48:34 Image size of job updated: 777460
	320  -  MemoryUsage of job (MB)
	327016  -  ResidentSetSize of job (KB)
...
006 (454.610.000) 2022-04-08 06:53:34 Image size of job updated: 777460
	320  -  MemoryUsage of job (MB)
	327148  -  ResidentSetSize of job (KB)
...
006 (454.610.000) 2022-04-08 06:58:34 Image size of job updated: 777716
	320  -  MemoryUsage of job (MB)
	327280  -  ResidentSetSize of job (KB)
...
006 (454.610.000) 2022-04-08 07:08:36 Image size of job updated: 777716
	320  -  MemoryUsage of job (MB)
	327412  -  ResidentSetSize of job (KB)
...
006 (454.610.000) 2022-04-08 07:13:36 Image size of job updated: 777972
	320  -  MemoryUsage of job (MB)
	327544  -  ResidentSetSize of job (KB)
...
006 (454.610.000) 2022-04-08 07:18:37 Image size of job updated: 777972
	320  -  MemoryUsage of job (MB)
	327676  -  ResidentSetSize of job (KB)
...
006 (454.610.000) 2022-04-08 07:23:38 Image size of job updated: 778228
	320  -  MemoryUsage of job (MB)
	327676  -  ResidentSetSize of job (KB)
...
006 (454.610.000) 2022-04-08 07:28:38 Image size of job updated: 778228
	321  -  MemoryUsage of job (MB)
	327808  -  ResidentSetSize of job (KB)
...
006 (454.610.000) 2022-04-08 07:33:38 Image size of job updated: 778228
	321  -  MemoryUsage of job (MB)
	327940  -  ResidentSetSize of job (KB)
...
006 (454.610.000) 2022-04-08 07:38:39 Image size of job updated: 778484
	321  -  MemoryUsage of job (MB)
	328072  -  ResidentSetSize of job (KB)
...
006 (454.610.000) 2022-04-08 07:43:39 Image size of job updated: 778484
	321  -  MemoryUsage of job (MB)
	328204  -  ResidentSetSize of job (KB)
...
006 (454.610.000) 2022-04-08 07:48:39 Image size of job updated: 778740
	321  -  MemoryUsage of job (MB)
	328204  -  ResidentSetSize of job (KB)
...
006 (454.610.000) 2022-04-08 07:53:40 Image size of job updated: 778740
	321  -  MemoryUsage of job (MB)
	328336  -  ResidentSetSize of job (KB)
...
006 (454.610.000) 2022-04-08 07:58:41 Image size of job updated: 778740
	321  -  MemoryUsage of job (MB)
	328468  -  ResidentSetSize of job (KB)
...
006 (454.610.000) 2022-04-08 08:03:41 Image size of job updated: 778996
	321  -  MemoryUsage of job (MB)
	328600  -  ResidentSetSize of job (KB)
...
006 (454.610.000) 2022-04-08 08:13:42 Image size of job updated: 779252
	322  -  MemoryUsage of job (MB)
	328732  -  ResidentSetSize of job (KB)
...
006 (454.610.000) 2022-04-08 08:18:42 Image size of job updated: 779252
	322  -  MemoryUsage of job (MB)
	328864  -  ResidentSetSize of job (KB)
...
006 (454.610.000) 2022-04-08 08:23:42 Image size of job updated: 779252
	322  -  MemoryUsage of job (MB)
	328996  -  ResidentSetSize of job (KB)
...
006 (454.610.000) 2022-04-08 08:28:43 Image size of job updated: 779508
	322  -  MemoryUsage of job (MB)
	328996  -  ResidentSetSize of job (KB)
...
006 (454.610.000) 2022-04-08 08:33:44 Image size of job updated: 779508
	322  -  MemoryUsage of job (MB)
	329128  -  ResidentSetSize of job (KB)
...
006 (454.610.000) 2022-04-08 08:38:44 Image size of job updated: 779764
	322  -  MemoryUsage of job (MB)
	329260  -  ResidentSetSize of job (KB)
...
005 (454.610.000) 2022-04-08 08:40:09 Job terminated.
	(1) Normal termination (return value 0)
		Usr 0 05:55:51, Sys 0 00:00:22  -  Run Remote Usage
		Usr 0 00:00:00, Sys 0 00:00:00  -  Run Local Usage
		Usr 0 05:55:51, Sys 0 00:00:22  -  Total Remote Usage
		Usr 0 00:00:00, Sys 0 00:00:00  -  Total Local Usage
	0  -  Run Bytes Sent By Job
	0  -  Run Bytes Received By Job
	0  -  Total Bytes Sent By Job
	0  -  Total Bytes Received By Job
	Partitionable Resources :    Usage  Request Allocated 
	   Cpus                 :     1.00        1         1 
	   Disk (KB)            :  7500        7500     11001 
	   Memory (MB)          :   322        1024      1024 

	Job terminated of its own accord at 2022-04-08T06:40:09Z with exit-code 0.
...
