000 (454.474.000) 2022-04-06 16:54:01 Job submitted from host: <10.18.24.243:9618?addrs=10.18.24.243-9618&alias=ecoclusts01.bioclust.biologie.ens.fr&noUDP&sock=schedd_1052_29b8>
...
001 (454.474.000) 2022-04-07 22:42:58 Job executing on host: <10.18.24.140:9618?addrs=10.18.24.140-9618&alias=dyoclust13.bioclust.biologie.ens.fr&noUDP&sock=startd_813_3a96>
...
006 (454.474.000) 2022-04-07 22:43:08 Image size of job updated: 108220
	39  -  MemoryUsage of job (MB)
	39280  -  ResidentSetSize of job (KB)
...
006 (454.474.000) 2022-04-07 22:48:08 Image size of job updated: 751564
	317  -  MemoryUsage of job (MB)
	324388  -  ResidentSetSize of job (KB)
...
006 (454.474.000) 2022-04-07 22:58:09 Image size of job updated: 774648
	317  -  MemoryUsage of job (MB)
	324388  -  ResidentSetSize of job (KB)
...
006 (454.474.000) 2022-04-07 23:43:14 Image size of job updated: 774904
	317  -  MemoryUsage of job (MB)
	324388  -  ResidentSetSize of job (KB)
...
006 (454.474.000) 2022-04-07 23:48:14 Image size of job updated: 774904
	318  -  MemoryUsage of job (MB)
	324652  -  ResidentSetSize of job (KB)
...
006 (454.474.000) 2022-04-07 23:53:14 Image size of job updated: 775160
	318  -  MemoryUsage of job (MB)
	324784  -  ResidentSetSize of job (KB)
...
006 (454.474.000) 2022-04-07 23:58:15 Image size of job updated: 775416
	318  -  MemoryUsage of job (MB)
	324916  -  ResidentSetSize of job (KB)
...
006 (454.474.000) 2022-04-08 00:03:16 Image size of job updated: 775416
	318  -  MemoryUsage of job (MB)
	325180  -  ResidentSetSize of job (KB)
...
006 (454.474.000) 2022-04-08 00:08:16 Image size of job updated: 775672
	318  -  MemoryUsage of job (MB)
	325312  -  ResidentSetSize of job (KB)
...
006 (454.474.000) 2022-04-08 00:13:17 Image size of job updated: 775928
	318  -  MemoryUsage of job (MB)
	325576  -  ResidentSetSize of job (KB)
...
006 (454.474.000) 2022-04-08 00:18:18 Image size of job updated: 776184
	319  -  MemoryUsage of job (MB)
	325708  -  ResidentSetSize of job (KB)
...
006 (454.474.000) 2022-04-08 00:23:18 Image size of job updated: 776184
	319  -  MemoryUsage of job (MB)
	325972  -  ResidentSetSize of job (KB)
...
006 (454.474.000) 2022-04-08 00:28:19 Image size of job updated: 776440
	319  -  MemoryUsage of job (MB)
	326104  -  ResidentSetSize of job (KB)
...
006 (454.474.000) 2022-04-08 00:33:19 Image size of job updated: 776696
	319  -  MemoryUsage of job (MB)
	326236  -  ResidentSetSize of job (KB)
...
006 (454.474.000) 2022-04-08 00:38:19 Image size of job updated: 776952
	319  -  MemoryUsage of job (MB)
	326500  -  ResidentSetSize of job (KB)
...
006 (454.474.000) 2022-04-08 00:53:21 Image size of job updated: 777208
	320  -  MemoryUsage of job (MB)
	326756  -  ResidentSetSize of job (KB)
...
006 (454.474.000) 2022-04-08 00:58:22 Image size of job updated: 777208
	320  -  MemoryUsage of job (MB)
	326888  -  ResidentSetSize of job (KB)
...
006 (454.474.000) 2022-04-08 01:03:22 Image size of job updated: 777464
	320  -  MemoryUsage of job (MB)
	327020  -  ResidentSetSize of job (KB)
...
006 (454.474.000) 2022-04-08 01:08:23 Image size of job updated: 777464
	320  -  MemoryUsage of job (MB)
	327152  -  ResidentSetSize of job (KB)
...
006 (454.474.000) 2022-04-08 01:13:24 Image size of job updated: 777720
	320  -  MemoryUsage of job (MB)
	327416  -  ResidentSetSize of job (KB)
...
006 (454.474.000) 2022-04-08 01:18:24 Image size of job updated: 777976
	320  -  MemoryUsage of job (MB)
	327548  -  ResidentSetSize of job (KB)
...
006 (454.474.000) 2022-04-08 01:23:24 Image size of job updated: 778232
	320  -  MemoryUsage of job (MB)
	327680  -  ResidentSetSize of job (KB)
...
006 (454.474.000) 2022-04-08 01:28:25 Image size of job updated: 778232
	321  -  MemoryUsage of job (MB)
	327944  -  ResidentSetSize of job (KB)
...
006 (454.474.000) 2022-04-08 01:33:25 Image size of job updated: 778488
	321  -  MemoryUsage of job (MB)
	328076  -  ResidentSetSize of job (KB)
...
006 (454.474.000) 2022-04-08 01:38:25 Image size of job updated: 778744
	321  -  MemoryUsage of job (MB)
	328340  -  ResidentSetSize of job (KB)
...
006 (454.474.000) 2022-04-08 01:43:26 Image size of job updated: 778744
	321  -  MemoryUsage of job (MB)
	328472  -  ResidentSetSize of job (KB)
...
006 (454.474.000) 2022-04-08 01:48:26 Image size of job updated: 779000
	321  -  MemoryUsage of job (MB)
	328604  -  ResidentSetSize of job (KB)
...
006 (454.474.000) 2022-04-08 01:53:27 Image size of job updated: 779256
	322  -  MemoryUsage of job (MB)
	328868  -  ResidentSetSize of job (KB)
...
006 (454.474.000) 2022-04-08 01:58:27 Image size of job updated: 779512
	322  -  MemoryUsage of job (MB)
	329000  -  ResidentSetSize of job (KB)
...
006 (454.474.000) 2022-04-08 02:03:27 Image size of job updated: 779512
	322  -  MemoryUsage of job (MB)
	329264  -  ResidentSetSize of job (KB)
...
006 (454.474.000) 2022-04-08 02:06:17 Image size of job updated: 779768
	322  -  MemoryUsage of job (MB)
	329264  -  ResidentSetSize of job (KB)
...
005 (454.474.000) 2022-04-08 02:06:17 Job terminated.
	(1) Normal termination (return value 0)
		Usr 0 03:19:33, Sys 0 00:01:27  -  Run Remote Usage
		Usr 0 00:00:00, Sys 0 00:00:00  -  Run Local Usage
		Usr 0 03:19:33, Sys 0 00:01:27  -  Total Remote Usage
		Usr 0 00:00:00, Sys 0 00:00:00  -  Total Local Usage
	0  -  Run Bytes Sent By Job
	0  -  Run Bytes Received By Job
	0  -  Total Bytes Sent By Job
	0  -  Total Bytes Received By Job
	Partitionable Resources :    Usage  Request Allocated 
	   Cpus                 :     1.00        1         1 
	   Disk (KB)            :  7500        7500     10064 
	   Memory (MB)          :   322        1024      1024 

	Job terminated of its own accord at 2022-04-08T00:06:17Z with exit-code 0.
...
