000 (454.926.000) 2022-04-06 16:54:03 Job submitted from host: <10.18.24.243:9618?addrs=10.18.24.243-9618&alias=ecoclusts01.bioclust.biologie.ens.fr&noUDP&sock=schedd_1052_29b8>
...
001 (454.926.000) 2022-04-08 11:28:08 Job executing on host: <10.18.24.134:9618?addrs=10.18.24.134-9618&alias=dyoclust07.bioclust.biologie.ens.fr&noUDP&sock=startd_808_cc9c>
...
006 (454.926.000) 2022-04-08 11:28:18 Image size of job updated: 230160
	185  -  MemoryUsage of job (MB)
	188660  -  ResidentSetSize of job (KB)
...
006 (454.926.000) 2022-04-08 11:33:18 Image size of job updated: 741620
	277  -  MemoryUsage of job (MB)
	283176  -  ResidentSetSize of job (KB)
...
006 (454.926.000) 2022-04-08 11:38:18 Image size of job updated: 774388
	317  -  MemoryUsage of job (MB)
	324136  -  ResidentSetSize of job (KB)
...
006 (454.926.000) 2022-04-08 12:23:24 Image size of job updated: 774644
	317  -  MemoryUsage of job (MB)
	324268  -  ResidentSetSize of job (KB)
...
006 (454.926.000) 2022-04-08 12:28:24 Image size of job updated: 774900
	317  -  MemoryUsage of job (MB)
	324400  -  ResidentSetSize of job (KB)
...
006 (454.926.000) 2022-04-08 12:33:24 Image size of job updated: 775156
	318  -  MemoryUsage of job (MB)
	324664  -  ResidentSetSize of job (KB)
...
006 (454.926.000) 2022-04-08 12:38:25 Image size of job updated: 775156
	318  -  MemoryUsage of job (MB)
	324796  -  ResidentSetSize of job (KB)
...
006 (454.926.000) 2022-04-08 12:43:26 Image size of job updated: 775412
	318  -  MemoryUsage of job (MB)
	324928  -  ResidentSetSize of job (KB)
...
006 (454.926.000) 2022-04-08 12:48:26 Image size of job updated: 775668
	318  -  MemoryUsage of job (MB)
	325192  -  ResidentSetSize of job (KB)
...
006 (454.926.000) 2022-04-08 12:53:26 Image size of job updated: 775668
	318  -  MemoryUsage of job (MB)
	325324  -  ResidentSetSize of job (KB)
...
006 (454.926.000) 2022-04-08 12:58:27 Image size of job updated: 775924
	318  -  MemoryUsage of job (MB)
	325588  -  ResidentSetSize of job (KB)
...
006 (454.926.000) 2022-04-08 13:03:28 Image size of job updated: 776180
	319  -  MemoryUsage of job (MB)
	325720  -  ResidentSetSize of job (KB)
...
006 (454.926.000) 2022-04-08 13:08:28 Image size of job updated: 776436
	319  -  MemoryUsage of job (MB)
	325984  -  ResidentSetSize of job (KB)
...
006 (454.926.000) 2022-04-08 13:13:28 Image size of job updated: 776692
	319  -  MemoryUsage of job (MB)
	326116  -  ResidentSetSize of job (KB)
...
006 (454.926.000) 2022-04-08 13:18:29 Image size of job updated: 776692
	319  -  MemoryUsage of job (MB)
	326380  -  ResidentSetSize of job (KB)
...
006 (454.926.000) 2022-04-08 13:23:30 Image size of job updated: 776948
	319  -  MemoryUsage of job (MB)
	326512  -  ResidentSetSize of job (KB)
...
006 (454.926.000) 2022-04-08 13:33:30 Image size of job updated: 776948
	319  -  MemoryUsage of job (MB)
	326592  -  ResidentSetSize of job (KB)
...
006 (454.926.000) 2022-04-08 13:38:31 Image size of job updated: 777204
	320  -  MemoryUsage of job (MB)
	326724  -  ResidentSetSize of job (KB)
...
006 (454.926.000) 2022-04-08 13:43:32 Image size of job updated: 777460
	320  -  MemoryUsage of job (MB)
	326988  -  ResidentSetSize of job (KB)
...
006 (454.926.000) 2022-04-08 13:48:32 Image size of job updated: 777460
	320  -  MemoryUsage of job (MB)
	327120  -  ResidentSetSize of job (KB)
...
006 (454.926.000) 2022-04-08 13:53:32 Image size of job updated: 777716
	320  -  MemoryUsage of job (MB)
	327252  -  ResidentSetSize of job (KB)
...
006 (454.926.000) 2022-04-08 13:58:33 Image size of job updated: 777972
	320  -  MemoryUsage of job (MB)
	327516  -  ResidentSetSize of job (KB)
...
006 (454.926.000) 2022-04-08 14:03:34 Image size of job updated: 777972
	320  -  MemoryUsage of job (MB)
	327648  -  ResidentSetSize of job (KB)
...
006 (454.926.000) 2022-04-08 14:08:34 Image size of job updated: 778228
	321  -  MemoryUsage of job (MB)
	327780  -  ResidentSetSize of job (KB)
...
006 (454.926.000) 2022-04-08 14:13:34 Image size of job updated: 778484
	321  -  MemoryUsage of job (MB)
	328044  -  ResidentSetSize of job (KB)
...
006 (454.926.000) 2022-04-08 14:18:35 Image size of job updated: 778484
	321  -  MemoryUsage of job (MB)
	328176  -  ResidentSetSize of job (KB)
...
006 (454.926.000) 2022-04-08 14:23:36 Image size of job updated: 778740
	321  -  MemoryUsage of job (MB)
	328308  -  ResidentSetSize of job (KB)
...
006 (454.926.000) 2022-04-08 14:28:36 Image size of job updated: 778996
	321  -  MemoryUsage of job (MB)
	328572  -  ResidentSetSize of job (KB)
...
006 (454.926.000) 2022-04-08 14:33:36 Image size of job updated: 779252
	321  -  MemoryUsage of job (MB)
	328704  -  ResidentSetSize of job (KB)
...
006 (454.926.000) 2022-04-08 14:38:37 Image size of job updated: 779252
	322  -  MemoryUsage of job (MB)
	328968  -  ResidentSetSize of job (KB)
...
006 (454.926.000) 2022-04-08 14:43:38 Image size of job updated: 779508
	322  -  MemoryUsage of job (MB)
	329100  -  ResidentSetSize of job (KB)
...
006 (454.926.000) 2022-04-08 14:48:04 Image size of job updated: 779764
	322  -  MemoryUsage of job (MB)
	329100  -  ResidentSetSize of job (KB)
...
005 (454.926.000) 2022-04-08 14:48:04 Job terminated.
	(1) Normal termination (return value 0)
		Usr 0 03:19:22, Sys 0 00:00:26  -  Run Remote Usage
		Usr 0 00:00:00, Sys 0 00:00:00  -  Run Local Usage
		Usr 0 03:19:22, Sys 0 00:00:26  -  Total Remote Usage
		Usr 0 00:00:00, Sys 0 00:00:00  -  Total Local Usage
	0  -  Run Bytes Sent By Job
	0  -  Run Bytes Received By Job
	0  -  Total Bytes Sent By Job
	0  -  Total Bytes Received By Job
	Partitionable Resources :    Usage  Request Allocated 
	   Cpus                 :     1.00        1         1 
	   Disk (KB)            :  7500        7500     10998 
	   Memory (MB)          :   322        1024      1024 

	Job terminated of its own accord at 2022-04-08T12:48:04Z with exit-code 0.
...
