000 (454.063.000) 2022-04-06 16:53:59 Job submitted from host: <10.18.24.243:9618?addrs=10.18.24.243-9618&alias=ecoclusts01.bioclust.biologie.ens.fr&noUDP&sock=schedd_1052_29b8>
...
001 (454.063.000) 2022-04-07 04:53:29 Job executing on host: <10.18.24.133:9618?addrs=10.18.24.133-9618&alias=dyoclust06.bioclust.biologie.ens.fr&noUDP&sock=startd_804_0e3b>
...
006 (454.063.000) 2022-04-07 04:53:39 Image size of job updated: 213236
	65  -  MemoryUsage of job (MB)
	65544  -  ResidentSetSize of job (KB)
...
006 (454.063.000) 2022-04-07 04:58:40 Image size of job updated: 821172
	316  -  MemoryUsage of job (MB)
	323484  -  ResidentSetSize of job (KB)
...
006 (454.063.000) 2022-04-07 05:03:40 Image size of job updated: 821172
	317  -  MemoryUsage of job (MB)
	324036  -  ResidentSetSize of job (KB)
...
006 (454.063.000) 2022-04-07 05:53:46 Image size of job updated: 821172
	317  -  MemoryUsage of job (MB)
	324168  -  ResidentSetSize of job (KB)
...
006 (454.063.000) 2022-04-07 05:58:46 Image size of job updated: 821172
	317  -  MemoryUsage of job (MB)
	324432  -  ResidentSetSize of job (KB)
...
006 (454.063.000) 2022-04-07 06:08:47 Image size of job updated: 821172
	317  -  MemoryUsage of job (MB)
	324564  -  ResidentSetSize of job (KB)
...
006 (454.063.000) 2022-04-07 06:13:47 Image size of job updated: 821172
	318  -  MemoryUsage of job (MB)
	324696  -  ResidentSetSize of job (KB)
...
006 (454.063.000) 2022-04-07 06:18:48 Image size of job updated: 821172
	318  -  MemoryUsage of job (MB)
	324828  -  ResidentSetSize of job (KB)
...
006 (454.063.000) 2022-04-07 06:23:49 Image size of job updated: 821172
	318  -  MemoryUsage of job (MB)
	324960  -  ResidentSetSize of job (KB)
...
006 (454.063.000) 2022-04-07 06:28:49 Image size of job updated: 821172
	318  -  MemoryUsage of job (MB)
	325092  -  ResidentSetSize of job (KB)
...
006 (454.063.000) 2022-04-07 06:33:49 Image size of job updated: 821172
	318  -  MemoryUsage of job (MB)
	325224  -  ResidentSetSize of job (KB)
...
006 (454.063.000) 2022-04-07 06:38:50 Image size of job updated: 821172
	318  -  MemoryUsage of job (MB)
	325356  -  ResidentSetSize of job (KB)
...
006 (454.063.000) 2022-04-07 06:43:50 Image size of job updated: 821172
	318  -  MemoryUsage of job (MB)
	325488  -  ResidentSetSize of job (KB)
...
006 (454.063.000) 2022-04-07 06:48:50 Image size of job updated: 821172
	318  -  MemoryUsage of job (MB)
	325620  -  ResidentSetSize of job (KB)
...
006 (454.063.000) 2022-04-07 06:53:51 Image size of job updated: 821172
	319  -  MemoryUsage of job (MB)
	325752  -  ResidentSetSize of job (KB)
...
006 (454.063.000) 2022-04-07 06:58:52 Image size of job updated: 821172
	319  -  MemoryUsage of job (MB)
	325884  -  ResidentSetSize of job (KB)
...
006 (454.063.000) 2022-04-07 07:03:52 Image size of job updated: 821172
	319  -  MemoryUsage of job (MB)
	326016  -  ResidentSetSize of job (KB)
...
006 (454.063.000) 2022-04-07 07:08:53 Image size of job updated: 821172
	319  -  MemoryUsage of job (MB)
	326280  -  ResidentSetSize of job (KB)
...
006 (454.063.000) 2022-04-07 07:13:54 Image size of job updated: 821172
	319  -  MemoryUsage of job (MB)
	326412  -  ResidentSetSize of job (KB)
...
006 (454.063.000) 2022-04-07 07:18:54 Image size of job updated: 821172
	319  -  MemoryUsage of job (MB)
	326544  -  ResidentSetSize of job (KB)
...
006 (454.063.000) 2022-04-07 07:33:56 Image size of job updated: 821172
	320  -  MemoryUsage of job (MB)
	326676  -  ResidentSetSize of job (KB)
...
006 (454.063.000) 2022-04-07 07:38:56 Image size of job updated: 821172
	320  -  MemoryUsage of job (MB)
	326808  -  ResidentSetSize of job (KB)
...
006 (454.063.000) 2022-04-07 07:43:57 Image size of job updated: 821172
	320  -  MemoryUsage of job (MB)
	326940  -  ResidentSetSize of job (KB)
...
006 (454.063.000) 2022-04-07 07:48:58 Image size of job updated: 821172
	320  -  MemoryUsage of job (MB)
	327072  -  ResidentSetSize of job (KB)
...
006 (454.063.000) 2022-04-07 07:53:58 Image size of job updated: 821172
	320  -  MemoryUsage of job (MB)
	327204  -  ResidentSetSize of job (KB)
...
006 (454.063.000) 2022-04-07 07:58:58 Image size of job updated: 821172
	320  -  MemoryUsage of job (MB)
	327468  -  ResidentSetSize of job (KB)
...
006 (454.063.000) 2022-04-07 08:03:59 Image size of job updated: 821172
	320  -  MemoryUsage of job (MB)
	327600  -  ResidentSetSize of job (KB)
...
006 (454.063.000) 2022-04-07 08:08:59 Image size of job updated: 821172
	321  -  MemoryUsage of job (MB)
	327732  -  ResidentSetSize of job (KB)
...
006 (454.063.000) 2022-04-07 08:13:59 Image size of job updated: 821172
	321  -  MemoryUsage of job (MB)
	327864  -  ResidentSetSize of job (KB)
...
006 (454.063.000) 2022-04-07 08:19:00 Image size of job updated: 821172
	321  -  MemoryUsage of job (MB)
	327996  -  ResidentSetSize of job (KB)
...
006 (454.063.000) 2022-04-07 08:24:01 Image size of job updated: 821172
	321  -  MemoryUsage of job (MB)
	328128  -  ResidentSetSize of job (KB)
...
006 (454.063.000) 2022-04-07 08:29:01 Image size of job updated: 821172
	321  -  MemoryUsage of job (MB)
	328260  -  ResidentSetSize of job (KB)
...
006 (454.063.000) 2022-04-07 08:34:01 Image size of job updated: 821172
	321  -  MemoryUsage of job (MB)
	328392  -  ResidentSetSize of job (KB)
...
006 (454.063.000) 2022-04-07 08:39:03 Image size of job updated: 821172
	321  -  MemoryUsage of job (MB)
	328524  -  ResidentSetSize of job (KB)
...
006 (454.063.000) 2022-04-07 08:44:03 Image size of job updated: 821172
	321  -  MemoryUsage of job (MB)
	328656  -  ResidentSetSize of job (KB)
...
006 (454.063.000) 2022-04-07 08:49:03 Image size of job updated: 821172
	322  -  MemoryUsage of job (MB)
	328788  -  ResidentSetSize of job (KB)
...
006 (454.063.000) 2022-04-07 08:54:04 Image size of job updated: 821172
	322  -  MemoryUsage of job (MB)
	329052  -  ResidentSetSize of job (KB)
...
006 (454.063.000) 2022-04-07 08:59:05 Image size of job updated: 821172
	322  -  MemoryUsage of job (MB)
	329184  -  ResidentSetSize of job (KB)
...
005 (454.063.000) 2022-04-07 09:04:04 Job terminated.
	(1) Normal termination (return value 0)
		Usr 0 04:06:47, Sys 0 00:00:52  -  Run Remote Usage
		Usr 0 00:00:00, Sys 0 00:00:00  -  Run Local Usage
		Usr 0 04:06:47, Sys 0 00:00:52  -  Total Remote Usage
		Usr 0 00:00:00, Sys 0 00:00:00  -  Total Local Usage
	0  -  Run Bytes Sent By Job
	0  -  Run Bytes Received By Job
	0  -  Total Bytes Sent By Job
	0  -  Total Bytes Received By Job
	Partitionable Resources :    Usage  Request Allocated 
	   Cpus                 :     1.00        1         1 
	   Disk (KB)            :  7500        7500     10015 
	   Memory (MB)          :   322        1024      1024 

	Job terminated of its own accord at 2022-04-07T07:04:04Z with exit-code 0.
...
