000 (454.335.000) 2022-04-06 16:54:00 Job submitted from host: <10.18.24.243:9618?addrs=10.18.24.243-9618&alias=ecoclusts01.bioclust.biologie.ens.fr&noUDP&sock=schedd_1052_29b8>
...
001 (454.335.000) 2022-04-07 18:32:25 Job executing on host: <10.18.24.142:9618?addrs=10.18.24.142-9618&alias=dyoclust15.bioclust.biologie.ens.fr&noUDP&sock=startd_768_5cd3>
...
006 (454.335.000) 2022-04-07 18:32:33 Image size of job updated: 341200
	103  -  MemoryUsage of job (MB)
	104488  -  ResidentSetSize of job (KB)
...
006 (454.335.000) 2022-04-07 18:37:33 Image size of job updated: 741620
	317  -  MemoryUsage of job (MB)
	324112  -  ResidentSetSize of job (KB)
...
006 (454.335.000) 2022-04-07 18:42:34 Image size of job updated: 774388
	317  -  MemoryUsage of job (MB)
	324136  -  ResidentSetSize of job (KB)
...
006 (454.335.000) 2022-04-07 19:22:39 Image size of job updated: 774644
	317  -  MemoryUsage of job (MB)
	324136  -  ResidentSetSize of job (KB)
...
006 (454.335.000) 2022-04-07 19:27:39 Image size of job updated: 774644
	317  -  MemoryUsage of job (MB)
	324400  -  ResidentSetSize of job (KB)
...
006 (454.335.000) 2022-04-07 19:32:40 Image size of job updated: 774900
	317  -  MemoryUsage of job (MB)
	324532  -  ResidentSetSize of job (KB)
...
006 (454.335.000) 2022-04-07 19:37:41 Image size of job updated: 775156
	318  -  MemoryUsage of job (MB)
	324664  -  ResidentSetSize of job (KB)
...
006 (454.335.000) 2022-04-07 19:42:41 Image size of job updated: 775156
	318  -  MemoryUsage of job (MB)
	324928  -  ResidentSetSize of job (KB)
...
006 (454.335.000) 2022-04-07 19:47:41 Image size of job updated: 775412
	318  -  MemoryUsage of job (MB)
	325060  -  ResidentSetSize of job (KB)
...
006 (454.335.000) 2022-04-07 19:52:42 Image size of job updated: 775668
	318  -  MemoryUsage of job (MB)
	325324  -  ResidentSetSize of job (KB)
...
006 (454.335.000) 2022-04-07 19:57:43 Image size of job updated: 775924
	318  -  MemoryUsage of job (MB)
	325456  -  ResidentSetSize of job (KB)
...
006 (454.335.000) 2022-04-07 20:02:43 Image size of job updated: 776180
	319  -  MemoryUsage of job (MB)
	325720  -  ResidentSetSize of job (KB)
...
006 (454.335.000) 2022-04-07 20:07:44 Image size of job updated: 776180
	319  -  MemoryUsage of job (MB)
	325852  -  ResidentSetSize of job (KB)
...
006 (454.335.000) 2022-04-07 20:12:45 Image size of job updated: 776436
	319  -  MemoryUsage of job (MB)
	326116  -  ResidentSetSize of job (KB)
...
006 (454.335.000) 2022-04-07 20:17:45 Image size of job updated: 776692
	319  -  MemoryUsage of job (MB)
	326380  -  ResidentSetSize of job (KB)
...
006 (454.335.000) 2022-04-07 20:22:45 Image size of job updated: 776948
	319  -  MemoryUsage of job (MB)
	326512  -  ResidentSetSize of job (KB)
...
006 (454.335.000) 2022-04-07 20:32:47 Image size of job updated: 776948
	319  -  MemoryUsage of job (MB)
	326644  -  ResidentSetSize of job (KB)
...
006 (454.335.000) 2022-04-07 20:37:47 Image size of job updated: 777204
	320  -  MemoryUsage of job (MB)
	326776  -  ResidentSetSize of job (KB)
...
006 (454.335.000) 2022-04-07 20:42:48 Image size of job updated: 777460
	320  -  MemoryUsage of job (MB)
	326908  -  ResidentSetSize of job (KB)
...
006 (454.335.000) 2022-04-07 20:47:49 Image size of job updated: 777460
	320  -  MemoryUsage of job (MB)
	327172  -  ResidentSetSize of job (KB)
...
006 (454.335.000) 2022-04-07 20:52:49 Image size of job updated: 777716
	320  -  MemoryUsage of job (MB)
	327304  -  ResidentSetSize of job (KB)
...
006 (454.335.000) 2022-04-07 20:57:49 Image size of job updated: 777972
	320  -  MemoryUsage of job (MB)
	327568  -  ResidentSetSize of job (KB)
...
006 (454.335.000) 2022-04-07 21:02:50 Image size of job updated: 778228
	321  -  MemoryUsage of job (MB)
	327700  -  ResidentSetSize of job (KB)
...
006 (454.335.000) 2022-04-07 21:07:51 Image size of job updated: 778228
	321  -  MemoryUsage of job (MB)
	327832  -  ResidentSetSize of job (KB)
...
006 (454.335.000) 2022-04-07 21:12:51 Image size of job updated: 778484
	321  -  MemoryUsage of job (MB)
	328096  -  ResidentSetSize of job (KB)
...
006 (454.335.000) 2022-04-07 21:17:52 Image size of job updated: 778740
	321  -  MemoryUsage of job (MB)
	328228  -  ResidentSetSize of job (KB)
...
006 (454.335.000) 2022-04-07 21:22:53 Image size of job updated: 778740
	321  -  MemoryUsage of job (MB)
	328360  -  ResidentSetSize of job (KB)
...
006 (454.335.000) 2022-04-07 21:27:53 Image size of job updated: 778996
	321  -  MemoryUsage of job (MB)
	328624  -  ResidentSetSize of job (KB)
...
006 (454.335.000) 2022-04-07 21:32:53 Image size of job updated: 779252
	322  -  MemoryUsage of job (MB)
	328756  -  ResidentSetSize of job (KB)
...
006 (454.335.000) 2022-04-07 21:37:54 Image size of job updated: 779252
	322  -  MemoryUsage of job (MB)
	328888  -  ResidentSetSize of job (KB)
...
006 (454.335.000) 2022-04-07 21:42:55 Image size of job updated: 779508
	322  -  MemoryUsage of job (MB)
	329152  -  ResidentSetSize of job (KB)
...
006 (454.335.000) 2022-04-07 21:47:37 Image size of job updated: 779764
	322  -  MemoryUsage of job (MB)
	329152  -  ResidentSetSize of job (KB)
...
005 (454.335.000) 2022-04-07 21:47:37 Job terminated.
	(1) Normal termination (return value 0)
		Usr 0 03:13:33, Sys 0 00:00:26  -  Run Remote Usage
		Usr 0 00:00:00, Sys 0 00:00:00  -  Run Local Usage
		Usr 0 03:13:33, Sys 0 00:00:26  -  Total Remote Usage
		Usr 0 00:00:00, Sys 0 00:00:00  -  Total Local Usage
	0  -  Run Bytes Sent By Job
	0  -  Run Bytes Received By Job
	0  -  Total Bytes Sent By Job
	0  -  Total Bytes Received By Job
	Partitionable Resources :    Usage  Request Allocated 
	   Cpus                 :     1.00        1         1 
	   Disk (KB)            :  7500        7500     10998 
	   Memory (MB)          :   322        1024      1024 

	Job terminated of its own accord at 2022-04-07T19:47:37Z with exit-code 0.
...
