000 (454.140.000) 2022-04-06 16:53:59 Job submitted from host: <10.18.24.243:9618?addrs=10.18.24.243-9618&alias=ecoclusts01.bioclust.biologie.ens.fr&noUDP&sock=schedd_1052_29b8>
...
001 (454.140.000) 2022-04-07 09:53:08 Job executing on host: <10.18.24.174:9618?addrs=10.18.24.174-9618&alias=mcbsclust03.bioclust.biologie.ens.fr&noUDP&sock=startd_937_4854>
...
006 (454.140.000) 2022-04-07 09:53:17 Image size of job updated: 115224
	113  -  MemoryUsage of job (MB)
	115224  -  ResidentSetSize of job (KB)
...
006 (454.140.000) 2022-04-07 09:58:18 Image size of job updated: 843208
	317  -  MemoryUsage of job (MB)
	324096  -  ResidentSetSize of job (KB)
...
006 (454.140.000) 2022-04-07 11:13:24 Image size of job updated: 843208
	317  -  MemoryUsage of job (MB)
	324228  -  ResidentSetSize of job (KB)
...
006 (454.140.000) 2022-04-07 11:18:24 Image size of job updated: 843208
	317  -  MemoryUsage of job (MB)
	324360  -  ResidentSetSize of job (KB)
...
006 (454.140.000) 2022-04-07 11:23:25 Image size of job updated: 843208
	317  -  MemoryUsage of job (MB)
	324492  -  ResidentSetSize of job (KB)
...
006 (454.140.000) 2022-04-07 11:33:26 Image size of job updated: 843208
	318  -  MemoryUsage of job (MB)
	324624  -  ResidentSetSize of job (KB)
...
006 (454.140.000) 2022-04-07 11:43:27 Image size of job updated: 843208
	318  -  MemoryUsage of job (MB)
	324756  -  ResidentSetSize of job (KB)
...
006 (454.140.000) 2022-04-07 11:48:27 Image size of job updated: 843208
	318  -  MemoryUsage of job (MB)
	324888  -  ResidentSetSize of job (KB)
...
006 (454.140.000) 2022-04-07 11:58:28 Image size of job updated: 843208
	318  -  MemoryUsage of job (MB)
	325020  -  ResidentSetSize of job (KB)
...
006 (454.140.000) 2022-04-07 12:03:29 Image size of job updated: 843208
	318  -  MemoryUsage of job (MB)
	325152  -  ResidentSetSize of job (KB)
...
006 (454.140.000) 2022-04-07 12:08:29 Image size of job updated: 843208
	318  -  MemoryUsage of job (MB)
	325284  -  ResidentSetSize of job (KB)
...
006 (454.140.000) 2022-04-07 12:18:31 Image size of job updated: 843208
	318  -  MemoryUsage of job (MB)
	325416  -  ResidentSetSize of job (KB)
...
006 (454.140.000) 2022-04-07 12:23:31 Image size of job updated: 843208
	318  -  MemoryUsage of job (MB)
	325548  -  ResidentSetSize of job (KB)
...
006 (454.140.000) 2022-04-07 12:28:31 Image size of job updated: 843208
	319  -  MemoryUsage of job (MB)
	325680  -  ResidentSetSize of job (KB)
...
006 (454.140.000) 2022-04-07 12:33:32 Image size of job updated: 843208
	319  -  MemoryUsage of job (MB)
	325812  -  ResidentSetSize of job (KB)
...
006 (454.140.000) 2022-04-07 12:38:33 Image size of job updated: 843208
	319  -  MemoryUsage of job (MB)
	325944  -  ResidentSetSize of job (KB)
...
006 (454.140.000) 2022-04-07 12:43:33 Image size of job updated: 843208
	319  -  MemoryUsage of job (MB)
	326076  -  ResidentSetSize of job (KB)
...
006 (454.140.000) 2022-04-07 12:48:34 Image size of job updated: 843208
	319  -  MemoryUsage of job (MB)
	326208  -  ResidentSetSize of job (KB)
...
006 (454.140.000) 2022-04-07 12:58:35 Image size of job updated: 843208
	319  -  MemoryUsage of job (MB)
	326340  -  ResidentSetSize of job (KB)
...
006 (454.140.000) 2022-04-07 13:03:35 Image size of job updated: 843208
	319  -  MemoryUsage of job (MB)
	326472  -  ResidentSetSize of job (KB)
...
006 (454.140.000) 2022-04-07 13:08:36 Image size of job updated: 843208
	319  -  MemoryUsage of job (MB)
	326604  -  ResidentSetSize of job (KB)
...
006 (454.140.000) 2022-04-07 13:23:38 Image size of job updated: 843208
	320  -  MemoryUsage of job (MB)
	326736  -  ResidentSetSize of job (KB)
...
006 (454.140.000) 2022-04-07 13:33:39 Image size of job updated: 843208
	320  -  MemoryUsage of job (MB)
	326868  -  ResidentSetSize of job (KB)
...
006 (454.140.000) 2022-04-07 13:38:39 Image size of job updated: 843208
	320  -  MemoryUsage of job (MB)
	327000  -  ResidentSetSize of job (KB)
...
006 (454.140.000) 2022-04-07 13:43:40 Image size of job updated: 843208
	320  -  MemoryUsage of job (MB)
	327132  -  ResidentSetSize of job (KB)
...
006 (454.140.000) 2022-04-07 13:48:41 Image size of job updated: 843208
	320  -  MemoryUsage of job (MB)
	327264  -  ResidentSetSize of job (KB)
...
006 (454.140.000) 2022-04-07 13:58:42 Image size of job updated: 843208
	320  -  MemoryUsage of job (MB)
	327396  -  ResidentSetSize of job (KB)
...
006 (454.140.000) 2022-04-07 14:03:43 Image size of job updated: 843208
	320  -  MemoryUsage of job (MB)
	327528  -  ResidentSetSize of job (KB)
...
006 (454.140.000) 2022-04-07 14:08:43 Image size of job updated: 843208
	320  -  MemoryUsage of job (MB)
	327660  -  ResidentSetSize of job (KB)
...
006 (454.140.000) 2022-04-07 14:13:43 Image size of job updated: 843208
	321  -  MemoryUsage of job (MB)
	327792  -  ResidentSetSize of job (KB)
...
006 (454.140.000) 2022-04-07 14:18:44 Image size of job updated: 843208
	321  -  MemoryUsage of job (MB)
	327924  -  ResidentSetSize of job (KB)
...
006 (454.140.000) 2022-04-07 14:28:44 Image size of job updated: 843208
	321  -  MemoryUsage of job (MB)
	328056  -  ResidentSetSize of job (KB)
...
006 (454.140.000) 2022-04-07 14:33:45 Image size of job updated: 843208
	321  -  MemoryUsage of job (MB)
	328188  -  ResidentSetSize of job (KB)
...
006 (454.140.000) 2022-04-07 14:38:46 Image size of job updated: 843208
	321  -  MemoryUsage of job (MB)
	328320  -  ResidentSetSize of job (KB)
...
006 (454.140.000) 2022-04-07 14:43:46 Image size of job updated: 843208
	321  -  MemoryUsage of job (MB)
	328452  -  ResidentSetSize of job (KB)
...
006 (454.140.000) 2022-04-07 14:48:46 Image size of job updated: 843208
	321  -  MemoryUsage of job (MB)
	328584  -  ResidentSetSize of job (KB)
...
006 (454.140.000) 2022-04-07 14:58:48 Image size of job updated: 843208
	322  -  MemoryUsage of job (MB)
	328716  -  ResidentSetSize of job (KB)
...
006 (454.140.000) 2022-04-07 15:03:48 Image size of job updated: 843208
	322  -  MemoryUsage of job (MB)
	328848  -  ResidentSetSize of job (KB)
...
006 (454.140.000) 2022-04-07 15:08:49 Image size of job updated: 843208
	322  -  MemoryUsage of job (MB)
	328980  -  ResidentSetSize of job (KB)
...
006 (454.140.000) 2022-04-07 15:13:50 Image size of job updated: 843208
	322  -  MemoryUsage of job (MB)
	329112  -  ResidentSetSize of job (KB)
...
006 (454.140.000) 2022-04-07 15:18:50 Image size of job updated: 843208
	322  -  MemoryUsage of job (MB)
	329244  -  ResidentSetSize of job (KB)
...
005 (454.140.000) 2022-04-07 15:22:55 Job terminated.
	(1) Normal termination (return value 0)
		Usr 0 05:28:45, Sys 0 00:00:17  -  Run Remote Usage
		Usr 0 00:00:00, Sys 0 00:00:00  -  Run Local Usage
		Usr 0 05:28:45, Sys 0 00:00:17  -  Total Remote Usage
		Usr 0 00:00:00, Sys 0 00:00:00  -  Total Local Usage
	0  -  Run Bytes Sent By Job
	0  -  Run Bytes Received By Job
	0  -  Total Bytes Sent By Job
	0  -  Total Bytes Received By Job
	Partitionable Resources :    Usage  Request Allocated 
	   Cpus                 :     1.00        1         1 
	   Disk (KB)            :  7500        7500     10998 
	   Memory (MB)          :   322        1024      1024 

	Job terminated of its own accord at 2022-04-07T13:22:55Z with exit-code 0.
...
