000 (454.983.000) 2022-04-06 16:54:03 Job submitted from host: <10.18.24.243:9618?addrs=10.18.24.243-9618&alias=ecoclusts01.bioclust.biologie.ens.fr&noUDP&sock=schedd_1052_29b8>
...
001 (454.983.000) 2022-04-08 12:47:46 Job executing on host: <10.18.24.137:9618?addrs=10.18.24.137-9618&alias=dyoclust10.bioclust.biologie.ens.fr&noUDP&sock=startd_830_e3b2>
...
006 (454.983.000) 2022-04-08 12:47:55 Image size of job updated: 178184
	175  -  MemoryUsage of job (MB)
	178184  -  ResidentSetSize of job (KB)
...
006 (454.983.000) 2022-04-08 12:52:56 Image size of job updated: 791704
	284  -  MemoryUsage of job (MB)
	290732  -  ResidentSetSize of job (KB)
...
006 (454.983.000) 2022-04-08 12:57:56 Image size of job updated: 791704
	317  -  MemoryUsage of job (MB)
	324160  -  ResidentSetSize of job (KB)
...
006 (454.983.000) 2022-04-08 13:32:59 Image size of job updated: 791704
	317  -  MemoryUsage of job (MB)
	324292  -  ResidentSetSize of job (KB)
...
006 (454.983.000) 2022-04-08 13:37:59 Image size of job updated: 791704
	317  -  MemoryUsage of job (MB)
	324556  -  ResidentSetSize of job (KB)
...
006 (454.983.000) 2022-04-08 13:43:00 Image size of job updated: 791704
	318  -  MemoryUsage of job (MB)
	324688  -  ResidentSetSize of job (KB)
...
006 (454.983.000) 2022-04-08 13:48:00 Image size of job updated: 791704
	318  -  MemoryUsage of job (MB)
	324820  -  ResidentSetSize of job (KB)
...
006 (454.983.000) 2022-04-08 13:53:00 Image size of job updated: 791704
	318  -  MemoryUsage of job (MB)
	324952  -  ResidentSetSize of job (KB)
...
006 (454.983.000) 2022-04-08 13:58:01 Image size of job updated: 791704
	318  -  MemoryUsage of job (MB)
	325084  -  ResidentSetSize of job (KB)
...
006 (454.983.000) 2022-04-08 14:03:02 Image size of job updated: 791704
	318  -  MemoryUsage of job (MB)
	325348  -  ResidentSetSize of job (KB)
...
006 (454.983.000) 2022-04-08 14:08:02 Image size of job updated: 791704
	318  -  MemoryUsage of job (MB)
	325480  -  ResidentSetSize of job (KB)
...
006 (454.983.000) 2022-04-08 14:13:02 Image size of job updated: 791704
	318  -  MemoryUsage of job (MB)
	325612  -  ResidentSetSize of job (KB)
...
006 (454.983.000) 2022-04-08 14:18:03 Image size of job updated: 791704
	319  -  MemoryUsage of job (MB)
	325876  -  ResidentSetSize of job (KB)
...
006 (454.983.000) 2022-04-08 14:23:04 Image size of job updated: 791704
	319  -  MemoryUsage of job (MB)
	326140  -  ResidentSetSize of job (KB)
...
006 (454.983.000) 2022-04-08 14:28:04 Image size of job updated: 791704
	319  -  MemoryUsage of job (MB)
	326272  -  ResidentSetSize of job (KB)
...
006 (454.983.000) 2022-04-08 14:33:04 Image size of job updated: 791704
	319  -  MemoryUsage of job (MB)
	326536  -  ResidentSetSize of job (KB)
...
006 (454.983.000) 2022-04-08 14:43:06 Image size of job updated: 791704
	319  -  MemoryUsage of job (MB)
	326612  -  ResidentSetSize of job (KB)
...
006 (454.983.000) 2022-04-08 14:48:06 Image size of job updated: 791704
	320  -  MemoryUsage of job (MB)
	326744  -  ResidentSetSize of job (KB)
...
006 (454.983.000) 2022-04-08 14:53:06 Image size of job updated: 791704
	320  -  MemoryUsage of job (MB)
	326876  -  ResidentSetSize of job (KB)
...
006 (454.983.000) 2022-04-08 14:58:07 Image size of job updated: 791704
	320  -  MemoryUsage of job (MB)
	327140  -  ResidentSetSize of job (KB)
...
006 (454.983.000) 2022-04-08 15:03:08 Image size of job updated: 791704
	320  -  MemoryUsage of job (MB)
	327272  -  ResidentSetSize of job (KB)
...
006 (454.983.000) 2022-04-08 15:08:08 Image size of job updated: 791704
	320  -  MemoryUsage of job (MB)
	327536  -  ResidentSetSize of job (KB)
...
006 (454.983.000) 2022-04-08 15:13:08 Image size of job updated: 791704
	320  -  MemoryUsage of job (MB)
	327668  -  ResidentSetSize of job (KB)
...
006 (454.983.000) 2022-04-08 15:18:09 Image size of job updated: 791704
	321  -  MemoryUsage of job (MB)
	327932  -  ResidentSetSize of job (KB)
...
006 (454.983.000) 2022-04-08 15:23:10 Image size of job updated: 791704
	321  -  MemoryUsage of job (MB)
	328064  -  ResidentSetSize of job (KB)
...
006 (454.983.000) 2022-04-08 15:28:10 Image size of job updated: 791704
	321  -  MemoryUsage of job (MB)
	328196  -  ResidentSetSize of job (KB)
...
006 (454.983.000) 2022-04-08 15:33:10 Image size of job updated: 791704
	321  -  MemoryUsage of job (MB)
	328460  -  ResidentSetSize of job (KB)
...
006 (454.983.000) 2022-04-08 15:38:11 Image size of job updated: 791704
	321  -  MemoryUsage of job (MB)
	328592  -  ResidentSetSize of job (KB)
...
006 (454.983.000) 2022-04-08 15:43:11 Image size of job updated: 791704
	322  -  MemoryUsage of job (MB)
	328856  -  ResidentSetSize of job (KB)
...
006 (454.983.000) 2022-04-08 15:48:11 Image size of job updated: 791704
	322  -  MemoryUsage of job (MB)
	328988  -  ResidentSetSize of job (KB)
...
006 (454.983.000) 2022-04-08 15:53:12 Image size of job updated: 791704
	322  -  MemoryUsage of job (MB)
	329120  -  ResidentSetSize of job (KB)
...
005 (454.983.000) 2022-04-08 15:56:39 Job terminated.
	(1) Normal termination (return value 0)
		Usr 0 03:07:56, Sys 0 00:00:29  -  Run Remote Usage
		Usr 0 00:00:00, Sys 0 00:00:00  -  Run Local Usage
		Usr 0 03:07:56, Sys 0 00:00:29  -  Total Remote Usage
		Usr 0 00:00:00, Sys 0 00:00:00  -  Total Local Usage
	0  -  Run Bytes Sent By Job
	0  -  Run Bytes Received By Job
	0  -  Total Bytes Sent By Job
	0  -  Total Bytes Received By Job
	Partitionable Resources :    Usage  Request Allocated 
	   Cpus                 :     1.00        1         1 
	   Disk (KB)            :  7500        7500     10999 
	   Memory (MB)          :   322        1024      1024 

	Job terminated of its own accord at 2022-04-08T13:56:39Z with exit-code 0.
...
