000 (454.447.000) 2022-04-06 16:54:01 Job submitted from host: <10.18.24.243:9618?addrs=10.18.24.243-9618&alias=ecoclusts01.bioclust.biologie.ens.fr&noUDP&sock=schedd_1052_29b8>
...
001 (454.447.000) 2022-04-07 21:48:55 Job executing on host: <10.18.24.174:9618?addrs=10.18.24.174-9618&alias=mcbsclust03.bioclust.biologie.ens.fr&noUDP&sock=startd_937_4854>
...
006 (454.447.000) 2022-04-07 21:49:04 Image size of job updated: 428024
	418  -  MemoryUsage of job (MB)
	428024  -  ResidentSetSize of job (KB)
...
006 (454.447.000) 2022-04-07 21:54:05 Image size of job updated: 741876
	418  -  MemoryUsage of job (MB)
	428024  -  ResidentSetSize of job (KB)
...
006 (454.447.000) 2022-04-07 21:59:06 Image size of job updated: 774644
	418  -  MemoryUsage of job (MB)
	428024  -  ResidentSetSize of job (KB)
...
006 (454.447.000) 2022-04-07 23:19:15 Image size of job updated: 774900
	418  -  MemoryUsage of job (MB)
	428024  -  ResidentSetSize of job (KB)
...
006 (454.447.000) 2022-04-07 23:34:16 Image size of job updated: 775156
	418  -  MemoryUsage of job (MB)
	428024  -  ResidentSetSize of job (KB)
...
006 (454.447.000) 2022-04-07 23:49:18 Image size of job updated: 775412
	418  -  MemoryUsage of job (MB)
	428024  -  ResidentSetSize of job (KB)
...
006 (454.447.000) 2022-04-07 23:59:20 Image size of job updated: 775668
	418  -  MemoryUsage of job (MB)
	428024  -  ResidentSetSize of job (KB)
...
006 (454.447.000) 2022-04-08 00:14:21 Image size of job updated: 775924
	418  -  MemoryUsage of job (MB)
	428024  -  ResidentSetSize of job (KB)
...
006 (454.447.000) 2022-04-08 00:24:22 Image size of job updated: 776180
	418  -  MemoryUsage of job (MB)
	428024  -  ResidentSetSize of job (KB)
...
006 (454.447.000) 2022-04-08 00:39:23 Image size of job updated: 776436
	418  -  MemoryUsage of job (MB)
	428024  -  ResidentSetSize of job (KB)
...
006 (454.447.000) 2022-04-08 00:49:25 Image size of job updated: 776692
	418  -  MemoryUsage of job (MB)
	428024  -  ResidentSetSize of job (KB)
...
006 (454.447.000) 2022-04-08 00:59:27 Image size of job updated: 776948
	418  -  MemoryUsage of job (MB)
	428024  -  ResidentSetSize of job (KB)
...
006 (454.447.000) 2022-04-08 01:29:30 Image size of job updated: 777204
	418  -  MemoryUsage of job (MB)
	428024  -  ResidentSetSize of job (KB)
...
006 (454.447.000) 2022-04-08 01:44:31 Image size of job updated: 777460
	418  -  MemoryUsage of job (MB)
	428024  -  ResidentSetSize of job (KB)
...
006 (454.447.000) 2022-04-08 01:59:33 Image size of job updated: 777716
	418  -  MemoryUsage of job (MB)
	428024  -  ResidentSetSize of job (KB)
...
006 (454.447.000) 2022-04-08 02:14:34 Image size of job updated: 777972
	418  -  MemoryUsage of job (MB)
	428024  -  ResidentSetSize of job (KB)
...
006 (454.447.000) 2022-04-08 02:24:35 Image size of job updated: 778228
	418  -  MemoryUsage of job (MB)
	428024  -  ResidentSetSize of job (KB)
...
006 (454.447.000) 2022-04-08 02:39:37 Image size of job updated: 778484
	418  -  MemoryUsage of job (MB)
	428024  -  ResidentSetSize of job (KB)
...
006 (454.447.000) 2022-04-08 02:54:38 Image size of job updated: 778740
	418  -  MemoryUsage of job (MB)
	428024  -  ResidentSetSize of job (KB)
...
006 (454.447.000) 2022-04-08 03:04:38 Image size of job updated: 778996
	418  -  MemoryUsage of job (MB)
	428024  -  ResidentSetSize of job (KB)
...
006 (454.447.000) 2022-04-08 03:19:40 Image size of job updated: 779252
	418  -  MemoryUsage of job (MB)
	428024  -  ResidentSetSize of job (KB)
...
006 (454.447.000) 2022-04-08 03:34:42 Image size of job updated: 779508
	418  -  MemoryUsage of job (MB)
	428024  -  ResidentSetSize of job (KB)
...
006 (454.447.000) 2022-04-08 03:47:20 Image size of job updated: 779764
	418  -  MemoryUsage of job (MB)
	428024  -  ResidentSetSize of job (KB)
...
005 (454.447.000) 2022-04-08 03:47:20 Job terminated.
	(1) Normal termination (return value 0)
		Usr 0 05:57:30, Sys 0 00:00:15  -  Run Remote Usage
		Usr 0 00:00:00, Sys 0 00:00:00  -  Run Local Usage
		Usr 0 05:57:30, Sys 0 00:00:15  -  Total Remote Usage
		Usr 0 00:00:00, Sys 0 00:00:00  -  Total Local Usage
	0  -  Run Bytes Sent By Job
	0  -  Run Bytes Received By Job
	0  -  Total Bytes Sent By Job
	0  -  Total Bytes Received By Job
	Partitionable Resources :    Usage  Request Allocated 
	   Cpus                 :     1.00        1         1 
	   Disk (KB)            :  7500        7500     10998 
	   Memory (MB)          :   418        1024      1024 

	Job terminated of its own accord at 2022-04-08T01:47:20Z with exit-code 0.
...
