000 (454.775.000) 2022-04-06 16:54:02 Job submitted from host: <10.18.24.243:9618?addrs=10.18.24.243-9618&alias=ecoclusts01.bioclust.biologie.ens.fr&noUDP&sock=schedd_1052_29b8>
...
001 (454.775.000) 2022-04-08 07:13:28 Job executing on host: <10.18.24.141:9618?addrs=10.18.24.141-9618&alias=dyoclust14.bioclust.biologie.ens.fr&noUDP&sock=startd_801_ff73>
...
006 (454.775.000) 2022-04-08 07:13:37 Image size of job updated: 265736
	260  -  MemoryUsage of job (MB)
	265736  -  ResidentSetSize of job (KB)
...
006 (454.775.000) 2022-04-08 07:18:38 Image size of job updated: 845676
	278  -  MemoryUsage of job (MB)
	284132  -  ResidentSetSize of job (KB)
...
006 (454.775.000) 2022-04-08 07:23:38 Image size of job updated: 845676
	317  -  MemoryUsage of job (MB)
	324320  -  ResidentSetSize of job (KB)
...
006 (454.775.000) 2022-04-08 08:08:43 Image size of job updated: 845676
	317  -  MemoryUsage of job (MB)
	324452  -  ResidentSetSize of job (KB)
...
006 (454.775.000) 2022-04-08 08:13:44 Image size of job updated: 845676
	317  -  MemoryUsage of job (MB)
	324584  -  ResidentSetSize of job (KB)
...
006 (454.775.000) 2022-04-08 08:18:44 Image size of job updated: 845676
	318  -  MemoryUsage of job (MB)
	324848  -  ResidentSetSize of job (KB)
...
006 (454.775.000) 2022-04-08 08:23:45 Image size of job updated: 845676
	318  -  MemoryUsage of job (MB)
	324980  -  ResidentSetSize of job (KB)
...
006 (454.775.000) 2022-04-08 08:28:46 Image size of job updated: 845676
	318  -  MemoryUsage of job (MB)
	325112  -  ResidentSetSize of job (KB)
...
006 (454.775.000) 2022-04-08 08:33:46 Image size of job updated: 845676
	318  -  MemoryUsage of job (MB)
	325244  -  ResidentSetSize of job (KB)
...
006 (454.775.000) 2022-04-08 08:38:46 Image size of job updated: 845676
	318  -  MemoryUsage of job (MB)
	325508  -  ResidentSetSize of job (KB)
...
006 (454.775.000) 2022-04-08 08:43:47 Image size of job updated: 845676
	319  -  MemoryUsage of job (MB)
	325640  -  ResidentSetSize of job (KB)
...
006 (454.775.000) 2022-04-08 08:48:48 Image size of job updated: 845676
	319  -  MemoryUsage of job (MB)
	325904  -  ResidentSetSize of job (KB)
...
006 (454.775.000) 2022-04-08 08:53:48 Image size of job updated: 845676
	319  -  MemoryUsage of job (MB)
	326036  -  ResidentSetSize of job (KB)
...
006 (454.775.000) 2022-04-08 08:58:49 Image size of job updated: 845676
	319  -  MemoryUsage of job (MB)
	326300  -  ResidentSetSize of job (KB)
...
006 (454.775.000) 2022-04-08 09:03:50 Image size of job updated: 845676
	319  -  MemoryUsage of job (MB)
	326432  -  ResidentSetSize of job (KB)
...
006 (454.775.000) 2022-04-08 09:08:50 Image size of job updated: 845676
	319  -  MemoryUsage of job (MB)
	326564  -  ResidentSetSize of job (KB)
...
006 (454.775.000) 2022-04-08 09:18:51 Image size of job updated: 845676
	320  -  MemoryUsage of job (MB)
	326696  -  ResidentSetSize of job (KB)
...
006 (454.775.000) 2022-04-08 09:23:52 Image size of job updated: 845676
	320  -  MemoryUsage of job (MB)
	326828  -  ResidentSetSize of job (KB)
...
006 (454.775.000) 2022-04-08 09:28:52 Image size of job updated: 845676
	320  -  MemoryUsage of job (MB)
	326960  -  ResidentSetSize of job (KB)
...
006 (454.775.000) 2022-04-08 09:33:53 Image size of job updated: 845676
	320  -  MemoryUsage of job (MB)
	327092  -  ResidentSetSize of job (KB)
...
006 (454.775.000) 2022-04-08 09:38:54 Image size of job updated: 845676
	320  -  MemoryUsage of job (MB)
	327356  -  ResidentSetSize of job (KB)
...
006 (454.775.000) 2022-04-08 09:43:54 Image size of job updated: 845676
	320  -  MemoryUsage of job (MB)
	327488  -  ResidentSetSize of job (KB)
...
006 (454.775.000) 2022-04-08 09:48:54 Image size of job updated: 845676
	320  -  MemoryUsage of job (MB)
	327620  -  ResidentSetSize of job (KB)
...
006 (454.775.000) 2022-04-08 09:53:55 Image size of job updated: 845676
	321  -  MemoryUsage of job (MB)
	327752  -  ResidentSetSize of job (KB)
...
006 (454.775.000) 2022-04-08 09:58:56 Image size of job updated: 845676
	321  -  MemoryUsage of job (MB)
	328016  -  ResidentSetSize of job (KB)
...
006 (454.775.000) 2022-04-08 10:03:56 Image size of job updated: 845676
	321  -  MemoryUsage of job (MB)
	328148  -  ResidentSetSize of job (KB)
...
006 (454.775.000) 2022-04-08 10:08:57 Image size of job updated: 845676
	321  -  MemoryUsage of job (MB)
	328280  -  ResidentSetSize of job (KB)
...
006 (454.775.000) 2022-04-08 10:13:58 Image size of job updated: 845676
	321  -  MemoryUsage of job (MB)
	328544  -  ResidentSetSize of job (KB)
...
006 (454.775.000) 2022-04-08 10:18:58 Image size of job updated: 845676
	321  -  MemoryUsage of job (MB)
	328676  -  ResidentSetSize of job (KB)
...
006 (454.775.000) 2022-04-08 10:23:58 Image size of job updated: 845676
	322  -  MemoryUsage of job (MB)
	328808  -  ResidentSetSize of job (KB)
...
006 (454.775.000) 2022-04-08 10:28:59 Image size of job updated: 845676
	322  -  MemoryUsage of job (MB)
	328940  -  ResidentSetSize of job (KB)
...
006 (454.775.000) 2022-04-08 10:34:00 Image size of job updated: 845676
	322  -  MemoryUsage of job (MB)
	329204  -  ResidentSetSize of job (KB)
...
005 (454.775.000) 2022-04-08 10:37:41 Job terminated.
	(1) Normal termination (return value 0)
		Usr 0 03:22:04, Sys 0 00:00:28  -  Run Remote Usage
		Usr 0 00:00:00, Sys 0 00:00:00  -  Run Local Usage
		Usr 0 03:22:04, Sys 0 00:00:28  -  Total Remote Usage
		Usr 0 00:00:00, Sys 0 00:00:00  -  Total Local Usage
	0  -  Run Bytes Sent By Job
	0  -  Run Bytes Received By Job
	0  -  Total Bytes Sent By Job
	0  -  Total Bytes Received By Job
	Partitionable Resources :    Usage  Request Allocated 
	   Cpus                 :     1.00        1         1 
	   Disk (KB)            :  7500        7500     10998 
	   Memory (MB)          :   322        1024      1024 

	Job terminated of its own accord at 2022-04-08T08:37:41Z with exit-code 0.
...
