000 (454.605.000) 2022-04-06 16:54:01 Job submitted from host: <10.18.24.243:9618?addrs=10.18.24.243-9618&alias=ecoclusts01.bioclust.biologie.ens.fr&noUDP&sock=schedd_1052_29b8>
...
001 (454.605.000) 2022-04-08 02:30:03 Job executing on host: <10.18.24.8:9618?addrs=10.18.24.8-9618&alias=bioclust08.bioclust.biologie.ens.fr&noUDP&sock=startd_1108_9306>
...
006 (454.605.000) 2022-04-08 02:30:12 Image size of job updated: 549640
	256  -  MemoryUsage of job (MB)
	261480  -  ResidentSetSize of job (KB)
...
006 (454.605.000) 2022-04-08 02:35:13 Image size of job updated: 741876
	308  -  MemoryUsage of job (MB)
	314904  -  ResidentSetSize of job (KB)
...
006 (454.605.000) 2022-04-08 02:40:13 Image size of job updated: 774644
	317  -  MemoryUsage of job (MB)
	324416  -  ResidentSetSize of job (KB)
...
006 (454.605.000) 2022-04-08 04:00:20 Image size of job updated: 774900
	317  -  MemoryUsage of job (MB)
	324416  -  ResidentSetSize of job (KB)
...
006 (454.605.000) 2022-04-08 04:05:21 Image size of job updated: 774900
	317  -  MemoryUsage of job (MB)
	324548  -  ResidentSetSize of job (KB)
...
006 (454.605.000) 2022-04-08 04:15:21 Image size of job updated: 775156
	318  -  MemoryUsage of job (MB)
	324680  -  ResidentSetSize of job (KB)
...
006 (454.605.000) 2022-04-08 04:25:23 Image size of job updated: 775156
	318  -  MemoryUsage of job (MB)
	324812  -  ResidentSetSize of job (KB)
...
006 (454.605.000) 2022-04-08 04:30:23 Image size of job updated: 775412
	318  -  MemoryUsage of job (MB)
	324944  -  ResidentSetSize of job (KB)
...
006 (454.605.000) 2022-04-08 04:35:23 Image size of job updated: 775412
	318  -  MemoryUsage of job (MB)
	325076  -  ResidentSetSize of job (KB)
...
006 (454.605.000) 2022-04-08 04:40:24 Image size of job updated: 775668
	318  -  MemoryUsage of job (MB)
	325208  -  ResidentSetSize of job (KB)
...
006 (454.605.000) 2022-04-08 04:45:25 Image size of job updated: 775668
	318  -  MemoryUsage of job (MB)
	325340  -  ResidentSetSize of job (KB)
...
006 (454.605.000) 2022-04-08 04:50:26 Image size of job updated: 775924
	318  -  MemoryUsage of job (MB)
	325340  -  ResidentSetSize of job (KB)
...
006 (454.605.000) 2022-04-08 04:55:26 Image size of job updated: 775924
	318  -  MemoryUsage of job (MB)
	325472  -  ResidentSetSize of job (KB)
...
006 (454.605.000) 2022-04-08 05:00:26 Image size of job updated: 775924
	318  -  MemoryUsage of job (MB)
	325604  -  ResidentSetSize of job (KB)
...
006 (454.605.000) 2022-04-08 05:05:27 Image size of job updated: 776180
	319  -  MemoryUsage of job (MB)
	325736  -  ResidentSetSize of job (KB)
...
006 (454.605.000) 2022-04-08 05:15:28 Image size of job updated: 776436
	319  -  MemoryUsage of job (MB)
	325868  -  ResidentSetSize of job (KB)
...
006 (454.605.000) 2022-04-08 05:20:28 Image size of job updated: 776436
	319  -  MemoryUsage of job (MB)
	326000  -  ResidentSetSize of job (KB)
...
006 (454.605.000) 2022-04-08 05:25:29 Image size of job updated: 776436
	319  -  MemoryUsage of job (MB)
	326132  -  ResidentSetSize of job (KB)
...
006 (454.605.000) 2022-04-08 05:30:30 Image size of job updated: 776692
	319  -  MemoryUsage of job (MB)
	326264  -  ResidentSetSize of job (KB)
...
006 (454.605.000) 2022-04-08 05:35:30 Image size of job updated: 776692
	319  -  MemoryUsage of job (MB)
	326396  -  ResidentSetSize of job (KB)
...
006 (454.605.000) 2022-04-08 05:40:30 Image size of job updated: 776948
	319  -  MemoryUsage of job (MB)
	326396  -  ResidentSetSize of job (KB)
...
006 (454.605.000) 2022-04-08 05:45:31 Image size of job updated: 776948
	319  -  MemoryUsage of job (MB)
	326528  -  ResidentSetSize of job (KB)
...
006 (454.605.000) 2022-04-08 06:00:33 Image size of job updated: 776948
	319  -  MemoryUsage of job (MB)
	326600  -  ResidentSetSize of job (KB)
...
006 (454.605.000) 2022-04-08 06:05:34 Image size of job updated: 777204
	320  -  MemoryUsage of job (MB)
	326732  -  ResidentSetSize of job (KB)
...
006 (454.605.000) 2022-04-08 06:15:34 Image size of job updated: 777204
	320  -  MemoryUsage of job (MB)
	326864  -  ResidentSetSize of job (KB)
...
006 (454.605.000) 2022-04-08 06:20:35 Image size of job updated: 777460
	320  -  MemoryUsage of job (MB)
	326996  -  ResidentSetSize of job (KB)
...
006 (454.605.000) 2022-04-08 06:25:36 Image size of job updated: 777460
	320  -  MemoryUsage of job (MB)
	327128  -  ResidentSetSize of job (KB)
...
006 (454.605.000) 2022-04-08 06:35:36 Image size of job updated: 777716
	320  -  MemoryUsage of job (MB)
	327260  -  ResidentSetSize of job (KB)
...
006 (454.605.000) 2022-04-08 06:40:36 Image size of job updated: 777716
	320  -  MemoryUsage of job (MB)
	327392  -  ResidentSetSize of job (KB)
...
006 (454.605.000) 2022-04-08 06:45:37 Image size of job updated: 777972
	320  -  MemoryUsage of job (MB)
	327524  -  ResidentSetSize of job (KB)
...
006 (454.605.000) 2022-04-08 06:55:38 Image size of job updated: 777972
	320  -  MemoryUsage of job (MB)
	327656  -  ResidentSetSize of job (KB)
...
006 (454.605.000) 2022-04-08 07:00:38 Image size of job updated: 778228
	321  -  MemoryUsage of job (MB)
	327788  -  ResidentSetSize of job (KB)
...
006 (454.605.000) 2022-04-08 07:05:39 Image size of job updated: 778228
	321  -  MemoryUsage of job (MB)
	327920  -  ResidentSetSize of job (KB)
...
006 (454.605.000) 2022-04-08 07:10:40 Image size of job updated: 778484
	321  -  MemoryUsage of job (MB)
	327920  -  ResidentSetSize of job (KB)
...
006 (454.605.000) 2022-04-08 07:15:40 Image size of job updated: 778484
	321  -  MemoryUsage of job (MB)
	328052  -  ResidentSetSize of job (KB)
...
006 (454.605.000) 2022-04-08 07:20:40 Image size of job updated: 778484
	321  -  MemoryUsage of job (MB)
	328184  -  ResidentSetSize of job (KB)
...
006 (454.605.000) 2022-04-08 07:25:41 Image size of job updated: 778740
	321  -  MemoryUsage of job (MB)
	328316  -  ResidentSetSize of job (KB)
...
006 (454.605.000) 2022-04-08 07:30:42 Image size of job updated: 778740
	321  -  MemoryUsage of job (MB)
	328448  -  ResidentSetSize of job (KB)
...
006 (454.605.000) 2022-04-08 07:35:42 Image size of job updated: 778996
	321  -  MemoryUsage of job (MB)
	328448  -  ResidentSetSize of job (KB)
...
006 (454.605.000) 2022-04-08 07:40:42 Image size of job updated: 778996
	321  -  MemoryUsage of job (MB)
	328580  -  ResidentSetSize of job (KB)
...
006 (454.605.000) 2022-04-08 07:45:44 Image size of job updated: 778996
	322  -  MemoryUsage of job (MB)
	328712  -  ResidentSetSize of job (KB)
...
006 (454.605.000) 2022-04-08 07:50:44 Image size of job updated: 779252
	322  -  MemoryUsage of job (MB)
	328844  -  ResidentSetSize of job (KB)
...
006 (454.605.000) 2022-04-08 07:55:44 Image size of job updated: 779252
	322  -  MemoryUsage of job (MB)
	328976  -  ResidentSetSize of job (KB)
...
006 (454.605.000) 2022-04-08 08:00:45 Image size of job updated: 779508
	322  -  MemoryUsage of job (MB)
	329108  -  ResidentSetSize of job (KB)
...
006 (454.605.000) 2022-04-08 08:10:47 Image size of job updated: 779508
	322  -  MemoryUsage of job (MB)
	329240  -  ResidentSetSize of job (KB)
...
006 (454.605.000) 2022-04-08 08:12:39 Image size of job updated: 779764
	322  -  MemoryUsage of job (MB)
	329240  -  ResidentSetSize of job (KB)
...
005 (454.605.000) 2022-04-08 08:12:39 Job terminated.
	(1) Normal termination (return value 0)
		Usr 0 05:39:45, Sys 0 00:02:30  -  Run Remote Usage
		Usr 0 00:00:00, Sys 0 00:00:00  -  Run Local Usage
		Usr 0 05:39:45, Sys 0 00:02:30  -  Total Remote Usage
		Usr 0 00:00:00, Sys 0 00:00:00  -  Total Local Usage
	0  -  Run Bytes Sent By Job
	0  -  Run Bytes Received By Job
	0  -  Total Bytes Sent By Job
	0  -  Total Bytes Received By Job
	Partitionable Resources :    Usage  Request Allocated 
	   Cpus                 :     1.00        1         1 
	   Disk (KB)            :  7500        7500     10998 
	   Memory (MB)          :   322        1024      1024 

	Job terminated of its own accord at 2022-04-08T06:12:39Z with exit-code 0.
...
