000 (454.288.000) 2022-04-06 16:54:00 Job submitted from host: <10.18.24.243:9618?addrs=10.18.24.243-9618&alias=ecoclusts01.bioclust.biologie.ens.fr&noUDP&sock=schedd_1052_29b8>
...
001 (454.288.000) 2022-04-07 16:36:35 Job executing on host: <10.18.24.130:9618?addrs=10.18.24.130-9618&alias=dyoclust03.bioclust.biologie.ens.fr&noUDP&sock=startd_813_3a96>
...
006 (454.288.000) 2022-04-07 16:36:44 Image size of job updated: 100220
	94  -  MemoryUsage of job (MB)
	95276  -  ResidentSetSize of job (KB)
...
006 (454.288.000) 2022-04-07 16:41:45 Image size of job updated: 741624
	317  -  MemoryUsage of job (MB)
	324152  -  ResidentSetSize of job (KB)
...
006 (454.288.000) 2022-04-07 16:46:45 Image size of job updated: 774392
	317  -  MemoryUsage of job (MB)
	324152  -  ResidentSetSize of job (KB)
...
006 (454.288.000) 2022-04-07 17:16:48 Image size of job updated: 774648
	317  -  MemoryUsage of job (MB)
	324284  -  ResidentSetSize of job (KB)
...
006 (454.288.000) 2022-04-07 17:21:48 Image size of job updated: 774904
	317  -  MemoryUsage of job (MB)
	324416  -  ResidentSetSize of job (KB)
...
006 (454.288.000) 2022-04-07 17:26:48 Image size of job updated: 774904
	317  -  MemoryUsage of job (MB)
	324548  -  ResidentSetSize of job (KB)
...
006 (454.288.000) 2022-04-07 17:31:50 Image size of job updated: 775160
	318  -  MemoryUsage of job (MB)
	324812  -  ResidentSetSize of job (KB)
...
006 (454.288.000) 2022-04-07 17:36:50 Image size of job updated: 775416
	318  -  MemoryUsage of job (MB)
	324944  -  ResidentSetSize of job (KB)
...
006 (454.288.000) 2022-04-07 17:41:50 Image size of job updated: 775672
	318  -  MemoryUsage of job (MB)
	325208  -  ResidentSetSize of job (KB)
...
006 (454.288.000) 2022-04-07 17:46:51 Image size of job updated: 775672
	318  -  MemoryUsage of job (MB)
	325340  -  ResidentSetSize of job (KB)
...
006 (454.288.000) 2022-04-07 17:51:52 Image size of job updated: 775928
	318  -  MemoryUsage of job (MB)
	325604  -  ResidentSetSize of job (KB)
...
006 (454.288.000) 2022-04-07 17:56:52 Image size of job updated: 776184
	319  -  MemoryUsage of job (MB)
	325868  -  ResidentSetSize of job (KB)
...
006 (454.288.000) 2022-04-07 18:01:52 Image size of job updated: 776440
	319  -  MemoryUsage of job (MB)
	326132  -  ResidentSetSize of job (KB)
...
006 (454.288.000) 2022-04-07 18:06:53 Image size of job updated: 776696
	319  -  MemoryUsage of job (MB)
	326264  -  ResidentSetSize of job (KB)
...
006 (454.288.000) 2022-04-07 18:11:54 Image size of job updated: 776952
	319  -  MemoryUsage of job (MB)
	326528  -  ResidentSetSize of job (KB)
...
006 (454.288.000) 2022-04-07 18:21:55 Image size of job updated: 776952
	319  -  MemoryUsage of job (MB)
	326620  -  ResidentSetSize of job (KB)
...
006 (454.288.000) 2022-04-07 18:26:56 Image size of job updated: 777208
	320  -  MemoryUsage of job (MB)
	326884  -  ResidentSetSize of job (KB)
...
006 (454.288.000) 2022-04-07 18:31:56 Image size of job updated: 777464
	320  -  MemoryUsage of job (MB)
	327016  -  ResidentSetSize of job (KB)
...
006 (454.288.000) 2022-04-07 18:36:56 Image size of job updated: 777720
	320  -  MemoryUsage of job (MB)
	327280  -  ResidentSetSize of job (KB)
...
006 (454.288.000) 2022-04-07 18:41:57 Image size of job updated: 777976
	320  -  MemoryUsage of job (MB)
	327412  -  ResidentSetSize of job (KB)
...
006 (454.288.000) 2022-04-07 18:46:58 Image size of job updated: 777976
	320  -  MemoryUsage of job (MB)
	327676  -  ResidentSetSize of job (KB)
...
006 (454.288.000) 2022-04-07 18:51:58 Image size of job updated: 778232
	321  -  MemoryUsage of job (MB)
	327940  -  ResidentSetSize of job (KB)
...
006 (454.288.000) 2022-04-07 18:56:59 Image size of job updated: 778488
	321  -  MemoryUsage of job (MB)
	328072  -  ResidentSetSize of job (KB)
...
006 (454.288.000) 2022-04-07 19:02:00 Image size of job updated: 778744
	321  -  MemoryUsage of job (MB)
	328336  -  ResidentSetSize of job (KB)
...
006 (454.288.000) 2022-04-07 19:07:00 Image size of job updated: 778744
	321  -  MemoryUsage of job (MB)
	328468  -  ResidentSetSize of job (KB)
...
006 (454.288.000) 2022-04-07 19:12:00 Image size of job updated: 779000
	322  -  MemoryUsage of job (MB)
	328732  -  ResidentSetSize of job (KB)
...
006 (454.288.000) 2022-04-07 19:17:01 Image size of job updated: 779256
	322  -  MemoryUsage of job (MB)
	328864  -  ResidentSetSize of job (KB)
...
006 (454.288.000) 2022-04-07 19:22:01 Image size of job updated: 779512
	322  -  MemoryUsage of job (MB)
	329128  -  ResidentSetSize of job (KB)
...
006 (454.288.000) 2022-04-07 19:27:01 Image size of job updated: 779768
	322  -  MemoryUsage of job (MB)
	329260  -  ResidentSetSize of job (KB)
...
005 (454.288.000) 2022-04-07 19:27:11 Job terminated.
	(1) Normal termination (return value 0)
		Usr 0 02:50:01, Sys 0 00:00:29  -  Run Remote Usage
		Usr 0 00:00:00, Sys 0 00:00:00  -  Run Local Usage
		Usr 0 02:50:01, Sys 0 00:00:29  -  Total Remote Usage
		Usr 0 00:00:00, Sys 0 00:00:00  -  Total Local Usage
	0  -  Run Bytes Sent By Job
	0  -  Run Bytes Received By Job
	0  -  Total Bytes Sent By Job
	0  -  Total Bytes Received By Job
	Partitionable Resources :    Usage  Request Allocated 
	   Cpus                 :     1.00        1         1 
	   Disk (KB)            :  7500        7500     10998 
	   Memory (MB)          :   322        1024      1024 

	Job terminated of its own accord at 2022-04-07T17:27:11Z with exit-code 0.
...
