000 (454.370.000) 2022-04-06 16:54:00 Job submitted from host: <10.18.24.243:9618?addrs=10.18.24.243-9618&alias=ecoclusts01.bioclust.biologie.ens.fr&noUDP&sock=schedd_1052_29b8>
...
001 (454.370.000) 2022-04-07 19:29:17 Job executing on host: <10.18.24.133:9618?addrs=10.18.24.133-9618&alias=dyoclust06.bioclust.biologie.ens.fr&noUDP&sock=startd_804_0e3b>
...
006 (454.370.000) 2022-04-07 19:29:26 Image size of job updated: 232208
	64  -  MemoryUsage of job (MB)
	64916  -  ResidentSetSize of job (KB)
...
006 (454.370.000) 2022-04-07 19:34:26 Image size of job updated: 845680
	317  -  MemoryUsage of job (MB)
	324104  -  ResidentSetSize of job (KB)
...
006 (454.370.000) 2022-04-07 20:39:31 Image size of job updated: 845680
	317  -  MemoryUsage of job (MB)
	324192  -  ResidentSetSize of job (KB)
...
006 (454.370.000) 2022-04-07 20:44:32 Image size of job updated: 845680
	317  -  MemoryUsage of job (MB)
	324456  -  ResidentSetSize of job (KB)
...
006 (454.370.000) 2022-04-07 20:49:33 Image size of job updated: 845680
	317  -  MemoryUsage of job (MB)
	324588  -  ResidentSetSize of job (KB)
...
006 (454.370.000) 2022-04-07 20:54:33 Image size of job updated: 845680
	318  -  MemoryUsage of job (MB)
	324720  -  ResidentSetSize of job (KB)
...
006 (454.370.000) 2022-04-07 20:59:34 Image size of job updated: 845680
	318  -  MemoryUsage of job (MB)
	324852  -  ResidentSetSize of job (KB)
...
006 (454.370.000) 2022-04-07 21:04:35 Image size of job updated: 845680
	318  -  MemoryUsage of job (MB)
	324984  -  ResidentSetSize of job (KB)
...
006 (454.370.000) 2022-04-07 21:09:35 Image size of job updated: 845680
	318  -  MemoryUsage of job (MB)
	325116  -  ResidentSetSize of job (KB)
...
006 (454.370.000) 2022-04-07 21:14:35 Image size of job updated: 845680
	318  -  MemoryUsage of job (MB)
	325248  -  ResidentSetSize of job (KB)
...
006 (454.370.000) 2022-04-07 21:19:36 Image size of job updated: 845680
	318  -  MemoryUsage of job (MB)
	325380  -  ResidentSetSize of job (KB)
...
006 (454.370.000) 2022-04-07 21:24:36 Image size of job updated: 845680
	319  -  MemoryUsage of job (MB)
	325644  -  ResidentSetSize of job (KB)
...
006 (454.370.000) 2022-04-07 21:29:36 Image size of job updated: 845680
	319  -  MemoryUsage of job (MB)
	325776  -  ResidentSetSize of job (KB)
...
006 (454.370.000) 2022-04-07 21:34:37 Image size of job updated: 845680
	319  -  MemoryUsage of job (MB)
	326040  -  ResidentSetSize of job (KB)
...
006 (454.370.000) 2022-04-07 21:39:38 Image size of job updated: 845680
	319  -  MemoryUsage of job (MB)
	326172  -  ResidentSetSize of job (KB)
...
006 (454.370.000) 2022-04-07 21:44:38 Image size of job updated: 845680
	319  -  MemoryUsage of job (MB)
	326304  -  ResidentSetSize of job (KB)
...
006 (454.370.000) 2022-04-07 21:49:39 Image size of job updated: 845680
	319  -  MemoryUsage of job (MB)
	326436  -  ResidentSetSize of job (KB)
...
006 (454.370.000) 2022-04-07 21:54:40 Image size of job updated: 845680
	319  -  MemoryUsage of job (MB)
	326568  -  ResidentSetSize of job (KB)
...
006 (454.370.000) 2022-04-07 22:04:40 Image size of job updated: 845680
	320  -  MemoryUsage of job (MB)
	326700  -  ResidentSetSize of job (KB)
...
006 (454.370.000) 2022-04-07 22:14:42 Image size of job updated: 845680
	320  -  MemoryUsage of job (MB)
	326832  -  ResidentSetSize of job (KB)
...
006 (454.370.000) 2022-04-07 22:19:42 Image size of job updated: 845680
	320  -  MemoryUsage of job (MB)
	327096  -  ResidentSetSize of job (KB)
...
006 (454.370.000) 2022-04-07 22:24:43 Image size of job updated: 845680
	320  -  MemoryUsage of job (MB)
	327228  -  ResidentSetSize of job (KB)
...
006 (454.370.000) 2022-04-07 22:29:44 Image size of job updated: 845680
	320  -  MemoryUsage of job (MB)
	327360  -  ResidentSetSize of job (KB)
...
006 (454.370.000) 2022-04-07 22:34:44 Image size of job updated: 845680
	320  -  MemoryUsage of job (MB)
	327492  -  ResidentSetSize of job (KB)
...
006 (454.370.000) 2022-04-07 22:39:44 Image size of job updated: 845680
	320  -  MemoryUsage of job (MB)
	327624  -  ResidentSetSize of job (KB)
...
006 (454.370.000) 2022-04-07 22:44:45 Image size of job updated: 845680
	321  -  MemoryUsage of job (MB)
	327756  -  ResidentSetSize of job (KB)
...
006 (454.370.000) 2022-04-07 22:49:45 Image size of job updated: 845680
	321  -  MemoryUsage of job (MB)
	327888  -  ResidentSetSize of job (KB)
...
006 (454.370.000) 2022-04-07 22:54:45 Image size of job updated: 845680
	321  -  MemoryUsage of job (MB)
	328020  -  ResidentSetSize of job (KB)
...
006 (454.370.000) 2022-04-07 22:59:46 Image size of job updated: 845680
	321  -  MemoryUsage of job (MB)
	328152  -  ResidentSetSize of job (KB)
...
006 (454.370.000) 2022-04-07 23:04:47 Image size of job updated: 845680
	321  -  MemoryUsage of job (MB)
	328416  -  ResidentSetSize of job (KB)
...
006 (454.370.000) 2022-04-07 23:09:47 Image size of job updated: 845680
	321  -  MemoryUsage of job (MB)
	328548  -  ResidentSetSize of job (KB)
...
006 (454.370.000) 2022-04-07 23:19:49 Image size of job updated: 845680
	322  -  MemoryUsage of job (MB)
	328812  -  ResidentSetSize of job (KB)
...
006 (454.370.000) 2022-04-07 23:24:49 Image size of job updated: 845680
	322  -  MemoryUsage of job (MB)
	328944  -  ResidentSetSize of job (KB)
...
006 (454.370.000) 2022-04-07 23:29:49 Image size of job updated: 845680
	322  -  MemoryUsage of job (MB)
	329076  -  ResidentSetSize of job (KB)
...
006 (454.370.000) 2022-04-07 23:34:51 Image size of job updated: 845680
	322  -  MemoryUsage of job (MB)
	329208  -  ResidentSetSize of job (KB)
...
005 (454.370.000) 2022-04-07 23:37:51 Job terminated.
	(1) Normal termination (return value 0)
		Usr 0 04:05:23, Sys 0 00:00:50  -  Run Remote Usage
		Usr 0 00:00:00, Sys 0 00:00:00  -  Run Local Usage
		Usr 0 04:05:23, Sys 0 00:00:50  -  Total Remote Usage
		Usr 0 00:00:00, Sys 0 00:00:00  -  Total Local Usage
	0  -  Run Bytes Sent By Job
	0  -  Run Bytes Received By Job
	0  -  Total Bytes Sent By Job
	0  -  Total Bytes Received By Job
	Partitionable Resources :    Usage  Request Allocated 
	   Cpus                 :     0.99        1         1 
	   Disk (KB)            :  7500        7500     10015 
	   Memory (MB)          :   322        1024      1024 

	Job terminated of its own accord at 2022-04-07T21:37:51Z with exit-code 0.
...
