000 (454.314.000) 2022-04-06 16:54:00 Job submitted from host: <10.18.24.243:9618?addrs=10.18.24.243-9618&alias=ecoclusts01.bioclust.biologie.ens.fr&noUDP&sock=schedd_1052_29b8>
...
001 (454.314.000) 2022-04-07 17:45:50 Job executing on host: <10.18.24.139:9618?addrs=10.18.24.139-9618&alias=dyoclust12.bioclust.biologie.ens.fr&noUDP&sock=startd_791_2380>
...
006 (454.314.000) 2022-04-07 17:45:59 Image size of job updated: 99732
	98  -  MemoryUsage of job (MB)
	99732  -  ResidentSetSize of job (KB)
...
006 (454.314.000) 2022-04-07 17:50:59 Image size of job updated: 823380
	317  -  MemoryUsage of job (MB)
	324312  -  ResidentSetSize of job (KB)
...
006 (454.314.000) 2022-04-07 18:41:03 Image size of job updated: 823380
	317  -  MemoryUsage of job (MB)
	324444  -  ResidentSetSize of job (KB)
...
006 (454.314.000) 2022-04-07 18:46:03 Image size of job updated: 823380
	317  -  MemoryUsage of job (MB)
	324576  -  ResidentSetSize of job (KB)
...
006 (454.314.000) 2022-04-07 18:51:04 Image size of job updated: 823380
	318  -  MemoryUsage of job (MB)
	324708  -  ResidentSetSize of job (KB)
...
006 (454.314.000) 2022-04-07 18:56:05 Image size of job updated: 823380
	318  -  MemoryUsage of job (MB)
	324840  -  ResidentSetSize of job (KB)
...
006 (454.314.000) 2022-04-07 19:01:05 Image size of job updated: 823380
	318  -  MemoryUsage of job (MB)
	325104  -  ResidentSetSize of job (KB)
...
006 (454.314.000) 2022-04-07 19:06:05 Image size of job updated: 823380
	318  -  MemoryUsage of job (MB)
	325236  -  ResidentSetSize of job (KB)
...
006 (454.314.000) 2022-04-07 19:11:06 Image size of job updated: 823380
	318  -  MemoryUsage of job (MB)
	325368  -  ResidentSetSize of job (KB)
...
006 (454.314.000) 2022-04-07 19:16:06 Image size of job updated: 823380
	318  -  MemoryUsage of job (MB)
	325632  -  ResidentSetSize of job (KB)
...
006 (454.314.000) 2022-04-07 19:21:06 Image size of job updated: 823380
	319  -  MemoryUsage of job (MB)
	325764  -  ResidentSetSize of job (KB)
...
006 (454.314.000) 2022-04-07 19:26:07 Image size of job updated: 823380
	319  -  MemoryUsage of job (MB)
	325896  -  ResidentSetSize of job (KB)
...
006 (454.314.000) 2022-04-07 19:31:08 Image size of job updated: 823380
	319  -  MemoryUsage of job (MB)
	326160  -  ResidentSetSize of job (KB)
...
006 (454.314.000) 2022-04-07 19:36:08 Image size of job updated: 823380
	319  -  MemoryUsage of job (MB)
	326292  -  ResidentSetSize of job (KB)
...
006 (454.314.000) 2022-04-07 19:41:08 Image size of job updated: 823380
	319  -  MemoryUsage of job (MB)
	326556  -  ResidentSetSize of job (KB)
...
006 (454.314.000) 2022-04-07 19:56:09 Image size of job updated: 823380
	320  -  MemoryUsage of job (MB)
	326688  -  ResidentSetSize of job (KB)
...
006 (454.314.000) 2022-04-07 20:01:10 Image size of job updated: 823380
	320  -  MemoryUsage of job (MB)
	326952  -  ResidentSetSize of job (KB)
...
006 (454.314.000) 2022-04-07 20:06:10 Image size of job updated: 823380
	320  -  MemoryUsage of job (MB)
	327084  -  ResidentSetSize of job (KB)
...
006 (454.314.000) 2022-04-07 20:11:10 Image size of job updated: 823380
	320  -  MemoryUsage of job (MB)
	327216  -  ResidentSetSize of job (KB)
...
006 (454.314.000) 2022-04-07 20:16:11 Image size of job updated: 823380
	320  -  MemoryUsage of job (MB)
	327480  -  ResidentSetSize of job (KB)
...
006 (454.314.000) 2022-04-07 20:21:12 Image size of job updated: 823380
	320  -  MemoryUsage of job (MB)
	327612  -  ResidentSetSize of job (KB)
...
006 (454.314.000) 2022-04-07 20:26:12 Image size of job updated: 823380
	321  -  MemoryUsage of job (MB)
	327744  -  ResidentSetSize of job (KB)
...
006 (454.314.000) 2022-04-07 20:31:12 Image size of job updated: 823380
	321  -  MemoryUsage of job (MB)
	328008  -  ResidentSetSize of job (KB)
...
006 (454.314.000) 2022-04-07 20:36:13 Image size of job updated: 823380
	321  -  MemoryUsage of job (MB)
	328140  -  ResidentSetSize of job (KB)
...
006 (454.314.000) 2022-04-07 20:41:13 Image size of job updated: 823380
	321  -  MemoryUsage of job (MB)
	328272  -  ResidentSetSize of job (KB)
...
006 (454.314.000) 2022-04-07 20:46:13 Image size of job updated: 823380
	321  -  MemoryUsage of job (MB)
	328404  -  ResidentSetSize of job (KB)
...
006 (454.314.000) 2022-04-07 20:51:14 Image size of job updated: 823380
	321  -  MemoryUsage of job (MB)
	328668  -  ResidentSetSize of job (KB)
...
006 (454.314.000) 2022-04-07 20:56:15 Image size of job updated: 823380
	322  -  MemoryUsage of job (MB)
	328800  -  ResidentSetSize of job (KB)
...
006 (454.314.000) 2022-04-07 21:01:15 Image size of job updated: 823380
	322  -  MemoryUsage of job (MB)
	328932  -  ResidentSetSize of job (KB)
...
006 (454.314.000) 2022-04-07 21:06:15 Image size of job updated: 823380
	322  -  MemoryUsage of job (MB)
	329064  -  ResidentSetSize of job (KB)
...
006 (454.314.000) 2022-04-07 21:11:16 Image size of job updated: 823380
	322  -  MemoryUsage of job (MB)
	329196  -  ResidentSetSize of job (KB)
...
005 (454.314.000) 2022-04-07 21:11:19 Job terminated.
	(1) Normal termination (return value 0)
		Usr 0 03:23:25, Sys 0 00:00:24  -  Run Remote Usage
		Usr 0 00:00:00, Sys 0 00:00:00  -  Run Local Usage
		Usr 0 03:23:25, Sys 0 00:00:24  -  Total Remote Usage
		Usr 0 00:00:00, Sys 0 00:00:00  -  Total Local Usage
	0  -  Run Bytes Sent By Job
	0  -  Run Bytes Received By Job
	0  -  Total Bytes Sent By Job
	0  -  Total Bytes Received By Job
	Partitionable Resources :    Usage  Request Allocated 
	   Cpus                 :     1.00        1         1 
	   Disk (KB)            :  7500        7500     10998 
	   Memory (MB)          :   322        1024      1024 

	Job terminated of its own accord at 2022-04-07T19:11:19Z with exit-code 0.
...
