000 (454.272.000) 2022-04-06 16:54:00 Job submitted from host: <10.18.24.243:9618?addrs=10.18.24.243-9618&alias=ecoclusts01.bioclust.biologie.ens.fr&noUDP&sock=schedd_1052_29b8>
...
001 (454.272.000) 2022-04-07 15:55:35 Job executing on host: <10.18.24.134:9618?addrs=10.18.24.134-9618&alias=dyoclust07.bioclust.biologie.ens.fr&noUDP&sock=startd_808_cc9c>
...
006 (454.272.000) 2022-04-07 15:55:44 Image size of job updated: 232204
	218  -  MemoryUsage of job (MB)
	223004  -  ResidentSetSize of job (KB)
...
006 (454.272.000) 2022-04-07 16:00:45 Image size of job updated: 741624
	317  -  MemoryUsage of job (MB)
	324060  -  ResidentSetSize of job (KB)
...
006 (454.272.000) 2022-04-07 16:05:45 Image size of job updated: 774392
	317  -  MemoryUsage of job (MB)
	324148  -  ResidentSetSize of job (KB)
...
006 (454.272.000) 2022-04-07 16:35:48 Image size of job updated: 774648
	317  -  MemoryUsage of job (MB)
	324148  -  ResidentSetSize of job (KB)
...
006 (454.272.000) 2022-04-07 16:40:49 Image size of job updated: 774648
	317  -  MemoryUsage of job (MB)
	324280  -  ResidentSetSize of job (KB)
...
006 (454.272.000) 2022-04-07 16:45:49 Image size of job updated: 774904
	317  -  MemoryUsage of job (MB)
	324412  -  ResidentSetSize of job (KB)
...
006 (454.272.000) 2022-04-07 16:50:49 Image size of job updated: 774904
	317  -  MemoryUsage of job (MB)
	324544  -  ResidentSetSize of job (KB)
...
006 (454.272.000) 2022-04-07 16:55:49 Image size of job updated: 775160
	318  -  MemoryUsage of job (MB)
	324676  -  ResidentSetSize of job (KB)
...
006 (454.272.000) 2022-04-07 17:00:50 Image size of job updated: 775160
	318  -  MemoryUsage of job (MB)
	324808  -  ResidentSetSize of job (KB)
...
006 (454.272.000) 2022-04-07 17:05:51 Image size of job updated: 775416
	318  -  MemoryUsage of job (MB)
	325072  -  ResidentSetSize of job (KB)
...
006 (454.272.000) 2022-04-07 17:10:51 Image size of job updated: 775672
	318  -  MemoryUsage of job (MB)
	325204  -  ResidentSetSize of job (KB)
...
006 (454.272.000) 2022-04-07 17:15:52 Image size of job updated: 775928
	318  -  MemoryUsage of job (MB)
	325336  -  ResidentSetSize of job (KB)
...
006 (454.272.000) 2022-04-07 17:20:53 Image size of job updated: 775928
	318  -  MemoryUsage of job (MB)
	325600  -  ResidentSetSize of job (KB)
...
006 (454.272.000) 2022-04-07 17:25:53 Image size of job updated: 776184
	319  -  MemoryUsage of job (MB)
	325732  -  ResidentSetSize of job (KB)
...
006 (454.272.000) 2022-04-07 17:30:53 Image size of job updated: 776440
	319  -  MemoryUsage of job (MB)
	325996  -  ResidentSetSize of job (KB)
...
006 (454.272.000) 2022-04-07 17:35:54 Image size of job updated: 776696
	319  -  MemoryUsage of job (MB)
	326260  -  ResidentSetSize of job (KB)
...
006 (454.272.000) 2022-04-07 17:40:55 Image size of job updated: 776952
	319  -  MemoryUsage of job (MB)
	326392  -  ResidentSetSize of job (KB)
...
006 (454.272.000) 2022-04-07 17:45:55 Image size of job updated: 776952
	319  -  MemoryUsage of job (MB)
	326524  -  ResidentSetSize of job (KB)
...
006 (454.272.000) 2022-04-07 17:55:56 Image size of job updated: 777208
	320  -  MemoryUsage of job (MB)
	326788  -  ResidentSetSize of job (KB)
...
006 (454.272.000) 2022-04-07 18:00:57 Image size of job updated: 777208
	320  -  MemoryUsage of job (MB)
	326920  -  ResidentSetSize of job (KB)
...
006 (454.272.000) 2022-04-07 18:05:57 Image size of job updated: 777464
	320  -  MemoryUsage of job (MB)
	327052  -  ResidentSetSize of job (KB)
...
006 (454.272.000) 2022-04-07 18:10:58 Image size of job updated: 777720
	320  -  MemoryUsage of job (MB)
	327316  -  ResidentSetSize of job (KB)
...
006 (454.272.000) 2022-04-07 18:15:59 Image size of job updated: 777976
	320  -  MemoryUsage of job (MB)
	327448  -  ResidentSetSize of job (KB)
...
006 (454.272.000) 2022-04-07 18:20:59 Image size of job updated: 777976
	320  -  MemoryUsage of job (MB)
	327580  -  ResidentSetSize of job (KB)
...
006 (454.272.000) 2022-04-07 18:25:59 Image size of job updated: 778232
	321  -  MemoryUsage of job (MB)
	327844  -  ResidentSetSize of job (KB)
...
006 (454.272.000) 2022-04-07 18:31:00 Image size of job updated: 778488
	321  -  MemoryUsage of job (MB)
	327976  -  ResidentSetSize of job (KB)
...
006 (454.272.000) 2022-04-07 18:36:01 Image size of job updated: 778488
	321  -  MemoryUsage of job (MB)
	328240  -  ResidentSetSize of job (KB)
...
006 (454.272.000) 2022-04-07 18:41:01 Image size of job updated: 778744
	321  -  MemoryUsage of job (MB)
	328372  -  ResidentSetSize of job (KB)
...
006 (454.272.000) 2022-04-07 18:46:01 Image size of job updated: 779000
	321  -  MemoryUsage of job (MB)
	328636  -  ResidentSetSize of job (KB)
...
006 (454.272.000) 2022-04-07 18:51:01 Image size of job updated: 779256
	322  -  MemoryUsage of job (MB)
	328768  -  ResidentSetSize of job (KB)
...
006 (454.272.000) 2022-04-07 18:56:02 Image size of job updated: 779256
	322  -  MemoryUsage of job (MB)
	328900  -  ResidentSetSize of job (KB)
...
006 (454.272.000) 2022-04-07 19:01:03 Image size of job updated: 779512
	322  -  MemoryUsage of job (MB)
	329164  -  ResidentSetSize of job (KB)
...
006 (454.272.000) 2022-04-07 19:04:45 Image size of job updated: 779768
	322  -  MemoryUsage of job (MB)
	329164  -  ResidentSetSize of job (KB)
...
005 (454.272.000) 2022-04-07 19:04:45 Job terminated.
	(1) Normal termination (return value 0)
		Usr 0 03:08:39, Sys 0 00:00:25  -  Run Remote Usage
		Usr 0 00:00:00, Sys 0 00:00:00  -  Run Local Usage
		Usr 0 03:08:39, Sys 0 00:00:25  -  Total Remote Usage
		Usr 0 00:00:00, Sys 0 00:00:00  -  Total Local Usage
	0  -  Run Bytes Sent By Job
	0  -  Run Bytes Received By Job
	0  -  Total Bytes Sent By Job
	0  -  Total Bytes Received By Job
	Partitionable Resources :    Usage  Request Allocated 
	   Cpus                 :     1.00        1         1 
	   Disk (KB)            :  7500        7500     10998 
	   Memory (MB)          :   322        1024      1024 

	Job terminated of its own accord at 2022-04-07T17:04:45Z with exit-code 0.
...
