000 (454.131.000) 2022-04-06 16:53:59 Job submitted from host: <10.18.24.243:9618?addrs=10.18.24.243-9618&alias=ecoclusts01.bioclust.biologie.ens.fr&noUDP&sock=schedd_1052_29b8>
...
001 (454.131.000) 2022-04-07 09:36:42 Job executing on host: <10.18.24.138:9618?addrs=10.18.24.138-9618&alias=dyoclust11.bioclust.biologie.ens.fr&noUDP&sock=startd_801_ff73>
...
006 (454.131.000) 2022-04-07 09:36:51 Image size of job updated: 198296
	163  -  MemoryUsage of job (MB)
	166640  -  ResidentSetSize of job (KB)
...
006 (454.131.000) 2022-04-07 09:41:52 Image size of job updated: 741620
	316  -  MemoryUsage of job (MB)
	322860  -  ResidentSetSize of job (KB)
...
006 (454.131.000) 2022-04-07 09:46:52 Image size of job updated: 774388
	317  -  MemoryUsage of job (MB)
	324048  -  ResidentSetSize of job (KB)
...
006 (454.131.000) 2022-04-07 10:31:56 Image size of job updated: 774644
	317  -  MemoryUsage of job (MB)
	324180  -  ResidentSetSize of job (KB)
...
006 (454.131.000) 2022-04-07 10:36:56 Image size of job updated: 774900
	317  -  MemoryUsage of job (MB)
	324444  -  ResidentSetSize of job (KB)
...
006 (454.131.000) 2022-04-07 10:41:56 Image size of job updated: 774900
	317  -  MemoryUsage of job (MB)
	324576  -  ResidentSetSize of job (KB)
...
006 (454.131.000) 2022-04-07 10:46:57 Image size of job updated: 775156
	318  -  MemoryUsage of job (MB)
	324708  -  ResidentSetSize of job (KB)
...
006 (454.131.000) 2022-04-07 10:51:58 Image size of job updated: 775156
	318  -  MemoryUsage of job (MB)
	324840  -  ResidentSetSize of job (KB)
...
006 (454.131.000) 2022-04-07 10:56:58 Image size of job updated: 775412
	318  -  MemoryUsage of job (MB)
	325104  -  ResidentSetSize of job (KB)
...
006 (454.131.000) 2022-04-07 11:01:59 Image size of job updated: 775668
	318  -  MemoryUsage of job (MB)
	325236  -  ResidentSetSize of job (KB)
...
006 (454.131.000) 2022-04-07 11:07:00 Image size of job updated: 775668
	318  -  MemoryUsage of job (MB)
	325368  -  ResidentSetSize of job (KB)
...
006 (454.131.000) 2022-04-07 11:12:00 Image size of job updated: 775924
	318  -  MemoryUsage of job (MB)
	325632  -  ResidentSetSize of job (KB)
...
006 (454.131.000) 2022-04-07 11:17:00 Image size of job updated: 776180
	319  -  MemoryUsage of job (MB)
	325764  -  ResidentSetSize of job (KB)
...
006 (454.131.000) 2022-04-07 11:22:01 Image size of job updated: 776436
	319  -  MemoryUsage of job (MB)
	326028  -  ResidentSetSize of job (KB)
...
006 (454.131.000) 2022-04-07 11:27:02 Image size of job updated: 776436
	319  -  MemoryUsage of job (MB)
	326160  -  ResidentSetSize of job (KB)
...
006 (454.131.000) 2022-04-07 11:32:02 Image size of job updated: 776692
	319  -  MemoryUsage of job (MB)
	326292  -  ResidentSetSize of job (KB)
...
006 (454.131.000) 2022-04-07 11:37:03 Image size of job updated: 776948
	319  -  MemoryUsage of job (MB)
	326556  -  ResidentSetSize of job (KB)
...
006 (454.131.000) 2022-04-07 11:52:04 Image size of job updated: 777204
	320  -  MemoryUsage of job (MB)
	326688  -  ResidentSetSize of job (KB)
...
006 (454.131.000) 2022-04-07 11:57:05 Image size of job updated: 777204
	320  -  MemoryUsage of job (MB)
	326952  -  ResidentSetSize of job (KB)
...
006 (454.131.000) 2022-04-07 12:02:06 Image size of job updated: 777460
	320  -  MemoryUsage of job (MB)
	327084  -  ResidentSetSize of job (KB)
...
006 (454.131.000) 2022-04-07 12:07:06 Image size of job updated: 777460
	320  -  MemoryUsage of job (MB)
	327216  -  ResidentSetSize of job (KB)
...
006 (454.131.000) 2022-04-07 12:12:07 Image size of job updated: 777716
	320  -  MemoryUsage of job (MB)
	327348  -  ResidentSetSize of job (KB)
...
006 (454.131.000) 2022-04-07 12:17:08 Image size of job updated: 777972
	320  -  MemoryUsage of job (MB)
	327480  -  ResidentSetSize of job (KB)
...
006 (454.131.000) 2022-04-07 12:22:08 Image size of job updated: 777972
	321  -  MemoryUsage of job (MB)
	327744  -  ResidentSetSize of job (KB)
...
006 (454.131.000) 2022-04-07 12:27:08 Image size of job updated: 778228
	321  -  MemoryUsage of job (MB)
	327876  -  ResidentSetSize of job (KB)
...
006 (454.131.000) 2022-04-07 12:32:09 Image size of job updated: 778484
	321  -  MemoryUsage of job (MB)
	328008  -  ResidentSetSize of job (KB)
...
006 (454.131.000) 2022-04-07 12:37:10 Image size of job updated: 778484
	321  -  MemoryUsage of job (MB)
	328140  -  ResidentSetSize of job (KB)
...
006 (454.131.000) 2022-04-07 12:42:10 Image size of job updated: 778740
	321  -  MemoryUsage of job (MB)
	328404  -  ResidentSetSize of job (KB)
...
006 (454.131.000) 2022-04-07 12:47:11 Image size of job updated: 778996
	321  -  MemoryUsage of job (MB)
	328536  -  ResidentSetSize of job (KB)
...
006 (454.131.000) 2022-04-07 12:52:12 Image size of job updated: 779252
	322  -  MemoryUsage of job (MB)
	328800  -  ResidentSetSize of job (KB)
...
006 (454.131.000) 2022-04-07 12:57:12 Image size of job updated: 779252
	322  -  MemoryUsage of job (MB)
	328932  -  ResidentSetSize of job (KB)
...
006 (454.131.000) 2022-04-07 13:02:12 Image size of job updated: 779508
	322  -  MemoryUsage of job (MB)
	329064  -  ResidentSetSize of job (KB)
...
006 (454.131.000) 2022-04-07 13:07:13 Image size of job updated: 779764
	322  -  MemoryUsage of job (MB)
	329196  -  ResidentSetSize of job (KB)
...
005 (454.131.000) 2022-04-07 13:07:33 Job terminated.
	(1) Normal termination (return value 0)
		Usr 0 03:29:19, Sys 0 00:00:30  -  Run Remote Usage
		Usr 0 00:00:00, Sys 0 00:00:00  -  Run Local Usage
		Usr 0 03:29:19, Sys 0 00:00:30  -  Total Remote Usage
		Usr 0 00:00:00, Sys 0 00:00:00  -  Total Local Usage
	0  -  Run Bytes Sent By Job
	0  -  Run Bytes Received By Job
	0  -  Total Bytes Sent By Job
	0  -  Total Bytes Received By Job
	Partitionable Resources :    Usage  Request Allocated 
	   Cpus                 :     1.00        1         1 
	   Disk (KB)            :  7500        7500     10998 
	   Memory (MB)          :   322        1024      1024 

	Job terminated of its own accord at 2022-04-07T11:07:33Z with exit-code 0.
...
