000 (454.123.000) 2022-04-06 16:53:59 Job submitted from host: <10.18.24.243:9618?addrs=10.18.24.243-9618&alias=ecoclusts01.bioclust.biologie.ens.fr&noUDP&sock=schedd_1052_29b8>
...
001 (454.123.000) 2022-04-07 09:13:42 Job executing on host: <10.18.24.130:9618?addrs=10.18.24.130-9618&alias=dyoclust03.bioclust.biologie.ens.fr&noUDP&sock=startd_813_3a96>
...
006 (454.123.000) 2022-04-07 09:13:51 Image size of job updated: 90888
	89  -  MemoryUsage of job (MB)
	90888  -  ResidentSetSize of job (KB)
...
006 (454.123.000) 2022-04-07 09:18:52 Image size of job updated: 741880
	317  -  MemoryUsage of job (MB)
	324348  -  ResidentSetSize of job (KB)
...
006 (454.123.000) 2022-04-07 09:23:52 Image size of job updated: 774648
	317  -  MemoryUsage of job (MB)
	324372  -  ResidentSetSize of job (KB)
...
006 (454.123.000) 2022-04-07 10:28:59 Image size of job updated: 774904
	317  -  MemoryUsage of job (MB)
	324504  -  ResidentSetSize of job (KB)
...
006 (454.123.000) 2022-04-07 10:33:59 Image size of job updated: 775160
	318  -  MemoryUsage of job (MB)
	324636  -  ResidentSetSize of job (KB)
...
006 (454.123.000) 2022-04-07 10:39:00 Image size of job updated: 775160
	318  -  MemoryUsage of job (MB)
	324768  -  ResidentSetSize of job (KB)
...
006 (454.123.000) 2022-04-07 10:44:01 Image size of job updated: 775416
	318  -  MemoryUsage of job (MB)
	324900  -  ResidentSetSize of job (KB)
...
006 (454.123.000) 2022-04-07 10:49:01 Image size of job updated: 775416
	318  -  MemoryUsage of job (MB)
	325164  -  ResidentSetSize of job (KB)
...
006 (454.123.000) 2022-04-07 10:54:01 Image size of job updated: 775672
	318  -  MemoryUsage of job (MB)
	325296  -  ResidentSetSize of job (KB)
...
006 (454.123.000) 2022-04-07 10:59:02 Image size of job updated: 775928
	318  -  MemoryUsage of job (MB)
	325428  -  ResidentSetSize of job (KB)
...
006 (454.123.000) 2022-04-07 11:04:02 Image size of job updated: 775928
	318  -  MemoryUsage of job (MB)
	325560  -  ResidentSetSize of job (KB)
...
006 (454.123.000) 2022-04-07 11:09:02 Image size of job updated: 776184
	319  -  MemoryUsage of job (MB)
	325824  -  ResidentSetSize of job (KB)
...
006 (454.123.000) 2022-04-07 11:14:03 Image size of job updated: 776440
	319  -  MemoryUsage of job (MB)
	325956  -  ResidentSetSize of job (KB)
...
006 (454.123.000) 2022-04-07 11:19:04 Image size of job updated: 776440
	319  -  MemoryUsage of job (MB)
	326088  -  ResidentSetSize of job (KB)
...
006 (454.123.000) 2022-04-07 11:24:04 Image size of job updated: 776696
	319  -  MemoryUsage of job (MB)
	326352  -  ResidentSetSize of job (KB)
...
006 (454.123.000) 2022-04-07 11:29:04 Image size of job updated: 776952
	319  -  MemoryUsage of job (MB)
	326484  -  ResidentSetSize of job (KB)
...
006 (454.123.000) 2022-04-07 11:39:05 Image size of job updated: 776952
	319  -  MemoryUsage of job (MB)
	326588  -  ResidentSetSize of job (KB)
...
006 (454.123.000) 2022-04-07 11:44:06 Image size of job updated: 777208
	320  -  MemoryUsage of job (MB)
	326720  -  ResidentSetSize of job (KB)
...
006 (454.123.000) 2022-04-07 11:49:06 Image size of job updated: 777208
	320  -  MemoryUsage of job (MB)
	326852  -  ResidentSetSize of job (KB)
...
006 (454.123.000) 2022-04-07 11:54:06 Image size of job updated: 777464
	320  -  MemoryUsage of job (MB)
	327116  -  ResidentSetSize of job (KB)
...
006 (454.123.000) 2022-04-07 11:59:07 Image size of job updated: 777720
	320  -  MemoryUsage of job (MB)
	327248  -  ResidentSetSize of job (KB)
...
006 (454.123.000) 2022-04-07 12:04:08 Image size of job updated: 777976
	320  -  MemoryUsage of job (MB)
	327512  -  ResidentSetSize of job (KB)
...
006 (454.123.000) 2022-04-07 12:09:08 Image size of job updated: 777976
	320  -  MemoryUsage of job (MB)
	327644  -  ResidentSetSize of job (KB)
...
006 (454.123.000) 2022-04-07 12:14:08 Image size of job updated: 778232
	321  -  MemoryUsage of job (MB)
	327776  -  ResidentSetSize of job (KB)
...
006 (454.123.000) 2022-04-07 12:19:09 Image size of job updated: 778488
	321  -  MemoryUsage of job (MB)
	328040  -  ResidentSetSize of job (KB)
...
006 (454.123.000) 2022-04-07 12:24:10 Image size of job updated: 778488
	321  -  MemoryUsage of job (MB)
	328172  -  ResidentSetSize of job (KB)
...
006 (454.123.000) 2022-04-07 12:29:10 Image size of job updated: 778744
	321  -  MemoryUsage of job (MB)
	328304  -  ResidentSetSize of job (KB)
...
006 (454.123.000) 2022-04-07 12:34:10 Image size of job updated: 779000
	321  -  MemoryUsage of job (MB)
	328568  -  ResidentSetSize of job (KB)
...
006 (454.123.000) 2022-04-07 12:39:11 Image size of job updated: 779000
	321  -  MemoryUsage of job (MB)
	328700  -  ResidentSetSize of job (KB)
...
006 (454.123.000) 2022-04-07 12:44:12 Image size of job updated: 779256
	322  -  MemoryUsage of job (MB)
	328832  -  ResidentSetSize of job (KB)
...
006 (454.123.000) 2022-04-07 12:49:12 Image size of job updated: 779512
	322  -  MemoryUsage of job (MB)
	329096  -  ResidentSetSize of job (KB)
...
006 (454.123.000) 2022-04-07 12:54:12 Image size of job updated: 779768
	322  -  MemoryUsage of job (MB)
	329228  -  ResidentSetSize of job (KB)
...
005 (454.123.000) 2022-04-07 12:54:41 Job terminated.
	(1) Normal termination (return value 0)
		Usr 0 03:40:23, Sys 0 00:00:27  -  Run Remote Usage
		Usr 0 00:00:00, Sys 0 00:00:00  -  Run Local Usage
		Usr 0 03:40:23, Sys 0 00:00:27  -  Total Remote Usage
		Usr 0 00:00:00, Sys 0 00:00:00  -  Total Local Usage
	0  -  Run Bytes Sent By Job
	0  -  Run Bytes Received By Job
	0  -  Total Bytes Sent By Job
	0  -  Total Bytes Received By Job
	Partitionable Resources :    Usage  Request Allocated 
	   Cpus                 :     1.00        1         1 
	   Disk (KB)            :  7500        7500     10998 
	   Memory (MB)          :   322        1024      1024 

	Job terminated of its own accord at 2022-04-07T10:54:40Z with exit-code 0.
...
