000 (454.219.000) 2022-04-06 16:54:00 Job submitted from host: <10.18.24.243:9618?addrs=10.18.24.243-9618&alias=ecoclusts01.bioclust.biologie.ens.fr&noUDP&sock=schedd_1052_29b8>
...
001 (454.219.000) 2022-04-07 13:43:04 Job executing on host: <10.18.24.178:9618?addrs=10.18.24.178-9618&alias=mcbsclust07.bioclust.biologie.ens.fr&noUDP&sock=startd_912_2276>
...
006 (454.219.000) 2022-04-07 13:43:12 Image size of job updated: 218688
	214  -  MemoryUsage of job (MB)
	218688  -  ResidentSetSize of job (KB)
...
006 (454.219.000) 2022-04-07 13:48:12 Image size of job updated: 896304
	275  -  MemoryUsage of job (MB)
	281492  -  ResidentSetSize of job (KB)
...
006 (454.219.000) 2022-04-07 13:53:13 Image size of job updated: 896304
	317  -  MemoryUsage of job (MB)
	324060  -  ResidentSetSize of job (KB)
...
006 (454.219.000) 2022-04-07 15:23:22 Image size of job updated: 896304
	317  -  MemoryUsage of job (MB)
	324192  -  ResidentSetSize of job (KB)
...
006 (454.219.000) 2022-04-07 15:28:22 Image size of job updated: 896304
	317  -  MemoryUsage of job (MB)
	324324  -  ResidentSetSize of job (KB)
...
006 (454.219.000) 2022-04-07 15:33:23 Image size of job updated: 896304
	317  -  MemoryUsage of job (MB)
	324456  -  ResidentSetSize of job (KB)
...
006 (454.219.000) 2022-04-07 15:43:24 Image size of job updated: 896304
	317  -  MemoryUsage of job (MB)
	324588  -  ResidentSetSize of job (KB)
...
006 (454.219.000) 2022-04-07 15:48:24 Image size of job updated: 896304
	318  -  MemoryUsage of job (MB)
	324720  -  ResidentSetSize of job (KB)
...
006 (454.219.000) 2022-04-07 15:58:25 Image size of job updated: 896304
	318  -  MemoryUsage of job (MB)
	324852  -  ResidentSetSize of job (KB)
...
006 (454.219.000) 2022-04-07 16:03:25 Image size of job updated: 896304
	318  -  MemoryUsage of job (MB)
	324984  -  ResidentSetSize of job (KB)
...
006 (454.219.000) 2022-04-07 16:08:26 Image size of job updated: 896304
	318  -  MemoryUsage of job (MB)
	325116  -  ResidentSetSize of job (KB)
...
006 (454.219.000) 2022-04-07 16:13:27 Image size of job updated: 896304
	318  -  MemoryUsage of job (MB)
	325248  -  ResidentSetSize of job (KB)
...
006 (454.219.000) 2022-04-07 16:23:27 Image size of job updated: 896304
	318  -  MemoryUsage of job (MB)
	325380  -  ResidentSetSize of job (KB)
...
006 (454.219.000) 2022-04-07 16:28:28 Image size of job updated: 896304
	318  -  MemoryUsage of job (MB)
	325512  -  ResidentSetSize of job (KB)
...
006 (454.219.000) 2022-04-07 16:33:28 Image size of job updated: 896304
	319  -  MemoryUsage of job (MB)
	325644  -  ResidentSetSize of job (KB)
...
006 (454.219.000) 2022-04-07 16:43:29 Image size of job updated: 896304
	319  -  MemoryUsage of job (MB)
	325776  -  ResidentSetSize of job (KB)
...
006 (454.219.000) 2022-04-07 16:48:30 Image size of job updated: 896304
	319  -  MemoryUsage of job (MB)
	325908  -  ResidentSetSize of job (KB)
...
006 (454.219.000) 2022-04-07 16:53:30 Image size of job updated: 896304
	319  -  MemoryUsage of job (MB)
	326040  -  ResidentSetSize of job (KB)
...
006 (454.219.000) 2022-04-07 16:58:30 Image size of job updated: 896304
	319  -  MemoryUsage of job (MB)
	326172  -  ResidentSetSize of job (KB)
...
006 (454.219.000) 2022-04-07 17:08:32 Image size of job updated: 896304
	319  -  MemoryUsage of job (MB)
	326304  -  ResidentSetSize of job (KB)
...
006 (454.219.000) 2022-04-07 17:13:32 Image size of job updated: 896304
	319  -  MemoryUsage of job (MB)
	326436  -  ResidentSetSize of job (KB)
...
006 (454.219.000) 2022-04-07 17:18:33 Image size of job updated: 896304
	319  -  MemoryUsage of job (MB)
	326568  -  ResidentSetSize of job (KB)
...
006 (454.219.000) 2022-04-07 17:38:35 Image size of job updated: 896304
	320  -  MemoryUsage of job (MB)
	326700  -  ResidentSetSize of job (KB)
...
006 (454.219.000) 2022-04-07 17:48:36 Image size of job updated: 896304
	320  -  MemoryUsage of job (MB)
	326832  -  ResidentSetSize of job (KB)
...
006 (454.219.000) 2022-04-07 17:58:38 Image size of job updated: 896304
	320  -  MemoryUsage of job (MB)
	326964  -  ResidentSetSize of job (KB)
...
006 (454.219.000) 2022-04-07 18:03:38 Image size of job updated: 896304
	320  -  MemoryUsage of job (MB)
	327096  -  ResidentSetSize of job (KB)
...
006 (454.219.000) 2022-04-07 18:08:38 Image size of job updated: 896304
	320  -  MemoryUsage of job (MB)
	327228  -  ResidentSetSize of job (KB)
...
006 (454.219.000) 2022-04-07 18:18:40 Image size of job updated: 896304
	320  -  MemoryUsage of job (MB)
	327360  -  ResidentSetSize of job (KB)
...
006 (454.219.000) 2022-04-07 18:23:40 Image size of job updated: 896304
	320  -  MemoryUsage of job (MB)
	327492  -  ResidentSetSize of job (KB)
...
006 (454.219.000) 2022-04-07 18:28:41 Image size of job updated: 896304
	320  -  MemoryUsage of job (MB)
	327624  -  ResidentSetSize of job (KB)
...
006 (454.219.000) 2022-04-07 18:38:42 Image size of job updated: 896304
	321  -  MemoryUsage of job (MB)
	327756  -  ResidentSetSize of job (KB)
...
006 (454.219.000) 2022-04-07 18:43:42 Image size of job updated: 896304
	321  -  MemoryUsage of job (MB)
	327888  -  ResidentSetSize of job (KB)
...
006 (454.219.000) 2022-04-07 18:48:43 Image size of job updated: 896304
	321  -  MemoryUsage of job (MB)
	328020  -  ResidentSetSize of job (KB)
...
006 (454.219.000) 2022-04-07 18:58:43 Image size of job updated: 896304
	321  -  MemoryUsage of job (MB)
	328152  -  ResidentSetSize of job (KB)
...
006 (454.219.000) 2022-04-07 19:03:44 Image size of job updated: 896304
	321  -  MemoryUsage of job (MB)
	328284  -  ResidentSetSize of job (KB)
...
006 (454.219.000) 2022-04-07 19:08:45 Image size of job updated: 896304
	321  -  MemoryUsage of job (MB)
	328416  -  ResidentSetSize of job (KB)
...
006 (454.219.000) 2022-04-07 19:18:45 Image size of job updated: 896304
	321  -  MemoryUsage of job (MB)
	328548  -  ResidentSetSize of job (KB)
...
006 (454.219.000) 2022-04-07 19:23:46 Image size of job updated: 896304
	321  -  MemoryUsage of job (MB)
	328680  -  ResidentSetSize of job (KB)
...
006 (454.219.000) 2022-04-07 19:33:46 Image size of job updated: 896304
	322  -  MemoryUsage of job (MB)
	328812  -  ResidentSetSize of job (KB)
...
006 (454.219.000) 2022-04-07 19:38:47 Image size of job updated: 896304
	322  -  MemoryUsage of job (MB)
	328944  -  ResidentSetSize of job (KB)
...
006 (454.219.000) 2022-04-07 19:43:48 Image size of job updated: 896304
	322  -  MemoryUsage of job (MB)
	329076  -  ResidentSetSize of job (KB)
...
006 (454.219.000) 2022-04-07 19:53:48 Image size of job updated: 896304
	322  -  MemoryUsage of job (MB)
	329208  -  ResidentSetSize of job (KB)
...
005 (454.219.000) 2022-04-07 19:59:00 Job terminated.
	(1) Normal termination (return value 0)
		Usr 0 06:14:59, Sys 0 00:00:15  -  Run Remote Usage
		Usr 0 00:00:00, Sys 0 00:00:00  -  Run Local Usage
		Usr 0 06:14:59, Sys 0 00:00:15  -  Total Remote Usage
		Usr 0 00:00:00, Sys 0 00:00:00  -  Total Local Usage
	0  -  Run Bytes Sent By Job
	0  -  Run Bytes Received By Job
	0  -  Total Bytes Sent By Job
	0  -  Total Bytes Received By Job
	Partitionable Resources :    Usage  Request Allocated 
	   Cpus                 :     1.00        1         1 
	   Disk (KB)            :  7500        7500     11001 
	   Memory (MB)          :   322        1024      1024 

	Job terminated of its own accord at 2022-04-07T17:59:00Z with exit-code 0.
...
