000 (454.450.000) 2022-04-06 16:54:01 Job submitted from host: <10.18.24.243:9618?addrs=10.18.24.243-9618&alias=ecoclusts01.bioclust.biologie.ens.fr&noUDP&sock=schedd_1052_29b8>
...
001 (454.450.000) 2022-04-07 21:52:56 Job executing on host: <10.18.24.137:9618?addrs=10.18.24.137-9618&alias=dyoclust10.bioclust.biologie.ens.fr&noUDP&sock=startd_830_e3b2>
...
006 (454.450.000) 2022-04-07 21:53:05 Image size of job updated: 192176
	188  -  MemoryUsage of job (MB)
	192176  -  ResidentSetSize of job (KB)
...
006 (454.450.000) 2022-04-07 21:58:05 Image size of job updated: 741620
	317  -  MemoryUsage of job (MB)
	324112  -  ResidentSetSize of job (KB)
...
006 (454.450.000) 2022-04-07 22:03:05 Image size of job updated: 774388
	317  -  MemoryUsage of job (MB)
	324112  -  ResidentSetSize of job (KB)
...
006 (454.450.000) 2022-04-07 22:33:08 Image size of job updated: 774644
	317  -  MemoryUsage of job (MB)
	324244  -  ResidentSetSize of job (KB)
...
006 (454.450.000) 2022-04-07 22:38:08 Image size of job updated: 774900
	317  -  MemoryUsage of job (MB)
	324376  -  ResidentSetSize of job (KB)
...
006 (454.450.000) 2022-04-07 22:43:09 Image size of job updated: 775156
	318  -  MemoryUsage of job (MB)
	324640  -  ResidentSetSize of job (KB)
...
006 (454.450.000) 2022-04-07 22:48:09 Image size of job updated: 775156
	318  -  MemoryUsage of job (MB)
	324772  -  ResidentSetSize of job (KB)
...
006 (454.450.000) 2022-04-07 22:53:09 Image size of job updated: 775412
	318  -  MemoryUsage of job (MB)
	324904  -  ResidentSetSize of job (KB)
...
006 (454.450.000) 2022-04-07 22:58:10 Image size of job updated: 775412
	318  -  MemoryUsage of job (MB)
	325168  -  ResidentSetSize of job (KB)
...
006 (454.450.000) 2022-04-07 23:03:11 Image size of job updated: 775668
	318  -  MemoryUsage of job (MB)
	325300  -  ResidentSetSize of job (KB)
...
006 (454.450.000) 2022-04-07 23:08:11 Image size of job updated: 775924
	318  -  MemoryUsage of job (MB)
	325432  -  ResidentSetSize of job (KB)
...
006 (454.450.000) 2022-04-07 23:13:11 Image size of job updated: 776180
	319  -  MemoryUsage of job (MB)
	325696  -  ResidentSetSize of job (KB)
...
006 (454.450.000) 2022-04-07 23:18:12 Image size of job updated: 776180
	319  -  MemoryUsage of job (MB)
	325960  -  ResidentSetSize of job (KB)
...
006 (454.450.000) 2022-04-07 23:23:12 Image size of job updated: 776436
	319  -  MemoryUsage of job (MB)
	326092  -  ResidentSetSize of job (KB)
...
006 (454.450.000) 2022-04-07 23:28:12 Image size of job updated: 776692
	319  -  MemoryUsage of job (MB)
	326356  -  ResidentSetSize of job (KB)
...
006 (454.450.000) 2022-04-07 23:33:13 Image size of job updated: 776948
	319  -  MemoryUsage of job (MB)
	326488  -  ResidentSetSize of job (KB)
...
006 (454.450.000) 2022-04-07 23:43:14 Image size of job updated: 776948
	319  -  MemoryUsage of job (MB)
	326592  -  ResidentSetSize of job (KB)
...
006 (454.450.000) 2022-04-07 23:48:15 Image size of job updated: 777204
	320  -  MemoryUsage of job (MB)
	326856  -  ResidentSetSize of job (KB)
...
006 (454.450.000) 2022-04-07 23:53:16 Image size of job updated: 777460
	320  -  MemoryUsage of job (MB)
	326988  -  ResidentSetSize of job (KB)
...
006 (454.450.000) 2022-04-07 23:58:16 Image size of job updated: 777716
	320  -  MemoryUsage of job (MB)
	327252  -  ResidentSetSize of job (KB)
...
006 (454.450.000) 2022-04-08 00:03:16 Image size of job updated: 777716
	320  -  MemoryUsage of job (MB)
	327384  -  ResidentSetSize of job (KB)
...
006 (454.450.000) 2022-04-08 00:08:17 Image size of job updated: 777972
	320  -  MemoryUsage of job (MB)
	327648  -  ResidentSetSize of job (KB)
...
006 (454.450.000) 2022-04-08 00:13:18 Image size of job updated: 778228
	321  -  MemoryUsage of job (MB)
	327780  -  ResidentSetSize of job (KB)
...
006 (454.450.000) 2022-04-08 00:18:18 Image size of job updated: 778484
	321  -  MemoryUsage of job (MB)
	327912  -  ResidentSetSize of job (KB)
...
006 (454.450.000) 2022-04-08 00:23:19 Image size of job updated: 778484
	321  -  MemoryUsage of job (MB)
	328176  -  ResidentSetSize of job (KB)
...
006 (454.450.000) 2022-04-08 00:28:20 Image size of job updated: 778740
	321  -  MemoryUsage of job (MB)
	328308  -  ResidentSetSize of job (KB)
...
006 (454.450.000) 2022-04-08 00:33:20 Image size of job updated: 778996
	321  -  MemoryUsage of job (MB)
	328572  -  ResidentSetSize of job (KB)
...
006 (454.450.000) 2022-04-08 00:38:19 Image size of job updated: 779252
	321  -  MemoryUsage of job (MB)
	328704  -  ResidentSetSize of job (KB)
...
006 (454.450.000) 2022-04-08 00:43:20 Image size of job updated: 779252
	322  -  MemoryUsage of job (MB)
	328968  -  ResidentSetSize of job (KB)
...
006 (454.450.000) 2022-04-08 00:48:21 Image size of job updated: 779508
	322  -  MemoryUsage of job (MB)
	329100  -  ResidentSetSize of job (KB)
...
006 (454.450.000) 2022-04-08 00:51:15 Image size of job updated: 779764
	322  -  MemoryUsage of job (MB)
	329100  -  ResidentSetSize of job (KB)
...
005 (454.450.000) 2022-04-08 00:51:15 Job terminated.
	(1) Normal termination (return value 0)
		Usr 0 02:56:19, Sys 0 00:00:25  -  Run Remote Usage
		Usr 0 00:00:00, Sys 0 00:00:00  -  Run Local Usage
		Usr 0 02:56:19, Sys 0 00:00:25  -  Total Remote Usage
		Usr 0 00:00:00, Sys 0 00:00:00  -  Total Local Usage
	0  -  Run Bytes Sent By Job
	0  -  Run Bytes Received By Job
	0  -  Total Bytes Sent By Job
	0  -  Total Bytes Received By Job
	Partitionable Resources :    Usage  Request Allocated 
	   Cpus                 :     1.00        1         1 
	   Disk (KB)            :  7500        7500     10999 
	   Memory (MB)          :   322        1024      1024 

	Job terminated of its own accord at 2022-04-07T22:51:15Z with exit-code 0.
...
