000 (454.493.000) 2022-04-06 16:54:01 Job submitted from host: <10.18.24.243:9618?addrs=10.18.24.243-9618&alias=ecoclusts01.bioclust.biologie.ens.fr&noUDP&sock=schedd_1052_29b8>
...
001 (454.493.000) 2022-04-07 23:12:57 Job executing on host: <10.18.24.141:9618?addrs=10.18.24.141-9618&alias=dyoclust14.bioclust.biologie.ens.fr&noUDP&sock=startd_801_ff73>
...
006 (454.493.000) 2022-04-07 23:13:06 Image size of job updated: 120216
	118  -  MemoryUsage of job (MB)
	119840  -  ResidentSetSize of job (KB)
...
006 (454.493.000) 2022-04-07 23:18:06 Image size of job updated: 741880
	311  -  MemoryUsage of job (MB)
	317884  -  ResidentSetSize of job (KB)
...
006 (454.493.000) 2022-04-07 23:23:07 Image size of job updated: 774648
	317  -  MemoryUsage of job (MB)
	324380  -  ResidentSetSize of job (KB)
...
006 (454.493.000) 2022-04-08 00:03:11 Image size of job updated: 774904
	317  -  MemoryUsage of job (MB)
	324512  -  ResidentSetSize of job (KB)
...
006 (454.493.000) 2022-04-08 00:08:11 Image size of job updated: 774904
	318  -  MemoryUsage of job (MB)
	324644  -  ResidentSetSize of job (KB)
...
006 (454.493.000) 2022-04-08 00:13:11 Image size of job updated: 775160
	318  -  MemoryUsage of job (MB)
	324776  -  ResidentSetSize of job (KB)
...
006 (454.493.000) 2022-04-08 00:18:12 Image size of job updated: 775416
	318  -  MemoryUsage of job (MB)
	325040  -  ResidentSetSize of job (KB)
...
006 (454.493.000) 2022-04-08 00:23:12 Image size of job updated: 775672
	318  -  MemoryUsage of job (MB)
	325172  -  ResidentSetSize of job (KB)
...
006 (454.493.000) 2022-04-08 00:28:12 Image size of job updated: 775928
	318  -  MemoryUsage of job (MB)
	325436  -  ResidentSetSize of job (KB)
...
006 (454.493.000) 2022-04-08 00:33:13 Image size of job updated: 775928
	318  -  MemoryUsage of job (MB)
	325568  -  ResidentSetSize of job (KB)
...
006 (454.493.000) 2022-04-08 00:38:13 Image size of job updated: 776184
	319  -  MemoryUsage of job (MB)
	325832  -  ResidentSetSize of job (KB)
...
006 (454.493.000) 2022-04-08 00:43:13 Image size of job updated: 776440
	319  -  MemoryUsage of job (MB)
	326096  -  ResidentSetSize of job (KB)
...
006 (454.493.000) 2022-04-08 00:48:15 Image size of job updated: 776696
	319  -  MemoryUsage of job (MB)
	326228  -  ResidentSetSize of job (KB)
...
006 (454.493.000) 2022-04-08 00:53:16 Image size of job updated: 776952
	319  -  MemoryUsage of job (MB)
	326492  -  ResidentSetSize of job (KB)
...
006 (454.493.000) 2022-04-08 01:03:16 Image size of job updated: 776952
	319  -  MemoryUsage of job (MB)
	326592  -  ResidentSetSize of job (KB)
...
006 (454.493.000) 2022-04-08 01:08:17 Image size of job updated: 777208
	320  -  MemoryUsage of job (MB)
	326856  -  ResidentSetSize of job (KB)
...
006 (454.493.000) 2022-04-08 01:13:18 Image size of job updated: 777464
	320  -  MemoryUsage of job (MB)
	326988  -  ResidentSetSize of job (KB)
...
006 (454.493.000) 2022-04-08 01:18:18 Image size of job updated: 777464
	320  -  MemoryUsage of job (MB)
	327120  -  ResidentSetSize of job (KB)
...
006 (454.493.000) 2022-04-08 01:23:18 Image size of job updated: 777720
	320  -  MemoryUsage of job (MB)
	327384  -  ResidentSetSize of job (KB)
...
006 (454.493.000) 2022-04-08 01:28:19 Image size of job updated: 777976
	320  -  MemoryUsage of job (MB)
	327516  -  ResidentSetSize of job (KB)
...
006 (454.493.000) 2022-04-08 01:33:19 Image size of job updated: 778232
	321  -  MemoryUsage of job (MB)
	327780  -  ResidentSetSize of job (KB)
...
006 (454.493.000) 2022-04-08 01:38:19 Image size of job updated: 778232
	321  -  MemoryUsage of job (MB)
	327912  -  ResidentSetSize of job (KB)
...
006 (454.493.000) 2022-04-08 01:43:20 Image size of job updated: 778488
	321  -  MemoryUsage of job (MB)
	328176  -  ResidentSetSize of job (KB)
...
006 (454.493.000) 2022-04-08 01:48:21 Image size of job updated: 778744
	321  -  MemoryUsage of job (MB)
	328308  -  ResidentSetSize of job (KB)
...
006 (454.493.000) 2022-04-08 01:53:21 Image size of job updated: 779000
	321  -  MemoryUsage of job (MB)
	328572  -  ResidentSetSize of job (KB)
...
006 (454.493.000) 2022-04-08 01:58:21 Image size of job updated: 779256
	321  -  MemoryUsage of job (MB)
	328704  -  ResidentSetSize of job (KB)
...
006 (454.493.000) 2022-04-08 02:03:22 Image size of job updated: 779256
	322  -  MemoryUsage of job (MB)
	328968  -  ResidentSetSize of job (KB)
...
006 (454.493.000) 2022-04-08 02:08:22 Image size of job updated: 779512
	322  -  MemoryUsage of job (MB)
	329100  -  ResidentSetSize of job (KB)
...
006 (454.493.000) 2022-04-08 02:11:04 Image size of job updated: 779768
	322  -  MemoryUsage of job (MB)
	329100  -  ResidentSetSize of job (KB)
...
005 (454.493.000) 2022-04-08 02:11:04 Job terminated.
	(1) Normal termination (return value 0)
		Usr 0 02:56:15, Sys 0 00:00:24  -  Run Remote Usage
		Usr 0 00:00:00, Sys 0 00:00:00  -  Run Local Usage
		Usr 0 02:56:15, Sys 0 00:00:24  -  Total Remote Usage
		Usr 0 00:00:00, Sys 0 00:00:00  -  Total Local Usage
	0  -  Run Bytes Sent By Job
	0  -  Run Bytes Received By Job
	0  -  Total Bytes Sent By Job
	0  -  Total Bytes Received By Job
	Partitionable Resources :    Usage  Request Allocated 
	   Cpus                 :     1.00        1         1 
	   Disk (KB)            :  7500        7500     10998 
	   Memory (MB)          :   322        1024      1024 

	Job terminated of its own accord at 2022-04-08T00:11:04Z with exit-code 0.
...
