000 (454.589.000) 2022-04-06 16:54:01 Job submitted from host: <10.18.24.243:9618?addrs=10.18.24.243-9618&alias=ecoclusts01.bioclust.biologie.ens.fr&noUDP&sock=schedd_1052_29b8>
...
001 (454.589.000) 2022-04-08 02:00:02 Job executing on host: <10.18.24.138:9618?addrs=10.18.24.138-9618&alias=dyoclust11.bioclust.biologie.ens.fr&noUDP&sock=startd_801_ff73>
...
006 (454.589.000) 2022-04-08 02:00:11 Image size of job updated: 334444
	113  -  MemoryUsage of job (MB)
	115068  -  ResidentSetSize of job (KB)
...
006 (454.589.000) 2022-04-08 02:05:11 Image size of job updated: 741620
	317  -  MemoryUsage of job (MB)
	324072  -  ResidentSetSize of job (KB)
...
006 (454.589.000) 2022-04-08 02:10:11 Image size of job updated: 774388
	317  -  MemoryUsage of job (MB)
	324072  -  ResidentSetSize of job (KB)
...
006 (454.589.000) 2022-04-08 02:45:15 Image size of job updated: 774644
	317  -  MemoryUsage of job (MB)
	324072  -  ResidentSetSize of job (KB)
...
006 (454.589.000) 2022-04-08 02:50:16 Image size of job updated: 774644
	317  -  MemoryUsage of job (MB)
	324204  -  ResidentSetSize of job (KB)
...
006 (454.589.000) 2022-04-08 02:55:16 Image size of job updated: 774900
	317  -  MemoryUsage of job (MB)
	324468  -  ResidentSetSize of job (KB)
...
006 (454.589.000) 2022-04-08 03:00:16 Image size of job updated: 775156
	317  -  MemoryUsage of job (MB)
	324600  -  ResidentSetSize of job (KB)
...
006 (454.589.000) 2022-04-08 03:05:17 Image size of job updated: 775156
	318  -  MemoryUsage of job (MB)
	324864  -  ResidentSetSize of job (KB)
...
006 (454.589.000) 2022-04-08 03:10:18 Image size of job updated: 775412
	318  -  MemoryUsage of job (MB)
	324996  -  ResidentSetSize of job (KB)
...
006 (454.589.000) 2022-04-08 03:15:18 Image size of job updated: 775668
	318  -  MemoryUsage of job (MB)
	325260  -  ResidentSetSize of job (KB)
...
006 (454.589.000) 2022-04-08 03:20:19 Image size of job updated: 775924
	318  -  MemoryUsage of job (MB)
	325524  -  ResidentSetSize of job (KB)
...
006 (454.589.000) 2022-04-08 03:25:20 Image size of job updated: 776180
	319  -  MemoryUsage of job (MB)
	325656  -  ResidentSetSize of job (KB)
...
006 (454.589.000) 2022-04-08 03:30:20 Image size of job updated: 776180
	319  -  MemoryUsage of job (MB)
	325920  -  ResidentSetSize of job (KB)
...
006 (454.589.000) 2022-04-08 03:35:20 Image size of job updated: 776436
	319  -  MemoryUsage of job (MB)
	326052  -  ResidentSetSize of job (KB)
...
006 (454.589.000) 2022-04-08 03:40:21 Image size of job updated: 776692
	319  -  MemoryUsage of job (MB)
	326316  -  ResidentSetSize of job (KB)
...
006 (454.589.000) 2022-04-08 03:45:21 Image size of job updated: 776948
	319  -  MemoryUsage of job (MB)
	326580  -  ResidentSetSize of job (KB)
...
006 (454.589.000) 2022-04-08 04:00:23 Image size of job updated: 777204
	320  -  MemoryUsage of job (MB)
	326712  -  ResidentSetSize of job (KB)
...
006 (454.589.000) 2022-04-08 04:05:23 Image size of job updated: 777204
	320  -  MemoryUsage of job (MB)
	326976  -  ResidentSetSize of job (KB)
...
006 (454.589.000) 2022-04-08 04:10:23 Image size of job updated: 777460
	320  -  MemoryUsage of job (MB)
	327108  -  ResidentSetSize of job (KB)
...
006 (454.589.000) 2022-04-08 04:15:24 Image size of job updated: 777716
	320  -  MemoryUsage of job (MB)
	327240  -  ResidentSetSize of job (KB)
...
006 (454.589.000) 2022-04-08 04:20:24 Image size of job updated: 777972
	320  -  MemoryUsage of job (MB)
	327504  -  ResidentSetSize of job (KB)
...
006 (454.589.000) 2022-04-08 04:25:24 Image size of job updated: 777972
	320  -  MemoryUsage of job (MB)
	327636  -  ResidentSetSize of job (KB)
...
006 (454.589.000) 2022-04-08 04:30:25 Image size of job updated: 778228
	321  -  MemoryUsage of job (MB)
	327768  -  ResidentSetSize of job (KB)
...
006 (454.589.000) 2022-04-08 04:35:26 Image size of job updated: 778484
	321  -  MemoryUsage of job (MB)
	328032  -  ResidentSetSize of job (KB)
...
006 (454.589.000) 2022-04-08 04:40:26 Image size of job updated: 778484
	321  -  MemoryUsage of job (MB)
	328164  -  ResidentSetSize of job (KB)
...
006 (454.589.000) 2022-04-08 04:45:27 Image size of job updated: 778740
	321  -  MemoryUsage of job (MB)
	328428  -  ResidentSetSize of job (KB)
...
006 (454.589.000) 2022-04-08 04:50:28 Image size of job updated: 778996
	321  -  MemoryUsage of job (MB)
	328560  -  ResidentSetSize of job (KB)
...
006 (454.589.000) 2022-04-08 04:55:28 Image size of job updated: 779252
	321  -  MemoryUsage of job (MB)
	328692  -  ResidentSetSize of job (KB)
...
006 (454.589.000) 2022-04-08 05:00:28 Image size of job updated: 779252
	322  -  MemoryUsage of job (MB)
	328956  -  ResidentSetSize of job (KB)
...
006 (454.589.000) 2022-04-08 05:05:29 Image size of job updated: 779508
	322  -  MemoryUsage of job (MB)
	329088  -  ResidentSetSize of job (KB)
...
006 (454.589.000) 2022-04-08 05:10:00 Image size of job updated: 779764
	322  -  MemoryUsage of job (MB)
	329088  -  ResidentSetSize of job (KB)
...
005 (454.589.000) 2022-04-08 05:10:00 Job terminated.
	(1) Normal termination (return value 0)
		Usr 0 03:08:02, Sys 0 00:00:28  -  Run Remote Usage
		Usr 0 00:00:00, Sys 0 00:00:00  -  Run Local Usage
		Usr 0 03:08:02, Sys 0 00:00:28  -  Total Remote Usage
		Usr 0 00:00:00, Sys 0 00:00:00  -  Total Local Usage
	0  -  Run Bytes Sent By Job
	0  -  Run Bytes Received By Job
	0  -  Total Bytes Sent By Job
	0  -  Total Bytes Received By Job
	Partitionable Resources :    Usage  Request Allocated 
	   Cpus                 :     1.00        1         1 
	   Disk (KB)            :  7500        7500     10998 
	   Memory (MB)          :   322        1024      1024 

	Job terminated of its own accord at 2022-04-08T03:10:00Z with exit-code 0.
...
