000 (454.260.000) 2022-04-06 16:54:00 Job submitted from host: <10.18.24.243:9618?addrs=10.18.24.243-9618&alias=ecoclusts01.bioclust.biologie.ens.fr&noUDP&sock=schedd_1052_29b8>
...
001 (454.260.000) 2022-04-07 15:32:21 Job executing on host: <10.18.24.179:9618?addrs=10.18.24.179-9618&alias=mcbsclust08.bioclust.biologie.ens.fr&noUDP&sock=startd_920_9f38>
...
006 (454.260.000) 2022-04-07 15:32:31 Image size of job updated: 99896
	98  -  MemoryUsage of job (MB)
	99896  -  ResidentSetSize of job (KB)
...
006 (454.260.000) 2022-04-07 15:37:31 Image size of job updated: 741876
	279  -  MemoryUsage of job (MB)
	285440  -  ResidentSetSize of job (KB)
...
006 (454.260.000) 2022-04-07 15:42:31 Image size of job updated: 774644
	317  -  MemoryUsage of job (MB)
	324308  -  ResidentSetSize of job (KB)
...
006 (454.260.000) 2022-04-07 17:57:44 Image size of job updated: 774900
	317  -  MemoryUsage of job (MB)
	324440  -  ResidentSetSize of job (KB)
...
006 (454.260.000) 2022-04-07 18:02:45 Image size of job updated: 774900
	317  -  MemoryUsage of job (MB)
	324572  -  ResidentSetSize of job (KB)
...
006 (454.260.000) 2022-04-07 18:12:46 Image size of job updated: 775156
	318  -  MemoryUsage of job (MB)
	324704  -  ResidentSetSize of job (KB)
...
006 (454.260.000) 2022-04-07 18:17:46 Image size of job updated: 775156
	318  -  MemoryUsage of job (MB)
	324836  -  ResidentSetSize of job (KB)
...
006 (454.260.000) 2022-04-07 18:27:48 Image size of job updated: 775412
	318  -  MemoryUsage of job (MB)
	324968  -  ResidentSetSize of job (KB)
...
006 (454.260.000) 2022-04-07 18:32:48 Image size of job updated: 775412
	318  -  MemoryUsage of job (MB)
	325100  -  ResidentSetSize of job (KB)
...
006 (454.260.000) 2022-04-07 18:37:49 Image size of job updated: 775668
	318  -  MemoryUsage of job (MB)
	325232  -  ResidentSetSize of job (KB)
...
006 (454.260.000) 2022-04-07 18:47:50 Image size of job updated: 775668
	318  -  MemoryUsage of job (MB)
	325364  -  ResidentSetSize of job (KB)
...
006 (454.260.000) 2022-04-07 18:52:50 Image size of job updated: 775924
	318  -  MemoryUsage of job (MB)
	325496  -  ResidentSetSize of job (KB)
...
006 (454.260.000) 2022-04-07 19:02:52 Image size of job updated: 775924
	318  -  MemoryUsage of job (MB)
	325628  -  ResidentSetSize of job (KB)
...
006 (454.260.000) 2022-04-07 19:07:52 Image size of job updated: 776180
	319  -  MemoryUsage of job (MB)
	325760  -  ResidentSetSize of job (KB)
...
006 (454.260.000) 2022-04-07 19:17:54 Image size of job updated: 776180
	319  -  MemoryUsage of job (MB)
	325892  -  ResidentSetSize of job (KB)
...
006 (454.260.000) 2022-04-07 19:22:54 Image size of job updated: 776436
	319  -  MemoryUsage of job (MB)
	326024  -  ResidentSetSize of job (KB)
...
006 (454.260.000) 2022-04-07 19:27:54 Image size of job updated: 776436
	319  -  MemoryUsage of job (MB)
	326156  -  ResidentSetSize of job (KB)
...
006 (454.260.000) 2022-04-07 19:32:55 Image size of job updated: 776692
	319  -  MemoryUsage of job (MB)
	326156  -  ResidentSetSize of job (KB)
...
006 (454.260.000) 2022-04-07 19:37:55 Image size of job updated: 776692
	319  -  MemoryUsage of job (MB)
	326288  -  ResidentSetSize of job (KB)
...
006 (454.260.000) 2022-04-07 19:42:55 Image size of job updated: 776692
	319  -  MemoryUsage of job (MB)
	326420  -  ResidentSetSize of job (KB)
...
006 (454.260.000) 2022-04-07 19:47:56 Image size of job updated: 776948
	319  -  MemoryUsage of job (MB)
	326420  -  ResidentSetSize of job (KB)
...
006 (454.260.000) 2022-04-07 19:52:57 Image size of job updated: 776948
	319  -  MemoryUsage of job (MB)
	326552  -  ResidentSetSize of job (KB)
...
006 (454.260.000) 2022-04-07 20:12:58 Image size of job updated: 776948
	320  -  MemoryUsage of job (MB)
	326684  -  ResidentSetSize of job (KB)
...
006 (454.260.000) 2022-04-07 20:17:58 Image size of job updated: 777204
	320  -  MemoryUsage of job (MB)
	326684  -  ResidentSetSize of job (KB)
...
006 (454.260.000) 2022-04-07 20:22:59 Image size of job updated: 777204
	320  -  MemoryUsage of job (MB)
	326816  -  ResidentSetSize of job (KB)
...
006 (454.260.000) 2022-04-07 20:28:00 Image size of job updated: 777204
	320  -  MemoryUsage of job (MB)
	326948  -  ResidentSetSize of job (KB)
...
006 (454.260.000) 2022-04-07 20:33:00 Image size of job updated: 777460
	320  -  MemoryUsage of job (MB)
	326948  -  ResidentSetSize of job (KB)
...
006 (454.260.000) 2022-04-07 20:38:00 Image size of job updated: 777460
	320  -  MemoryUsage of job (MB)
	327080  -  ResidentSetSize of job (KB)
...
006 (454.260.000) 2022-04-07 20:48:01 Image size of job updated: 777716
	320  -  MemoryUsage of job (MB)
	327212  -  ResidentSetSize of job (KB)
...
006 (454.260.000) 2022-04-07 20:53:01 Image size of job updated: 777716
	320  -  MemoryUsage of job (MB)
	327344  -  ResidentSetSize of job (KB)
...
006 (454.260.000) 2022-04-07 21:03:03 Image size of job updated: 777716
	320  -  MemoryUsage of job (MB)
	327476  -  ResidentSetSize of job (KB)
...
006 (454.260.000) 2022-04-07 21:08:03 Image size of job updated: 777972
	320  -  MemoryUsage of job (MB)
	327608  -  ResidentSetSize of job (KB)
...
006 (454.260.000) 2022-04-07 21:18:05 Image size of job updated: 778228
	321  -  MemoryUsage of job (MB)
	327740  -  ResidentSetSize of job (KB)
...
006 (454.260.000) 2022-04-07 21:28:05 Image size of job updated: 778228
	321  -  MemoryUsage of job (MB)
	327872  -  ResidentSetSize of job (KB)
...
006 (454.260.000) 2022-04-07 21:33:06 Image size of job updated: 778484
	321  -  MemoryUsage of job (MB)
	328004  -  ResidentSetSize of job (KB)
...
006 (454.260.000) 2022-04-07 21:38:07 Image size of job updated: 778484
	321  -  MemoryUsage of job (MB)
	328136  -  ResidentSetSize of job (KB)
...
006 (454.260.000) 2022-04-07 21:43:07 Image size of job updated: 778484
	321  -  MemoryUsage of job (MB)
	328268  -  ResidentSetSize of job (KB)
...
006 (454.260.000) 2022-04-07 21:48:07 Image size of job updated: 778740
	321  -  MemoryUsage of job (MB)
	328268  -  ResidentSetSize of job (KB)
...
006 (454.260.000) 2022-04-07 21:53:08 Image size of job updated: 778740
	321  -  MemoryUsage of job (MB)
	328400  -  ResidentSetSize of job (KB)
...
006 (454.260.000) 2022-04-07 22:03:08 Image size of job updated: 778996
	321  -  MemoryUsage of job (MB)
	328532  -  ResidentSetSize of job (KB)
...
006 (454.260.000) 2022-04-07 22:08:09 Image size of job updated: 778996
	321  -  MemoryUsage of job (MB)
	328664  -  ResidentSetSize of job (KB)
...
006 (454.260.000) 2022-04-07 22:13:10 Image size of job updated: 779252
	322  -  MemoryUsage of job (MB)
	328796  -  ResidentSetSize of job (KB)
...
006 (454.260.000) 2022-04-07 22:18:10 Image size of job updated: 779252
	322  -  MemoryUsage of job (MB)
	328928  -  ResidentSetSize of job (KB)
...
006 (454.260.000) 2022-04-07 22:28:11 Image size of job updated: 779508
	322  -  MemoryUsage of job (MB)
	329060  -  ResidentSetSize of job (KB)
...
006 (454.260.000) 2022-04-07 22:33:11 Image size of job updated: 779508
	322  -  MemoryUsage of job (MB)
	329192  -  ResidentSetSize of job (KB)
...
006 (454.260.000) 2022-04-07 22:40:11 Image size of job updated: 779764
	322  -  MemoryUsage of job (MB)
	329192  -  ResidentSetSize of job (KB)
...
005 (454.260.000) 2022-04-07 22:40:11 Job terminated.
	(1) Normal termination (return value 0)
		Usr 0 07:05:17, Sys 0 00:00:27  -  Run Remote Usage
		Usr 0 00:00:00, Sys 0 00:00:00  -  Run Local Usage
		Usr 0 07:05:17, Sys 0 00:00:27  -  Total Remote Usage
		Usr 0 00:00:00, Sys 0 00:00:00  -  Total Local Usage
	0  -  Run Bytes Sent By Job
	0  -  Run Bytes Received By Job
	0  -  Total Bytes Sent By Job
	0  -  Total Bytes Received By Job
	Partitionable Resources :    Usage  Request Allocated 
	   Cpus                 :     1.00        1         1 
	   Disk (KB)            :  7500        7500     10998 
	   Memory (MB)          :   322        1024      1024 

	Job terminated of its own accord at 2022-04-07T20:40:11Z with exit-code 0.
...
