000 (454.311.000) 2022-04-06 16:54:00 Job submitted from host: <10.18.24.243:9618?addrs=10.18.24.243-9618&alias=ecoclusts01.bioclust.biologie.ens.fr&noUDP&sock=schedd_1052_29b8>
...
001 (454.311.000) 2022-04-07 17:43:50 Job executing on host: <10.18.24.136:9618?addrs=10.18.24.136-9618&alias=dyoclust09.bioclust.biologie.ens.fr&noUDP&sock=startd_808_cc9c>
...
006 (454.311.000) 2022-04-07 17:43:59 Image size of job updated: 233664
	221  -  MemoryUsage of job (MB)
	225440  -  ResidentSetSize of job (KB)
...
006 (454.311.000) 2022-04-07 17:49:00 Image size of job updated: 741620
	283  -  MemoryUsage of job (MB)
	289116  -  ResidentSetSize of job (KB)
...
006 (454.311.000) 2022-04-07 17:54:02 Image size of job updated: 774388
	317  -  MemoryUsage of job (MB)
	324020  -  ResidentSetSize of job (KB)
...
006 (454.311.000) 2022-04-07 18:29:06 Image size of job updated: 774644
	317  -  MemoryUsage of job (MB)
	324152  -  ResidentSetSize of job (KB)
...
006 (454.311.000) 2022-04-07 18:34:06 Image size of job updated: 774900
	317  -  MemoryUsage of job (MB)
	324416  -  ResidentSetSize of job (KB)
...
006 (454.311.000) 2022-04-07 18:39:06 Image size of job updated: 774900
	318  -  MemoryUsage of job (MB)
	324680  -  ResidentSetSize of job (KB)
...
006 (454.311.000) 2022-04-07 18:44:07 Image size of job updated: 775156
	318  -  MemoryUsage of job (MB)
	324812  -  ResidentSetSize of job (KB)
...
006 (454.311.000) 2022-04-07 18:49:08 Image size of job updated: 775412
	318  -  MemoryUsage of job (MB)
	324944  -  ResidentSetSize of job (KB)
...
006 (454.311.000) 2022-04-07 18:54:08 Image size of job updated: 775668
	318  -  MemoryUsage of job (MB)
	325076  -  ResidentSetSize of job (KB)
...
006 (454.311.000) 2022-04-07 18:59:08 Image size of job updated: 775668
	318  -  MemoryUsage of job (MB)
	325340  -  ResidentSetSize of job (KB)
...
006 (454.311.000) 2022-04-07 19:04:09 Image size of job updated: 775924
	318  -  MemoryUsage of job (MB)
	325604  -  ResidentSetSize of job (KB)
...
006 (454.311.000) 2022-04-07 19:09:09 Image size of job updated: 776180
	319  -  MemoryUsage of job (MB)
	325736  -  ResidentSetSize of job (KB)
...
006 (454.311.000) 2022-04-07 19:14:09 Image size of job updated: 776436
	319  -  MemoryUsage of job (MB)
	326000  -  ResidentSetSize of job (KB)
...
006 (454.311.000) 2022-04-07 19:19:10 Image size of job updated: 776692
	319  -  MemoryUsage of job (MB)
	326132  -  ResidentSetSize of job (KB)
...
006 (454.311.000) 2022-04-07 19:24:11 Image size of job updated: 776692
	319  -  MemoryUsage of job (MB)
	326396  -  ResidentSetSize of job (KB)
...
006 (454.311.000) 2022-04-07 19:29:11 Image size of job updated: 776948
	319  -  MemoryUsage of job (MB)
	326528  -  ResidentSetSize of job (KB)
...
006 (454.311.000) 2022-04-07 19:39:12 Image size of job updated: 777204
	320  -  MemoryUsage of job (MB)
	326660  -  ResidentSetSize of job (KB)
...
006 (454.311.000) 2022-04-07 19:44:12 Image size of job updated: 777204
	320  -  MemoryUsage of job (MB)
	326924  -  ResidentSetSize of job (KB)
...
006 (454.311.000) 2022-04-07 19:49:12 Image size of job updated: 777460
	320  -  MemoryUsage of job (MB)
	327056  -  ResidentSetSize of job (KB)
...
006 (454.311.000) 2022-04-07 19:54:13 Image size of job updated: 777716
	320  -  MemoryUsage of job (MB)
	327188  -  ResidentSetSize of job (KB)
...
006 (454.311.000) 2022-04-07 19:59:14 Image size of job updated: 777716
	320  -  MemoryUsage of job (MB)
	327452  -  ResidentSetSize of job (KB)
...
006 (454.311.000) 2022-04-07 20:04:14 Image size of job updated: 777972
	320  -  MemoryUsage of job (MB)
	327584  -  ResidentSetSize of job (KB)
...
006 (454.311.000) 2022-04-07 20:09:15 Image size of job updated: 778228
	321  -  MemoryUsage of job (MB)
	327848  -  ResidentSetSize of job (KB)
...
006 (454.311.000) 2022-04-07 20:14:16 Image size of job updated: 778484
	321  -  MemoryUsage of job (MB)
	327980  -  ResidentSetSize of job (KB)
...
006 (454.311.000) 2022-04-07 20:19:16 Image size of job updated: 778484
	321  -  MemoryUsage of job (MB)
	328244  -  ResidentSetSize of job (KB)
...
006 (454.311.000) 2022-04-07 20:24:16 Image size of job updated: 778740
	321  -  MemoryUsage of job (MB)
	328376  -  ResidentSetSize of job (KB)
...
006 (454.311.000) 2022-04-07 20:29:17 Image size of job updated: 778996
	321  -  MemoryUsage of job (MB)
	328640  -  ResidentSetSize of job (KB)
...
006 (454.311.000) 2022-04-07 20:34:18 Image size of job updated: 779252
	322  -  MemoryUsage of job (MB)
	328772  -  ResidentSetSize of job (KB)
...
006 (454.311.000) 2022-04-07 20:39:18 Image size of job updated: 779252
	322  -  MemoryUsage of job (MB)
	328904  -  ResidentSetSize of job (KB)
...
006 (454.311.000) 2022-04-07 20:44:19 Image size of job updated: 779508
	322  -  MemoryUsage of job (MB)
	329168  -  ResidentSetSize of job (KB)
...
006 (454.311.000) 2022-04-07 20:47:34 Image size of job updated: 779764
	322  -  MemoryUsage of job (MB)
	329168  -  ResidentSetSize of job (KB)
...
005 (454.311.000) 2022-04-07 20:47:34 Job terminated.
	(1) Normal termination (return value 0)
		Usr 0 03:02:53, Sys 0 00:00:23  -  Run Remote Usage
		Usr 0 00:00:00, Sys 0 00:00:00  -  Run Local Usage
		Usr 0 03:02:53, Sys 0 00:00:23  -  Total Remote Usage
		Usr 0 00:00:00, Sys 0 00:00:00  -  Total Local Usage
	0  -  Run Bytes Sent By Job
	0  -  Run Bytes Received By Job
	0  -  Total Bytes Sent By Job
	0  -  Total Bytes Received By Job
	Partitionable Resources :    Usage  Request Allocated 
	   Cpus                 :     1.00        1         1 
	   Disk (KB)            :  7500        7500     10998 
	   Memory (MB)          :   322        1024      1024 

	Job terminated of its own accord at 2022-04-07T18:47:34Z with exit-code 0.
...
