000 (454.390.000) 2022-04-06 16:54:00 Job submitted from host: <10.18.24.243:9618?addrs=10.18.24.243-9618&alias=ecoclusts01.bioclust.biologie.ens.fr&noUDP&sock=schedd_1052_29b8>
...
001 (454.390.000) 2022-04-07 20:07:16 Job executing on host: <10.18.24.141:9618?addrs=10.18.24.141-9618&alias=dyoclust14.bioclust.biologie.ens.fr&noUDP&sock=startd_801_ff73>
...
006 (454.390.000) 2022-04-07 20:07:25 Image size of job updated: 183180
	179  -  MemoryUsage of job (MB)
	183180  -  ResidentSetSize of job (KB)
...
006 (454.390.000) 2022-04-07 20:12:26 Image size of job updated: 741620
	317  -  MemoryUsage of job (MB)
	324116  -  ResidentSetSize of job (KB)
...
006 (454.390.000) 2022-04-07 20:17:26 Image size of job updated: 774388
	317  -  MemoryUsage of job (MB)
	324140  -  ResidentSetSize of job (KB)
...
006 (454.390.000) 2022-04-07 20:52:30 Image size of job updated: 774644
	317  -  MemoryUsage of job (MB)
	324140  -  ResidentSetSize of job (KB)
...
006 (454.390.000) 2022-04-07 20:57:31 Image size of job updated: 774644
	317  -  MemoryUsage of job (MB)
	324272  -  ResidentSetSize of job (KB)
...
006 (454.390.000) 2022-04-07 21:02:32 Image size of job updated: 774900
	317  -  MemoryUsage of job (MB)
	324536  -  ResidentSetSize of job (KB)
...
006 (454.390.000) 2022-04-07 21:07:32 Image size of job updated: 775156
	318  -  MemoryUsage of job (MB)
	324668  -  ResidentSetSize of job (KB)
...
006 (454.390.000) 2022-04-07 21:12:32 Image size of job updated: 775156
	318  -  MemoryUsage of job (MB)
	324800  -  ResidentSetSize of job (KB)
...
006 (454.390.000) 2022-04-07 21:17:33 Image size of job updated: 775412
	318  -  MemoryUsage of job (MB)
	325064  -  ResidentSetSize of job (KB)
...
006 (454.390.000) 2022-04-07 21:22:34 Image size of job updated: 775668
	318  -  MemoryUsage of job (MB)
	325328  -  ResidentSetSize of job (KB)
...
006 (454.390.000) 2022-04-07 21:27:34 Image size of job updated: 775924
	318  -  MemoryUsage of job (MB)
	325460  -  ResidentSetSize of job (KB)
...
006 (454.390.000) 2022-04-07 21:32:35 Image size of job updated: 776180
	319  -  MemoryUsage of job (MB)
	325724  -  ResidentSetSize of job (KB)
...
006 (454.390.000) 2022-04-07 21:37:36 Image size of job updated: 776436
	319  -  MemoryUsage of job (MB)
	325988  -  ResidentSetSize of job (KB)
...
006 (454.390.000) 2022-04-07 21:42:36 Image size of job updated: 776436
	319  -  MemoryUsage of job (MB)
	326120  -  ResidentSetSize of job (KB)
...
006 (454.390.000) 2022-04-07 21:47:36 Image size of job updated: 776692
	319  -  MemoryUsage of job (MB)
	326384  -  ResidentSetSize of job (KB)
...
006 (454.390.000) 2022-04-07 21:52:38 Image size of job updated: 776948
	319  -  MemoryUsage of job (MB)
	326516  -  ResidentSetSize of job (KB)
...
006 (454.390.000) 2022-04-07 22:02:38 Image size of job updated: 776948
	319  -  MemoryUsage of job (MB)
	326608  -  ResidentSetSize of job (KB)
...
006 (454.390.000) 2022-04-07 22:07:39 Image size of job updated: 777204
	320  -  MemoryUsage of job (MB)
	326872  -  ResidentSetSize of job (KB)
...
006 (454.390.000) 2022-04-07 22:12:40 Image size of job updated: 777460
	320  -  MemoryUsage of job (MB)
	327004  -  ResidentSetSize of job (KB)
...
006 (454.390.000) 2022-04-07 22:17:40 Image size of job updated: 777716
	320  -  MemoryUsage of job (MB)
	327268  -  ResidentSetSize of job (KB)
...
006 (454.390.000) 2022-04-07 22:22:40 Image size of job updated: 777716
	320  -  MemoryUsage of job (MB)
	327400  -  ResidentSetSize of job (KB)
...
006 (454.390.000) 2022-04-07 22:27:41 Image size of job updated: 777972
	320  -  MemoryUsage of job (MB)
	327532  -  ResidentSetSize of job (KB)
...
006 (454.390.000) 2022-04-07 22:32:41 Image size of job updated: 778228
	321  -  MemoryUsage of job (MB)
	327796  -  ResidentSetSize of job (KB)
...
006 (454.390.000) 2022-04-07 22:37:41 Image size of job updated: 778484
	321  -  MemoryUsage of job (MB)
	327928  -  ResidentSetSize of job (KB)
...
006 (454.390.000) 2022-04-07 22:42:42 Image size of job updated: 778484
	321  -  MemoryUsage of job (MB)
	328192  -  ResidentSetSize of job (KB)
...
006 (454.390.000) 2022-04-07 22:47:43 Image size of job updated: 778740
	321  -  MemoryUsage of job (MB)
	328324  -  ResidentSetSize of job (KB)
...
006 (454.390.000) 2022-04-07 22:52:43 Image size of job updated: 778996
	321  -  MemoryUsage of job (MB)
	328588  -  ResidentSetSize of job (KB)
...
006 (454.390.000) 2022-04-07 22:57:43 Image size of job updated: 778996
	322  -  MemoryUsage of job (MB)
	328720  -  ResidentSetSize of job (KB)
...
006 (454.390.000) 2022-04-07 23:02:44 Image size of job updated: 779252
	322  -  MemoryUsage of job (MB)
	328984  -  ResidentSetSize of job (KB)
...
006 (454.390.000) 2022-04-07 23:07:44 Image size of job updated: 779508
	322  -  MemoryUsage of job (MB)
	329116  -  ResidentSetSize of job (KB)
...
006 (454.390.000) 2022-04-07 23:12:22 Image size of job updated: 779764
	322  -  MemoryUsage of job (MB)
	329116  -  ResidentSetSize of job (KB)
...
005 (454.390.000) 2022-04-07 23:12:22 Job terminated.
	(1) Normal termination (return value 0)
		Usr 0 03:03:14, Sys 0 00:00:26  -  Run Remote Usage
		Usr 0 00:00:00, Sys 0 00:00:00  -  Run Local Usage
		Usr 0 03:03:14, Sys 0 00:00:26  -  Total Remote Usage
		Usr 0 00:00:00, Sys 0 00:00:00  -  Total Local Usage
	0  -  Run Bytes Sent By Job
	0  -  Run Bytes Received By Job
	0  -  Total Bytes Sent By Job
	0  -  Total Bytes Received By Job
	Partitionable Resources :    Usage  Request Allocated 
	   Cpus                 :     1.00        1         1 
	   Disk (KB)            :  7500        7500     10998 
	   Memory (MB)          :   322        1024      1024 

	Job terminated of its own accord at 2022-04-07T21:12:22Z with exit-code 0.
...
