000 (454.716.000) 2022-04-06 16:54:02 Job submitted from host: <10.18.24.243:9618?addrs=10.18.24.243-9618&alias=ecoclusts01.bioclust.biologie.ens.fr&noUDP&sock=schedd_1052_29b8>
...
001 (454.716.000) 2022-04-08 05:42:08 Job executing on host: <10.18.24.176:9618?addrs=10.18.24.176-9618&alias=mcbsclust05.bioclust.biologie.ens.fr&noUDP&sock=startd_869_a3e3>
...
006 (454.716.000) 2022-04-08 05:42:16 Image size of job updated: 238812
	234  -  MemoryUsage of job (MB)
	238812  -  ResidentSetSize of job (KB)
...
006 (454.716.000) 2022-04-08 05:47:16 Image size of job updated: 741620
	317  -  MemoryUsage of job (MB)
	324160  -  ResidentSetSize of job (KB)
...
006 (454.716.000) 2022-04-08 05:52:17 Image size of job updated: 792248
	317  -  MemoryUsage of job (MB)
	324160  -  ResidentSetSize of job (KB)
...
006 (454.716.000) 2022-04-08 06:57:24 Image size of job updated: 792248
	317  -  MemoryUsage of job (MB)
	324248  -  ResidentSetSize of job (KB)
...
006 (454.716.000) 2022-04-08 07:02:24 Image size of job updated: 792248
	317  -  MemoryUsage of job (MB)
	324380  -  ResidentSetSize of job (KB)
...
006 (454.716.000) 2022-04-08 07:12:25 Image size of job updated: 792248
	317  -  MemoryUsage of job (MB)
	324512  -  ResidentSetSize of job (KB)
...
006 (454.716.000) 2022-04-08 07:22:26 Image size of job updated: 792248
	318  -  MemoryUsage of job (MB)
	324644  -  ResidentSetSize of job (KB)
...
006 (454.716.000) 2022-04-08 07:27:27 Image size of job updated: 792248
	318  -  MemoryUsage of job (MB)
	324776  -  ResidentSetSize of job (KB)
...
006 (454.716.000) 2022-04-08 07:37:27 Image size of job updated: 792248
	318  -  MemoryUsage of job (MB)
	324908  -  ResidentSetSize of job (KB)
...
006 (454.716.000) 2022-04-08 07:47:28 Image size of job updated: 792248
	318  -  MemoryUsage of job (MB)
	325040  -  ResidentSetSize of job (KB)
...
006 (454.716.000) 2022-04-08 07:52:28 Image size of job updated: 792248
	318  -  MemoryUsage of job (MB)
	325172  -  ResidentSetSize of job (KB)
...
006 (454.716.000) 2022-04-08 08:02:30 Image size of job updated: 792248
	318  -  MemoryUsage of job (MB)
	325304  -  ResidentSetSize of job (KB)
...
006 (454.716.000) 2022-04-08 08:07:30 Image size of job updated: 792248
	318  -  MemoryUsage of job (MB)
	325436  -  ResidentSetSize of job (KB)
...
006 (454.716.000) 2022-04-08 08:12:31 Image size of job updated: 792248
	318  -  MemoryUsage of job (MB)
	325568  -  ResidentSetSize of job (KB)
...
006 (454.716.000) 2022-04-08 08:22:32 Image size of job updated: 792248
	319  -  MemoryUsage of job (MB)
	325700  -  ResidentSetSize of job (KB)
...
006 (454.716.000) 2022-04-08 08:27:32 Image size of job updated: 792248
	319  -  MemoryUsage of job (MB)
	325832  -  ResidentSetSize of job (KB)
...
006 (454.716.000) 2022-04-08 08:32:33 Image size of job updated: 792248
	319  -  MemoryUsage of job (MB)
	325964  -  ResidentSetSize of job (KB)
...
006 (454.716.000) 2022-04-08 08:42:34 Image size of job updated: 792248
	319  -  MemoryUsage of job (MB)
	326096  -  ResidentSetSize of job (KB)
...
006 (454.716.000) 2022-04-08 08:47:34 Image size of job updated: 792248
	319  -  MemoryUsage of job (MB)
	326228  -  ResidentSetSize of job (KB)
...
006 (454.716.000) 2022-04-08 08:52:36 Image size of job updated: 792248
	319  -  MemoryUsage of job (MB)
	326360  -  ResidentSetSize of job (KB)
...
006 (454.716.000) 2022-04-08 08:57:36 Image size of job updated: 792248
	319  -  MemoryUsage of job (MB)
	326492  -  ResidentSetSize of job (KB)
...
006 (454.716.000) 2022-04-08 09:02:36 Image size of job updated: 792248
	319  -  MemoryUsage of job (MB)
	326624  -  ResidentSetSize of job (KB)
...
006 (454.716.000) 2022-04-08 09:27:39 Image size of job updated: 792248
	320  -  MemoryUsage of job (MB)
	326748  -  ResidentSetSize of job (KB)
...
006 (454.716.000) 2022-04-08 09:32:40 Image size of job updated: 792248
	320  -  MemoryUsage of job (MB)
	326880  -  ResidentSetSize of job (KB)
...
006 (454.716.000) 2022-04-08 09:37:40 Image size of job updated: 792248
	320  -  MemoryUsage of job (MB)
	327012  -  ResidentSetSize of job (KB)
...
006 (454.716.000) 2022-04-08 09:47:42 Image size of job updated: 792248
	320  -  MemoryUsage of job (MB)
	327144  -  ResidentSetSize of job (KB)
...
006 (454.716.000) 2022-04-08 09:52:42 Image size of job updated: 792248
	320  -  MemoryUsage of job (MB)
	327276  -  ResidentSetSize of job (KB)
...
006 (454.716.000) 2022-04-08 09:57:42 Image size of job updated: 792248
	320  -  MemoryUsage of job (MB)
	327408  -  ResidentSetSize of job (KB)
...
006 (454.716.000) 2022-04-08 10:02:44 Image size of job updated: 792248
	320  -  MemoryUsage of job (MB)
	327540  -  ResidentSetSize of job (KB)
...
006 (454.716.000) 2022-04-08 10:12:44 Image size of job updated: 792248
	320  -  MemoryUsage of job (MB)
	327672  -  ResidentSetSize of job (KB)
...
006 (454.716.000) 2022-04-08 10:22:46 Image size of job updated: 792248
	321  -  MemoryUsage of job (MB)
	327804  -  ResidentSetSize of job (KB)
...
006 (454.716.000) 2022-04-08 10:27:46 Image size of job updated: 792248
	321  -  MemoryUsage of job (MB)
	327936  -  ResidentSetSize of job (KB)
...
006 (454.716.000) 2022-04-08 10:32:46 Image size of job updated: 792248
	321  -  MemoryUsage of job (MB)
	328068  -  ResidentSetSize of job (KB)
...
006 (454.716.000) 2022-04-08 10:37:47 Image size of job updated: 792248
	321  -  MemoryUsage of job (MB)
	328200  -  ResidentSetSize of job (KB)
...
006 (454.716.000) 2022-04-08 10:47:48 Image size of job updated: 792248
	321  -  MemoryUsage of job (MB)
	328332  -  ResidentSetSize of job (KB)
...
006 (454.716.000) 2022-04-08 10:52:49 Image size of job updated: 792248
	321  -  MemoryUsage of job (MB)
	328464  -  ResidentSetSize of job (KB)
...
006 (454.716.000) 2022-04-08 10:57:50 Image size of job updated: 792248
	321  -  MemoryUsage of job (MB)
	328596  -  ResidentSetSize of job (KB)
...
006 (454.716.000) 2022-04-08 11:07:50 Image size of job updated: 792248
	322  -  MemoryUsage of job (MB)
	328728  -  ResidentSetSize of job (KB)
...
006 (454.716.000) 2022-04-08 11:12:51 Image size of job updated: 792248
	322  -  MemoryUsage of job (MB)
	328860  -  ResidentSetSize of job (KB)
...
006 (454.716.000) 2022-04-08 11:17:52 Image size of job updated: 792248
	322  -  MemoryUsage of job (MB)
	328992  -  ResidentSetSize of job (KB)
...
006 (454.716.000) 2022-04-08 11:27:53 Image size of job updated: 792248
	322  -  MemoryUsage of job (MB)
	329124  -  ResidentSetSize of job (KB)
...
006 (454.716.000) 2022-04-08 11:32:54 Image size of job updated: 792248
	322  -  MemoryUsage of job (MB)
	329256  -  ResidentSetSize of job (KB)
...
005 (454.716.000) 2022-04-08 11:34:37 Job terminated.
	(1) Normal termination (return value 0)
		Usr 0 05:51:31, Sys 0 00:00:13  -  Run Remote Usage
		Usr 0 00:00:00, Sys 0 00:00:00  -  Run Local Usage
		Usr 0 05:51:31, Sys 0 00:00:13  -  Total Remote Usage
		Usr 0 00:00:00, Sys 0 00:00:00  -  Total Local Usage
	0  -  Run Bytes Sent By Job
	0  -  Run Bytes Received By Job
	0  -  Total Bytes Sent By Job
	0  -  Total Bytes Received By Job
	Partitionable Resources :    Usage  Request Allocated 
	   Cpus                 :     1.00        1         1 
	   Disk (KB)            :  7500        7500     11001 
	   Memory (MB)          :   322        1024      1024 

	Job terminated of its own accord at 2022-04-08T09:34:37Z with exit-code 0.
...
