000 (454.274.000) 2022-04-06 16:54:00 Job submitted from host: <10.18.24.243:9618?addrs=10.18.24.243-9618&alias=ecoclusts01.bioclust.biologie.ens.fr&noUDP&sock=schedd_1052_29b8>
...
001 (454.274.000) 2022-04-07 15:58:36 Job executing on host: <10.18.24.137:9618?addrs=10.18.24.137-9618&alias=dyoclust10.bioclust.biologie.ens.fr&noUDP&sock=startd_830_e3b2>
...
006 (454.274.000) 2022-04-07 15:58:44 Image size of job updated: 219484
	110  -  MemoryUsage of job (MB)
	112480  -  ResidentSetSize of job (KB)
...
006 (454.274.000) 2022-04-07 16:03:44 Image size of job updated: 741876
	269  -  MemoryUsage of job (MB)
	275092  -  ResidentSetSize of job (KB)
...
006 (454.274.000) 2022-04-07 16:08:45 Image size of job updated: 774644
	317  -  MemoryUsage of job (MB)
	324376  -  ResidentSetSize of job (KB)
...
006 (454.274.000) 2022-04-07 16:48:48 Image size of job updated: 774900
	317  -  MemoryUsage of job (MB)
	324508  -  ResidentSetSize of job (KB)
...
006 (454.274.000) 2022-04-07 16:53:48 Image size of job updated: 775156
	318  -  MemoryUsage of job (MB)
	324772  -  ResidentSetSize of job (KB)
...
006 (454.274.000) 2022-04-07 16:58:49 Image size of job updated: 775412
	318  -  MemoryUsage of job (MB)
	325036  -  ResidentSetSize of job (KB)
...
006 (454.274.000) 2022-04-07 17:03:50 Image size of job updated: 775668
	318  -  MemoryUsage of job (MB)
	325168  -  ResidentSetSize of job (KB)
...
006 (454.274.000) 2022-04-07 17:08:50 Image size of job updated: 775668
	318  -  MemoryUsage of job (MB)
	325432  -  ResidentSetSize of job (KB)
...
006 (454.274.000) 2022-04-07 17:13:50 Image size of job updated: 775924
	318  -  MemoryUsage of job (MB)
	325564  -  ResidentSetSize of job (KB)
...
006 (454.274.000) 2022-04-07 17:18:51 Image size of job updated: 776180
	319  -  MemoryUsage of job (MB)
	325828  -  ResidentSetSize of job (KB)
...
006 (454.274.000) 2022-04-07 17:23:51 Image size of job updated: 776436
	319  -  MemoryUsage of job (MB)
	326092  -  ResidentSetSize of job (KB)
...
006 (454.274.000) 2022-04-07 17:28:51 Image size of job updated: 776692
	319  -  MemoryUsage of job (MB)
	326356  -  ResidentSetSize of job (KB)
...
006 (454.274.000) 2022-04-07 17:33:52 Image size of job updated: 776948
	319  -  MemoryUsage of job (MB)
	326620  -  ResidentSetSize of job (KB)
...
006 (454.274.000) 2022-04-07 17:43:53 Image size of job updated: 777204
	320  -  MemoryUsage of job (MB)
	326720  -  ResidentSetSize of job (KB)
...
006 (454.274.000) 2022-04-07 17:48:53 Image size of job updated: 777204
	320  -  MemoryUsage of job (MB)
	326852  -  ResidentSetSize of job (KB)
...
006 (454.274.000) 2022-04-07 17:53:55 Image size of job updated: 777460
	320  -  MemoryUsage of job (MB)
	326984  -  ResidentSetSize of job (KB)
...
006 (454.274.000) 2022-04-07 17:58:55 Image size of job updated: 777716
	320  -  MemoryUsage of job (MB)
	327248  -  ResidentSetSize of job (KB)
...
006 (454.274.000) 2022-04-07 18:03:55 Image size of job updated: 777716
	320  -  MemoryUsage of job (MB)
	327512  -  ResidentSetSize of job (KB)
...
006 (454.274.000) 2022-04-07 18:08:56 Image size of job updated: 777972
	320  -  MemoryUsage of job (MB)
	327644  -  ResidentSetSize of job (KB)
...
006 (454.274.000) 2022-04-07 18:13:57 Image size of job updated: 778228
	321  -  MemoryUsage of job (MB)
	327776  -  ResidentSetSize of job (KB)
...
006 (454.274.000) 2022-04-07 18:18:57 Image size of job updated: 778484
	321  -  MemoryUsage of job (MB)
	328040  -  ResidentSetSize of job (KB)
...
006 (454.274.000) 2022-04-07 18:23:57 Image size of job updated: 778740
	321  -  MemoryUsage of job (MB)
	328172  -  ResidentSetSize of job (KB)
...
006 (454.274.000) 2022-04-07 18:28:58 Image size of job updated: 778740
	321  -  MemoryUsage of job (MB)
	328436  -  ResidentSetSize of job (KB)
...
006 (454.274.000) 2022-04-07 18:33:58 Image size of job updated: 778996
	321  -  MemoryUsage of job (MB)
	328568  -  ResidentSetSize of job (KB)
...
006 (454.274.000) 2022-04-07 18:38:58 Image size of job updated: 779252
	322  -  MemoryUsage of job (MB)
	328832  -  ResidentSetSize of job (KB)
...
006 (454.274.000) 2022-04-07 18:43:59 Image size of job updated: 779508
	322  -  MemoryUsage of job (MB)
	328964  -  ResidentSetSize of job (KB)
...
006 (454.274.000) 2022-04-07 18:49:00 Image size of job updated: 779508
	322  -  MemoryUsage of job (MB)
	329228  -  ResidentSetSize of job (KB)
...
006 (454.274.000) 2022-04-07 18:50:47 Image size of job updated: 779764
	322  -  MemoryUsage of job (MB)
	329228  -  ResidentSetSize of job (KB)
...
005 (454.274.000) 2022-04-07 18:50:47 Job terminated.
	(1) Normal termination (return value 0)
		Usr 0 02:50:30, Sys 0 00:00:28  -  Run Remote Usage
		Usr 0 00:00:00, Sys 0 00:00:00  -  Run Local Usage
		Usr 0 02:50:30, Sys 0 00:00:28  -  Total Remote Usage
		Usr 0 00:00:00, Sys 0 00:00:00  -  Total Local Usage
	0  -  Run Bytes Sent By Job
	0  -  Run Bytes Received By Job
	0  -  Total Bytes Sent By Job
	0  -  Total Bytes Received By Job
	Partitionable Resources :    Usage  Request Allocated 
	   Cpus                 :     1.00        1         1 
	   Disk (KB)            :  7500        7500     10999 
	   Memory (MB)          :   322        1024      1024 

	Job terminated of its own accord at 2022-04-07T16:50:47Z with exit-code 0.
...
