000 (454.808.000) 2022-04-06 16:54:02 Job submitted from host: <10.18.24.243:9618?addrs=10.18.24.243-9618&alias=ecoclusts01.bioclust.biologie.ens.fr&noUDP&sock=schedd_1052_29b8>
...
001 (454.808.000) 2022-04-08 08:04:29 Job executing on host: <10.18.24.13:9618?addrs=10.18.24.13-9618&alias=bioclust13.bioclust.biologie.ens.fr&noUDP&sock=startd_1202_0ced>
...
006 (454.808.000) 2022-04-08 08:04:37 Image size of job updated: 47332
	47  -  MemoryUsage of job (MB)
	47332  -  ResidentSetSize of job (KB)
...
006 (454.808.000) 2022-04-08 08:09:37 Image size of job updated: 794164
	292  -  MemoryUsage of job (MB)
	298452  -  ResidentSetSize of job (KB)
...
006 (454.808.000) 2022-04-08 08:14:39 Image size of job updated: 794164
	317  -  MemoryUsage of job (MB)
	324304  -  ResidentSetSize of job (KB)
...
006 (454.808.000) 2022-04-08 08:19:39 Image size of job updated: 794164
	317  -  MemoryUsage of job (MB)
	324436  -  ResidentSetSize of job (KB)
...
006 (454.808.000) 2022-04-08 09:44:48 Image size of job updated: 794164
	317  -  MemoryUsage of job (MB)
	324568  -  ResidentSetSize of job (KB)
...
006 (454.808.000) 2022-04-08 09:49:49 Image size of job updated: 794164
	318  -  MemoryUsage of job (MB)
	324700  -  ResidentSetSize of job (KB)
...
006 (454.808.000) 2022-04-08 09:59:50 Image size of job updated: 794164
	318  -  MemoryUsage of job (MB)
	324832  -  ResidentSetSize of job (KB)
...
006 (454.808.000) 2022-04-08 10:09:51 Image size of job updated: 794164
	318  -  MemoryUsage of job (MB)
	324964  -  ResidentSetSize of job (KB)
...
006 (454.808.000) 2022-04-08 10:14:51 Image size of job updated: 794164
	318  -  MemoryUsage of job (MB)
	325096  -  ResidentSetSize of job (KB)
...
006 (454.808.000) 2022-04-08 10:19:51 Image size of job updated: 794164
	318  -  MemoryUsage of job (MB)
	325228  -  ResidentSetSize of job (KB)
...
006 (454.808.000) 2022-04-08 10:29:52 Image size of job updated: 794164
	318  -  MemoryUsage of job (MB)
	325360  -  ResidentSetSize of job (KB)
...
006 (454.808.000) 2022-04-08 10:34:52 Image size of job updated: 794164
	318  -  MemoryUsage of job (MB)
	325492  -  ResidentSetSize of job (KB)
...
006 (454.808.000) 2022-04-08 10:44:54 Image size of job updated: 794164
	318  -  MemoryUsage of job (MB)
	325624  -  ResidentSetSize of job (KB)
...
006 (454.808.000) 2022-04-08 10:49:54 Image size of job updated: 794164
	319  -  MemoryUsage of job (MB)
	325756  -  ResidentSetSize of job (KB)
...
006 (454.808.000) 2022-04-08 10:54:55 Image size of job updated: 794164
	319  -  MemoryUsage of job (MB)
	325888  -  ResidentSetSize of job (KB)
...
006 (454.808.000) 2022-04-08 11:04:56 Image size of job updated: 794164
	319  -  MemoryUsage of job (MB)
	326020  -  ResidentSetSize of job (KB)
...
006 (454.808.000) 2022-04-08 11:09:56 Image size of job updated: 794164
	319  -  MemoryUsage of job (MB)
	326152  -  ResidentSetSize of job (KB)
...
006 (454.808.000) 2022-04-08 11:14:57 Image size of job updated: 794164
	319  -  MemoryUsage of job (MB)
	326284  -  ResidentSetSize of job (KB)
...
006 (454.808.000) 2022-04-08 11:24:58 Image size of job updated: 794164
	319  -  MemoryUsage of job (MB)
	326416  -  ResidentSetSize of job (KB)
...
006 (454.808.000) 2022-04-08 11:29:59 Image size of job updated: 794164
	319  -  MemoryUsage of job (MB)
	326548  -  ResidentSetSize of job (KB)
...
006 (454.808.000) 2022-04-08 11:35:00 Image size of job updated: 794164
	320  -  MemoryUsage of job (MB)
	326680  -  ResidentSetSize of job (KB)
...
006 (454.808.000) 2022-04-08 12:00:01 Image size of job updated: 794164
	320  -  MemoryUsage of job (MB)
	326748  -  ResidentSetSize of job (KB)
...
006 (454.808.000) 2022-04-08 12:05:02 Image size of job updated: 794164
	320  -  MemoryUsage of job (MB)
	326880  -  ResidentSetSize of job (KB)
...
006 (454.808.000) 2022-04-08 12:15:03 Image size of job updated: 794164
	320  -  MemoryUsage of job (MB)
	327012  -  ResidentSetSize of job (KB)
...
006 (454.808.000) 2022-04-08 12:25:05 Image size of job updated: 794164
	320  -  MemoryUsage of job (MB)
	327144  -  ResidentSetSize of job (KB)
...
006 (454.808.000) 2022-04-08 12:30:05 Image size of job updated: 794164
	320  -  MemoryUsage of job (MB)
	327276  -  ResidentSetSize of job (KB)
...
006 (454.808.000) 2022-04-08 12:40:07 Image size of job updated: 794164
	320  -  MemoryUsage of job (MB)
	327408  -  ResidentSetSize of job (KB)
...
006 (454.808.000) 2022-04-08 12:50:07 Image size of job updated: 794164
	320  -  MemoryUsage of job (MB)
	327540  -  ResidentSetSize of job (KB)
...
006 (454.808.000) 2022-04-08 12:55:08 Image size of job updated: 794164
	320  -  MemoryUsage of job (MB)
	327672  -  ResidentSetSize of job (KB)
...
006 (454.808.000) 2022-04-08 13:05:09 Image size of job updated: 794164
	321  -  MemoryUsage of job (MB)
	327804  -  ResidentSetSize of job (KB)
...
006 (454.808.000) 2022-04-08 13:10:10 Image size of job updated: 794164
	321  -  MemoryUsage of job (MB)
	327936  -  ResidentSetSize of job (KB)
...
006 (454.808.000) 2022-04-08 13:20:11 Image size of job updated: 794164
	321  -  MemoryUsage of job (MB)
	328068  -  ResidentSetSize of job (KB)
...
006 (454.808.000) 2022-04-08 13:25:11 Image size of job updated: 794164
	321  -  MemoryUsage of job (MB)
	328200  -  ResidentSetSize of job (KB)
...
006 (454.808.000) 2022-04-08 13:35:13 Image size of job updated: 794164
	321  -  MemoryUsage of job (MB)
	328332  -  ResidentSetSize of job (KB)
...
006 (454.808.000) 2022-04-08 13:40:13 Image size of job updated: 794164
	321  -  MemoryUsage of job (MB)
	328464  -  ResidentSetSize of job (KB)
...
006 (454.808.000) 2022-04-08 13:50:15 Image size of job updated: 794164
	321  -  MemoryUsage of job (MB)
	328596  -  ResidentSetSize of job (KB)
...
006 (454.808.000) 2022-04-08 13:55:15 Image size of job updated: 794164
	322  -  MemoryUsage of job (MB)
	328728  -  ResidentSetSize of job (KB)
...
006 (454.808.000) 2022-04-08 14:00:16 Image size of job updated: 794164
	322  -  MemoryUsage of job (MB)
	328860  -  ResidentSetSize of job (KB)
...
006 (454.808.000) 2022-04-08 14:10:17 Image size of job updated: 794164
	322  -  MemoryUsage of job (MB)
	328992  -  ResidentSetSize of job (KB)
...
006 (454.808.000) 2022-04-08 14:15:17 Image size of job updated: 794164
	322  -  MemoryUsage of job (MB)
	329124  -  ResidentSetSize of job (KB)
...
006 (454.808.000) 2022-04-08 14:20:18 Image size of job updated: 794164
	322  -  MemoryUsage of job (MB)
	329256  -  ResidentSetSize of job (KB)
...
005 (454.808.000) 2022-04-08 14:23:35 Job terminated.
	(1) Normal termination (return value 0)
		Usr 0 06:10:27, Sys 0 00:02:54  -  Run Remote Usage
		Usr 0 00:00:00, Sys 0 00:00:00  -  Run Local Usage
		Usr 0 06:10:27, Sys 0 00:02:54  -  Total Remote Usage
		Usr 0 00:00:00, Sys 0 00:00:00  -  Total Local Usage
	0  -  Run Bytes Sent By Job
	0  -  Run Bytes Received By Job
	0  -  Total Bytes Sent By Job
	0  -  Total Bytes Received By Job
	Partitionable Resources :    Usage  Request Allocated 
	   Cpus                 :     1.00        1         1 
	   Disk (KB)            :  7500        7500     10998 
	   Memory (MB)          :   322        1024      1024 

	Job terminated of its own accord at 2022-04-08T12:23:35Z with exit-code 0.
...
