000 (454.712.000) 2022-04-06 16:54:02 Job submitted from host: <10.18.24.243:9618?addrs=10.18.24.243-9618&alias=ecoclusts01.bioclust.biologie.ens.fr&noUDP&sock=schedd_1052_29b8>
...
001 (454.712.000) 2022-04-08 05:38:08 Job executing on host: <10.18.24.141:9618?addrs=10.18.24.141-9618&alias=dyoclust14.bioclust.biologie.ens.fr&noUDP&sock=startd_801_ff73>
...
006 (454.712.000) 2022-04-08 05:38:17 Image size of job updated: 195144
	191  -  MemoryUsage of job (MB)
	195144  -  ResidentSetSize of job (KB)
...
006 (454.712.000) 2022-04-08 05:43:18 Image size of job updated: 741620
	317  -  MemoryUsage of job (MB)
	324092  -  ResidentSetSize of job (KB)
...
006 (454.712.000) 2022-04-08 05:48:18 Image size of job updated: 774388
	317  -  MemoryUsage of job (MB)
	324092  -  ResidentSetSize of job (KB)
...
006 (454.712.000) 2022-04-08 06:13:21 Image size of job updated: 774644
	317  -  MemoryUsage of job (MB)
	324224  -  ResidentSetSize of job (KB)
...
006 (454.712.000) 2022-04-08 06:18:22 Image size of job updated: 774900
	317  -  MemoryUsage of job (MB)
	324356  -  ResidentSetSize of job (KB)
...
006 (454.712.000) 2022-04-08 06:23:22 Image size of job updated: 775156
	318  -  MemoryUsage of job (MB)
	324620  -  ResidentSetSize of job (KB)
...
006 (454.712.000) 2022-04-08 06:28:22 Image size of job updated: 775156
	318  -  MemoryUsage of job (MB)
	324884  -  ResidentSetSize of job (KB)
...
006 (454.712.000) 2022-04-08 06:33:23 Image size of job updated: 775412
	318  -  MemoryUsage of job (MB)
	325016  -  ResidentSetSize of job (KB)
...
006 (454.712.000) 2022-04-08 06:38:24 Image size of job updated: 775668
	318  -  MemoryUsage of job (MB)
	325280  -  ResidentSetSize of job (KB)
...
006 (454.712.000) 2022-04-08 06:43:24 Image size of job updated: 775924
	318  -  MemoryUsage of job (MB)
	325544  -  ResidentSetSize of job (KB)
...
006 (454.712.000) 2022-04-08 06:48:25 Image size of job updated: 776180
	319  -  MemoryUsage of job (MB)
	325676  -  ResidentSetSize of job (KB)
...
006 (454.712.000) 2022-04-08 06:53:26 Image size of job updated: 776436
	319  -  MemoryUsage of job (MB)
	325940  -  ResidentSetSize of job (KB)
...
006 (454.712.000) 2022-04-08 06:58:26 Image size of job updated: 776692
	319  -  MemoryUsage of job (MB)
	326204  -  ResidentSetSize of job (KB)
...
006 (454.712.000) 2022-04-08 07:03:26 Image size of job updated: 776948
	319  -  MemoryUsage of job (MB)
	326468  -  ResidentSetSize of job (KB)
...
006 (454.712.000) 2022-04-08 07:18:27 Image size of job updated: 777204
	320  -  MemoryUsage of job (MB)
	326716  -  ResidentSetSize of job (KB)
...
006 (454.712.000) 2022-04-08 07:23:28 Image size of job updated: 777204
	320  -  MemoryUsage of job (MB)
	326848  -  ResidentSetSize of job (KB)
...
006 (454.712.000) 2022-04-08 07:28:29 Image size of job updated: 777460
	320  -  MemoryUsage of job (MB)
	327112  -  ResidentSetSize of job (KB)
...
006 (454.712.000) 2022-04-08 07:33:29 Image size of job updated: 777716
	320  -  MemoryUsage of job (MB)
	327244  -  ResidentSetSize of job (KB)
...
006 (454.712.000) 2022-04-08 07:38:29 Image size of job updated: 777972
	320  -  MemoryUsage of job (MB)
	327508  -  ResidentSetSize of job (KB)
...
006 (454.712.000) 2022-04-08 07:43:30 Image size of job updated: 777972
	320  -  MemoryUsage of job (MB)
	327640  -  ResidentSetSize of job (KB)
...
006 (454.712.000) 2022-04-08 07:48:30 Image size of job updated: 778228
	321  -  MemoryUsage of job (MB)
	327904  -  ResidentSetSize of job (KB)
...
006 (454.712.000) 2022-04-08 07:53:30 Image size of job updated: 778484
	321  -  MemoryUsage of job (MB)
	328036  -  ResidentSetSize of job (KB)
...
006 (454.712.000) 2022-04-08 07:58:31 Image size of job updated: 778740
	321  -  MemoryUsage of job (MB)
	328300  -  ResidentSetSize of job (KB)
...
006 (454.712.000) 2022-04-08 08:03:32 Image size of job updated: 778996
	321  -  MemoryUsage of job (MB)
	328432  -  ResidentSetSize of job (KB)
...
006 (454.712.000) 2022-04-08 08:08:32 Image size of job updated: 778996
	321  -  MemoryUsage of job (MB)
	328696  -  ResidentSetSize of job (KB)
...
006 (454.712.000) 2022-04-08 08:13:33 Image size of job updated: 779252
	322  -  MemoryUsage of job (MB)
	328828  -  ResidentSetSize of job (KB)
...
006 (454.712.000) 2022-04-08 08:18:34 Image size of job updated: 779508
	322  -  MemoryUsage of job (MB)
	329092  -  ResidentSetSize of job (KB)
...
006 (454.712.000) 2022-04-08 08:23:34 Image size of job updated: 779764
	322  -  MemoryUsage of job (MB)
	329224  -  ResidentSetSize of job (KB)
...
005 (454.712.000) 2022-04-08 08:23:37 Job terminated.
	(1) Normal termination (return value 0)
		Usr 0 02:43:32, Sys 0 00:00:26  -  Run Remote Usage
		Usr 0 00:00:00, Sys 0 00:00:00  -  Run Local Usage
		Usr 0 02:43:32, Sys 0 00:00:26  -  Total Remote Usage
		Usr 0 00:00:00, Sys 0 00:00:00  -  Total Local Usage
	0  -  Run Bytes Sent By Job
	0  -  Run Bytes Received By Job
	0  -  Total Bytes Sent By Job
	0  -  Total Bytes Received By Job
	Partitionable Resources :    Usage  Request Allocated 
	   Cpus                 :     1.00        1         1 
	   Disk (KB)            :  7500        7500     10998 
	   Memory (MB)          :   322        1024      1024 

	Job terminated of its own accord at 2022-04-08T06:23:37Z with exit-code 0.
...
