000 (454.171.000) 2022-04-06 16:53:59 Job submitted from host: <10.18.24.243:9618?addrs=10.18.24.243-9618&alias=ecoclusts01.bioclust.biologie.ens.fr&noUDP&sock=schedd_1052_29b8>
...
001 (454.171.000) 2022-04-07 11:27:48 Job executing on host: <10.18.24.177:9618?addrs=10.18.24.177-9618&alias=mcbsclust06.bioclust.biologie.ens.fr&noUDP&sock=startd_945_c516>
...
006 (454.171.000) 2022-04-07 11:27:57 Image size of job updated: 431224
	422  -  MemoryUsage of job (MB)
	431224  -  ResidentSetSize of job (KB)
...
006 (454.171.000) 2022-04-07 11:32:58 Image size of job updated: 741620
	422  -  MemoryUsage of job (MB)
	431224  -  ResidentSetSize of job (KB)
...
006 (454.171.000) 2022-04-07 11:37:58 Image size of job updated: 774388
	422  -  MemoryUsage of job (MB)
	431224  -  ResidentSetSize of job (KB)
...
006 (454.171.000) 2022-04-07 12:48:06 Image size of job updated: 774644
	422  -  MemoryUsage of job (MB)
	431224  -  ResidentSetSize of job (KB)
...
006 (454.171.000) 2022-04-07 13:03:08 Image size of job updated: 774900
	422  -  MemoryUsage of job (MB)
	431224  -  ResidentSetSize of job (KB)
...
006 (454.171.000) 2022-04-07 13:13:09 Image size of job updated: 775156
	422  -  MemoryUsage of job (MB)
	431224  -  ResidentSetSize of job (KB)
...
006 (454.171.000) 2022-04-07 13:28:10 Image size of job updated: 775412
	422  -  MemoryUsage of job (MB)
	431224  -  ResidentSetSize of job (KB)
...
006 (454.171.000) 2022-04-07 13:38:11 Image size of job updated: 775668
	422  -  MemoryUsage of job (MB)
	431224  -  ResidentSetSize of job (KB)
...
006 (454.171.000) 2022-04-07 13:48:12 Image size of job updated: 775924
	422  -  MemoryUsage of job (MB)
	431224  -  ResidentSetSize of job (KB)
...
006 (454.171.000) 2022-04-07 13:58:13 Image size of job updated: 776180
	422  -  MemoryUsage of job (MB)
	431224  -  ResidentSetSize of job (KB)
...
006 (454.171.000) 2022-04-07 14:08:14 Image size of job updated: 776436
	422  -  MemoryUsage of job (MB)
	431224  -  ResidentSetSize of job (KB)
...
006 (454.171.000) 2022-04-07 14:18:14 Image size of job updated: 776692
	422  -  MemoryUsage of job (MB)
	431224  -  ResidentSetSize of job (KB)
...
006 (454.171.000) 2022-04-07 14:28:16 Image size of job updated: 776948
	422  -  MemoryUsage of job (MB)
	431224  -  ResidentSetSize of job (KB)
...
006 (454.171.000) 2022-04-07 14:53:17 Image size of job updated: 777204
	422  -  MemoryUsage of job (MB)
	431224  -  ResidentSetSize of job (KB)
...
006 (454.171.000) 2022-04-07 15:08:19 Image size of job updated: 777460
	422  -  MemoryUsage of job (MB)
	431224  -  ResidentSetSize of job (KB)
...
006 (454.171.000) 2022-04-07 15:18:21 Image size of job updated: 777716
	422  -  MemoryUsage of job (MB)
	431224  -  ResidentSetSize of job (KB)
...
006 (454.171.000) 2022-04-07 15:28:21 Image size of job updated: 777972
	422  -  MemoryUsage of job (MB)
	431224  -  ResidentSetSize of job (KB)
...
006 (454.171.000) 2022-04-07 15:43:23 Image size of job updated: 778228
	422  -  MemoryUsage of job (MB)
	431224  -  ResidentSetSize of job (KB)
...
006 (454.171.000) 2022-04-07 15:53:25 Image size of job updated: 778484
	422  -  MemoryUsage of job (MB)
	431224  -  ResidentSetSize of job (KB)
...
006 (454.171.000) 2022-04-07 16:08:26 Image size of job updated: 778740
	422  -  MemoryUsage of job (MB)
	431224  -  ResidentSetSize of job (KB)
...
006 (454.171.000) 2022-04-07 16:18:27 Image size of job updated: 778996
	422  -  MemoryUsage of job (MB)
	431224  -  ResidentSetSize of job (KB)
...
006 (454.171.000) 2022-04-07 16:28:29 Image size of job updated: 779252
	422  -  MemoryUsage of job (MB)
	431224  -  ResidentSetSize of job (KB)
...
006 (454.171.000) 2022-04-07 16:43:30 Image size of job updated: 779508
	422  -  MemoryUsage of job (MB)
	431224  -  ResidentSetSize of job (KB)
...
006 (454.171.000) 2022-04-07 16:52:43 Image size of job updated: 779764
	422  -  MemoryUsage of job (MB)
	431224  -  ResidentSetSize of job (KB)
...
005 (454.171.000) 2022-04-07 16:52:43 Job terminated.
	(1) Normal termination (return value 0)
		Usr 0 05:23:50, Sys 0 00:00:14  -  Run Remote Usage
		Usr 0 00:00:00, Sys 0 00:00:00  -  Run Local Usage
		Usr 0 05:23:50, Sys 0 00:00:14  -  Total Remote Usage
		Usr 0 00:00:00, Sys 0 00:00:00  -  Total Local Usage
	0  -  Run Bytes Sent By Job
	0  -  Run Bytes Received By Job
	0  -  Total Bytes Sent By Job
	0  -  Total Bytes Received By Job
	Partitionable Resources :    Usage  Request Allocated 
	   Cpus                 :     1.00        1         1 
	   Disk (KB)            :  7500        7500     10998 
	   Memory (MB)          :   422        1024      1024 

	Job terminated of its own accord at 2022-04-07T14:52:43Z with exit-code 0.
...
