000 (454.562.000) 2022-04-06 16:54:01 Job submitted from host: <10.18.24.243:9618?addrs=10.18.24.243-9618&alias=ecoclusts01.bioclust.biologie.ens.fr&noUDP&sock=schedd_1052_29b8>
...
001 (454.562.000) 2022-04-08 01:14:01 Job executing on host: <10.18.24.12:9618?addrs=10.18.24.12-9618&alias=bioclust12.bioclust.biologie.ens.fr&noUDP&sock=startd_86046_fa3b>
...
006 (454.562.000) 2022-04-08 01:14:10 Image size of job updated: 124652
	54  -  MemoryUsage of job (MB)
	54724  -  ResidentSetSize of job (KB)
...
006 (454.562.000) 2022-04-08 01:19:11 Image size of job updated: 741624
	310  -  MemoryUsage of job (MB)
	316596  -  ResidentSetSize of job (KB)
...
006 (454.562.000) 2022-04-08 01:24:12 Image size of job updated: 741624
	317  -  MemoryUsage of job (MB)
	324104  -  ResidentSetSize of job (KB)
...
006 (454.562.000) 2022-04-08 01:29:12 Image size of job updated: 774392
	317  -  MemoryUsage of job (MB)
	324104  -  ResidentSetSize of job (KB)
...
006 (454.562.000) 2022-04-08 03:19:22 Image size of job updated: 774648
	317  -  MemoryUsage of job (MB)
	324104  -  ResidentSetSize of job (KB)
...
006 (454.562.000) 2022-04-08 03:24:22 Image size of job updated: 774648
	317  -  MemoryUsage of job (MB)
	324192  -  ResidentSetSize of job (KB)
...
006 (454.562.000) 2022-04-08 03:29:23 Image size of job updated: 774648
	317  -  MemoryUsage of job (MB)
	324324  -  ResidentSetSize of job (KB)
...
006 (454.562.000) 2022-04-08 03:34:23 Image size of job updated: 774904
	317  -  MemoryUsage of job (MB)
	324456  -  ResidentSetSize of job (KB)
...
006 (454.562.000) 2022-04-08 03:39:23 Image size of job updated: 774904
	317  -  MemoryUsage of job (MB)
	324588  -  ResidentSetSize of job (KB)
...
006 (454.562.000) 2022-04-08 03:49:25 Image size of job updated: 775160
	318  -  MemoryUsage of job (MB)
	324720  -  ResidentSetSize of job (KB)
...
006 (454.562.000) 2022-04-08 03:54:25 Image size of job updated: 775160
	318  -  MemoryUsage of job (MB)
	324852  -  ResidentSetSize of job (KB)
...
006 (454.562.000) 2022-04-08 03:59:26 Image size of job updated: 775416
	318  -  MemoryUsage of job (MB)
	324852  -  ResidentSetSize of job (KB)
...
006 (454.562.000) 2022-04-08 04:04:26 Image size of job updated: 775416
	318  -  MemoryUsage of job (MB)
	324984  -  ResidentSetSize of job (KB)
...
006 (454.562.000) 2022-04-08 04:09:26 Image size of job updated: 775416
	318  -  MemoryUsage of job (MB)
	325116  -  ResidentSetSize of job (KB)
...
006 (454.562.000) 2022-04-08 04:14:27 Image size of job updated: 775672
	318  -  MemoryUsage of job (MB)
	325248  -  ResidentSetSize of job (KB)
...
006 (454.562.000) 2022-04-08 04:19:28 Image size of job updated: 775672
	318  -  MemoryUsage of job (MB)
	325380  -  ResidentSetSize of job (KB)
...
006 (454.562.000) 2022-04-08 04:24:28 Image size of job updated: 775928
	318  -  MemoryUsage of job (MB)
	325380  -  ResidentSetSize of job (KB)
...
006 (454.562.000) 2022-04-08 04:29:29 Image size of job updated: 775928
	318  -  MemoryUsage of job (MB)
	325512  -  ResidentSetSize of job (KB)
...
006 (454.562.000) 2022-04-08 04:34:30 Image size of job updated: 775928
	319  -  MemoryUsage of job (MB)
	325644  -  ResidentSetSize of job (KB)
...
006 (454.562.000) 2022-04-08 04:39:30 Image size of job updated: 776184
	319  -  MemoryUsage of job (MB)
	325776  -  ResidentSetSize of job (KB)
...
006 (454.562.000) 2022-04-08 04:49:32 Image size of job updated: 776440
	319  -  MemoryUsage of job (MB)
	325908  -  ResidentSetSize of job (KB)
...
006 (454.562.000) 2022-04-08 04:54:32 Image size of job updated: 776440
	319  -  MemoryUsage of job (MB)
	326040  -  ResidentSetSize of job (KB)
...
006 (454.562.000) 2022-04-08 04:59:32 Image size of job updated: 776440
	319  -  MemoryUsage of job (MB)
	326172  -  ResidentSetSize of job (KB)
...
006 (454.562.000) 2022-04-08 05:04:33 Image size of job updated: 776696
	319  -  MemoryUsage of job (MB)
	326172  -  ResidentSetSize of job (KB)
...
006 (454.562.000) 2022-04-08 05:09:33 Image size of job updated: 776696
	319  -  MemoryUsage of job (MB)
	326304  -  ResidentSetSize of job (KB)
...
006 (454.562.000) 2022-04-08 05:14:33 Image size of job updated: 776696
	319  -  MemoryUsage of job (MB)
	326436  -  ResidentSetSize of job (KB)
...
006 (454.562.000) 2022-04-08 05:19:34 Image size of job updated: 776952
	319  -  MemoryUsage of job (MB)
	326568  -  ResidentSetSize of job (KB)
...
006 (454.562.000) 2022-04-08 05:44:36 Image size of job updated: 777208
	320  -  MemoryUsage of job (MB)
	326700  -  ResidentSetSize of job (KB)
...
006 (454.562.000) 2022-04-08 05:49:37 Image size of job updated: 777208
	320  -  MemoryUsage of job (MB)
	326832  -  ResidentSetSize of job (KB)
...
006 (454.562.000) 2022-04-08 05:59:38 Image size of job updated: 777464
	320  -  MemoryUsage of job (MB)
	326964  -  ResidentSetSize of job (KB)
...
006 (454.562.000) 2022-04-08 06:04:39 Image size of job updated: 777464
	320  -  MemoryUsage of job (MB)
	327096  -  ResidentSetSize of job (KB)
...
006 (454.562.000) 2022-04-08 06:14:40 Image size of job updated: 777720
	320  -  MemoryUsage of job (MB)
	327228  -  ResidentSetSize of job (KB)
...
006 (454.562.000) 2022-04-08 06:19:41 Image size of job updated: 777720
	320  -  MemoryUsage of job (MB)
	327360  -  ResidentSetSize of job (KB)
...
006 (454.562.000) 2022-04-08 06:29:42 Image size of job updated: 777976
	320  -  MemoryUsage of job (MB)
	327492  -  ResidentSetSize of job (KB)
...
006 (454.562.000) 2022-04-08 06:34:42 Image size of job updated: 777976
	320  -  MemoryUsage of job (MB)
	327624  -  ResidentSetSize of job (KB)
...
006 (454.562.000) 2022-04-08 06:39:43 Image size of job updated: 778232
	321  -  MemoryUsage of job (MB)
	327756  -  ResidentSetSize of job (KB)
...
006 (454.562.000) 2022-04-08 06:49:43 Image size of job updated: 778232
	321  -  MemoryUsage of job (MB)
	327888  -  ResidentSetSize of job (KB)
...
006 (454.562.000) 2022-04-08 06:54:44 Image size of job updated: 778488
	321  -  MemoryUsage of job (MB)
	328020  -  ResidentSetSize of job (KB)
...
006 (454.562.000) 2022-04-08 06:59:44 Image size of job updated: 778488
	321  -  MemoryUsage of job (MB)
	328152  -  ResidentSetSize of job (KB)
...
006 (454.562.000) 2022-04-08 07:09:46 Image size of job updated: 778744
	321  -  MemoryUsage of job (MB)
	328284  -  ResidentSetSize of job (KB)
...
006 (454.562.000) 2022-04-08 07:14:46 Image size of job updated: 778744
	321  -  MemoryUsage of job (MB)
	328416  -  ResidentSetSize of job (KB)
...
006 (454.562.000) 2022-04-08 07:19:46 Image size of job updated: 779000
	321  -  MemoryUsage of job (MB)
	328416  -  ResidentSetSize of job (KB)
...
006 (454.562.000) 2022-04-08 07:24:47 Image size of job updated: 779000
	321  -  MemoryUsage of job (MB)
	328548  -  ResidentSetSize of job (KB)
...
006 (454.562.000) 2022-04-08 07:29:48 Image size of job updated: 779000
	321  -  MemoryUsage of job (MB)
	328680  -  ResidentSetSize of job (KB)
...
006 (454.562.000) 2022-04-08 07:34:48 Image size of job updated: 779256
	321  -  MemoryUsage of job (MB)
	328680  -  ResidentSetSize of job (KB)
...
006 (454.562.000) 2022-04-08 07:39:49 Image size of job updated: 779256
	322  -  MemoryUsage of job (MB)
	328812  -  ResidentSetSize of job (KB)
...
006 (454.562.000) 2022-04-08 07:44:50 Image size of job updated: 779256
	322  -  MemoryUsage of job (MB)
	328944  -  ResidentSetSize of job (KB)
...
006 (454.562.000) 2022-04-08 07:49:50 Image size of job updated: 779512
	322  -  MemoryUsage of job (MB)
	329076  -  ResidentSetSize of job (KB)
...
006 (454.562.000) 2022-04-08 07:59:51 Image size of job updated: 779512
	322  -  MemoryUsage of job (MB)
	329208  -  ResidentSetSize of job (KB)
...
006 (454.562.000) 2022-04-08 08:03:48 Image size of job updated: 779768
	322  -  MemoryUsage of job (MB)
	329208  -  ResidentSetSize of job (KB)
...
005 (454.562.000) 2022-04-08 08:03:48 Job terminated.
	(1) Normal termination (return value 0)
		Usr 0 06:45:42, Sys 0 00:01:00  -  Run Remote Usage
		Usr 0 00:00:00, Sys 0 00:00:00  -  Run Local Usage
		Usr 0 06:45:42, Sys 0 00:01:00  -  Total Remote Usage
		Usr 0 00:00:00, Sys 0 00:00:00  -  Total Local Usage
	0  -  Run Bytes Sent By Job
	0  -  Run Bytes Received By Job
	0  -  Total Bytes Sent By Job
	0  -  Total Bytes Received By Job
	Partitionable Resources :    Usage  Request Allocated 
	   Cpus                 :     1.00        1         1 
	   Disk (KB)            :  7500        7500     12108 
	   Memory (MB)          :   322        1024      1024 

	Job terminated of its own accord at 2022-04-08T06:03:48Z with exit-code 0.
...
