000 (454.778.000) 2022-04-06 16:54:02 Job submitted from host: <10.18.24.243:9618?addrs=10.18.24.243-9618&alias=ecoclusts01.bioclust.biologie.ens.fr&noUDP&sock=schedd_1052_29b8>
...
001 (454.778.000) 2022-04-08 07:18:28 Job executing on host: <10.18.24.139:9618?addrs=10.18.24.139-9618&alias=dyoclust12.bioclust.biologie.ens.fr&noUDP&sock=startd_791_2380>
...
006 (454.778.000) 2022-04-08 07:18:36 Image size of job updated: 233408
	100  -  MemoryUsage of job (MB)
	101740  -  ResidentSetSize of job (KB)
...
006 (454.778.000) 2022-04-08 07:23:36 Image size of job updated: 741876
	277  -  MemoryUsage of job (MB)
	282716  -  ResidentSetSize of job (KB)
...
006 (454.778.000) 2022-04-08 07:28:37 Image size of job updated: 774644
	317  -  MemoryUsage of job (MB)
	324336  -  ResidentSetSize of job (KB)
...
006 (454.778.000) 2022-04-08 08:38:45 Image size of job updated: 774900
	317  -  MemoryUsage of job (MB)
	324336  -  ResidentSetSize of job (KB)
...
006 (454.778.000) 2022-04-08 08:43:45 Image size of job updated: 774900
	317  -  MemoryUsage of job (MB)
	324600  -  ResidentSetSize of job (KB)
...
006 (454.778.000) 2022-04-08 08:48:45 Image size of job updated: 775156
	318  -  MemoryUsage of job (MB)
	324732  -  ResidentSetSize of job (KB)
...
006 (454.778.000) 2022-04-08 08:53:46 Image size of job updated: 775156
	318  -  MemoryUsage of job (MB)
	324864  -  ResidentSetSize of job (KB)
...
006 (454.778.000) 2022-04-08 08:58:47 Image size of job updated: 775412
	318  -  MemoryUsage of job (MB)
	324996  -  ResidentSetSize of job (KB)
...
006 (454.778.000) 2022-04-08 09:03:47 Image size of job updated: 775668
	318  -  MemoryUsage of job (MB)
	325260  -  ResidentSetSize of job (KB)
...
006 (454.778.000) 2022-04-08 09:08:48 Image size of job updated: 775668
	318  -  MemoryUsage of job (MB)
	325392  -  ResidentSetSize of job (KB)
...
006 (454.778.000) 2022-04-08 09:13:49 Image size of job updated: 775924
	318  -  MemoryUsage of job (MB)
	325524  -  ResidentSetSize of job (KB)
...
006 (454.778.000) 2022-04-08 09:18:49 Image size of job updated: 776180
	319  -  MemoryUsage of job (MB)
	325656  -  ResidentSetSize of job (KB)
...
006 (454.778.000) 2022-04-08 09:23:49 Image size of job updated: 776180
	319  -  MemoryUsage of job (MB)
	325788  -  ResidentSetSize of job (KB)
...
006 (454.778.000) 2022-04-08 09:28:50 Image size of job updated: 776436
	319  -  MemoryUsage of job (MB)
	325920  -  ResidentSetSize of job (KB)
...
006 (454.778.000) 2022-04-08 09:33:50 Image size of job updated: 776436
	319  -  MemoryUsage of job (MB)
	326052  -  ResidentSetSize of job (KB)
...
006 (454.778.000) 2022-04-08 09:38:50 Image size of job updated: 776692
	319  -  MemoryUsage of job (MB)
	326316  -  ResidentSetSize of job (KB)
...
006 (454.778.000) 2022-04-08 09:43:51 Image size of job updated: 776948
	319  -  MemoryUsage of job (MB)
	326448  -  ResidentSetSize of job (KB)
...
006 (454.778.000) 2022-04-08 09:48:52 Image size of job updated: 776948
	319  -  MemoryUsage of job (MB)
	326580  -  ResidentSetSize of job (KB)
...
006 (454.778.000) 2022-04-08 10:03:53 Image size of job updated: 777204
	320  -  MemoryUsage of job (MB)
	326712  -  ResidentSetSize of job (KB)
...
006 (454.778.000) 2022-04-08 10:08:53 Image size of job updated: 777204
	320  -  MemoryUsage of job (MB)
	326976  -  ResidentSetSize of job (KB)
...
006 (454.778.000) 2022-04-08 10:13:53 Image size of job updated: 777460
	320  -  MemoryUsage of job (MB)
	327108  -  ResidentSetSize of job (KB)
...
006 (454.778.000) 2022-04-08 10:18:54 Image size of job updated: 777716
	320  -  MemoryUsage of job (MB)
	327240  -  ResidentSetSize of job (KB)
...
006 (454.778.000) 2022-04-08 10:23:55 Image size of job updated: 777716
	320  -  MemoryUsage of job (MB)
	327372  -  ResidentSetSize of job (KB)
...
006 (454.778.000) 2022-04-08 10:28:55 Image size of job updated: 777972
	320  -  MemoryUsage of job (MB)
	327636  -  ResidentSetSize of job (KB)
...
006 (454.778.000) 2022-04-08 10:33:55 Image size of job updated: 778228
	321  -  MemoryUsage of job (MB)
	327768  -  ResidentSetSize of job (KB)
...
006 (454.778.000) 2022-04-08 10:38:56 Image size of job updated: 778228
	321  -  MemoryUsage of job (MB)
	327900  -  ResidentSetSize of job (KB)
...
006 (454.778.000) 2022-04-08 10:43:56 Image size of job updated: 778484
	321  -  MemoryUsage of job (MB)
	328032  -  ResidentSetSize of job (KB)
...
006 (454.778.000) 2022-04-08 10:48:56 Image size of job updated: 778484
	321  -  MemoryUsage of job (MB)
	328164  -  ResidentSetSize of job (KB)
...
006 (454.778.000) 2022-04-08 10:53:57 Image size of job updated: 778740
	321  -  MemoryUsage of job (MB)
	328296  -  ResidentSetSize of job (KB)
...
006 (454.778.000) 2022-04-08 10:58:58 Image size of job updated: 778996
	321  -  MemoryUsage of job (MB)
	328560  -  ResidentSetSize of job (KB)
...
006 (454.778.000) 2022-04-08 11:03:58 Image size of job updated: 778996
	321  -  MemoryUsage of job (MB)
	328692  -  ResidentSetSize of job (KB)
...
006 (454.778.000) 2022-04-08 11:08:58 Image size of job updated: 779252
	322  -  MemoryUsage of job (MB)
	328824  -  ResidentSetSize of job (KB)
...
006 (454.778.000) 2022-04-08 11:13:59 Image size of job updated: 779508
	322  -  MemoryUsage of job (MB)
	328956  -  ResidentSetSize of job (KB)
...
006 (454.778.000) 2022-04-08 11:19:00 Image size of job updated: 779508
	322  -  MemoryUsage of job (MB)
	329088  -  ResidentSetSize of job (KB)
...
006 (454.778.000) 2022-04-08 11:22:55 Image size of job updated: 779764
	322  -  MemoryUsage of job (MB)
	329088  -  ResidentSetSize of job (KB)
...
005 (454.778.000) 2022-04-08 11:22:55 Job terminated.
	(1) Normal termination (return value 0)
		Usr 0 04:02:32, Sys 0 00:00:27  -  Run Remote Usage
		Usr 0 00:00:00, Sys 0 00:00:00  -  Run Local Usage
		Usr 0 04:02:32, Sys 0 00:00:27  -  Total Remote Usage
		Usr 0 00:00:00, Sys 0 00:00:00  -  Total Local Usage
	0  -  Run Bytes Sent By Job
	0  -  Run Bytes Received By Job
	0  -  Total Bytes Sent By Job
	0  -  Total Bytes Received By Job
	Partitionable Resources :    Usage  Request Allocated 
	   Cpus                 :     1.00        1         1 
	   Disk (KB)            :  7500        7500     10998 
	   Memory (MB)          :   322        1024      1024 

	Job terminated of its own accord at 2022-04-08T09:22:55Z with exit-code 0.
...
