000 (454.490.000) 2022-04-06 16:54:01 Job submitted from host: <10.18.24.243:9618?addrs=10.18.24.243-9618&alias=ecoclusts01.bioclust.biologie.ens.fr&noUDP&sock=schedd_1052_29b8>
...
001 (454.490.000) 2022-04-07 23:05:57 Job executing on host: <10.18.24.142:9618?addrs=10.18.24.142-9618&alias=dyoclust15.bioclust.biologie.ens.fr&noUDP&sock=startd_768_5cd3>
...
006 (454.490.000) 2022-04-07 23:06:06 Image size of job updated: 233664
	93  -  MemoryUsage of job (MB)
	94460  -  ResidentSetSize of job (KB)
...
006 (454.490.000) 2022-04-07 23:11:06 Image size of job updated: 741876
	269  -  MemoryUsage of job (MB)
	274696  -  ResidentSetSize of job (KB)
...
006 (454.490.000) 2022-04-07 23:16:07 Image size of job updated: 774644
	317  -  MemoryUsage of job (MB)
	324316  -  ResidentSetSize of job (KB)
...
006 (454.490.000) 2022-04-07 23:51:10 Image size of job updated: 774900
	317  -  MemoryUsage of job (MB)
	324448  -  ResidentSetSize of job (KB)
...
006 (454.490.000) 2022-04-07 23:56:11 Image size of job updated: 774900
	317  -  MemoryUsage of job (MB)
	324580  -  ResidentSetSize of job (KB)
...
006 (454.490.000) 2022-04-08 00:01:11 Image size of job updated: 775156
	318  -  MemoryUsage of job (MB)
	324712  -  ResidentSetSize of job (KB)
...
006 (454.490.000) 2022-04-08 00:06:12 Image size of job updated: 775156
	318  -  MemoryUsage of job (MB)
	324844  -  ResidentSetSize of job (KB)
...
006 (454.490.000) 2022-04-08 00:11:13 Image size of job updated: 775412
	318  -  MemoryUsage of job (MB)
	324976  -  ResidentSetSize of job (KB)
...
006 (454.490.000) 2022-04-08 00:16:13 Image size of job updated: 775412
	318  -  MemoryUsage of job (MB)
	325108  -  ResidentSetSize of job (KB)
...
006 (454.490.000) 2022-04-08 00:21:13 Image size of job updated: 775668
	318  -  MemoryUsage of job (MB)
	325240  -  ResidentSetSize of job (KB)
...
006 (454.490.000) 2022-04-08 00:26:14 Image size of job updated: 775924
	318  -  MemoryUsage of job (MB)
	325372  -  ResidentSetSize of job (KB)
...
006 (454.490.000) 2022-04-08 00:31:15 Image size of job updated: 775924
	319  -  MemoryUsage of job (MB)
	325636  -  ResidentSetSize of job (KB)
...
006 (454.490.000) 2022-04-08 00:36:15 Image size of job updated: 776180
	319  -  MemoryUsage of job (MB)
	325768  -  ResidentSetSize of job (KB)
...
006 (454.490.000) 2022-04-08 00:41:15 Image size of job updated: 776436
	319  -  MemoryUsage of job (MB)
	325900  -  ResidentSetSize of job (KB)
...
006 (454.490.000) 2022-04-08 00:46:16 Image size of job updated: 776436
	319  -  MemoryUsage of job (MB)
	326164  -  ResidentSetSize of job (KB)
...
006 (454.490.000) 2022-04-08 00:51:17 Image size of job updated: 776692
	319  -  MemoryUsage of job (MB)
	326296  -  ResidentSetSize of job (KB)
...
006 (454.490.000) 2022-04-08 00:56:17 Image size of job updated: 776948
	319  -  MemoryUsage of job (MB)
	326428  -  ResidentSetSize of job (KB)
...
006 (454.490.000) 2022-04-08 01:01:19 Image size of job updated: 776948
	319  -  MemoryUsage of job (MB)
	326560  -  ResidentSetSize of job (KB)
...
006 (454.490.000) 2022-04-08 01:11:19 Image size of job updated: 777204
	320  -  MemoryUsage of job (MB)
	326692  -  ResidentSetSize of job (KB)
...
006 (454.490.000) 2022-04-08 01:16:20 Image size of job updated: 777460
	320  -  MemoryUsage of job (MB)
	326956  -  ResidentSetSize of job (KB)
...
006 (454.490.000) 2022-04-08 01:21:21 Image size of job updated: 777460
	320  -  MemoryUsage of job (MB)
	327088  -  ResidentSetSize of job (KB)
...
006 (454.490.000) 2022-04-08 01:26:21 Image size of job updated: 777716
	320  -  MemoryUsage of job (MB)
	327352  -  ResidentSetSize of job (KB)
...
006 (454.490.000) 2022-04-08 01:31:21 Image size of job updated: 777972
	320  -  MemoryUsage of job (MB)
	327484  -  ResidentSetSize of job (KB)
...
006 (454.490.000) 2022-04-08 01:36:22 Image size of job updated: 777972
	320  -  MemoryUsage of job (MB)
	327616  -  ResidentSetSize of job (KB)
...
006 (454.490.000) 2022-04-08 01:41:22 Image size of job updated: 778228
	321  -  MemoryUsage of job (MB)
	327880  -  ResidentSetSize of job (KB)
...
006 (454.490.000) 2022-04-08 01:46:22 Image size of job updated: 778484
	321  -  MemoryUsage of job (MB)
	328012  -  ResidentSetSize of job (KB)
...
006 (454.490.000) 2022-04-08 01:51:23 Image size of job updated: 778484
	321  -  MemoryUsage of job (MB)
	328276  -  ResidentSetSize of job (KB)
...
006 (454.490.000) 2022-04-08 01:56:24 Image size of job updated: 778740
	321  -  MemoryUsage of job (MB)
	328408  -  ResidentSetSize of job (KB)
...
006 (454.490.000) 2022-04-08 02:01:24 Image size of job updated: 778996
	321  -  MemoryUsage of job (MB)
	328540  -  ResidentSetSize of job (KB)
...
006 (454.490.000) 2022-04-08 02:06:24 Image size of job updated: 779252
	322  -  MemoryUsage of job (MB)
	328804  -  ResidentSetSize of job (KB)
...
006 (454.490.000) 2022-04-08 02:11:26 Image size of job updated: 779252
	322  -  MemoryUsage of job (MB)
	328936  -  ResidentSetSize of job (KB)
...
006 (454.490.000) 2022-04-08 02:16:26 Image size of job updated: 779508
	322  -  MemoryUsage of job (MB)
	329200  -  ResidentSetSize of job (KB)
...
006 (454.490.000) 2022-04-08 02:19:17 Image size of job updated: 779764
	322  -  MemoryUsage of job (MB)
	329200  -  ResidentSetSize of job (KB)
...
005 (454.490.000) 2022-04-08 02:19:17 Job terminated.
	(1) Normal termination (return value 0)
		Usr 0 03:11:15, Sys 0 00:00:30  -  Run Remote Usage
		Usr 0 00:00:00, Sys 0 00:00:00  -  Run Local Usage
		Usr 0 03:11:15, Sys 0 00:00:30  -  Total Remote Usage
		Usr 0 00:00:00, Sys 0 00:00:00  -  Total Local Usage
	0  -  Run Bytes Sent By Job
	0  -  Run Bytes Received By Job
	0  -  Total Bytes Sent By Job
	0  -  Total Bytes Received By Job
	Partitionable Resources :    Usage  Request Allocated 
	   Cpus                 :     1.00        1         1 
	   Disk (KB)            :  7500        7500     10998 
	   Memory (MB)          :   322        1024      1024 

	Job terminated of its own accord at 2022-04-08T00:19:17Z with exit-code 0.
...
