000 (454.083.000) 2022-04-06 16:53:59 Job submitted from host: <10.18.24.243:9618?addrs=10.18.24.243-9618&alias=ecoclusts01.bioclust.biologie.ens.fr&noUDP&sock=schedd_1052_29b8>
...
001 (454.083.000) 2022-04-07 06:23:33 Job executing on host: <10.18.24.138:9618?addrs=10.18.24.138-9618&alias=dyoclust11.bioclust.biologie.ens.fr&noUDP&sock=startd_801_ff73>
...
006 (454.083.000) 2022-04-07 06:23:42 Image size of job updated: 97788
	96  -  MemoryUsage of job (MB)
	97788  -  ResidentSetSize of job (KB)
...
006 (454.083.000) 2022-04-07 06:28:42 Image size of job updated: 741876
	317  -  MemoryUsage of job (MB)
	324324  -  ResidentSetSize of job (KB)
...
006 (454.083.000) 2022-04-07 06:33:42 Image size of job updated: 774644
	317  -  MemoryUsage of job (MB)
	324324  -  ResidentSetSize of job (KB)
...
006 (454.083.000) 2022-04-07 07:18:47 Image size of job updated: 774900
	317  -  MemoryUsage of job (MB)
	324456  -  ResidentSetSize of job (KB)
...
006 (454.083.000) 2022-04-07 07:23:47 Image size of job updated: 775156
	318  -  MemoryUsage of job (MB)
	324720  -  ResidentSetSize of job (KB)
...
006 (454.083.000) 2022-04-07 07:28:48 Image size of job updated: 775156
	318  -  MemoryUsage of job (MB)
	324852  -  ResidentSetSize of job (KB)
...
006 (454.083.000) 2022-04-07 07:33:49 Image size of job updated: 775412
	318  -  MemoryUsage of job (MB)
	324984  -  ResidentSetSize of job (KB)
...
006 (454.083.000) 2022-04-07 07:38:49 Image size of job updated: 775668
	318  -  MemoryUsage of job (MB)
	325248  -  ResidentSetSize of job (KB)
...
006 (454.083.000) 2022-04-07 07:43:50 Image size of job updated: 775924
	318  -  MemoryUsage of job (MB)
	325380  -  ResidentSetSize of job (KB)
...
006 (454.083.000) 2022-04-07 07:48:51 Image size of job updated: 775924
	319  -  MemoryUsage of job (MB)
	325644  -  ResidentSetSize of job (KB)
...
006 (454.083.000) 2022-04-07 07:53:51 Image size of job updated: 776180
	319  -  MemoryUsage of job (MB)
	325776  -  ResidentSetSize of job (KB)
...
006 (454.083.000) 2022-04-07 07:58:51 Image size of job updated: 776436
	319  -  MemoryUsage of job (MB)
	326040  -  ResidentSetSize of job (KB)
...
006 (454.083.000) 2022-04-07 08:03:53 Image size of job updated: 776692
	319  -  MemoryUsage of job (MB)
	326172  -  ResidentSetSize of job (KB)
...
006 (454.083.000) 2022-04-07 08:08:53 Image size of job updated: 776948
	319  -  MemoryUsage of job (MB)
	326436  -  ResidentSetSize of job (KB)
...
006 (454.083.000) 2022-04-07 08:13:53 Image size of job updated: 776948
	319  -  MemoryUsage of job (MB)
	326568  -  ResidentSetSize of job (KB)
...
006 (454.083.000) 2022-04-07 08:23:55 Image size of job updated: 776948
	320  -  MemoryUsage of job (MB)
	326700  -  ResidentSetSize of job (KB)
...
006 (454.083.000) 2022-04-07 08:28:55 Image size of job updated: 777204
	320  -  MemoryUsage of job (MB)
	326832  -  ResidentSetSize of job (KB)
...
006 (454.083.000) 2022-04-07 08:33:55 Image size of job updated: 777460
	320  -  MemoryUsage of job (MB)
	326964  -  ResidentSetSize of job (KB)
...
006 (454.083.000) 2022-04-07 08:38:56 Image size of job updated: 777460
	320  -  MemoryUsage of job (MB)
	327228  -  ResidentSetSize of job (KB)
...
006 (454.083.000) 2022-04-07 08:43:56 Image size of job updated: 777716
	320  -  MemoryUsage of job (MB)
	327360  -  ResidentSetSize of job (KB)
...
006 (454.083.000) 2022-04-07 08:48:56 Image size of job updated: 777972
	320  -  MemoryUsage of job (MB)
	327492  -  ResidentSetSize of job (KB)
...
006 (454.083.000) 2022-04-07 08:53:57 Image size of job updated: 777972
	321  -  MemoryUsage of job (MB)
	327756  -  ResidentSetSize of job (KB)
...
006 (454.083.000) 2022-04-07 08:58:58 Image size of job updated: 778228
	321  -  MemoryUsage of job (MB)
	327888  -  ResidentSetSize of job (KB)
...
006 (454.083.000) 2022-04-07 09:03:58 Image size of job updated: 778484
	321  -  MemoryUsage of job (MB)
	328020  -  ResidentSetSize of job (KB)
...
006 (454.083.000) 2022-04-07 09:08:58 Image size of job updated: 778740
	321  -  MemoryUsage of job (MB)
	328284  -  ResidentSetSize of job (KB)
...
006 (454.083.000) 2022-04-07 09:13:59 Image size of job updated: 778740
	321  -  MemoryUsage of job (MB)
	328416  -  ResidentSetSize of job (KB)
...
006 (454.083.000) 2022-04-07 09:18:59 Image size of job updated: 778996
	321  -  MemoryUsage of job (MB)
	328680  -  ResidentSetSize of job (KB)
...
006 (454.083.000) 2022-04-07 09:23:59 Image size of job updated: 779252
	322  -  MemoryUsage of job (MB)
	328812  -  ResidentSetSize of job (KB)
...
006 (454.083.000) 2022-04-07 09:29:00 Image size of job updated: 779508
	322  -  MemoryUsage of job (MB)
	329076  -  ResidentSetSize of job (KB)
...
006 (454.083.000) 2022-04-07 09:34:01 Image size of job updated: 779508
	322  -  MemoryUsage of job (MB)
	329208  -  ResidentSetSize of job (KB)
...
006 (454.083.000) 2022-04-07 09:36:41 Image size of job updated: 779764
	322  -  MemoryUsage of job (MB)
	329208  -  ResidentSetSize of job (KB)
...
005 (454.083.000) 2022-04-07 09:36:41 Job terminated.
	(1) Normal termination (return value 0)
		Usr 0 03:11:16, Sys 0 00:00:30  -  Run Remote Usage
		Usr 0 00:00:00, Sys 0 00:00:00  -  Run Local Usage
		Usr 0 03:11:16, Sys 0 00:00:30  -  Total Remote Usage
		Usr 0 00:00:00, Sys 0 00:00:00  -  Total Local Usage
	0  -  Run Bytes Sent By Job
	0  -  Run Bytes Received By Job
	0  -  Total Bytes Sent By Job
	0  -  Total Bytes Received By Job
	Partitionable Resources :    Usage  Request Allocated 
	   Cpus                 :     1.00        1         1 
	   Disk (KB)            :  7500        7500     10998 
	   Memory (MB)          :   322        1024      1024 

	Job terminated of its own accord at 2022-04-07T07:36:41Z with exit-code 0.
...
