000 (454.656.000) 2022-04-06 16:54:02 Job submitted from host: <10.18.24.243:9618?addrs=10.18.24.243-9618&alias=ecoclusts01.bioclust.biologie.ens.fr&noUDP&sock=schedd_1052_29b8>
...
001 (454.656.000) 2022-04-08 03:51:06 Job executing on host: <10.18.24.134:9618?addrs=10.18.24.134-9618&alias=dyoclust07.bioclust.biologie.ens.fr&noUDP&sock=startd_808_cc9c>
...
006 (454.656.000) 2022-04-08 03:51:15 Image size of job updated: 159632
	156  -  MemoryUsage of job (MB)
	159632  -  ResidentSetSize of job (KB)
...
006 (454.656.000) 2022-04-08 03:56:15 Image size of job updated: 741876
	317  -  MemoryUsage of job (MB)
	324344  -  ResidentSetSize of job (KB)
...
006 (454.656.000) 2022-04-08 04:01:16 Image size of job updated: 774644
	317  -  MemoryUsage of job (MB)
	324344  -  ResidentSetSize of job (KB)
...
006 (454.656.000) 2022-04-08 04:31:19 Image size of job updated: 774900
	317  -  MemoryUsage of job (MB)
	324432  -  ResidentSetSize of job (KB)
...
006 (454.656.000) 2022-04-08 04:36:19 Image size of job updated: 774900
	317  -  MemoryUsage of job (MB)
	324564  -  ResidentSetSize of job (KB)
...
006 (454.656.000) 2022-04-08 04:41:20 Image size of job updated: 775156
	318  -  MemoryUsage of job (MB)
	324696  -  ResidentSetSize of job (KB)
...
006 (454.656.000) 2022-04-08 04:46:21 Image size of job updated: 775412
	318  -  MemoryUsage of job (MB)
	324828  -  ResidentSetSize of job (KB)
...
006 (454.656.000) 2022-04-08 04:51:21 Image size of job updated: 775412
	318  -  MemoryUsage of job (MB)
	325092  -  ResidentSetSize of job (KB)
...
006 (454.656.000) 2022-04-08 04:56:21 Image size of job updated: 775668
	318  -  MemoryUsage of job (MB)
	325356  -  ResidentSetSize of job (KB)
...
006 (454.656.000) 2022-04-08 05:01:22 Image size of job updated: 775924
	318  -  MemoryUsage of job (MB)
	325488  -  ResidentSetSize of job (KB)
...
006 (454.656.000) 2022-04-08 05:06:23 Image size of job updated: 776180
	319  -  MemoryUsage of job (MB)
	325752  -  ResidentSetSize of job (KB)
...
006 (454.656.000) 2022-04-08 05:11:23 Image size of job updated: 776436
	319  -  MemoryUsage of job (MB)
	325884  -  ResidentSetSize of job (KB)
...
006 (454.656.000) 2022-04-08 05:16:23 Image size of job updated: 776436
	319  -  MemoryUsage of job (MB)
	326148  -  ResidentSetSize of job (KB)
...
006 (454.656.000) 2022-04-08 05:21:24 Image size of job updated: 776692
	319  -  MemoryUsage of job (MB)
	326280  -  ResidentSetSize of job (KB)
...
006 (454.656.000) 2022-04-08 05:26:25 Image size of job updated: 776948
	319  -  MemoryUsage of job (MB)
	326544  -  ResidentSetSize of job (KB)
...
006 (454.656.000) 2022-04-08 05:36:26 Image size of job updated: 776948
	320  -  MemoryUsage of job (MB)
	326676  -  ResidentSetSize of job (KB)
...
006 (454.656.000) 2022-04-08 05:41:27 Image size of job updated: 777204
	320  -  MemoryUsage of job (MB)
	326808  -  ResidentSetSize of job (KB)
...
006 (454.656.000) 2022-04-08 05:46:27 Image size of job updated: 777460
	320  -  MemoryUsage of job (MB)
	327072  -  ResidentSetSize of job (KB)
...
006 (454.656.000) 2022-04-08 05:51:27 Image size of job updated: 777716
	320  -  MemoryUsage of job (MB)
	327204  -  ResidentSetSize of job (KB)
...
006 (454.656.000) 2022-04-08 05:56:27 Image size of job updated: 777716
	320  -  MemoryUsage of job (MB)
	327468  -  ResidentSetSize of job (KB)
...
006 (454.656.000) 2022-04-08 06:01:28 Image size of job updated: 777972
	320  -  MemoryUsage of job (MB)
	327600  -  ResidentSetSize of job (KB)
...
006 (454.656.000) 2022-04-08 06:06:29 Image size of job updated: 778228
	321  -  MemoryUsage of job (MB)
	327732  -  ResidentSetSize of job (KB)
...
006 (454.656.000) 2022-04-08 06:11:29 Image size of job updated: 778484
	321  -  MemoryUsage of job (MB)
	327996  -  ResidentSetSize of job (KB)
...
006 (454.656.000) 2022-04-08 06:16:29 Image size of job updated: 778484
	321  -  MemoryUsage of job (MB)
	328128  -  ResidentSetSize of job (KB)
...
006 (454.656.000) 2022-04-08 06:21:30 Image size of job updated: 778740
	321  -  MemoryUsage of job (MB)
	328392  -  ResidentSetSize of job (KB)
...
006 (454.656.000) 2022-04-08 06:26:31 Image size of job updated: 778996
	321  -  MemoryUsage of job (MB)
	328524  -  ResidentSetSize of job (KB)
...
006 (454.656.000) 2022-04-08 06:31:31 Image size of job updated: 779252
	322  -  MemoryUsage of job (MB)
	328788  -  ResidentSetSize of job (KB)
...
006 (454.656.000) 2022-04-08 06:36:31 Image size of job updated: 779252
	322  -  MemoryUsage of job (MB)
	328920  -  ResidentSetSize of job (KB)
...
006 (454.656.000) 2022-04-08 06:41:32 Image size of job updated: 779508
	322  -  MemoryUsage of job (MB)
	329052  -  ResidentSetSize of job (KB)
...
006 (454.656.000) 2022-04-08 06:45:37 Image size of job updated: 779764
	322  -  MemoryUsage of job (MB)
	329052  -  ResidentSetSize of job (KB)
...
005 (454.656.000) 2022-04-08 06:45:37 Job terminated.
	(1) Normal termination (return value 0)
		Usr 0 02:53:54, Sys 0 00:00:22  -  Run Remote Usage
		Usr 0 00:00:00, Sys 0 00:00:00  -  Run Local Usage
		Usr 0 02:53:54, Sys 0 00:00:22  -  Total Remote Usage
		Usr 0 00:00:00, Sys 0 00:00:00  -  Total Local Usage
	0  -  Run Bytes Sent By Job
	0  -  Run Bytes Received By Job
	0  -  Total Bytes Sent By Job
	0  -  Total Bytes Received By Job
	Partitionable Resources :    Usage  Request Allocated 
	   Cpus                 :     1.00        1         1 
	   Disk (KB)            :  7500        7500     10998 
	   Memory (MB)          :   322        1024      1024 

	Job terminated of its own accord at 2022-04-08T04:45:37Z with exit-code 0.
...
