000 (454.771.000) 2022-04-06 16:54:02 Job submitted from host: <10.18.24.243:9618?addrs=10.18.24.243-9618&alias=ecoclusts01.bioclust.biologie.ens.fr&noUDP&sock=schedd_1052_29b8>
...
001 (454.771.000) 2022-04-08 07:09:28 Job executing on host: <10.18.24.135:9618?addrs=10.18.24.135-9618&alias=dyoclust08.bioclust.biologie.ens.fr&noUDP&sock=startd_793_82b1>
...
006 (454.771.000) 2022-04-08 07:09:37 Image size of job updated: 202752
	198  -  MemoryUsage of job (MB)
	202752  -  ResidentSetSize of job (KB)
...
006 (454.771.000) 2022-04-08 07:14:38 Image size of job updated: 741624
	317  -  MemoryUsage of job (MB)
	324144  -  ResidentSetSize of job (KB)
...
006 (454.771.000) 2022-04-08 07:19:38 Image size of job updated: 774392
	317  -  MemoryUsage of job (MB)
	324144  -  ResidentSetSize of job (KB)
...
006 (454.771.000) 2022-04-08 07:44:40 Image size of job updated: 774648
	317  -  MemoryUsage of job (MB)
	324168  -  ResidentSetSize of job (KB)
...
006 (454.771.000) 2022-04-08 07:49:41 Image size of job updated: 774904
	317  -  MemoryUsage of job (MB)
	324432  -  ResidentSetSize of job (KB)
...
006 (454.771.000) 2022-04-08 07:54:42 Image size of job updated: 774904
	317  -  MemoryUsage of job (MB)
	324564  -  ResidentSetSize of job (KB)
...
006 (454.771.000) 2022-04-08 07:59:42 Image size of job updated: 775160
	318  -  MemoryUsage of job (MB)
	324696  -  ResidentSetSize of job (KB)
...
006 (454.771.000) 2022-04-08 08:04:42 Image size of job updated: 775160
	318  -  MemoryUsage of job (MB)
	324828  -  ResidentSetSize of job (KB)
...
006 (454.771.000) 2022-04-08 08:09:43 Image size of job updated: 775416
	318  -  MemoryUsage of job (MB)
	324960  -  ResidentSetSize of job (KB)
...
006 (454.771.000) 2022-04-08 08:14:44 Image size of job updated: 775416
	318  -  MemoryUsage of job (MB)
	325092  -  ResidentSetSize of job (KB)
...
006 (454.771.000) 2022-04-08 08:19:44 Image size of job updated: 775672
	318  -  MemoryUsage of job (MB)
	325224  -  ResidentSetSize of job (KB)
...
006 (454.771.000) 2022-04-08 08:24:44 Image size of job updated: 775928
	318  -  MemoryUsage of job (MB)
	325488  -  ResidentSetSize of job (KB)
...
006 (454.771.000) 2022-04-08 08:29:45 Image size of job updated: 776184
	318  -  MemoryUsage of job (MB)
	325620  -  ResidentSetSize of job (KB)
...
006 (454.771.000) 2022-04-08 08:34:46 Image size of job updated: 776184
	319  -  MemoryUsage of job (MB)
	325884  -  ResidentSetSize of job (KB)
...
006 (454.771.000) 2022-04-08 08:39:46 Image size of job updated: 776440
	319  -  MemoryUsage of job (MB)
	326148  -  ResidentSetSize of job (KB)
...
006 (454.771.000) 2022-04-08 08:44:46 Image size of job updated: 776696
	319  -  MemoryUsage of job (MB)
	326280  -  ResidentSetSize of job (KB)
...
006 (454.771.000) 2022-04-08 08:49:47 Image size of job updated: 776952
	319  -  MemoryUsage of job (MB)
	326412  -  ResidentSetSize of job (KB)
...
006 (454.771.000) 2022-04-08 08:54:48 Image size of job updated: 776952
	319  -  MemoryUsage of job (MB)
	326544  -  ResidentSetSize of job (KB)
...
006 (454.771.000) 2022-04-08 09:04:48 Image size of job updated: 777208
	320  -  MemoryUsage of job (MB)
	326676  -  ResidentSetSize of job (KB)
...
006 (454.771.000) 2022-04-08 09:09:49 Image size of job updated: 777208
	320  -  MemoryUsage of job (MB)
	326940  -  ResidentSetSize of job (KB)
...
006 (454.771.000) 2022-04-08 09:14:51 Image size of job updated: 777464
	320  -  MemoryUsage of job (MB)
	327072  -  ResidentSetSize of job (KB)
...
006 (454.771.000) 2022-04-08 09:19:51 Image size of job updated: 777720
	320  -  MemoryUsage of job (MB)
	327204  -  ResidentSetSize of job (KB)
...
006 (454.771.000) 2022-04-08 09:24:51 Image size of job updated: 777720
	320  -  MemoryUsage of job (MB)
	327336  -  ResidentSetSize of job (KB)
...
006 (454.771.000) 2022-04-08 09:29:51 Image size of job updated: 777976
	320  -  MemoryUsage of job (MB)
	327600  -  ResidentSetSize of job (KB)
...
006 (454.771.000) 2022-04-08 09:34:52 Image size of job updated: 778232
	321  -  MemoryUsage of job (MB)
	327732  -  ResidentSetSize of job (KB)
...
006 (454.771.000) 2022-04-08 09:39:53 Image size of job updated: 778232
	321  -  MemoryUsage of job (MB)
	327864  -  ResidentSetSize of job (KB)
...
006 (454.771.000) 2022-04-08 09:44:53 Image size of job updated: 778488
	321  -  MemoryUsage of job (MB)
	328128  -  ResidentSetSize of job (KB)
...
006 (454.771.000) 2022-04-08 09:49:53 Image size of job updated: 778744
	321  -  MemoryUsage of job (MB)
	328260  -  ResidentSetSize of job (KB)
...
006 (454.771.000) 2022-04-08 09:54:54 Image size of job updated: 778744
	321  -  MemoryUsage of job (MB)
	328392  -  ResidentSetSize of job (KB)
...
006 (454.771.000) 2022-04-08 09:59:55 Image size of job updated: 779000
	321  -  MemoryUsage of job (MB)
	328656  -  ResidentSetSize of job (KB)
...
006 (454.771.000) 2022-04-08 10:04:55 Image size of job updated: 779256
	322  -  MemoryUsage of job (MB)
	328788  -  ResidentSetSize of job (KB)
...
006 (454.771.000) 2022-04-08 10:09:55 Image size of job updated: 779512
	322  -  MemoryUsage of job (MB)
	329052  -  ResidentSetSize of job (KB)
...
006 (454.771.000) 2022-04-08 10:14:56 Image size of job updated: 779512
	322  -  MemoryUsage of job (MB)
	329184  -  ResidentSetSize of job (KB)
...
006 (454.771.000) 2022-04-08 10:17:17 Image size of job updated: 779768
	322  -  MemoryUsage of job (MB)
	329184  -  ResidentSetSize of job (KB)
...
005 (454.771.000) 2022-04-08 10:17:17 Job terminated.
	(1) Normal termination (return value 0)
		Usr 0 03:07:09, Sys 0 00:00:26  -  Run Remote Usage
		Usr 0 00:00:00, Sys 0 00:00:00  -  Run Local Usage
		Usr 0 03:07:09, Sys 0 00:00:26  -  Total Remote Usage
		Usr 0 00:00:00, Sys 0 00:00:00  -  Total Local Usage
	0  -  Run Bytes Sent By Job
	0  -  Run Bytes Received By Job
	0  -  Total Bytes Sent By Job
	0  -  Total Bytes Received By Job
	Partitionable Resources :    Usage  Request Allocated 
	   Cpus                 :     1.00        1         1 
	   Disk (KB)            :  7500        7500     10998 
	   Memory (MB)          :   322        1024      1024 

	Job terminated of its own accord at 2022-04-08T08:17:17Z with exit-code 0.
...
