000 (454.465.000) 2022-04-06 16:54:01 Job submitted from host: <10.18.24.243:9618?addrs=10.18.24.243-9618&alias=ecoclusts01.bioclust.biologie.ens.fr&noUDP&sock=schedd_1052_29b8>
...
001 (454.465.000) 2022-04-07 22:14:56 Job executing on host: <10.18.24.138:9618?addrs=10.18.24.138-9618&alias=dyoclust11.bioclust.biologie.ens.fr&noUDP&sock=startd_801_ff73>
...
006 (454.465.000) 2022-04-07 22:15:05 Image size of job updated: 184564
	181  -  MemoryUsage of job (MB)
	184564  -  ResidentSetSize of job (KB)
...
006 (454.465.000) 2022-04-07 22:20:06 Image size of job updated: 741876
	317  -  MemoryUsage of job (MB)
	324388  -  ResidentSetSize of job (KB)
...
006 (454.465.000) 2022-04-07 22:25:06 Image size of job updated: 774644
	317  -  MemoryUsage of job (MB)
	324388  -  ResidentSetSize of job (KB)
...
006 (454.465.000) 2022-04-07 23:10:11 Image size of job updated: 774900
	317  -  MemoryUsage of job (MB)
	324520  -  ResidentSetSize of job (KB)
...
006 (454.465.000) 2022-04-07 23:15:11 Image size of job updated: 775156
	318  -  MemoryUsage of job (MB)
	324784  -  ResidentSetSize of job (KB)
...
006 (454.465.000) 2022-04-07 23:25:12 Image size of job updated: 775412
	318  -  MemoryUsage of job (MB)
	325048  -  ResidentSetSize of job (KB)
...
006 (454.465.000) 2022-04-07 23:30:13 Image size of job updated: 775668
	318  -  MemoryUsage of job (MB)
	325312  -  ResidentSetSize of job (KB)
...
006 (454.465.000) 2022-04-07 23:35:13 Image size of job updated: 775924
	318  -  MemoryUsage of job (MB)
	325444  -  ResidentSetSize of job (KB)
...
006 (454.465.000) 2022-04-07 23:40:13 Image size of job updated: 776180
	319  -  MemoryUsage of job (MB)
	325708  -  ResidentSetSize of job (KB)
...
006 (454.465.000) 2022-04-07 23:45:14 Image size of job updated: 776180
	319  -  MemoryUsage of job (MB)
	325840  -  ResidentSetSize of job (KB)
...
006 (454.465.000) 2022-04-07 23:50:14 Image size of job updated: 776436
	319  -  MemoryUsage of job (MB)
	326104  -  ResidentSetSize of job (KB)
...
006 (454.465.000) 2022-04-07 23:55:14 Image size of job updated: 776692
	319  -  MemoryUsage of job (MB)
	326236  -  ResidentSetSize of job (KB)
...
006 (454.465.000) 2022-04-08 00:00:15 Image size of job updated: 776948
	319  -  MemoryUsage of job (MB)
	326500  -  ResidentSetSize of job (KB)
...
006 (454.465.000) 2022-04-08 00:10:16 Image size of job updated: 776948
	319  -  MemoryUsage of job (MB)
	326588  -  ResidentSetSize of job (KB)
...
006 (454.465.000) 2022-04-08 00:15:16 Image size of job updated: 777204
	320  -  MemoryUsage of job (MB)
	326720  -  ResidentSetSize of job (KB)
...
006 (454.465.000) 2022-04-08 00:20:17 Image size of job updated: 777460
	320  -  MemoryUsage of job (MB)
	326984  -  ResidentSetSize of job (KB)
...
006 (454.465.000) 2022-04-08 00:25:17 Image size of job updated: 777460
	320  -  MemoryUsage of job (MB)
	327116  -  ResidentSetSize of job (KB)
...
006 (454.465.000) 2022-04-08 00:30:17 Image size of job updated: 777716
	320  -  MemoryUsage of job (MB)
	327248  -  ResidentSetSize of job (KB)
...
006 (454.465.000) 2022-04-08 00:35:18 Image size of job updated: 777972
	320  -  MemoryUsage of job (MB)
	327512  -  ResidentSetSize of job (KB)
...
006 (454.465.000) 2022-04-08 00:40:18 Image size of job updated: 777972
	320  -  MemoryUsage of job (MB)
	327644  -  ResidentSetSize of job (KB)
...
006 (454.465.000) 2022-04-08 00:45:18 Image size of job updated: 778228
	321  -  MemoryUsage of job (MB)
	327776  -  ResidentSetSize of job (KB)
...
006 (454.465.000) 2022-04-08 00:50:19 Image size of job updated: 778484
	321  -  MemoryUsage of job (MB)
	327908  -  ResidentSetSize of job (KB)
...
006 (454.465.000) 2022-04-08 00:55:20 Image size of job updated: 778484
	321  -  MemoryUsage of job (MB)
	328172  -  ResidentSetSize of job (KB)
...
006 (454.465.000) 2022-04-08 01:00:20 Image size of job updated: 778740
	321  -  MemoryUsage of job (MB)
	328304  -  ResidentSetSize of job (KB)
...
006 (454.465.000) 2022-04-08 01:05:20 Image size of job updated: 778996
	321  -  MemoryUsage of job (MB)
	328568  -  ResidentSetSize of job (KB)
...
006 (454.465.000) 2022-04-08 01:10:21 Image size of job updated: 778996
	321  -  MemoryUsage of job (MB)
	328700  -  ResidentSetSize of job (KB)
...
006 (454.465.000) 2022-04-08 01:15:22 Image size of job updated: 779252
	322  -  MemoryUsage of job (MB)
	328964  -  ResidentSetSize of job (KB)
...
006 (454.465.000) 2022-04-08 01:20:22 Image size of job updated: 779508
	322  -  MemoryUsage of job (MB)
	329096  -  ResidentSetSize of job (KB)
...
006 (454.465.000) 2022-04-08 01:24:53 Image size of job updated: 779764
	322  -  MemoryUsage of job (MB)
	329096  -  ResidentSetSize of job (KB)
...
005 (454.465.000) 2022-04-08 01:24:53 Job terminated.
	(1) Normal termination (return value 0)
		Usr 0 03:07:42, Sys 0 00:00:29  -  Run Remote Usage
		Usr 0 00:00:00, Sys 0 00:00:00  -  Run Local Usage
		Usr 0 03:07:42, Sys 0 00:00:29  -  Total Remote Usage
		Usr 0 00:00:00, Sys 0 00:00:00  -  Total Local Usage
	0  -  Run Bytes Sent By Job
	0  -  Run Bytes Received By Job
	0  -  Total Bytes Sent By Job
	0  -  Total Bytes Received By Job
	Partitionable Resources :    Usage  Request Allocated 
	   Cpus                 :     1.00        1         1 
	   Disk (KB)            :  7500        7500     10998 
	   Memory (MB)          :   322        1024      1024 

	Job terminated of its own accord at 2022-04-07T23:24:53Z with exit-code 0.
...
