000 (454.804.000) 2022-04-06 16:54:02 Job submitted from host: <10.18.24.243:9618?addrs=10.18.24.243-9618&alias=ecoclusts01.bioclust.biologie.ens.fr&noUDP&sock=schedd_1052_29b8>
...
001 (454.804.000) 2022-04-08 07:59:29 Job executing on host: <10.18.24.142:9618?addrs=10.18.24.142-9618&alias=dyoclust15.bioclust.biologie.ens.fr&noUDP&sock=startd_768_5cd3>
...
006 (454.804.000) 2022-04-08 07:59:38 Image size of job updated: 119596
	80  -  MemoryUsage of job (MB)
	81668  -  ResidentSetSize of job (KB)
...
006 (454.804.000) 2022-04-08 08:04:38 Image size of job updated: 859700
	317  -  MemoryUsage of job (MB)
	324092  -  ResidentSetSize of job (KB)
...
006 (454.804.000) 2022-04-08 08:09:39 Image size of job updated: 859700
	317  -  MemoryUsage of job (MB)
	324116  -  ResidentSetSize of job (KB)
...
006 (454.804.000) 2022-04-08 08:54:43 Image size of job updated: 859700
	317  -  MemoryUsage of job (MB)
	324248  -  ResidentSetSize of job (KB)
...
006 (454.804.000) 2022-04-08 08:59:43 Image size of job updated: 859700
	317  -  MemoryUsage of job (MB)
	324512  -  ResidentSetSize of job (KB)
...
006 (454.804.000) 2022-04-08 09:09:44 Image size of job updated: 859700
	318  -  MemoryUsage of job (MB)
	324776  -  ResidentSetSize of job (KB)
...
006 (454.804.000) 2022-04-08 09:14:44 Image size of job updated: 859700
	318  -  MemoryUsage of job (MB)
	324908  -  ResidentSetSize of job (KB)
...
006 (454.804.000) 2022-04-08 09:19:45 Image size of job updated: 859700
	318  -  MemoryUsage of job (MB)
	325040  -  ResidentSetSize of job (KB)
...
006 (454.804.000) 2022-04-08 09:24:46 Image size of job updated: 859700
	318  -  MemoryUsage of job (MB)
	325172  -  ResidentSetSize of job (KB)
...
006 (454.804.000) 2022-04-08 09:29:46 Image size of job updated: 859700
	318  -  MemoryUsage of job (MB)
	325436  -  ResidentSetSize of job (KB)
...
006 (454.804.000) 2022-04-08 09:34:46 Image size of job updated: 859700
	318  -  MemoryUsage of job (MB)
	325568  -  ResidentSetSize of job (KB)
...
006 (454.804.000) 2022-04-08 09:39:47 Image size of job updated: 859700
	319  -  MemoryUsage of job (MB)
	325700  -  ResidentSetSize of job (KB)
...
006 (454.804.000) 2022-04-08 09:44:47 Image size of job updated: 859700
	319  -  MemoryUsage of job (MB)
	325964  -  ResidentSetSize of job (KB)
...
006 (454.804.000) 2022-04-08 09:49:47 Image size of job updated: 859700
	319  -  MemoryUsage of job (MB)
	326096  -  ResidentSetSize of job (KB)
...
006 (454.804.000) 2022-04-08 09:54:48 Image size of job updated: 859700
	319  -  MemoryUsage of job (MB)
	326360  -  ResidentSetSize of job (KB)
...
006 (454.804.000) 2022-04-08 09:59:49 Image size of job updated: 859700
	319  -  MemoryUsage of job (MB)
	326624  -  ResidentSetSize of job (KB)
...
006 (454.804.000) 2022-04-08 10:14:51 Image size of job updated: 859700
	320  -  MemoryUsage of job (MB)
	326884  -  ResidentSetSize of job (KB)
...
006 (454.804.000) 2022-04-08 10:19:51 Image size of job updated: 859700
	320  -  MemoryUsage of job (MB)
	327016  -  ResidentSetSize of job (KB)
...
006 (454.804.000) 2022-04-08 10:24:51 Image size of job updated: 859700
	320  -  MemoryUsage of job (MB)
	327148  -  ResidentSetSize of job (KB)
...
006 (454.804.000) 2022-04-08 10:29:52 Image size of job updated: 859700
	320  -  MemoryUsage of job (MB)
	327412  -  ResidentSetSize of job (KB)
...
006 (454.804.000) 2022-04-08 10:34:53 Image size of job updated: 859700
	320  -  MemoryUsage of job (MB)
	327544  -  ResidentSetSize of job (KB)
...
006 (454.804.000) 2022-04-08 10:39:53 Image size of job updated: 859700
	320  -  MemoryUsage of job (MB)
	327676  -  ResidentSetSize of job (KB)
...
006 (454.804.000) 2022-04-08 10:44:54 Image size of job updated: 859700
	321  -  MemoryUsage of job (MB)
	327940  -  ResidentSetSize of job (KB)
...
006 (454.804.000) 2022-04-08 10:49:55 Image size of job updated: 859700
	321  -  MemoryUsage of job (MB)
	328072  -  ResidentSetSize of job (KB)
...
006 (454.804.000) 2022-04-08 10:54:55 Image size of job updated: 859700
	321  -  MemoryUsage of job (MB)
	328204  -  ResidentSetSize of job (KB)
...
006 (454.804.000) 2022-04-08 10:59:55 Image size of job updated: 859700
	321  -  MemoryUsage of job (MB)
	328336  -  ResidentSetSize of job (KB)
...
006 (454.804.000) 2022-04-08 11:04:56 Image size of job updated: 859700
	321  -  MemoryUsage of job (MB)
	328600  -  ResidentSetSize of job (KB)
...
006 (454.804.000) 2022-04-08 11:09:57 Image size of job updated: 859700
	322  -  MemoryUsage of job (MB)
	328732  -  ResidentSetSize of job (KB)
...
006 (454.804.000) 2022-04-08 11:14:57 Image size of job updated: 859700
	322  -  MemoryUsage of job (MB)
	328864  -  ResidentSetSize of job (KB)
...
006 (454.804.000) 2022-04-08 11:19:58 Image size of job updated: 859700
	322  -  MemoryUsage of job (MB)
	329128  -  ResidentSetSize of job (KB)
...
006 (454.804.000) 2022-04-08 11:24:59 Image size of job updated: 859700
	322  -  MemoryUsage of job (MB)
	329260  -  ResidentSetSize of job (KB)
...
005 (454.804.000) 2022-04-08 11:25:23 Job terminated.
	(1) Normal termination (return value 0)
		Usr 0 03:23:29, Sys 0 00:00:37  -  Run Remote Usage
		Usr 0 00:00:00, Sys 0 00:00:00  -  Run Local Usage
		Usr 0 03:23:29, Sys 0 00:00:37  -  Total Remote Usage
		Usr 0 00:00:00, Sys 0 00:00:00  -  Total Local Usage
	0  -  Run Bytes Sent By Job
	0  -  Run Bytes Received By Job
	0  -  Total Bytes Sent By Job
	0  -  Total Bytes Received By Job
	Partitionable Resources :    Usage  Request Allocated 
	   Cpus                 :     1.00        1         1 
	   Disk (KB)            :  7500        7500     10998 
	   Memory (MB)          :   322        1024      1024 

	Job terminated of its own accord at 2022-04-08T09:25:23Z with exit-code 0.
...
