000 (454.040.000) 2022-04-06 16:53:59 Job submitted from host: <10.18.24.243:9618?addrs=10.18.24.243-9618&alias=ecoclusts01.bioclust.biologie.ens.fr&noUDP&sock=schedd_1052_29b8>
...
001 (454.040.000) 2022-04-07 03:31:29 Job executing on host: <10.18.24.178:9618?addrs=10.18.24.178-9618&alias=mcbsclust07.bioclust.biologie.ens.fr&noUDP&sock=startd_912_2276>
...
006 (454.040.000) 2022-04-07 03:31:37 Image size of job updated: 266588
	261  -  MemoryUsage of job (MB)
	266588  -  ResidentSetSize of job (KB)
...
006 (454.040.000) 2022-04-07 03:36:37 Image size of job updated: 741620
	317  -  MemoryUsage of job (MB)
	324140  -  ResidentSetSize of job (KB)
...
006 (454.040.000) 2022-04-07 03:41:37 Image size of job updated: 774388
	317  -  MemoryUsage of job (MB)
	324164  -  ResidentSetSize of job (KB)
...
006 (454.040.000) 2022-04-07 04:41:43 Image size of job updated: 774644
	317  -  MemoryUsage of job (MB)
	324164  -  ResidentSetSize of job (KB)
...
006 (454.040.000) 2022-04-07 04:46:43 Image size of job updated: 774644
	317  -  MemoryUsage of job (MB)
	324296  -  ResidentSetSize of job (KB)
...
006 (454.040.000) 2022-04-07 04:51:43 Image size of job updated: 774900
	317  -  MemoryUsage of job (MB)
	324428  -  ResidentSetSize of job (KB)
...
006 (454.040.000) 2022-04-07 04:56:44 Image size of job updated: 774900
	317  -  MemoryUsage of job (MB)
	324560  -  ResidentSetSize of job (KB)
...
006 (454.040.000) 2022-04-07 05:06:44 Image size of job updated: 775156
	318  -  MemoryUsage of job (MB)
	324692  -  ResidentSetSize of job (KB)
...
006 (454.040.000) 2022-04-07 05:11:45 Image size of job updated: 775156
	318  -  MemoryUsage of job (MB)
	324824  -  ResidentSetSize of job (KB)
...
006 (454.040.000) 2022-04-07 05:16:46 Image size of job updated: 775412
	318  -  MemoryUsage of job (MB)
	324956  -  ResidentSetSize of job (KB)
...
006 (454.040.000) 2022-04-07 05:21:46 Image size of job updated: 775412
	318  -  MemoryUsage of job (MB)
	325088  -  ResidentSetSize of job (KB)
...
006 (454.040.000) 2022-04-07 05:31:47 Image size of job updated: 775668
	318  -  MemoryUsage of job (MB)
	325220  -  ResidentSetSize of job (KB)
...
006 (454.040.000) 2022-04-07 05:36:47 Image size of job updated: 775668
	318  -  MemoryUsage of job (MB)
	325352  -  ResidentSetSize of job (KB)
...
006 (454.040.000) 2022-04-07 05:41:47 Image size of job updated: 775924
	318  -  MemoryUsage of job (MB)
	325484  -  ResidentSetSize of job (KB)
...
006 (454.040.000) 2022-04-07 05:46:48 Image size of job updated: 775924
	318  -  MemoryUsage of job (MB)
	325616  -  ResidentSetSize of job (KB)
...
006 (454.040.000) 2022-04-07 05:51:49 Image size of job updated: 776180
	318  -  MemoryUsage of job (MB)
	325616  -  ResidentSetSize of job (KB)
...
006 (454.040.000) 2022-04-07 05:56:49 Image size of job updated: 776180
	319  -  MemoryUsage of job (MB)
	325748  -  ResidentSetSize of job (KB)
...
006 (454.040.000) 2022-04-07 06:01:49 Image size of job updated: 776180
	319  -  MemoryUsage of job (MB)
	325880  -  ResidentSetSize of job (KB)
...
006 (454.040.000) 2022-04-07 06:06:50 Image size of job updated: 776436
	319  -  MemoryUsage of job (MB)
	326012  -  ResidentSetSize of job (KB)
...
006 (454.040.000) 2022-04-07 06:11:50 Image size of job updated: 776436
	319  -  MemoryUsage of job (MB)
	326144  -  ResidentSetSize of job (KB)
...
006 (454.040.000) 2022-04-07 06:16:50 Image size of job updated: 776692
	319  -  MemoryUsage of job (MB)
	326144  -  ResidentSetSize of job (KB)
...
006 (454.040.000) 2022-04-07 06:21:51 Image size of job updated: 776692
	319  -  MemoryUsage of job (MB)
	326276  -  ResidentSetSize of job (KB)
...
006 (454.040.000) 2022-04-07 06:26:52 Image size of job updated: 776692
	319  -  MemoryUsage of job (MB)
	326408  -  ResidentSetSize of job (KB)
...
006 (454.040.000) 2022-04-07 06:31:52 Image size of job updated: 776948
	319  -  MemoryUsage of job (MB)
	326540  -  ResidentSetSize of job (KB)
...
006 (454.040.000) 2022-04-07 06:56:54 Image size of job updated: 777204
	320  -  MemoryUsage of job (MB)
	326672  -  ResidentSetSize of job (KB)
...
006 (454.040.000) 2022-04-07 07:01:55 Image size of job updated: 777204
	320  -  MemoryUsage of job (MB)
	326804  -  ResidentSetSize of job (KB)
...
006 (454.040.000) 2022-04-07 07:11:56 Image size of job updated: 777460
	320  -  MemoryUsage of job (MB)
	326936  -  ResidentSetSize of job (KB)
...
006 (454.040.000) 2022-04-07 07:16:57 Image size of job updated: 777460
	320  -  MemoryUsage of job (MB)
	327068  -  ResidentSetSize of job (KB)
...
006 (454.040.000) 2022-04-07 07:26:57 Image size of job updated: 777716
	320  -  MemoryUsage of job (MB)
	327200  -  ResidentSetSize of job (KB)
...
006 (454.040.000) 2022-04-07 07:31:58 Image size of job updated: 777716
	320  -  MemoryUsage of job (MB)
	327332  -  ResidentSetSize of job (KB)
...
006 (454.040.000) 2022-04-07 07:41:59 Image size of job updated: 777972
	320  -  MemoryUsage of job (MB)
	327464  -  ResidentSetSize of job (KB)
...
006 (454.040.000) 2022-04-07 07:46:59 Image size of job updated: 777972
	320  -  MemoryUsage of job (MB)
	327596  -  ResidentSetSize of job (KB)
...
006 (454.040.000) 2022-04-07 07:57:00 Image size of job updated: 778228
	321  -  MemoryUsage of job (MB)
	327728  -  ResidentSetSize of job (KB)
...
006 (454.040.000) 2022-04-07 08:02:00 Image size of job updated: 778228
	321  -  MemoryUsage of job (MB)
	327860  -  ResidentSetSize of job (KB)
...
006 (454.040.000) 2022-04-07 08:07:01 Image size of job updated: 778228
	321  -  MemoryUsage of job (MB)
	327992  -  ResidentSetSize of job (KB)
...
006 (454.040.000) 2022-04-07 08:12:02 Image size of job updated: 778484
	321  -  MemoryUsage of job (MB)
	327992  -  ResidentSetSize of job (KB)
...
006 (454.040.000) 2022-04-07 08:17:02 Image size of job updated: 778484
	321  -  MemoryUsage of job (MB)
	328124  -  ResidentSetSize of job (KB)
...
006 (454.040.000) 2022-04-07 08:22:03 Image size of job updated: 778740
	321  -  MemoryUsage of job (MB)
	328256  -  ResidentSetSize of job (KB)
...
006 (454.040.000) 2022-04-07 08:27:04 Image size of job updated: 778740
	321  -  MemoryUsage of job (MB)
	328388  -  ResidentSetSize of job (KB)
...
006 (454.040.000) 2022-04-07 08:32:04 Image size of job updated: 778740
	321  -  MemoryUsage of job (MB)
	328520  -  ResidentSetSize of job (KB)
...
006 (454.040.000) 2022-04-07 08:37:04 Image size of job updated: 778996
	321  -  MemoryUsage of job (MB)
	328520  -  ResidentSetSize of job (KB)
...
006 (454.040.000) 2022-04-07 08:42:05 Image size of job updated: 778996
	321  -  MemoryUsage of job (MB)
	328652  -  ResidentSetSize of job (KB)
...
006 (454.040.000) 2022-04-07 08:47:06 Image size of job updated: 779252
	322  -  MemoryUsage of job (MB)
	328784  -  ResidentSetSize of job (KB)
...
006 (454.040.000) 2022-04-07 08:52:06 Image size of job updated: 779252
	322  -  MemoryUsage of job (MB)
	328916  -  ResidentSetSize of job (KB)
...
006 (454.040.000) 2022-04-07 09:02:08 Image size of job updated: 779508
	322  -  MemoryUsage of job (MB)
	329048  -  ResidentSetSize of job (KB)
...
006 (454.040.000) 2022-04-07 09:07:08 Image size of job updated: 779508
	322  -  MemoryUsage of job (MB)
	329180  -  ResidentSetSize of job (KB)
...
006 (454.040.000) 2022-04-07 09:12:08 Image size of job updated: 779764
	322  -  MemoryUsage of job (MB)
	329312  -  ResidentSetSize of job (KB)
...
005 (454.040.000) 2022-04-07 09:13:31 Job terminated.
	(1) Normal termination (return value 0)
		Usr 0 05:41:11, Sys 0 00:00:14  -  Run Remote Usage
		Usr 0 00:00:00, Sys 0 00:00:00  -  Run Local Usage
		Usr 0 05:41:11, Sys 0 00:00:14  -  Total Remote Usage
		Usr 0 00:00:00, Sys 0 00:00:00  -  Total Local Usage
	0  -  Run Bytes Sent By Job
	0  -  Run Bytes Received By Job
	0  -  Total Bytes Sent By Job
	0  -  Total Bytes Received By Job
	Partitionable Resources :    Usage  Request Allocated 
	   Cpus                 :     1.00        1         1 
	   Disk (KB)            :  7500        7500     11001 
	   Memory (MB)          :   322        1024      1024 

	Job terminated of its own accord at 2022-04-07T07:13:31Z with exit-code 0.
...
