000 (454.647.000) 2022-04-06 16:54:01 Job submitted from host: <10.18.24.243:9618?addrs=10.18.24.243-9618&alias=ecoclusts01.bioclust.biologie.ens.fr&noUDP&sock=schedd_1052_29b8>
...
001 (454.647.000) 2022-04-08 03:42:06 Job executing on host: <10.18.24.137:9618?addrs=10.18.24.137-9618&alias=dyoclust10.bioclust.biologie.ens.fr&noUDP&sock=startd_830_e3b2>
...
006 (454.647.000) 2022-04-08 03:42:14 Image size of job updated: 331796
	116  -  MemoryUsage of job (MB)
	117860  -  ResidentSetSize of job (KB)
...
006 (454.647.000) 2022-04-08 03:47:15 Image size of job updated: 741876
	317  -  MemoryUsage of job (MB)
	324296  -  ResidentSetSize of job (KB)
...
006 (454.647.000) 2022-04-08 03:52:16 Image size of job updated: 774644
	317  -  MemoryUsage of job (MB)
	324384  -  ResidentSetSize of job (KB)
...
006 (454.647.000) 2022-04-08 04:32:20 Image size of job updated: 774900
	317  -  MemoryUsage of job (MB)
	324516  -  ResidentSetSize of job (KB)
...
006 (454.647.000) 2022-04-08 04:37:20 Image size of job updated: 775156
	318  -  MemoryUsage of job (MB)
	324648  -  ResidentSetSize of job (KB)
...
006 (454.647.000) 2022-04-08 04:42:21 Image size of job updated: 775156
	318  -  MemoryUsage of job (MB)
	324780  -  ResidentSetSize of job (KB)
...
006 (454.647.000) 2022-04-08 04:47:22 Image size of job updated: 775412
	318  -  MemoryUsage of job (MB)
	325044  -  ResidentSetSize of job (KB)
...
006 (454.647.000) 2022-04-08 04:52:22 Image size of job updated: 775668
	318  -  MemoryUsage of job (MB)
	325176  -  ResidentSetSize of job (KB)
...
006 (454.647.000) 2022-04-08 04:57:23 Image size of job updated: 775924
	318  -  MemoryUsage of job (MB)
	325440  -  ResidentSetSize of job (KB)
...
006 (454.647.000) 2022-04-08 05:02:24 Image size of job updated: 775924
	318  -  MemoryUsage of job (MB)
	325572  -  ResidentSetSize of job (KB)
...
006 (454.647.000) 2022-04-08 05:07:24 Image size of job updated: 776180
	319  -  MemoryUsage of job (MB)
	325836  -  ResidentSetSize of job (KB)
...
006 (454.647.000) 2022-04-08 05:12:24 Image size of job updated: 776436
	319  -  MemoryUsage of job (MB)
	326100  -  ResidentSetSize of job (KB)
...
006 (454.647.000) 2022-04-08 05:17:25 Image size of job updated: 776692
	319  -  MemoryUsage of job (MB)
	326232  -  ResidentSetSize of job (KB)
...
006 (454.647.000) 2022-04-08 05:22:25 Image size of job updated: 776948
	319  -  MemoryUsage of job (MB)
	326364  -  ResidentSetSize of job (KB)
...
006 (454.647.000) 2022-04-08 05:27:25 Image size of job updated: 776948
	319  -  MemoryUsage of job (MB)
	326452  -  ResidentSetSize of job (KB)
...
006 (454.647.000) 2022-04-08 05:37:27 Image size of job updated: 777204
	320  -  MemoryUsage of job (MB)
	326716  -  ResidentSetSize of job (KB)
...
006 (454.647.000) 2022-04-08 05:42:27 Image size of job updated: 777204
	320  -  MemoryUsage of job (MB)
	326848  -  ResidentSetSize of job (KB)
...
006 (454.647.000) 2022-04-08 05:47:28 Image size of job updated: 777460
	320  -  MemoryUsage of job (MB)
	326980  -  ResidentSetSize of job (KB)
...
006 (454.647.000) 2022-04-08 05:52:29 Image size of job updated: 777716
	320  -  MemoryUsage of job (MB)
	327244  -  ResidentSetSize of job (KB)
...
006 (454.647.000) 2022-04-08 05:57:29 Image size of job updated: 777716
	320  -  MemoryUsage of job (MB)
	327376  -  ResidentSetSize of job (KB)
...
006 (454.647.000) 2022-04-08 06:02:29 Image size of job updated: 777972
	320  -  MemoryUsage of job (MB)
	327508  -  ResidentSetSize of job (KB)
...
006 (454.647.000) 2022-04-08 06:07:30 Image size of job updated: 777972
	320  -  MemoryUsage of job (MB)
	327640  -  ResidentSetSize of job (KB)
...
006 (454.647.000) 2022-04-08 06:12:31 Image size of job updated: 778228
	321  -  MemoryUsage of job (MB)
	327904  -  ResidentSetSize of job (KB)
...
006 (454.647.000) 2022-04-08 06:17:31 Image size of job updated: 778484
	321  -  MemoryUsage of job (MB)
	328036  -  ResidentSetSize of job (KB)
...
006 (454.647.000) 2022-04-08 06:22:32 Image size of job updated: 778484
	321  -  MemoryUsage of job (MB)
	328168  -  ResidentSetSize of job (KB)
...
006 (454.647.000) 2022-04-08 06:27:33 Image size of job updated: 778740
	321  -  MemoryUsage of job (MB)
	328300  -  ResidentSetSize of job (KB)
...
006 (454.647.000) 2022-04-08 06:32:33 Image size of job updated: 778996
	321  -  MemoryUsage of job (MB)
	328564  -  ResidentSetSize of job (KB)
...
006 (454.647.000) 2022-04-08 06:37:33 Image size of job updated: 779252
	322  -  MemoryUsage of job (MB)
	328828  -  ResidentSetSize of job (KB)
...
006 (454.647.000) 2022-04-08 06:42:34 Image size of job updated: 779252
	322  -  MemoryUsage of job (MB)
	328960  -  ResidentSetSize of job (KB)
...
006 (454.647.000) 2022-04-08 06:47:35 Image size of job updated: 779508
	322  -  MemoryUsage of job (MB)
	329092  -  ResidentSetSize of job (KB)
...
006 (454.647.000) 2022-04-08 06:50:55 Image size of job updated: 779764
	322  -  MemoryUsage of job (MB)
	329092  -  ResidentSetSize of job (KB)
...
005 (454.647.000) 2022-04-08 06:50:55 Job terminated.
	(1) Normal termination (return value 0)
		Usr 0 03:06:53, Sys 0 00:00:26  -  Run Remote Usage
		Usr 0 00:00:00, Sys 0 00:00:00  -  Run Local Usage
		Usr 0 03:06:53, Sys 0 00:00:26  -  Total Remote Usage
		Usr 0 00:00:00, Sys 0 00:00:00  -  Total Local Usage
	0  -  Run Bytes Sent By Job
	0  -  Run Bytes Received By Job
	0  -  Total Bytes Sent By Job
	0  -  Total Bytes Received By Job
	Partitionable Resources :    Usage  Request Allocated 
	   Cpus                 :     1.00        1         1 
	   Disk (KB)            :  7500        7500     10999 
	   Memory (MB)          :   322        1024      1024 

	Job terminated of its own accord at 2022-04-08T04:50:55Z with exit-code 0.
...
