000 (454.566.000) 2022-04-06 16:54:01 Job submitted from host: <10.18.24.243:9618?addrs=10.18.24.243-9618&alias=ecoclusts01.bioclust.biologie.ens.fr&noUDP&sock=schedd_1052_29b8>
...
001 (454.566.000) 2022-04-08 01:24:02 Job executing on host: <10.18.24.13:9618?addrs=10.18.24.13-9618&alias=bioclust13.bioclust.biologie.ens.fr&noUDP&sock=startd_1202_0ced>
...
006 (454.566.000) 2022-04-08 01:24:10 Image size of job updated: 57100
	56  -  MemoryUsage of job (MB)
	57100  -  ResidentSetSize of job (KB)
...
006 (454.566.000) 2022-04-08 01:29:10 Image size of job updated: 741624
	296  -  MemoryUsage of job (MB)
	302896  -  ResidentSetSize of job (KB)
...
006 (454.566.000) 2022-04-08 01:34:11 Image size of job updated: 741624
	317  -  MemoryUsage of job (MB)
	324124  -  ResidentSetSize of job (KB)
...
006 (454.566.000) 2022-04-08 01:39:12 Image size of job updated: 774392
	317  -  MemoryUsage of job (MB)
	324124  -  ResidentSetSize of job (KB)
...
006 (454.566.000) 2022-04-08 03:14:22 Image size of job updated: 774648
	317  -  MemoryUsage of job (MB)
	324124  -  ResidentSetSize of job (KB)
...
006 (454.566.000) 2022-04-08 03:19:23 Image size of job updated: 774648
	317  -  MemoryUsage of job (MB)
	324256  -  ResidentSetSize of job (KB)
...
006 (454.566.000) 2022-04-08 03:24:23 Image size of job updated: 774648
	317  -  MemoryUsage of job (MB)
	324388  -  ResidentSetSize of job (KB)
...
006 (454.566.000) 2022-04-08 03:29:23 Image size of job updated: 774904
	317  -  MemoryUsage of job (MB)
	324388  -  ResidentSetSize of job (KB)
...
006 (454.566.000) 2022-04-08 03:34:24 Image size of job updated: 774904
	317  -  MemoryUsage of job (MB)
	324520  -  ResidentSetSize of job (KB)
...
006 (454.566.000) 2022-04-08 03:39:25 Image size of job updated: 774904
	318  -  MemoryUsage of job (MB)
	324652  -  ResidentSetSize of job (KB)
...
006 (454.566.000) 2022-04-08 03:44:25 Image size of job updated: 775160
	318  -  MemoryUsage of job (MB)
	324652  -  ResidentSetSize of job (KB)
...
006 (454.566.000) 2022-04-08 03:54:27 Image size of job updated: 775160
	318  -  MemoryUsage of job (MB)
	324784  -  ResidentSetSize of job (KB)
...
006 (454.566.000) 2022-04-08 03:59:27 Image size of job updated: 775416
	318  -  MemoryUsage of job (MB)
	324916  -  ResidentSetSize of job (KB)
...
006 (454.566.000) 2022-04-08 04:09:28 Image size of job updated: 775416
	318  -  MemoryUsage of job (MB)
	325048  -  ResidentSetSize of job (KB)
...
006 (454.566.000) 2022-04-08 04:14:28 Image size of job updated: 775672
	318  -  MemoryUsage of job (MB)
	325180  -  ResidentSetSize of job (KB)
...
006 (454.566.000) 2022-04-08 04:19:28 Image size of job updated: 775672
	318  -  MemoryUsage of job (MB)
	325312  -  ResidentSetSize of job (KB)
...
006 (454.566.000) 2022-04-08 04:29:29 Image size of job updated: 775928
	318  -  MemoryUsage of job (MB)
	325444  -  ResidentSetSize of job (KB)
...
006 (454.566.000) 2022-04-08 04:39:30 Image size of job updated: 775928
	318  -  MemoryUsage of job (MB)
	325576  -  ResidentSetSize of job (KB)
...
006 (454.566.000) 2022-04-08 04:49:31 Image size of job updated: 776184
	319  -  MemoryUsage of job (MB)
	325708  -  ResidentSetSize of job (KB)
...
006 (454.566.000) 2022-04-08 04:59:33 Image size of job updated: 776184
	319  -  MemoryUsage of job (MB)
	325840  -  ResidentSetSize of job (KB)
...
006 (454.566.000) 2022-04-08 05:04:33 Image size of job updated: 776440
	319  -  MemoryUsage of job (MB)
	325972  -  ResidentSetSize of job (KB)
...
006 (454.566.000) 2022-04-08 05:09:33 Image size of job updated: 776440
	319  -  MemoryUsage of job (MB)
	326104  -  ResidentSetSize of job (KB)
...
006 (454.566.000) 2022-04-08 05:14:34 Image size of job updated: 776696
	319  -  MemoryUsage of job (MB)
	326104  -  ResidentSetSize of job (KB)
...
006 (454.566.000) 2022-04-08 05:19:34 Image size of job updated: 776696
	319  -  MemoryUsage of job (MB)
	326236  -  ResidentSetSize of job (KB)
...
006 (454.566.000) 2022-04-08 05:24:34 Image size of job updated: 776696
	319  -  MemoryUsage of job (MB)
	326368  -  ResidentSetSize of job (KB)
...
006 (454.566.000) 2022-04-08 05:34:36 Image size of job updated: 776952
	319  -  MemoryUsage of job (MB)
	326500  -  ResidentSetSize of job (KB)
...
006 (454.566.000) 2022-04-08 05:39:36 Image size of job updated: 776952
	319  -  MemoryUsage of job (MB)
	326632  -  ResidentSetSize of job (KB)
...
006 (454.566.000) 2022-04-08 05:59:38 Image size of job updated: 777208
	320  -  MemoryUsage of job (MB)
	326728  -  ResidentSetSize of job (KB)
...
006 (454.566.000) 2022-04-08 06:09:39 Image size of job updated: 777208
	320  -  MemoryUsage of job (MB)
	326860  -  ResidentSetSize of job (KB)
...
006 (454.566.000) 2022-04-08 06:14:39 Image size of job updated: 777464
	320  -  MemoryUsage of job (MB)
	326860  -  ResidentSetSize of job (KB)
...
006 (454.566.000) 2022-04-08 06:19:40 Image size of job updated: 777464
	320  -  MemoryUsage of job (MB)
	326992  -  ResidentSetSize of job (KB)
...
006 (454.566.000) 2022-04-08 06:24:41 Image size of job updated: 777464
	320  -  MemoryUsage of job (MB)
	327124  -  ResidentSetSize of job (KB)
...
006 (454.566.000) 2022-04-08 06:34:42 Image size of job updated: 777720
	320  -  MemoryUsage of job (MB)
	327256  -  ResidentSetSize of job (KB)
...
006 (454.566.000) 2022-04-08 06:39:43 Image size of job updated: 777720
	320  -  MemoryUsage of job (MB)
	327388  -  ResidentSetSize of job (KB)
...
006 (454.566.000) 2022-04-08 06:44:43 Image size of job updated: 777976
	320  -  MemoryUsage of job (MB)
	327388  -  ResidentSetSize of job (KB)
...
006 (454.566.000) 2022-04-08 06:49:43 Image size of job updated: 777976
	320  -  MemoryUsage of job (MB)
	327520  -  ResidentSetSize of job (KB)
...
006 (454.566.000) 2022-04-08 06:54:45 Image size of job updated: 777976
	320  -  MemoryUsage of job (MB)
	327652  -  ResidentSetSize of job (KB)
...
006 (454.566.000) 2022-04-08 06:59:45 Image size of job updated: 778232
	320  -  MemoryUsage of job (MB)
	327652  -  ResidentSetSize of job (KB)
...
006 (454.566.000) 2022-04-08 07:04:45 Image size of job updated: 778232
	321  -  MemoryUsage of job (MB)
	327784  -  ResidentSetSize of job (KB)
...
006 (454.566.000) 2022-04-08 07:09:46 Image size of job updated: 778232
	321  -  MemoryUsage of job (MB)
	327916  -  ResidentSetSize of job (KB)
...
006 (454.566.000) 2022-04-08 07:14:47 Image size of job updated: 778488
	321  -  MemoryUsage of job (MB)
	328048  -  ResidentSetSize of job (KB)
...
006 (454.566.000) 2022-04-08 07:24:48 Image size of job updated: 778488
	321  -  MemoryUsage of job (MB)
	328180  -  ResidentSetSize of job (KB)
...
006 (454.566.000) 2022-04-08 07:29:49 Image size of job updated: 778744
	321  -  MemoryUsage of job (MB)
	328180  -  ResidentSetSize of job (KB)
...
006 (454.566.000) 2022-04-08 07:34:49 Image size of job updated: 778744
	321  -  MemoryUsage of job (MB)
	328312  -  ResidentSetSize of job (KB)
...
006 (454.566.000) 2022-04-08 07:39:49 Image size of job updated: 778744
	321  -  MemoryUsage of job (MB)
	328444  -  ResidentSetSize of job (KB)
...
006 (454.566.000) 2022-04-08 07:44:50 Image size of job updated: 779000
	321  -  MemoryUsage of job (MB)
	328444  -  ResidentSetSize of job (KB)
...
006 (454.566.000) 2022-04-08 07:49:50 Image size of job updated: 779000
	321  -  MemoryUsage of job (MB)
	328576  -  ResidentSetSize of job (KB)
...
006 (454.566.000) 2022-04-08 07:59:51 Image size of job updated: 779256
	322  -  MemoryUsage of job (MB)
	328708  -  ResidentSetSize of job (KB)
...
006 (454.566.000) 2022-04-08 08:04:51 Image size of job updated: 779256
	322  -  MemoryUsage of job (MB)
	328840  -  ResidentSetSize of job (KB)
...
006 (454.566.000) 2022-04-08 08:14:52 Image size of job updated: 779512
	322  -  MemoryUsage of job (MB)
	328972  -  ResidentSetSize of job (KB)
...
006 (454.566.000) 2022-04-08 08:19:53 Image size of job updated: 779512
	322  -  MemoryUsage of job (MB)
	329104  -  ResidentSetSize of job (KB)
...
006 (454.566.000) 2022-04-08 08:29:54 Image size of job updated: 779512
	322  -  MemoryUsage of job (MB)
	329236  -  ResidentSetSize of job (KB)
...
006 (454.566.000) 2022-04-08 08:33:18 Image size of job updated: 779768
	322  -  MemoryUsage of job (MB)
	329236  -  ResidentSetSize of job (KB)
...
005 (454.566.000) 2022-04-08 08:33:18 Job terminated.
	(1) Normal termination (return value 0)
		Usr 0 07:02:02, Sys 0 00:02:05  -  Run Remote Usage
		Usr 0 00:00:00, Sys 0 00:00:00  -  Run Local Usage
		Usr 0 07:02:02, Sys 0 00:02:05  -  Total Remote Usage
		Usr 0 00:00:00, Sys 0 00:00:00  -  Total Local Usage
	0  -  Run Bytes Sent By Job
	0  -  Run Bytes Received By Job
	0  -  Total Bytes Sent By Job
	0  -  Total Bytes Received By Job
	Partitionable Resources :    Usage  Request Allocated 
	   Cpus                 :     1.00        1         1 
	   Disk (KB)            :  7500        7500     10998 
	   Memory (MB)          :   322        1024      1024 

	Job terminated of its own accord at 2022-04-08T06:33:18Z with exit-code 0.
...
