000 (454.334.000) 2022-04-06 16:54:00 Job submitted from host: <10.18.24.243:9618?addrs=10.18.24.243-9618&alias=ecoclusts01.bioclust.biologie.ens.fr&noUDP&sock=schedd_1052_29b8>
...
001 (454.334.000) 2022-04-07 18:31:24 Job executing on host: <10.18.24.109:9618?addrs=10.18.24.109-9618&alias=ecoclust14.bioclust.biologie.ens.fr&noUDP&sock=startd_917_906f>
...
006 (454.334.000) 2022-04-07 18:31:32 Image size of job updated: 194120
	61  -  MemoryUsage of job (MB)
	62280  -  ResidentSetSize of job (KB)
...
006 (454.334.000) 2022-04-07 18:36:32 Image size of job updated: 845680
	317  -  MemoryUsage of job (MB)
	324068  -  ResidentSetSize of job (KB)
...
006 (454.334.000) 2022-04-07 20:11:41 Image size of job updated: 845680
	317  -  MemoryUsage of job (MB)
	324156  -  ResidentSetSize of job (KB)
...
006 (454.334.000) 2022-04-07 20:26:43 Image size of job updated: 845680
	317  -  MemoryUsage of job (MB)
	324288  -  ResidentSetSize of job (KB)
...
006 (454.334.000) 2022-04-07 20:31:43 Image size of job updated: 845680
	317  -  MemoryUsage of job (MB)
	324420  -  ResidentSetSize of job (KB)
...
006 (454.334.000) 2022-04-07 20:41:44 Image size of job updated: 845680
	317  -  MemoryUsage of job (MB)
	324552  -  ResidentSetSize of job (KB)
...
006 (454.334.000) 2022-04-07 20:51:45 Image size of job updated: 845680
	318  -  MemoryUsage of job (MB)
	324684  -  ResidentSetSize of job (KB)
...
006 (454.334.000) 2022-04-07 21:01:46 Image size of job updated: 845680
	318  -  MemoryUsage of job (MB)
	324816  -  ResidentSetSize of job (KB)
...
006 (454.334.000) 2022-04-07 21:06:47 Image size of job updated: 845680
	318  -  MemoryUsage of job (MB)
	324948  -  ResidentSetSize of job (KB)
...
006 (454.334.000) 2022-04-07 21:16:48 Image size of job updated: 845680
	318  -  MemoryUsage of job (MB)
	325080  -  ResidentSetSize of job (KB)
...
006 (454.334.000) 2022-04-07 21:21:48 Image size of job updated: 845680
	318  -  MemoryUsage of job (MB)
	325212  -  ResidentSetSize of job (KB)
...
006 (454.334.000) 2022-04-07 21:26:49 Image size of job updated: 845680
	318  -  MemoryUsage of job (MB)
	325344  -  ResidentSetSize of job (KB)
...
006 (454.334.000) 2022-04-07 21:36:50 Image size of job updated: 845680
	318  -  MemoryUsage of job (MB)
	325476  -  ResidentSetSize of job (KB)
...
006 (454.334.000) 2022-04-07 21:46:52 Image size of job updated: 845680
	318  -  MemoryUsage of job (MB)
	325608  -  ResidentSetSize of job (KB)
...
006 (454.334.000) 2022-04-07 21:51:52 Image size of job updated: 845680
	319  -  MemoryUsage of job (MB)
	325740  -  ResidentSetSize of job (KB)
...
006 (454.334.000) 2022-04-07 22:01:53 Image size of job updated: 845680
	319  -  MemoryUsage of job (MB)
	325872  -  ResidentSetSize of job (KB)
...
006 (454.334.000) 2022-04-07 22:06:54 Image size of job updated: 845680
	319  -  MemoryUsage of job (MB)
	326004  -  ResidentSetSize of job (KB)
...
006 (454.334.000) 2022-04-07 22:16:55 Image size of job updated: 845680
	319  -  MemoryUsage of job (MB)
	326136  -  ResidentSetSize of job (KB)
...
006 (454.334.000) 2022-04-07 22:21:56 Image size of job updated: 845680
	319  -  MemoryUsage of job (MB)
	326268  -  ResidentSetSize of job (KB)
...
006 (454.334.000) 2022-04-07 22:26:56 Image size of job updated: 845680
	319  -  MemoryUsage of job (MB)
	326400  -  ResidentSetSize of job (KB)
...
006 (454.334.000) 2022-04-07 22:36:57 Image size of job updated: 845680
	319  -  MemoryUsage of job (MB)
	326532  -  ResidentSetSize of job (KB)
...
006 (454.334.000) 2022-04-07 22:41:58 Image size of job updated: 845680
	320  -  MemoryUsage of job (MB)
	326664  -  ResidentSetSize of job (KB)
...
006 (454.334.000) 2022-04-07 23:07:00 Image size of job updated: 845680
	320  -  MemoryUsage of job (MB)
	326748  -  ResidentSetSize of job (KB)
...
006 (454.334.000) 2022-04-07 23:12:01 Image size of job updated: 845680
	320  -  MemoryUsage of job (MB)
	326880  -  ResidentSetSize of job (KB)
...
006 (454.334.000) 2022-04-07 23:22:02 Image size of job updated: 845680
	320  -  MemoryUsage of job (MB)
	327012  -  ResidentSetSize of job (KB)
...
006 (454.334.000) 2022-04-07 23:32:04 Image size of job updated: 845680
	320  -  MemoryUsage of job (MB)
	327144  -  ResidentSetSize of job (KB)
...
006 (454.334.000) 2022-04-07 23:37:04 Image size of job updated: 845680
	320  -  MemoryUsage of job (MB)
	327276  -  ResidentSetSize of job (KB)
...
006 (454.334.000) 2022-04-07 23:47:05 Image size of job updated: 845680
	320  -  MemoryUsage of job (MB)
	327408  -  ResidentSetSize of job (KB)
...
006 (454.334.000) 2022-04-07 23:57:06 Image size of job updated: 845680
	320  -  MemoryUsage of job (MB)
	327540  -  ResidentSetSize of job (KB)
...
006 (454.334.000) 2022-04-08 00:02:07 Image size of job updated: 845680
	320  -  MemoryUsage of job (MB)
	327672  -  ResidentSetSize of job (KB)
...
006 (454.334.000) 2022-04-08 00:12:08 Image size of job updated: 845680
	321  -  MemoryUsage of job (MB)
	327804  -  ResidentSetSize of job (KB)
...
006 (454.334.000) 2022-04-08 00:22:09 Image size of job updated: 845680
	321  -  MemoryUsage of job (MB)
	327936  -  ResidentSetSize of job (KB)
...
006 (454.334.000) 2022-04-08 00:27:10 Image size of job updated: 845680
	321  -  MemoryUsage of job (MB)
	328068  -  ResidentSetSize of job (KB)
...
006 (454.334.000) 2022-04-08 00:37:12 Image size of job updated: 845680
	321  -  MemoryUsage of job (MB)
	328200  -  ResidentSetSize of job (KB)
...
006 (454.334.000) 2022-04-08 00:47:13 Image size of job updated: 845680
	321  -  MemoryUsage of job (MB)
	328332  -  ResidentSetSize of job (KB)
...
006 (454.334.000) 2022-04-08 00:57:14 Image size of job updated: 845680
	321  -  MemoryUsage of job (MB)
	328464  -  ResidentSetSize of job (KB)
...
006 (454.334.000) 2022-04-08 01:02:15 Image size of job updated: 845680
	321  -  MemoryUsage of job (MB)
	328596  -  ResidentSetSize of job (KB)
...
006 (454.334.000) 2022-04-08 01:12:16 Image size of job updated: 845680
	322  -  MemoryUsage of job (MB)
	328728  -  ResidentSetSize of job (KB)
...
006 (454.334.000) 2022-04-08 01:22:17 Image size of job updated: 845680
	322  -  MemoryUsage of job (MB)
	328860  -  ResidentSetSize of job (KB)
...
006 (454.334.000) 2022-04-08 01:32:17 Image size of job updated: 845680
	322  -  MemoryUsage of job (MB)
	328992  -  ResidentSetSize of job (KB)
...
006 (454.334.000) 2022-04-08 01:42:19 Image size of job updated: 845680
	322  -  MemoryUsage of job (MB)
	329124  -  ResidentSetSize of job (KB)
...
006 (454.334.000) 2022-04-08 01:47:19 Image size of job updated: 845680
	322  -  MemoryUsage of job (MB)
	329256  -  ResidentSetSize of job (KB)
...
005 (454.334.000) 2022-04-08 01:53:21 Job terminated.
	(1) Normal termination (return value 0)
		Usr 0 07:19:52, Sys 0 00:00:32  -  Run Remote Usage
		Usr 0 00:00:00, Sys 0 00:00:00  -  Run Local Usage
		Usr 0 07:19:52, Sys 0 00:00:32  -  Total Remote Usage
		Usr 0 00:00:00, Sys 0 00:00:00  -  Total Local Usage
	0  -  Run Bytes Sent By Job
	0  -  Run Bytes Received By Job
	0  -  Total Bytes Sent By Job
	0  -  Total Bytes Received By Job
	Partitionable Resources :    Usage  Request Allocated 
	   Cpus                 :     1.00        1         1 
	   Disk (KB)            :  7500        7500     10998 
	   Memory (MB)          :   322        1024      1024 

	Job terminated of its own accord at 2022-04-07T23:53:21Z with exit-code 0.
...
