000 (454.733.000) 2022-04-06 16:54:02 Job submitted from host: <10.18.24.243:9618?addrs=10.18.24.243-9618&alias=ecoclusts01.bioclust.biologie.ens.fr&noUDP&sock=schedd_1052_29b8>
...
001 (454.733.000) 2022-04-08 06:06:09 Job executing on host: <10.18.24.13:9618?addrs=10.18.24.13-9618&alias=bioclust13.bioclust.biologie.ens.fr&noUDP&sock=startd_1202_0ced>
...
006 (454.733.000) 2022-04-08 06:06:18 Image size of job updated: 65320
	64  -  MemoryUsage of job (MB)
	65320  -  ResidentSetSize of job (KB)
...
006 (454.733.000) 2022-04-08 06:11:19 Image size of job updated: 741624
	316  -  MemoryUsage of job (MB)
	323300  -  ResidentSetSize of job (KB)
...
006 (454.733.000) 2022-04-08 06:16:19 Image size of job updated: 741624
	317  -  MemoryUsage of job (MB)
	324136  -  ResidentSetSize of job (KB)
...
006 (454.733.000) 2022-04-08 06:21:19 Image size of job updated: 774392
	317  -  MemoryUsage of job (MB)
	324136  -  ResidentSetSize of job (KB)
...
006 (454.733.000) 2022-04-08 07:46:29 Image size of job updated: 774648
	317  -  MemoryUsage of job (MB)
	324224  -  ResidentSetSize of job (KB)
...
006 (454.733.000) 2022-04-08 07:56:30 Image size of job updated: 774904
	317  -  MemoryUsage of job (MB)
	324356  -  ResidentSetSize of job (KB)
...
006 (454.733.000) 2022-04-08 08:01:31 Image size of job updated: 774904
	317  -  MemoryUsage of job (MB)
	324488  -  ResidentSetSize of job (KB)
...
006 (454.733.000) 2022-04-08 08:11:32 Image size of job updated: 774904
	318  -  MemoryUsage of job (MB)
	324620  -  ResidentSetSize of job (KB)
...
006 (454.733.000) 2022-04-08 08:16:32 Image size of job updated: 775160
	318  -  MemoryUsage of job (MB)
	324752  -  ResidentSetSize of job (KB)
...
006 (454.733.000) 2022-04-08 08:26:33 Image size of job updated: 775160
	318  -  MemoryUsage of job (MB)
	324884  -  ResidentSetSize of job (KB)
...
006 (454.733.000) 2022-04-08 08:31:33 Image size of job updated: 775416
	318  -  MemoryUsage of job (MB)
	325016  -  ResidentSetSize of job (KB)
...
006 (454.733.000) 2022-04-08 08:41:35 Image size of job updated: 775416
	318  -  MemoryUsage of job (MB)
	325148  -  ResidentSetSize of job (KB)
...
006 (454.733.000) 2022-04-08 08:46:35 Image size of job updated: 775672
	318  -  MemoryUsage of job (MB)
	325280  -  ResidentSetSize of job (KB)
...
006 (454.733.000) 2022-04-08 08:56:37 Image size of job updated: 775928
	318  -  MemoryUsage of job (MB)
	325412  -  ResidentSetSize of job (KB)
...
006 (454.733.000) 2022-04-08 09:01:37 Image size of job updated: 775928
	318  -  MemoryUsage of job (MB)
	325544  -  ResidentSetSize of job (KB)
...
006 (454.733.000) 2022-04-08 09:06:37 Image size of job updated: 775928
	319  -  MemoryUsage of job (MB)
	325676  -  ResidentSetSize of job (KB)
...
006 (454.733.000) 2022-04-08 09:11:38 Image size of job updated: 776184
	319  -  MemoryUsage of job (MB)
	325676  -  ResidentSetSize of job (KB)
...
006 (454.733.000) 2022-04-08 09:16:38 Image size of job updated: 776184
	319  -  MemoryUsage of job (MB)
	325808  -  ResidentSetSize of job (KB)
...
006 (454.733.000) 2022-04-08 09:21:38 Image size of job updated: 776440
	319  -  MemoryUsage of job (MB)
	325940  -  ResidentSetSize of job (KB)
...
006 (454.733.000) 2022-04-08 09:31:39 Image size of job updated: 776440
	319  -  MemoryUsage of job (MB)
	326072  -  ResidentSetSize of job (KB)
...
006 (454.733.000) 2022-04-08 09:36:39 Image size of job updated: 776696
	319  -  MemoryUsage of job (MB)
	326204  -  ResidentSetSize of job (KB)
...
006 (454.733.000) 2022-04-08 09:46:41 Image size of job updated: 776696
	319  -  MemoryUsage of job (MB)
	326336  -  ResidentSetSize of job (KB)
...
006 (454.733.000) 2022-04-08 09:51:41 Image size of job updated: 776952
	319  -  MemoryUsage of job (MB)
	326468  -  ResidentSetSize of job (KB)
...
006 (454.733.000) 2022-04-08 09:56:42 Image size of job updated: 776952
	319  -  MemoryUsage of job (MB)
	326600  -  ResidentSetSize of job (KB)
...
006 (454.733.000) 2022-04-08 10:21:45 Image size of job updated: 777208
	320  -  MemoryUsage of job (MB)
	326732  -  ResidentSetSize of job (KB)
...
006 (454.733.000) 2022-04-08 10:31:46 Image size of job updated: 777208
	320  -  MemoryUsage of job (MB)
	326864  -  ResidentSetSize of job (KB)
...
006 (454.733.000) 2022-04-08 10:36:47 Image size of job updated: 777464
	320  -  MemoryUsage of job (MB)
	326996  -  ResidentSetSize of job (KB)
...
006 (454.733.000) 2022-04-08 10:46:47 Image size of job updated: 777464
	320  -  MemoryUsage of job (MB)
	327128  -  ResidentSetSize of job (KB)
...
006 (454.733.000) 2022-04-08 10:56:48 Image size of job updated: 777720
	320  -  MemoryUsage of job (MB)
	327260  -  ResidentSetSize of job (KB)
...
006 (454.733.000) 2022-04-08 11:01:48 Image size of job updated: 777720
	320  -  MemoryUsage of job (MB)
	327392  -  ResidentSetSize of job (KB)
...
006 (454.733.000) 2022-04-08 11:06:49 Image size of job updated: 777976
	320  -  MemoryUsage of job (MB)
	327392  -  ResidentSetSize of job (KB)
...
006 (454.733.000) 2022-04-08 11:11:50 Image size of job updated: 777976
	320  -  MemoryUsage of job (MB)
	327524  -  ResidentSetSize of job (KB)
...
006 (454.733.000) 2022-04-08 11:16:50 Image size of job updated: 777976
	320  -  MemoryUsage of job (MB)
	327656  -  ResidentSetSize of job (KB)
...
006 (454.733.000) 2022-04-08 11:21:50 Image size of job updated: 778232
	321  -  MemoryUsage of job (MB)
	327788  -  ResidentSetSize of job (KB)
...
006 (454.733.000) 2022-04-08 11:31:51 Image size of job updated: 778232
	321  -  MemoryUsage of job (MB)
	327920  -  ResidentSetSize of job (KB)
...
006 (454.733.000) 2022-04-08 11:36:51 Image size of job updated: 778488
	321  -  MemoryUsage of job (MB)
	328052  -  ResidentSetSize of job (KB)
...
006 (454.733.000) 2022-04-08 11:46:53 Image size of job updated: 778488
	321  -  MemoryUsage of job (MB)
	328184  -  ResidentSetSize of job (KB)
...
006 (454.733.000) 2022-04-08 11:51:53 Image size of job updated: 778744
	321  -  MemoryUsage of job (MB)
	328316  -  ResidentSetSize of job (KB)
...
006 (454.733.000) 2022-04-08 12:01:55 Image size of job updated: 778744
	321  -  MemoryUsage of job (MB)
	328448  -  ResidentSetSize of job (KB)
...
006 (454.733.000) 2022-04-08 12:06:55 Image size of job updated: 779000
	321  -  MemoryUsage of job (MB)
	328448  -  ResidentSetSize of job (KB)
...
006 (454.733.000) 2022-04-08 12:11:55 Image size of job updated: 779000
	321  -  MemoryUsage of job (MB)
	328580  -  ResidentSetSize of job (KB)
...
006 (454.733.000) 2022-04-08 12:16:56 Image size of job updated: 779000
	322  -  MemoryUsage of job (MB)
	328712  -  ResidentSetSize of job (KB)
...
006 (454.733.000) 2022-04-08 12:21:56 Image size of job updated: 779256
	322  -  MemoryUsage of job (MB)
	328844  -  ResidentSetSize of job (KB)
...
006 (454.733.000) 2022-04-08 12:31:58 Image size of job updated: 779256
	322  -  MemoryUsage of job (MB)
	328976  -  ResidentSetSize of job (KB)
...
006 (454.733.000) 2022-04-08 12:36:58 Image size of job updated: 779512
	322  -  MemoryUsage of job (MB)
	329108  -  ResidentSetSize of job (KB)
...
006 (454.733.000) 2022-04-08 12:46:59 Image size of job updated: 779768
	322  -  MemoryUsage of job (MB)
	329240  -  ResidentSetSize of job (KB)
...
005 (454.733.000) 2022-04-08 12:50:14 Job terminated.
	(1) Normal termination (return value 0)
		Usr 0 06:40:01, Sys 0 00:00:35  -  Run Remote Usage
		Usr 0 00:00:00, Sys 0 00:00:00  -  Run Local Usage
		Usr 0 06:40:01, Sys 0 00:00:35  -  Total Remote Usage
		Usr 0 00:00:00, Sys 0 00:00:00  -  Total Local Usage
	0  -  Run Bytes Sent By Job
	0  -  Run Bytes Received By Job
	0  -  Total Bytes Sent By Job
	0  -  Total Bytes Received By Job
	Partitionable Resources :    Usage  Request Allocated 
	   Cpus                 :     1.00        1         1 
	   Disk (KB)            :  7500        7500     10998 
	   Memory (MB)          :   322        1024      1024 

	Job terminated of its own accord at 2022-04-08T10:50:14Z with exit-code 0.
...
