000 (454.220.000) 2022-04-06 16:54:00 Job submitted from host: <10.18.24.243:9618?addrs=10.18.24.243-9618&alias=ecoclusts01.bioclust.biologie.ens.fr&noUDP&sock=schedd_1052_29b8>
...
001 (454.220.000) 2022-04-07 13:46:04 Job executing on host: <10.18.24.178:9618?addrs=10.18.24.178-9618&alias=mcbsclust07.bioclust.biologie.ens.fr&noUDP&sock=startd_912_2276>
...
006 (454.220.000) 2022-04-07 13:46:13 Image size of job updated: 441848
	432  -  MemoryUsage of job (MB)
	441848  -  ResidentSetSize of job (KB)
...
006 (454.220.000) 2022-04-07 13:51:14 Image size of job updated: 741620
	434  -  MemoryUsage of job (MB)
	443896  -  ResidentSetSize of job (KB)
...
006 (454.220.000) 2022-04-07 13:56:14 Image size of job updated: 774388
	434  -  MemoryUsage of job (MB)
	443896  -  ResidentSetSize of job (KB)
...
006 (454.220.000) 2022-04-07 15:06:22 Image size of job updated: 774644
	434  -  MemoryUsage of job (MB)
	443896  -  ResidentSetSize of job (KB)
...
006 (454.220.000) 2022-04-07 15:16:23 Image size of job updated: 774900
	434  -  MemoryUsage of job (MB)
	443896  -  ResidentSetSize of job (KB)
...
006 (454.220.000) 2022-04-07 15:26:23 Image size of job updated: 775156
	434  -  MemoryUsage of job (MB)
	443896  -  ResidentSetSize of job (KB)
...
006 (454.220.000) 2022-04-07 15:41:25 Image size of job updated: 775412
	434  -  MemoryUsage of job (MB)
	443896  -  ResidentSetSize of job (KB)
...
006 (454.220.000) 2022-04-07 15:51:26 Image size of job updated: 775668
	434  -  MemoryUsage of job (MB)
	443896  -  ResidentSetSize of job (KB)
...
006 (454.220.000) 2022-04-07 16:01:26 Image size of job updated: 775924
	434  -  MemoryUsage of job (MB)
	443896  -  ResidentSetSize of job (KB)
...
006 (454.220.000) 2022-04-07 16:11:28 Image size of job updated: 776180
	434  -  MemoryUsage of job (MB)
	443896  -  ResidentSetSize of job (KB)
...
006 (454.220.000) 2022-04-07 16:21:28 Image size of job updated: 776436
	434  -  MemoryUsage of job (MB)
	443896  -  ResidentSetSize of job (KB)
...
006 (454.220.000) 2022-04-07 16:31:29 Image size of job updated: 776692
	434  -  MemoryUsage of job (MB)
	443896  -  ResidentSetSize of job (KB)
...
006 (454.220.000) 2022-04-07 16:46:31 Image size of job updated: 776948
	434  -  MemoryUsage of job (MB)
	443896  -  ResidentSetSize of job (KB)
...
006 (454.220.000) 2022-04-07 17:11:32 Image size of job updated: 777204
	434  -  MemoryUsage of job (MB)
	443896  -  ResidentSetSize of job (KB)
...
006 (454.220.000) 2022-04-07 17:21:34 Image size of job updated: 777460
	434  -  MemoryUsage of job (MB)
	443896  -  ResidentSetSize of job (KB)
...
006 (454.220.000) 2022-04-07 17:36:35 Image size of job updated: 777716
	434  -  MemoryUsage of job (MB)
	443896  -  ResidentSetSize of job (KB)
...
006 (454.220.000) 2022-04-07 17:46:35 Image size of job updated: 777972
	434  -  MemoryUsage of job (MB)
	443896  -  ResidentSetSize of job (KB)
...
006 (454.220.000) 2022-04-07 18:01:37 Image size of job updated: 778228
	434  -  MemoryUsage of job (MB)
	443896  -  ResidentSetSize of job (KB)
...
006 (454.220.000) 2022-04-07 18:11:38 Image size of job updated: 778484
	434  -  MemoryUsage of job (MB)
	443896  -  ResidentSetSize of job (KB)
...
006 (454.220.000) 2022-04-07 18:26:39 Image size of job updated: 778740
	434  -  MemoryUsage of job (MB)
	443896  -  ResidentSetSize of job (KB)
...
006 (454.220.000) 2022-04-07 18:36:40 Image size of job updated: 778996
	434  -  MemoryUsage of job (MB)
	443896  -  ResidentSetSize of job (KB)
...
006 (454.220.000) 2022-04-07 18:51:42 Image size of job updated: 779252
	434  -  MemoryUsage of job (MB)
	443896  -  ResidentSetSize of job (KB)
...
006 (454.220.000) 2022-04-07 19:01:43 Image size of job updated: 779508
	434  -  MemoryUsage of job (MB)
	443896  -  ResidentSetSize of job (KB)
...
006 (454.220.000) 2022-04-07 19:13:41 Image size of job updated: 779764
	434  -  MemoryUsage of job (MB)
	443896  -  ResidentSetSize of job (KB)
...
005 (454.220.000) 2022-04-07 19:13:41 Job terminated.
	(1) Normal termination (return value 0)
		Usr 0 05:26:25, Sys 0 00:00:15  -  Run Remote Usage
		Usr 0 00:00:00, Sys 0 00:00:00  -  Run Local Usage
		Usr 0 05:26:25, Sys 0 00:00:15  -  Total Remote Usage
		Usr 0 00:00:00, Sys 0 00:00:00  -  Total Local Usage
	0  -  Run Bytes Sent By Job
	0  -  Run Bytes Received By Job
	0  -  Total Bytes Sent By Job
	0  -  Total Bytes Received By Job
	Partitionable Resources :    Usage  Request Allocated 
	   Cpus                 :     1.00        1         1 
	   Disk (KB)            :  7500        7500     11001 
	   Memory (MB)          :   434        1024      1024 

	Job terminated of its own accord at 2022-04-07T17:13:41Z with exit-code 0.
...
