000 (454.699.000) 2022-04-06 16:54:02 Job submitted from host: <10.18.24.243:9618?addrs=10.18.24.243-9618&alias=ecoclusts01.bioclust.biologie.ens.fr&noUDP&sock=schedd_1052_29b8>
...
001 (454.699.000) 2022-04-08 05:07:08 Job executing on host: <10.18.24.138:9618?addrs=10.18.24.138-9618&alias=dyoclust11.bioclust.biologie.ens.fr&noUDP&sock=startd_801_ff73>
...
006 (454.699.000) 2022-04-08 05:07:17 Image size of job updated: 108060
	106  -  MemoryUsage of job (MB)
	108060  -  ResidentSetSize of job (KB)
...
006 (454.699.000) 2022-04-08 05:12:17 Image size of job updated: 741876
	317  -  MemoryUsage of job (MB)
	324292  -  ResidentSetSize of job (KB)
...
006 (454.699.000) 2022-04-08 05:17:18 Image size of job updated: 774644
	317  -  MemoryUsage of job (MB)
	324380  -  ResidentSetSize of job (KB)
...
006 (454.699.000) 2022-04-08 05:52:21 Image size of job updated: 774900
	317  -  MemoryUsage of job (MB)
	324380  -  ResidentSetSize of job (KB)
...
006 (454.699.000) 2022-04-08 05:57:22 Image size of job updated: 774900
	317  -  MemoryUsage of job (MB)
	324512  -  ResidentSetSize of job (KB)
...
006 (454.699.000) 2022-04-08 06:02:22 Image size of job updated: 775156
	318  -  MemoryUsage of job (MB)
	324644  -  ResidentSetSize of job (KB)
...
006 (454.699.000) 2022-04-08 06:07:22 Image size of job updated: 775156
	318  -  MemoryUsage of job (MB)
	324908  -  ResidentSetSize of job (KB)
...
006 (454.699.000) 2022-04-08 06:12:23 Image size of job updated: 775412
	318  -  MemoryUsage of job (MB)
	325040  -  ResidentSetSize of job (KB)
...
006 (454.699.000) 2022-04-08 06:17:23 Image size of job updated: 775668
	318  -  MemoryUsage of job (MB)
	325172  -  ResidentSetSize of job (KB)
...
006 (454.699.000) 2022-04-08 06:22:23 Image size of job updated: 775668
	318  -  MemoryUsage of job (MB)
	325304  -  ResidentSetSize of job (KB)
...
006 (454.699.000) 2022-04-08 06:27:24 Image size of job updated: 775924
	318  -  MemoryUsage of job (MB)
	325436  -  ResidentSetSize of job (KB)
...
006 (454.699.000) 2022-04-08 06:32:25 Image size of job updated: 776180
	319  -  MemoryUsage of job (MB)
	325700  -  ResidentSetSize of job (KB)
...
006 (454.699.000) 2022-04-08 06:37:25 Image size of job updated: 776180
	319  -  MemoryUsage of job (MB)
	325832  -  ResidentSetSize of job (KB)
...
006 (454.699.000) 2022-04-08 06:42:26 Image size of job updated: 776436
	319  -  MemoryUsage of job (MB)
	326096  -  ResidentSetSize of job (KB)
...
006 (454.699.000) 2022-04-08 06:47:27 Image size of job updated: 776692
	319  -  MemoryUsage of job (MB)
	326228  -  ResidentSetSize of job (KB)
...
006 (454.699.000) 2022-04-08 06:52:27 Image size of job updated: 776948
	319  -  MemoryUsage of job (MB)
	326492  -  ResidentSetSize of job (KB)
...
006 (454.699.000) 2022-04-08 07:07:29 Image size of job updated: 777204
	320  -  MemoryUsage of job (MB)
	326724  -  ResidentSetSize of job (KB)
...
006 (454.699.000) 2022-04-08 07:12:29 Image size of job updated: 777204
	320  -  MemoryUsage of job (MB)
	326856  -  ResidentSetSize of job (KB)
...
006 (454.699.000) 2022-04-08 07:17:30 Image size of job updated: 777460
	320  -  MemoryUsage of job (MB)
	326988  -  ResidentSetSize of job (KB)
...
006 (454.699.000) 2022-04-08 07:22:31 Image size of job updated: 777716
	320  -  MemoryUsage of job (MB)
	327252  -  ResidentSetSize of job (KB)
...
006 (454.699.000) 2022-04-08 07:27:31 Image size of job updated: 777716
	320  -  MemoryUsage of job (MB)
	327384  -  ResidentSetSize of job (KB)
...
006 (454.699.000) 2022-04-08 07:32:31 Image size of job updated: 777972
	320  -  MemoryUsage of job (MB)
	327516  -  ResidentSetSize of job (KB)
...
006 (454.699.000) 2022-04-08 07:37:33 Image size of job updated: 778228
	320  -  MemoryUsage of job (MB)
	327648  -  ResidentSetSize of job (KB)
...
006 (454.699.000) 2022-04-08 07:42:33 Image size of job updated: 778228
	321  -  MemoryUsage of job (MB)
	327912  -  ResidentSetSize of job (KB)
...
006 (454.699.000) 2022-04-08 07:47:33 Image size of job updated: 778484
	321  -  MemoryUsage of job (MB)
	328044  -  ResidentSetSize of job (KB)
...
006 (454.699.000) 2022-04-08 07:52:34 Image size of job updated: 778740
	321  -  MemoryUsage of job (MB)
	328176  -  ResidentSetSize of job (KB)
...
006 (454.699.000) 2022-04-08 07:57:35 Image size of job updated: 778740
	321  -  MemoryUsage of job (MB)
	328440  -  ResidentSetSize of job (KB)
...
006 (454.699.000) 2022-04-08 08:02:35 Image size of job updated: 778996
	321  -  MemoryUsage of job (MB)
	328572  -  ResidentSetSize of job (KB)
...
006 (454.699.000) 2022-04-08 08:07:35 Image size of job updated: 779252
	322  -  MemoryUsage of job (MB)
	328836  -  ResidentSetSize of job (KB)
...
006 (454.699.000) 2022-04-08 08:12:36 Image size of job updated: 779508
	322  -  MemoryUsage of job (MB)
	328968  -  ResidentSetSize of job (KB)
...
006 (454.699.000) 2022-04-08 08:17:37 Image size of job updated: 779508
	322  -  MemoryUsage of job (MB)
	329232  -  ResidentSetSize of job (KB)
...
006 (454.699.000) 2022-04-08 08:20:42 Image size of job updated: 779764
	322  -  MemoryUsage of job (MB)
	329232  -  ResidentSetSize of job (KB)
...
005 (454.699.000) 2022-04-08 08:20:42 Job terminated.
	(1) Normal termination (return value 0)
		Usr 0 03:11:08, Sys 0 00:00:25  -  Run Remote Usage
		Usr 0 00:00:00, Sys 0 00:00:00  -  Run Local Usage
		Usr 0 03:11:08, Sys 0 00:00:25  -  Total Remote Usage
		Usr 0 00:00:00, Sys 0 00:00:00  -  Total Local Usage
	0  -  Run Bytes Sent By Job
	0  -  Run Bytes Received By Job
	0  -  Total Bytes Sent By Job
	0  -  Total Bytes Received By Job
	Partitionable Resources :    Usage  Request Allocated 
	   Cpus                 :     0.99        1         1 
	   Disk (KB)            :  7500        7500     10998 
	   Memory (MB)          :   322        1024      1024 

	Job terminated of its own accord at 2022-04-08T06:20:42Z with exit-code 0.
...
