000 (454.661.000) 2022-04-06 16:54:02 Job submitted from host: <10.18.24.243:9618?addrs=10.18.24.243-9618&alias=ecoclusts01.bioclust.biologie.ens.fr&noUDP&sock=schedd_1052_29b8>
...
001 (454.661.000) 2022-04-08 04:04:06 Job executing on host: <10.18.24.134:9618?addrs=10.18.24.134-9618&alias=dyoclust07.bioclust.biologie.ens.fr&noUDP&sock=startd_808_cc9c>
...
006 (454.661.000) 2022-04-08 04:04:15 Image size of job updated: 207500
	203  -  MemoryUsage of job (MB)
	207500  -  ResidentSetSize of job (KB)
...
006 (454.661.000) 2022-04-08 04:09:16 Image size of job updated: 741620
	317  -  MemoryUsage of job (MB)
	324032  -  ResidentSetSize of job (KB)
...
006 (454.661.000) 2022-04-08 04:14:17 Image size of job updated: 774388
	317  -  MemoryUsage of job (MB)
	324032  -  ResidentSetSize of job (KB)
...
006 (454.661.000) 2022-04-08 04:59:22 Image size of job updated: 774644
	317  -  MemoryUsage of job (MB)
	324164  -  ResidentSetSize of job (KB)
...
006 (454.661.000) 2022-04-08 05:04:23 Image size of job updated: 774644
	317  -  MemoryUsage of job (MB)
	324296  -  ResidentSetSize of job (KB)
...
006 (454.661.000) 2022-04-08 05:09:23 Image size of job updated: 774900
	317  -  MemoryUsage of job (MB)
	324428  -  ResidentSetSize of job (KB)
...
006 (454.661.000) 2022-04-08 05:14:23 Image size of job updated: 774900
	317  -  MemoryUsage of job (MB)
	324560  -  ResidentSetSize of job (KB)
...
006 (454.661.000) 2022-04-08 05:19:24 Image size of job updated: 775156
	318  -  MemoryUsage of job (MB)
	324692  -  ResidentSetSize of job (KB)
...
006 (454.661.000) 2022-04-08 05:24:25 Image size of job updated: 775156
	318  -  MemoryUsage of job (MB)
	324824  -  ResidentSetSize of job (KB)
...
006 (454.661.000) 2022-04-08 05:29:25 Image size of job updated: 775412
	318  -  MemoryUsage of job (MB)
	324956  -  ResidentSetSize of job (KB)
...
006 (454.661.000) 2022-04-08 05:34:26 Image size of job updated: 775668
	318  -  MemoryUsage of job (MB)
	325220  -  ResidentSetSize of job (KB)
...
006 (454.661.000) 2022-04-08 05:39:27 Image size of job updated: 775924
	318  -  MemoryUsage of job (MB)
	325352  -  ResidentSetSize of job (KB)
...
006 (454.661.000) 2022-04-08 05:44:27 Image size of job updated: 775924
	318  -  MemoryUsage of job (MB)
	325616  -  ResidentSetSize of job (KB)
...
006 (454.661.000) 2022-04-08 05:49:27 Image size of job updated: 776180
	319  -  MemoryUsage of job (MB)
	325748  -  ResidentSetSize of job (KB)
...
006 (454.661.000) 2022-04-08 05:54:28 Image size of job updated: 776436
	319  -  MemoryUsage of job (MB)
	326012  -  ResidentSetSize of job (KB)
...
006 (454.661.000) 2022-04-08 05:59:29 Image size of job updated: 776692
	319  -  MemoryUsage of job (MB)
	326276  -  ResidentSetSize of job (KB)
...
006 (454.661.000) 2022-04-08 06:04:30 Image size of job updated: 776948
	319  -  MemoryUsage of job (MB)
	326408  -  ResidentSetSize of job (KB)
...
006 (454.661.000) 2022-04-08 06:09:30 Image size of job updated: 776948
	319  -  MemoryUsage of job (MB)
	326540  -  ResidentSetSize of job (KB)
...
006 (454.661.000) 2022-04-08 06:19:31 Image size of job updated: 777204
	320  -  MemoryUsage of job (MB)
	326672  -  ResidentSetSize of job (KB)
...
006 (454.661.000) 2022-04-08 06:24:32 Image size of job updated: 777204
	320  -  MemoryUsage of job (MB)
	326936  -  ResidentSetSize of job (KB)
...
006 (454.661.000) 2022-04-08 06:29:32 Image size of job updated: 777460
	320  -  MemoryUsage of job (MB)
	327068  -  ResidentSetSize of job (KB)
...
006 (454.661.000) 2022-04-08 06:34:32 Image size of job updated: 777716
	320  -  MemoryUsage of job (MB)
	327332  -  ResidentSetSize of job (KB)
...
006 (454.661.000) 2022-04-08 06:39:33 Image size of job updated: 777972
	320  -  MemoryUsage of job (MB)
	327464  -  ResidentSetSize of job (KB)
...
006 (454.661.000) 2022-04-08 06:44:34 Image size of job updated: 777972
	321  -  MemoryUsage of job (MB)
	327728  -  ResidentSetSize of job (KB)
...
006 (454.661.000) 2022-04-08 06:49:34 Image size of job updated: 778228
	321  -  MemoryUsage of job (MB)
	327860  -  ResidentSetSize of job (KB)
...
006 (454.661.000) 2022-04-08 06:54:34 Image size of job updated: 778484
	321  -  MemoryUsage of job (MB)
	328124  -  ResidentSetSize of job (KB)
...
006 (454.661.000) 2022-04-08 06:59:35 Image size of job updated: 778740
	321  -  MemoryUsage of job (MB)
	328256  -  ResidentSetSize of job (KB)
...
006 (454.661.000) 2022-04-08 07:04:35 Image size of job updated: 778740
	321  -  MemoryUsage of job (MB)
	328388  -  ResidentSetSize of job (KB)
...
006 (454.661.000) 2022-04-08 07:09:35 Image size of job updated: 778996
	321  -  MemoryUsage of job (MB)
	328652  -  ResidentSetSize of job (KB)
...
006 (454.661.000) 2022-04-08 07:14:36 Image size of job updated: 779252
	322  -  MemoryUsage of job (MB)
	328784  -  ResidentSetSize of job (KB)
...
006 (454.661.000) 2022-04-08 07:19:37 Image size of job updated: 779508
	322  -  MemoryUsage of job (MB)
	329048  -  ResidentSetSize of job (KB)
...
006 (454.661.000) 2022-04-08 07:24:37 Image size of job updated: 779764
	322  -  MemoryUsage of job (MB)
	329180  -  ResidentSetSize of job (KB)
...
005 (454.661.000) 2022-04-08 07:25:34 Job terminated.
	(1) Normal termination (return value 0)
		Usr 0 03:20:50, Sys 0 00:00:25  -  Run Remote Usage
		Usr 0 00:00:00, Sys 0 00:00:00  -  Run Local Usage
		Usr 0 03:20:50, Sys 0 00:00:25  -  Total Remote Usage
		Usr 0 00:00:00, Sys 0 00:00:00  -  Total Local Usage
	0  -  Run Bytes Sent By Job
	0  -  Run Bytes Received By Job
	0  -  Total Bytes Sent By Job
	0  -  Total Bytes Received By Job
	Partitionable Resources :    Usage  Request Allocated 
	   Cpus                 :     1.00        1         1 
	   Disk (KB)            :  7500        7500     10998 
	   Memory (MB)          :   322        1024      1024 

	Job terminated of its own accord at 2022-04-08T05:25:34Z with exit-code 0.
...
