000 (454.908.000) 2022-04-06 16:54:03 Job submitted from host: <10.18.24.243:9618?addrs=10.18.24.243-9618&alias=ecoclusts01.bioclust.biologie.ens.fr&noUDP&sock=schedd_1052_29b8>
...
001 (454.908.000) 2022-04-08 10:44:52 Job executing on host: <10.18.24.178:9618?addrs=10.18.24.178-9618&alias=mcbsclust07.bioclust.biologie.ens.fr&noUDP&sock=startd_912_2276>
...
006 (454.908.000) 2022-04-08 10:45:01 Image size of job updated: 335976
	149  -  MemoryUsage of job (MB)
	152016  -  ResidentSetSize of job (KB)
...
006 (454.908.000) 2022-04-08 10:50:02 Image size of job updated: 741620
	317  -  MemoryUsage of job (MB)
	324040  -  ResidentSetSize of job (KB)
...
006 (454.908.000) 2022-04-08 10:55:03 Image size of job updated: 774388
	317  -  MemoryUsage of job (MB)
	324040  -  ResidentSetSize of job (KB)
...
006 (454.908.000) 2022-04-08 11:45:07 Image size of job updated: 774388
	317  -  MemoryUsage of job (MB)
	324172  -  ResidentSetSize of job (KB)
...
006 (454.908.000) 2022-04-08 11:50:07 Image size of job updated: 774644
	317  -  MemoryUsage of job (MB)
	324172  -  ResidentSetSize of job (KB)
...
006 (454.908.000) 2022-04-08 11:55:07 Image size of job updated: 774644
	317  -  MemoryUsage of job (MB)
	324304  -  ResidentSetSize of job (KB)
...
006 (454.908.000) 2022-04-08 12:00:08 Image size of job updated: 774900
	317  -  MemoryUsage of job (MB)
	324436  -  ResidentSetSize of job (KB)
...
006 (454.908.000) 2022-04-08 12:05:09 Image size of job updated: 774900
	317  -  MemoryUsage of job (MB)
	324568  -  ResidentSetSize of job (KB)
...
006 (454.908.000) 2022-04-08 12:10:09 Image size of job updated: 775156
	318  -  MemoryUsage of job (MB)
	324700  -  ResidentSetSize of job (KB)
...
006 (454.908.000) 2022-04-08 12:20:10 Image size of job updated: 775156
	318  -  MemoryUsage of job (MB)
	324832  -  ResidentSetSize of job (KB)
...
006 (454.908.000) 2022-04-08 12:25:10 Image size of job updated: 775412
	318  -  MemoryUsage of job (MB)
	324964  -  ResidentSetSize of job (KB)
...
006 (454.908.000) 2022-04-08 12:35:11 Image size of job updated: 775412
	318  -  MemoryUsage of job (MB)
	325096  -  ResidentSetSize of job (KB)
...
006 (454.908.000) 2022-04-08 12:40:12 Image size of job updated: 775668
	318  -  MemoryUsage of job (MB)
	325228  -  ResidentSetSize of job (KB)
...
006 (454.908.000) 2022-04-08 12:45:12 Image size of job updated: 775668
	318  -  MemoryUsage of job (MB)
	325360  -  ResidentSetSize of job (KB)
...
006 (454.908.000) 2022-04-08 12:50:13 Image size of job updated: 775924
	318  -  MemoryUsage of job (MB)
	325492  -  ResidentSetSize of job (KB)
...
006 (454.908.000) 2022-04-08 12:55:14 Image size of job updated: 775924
	318  -  MemoryUsage of job (MB)
	325624  -  ResidentSetSize of job (KB)
...
006 (454.908.000) 2022-04-08 13:00:14 Image size of job updated: 776180
	319  -  MemoryUsage of job (MB)
	325756  -  ResidentSetSize of job (KB)
...
006 (454.908.000) 2022-04-08 13:05:14 Image size of job updated: 776180
	319  -  MemoryUsage of job (MB)
	325888  -  ResidentSetSize of job (KB)
...
006 (454.908.000) 2022-04-08 13:10:15 Image size of job updated: 776436
	319  -  MemoryUsage of job (MB)
	326020  -  ResidentSetSize of job (KB)
...
006 (454.908.000) 2022-04-08 13:15:16 Image size of job updated: 776436
	319  -  MemoryUsage of job (MB)
	326152  -  ResidentSetSize of job (KB)
...
006 (454.908.000) 2022-04-08 13:20:16 Image size of job updated: 776692
	319  -  MemoryUsage of job (MB)
	326284  -  ResidentSetSize of job (KB)
...
006 (454.908.000) 2022-04-08 13:25:17 Image size of job updated: 776692
	319  -  MemoryUsage of job (MB)
	326416  -  ResidentSetSize of job (KB)
...
006 (454.908.000) 2022-04-08 13:30:18 Image size of job updated: 776948
	319  -  MemoryUsage of job (MB)
	326548  -  ResidentSetSize of job (KB)
...
006 (454.908.000) 2022-04-08 13:50:20 Image size of job updated: 777204
	320  -  MemoryUsage of job (MB)
	326812  -  ResidentSetSize of job (KB)
...
006 (454.908.000) 2022-04-08 14:00:21 Image size of job updated: 777460
	320  -  MemoryUsage of job (MB)
	326944  -  ResidentSetSize of job (KB)
...
006 (454.908.000) 2022-04-08 14:05:22 Image size of job updated: 777460
	320  -  MemoryUsage of job (MB)
	327208  -  ResidentSetSize of job (KB)
...
006 (454.908.000) 2022-04-08 14:10:22 Image size of job updated: 777716
	320  -  MemoryUsage of job (MB)
	327340  -  ResidentSetSize of job (KB)
...
006 (454.908.000) 2022-04-08 14:15:22 Image size of job updated: 777716
	320  -  MemoryUsage of job (MB)
	327472  -  ResidentSetSize of job (KB)
...
006 (454.908.000) 2022-04-08 14:20:23 Image size of job updated: 777972
	320  -  MemoryUsage of job (MB)
	327472  -  ResidentSetSize of job (KB)
...
006 (454.908.000) 2022-04-08 14:25:24 Image size of job updated: 777972
	320  -  MemoryUsage of job (MB)
	327604  -  ResidentSetSize of job (KB)
...
006 (454.908.000) 2022-04-08 14:30:24 Image size of job updated: 778228
	321  -  MemoryUsage of job (MB)
	327736  -  ResidentSetSize of job (KB)
...
006 (454.908.000) 2022-04-08 14:35:25 Image size of job updated: 778228
	321  -  MemoryUsage of job (MB)
	327868  -  ResidentSetSize of job (KB)
...
006 (454.908.000) 2022-04-08 14:40:26 Image size of job updated: 778228
	321  -  MemoryUsage of job (MB)
	328000  -  ResidentSetSize of job (KB)
...
006 (454.908.000) 2022-04-08 14:45:26 Image size of job updated: 778484
	321  -  MemoryUsage of job (MB)
	328000  -  ResidentSetSize of job (KB)
...
006 (454.908.000) 2022-04-08 14:50:26 Image size of job updated: 778484
	321  -  MemoryUsage of job (MB)
	328264  -  ResidentSetSize of job (KB)
...
006 (454.908.000) 2022-04-08 14:55:27 Image size of job updated: 778740
	321  -  MemoryUsage of job (MB)
	328264  -  ResidentSetSize of job (KB)
...
006 (454.908.000) 2022-04-08 15:00:28 Image size of job updated: 778740
	321  -  MemoryUsage of job (MB)
	328396  -  ResidentSetSize of job (KB)
...
006 (454.908.000) 2022-04-08 15:05:28 Image size of job updated: 778996
	321  -  MemoryUsage of job (MB)
	328528  -  ResidentSetSize of job (KB)
...
006 (454.908.000) 2022-04-08 15:10:28 Image size of job updated: 778996
	321  -  MemoryUsage of job (MB)
	328660  -  ResidentSetSize of job (KB)
...
006 (454.908.000) 2022-04-08 15:15:29 Image size of job updated: 779252
	322  -  MemoryUsage of job (MB)
	328792  -  ResidentSetSize of job (KB)
...
006 (454.908.000) 2022-04-08 15:20:29 Image size of job updated: 779252
	322  -  MemoryUsage of job (MB)
	328924  -  ResidentSetSize of job (KB)
...
006 (454.908.000) 2022-04-08 15:25:29 Image size of job updated: 779508
	322  -  MemoryUsage of job (MB)
	329056  -  ResidentSetSize of job (KB)
...
006 (454.908.000) 2022-04-08 15:30:30 Image size of job updated: 779508
	322  -  MemoryUsage of job (MB)
	329188  -  ResidentSetSize of job (KB)
...
006 (454.908.000) 2022-04-08 15:33:08 Image size of job updated: 779764
	322  -  MemoryUsage of job (MB)
	329188  -  ResidentSetSize of job (KB)
...
005 (454.908.000) 2022-04-08 15:33:08 Job terminated.
	(1) Normal termination (return value 0)
		Usr 0 04:47:24, Sys 0 00:00:15  -  Run Remote Usage
		Usr 0 00:00:00, Sys 0 00:00:00  -  Run Local Usage
		Usr 0 04:47:24, Sys 0 00:00:15  -  Total Remote Usage
		Usr 0 00:00:00, Sys 0 00:00:00  -  Total Local Usage
	0  -  Run Bytes Sent By Job
	0  -  Run Bytes Received By Job
	0  -  Total Bytes Sent By Job
	0  -  Total Bytes Received By Job
	Partitionable Resources :    Usage  Request Allocated 
	   Cpus                 :     1.00        1         1 
	   Disk (KB)            :  7500        7500     11001 
	   Memory (MB)          :   322        1024      1024 

	Job terminated of its own accord at 2022-04-08T13:33:08Z with exit-code 0.
...
