000 (454.833.000) 2022-04-06 16:54:02 Job submitted from host: <10.18.24.243:9618?addrs=10.18.24.243-9618&alias=ecoclusts01.bioclust.biologie.ens.fr&noUDP&sock=schedd_1052_29b8>
...
001 (454.833.000) 2022-04-08 08:51:31 Job executing on host: <10.18.24.131:9618?addrs=10.18.24.131-9618&alias=dyoclust04.bioclust.biologie.ens.fr&noUDP&sock=startd_807_1d04>
...
006 (454.833.000) 2022-04-08 08:51:40 Image size of job updated: 109252
	70  -  MemoryUsage of job (MB)
	70856  -  ResidentSetSize of job (KB)
...
006 (454.833.000) 2022-04-08 08:56:41 Image size of job updated: 765908
	317  -  MemoryUsage of job (MB)
	324328  -  ResidentSetSize of job (KB)
...
006 (454.833.000) 2022-04-08 09:01:41 Image size of job updated: 774648
	317  -  MemoryUsage of job (MB)
	324328  -  ResidentSetSize of job (KB)
...
006 (454.833.000) 2022-04-08 09:46:45 Image size of job updated: 774904
	317  -  MemoryUsage of job (MB)
	324460  -  ResidentSetSize of job (KB)
...
006 (454.833.000) 2022-04-08 09:51:45 Image size of job updated: 775160
	318  -  MemoryUsage of job (MB)
	324724  -  ResidentSetSize of job (KB)
...
006 (454.833.000) 2022-04-08 09:56:45 Image size of job updated: 775160
	318  -  MemoryUsage of job (MB)
	324856  -  ResidentSetSize of job (KB)
...
006 (454.833.000) 2022-04-08 10:01:46 Image size of job updated: 775416
	318  -  MemoryUsage of job (MB)
	325120  -  ResidentSetSize of job (KB)
...
006 (454.833.000) 2022-04-08 10:06:47 Image size of job updated: 775672
	318  -  MemoryUsage of job (MB)
	325384  -  ResidentSetSize of job (KB)
...
006 (454.833.000) 2022-04-08 10:11:47 Image size of job updated: 775928
	318  -  MemoryUsage of job (MB)
	325516  -  ResidentSetSize of job (KB)
...
006 (454.833.000) 2022-04-08 10:16:47 Image size of job updated: 776184
	319  -  MemoryUsage of job (MB)
	325780  -  ResidentSetSize of job (KB)
...
006 (454.833.000) 2022-04-08 10:21:48 Image size of job updated: 776440
	319  -  MemoryUsage of job (MB)
	326044  -  ResidentSetSize of job (KB)
...
006 (454.833.000) 2022-04-08 10:26:48 Image size of job updated: 776696
	319  -  MemoryUsage of job (MB)
	326176  -  ResidentSetSize of job (KB)
...
006 (454.833.000) 2022-04-08 10:31:48 Image size of job updated: 776696
	319  -  MemoryUsage of job (MB)
	326440  -  ResidentSetSize of job (KB)
...
006 (454.833.000) 2022-04-08 10:36:49 Image size of job updated: 776952
	319  -  MemoryUsage of job (MB)
	326572  -  ResidentSetSize of job (KB)
...
006 (454.833.000) 2022-04-08 10:46:50 Image size of job updated: 777208
	320  -  MemoryUsage of job (MB)
	326704  -  ResidentSetSize of job (KB)
...
006 (454.833.000) 2022-04-08 10:51:50 Image size of job updated: 777208
	320  -  MemoryUsage of job (MB)
	326968  -  ResidentSetSize of job (KB)
...
006 (454.833.000) 2022-04-08 10:56:51 Image size of job updated: 777464
	320  -  MemoryUsage of job (MB)
	327100  -  ResidentSetSize of job (KB)
...
006 (454.833.000) 2022-04-08 11:01:51 Image size of job updated: 777720
	320  -  MemoryUsage of job (MB)
	327364  -  ResidentSetSize of job (KB)
...
006 (454.833.000) 2022-04-08 11:06:51 Image size of job updated: 777976
	320  -  MemoryUsage of job (MB)
	327496  -  ResidentSetSize of job (KB)
...
006 (454.833.000) 2022-04-08 11:11:52 Image size of job updated: 777976
	321  -  MemoryUsage of job (MB)
	327760  -  ResidentSetSize of job (KB)
...
006 (454.833.000) 2022-04-08 11:16:53 Image size of job updated: 778232
	321  -  MemoryUsage of job (MB)
	327892  -  ResidentSetSize of job (KB)
...
006 (454.833.000) 2022-04-08 11:21:53 Image size of job updated: 778488
	321  -  MemoryUsage of job (MB)
	328156  -  ResidentSetSize of job (KB)
...
006 (454.833.000) 2022-04-08 11:26:54 Image size of job updated: 778744
	321  -  MemoryUsage of job (MB)
	328288  -  ResidentSetSize of job (KB)
...
006 (454.833.000) 2022-04-08 11:31:55 Image size of job updated: 779000
	321  -  MemoryUsage of job (MB)
	328552  -  ResidentSetSize of job (KB)
...
006 (454.833.000) 2022-04-08 11:36:55 Image size of job updated: 779000
	321  -  MemoryUsage of job (MB)
	328684  -  ResidentSetSize of job (KB)
...
006 (454.833.000) 2022-04-08 11:41:55 Image size of job updated: 779256
	322  -  MemoryUsage of job (MB)
	328948  -  ResidentSetSize of job (KB)
...
006 (454.833.000) 2022-04-08 11:46:56 Image size of job updated: 779512
	322  -  MemoryUsage of job (MB)
	329080  -  ResidentSetSize of job (KB)
...
006 (454.833.000) 2022-04-08 11:51:57 Image size of job updated: 779768
	322  -  MemoryUsage of job (MB)
	329212  -  ResidentSetSize of job (KB)
...
005 (454.833.000) 2022-04-08 11:52:07 Job terminated.
	(1) Normal termination (return value 0)
		Usr 0 02:58:38, Sys 0 00:00:49  -  Run Remote Usage
		Usr 0 00:00:00, Sys 0 00:00:00  -  Run Local Usage
		Usr 0 02:58:38, Sys 0 00:00:49  -  Total Remote Usage
		Usr 0 00:00:00, Sys 0 00:00:00  -  Total Local Usage
	0  -  Run Bytes Sent By Job
	0  -  Run Bytes Received By Job
	0  -  Total Bytes Sent By Job
	0  -  Total Bytes Received By Job
	Partitionable Resources :    Usage  Request Allocated 
	   Cpus                 :     1.00        1         1 
	   Disk (KB)            :  7500        7500     10998 
	   Memory (MB)          :   322        1024      1024 

	Job terminated of its own accord at 2022-04-08T09:52:07Z with exit-code 0.
...
