000 (454.495.000) 2022-04-06 16:54:01 Job submitted from host: <10.18.24.243:9618?addrs=10.18.24.243-9618&alias=ecoclusts01.bioclust.biologie.ens.fr&noUDP&sock=schedd_1052_29b8>
...
001 (454.495.000) 2022-04-07 23:32:58 Job executing on host: <10.18.24.136:9618?addrs=10.18.24.136-9618&alias=dyoclust09.bioclust.biologie.ens.fr&noUDP&sock=startd_808_cc9c>
...
006 (454.495.000) 2022-04-07 23:33:07 Image size of job updated: 238556
	233  -  MemoryUsage of job (MB)
	238556  -  ResidentSetSize of job (KB)
...
006 (454.495.000) 2022-04-07 23:38:08 Image size of job updated: 741876
	284  -  MemoryUsage of job (MB)
	290648  -  ResidentSetSize of job (KB)
...
006 (454.495.000) 2022-04-07 23:43:09 Image size of job updated: 774644
	317  -  MemoryUsage of job (MB)
	324340  -  ResidentSetSize of job (KB)
...
006 (454.495.000) 2022-04-08 00:18:12 Image size of job updated: 774900
	317  -  MemoryUsage of job (MB)
	324340  -  ResidentSetSize of job (KB)
...
006 (454.495.000) 2022-04-08 00:23:12 Image size of job updated: 774900
	317  -  MemoryUsage of job (MB)
	324604  -  ResidentSetSize of job (KB)
...
006 (454.495.000) 2022-04-08 00:28:13 Image size of job updated: 775156
	318  -  MemoryUsage of job (MB)
	324736  -  ResidentSetSize of job (KB)
...
006 (454.495.000) 2022-04-08 00:33:14 Image size of job updated: 775156
	318  -  MemoryUsage of job (MB)
	324868  -  ResidentSetSize of job (KB)
...
006 (454.495.000) 2022-04-08 00:38:13 Image size of job updated: 775412
	318  -  MemoryUsage of job (MB)
	325132  -  ResidentSetSize of job (KB)
...
006 (454.495.000) 2022-04-08 00:43:13 Image size of job updated: 775668
	318  -  MemoryUsage of job (MB)
	325264  -  ResidentSetSize of job (KB)
...
006 (454.495.000) 2022-04-08 00:48:15 Image size of job updated: 775924
	318  -  MemoryUsage of job (MB)
	325528  -  ResidentSetSize of job (KB)
...
006 (454.495.000) 2022-04-08 00:53:16 Image size of job updated: 776180
	319  -  MemoryUsage of job (MB)
	325792  -  ResidentSetSize of job (KB)
...
006 (454.495.000) 2022-04-08 00:58:16 Image size of job updated: 776436
	319  -  MemoryUsage of job (MB)
	325924  -  ResidentSetSize of job (KB)
...
006 (454.495.000) 2022-04-08 01:03:17 Image size of job updated: 776436
	319  -  MemoryUsage of job (MB)
	326188  -  ResidentSetSize of job (KB)
...
006 (454.495.000) 2022-04-08 01:08:18 Image size of job updated: 776692
	319  -  MemoryUsage of job (MB)
	326320  -  ResidentSetSize of job (KB)
...
006 (454.495.000) 2022-04-08 01:13:18 Image size of job updated: 776948
	319  -  MemoryUsage of job (MB)
	326584  -  ResidentSetSize of job (KB)
...
006 (454.495.000) 2022-04-08 01:28:20 Image size of job updated: 777204
	320  -  MemoryUsage of job (MB)
	326848  -  ResidentSetSize of job (KB)
...
006 (454.495.000) 2022-04-08 01:33:20 Image size of job updated: 777460
	320  -  MemoryUsage of job (MB)
	326980  -  ResidentSetSize of job (KB)
...
006 (454.495.000) 2022-04-08 01:38:21 Image size of job updated: 777460
	320  -  MemoryUsage of job (MB)
	327112  -  ResidentSetSize of job (KB)
...
006 (454.495.000) 2022-04-08 01:43:22 Image size of job updated: 777716
	320  -  MemoryUsage of job (MB)
	327376  -  ResidentSetSize of job (KB)
...
006 (454.495.000) 2022-04-08 01:48:22 Image size of job updated: 777972
	320  -  MemoryUsage of job (MB)
	327508  -  ResidentSetSize of job (KB)
...
006 (454.495.000) 2022-04-08 01:53:22 Image size of job updated: 777972
	320  -  MemoryUsage of job (MB)
	327640  -  ResidentSetSize of job (KB)
...
006 (454.495.000) 2022-04-08 01:58:23 Image size of job updated: 778228
	321  -  MemoryUsage of job (MB)
	327904  -  ResidentSetSize of job (KB)
...
006 (454.495.000) 2022-04-08 02:03:24 Image size of job updated: 778484
	321  -  MemoryUsage of job (MB)
	328036  -  ResidentSetSize of job (KB)
...
006 (454.495.000) 2022-04-08 02:08:24 Image size of job updated: 778740
	321  -  MemoryUsage of job (MB)
	328300  -  ResidentSetSize of job (KB)
...
006 (454.495.000) 2022-04-08 02:13:25 Image size of job updated: 778740
	321  -  MemoryUsage of job (MB)
	328432  -  ResidentSetSize of job (KB)
...
006 (454.495.000) 2022-04-08 02:18:26 Image size of job updated: 778996
	321  -  MemoryUsage of job (MB)
	328696  -  ResidentSetSize of job (KB)
...
006 (454.495.000) 2022-04-08 02:23:26 Image size of job updated: 779252
	322  -  MemoryUsage of job (MB)
	328828  -  ResidentSetSize of job (KB)
...
006 (454.495.000) 2022-04-08 02:28:26 Image size of job updated: 779508
	322  -  MemoryUsage of job (MB)
	329092  -  ResidentSetSize of job (KB)
...
006 (454.495.000) 2022-04-08 02:33:27 Image size of job updated: 779508
	322  -  MemoryUsage of job (MB)
	329224  -  ResidentSetSize of job (KB)
...
006 (454.495.000) 2022-04-08 02:34:43 Image size of job updated: 779764
	322  -  MemoryUsage of job (MB)
	329224  -  ResidentSetSize of job (KB)
...
005 (454.495.000) 2022-04-08 02:34:43 Job terminated.
	(1) Normal termination (return value 0)
		Usr 0 03:00:39, Sys 0 00:00:29  -  Run Remote Usage
		Usr 0 00:00:00, Sys 0 00:00:00  -  Run Local Usage
		Usr 0 03:00:39, Sys 0 00:00:29  -  Total Remote Usage
		Usr 0 00:00:00, Sys 0 00:00:00  -  Total Local Usage
	0  -  Run Bytes Sent By Job
	0  -  Run Bytes Received By Job
	0  -  Total Bytes Sent By Job
	0  -  Total Bytes Received By Job
	Partitionable Resources :    Usage  Request Allocated 
	   Cpus                 :     1.00        1         1 
	   Disk (KB)            :  7500        7500     10998 
	   Memory (MB)          :   322        1024      1024 

	Job terminated of its own accord at 2022-04-08T00:34:43Z with exit-code 0.
...
