000 (454.910.000) 2022-04-06 16:54:03 Job submitted from host: <10.18.24.243:9618?addrs=10.18.24.243-9618&alias=ecoclusts01.bioclust.biologie.ens.fr&noUDP&sock=schedd_1052_29b8>
...
001 (454.910.000) 2022-04-08 10:50:52 Job executing on host: <10.18.24.134:9618?addrs=10.18.24.134-9618&alias=dyoclust07.bioclust.biologie.ens.fr&noUDP&sock=startd_808_cc9c>
...
006 (454.910.000) 2022-04-08 10:51:01 Image size of job updated: 117160
	92  -  MemoryUsage of job (MB)
	93520  -  ResidentSetSize of job (KB)
...
006 (454.910.000) 2022-04-08 10:56:02 Image size of job updated: 741880
	317  -  MemoryUsage of job (MB)
	324340  -  ResidentSetSize of job (KB)
...
006 (454.910.000) 2022-04-08 11:01:03 Image size of job updated: 774648
	317  -  MemoryUsage of job (MB)
	324340  -  ResidentSetSize of job (KB)
...
006 (454.910.000) 2022-04-08 11:41:07 Image size of job updated: 774904
	317  -  MemoryUsage of job (MB)
	324428  -  ResidentSetSize of job (KB)
...
006 (454.910.000) 2022-04-08 11:46:07 Image size of job updated: 775160
	318  -  MemoryUsage of job (MB)
	324692  -  ResidentSetSize of job (KB)
...
006 (454.910.000) 2022-04-08 11:51:08 Image size of job updated: 775416
	318  -  MemoryUsage of job (MB)
	324956  -  ResidentSetSize of job (KB)
...
006 (454.910.000) 2022-04-08 11:56:09 Image size of job updated: 775416
	318  -  MemoryUsage of job (MB)
	325088  -  ResidentSetSize of job (KB)
...
006 (454.910.000) 2022-04-08 12:01:09 Image size of job updated: 775672
	318  -  MemoryUsage of job (MB)
	325352  -  ResidentSetSize of job (KB)
...
006 (454.910.000) 2022-04-08 12:06:09 Image size of job updated: 775928
	318  -  MemoryUsage of job (MB)
	325616  -  ResidentSetSize of job (KB)
...
006 (454.910.000) 2022-04-08 12:11:10 Image size of job updated: 776184
	319  -  MemoryUsage of job (MB)
	325748  -  ResidentSetSize of job (KB)
...
006 (454.910.000) 2022-04-08 12:16:10 Image size of job updated: 776440
	319  -  MemoryUsage of job (MB)
	326012  -  ResidentSetSize of job (KB)
...
006 (454.910.000) 2022-04-08 12:21:10 Image size of job updated: 776696
	319  -  MemoryUsage of job (MB)
	326144  -  ResidentSetSize of job (KB)
...
006 (454.910.000) 2022-04-08 12:26:11 Image size of job updated: 776952
	319  -  MemoryUsage of job (MB)
	326408  -  ResidentSetSize of job (KB)
...
006 (454.910.000) 2022-04-08 12:31:12 Image size of job updated: 776952
	319  -  MemoryUsage of job (MB)
	326540  -  ResidentSetSize of job (KB)
...
006 (454.910.000) 2022-04-08 12:41:12 Image size of job updated: 777208
	320  -  MemoryUsage of job (MB)
	326804  -  ResidentSetSize of job (KB)
...
006 (454.910.000) 2022-04-08 12:46:13 Image size of job updated: 777464
	320  -  MemoryUsage of job (MB)
	326936  -  ResidentSetSize of job (KB)
...
006 (454.910.000) 2022-04-08 12:51:13 Image size of job updated: 777464
	320  -  MemoryUsage of job (MB)
	327068  -  ResidentSetSize of job (KB)
...
006 (454.910.000) 2022-04-08 12:56:13 Image size of job updated: 777720
	320  -  MemoryUsage of job (MB)
	327332  -  ResidentSetSize of job (KB)
...
006 (454.910.000) 2022-04-08 13:01:14 Image size of job updated: 777976
	320  -  MemoryUsage of job (MB)
	327464  -  ResidentSetSize of job (KB)
...
006 (454.910.000) 2022-04-08 13:06:15 Image size of job updated: 778232
	321  -  MemoryUsage of job (MB)
	327728  -  ResidentSetSize of job (KB)
...
006 (454.910.000) 2022-04-08 13:11:15 Image size of job updated: 778232
	321  -  MemoryUsage of job (MB)
	327992  -  ResidentSetSize of job (KB)
...
006 (454.910.000) 2022-04-08 13:16:15 Image size of job updated: 778488
	321  -  MemoryUsage of job (MB)
	328124  -  ResidentSetSize of job (KB)
...
006 (454.910.000) 2022-04-08 13:21:16 Image size of job updated: 778744
	321  -  MemoryUsage of job (MB)
	328388  -  ResidentSetSize of job (KB)
...
006 (454.910.000) 2022-04-08 13:26:16 Image size of job updated: 779000
	321  -  MemoryUsage of job (MB)
	328520  -  ResidentSetSize of job (KB)
...
006 (454.910.000) 2022-04-08 13:31:16 Image size of job updated: 779000
	321  -  MemoryUsage of job (MB)
	328652  -  ResidentSetSize of job (KB)
...
006 (454.910.000) 2022-04-08 13:36:17 Image size of job updated: 779256
	322  -  MemoryUsage of job (MB)
	328916  -  ResidentSetSize of job (KB)
...
006 (454.910.000) 2022-04-08 13:41:18 Image size of job updated: 779512
	322  -  MemoryUsage of job (MB)
	329048  -  ResidentSetSize of job (KB)
...
006 (454.910.000) 2022-04-08 13:45:21 Image size of job updated: 779768
	322  -  MemoryUsage of job (MB)
	329048  -  ResidentSetSize of job (KB)
...
005 (454.910.000) 2022-04-08 13:45:21 Job terminated.
	(1) Normal termination (return value 0)
		Usr 0 02:53:51, Sys 0 00:00:22  -  Run Remote Usage
		Usr 0 00:00:00, Sys 0 00:00:00  -  Run Local Usage
		Usr 0 02:53:51, Sys 0 00:00:22  -  Total Remote Usage
		Usr 0 00:00:00, Sys 0 00:00:00  -  Total Local Usage
	0  -  Run Bytes Sent By Job
	0  -  Run Bytes Received By Job
	0  -  Total Bytes Sent By Job
	0  -  Total Bytes Received By Job
	Partitionable Resources :    Usage  Request Allocated 
	   Cpus                 :     1.00        1         1 
	   Disk (KB)            :  7500        7500     10998 
	   Memory (MB)          :   322        1024      1024 

	Job terminated of its own accord at 2022-04-08T11:45:21Z with exit-code 0.
...
