000 (454.893.000) 2022-04-06 16:54:03 Job submitted from host: <10.18.24.243:9618?addrs=10.18.24.243-9618&alias=ecoclusts01.bioclust.biologie.ens.fr&noUDP&sock=schedd_1052_29b8>
...
001 (454.893.000) 2022-04-08 10:22:58 Job executing on host: <10.18.24.139:9618?addrs=10.18.24.139-9618&alias=dyoclust12.bioclust.biologie.ens.fr&noUDP&sock=startd_791_2380>
...
006 (454.893.000) 2022-04-08 10:23:07 Image size of job updated: 336236
	281  -  MemoryUsage of job (MB)
	287284  -  ResidentSetSize of job (KB)
...
006 (454.893.000) 2022-04-08 10:28:08 Image size of job updated: 741620
	317  -  MemoryUsage of job (MB)
	324048  -  ResidentSetSize of job (KB)
...
006 (454.893.000) 2022-04-08 10:33:09 Image size of job updated: 774388
	317  -  MemoryUsage of job (MB)
	324048  -  ResidentSetSize of job (KB)
...
006 (454.893.000) 2022-04-08 11:08:13 Image size of job updated: 774644
	317  -  MemoryUsage of job (MB)
	324180  -  ResidentSetSize of job (KB)
...
006 (454.893.000) 2022-04-08 11:13:13 Image size of job updated: 774644
	317  -  MemoryUsage of job (MB)
	324312  -  ResidentSetSize of job (KB)
...
006 (454.893.000) 2022-04-08 11:18:14 Image size of job updated: 774900
	317  -  MemoryUsage of job (MB)
	324444  -  ResidentSetSize of job (KB)
...
006 (454.893.000) 2022-04-08 11:23:15 Image size of job updated: 775156
	318  -  MemoryUsage of job (MB)
	324708  -  ResidentSetSize of job (KB)
...
006 (454.893.000) 2022-04-08 11:28:15 Image size of job updated: 775156
	318  -  MemoryUsage of job (MB)
	324840  -  ResidentSetSize of job (KB)
...
006 (454.893.000) 2022-04-08 11:33:15 Image size of job updated: 775412
	318  -  MemoryUsage of job (MB)
	324972  -  ResidentSetSize of job (KB)
...
006 (454.893.000) 2022-04-08 11:38:16 Image size of job updated: 775668
	318  -  MemoryUsage of job (MB)
	325236  -  ResidentSetSize of job (KB)
...
006 (454.893.000) 2022-04-08 11:43:17 Image size of job updated: 775668
	318  -  MemoryUsage of job (MB)
	325368  -  ResidentSetSize of job (KB)
...
006 (454.893.000) 2022-04-08 11:48:17 Image size of job updated: 775924
	318  -  MemoryUsage of job (MB)
	325500  -  ResidentSetSize of job (KB)
...
006 (454.893.000) 2022-04-08 11:53:17 Image size of job updated: 776180
	318  -  MemoryUsage of job (MB)
	325632  -  ResidentSetSize of job (KB)
...
006 (454.893.000) 2022-04-08 11:58:18 Image size of job updated: 776180
	319  -  MemoryUsage of job (MB)
	325896  -  ResidentSetSize of job (KB)
...
006 (454.893.000) 2022-04-08 12:03:18 Image size of job updated: 776436
	319  -  MemoryUsage of job (MB)
	326028  -  ResidentSetSize of job (KB)
...
006 (454.893.000) 2022-04-08 12:08:18 Image size of job updated: 776692
	319  -  MemoryUsage of job (MB)
	326160  -  ResidentSetSize of job (KB)
...
006 (454.893.000) 2022-04-08 12:13:19 Image size of job updated: 776692
	319  -  MemoryUsage of job (MB)
	326424  -  ResidentSetSize of job (KB)
...
006 (454.893.000) 2022-04-08 12:18:20 Image size of job updated: 776948
	319  -  MemoryUsage of job (MB)
	326556  -  ResidentSetSize of job (KB)
...
006 (454.893.000) 2022-04-08 12:33:21 Image size of job updated: 777204
	320  -  MemoryUsage of job (MB)
	326688  -  ResidentSetSize of job (KB)
...
006 (454.893.000) 2022-04-08 12:38:21 Image size of job updated: 777204
	320  -  MemoryUsage of job (MB)
	326820  -  ResidentSetSize of job (KB)
...
006 (454.893.000) 2022-04-08 12:43:21 Image size of job updated: 777460
	320  -  MemoryUsage of job (MB)
	327084  -  ResidentSetSize of job (KB)
...
006 (454.893.000) 2022-04-08 12:48:22 Image size of job updated: 777716
	320  -  MemoryUsage of job (MB)
	327216  -  ResidentSetSize of job (KB)
...
006 (454.893.000) 2022-04-08 12:53:23 Image size of job updated: 777716
	320  -  MemoryUsage of job (MB)
	327348  -  ResidentSetSize of job (KB)
...
006 (454.893.000) 2022-04-08 12:58:23 Image size of job updated: 777972
	320  -  MemoryUsage of job (MB)
	327480  -  ResidentSetSize of job (KB)
...
006 (454.893.000) 2022-04-08 13:03:23 Image size of job updated: 777972
	320  -  MemoryUsage of job (MB)
	327612  -  ResidentSetSize of job (KB)
...
006 (454.893.000) 2022-04-08 13:08:25 Image size of job updated: 778228
	321  -  MemoryUsage of job (MB)
	327744  -  ResidentSetSize of job (KB)
...
006 (454.893.000) 2022-04-08 13:13:25 Image size of job updated: 778484
	321  -  MemoryUsage of job (MB)
	328008  -  ResidentSetSize of job (KB)
...
006 (454.893.000) 2022-04-08 13:18:25 Image size of job updated: 778484
	321  -  MemoryUsage of job (MB)
	328140  -  ResidentSetSize of job (KB)
...
006 (454.893.000) 2022-04-08 13:23:27 Image size of job updated: 778740
	321  -  MemoryUsage of job (MB)
	328272  -  ResidentSetSize of job (KB)
...
006 (454.893.000) 2022-04-08 13:28:27 Image size of job updated: 778996
	321  -  MemoryUsage of job (MB)
	328536  -  ResidentSetSize of job (KB)
...
006 (454.893.000) 2022-04-08 13:33:27 Image size of job updated: 778996
	321  -  MemoryUsage of job (MB)
	328668  -  ResidentSetSize of job (KB)
...
006 (454.893.000) 2022-04-08 13:38:28 Image size of job updated: 779252
	322  -  MemoryUsage of job (MB)
	328800  -  ResidentSetSize of job (KB)
...
006 (454.893.000) 2022-04-08 13:43:29 Image size of job updated: 779508
	322  -  MemoryUsage of job (MB)
	329064  -  ResidentSetSize of job (KB)
...
006 (454.893.000) 2022-04-08 13:48:29 Image size of job updated: 779508
	322  -  MemoryUsage of job (MB)
	329196  -  ResidentSetSize of job (KB)
...
006 (454.893.000) 2022-04-08 13:50:14 Image size of job updated: 779764
	322  -  MemoryUsage of job (MB)
	329196  -  ResidentSetSize of job (KB)
...
005 (454.893.000) 2022-04-08 13:50:14 Job terminated.
	(1) Normal termination (return value 0)
		Usr 0 03:25:01, Sys 0 00:00:28  -  Run Remote Usage
		Usr 0 00:00:00, Sys 0 00:00:00  -  Run Local Usage
		Usr 0 03:25:01, Sys 0 00:00:28  -  Total Remote Usage
		Usr 0 00:00:00, Sys 0 00:00:00  -  Total Local Usage
	0  -  Run Bytes Sent By Job
	0  -  Run Bytes Received By Job
	0  -  Total Bytes Sent By Job
	0  -  Total Bytes Received By Job
	Partitionable Resources :    Usage  Request Allocated 
	   Cpus                 :     1.00        1         1 
	   Disk (KB)            :  7500        7500     10998 
	   Memory (MB)          :   322        1024      1024 

	Job terminated of its own accord at 2022-04-08T11:50:14Z with exit-code 0.
...
