000 (454.302.000) 2022-04-06 16:54:00 Job submitted from host: <10.18.24.243:9618?addrs=10.18.24.243-9618&alias=ecoclusts01.bioclust.biologie.ens.fr&noUDP&sock=schedd_1052_29b8>
...
001 (454.302.000) 2022-04-07 17:18:39 Job executing on host: <10.18.24.131:9618?addrs=10.18.24.131-9618&alias=dyoclust04.bioclust.biologie.ens.fr&noUDP&sock=startd_807_1d04>
...
006 (454.302.000) 2022-04-07 17:18:48 Image size of job updated: 194124
	70  -  MemoryUsage of job (MB)
	70964  -  ResidentSetSize of job (KB)
...
006 (454.302.000) 2022-04-07 17:23:48 Image size of job updated: 845680
	317  -  MemoryUsage of job (MB)
	324276  -  ResidentSetSize of job (KB)
...
006 (454.302.000) 2022-04-07 17:28:49 Image size of job updated: 845680
	317  -  MemoryUsage of job (MB)
	324408  -  ResidentSetSize of job (KB)
...
006 (454.302.000) 2022-04-07 18:13:53 Image size of job updated: 845680
	318  -  MemoryUsage of job (MB)
	324672  -  ResidentSetSize of job (KB)
...
006 (454.302.000) 2022-04-07 18:18:54 Image size of job updated: 845680
	318  -  MemoryUsage of job (MB)
	324804  -  ResidentSetSize of job (KB)
...
006 (454.302.000) 2022-04-07 18:23:55 Image size of job updated: 845680
	318  -  MemoryUsage of job (MB)
	325068  -  ResidentSetSize of job (KB)
...
006 (454.302.000) 2022-04-07 18:28:55 Image size of job updated: 845680
	318  -  MemoryUsage of job (MB)
	325332  -  ResidentSetSize of job (KB)
...
006 (454.302.000) 2022-04-07 18:33:56 Image size of job updated: 845680
	318  -  MemoryUsage of job (MB)
	325464  -  ResidentSetSize of job (KB)
...
006 (454.302.000) 2022-04-07 18:38:57 Image size of job updated: 845680
	319  -  MemoryUsage of job (MB)
	325728  -  ResidentSetSize of job (KB)
...
006 (454.302.000) 2022-04-07 18:43:57 Image size of job updated: 845680
	319  -  MemoryUsage of job (MB)
	325860  -  ResidentSetSize of job (KB)
...
006 (454.302.000) 2022-04-07 18:48:57 Image size of job updated: 845680
	319  -  MemoryUsage of job (MB)
	326124  -  ResidentSetSize of job (KB)
...
006 (454.302.000) 2022-04-07 18:53:58 Image size of job updated: 845680
	319  -  MemoryUsage of job (MB)
	326256  -  ResidentSetSize of job (KB)
...
006 (454.302.000) 2022-04-07 18:58:59 Image size of job updated: 845680
	319  -  MemoryUsage of job (MB)
	326520  -  ResidentSetSize of job (KB)
...
006 (454.302.000) 2022-04-07 19:09:00 Image size of job updated: 845680
	319  -  MemoryUsage of job (MB)
	326596  -  ResidentSetSize of job (KB)
...
006 (454.302.000) 2022-04-07 19:14:01 Image size of job updated: 845680
	320  -  MemoryUsage of job (MB)
	326860  -  ResidentSetSize of job (KB)
...
006 (454.302.000) 2022-04-07 19:19:01 Image size of job updated: 845680
	320  -  MemoryUsage of job (MB)
	326992  -  ResidentSetSize of job (KB)
...
006 (454.302.000) 2022-04-07 19:24:01 Image size of job updated: 845680
	320  -  MemoryUsage of job (MB)
	327256  -  ResidentSetSize of job (KB)
...
006 (454.302.000) 2022-04-07 19:29:02 Image size of job updated: 845680
	320  -  MemoryUsage of job (MB)
	327388  -  ResidentSetSize of job (KB)
...
006 (454.302.000) 2022-04-07 19:34:03 Image size of job updated: 845680
	320  -  MemoryUsage of job (MB)
	327520  -  ResidentSetSize of job (KB)
...
006 (454.302.000) 2022-04-07 19:39:03 Image size of job updated: 845680
	321  -  MemoryUsage of job (MB)
	327784  -  ResidentSetSize of job (KB)
...
006 (454.302.000) 2022-04-07 19:44:04 Image size of job updated: 845680
	321  -  MemoryUsage of job (MB)
	327916  -  ResidentSetSize of job (KB)
...
006 (454.302.000) 2022-04-07 19:49:05 Image size of job updated: 845680
	321  -  MemoryUsage of job (MB)
	328180  -  ResidentSetSize of job (KB)
...
006 (454.302.000) 2022-04-07 19:54:05 Image size of job updated: 845680
	321  -  MemoryUsage of job (MB)
	328312  -  ResidentSetSize of job (KB)
...
006 (454.302.000) 2022-04-07 19:59:05 Image size of job updated: 845680
	321  -  MemoryUsage of job (MB)
	328444  -  ResidentSetSize of job (KB)
...
006 (454.302.000) 2022-04-07 20:04:07 Image size of job updated: 845680
	322  -  MemoryUsage of job (MB)
	328708  -  ResidentSetSize of job (KB)
...
006 (454.302.000) 2022-04-07 20:09:07 Image size of job updated: 845680
	322  -  MemoryUsage of job (MB)
	328840  -  ResidentSetSize of job (KB)
...
006 (454.302.000) 2022-04-07 20:14:07 Image size of job updated: 845680
	322  -  MemoryUsage of job (MB)
	329104  -  ResidentSetSize of job (KB)
...
006 (454.302.000) 2022-04-07 20:19:08 Image size of job updated: 845680
	322  -  MemoryUsage of job (MB)
	329236  -  ResidentSetSize of job (KB)
...
005 (454.302.000) 2022-04-07 20:19:30 Job terminated.
	(1) Normal termination (return value 0)
		Usr 0 02:59:04, Sys 0 00:00:34  -  Run Remote Usage
		Usr 0 00:00:00, Sys 0 00:00:00  -  Run Local Usage
		Usr 0 02:59:04, Sys 0 00:00:34  -  Total Remote Usage
		Usr 0 00:00:00, Sys 0 00:00:00  -  Total Local Usage
	0  -  Run Bytes Sent By Job
	0  -  Run Bytes Received By Job
	0  -  Total Bytes Sent By Job
	0  -  Total Bytes Received By Job
	Partitionable Resources :    Usage  Request Allocated 
	   Cpus                 :     1.00        1         1 
	   Disk (KB)            :  7500        7500     10998 
	   Memory (MB)          :   322        1024      1024 

	Job terminated of its own accord at 2022-04-07T18:19:30Z with exit-code 0.
...
