000 (454.940.000) 2022-04-06 16:54:03 Job submitted from host: <10.18.24.243:9618?addrs=10.18.24.243-9618&alias=ecoclusts01.bioclust.biologie.ens.fr&noUDP&sock=schedd_1052_29b8>
...
001 (454.940.000) 2022-04-08 11:45:55 Job executing on host: <10.18.24.99:9618?addrs=10.18.24.99-9618&alias=ecoclust04.bioclust.biologie.ens.fr&noUDP&sock=startd_1045_5c8e>
...
006 (454.940.000) 2022-04-08 11:46:04 Image size of job updated: 106472
	44  -  MemoryUsage of job (MB)
	44916  -  ResidentSetSize of job (KB)
...
006 (454.940.000) 2022-04-08 11:51:05 Image size of job updated: 793664
	317  -  MemoryUsage of job (MB)
	324332  -  ResidentSetSize of job (KB)
...
006 (454.940.000) 2022-04-08 14:31:22 Image size of job updated: 793664
	317  -  MemoryUsage of job (MB)
	324464  -  ResidentSetSize of job (KB)
...
006 (454.940.000) 2022-04-08 14:41:22 Image size of job updated: 793664
	317  -  MemoryUsage of job (MB)
	324596  -  ResidentSetSize of job (KB)
...
006 (454.940.000) 2022-04-08 14:56:24 Image size of job updated: 793664
	318  -  MemoryUsage of job (MB)
	324728  -  ResidentSetSize of job (KB)
...
006 (454.940.000) 2022-04-08 15:01:25 Image size of job updated: 793664
	318  -  MemoryUsage of job (MB)
	324860  -  ResidentSetSize of job (KB)
...
006 (454.940.000) 2022-04-08 15:11:26 Image size of job updated: 793664
	318  -  MemoryUsage of job (MB)
	324992  -  ResidentSetSize of job (KB)
...
006 (454.940.000) 2022-04-08 15:21:27 Image size of job updated: 793664
	318  -  MemoryUsage of job (MB)
	325124  -  ResidentSetSize of job (KB)
...
006 (454.940.000) 2022-04-08 15:36:29 Image size of job updated: 793664
	318  -  MemoryUsage of job (MB)
	325256  -  ResidentSetSize of job (KB)
...
006 (454.940.000) 2022-04-08 15:46:29 Image size of job updated: 793664
	318  -  MemoryUsage of job (MB)
	325388  -  ResidentSetSize of job (KB)
...
006 (454.940.000) 2022-04-08 15:51:30 Image size of job updated: 793664
	318  -  MemoryUsage of job (MB)
	325520  -  ResidentSetSize of job (KB)
...
006 (454.940.000) 2022-04-08 16:01:31 Image size of job updated: 793664
	319  -  MemoryUsage of job (MB)
	325652  -  ResidentSetSize of job (KB)
...
006 (454.940.000) 2022-04-08 16:16:33 Image size of job updated: 793664
	319  -  MemoryUsage of job (MB)
	325784  -  ResidentSetSize of job (KB)
...
006 (454.940.000) 2022-04-08 16:21:33 Image size of job updated: 793664
	319  -  MemoryUsage of job (MB)
	325916  -  ResidentSetSize of job (KB)
...
006 (454.940.000) 2022-04-08 16:31:34 Image size of job updated: 793664
	319  -  MemoryUsage of job (MB)
	326048  -  ResidentSetSize of job (KB)
...
006 (454.940.000) 2022-04-08 16:36:34 Image size of job updated: 793664
	319  -  MemoryUsage of job (MB)
	326180  -  ResidentSetSize of job (KB)
...
006 (454.940.000) 2022-04-08 16:46:36 Image size of job updated: 793664
	319  -  MemoryUsage of job (MB)
	326312  -  ResidentSetSize of job (KB)
...
006 (454.940.000) 2022-04-08 16:56:37 Image size of job updated: 793664
	319  -  MemoryUsage of job (MB)
	326444  -  ResidentSetSize of job (KB)
...
006 (454.940.000) 2022-04-08 17:11:38 Image size of job updated: 793664
	319  -  MemoryUsage of job (MB)
	326576  -  ResidentSetSize of job (KB)
...
006 (454.940.000) 2022-04-08 17:51:43 Image size of job updated: 793664
	320  -  MemoryUsage of job (MB)
	326708  -  ResidentSetSize of job (KB)
...
006 (454.940.000) 2022-04-08 18:06:44 Image size of job updated: 793664
	320  -  MemoryUsage of job (MB)
	326840  -  ResidentSetSize of job (KB)
...
006 (454.940.000) 2022-04-08 18:16:44 Image size of job updated: 793664
	320  -  MemoryUsage of job (MB)
	326972  -  ResidentSetSize of job (KB)
...
006 (454.940.000) 2022-04-08 18:31:46 Image size of job updated: 793664
	320  -  MemoryUsage of job (MB)
	327104  -  ResidentSetSize of job (KB)
...
006 (454.940.000) 2022-04-08 18:41:48 Image size of job updated: 793664
	320  -  MemoryUsage of job (MB)
	327236  -  ResidentSetSize of job (KB)
...
006 (454.940.000) 2022-04-08 18:56:49 Image size of job updated: 793664
	320  -  MemoryUsage of job (MB)
	327368  -  ResidentSetSize of job (KB)
...
006 (454.940.000) 2022-04-08 19:06:49 Image size of job updated: 793664
	320  -  MemoryUsage of job (MB)
	327500  -  ResidentSetSize of job (KB)
...
006 (454.940.000) 2022-04-08 19:21:51 Image size of job updated: 793664
	320  -  MemoryUsage of job (MB)
	327632  -  ResidentSetSize of job (KB)
...
006 (454.940.000) 2022-04-08 19:31:53 Image size of job updated: 793664
	321  -  MemoryUsage of job (MB)
	327764  -  ResidentSetSize of job (KB)
...
006 (454.940.000) 2022-04-08 19:46:54 Image size of job updated: 793664
	321  -  MemoryUsage of job (MB)
	327896  -  ResidentSetSize of job (KB)
...
006 (454.940.000) 2022-04-08 19:56:54 Image size of job updated: 793664
	321  -  MemoryUsage of job (MB)
	328028  -  ResidentSetSize of job (KB)
...
006 (454.940.000) 2022-04-08 20:11:55 Image size of job updated: 793664
	321  -  MemoryUsage of job (MB)
	328160  -  ResidentSetSize of job (KB)
...
006 (454.940.000) 2022-04-08 20:21:57 Image size of job updated: 793664
	321  -  MemoryUsage of job (MB)
	328292  -  ResidentSetSize of job (KB)
...
006 (454.940.000) 2022-04-08 20:31:58 Image size of job updated: 793664
	321  -  MemoryUsage of job (MB)
	328424  -  ResidentSetSize of job (KB)
...
006 (454.940.000) 2022-04-08 20:41:59 Image size of job updated: 793664
	321  -  MemoryUsage of job (MB)
	328556  -  ResidentSetSize of job (KB)
...
006 (454.940.000) 2022-04-08 20:52:01 Image size of job updated: 793664
	321  -  MemoryUsage of job (MB)
	328688  -  ResidentSetSize of job (KB)
...
006 (454.940.000) 2022-04-08 21:07:02 Image size of job updated: 793664
	322  -  MemoryUsage of job (MB)
	328820  -  ResidentSetSize of job (KB)
...
006 (454.940.000) 2022-04-08 21:17:03 Image size of job updated: 793664
	322  -  MemoryUsage of job (MB)
	328952  -  ResidentSetSize of job (KB)
...
006 (454.940.000) 2022-04-08 21:27:05 Image size of job updated: 793664
	322  -  MemoryUsage of job (MB)
	329084  -  ResidentSetSize of job (KB)
...
006 (454.940.000) 2022-04-08 21:37:05 Image size of job updated: 793664
	322  -  MemoryUsage of job (MB)
	329216  -  ResidentSetSize of job (KB)
...
005 (454.940.000) 2022-04-08 21:44:15 Job terminated.
	(1) Normal termination (return value 0)
		Usr 0 09:55:39, Sys 0 00:01:15  -  Run Remote Usage
		Usr 0 00:00:00, Sys 0 00:00:00  -  Run Local Usage
		Usr 0 09:55:39, Sys 0 00:01:15  -  Total Remote Usage
		Usr 0 00:00:00, Sys 0 00:00:00  -  Total Local Usage
	0  -  Run Bytes Sent By Job
	0  -  Run Bytes Received By Job
	0  -  Total Bytes Sent By Job
	0  -  Total Bytes Received By Job
	Partitionable Resources :    Usage  Request Allocated 
	   Cpus                 :     1.00        1         1 
	   Disk (KB)            :  7500        7500     10998 
	   Memory (MB)          :   322        1024      1024 

	Job terminated of its own accord at 2022-04-08T19:44:15Z with exit-code 0.
...
