000 (454.512.000) 2022-04-06 16:54:01 Job submitted from host: <10.18.24.243:9618?addrs=10.18.24.243-9618&alias=ecoclusts01.bioclust.biologie.ens.fr&noUDP&sock=schedd_1052_29b8>
...
001 (454.512.000) 2022-04-07 23:53:58 Job executing on host: <10.18.24.136:9618?addrs=10.18.24.136-9618&alias=dyoclust09.bioclust.biologie.ens.fr&noUDP&sock=startd_808_cc9c>
...
006 (454.512.000) 2022-04-07 23:54:07 Image size of job updated: 335724
	211  -  MemoryUsage of job (MB)
	215540  -  ResidentSetSize of job (KB)
...
006 (454.512.000) 2022-04-07 23:59:08 Image size of job updated: 741620
	317  -  MemoryUsage of job (MB)
	324100  -  ResidentSetSize of job (KB)
...
006 (454.512.000) 2022-04-08 00:04:08 Image size of job updated: 774388
	317  -  MemoryUsage of job (MB)
	324100  -  ResidentSetSize of job (KB)
...
006 (454.512.000) 2022-04-08 00:44:11 Image size of job updated: 774644
	317  -  MemoryUsage of job (MB)
	324364  -  ResidentSetSize of job (KB)
...
006 (454.512.000) 2022-04-08 00:49:13 Image size of job updated: 774900
	317  -  MemoryUsage of job (MB)
	324496  -  ResidentSetSize of job (KB)
...
006 (454.512.000) 2022-04-08 00:54:14 Image size of job updated: 775156
	318  -  MemoryUsage of job (MB)
	324760  -  ResidentSetSize of job (KB)
...
006 (454.512.000) 2022-04-08 00:59:14 Image size of job updated: 775412
	318  -  MemoryUsage of job (MB)
	324892  -  ResidentSetSize of job (KB)
...
006 (454.512.000) 2022-04-08 01:04:15 Image size of job updated: 775412
	318  -  MemoryUsage of job (MB)
	325024  -  ResidentSetSize of job (KB)
...
006 (454.512.000) 2022-04-08 01:09:16 Image size of job updated: 775668
	318  -  MemoryUsage of job (MB)
	325288  -  ResidentSetSize of job (KB)
...
006 (454.512.000) 2022-04-08 01:14:16 Image size of job updated: 775924
	318  -  MemoryUsage of job (MB)
	325420  -  ResidentSetSize of job (KB)
...
006 (454.512.000) 2022-04-08 01:19:16 Image size of job updated: 775924
	318  -  MemoryUsage of job (MB)
	325552  -  ResidentSetSize of job (KB)
...
006 (454.512.000) 2022-04-08 01:24:18 Image size of job updated: 776180
	319  -  MemoryUsage of job (MB)
	325816  -  ResidentSetSize of job (KB)
...
006 (454.512.000) 2022-04-08 01:29:18 Image size of job updated: 776436
	319  -  MemoryUsage of job (MB)
	325948  -  ResidentSetSize of job (KB)
...
006 (454.512.000) 2022-04-08 01:34:18 Image size of job updated: 776692
	319  -  MemoryUsage of job (MB)
	326212  -  ResidentSetSize of job (KB)
...
006 (454.512.000) 2022-04-08 01:39:19 Image size of job updated: 776692
	319  -  MemoryUsage of job (MB)
	326344  -  ResidentSetSize of job (KB)
...
006 (454.512.000) 2022-04-08 01:44:20 Image size of job updated: 776948
	319  -  MemoryUsage of job (MB)
	326608  -  ResidentSetSize of job (KB)
...
006 (454.512.000) 2022-04-08 01:54:20 Image size of job updated: 777204
	320  -  MemoryUsage of job (MB)
	326740  -  ResidentSetSize of job (KB)
...
006 (454.512.000) 2022-04-08 01:59:21 Image size of job updated: 777204
	320  -  MemoryUsage of job (MB)
	326872  -  ResidentSetSize of job (KB)
...
006 (454.512.000) 2022-04-08 02:04:21 Image size of job updated: 777460
	320  -  MemoryUsage of job (MB)
	327136  -  ResidentSetSize of job (KB)
...
006 (454.512.000) 2022-04-08 02:09:21 Image size of job updated: 777716
	320  -  MemoryUsage of job (MB)
	327268  -  ResidentSetSize of job (KB)
...
006 (454.512.000) 2022-04-08 02:14:22 Image size of job updated: 777972
	320  -  MemoryUsage of job (MB)
	327532  -  ResidentSetSize of job (KB)
...
006 (454.512.000) 2022-04-08 02:19:23 Image size of job updated: 777972
	320  -  MemoryUsage of job (MB)
	327664  -  ResidentSetSize of job (KB)
...
006 (454.512.000) 2022-04-08 02:24:23 Image size of job updated: 778228
	321  -  MemoryUsage of job (MB)
	327928  -  ResidentSetSize of job (KB)
...
006 (454.512.000) 2022-04-08 02:29:23 Image size of job updated: 778484
	321  -  MemoryUsage of job (MB)
	328060  -  ResidentSetSize of job (KB)
...
006 (454.512.000) 2022-04-08 02:34:24 Image size of job updated: 778740
	321  -  MemoryUsage of job (MB)
	328324  -  ResidentSetSize of job (KB)
...
006 (454.512.000) 2022-04-08 02:39:24 Image size of job updated: 778996
	321  -  MemoryUsage of job (MB)
	328456  -  ResidentSetSize of job (KB)
...
006 (454.512.000) 2022-04-08 02:44:24 Image size of job updated: 778996
	322  -  MemoryUsage of job (MB)
	328720  -  ResidentSetSize of job (KB)
...
006 (454.512.000) 2022-04-08 02:49:25 Image size of job updated: 779252
	322  -  MemoryUsage of job (MB)
	328852  -  ResidentSetSize of job (KB)
...
006 (454.512.000) 2022-04-08 02:54:26 Image size of job updated: 779508
	322  -  MemoryUsage of job (MB)
	329116  -  ResidentSetSize of job (KB)
...
006 (454.512.000) 2022-04-08 02:59:26 Image size of job updated: 779764
	322  -  MemoryUsage of job (MB)
	329248  -  ResidentSetSize of job (KB)
...
005 (454.512.000) 2022-04-08 02:59:45 Job terminated.
	(1) Normal termination (return value 0)
		Usr 0 03:04:42, Sys 0 00:00:26  -  Run Remote Usage
		Usr 0 00:00:00, Sys 0 00:00:00  -  Run Local Usage
		Usr 0 03:04:42, Sys 0 00:00:26  -  Total Remote Usage
		Usr 0 00:00:00, Sys 0 00:00:00  -  Total Local Usage
	0  -  Run Bytes Sent By Job
	0  -  Run Bytes Received By Job
	0  -  Total Bytes Sent By Job
	0  -  Total Bytes Received By Job
	Partitionable Resources :    Usage  Request Allocated 
	   Cpus                 :     1.00        1         1 
	   Disk (KB)            :  7500        7500     10998 
	   Memory (MB)          :   322        1024      1024 

	Job terminated of its own accord at 2022-04-08T00:59:45Z with exit-code 0.
...
