000 (454.617.000) 2022-04-06 16:54:01 Job submitted from host: <10.18.24.243:9618?addrs=10.18.24.243-9618&alias=ecoclusts01.bioclust.biologie.ens.fr&noUDP&sock=schedd_1052_29b8>
...
001 (454.617.000) 2022-04-08 02:58:04 Job executing on host: <10.18.24.130:9618?addrs=10.18.24.130-9618&alias=dyoclust03.bioclust.biologie.ens.fr&noUDP&sock=startd_813_3a96>
...
006 (454.617.000) 2022-04-08 02:58:13 Image size of job updated: 188004
	91  -  MemoryUsage of job (MB)
	93144  -  ResidentSetSize of job (KB)
...
006 (454.617.000) 2022-04-08 03:03:14 Image size of job updated: 741624
	317  -  MemoryUsage of job (MB)
	324036  -  ResidentSetSize of job (KB)
...
006 (454.617.000) 2022-04-08 03:08:14 Image size of job updated: 774392
	317  -  MemoryUsage of job (MB)
	324036  -  ResidentSetSize of job (KB)
...
006 (454.617.000) 2022-04-08 03:33:17 Image size of job updated: 774648
	317  -  MemoryUsage of job (MB)
	324168  -  ResidentSetSize of job (KB)
...
006 (454.617.000) 2022-04-08 03:38:18 Image size of job updated: 774904
	317  -  MemoryUsage of job (MB)
	324432  -  ResidentSetSize of job (KB)
...
006 (454.617.000) 2022-04-08 03:43:18 Image size of job updated: 774904
	317  -  MemoryUsage of job (MB)
	324564  -  ResidentSetSize of job (KB)
...
006 (454.617.000) 2022-04-08 03:48:18 Image size of job updated: 775160
	318  -  MemoryUsage of job (MB)
	324828  -  ResidentSetSize of job (KB)
...
006 (454.617.000) 2022-04-08 03:53:20 Image size of job updated: 775416
	318  -  MemoryUsage of job (MB)
	324960  -  ResidentSetSize of job (KB)
...
006 (454.617.000) 2022-04-08 03:58:20 Image size of job updated: 775416
	318  -  MemoryUsage of job (MB)
	325092  -  ResidentSetSize of job (KB)
...
006 (454.617.000) 2022-04-08 04:03:20 Image size of job updated: 775672
	318  -  MemoryUsage of job (MB)
	325356  -  ResidentSetSize of job (KB)
...
006 (454.617.000) 2022-04-08 04:08:20 Image size of job updated: 775928
	318  -  MemoryUsage of job (MB)
	325488  -  ResidentSetSize of job (KB)
...
006 (454.617.000) 2022-04-08 04:13:21 Image size of job updated: 776184
	319  -  MemoryUsage of job (MB)
	325752  -  ResidentSetSize of job (KB)
...
006 (454.617.000) 2022-04-08 04:18:21 Image size of job updated: 776440
	319  -  MemoryUsage of job (MB)
	326016  -  ResidentSetSize of job (KB)
...
006 (454.617.000) 2022-04-08 04:23:21 Image size of job updated: 776696
	319  -  MemoryUsage of job (MB)
	326148  -  ResidentSetSize of job (KB)
...
006 (454.617.000) 2022-04-08 04:28:22 Image size of job updated: 776696
	319  -  MemoryUsage of job (MB)
	326412  -  ResidentSetSize of job (KB)
...
006 (454.617.000) 2022-04-08 04:33:23 Image size of job updated: 776952
	319  -  MemoryUsage of job (MB)
	326544  -  ResidentSetSize of job (KB)
...
006 (454.617.000) 2022-04-08 04:43:23 Image size of job updated: 777208
	320  -  MemoryUsage of job (MB)
	326676  -  ResidentSetSize of job (KB)
...
006 (454.617.000) 2022-04-08 04:48:23 Image size of job updated: 777208
	320  -  MemoryUsage of job (MB)
	326940  -  ResidentSetSize of job (KB)
...
006 (454.617.000) 2022-04-08 04:53:24 Image size of job updated: 777464
	320  -  MemoryUsage of job (MB)
	327072  -  ResidentSetSize of job (KB)
...
006 (454.617.000) 2022-04-08 04:58:25 Image size of job updated: 777720
	320  -  MemoryUsage of job (MB)
	327336  -  ResidentSetSize of job (KB)
...
006 (454.617.000) 2022-04-08 05:03:25 Image size of job updated: 777976
	320  -  MemoryUsage of job (MB)
	327600  -  ResidentSetSize of job (KB)
...
006 (454.617.000) 2022-04-08 05:08:25 Image size of job updated: 778232
	321  -  MemoryUsage of job (MB)
	327732  -  ResidentSetSize of job (KB)
...
006 (454.617.000) 2022-04-08 05:13:26 Image size of job updated: 778232
	321  -  MemoryUsage of job (MB)
	327864  -  ResidentSetSize of job (KB)
...
006 (454.617.000) 2022-04-08 05:18:27 Image size of job updated: 778488
	321  -  MemoryUsage of job (MB)
	328128  -  ResidentSetSize of job (KB)
...
006 (454.617.000) 2022-04-08 05:23:27 Image size of job updated: 778744
	321  -  MemoryUsage of job (MB)
	328260  -  ResidentSetSize of job (KB)
...
006 (454.617.000) 2022-04-08 05:28:27 Image size of job updated: 779000
	321  -  MemoryUsage of job (MB)
	328524  -  ResidentSetSize of job (KB)
...
006 (454.617.000) 2022-04-08 05:33:28 Image size of job updated: 779000
	321  -  MemoryUsage of job (MB)
	328656  -  ResidentSetSize of job (KB)
...
006 (454.617.000) 2022-04-08 05:38:29 Image size of job updated: 779256
	322  -  MemoryUsage of job (MB)
	328920  -  ResidentSetSize of job (KB)
...
006 (454.617.000) 2022-04-08 05:43:30 Image size of job updated: 779512
	322  -  MemoryUsage of job (MB)
	329052  -  ResidentSetSize of job (KB)
...
006 (454.617.000) 2022-04-08 05:47:20 Image size of job updated: 779768
	322  -  MemoryUsage of job (MB)
	329052  -  ResidentSetSize of job (KB)
...
005 (454.617.000) 2022-04-08 05:47:20 Job terminated.
	(1) Normal termination (return value 0)
		Usr 0 02:48:26, Sys 0 00:00:33  -  Run Remote Usage
		Usr 0 00:00:00, Sys 0 00:00:00  -  Run Local Usage
		Usr 0 02:48:26, Sys 0 00:00:33  -  Total Remote Usage
		Usr 0 00:00:00, Sys 0 00:00:00  -  Total Local Usage
	0  -  Run Bytes Sent By Job
	0  -  Run Bytes Received By Job
	0  -  Total Bytes Sent By Job
	0  -  Total Bytes Received By Job
	Partitionable Resources :    Usage  Request Allocated 
	   Cpus                 :     1.00        1         1 
	   Disk (KB)            :  7500        7500     10998 
	   Memory (MB)          :   322        1024      1024 

	Job terminated of its own accord at 2022-04-08T03:47:20Z with exit-code 0.
...
