000 (454.010.000) 2022-04-06 16:53:59 Job submitted from host: <10.18.24.243:9618?addrs=10.18.24.243-9618&alias=ecoclusts01.bioclust.biologie.ens.fr&noUDP&sock=schedd_1052_29b8>
...
001 (454.010.000) 2022-04-07 01:19:28 Job executing on host: <10.18.24.136:9618?addrs=10.18.24.136-9618&alias=dyoclust09.bioclust.biologie.ens.fr&noUDP&sock=startd_808_cc9c>
...
006 (454.010.000) 2022-04-07 01:19:36 Image size of job updated: 233664
	149  -  MemoryUsage of job (MB)
	151932  -  ResidentSetSize of job (KB)
...
006 (454.010.000) 2022-04-07 01:24:36 Image size of job updated: 741620
	277  -  MemoryUsage of job (MB)
	283488  -  ResidentSetSize of job (KB)
...
006 (454.010.000) 2022-04-07 01:29:38 Image size of job updated: 774388
	317  -  MemoryUsage of job (MB)
	324140  -  ResidentSetSize of job (KB)
...
006 (454.010.000) 2022-04-07 02:14:41 Image size of job updated: 774644
	317  -  MemoryUsage of job (MB)
	324140  -  ResidentSetSize of job (KB)
...
006 (454.010.000) 2022-04-07 02:19:42 Image size of job updated: 774900
	317  -  MemoryUsage of job (MB)
	324404  -  ResidentSetSize of job (KB)
...
006 (454.010.000) 2022-04-07 02:24:43 Image size of job updated: 775156
	318  -  MemoryUsage of job (MB)
	324668  -  ResidentSetSize of job (KB)
...
006 (454.010.000) 2022-04-07 02:29:43 Image size of job updated: 775156
	318  -  MemoryUsage of job (MB)
	324800  -  ResidentSetSize of job (KB)
...
006 (454.010.000) 2022-04-07 02:34:44 Image size of job updated: 775412
	318  -  MemoryUsage of job (MB)
	325064  -  ResidentSetSize of job (KB)
...
006 (454.010.000) 2022-04-07 02:39:45 Image size of job updated: 775668
	318  -  MemoryUsage of job (MB)
	325196  -  ResidentSetSize of job (KB)
...
006 (454.010.000) 2022-04-07 02:44:45 Image size of job updated: 775668
	318  -  MemoryUsage of job (MB)
	325460  -  ResidentSetSize of job (KB)
...
006 (454.010.000) 2022-04-07 02:49:45 Image size of job updated: 775924
	318  -  MemoryUsage of job (MB)
	325592  -  ResidentSetSize of job (KB)
...
006 (454.010.000) 2022-04-07 02:54:47 Image size of job updated: 776180
	319  -  MemoryUsage of job (MB)
	325856  -  ResidentSetSize of job (KB)
...
006 (454.010.000) 2022-04-07 02:59:47 Image size of job updated: 776436
	319  -  MemoryUsage of job (MB)
	325988  -  ResidentSetSize of job (KB)
...
006 (454.010.000) 2022-04-07 03:04:47 Image size of job updated: 776692
	319  -  MemoryUsage of job (MB)
	326252  -  ResidentSetSize of job (KB)
...
006 (454.010.000) 2022-04-07 03:09:48 Image size of job updated: 776948
	319  -  MemoryUsage of job (MB)
	326384  -  ResidentSetSize of job (KB)
...
006 (454.010.000) 2022-04-07 03:14:49 Image size of job updated: 776948
	319  -  MemoryUsage of job (MB)
	326516  -  ResidentSetSize of job (KB)
...
006 (454.010.000) 2022-04-07 03:24:49 Image size of job updated: 777204
	320  -  MemoryUsage of job (MB)
	326780  -  ResidentSetSize of job (KB)
...
006 (454.010.000) 2022-04-07 03:29:51 Image size of job updated: 777460
	320  -  MemoryUsage of job (MB)
	326912  -  ResidentSetSize of job (KB)
...
006 (454.010.000) 2022-04-07 03:34:51 Image size of job updated: 777460
	320  -  MemoryUsage of job (MB)
	327044  -  ResidentSetSize of job (KB)
...
006 (454.010.000) 2022-04-07 03:39:51 Image size of job updated: 777716
	320  -  MemoryUsage of job (MB)
	327308  -  ResidentSetSize of job (KB)
...
006 (454.010.000) 2022-04-07 03:44:52 Image size of job updated: 777972
	320  -  MemoryUsage of job (MB)
	327572  -  ResidentSetSize of job (KB)
...
006 (454.010.000) 2022-04-07 03:49:53 Image size of job updated: 777972
	321  -  MemoryUsage of job (MB)
	327704  -  ResidentSetSize of job (KB)
...
006 (454.010.000) 2022-04-07 03:54:53 Image size of job updated: 778228
	321  -  MemoryUsage of job (MB)
	327836  -  ResidentSetSize of job (KB)
...
006 (454.010.000) 2022-04-07 03:59:53 Image size of job updated: 778484
	321  -  MemoryUsage of job (MB)
	327968  -  ResidentSetSize of job (KB)
...
006 (454.010.000) 2022-04-07 04:04:55 Image size of job updated: 778740
	321  -  MemoryUsage of job (MB)
	328232  -  ResidentSetSize of job (KB)
...
006 (454.010.000) 2022-04-07 04:09:55 Image size of job updated: 778740
	321  -  MemoryUsage of job (MB)
	328364  -  ResidentSetSize of job (KB)
...
006 (454.010.000) 2022-04-07 04:14:55 Image size of job updated: 778996
	321  -  MemoryUsage of job (MB)
	328628  -  ResidentSetSize of job (KB)
...
006 (454.010.000) 2022-04-07 04:19:56 Image size of job updated: 779252
	322  -  MemoryUsage of job (MB)
	328760  -  ResidentSetSize of job (KB)
...
006 (454.010.000) 2022-04-07 04:24:57 Image size of job updated: 779252
	322  -  MemoryUsage of job (MB)
	328892  -  ResidentSetSize of job (KB)
...
006 (454.010.000) 2022-04-07 04:29:57 Image size of job updated: 779508
	322  -  MemoryUsage of job (MB)
	329156  -  ResidentSetSize of job (KB)
...
006 (454.010.000) 2022-04-07 04:32:47 Image size of job updated: 779764
	322  -  MemoryUsage of job (MB)
	329156  -  ResidentSetSize of job (KB)
...
005 (454.010.000) 2022-04-07 04:32:47 Job terminated.
	(1) Normal termination (return value 0)
		Usr 0 03:11:54, Sys 0 00:00:34  -  Run Remote Usage
		Usr 0 00:00:00, Sys 0 00:00:00  -  Run Local Usage
		Usr 0 03:11:54, Sys 0 00:00:34  -  Total Remote Usage
		Usr 0 00:00:00, Sys 0 00:00:00  -  Total Local Usage
	0  -  Run Bytes Sent By Job
	0  -  Run Bytes Received By Job
	0  -  Total Bytes Sent By Job
	0  -  Total Bytes Received By Job
	Partitionable Resources :    Usage  Request Allocated 
	   Cpus                 :     1.00        1         1 
	   Disk (KB)            :  7500        7500     10998 
	   Memory (MB)          :   322        1024      1024 

	Job terminated of its own accord at 2022-04-07T02:32:47Z with exit-code 0.
...
