000 (454.130.000) 2022-04-06 16:53:59 Job submitted from host: <10.18.24.243:9618?addrs=10.18.24.243-9618&alias=ecoclusts01.bioclust.biologie.ens.fr&noUDP&sock=schedd_1052_29b8>
...
001 (454.130.000) 2022-04-07 09:32:42 Job executing on host: <10.18.24.1:9618?addrs=10.18.24.1-9618&alias=bioclust01.bioclust.biologie.ens.fr&noUDP&sock=startd_2562081_0a2b>
...
006 (454.130.000) 2022-04-07 09:32:51 Image size of job updated: 247228
	242  -  MemoryUsage of job (MB)
	247228  -  ResidentSetSize of job (KB)
...
006 (454.130.000) 2022-04-07 09:37:52 Image size of job updated: 896304
	317  -  MemoryUsage of job (MB)
	324060  -  ResidentSetSize of job (KB)
...
006 (454.130.000) 2022-04-07 10:37:58 Image size of job updated: 896304
	317  -  MemoryUsage of job (MB)
	324192  -  ResidentSetSize of job (KB)
...
006 (454.130.000) 2022-04-07 10:47:59 Image size of job updated: 896304
	317  -  MemoryUsage of job (MB)
	324324  -  ResidentSetSize of job (KB)
...
006 (454.130.000) 2022-04-07 10:53:00 Image size of job updated: 896304
	317  -  MemoryUsage of job (MB)
	324456  -  ResidentSetSize of job (KB)
...
006 (454.130.000) 2022-04-07 10:58:00 Image size of job updated: 896304
	317  -  MemoryUsage of job (MB)
	324588  -  ResidentSetSize of job (KB)
...
006 (454.130.000) 2022-04-07 11:03:00 Image size of job updated: 896304
	318  -  MemoryUsage of job (MB)
	324720  -  ResidentSetSize of job (KB)
...
006 (454.130.000) 2022-04-07 11:13:01 Image size of job updated: 896304
	318  -  MemoryUsage of job (MB)
	324852  -  ResidentSetSize of job (KB)
...
006 (454.130.000) 2022-04-07 11:18:01 Image size of job updated: 896304
	318  -  MemoryUsage of job (MB)
	324984  -  ResidentSetSize of job (KB)
...
006 (454.130.000) 2022-04-07 11:23:02 Image size of job updated: 896304
	318  -  MemoryUsage of job (MB)
	325116  -  ResidentSetSize of job (KB)
...
006 (454.130.000) 2022-04-07 11:33:03 Image size of job updated: 896304
	318  -  MemoryUsage of job (MB)
	325248  -  ResidentSetSize of job (KB)
...
006 (454.130.000) 2022-04-07 11:38:03 Image size of job updated: 896304
	318  -  MemoryUsage of job (MB)
	325380  -  ResidentSetSize of job (KB)
...
006 (454.130.000) 2022-04-07 11:43:04 Image size of job updated: 896304
	318  -  MemoryUsage of job (MB)
	325512  -  ResidentSetSize of job (KB)
...
006 (454.130.000) 2022-04-07 11:48:04 Image size of job updated: 896304
	319  -  MemoryUsage of job (MB)
	325644  -  ResidentSetSize of job (KB)
...
006 (454.130.000) 2022-04-07 11:53:04 Image size of job updated: 896304
	319  -  MemoryUsage of job (MB)
	325776  -  ResidentSetSize of job (KB)
...
006 (454.130.000) 2022-04-07 11:58:05 Image size of job updated: 896304
	319  -  MemoryUsage of job (MB)
	325908  -  ResidentSetSize of job (KB)
...
006 (454.130.000) 2022-04-07 12:03:06 Image size of job updated: 896304
	319  -  MemoryUsage of job (MB)
	326040  -  ResidentSetSize of job (KB)
...
006 (454.130.000) 2022-04-07 12:08:06 Image size of job updated: 896304
	319  -  MemoryUsage of job (MB)
	326172  -  ResidentSetSize of job (KB)
...
006 (454.130.000) 2022-04-07 12:13:06 Image size of job updated: 896304
	319  -  MemoryUsage of job (MB)
	326304  -  ResidentSetSize of job (KB)
...
006 (454.130.000) 2022-04-07 12:18:07 Image size of job updated: 896304
	319  -  MemoryUsage of job (MB)
	326436  -  ResidentSetSize of job (KB)
...
006 (454.130.000) 2022-04-07 12:23:07 Image size of job updated: 896304
	319  -  MemoryUsage of job (MB)
	326568  -  ResidentSetSize of job (KB)
...
006 (454.130.000) 2022-04-07 12:43:09 Image size of job updated: 896304
	320  -  MemoryUsage of job (MB)
	326700  -  ResidentSetSize of job (KB)
...
006 (454.130.000) 2022-04-07 12:48:09 Image size of job updated: 896304
	320  -  MemoryUsage of job (MB)
	326832  -  ResidentSetSize of job (KB)
...
006 (454.130.000) 2022-04-07 12:53:10 Image size of job updated: 896304
	320  -  MemoryUsage of job (MB)
	326964  -  ResidentSetSize of job (KB)
...
006 (454.130.000) 2022-04-07 13:03:10 Image size of job updated: 896304
	320  -  MemoryUsage of job (MB)
	327096  -  ResidentSetSize of job (KB)
...
006 (454.130.000) 2022-04-07 13:08:11 Image size of job updated: 896304
	320  -  MemoryUsage of job (MB)
	327228  -  ResidentSetSize of job (KB)
...
006 (454.130.000) 2022-04-07 13:13:12 Image size of job updated: 896304
	320  -  MemoryUsage of job (MB)
	327360  -  ResidentSetSize of job (KB)
...
006 (454.130.000) 2022-04-07 13:18:12 Image size of job updated: 896304
	320  -  MemoryUsage of job (MB)
	327492  -  ResidentSetSize of job (KB)
...
006 (454.130.000) 2022-04-07 13:23:12 Image size of job updated: 896304
	320  -  MemoryUsage of job (MB)
	327624  -  ResidentSetSize of job (KB)
...
006 (454.130.000) 2022-04-07 13:33:14 Image size of job updated: 896304
	321  -  MemoryUsage of job (MB)
	327756  -  ResidentSetSize of job (KB)
...
006 (454.130.000) 2022-04-07 13:38:14 Image size of job updated: 896304
	321  -  MemoryUsage of job (MB)
	327888  -  ResidentSetSize of job (KB)
...
006 (454.130.000) 2022-04-07 13:43:15 Image size of job updated: 896304
	321  -  MemoryUsage of job (MB)
	328020  -  ResidentSetSize of job (KB)
...
006 (454.130.000) 2022-04-07 13:48:16 Image size of job updated: 896304
	321  -  MemoryUsage of job (MB)
	328152  -  ResidentSetSize of job (KB)
...
006 (454.130.000) 2022-04-07 13:53:16 Image size of job updated: 896304
	321  -  MemoryUsage of job (MB)
	328284  -  ResidentSetSize of job (KB)
...
006 (454.130.000) 2022-04-07 14:03:17 Image size of job updated: 896304
	321  -  MemoryUsage of job (MB)
	328416  -  ResidentSetSize of job (KB)
...
006 (454.130.000) 2022-04-07 14:08:17 Image size of job updated: 896304
	321  -  MemoryUsage of job (MB)
	328548  -  ResidentSetSize of job (KB)
...
006 (454.130.000) 2022-04-07 14:13:17 Image size of job updated: 896304
	321  -  MemoryUsage of job (MB)
	328680  -  ResidentSetSize of job (KB)
...
006 (454.130.000) 2022-04-07 14:18:18 Image size of job updated: 896304
	322  -  MemoryUsage of job (MB)
	328812  -  ResidentSetSize of job (KB)
...
006 (454.130.000) 2022-04-07 14:23:19 Image size of job updated: 896304
	322  -  MemoryUsage of job (MB)
	328944  -  ResidentSetSize of job (KB)
...
006 (454.130.000) 2022-04-07 14:33:19 Image size of job updated: 896304
	322  -  MemoryUsage of job (MB)
	329076  -  ResidentSetSize of job (KB)
...
006 (454.130.000) 2022-04-07 14:38:21 Image size of job updated: 896304
	322  -  MemoryUsage of job (MB)
	329208  -  ResidentSetSize of job (KB)
...
005 (454.130.000) 2022-04-07 14:40:18 Job terminated.
	(1) Normal termination (return value 0)
		Usr 0 05:06:00, Sys 0 00:00:48  -  Run Remote Usage
		Usr 0 00:00:00, Sys 0 00:00:00  -  Run Local Usage
		Usr 0 05:06:00, Sys 0 00:00:48  -  Total Remote Usage
		Usr 0 00:00:00, Sys 0 00:00:00  -  Total Local Usage
	0  -  Run Bytes Sent By Job
	0  -  Run Bytes Received By Job
	0  -  Total Bytes Sent By Job
	0  -  Total Bytes Received By Job
	Partitionable Resources :    Usage  Request Allocated 
	   Cpus                 :     1.00        1         1 
	   Disk (KB)            :  7500        7500      8604 
	   Memory (MB)          :   322        1024      1024 

	Job terminated of its own accord at 2022-04-07T12:40:18Z with exit-code 0.
...
