000 (454.372.000) 2022-04-06 16:54:00 Job submitted from host: <10.18.24.243:9618?addrs=10.18.24.243-9618&alias=ecoclusts01.bioclust.biologie.ens.fr&noUDP&sock=schedd_1052_29b8>
...
001 (454.372.000) 2022-04-07 19:33:16 Job executing on host: <10.18.24.135:9618?addrs=10.18.24.135-9618&alias=dyoclust08.bioclust.biologie.ens.fr&noUDP&sock=startd_793_82b1>
...
006 (454.372.000) 2022-04-07 19:33:25 Image size of job updated: 546712
	146  -  MemoryUsage of job (MB)
	149488  -  ResidentSetSize of job (KB)
...
006 (454.372.000) 2022-04-07 19:38:25 Image size of job updated: 741876
	317  -  MemoryUsage of job (MB)
	324396  -  ResidentSetSize of job (KB)
...
006 (454.372.000) 2022-04-07 19:43:25 Image size of job updated: 774644
	317  -  MemoryUsage of job (MB)
	324396  -  ResidentSetSize of job (KB)
...
006 (454.372.000) 2022-04-07 20:28:31 Image size of job updated: 774900
	317  -  MemoryUsage of job (MB)
	324528  -  ResidentSetSize of job (KB)
...
006 (454.372.000) 2022-04-07 20:33:31 Image size of job updated: 775156
	318  -  MemoryUsage of job (MB)
	324660  -  ResidentSetSize of job (KB)
...
006 (454.372.000) 2022-04-07 20:38:31 Image size of job updated: 775412
	318  -  MemoryUsage of job (MB)
	324924  -  ResidentSetSize of job (KB)
...
006 (454.372.000) 2022-04-07 20:43:32 Image size of job updated: 775412
	318  -  MemoryUsage of job (MB)
	325188  -  ResidentSetSize of job (KB)
...
006 (454.372.000) 2022-04-07 20:48:33 Image size of job updated: 775668
	318  -  MemoryUsage of job (MB)
	325320  -  ResidentSetSize of job (KB)
...
006 (454.372.000) 2022-04-07 20:53:33 Image size of job updated: 775924
	318  -  MemoryUsage of job (MB)
	325584  -  ResidentSetSize of job (KB)
...
006 (454.372.000) 2022-04-07 20:58:33 Image size of job updated: 776180
	319  -  MemoryUsage of job (MB)
	325716  -  ResidentSetSize of job (KB)
...
006 (454.372.000) 2022-04-07 21:03:34 Image size of job updated: 776436
	319  -  MemoryUsage of job (MB)
	325980  -  ResidentSetSize of job (KB)
...
006 (454.372.000) 2022-04-07 21:08:35 Image size of job updated: 776692
	319  -  MemoryUsage of job (MB)
	326244  -  ResidentSetSize of job (KB)
...
006 (454.372.000) 2022-04-07 21:13:35 Image size of job updated: 776948
	319  -  MemoryUsage of job (MB)
	326376  -  ResidentSetSize of job (KB)
...
006 (454.372.000) 2022-04-07 21:18:35 Image size of job updated: 776948
	319  -  MemoryUsage of job (MB)
	326480  -  ResidentSetSize of job (KB)
...
006 (454.372.000) 2022-04-07 21:23:36 Image size of job updated: 776948
	319  -  MemoryUsage of job (MB)
	326612  -  ResidentSetSize of job (KB)
...
006 (454.372.000) 2022-04-07 21:28:37 Image size of job updated: 777204
	320  -  MemoryUsage of job (MB)
	326744  -  ResidentSetSize of job (KB)
...
006 (454.372.000) 2022-04-07 21:33:38 Image size of job updated: 777204
	320  -  MemoryUsage of job (MB)
	326876  -  ResidentSetSize of job (KB)
...
006 (454.372.000) 2022-04-07 21:38:38 Image size of job updated: 777460
	320  -  MemoryUsage of job (MB)
	327140  -  ResidentSetSize of job (KB)
...
006 (454.372.000) 2022-04-07 21:43:38 Image size of job updated: 777716
	320  -  MemoryUsage of job (MB)
	327272  -  ResidentSetSize of job (KB)
...
006 (454.372.000) 2022-04-07 21:48:39 Image size of job updated: 777972
	320  -  MemoryUsage of job (MB)
	327536  -  ResidentSetSize of job (KB)
...
006 (454.372.000) 2022-04-07 21:53:40 Image size of job updated: 777972
	320  -  MemoryUsage of job (MB)
	327668  -  ResidentSetSize of job (KB)
...
006 (454.372.000) 2022-04-07 21:58:40 Image size of job updated: 778228
	321  -  MemoryUsage of job (MB)
	327932  -  ResidentSetSize of job (KB)
...
006 (454.372.000) 2022-04-07 22:03:40 Image size of job updated: 778484
	321  -  MemoryUsage of job (MB)
	328064  -  ResidentSetSize of job (KB)
...
006 (454.372.000) 2022-04-07 22:08:41 Image size of job updated: 778740
	321  -  MemoryUsage of job (MB)
	328328  -  ResidentSetSize of job (KB)
...
006 (454.372.000) 2022-04-07 22:13:42 Image size of job updated: 778740
	321  -  MemoryUsage of job (MB)
	328460  -  ResidentSetSize of job (KB)
...
006 (454.372.000) 2022-04-07 22:18:42 Image size of job updated: 778996
	321  -  MemoryUsage of job (MB)
	328592  -  ResidentSetSize of job (KB)
...
006 (454.372.000) 2022-04-07 22:23:42 Image size of job updated: 779252
	322  -  MemoryUsage of job (MB)
	328856  -  ResidentSetSize of job (KB)
...
006 (454.372.000) 2022-04-07 22:28:43 Image size of job updated: 779508
	322  -  MemoryUsage of job (MB)
	328988  -  ResidentSetSize of job (KB)
...
006 (454.372.000) 2022-04-07 22:33:44 Image size of job updated: 779508
	322  -  MemoryUsage of job (MB)
	329252  -  ResidentSetSize of job (KB)
...
006 (454.372.000) 2022-04-07 22:34:47 Image size of job updated: 779764
	322  -  MemoryUsage of job (MB)
	329252  -  ResidentSetSize of job (KB)
...
005 (454.372.000) 2022-04-07 22:34:47 Job terminated.
	(1) Normal termination (return value 0)
		Usr 0 03:01:01, Sys 0 00:00:22  -  Run Remote Usage
		Usr 0 00:00:00, Sys 0 00:00:00  -  Run Local Usage
		Usr 0 03:01:01, Sys 0 00:00:22  -  Total Remote Usage
		Usr 0 00:00:00, Sys 0 00:00:00  -  Total Local Usage
	0  -  Run Bytes Sent By Job
	0  -  Run Bytes Received By Job
	0  -  Total Bytes Sent By Job
	0  -  Total Bytes Received By Job
	Partitionable Resources :    Usage  Request Allocated 
	   Cpus                 :     1.00        1         1 
	   Disk (KB)            :  7500        7500     10998 
	   Memory (MB)          :   322        1024      1024 

	Job terminated of its own accord at 2022-04-07T20:34:47Z with exit-code 0.
...
