000 (454.073.000) 2022-04-06 16:53:59 Job submitted from host: <10.18.24.243:9618?addrs=10.18.24.243-9618&alias=ecoclusts01.bioclust.biologie.ens.fr&noUDP&sock=schedd_1052_29b8>
...
001 (454.073.000) 2022-04-07 05:53:31 Job executing on host: <10.18.24.135:9618?addrs=10.18.24.135-9618&alias=dyoclust08.bioclust.biologie.ens.fr&noUDP&sock=startd_793_82b1>
...
006 (454.073.000) 2022-04-07 05:53:40 Image size of job updated: 637524
	231  -  MemoryUsage of job (MB)
	236528  -  ResidentSetSize of job (KB)
...
006 (454.073.000) 2022-04-07 05:58:41 Image size of job updated: 741624
	317  -  MemoryUsage of job (MB)
	324084  -  ResidentSetSize of job (KB)
...
006 (454.073.000) 2022-04-07 06:03:41 Image size of job updated: 774392
	317  -  MemoryUsage of job (MB)
	324108  -  ResidentSetSize of job (KB)
...
006 (454.073.000) 2022-04-07 06:38:45 Image size of job updated: 774648
	317  -  MemoryUsage of job (MB)
	324240  -  ResidentSetSize of job (KB)
...
006 (454.073.000) 2022-04-07 06:43:45 Image size of job updated: 774904
	317  -  MemoryUsage of job (MB)
	324372  -  ResidentSetSize of job (KB)
...
006 (454.073.000) 2022-04-07 06:48:45 Image size of job updated: 774904
	318  -  MemoryUsage of job (MB)
	324636  -  ResidentSetSize of job (KB)
...
006 (454.073.000) 2022-04-07 06:53:46 Image size of job updated: 775160
	318  -  MemoryUsage of job (MB)
	324768  -  ResidentSetSize of job (KB)
...
006 (454.073.000) 2022-04-07 06:58:47 Image size of job updated: 775416
	318  -  MemoryUsage of job (MB)
	324900  -  ResidentSetSize of job (KB)
...
006 (454.073.000) 2022-04-07 07:03:47 Image size of job updated: 775672
	318  -  MemoryUsage of job (MB)
	325164  -  ResidentSetSize of job (KB)
...
006 (454.073.000) 2022-04-07 07:08:47 Image size of job updated: 775672
	318  -  MemoryUsage of job (MB)
	325296  -  ResidentSetSize of job (KB)
...
006 (454.073.000) 2022-04-07 07:13:48 Image size of job updated: 775928
	318  -  MemoryUsage of job (MB)
	325560  -  ResidentSetSize of job (KB)
...
006 (454.073.000) 2022-04-07 07:18:49 Image size of job updated: 776184
	319  -  MemoryUsage of job (MB)
	325824  -  ResidentSetSize of job (KB)
...
006 (454.073.000) 2022-04-07 07:23:49 Image size of job updated: 776440
	319  -  MemoryUsage of job (MB)
	325956  -  ResidentSetSize of job (KB)
...
006 (454.073.000) 2022-04-07 07:28:49 Image size of job updated: 776696
	319  -  MemoryUsage of job (MB)
	326220  -  ResidentSetSize of job (KB)
...
006 (454.073.000) 2022-04-07 07:33:50 Image size of job updated: 776696
	319  -  MemoryUsage of job (MB)
	326352  -  ResidentSetSize of job (KB)
...
006 (454.073.000) 2022-04-07 07:38:51 Image size of job updated: 776952
	319  -  MemoryUsage of job (MB)
	326476  -  ResidentSetSize of job (KB)
...
006 (454.073.000) 2022-04-07 07:48:51 Image size of job updated: 776952
	319  -  MemoryUsage of job (MB)
	326608  -  ResidentSetSize of job (KB)
...
006 (454.073.000) 2022-04-07 07:53:52 Image size of job updated: 777208
	320  -  MemoryUsage of job (MB)
	326872  -  ResidentSetSize of job (KB)
...
006 (454.073.000) 2022-04-07 07:58:53 Image size of job updated: 777464
	320  -  MemoryUsage of job (MB)
	327004  -  ResidentSetSize of job (KB)
...
006 (454.073.000) 2022-04-07 08:03:54 Image size of job updated: 777464
	320  -  MemoryUsage of job (MB)
	327268  -  ResidentSetSize of job (KB)
...
006 (454.073.000) 2022-04-07 08:08:54 Image size of job updated: 777720
	320  -  MemoryUsage of job (MB)
	327400  -  ResidentSetSize of job (KB)
...
006 (454.073.000) 2022-04-07 08:13:55 Image size of job updated: 777976
	320  -  MemoryUsage of job (MB)
	327532  -  ResidentSetSize of job (KB)
...
006 (454.073.000) 2022-04-07 08:18:56 Image size of job updated: 778232
	320  -  MemoryUsage of job (MB)
	327664  -  ResidentSetSize of job (KB)
...
006 (454.073.000) 2022-04-07 08:23:56 Image size of job updated: 778232
	321  -  MemoryUsage of job (MB)
	327928  -  ResidentSetSize of job (KB)
...
006 (454.073.000) 2022-04-07 08:28:56 Image size of job updated: 778488
	321  -  MemoryUsage of job (MB)
	328060  -  ResidentSetSize of job (KB)
...
006 (454.073.000) 2022-04-07 08:33:57 Image size of job updated: 778744
	321  -  MemoryUsage of job (MB)
	328324  -  ResidentSetSize of job (KB)
...
006 (454.073.000) 2022-04-07 08:38:59 Image size of job updated: 778744
	321  -  MemoryUsage of job (MB)
	328456  -  ResidentSetSize of job (KB)
...
006 (454.073.000) 2022-04-07 08:43:59 Image size of job updated: 779000
	321  -  MemoryUsage of job (MB)
	328588  -  ResidentSetSize of job (KB)
...
006 (454.073.000) 2022-04-07 08:48:59 Image size of job updated: 779256
	322  -  MemoryUsage of job (MB)
	328852  -  ResidentSetSize of job (KB)
...
006 (454.073.000) 2022-04-07 08:53:59 Image size of job updated: 779256
	322  -  MemoryUsage of job (MB)
	328984  -  ResidentSetSize of job (KB)
...
006 (454.073.000) 2022-04-07 08:59:00 Image size of job updated: 779512
	322  -  MemoryUsage of job (MB)
	329116  -  ResidentSetSize of job (KB)
...
006 (454.073.000) 2022-04-07 09:03:19 Image size of job updated: 779768
	322  -  MemoryUsage of job (MB)
	329116  -  ResidentSetSize of job (KB)
...
005 (454.073.000) 2022-04-07 09:03:19 Job terminated.
	(1) Normal termination (return value 0)
		Usr 0 03:09:13, Sys 0 00:00:24  -  Run Remote Usage
		Usr 0 00:00:00, Sys 0 00:00:00  -  Run Local Usage
		Usr 0 03:09:13, Sys 0 00:00:24  -  Total Remote Usage
		Usr 0 00:00:00, Sys 0 00:00:00  -  Total Local Usage
	0  -  Run Bytes Sent By Job
	0  -  Run Bytes Received By Job
	0  -  Total Bytes Sent By Job
	0  -  Total Bytes Received By Job
	Partitionable Resources :    Usage  Request Allocated 
	   Cpus                 :     1.00        1         1 
	   Disk (KB)            :  7500        7500     10998 
	   Memory (MB)          :   322        1024      1024 

	Job terminated of its own accord at 2022-04-07T07:03:19Z with exit-code 0.
...
