000 (454.785.000) 2022-04-06 16:54:02 Job submitted from host: <10.18.24.243:9618?addrs=10.18.24.243-9618&alias=ecoclusts01.bioclust.biologie.ens.fr&noUDP&sock=schedd_1052_29b8>
...
001 (454.785.000) 2022-04-08 07:32:28 Job executing on host: <10.18.24.139:9618?addrs=10.18.24.139-9618&alias=dyoclust12.bioclust.biologie.ens.fr&noUDP&sock=startd_791_2380>
...
006 (454.785.000) 2022-04-08 07:32:37 Image size of job updated: 329228
	111  -  MemoryUsage of job (MB)
	113052  -  ResidentSetSize of job (KB)
...
006 (454.785.000) 2022-04-08 07:37:37 Image size of job updated: 741876
	280  -  MemoryUsage of job (MB)
	286020  -  ResidentSetSize of job (KB)
...
006 (454.785.000) 2022-04-08 07:42:38 Image size of job updated: 774644
	317  -  MemoryUsage of job (MB)
	324336  -  ResidentSetSize of job (KB)
...
006 (454.785.000) 2022-04-08 08:37:44 Image size of job updated: 774900
	317  -  MemoryUsage of job (MB)
	324468  -  ResidentSetSize of job (KB)
...
006 (454.785.000) 2022-04-08 08:42:44 Image size of job updated: 775156
	318  -  MemoryUsage of job (MB)
	324732  -  ResidentSetSize of job (KB)
...
006 (454.785.000) 2022-04-08 08:47:44 Image size of job updated: 775156
	318  -  MemoryUsage of job (MB)
	324864  -  ResidentSetSize of job (KB)
...
006 (454.785.000) 2022-04-08 08:52:45 Image size of job updated: 775412
	318  -  MemoryUsage of job (MB)
	325128  -  ResidentSetSize of job (KB)
...
006 (454.785.000) 2022-04-08 08:57:46 Image size of job updated: 775668
	318  -  MemoryUsage of job (MB)
	325260  -  ResidentSetSize of job (KB)
...
006 (454.785.000) 2022-04-08 09:02:46 Image size of job updated: 775924
	318  -  MemoryUsage of job (MB)
	325392  -  ResidentSetSize of job (KB)
...
006 (454.785.000) 2022-04-08 09:07:46 Image size of job updated: 775924
	319  -  MemoryUsage of job (MB)
	325656  -  ResidentSetSize of job (KB)
...
006 (454.785.000) 2022-04-08 09:12:47 Image size of job updated: 776180
	319  -  MemoryUsage of job (MB)
	325788  -  ResidentSetSize of job (KB)
...
006 (454.785.000) 2022-04-08 09:17:47 Image size of job updated: 776436
	319  -  MemoryUsage of job (MB)
	326052  -  ResidentSetSize of job (KB)
...
006 (454.785.000) 2022-04-08 09:22:47 Image size of job updated: 776692
	319  -  MemoryUsage of job (MB)
	326184  -  ResidentSetSize of job (KB)
...
006 (454.785.000) 2022-04-08 09:27:48 Image size of job updated: 776948
	319  -  MemoryUsage of job (MB)
	326448  -  ResidentSetSize of job (KB)
...
006 (454.785.000) 2022-04-08 09:32:49 Image size of job updated: 776948
	319  -  MemoryUsage of job (MB)
	326580  -  ResidentSetSize of job (KB)
...
006 (454.785.000) 2022-04-08 09:47:50 Image size of job updated: 777204
	320  -  MemoryUsage of job (MB)
	326844  -  ResidentSetSize of job (KB)
...
006 (454.785.000) 2022-04-08 09:52:50 Image size of job updated: 777204
	320  -  MemoryUsage of job (MB)
	326976  -  ResidentSetSize of job (KB)
...
006 (454.785.000) 2022-04-08 09:57:50 Image size of job updated: 777460
	320  -  MemoryUsage of job (MB)
	327108  -  ResidentSetSize of job (KB)
...
006 (454.785.000) 2022-04-08 10:02:51 Image size of job updated: 777716
	320  -  MemoryUsage of job (MB)
	327240  -  ResidentSetSize of job (KB)
...
006 (454.785.000) 2022-04-08 10:07:52 Image size of job updated: 777716
	320  -  MemoryUsage of job (MB)
	327504  -  ResidentSetSize of job (KB)
...
006 (454.785.000) 2022-04-08 10:12:52 Image size of job updated: 777972
	320  -  MemoryUsage of job (MB)
	327636  -  ResidentSetSize of job (KB)
...
006 (454.785.000) 2022-04-08 10:17:52 Image size of job updated: 778228
	321  -  MemoryUsage of job (MB)
	327768  -  ResidentSetSize of job (KB)
...
006 (454.785.000) 2022-04-08 10:22:53 Image size of job updated: 778228
	321  -  MemoryUsage of job (MB)
	327900  -  ResidentSetSize of job (KB)
...
006 (454.785.000) 2022-04-08 10:27:53 Image size of job updated: 778484
	321  -  MemoryUsage of job (MB)
	328164  -  ResidentSetSize of job (KB)
...
006 (454.785.000) 2022-04-08 10:32:53 Image size of job updated: 778740
	321  -  MemoryUsage of job (MB)
	328296  -  ResidentSetSize of job (KB)
...
006 (454.785.000) 2022-04-08 10:37:54 Image size of job updated: 778740
	321  -  MemoryUsage of job (MB)
	328428  -  ResidentSetSize of job (KB)
...
006 (454.785.000) 2022-04-08 10:42:55 Image size of job updated: 778996
	321  -  MemoryUsage of job (MB)
	328692  -  ResidentSetSize of job (KB)
...
006 (454.785.000) 2022-04-08 10:47:55 Image size of job updated: 779252
	322  -  MemoryUsage of job (MB)
	328824  -  ResidentSetSize of job (KB)
...
006 (454.785.000) 2022-04-08 10:52:55 Image size of job updated: 779252
	322  -  MemoryUsage of job (MB)
	328956  -  ResidentSetSize of job (KB)
...
006 (454.785.000) 2022-04-08 10:57:56 Image size of job updated: 779508
	322  -  MemoryUsage of job (MB)
	329220  -  ResidentSetSize of job (KB)
...
006 (454.785.000) 2022-04-08 11:02:13 Image size of job updated: 779764
	322  -  MemoryUsage of job (MB)
	329220  -  ResidentSetSize of job (KB)
...
005 (454.785.000) 2022-04-08 11:02:13 Job terminated.
	(1) Normal termination (return value 0)
		Usr 0 03:27:47, Sys 0 00:00:26  -  Run Remote Usage
		Usr 0 00:00:00, Sys 0 00:00:00  -  Run Local Usage
		Usr 0 03:27:47, Sys 0 00:00:26  -  Total Remote Usage
		Usr 0 00:00:00, Sys 0 00:00:00  -  Total Local Usage
	0  -  Run Bytes Sent By Job
	0  -  Run Bytes Received By Job
	0  -  Total Bytes Sent By Job
	0  -  Total Bytes Received By Job
	Partitionable Resources :    Usage  Request Allocated 
	   Cpus                 :     1.00        1         1 
	   Disk (KB)            :  7500        7500     10998 
	   Memory (MB)          :   322        1024      1024 

	Job terminated of its own accord at 2022-04-08T09:02:13Z with exit-code 0.
...
