000 (454.878.000) 2022-04-06 16:54:03 Job submitted from host: <10.18.24.243:9618?addrs=10.18.24.243-9618&alias=ecoclusts01.bioclust.biologie.ens.fr&noUDP&sock=schedd_1052_29b8>
...
001 (454.878.000) 2022-04-08 10:03:17 Job executing on host: <10.18.24.133:9618?addrs=10.18.24.133-9618&alias=dyoclust06.bioclust.biologie.ens.fr&noUDP&sock=startd_804_0e3b>
...
006 (454.878.000) 2022-04-08 10:03:26 Image size of job updated: 64892
	64  -  MemoryUsage of job (MB)
	64892  -  ResidentSetSize of job (KB)
...
006 (454.878.000) 2022-04-08 10:08:26 Image size of job updated: 896308
	317  -  MemoryUsage of job (MB)
	324140  -  ResidentSetSize of job (KB)
...
006 (454.878.000) 2022-04-08 10:58:31 Image size of job updated: 896308
	317  -  MemoryUsage of job (MB)
	324228  -  ResidentSetSize of job (KB)
...
006 (454.878.000) 2022-04-08 11:03:31 Image size of job updated: 896308
	317  -  MemoryUsage of job (MB)
	324360  -  ResidentSetSize of job (KB)
...
006 (454.878.000) 2022-04-08 11:08:32 Image size of job updated: 896308
	317  -  MemoryUsage of job (MB)
	324492  -  ResidentSetSize of job (KB)
...
006 (454.878.000) 2022-04-08 11:13:33 Image size of job updated: 896308
	318  -  MemoryUsage of job (MB)
	324624  -  ResidentSetSize of job (KB)
...
006 (454.878.000) 2022-04-08 11:23:33 Image size of job updated: 896308
	318  -  MemoryUsage of job (MB)
	324756  -  ResidentSetSize of job (KB)
...
006 (454.878.000) 2022-04-08 11:28:34 Image size of job updated: 896308
	318  -  MemoryUsage of job (MB)
	324888  -  ResidentSetSize of job (KB)
...
006 (454.878.000) 2022-04-08 11:33:35 Image size of job updated: 896308
	318  -  MemoryUsage of job (MB)
	325020  -  ResidentSetSize of job (KB)
...
006 (454.878.000) 2022-04-08 11:38:35 Image size of job updated: 896308
	318  -  MemoryUsage of job (MB)
	325152  -  ResidentSetSize of job (KB)
...
006 (454.878.000) 2022-04-08 11:43:36 Image size of job updated: 896308
	318  -  MemoryUsage of job (MB)
	325284  -  ResidentSetSize of job (KB)
...
006 (454.878.000) 2022-04-08 11:48:37 Image size of job updated: 896308
	318  -  MemoryUsage of job (MB)
	325416  -  ResidentSetSize of job (KB)
...
006 (454.878.000) 2022-04-08 11:53:37 Image size of job updated: 896308
	318  -  MemoryUsage of job (MB)
	325548  -  ResidentSetSize of job (KB)
...
006 (454.878.000) 2022-04-08 11:58:37 Image size of job updated: 896308
	319  -  MemoryUsage of job (MB)
	325680  -  ResidentSetSize of job (KB)
...
006 (454.878.000) 2022-04-08 12:03:38 Image size of job updated: 896308
	319  -  MemoryUsage of job (MB)
	325812  -  ResidentSetSize of job (KB)
...
006 (454.878.000) 2022-04-08 12:08:38 Image size of job updated: 896308
	319  -  MemoryUsage of job (MB)
	325944  -  ResidentSetSize of job (KB)
...
006 (454.878.000) 2022-04-08 12:13:38 Image size of job updated: 896308
	319  -  MemoryUsage of job (MB)
	326076  -  ResidentSetSize of job (KB)
...
006 (454.878.000) 2022-04-08 12:18:39 Image size of job updated: 896308
	319  -  MemoryUsage of job (MB)
	326208  -  ResidentSetSize of job (KB)
...
006 (454.878.000) 2022-04-08 12:23:40 Image size of job updated: 896308
	319  -  MemoryUsage of job (MB)
	326340  -  ResidentSetSize of job (KB)
...
006 (454.878.000) 2022-04-08 12:28:40 Image size of job updated: 896308
	319  -  MemoryUsage of job (MB)
	326472  -  ResidentSetSize of job (KB)
...
006 (454.878.000) 2022-04-08 12:43:42 Image size of job updated: 896308
	319  -  MemoryUsage of job (MB)
	326596  -  ResidentSetSize of job (KB)
...
006 (454.878.000) 2022-04-08 12:48:42 Image size of job updated: 896308
	320  -  MemoryUsage of job (MB)
	326728  -  ResidentSetSize of job (KB)
...
006 (454.878.000) 2022-04-08 12:53:43 Image size of job updated: 896308
	320  -  MemoryUsage of job (MB)
	326860  -  ResidentSetSize of job (KB)
...
006 (454.878.000) 2022-04-08 13:03:43 Image size of job updated: 896308
	320  -  MemoryUsage of job (MB)
	326992  -  ResidentSetSize of job (KB)
...
006 (454.878.000) 2022-04-08 13:08:44 Image size of job updated: 896308
	320  -  MemoryUsage of job (MB)
	327124  -  ResidentSetSize of job (KB)
...
006 (454.878.000) 2022-04-08 13:13:44 Image size of job updated: 896308
	320  -  MemoryUsage of job (MB)
	327256  -  ResidentSetSize of job (KB)
...
006 (454.878.000) 2022-04-08 13:18:44 Image size of job updated: 896308
	320  -  MemoryUsage of job (MB)
	327388  -  ResidentSetSize of job (KB)
...
006 (454.878.000) 2022-04-08 13:23:45 Image size of job updated: 896308
	320  -  MemoryUsage of job (MB)
	327520  -  ResidentSetSize of job (KB)
...
006 (454.878.000) 2022-04-08 13:28:46 Image size of job updated: 896308
	320  -  MemoryUsage of job (MB)
	327652  -  ResidentSetSize of job (KB)
...
006 (454.878.000) 2022-04-08 13:33:46 Image size of job updated: 896308
	321  -  MemoryUsage of job (MB)
	327784  -  ResidentSetSize of job (KB)
...
006 (454.878.000) 2022-04-08 13:38:47 Image size of job updated: 896308
	321  -  MemoryUsage of job (MB)
	327916  -  ResidentSetSize of job (KB)
...
006 (454.878.000) 2022-04-08 13:43:48 Image size of job updated: 896308
	321  -  MemoryUsage of job (MB)
	328048  -  ResidentSetSize of job (KB)
...
006 (454.878.000) 2022-04-08 13:48:48 Image size of job updated: 896308
	321  -  MemoryUsage of job (MB)
	328180  -  ResidentSetSize of job (KB)
...
006 (454.878.000) 2022-04-08 13:53:48 Image size of job updated: 896308
	321  -  MemoryUsage of job (MB)
	328312  -  ResidentSetSize of job (KB)
...
006 (454.878.000) 2022-04-08 13:58:50 Image size of job updated: 896308
	321  -  MemoryUsage of job (MB)
	328444  -  ResidentSetSize of job (KB)
...
006 (454.878.000) 2022-04-08 14:03:50 Image size of job updated: 896308
	321  -  MemoryUsage of job (MB)
	328576  -  ResidentSetSize of job (KB)
...
006 (454.878.000) 2022-04-08 14:08:50 Image size of job updated: 896308
	322  -  MemoryUsage of job (MB)
	328708  -  ResidentSetSize of job (KB)
...
006 (454.878.000) 2022-04-08 14:13:51 Image size of job updated: 896308
	322  -  MemoryUsage of job (MB)
	328840  -  ResidentSetSize of job (KB)
...
006 (454.878.000) 2022-04-08 14:18:52 Image size of job updated: 896308
	322  -  MemoryUsage of job (MB)
	328972  -  ResidentSetSize of job (KB)
...
006 (454.878.000) 2022-04-08 14:23:52 Image size of job updated: 896308
	322  -  MemoryUsage of job (MB)
	329236  -  ResidentSetSize of job (KB)
...
005 (454.878.000) 2022-04-08 14:27:20 Job terminated.
	(1) Normal termination (return value 0)
		Usr 0 04:20:10, Sys 0 00:00:57  -  Run Remote Usage
		Usr 0 00:00:00, Sys 0 00:00:00  -  Run Local Usage
		Usr 0 04:20:10, Sys 0 00:00:57  -  Total Remote Usage
		Usr 0 00:00:00, Sys 0 00:00:00  -  Total Local Usage
	0  -  Run Bytes Sent By Job
	0  -  Run Bytes Received By Job
	0  -  Total Bytes Sent By Job
	0  -  Total Bytes Received By Job
	Partitionable Resources :    Usage  Request Allocated 
	   Cpus                 :     1.00        1         1 
	   Disk (KB)            :  7500        7500     10015 
	   Memory (MB)          :   322        1024      1024 

	Job terminated of its own accord at 2022-04-08T12:27:20Z with exit-code 0.
...
