000 (454.806.000) 2022-04-06 16:54:02 Job submitted from host: <10.18.24.243:9618?addrs=10.18.24.243-9618&alias=ecoclusts01.bioclust.biologie.ens.fr&noUDP&sock=schedd_1052_29b8>
...
001 (454.806.000) 2022-04-08 08:03:29 Job executing on host: <10.18.24.138:9618?addrs=10.18.24.138-9618&alias=dyoclust11.bioclust.biologie.ens.fr&noUDP&sock=startd_801_ff73>
...
006 (454.806.000) 2022-04-08 08:03:38 Image size of job updated: 225400
	221  -  MemoryUsage of job (MB)
	225400  -  ResidentSetSize of job (KB)
...
006 (454.806.000) 2022-04-08 08:08:39 Image size of job updated: 741876
	291  -  MemoryUsage of job (MB)
	297440  -  ResidentSetSize of job (KB)
...
006 (454.806.000) 2022-04-08 08:13:39 Image size of job updated: 774644
	317  -  MemoryUsage of job (MB)
	324328  -  ResidentSetSize of job (KB)
...
006 (454.806.000) 2022-04-08 09:43:47 Image size of job updated: 774900
	317  -  MemoryUsage of job (MB)
	324460  -  ResidentSetSize of job (KB)
...
006 (454.806.000) 2022-04-08 09:48:48 Image size of job updated: 775156
	318  -  MemoryUsage of job (MB)
	324724  -  ResidentSetSize of job (KB)
...
006 (454.806.000) 2022-04-08 09:53:48 Image size of job updated: 775412
	318  -  MemoryUsage of job (MB)
	324856  -  ResidentSetSize of job (KB)
...
006 (454.806.000) 2022-04-08 09:58:48 Image size of job updated: 775412
	318  -  MemoryUsage of job (MB)
	325120  -  ResidentSetSize of job (KB)
...
006 (454.806.000) 2022-04-08 10:03:49 Image size of job updated: 775668
	318  -  MemoryUsage of job (MB)
	325384  -  ResidentSetSize of job (KB)
...
006 (454.806.000) 2022-04-08 10:08:50 Image size of job updated: 775924
	318  -  MemoryUsage of job (MB)
	325516  -  ResidentSetSize of job (KB)
...
006 (454.806.000) 2022-04-08 10:13:50 Image size of job updated: 776180
	319  -  MemoryUsage of job (MB)
	325780  -  ResidentSetSize of job (KB)
...
006 (454.806.000) 2022-04-08 10:18:51 Image size of job updated: 776436
	319  -  MemoryUsage of job (MB)
	325912  -  ResidentSetSize of job (KB)
...
006 (454.806.000) 2022-04-08 10:23:52 Image size of job updated: 776436
	319  -  MemoryUsage of job (MB)
	326176  -  ResidentSetSize of job (KB)
...
006 (454.806.000) 2022-04-08 10:28:52 Image size of job updated: 776692
	319  -  MemoryUsage of job (MB)
	326308  -  ResidentSetSize of job (KB)
...
006 (454.806.000) 2022-04-08 10:33:52 Image size of job updated: 776948
	319  -  MemoryUsage of job (MB)
	326572  -  ResidentSetSize of job (KB)
...
006 (454.806.000) 2022-04-08 10:48:54 Image size of job updated: 777204
	320  -  MemoryUsage of job (MB)
	326836  -  ResidentSetSize of job (KB)
...
006 (454.806.000) 2022-04-08 10:53:55 Image size of job updated: 777460
	320  -  MemoryUsage of job (MB)
	326968  -  ResidentSetSize of job (KB)
...
006 (454.806.000) 2022-04-08 10:58:56 Image size of job updated: 777460
	320  -  MemoryUsage of job (MB)
	327100  -  ResidentSetSize of job (KB)
...
006 (454.806.000) 2022-04-08 11:03:56 Image size of job updated: 777716
	320  -  MemoryUsage of job (MB)
	327364  -  ResidentSetSize of job (KB)
...
006 (454.806.000) 2022-04-08 11:08:56 Image size of job updated: 777972
	320  -  MemoryUsage of job (MB)
	327496  -  ResidentSetSize of job (KB)
...
006 (454.806.000) 2022-04-08 11:13:57 Image size of job updated: 777972
	320  -  MemoryUsage of job (MB)
	327628  -  ResidentSetSize of job (KB)
...
006 (454.806.000) 2022-04-08 11:18:58 Image size of job updated: 778228
	321  -  MemoryUsage of job (MB)
	327892  -  ResidentSetSize of job (KB)
...
006 (454.806.000) 2022-04-08 11:23:58 Image size of job updated: 778484
	321  -  MemoryUsage of job (MB)
	328024  -  ResidentSetSize of job (KB)
...
006 (454.806.000) 2022-04-08 11:28:59 Image size of job updated: 778484
	321  -  MemoryUsage of job (MB)
	328156  -  ResidentSetSize of job (KB)
...
006 (454.806.000) 2022-04-08 11:34:00 Image size of job updated: 778740
	321  -  MemoryUsage of job (MB)
	328288  -  ResidentSetSize of job (KB)
...
006 (454.806.000) 2022-04-08 11:39:00 Image size of job updated: 778996
	321  -  MemoryUsage of job (MB)
	328552  -  ResidentSetSize of job (KB)
...
006 (454.806.000) 2022-04-08 11:44:00 Image size of job updated: 778996
	321  -  MemoryUsage of job (MB)
	328684  -  ResidentSetSize of job (KB)
...
006 (454.806.000) 2022-04-08 11:49:01 Image size of job updated: 779252
	322  -  MemoryUsage of job (MB)
	328816  -  ResidentSetSize of job (KB)
...
006 (454.806.000) 2022-04-08 11:54:02 Image size of job updated: 779508
	322  -  MemoryUsage of job (MB)
	328948  -  ResidentSetSize of job (KB)
...
006 (454.806.000) 2022-04-08 11:59:02 Image size of job updated: 779508
	322  -  MemoryUsage of job (MB)
	329212  -  ResidentSetSize of job (KB)
...
006 (454.806.000) 2022-04-08 12:01:13 Image size of job updated: 779764
	322  -  MemoryUsage of job (MB)
	329212  -  ResidentSetSize of job (KB)
...
005 (454.806.000) 2022-04-08 12:01:13 Job terminated.
	(1) Normal termination (return value 0)
		Usr 0 03:55:17, Sys 0 00:00:30  -  Run Remote Usage
		Usr 0 00:00:00, Sys 0 00:00:00  -  Run Local Usage
		Usr 0 03:55:17, Sys 0 00:00:30  -  Total Remote Usage
		Usr 0 00:00:00, Sys 0 00:00:00  -  Total Local Usage
	0  -  Run Bytes Sent By Job
	0  -  Run Bytes Received By Job
	0  -  Total Bytes Sent By Job
	0  -  Total Bytes Received By Job
	Partitionable Resources :    Usage  Request Allocated 
	   Cpus                 :     1.00        1         1 
	   Disk (KB)            :  7500        7500     10998 
	   Memory (MB)          :   322        1024      1024 

	Job terminated of its own accord at 2022-04-08T10:01:13Z with exit-code 0.
...
