000 (454.985.000) 2022-04-06 16:54:03 Job submitted from host: <10.18.24.243:9618?addrs=10.18.24.243-9618&alias=ecoclusts01.bioclust.biologie.ens.fr&noUDP&sock=schedd_1052_29b8>
...
001 (454.985.000) 2022-04-08 12:50:46 Job executing on host: <10.18.24.134:9618?addrs=10.18.24.134-9618&alias=dyoclust07.bioclust.biologie.ens.fr&noUDP&sock=startd_808_cc9c>
...
006 (454.985.000) 2022-04-08 12:50:55 Image size of job updated: 128980
	126  -  MemoryUsage of job (MB)
	128980  -  ResidentSetSize of job (KB)
...
006 (454.985.000) 2022-04-08 12:55:55 Image size of job updated: 843204
	317  -  MemoryUsage of job (MB)
	324048  -  ResidentSetSize of job (KB)
...
006 (454.985.000) 2022-04-08 13:00:55 Image size of job updated: 843204
	317  -  MemoryUsage of job (MB)
	324072  -  ResidentSetSize of job (KB)
...
006 (454.985.000) 2022-04-08 13:51:00 Image size of job updated: 843204
	317  -  MemoryUsage of job (MB)
	324204  -  ResidentSetSize of job (KB)
...
006 (454.985.000) 2022-04-08 13:56:00 Image size of job updated: 843204
	317  -  MemoryUsage of job (MB)
	324468  -  ResidentSetSize of job (KB)
...
006 (454.985.000) 2022-04-08 14:01:01 Image size of job updated: 843204
	317  -  MemoryUsage of job (MB)
	324600  -  ResidentSetSize of job (KB)
...
006 (454.985.000) 2022-04-08 14:06:01 Image size of job updated: 843204
	318  -  MemoryUsage of job (MB)
	324732  -  ResidentSetSize of job (KB)
...
006 (454.985.000) 2022-04-08 14:11:01 Image size of job updated: 843204
	318  -  MemoryUsage of job (MB)
	324864  -  ResidentSetSize of job (KB)
...
006 (454.985.000) 2022-04-08 14:16:02 Image size of job updated: 843204
	318  -  MemoryUsage of job (MB)
	324996  -  ResidentSetSize of job (KB)
...
006 (454.985.000) 2022-04-08 14:21:03 Image size of job updated: 843204
	318  -  MemoryUsage of job (MB)
	325260  -  ResidentSetSize of job (KB)
...
006 (454.985.000) 2022-04-08 14:26:03 Image size of job updated: 843204
	318  -  MemoryUsage of job (MB)
	325392  -  ResidentSetSize of job (KB)
...
006 (454.985.000) 2022-04-08 14:31:03 Image size of job updated: 843204
	318  -  MemoryUsage of job (MB)
	325524  -  ResidentSetSize of job (KB)
...
006 (454.985.000) 2022-04-08 14:36:05 Image size of job updated: 843204
	319  -  MemoryUsage of job (MB)
	325788  -  ResidentSetSize of job (KB)
...
006 (454.985.000) 2022-04-08 14:41:05 Image size of job updated: 843204
	319  -  MemoryUsage of job (MB)
	325920  -  ResidentSetSize of job (KB)
...
006 (454.985.000) 2022-04-08 14:46:05 Image size of job updated: 843204
	319  -  MemoryUsage of job (MB)
	326052  -  ResidentSetSize of job (KB)
...
006 (454.985.000) 2022-04-08 14:51:06 Image size of job updated: 843204
	319  -  MemoryUsage of job (MB)
	326316  -  ResidentSetSize of job (KB)
...
006 (454.985.000) 2022-04-08 14:56:07 Image size of job updated: 843204
	319  -  MemoryUsage of job (MB)
	326448  -  ResidentSetSize of job (KB)
...
006 (454.985.000) 2022-04-08 15:01:07 Image size of job updated: 843204
	319  -  MemoryUsage of job (MB)
	326580  -  ResidentSetSize of job (KB)
...
006 (454.985.000) 2022-04-08 15:11:08 Image size of job updated: 843204
	320  -  MemoryUsage of job (MB)
	326712  -  ResidentSetSize of job (KB)
...
006 (454.985.000) 2022-04-08 15:16:09 Image size of job updated: 843204
	320  -  MemoryUsage of job (MB)
	326976  -  ResidentSetSize of job (KB)
...
006 (454.985.000) 2022-04-08 15:21:09 Image size of job updated: 843204
	320  -  MemoryUsage of job (MB)
	327108  -  ResidentSetSize of job (KB)
...
006 (454.985.000) 2022-04-08 15:26:10 Image size of job updated: 843204
	320  -  MemoryUsage of job (MB)
	327240  -  ResidentSetSize of job (KB)
...
006 (454.985.000) 2022-04-08 15:31:11 Image size of job updated: 843204
	320  -  MemoryUsage of job (MB)
	327504  -  ResidentSetSize of job (KB)
...
006 (454.985.000) 2022-04-08 15:36:11 Image size of job updated: 843204
	320  -  MemoryUsage of job (MB)
	327636  -  ResidentSetSize of job (KB)
...
006 (454.985.000) 2022-04-08 15:41:11 Image size of job updated: 843204
	321  -  MemoryUsage of job (MB)
	327900  -  ResidentSetSize of job (KB)
...
006 (454.985.000) 2022-04-08 15:46:13 Image size of job updated: 843204
	321  -  MemoryUsage of job (MB)
	328032  -  ResidentSetSize of job (KB)
...
006 (454.985.000) 2022-04-08 15:51:13 Image size of job updated: 843204
	321  -  MemoryUsage of job (MB)
	328164  -  ResidentSetSize of job (KB)
...
006 (454.985.000) 2022-04-08 15:56:13 Image size of job updated: 843204
	321  -  MemoryUsage of job (MB)
	328296  -  ResidentSetSize of job (KB)
...
006 (454.985.000) 2022-04-08 16:01:14 Image size of job updated: 843204
	321  -  MemoryUsage of job (MB)
	328560  -  ResidentSetSize of job (KB)
...
006 (454.985.000) 2022-04-08 16:06:15 Image size of job updated: 843204
	321  -  MemoryUsage of job (MB)
	328692  -  ResidentSetSize of job (KB)
...
006 (454.985.000) 2022-04-08 16:11:15 Image size of job updated: 843204
	322  -  MemoryUsage of job (MB)
	328824  -  ResidentSetSize of job (KB)
...
006 (454.985.000) 2022-04-08 16:16:15 Image size of job updated: 843204
	322  -  MemoryUsage of job (MB)
	328956  -  ResidentSetSize of job (KB)
...
006 (454.985.000) 2022-04-08 16:21:16 Image size of job updated: 843204
	322  -  MemoryUsage of job (MB)
	329088  -  ResidentSetSize of job (KB)
...
005 (454.985.000) 2022-04-08 16:25:59 Job terminated.
	(1) Normal termination (return value 0)
		Usr 0 03:34:37, Sys 0 00:00:25  -  Run Remote Usage
		Usr 0 00:00:00, Sys 0 00:00:00  -  Run Local Usage
		Usr 0 03:34:37, Sys 0 00:00:25  -  Total Remote Usage
		Usr 0 00:00:00, Sys 0 00:00:00  -  Total Local Usage
	0  -  Run Bytes Sent By Job
	0  -  Run Bytes Received By Job
	0  -  Total Bytes Sent By Job
	0  -  Total Bytes Received By Job
	Partitionable Resources :    Usage  Request Allocated 
	   Cpus                 :     1.00        1         1 
	   Disk (KB)            :  7500        7500     10998 
	   Memory (MB)          :   322        1024      1024 

	Job terminated of its own accord at 2022-04-08T14:25:59Z with exit-code 0.
...
