000 (454.270.000) 2022-04-06 16:54:00 Job submitted from host: <10.18.24.243:9618?addrs=10.18.24.243-9618&alias=ecoclusts01.bioclust.biologie.ens.fr&noUDP&sock=schedd_1052_29b8>
...
001 (454.270.000) 2022-04-07 15:53:38 Job executing on host: <10.18.24.8:9618?addrs=10.18.24.8-9618&alias=bioclust08.bioclust.biologie.ens.fr&noUDP&sock=startd_1108_9306>
...
006 (454.270.000) 2022-04-07 15:53:47 Image size of job updated: 427932
	418  -  MemoryUsage of job (MB)
	427932  -  ResidentSetSize of job (KB)
...
006 (454.270.000) 2022-04-07 15:58:48 Image size of job updated: 741876
	418  -  MemoryUsage of job (MB)
	427932  -  ResidentSetSize of job (KB)
...
006 (454.270.000) 2022-04-07 16:03:49 Image size of job updated: 774644
	418  -  MemoryUsage of job (MB)
	427932  -  ResidentSetSize of job (KB)
...
006 (454.270.000) 2022-04-07 17:28:55 Image size of job updated: 774900
	418  -  MemoryUsage of job (MB)
	427932  -  ResidentSetSize of job (KB)
...
006 (454.270.000) 2022-04-07 17:43:57 Image size of job updated: 775156
	418  -  MemoryUsage of job (MB)
	427932  -  ResidentSetSize of job (KB)
...
006 (454.270.000) 2022-04-07 17:58:59 Image size of job updated: 775412
	418  -  MemoryUsage of job (MB)
	427932  -  ResidentSetSize of job (KB)
...
006 (454.270.000) 2022-04-07 18:08:59 Image size of job updated: 775668
	418  -  MemoryUsage of job (MB)
	427932  -  ResidentSetSize of job (KB)
...
006 (454.270.000) 2022-04-07 18:19:01 Image size of job updated: 775924
	418  -  MemoryUsage of job (MB)
	427932  -  ResidentSetSize of job (KB)
...
006 (454.270.000) 2022-04-07 18:29:01 Image size of job updated: 776180
	418  -  MemoryUsage of job (MB)
	427932  -  ResidentSetSize of job (KB)
...
006 (454.270.000) 2022-04-07 18:44:03 Image size of job updated: 776436
	418  -  MemoryUsage of job (MB)
	427932  -  ResidentSetSize of job (KB)
...
006 (454.270.000) 2022-04-07 18:54:04 Image size of job updated: 776692
	418  -  MemoryUsage of job (MB)
	427932  -  ResidentSetSize of job (KB)
...
006 (454.270.000) 2022-04-07 19:04:05 Image size of job updated: 776948
	418  -  MemoryUsage of job (MB)
	427932  -  ResidentSetSize of job (KB)
...
006 (454.270.000) 2022-04-07 19:29:07 Image size of job updated: 777204
	418  -  MemoryUsage of job (MB)
	427932  -  ResidentSetSize of job (KB)
...
006 (454.270.000) 2022-04-07 19:44:08 Image size of job updated: 777460
	418  -  MemoryUsage of job (MB)
	427932  -  ResidentSetSize of job (KB)
...
006 (454.270.000) 2022-04-07 19:54:10 Image size of job updated: 777716
	418  -  MemoryUsage of job (MB)
	427932  -  ResidentSetSize of job (KB)
...
006 (454.270.000) 2022-04-07 20:09:11 Image size of job updated: 777972
	418  -  MemoryUsage of job (MB)
	427932  -  ResidentSetSize of job (KB)
...
006 (454.270.000) 2022-04-07 20:19:12 Image size of job updated: 778228
	418  -  MemoryUsage of job (MB)
	427932  -  ResidentSetSize of job (KB)
...
006 (454.270.000) 2022-04-07 20:29:13 Image size of job updated: 778484
	418  -  MemoryUsage of job (MB)
	427932  -  ResidentSetSize of job (KB)
...
006 (454.270.000) 2022-04-07 20:39:14 Image size of job updated: 778740
	418  -  MemoryUsage of job (MB)
	427932  -  ResidentSetSize of job (KB)
...
006 (454.270.000) 2022-04-07 20:54:15 Image size of job updated: 778996
	418  -  MemoryUsage of job (MB)
	427932  -  ResidentSetSize of job (KB)
...
006 (454.270.000) 2022-04-07 21:09:17 Image size of job updated: 779252
	418  -  MemoryUsage of job (MB)
	427932  -  ResidentSetSize of job (KB)
...
006 (454.270.000) 2022-04-07 21:19:17 Image size of job updated: 779508
	418  -  MemoryUsage of job (MB)
	427932  -  ResidentSetSize of job (KB)
...
006 (454.270.000) 2022-04-07 21:31:23 Image size of job updated: 779764
	418  -  MemoryUsage of job (MB)
	427932  -  ResidentSetSize of job (KB)
...
005 (454.270.000) 2022-04-07 21:31:23 Job terminated.
	(1) Normal termination (return value 0)
		Usr 0 05:36:55, Sys 0 00:00:25  -  Run Remote Usage
		Usr 0 00:00:00, Sys 0 00:00:00  -  Run Local Usage
		Usr 0 05:36:55, Sys 0 00:00:25  -  Total Remote Usage
		Usr 0 00:00:00, Sys 0 00:00:00  -  Total Local Usage
	0  -  Run Bytes Sent By Job
	0  -  Run Bytes Received By Job
	0  -  Total Bytes Sent By Job
	0  -  Total Bytes Received By Job
	Partitionable Resources :    Usage  Request Allocated 
	   Cpus                 :     1.00        1         1 
	   Disk (KB)            :  7500        7500     10998 
	   Memory (MB)          :   418        1024      1024 

	Job terminated of its own accord at 2022-04-07T19:31:23Z with exit-code 0.
...
