000 (454.087.000) 2022-04-06 16:53:59 Job submitted from host: <10.18.24.243:9618?addrs=10.18.24.243-9618&alias=ecoclusts01.bioclust.biologie.ens.fr&noUDP&sock=schedd_1052_29b8>
...
001 (454.087.000) 2022-04-07 06:43:39 Job executing on host: <10.18.24.178:9618?addrs=10.18.24.178-9618&alias=mcbsclust07.bioclust.biologie.ens.fr&noUDP&sock=startd_912_2276>
...
006 (454.087.000) 2022-04-07 06:43:48 Image size of job updated: 273660
	268  -  MemoryUsage of job (MB)
	273660  -  ResidentSetSize of job (KB)
...
006 (454.087.000) 2022-04-07 06:48:48 Image size of job updated: 741620
	317  -  MemoryUsage of job (MB)
	323996  -  ResidentSetSize of job (KB)
...
006 (454.087.000) 2022-04-07 06:53:48 Image size of job updated: 774388
	317  -  MemoryUsage of job (MB)
	324084  -  ResidentSetSize of job (KB)
...
006 (454.087.000) 2022-04-07 07:58:54 Image size of job updated: 774644
	317  -  MemoryUsage of job (MB)
	324084  -  ResidentSetSize of job (KB)
...
006 (454.087.000) 2022-04-07 08:03:54 Image size of job updated: 774644
	317  -  MemoryUsage of job (MB)
	324216  -  ResidentSetSize of job (KB)
...
006 (454.087.000) 2022-04-07 08:08:55 Image size of job updated: 774900
	317  -  MemoryUsage of job (MB)
	324348  -  ResidentSetSize of job (KB)
...
006 (454.087.000) 2022-04-07 08:13:56 Image size of job updated: 774900
	317  -  MemoryUsage of job (MB)
	324480  -  ResidentSetSize of job (KB)
...
006 (454.087.000) 2022-04-07 08:18:56 Image size of job updated: 775156
	318  -  MemoryUsage of job (MB)
	324612  -  ResidentSetSize of job (KB)
...
006 (454.087.000) 2022-04-07 08:23:56 Image size of job updated: 775156
	318  -  MemoryUsage of job (MB)
	324744  -  ResidentSetSize of job (KB)
...
006 (454.087.000) 2022-04-07 08:28:57 Image size of job updated: 775156
	318  -  MemoryUsage of job (MB)
	324876  -  ResidentSetSize of job (KB)
...
006 (454.087.000) 2022-04-07 08:33:57 Image size of job updated: 775412
	318  -  MemoryUsage of job (MB)
	325008  -  ResidentSetSize of job (KB)
...
006 (454.087.000) 2022-04-07 08:38:57 Image size of job updated: 775412
	318  -  MemoryUsage of job (MB)
	325140  -  ResidentSetSize of job (KB)
...
006 (454.087.000) 2022-04-07 08:43:58 Image size of job updated: 775668
	318  -  MemoryUsage of job (MB)
	325272  -  ResidentSetSize of job (KB)
...
006 (454.087.000) 2022-04-07 08:48:59 Image size of job updated: 775668
	318  -  MemoryUsage of job (MB)
	325404  -  ResidentSetSize of job (KB)
...
006 (454.087.000) 2022-04-07 08:53:59 Image size of job updated: 775924
	318  -  MemoryUsage of job (MB)
	325536  -  ResidentSetSize of job (KB)
...
006 (454.087.000) 2022-04-07 08:59:00 Image size of job updated: 775924
	319  -  MemoryUsage of job (MB)
	325668  -  ResidentSetSize of job (KB)
...
006 (454.087.000) 2022-04-07 09:04:01 Image size of job updated: 776180
	319  -  MemoryUsage of job (MB)
	325800  -  ResidentSetSize of job (KB)
...
006 (454.087.000) 2022-04-07 09:09:01 Image size of job updated: 776180
	319  -  MemoryUsage of job (MB)
	325932  -  ResidentSetSize of job (KB)
...
006 (454.087.000) 2022-04-07 09:14:01 Image size of job updated: 776436
	319  -  MemoryUsage of job (MB)
	325932  -  ResidentSetSize of job (KB)
...
006 (454.087.000) 2022-04-07 09:19:02 Image size of job updated: 776436
	319  -  MemoryUsage of job (MB)
	326196  -  ResidentSetSize of job (KB)
...
006 (454.087.000) 2022-04-07 09:24:03 Image size of job updated: 776692
	319  -  MemoryUsage of job (MB)
	326196  -  ResidentSetSize of job (KB)
...
006 (454.087.000) 2022-04-07 09:29:03 Image size of job updated: 776692
	319  -  MemoryUsage of job (MB)
	326328  -  ResidentSetSize of job (KB)
...
006 (454.087.000) 2022-04-07 09:34:04 Image size of job updated: 776948
	319  -  MemoryUsage of job (MB)
	326460  -  ResidentSetSize of job (KB)
...
006 (454.087.000) 2022-04-07 09:39:05 Image size of job updated: 776948
	319  -  MemoryUsage of job (MB)
	326592  -  ResidentSetSize of job (KB)
...
006 (454.087.000) 2022-04-07 09:59:07 Image size of job updated: 777204
	320  -  MemoryUsage of job (MB)
	326724  -  ResidentSetSize of job (KB)
...
006 (454.087.000) 2022-04-07 10:04:07 Image size of job updated: 777204
	320  -  MemoryUsage of job (MB)
	326856  -  ResidentSetSize of job (KB)
...
006 (454.087.000) 2022-04-07 10:09:08 Image size of job updated: 777460
	320  -  MemoryUsage of job (MB)
	326988  -  ResidentSetSize of job (KB)
...
006 (454.087.000) 2022-04-07 10:19:09 Image size of job updated: 777460
	320  -  MemoryUsage of job (MB)
	327120  -  ResidentSetSize of job (KB)
...
006 (454.087.000) 2022-04-07 10:24:09 Image size of job updated: 777716
	320  -  MemoryUsage of job (MB)
	327252  -  ResidentSetSize of job (KB)
...
006 (454.087.000) 2022-04-07 10:29:10 Image size of job updated: 777716
	320  -  MemoryUsage of job (MB)
	327384  -  ResidentSetSize of job (KB)
...
006 (454.087.000) 2022-04-07 10:34:11 Image size of job updated: 777972
	320  -  MemoryUsage of job (MB)
	327516  -  ResidentSetSize of job (KB)
...
006 (454.087.000) 2022-04-07 10:44:12 Image size of job updated: 777972
	320  -  MemoryUsage of job (MB)
	327648  -  ResidentSetSize of job (KB)
...
006 (454.087.000) 2022-04-07 10:49:13 Image size of job updated: 778228
	321  -  MemoryUsage of job (MB)
	327780  -  ResidentSetSize of job (KB)
...
006 (454.087.000) 2022-04-07 10:54:13 Image size of job updated: 778228
	321  -  MemoryUsage of job (MB)
	327912  -  ResidentSetSize of job (KB)
...
006 (454.087.000) 2022-04-07 10:59:13 Image size of job updated: 778484
	321  -  MemoryUsage of job (MB)
	328044  -  ResidentSetSize of job (KB)
...
006 (454.087.000) 2022-04-07 11:09:14 Image size of job updated: 778484
	321  -  MemoryUsage of job (MB)
	328176  -  ResidentSetSize of job (KB)
...
006 (454.087.000) 2022-04-07 11:14:14 Image size of job updated: 778740
	321  -  MemoryUsage of job (MB)
	328308  -  ResidentSetSize of job (KB)
...
006 (454.087.000) 2022-04-07 11:19:15 Image size of job updated: 778740
	321  -  MemoryUsage of job (MB)
	328440  -  ResidentSetSize of job (KB)
...
006 (454.087.000) 2022-04-07 11:24:16 Image size of job updated: 778996
	321  -  MemoryUsage of job (MB)
	328572  -  ResidentSetSize of job (KB)
...
006 (454.087.000) 2022-04-07 11:34:16 Image size of job updated: 779252
	321  -  MemoryUsage of job (MB)
	328704  -  ResidentSetSize of job (KB)
...
006 (454.087.000) 2022-04-07 11:39:17 Image size of job updated: 779252
	322  -  MemoryUsage of job (MB)
	328836  -  ResidentSetSize of job (KB)
...
006 (454.087.000) 2022-04-07 11:44:17 Image size of job updated: 779252
	322  -  MemoryUsage of job (MB)
	328968  -  ResidentSetSize of job (KB)
...
006 (454.087.000) 2022-04-07 11:49:17 Image size of job updated: 779508
	322  -  MemoryUsage of job (MB)
	328968  -  ResidentSetSize of job (KB)
...
006 (454.087.000) 2022-04-07 11:54:18 Image size of job updated: 779508
	322  -  MemoryUsage of job (MB)
	329100  -  ResidentSetSize of job (KB)
...
006 (454.087.000) 2022-04-07 11:59:19 Image size of job updated: 779764
	322  -  MemoryUsage of job (MB)
	329232  -  ResidentSetSize of job (KB)
...
005 (454.087.000) 2022-04-07 12:00:00 Job terminated.
	(1) Normal termination (return value 0)
		Usr 0 05:15:26, Sys 0 00:00:13  -  Run Remote Usage
		Usr 0 00:00:00, Sys 0 00:00:00  -  Run Local Usage
		Usr 0 05:15:26, Sys 0 00:00:13  -  Total Remote Usage
		Usr 0 00:00:00, Sys 0 00:00:00  -  Total Local Usage
	0  -  Run Bytes Sent By Job
	0  -  Run Bytes Received By Job
	0  -  Total Bytes Sent By Job
	0  -  Total Bytes Received By Job
	Partitionable Resources :    Usage  Request Allocated 
	   Cpus                 :     1.00        1         1 
	   Disk (KB)            :  7500        7500     11001 
	   Memory (MB)          :   322        1024      1024 

	Job terminated of its own accord at 2022-04-07T10:00:00Z with exit-code 0.
...
