000 (454.766.000) 2022-04-06 16:54:02 Job submitted from host: <10.18.24.243:9618?addrs=10.18.24.243-9618&alias=ecoclusts01.bioclust.biologie.ens.fr&noUDP&sock=schedd_1052_29b8>
...
001 (454.766.000) 2022-04-08 07:03:28 Job executing on host: <10.18.24.141:9618?addrs=10.18.24.141-9618&alias=dyoclust14.bioclust.biologie.ens.fr&noUDP&sock=startd_801_ff73>
...
006 (454.766.000) 2022-04-08 07:03:37 Image size of job updated: 207012
	203  -  MemoryUsage of job (MB)
	207012  -  ResidentSetSize of job (KB)
...
006 (454.766.000) 2022-04-08 07:08:38 Image size of job updated: 741624
	317  -  MemoryUsage of job (MB)
	324020  -  ResidentSetSize of job (KB)
...
006 (454.766.000) 2022-04-08 07:13:39 Image size of job updated: 774392
	317  -  MemoryUsage of job (MB)
	324152  -  ResidentSetSize of job (KB)
...
006 (454.766.000) 2022-04-08 07:48:42 Image size of job updated: 774648
	317  -  MemoryUsage of job (MB)
	324152  -  ResidentSetSize of job (KB)
...
006 (454.766.000) 2022-04-08 07:53:42 Image size of job updated: 774904
	317  -  MemoryUsage of job (MB)
	324416  -  ResidentSetSize of job (KB)
...
006 (454.766.000) 2022-04-08 07:58:42 Image size of job updated: 774904
	317  -  MemoryUsage of job (MB)
	324548  -  ResidentSetSize of job (KB)
...
006 (454.766.000) 2022-04-08 08:03:43 Image size of job updated: 775160
	318  -  MemoryUsage of job (MB)
	324680  -  ResidentSetSize of job (KB)
...
006 (454.766.000) 2022-04-08 08:08:43 Image size of job updated: 775416
	318  -  MemoryUsage of job (MB)
	324944  -  ResidentSetSize of job (KB)
...
006 (454.766.000) 2022-04-08 08:13:43 Image size of job updated: 775416
	318  -  MemoryUsage of job (MB)
	325076  -  ResidentSetSize of job (KB)
...
006 (454.766.000) 2022-04-08 08:18:44 Image size of job updated: 775672
	318  -  MemoryUsage of job (MB)
	325208  -  ResidentSetSize of job (KB)
...
006 (454.766.000) 2022-04-08 08:23:45 Image size of job updated: 775928
	318  -  MemoryUsage of job (MB)
	325472  -  ResidentSetSize of job (KB)
...
006 (454.766.000) 2022-04-08 08:28:45 Image size of job updated: 776184
	318  -  MemoryUsage of job (MB)
	325604  -  ResidentSetSize of job (KB)
...
006 (454.766.000) 2022-04-08 08:33:46 Image size of job updated: 776184
	319  -  MemoryUsage of job (MB)
	325868  -  ResidentSetSize of job (KB)
...
006 (454.766.000) 2022-04-08 08:38:47 Image size of job updated: 776440
	319  -  MemoryUsage of job (MB)
	326000  -  ResidentSetSize of job (KB)
...
006 (454.766.000) 2022-04-08 08:43:47 Image size of job updated: 776696
	319  -  MemoryUsage of job (MB)
	326264  -  ResidentSetSize of job (KB)
...
006 (454.766.000) 2022-04-08 08:48:47 Image size of job updated: 776952
	319  -  MemoryUsage of job (MB)
	326396  -  ResidentSetSize of job (KB)
...
006 (454.766.000) 2022-04-08 08:53:48 Image size of job updated: 776952
	319  -  MemoryUsage of job (MB)
	326528  -  ResidentSetSize of job (KB)
...
006 (454.766.000) 2022-04-08 09:03:49 Image size of job updated: 777208
	320  -  MemoryUsage of job (MB)
	326660  -  ResidentSetSize of job (KB)
...
006 (454.766.000) 2022-04-08 09:08:50 Image size of job updated: 777464
	320  -  MemoryUsage of job (MB)
	326924  -  ResidentSetSize of job (KB)
...
006 (454.766.000) 2022-04-08 09:13:51 Image size of job updated: 777464
	320  -  MemoryUsage of job (MB)
	327056  -  ResidentSetSize of job (KB)
...
006 (454.766.000) 2022-04-08 09:18:51 Image size of job updated: 777720
	320  -  MemoryUsage of job (MB)
	327320  -  ResidentSetSize of job (KB)
...
006 (454.766.000) 2022-04-08 09:23:51 Image size of job updated: 777976
	320  -  MemoryUsage of job (MB)
	327452  -  ResidentSetSize of job (KB)
...
006 (454.766.000) 2022-04-08 09:28:52 Image size of job updated: 777976
	321  -  MemoryUsage of job (MB)
	327716  -  ResidentSetSize of job (KB)
...
006 (454.766.000) 2022-04-08 09:33:53 Image size of job updated: 778232
	321  -  MemoryUsage of job (MB)
	327848  -  ResidentSetSize of job (KB)
...
006 (454.766.000) 2022-04-08 09:38:53 Image size of job updated: 778488
	321  -  MemoryUsage of job (MB)
	327980  -  ResidentSetSize of job (KB)
...
006 (454.766.000) 2022-04-08 09:43:54 Image size of job updated: 778744
	321  -  MemoryUsage of job (MB)
	328244  -  ResidentSetSize of job (KB)
...
006 (454.766.000) 2022-04-08 09:48:55 Image size of job updated: 778744
	321  -  MemoryUsage of job (MB)
	328376  -  ResidentSetSize of job (KB)
...
006 (454.766.000) 2022-04-08 09:53:55 Image size of job updated: 779000
	321  -  MemoryUsage of job (MB)
	328640  -  ResidentSetSize of job (KB)
...
006 (454.766.000) 2022-04-08 09:58:55 Image size of job updated: 779256
	322  -  MemoryUsage of job (MB)
	328772  -  ResidentSetSize of job (KB)
...
006 (454.766.000) 2022-04-08 10:03:56 Image size of job updated: 779256
	322  -  MemoryUsage of job (MB)
	328904  -  ResidentSetSize of job (KB)
...
006 (454.766.000) 2022-04-08 10:08:57 Image size of job updated: 779512
	322  -  MemoryUsage of job (MB)
	329168  -  ResidentSetSize of job (KB)
...
006 (454.766.000) 2022-04-08 10:13:05 Image size of job updated: 779768
	322  -  MemoryUsage of job (MB)
	329168  -  ResidentSetSize of job (KB)
...
005 (454.766.000) 2022-04-08 10:13:05 Job terminated.
	(1) Normal termination (return value 0)
		Usr 0 03:07:52, Sys 0 00:00:24  -  Run Remote Usage
		Usr 0 00:00:00, Sys 0 00:00:00  -  Run Local Usage
		Usr 0 03:07:52, Sys 0 00:00:24  -  Total Remote Usage
		Usr 0 00:00:00, Sys 0 00:00:00  -  Total Local Usage
	0  -  Run Bytes Sent By Job
	0  -  Run Bytes Received By Job
	0  -  Total Bytes Sent By Job
	0  -  Total Bytes Received By Job
	Partitionable Resources :    Usage  Request Allocated 
	   Cpus                 :     1.00        1         1 
	   Disk (KB)            :  7500        7500     10998 
	   Memory (MB)          :   322        1024      1024 

	Job terminated of its own accord at 2022-04-08T08:13:05Z with exit-code 0.
...
