000 (454.132.000) 2022-04-06 16:53:59 Job submitted from host: <10.18.24.243:9618?addrs=10.18.24.243-9618&alias=ecoclusts01.bioclust.biologie.ens.fr&noUDP&sock=schedd_1052_29b8>
...
001 (454.132.000) 2022-04-07 09:39:42 Job executing on host: <10.18.24.178:9618?addrs=10.18.24.178-9618&alias=mcbsclust07.bioclust.biologie.ens.fr&noUDP&sock=startd_912_2276>
...
006 (454.132.000) 2022-04-07 09:39:51 Image size of job updated: 656696
	418  -  MemoryUsage of job (MB)
	427964  -  ResidentSetSize of job (KB)
...
006 (454.132.000) 2022-04-07 09:44:52 Image size of job updated: 741620
	418  -  MemoryUsage of job (MB)
	427964  -  ResidentSetSize of job (KB)
...
006 (454.132.000) 2022-04-07 09:54:52 Image size of job updated: 774388
	418  -  MemoryUsage of job (MB)
	427964  -  ResidentSetSize of job (KB)
...
006 (454.132.000) 2022-04-07 11:15:01 Image size of job updated: 774644
	418  -  MemoryUsage of job (MB)
	427964  -  ResidentSetSize of job (KB)
...
006 (454.132.000) 2022-04-07 11:25:02 Image size of job updated: 774900
	418  -  MemoryUsage of job (MB)
	427964  -  ResidentSetSize of job (KB)
...
006 (454.132.000) 2022-04-07 11:40:03 Image size of job updated: 775156
	418  -  MemoryUsage of job (MB)
	427964  -  ResidentSetSize of job (KB)
...
006 (454.132.000) 2022-04-07 12:00:05 Image size of job updated: 775412
	418  -  MemoryUsage of job (MB)
	427964  -  ResidentSetSize of job (KB)
...
006 (454.132.000) 2022-04-07 12:10:06 Image size of job updated: 775668
	418  -  MemoryUsage of job (MB)
	427964  -  ResidentSetSize of job (KB)
...
006 (454.132.000) 2022-04-07 12:25:07 Image size of job updated: 775924
	418  -  MemoryUsage of job (MB)
	427964  -  ResidentSetSize of job (KB)
...
006 (454.132.000) 2022-04-07 12:40:09 Image size of job updated: 776180
	418  -  MemoryUsage of job (MB)
	427964  -  ResidentSetSize of job (KB)
...
006 (454.132.000) 2022-04-07 12:50:09 Image size of job updated: 776436
	418  -  MemoryUsage of job (MB)
	427964  -  ResidentSetSize of job (KB)
...
006 (454.132.000) 2022-04-07 13:05:11 Image size of job updated: 776692
	418  -  MemoryUsage of job (MB)
	427964  -  ResidentSetSize of job (KB)
...
006 (454.132.000) 2022-04-07 13:15:13 Image size of job updated: 776948
	418  -  MemoryUsage of job (MB)
	427964  -  ResidentSetSize of job (KB)
...
006 (454.132.000) 2022-04-07 13:50:17 Image size of job updated: 777204
	418  -  MemoryUsage of job (MB)
	427964  -  ResidentSetSize of job (KB)
...
006 (454.132.000) 2022-04-07 14:05:19 Image size of job updated: 777460
	418  -  MemoryUsage of job (MB)
	427964  -  ResidentSetSize of job (KB)
...
006 (454.132.000) 2022-04-07 14:20:20 Image size of job updated: 777716
	418  -  MemoryUsage of job (MB)
	427964  -  ResidentSetSize of job (KB)
...
006 (454.132.000) 2022-04-07 14:35:21 Image size of job updated: 777972
	418  -  MemoryUsage of job (MB)
	427964  -  ResidentSetSize of job (KB)
...
006 (454.132.000) 2022-04-07 14:50:22 Image size of job updated: 778228
	418  -  MemoryUsage of job (MB)
	427964  -  ResidentSetSize of job (KB)
...
006 (454.132.000) 2022-04-07 15:05:24 Image size of job updated: 778484
	418  -  MemoryUsage of job (MB)
	427964  -  ResidentSetSize of job (KB)
...
006 (454.132.000) 2022-04-07 15:20:26 Image size of job updated: 778740
	418  -  MemoryUsage of job (MB)
	427964  -  ResidentSetSize of job (KB)
...
006 (454.132.000) 2022-04-07 15:30:27 Image size of job updated: 778996
	418  -  MemoryUsage of job (MB)
	427964  -  ResidentSetSize of job (KB)
...
006 (454.132.000) 2022-04-07 15:45:28 Image size of job updated: 779252
	418  -  MemoryUsage of job (MB)
	427964  -  ResidentSetSize of job (KB)
...
006 (454.132.000) 2022-04-07 16:00:30 Image size of job updated: 779508
	418  -  MemoryUsage of job (MB)
	427964  -  ResidentSetSize of job (KB)
...
006 (454.132.000) 2022-04-07 16:13:30 Image size of job updated: 779764
	418  -  MemoryUsage of job (MB)
	427964  -  ResidentSetSize of job (KB)
...
005 (454.132.000) 2022-04-07 16:13:30 Job terminated.
	(1) Normal termination (return value 0)
		Usr 0 06:32:50, Sys 0 00:00:15  -  Run Remote Usage
		Usr 0 00:00:00, Sys 0 00:00:00  -  Run Local Usage
		Usr 0 06:32:50, Sys 0 00:00:15  -  Total Remote Usage
		Usr 0 00:00:00, Sys 0 00:00:00  -  Total Local Usage
	0  -  Run Bytes Sent By Job
	0  -  Run Bytes Received By Job
	0  -  Total Bytes Sent By Job
	0  -  Total Bytes Received By Job
	Partitionable Resources :    Usage  Request Allocated 
	   Cpus                 :     1.00        1         1 
	   Disk (KB)            :  7500        7500     11001 
	   Memory (MB)          :   418        1024      1024 

	Job terminated of its own accord at 2022-04-07T14:13:30Z with exit-code 0.
...
