000 (454.468.000) 2022-04-06 16:54:01 Job submitted from host: <10.18.24.243:9618?addrs=10.18.24.243-9618&alias=ecoclusts01.bioclust.biologie.ens.fr&noUDP&sock=schedd_1052_29b8>
...
001 (454.468.000) 2022-04-07 22:25:56 Job executing on host: <10.18.24.141:9618?addrs=10.18.24.141-9618&alias=dyoclust14.bioclust.biologie.ens.fr&noUDP&sock=startd_801_ff73>
...
006 (454.468.000) 2022-04-07 22:26:05 Image size of job updated: 327944
	158  -  MemoryUsage of job (MB)
	161548  -  ResidentSetSize of job (KB)
...
006 (454.468.000) 2022-04-07 22:31:06 Image size of job updated: 741880
	317  -  MemoryUsage of job (MB)
	324304  -  ResidentSetSize of job (KB)
...
006 (454.468.000) 2022-04-07 22:36:06 Image size of job updated: 774648
	317  -  MemoryUsage of job (MB)
	324304  -  ResidentSetSize of job (KB)
...
006 (454.468.000) 2022-04-07 23:21:11 Image size of job updated: 774904
	317  -  MemoryUsage of job (MB)
	324436  -  ResidentSetSize of job (KB)
...
006 (454.468.000) 2022-04-07 23:26:12 Image size of job updated: 775160
	317  -  MemoryUsage of job (MB)
	324568  -  ResidentSetSize of job (KB)
...
006 (454.468.000) 2022-04-07 23:31:12 Image size of job updated: 775160
	318  -  MemoryUsage of job (MB)
	324832  -  ResidentSetSize of job (KB)
...
006 (454.468.000) 2022-04-07 23:36:13 Image size of job updated: 775416
	318  -  MemoryUsage of job (MB)
	324964  -  ResidentSetSize of job (KB)
...
006 (454.468.000) 2022-04-07 23:41:14 Image size of job updated: 775672
	318  -  MemoryUsage of job (MB)
	325096  -  ResidentSetSize of job (KB)
...
006 (454.468.000) 2022-04-07 23:46:14 Image size of job updated: 775672
	318  -  MemoryUsage of job (MB)
	325360  -  ResidentSetSize of job (KB)
...
006 (454.468.000) 2022-04-07 23:51:14 Image size of job updated: 775928
	318  -  MemoryUsage of job (MB)
	325492  -  ResidentSetSize of job (KB)
...
006 (454.468.000) 2022-04-07 23:56:16 Image size of job updated: 776184
	319  -  MemoryUsage of job (MB)
	325756  -  ResidentSetSize of job (KB)
...
006 (454.468.000) 2022-04-08 00:01:16 Image size of job updated: 776440
	319  -  MemoryUsage of job (MB)
	326020  -  ResidentSetSize of job (KB)
...
006 (454.468.000) 2022-04-08 00:06:16 Image size of job updated: 776696
	319  -  MemoryUsage of job (MB)
	326152  -  ResidentSetSize of job (KB)
...
006 (454.468.000) 2022-04-08 00:11:17 Image size of job updated: 776696
	319  -  MemoryUsage of job (MB)
	326284  -  ResidentSetSize of job (KB)
...
006 (454.468.000) 2022-04-08 00:16:18 Image size of job updated: 776952
	319  -  MemoryUsage of job (MB)
	326548  -  ResidentSetSize of job (KB)
...
006 (454.468.000) 2022-04-08 00:31:19 Image size of job updated: 777208
	320  -  MemoryUsage of job (MB)
	326680  -  ResidentSetSize of job (KB)
...
006 (454.468.000) 2022-04-08 00:36:20 Image size of job updated: 777208
	320  -  MemoryUsage of job (MB)
	326944  -  ResidentSetSize of job (KB)
...
006 (454.468.000) 2022-04-08 00:41:19 Image size of job updated: 777464
	320  -  MemoryUsage of job (MB)
	327076  -  ResidentSetSize of job (KB)
...
006 (454.468.000) 2022-04-08 00:46:20 Image size of job updated: 777720
	320  -  MemoryUsage of job (MB)
	327208  -  ResidentSetSize of job (KB)
...
006 (454.468.000) 2022-04-08 00:51:22 Image size of job updated: 777976
	320  -  MemoryUsage of job (MB)
	327472  -  ResidentSetSize of job (KB)
...
006 (454.468.000) 2022-04-08 00:56:22 Image size of job updated: 777976
	321  -  MemoryUsage of job (MB)
	327736  -  ResidentSetSize of job (KB)
...
006 (454.468.000) 2022-04-08 01:01:22 Image size of job updated: 778232
	321  -  MemoryUsage of job (MB)
	327868  -  ResidentSetSize of job (KB)
...
006 (454.468.000) 2022-04-08 01:06:23 Image size of job updated: 778488
	321  -  MemoryUsage of job (MB)
	328000  -  ResidentSetSize of job (KB)
...
006 (454.468.000) 2022-04-08 01:11:24 Image size of job updated: 778744
	321  -  MemoryUsage of job (MB)
	328264  -  ResidentSetSize of job (KB)
...
006 (454.468.000) 2022-04-08 01:16:24 Image size of job updated: 778744
	321  -  MemoryUsage of job (MB)
	328396  -  ResidentSetSize of job (KB)
...
006 (454.468.000) 2022-04-08 01:21:25 Image size of job updated: 779000
	321  -  MemoryUsage of job (MB)
	328528  -  ResidentSetSize of job (KB)
...
006 (454.468.000) 2022-04-08 01:26:26 Image size of job updated: 779256
	322  -  MemoryUsage of job (MB)
	328792  -  ResidentSetSize of job (KB)
...
006 (454.468.000) 2022-04-08 01:31:26 Image size of job updated: 779256
	322  -  MemoryUsage of job (MB)
	328924  -  ResidentSetSize of job (KB)
...
006 (454.468.000) 2022-04-08 01:36:26 Image size of job updated: 779512
	322  -  MemoryUsage of job (MB)
	329188  -  ResidentSetSize of job (KB)
...
006 (454.468.000) 2022-04-08 01:40:27 Image size of job updated: 779768
	322  -  MemoryUsage of job (MB)
	329188  -  ResidentSetSize of job (KB)
...
005 (454.468.000) 2022-04-08 01:40:28 Job terminated.
	(1) Normal termination (return value 0)
		Usr 0 03:12:36, Sys 0 00:00:23  -  Run Remote Usage
		Usr 0 00:00:00, Sys 0 00:00:00  -  Run Local Usage
		Usr 0 03:12:36, Sys 0 00:00:23  -  Total Remote Usage
		Usr 0 00:00:00, Sys 0 00:00:00  -  Total Local Usage
	0  -  Run Bytes Sent By Job
	0  -  Run Bytes Received By Job
	0  -  Total Bytes Sent By Job
	0  -  Total Bytes Received By Job
	Partitionable Resources :    Usage  Request Allocated 
	   Cpus                 :     1.00        1         1 
	   Disk (KB)            :  7500        7500     10998 
	   Memory (MB)          :   322        1024      1024 

	Job terminated of its own accord at 2022-04-07T23:40:27Z with exit-code 0.
...
