000 (454.882.000) 2022-04-06 16:54:03 Job submitted from host: <10.18.24.243:9618?addrs=10.18.24.243-9618&alias=ecoclusts01.bioclust.biologie.ens.fr&noUDP&sock=schedd_1052_29b8>
...
001 (454.882.000) 2022-04-08 10:11:58 Job executing on host: <10.18.24.137:9618?addrs=10.18.24.137-9618&alias=dyoclust10.bioclust.biologie.ens.fr&noUDP&sock=startd_830_e3b2>
...
006 (454.882.000) 2022-04-08 10:12:07 Image size of job updated: 221788
	67  -  MemoryUsage of job (MB)
	67660  -  ResidentSetSize of job (KB)
...
006 (454.882.000) 2022-04-08 10:17:07 Image size of job updated: 741876
	306  -  MemoryUsage of job (MB)
	312940  -  ResidentSetSize of job (KB)
...
006 (454.882.000) 2022-04-08 10:22:08 Image size of job updated: 774644
	317  -  MemoryUsage of job (MB)
	324324  -  ResidentSetSize of job (KB)
...
006 (454.882.000) 2022-04-08 10:57:12 Image size of job updated: 774900
	317  -  MemoryUsage of job (MB)
	324456  -  ResidentSetSize of job (KB)
...
006 (454.882.000) 2022-04-08 11:02:13 Image size of job updated: 774900
	317  -  MemoryUsage of job (MB)
	324588  -  ResidentSetSize of job (KB)
...
006 (454.882.000) 2022-04-08 11:07:13 Image size of job updated: 775156
	318  -  MemoryUsage of job (MB)
	324720  -  ResidentSetSize of job (KB)
...
006 (454.882.000) 2022-04-08 11:12:13 Image size of job updated: 775412
	318  -  MemoryUsage of job (MB)
	324984  -  ResidentSetSize of job (KB)
...
006 (454.882.000) 2022-04-08 11:17:15 Image size of job updated: 775668
	318  -  MemoryUsage of job (MB)
	325116  -  ResidentSetSize of job (KB)
...
006 (454.882.000) 2022-04-08 11:22:15 Image size of job updated: 775668
	318  -  MemoryUsage of job (MB)
	325380  -  ResidentSetSize of job (KB)
...
006 (454.882.000) 2022-04-08 11:27:15 Image size of job updated: 775924
	318  -  MemoryUsage of job (MB)
	325512  -  ResidentSetSize of job (KB)
...
006 (454.882.000) 2022-04-08 11:32:16 Image size of job updated: 776180
	319  -  MemoryUsage of job (MB)
	325644  -  ResidentSetSize of job (KB)
...
006 (454.882.000) 2022-04-08 11:37:17 Image size of job updated: 776436
	319  -  MemoryUsage of job (MB)
	325908  -  ResidentSetSize of job (KB)
...
006 (454.882.000) 2022-04-08 11:42:17 Image size of job updated: 776436
	319  -  MemoryUsage of job (MB)
	326040  -  ResidentSetSize of job (KB)
...
006 (454.882.000) 2022-04-08 11:47:17 Image size of job updated: 776692
	319  -  MemoryUsage of job (MB)
	326304  -  ResidentSetSize of job (KB)
...
006 (454.882.000) 2022-04-08 11:52:18 Image size of job updated: 776948
	319  -  MemoryUsage of job (MB)
	326436  -  ResidentSetSize of job (KB)
...
006 (454.882.000) 2022-04-08 11:57:19 Image size of job updated: 776948
	319  -  MemoryUsage of job (MB)
	326568  -  ResidentSetSize of job (KB)
...
006 (454.882.000) 2022-04-08 12:07:20 Image size of job updated: 777204
	320  -  MemoryUsage of job (MB)
	326700  -  ResidentSetSize of job (KB)
...
006 (454.882.000) 2022-04-08 12:12:21 Image size of job updated: 777460
	320  -  MemoryUsage of job (MB)
	326964  -  ResidentSetSize of job (KB)
...
006 (454.882.000) 2022-04-08 12:17:21 Image size of job updated: 777460
	320  -  MemoryUsage of job (MB)
	327096  -  ResidentSetSize of job (KB)
...
006 (454.882.000) 2022-04-08 12:22:21 Image size of job updated: 777716
	320  -  MemoryUsage of job (MB)
	327360  -  ResidentSetSize of job (KB)
...
006 (454.882.000) 2022-04-08 12:27:22 Image size of job updated: 777972
	320  -  MemoryUsage of job (MB)
	327492  -  ResidentSetSize of job (KB)
...
006 (454.882.000) 2022-04-08 12:32:22 Image size of job updated: 778228
	321  -  MemoryUsage of job (MB)
	327756  -  ResidentSetSize of job (KB)
...
006 (454.882.000) 2022-04-08 12:37:22 Image size of job updated: 778228
	321  -  MemoryUsage of job (MB)
	327888  -  ResidentSetSize of job (KB)
...
006 (454.882.000) 2022-04-08 12:42:23 Image size of job updated: 778484
	321  -  MemoryUsage of job (MB)
	328020  -  ResidentSetSize of job (KB)
...
006 (454.882.000) 2022-04-08 12:47:24 Image size of job updated: 778740
	321  -  MemoryUsage of job (MB)
	328284  -  ResidentSetSize of job (KB)
...
006 (454.882.000) 2022-04-08 12:52:24 Image size of job updated: 778740
	321  -  MemoryUsage of job (MB)
	328416  -  ResidentSetSize of job (KB)
...
006 (454.882.000) 2022-04-08 12:57:24 Image size of job updated: 778996
	321  -  MemoryUsage of job (MB)
	328548  -  ResidentSetSize of job (KB)
...
006 (454.882.000) 2022-04-08 13:02:25 Image size of job updated: 779252
	322  -  MemoryUsage of job (MB)
	328812  -  ResidentSetSize of job (KB)
...
006 (454.882.000) 2022-04-08 13:07:25 Image size of job updated: 779252
	322  -  MemoryUsage of job (MB)
	328944  -  ResidentSetSize of job (KB)
...
006 (454.882.000) 2022-04-08 13:12:25 Image size of job updated: 779508
	322  -  MemoryUsage of job (MB)
	329076  -  ResidentSetSize of job (KB)
...
006 (454.882.000) 2022-04-08 13:16:01 Image size of job updated: 779764
	322  -  MemoryUsage of job (MB)
	329076  -  ResidentSetSize of job (KB)
...
005 (454.882.000) 2022-04-08 13:16:01 Job terminated.
	(1) Normal termination (return value 0)
		Usr 0 03:01:39, Sys 0 00:00:26  -  Run Remote Usage
		Usr 0 00:00:00, Sys 0 00:00:00  -  Run Local Usage
		Usr 0 03:01:39, Sys 0 00:00:26  -  Total Remote Usage
		Usr 0 00:00:00, Sys 0 00:00:00  -  Total Local Usage
	0  -  Run Bytes Sent By Job
	0  -  Run Bytes Received By Job
	0  -  Total Bytes Sent By Job
	0  -  Total Bytes Received By Job
	Partitionable Resources :    Usage  Request Allocated 
	   Cpus                 :     0.98        1         1 
	   Disk (KB)            :  7500        7500     10999 
	   Memory (MB)          :   322        1024      1024 

	Job terminated of its own accord at 2022-04-08T11:16:01Z with exit-code 0.
...
