000 (454.449.000) 2022-04-06 16:54:01 Job submitted from host: <10.18.24.243:9618?addrs=10.18.24.243-9618&alias=ecoclusts01.bioclust.biologie.ens.fr&noUDP&sock=schedd_1052_29b8>
...
001 (454.449.000) 2022-04-07 21:51:56 Job executing on host: <10.18.24.142:9618?addrs=10.18.24.142-9618&alias=dyoclust15.bioclust.biologie.ens.fr&noUDP&sock=startd_768_5cd3>
...
006 (454.449.000) 2022-04-07 21:52:05 Image size of job updated: 200252
	100  -  MemoryUsage of job (MB)
	102120  -  ResidentSetSize of job (KB)
...
006 (454.449.000) 2022-04-07 21:57:05 Image size of job updated: 741620
	317  -  MemoryUsage of job (MB)
	324124  -  ResidentSetSize of job (KB)
...
006 (454.449.000) 2022-04-07 22:02:05 Image size of job updated: 774388
	317  -  MemoryUsage of job (MB)
	324124  -  ResidentSetSize of job (KB)
...
006 (454.449.000) 2022-04-07 22:32:09 Image size of job updated: 774644
	317  -  MemoryUsage of job (MB)
	324212  -  ResidentSetSize of job (KB)
...
006 (454.449.000) 2022-04-07 22:37:09 Image size of job updated: 774900
	317  -  MemoryUsage of job (MB)
	324476  -  ResidentSetSize of job (KB)
...
006 (454.449.000) 2022-04-07 22:42:10 Image size of job updated: 774900
	317  -  MemoryUsage of job (MB)
	324608  -  ResidentSetSize of job (KB)
...
006 (454.449.000) 2022-04-07 22:47:11 Image size of job updated: 775156
	318  -  MemoryUsage of job (MB)
	324740  -  ResidentSetSize of job (KB)
...
006 (454.449.000) 2022-04-07 22:52:11 Image size of job updated: 775412
	318  -  MemoryUsage of job (MB)
	325004  -  ResidentSetSize of job (KB)
...
006 (454.449.000) 2022-04-07 22:57:12 Image size of job updated: 775668
	318  -  MemoryUsage of job (MB)
	325136  -  ResidentSetSize of job (KB)
...
006 (454.449.000) 2022-04-07 23:02:13 Image size of job updated: 775668
	318  -  MemoryUsage of job (MB)
	325400  -  ResidentSetSize of job (KB)
...
006 (454.449.000) 2022-04-07 23:07:13 Image size of job updated: 775924
	318  -  MemoryUsage of job (MB)
	325532  -  ResidentSetSize of job (KB)
...
006 (454.449.000) 2022-04-07 23:12:13 Image size of job updated: 776180
	319  -  MemoryUsage of job (MB)
	325796  -  ResidentSetSize of job (KB)
...
006 (454.449.000) 2022-04-07 23:17:14 Image size of job updated: 776436
	319  -  MemoryUsage of job (MB)
	325928  -  ResidentSetSize of job (KB)
...
006 (454.449.000) 2022-04-07 23:22:15 Image size of job updated: 776692
	319  -  MemoryUsage of job (MB)
	326192  -  ResidentSetSize of job (KB)
...
006 (454.449.000) 2022-04-07 23:27:15 Image size of job updated: 776948
	319  -  MemoryUsage of job (MB)
	326456  -  ResidentSetSize of job (KB)
...
006 (454.449.000) 2022-04-07 23:32:16 Image size of job updated: 776948
	319  -  MemoryUsage of job (MB)
	326588  -  ResidentSetSize of job (KB)
...
006 (454.449.000) 2022-04-07 23:47:17 Image size of job updated: 777204
	320  -  MemoryUsage of job (MB)
	326852  -  ResidentSetSize of job (KB)
...
006 (454.449.000) 2022-04-07 23:52:18 Image size of job updated: 777460
	320  -  MemoryUsage of job (MB)
	326984  -  ResidentSetSize of job (KB)
...
006 (454.449.000) 2022-04-07 23:57:19 Image size of job updated: 777716
	320  -  MemoryUsage of job (MB)
	327248  -  ResidentSetSize of job (KB)
...
006 (454.449.000) 2022-04-08 00:02:19 Image size of job updated: 777716
	320  -  MemoryUsage of job (MB)
	327380  -  ResidentSetSize of job (KB)
...
006 (454.449.000) 2022-04-08 00:07:20 Image size of job updated: 777972
	320  -  MemoryUsage of job (MB)
	327644  -  ResidentSetSize of job (KB)
...
006 (454.449.000) 2022-04-08 00:12:21 Image size of job updated: 778228
	321  -  MemoryUsage of job (MB)
	327776  -  ResidentSetSize of job (KB)
...
006 (454.449.000) 2022-04-08 00:17:21 Image size of job updated: 778484
	321  -  MemoryUsage of job (MB)
	327908  -  ResidentSetSize of job (KB)
...
006 (454.449.000) 2022-04-08 00:22:21 Image size of job updated: 778484
	321  -  MemoryUsage of job (MB)
	328172  -  ResidentSetSize of job (KB)
...
006 (454.449.000) 2022-04-08 00:27:22 Image size of job updated: 778740
	321  -  MemoryUsage of job (MB)
	328304  -  ResidentSetSize of job (KB)
...
006 (454.449.000) 2022-04-08 00:32:22 Image size of job updated: 778996
	321  -  MemoryUsage of job (MB)
	328568  -  ResidentSetSize of job (KB)
...
006 (454.449.000) 2022-04-08 00:37:22 Image size of job updated: 778996
	321  -  MemoryUsage of job (MB)
	328700  -  ResidentSetSize of job (KB)
...
006 (454.449.000) 2022-04-08 00:42:22 Image size of job updated: 779252
	322  -  MemoryUsage of job (MB)
	328832  -  ResidentSetSize of job (KB)
...
006 (454.449.000) 2022-04-08 00:47:24 Image size of job updated: 779508
	322  -  MemoryUsage of job (MB)
	329096  -  ResidentSetSize of job (KB)
...
006 (454.449.000) 2022-04-08 00:52:24 Image size of job updated: 779508
	322  -  MemoryUsage of job (MB)
	329228  -  ResidentSetSize of job (KB)
...
006 (454.449.000) 2022-04-08 00:53:34 Image size of job updated: 779764
	322  -  MemoryUsage of job (MB)
	329228  -  ResidentSetSize of job (KB)
...
005 (454.449.000) 2022-04-08 00:53:34 Job terminated.
	(1) Normal termination (return value 0)
		Usr 0 02:59:34, Sys 0 00:00:31  -  Run Remote Usage
		Usr 0 00:00:00, Sys 0 00:00:00  -  Run Local Usage
		Usr 0 02:59:34, Sys 0 00:00:31  -  Total Remote Usage
		Usr 0 00:00:00, Sys 0 00:00:00  -  Total Local Usage
	0  -  Run Bytes Sent By Job
	0  -  Run Bytes Received By Job
	0  -  Total Bytes Sent By Job
	0  -  Total Bytes Received By Job
	Partitionable Resources :    Usage  Request Allocated 
	   Cpus                 :     0.99        1         1 
	   Disk (KB)            :  7500        7500     10998 
	   Memory (MB)          :   322        1024      1024 

	Job terminated of its own accord at 2022-04-07T22:53:34Z with exit-code 0.
...
