000 (454.758.000) 2022-04-06 16:54:02 Job submitted from host: <10.18.24.243:9618?addrs=10.18.24.243-9618&alias=ecoclusts01.bioclust.biologie.ens.fr&noUDP&sock=schedd_1052_29b8>
...
001 (454.758.000) 2022-04-08 06:50:28 Job executing on host: <10.18.24.133:9618?addrs=10.18.24.133-9618&alias=dyoclust06.bioclust.biologie.ens.fr&noUDP&sock=startd_804_0e3b>
...
006 (454.758.000) 2022-04-08 06:50:38 Image size of job updated: 233152
	64  -  MemoryUsage of job (MB)
	65284  -  ResidentSetSize of job (KB)
...
006 (454.758.000) 2022-04-08 06:55:39 Image size of job updated: 845680
	317  -  MemoryUsage of job (MB)
	324108  -  ResidentSetSize of job (KB)
...
006 (454.758.000) 2022-04-08 07:45:43 Image size of job updated: 845680
	317  -  MemoryUsage of job (MB)
	324240  -  ResidentSetSize of job (KB)
...
006 (454.758.000) 2022-04-08 07:50:44 Image size of job updated: 845680
	317  -  MemoryUsage of job (MB)
	324372  -  ResidentSetSize of job (KB)
...
006 (454.758.000) 2022-04-08 07:55:44 Image size of job updated: 845680
	317  -  MemoryUsage of job (MB)
	324504  -  ResidentSetSize of job (KB)
...
006 (454.758.000) 2022-04-08 08:00:44 Image size of job updated: 845680
	318  -  MemoryUsage of job (MB)
	324636  -  ResidentSetSize of job (KB)
...
006 (454.758.000) 2022-04-08 08:05:45 Image size of job updated: 845680
	318  -  MemoryUsage of job (MB)
	324768  -  ResidentSetSize of job (KB)
...
006 (454.758.000) 2022-04-08 08:10:45 Image size of job updated: 845680
	318  -  MemoryUsage of job (MB)
	324900  -  ResidentSetSize of job (KB)
...
006 (454.758.000) 2022-04-08 08:15:45 Image size of job updated: 845680
	318  -  MemoryUsage of job (MB)
	325032  -  ResidentSetSize of job (KB)
...
006 (454.758.000) 2022-04-08 08:20:46 Image size of job updated: 845680
	318  -  MemoryUsage of job (MB)
	325164  -  ResidentSetSize of job (KB)
...
006 (454.758.000) 2022-04-08 08:25:47 Image size of job updated: 845680
	318  -  MemoryUsage of job (MB)
	325296  -  ResidentSetSize of job (KB)
...
006 (454.758.000) 2022-04-08 08:30:47 Image size of job updated: 845680
	318  -  MemoryUsage of job (MB)
	325428  -  ResidentSetSize of job (KB)
...
006 (454.758.000) 2022-04-08 08:35:47 Image size of job updated: 845680
	318  -  MemoryUsage of job (MB)
	325560  -  ResidentSetSize of job (KB)
...
006 (454.758.000) 2022-04-08 08:40:48 Image size of job updated: 845680
	319  -  MemoryUsage of job (MB)
	325692  -  ResidentSetSize of job (KB)
...
006 (454.758.000) 2022-04-08 08:45:48 Image size of job updated: 845680
	319  -  MemoryUsage of job (MB)
	325956  -  ResidentSetSize of job (KB)
...
006 (454.758.000) 2022-04-08 08:50:48 Image size of job updated: 845680
	319  -  MemoryUsage of job (MB)
	326088  -  ResidentSetSize of job (KB)
...
006 (454.758.000) 2022-04-08 08:55:49 Image size of job updated: 845680
	319  -  MemoryUsage of job (MB)
	326220  -  ResidentSetSize of job (KB)
...
006 (454.758.000) 2022-04-08 09:00:50 Image size of job updated: 845680
	319  -  MemoryUsage of job (MB)
	326352  -  ResidentSetSize of job (KB)
...
006 (454.758.000) 2022-04-08 09:05:50 Image size of job updated: 845680
	319  -  MemoryUsage of job (MB)
	326616  -  ResidentSetSize of job (KB)
...
006 (454.758.000) 2022-04-08 09:20:52 Image size of job updated: 845680
	320  -  MemoryUsage of job (MB)
	326724  -  ResidentSetSize of job (KB)
...
006 (454.758.000) 2022-04-08 09:25:52 Image size of job updated: 845680
	320  -  MemoryUsage of job (MB)
	326856  -  ResidentSetSize of job (KB)
...
006 (454.758.000) 2022-04-08 09:30:53 Image size of job updated: 845680
	320  -  MemoryUsage of job (MB)
	326988  -  ResidentSetSize of job (KB)
...
006 (454.758.000) 2022-04-08 09:35:53 Image size of job updated: 845680
	320  -  MemoryUsage of job (MB)
	327120  -  ResidentSetSize of job (KB)
...
006 (454.758.000) 2022-04-08 09:40:53 Image size of job updated: 845680
	320  -  MemoryUsage of job (MB)
	327252  -  ResidentSetSize of job (KB)
...
006 (454.758.000) 2022-04-08 09:45:54 Image size of job updated: 845680
	320  -  MemoryUsage of job (MB)
	327384  -  ResidentSetSize of job (KB)
...
006 (454.758.000) 2022-04-08 09:50:55 Image size of job updated: 845680
	320  -  MemoryUsage of job (MB)
	327516  -  ResidentSetSize of job (KB)
...
006 (454.758.000) 2022-04-08 09:55:55 Image size of job updated: 845680
	320  -  MemoryUsage of job (MB)
	327648  -  ResidentSetSize of job (KB)
...
006 (454.758.000) 2022-04-08 10:00:56 Image size of job updated: 845680
	321  -  MemoryUsage of job (MB)
	327780  -  ResidentSetSize of job (KB)
...
006 (454.758.000) 2022-04-08 10:05:57 Image size of job updated: 845680
	321  -  MemoryUsage of job (MB)
	327912  -  ResidentSetSize of job (KB)
...
006 (454.758.000) 2022-04-08 10:10:57 Image size of job updated: 845680
	321  -  MemoryUsage of job (MB)
	328044  -  ResidentSetSize of job (KB)
...
006 (454.758.000) 2022-04-08 10:15:57 Image size of job updated: 845680
	321  -  MemoryUsage of job (MB)
	328176  -  ResidentSetSize of job (KB)
...
006 (454.758.000) 2022-04-08 10:20:58 Image size of job updated: 845680
	321  -  MemoryUsage of job (MB)
	328308  -  ResidentSetSize of job (KB)
...
006 (454.758.000) 2022-04-08 10:25:59 Image size of job updated: 845680
	321  -  MemoryUsage of job (MB)
	328440  -  ResidentSetSize of job (KB)
...
006 (454.758.000) 2022-04-08 10:30:59 Image size of job updated: 845680
	321  -  MemoryUsage of job (MB)
	328572  -  ResidentSetSize of job (KB)
...
006 (454.758.000) 2022-04-08 10:36:00 Image size of job updated: 845680
	321  -  MemoryUsage of job (MB)
	328704  -  ResidentSetSize of job (KB)
...
006 (454.758.000) 2022-04-08 10:41:01 Image size of job updated: 845680
	322  -  MemoryUsage of job (MB)
	328968  -  ResidentSetSize of job (KB)
...
006 (454.758.000) 2022-04-08 10:46:01 Image size of job updated: 845680
	322  -  MemoryUsage of job (MB)
	329100  -  ResidentSetSize of job (KB)
...
006 (454.758.000) 2022-04-08 10:51:01 Image size of job updated: 845680
	322  -  MemoryUsage of job (MB)
	329232  -  ResidentSetSize of job (KB)
...
005 (454.758.000) 2022-04-08 10:53:46 Job terminated.
	(1) Normal termination (return value 0)
		Usr 0 03:59:47, Sys 0 00:00:52  -  Run Remote Usage
		Usr 0 00:00:00, Sys 0 00:00:00  -  Run Local Usage
		Usr 0 03:59:47, Sys 0 00:00:52  -  Total Remote Usage
		Usr 0 00:00:00, Sys 0 00:00:00  -  Total Local Usage
	0  -  Run Bytes Sent By Job
	0  -  Run Bytes Received By Job
	0  -  Total Bytes Sent By Job
	0  -  Total Bytes Received By Job
	Partitionable Resources :    Usage  Request Allocated 
	   Cpus                 :     1.00        1         1 
	   Disk (KB)            :  7500        7500     10015 
	   Memory (MB)          :   322        1024      1024 

	Job terminated of its own accord at 2022-04-08T08:53:46Z with exit-code 0.
...
