000 (454.032.000) 2022-04-06 16:53:59 Job submitted from host: <10.18.24.243:9618?addrs=10.18.24.243-9618&alias=ecoclusts01.bioclust.biologie.ens.fr&noUDP&sock=schedd_1052_29b8>
...
001 (454.032.000) 2022-04-07 03:02:29 Job executing on host: <10.18.24.12:9618?addrs=10.18.24.12-9618&alias=bioclust12.bioclust.biologie.ens.fr&noUDP&sock=startd_86046_fa3b>
...
006 (454.032.000) 2022-04-07 03:02:38 Image size of job updated: 150864
	64  -  MemoryUsage of job (MB)
	64788  -  ResidentSetSize of job (KB)
...
006 (454.032.000) 2022-04-07 03:07:39 Image size of job updated: 743220
	317  -  MemoryUsage of job (MB)
	324160  -  ResidentSetSize of job (KB)
...
006 (454.032.000) 2022-04-07 03:17:39 Image size of job updated: 774392
	317  -  MemoryUsage of job (MB)
	324160  -  ResidentSetSize of job (KB)
...
006 (454.032.000) 2022-04-07 04:22:45 Image size of job updated: 774648
	317  -  MemoryUsage of job (MB)
	324160  -  ResidentSetSize of job (KB)
...
006 (454.032.000) 2022-04-07 04:27:46 Image size of job updated: 774648
	317  -  MemoryUsage of job (MB)
	324292  -  ResidentSetSize of job (KB)
...
006 (454.032.000) 2022-04-07 04:37:47 Image size of job updated: 774904
	317  -  MemoryUsage of job (MB)
	324424  -  ResidentSetSize of job (KB)
...
006 (454.032.000) 2022-04-07 04:42:48 Image size of job updated: 774904
	317  -  MemoryUsage of job (MB)
	324556  -  ResidentSetSize of job (KB)
...
006 (454.032.000) 2022-04-07 04:52:49 Image size of job updated: 775160
	318  -  MemoryUsage of job (MB)
	324688  -  ResidentSetSize of job (KB)
...
006 (454.032.000) 2022-04-07 04:57:49 Image size of job updated: 775160
	318  -  MemoryUsage of job (MB)
	324820  -  ResidentSetSize of job (KB)
...
006 (454.032.000) 2022-04-07 05:07:50 Image size of job updated: 775416
	318  -  MemoryUsage of job (MB)
	324952  -  ResidentSetSize of job (KB)
...
006 (454.032.000) 2022-04-07 05:12:50 Image size of job updated: 775416
	318  -  MemoryUsage of job (MB)
	325084  -  ResidentSetSize of job (KB)
...
006 (454.032.000) 2022-04-07 05:22:51 Image size of job updated: 775672
	318  -  MemoryUsage of job (MB)
	325216  -  ResidentSetSize of job (KB)
...
006 (454.032.000) 2022-04-07 05:27:51 Image size of job updated: 775672
	318  -  MemoryUsage of job (MB)
	325348  -  ResidentSetSize of job (KB)
...
006 (454.032.000) 2022-04-07 05:32:52 Image size of job updated: 775928
	318  -  MemoryUsage of job (MB)
	325348  -  ResidentSetSize of job (KB)
...
006 (454.032.000) 2022-04-07 05:37:53 Image size of job updated: 775928
	318  -  MemoryUsage of job (MB)
	325480  -  ResidentSetSize of job (KB)
...
006 (454.032.000) 2022-04-07 05:47:54 Image size of job updated: 775928
	318  -  MemoryUsage of job (MB)
	325612  -  ResidentSetSize of job (KB)
...
006 (454.032.000) 2022-04-07 05:52:55 Image size of job updated: 776184
	319  -  MemoryUsage of job (MB)
	325744  -  ResidentSetSize of job (KB)
...
006 (454.032.000) 2022-04-07 05:57:55 Image size of job updated: 776184
	319  -  MemoryUsage of job (MB)
	325876  -  ResidentSetSize of job (KB)
...
006 (454.032.000) 2022-04-07 06:02:55 Image size of job updated: 776440
	319  -  MemoryUsage of job (MB)
	325876  -  ResidentSetSize of job (KB)
...
006 (454.032.000) 2022-04-07 06:07:56 Image size of job updated: 776440
	319  -  MemoryUsage of job (MB)
	326008  -  ResidentSetSize of job (KB)
...
006 (454.032.000) 2022-04-07 06:12:56 Image size of job updated: 776440
	319  -  MemoryUsage of job (MB)
	326140  -  ResidentSetSize of job (KB)
...
006 (454.032.000) 2022-04-07 06:17:56 Image size of job updated: 776696
	319  -  MemoryUsage of job (MB)
	326140  -  ResidentSetSize of job (KB)
...
006 (454.032.000) 2022-04-07 06:22:57 Image size of job updated: 776696
	319  -  MemoryUsage of job (MB)
	326272  -  ResidentSetSize of job (KB)
...
006 (454.032.000) 2022-04-07 06:27:58 Image size of job updated: 776696
	319  -  MemoryUsage of job (MB)
	326404  -  ResidentSetSize of job (KB)
...
006 (454.032.000) 2022-04-07 06:32:58 Image size of job updated: 776952
	319  -  MemoryUsage of job (MB)
	326404  -  ResidentSetSize of job (KB)
...
006 (454.032.000) 2022-04-07 06:37:59 Image size of job updated: 776952
	319  -  MemoryUsage of job (MB)
	326536  -  ResidentSetSize of job (KB)
...
006 (454.032.000) 2022-04-07 06:58:01 Image size of job updated: 776952
	319  -  MemoryUsage of job (MB)
	326612  -  ResidentSetSize of job (KB)
...
006 (454.032.000) 2022-04-07 07:03:01 Image size of job updated: 777208
	320  -  MemoryUsage of job (MB)
	326744  -  ResidentSetSize of job (KB)
...
006 (454.032.000) 2022-04-07 07:08:01 Image size of job updated: 777208
	320  -  MemoryUsage of job (MB)
	326876  -  ResidentSetSize of job (KB)
...
006 (454.032.000) 2022-04-07 07:18:03 Image size of job updated: 777464
	320  -  MemoryUsage of job (MB)
	327008  -  ResidentSetSize of job (KB)
...
006 (454.032.000) 2022-04-07 07:23:03 Image size of job updated: 777464
	320  -  MemoryUsage of job (MB)
	327140  -  ResidentSetSize of job (KB)
...
006 (454.032.000) 2022-04-07 07:33:05 Image size of job updated: 777720
	320  -  MemoryUsage of job (MB)
	327272  -  ResidentSetSize of job (KB)
...
006 (454.032.000) 2022-04-07 07:38:05 Image size of job updated: 777720
	320  -  MemoryUsage of job (MB)
	327404  -  ResidentSetSize of job (KB)
...
006 (454.032.000) 2022-04-07 07:43:05 Image size of job updated: 777976
	320  -  MemoryUsage of job (MB)
	327404  -  ResidentSetSize of job (KB)
...
006 (454.032.000) 2022-04-07 07:48:06 Image size of job updated: 777976
	320  -  MemoryUsage of job (MB)
	327536  -  ResidentSetSize of job (KB)
...
006 (454.032.000) 2022-04-07 07:53:06 Image size of job updated: 777976
	320  -  MemoryUsage of job (MB)
	327668  -  ResidentSetSize of job (KB)
...
006 (454.032.000) 2022-04-07 07:58:06 Image size of job updated: 778232
	321  -  MemoryUsage of job (MB)
	327800  -  ResidentSetSize of job (KB)
...
006 (454.032.000) 2022-04-07 08:08:08 Image size of job updated: 778232
	321  -  MemoryUsage of job (MB)
	327932  -  ResidentSetSize of job (KB)
...
006 (454.032.000) 2022-04-07 08:13:08 Image size of job updated: 778488
	321  -  MemoryUsage of job (MB)
	327932  -  ResidentSetSize of job (KB)
...
006 (454.032.000) 2022-04-07 08:18:09 Image size of job updated: 778488
	321  -  MemoryUsage of job (MB)
	328064  -  ResidentSetSize of job (KB)
...
006 (454.032.000) 2022-04-07 08:23:10 Image size of job updated: 778488
	321  -  MemoryUsage of job (MB)
	328196  -  ResidentSetSize of job (KB)
...
006 (454.032.000) 2022-04-07 08:28:10 Image size of job updated: 778744
	321  -  MemoryUsage of job (MB)
	328196  -  ResidentSetSize of job (KB)
...
006 (454.032.000) 2022-04-07 08:33:10 Image size of job updated: 778744
	321  -  MemoryUsage of job (MB)
	328328  -  ResidentSetSize of job (KB)
...
006 (454.032.000) 2022-04-07 08:38:12 Image size of job updated: 778744
	321  -  MemoryUsage of job (MB)
	328460  -  ResidentSetSize of job (KB)
...
006 (454.032.000) 2022-04-07 08:43:12 Image size of job updated: 779000
	321  -  MemoryUsage of job (MB)
	328460  -  ResidentSetSize of job (KB)
...
006 (454.032.000) 2022-04-07 08:48:12 Image size of job updated: 779000
	321  -  MemoryUsage of job (MB)
	328592  -  ResidentSetSize of job (KB)
...
006 (454.032.000) 2022-04-07 08:53:13 Image size of job updated: 779000
	322  -  MemoryUsage of job (MB)
	328724  -  ResidentSetSize of job (KB)
...
006 (454.032.000) 2022-04-07 08:58:14 Image size of job updated: 779256
	322  -  MemoryUsage of job (MB)
	328856  -  ResidentSetSize of job (KB)
...
006 (454.032.000) 2022-04-07 09:08:14 Image size of job updated: 779512
	322  -  MemoryUsage of job (MB)
	328988  -  ResidentSetSize of job (KB)
...
006 (454.032.000) 2022-04-07 09:13:15 Image size of job updated: 779512
	322  -  MemoryUsage of job (MB)
	329120  -  ResidentSetSize of job (KB)
...
006 (454.032.000) 2022-04-07 09:18:15 Image size of job updated: 779512
	322  -  MemoryUsage of job (MB)
	329252  -  ResidentSetSize of job (KB)
...
006 (454.032.000) 2022-04-07 09:23:15 Image size of job updated: 779768
	322  -  MemoryUsage of job (MB)
	329252  -  ResidentSetSize of job (KB)
...
005 (454.032.000) 2022-04-07 09:23:37 Job terminated.
	(1) Normal termination (return value 0)
		Usr 0 06:14:18, Sys 0 00:01:08  -  Run Remote Usage
		Usr 0 00:00:00, Sys 0 00:00:00  -  Run Local Usage
		Usr 0 06:14:18, Sys 0 00:01:08  -  Total Remote Usage
		Usr 0 00:00:00, Sys 0 00:00:00  -  Total Local Usage
	0  -  Run Bytes Sent By Job
	0  -  Run Bytes Received By Job
	0  -  Total Bytes Sent By Job
	0  -  Total Bytes Received By Job
	Partitionable Resources :    Usage  Request Allocated 
	   Cpus                 :     1.00        1         1 
	   Disk (KB)            :  7500        7500     12108 
	   Memory (MB)          :   322        1024      1024 

	Job terminated of its own accord at 2022-04-07T07:23:36Z with exit-code 0.
...
