000 (454.034.000) 2022-04-06 16:53:59 Job submitted from host: <10.18.24.243:9618?addrs=10.18.24.243-9618&alias=ecoclusts01.bioclust.biologie.ens.fr&noUDP&sock=schedd_1052_29b8>
...
001 (454.034.000) 2022-04-07 03:10:29 Job executing on host: <10.18.24.142:9618?addrs=10.18.24.142-9618&alias=dyoclust15.bioclust.biologie.ens.fr&noUDP&sock=startd_768_5cd3>
...
006 (454.034.000) 2022-04-07 03:10:38 Image size of job updated: 523848
	208  -  MemoryUsage of job (MB)
	212800  -  ResidentSetSize of job (KB)
...
006 (454.034.000) 2022-04-07 03:15:39 Image size of job updated: 741620
	317  -  MemoryUsage of job (MB)
	324096  -  ResidentSetSize of job (KB)
...
006 (454.034.000) 2022-04-07 03:20:39 Image size of job updated: 774388
	317  -  MemoryUsage of job (MB)
	324096  -  ResidentSetSize of job (KB)
...
006 (454.034.000) 2022-04-07 03:55:43 Image size of job updated: 774644
	317  -  MemoryUsage of job (MB)
	324228  -  ResidentSetSize of job (KB)
...
006 (454.034.000) 2022-04-07 04:00:43 Image size of job updated: 774900
	317  -  MemoryUsage of job (MB)
	324492  -  ResidentSetSize of job (KB)
...
006 (454.034.000) 2022-04-07 04:05:44 Image size of job updated: 775156
	318  -  MemoryUsage of job (MB)
	324624  -  ResidentSetSize of job (KB)
...
006 (454.034.000) 2022-04-07 04:10:45 Image size of job updated: 775156
	318  -  MemoryUsage of job (MB)
	324888  -  ResidentSetSize of job (KB)
...
006 (454.034.000) 2022-04-07 04:15:45 Image size of job updated: 775412
	318  -  MemoryUsage of job (MB)
	325020  -  ResidentSetSize of job (KB)
...
006 (454.034.000) 2022-04-07 04:20:46 Image size of job updated: 775668
	318  -  MemoryUsage of job (MB)
	325284  -  ResidentSetSize of job (KB)
...
006 (454.034.000) 2022-04-07 04:25:47 Image size of job updated: 775668
	318  -  MemoryUsage of job (MB)
	325416  -  ResidentSetSize of job (KB)
...
006 (454.034.000) 2022-04-07 04:30:47 Image size of job updated: 775924
	318  -  MemoryUsage of job (MB)
	325548  -  ResidentSetSize of job (KB)
...
006 (454.034.000) 2022-04-07 04:35:47 Image size of job updated: 776180
	319  -  MemoryUsage of job (MB)
	325812  -  ResidentSetSize of job (KB)
...
006 (454.034.000) 2022-04-07 04:40:48 Image size of job updated: 776436
	319  -  MemoryUsage of job (MB)
	325944  -  ResidentSetSize of job (KB)
...
006 (454.034.000) 2022-04-07 04:45:49 Image size of job updated: 776436
	319  -  MemoryUsage of job (MB)
	326076  -  ResidentSetSize of job (KB)
...
006 (454.034.000) 2022-04-07 04:50:49 Image size of job updated: 776692
	319  -  MemoryUsage of job (MB)
	326340  -  ResidentSetSize of job (KB)
...
006 (454.034.000) 2022-04-07 04:55:49 Image size of job updated: 776948
	319  -  MemoryUsage of job (MB)
	326472  -  ResidentSetSize of job (KB)
...
006 (454.034.000) 2022-04-07 05:05:50 Image size of job updated: 776948
	319  -  MemoryUsage of job (MB)
	326604  -  ResidentSetSize of job (KB)
...
006 (454.034.000) 2022-04-07 05:10:50 Image size of job updated: 777204
	320  -  MemoryUsage of job (MB)
	326736  -  ResidentSetSize of job (KB)
...
006 (454.034.000) 2022-04-07 05:15:51 Image size of job updated: 777204
	320  -  MemoryUsage of job (MB)
	327000  -  ResidentSetSize of job (KB)
...
006 (454.034.000) 2022-04-07 05:20:52 Image size of job updated: 777460
	320  -  MemoryUsage of job (MB)
	327132  -  ResidentSetSize of job (KB)
...
006 (454.034.000) 2022-04-07 05:25:52 Image size of job updated: 777716
	320  -  MemoryUsage of job (MB)
	327264  -  ResidentSetSize of job (KB)
...
006 (454.034.000) 2022-04-07 05:30:53 Image size of job updated: 777972
	320  -  MemoryUsage of job (MB)
	327528  -  ResidentSetSize of job (KB)
...
006 (454.034.000) 2022-04-07 05:35:54 Image size of job updated: 777972
	320  -  MemoryUsage of job (MB)
	327660  -  ResidentSetSize of job (KB)
...
006 (454.034.000) 2022-04-07 05:40:54 Image size of job updated: 778228
	321  -  MemoryUsage of job (MB)
	327924  -  ResidentSetSize of job (KB)
...
006 (454.034.000) 2022-04-07 05:45:54 Image size of job updated: 778484
	321  -  MemoryUsage of job (MB)
	328056  -  ResidentSetSize of job (KB)
...
006 (454.034.000) 2022-04-07 05:50:55 Image size of job updated: 778740
	321  -  MemoryUsage of job (MB)
	328188  -  ResidentSetSize of job (KB)
...
006 (454.034.000) 2022-04-07 05:55:56 Image size of job updated: 778740
	321  -  MemoryUsage of job (MB)
	328452  -  ResidentSetSize of job (KB)
...
006 (454.034.000) 2022-04-07 06:00:56 Image size of job updated: 778996
	321  -  MemoryUsage of job (MB)
	328584  -  ResidentSetSize of job (KB)
...
006 (454.034.000) 2022-04-07 06:05:57 Image size of job updated: 779252
	322  -  MemoryUsage of job (MB)
	328848  -  ResidentSetSize of job (KB)
...
006 (454.034.000) 2022-04-07 06:10:58 Image size of job updated: 779252
	322  -  MemoryUsage of job (MB)
	328980  -  ResidentSetSize of job (KB)
...
006 (454.034.000) 2022-04-07 06:15:58 Image size of job updated: 779508
	322  -  MemoryUsage of job (MB)
	329112  -  ResidentSetSize of job (KB)
...
006 (454.034.000) 2022-04-07 06:19:17 Image size of job updated: 779764
	322  -  MemoryUsage of job (MB)
	329112  -  ResidentSetSize of job (KB)
...
005 (454.034.000) 2022-04-07 06:19:17 Job terminated.
	(1) Normal termination (return value 0)
		Usr 0 03:06:32, Sys 0 00:00:25  -  Run Remote Usage
		Usr 0 00:00:00, Sys 0 00:00:00  -  Run Local Usage
		Usr 0 03:06:32, Sys 0 00:00:25  -  Total Remote Usage
		Usr 0 00:00:00, Sys 0 00:00:00  -  Total Local Usage
	0  -  Run Bytes Sent By Job
	0  -  Run Bytes Received By Job
	0  -  Total Bytes Sent By Job
	0  -  Total Bytes Received By Job
	Partitionable Resources :    Usage  Request Allocated 
	   Cpus                 :     1.00        1         1 
	   Disk (KB)            :  7500        7500     10998 
	   Memory (MB)          :   322        1024      1024 

	Job terminated of its own accord at 2022-04-07T04:19:17Z with exit-code 0.
...
