000 (454.042.000) 2022-04-06 16:53:59 Job submitted from host: <10.18.24.243:9618?addrs=10.18.24.243-9618&alias=ecoclusts01.bioclust.biologie.ens.fr&noUDP&sock=schedd_1052_29b8>
...
001 (454.042.000) 2022-04-07 03:36:29 Job executing on host: <10.18.24.135:9618?addrs=10.18.24.135-9618&alias=dyoclust08.bioclust.biologie.ens.fr&noUDP&sock=startd_793_82b1>
...
006 (454.042.000) 2022-04-07 03:36:38 Image size of job updated: 171028
	168  -  MemoryUsage of job (MB)
	171028  -  ResidentSetSize of job (KB)
...
006 (454.042.000) 2022-04-07 03:41:38 Image size of job updated: 896304
	317  -  MemoryUsage of job (MB)
	324376  -  ResidentSetSize of job (KB)
...
006 (454.042.000) 2022-04-07 04:26:43 Image size of job updated: 896304
	317  -  MemoryUsage of job (MB)
	324464  -  ResidentSetSize of job (KB)
...
006 (454.042.000) 2022-04-07 04:31:44 Image size of job updated: 896304
	318  -  MemoryUsage of job (MB)
	324728  -  ResidentSetSize of job (KB)
...
006 (454.042.000) 2022-04-07 04:36:45 Image size of job updated: 896304
	318  -  MemoryUsage of job (MB)
	324860  -  ResidentSetSize of job (KB)
...
006 (454.042.000) 2022-04-07 04:41:45 Image size of job updated: 896304
	318  -  MemoryUsage of job (MB)
	325124  -  ResidentSetSize of job (KB)
...
006 (454.042.000) 2022-04-07 04:46:45 Image size of job updated: 896304
	318  -  MemoryUsage of job (MB)
	325256  -  ResidentSetSize of job (KB)
...
006 (454.042.000) 2022-04-07 04:51:46 Image size of job updated: 896304
	318  -  MemoryUsage of job (MB)
	325520  -  ResidentSetSize of job (KB)
...
006 (454.042.000) 2022-04-07 04:56:47 Image size of job updated: 896304
	319  -  MemoryUsage of job (MB)
	325784  -  ResidentSetSize of job (KB)
...
006 (454.042.000) 2022-04-07 05:01:47 Image size of job updated: 896304
	319  -  MemoryUsage of job (MB)
	326048  -  ResidentSetSize of job (KB)
...
006 (454.042.000) 2022-04-07 05:06:47 Image size of job updated: 896304
	319  -  MemoryUsage of job (MB)
	326180  -  ResidentSetSize of job (KB)
...
006 (454.042.000) 2022-04-07 05:11:48 Image size of job updated: 896304
	319  -  MemoryUsage of job (MB)
	326444  -  ResidentSetSize of job (KB)
...
006 (454.042.000) 2022-04-07 05:16:49 Image size of job updated: 896304
	319  -  MemoryUsage of job (MB)
	326576  -  ResidentSetSize of job (KB)
...
006 (454.042.000) 2022-04-07 05:26:49 Image size of job updated: 896304
	320  -  MemoryUsage of job (MB)
	326840  -  ResidentSetSize of job (KB)
...
006 (454.042.000) 2022-04-07 05:31:50 Image size of job updated: 896304
	320  -  MemoryUsage of job (MB)
	326972  -  ResidentSetSize of job (KB)
...
006 (454.042.000) 2022-04-07 05:36:51 Image size of job updated: 896304
	320  -  MemoryUsage of job (MB)
	327236  -  ResidentSetSize of job (KB)
...
006 (454.042.000) 2022-04-07 05:41:51 Image size of job updated: 896304
	320  -  MemoryUsage of job (MB)
	327368  -  ResidentSetSize of job (KB)
...
006 (454.042.000) 2022-04-07 05:46:51 Image size of job updated: 896304
	320  -  MemoryUsage of job (MB)
	327632  -  ResidentSetSize of job (KB)
...
006 (454.042.000) 2022-04-07 05:51:52 Image size of job updated: 896304
	321  -  MemoryUsage of job (MB)
	327764  -  ResidentSetSize of job (KB)
...
006 (454.042.000) 2022-04-07 05:56:53 Image size of job updated: 896304
	321  -  MemoryUsage of job (MB)
	327896  -  ResidentSetSize of job (KB)
...
006 (454.042.000) 2022-04-07 06:01:53 Image size of job updated: 896304
	321  -  MemoryUsage of job (MB)
	328160  -  ResidentSetSize of job (KB)
...
006 (454.042.000) 2022-04-07 06:06:53 Image size of job updated: 896304
	321  -  MemoryUsage of job (MB)
	328292  -  ResidentSetSize of job (KB)
...
006 (454.042.000) 2022-04-07 06:11:54 Image size of job updated: 896304
	321  -  MemoryUsage of job (MB)
	328556  -  ResidentSetSize of job (KB)
...
006 (454.042.000) 2022-04-07 06:16:55 Image size of job updated: 896304
	321  -  MemoryUsage of job (MB)
	328688  -  ResidentSetSize of job (KB)
...
006 (454.042.000) 2022-04-07 06:21:55 Image size of job updated: 896304
	322  -  MemoryUsage of job (MB)
	328952  -  ResidentSetSize of job (KB)
...
006 (454.042.000) 2022-04-07 06:26:55 Image size of job updated: 896304
	322  -  MemoryUsage of job (MB)
	329084  -  ResidentSetSize of job (KB)
...
005 (454.042.000) 2022-04-07 06:30:15 Job terminated.
	(1) Normal termination (return value 0)
		Usr 0 02:53:14, Sys 0 00:00:25  -  Run Remote Usage
		Usr 0 00:00:00, Sys 0 00:00:00  -  Run Local Usage
		Usr 0 02:53:14, Sys 0 00:00:25  -  Total Remote Usage
		Usr 0 00:00:00, Sys 0 00:00:00  -  Total Local Usage
	0  -  Run Bytes Sent By Job
	0  -  Run Bytes Received By Job
	0  -  Total Bytes Sent By Job
	0  -  Total Bytes Received By Job
	Partitionable Resources :    Usage  Request Allocated 
	   Cpus                 :     1.00        1         1 
	   Disk (KB)            :  7500        7500     10998 
	   Memory (MB)          :   322        1024      1024 

	Job terminated of its own accord at 2022-04-07T04:30:15Z with exit-code 0.
...
