000 (454.122.000) 2022-04-06 16:53:59 Job submitted from host: <10.18.24.243:9618?addrs=10.18.24.243-9618&alias=ecoclusts01.bioclust.biologie.ens.fr&noUDP&sock=schedd_1052_29b8>
...
001 (454.122.000) 2022-04-07 09:13:42 Job executing on host: <10.18.24.178:9618?addrs=10.18.24.178-9618&alias=mcbsclust07.bioclust.biologie.ens.fr&noUDP&sock=startd_912_2276>
...
006 (454.122.000) 2022-04-07 09:13:50 Image size of job updated: 220888
	106  -  MemoryUsage of job (MB)
	108344  -  ResidentSetSize of job (KB)
...
006 (454.122.000) 2022-04-07 09:18:50 Image size of job updated: 741876
	317  -  MemoryUsage of job (MB)
	324292  -  ResidentSetSize of job (KB)
...
006 (454.122.000) 2022-04-07 09:23:50 Image size of job updated: 774644
	317  -  MemoryUsage of job (MB)
	324316  -  ResidentSetSize of job (KB)
...
006 (454.122.000) 2022-04-07 10:53:58 Image size of job updated: 774900
	317  -  MemoryUsage of job (MB)
	324448  -  ResidentSetSize of job (KB)
...
006 (454.122.000) 2022-04-07 10:58:59 Image size of job updated: 774900
	317  -  MemoryUsage of job (MB)
	324580  -  ResidentSetSize of job (KB)
...
006 (454.122.000) 2022-04-07 11:08:59 Image size of job updated: 775156
	318  -  MemoryUsage of job (MB)
	324712  -  ResidentSetSize of job (KB)
...
006 (454.122.000) 2022-04-07 11:14:00 Image size of job updated: 775156
	318  -  MemoryUsage of job (MB)
	324844  -  ResidentSetSize of job (KB)
...
006 (454.122.000) 2022-04-07 11:19:00 Image size of job updated: 775412
	318  -  MemoryUsage of job (MB)
	324976  -  ResidentSetSize of job (KB)
...
006 (454.122.000) 2022-04-07 11:29:01 Image size of job updated: 775412
	318  -  MemoryUsage of job (MB)
	325108  -  ResidentSetSize of job (KB)
...
006 (454.122.000) 2022-04-07 11:34:02 Image size of job updated: 775668
	318  -  MemoryUsage of job (MB)
	325240  -  ResidentSetSize of job (KB)
...
006 (454.122.000) 2022-04-07 11:39:02 Image size of job updated: 775668
	318  -  MemoryUsage of job (MB)
	325372  -  ResidentSetSize of job (KB)
...
006 (454.122.000) 2022-04-07 11:44:02 Image size of job updated: 775924
	318  -  MemoryUsage of job (MB)
	325504  -  ResidentSetSize of job (KB)
...
006 (454.122.000) 2022-04-07 11:49:03 Image size of job updated: 775924
	319  -  MemoryUsage of job (MB)
	325636  -  ResidentSetSize of job (KB)
...
006 (454.122.000) 2022-04-07 11:54:03 Image size of job updated: 776180
	319  -  MemoryUsage of job (MB)
	325636  -  ResidentSetSize of job (KB)
...
006 (454.122.000) 2022-04-07 11:59:03 Image size of job updated: 776180
	319  -  MemoryUsage of job (MB)
	325768  -  ResidentSetSize of job (KB)
...
006 (454.122.000) 2022-04-07 12:04:04 Image size of job updated: 776180
	319  -  MemoryUsage of job (MB)
	325900  -  ResidentSetSize of job (KB)
...
006 (454.122.000) 2022-04-07 12:09:05 Image size of job updated: 776436
	319  -  MemoryUsage of job (MB)
	326032  -  ResidentSetSize of job (KB)
...
006 (454.122.000) 2022-04-07 12:14:05 Image size of job updated: 776436
	319  -  MemoryUsage of job (MB)
	326164  -  ResidentSetSize of job (KB)
...
006 (454.122.000) 2022-04-07 12:19:06 Image size of job updated: 776692
	319  -  MemoryUsage of job (MB)
	326296  -  ResidentSetSize of job (KB)
...
006 (454.122.000) 2022-04-07 12:24:07 Image size of job updated: 776692
	319  -  MemoryUsage of job (MB)
	326428  -  ResidentSetSize of job (KB)
...
006 (454.122.000) 2022-04-07 12:29:07 Image size of job updated: 776948
	319  -  MemoryUsage of job (MB)
	326428  -  ResidentSetSize of job (KB)
...
006 (454.122.000) 2022-04-07 12:34:07 Image size of job updated: 776948
	319  -  MemoryUsage of job (MB)
	326560  -  ResidentSetSize of job (KB)
...
006 (454.122.000) 2022-04-07 12:49:09 Image size of job updated: 776948
	320  -  MemoryUsage of job (MB)
	326692  -  ResidentSetSize of job (KB)
...
006 (454.122.000) 2022-04-07 12:54:10 Image size of job updated: 777204
	320  -  MemoryUsage of job (MB)
	326824  -  ResidentSetSize of job (KB)
...
006 (454.122.000) 2022-04-07 13:04:11 Image size of job updated: 777460
	320  -  MemoryUsage of job (MB)
	326956  -  ResidentSetSize of job (KB)
...
006 (454.122.000) 2022-04-07 13:09:11 Image size of job updated: 777460
	320  -  MemoryUsage of job (MB)
	327088  -  ResidentSetSize of job (KB)
...
006 (454.122.000) 2022-04-07 13:14:12 Image size of job updated: 777716
	320  -  MemoryUsage of job (MB)
	327220  -  ResidentSetSize of job (KB)
...
006 (454.122.000) 2022-04-07 13:19:13 Image size of job updated: 777716
	320  -  MemoryUsage of job (MB)
	327352  -  ResidentSetSize of job (KB)
...
006 (454.122.000) 2022-04-07 13:24:13 Image size of job updated: 777716
	320  -  MemoryUsage of job (MB)
	327484  -  ResidentSetSize of job (KB)
...
006 (454.122.000) 2022-04-07 13:29:14 Image size of job updated: 777972
	320  -  MemoryUsage of job (MB)
	327484  -  ResidentSetSize of job (KB)
...
006 (454.122.000) 2022-04-07 13:34:15 Image size of job updated: 777972
	320  -  MemoryUsage of job (MB)
	327616  -  ResidentSetSize of job (KB)
...
006 (454.122.000) 2022-04-07 13:39:15 Image size of job updated: 778228
	321  -  MemoryUsage of job (MB)
	327748  -  ResidentSetSize of job (KB)
...
006 (454.122.000) 2022-04-07 13:44:15 Image size of job updated: 778228
	321  -  MemoryUsage of job (MB)
	327880  -  ResidentSetSize of job (KB)
...
006 (454.122.000) 2022-04-07 13:49:16 Image size of job updated: 778484
	321  -  MemoryUsage of job (MB)
	328012  -  ResidentSetSize of job (KB)
...
006 (454.122.000) 2022-04-07 13:54:17 Image size of job updated: 778484
	321  -  MemoryUsage of job (MB)
	328144  -  ResidentSetSize of job (KB)
...
006 (454.122.000) 2022-04-07 14:04:18 Image size of job updated: 778740
	321  -  MemoryUsage of job (MB)
	328276  -  ResidentSetSize of job (KB)
...
006 (454.122.000) 2022-04-07 14:09:19 Image size of job updated: 778740
	321  -  MemoryUsage of job (MB)
	328408  -  ResidentSetSize of job (KB)
...
006 (454.122.000) 2022-04-07 14:14:19 Image size of job updated: 778996
	321  -  MemoryUsage of job (MB)
	328540  -  ResidentSetSize of job (KB)
...
006 (454.122.000) 2022-04-07 14:19:19 Image size of job updated: 778996
	321  -  MemoryUsage of job (MB)
	328672  -  ResidentSetSize of job (KB)
...
006 (454.122.000) 2022-04-07 14:24:20 Image size of job updated: 779252
	322  -  MemoryUsage of job (MB)
	328804  -  ResidentSetSize of job (KB)
...
006 (454.122.000) 2022-04-07 14:34:21 Image size of job updated: 779252
	322  -  MemoryUsage of job (MB)
	328936  -  ResidentSetSize of job (KB)
...
006 (454.122.000) 2022-04-07 14:39:22 Image size of job updated: 779508
	322  -  MemoryUsage of job (MB)
	329068  -  ResidentSetSize of job (KB)
...
006 (454.122.000) 2022-04-07 14:44:23 Image size of job updated: 779508
	322  -  MemoryUsage of job (MB)
	329200  -  ResidentSetSize of job (KB)
...
006 (454.122.000) 2022-04-07 14:48:59 Image size of job updated: 779764
	322  -  MemoryUsage of job (MB)
	329200  -  ResidentSetSize of job (KB)
...
005 (454.122.000) 2022-04-07 14:48:59 Job terminated.
	(1) Normal termination (return value 0)
		Usr 0 05:34:26, Sys 0 00:00:15  -  Run Remote Usage
		Usr 0 00:00:00, Sys 0 00:00:00  -  Run Local Usage
		Usr 0 05:34:26, Sys 0 00:00:15  -  Total Remote Usage
		Usr 0 00:00:00, Sys 0 00:00:00  -  Total Local Usage
	0  -  Run Bytes Sent By Job
	0  -  Run Bytes Received By Job
	0  -  Total Bytes Sent By Job
	0  -  Total Bytes Received By Job
	Partitionable Resources :    Usage  Request Allocated 
	   Cpus                 :     1.00        1         1 
	   Disk (KB)            :  7500        7500     11001 
	   Memory (MB)          :   322        1024      1024 

	Job terminated of its own accord at 2022-04-07T12:48:59Z with exit-code 0.
...
