000 (454.634.000) 2022-04-06 16:54:01 Job submitted from host: <10.18.24.243:9618?addrs=10.18.24.243-9618&alias=ecoclusts01.bioclust.biologie.ens.fr&noUDP&sock=schedd_1052_29b8>
...
001 (454.634.000) 2022-04-08 03:25:05 Job executing on host: <10.18.24.141:9618?addrs=10.18.24.141-9618&alias=dyoclust14.bioclust.biologie.ens.fr&noUDP&sock=startd_801_ff73>
...
006 (454.634.000) 2022-04-08 03:25:14 Image size of job updated: 211532
	102  -  MemoryUsage of job (MB)
	103572  -  ResidentSetSize of job (KB)
...
006 (454.634.000) 2022-04-08 03:30:14 Image size of job updated: 741876
	317  -  MemoryUsage of job (MB)
	324344  -  ResidentSetSize of job (KB)
...
006 (454.634.000) 2022-04-08 03:35:15 Image size of job updated: 774644
	317  -  MemoryUsage of job (MB)
	324344  -  ResidentSetSize of job (KB)
...
006 (454.634.000) 2022-04-08 04:15:20 Image size of job updated: 774900
	317  -  MemoryUsage of job (MB)
	324432  -  ResidentSetSize of job (KB)
...
006 (454.634.000) 2022-04-08 04:20:20 Image size of job updated: 775156
	318  -  MemoryUsage of job (MB)
	324696  -  ResidentSetSize of job (KB)
...
006 (454.634.000) 2022-04-08 04:25:21 Image size of job updated: 775412
	318  -  MemoryUsage of job (MB)
	324828  -  ResidentSetSize of job (KB)
...
006 (454.634.000) 2022-04-08 04:30:22 Image size of job updated: 775412
	318  -  MemoryUsage of job (MB)
	325092  -  ResidentSetSize of job (KB)
...
006 (454.634.000) 2022-04-08 04:35:22 Image size of job updated: 775668
	318  -  MemoryUsage of job (MB)
	325356  -  ResidentSetSize of job (KB)
...
006 (454.634.000) 2022-04-08 04:40:22 Image size of job updated: 775924
	318  -  MemoryUsage of job (MB)
	325488  -  ResidentSetSize of job (KB)
...
006 (454.634.000) 2022-04-08 04:45:23 Image size of job updated: 776180
	319  -  MemoryUsage of job (MB)
	325752  -  ResidentSetSize of job (KB)
...
006 (454.634.000) 2022-04-08 04:50:24 Image size of job updated: 776436
	319  -  MemoryUsage of job (MB)
	325884  -  ResidentSetSize of job (KB)
...
006 (454.634.000) 2022-04-08 04:55:24 Image size of job updated: 776436
	319  -  MemoryUsage of job (MB)
	326148  -  ResidentSetSize of job (KB)
...
006 (454.634.000) 2022-04-08 05:00:25 Image size of job updated: 776692
	319  -  MemoryUsage of job (MB)
	326280  -  ResidentSetSize of job (KB)
...
006 (454.634.000) 2022-04-08 05:05:26 Image size of job updated: 776948
	319  -  MemoryUsage of job (MB)
	326544  -  ResidentSetSize of job (KB)
...
006 (454.634.000) 2022-04-08 05:15:26 Image size of job updated: 776948
	320  -  MemoryUsage of job (MB)
	326676  -  ResidentSetSize of job (KB)
...
006 (454.634.000) 2022-04-08 05:20:27 Image size of job updated: 777204
	320  -  MemoryUsage of job (MB)
	326808  -  ResidentSetSize of job (KB)
...
006 (454.634.000) 2022-04-08 05:25:28 Image size of job updated: 777460
	320  -  MemoryUsage of job (MB)
	327072  -  ResidentSetSize of job (KB)
...
006 (454.634.000) 2022-04-08 05:30:28 Image size of job updated: 777716
	320  -  MemoryUsage of job (MB)
	327204  -  ResidentSetSize of job (KB)
...
006 (454.634.000) 2022-04-08 05:35:29 Image size of job updated: 777716
	320  -  MemoryUsage of job (MB)
	327468  -  ResidentSetSize of job (KB)
...
006 (454.634.000) 2022-04-08 05:40:30 Image size of job updated: 777972
	320  -  MemoryUsage of job (MB)
	327600  -  ResidentSetSize of job (KB)
...
006 (454.634.000) 2022-04-08 05:45:30 Image size of job updated: 778228
	321  -  MemoryUsage of job (MB)
	327864  -  ResidentSetSize of job (KB)
...
006 (454.634.000) 2022-04-08 05:50:30 Image size of job updated: 778484
	321  -  MemoryUsage of job (MB)
	327996  -  ResidentSetSize of job (KB)
...
006 (454.634.000) 2022-04-08 05:55:32 Image size of job updated: 778740
	321  -  MemoryUsage of job (MB)
	328260  -  ResidentSetSize of job (KB)
...
006 (454.634.000) 2022-04-08 06:00:32 Image size of job updated: 778740
	321  -  MemoryUsage of job (MB)
	328392  -  ResidentSetSize of job (KB)
...
006 (454.634.000) 2022-04-08 06:05:32 Image size of job updated: 778996
	321  -  MemoryUsage of job (MB)
	328524  -  ResidentSetSize of job (KB)
...
006 (454.634.000) 2022-04-08 06:10:33 Image size of job updated: 779252
	322  -  MemoryUsage of job (MB)
	328788  -  ResidentSetSize of job (KB)
...
006 (454.634.000) 2022-04-08 06:15:34 Image size of job updated: 779508
	322  -  MemoryUsage of job (MB)
	329052  -  ResidentSetSize of job (KB)
...
006 (454.634.000) 2022-04-08 06:20:34 Image size of job updated: 779508
	322  -  MemoryUsage of job (MB)
	329184  -  ResidentSetSize of job (KB)
...
006 (454.634.000) 2022-04-08 06:23:10 Image size of job updated: 779764
	322  -  MemoryUsage of job (MB)
	329184  -  ResidentSetSize of job (KB)
...
005 (454.634.000) 2022-04-08 06:23:10 Job terminated.
	(1) Normal termination (return value 0)
		Usr 0 02:56:26, Sys 0 00:00:24  -  Run Remote Usage
		Usr 0 00:00:00, Sys 0 00:00:00  -  Run Local Usage
		Usr 0 02:56:26, Sys 0 00:00:24  -  Total Remote Usage
		Usr 0 00:00:00, Sys 0 00:00:00  -  Total Local Usage
	0  -  Run Bytes Sent By Job
	0  -  Run Bytes Received By Job
	0  -  Total Bytes Sent By Job
	0  -  Total Bytes Received By Job
	Partitionable Resources :    Usage  Request Allocated 
	   Cpus                 :     1.00        1         1 
	   Disk (KB)            :  7500        7500     10998 
	   Memory (MB)          :   322        1024      1024 

	Job terminated of its own accord at 2022-04-08T04:23:10Z with exit-code 0.
...
