000 (454.718.000) 2022-04-06 16:54:02 Job submitted from host: <10.18.24.243:9618?addrs=10.18.24.243-9618&alias=ecoclusts01.bioclust.biologie.ens.fr&noUDP&sock=schedd_1052_29b8>
...
001 (454.718.000) 2022-04-08 05:44:09 Job executing on host: <10.18.24.133:9618?addrs=10.18.24.133-9618&alias=dyoclust06.bioclust.biologie.ens.fr&noUDP&sock=startd_804_0e3b>
...
006 (454.718.000) 2022-04-08 05:44:18 Image size of job updated: 123188
	64  -  MemoryUsage of job (MB)
	64896  -  ResidentSetSize of job (KB)
...
006 (454.718.000) 2022-04-08 05:49:18 Image size of job updated: 741880
	282  -  MemoryUsage of job (MB)
	288204  -  ResidentSetSize of job (KB)
...
006 (454.718.000) 2022-04-08 05:54:18 Image size of job updated: 741880
	317  -  MemoryUsage of job (MB)
	324428  -  ResidentSetSize of job (KB)
...
006 (454.718.000) 2022-04-08 05:59:19 Image size of job updated: 774648
	317  -  MemoryUsage of job (MB)
	324428  -  ResidentSetSize of job (KB)
...
006 (454.718.000) 2022-04-08 06:54:24 Image size of job updated: 774904
	317  -  MemoryUsage of job (MB)
	324428  -  ResidentSetSize of job (KB)
...
006 (454.718.000) 2022-04-08 06:59:24 Image size of job updated: 774904
	317  -  MemoryUsage of job (MB)
	324560  -  ResidentSetSize of job (KB)
...
006 (454.718.000) 2022-04-08 07:04:25 Image size of job updated: 775160
	318  -  MemoryUsage of job (MB)
	324692  -  ResidentSetSize of job (KB)
...
006 (454.718.000) 2022-04-08 07:09:26 Image size of job updated: 775160
	318  -  MemoryUsage of job (MB)
	324824  -  ResidentSetSize of job (KB)
...
006 (454.718.000) 2022-04-08 07:14:26 Image size of job updated: 775416
	318  -  MemoryUsage of job (MB)
	324956  -  ResidentSetSize of job (KB)
...
006 (454.718.000) 2022-04-08 07:19:26 Image size of job updated: 775672
	318  -  MemoryUsage of job (MB)
	325220  -  ResidentSetSize of job (KB)
...
006 (454.718.000) 2022-04-08 07:24:27 Image size of job updated: 775672
	318  -  MemoryUsage of job (MB)
	325352  -  ResidentSetSize of job (KB)
...
006 (454.718.000) 2022-04-08 07:29:27 Image size of job updated: 775928
	318  -  MemoryUsage of job (MB)
	325484  -  ResidentSetSize of job (KB)
...
006 (454.718.000) 2022-04-08 07:34:27 Image size of job updated: 775928
	318  -  MemoryUsage of job (MB)
	325616  -  ResidentSetSize of job (KB)
...
006 (454.718.000) 2022-04-08 07:39:28 Image size of job updated: 776184
	319  -  MemoryUsage of job (MB)
	325748  -  ResidentSetSize of job (KB)
...
006 (454.718.000) 2022-04-08 07:44:29 Image size of job updated: 776440
	319  -  MemoryUsage of job (MB)
	326012  -  ResidentSetSize of job (KB)
...
006 (454.718.000) 2022-04-08 07:49:29 Image size of job updated: 776440
	319  -  MemoryUsage of job (MB)
	326144  -  ResidentSetSize of job (KB)
...
006 (454.718.000) 2022-04-08 07:54:30 Image size of job updated: 776696
	319  -  MemoryUsage of job (MB)
	326276  -  ResidentSetSize of job (KB)
...
006 (454.718.000) 2022-04-08 07:59:31 Image size of job updated: 776952
	319  -  MemoryUsage of job (MB)
	326408  -  ResidentSetSize of job (KB)
...
006 (454.718.000) 2022-04-08 08:04:31 Image size of job updated: 776952
	319  -  MemoryUsage of job (MB)
	326540  -  ResidentSetSize of job (KB)
...
006 (454.718.000) 2022-04-08 08:19:32 Image size of job updated: 777208
	320  -  MemoryUsage of job (MB)
	326804  -  ResidentSetSize of job (KB)
...
006 (454.718.000) 2022-04-08 08:24:32 Image size of job updated: 777208
	320  -  MemoryUsage of job (MB)
	326936  -  ResidentSetSize of job (KB)
...
006 (454.718.000) 2022-04-08 08:29:33 Image size of job updated: 777464
	320  -  MemoryUsage of job (MB)
	327068  -  ResidentSetSize of job (KB)
...
006 (454.718.000) 2022-04-08 08:34:34 Image size of job updated: 777464
	320  -  MemoryUsage of job (MB)
	327200  -  ResidentSetSize of job (KB)
...
006 (454.718.000) 2022-04-08 08:39:34 Image size of job updated: 777720
	320  -  MemoryUsage of job (MB)
	327332  -  ResidentSetSize of job (KB)
...
006 (454.718.000) 2022-04-08 08:44:34 Image size of job updated: 777976
	320  -  MemoryUsage of job (MB)
	327464  -  ResidentSetSize of job (KB)
...
006 (454.718.000) 2022-04-08 08:49:35 Image size of job updated: 777976
	320  -  MemoryUsage of job (MB)
	327596  -  ResidentSetSize of job (KB)
...
006 (454.718.000) 2022-04-08 08:54:35 Image size of job updated: 778232
	321  -  MemoryUsage of job (MB)
	327728  -  ResidentSetSize of job (KB)
...
006 (454.718.000) 2022-04-08 08:59:35 Image size of job updated: 778232
	321  -  MemoryUsage of job (MB)
	327860  -  ResidentSetSize of job (KB)
...
006 (454.718.000) 2022-04-08 09:04:36 Image size of job updated: 778488
	321  -  MemoryUsage of job (MB)
	327992  -  ResidentSetSize of job (KB)
...
006 (454.718.000) 2022-04-08 09:09:37 Image size of job updated: 778488
	321  -  MemoryUsage of job (MB)
	328124  -  ResidentSetSize of job (KB)
...
006 (454.718.000) 2022-04-08 09:14:37 Image size of job updated: 778744
	321  -  MemoryUsage of job (MB)
	328256  -  ResidentSetSize of job (KB)
...
006 (454.718.000) 2022-04-08 09:19:37 Image size of job updated: 778744
	321  -  MemoryUsage of job (MB)
	328520  -  ResidentSetSize of job (KB)
...
006 (454.718.000) 2022-04-08 09:24:38 Image size of job updated: 779000
	321  -  MemoryUsage of job (MB)
	328652  -  ResidentSetSize of job (KB)
...
006 (454.718.000) 2022-04-08 09:29:38 Image size of job updated: 779256
	322  -  MemoryUsage of job (MB)
	328784  -  ResidentSetSize of job (KB)
...
006 (454.718.000) 2022-04-08 09:34:38 Image size of job updated: 779256
	322  -  MemoryUsage of job (MB)
	328916  -  ResidentSetSize of job (KB)
...
006 (454.718.000) 2022-04-08 09:39:39 Image size of job updated: 779512
	322  -  MemoryUsage of job (MB)
	329048  -  ResidentSetSize of job (KB)
...
006 (454.718.000) 2022-04-08 09:44:40 Image size of job updated: 779512
	322  -  MemoryUsage of job (MB)
	329180  -  ResidentSetSize of job (KB)
...
006 (454.718.000) 2022-04-08 09:46:53 Image size of job updated: 779768
	322  -  MemoryUsage of job (MB)
	329180  -  ResidentSetSize of job (KB)
...
005 (454.718.000) 2022-04-08 09:46:53 Job terminated.
	(1) Normal termination (return value 0)
		Usr 0 03:59:37, Sys 0 00:00:53  -  Run Remote Usage
		Usr 0 00:00:00, Sys 0 00:00:00  -  Run Local Usage
		Usr 0 03:59:37, Sys 0 00:00:53  -  Total Remote Usage
		Usr 0 00:00:00, Sys 0 00:00:00  -  Total Local Usage
	0  -  Run Bytes Sent By Job
	0  -  Run Bytes Received By Job
	0  -  Total Bytes Sent By Job
	0  -  Total Bytes Received By Job
	Partitionable Resources :    Usage  Request Allocated 
	   Cpus                 :     1.00        1         1 
	   Disk (KB)            :  7500        7500     10015 
	   Memory (MB)          :   322        1024      1024 

	Job terminated of its own accord at 2022-04-08T07:46:53Z with exit-code 0.
...
