000 (454.022.000) 2022-04-06 16:53:59 Job submitted from host: <10.18.24.243:9618?addrs=10.18.24.243-9618&alias=ecoclusts01.bioclust.biologie.ens.fr&noUDP&sock=schedd_1052_29b8>
...
001 (454.022.000) 2022-04-07 02:12:28 Job executing on host: <10.18.24.135:9618?addrs=10.18.24.135-9618&alias=dyoclust08.bioclust.biologie.ens.fr&noUDP&sock=startd_793_82b1>
...
006 (454.022.000) 2022-04-07 02:12:37 Image size of job updated: 174672
	171  -  MemoryUsage of job (MB)
	174672  -  ResidentSetSize of job (KB)
...
006 (454.022.000) 2022-04-07 02:17:37 Image size of job updated: 896304
	317  -  MemoryUsage of job (MB)
	324064  -  ResidentSetSize of job (KB)
...
006 (454.022.000) 2022-04-07 02:22:37 Image size of job updated: 896304
	317  -  MemoryUsage of job (MB)
	324088  -  ResidentSetSize of job (KB)
...
006 (454.022.000) 2022-04-07 03:22:43 Image size of job updated: 896304
	317  -  MemoryUsage of job (MB)
	324220  -  ResidentSetSize of job (KB)
...
006 (454.022.000) 2022-04-07 03:27:43 Image size of job updated: 896304
	317  -  MemoryUsage of job (MB)
	324484  -  ResidentSetSize of job (KB)
...
006 (454.022.000) 2022-04-07 03:32:43 Image size of job updated: 896304
	318  -  MemoryUsage of job (MB)
	324616  -  ResidentSetSize of job (KB)
...
006 (454.022.000) 2022-04-07 03:37:44 Image size of job updated: 896304
	318  -  MemoryUsage of job (MB)
	324748  -  ResidentSetSize of job (KB)
...
006 (454.022.000) 2022-04-07 03:42:44 Image size of job updated: 896304
	318  -  MemoryUsage of job (MB)
	325012  -  ResidentSetSize of job (KB)
...
006 (454.022.000) 2022-04-07 03:47:44 Image size of job updated: 896304
	318  -  MemoryUsage of job (MB)
	325144  -  ResidentSetSize of job (KB)
...
006 (454.022.000) 2022-04-07 03:52:45 Image size of job updated: 896304
	318  -  MemoryUsage of job (MB)
	325276  -  ResidentSetSize of job (KB)
...
006 (454.022.000) 2022-04-07 03:57:46 Image size of job updated: 896304
	318  -  MemoryUsage of job (MB)
	325540  -  ResidentSetSize of job (KB)
...
006 (454.022.000) 2022-04-07 04:02:46 Image size of job updated: 896304
	319  -  MemoryUsage of job (MB)
	325672  -  ResidentSetSize of job (KB)
...
006 (454.022.000) 2022-04-07 04:07:46 Image size of job updated: 896304
	319  -  MemoryUsage of job (MB)
	325936  -  ResidentSetSize of job (KB)
...
006 (454.022.000) 2022-04-07 04:12:47 Image size of job updated: 896304
	319  -  MemoryUsage of job (MB)
	326068  -  ResidentSetSize of job (KB)
...
006 (454.022.000) 2022-04-07 04:17:47 Image size of job updated: 896304
	319  -  MemoryUsage of job (MB)
	326332  -  ResidentSetSize of job (KB)
...
006 (454.022.000) 2022-04-07 04:22:47 Image size of job updated: 896304
	319  -  MemoryUsage of job (MB)
	326464  -  ResidentSetSize of job (KB)
...
006 (454.022.000) 2022-04-07 04:27:48 Image size of job updated: 896304
	319  -  MemoryUsage of job (MB)
	326596  -  ResidentSetSize of job (KB)
...
006 (454.022.000) 2022-04-07 04:37:49 Image size of job updated: 896304
	320  -  MemoryUsage of job (MB)
	326728  -  ResidentSetSize of job (KB)
...
006 (454.022.000) 2022-04-07 04:42:50 Image size of job updated: 896304
	320  -  MemoryUsage of job (MB)
	326860  -  ResidentSetSize of job (KB)
...
006 (454.022.000) 2022-04-07 04:47:51 Image size of job updated: 896304
	320  -  MemoryUsage of job (MB)
	326992  -  ResidentSetSize of job (KB)
...
006 (454.022.000) 2022-04-07 04:52:51 Image size of job updated: 896304
	320  -  MemoryUsage of job (MB)
	327124  -  ResidentSetSize of job (KB)
...
006 (454.022.000) 2022-04-07 04:57:51 Image size of job updated: 896304
	320  -  MemoryUsage of job (MB)
	327388  -  ResidentSetSize of job (KB)
...
006 (454.022.000) 2022-04-07 05:02:52 Image size of job updated: 896304
	320  -  MemoryUsage of job (MB)
	327520  -  ResidentSetSize of job (KB)
...
006 (454.022.000) 2022-04-07 05:07:53 Image size of job updated: 896304
	321  -  MemoryUsage of job (MB)
	327784  -  ResidentSetSize of job (KB)
...
006 (454.022.000) 2022-04-07 05:12:53 Image size of job updated: 896304
	321  -  MemoryUsage of job (MB)
	327916  -  ResidentSetSize of job (KB)
...
006 (454.022.000) 2022-04-07 05:17:54 Image size of job updated: 896304
	321  -  MemoryUsage of job (MB)
	328048  -  ResidentSetSize of job (KB)
...
006 (454.022.000) 2022-04-07 05:22:55 Image size of job updated: 896304
	321  -  MemoryUsage of job (MB)
	328180  -  ResidentSetSize of job (KB)
...
006 (454.022.000) 2022-04-07 05:27:55 Image size of job updated: 896304
	321  -  MemoryUsage of job (MB)
	328444  -  ResidentSetSize of job (KB)
...
006 (454.022.000) 2022-04-07 05:32:55 Image size of job updated: 896304
	321  -  MemoryUsage of job (MB)
	328576  -  ResidentSetSize of job (KB)
...
006 (454.022.000) 2022-04-07 05:37:56 Image size of job updated: 896304
	322  -  MemoryUsage of job (MB)
	328840  -  ResidentSetSize of job (KB)
...
006 (454.022.000) 2022-04-07 05:42:57 Image size of job updated: 896304
	322  -  MemoryUsage of job (MB)
	328972  -  ResidentSetSize of job (KB)
...
006 (454.022.000) 2022-04-07 05:47:57 Image size of job updated: 896304
	322  -  MemoryUsage of job (MB)
	329104  -  ResidentSetSize of job (KB)
...
005 (454.022.000) 2022-04-07 05:52:49 Job terminated.
	(1) Normal termination (return value 0)
		Usr 0 03:39:49, Sys 0 00:00:25  -  Run Remote Usage
		Usr 0 00:00:00, Sys 0 00:00:00  -  Run Local Usage
		Usr 0 03:39:49, Sys 0 00:00:25  -  Total Remote Usage
		Usr 0 00:00:00, Sys 0 00:00:00  -  Total Local Usage
	0  -  Run Bytes Sent By Job
	0  -  Run Bytes Received By Job
	0  -  Total Bytes Sent By Job
	0  -  Total Bytes Received By Job
	Partitionable Resources :    Usage  Request Allocated 
	   Cpus                 :     1.00        1         1 
	   Disk (KB)            :  7500        7500     10998 
	   Memory (MB)          :   322        1024      1024 

	Job terminated of its own accord at 2022-04-07T03:52:49Z with exit-code 0.
...
