000 (454.446.000) 2022-04-06 16:54:01 Job submitted from host: <10.18.24.243:9618?addrs=10.18.24.243-9618&alias=ecoclusts01.bioclust.biologie.ens.fr&noUDP&sock=schedd_1052_29b8>
...
001 (454.446.000) 2022-04-07 21:47:55 Job executing on host: <10.18.24.9:9618?addrs=10.18.24.9-9618&alias=bioclust09.bioclust.biologie.ens.fr&noUDP&sock=startd_4128219_7123>
...
006 (454.446.000) 2022-04-07 21:48:04 Image size of job updated: 75936
	38  -  MemoryUsage of job (MB)
	37940  -  ResidentSetSize of job (KB)
...
006 (454.446.000) 2022-04-07 21:53:05 Image size of job updated: 896308
	317  -  MemoryUsage of job (MB)
	324052  -  ResidentSetSize of job (KB)
...
006 (454.446.000) 2022-04-07 22:03:05 Image size of job updated: 896308
	317  -  MemoryUsage of job (MB)
	324096  -  ResidentSetSize of job (KB)
...
006 (454.446.000) 2022-04-08 01:08:21 Image size of job updated: 896308
	317  -  MemoryUsage of job (MB)
	324184  -  ResidentSetSize of job (KB)
...
006 (454.446.000) 2022-04-08 01:23:23 Image size of job updated: 896308
	317  -  MemoryUsage of job (MB)
	324316  -  ResidentSetSize of job (KB)
...
006 (454.446.000) 2022-04-08 01:33:24 Image size of job updated: 896308
	317  -  MemoryUsage of job (MB)
	324448  -  ResidentSetSize of job (KB)
...
006 (454.446.000) 2022-04-08 01:43:26 Image size of job updated: 896308
	317  -  MemoryUsage of job (MB)
	324580  -  ResidentSetSize of job (KB)
...
006 (454.446.000) 2022-04-08 01:53:27 Image size of job updated: 896308
	318  -  MemoryUsage of job (MB)
	324712  -  ResidentSetSize of job (KB)
...
006 (454.446.000) 2022-04-08 02:08:28 Image size of job updated: 896308
	318  -  MemoryUsage of job (MB)
	324844  -  ResidentSetSize of job (KB)
...
006 (454.446.000) 2022-04-08 02:18:29 Image size of job updated: 896308
	318  -  MemoryUsage of job (MB)
	324976  -  ResidentSetSize of job (KB)
...
006 (454.446.000) 2022-04-08 02:33:30 Image size of job updated: 896308
	318  -  MemoryUsage of job (MB)
	325108  -  ResidentSetSize of job (KB)
...
006 (454.446.000) 2022-04-08 02:43:32 Image size of job updated: 896308
	318  -  MemoryUsage of job (MB)
	325240  -  ResidentSetSize of job (KB)
...
006 (454.446.000) 2022-04-08 02:53:32 Image size of job updated: 896308
	318  -  MemoryUsage of job (MB)
	325372  -  ResidentSetSize of job (KB)
...
006 (454.446.000) 2022-04-08 03:08:33 Image size of job updated: 896308
	318  -  MemoryUsage of job (MB)
	325504  -  ResidentSetSize of job (KB)
...
006 (454.446.000) 2022-04-08 03:18:34 Image size of job updated: 896308
	319  -  MemoryUsage of job (MB)
	325636  -  ResidentSetSize of job (KB)
...
006 (454.446.000) 2022-04-08 03:28:35 Image size of job updated: 896308
	319  -  MemoryUsage of job (MB)
	325768  -  ResidentSetSize of job (KB)
...
006 (454.446.000) 2022-04-08 03:43:36 Image size of job updated: 896308
	319  -  MemoryUsage of job (MB)
	325900  -  ResidentSetSize of job (KB)
...
006 (454.446.000) 2022-04-08 03:53:36 Image size of job updated: 896308
	319  -  MemoryUsage of job (MB)
	326032  -  ResidentSetSize of job (KB)
...
006 (454.446.000) 2022-04-08 04:03:37 Image size of job updated: 896308
	319  -  MemoryUsage of job (MB)
	326164  -  ResidentSetSize of job (KB)
...
006 (454.446.000) 2022-04-08 04:13:39 Image size of job updated: 896308
	319  -  MemoryUsage of job (MB)
	326296  -  ResidentSetSize of job (KB)
...
006 (454.446.000) 2022-04-08 04:23:40 Image size of job updated: 896308
	319  -  MemoryUsage of job (MB)
	326428  -  ResidentSetSize of job (KB)
...
006 (454.446.000) 2022-04-08 04:38:41 Image size of job updated: 896308
	319  -  MemoryUsage of job (MB)
	326560  -  ResidentSetSize of job (KB)
...
006 (454.446.000) 2022-04-08 05:18:45 Image size of job updated: 896308
	320  -  MemoryUsage of job (MB)
	326692  -  ResidentSetSize of job (KB)
...
006 (454.446.000) 2022-04-08 05:28:47 Image size of job updated: 896308
	320  -  MemoryUsage of job (MB)
	326824  -  ResidentSetSize of job (KB)
...
006 (454.446.000) 2022-04-08 05:38:47 Image size of job updated: 896308
	320  -  MemoryUsage of job (MB)
	326956  -  ResidentSetSize of job (KB)
...
006 (454.446.000) 2022-04-08 05:53:48 Image size of job updated: 896308
	320  -  MemoryUsage of job (MB)
	327088  -  ResidentSetSize of job (KB)
...
006 (454.446.000) 2022-04-08 06:03:49 Image size of job updated: 896308
	320  -  MemoryUsage of job (MB)
	327220  -  ResidentSetSize of job (KB)
...
006 (454.446.000) 2022-04-08 06:18:51 Image size of job updated: 896308
	320  -  MemoryUsage of job (MB)
	327352  -  ResidentSetSize of job (KB)
...
006 (454.446.000) 2022-04-08 06:28:53 Image size of job updated: 896308
	320  -  MemoryUsage of job (MB)
	327484  -  ResidentSetSize of job (KB)
...
006 (454.446.000) 2022-04-08 06:43:55 Image size of job updated: 896308
	320  -  MemoryUsage of job (MB)
	327616  -  ResidentSetSize of job (KB)
...
006 (454.446.000) 2022-04-08 06:58:56 Image size of job updated: 896308
	321  -  MemoryUsage of job (MB)
	327748  -  ResidentSetSize of job (KB)
...
006 (454.446.000) 2022-04-08 07:08:56 Image size of job updated: 896308
	321  -  MemoryUsage of job (MB)
	327880  -  ResidentSetSize of job (KB)
...
006 (454.446.000) 2022-04-08 07:23:57 Image size of job updated: 896308
	321  -  MemoryUsage of job (MB)
	328012  -  ResidentSetSize of job (KB)
...
006 (454.446.000) 2022-04-08 07:33:58 Image size of job updated: 896308
	321  -  MemoryUsage of job (MB)
	328144  -  ResidentSetSize of job (KB)
...
006 (454.446.000) 2022-04-08 07:49:00 Image size of job updated: 896308
	321  -  MemoryUsage of job (MB)
	328276  -  ResidentSetSize of job (KB)
...
006 (454.446.000) 2022-04-08 08:04:02 Image size of job updated: 896308
	321  -  MemoryUsage of job (MB)
	328408  -  ResidentSetSize of job (KB)
...
006 (454.446.000) 2022-04-08 08:19:04 Image size of job updated: 896308
	321  -  MemoryUsage of job (MB)
	328540  -  ResidentSetSize of job (KB)
...
006 (454.446.000) 2022-04-08 08:34:06 Image size of job updated: 896308
	321  -  MemoryUsage of job (MB)
	328672  -  ResidentSetSize of job (KB)
...
006 (454.446.000) 2022-04-08 08:49:08 Image size of job updated: 896308
	322  -  MemoryUsage of job (MB)
	328804  -  ResidentSetSize of job (KB)
...
006 (454.446.000) 2022-04-08 09:04:10 Image size of job updated: 896308
	322  -  MemoryUsage of job (MB)
	328936  -  ResidentSetSize of job (KB)
...
006 (454.446.000) 2022-04-08 09:14:11 Image size of job updated: 896308
	322  -  MemoryUsage of job (MB)
	329068  -  ResidentSetSize of job (KB)
...
006 (454.446.000) 2022-04-08 09:24:12 Image size of job updated: 896308
	322  -  MemoryUsage of job (MB)
	329200  -  ResidentSetSize of job (KB)
...
005 (454.446.000) 2022-04-08 09:37:31 Job terminated.
	(1) Normal termination (return value 0)
		Usr 0 11:43:12, Sys 0 00:04:27  -  Run Remote Usage
		Usr 0 00:00:00, Sys 0 00:00:00  -  Run Local Usage
		Usr 0 11:43:12, Sys 0 00:04:27  -  Total Remote Usage
		Usr 0 00:00:00, Sys 0 00:00:00  -  Total Local Usage
	0  -  Run Bytes Sent By Job
	0  -  Run Bytes Received By Job
	0  -  Total Bytes Sent By Job
	0  -  Total Bytes Received By Job
	Partitionable Resources :    Usage  Request Allocated 
	   Cpus                 :     1.00        1         1 
	   Disk (KB)            :  7500        7500     10469 
	   Memory (MB)          :   322        1024      1024 

	Job terminated of its own accord at 2022-04-08T07:37:31Z with exit-code 0.
...
