000 (454.968.000) 2022-04-06 16:54:03 Job submitted from host: <10.18.24.243:9618?addrs=10.18.24.243-9618&alias=ecoclusts01.bioclust.biologie.ens.fr&noUDP&sock=schedd_1052_29b8>
...
001 (454.968.000) 2022-04-08 12:18:20 Job executing on host: <10.18.24.136:9618?addrs=10.18.24.136-9618&alias=dyoclust09.bioclust.biologie.ens.fr&noUDP&sock=startd_808_cc9c>
...
006 (454.968.000) 2022-04-08 12:18:29 Image size of job updated: 94588
	93  -  MemoryUsage of job (MB)
	94588  -  ResidentSetSize of job (KB)
...
006 (454.968.000) 2022-04-08 12:23:29 Image size of job updated: 741876
	317  -  MemoryUsage of job (MB)
	324328  -  ResidentSetSize of job (KB)
...
006 (454.968.000) 2022-04-08 12:28:29 Image size of job updated: 774644
	317  -  MemoryUsage of job (MB)
	324328  -  ResidentSetSize of job (KB)
...
006 (454.968.000) 2022-04-08 13:08:33 Image size of job updated: 774900
	317  -  MemoryUsage of job (MB)
	324460  -  ResidentSetSize of job (KB)
...
006 (454.968.000) 2022-04-08 13:13:34 Image size of job updated: 775156
	317  -  MemoryUsage of job (MB)
	324592  -  ResidentSetSize of job (KB)
...
006 (454.968.000) 2022-04-08 13:18:34 Image size of job updated: 775156
	318  -  MemoryUsage of job (MB)
	324856  -  ResidentSetSize of job (KB)
...
006 (454.968.000) 2022-04-08 13:23:34 Image size of job updated: 775412
	318  -  MemoryUsage of job (MB)
	324988  -  ResidentSetSize of job (KB)
...
006 (454.968.000) 2022-04-08 13:28:35 Image size of job updated: 775668
	318  -  MemoryUsage of job (MB)
	325252  -  ResidentSetSize of job (KB)
...
006 (454.968.000) 2022-04-08 13:33:35 Image size of job updated: 775924
	318  -  MemoryUsage of job (MB)
	325516  -  ResidentSetSize of job (KB)
...
006 (454.968.000) 2022-04-08 13:38:35 Image size of job updated: 776180
	319  -  MemoryUsage of job (MB)
	325648  -  ResidentSetSize of job (KB)
...
006 (454.968.000) 2022-04-08 13:43:36 Image size of job updated: 776436
	319  -  MemoryUsage of job (MB)
	325912  -  ResidentSetSize of job (KB)
...
006 (454.968.000) 2022-04-08 13:48:37 Image size of job updated: 776436
	319  -  MemoryUsage of job (MB)
	326176  -  ResidentSetSize of job (KB)
...
006 (454.968.000) 2022-04-08 13:53:37 Image size of job updated: 776692
	319  -  MemoryUsage of job (MB)
	326308  -  ResidentSetSize of job (KB)
...
006 (454.968.000) 2022-04-08 13:58:37 Image size of job updated: 776948
	319  -  MemoryUsage of job (MB)
	326572  -  ResidentSetSize of job (KB)
...
006 (454.968.000) 2022-04-08 14:08:38 Image size of job updated: 777204
	320  -  MemoryUsage of job (MB)
	326704  -  ResidentSetSize of job (KB)
...
006 (454.968.000) 2022-04-08 14:13:38 Image size of job updated: 777204
	320  -  MemoryUsage of job (MB)
	326836  -  ResidentSetSize of job (KB)
...
006 (454.968.000) 2022-04-08 14:18:39 Image size of job updated: 777460
	320  -  MemoryUsage of job (MB)
	327100  -  ResidentSetSize of job (KB)
...
006 (454.968.000) 2022-04-08 14:23:40 Image size of job updated: 777716
	320  -  MemoryUsage of job (MB)
	327232  -  ResidentSetSize of job (KB)
...
006 (454.968.000) 2022-04-08 14:28:40 Image size of job updated: 777972
	320  -  MemoryUsage of job (MB)
	327496  -  ResidentSetSize of job (KB)
...
006 (454.968.000) 2022-04-08 14:33:40 Image size of job updated: 777972
	320  -  MemoryUsage of job (MB)
	327628  -  ResidentSetSize of job (KB)
...
006 (454.968.000) 2022-04-08 14:38:41 Image size of job updated: 778228
	321  -  MemoryUsage of job (MB)
	327892  -  ResidentSetSize of job (KB)
...
006 (454.968.000) 2022-04-08 14:43:41 Image size of job updated: 778484
	321  -  MemoryUsage of job (MB)
	328024  -  ResidentSetSize of job (KB)
...
006 (454.968.000) 2022-04-08 14:48:41 Image size of job updated: 778740
	321  -  MemoryUsage of job (MB)
	328288  -  ResidentSetSize of job (KB)
...
006 (454.968.000) 2022-04-08 14:53:42 Image size of job updated: 778740
	321  -  MemoryUsage of job (MB)
	328420  -  ResidentSetSize of job (KB)
...
006 (454.968.000) 2022-04-08 14:58:43 Image size of job updated: 778996
	321  -  MemoryUsage of job (MB)
	328684  -  ResidentSetSize of job (KB)
...
006 (454.968.000) 2022-04-08 15:03:43 Image size of job updated: 779252
	322  -  MemoryUsage of job (MB)
	328816  -  ResidentSetSize of job (KB)
...
006 (454.968.000) 2022-04-08 15:08:43 Image size of job updated: 779508
	322  -  MemoryUsage of job (MB)
	329080  -  ResidentSetSize of job (KB)
...
006 (454.968.000) 2022-04-08 15:13:45 Image size of job updated: 779508
	322  -  MemoryUsage of job (MB)
	329212  -  ResidentSetSize of job (KB)
...
006 (454.968.000) 2022-04-08 15:14:52 Image size of job updated: 779764
	322  -  MemoryUsage of job (MB)
	329212  -  ResidentSetSize of job (KB)
...
005 (454.968.000) 2022-04-08 15:14:52 Job terminated.
	(1) Normal termination (return value 0)
		Usr 0 02:55:46, Sys 0 00:00:30  -  Run Remote Usage
		Usr 0 00:00:00, Sys 0 00:00:00  -  Run Local Usage
		Usr 0 02:55:46, Sys 0 00:00:30  -  Total Remote Usage
		Usr 0 00:00:00, Sys 0 00:00:00  -  Total Local Usage
	0  -  Run Bytes Sent By Job
	0  -  Run Bytes Received By Job
	0  -  Total Bytes Sent By Job
	0  -  Total Bytes Received By Job
	Partitionable Resources :    Usage  Request Allocated 
	   Cpus                 :     1.00        1         1 
	   Disk (KB)            :  7500        7500     10998 
	   Memory (MB)          :   322        1024      1024 

	Job terminated of its own accord at 2022-04-08T13:14:52Z with exit-code 0.
...
