000 (454.583.000) 2022-04-06 16:54:01 Job submitted from host: <10.18.24.243:9618?addrs=10.18.24.243-9618&alias=ecoclusts01.bioclust.biologie.ens.fr&noUDP&sock=schedd_1052_29b8>
...
001 (454.583.000) 2022-04-08 01:52:02 Job executing on host: <10.18.24.12:9618?addrs=10.18.24.12-9618&alias=bioclust12.bioclust.biologie.ens.fr&noUDP&sock=startd_86046_fa3b>
...
006 (454.583.000) 2022-04-08 01:52:11 Image size of job updated: 219740
	62  -  MemoryUsage of job (MB)
	62732  -  ResidentSetSize of job (KB)
...
006 (454.583.000) 2022-04-08 01:57:11 Image size of job updated: 741624
	315  -  MemoryUsage of job (MB)
	322032  -  ResidentSetSize of job (KB)
...
006 (454.583.000) 2022-04-08 02:07:13 Image size of job updated: 774392
	315  -  MemoryUsage of job (MB)
	322032  -  ResidentSetSize of job (KB)
...
006 (454.583.000) 2022-04-08 03:22:19 Image size of job updated: 774648
	315  -  MemoryUsage of job (MB)
	322032  -  ResidentSetSize of job (KB)
...
006 (454.583.000) 2022-04-08 03:27:20 Image size of job updated: 774648
	315  -  MemoryUsage of job (MB)
	322164  -  ResidentSetSize of job (KB)
...
006 (454.583.000) 2022-04-08 03:37:21 Image size of job updated: 774904
	315  -  MemoryUsage of job (MB)
	322428  -  ResidentSetSize of job (KB)
...
006 (454.583.000) 2022-04-08 03:47:22 Image size of job updated: 775160
	315  -  MemoryUsage of job (MB)
	322560  -  ResidentSetSize of job (KB)
...
006 (454.583.000) 2022-04-08 03:52:23 Image size of job updated: 775160
	316  -  MemoryUsage of job (MB)
	322692  -  ResidentSetSize of job (KB)
...
006 (454.583.000) 2022-04-08 03:57:24 Image size of job updated: 775160
	316  -  MemoryUsage of job (MB)
	322824  -  ResidentSetSize of job (KB)
...
006 (454.583.000) 2022-04-08 04:02:24 Image size of job updated: 775416
	316  -  MemoryUsage of job (MB)
	322956  -  ResidentSetSize of job (KB)
...
006 (454.583.000) 2022-04-08 04:12:26 Image size of job updated: 775672
	316  -  MemoryUsage of job (MB)
	323088  -  ResidentSetSize of job (KB)
...
006 (454.583.000) 2022-04-08 04:17:26 Image size of job updated: 775672
	316  -  MemoryUsage of job (MB)
	323220  -  ResidentSetSize of job (KB)
...
006 (454.583.000) 2022-04-08 04:22:27 Image size of job updated: 775672
	316  -  MemoryUsage of job (MB)
	323352  -  ResidentSetSize of job (KB)
...
006 (454.583.000) 2022-04-08 04:27:28 Image size of job updated: 775928
	316  -  MemoryUsage of job (MB)
	323484  -  ResidentSetSize of job (KB)
...
006 (454.583.000) 2022-04-08 04:37:28 Image size of job updated: 776184
	317  -  MemoryUsage of job (MB)
	323616  -  ResidentSetSize of job (KB)
...
006 (454.583.000) 2022-04-08 04:42:29 Image size of job updated: 776184
	317  -  MemoryUsage of job (MB)
	323748  -  ResidentSetSize of job (KB)
...
006 (454.583.000) 2022-04-08 04:47:29 Image size of job updated: 776440
	317  -  MemoryUsage of job (MB)
	323880  -  ResidentSetSize of job (KB)
...
006 (454.583.000) 2022-04-08 04:52:29 Image size of job updated: 776440
	317  -  MemoryUsage of job (MB)
	324012  -  ResidentSetSize of job (KB)
...
006 (454.583.000) 2022-04-08 05:02:31 Image size of job updated: 776696
	317  -  MemoryUsage of job (MB)
	324144  -  ResidentSetSize of job (KB)
...
006 (454.583.000) 2022-04-08 05:07:31 Image size of job updated: 776696
	317  -  MemoryUsage of job (MB)
	324276  -  ResidentSetSize of job (KB)
...
006 (454.583.000) 2022-04-08 05:12:32 Image size of job updated: 776952
	317  -  MemoryUsage of job (MB)
	324408  -  ResidentSetSize of job (KB)
...
006 (454.583.000) 2022-04-08 05:17:33 Image size of job updated: 776952
	317  -  MemoryUsage of job (MB)
	324540  -  ResidentSetSize of job (KB)
...
006 (454.583.000) 2022-04-08 05:42:35 Image size of job updated: 777208
	318  -  MemoryUsage of job (MB)
	324672  -  ResidentSetSize of job (KB)
...
006 (454.583.000) 2022-04-08 05:47:36 Image size of job updated: 777208
	318  -  MemoryUsage of job (MB)
	324804  -  ResidentSetSize of job (KB)
...
006 (454.583.000) 2022-04-08 05:57:36 Image size of job updated: 777464
	318  -  MemoryUsage of job (MB)
	324936  -  ResidentSetSize of job (KB)
...
006 (454.583.000) 2022-04-08 06:02:38 Image size of job updated: 777464
	318  -  MemoryUsage of job (MB)
	325068  -  ResidentSetSize of job (KB)
...
006 (454.583.000) 2022-04-08 06:12:38 Image size of job updated: 777720
	318  -  MemoryUsage of job (MB)
	325200  -  ResidentSetSize of job (KB)
...
006 (454.583.000) 2022-04-08 06:17:39 Image size of job updated: 777720
	318  -  MemoryUsage of job (MB)
	325332  -  ResidentSetSize of job (KB)
...
006 (454.583.000) 2022-04-08 06:22:40 Image size of job updated: 777976
	318  -  MemoryUsage of job (MB)
	325332  -  ResidentSetSize of job (KB)
...
006 (454.583.000) 2022-04-08 06:27:40 Image size of job updated: 777976
	318  -  MemoryUsage of job (MB)
	325464  -  ResidentSetSize of job (KB)
...
006 (454.583.000) 2022-04-08 06:32:41 Image size of job updated: 777976
	318  -  MemoryUsage of job (MB)
	325596  -  ResidentSetSize of job (KB)
...
006 (454.583.000) 2022-04-08 06:37:42 Image size of job updated: 778232
	318  -  MemoryUsage of job (MB)
	325596  -  ResidentSetSize of job (KB)
...
006 (454.583.000) 2022-04-08 06:42:42 Image size of job updated: 778232
	319  -  MemoryUsage of job (MB)
	325728  -  ResidentSetSize of job (KB)
...
006 (454.583.000) 2022-04-08 06:47:43 Image size of job updated: 778232
	319  -  MemoryUsage of job (MB)
	325860  -  ResidentSetSize of job (KB)
...
006 (454.583.000) 2022-04-08 06:52:44 Image size of job updated: 778488
	319  -  MemoryUsage of job (MB)
	325992  -  ResidentSetSize of job (KB)
...
006 (454.583.000) 2022-04-08 07:02:45 Image size of job updated: 778488
	319  -  MemoryUsage of job (MB)
	326124  -  ResidentSetSize of job (KB)
...
006 (454.583.000) 2022-04-08 07:07:46 Image size of job updated: 778744
	319  -  MemoryUsage of job (MB)
	326256  -  ResidentSetSize of job (KB)
...
006 (454.583.000) 2022-04-08 07:17:47 Image size of job updated: 778744
	319  -  MemoryUsage of job (MB)
	326388  -  ResidentSetSize of job (KB)
...
006 (454.583.000) 2022-04-08 07:22:48 Image size of job updated: 779000
	319  -  MemoryUsage of job (MB)
	326520  -  ResidentSetSize of job (KB)
...
006 (454.583.000) 2022-04-08 07:27:48 Image size of job updated: 779000
	319  -  MemoryUsage of job (MB)
	326652  -  ResidentSetSize of job (KB)
...
006 (454.583.000) 2022-04-08 07:32:48 Image size of job updated: 779256
	319  -  MemoryUsage of job (MB)
	326652  -  ResidentSetSize of job (KB)
...
006 (454.583.000) 2022-04-08 07:37:49 Image size of job updated: 779256
	320  -  MemoryUsage of job (MB)
	326784  -  ResidentSetSize of job (KB)
...
006 (454.583.000) 2022-04-08 07:42:49 Image size of job updated: 779256
	320  -  MemoryUsage of job (MB)
	326916  -  ResidentSetSize of job (KB)
...
006 (454.583.000) 2022-04-08 07:47:49 Image size of job updated: 779512
	320  -  MemoryUsage of job (MB)
	326916  -  ResidentSetSize of job (KB)
...
006 (454.583.000) 2022-04-08 07:52:50 Image size of job updated: 779512
	320  -  MemoryUsage of job (MB)
	327048  -  ResidentSetSize of job (KB)
...
006 (454.583.000) 2022-04-08 07:57:50 Image size of job updated: 779512
	320  -  MemoryUsage of job (MB)
	327180  -  ResidentSetSize of job (KB)
...
006 (454.583.000) 2022-04-08 08:02:50 Image size of job updated: 779768
	320  -  MemoryUsage of job (MB)
	327180  -  ResidentSetSize of job (KB)
...
005 (454.583.000) 2022-04-08 08:02:52 Job terminated.
	(1) Normal termination (return value 0)
		Usr 0 06:05:31, Sys 0 00:02:39  -  Run Remote Usage
		Usr 0 00:00:00, Sys 0 00:00:00  -  Run Local Usage
		Usr 0 06:05:31, Sys 0 00:02:39  -  Total Remote Usage
		Usr 0 00:00:00, Sys 0 00:00:00  -  Total Local Usage
	0  -  Run Bytes Sent By Job
	0  -  Run Bytes Received By Job
	0  -  Total Bytes Sent By Job
	0  -  Total Bytes Received By Job
	Partitionable Resources :    Usage  Request Allocated 
	   Cpus                 :     1.00        1         1 
	   Disk (KB)            :  7500        7500     12108 
	   Memory (MB)          :   320        1024      1024 

	Job terminated of its own accord at 2022-04-08T06:02:52Z with exit-code 0.
...
