000 (454.832.000) 2022-04-06 16:54:02 Job submitted from host: <10.18.24.243:9618?addrs=10.18.24.243-9618&alias=ecoclusts01.bioclust.biologie.ens.fr&noUDP&sock=schedd_1052_29b8>
...
001 (454.832.000) 2022-04-08 08:49:31 Job executing on host: <10.18.24.142:9618?addrs=10.18.24.142-9618&alias=dyoclust15.bioclust.biologie.ens.fr&noUDP&sock=startd_768_5cd3>
...
006 (454.832.000) 2022-04-08 08:49:40 Image size of job updated: 97124
	95  -  MemoryUsage of job (MB)
	97124  -  ResidentSetSize of job (KB)
...
006 (454.832.000) 2022-04-08 08:54:40 Image size of job updated: 741620
	317  -  MemoryUsage of job (MB)
	324144  -  ResidentSetSize of job (KB)
...
006 (454.832.000) 2022-04-08 08:59:40 Image size of job updated: 774388
	317  -  MemoryUsage of job (MB)
	324144  -  ResidentSetSize of job (KB)
...
006 (454.832.000) 2022-04-08 09:39:44 Image size of job updated: 774644
	317  -  MemoryUsage of job (MB)
	324276  -  ResidentSetSize of job (KB)
...
006 (454.832.000) 2022-04-08 09:44:44 Image size of job updated: 774900
	317  -  MemoryUsage of job (MB)
	324408  -  ResidentSetSize of job (KB)
...
006 (454.832.000) 2022-04-08 09:49:44 Image size of job updated: 774900
	317  -  MemoryUsage of job (MB)
	324540  -  ResidentSetSize of job (KB)
...
006 (454.832.000) 2022-04-08 09:54:45 Image size of job updated: 775156
	318  -  MemoryUsage of job (MB)
	324672  -  ResidentSetSize of job (KB)
...
006 (454.832.000) 2022-04-08 09:59:46 Image size of job updated: 775156
	318  -  MemoryUsage of job (MB)
	324936  -  ResidentSetSize of job (KB)
...
006 (454.832.000) 2022-04-08 10:04:46 Image size of job updated: 775412
	318  -  MemoryUsage of job (MB)
	325068  -  ResidentSetSize of job (KB)
...
006 (454.832.000) 2022-04-08 10:09:46 Image size of job updated: 775668
	318  -  MemoryUsage of job (MB)
	325332  -  ResidentSetSize of job (KB)
...
006 (454.832.000) 2022-04-08 10:14:47 Image size of job updated: 775924
	318  -  MemoryUsage of job (MB)
	325464  -  ResidentSetSize of job (KB)
...
006 (454.832.000) 2022-04-08 10:19:47 Image size of job updated: 775924
	318  -  MemoryUsage of job (MB)
	325596  -  ResidentSetSize of job (KB)
...
006 (454.832.000) 2022-04-08 10:24:47 Image size of job updated: 776180
	319  -  MemoryUsage of job (MB)
	325728  -  ResidentSetSize of job (KB)
...
006 (454.832.000) 2022-04-08 10:29:48 Image size of job updated: 776436
	319  -  MemoryUsage of job (MB)
	325992  -  ResidentSetSize of job (KB)
...
006 (454.832.000) 2022-04-08 10:34:49 Image size of job updated: 776436
	319  -  MemoryUsage of job (MB)
	326124  -  ResidentSetSize of job (KB)
...
006 (454.832.000) 2022-04-08 10:39:49 Image size of job updated: 776692
	319  -  MemoryUsage of job (MB)
	326256  -  ResidentSetSize of job (KB)
...
006 (454.832.000) 2022-04-08 10:44:50 Image size of job updated: 776948
	319  -  MemoryUsage of job (MB)
	326520  -  ResidentSetSize of job (KB)
...
006 (454.832.000) 2022-04-08 10:59:51 Image size of job updated: 777204
	320  -  MemoryUsage of job (MB)
	326744  -  ResidentSetSize of job (KB)
...
006 (454.832.000) 2022-04-08 11:04:53 Image size of job updated: 777204
	320  -  MemoryUsage of job (MB)
	326876  -  ResidentSetSize of job (KB)
...
006 (454.832.000) 2022-04-08 11:09:53 Image size of job updated: 777460
	320  -  MemoryUsage of job (MB)
	327008  -  ResidentSetSize of job (KB)
...
006 (454.832.000) 2022-04-08 11:14:53 Image size of job updated: 777460
	320  -  MemoryUsage of job (MB)
	327140  -  ResidentSetSize of job (KB)
...
006 (454.832.000) 2022-04-08 11:19:54 Image size of job updated: 777716
	320  -  MemoryUsage of job (MB)
	327404  -  ResidentSetSize of job (KB)
...
006 (454.832.000) 2022-04-08 11:24:55 Image size of job updated: 777972
	320  -  MemoryUsage of job (MB)
	327536  -  ResidentSetSize of job (KB)
...
006 (454.832.000) 2022-04-08 11:29:55 Image size of job updated: 777972
	320  -  MemoryUsage of job (MB)
	327668  -  ResidentSetSize of job (KB)
...
006 (454.832.000) 2022-04-08 11:34:55 Image size of job updated: 778228
	321  -  MemoryUsage of job (MB)
	327932  -  ResidentSetSize of job (KB)
...
006 (454.832.000) 2022-04-08 11:39:57 Image size of job updated: 778484
	321  -  MemoryUsage of job (MB)
	328064  -  ResidentSetSize of job (KB)
...
006 (454.832.000) 2022-04-08 11:44:57 Image size of job updated: 778484
	321  -  MemoryUsage of job (MB)
	328196  -  ResidentSetSize of job (KB)
...
006 (454.832.000) 2022-04-08 11:49:57 Image size of job updated: 778740
	321  -  MemoryUsage of job (MB)
	328328  -  ResidentSetSize of job (KB)
...
006 (454.832.000) 2022-04-08 11:54:58 Image size of job updated: 778996
	321  -  MemoryUsage of job (MB)
	328592  -  ResidentSetSize of job (KB)
...
006 (454.832.000) 2022-04-08 11:59:59 Image size of job updated: 779252
	322  -  MemoryUsage of job (MB)
	328724  -  ResidentSetSize of job (KB)
...
006 (454.832.000) 2022-04-08 12:04:59 Image size of job updated: 779252
	322  -  MemoryUsage of job (MB)
	328988  -  ResidentSetSize of job (KB)
...
006 (454.832.000) 2022-04-08 12:09:59 Image size of job updated: 779508
	322  -  MemoryUsage of job (MB)
	329120  -  ResidentSetSize of job (KB)
...
006 (454.832.000) 2022-04-08 12:14:09 Image size of job updated: 779764
	322  -  MemoryUsage of job (MB)
	329120  -  ResidentSetSize of job (KB)
...
005 (454.832.000) 2022-04-08 12:14:09 Job terminated.
	(1) Normal termination (return value 0)
		Usr 0 03:22:16, Sys 0 00:00:34  -  Run Remote Usage
		Usr 0 00:00:00, Sys 0 00:00:00  -  Run Local Usage
		Usr 0 03:22:16, Sys 0 00:00:34  -  Total Remote Usage
		Usr 0 00:00:00, Sys 0 00:00:00  -  Total Local Usage
	0  -  Run Bytes Sent By Job
	0  -  Run Bytes Received By Job
	0  -  Total Bytes Sent By Job
	0  -  Total Bytes Received By Job
	Partitionable Resources :    Usage  Request Allocated 
	   Cpus                 :     0.99        1         1 
	   Disk (KB)            :  7500        7500     10998 
	   Memory (MB)          :   322        1024      1024 

	Job terminated of its own accord at 2022-04-08T10:14:09Z with exit-code 0.
...
