000 (454.816.000) 2022-04-06 16:54:02 Job submitted from host: <10.18.24.243:9618?addrs=10.18.24.243-9618&alias=ecoclusts01.bioclust.biologie.ens.fr&noUDP&sock=schedd_1052_29b8>
...
001 (454.816.000) 2022-04-08 08:19:30 Job executing on host: <10.18.24.138:9618?addrs=10.18.24.138-9618&alias=dyoclust11.bioclust.biologie.ens.fr&noUDP&sock=startd_801_ff73>
...
006 (454.816.000) 2022-04-08 08:19:39 Image size of job updated: 160064
	157  -  MemoryUsage of job (MB)
	160064  -  ResidentSetSize of job (KB)
...
006 (454.816.000) 2022-04-08 08:24:40 Image size of job updated: 741876
	317  -  MemoryUsage of job (MB)
	324336  -  ResidentSetSize of job (KB)
...
006 (454.816.000) 2022-04-08 08:29:40 Image size of job updated: 774644
	317  -  MemoryUsage of job (MB)
	324336  -  ResidentSetSize of job (KB)
...
006 (454.816.000) 2022-04-08 09:34:48 Image size of job updated: 774900
	317  -  MemoryUsage of job (MB)
	324468  -  ResidentSetSize of job (KB)
...
006 (454.816.000) 2022-04-08 09:39:48 Image size of job updated: 775156
	317  -  MemoryUsage of job (MB)
	324600  -  ResidentSetSize of job (KB)
...
006 (454.816.000) 2022-04-08 09:44:49 Image size of job updated: 775156
	318  -  MemoryUsage of job (MB)
	324864  -  ResidentSetSize of job (KB)
...
006 (454.816.000) 2022-04-08 09:49:50 Image size of job updated: 775412
	318  -  MemoryUsage of job (MB)
	324996  -  ResidentSetSize of job (KB)
...
006 (454.816.000) 2022-04-08 09:54:50 Image size of job updated: 775668
	318  -  MemoryUsage of job (MB)
	325260  -  ResidentSetSize of job (KB)
...
006 (454.816.000) 2022-04-08 09:59:50 Image size of job updated: 775924
	318  -  MemoryUsage of job (MB)
	325392  -  ResidentSetSize of job (KB)
...
006 (454.816.000) 2022-04-08 10:04:51 Image size of job updated: 776180
	319  -  MemoryUsage of job (MB)
	325656  -  ResidentSetSize of job (KB)
...
006 (454.816.000) 2022-04-08 10:09:51 Image size of job updated: 776180
	319  -  MemoryUsage of job (MB)
	325788  -  ResidentSetSize of job (KB)
...
006 (454.816.000) 2022-04-08 10:14:51 Image size of job updated: 776436
	319  -  MemoryUsage of job (MB)
	326052  -  ResidentSetSize of job (KB)
...
006 (454.816.000) 2022-04-08 10:19:52 Image size of job updated: 776692
	319  -  MemoryUsage of job (MB)
	326184  -  ResidentSetSize of job (KB)
...
006 (454.816.000) 2022-04-08 10:24:53 Image size of job updated: 776948
	319  -  MemoryUsage of job (MB)
	326448  -  ResidentSetSize of job (KB)
...
006 (454.816.000) 2022-04-08 10:29:53 Image size of job updated: 776948
	319  -  MemoryUsage of job (MB)
	326580  -  ResidentSetSize of job (KB)
...
006 (454.816.000) 2022-04-08 10:39:55 Image size of job updated: 777204
	320  -  MemoryUsage of job (MB)
	326712  -  ResidentSetSize of job (KB)
...
006 (454.816.000) 2022-04-08 10:44:55 Image size of job updated: 777204
	320  -  MemoryUsage of job (MB)
	326844  -  ResidentSetSize of job (KB)
...
006 (454.816.000) 2022-04-08 10:49:55 Image size of job updated: 777460
	320  -  MemoryUsage of job (MB)
	327108  -  ResidentSetSize of job (KB)
...
006 (454.816.000) 2022-04-08 10:54:56 Image size of job updated: 777716
	320  -  MemoryUsage of job (MB)
	327240  -  ResidentSetSize of job (KB)
...
006 (454.816.000) 2022-04-08 10:59:57 Image size of job updated: 777716
	320  -  MemoryUsage of job (MB)
	327372  -  ResidentSetSize of job (KB)
...
006 (454.816.000) 2022-04-08 11:04:57 Image size of job updated: 777972
	320  -  MemoryUsage of job (MB)
	327504  -  ResidentSetSize of job (KB)
...
006 (454.816.000) 2022-04-08 11:09:58 Image size of job updated: 778228
	321  -  MemoryUsage of job (MB)
	327768  -  ResidentSetSize of job (KB)
...
006 (454.816.000) 2022-04-08 11:14:59 Image size of job updated: 778484
	321  -  MemoryUsage of job (MB)
	327900  -  ResidentSetSize of job (KB)
...
006 (454.816.000) 2022-04-08 11:19:59 Image size of job updated: 778484
	321  -  MemoryUsage of job (MB)
	328164  -  ResidentSetSize of job (KB)
...
006 (454.816.000) 2022-04-08 11:24:59 Image size of job updated: 778740
	321  -  MemoryUsage of job (MB)
	328296  -  ResidentSetSize of job (KB)
...
006 (454.816.000) 2022-04-08 11:30:00 Image size of job updated: 778996
	321  -  MemoryUsage of job (MB)
	328560  -  ResidentSetSize of job (KB)
...
006 (454.816.000) 2022-04-08 11:35:00 Image size of job updated: 778996
	321  -  MemoryUsage of job (MB)
	328692  -  ResidentSetSize of job (KB)
...
006 (454.816.000) 2022-04-08 11:40:00 Image size of job updated: 779252
	322  -  MemoryUsage of job (MB)
	328824  -  ResidentSetSize of job (KB)
...
006 (454.816.000) 2022-04-08 11:45:01 Image size of job updated: 779508
	322  -  MemoryUsage of job (MB)
	329088  -  ResidentSetSize of job (KB)
...
006 (454.816.000) 2022-04-08 11:49:53 Image size of job updated: 779764
	322  -  MemoryUsage of job (MB)
	329088  -  ResidentSetSize of job (KB)
...
005 (454.816.000) 2022-04-08 11:49:53 Job terminated.
	(1) Normal termination (return value 0)
		Usr 0 03:28:52, Sys 0 00:00:29  -  Run Remote Usage
		Usr 0 00:00:00, Sys 0 00:00:00  -  Run Local Usage
		Usr 0 03:28:52, Sys 0 00:00:29  -  Total Remote Usage
		Usr 0 00:00:00, Sys 0 00:00:00  -  Total Local Usage
	0  -  Run Bytes Sent By Job
	0  -  Run Bytes Received By Job
	0  -  Total Bytes Sent By Job
	0  -  Total Bytes Received By Job
	Partitionable Resources :    Usage  Request Allocated 
	   Cpus                 :     1.00        1         1 
	   Disk (KB)            :  7500        7500     10998 
	   Memory (MB)          :   322        1024      1024 

	Job terminated of its own accord at 2022-04-08T09:49:53Z with exit-code 0.
...
