000 (454.835.000) 2022-04-06 16:54:02 Job submitted from host: <10.18.24.243:9618?addrs=10.18.24.243-9618&alias=ecoclusts01.bioclust.biologie.ens.fr&noUDP&sock=schedd_1052_29b8>
...
001 (454.835.000) 2022-04-08 08:52:32 Job executing on host: <10.18.24.142:9618?addrs=10.18.24.142-9618&alias=dyoclust15.bioclust.biologie.ens.fr&noUDP&sock=startd_768_5cd3>
...
006 (454.835.000) 2022-04-08 08:52:41 Image size of job updated: 99100
	97  -  MemoryUsage of job (MB)
	99100  -  ResidentSetSize of job (KB)
...
006 (454.835.000) 2022-04-08 08:57:42 Image size of job updated: 896304
	317  -  MemoryUsage of job (MB)
	324404  -  ResidentSetSize of job (KB)
...
006 (454.835.000) 2022-04-08 09:52:49 Image size of job updated: 896304
	317  -  MemoryUsage of job (MB)
	324536  -  ResidentSetSize of job (KB)
...
006 (454.835.000) 2022-04-08 09:57:49 Image size of job updated: 896304
	318  -  MemoryUsage of job (MB)
	324668  -  ResidentSetSize of job (KB)
...
006 (454.835.000) 2022-04-08 10:02:49 Image size of job updated: 896304
	318  -  MemoryUsage of job (MB)
	324800  -  ResidentSetSize of job (KB)
...
006 (454.835.000) 2022-04-08 10:07:50 Image size of job updated: 896304
	318  -  MemoryUsage of job (MB)
	324932  -  ResidentSetSize of job (KB)
...
006 (454.835.000) 2022-04-08 10:12:50 Image size of job updated: 896304
	318  -  MemoryUsage of job (MB)
	325064  -  ResidentSetSize of job (KB)
...
006 (454.835.000) 2022-04-08 10:17:50 Image size of job updated: 896304
	318  -  MemoryUsage of job (MB)
	325328  -  ResidentSetSize of job (KB)
...
006 (454.835.000) 2022-04-08 10:22:51 Image size of job updated: 896304
	318  -  MemoryUsage of job (MB)
	325460  -  ResidentSetSize of job (KB)
...
006 (454.835.000) 2022-04-08 10:27:52 Image size of job updated: 896304
	318  -  MemoryUsage of job (MB)
	325592  -  ResidentSetSize of job (KB)
...
006 (454.835.000) 2022-04-08 10:32:52 Image size of job updated: 896304
	319  -  MemoryUsage of job (MB)
	325856  -  ResidentSetSize of job (KB)
...
006 (454.835.000) 2022-04-08 10:37:52 Image size of job updated: 896304
	319  -  MemoryUsage of job (MB)
	325988  -  ResidentSetSize of job (KB)
...
006 (454.835.000) 2022-04-08 10:42:53 Image size of job updated: 896304
	319  -  MemoryUsage of job (MB)
	326252  -  ResidentSetSize of job (KB)
...
006 (454.835.000) 2022-04-08 10:47:53 Image size of job updated: 896304
	319  -  MemoryUsage of job (MB)
	326384  -  ResidentSetSize of job (KB)
...
006 (454.835.000) 2022-04-08 10:52:53 Image size of job updated: 896304
	319  -  MemoryUsage of job (MB)
	326476  -  ResidentSetSize of job (KB)
...
006 (454.835.000) 2022-04-08 11:02:55 Image size of job updated: 896304
	320  -  MemoryUsage of job (MB)
	326740  -  ResidentSetSize of job (KB)
...
006 (454.835.000) 2022-04-08 11:07:55 Image size of job updated: 896304
	320  -  MemoryUsage of job (MB)
	326872  -  ResidentSetSize of job (KB)
...
006 (454.835.000) 2022-04-08 11:12:55 Image size of job updated: 896304
	320  -  MemoryUsage of job (MB)
	327004  -  ResidentSetSize of job (KB)
...
006 (454.835.000) 2022-04-08 11:17:56 Image size of job updated: 896304
	320  -  MemoryUsage of job (MB)
	327268  -  ResidentSetSize of job (KB)
...
006 (454.835.000) 2022-04-08 11:22:56 Image size of job updated: 896304
	320  -  MemoryUsage of job (MB)
	327400  -  ResidentSetSize of job (KB)
...
006 (454.835.000) 2022-04-08 11:27:56 Image size of job updated: 896304
	320  -  MemoryUsage of job (MB)
	327532  -  ResidentSetSize of job (KB)
...
006 (454.835.000) 2022-04-08 11:32:57 Image size of job updated: 896304
	321  -  MemoryUsage of job (MB)
	327796  -  ResidentSetSize of job (KB)
...
006 (454.835.000) 2022-04-08 11:37:58 Image size of job updated: 896304
	321  -  MemoryUsage of job (MB)
	327928  -  ResidentSetSize of job (KB)
...
006 (454.835.000) 2022-04-08 11:42:58 Image size of job updated: 896304
	321  -  MemoryUsage of job (MB)
	328192  -  ResidentSetSize of job (KB)
...
006 (454.835.000) 2022-04-08 11:47:58 Image size of job updated: 896304
	321  -  MemoryUsage of job (MB)
	328324  -  ResidentSetSize of job (KB)
...
006 (454.835.000) 2022-04-08 11:52:59 Image size of job updated: 896304
	321  -  MemoryUsage of job (MB)
	328456  -  ResidentSetSize of job (KB)
...
006 (454.835.000) 2022-04-08 11:57:59 Image size of job updated: 896304
	322  -  MemoryUsage of job (MB)
	328720  -  ResidentSetSize of job (KB)
...
006 (454.835.000) 2022-04-08 12:02:59 Image size of job updated: 896304
	322  -  MemoryUsage of job (MB)
	328852  -  ResidentSetSize of job (KB)
...
006 (454.835.000) 2022-04-08 12:08:01 Image size of job updated: 896304
	322  -  MemoryUsage of job (MB)
	328984  -  ResidentSetSize of job (KB)
...
006 (454.835.000) 2022-04-08 12:13:01 Image size of job updated: 896304
	322  -  MemoryUsage of job (MB)
	329248  -  ResidentSetSize of job (KB)
...
005 (454.835.000) 2022-04-08 12:15:53 Job terminated.
	(1) Normal termination (return value 0)
		Usr 0 03:21:23, Sys 0 00:00:30  -  Run Remote Usage
		Usr 0 00:00:00, Sys 0 00:00:00  -  Run Local Usage
		Usr 0 03:21:23, Sys 0 00:00:30  -  Total Remote Usage
		Usr 0 00:00:00, Sys 0 00:00:00  -  Total Local Usage
	0  -  Run Bytes Sent By Job
	0  -  Run Bytes Received By Job
	0  -  Total Bytes Sent By Job
	0  -  Total Bytes Received By Job
	Partitionable Resources :    Usage  Request Allocated 
	   Cpus                 :     0.99        1         1 
	   Disk (KB)            :  7500        7500     10998 
	   Memory (MB)          :   322        1024      1024 

	Job terminated of its own accord at 2022-04-08T10:15:53Z with exit-code 0.
...
