000 (454.739.000) 2022-04-06 16:54:02 Job submitted from host: <10.18.24.243:9618?addrs=10.18.24.243-9618&alias=ecoclusts01.bioclust.biologie.ens.fr&noUDP&sock=schedd_1052_29b8>
...
001 (454.739.000) 2022-04-08 06:23:09 Job executing on host: <10.18.24.141:9618?addrs=10.18.24.141-9618&alias=dyoclust14.bioclust.biologie.ens.fr&noUDP&sock=startd_801_ff73>
...
006 (454.739.000) 2022-04-08 06:23:18 Image size of job updated: 334184
	128  -  MemoryUsage of job (MB)
	131064  -  ResidentSetSize of job (KB)
...
006 (454.739.000) 2022-04-08 06:28:18 Image size of job updated: 741624
	269  -  MemoryUsage of job (MB)
	274864  -  ResidentSetSize of job (KB)
...
006 (454.739.000) 2022-04-08 06:33:18 Image size of job updated: 774392
	317  -  MemoryUsage of job (MB)
	324116  -  ResidentSetSize of job (KB)
...
006 (454.739.000) 2022-04-08 07:08:22 Image size of job updated: 774648
	317  -  MemoryUsage of job (MB)
	324248  -  ResidentSetSize of job (KB)
...
006 (454.739.000) 2022-04-08 07:13:23 Image size of job updated: 774904
	317  -  MemoryUsage of job (MB)
	324512  -  ResidentSetSize of job (KB)
...
006 (454.739.000) 2022-04-08 07:18:24 Image size of job updated: 774904
	318  -  MemoryUsage of job (MB)
	324644  -  ResidentSetSize of job (KB)
...
006 (454.739.000) 2022-04-08 07:23:24 Image size of job updated: 775160
	318  -  MemoryUsage of job (MB)
	324776  -  ResidentSetSize of job (KB)
...
006 (454.739.000) 2022-04-08 07:33:26 Image size of job updated: 775416
	318  -  MemoryUsage of job (MB)
	325040  -  ResidentSetSize of job (KB)
...
006 (454.739.000) 2022-04-08 07:38:26 Image size of job updated: 775672
	318  -  MemoryUsage of job (MB)
	325172  -  ResidentSetSize of job (KB)
...
006 (454.739.000) 2022-04-08 07:43:26 Image size of job updated: 775672
	318  -  MemoryUsage of job (MB)
	325436  -  ResidentSetSize of job (KB)
...
006 (454.739.000) 2022-04-08 07:48:27 Image size of job updated: 775928
	318  -  MemoryUsage of job (MB)
	325568  -  ResidentSetSize of job (KB)
...
006 (454.739.000) 2022-04-08 07:53:28 Image size of job updated: 776184
	319  -  MemoryUsage of job (MB)
	325832  -  ResidentSetSize of job (KB)
...
006 (454.739.000) 2022-04-08 07:58:28 Image size of job updated: 776440
	319  -  MemoryUsage of job (MB)
	325964  -  ResidentSetSize of job (KB)
...
006 (454.739.000) 2022-04-08 08:03:29 Image size of job updated: 776440
	319  -  MemoryUsage of job (MB)
	326096  -  ResidentSetSize of job (KB)
...
006 (454.739.000) 2022-04-08 08:08:30 Image size of job updated: 776696
	319  -  MemoryUsage of job (MB)
	326360  -  ResidentSetSize of job (KB)
...
006 (454.739.000) 2022-04-08 08:13:30 Image size of job updated: 776952
	319  -  MemoryUsage of job (MB)
	326492  -  ResidentSetSize of job (KB)
...
006 (454.739.000) 2022-04-08 08:28:32 Image size of job updated: 777208
	319  -  MemoryUsage of job (MB)
	326616  -  ResidentSetSize of job (KB)
...
006 (454.739.000) 2022-04-08 08:33:32 Image size of job updated: 777208
	320  -  MemoryUsage of job (MB)
	326880  -  ResidentSetSize of job (KB)
...
006 (454.739.000) 2022-04-08 08:38:33 Image size of job updated: 777464
	320  -  MemoryUsage of job (MB)
	327012  -  ResidentSetSize of job (KB)
...
006 (454.739.000) 2022-04-08 08:43:34 Image size of job updated: 777464
	320  -  MemoryUsage of job (MB)
	327144  -  ResidentSetSize of job (KB)
...
006 (454.739.000) 2022-04-08 08:48:34 Image size of job updated: 777720
	320  -  MemoryUsage of job (MB)
	327276  -  ResidentSetSize of job (KB)
...
006 (454.739.000) 2022-04-08 08:53:34 Image size of job updated: 777720
	320  -  MemoryUsage of job (MB)
	327408  -  ResidentSetSize of job (KB)
...
006 (454.739.000) 2022-04-08 08:58:35 Image size of job updated: 777976
	320  -  MemoryUsage of job (MB)
	327672  -  ResidentSetSize of job (KB)
...
006 (454.739.000) 2022-04-08 09:03:35 Image size of job updated: 778232
	321  -  MemoryUsage of job (MB)
	327804  -  ResidentSetSize of job (KB)
...
006 (454.739.000) 2022-04-08 09:08:35 Image size of job updated: 778232
	321  -  MemoryUsage of job (MB)
	327936  -  ResidentSetSize of job (KB)
...
006 (454.739.000) 2022-04-08 09:13:36 Image size of job updated: 778488
	321  -  MemoryUsage of job (MB)
	328068  -  ResidentSetSize of job (KB)
...
006 (454.739.000) 2022-04-08 09:18:37 Image size of job updated: 778744
	321  -  MemoryUsage of job (MB)
	328332  -  ResidentSetSize of job (KB)
...
006 (454.739.000) 2022-04-08 09:23:37 Image size of job updated: 778744
	321  -  MemoryUsage of job (MB)
	328464  -  ResidentSetSize of job (KB)
...
006 (454.739.000) 2022-04-08 09:28:37 Image size of job updated: 779000
	321  -  MemoryUsage of job (MB)
	328596  -  ResidentSetSize of job (KB)
...
006 (454.739.000) 2022-04-08 09:33:38 Image size of job updated: 779256
	322  -  MemoryUsage of job (MB)
	328860  -  ResidentSetSize of job (KB)
...
006 (454.739.000) 2022-04-08 09:38:38 Image size of job updated: 779512
	322  -  MemoryUsage of job (MB)
	328992  -  ResidentSetSize of job (KB)
...
006 (454.739.000) 2022-04-08 09:43:38 Image size of job updated: 779512
	322  -  MemoryUsage of job (MB)
	329256  -  ResidentSetSize of job (KB)
...
006 (454.739.000) 2022-04-08 09:45:59 Image size of job updated: 779768
	322  -  MemoryUsage of job (MB)
	329256  -  ResidentSetSize of job (KB)
...
005 (454.739.000) 2022-04-08 09:45:59 Job terminated.
	(1) Normal termination (return value 0)
		Usr 0 03:20:54, Sys 0 00:00:29  -  Run Remote Usage
		Usr 0 00:00:00, Sys 0 00:00:00  -  Run Local Usage
		Usr 0 03:20:54, Sys 0 00:00:29  -  Total Remote Usage
		Usr 0 00:00:00, Sys 0 00:00:00  -  Total Local Usage
	0  -  Run Bytes Sent By Job
	0  -  Run Bytes Received By Job
	0  -  Total Bytes Sent By Job
	0  -  Total Bytes Received By Job
	Partitionable Resources :    Usage  Request Allocated 
	   Cpus                 :     1.00        1         1 
	   Disk (KB)            :  7500        7500     10998 
	   Memory (MB)          :   322        1024      1024 

	Job terminated of its own accord at 2022-04-08T07:45:59Z with exit-code 0.
...
