000 (454.651.000) 2022-04-06 16:54:02 Job submitted from host: <10.18.24.243:9618?addrs=10.18.24.243-9618&alias=ecoclusts01.bioclust.biologie.ens.fr&noUDP&sock=schedd_1052_29b8>
...
001 (454.651.000) 2022-04-08 03:46:06 Job executing on host: <10.18.24.177:9618?addrs=10.18.24.177-9618&alias=mcbsclust06.bioclust.biologie.ens.fr&noUDP&sock=startd_945_c516>
...
006 (454.651.000) 2022-04-08 03:46:14 Image size of job updated: 719240
	297  -  MemoryUsage of job (MB)
	303876  -  ResidentSetSize of job (KB)
...
006 (454.651.000) 2022-04-08 03:51:14 Image size of job updated: 741880
	317  -  MemoryUsage of job (MB)
	324332  -  ResidentSetSize of job (KB)
...
006 (454.651.000) 2022-04-08 03:56:14 Image size of job updated: 774648
	317  -  MemoryUsage of job (MB)
	324332  -  ResidentSetSize of job (KB)
...
006 (454.651.000) 2022-04-08 05:11:22 Image size of job updated: 774904
	317  -  MemoryUsage of job (MB)
	324332  -  ResidentSetSize of job (KB)
...
006 (454.651.000) 2022-04-08 05:16:22 Image size of job updated: 774904
	317  -  MemoryUsage of job (MB)
	324464  -  ResidentSetSize of job (KB)
...
006 (454.651.000) 2022-04-08 05:21:22 Image size of job updated: 775160
	317  -  MemoryUsage of job (MB)
	324596  -  ResidentSetSize of job (KB)
...
006 (454.651.000) 2022-04-08 05:26:23 Image size of job updated: 775160
	318  -  MemoryUsage of job (MB)
	324728  -  ResidentSetSize of job (KB)
...
006 (454.651.000) 2022-04-08 05:31:24 Image size of job updated: 775160
	318  -  MemoryUsage of job (MB)
	324860  -  ResidentSetSize of job (KB)
...
006 (454.651.000) 2022-04-08 05:36:24 Image size of job updated: 775416
	318  -  MemoryUsage of job (MB)
	324992  -  ResidentSetSize of job (KB)
...
006 (454.651.000) 2022-04-08 05:41:24 Image size of job updated: 775416
	318  -  MemoryUsage of job (MB)
	325124  -  ResidentSetSize of job (KB)
...
006 (454.651.000) 2022-04-08 05:46:25 Image size of job updated: 775672
	318  -  MemoryUsage of job (MB)
	325256  -  ResidentSetSize of job (KB)
...
006 (454.651.000) 2022-04-08 05:51:25 Image size of job updated: 775672
	318  -  MemoryUsage of job (MB)
	325388  -  ResidentSetSize of job (KB)
...
006 (454.651.000) 2022-04-08 05:56:25 Image size of job updated: 775928
	318  -  MemoryUsage of job (MB)
	325520  -  ResidentSetSize of job (KB)
...
006 (454.651.000) 2022-04-08 06:01:26 Image size of job updated: 775928
	319  -  MemoryUsage of job (MB)
	325652  -  ResidentSetSize of job (KB)
...
006 (454.651.000) 2022-04-08 06:06:27 Image size of job updated: 776184
	319  -  MemoryUsage of job (MB)
	325784  -  ResidentSetSize of job (KB)
...
006 (454.651.000) 2022-04-08 06:11:27 Image size of job updated: 776184
	319  -  MemoryUsage of job (MB)
	325916  -  ResidentSetSize of job (KB)
...
006 (454.651.000) 2022-04-08 06:16:27 Image size of job updated: 776440
	319  -  MemoryUsage of job (MB)
	326048  -  ResidentSetSize of job (KB)
...
006 (454.651.000) 2022-04-08 06:21:28 Image size of job updated: 776440
	319  -  MemoryUsage of job (MB)
	326180  -  ResidentSetSize of job (KB)
...
006 (454.651.000) 2022-04-08 06:26:28 Image size of job updated: 776696
	319  -  MemoryUsage of job (MB)
	326312  -  ResidentSetSize of job (KB)
...
006 (454.651.000) 2022-04-08 06:31:28 Image size of job updated: 776696
	319  -  MemoryUsage of job (MB)
	326444  -  ResidentSetSize of job (KB)
...
006 (454.651.000) 2022-04-08 06:36:29 Image size of job updated: 776952
	319  -  MemoryUsage of job (MB)
	326444  -  ResidentSetSize of job (KB)
...
006 (454.651.000) 2022-04-08 06:41:30 Image size of job updated: 776952
	319  -  MemoryUsage of job (MB)
	326576  -  ResidentSetSize of job (KB)
...
006 (454.651.000) 2022-04-08 06:56:31 Image size of job updated: 776952
	320  -  MemoryUsage of job (MB)
	326708  -  ResidentSetSize of job (KB)
...
006 (454.651.000) 2022-04-08 07:01:31 Image size of job updated: 777208
	320  -  MemoryUsage of job (MB)
	326708  -  ResidentSetSize of job (KB)
...
006 (454.651.000) 2022-04-08 07:06:31 Image size of job updated: 777208
	320  -  MemoryUsage of job (MB)
	326972  -  ResidentSetSize of job (KB)
...
006 (454.651.000) 2022-04-08 07:11:32 Image size of job updated: 777464
	320  -  MemoryUsage of job (MB)
	326972  -  ResidentSetSize of job (KB)
...
006 (454.651.000) 2022-04-08 07:16:33 Image size of job updated: 777464
	320  -  MemoryUsage of job (MB)
	327104  -  ResidentSetSize of job (KB)
...
006 (454.651.000) 2022-04-08 07:21:33 Image size of job updated: 777720
	320  -  MemoryUsage of job (MB)
	327236  -  ResidentSetSize of job (KB)
...
006 (454.651.000) 2022-04-08 07:26:33 Image size of job updated: 777720
	320  -  MemoryUsage of job (MB)
	327368  -  ResidentSetSize of job (KB)
...
006 (454.651.000) 2022-04-08 07:31:34 Image size of job updated: 777976
	320  -  MemoryUsage of job (MB)
	327500  -  ResidentSetSize of job (KB)
...
006 (454.651.000) 2022-04-08 07:36:34 Image size of job updated: 777976
	320  -  MemoryUsage of job (MB)
	327632  -  ResidentSetSize of job (KB)
...
006 (454.651.000) 2022-04-08 07:46:35 Image size of job updated: 778232
	321  -  MemoryUsage of job (MB)
	327764  -  ResidentSetSize of job (KB)
...
006 (454.651.000) 2022-04-08 07:51:36 Image size of job updated: 778232
	321  -  MemoryUsage of job (MB)
	327896  -  ResidentSetSize of job (KB)
...
006 (454.651.000) 2022-04-08 07:56:36 Image size of job updated: 778488
	321  -  MemoryUsage of job (MB)
	328028  -  ResidentSetSize of job (KB)
...
006 (454.651.000) 2022-04-08 08:01:36 Image size of job updated: 778488
	321  -  MemoryUsage of job (MB)
	328160  -  ResidentSetSize of job (KB)
...
006 (454.651.000) 2022-04-08 08:06:37 Image size of job updated: 778744
	321  -  MemoryUsage of job (MB)
	328292  -  ResidentSetSize of job (KB)
...
006 (454.651.000) 2022-04-08 08:11:37 Image size of job updated: 778744
	321  -  MemoryUsage of job (MB)
	328424  -  ResidentSetSize of job (KB)
...
006 (454.651.000) 2022-04-08 08:16:37 Image size of job updated: 778744
	321  -  MemoryUsage of job (MB)
	328556  -  ResidentSetSize of job (KB)
...
006 (454.651.000) 2022-04-08 08:21:38 Image size of job updated: 779000
	321  -  MemoryUsage of job (MB)
	328556  -  ResidentSetSize of job (KB)
...
006 (454.651.000) 2022-04-08 08:26:39 Image size of job updated: 779000
	321  -  MemoryUsage of job (MB)
	328688  -  ResidentSetSize of job (KB)
...
006 (454.651.000) 2022-04-08 08:31:39 Image size of job updated: 779256
	322  -  MemoryUsage of job (MB)
	328820  -  ResidentSetSize of job (KB)
...
006 (454.651.000) 2022-04-08 08:36:39 Image size of job updated: 779256
	322  -  MemoryUsage of job (MB)
	328952  -  ResidentSetSize of job (KB)
...
006 (454.651.000) 2022-04-08 08:41:40 Image size of job updated: 779512
	322  -  MemoryUsage of job (MB)
	329084  -  ResidentSetSize of job (KB)
...
006 (454.651.000) 2022-04-08 08:46:40 Image size of job updated: 779512
	322  -  MemoryUsage of job (MB)
	329216  -  ResidentSetSize of job (KB)
...
006 (454.651.000) 2022-04-08 08:51:40 Image size of job updated: 779768
	322  -  MemoryUsage of job (MB)
	329216  -  ResidentSetSize of job (KB)
...
005 (454.651.000) 2022-04-08 08:51:53 Job terminated.
	(1) Normal termination (return value 0)
		Usr 0 05:04:50, Sys 0 00:00:14  -  Run Remote Usage
		Usr 0 00:00:00, Sys 0 00:00:00  -  Run Local Usage
		Usr 0 05:04:50, Sys 0 00:00:14  -  Total Remote Usage
		Usr 0 00:00:00, Sys 0 00:00:00  -  Total Local Usage
	0  -  Run Bytes Sent By Job
	0  -  Run Bytes Received By Job
	0  -  Total Bytes Sent By Job
	0  -  Total Bytes Received By Job
	Partitionable Resources :    Usage  Request Allocated 
	   Cpus                 :     1.00        1         1 
	   Disk (KB)            :  7500        7500     10998 
	   Memory (MB)          :   322        1024      1024 

	Job terminated of its own accord at 2022-04-08T06:51:53Z with exit-code 0.
...
