000 (454.596.000) 2022-04-06 16:54:01 Job submitted from host: <10.18.24.243:9618?addrs=10.18.24.243-9618&alias=ecoclusts01.bioclust.biologie.ens.fr&noUDP&sock=schedd_1052_29b8>
...
001 (454.596.000) 2022-04-08 02:16:04 Job executing on host: <10.18.24.133:9618?addrs=10.18.24.133-9618&alias=dyoclust06.bioclust.biologie.ens.fr&noUDP&sock=startd_804_0e3b>
...
006 (454.596.000) 2022-04-08 02:16:13 Image size of job updated: 64916
	64  -  MemoryUsage of job (MB)
	64916  -  ResidentSetSize of job (KB)
...
006 (454.596.000) 2022-04-08 02:21:13 Image size of job updated: 839692
	317  -  MemoryUsage of job (MB)
	324352  -  ResidentSetSize of job (KB)
...
006 (454.596.000) 2022-04-08 02:26:13 Image size of job updated: 839692
	317  -  MemoryUsage of job (MB)
	324440  -  ResidentSetSize of job (KB)
...
006 (454.596.000) 2022-04-08 03:36:21 Image size of job updated: 839692
	317  -  MemoryUsage of job (MB)
	324572  -  ResidentSetSize of job (KB)
...
006 (454.596.000) 2022-04-08 03:41:22 Image size of job updated: 839692
	318  -  MemoryUsage of job (MB)
	324704  -  ResidentSetSize of job (KB)
...
006 (454.596.000) 2022-04-08 03:51:22 Image size of job updated: 839692
	318  -  MemoryUsage of job (MB)
	324836  -  ResidentSetSize of job (KB)
...
006 (454.596.000) 2022-04-08 03:56:23 Image size of job updated: 839692
	318  -  MemoryUsage of job (MB)
	324968  -  ResidentSetSize of job (KB)
...
006 (454.596.000) 2022-04-08 04:01:24 Image size of job updated: 839692
	318  -  MemoryUsage of job (MB)
	325232  -  ResidentSetSize of job (KB)
...
006 (454.596.000) 2022-04-08 04:06:24 Image size of job updated: 839692
	318  -  MemoryUsage of job (MB)
	325364  -  ResidentSetSize of job (KB)
...
006 (454.596.000) 2022-04-08 04:11:25 Image size of job updated: 839692
	318  -  MemoryUsage of job (MB)
	325496  -  ResidentSetSize of job (KB)
...
006 (454.596.000) 2022-04-08 04:16:26 Image size of job updated: 839692
	318  -  MemoryUsage of job (MB)
	325628  -  ResidentSetSize of job (KB)
...
006 (454.596.000) 2022-04-08 04:21:26 Image size of job updated: 839692
	319  -  MemoryUsage of job (MB)
	325760  -  ResidentSetSize of job (KB)
...
006 (454.596.000) 2022-04-08 04:26:26 Image size of job updated: 839692
	319  -  MemoryUsage of job (MB)
	325892  -  ResidentSetSize of job (KB)
...
006 (454.596.000) 2022-04-08 04:31:27 Image size of job updated: 839692
	319  -  MemoryUsage of job (MB)
	326024  -  ResidentSetSize of job (KB)
...
006 (454.596.000) 2022-04-08 04:36:27 Image size of job updated: 839692
	319  -  MemoryUsage of job (MB)
	326288  -  ResidentSetSize of job (KB)
...
006 (454.596.000) 2022-04-08 04:41:27 Image size of job updated: 839692
	319  -  MemoryUsage of job (MB)
	326420  -  ResidentSetSize of job (KB)
...
006 (454.596.000) 2022-04-08 04:46:28 Image size of job updated: 839692
	319  -  MemoryUsage of job (MB)
	326552  -  ResidentSetSize of job (KB)
...
006 (454.596.000) 2022-04-08 05:01:29 Image size of job updated: 839692
	320  -  MemoryUsage of job (MB)
	326684  -  ResidentSetSize of job (KB)
...
006 (454.596.000) 2022-04-08 05:06:30 Image size of job updated: 839692
	320  -  MemoryUsage of job (MB)
	326816  -  ResidentSetSize of job (KB)
...
006 (454.596.000) 2022-04-08 05:11:30 Image size of job updated: 839692
	320  -  MemoryUsage of job (MB)
	326948  -  ResidentSetSize of job (KB)
...
006 (454.596.000) 2022-04-08 05:16:31 Image size of job updated: 839692
	320  -  MemoryUsage of job (MB)
	327080  -  ResidentSetSize of job (KB)
...
006 (454.596.000) 2022-04-08 05:21:32 Image size of job updated: 839692
	320  -  MemoryUsage of job (MB)
	327212  -  ResidentSetSize of job (KB)
...
006 (454.596.000) 2022-04-08 05:26:32 Image size of job updated: 839692
	320  -  MemoryUsage of job (MB)
	327344  -  ResidentSetSize of job (KB)
...
006 (454.596.000) 2022-04-08 05:31:32 Image size of job updated: 839692
	320  -  MemoryUsage of job (MB)
	327608  -  ResidentSetSize of job (KB)
...
006 (454.596.000) 2022-04-08 05:41:34 Image size of job updated: 839692
	321  -  MemoryUsage of job (MB)
	327872  -  ResidentSetSize of job (KB)
...
006 (454.596.000) 2022-04-08 05:46:34 Image size of job updated: 839692
	321  -  MemoryUsage of job (MB)
	328004  -  ResidentSetSize of job (KB)
...
006 (454.596.000) 2022-04-08 05:51:35 Image size of job updated: 839692
	321  -  MemoryUsage of job (MB)
	328136  -  ResidentSetSize of job (KB)
...
006 (454.596.000) 2022-04-08 05:56:36 Image size of job updated: 839692
	321  -  MemoryUsage of job (MB)
	328268  -  ResidentSetSize of job (KB)
...
006 (454.596.000) 2022-04-08 06:01:36 Image size of job updated: 839692
	321  -  MemoryUsage of job (MB)
	328400  -  ResidentSetSize of job (KB)
...
006 (454.596.000) 2022-04-08 06:06:36 Image size of job updated: 839692
	321  -  MemoryUsage of job (MB)
	328532  -  ResidentSetSize of job (KB)
...
006 (454.596.000) 2022-04-08 06:11:37 Image size of job updated: 839692
	321  -  MemoryUsage of job (MB)
	328664  -  ResidentSetSize of job (KB)
...
006 (454.596.000) 2022-04-08 06:16:38 Image size of job updated: 839692
	322  -  MemoryUsage of job (MB)
	328796  -  ResidentSetSize of job (KB)
...
006 (454.596.000) 2022-04-08 06:21:38 Image size of job updated: 839692
	322  -  MemoryUsage of job (MB)
	328928  -  ResidentSetSize of job (KB)
...
006 (454.596.000) 2022-04-08 06:26:39 Image size of job updated: 839692
	322  -  MemoryUsage of job (MB)
	329060  -  ResidentSetSize of job (KB)
...
006 (454.596.000) 2022-04-08 06:31:40 Image size of job updated: 839692
	322  -  MemoryUsage of job (MB)
	329192  -  ResidentSetSize of job (KB)
...
005 (454.596.000) 2022-04-08 06:34:28 Job terminated.
	(1) Normal termination (return value 0)
		Usr 0 04:15:27, Sys 0 00:00:45  -  Run Remote Usage
		Usr 0 00:00:00, Sys 0 00:00:00  -  Run Local Usage
		Usr 0 04:15:27, Sys 0 00:00:45  -  Total Remote Usage
		Usr 0 00:00:00, Sys 0 00:00:00  -  Total Local Usage
	0  -  Run Bytes Sent By Job
	0  -  Run Bytes Received By Job
	0  -  Total Bytes Sent By Job
	0  -  Total Bytes Received By Job
	Partitionable Resources :    Usage  Request Allocated 
	   Cpus                 :     1.00        1         1 
	   Disk (KB)            :  7500        7500     10015 
	   Memory (MB)          :   322        1024      1024 

	Job terminated of its own accord at 2022-04-08T04:34:28Z with exit-code 0.
...
