000 (454.855.000) 2022-04-06 16:54:02 Job submitted from host: <10.18.24.243:9618?addrs=10.18.24.243-9618&alias=ecoclusts01.bioclust.biologie.ens.fr&noUDP&sock=schedd_1052_29b8>
...
001 (454.855.000) 2022-04-08 09:29:04 Job executing on host: <10.18.24.136:9618?addrs=10.18.24.136-9618&alias=dyoclust09.bioclust.biologie.ens.fr&noUDP&sock=startd_808_cc9c>
...
006 (454.855.000) 2022-04-08 09:29:13 Image size of job updated: 222896
	218  -  MemoryUsage of job (MB)
	222896  -  ResidentSetSize of job (KB)
...
006 (454.855.000) 2022-04-08 09:34:14 Image size of job updated: 741876
	317  -  MemoryUsage of job (MB)
	324404  -  ResidentSetSize of job (KB)
...
006 (454.855.000) 2022-04-08 09:39:15 Image size of job updated: 774644
	317  -  MemoryUsage of job (MB)
	324404  -  ResidentSetSize of job (KB)
...
006 (454.855.000) 2022-04-08 10:14:18 Image size of job updated: 774900
	317  -  MemoryUsage of job (MB)
	324404  -  ResidentSetSize of job (KB)
...
006 (454.855.000) 2022-04-08 10:19:18 Image size of job updated: 775156
	318  -  MemoryUsage of job (MB)
	324624  -  ResidentSetSize of job (KB)
...
006 (454.855.000) 2022-04-08 10:24:19 Image size of job updated: 775156
	318  -  MemoryUsage of job (MB)
	324888  -  ResidentSetSize of job (KB)
...
006 (454.855.000) 2022-04-08 10:29:20 Image size of job updated: 775412
	318  -  MemoryUsage of job (MB)
	325020  -  ResidentSetSize of job (KB)
...
006 (454.855.000) 2022-04-08 10:34:20 Image size of job updated: 775668
	318  -  MemoryUsage of job (MB)
	325284  -  ResidentSetSize of job (KB)
...
006 (454.855.000) 2022-04-08 10:39:20 Image size of job updated: 775924
	318  -  MemoryUsage of job (MB)
	325548  -  ResidentSetSize of job (KB)
...
006 (454.855.000) 2022-04-08 10:44:21 Image size of job updated: 776180
	319  -  MemoryUsage of job (MB)
	325812  -  ResidentSetSize of job (KB)
...
006 (454.855.000) 2022-04-08 10:49:22 Image size of job updated: 776436
	319  -  MemoryUsage of job (MB)
	325944  -  ResidentSetSize of job (KB)
...
006 (454.855.000) 2022-04-08 10:54:22 Image size of job updated: 776692
	319  -  MemoryUsage of job (MB)
	326208  -  ResidentSetSize of job (KB)
...
006 (454.855.000) 2022-04-08 10:59:23 Image size of job updated: 776948
	319  -  MemoryUsage of job (MB)
	326472  -  ResidentSetSize of job (KB)
...
006 (454.855.000) 2022-04-08 11:04:24 Image size of job updated: 776948
	319  -  MemoryUsage of job (MB)
	326604  -  ResidentSetSize of job (KB)
...
006 (454.855.000) 2022-04-08 11:14:24 Image size of job updated: 777204
	320  -  MemoryUsage of job (MB)
	326868  -  ResidentSetSize of job (KB)
...
006 (454.855.000) 2022-04-08 11:19:25 Image size of job updated: 777460
	320  -  MemoryUsage of job (MB)
	327132  -  ResidentSetSize of job (KB)
...
006 (454.855.000) 2022-04-08 11:24:26 Image size of job updated: 777716
	320  -  MemoryUsage of job (MB)
	327264  -  ResidentSetSize of job (KB)
...
006 (454.855.000) 2022-04-08 11:29:26 Image size of job updated: 777972
	320  -  MemoryUsage of job (MB)
	327528  -  ResidentSetSize of job (KB)
...
006 (454.855.000) 2022-04-08 11:34:27 Image size of job updated: 777972
	320  -  MemoryUsage of job (MB)
	327660  -  ResidentSetSize of job (KB)
...
006 (454.855.000) 2022-04-08 11:39:28 Image size of job updated: 778228
	321  -  MemoryUsage of job (MB)
	327924  -  ResidentSetSize of job (KB)
...
006 (454.855.000) 2022-04-08 11:44:28 Image size of job updated: 778484
	321  -  MemoryUsage of job (MB)
	328056  -  ResidentSetSize of job (KB)
...
006 (454.855.000) 2022-04-08 11:49:28 Image size of job updated: 778740
	321  -  MemoryUsage of job (MB)
	328320  -  ResidentSetSize of job (KB)
...
006 (454.855.000) 2022-04-08 11:54:30 Image size of job updated: 778996
	321  -  MemoryUsage of job (MB)
	328452  -  ResidentSetSize of job (KB)
...
006 (454.855.000) 2022-04-08 11:59:30 Image size of job updated: 778996
	322  -  MemoryUsage of job (MB)
	328716  -  ResidentSetSize of job (KB)
...
006 (454.855.000) 2022-04-08 12:04:30 Image size of job updated: 779252
	322  -  MemoryUsage of job (MB)
	328848  -  ResidentSetSize of job (KB)
...
006 (454.855.000) 2022-04-08 12:09:31 Image size of job updated: 779508
	322  -  MemoryUsage of job (MB)
	329112  -  ResidentSetSize of job (KB)
...
006 (454.855.000) 2022-04-08 12:14:00 Image size of job updated: 779764
	322  -  MemoryUsage of job (MB)
	329112  -  ResidentSetSize of job (KB)
...
005 (454.855.000) 2022-04-08 12:14:00 Job terminated.
	(1) Normal termination (return value 0)
		Usr 0 02:44:12, Sys 0 00:00:22  -  Run Remote Usage
		Usr 0 00:00:00, Sys 0 00:00:00  -  Run Local Usage
		Usr 0 02:44:12, Sys 0 00:00:22  -  Total Remote Usage
		Usr 0 00:00:00, Sys 0 00:00:00  -  Total Local Usage
	0  -  Run Bytes Sent By Job
	0  -  Run Bytes Received By Job
	0  -  Total Bytes Sent By Job
	0  -  Total Bytes Received By Job
	Partitionable Resources :    Usage  Request Allocated 
	   Cpus                 :     1.00        1         1 
	   Disk (KB)            :  7500        7500     10998 
	   Memory (MB)          :   322        1024      1024 

	Job terminated of its own accord at 2022-04-08T10:14:00Z with exit-code 0.
...
