000 (454.613.000) 2022-04-06 16:54:01 Job submitted from host: <10.18.24.243:9618?addrs=10.18.24.243-9618&alias=ecoclusts01.bioclust.biologie.ens.fr&noUDP&sock=schedd_1052_29b8>
...
001 (454.613.000) 2022-04-08 02:48:04 Job executing on host: <10.18.24.136:9618?addrs=10.18.24.136-9618&alias=dyoclust09.bioclust.biologie.ens.fr&noUDP&sock=startd_808_cc9c>
...
006 (454.613.000) 2022-04-08 02:48:12 Image size of job updated: 174124
	171  -  MemoryUsage of job (MB)
	174124  -  ResidentSetSize of job (KB)
...
006 (454.613.000) 2022-04-08 02:53:12 Image size of job updated: 845676
	317  -  MemoryUsage of job (MB)
	324368  -  ResidentSetSize of job (KB)
...
006 (454.613.000) 2022-04-08 03:48:18 Image size of job updated: 845676
	317  -  MemoryUsage of job (MB)
	324456  -  ResidentSetSize of job (KB)
...
006 (454.613.000) 2022-04-08 03:53:19 Image size of job updated: 845676
	317  -  MemoryUsage of job (MB)
	324588  -  ResidentSetSize of job (KB)
...
006 (454.613.000) 2022-04-08 03:58:19 Image size of job updated: 845676
	318  -  MemoryUsage of job (MB)
	324720  -  ResidentSetSize of job (KB)
...
006 (454.613.000) 2022-04-08 04:03:20 Image size of job updated: 845676
	318  -  MemoryUsage of job (MB)
	324984  -  ResidentSetSize of job (KB)
...
006 (454.613.000) 2022-04-08 04:08:21 Image size of job updated: 845676
	318  -  MemoryUsage of job (MB)
	325116  -  ResidentSetSize of job (KB)
...
006 (454.613.000) 2022-04-08 04:13:21 Image size of job updated: 845676
	318  -  MemoryUsage of job (MB)
	325380  -  ResidentSetSize of job (KB)
...
006 (454.613.000) 2022-04-08 04:18:21 Image size of job updated: 845676
	318  -  MemoryUsage of job (MB)
	325512  -  ResidentSetSize of job (KB)
...
006 (454.613.000) 2022-04-08 04:23:22 Image size of job updated: 845676
	319  -  MemoryUsage of job (MB)
	325776  -  ResidentSetSize of job (KB)
...
006 (454.613.000) 2022-04-08 04:28:23 Image size of job updated: 845676
	319  -  MemoryUsage of job (MB)
	326040  -  ResidentSetSize of job (KB)
...
006 (454.613.000) 2022-04-08 04:33:23 Image size of job updated: 845676
	319  -  MemoryUsage of job (MB)
	326172  -  ResidentSetSize of job (KB)
...
006 (454.613.000) 2022-04-08 04:38:24 Image size of job updated: 845676
	319  -  MemoryUsage of job (MB)
	326436  -  ResidentSetSize of job (KB)
...
006 (454.613.000) 2022-04-08 04:43:25 Image size of job updated: 845676
	319  -  MemoryUsage of job (MB)
	326568  -  ResidentSetSize of job (KB)
...
006 (454.613.000) 2022-04-08 04:53:25 Image size of job updated: 845676
	320  -  MemoryUsage of job (MB)
	326700  -  ResidentSetSize of job (KB)
...
006 (454.613.000) 2022-04-08 04:58:26 Image size of job updated: 845676
	320  -  MemoryUsage of job (MB)
	326964  -  ResidentSetSize of job (KB)
...
006 (454.613.000) 2022-04-08 05:03:27 Image size of job updated: 845676
	320  -  MemoryUsage of job (MB)
	327096  -  ResidentSetSize of job (KB)
...
006 (454.613.000) 2022-04-08 05:08:27 Image size of job updated: 845676
	320  -  MemoryUsage of job (MB)
	327360  -  ResidentSetSize of job (KB)
...
006 (454.613.000) 2022-04-08 05:13:28 Image size of job updated: 845676
	320  -  MemoryUsage of job (MB)
	327492  -  ResidentSetSize of job (KB)
...
006 (454.613.000) 2022-04-08 05:18:29 Image size of job updated: 845676
	321  -  MemoryUsage of job (MB)
	327756  -  ResidentSetSize of job (KB)
...
006 (454.613.000) 2022-04-08 05:23:29 Image size of job updated: 845676
	321  -  MemoryUsage of job (MB)
	327888  -  ResidentSetSize of job (KB)
...
006 (454.613.000) 2022-04-08 05:28:29 Image size of job updated: 845676
	321  -  MemoryUsage of job (MB)
	328152  -  ResidentSetSize of job (KB)
...
006 (454.613.000) 2022-04-08 05:33:30 Image size of job updated: 845676
	321  -  MemoryUsage of job (MB)
	328284  -  ResidentSetSize of job (KB)
...
006 (454.613.000) 2022-04-08 05:38:31 Image size of job updated: 845676
	321  -  MemoryUsage of job (MB)
	328416  -  ResidentSetSize of job (KB)
...
006 (454.613.000) 2022-04-08 05:43:31 Image size of job updated: 845676
	321  -  MemoryUsage of job (MB)
	328680  -  ResidentSetSize of job (KB)
...
006 (454.613.000) 2022-04-08 05:48:32 Image size of job updated: 845676
	322  -  MemoryUsage of job (MB)
	328812  -  ResidentSetSize of job (KB)
...
006 (454.613.000) 2022-04-08 05:53:33 Image size of job updated: 845676
	322  -  MemoryUsage of job (MB)
	329076  -  ResidentSetSize of job (KB)
...
006 (454.613.000) 2022-04-08 05:58:33 Image size of job updated: 845676
	322  -  MemoryUsage of job (MB)
	329208  -  ResidentSetSize of job (KB)
...
005 (454.613.000) 2022-04-08 05:59:00 Job terminated.
	(1) Normal termination (return value 0)
		Usr 0 03:09:21, Sys 0 00:00:24  -  Run Remote Usage
		Usr 0 00:00:00, Sys 0 00:00:00  -  Run Local Usage
		Usr 0 03:09:21, Sys 0 00:00:24  -  Total Remote Usage
		Usr 0 00:00:00, Sys 0 00:00:00  -  Total Local Usage
	0  -  Run Bytes Sent By Job
	0  -  Run Bytes Received By Job
	0  -  Total Bytes Sent By Job
	0  -  Total Bytes Received By Job
	Partitionable Resources :    Usage  Request Allocated 
	   Cpus                 :     1.00        1         1 
	   Disk (KB)            :  7500        7500     10998 
	   Memory (MB)          :   322        1024      1024 

	Job terminated of its own accord at 2022-04-08T03:59:00Z with exit-code 0.
...
