000 (454.963.000) 2022-04-06 16:54:03 Job submitted from host: <10.18.24.243:9618?addrs=10.18.24.243-9618&alias=ecoclusts01.bioclust.biologie.ens.fr&noUDP&sock=schedd_1052_29b8>
...
001 (454.963.000) 2022-04-08 12:14:14 Job executing on host: <10.18.24.131:9618?addrs=10.18.24.131-9618&alias=dyoclust04.bioclust.biologie.ens.fr&noUDP&sock=startd_807_1d04>
...
006 (454.963.000) 2022-04-08 12:14:23 Image size of job updated: 314936
	105  -  MemoryUsage of job (MB)
	107384  -  ResidentSetSize of job (KB)
...
006 (454.963.000) 2022-04-08 12:19:24 Image size of job updated: 741880
	317  -  MemoryUsage of job (MB)
	324340  -  ResidentSetSize of job (KB)
...
006 (454.963.000) 2022-04-08 12:24:25 Image size of job updated: 774648
	317  -  MemoryUsage of job (MB)
	324364  -  ResidentSetSize of job (KB)
...
006 (454.963.000) 2022-04-08 13:14:30 Image size of job updated: 774904
	317  -  MemoryUsage of job (MB)
	324496  -  ResidentSetSize of job (KB)
...
006 (454.963.000) 2022-04-08 13:19:30 Image size of job updated: 775160
	318  -  MemoryUsage of job (MB)
	324628  -  ResidentSetSize of job (KB)
...
006 (454.963.000) 2022-04-08 13:24:30 Image size of job updated: 775160
	318  -  MemoryUsage of job (MB)
	324892  -  ResidentSetSize of job (KB)
...
006 (454.963.000) 2022-04-08 13:29:31 Image size of job updated: 775416
	318  -  MemoryUsage of job (MB)
	325024  -  ResidentSetSize of job (KB)
...
006 (454.963.000) 2022-04-08 13:34:32 Image size of job updated: 775672
	318  -  MemoryUsage of job (MB)
	325288  -  ResidentSetSize of job (KB)
...
006 (454.963.000) 2022-04-08 13:39:32 Image size of job updated: 775928
	318  -  MemoryUsage of job (MB)
	325420  -  ResidentSetSize of job (KB)
...
006 (454.963.000) 2022-04-08 13:44:33 Image size of job updated: 776184
	319  -  MemoryUsage of job (MB)
	325684  -  ResidentSetSize of job (KB)
...
006 (454.963.000) 2022-04-08 13:49:34 Image size of job updated: 776184
	319  -  MemoryUsage of job (MB)
	325816  -  ResidentSetSize of job (KB)
...
006 (454.963.000) 2022-04-08 13:54:34 Image size of job updated: 776440
	319  -  MemoryUsage of job (MB)
	326080  -  ResidentSetSize of job (KB)
...
006 (454.963.000) 2022-04-08 13:59:34 Image size of job updated: 776696
	319  -  MemoryUsage of job (MB)
	326344  -  ResidentSetSize of job (KB)
...
006 (454.963.000) 2022-04-08 14:04:35 Image size of job updated: 776952
	319  -  MemoryUsage of job (MB)
	326476  -  ResidentSetSize of job (KB)
...
006 (454.963.000) 2022-04-08 14:14:36 Image size of job updated: 776952
	319  -  MemoryUsage of job (MB)
	326592  -  ResidentSetSize of job (KB)
...
006 (454.963.000) 2022-04-08 14:19:37 Image size of job updated: 777208
	320  -  MemoryUsage of job (MB)
	326856  -  ResidentSetSize of job (KB)
...
006 (454.963.000) 2022-04-08 14:24:38 Image size of job updated: 777464
	320  -  MemoryUsage of job (MB)
	326988  -  ResidentSetSize of job (KB)
...
006 (454.963.000) 2022-04-08 14:29:38 Image size of job updated: 777720
	320  -  MemoryUsage of job (MB)
	327252  -  ResidentSetSize of job (KB)
...
006 (454.963.000) 2022-04-08 14:34:38 Image size of job updated: 777720
	320  -  MemoryUsage of job (MB)
	327384  -  ResidentSetSize of job (KB)
...
006 (454.963.000) 2022-04-08 14:39:39 Image size of job updated: 777976
	320  -  MemoryUsage of job (MB)
	327648  -  ResidentSetSize of job (KB)
...
006 (454.963.000) 2022-04-08 14:44:40 Image size of job updated: 778232
	321  -  MemoryUsage of job (MB)
	327780  -  ResidentSetSize of job (KB)
...
006 (454.963.000) 2022-04-08 14:49:40 Image size of job updated: 778488
	321  -  MemoryUsage of job (MB)
	328044  -  ResidentSetSize of job (KB)
...
006 (454.963.000) 2022-04-08 14:54:41 Image size of job updated: 778744
	321  -  MemoryUsage of job (MB)
	328176  -  ResidentSetSize of job (KB)
...
006 (454.963.000) 2022-04-08 14:59:42 Image size of job updated: 778744
	321  -  MemoryUsage of job (MB)
	328440  -  ResidentSetSize of job (KB)
...
006 (454.963.000) 2022-04-08 15:04:42 Image size of job updated: 779000
	321  -  MemoryUsage of job (MB)
	328572  -  ResidentSetSize of job (KB)
...
006 (454.963.000) 2022-04-08 15:09:42 Image size of job updated: 779256
	322  -  MemoryUsage of job (MB)
	328836  -  ResidentSetSize of job (KB)
...
006 (454.963.000) 2022-04-08 15:14:43 Image size of job updated: 779512
	322  -  MemoryUsage of job (MB)
	328968  -  ResidentSetSize of job (KB)
...
006 (454.963.000) 2022-04-08 15:19:44 Image size of job updated: 779512
	322  -  MemoryUsage of job (MB)
	329232  -  ResidentSetSize of job (KB)
...
006 (454.963.000) 2022-04-08 15:20:42 Image size of job updated: 779768
	322  -  MemoryUsage of job (MB)
	329232  -  ResidentSetSize of job (KB)
...
005 (454.963.000) 2022-04-08 15:20:42 Job terminated.
	(1) Normal termination (return value 0)
		Usr 0 03:05:34, Sys 0 00:00:31  -  Run Remote Usage
		Usr 0 00:00:00, Sys 0 00:00:00  -  Run Local Usage
		Usr 0 03:05:34, Sys 0 00:00:31  -  Total Remote Usage
		Usr 0 00:00:00, Sys 0 00:00:00  -  Total Local Usage
	0  -  Run Bytes Sent By Job
	0  -  Run Bytes Received By Job
	0  -  Total Bytes Sent By Job
	0  -  Total Bytes Received By Job
	Partitionable Resources :    Usage  Request Allocated 
	   Cpus                 :     1.00        1         1 
	   Disk (KB)            :  7500        7500     10998 
	   Memory (MB)          :   322        1024      1024 

	Job terminated of its own accord at 2022-04-08T13:20:42Z with exit-code 0.
...
