000 (454.441.000) 2022-04-06 16:54:01 Job submitted from host: <10.18.24.243:9618?addrs=10.18.24.243-9618&alias=ecoclusts01.bioclust.biologie.ens.fr&noUDP&sock=schedd_1052_29b8>
...
001 (454.441.000) 2022-04-07 21:36:55 Job executing on host: <10.18.24.134:9618?addrs=10.18.24.134-9618&alias=dyoclust07.bioclust.biologie.ens.fr&noUDP&sock=startd_808_cc9c>
...
006 (454.441.000) 2022-04-07 21:37:04 Image size of job updated: 175168
	172  -  MemoryUsage of job (MB)
	175168  -  ResidentSetSize of job (KB)
...
006 (454.441.000) 2022-04-07 21:42:04 Image size of job updated: 741876
	296  -  MemoryUsage of job (MB)
	302312  -  ResidentSetSize of job (KB)
...
006 (454.441.000) 2022-04-07 21:47:04 Image size of job updated: 774644
	317  -  MemoryUsage of job (MB)
	324376  -  ResidentSetSize of job (KB)
...
006 (454.441.000) 2022-04-07 22:37:10 Image size of job updated: 774900
	317  -  MemoryUsage of job (MB)
	324508  -  ResidentSetSize of job (KB)
...
006 (454.441.000) 2022-04-07 22:42:10 Image size of job updated: 775156
	318  -  MemoryUsage of job (MB)
	324640  -  ResidentSetSize of job (KB)
...
006 (454.441.000) 2022-04-07 22:47:11 Image size of job updated: 775156
	318  -  MemoryUsage of job (MB)
	324772  -  ResidentSetSize of job (KB)
...
006 (454.441.000) 2022-04-07 22:52:13 Image size of job updated: 775412
	318  -  MemoryUsage of job (MB)
	325036  -  ResidentSetSize of job (KB)
...
006 (454.441.000) 2022-04-07 22:57:13 Image size of job updated: 775668
	318  -  MemoryUsage of job (MB)
	325168  -  ResidentSetSize of job (KB)
...
006 (454.441.000) 2022-04-07 23:02:13 Image size of job updated: 775668
	318  -  MemoryUsage of job (MB)
	325300  -  ResidentSetSize of job (KB)
...
006 (454.441.000) 2022-04-07 23:07:14 Image size of job updated: 775924
	318  -  MemoryUsage of job (MB)
	325432  -  ResidentSetSize of job (KB)
...
006 (454.441.000) 2022-04-07 23:12:15 Image size of job updated: 775924
	318  -  MemoryUsage of job (MB)
	325564  -  ResidentSetSize of job (KB)
...
006 (454.441.000) 2022-04-07 23:17:15 Image size of job updated: 776180
	319  -  MemoryUsage of job (MB)
	325828  -  ResidentSetSize of job (KB)
...
006 (454.441.000) 2022-04-07 23:22:15 Image size of job updated: 776436
	319  -  MemoryUsage of job (MB)
	325960  -  ResidentSetSize of job (KB)
...
006 (454.441.000) 2022-04-07 23:27:16 Image size of job updated: 776692
	319  -  MemoryUsage of job (MB)
	326224  -  ResidentSetSize of job (KB)
...
006 (454.441.000) 2022-04-07 23:32:17 Image size of job updated: 776948
	319  -  MemoryUsage of job (MB)
	326356  -  ResidentSetSize of job (KB)
...
006 (454.441.000) 2022-04-07 23:37:17 Image size of job updated: 776948
	319  -  MemoryUsage of job (MB)
	326456  -  ResidentSetSize of job (KB)
...
006 (454.441.000) 2022-04-07 23:47:17 Image size of job updated: 777204
	320  -  MemoryUsage of job (MB)
	326720  -  ResidentSetSize of job (KB)
...
006 (454.441.000) 2022-04-07 23:52:18 Image size of job updated: 777204
	320  -  MemoryUsage of job (MB)
	326852  -  ResidentSetSize of job (KB)
...
006 (454.441.000) 2022-04-07 23:57:19 Image size of job updated: 777460
	320  -  MemoryUsage of job (MB)
	326984  -  ResidentSetSize of job (KB)
...
006 (454.441.000) 2022-04-08 00:02:19 Image size of job updated: 777716
	320  -  MemoryUsage of job (MB)
	327248  -  ResidentSetSize of job (KB)
...
006 (454.441.000) 2022-04-08 00:07:19 Image size of job updated: 777716
	320  -  MemoryUsage of job (MB)
	327512  -  ResidentSetSize of job (KB)
...
006 (454.441.000) 2022-04-08 00:12:20 Image size of job updated: 777972
	320  -  MemoryUsage of job (MB)
	327644  -  ResidentSetSize of job (KB)
...
006 (454.441.000) 2022-04-08 00:17:21 Image size of job updated: 778228
	321  -  MemoryUsage of job (MB)
	327776  -  ResidentSetSize of job (KB)
...
006 (454.441.000) 2022-04-08 00:22:21 Image size of job updated: 778484
	321  -  MemoryUsage of job (MB)
	328040  -  ResidentSetSize of job (KB)
...
006 (454.441.000) 2022-04-08 00:27:21 Image size of job updated: 778484
	321  -  MemoryUsage of job (MB)
	328172  -  ResidentSetSize of job (KB)
...
006 (454.441.000) 2022-04-08 00:32:22 Image size of job updated: 778740
	321  -  MemoryUsage of job (MB)
	328304  -  ResidentSetSize of job (KB)
...
006 (454.441.000) 2022-04-08 00:37:23 Image size of job updated: 778996
	321  -  MemoryUsage of job (MB)
	328568  -  ResidentSetSize of job (KB)
...
006 (454.441.000) 2022-04-08 00:42:22 Image size of job updated: 779252
	321  -  MemoryUsage of job (MB)
	328700  -  ResidentSetSize of job (KB)
...
006 (454.441.000) 2022-04-08 00:47:23 Image size of job updated: 779252
	322  -  MemoryUsage of job (MB)
	328964  -  ResidentSetSize of job (KB)
...
006 (454.441.000) 2022-04-08 00:52:24 Image size of job updated: 779508
	322  -  MemoryUsage of job (MB)
	329096  -  ResidentSetSize of job (KB)
...
006 (454.441.000) 2022-04-08 00:56:05 Image size of job updated: 779764
	322  -  MemoryUsage of job (MB)
	329096  -  ResidentSetSize of job (KB)
...
005 (454.441.000) 2022-04-08 00:56:05 Job terminated.
	(1) Normal termination (return value 0)
		Usr 0 03:18:35, Sys 0 00:00:25  -  Run Remote Usage
		Usr 0 00:00:00, Sys 0 00:00:00  -  Run Local Usage
		Usr 0 03:18:35, Sys 0 00:00:25  -  Total Remote Usage
		Usr 0 00:00:00, Sys 0 00:00:00  -  Total Local Usage
	0  -  Run Bytes Sent By Job
	0  -  Run Bytes Received By Job
	0  -  Total Bytes Sent By Job
	0  -  Total Bytes Received By Job
	Partitionable Resources :    Usage  Request Allocated 
	   Cpus                 :     1.00        1         1 
	   Disk (KB)            :  7500        7500     10998 
	   Memory (MB)          :   322        1024      1024 

	Job terminated of its own accord at 2022-04-07T22:56:05Z with exit-code 0.
...
