000 (454.207.000) 2022-04-06 16:53:59 Job submitted from host: <10.18.24.243:9618?addrs=10.18.24.243-9618&alias=ecoclusts01.bioclust.biologie.ens.fr&noUDP&sock=schedd_1052_29b8>
...
001 (454.207.000) 2022-04-07 13:08:04 Job executing on host: <10.18.24.138:9618?addrs=10.18.24.138-9618&alias=dyoclust11.bioclust.biologie.ens.fr&noUDP&sock=startd_801_ff73>
...
006 (454.207.000) 2022-04-07 13:08:13 Image size of job updated: 173464
	170  -  MemoryUsage of job (MB)
	173464  -  ResidentSetSize of job (KB)
...
006 (454.207.000) 2022-04-07 13:13:14 Image size of job updated: 741880
	317  -  MemoryUsage of job (MB)
	324296  -  ResidentSetSize of job (KB)
...
006 (454.207.000) 2022-04-07 13:18:15 Image size of job updated: 774648
	317  -  MemoryUsage of job (MB)
	324384  -  ResidentSetSize of job (KB)
...
006 (454.207.000) 2022-04-07 14:18:21 Image size of job updated: 774904
	317  -  MemoryUsage of job (MB)
	324516  -  ResidentSetSize of job (KB)
...
006 (454.207.000) 2022-04-07 14:28:23 Image size of job updated: 775160
	318  -  MemoryUsage of job (MB)
	324780  -  ResidentSetSize of job (KB)
...
006 (454.207.000) 2022-04-07 14:33:23 Image size of job updated: 775416
	318  -  MemoryUsage of job (MB)
	324912  -  ResidentSetSize of job (KB)
...
006 (454.207.000) 2022-04-07 14:38:24 Image size of job updated: 775416
	318  -  MemoryUsage of job (MB)
	325044  -  ResidentSetSize of job (KB)
...
006 (454.207.000) 2022-04-07 14:43:25 Image size of job updated: 775672
	318  -  MemoryUsage of job (MB)
	325308  -  ResidentSetSize of job (KB)
...
006 (454.207.000) 2022-04-07 14:48:25 Image size of job updated: 775928
	318  -  MemoryUsage of job (MB)
	325440  -  ResidentSetSize of job (KB)
...
006 (454.207.000) 2022-04-07 14:53:25 Image size of job updated: 776184
	319  -  MemoryUsage of job (MB)
	325704  -  ResidentSetSize of job (KB)
...
006 (454.207.000) 2022-04-07 14:58:26 Image size of job updated: 776440
	319  -  MemoryUsage of job (MB)
	325968  -  ResidentSetSize of job (KB)
...
006 (454.207.000) 2022-04-07 15:03:27 Image size of job updated: 776696
	319  -  MemoryUsage of job (MB)
	326100  -  ResidentSetSize of job (KB)
...
006 (454.207.000) 2022-04-07 15:08:27 Image size of job updated: 776696
	319  -  MemoryUsage of job (MB)
	326364  -  ResidentSetSize of job (KB)
...
006 (454.207.000) 2022-04-07 15:13:28 Image size of job updated: 776952
	319  -  MemoryUsage of job (MB)
	326628  -  ResidentSetSize of job (KB)
...
006 (454.207.000) 2022-04-07 15:28:29 Image size of job updated: 777208
	320  -  MemoryUsage of job (MB)
	326860  -  ResidentSetSize of job (KB)
...
006 (454.207.000) 2022-04-07 15:33:30 Image size of job updated: 777464
	320  -  MemoryUsage of job (MB)
	326992  -  ResidentSetSize of job (KB)
...
006 (454.207.000) 2022-04-07 15:38:30 Image size of job updated: 777720
	320  -  MemoryUsage of job (MB)
	327256  -  ResidentSetSize of job (KB)
...
006 (454.207.000) 2022-04-07 15:43:30 Image size of job updated: 777720
	320  -  MemoryUsage of job (MB)
	327388  -  ResidentSetSize of job (KB)
...
006 (454.207.000) 2022-04-07 15:48:31 Image size of job updated: 777976
	320  -  MemoryUsage of job (MB)
	327652  -  ResidentSetSize of job (KB)
...
006 (454.207.000) 2022-04-07 15:53:32 Image size of job updated: 778232
	321  -  MemoryUsage of job (MB)
	327784  -  ResidentSetSize of job (KB)
...
006 (454.207.000) 2022-04-07 15:58:32 Image size of job updated: 778488
	321  -  MemoryUsage of job (MB)
	327916  -  ResidentSetSize of job (KB)
...
006 (454.207.000) 2022-04-07 16:03:32 Image size of job updated: 778488
	321  -  MemoryUsage of job (MB)
	328180  -  ResidentSetSize of job (KB)
...
006 (454.207.000) 2022-04-07 16:08:33 Image size of job updated: 778744
	321  -  MemoryUsage of job (MB)
	328312  -  ResidentSetSize of job (KB)
...
006 (454.207.000) 2022-04-07 16:13:33 Image size of job updated: 779000
	321  -  MemoryUsage of job (MB)
	328576  -  ResidentSetSize of job (KB)
...
006 (454.207.000) 2022-04-07 16:18:33 Image size of job updated: 779000
	322  -  MemoryUsage of job (MB)
	328708  -  ResidentSetSize of job (KB)
...
006 (454.207.000) 2022-04-07 16:23:34 Image size of job updated: 779256
	322  -  MemoryUsage of job (MB)
	328972  -  ResidentSetSize of job (KB)
...
006 (454.207.000) 2022-04-07 16:28:35 Image size of job updated: 779512
	322  -  MemoryUsage of job (MB)
	329104  -  ResidentSetSize of job (KB)
...
006 (454.207.000) 2022-04-07 16:33:00 Image size of job updated: 779768
	322  -  MemoryUsage of job (MB)
	329104  -  ResidentSetSize of job (KB)
...
005 (454.207.000) 2022-04-07 16:33:00 Job terminated.
	(1) Normal termination (return value 0)
		Usr 0 03:22:46, Sys 0 00:00:27  -  Run Remote Usage
		Usr 0 00:00:00, Sys 0 00:00:00  -  Run Local Usage
		Usr 0 03:22:46, Sys 0 00:00:27  -  Total Remote Usage
		Usr 0 00:00:00, Sys 0 00:00:00  -  Total Local Usage
	0  -  Run Bytes Sent By Job
	0  -  Run Bytes Received By Job
	0  -  Total Bytes Sent By Job
	0  -  Total Bytes Received By Job
	Partitionable Resources :    Usage  Request Allocated 
	   Cpus                 :     1.00        1         1 
	   Disk (KB)            :  7500        7500     10998 
	   Memory (MB)          :   322        1024      1024 

	Job terminated of its own accord at 2022-04-07T14:33:00Z with exit-code 0.
...
