000 (454.166.000) 2022-04-06 16:53:59 Job submitted from host: <10.18.24.243:9618?addrs=10.18.24.243-9618&alias=ecoclusts01.bioclust.biologie.ens.fr&noUDP&sock=schedd_1052_29b8>
...
001 (454.166.000) 2022-04-07 11:14:48 Job executing on host: <10.18.24.133:9618?addrs=10.18.24.133-9618&alias=dyoclust06.bioclust.biologie.ens.fr&noUDP&sock=startd_804_0e3b>
...
006 (454.166.000) 2022-04-07 11:14:58 Image size of job updated: 65444
	64  -  MemoryUsage of job (MB)
	65444  -  ResidentSetSize of job (KB)
...
006 (454.166.000) 2022-04-07 11:19:59 Image size of job updated: 741624
	273  -  MemoryUsage of job (MB)
	279192  -  ResidentSetSize of job (KB)
...
006 (454.166.000) 2022-04-07 11:25:00 Image size of job updated: 774392
	317  -  MemoryUsage of job (MB)
	324072  -  ResidentSetSize of job (KB)
...
006 (454.166.000) 2022-04-07 12:10:04 Image size of job updated: 774648
	317  -  MemoryUsage of job (MB)
	324204  -  ResidentSetSize of job (KB)
...
006 (454.166.000) 2022-04-07 12:15:05 Image size of job updated: 774648
	317  -  MemoryUsage of job (MB)
	324336  -  ResidentSetSize of job (KB)
...
006 (454.166.000) 2022-04-07 12:20:05 Image size of job updated: 774904
	317  -  MemoryUsage of job (MB)
	324336  -  ResidentSetSize of job (KB)
...
006 (454.166.000) 2022-04-07 12:25:06 Image size of job updated: 774904
	317  -  MemoryUsage of job (MB)
	324468  -  ResidentSetSize of job (KB)
...
006 (454.166.000) 2022-04-07 12:30:07 Image size of job updated: 775160
	317  -  MemoryUsage of job (MB)
	324600  -  ResidentSetSize of job (KB)
...
006 (454.166.000) 2022-04-07 12:35:07 Image size of job updated: 775160
	318  -  MemoryUsage of job (MB)
	324864  -  ResidentSetSize of job (KB)
...
006 (454.166.000) 2022-04-07 12:40:07 Image size of job updated: 775416
	318  -  MemoryUsage of job (MB)
	324864  -  ResidentSetSize of job (KB)
...
006 (454.166.000) 2022-04-07 12:45:08 Image size of job updated: 775416
	318  -  MemoryUsage of job (MB)
	325128  -  ResidentSetSize of job (KB)
...
006 (454.166.000) 2022-04-07 12:50:09 Image size of job updated: 775672
	318  -  MemoryUsage of job (MB)
	325260  -  ResidentSetSize of job (KB)
...
006 (454.166.000) 2022-04-07 12:55:09 Image size of job updated: 775928
	318  -  MemoryUsage of job (MB)
	325392  -  ResidentSetSize of job (KB)
...
006 (454.166.000) 2022-04-07 13:00:10 Image size of job updated: 775928
	318  -  MemoryUsage of job (MB)
	325524  -  ResidentSetSize of job (KB)
...
006 (454.166.000) 2022-04-07 13:05:11 Image size of job updated: 776184
	319  -  MemoryUsage of job (MB)
	325788  -  ResidentSetSize of job (KB)
...
006 (454.166.000) 2022-04-07 13:10:11 Image size of job updated: 776184
	319  -  MemoryUsage of job (MB)
	325920  -  ResidentSetSize of job (KB)
...
006 (454.166.000) 2022-04-07 13:15:11 Image size of job updated: 776440
	319  -  MemoryUsage of job (MB)
	326052  -  ResidentSetSize of job (KB)
...
006 (454.166.000) 2022-04-07 13:20:12 Image size of job updated: 776696
	319  -  MemoryUsage of job (MB)
	326184  -  ResidentSetSize of job (KB)
...
006 (454.166.000) 2022-04-07 13:25:13 Image size of job updated: 776696
	319  -  MemoryUsage of job (MB)
	326448  -  ResidentSetSize of job (KB)
...
006 (454.166.000) 2022-04-07 13:30:13 Image size of job updated: 776952
	319  -  MemoryUsage of job (MB)
	326580  -  ResidentSetSize of job (KB)
...
006 (454.166.000) 2022-04-07 13:45:15 Image size of job updated: 777208
	320  -  MemoryUsage of job (MB)
	326712  -  ResidentSetSize of job (KB)
...
006 (454.166.000) 2022-04-07 13:50:15 Image size of job updated: 777208
	320  -  MemoryUsage of job (MB)
	326844  -  ResidentSetSize of job (KB)
...
006 (454.166.000) 2022-04-07 13:55:16 Image size of job updated: 777464
	320  -  MemoryUsage of job (MB)
	326976  -  ResidentSetSize of job (KB)
...
006 (454.166.000) 2022-04-07 14:00:16 Image size of job updated: 777464
	320  -  MemoryUsage of job (MB)
	327108  -  ResidentSetSize of job (KB)
...
006 (454.166.000) 2022-04-07 14:05:16 Image size of job updated: 777720
	320  -  MemoryUsage of job (MB)
	327240  -  ResidentSetSize of job (KB)
...
006 (454.166.000) 2022-04-07 14:10:17 Image size of job updated: 777720
	320  -  MemoryUsage of job (MB)
	327372  -  ResidentSetSize of job (KB)
...
006 (454.166.000) 2022-04-07 14:15:18 Image size of job updated: 777976
	320  -  MemoryUsage of job (MB)
	327504  -  ResidentSetSize of job (KB)
...
006 (454.166.000) 2022-04-07 14:20:18 Image size of job updated: 777976
	320  -  MemoryUsage of job (MB)
	327636  -  ResidentSetSize of job (KB)
...
006 (454.166.000) 2022-04-07 14:25:19 Image size of job updated: 778232
	321  -  MemoryUsage of job (MB)
	327900  -  ResidentSetSize of job (KB)
...
006 (454.166.000) 2022-04-07 14:30:20 Image size of job updated: 778488
	321  -  MemoryUsage of job (MB)
	328032  -  ResidentSetSize of job (KB)
...
006 (454.166.000) 2022-04-07 14:35:20 Image size of job updated: 778488
	321  -  MemoryUsage of job (MB)
	328164  -  ResidentSetSize of job (KB)
...
006 (454.166.000) 2022-04-07 14:40:20 Image size of job updated: 778744
	321  -  MemoryUsage of job (MB)
	328296  -  ResidentSetSize of job (KB)
...
006 (454.166.000) 2022-04-07 14:45:21 Image size of job updated: 778744
	321  -  MemoryUsage of job (MB)
	328428  -  ResidentSetSize of job (KB)
...
006 (454.166.000) 2022-04-07 14:50:22 Image size of job updated: 779000
	321  -  MemoryUsage of job (MB)
	328560  -  ResidentSetSize of job (KB)
...
006 (454.166.000) 2022-04-07 14:55:22 Image size of job updated: 779000
	321  -  MemoryUsage of job (MB)
	328692  -  ResidentSetSize of job (KB)
...
006 (454.166.000) 2022-04-07 15:00:23 Image size of job updated: 779256
	322  -  MemoryUsage of job (MB)
	328824  -  ResidentSetSize of job (KB)
...
006 (454.166.000) 2022-04-07 15:05:24 Image size of job updated: 779256
	322  -  MemoryUsage of job (MB)
	328956  -  ResidentSetSize of job (KB)
...
006 (454.166.000) 2022-04-07 15:10:24 Image size of job updated: 779512
	322  -  MemoryUsage of job (MB)
	329088  -  ResidentSetSize of job (KB)
...
006 (454.166.000) 2022-04-07 15:15:24 Image size of job updated: 779512
	322  -  MemoryUsage of job (MB)
	329220  -  ResidentSetSize of job (KB)
...
006 (454.166.000) 2022-04-07 15:17:02 Image size of job updated: 779768
	322  -  MemoryUsage of job (MB)
	329220  -  ResidentSetSize of job (KB)
...
005 (454.166.000) 2022-04-07 15:17:02 Job terminated.
	(1) Normal termination (return value 0)
		Usr 0 03:59:07, Sys 0 00:00:51  -  Run Remote Usage
		Usr 0 00:00:00, Sys 0 00:00:00  -  Run Local Usage
		Usr 0 03:59:07, Sys 0 00:00:51  -  Total Remote Usage
		Usr 0 00:00:00, Sys 0 00:00:00  -  Total Local Usage
	0  -  Run Bytes Sent By Job
	0  -  Run Bytes Received By Job
	0  -  Total Bytes Sent By Job
	0  -  Total Bytes Received By Job
	Partitionable Resources :    Usage  Request Allocated 
	   Cpus                 :     0.98        1         1 
	   Disk (KB)            :  7500        7500     10015 
	   Memory (MB)          :   322        1024      1024 

	Job terminated of its own accord at 2022-04-07T13:17:02Z with exit-code 0.
...
