000 (454.049.000) 2022-04-06 16:53:59 Job submitted from host: <10.18.24.243:9618?addrs=10.18.24.243-9618&alias=ecoclusts01.bioclust.biologie.ens.fr&noUDP&sock=schedd_1052_29b8>
...
001 (454.049.000) 2022-04-07 04:13:29 Job executing on host: <10.18.24.14:9618?addrs=10.18.24.14-9618&alias=bioclust14.bioclust.biologie.ens.fr&noUDP&sock=startd_1206_cb4e>
...
006 (454.049.000) 2022-04-07 04:13:38 Image size of job updated: 69672
	69  -  MemoryUsage of job (MB)
	69672  -  ResidentSetSize of job (KB)
...
006 (454.049.000) 2022-04-07 04:18:39 Image size of job updated: 741880
	317  -  MemoryUsage of job (MB)
	324396  -  ResidentSetSize of job (KB)
...
006 (454.049.000) 2022-04-07 04:23:40 Image size of job updated: 774648
	317  -  MemoryUsage of job (MB)
	324396  -  ResidentSetSize of job (KB)
...
006 (454.049.000) 2022-04-07 05:53:49 Image size of job updated: 774904
	317  -  MemoryUsage of job (MB)
	324396  -  ResidentSetSize of job (KB)
...
006 (454.049.000) 2022-04-07 05:58:49 Image size of job updated: 774904
	317  -  MemoryUsage of job (MB)
	324528  -  ResidentSetSize of job (KB)
...
006 (454.049.000) 2022-04-07 06:03:50 Image size of job updated: 775160
	318  -  MemoryUsage of job (MB)
	324660  -  ResidentSetSize of job (KB)
...
006 (454.049.000) 2022-04-07 06:13:50 Image size of job updated: 775160
	318  -  MemoryUsage of job (MB)
	324792  -  ResidentSetSize of job (KB)
...
006 (454.049.000) 2022-04-07 06:18:51 Image size of job updated: 775416
	318  -  MemoryUsage of job (MB)
	324924  -  ResidentSetSize of job (KB)
...
006 (454.049.000) 2022-04-07 06:23:52 Image size of job updated: 775416
	318  -  MemoryUsage of job (MB)
	325056  -  ResidentSetSize of job (KB)
...
006 (454.049.000) 2022-04-07 06:28:52 Image size of job updated: 775416
	318  -  MemoryUsage of job (MB)
	325188  -  ResidentSetSize of job (KB)
...
006 (454.049.000) 2022-04-07 06:33:53 Image size of job updated: 775672
	318  -  MemoryUsage of job (MB)
	325188  -  ResidentSetSize of job (KB)
...
006 (454.049.000) 2022-04-07 06:38:54 Image size of job updated: 775672
	318  -  MemoryUsage of job (MB)
	325320  -  ResidentSetSize of job (KB)
...
006 (454.049.000) 2022-04-07 06:43:54 Image size of job updated: 775928
	318  -  MemoryUsage of job (MB)
	325452  -  ResidentSetSize of job (KB)
...
006 (454.049.000) 2022-04-07 06:48:54 Image size of job updated: 775928
	318  -  MemoryUsage of job (MB)
	325584  -  ResidentSetSize of job (KB)
...
006 (454.049.000) 2022-04-07 06:53:55 Image size of job updated: 776184
	319  -  MemoryUsage of job (MB)
	325716  -  ResidentSetSize of job (KB)
...
006 (454.049.000) 2022-04-07 07:03:55 Image size of job updated: 776184
	319  -  MemoryUsage of job (MB)
	325848  -  ResidentSetSize of job (KB)
...
006 (454.049.000) 2022-04-07 07:08:56 Image size of job updated: 776440
	319  -  MemoryUsage of job (MB)
	325980  -  ResidentSetSize of job (KB)
...
006 (454.049.000) 2022-04-07 07:13:57 Image size of job updated: 776440
	319  -  MemoryUsage of job (MB)
	326112  -  ResidentSetSize of job (KB)
...
006 (454.049.000) 2022-04-07 07:18:57 Image size of job updated: 776696
	319  -  MemoryUsage of job (MB)
	326244  -  ResidentSetSize of job (KB)
...
006 (454.049.000) 2022-04-07 07:23:57 Image size of job updated: 776696
	319  -  MemoryUsage of job (MB)
	326376  -  ResidentSetSize of job (KB)
...
006 (454.049.000) 2022-04-07 07:33:58 Image size of job updated: 776952
	319  -  MemoryUsage of job (MB)
	326508  -  ResidentSetSize of job (KB)
...
006 (454.049.000) 2022-04-07 07:54:00 Image size of job updated: 776952
	319  -  MemoryUsage of job (MB)
	326612  -  ResidentSetSize of job (KB)
...
006 (454.049.000) 2022-04-07 07:59:01 Image size of job updated: 777208
	320  -  MemoryUsage of job (MB)
	326744  -  ResidentSetSize of job (KB)
...
006 (454.049.000) 2022-04-07 08:04:02 Image size of job updated: 777208
	320  -  MemoryUsage of job (MB)
	326876  -  ResidentSetSize of job (KB)
...
006 (454.049.000) 2022-04-07 08:14:02 Image size of job updated: 777464
	320  -  MemoryUsage of job (MB)
	327008  -  ResidentSetSize of job (KB)
...
006 (454.049.000) 2022-04-07 08:19:03 Image size of job updated: 777464
	320  -  MemoryUsage of job (MB)
	327140  -  ResidentSetSize of job (KB)
...
006 (454.049.000) 2022-04-07 08:24:04 Image size of job updated: 777720
	320  -  MemoryUsage of job (MB)
	327272  -  ResidentSetSize of job (KB)
...
006 (454.049.000) 2022-04-07 08:29:04 Image size of job updated: 777720
	320  -  MemoryUsage of job (MB)
	327404  -  ResidentSetSize of job (KB)
...
006 (454.049.000) 2022-04-07 08:39:06 Image size of job updated: 777976
	320  -  MemoryUsage of job (MB)
	327536  -  ResidentSetSize of job (KB)
...
006 (454.049.000) 2022-04-07 08:44:06 Image size of job updated: 777976
	320  -  MemoryUsage of job (MB)
	327668  -  ResidentSetSize of job (KB)
...
006 (454.049.000) 2022-04-07 08:49:06 Image size of job updated: 778232
	321  -  MemoryUsage of job (MB)
	327800  -  ResidentSetSize of job (KB)
...
006 (454.049.000) 2022-04-07 08:59:08 Image size of job updated: 778232
	321  -  MemoryUsage of job (MB)
	327932  -  ResidentSetSize of job (KB)
...
006 (454.049.000) 2022-04-07 09:04:08 Image size of job updated: 778488
	321  -  MemoryUsage of job (MB)
	328064  -  ResidentSetSize of job (KB)
...
006 (454.049.000) 2022-04-07 09:09:09 Image size of job updated: 778488
	321  -  MemoryUsage of job (MB)
	328196  -  ResidentSetSize of job (KB)
...
006 (454.049.000) 2022-04-07 09:14:10 Image size of job updated: 778744
	321  -  MemoryUsage of job (MB)
	328196  -  ResidentSetSize of job (KB)
...
006 (454.049.000) 2022-04-07 09:19:10 Image size of job updated: 778744
	321  -  MemoryUsage of job (MB)
	328328  -  ResidentSetSize of job (KB)
...
006 (454.049.000) 2022-04-07 09:24:10 Image size of job updated: 778744
	321  -  MemoryUsage of job (MB)
	328460  -  ResidentSetSize of job (KB)
...
006 (454.049.000) 2022-04-07 09:29:11 Image size of job updated: 779000
	321  -  MemoryUsage of job (MB)
	328592  -  ResidentSetSize of job (KB)
...
006 (454.049.000) 2022-04-07 09:39:12 Image size of job updated: 779256
	322  -  MemoryUsage of job (MB)
	328724  -  ResidentSetSize of job (KB)
...
006 (454.049.000) 2022-04-07 09:44:13 Image size of job updated: 779256
	322  -  MemoryUsage of job (MB)
	328856  -  ResidentSetSize of job (KB)
...
006 (454.049.000) 2022-04-07 09:49:14 Image size of job updated: 779256
	322  -  MemoryUsage of job (MB)
	328988  -  ResidentSetSize of job (KB)
...
006 (454.049.000) 2022-04-07 09:54:14 Image size of job updated: 779512
	322  -  MemoryUsage of job (MB)
	329120  -  ResidentSetSize of job (KB)
...
006 (454.049.000) 2022-04-07 10:04:16 Image size of job updated: 779768
	322  -  MemoryUsage of job (MB)
	329252  -  ResidentSetSize of job (KB)
...
005 (454.049.000) 2022-04-07 10:06:13 Job terminated.
	(1) Normal termination (return value 0)
		Usr 0 05:47:15, Sys 0 00:02:01  -  Run Remote Usage
		Usr 0 00:00:00, Sys 0 00:00:00  -  Run Local Usage
		Usr 0 05:47:15, Sys 0 00:02:01  -  Total Remote Usage
		Usr 0 00:00:00, Sys 0 00:00:00  -  Total Local Usage
	0  -  Run Bytes Sent By Job
	0  -  Run Bytes Received By Job
	0  -  Total Bytes Sent By Job
	0  -  Total Bytes Received By Job
	Partitionable Resources :    Usage  Request Allocated 
	   Cpus                 :     1.00        1         1 
	   Disk (KB)            :  7500        7500     10998 
	   Memory (MB)          :   322        1024      1024 

	Job terminated of its own accord at 2022-04-07T08:06:12Z with exit-code 0.
...
