000 (454.137.000) 2022-04-06 16:53:59 Job submitted from host: <10.18.24.243:9618?addrs=10.18.24.243-9618&alias=ecoclusts01.bioclust.biologie.ens.fr&noUDP&sock=schedd_1052_29b8>
...
001 (454.137.000) 2022-04-07 09:44:43 Job executing on host: <10.18.24.133:9618?addrs=10.18.24.133-9618&alias=dyoclust06.bioclust.biologie.ens.fr&noUDP&sock=startd_804_0e3b>
...
006 (454.137.000) 2022-04-07 09:44:52 Image size of job updated: 64784
	64  -  MemoryUsage of job (MB)
	64784  -  ResidentSetSize of job (KB)
...
006 (454.137.000) 2022-04-07 09:49:52 Image size of job updated: 741880
	317  -  MemoryUsage of job (MB)
	324324  -  ResidentSetSize of job (KB)
...
006 (454.137.000) 2022-04-07 09:54:53 Image size of job updated: 774648
	317  -  MemoryUsage of job (MB)
	324324  -  ResidentSetSize of job (KB)
...
006 (454.137.000) 2022-04-07 10:50:00 Image size of job updated: 774904
	317  -  MemoryUsage of job (MB)
	324456  -  ResidentSetSize of job (KB)
...
006 (454.137.000) 2022-04-07 10:55:00 Image size of job updated: 774904
	317  -  MemoryUsage of job (MB)
	324588  -  ResidentSetSize of job (KB)
...
006 (454.137.000) 2022-04-07 11:00:00 Image size of job updated: 775160
	318  -  MemoryUsage of job (MB)
	324720  -  ResidentSetSize of job (KB)
...
006 (454.137.000) 2022-04-07 11:05:01 Image size of job updated: 775160
	318  -  MemoryUsage of job (MB)
	324852  -  ResidentSetSize of job (KB)
...
006 (454.137.000) 2022-04-07 11:10:01 Image size of job updated: 775416
	318  -  MemoryUsage of job (MB)
	324984  -  ResidentSetSize of job (KB)
...
006 (454.137.000) 2022-04-07 11:15:01 Image size of job updated: 775672
	318  -  MemoryUsage of job (MB)
	325116  -  ResidentSetSize of job (KB)
...
006 (454.137.000) 2022-04-07 11:20:02 Image size of job updated: 775672
	318  -  MemoryUsage of job (MB)
	325380  -  ResidentSetSize of job (KB)
...
006 (454.137.000) 2022-04-07 11:25:03 Image size of job updated: 775928
	318  -  MemoryUsage of job (MB)
	325512  -  ResidentSetSize of job (KB)
...
006 (454.137.000) 2022-04-07 11:30:03 Image size of job updated: 775928
	319  -  MemoryUsage of job (MB)
	325644  -  ResidentSetSize of job (KB)
...
006 (454.137.000) 2022-04-07 11:35:03 Image size of job updated: 776184
	319  -  MemoryUsage of job (MB)
	325776  -  ResidentSetSize of job (KB)
...
006 (454.137.000) 2022-04-07 11:40:04 Image size of job updated: 776440
	319  -  MemoryUsage of job (MB)
	326040  -  ResidentSetSize of job (KB)
...
006 (454.137.000) 2022-04-07 11:45:04 Image size of job updated: 776440
	319  -  MemoryUsage of job (MB)
	326172  -  ResidentSetSize of job (KB)
...
006 (454.137.000) 2022-04-07 11:50:04 Image size of job updated: 776696
	319  -  MemoryUsage of job (MB)
	326304  -  ResidentSetSize of job (KB)
...
006 (454.137.000) 2022-04-07 11:55:05 Image size of job updated: 776952
	319  -  MemoryUsage of job (MB)
	326436  -  ResidentSetSize of job (KB)
...
006 (454.137.000) 2022-04-07 12:00:06 Image size of job updated: 776952
	319  -  MemoryUsage of job (MB)
	326568  -  ResidentSetSize of job (KB)
...
006 (454.137.000) 2022-04-07 12:15:08 Image size of job updated: 777208
	320  -  MemoryUsage of job (MB)
	326700  -  ResidentSetSize of job (KB)
...
006 (454.137.000) 2022-04-07 12:20:08 Image size of job updated: 777208
	320  -  MemoryUsage of job (MB)
	326832  -  ResidentSetSize of job (KB)
...
006 (454.137.000) 2022-04-07 12:25:08 Image size of job updated: 777464
	320  -  MemoryUsage of job (MB)
	327096  -  ResidentSetSize of job (KB)
...
006 (454.137.000) 2022-04-07 12:30:10 Image size of job updated: 777464
	320  -  MemoryUsage of job (MB)
	327228  -  ResidentSetSize of job (KB)
...
006 (454.137.000) 2022-04-07 12:35:10 Image size of job updated: 777720
	320  -  MemoryUsage of job (MB)
	327228  -  ResidentSetSize of job (KB)
...
006 (454.137.000) 2022-04-07 12:40:10 Image size of job updated: 777720
	320  -  MemoryUsage of job (MB)
	327492  -  ResidentSetSize of job (KB)
...
006 (454.137.000) 2022-04-07 12:45:11 Image size of job updated: 777976
	320  -  MemoryUsage of job (MB)
	327624  -  ResidentSetSize of job (KB)
...
006 (454.137.000) 2022-04-07 12:50:12 Image size of job updated: 778232
	321  -  MemoryUsage of job (MB)
	327756  -  ResidentSetSize of job (KB)
...
006 (454.137.000) 2022-04-07 12:55:12 Image size of job updated: 778232
	321  -  MemoryUsage of job (MB)
	327888  -  ResidentSetSize of job (KB)
...
006 (454.137.000) 2022-04-07 13:00:13 Image size of job updated: 778488
	321  -  MemoryUsage of job (MB)
	328020  -  ResidentSetSize of job (KB)
...
006 (454.137.000) 2022-04-07 13:05:14 Image size of job updated: 778488
	321  -  MemoryUsage of job (MB)
	328152  -  ResidentSetSize of job (KB)
...
006 (454.137.000) 2022-04-07 13:10:14 Image size of job updated: 778744
	321  -  MemoryUsage of job (MB)
	328284  -  ResidentSetSize of job (KB)
...
006 (454.137.000) 2022-04-07 13:15:14 Image size of job updated: 778744
	321  -  MemoryUsage of job (MB)
	328416  -  ResidentSetSize of job (KB)
...
006 (454.137.000) 2022-04-07 13:20:15 Image size of job updated: 779000
	321  -  MemoryUsage of job (MB)
	328548  -  ResidentSetSize of job (KB)
...
006 (454.137.000) 2022-04-07 13:25:16 Image size of job updated: 779000
	321  -  MemoryUsage of job (MB)
	328680  -  ResidentSetSize of job (KB)
...
006 (454.137.000) 2022-04-07 13:30:16 Image size of job updated: 779256
	322  -  MemoryUsage of job (MB)
	328812  -  ResidentSetSize of job (KB)
...
006 (454.137.000) 2022-04-07 13:35:16 Image size of job updated: 779512
	322  -  MemoryUsage of job (MB)
	329076  -  ResidentSetSize of job (KB)
...
006 (454.137.000) 2022-04-07 13:40:17 Image size of job updated: 779512
	322  -  MemoryUsage of job (MB)
	329208  -  ResidentSetSize of job (KB)
...
006 (454.137.000) 2022-04-07 13:45:17 Image size of job updated: 779768
	322  -  MemoryUsage of job (MB)
	329208  -  ResidentSetSize of job (KB)
...
005 (454.137.000) 2022-04-07 13:45:23 Job terminated.
	(1) Normal termination (return value 0)
		Usr 0 03:57:21, Sys 0 00:00:45  -  Run Remote Usage
		Usr 0 00:00:00, Sys 0 00:00:00  -  Run Local Usage
		Usr 0 03:57:21, Sys 0 00:00:45  -  Total Remote Usage
		Usr 0 00:00:00, Sys 0 00:00:00  -  Total Local Usage
	0  -  Run Bytes Sent By Job
	0  -  Run Bytes Received By Job
	0  -  Total Bytes Sent By Job
	0  -  Total Bytes Received By Job
	Partitionable Resources :    Usage  Request Allocated 
	   Cpus                 :     1.00        1         1 
	   Disk (KB)            :  7500        7500     10015 
	   Memory (MB)          :   322        1024      1024 

	Job terminated of its own accord at 2022-04-07T11:45:23Z with exit-code 0.
...
