000 (454.060.000) 2022-04-06 16:53:59 Job submitted from host: <10.18.24.243:9618?addrs=10.18.24.243-9618&alias=ecoclusts01.bioclust.biologie.ens.fr&noUDP&sock=schedd_1052_29b8>
...
001 (454.060.000) 2022-04-07 04:42:29 Job executing on host: <10.18.24.174:9618?addrs=10.18.24.174-9618&alias=mcbsclust03.bioclust.biologie.ens.fr&noUDP&sock=startd_937_4854>
...
006 (454.060.000) 2022-04-07 04:42:37 Image size of job updated: 279616
	93  -  MemoryUsage of job (MB)
	94220  -  ResidentSetSize of job (KB)
...
006 (454.060.000) 2022-04-07 04:47:37 Image size of job updated: 741620
	317  -  MemoryUsage of job (MB)
	324084  -  ResidentSetSize of job (KB)
...
006 (454.060.000) 2022-04-07 04:57:38 Image size of job updated: 774388
	317  -  MemoryUsage of job (MB)
	324084  -  ResidentSetSize of job (KB)
...
006 (454.060.000) 2022-04-07 06:02:44 Image size of job updated: 774644
	317  -  MemoryUsage of job (MB)
	324216  -  ResidentSetSize of job (KB)
...
006 (454.060.000) 2022-04-07 06:12:45 Image size of job updated: 774644
	317  -  MemoryUsage of job (MB)
	324348  -  ResidentSetSize of job (KB)
...
006 (454.060.000) 2022-04-07 06:17:45 Image size of job updated: 774900
	317  -  MemoryUsage of job (MB)
	324348  -  ResidentSetSize of job (KB)
...
006 (454.060.000) 2022-04-07 06:22:46 Image size of job updated: 774900
	317  -  MemoryUsage of job (MB)
	324480  -  ResidentSetSize of job (KB)
...
006 (454.060.000) 2022-04-07 06:27:47 Image size of job updated: 774900
	318  -  MemoryUsage of job (MB)
	324612  -  ResidentSetSize of job (KB)
...
006 (454.060.000) 2022-04-07 06:32:47 Image size of job updated: 775156
	318  -  MemoryUsage of job (MB)
	324612  -  ResidentSetSize of job (KB)
...
006 (454.060.000) 2022-04-07 06:37:48 Image size of job updated: 775156
	318  -  MemoryUsage of job (MB)
	324744  -  ResidentSetSize of job (KB)
...
006 (454.060.000) 2022-04-07 06:47:49 Image size of job updated: 775156
	318  -  MemoryUsage of job (MB)
	324876  -  ResidentSetSize of job (KB)
...
006 (454.060.000) 2022-04-07 06:52:49 Image size of job updated: 775412
	318  -  MemoryUsage of job (MB)
	325008  -  ResidentSetSize of job (KB)
...
006 (454.060.000) 2022-04-07 07:02:51 Image size of job updated: 775412
	318  -  MemoryUsage of job (MB)
	325140  -  ResidentSetSize of job (KB)
...
006 (454.060.000) 2022-04-07 07:07:51 Image size of job updated: 775668
	318  -  MemoryUsage of job (MB)
	325140  -  ResidentSetSize of job (KB)
...
006 (454.060.000) 2022-04-07 07:12:52 Image size of job updated: 775668
	318  -  MemoryUsage of job (MB)
	325272  -  ResidentSetSize of job (KB)
...
006 (454.060.000) 2022-04-07 07:22:53 Image size of job updated: 775668
	318  -  MemoryUsage of job (MB)
	325404  -  ResidentSetSize of job (KB)
...
006 (454.060.000) 2022-04-07 07:27:53 Image size of job updated: 775924
	318  -  MemoryUsage of job (MB)
	325536  -  ResidentSetSize of job (KB)
...
006 (454.060.000) 2022-04-07 07:42:54 Image size of job updated: 776180
	319  -  MemoryUsage of job (MB)
	325668  -  ResidentSetSize of job (KB)
...
006 (454.060.000) 2022-04-07 07:47:55 Image size of job updated: 776180
	319  -  MemoryUsage of job (MB)
	325800  -  ResidentSetSize of job (KB)
...
006 (454.060.000) 2022-04-07 07:57:56 Image size of job updated: 776436
	319  -  MemoryUsage of job (MB)
	325932  -  ResidentSetSize of job (KB)
...
006 (454.060.000) 2022-04-07 08:07:58 Image size of job updated: 776436
	319  -  MemoryUsage of job (MB)
	326064  -  ResidentSetSize of job (KB)
...
006 (454.060.000) 2022-04-07 08:12:58 Image size of job updated: 776692
	319  -  MemoryUsage of job (MB)
	326196  -  ResidentSetSize of job (KB)
...
006 (454.060.000) 2022-04-07 08:17:58 Image size of job updated: 776692
	319  -  MemoryUsage of job (MB)
	326328  -  ResidentSetSize of job (KB)
...
006 (454.060.000) 2022-04-07 08:22:59 Image size of job updated: 776692
	319  -  MemoryUsage of job (MB)
	326460  -  ResidentSetSize of job (KB)
...
006 (454.060.000) 2022-04-07 08:28:00 Image size of job updated: 776948
	319  -  MemoryUsage of job (MB)
	326460  -  ResidentSetSize of job (KB)
...
006 (454.060.000) 2022-04-07 08:33:00 Image size of job updated: 776948
	319  -  MemoryUsage of job (MB)
	326592  -  ResidentSetSize of job (KB)
...
006 (454.060.000) 2022-04-07 08:58:02 Image size of job updated: 776948
	320  -  MemoryUsage of job (MB)
	326724  -  ResidentSetSize of job (KB)
...
006 (454.060.000) 2022-04-07 09:03:03 Image size of job updated: 777204
	320  -  MemoryUsage of job (MB)
	326724  -  ResidentSetSize of job (KB)
...
006 (454.060.000) 2022-04-07 09:08:03 Image size of job updated: 777204
	320  -  MemoryUsage of job (MB)
	326856  -  ResidentSetSize of job (KB)
...
006 (454.060.000) 2022-04-07 09:18:04 Image size of job updated: 777460
	320  -  MemoryUsage of job (MB)
	326988  -  ResidentSetSize of job (KB)
...
006 (454.060.000) 2022-04-07 09:23:04 Image size of job updated: 777460
	320  -  MemoryUsage of job (MB)
	327120  -  ResidentSetSize of job (KB)
...
006 (454.060.000) 2022-04-07 09:33:05 Image size of job updated: 777716
	320  -  MemoryUsage of job (MB)
	327252  -  ResidentSetSize of job (KB)
...
006 (454.060.000) 2022-04-07 09:38:06 Image size of job updated: 777716
	320  -  MemoryUsage of job (MB)
	327384  -  ResidentSetSize of job (KB)
...
006 (454.060.000) 2022-04-07 09:48:06 Image size of job updated: 777972
	320  -  MemoryUsage of job (MB)
	327516  -  ResidentSetSize of job (KB)
...
006 (454.060.000) 2022-04-07 09:58:07 Image size of job updated: 777972
	320  -  MemoryUsage of job (MB)
	327648  -  ResidentSetSize of job (KB)
...
006 (454.060.000) 2022-04-07 10:03:07 Image size of job updated: 777972
	321  -  MemoryUsage of job (MB)
	327780  -  ResidentSetSize of job (KB)
...
006 (454.060.000) 2022-04-07 10:08:08 Image size of job updated: 778228
	321  -  MemoryUsage of job (MB)
	327780  -  ResidentSetSize of job (KB)
...
006 (454.060.000) 2022-04-07 10:13:09 Image size of job updated: 778228
	321  -  MemoryUsage of job (MB)
	327912  -  ResidentSetSize of job (KB)
...
006 (454.060.000) 2022-04-07 10:23:09 Image size of job updated: 778484
	321  -  MemoryUsage of job (MB)
	328044  -  ResidentSetSize of job (KB)
...
006 (454.060.000) 2022-04-07 10:28:10 Image size of job updated: 778484
	321  -  MemoryUsage of job (MB)
	328176  -  ResidentSetSize of job (KB)
...
006 (454.060.000) 2022-04-07 10:38:10 Image size of job updated: 778740
	321  -  MemoryUsage of job (MB)
	328308  -  ResidentSetSize of job (KB)
...
006 (454.060.000) 2022-04-07 10:48:12 Image size of job updated: 778740
	321  -  MemoryUsage of job (MB)
	328440  -  ResidentSetSize of job (KB)
...
006 (454.060.000) 2022-04-07 10:53:12 Image size of job updated: 778996
	321  -  MemoryUsage of job (MB)
	328440  -  ResidentSetSize of job (KB)
...
006 (454.060.000) 2022-04-07 10:58:12 Image size of job updated: 778996
	321  -  MemoryUsage of job (MB)
	328572  -  ResidentSetSize of job (KB)
...
006 (454.060.000) 2022-04-07 11:03:13 Image size of job updated: 778996
	321  -  MemoryUsage of job (MB)
	328704  -  ResidentSetSize of job (KB)
...
006 (454.060.000) 2022-04-07 11:08:13 Image size of job updated: 779252
	321  -  MemoryUsage of job (MB)
	328704  -  ResidentSetSize of job (KB)
...
006 (454.060.000) 2022-04-07 11:13:13 Image size of job updated: 779252
	322  -  MemoryUsage of job (MB)
	328836  -  ResidentSetSize of job (KB)
...
006 (454.060.000) 2022-04-07 11:18:14 Image size of job updated: 779252
	322  -  MemoryUsage of job (MB)
	328968  -  ResidentSetSize of job (KB)
...
006 (454.060.000) 2022-04-07 11:23:15 Image size of job updated: 779508
	322  -  MemoryUsage of job (MB)
	328968  -  ResidentSetSize of job (KB)
...
006 (454.060.000) 2022-04-07 11:28:15 Image size of job updated: 779508
	322  -  MemoryUsage of job (MB)
	329100  -  ResidentSetSize of job (KB)
...
006 (454.060.000) 2022-04-07 11:38:17 Image size of job updated: 779508
	322  -  MemoryUsage of job (MB)
	329232  -  ResidentSetSize of job (KB)
...
006 (454.060.000) 2022-04-07 11:40:53 Image size of job updated: 779764
	322  -  MemoryUsage of job (MB)
	329232  -  ResidentSetSize of job (KB)
...
005 (454.060.000) 2022-04-07 11:40:53 Job terminated.
	(1) Normal termination (return value 0)
		Usr 0 06:56:37, Sys 0 00:00:25  -  Run Remote Usage
		Usr 0 00:00:00, Sys 0 00:00:00  -  Run Local Usage
		Usr 0 06:56:37, Sys 0 00:00:25  -  Total Remote Usage
		Usr 0 00:00:00, Sys 0 00:00:00  -  Total Local Usage
	0  -  Run Bytes Sent By Job
	0  -  Run Bytes Received By Job
	0  -  Total Bytes Sent By Job
	0  -  Total Bytes Received By Job
	Partitionable Resources :    Usage  Request Allocated 
	   Cpus                 :     1.00        1         1 
	   Disk (KB)            :  7500        7500     10998 
	   Memory (MB)          :   322        1024      1024 

	Job terminated of its own accord at 2022-04-07T09:40:53Z with exit-code 0.
...
