000 (454.413.000) 2022-04-06 16:54:00 Job submitted from host: <10.18.24.243:9618?addrs=10.18.24.243-9618&alias=ecoclusts01.bioclust.biologie.ens.fr&noUDP&sock=schedd_1052_29b8>
...
001 (454.413.000) 2022-04-07 21:00:19 Job executing on host: <10.18.24.138:9618?addrs=10.18.24.138-9618&alias=dyoclust11.bioclust.biologie.ens.fr&noUDP&sock=startd_801_ff73>
...
006 (454.413.000) 2022-04-07 21:00:28 Image size of job updated: 116660
	114  -  MemoryUsage of job (MB)
	116660  -  ResidentSetSize of job (KB)
...
006 (454.413.000) 2022-04-07 21:05:28 Image size of job updated: 741876
	317  -  MemoryUsage of job (MB)
	324324  -  ResidentSetSize of job (KB)
...
006 (454.413.000) 2022-04-07 21:10:29 Image size of job updated: 774644
	317  -  MemoryUsage of job (MB)
	324412  -  ResidentSetSize of job (KB)
...
006 (454.413.000) 2022-04-07 22:00:34 Image size of job updated: 774900
	317  -  MemoryUsage of job (MB)
	324412  -  ResidentSetSize of job (KB)
...
006 (454.413.000) 2022-04-07 22:05:35 Image size of job updated: 774900
	317  -  MemoryUsage of job (MB)
	324544  -  ResidentSetSize of job (KB)
...
006 (454.413.000) 2022-04-07 22:10:36 Image size of job updated: 775156
	318  -  MemoryUsage of job (MB)
	324808  -  ResidentSetSize of job (KB)
...
006 (454.413.000) 2022-04-07 22:15:36 Image size of job updated: 775412
	318  -  MemoryUsage of job (MB)
	324940  -  ResidentSetSize of job (KB)
...
006 (454.413.000) 2022-04-07 22:20:37 Image size of job updated: 775668
	318  -  MemoryUsage of job (MB)
	325204  -  ResidentSetSize of job (KB)
...
006 (454.413.000) 2022-04-07 22:25:38 Image size of job updated: 775668
	318  -  MemoryUsage of job (MB)
	325336  -  ResidentSetSize of job (KB)
...
006 (454.413.000) 2022-04-07 22:30:38 Image size of job updated: 775924
	318  -  MemoryUsage of job (MB)
	325600  -  ResidentSetSize of job (KB)
...
006 (454.413.000) 2022-04-07 22:35:38 Image size of job updated: 776180
	319  -  MemoryUsage of job (MB)
	325732  -  ResidentSetSize of job (KB)
...
006 (454.413.000) 2022-04-07 22:40:39 Image size of job updated: 776436
	319  -  MemoryUsage of job (MB)
	325996  -  ResidentSetSize of job (KB)
...
006 (454.413.000) 2022-04-07 22:45:40 Image size of job updated: 776692
	319  -  MemoryUsage of job (MB)
	326128  -  ResidentSetSize of job (KB)
...
006 (454.413.000) 2022-04-07 22:50:40 Image size of job updated: 776948
	319  -  MemoryUsage of job (MB)
	326392  -  ResidentSetSize of job (KB)
...
006 (454.413.000) 2022-04-07 22:55:41 Image size of job updated: 776948
	319  -  MemoryUsage of job (MB)
	326480  -  ResidentSetSize of job (KB)
...
006 (454.413.000) 2022-04-07 23:05:42 Image size of job updated: 777204
	320  -  MemoryUsage of job (MB)
	326744  -  ResidentSetSize of job (KB)
...
006 (454.413.000) 2022-04-07 23:10:42 Image size of job updated: 777204
	320  -  MemoryUsage of job (MB)
	326876  -  ResidentSetSize of job (KB)
...
006 (454.413.000) 2022-04-07 23:15:43 Image size of job updated: 777460
	320  -  MemoryUsage of job (MB)
	327140  -  ResidentSetSize of job (KB)
...
006 (454.413.000) 2022-04-07 23:20:43 Image size of job updated: 777716
	320  -  MemoryUsage of job (MB)
	327272  -  ResidentSetSize of job (KB)
...
006 (454.413.000) 2022-04-07 23:25:43 Image size of job updated: 777972
	320  -  MemoryUsage of job (MB)
	327536  -  ResidentSetSize of job (KB)
...
006 (454.413.000) 2022-04-07 23:30:44 Image size of job updated: 777972
	320  -  MemoryUsage of job (MB)
	327668  -  ResidentSetSize of job (KB)
...
006 (454.413.000) 2022-04-07 23:35:45 Image size of job updated: 778228
	321  -  MemoryUsage of job (MB)
	327800  -  ResidentSetSize of job (KB)
...
006 (454.413.000) 2022-04-07 23:40:45 Image size of job updated: 778484
	321  -  MemoryUsage of job (MB)
	328064  -  ResidentSetSize of job (KB)
...
006 (454.413.000) 2022-04-07 23:45:45 Image size of job updated: 778484
	321  -  MemoryUsage of job (MB)
	328196  -  ResidentSetSize of job (KB)
...
006 (454.413.000) 2022-04-07 23:50:47 Image size of job updated: 778740
	321  -  MemoryUsage of job (MB)
	328328  -  ResidentSetSize of job (KB)
...
006 (454.413.000) 2022-04-07 23:55:47 Image size of job updated: 778996
	321  -  MemoryUsage of job (MB)
	328592  -  ResidentSetSize of job (KB)
...
006 (454.413.000) 2022-04-08 00:00:47 Image size of job updated: 778996
	322  -  MemoryUsage of job (MB)
	328724  -  ResidentSetSize of job (KB)
...
006 (454.413.000) 2022-04-08 00:05:48 Image size of job updated: 779252
	322  -  MemoryUsage of job (MB)
	328856  -  ResidentSetSize of job (KB)
...
006 (454.413.000) 2022-04-08 00:10:49 Image size of job updated: 779508
	322  -  MemoryUsage of job (MB)
	328988  -  ResidentSetSize of job (KB)
...
006 (454.413.000) 2022-04-08 00:15:49 Image size of job updated: 779508
	322  -  MemoryUsage of job (MB)
	329252  -  ResidentSetSize of job (KB)
...
006 (454.413.000) 2022-04-08 00:17:44 Image size of job updated: 779764
	322  -  MemoryUsage of job (MB)
	329252  -  ResidentSetSize of job (KB)
...
005 (454.413.000) 2022-04-08 00:17:44 Job terminated.
	(1) Normal termination (return value 0)
		Usr 0 03:15:30, Sys 0 00:00:26  -  Run Remote Usage
		Usr 0 00:00:00, Sys 0 00:00:00  -  Run Local Usage
		Usr 0 03:15:30, Sys 0 00:00:26  -  Total Remote Usage
		Usr 0 00:00:00, Sys 0 00:00:00  -  Total Local Usage
	0  -  Run Bytes Sent By Job
	0  -  Run Bytes Received By Job
	0  -  Total Bytes Sent By Job
	0  -  Total Bytes Received By Job
	Partitionable Resources :    Usage  Request Allocated 
	   Cpus                 :     1.00        1         1 
	   Disk (KB)            :  7500        7500     10998 
	   Memory (MB)          :   322        1024      1024 

	Job terminated of its own accord at 2022-04-07T22:17:44Z with exit-code 0.
...
