000 (454.643.000) 2022-04-06 16:54:01 Job submitted from host: <10.18.24.243:9618?addrs=10.18.24.243-9618&alias=ecoclusts01.bioclust.biologie.ens.fr&noUDP&sock=schedd_1052_29b8>
...
001 (454.643.000) 2022-04-08 03:37:06 Job executing on host: <10.18.24.178:9618?addrs=10.18.24.178-9618&alias=mcbsclust07.bioclust.biologie.ens.fr&noUDP&sock=startd_912_2276>
...
006 (454.643.000) 2022-04-08 03:37:14 Image size of job updated: 328152
	321  -  MemoryUsage of job (MB)
	328152  -  ResidentSetSize of job (KB)
...
006 (454.643.000) 2022-04-08 03:42:14 Image size of job updated: 741876
	321  -  MemoryUsage of job (MB)
	328548  -  ResidentSetSize of job (KB)
...
006 (454.643.000) 2022-04-08 03:47:15 Image size of job updated: 774644
	321  -  MemoryUsage of job (MB)
	328548  -  ResidentSetSize of job (KB)
...
006 (454.643.000) 2022-04-08 05:07:22 Image size of job updated: 774900
	321  -  MemoryUsage of job (MB)
	328548  -  ResidentSetSize of job (KB)
...
006 (454.643.000) 2022-04-08 05:22:24 Image size of job updated: 775156
	321  -  MemoryUsage of job (MB)
	328548  -  ResidentSetSize of job (KB)
...
006 (454.643.000) 2022-04-08 05:32:26 Image size of job updated: 775412
	321  -  MemoryUsage of job (MB)
	328548  -  ResidentSetSize of job (KB)
...
006 (454.643.000) 2022-04-08 05:47:27 Image size of job updated: 775668
	321  -  MemoryUsage of job (MB)
	328548  -  ResidentSetSize of job (KB)
...
006 (454.643.000) 2022-04-08 05:57:28 Image size of job updated: 775924
	321  -  MemoryUsage of job (MB)
	328548  -  ResidentSetSize of job (KB)
...
006 (454.643.000) 2022-04-08 06:07:30 Image size of job updated: 776180
	321  -  MemoryUsage of job (MB)
	328548  -  ResidentSetSize of job (KB)
...
006 (454.643.000) 2022-04-08 06:17:30 Image size of job updated: 776436
	321  -  MemoryUsage of job (MB)
	328548  -  ResidentSetSize of job (KB)
...
006 (454.643.000) 2022-04-08 06:32:32 Image size of job updated: 776692
	321  -  MemoryUsage of job (MB)
	328548  -  ResidentSetSize of job (KB)
...
006 (454.643.000) 2022-04-08 06:42:34 Image size of job updated: 776948
	321  -  MemoryUsage of job (MB)
	328548  -  ResidentSetSize of job (KB)
...
006 (454.643.000) 2022-04-08 07:07:35 Image size of job updated: 777204
	321  -  MemoryUsage of job (MB)
	328548  -  ResidentSetSize of job (KB)
...
006 (454.643.000) 2022-04-08 07:22:37 Image size of job updated: 777460
	321  -  MemoryUsage of job (MB)
	328548  -  ResidentSetSize of job (KB)
...
006 (454.643.000) 2022-04-08 07:32:38 Image size of job updated: 777716
	321  -  MemoryUsage of job (MB)
	328548  -  ResidentSetSize of job (KB)
...
006 (454.643.000) 2022-04-08 07:47:39 Image size of job updated: 777972
	321  -  MemoryUsage of job (MB)
	328548  -  ResidentSetSize of job (KB)
...
006 (454.643.000) 2022-04-08 07:57:40 Image size of job updated: 778228
	321  -  MemoryUsage of job (MB)
	328548  -  ResidentSetSize of job (KB)
...
006 (454.643.000) 2022-04-08 08:12:41 Image size of job updated: 778484
	321  -  MemoryUsage of job (MB)
	328548  -  ResidentSetSize of job (KB)
...
006 (454.643.000) 2022-04-08 08:22:42 Image size of job updated: 778740
	321  -  MemoryUsage of job (MB)
	328548  -  ResidentSetSize of job (KB)
...
006 (454.643.000) 2022-04-08 08:32:43 Image size of job updated: 778996
	321  -  MemoryUsage of job (MB)
	328564  -  ResidentSetSize of job (KB)
...
006 (454.643.000) 2022-04-08 08:42:44 Image size of job updated: 778996
	321  -  MemoryUsage of job (MB)
	328696  -  ResidentSetSize of job (KB)
...
006 (454.643.000) 2022-04-08 08:47:44 Image size of job updated: 779252
	322  -  MemoryUsage of job (MB)
	328828  -  ResidentSetSize of job (KB)
...
006 (454.643.000) 2022-04-08 08:52:44 Image size of job updated: 779252
	322  -  MemoryUsage of job (MB)
	328960  -  ResidentSetSize of job (KB)
...
006 (454.643.000) 2022-04-08 08:57:45 Image size of job updated: 779508
	322  -  MemoryUsage of job (MB)
	329092  -  ResidentSetSize of job (KB)
...
006 (454.643.000) 2022-04-08 09:02:46 Image size of job updated: 779508
	322  -  MemoryUsage of job (MB)
	329224  -  ResidentSetSize of job (KB)
...
006 (454.643.000) 2022-04-08 09:07:46 Image size of job updated: 779764
	322  -  MemoryUsage of job (MB)
	329224  -  ResidentSetSize of job (KB)
...
005 (454.643.000) 2022-04-08 09:08:39 Job terminated.
	(1) Normal termination (return value 0)
		Usr 0 05:30:45, Sys 0 00:00:14  -  Run Remote Usage
		Usr 0 00:00:00, Sys 0 00:00:00  -  Run Local Usage
		Usr 0 05:30:45, Sys 0 00:00:14  -  Total Remote Usage
		Usr 0 00:00:00, Sys 0 00:00:00  -  Total Local Usage
	0  -  Run Bytes Sent By Job
	0  -  Run Bytes Received By Job
	0  -  Total Bytes Sent By Job
	0  -  Total Bytes Received By Job
	Partitionable Resources :    Usage  Request Allocated 
	   Cpus                 :     1.00        1         1 
	   Disk (KB)            :  7500        7500     11001 
	   Memory (MB)          :   322        1024      1024 

	Job terminated of its own accord at 2022-04-08T07:08:39Z with exit-code 0.
...
