000 (454.325.000) 2022-04-06 16:54:00 Job submitted from host: <10.18.24.243:9618?addrs=10.18.24.243-9618&alias=ecoclusts01.bioclust.biologie.ens.fr&noUDP&sock=schedd_1052_29b8>
...
001 (454.325.000) 2022-04-07 18:05:23 Job executing on host: <10.18.24.142:9618?addrs=10.18.24.142-9618&alias=dyoclust15.bioclust.biologie.ens.fr&noUDP&sock=startd_768_5cd3>
...
006 (454.325.000) 2022-04-07 18:05:32 Image size of job updated: 233664
	221  -  MemoryUsage of job (MB)
	225480  -  ResidentSetSize of job (KB)
...
006 (454.325.000) 2022-04-07 18:10:33 Image size of job updated: 741876
	317  -  MemoryUsage of job (MB)
	324292  -  ResidentSetSize of job (KB)
...
006 (454.325.000) 2022-04-07 18:15:34 Image size of job updated: 774644
	317  -  MemoryUsage of job (MB)
	324380  -  ResidentSetSize of job (KB)
...
006 (454.325.000) 2022-04-07 19:10:38 Image size of job updated: 774900
	317  -  MemoryUsage of job (MB)
	324380  -  ResidentSetSize of job (KB)
...
006 (454.325.000) 2022-04-07 19:15:38 Image size of job updated: 774900
	317  -  MemoryUsage of job (MB)
	324512  -  ResidentSetSize of job (KB)
...
006 (454.325.000) 2022-04-07 19:20:39 Image size of job updated: 775156
	318  -  MemoryUsage of job (MB)
	324644  -  ResidentSetSize of job (KB)
...
006 (454.325.000) 2022-04-07 19:25:40 Image size of job updated: 775156
	318  -  MemoryUsage of job (MB)
	324908  -  ResidentSetSize of job (KB)
...
006 (454.325.000) 2022-04-07 19:30:40 Image size of job updated: 775412
	318  -  MemoryUsage of job (MB)
	325040  -  ResidentSetSize of job (KB)
...
006 (454.325.000) 2022-04-07 19:35:40 Image size of job updated: 775668
	318  -  MemoryUsage of job (MB)
	325172  -  ResidentSetSize of job (KB)
...
006 (454.325.000) 2022-04-07 19:40:41 Image size of job updated: 775668
	318  -  MemoryUsage of job (MB)
	325304  -  ResidentSetSize of job (KB)
...
006 (454.325.000) 2022-04-07 19:45:41 Image size of job updated: 775924
	318  -  MemoryUsage of job (MB)
	325568  -  ResidentSetSize of job (KB)
...
006 (454.325.000) 2022-04-07 19:50:41 Image size of job updated: 776180
	319  -  MemoryUsage of job (MB)
	325832  -  ResidentSetSize of job (KB)
...
006 (454.325.000) 2022-04-07 19:55:42 Image size of job updated: 776436
	319  -  MemoryUsage of job (MB)
	325964  -  ResidentSetSize of job (KB)
...
006 (454.325.000) 2022-04-07 20:00:43 Image size of job updated: 776692
	319  -  MemoryUsage of job (MB)
	326228  -  ResidentSetSize of job (KB)
...
006 (454.325.000) 2022-04-07 20:05:43 Image size of job updated: 776948
	319  -  MemoryUsage of job (MB)
	326360  -  ResidentSetSize of job (KB)
...
006 (454.325.000) 2022-04-07 20:10:44 Image size of job updated: 776948
	319  -  MemoryUsage of job (MB)
	326460  -  ResidentSetSize of job (KB)
...
006 (454.325.000) 2022-04-07 20:15:45 Image size of job updated: 776948
	319  -  MemoryUsage of job (MB)
	326592  -  ResidentSetSize of job (KB)
...
006 (454.325.000) 2022-04-07 20:20:45 Image size of job updated: 777204
	320  -  MemoryUsage of job (MB)
	326724  -  ResidentSetSize of job (KB)
...
006 (454.325.000) 2022-04-07 20:25:45 Image size of job updated: 777204
	320  -  MemoryUsage of job (MB)
	326856  -  ResidentSetSize of job (KB)
...
006 (454.325.000) 2022-04-07 20:30:46 Image size of job updated: 777460
	320  -  MemoryUsage of job (MB)
	327120  -  ResidentSetSize of job (KB)
...
006 (454.325.000) 2022-04-07 20:35:47 Image size of job updated: 777716
	320  -  MemoryUsage of job (MB)
	327252  -  ResidentSetSize of job (KB)
...
006 (454.325.000) 2022-04-07 20:40:47 Image size of job updated: 777972
	320  -  MemoryUsage of job (MB)
	327516  -  ResidentSetSize of job (KB)
...
006 (454.325.000) 2022-04-07 20:45:48 Image size of job updated: 777972
	320  -  MemoryUsage of job (MB)
	327648  -  ResidentSetSize of job (KB)
...
006 (454.325.000) 2022-04-07 20:50:49 Image size of job updated: 778228
	321  -  MemoryUsage of job (MB)
	327912  -  ResidentSetSize of job (KB)
...
006 (454.325.000) 2022-04-07 20:55:49 Image size of job updated: 778484
	321  -  MemoryUsage of job (MB)
	328044  -  ResidentSetSize of job (KB)
...
006 (454.325.000) 2022-04-07 21:00:49 Image size of job updated: 778740
	321  -  MemoryUsage of job (MB)
	328308  -  ResidentSetSize of job (KB)
...
006 (454.325.000) 2022-04-07 21:05:50 Image size of job updated: 778740
	321  -  MemoryUsage of job (MB)
	328440  -  ResidentSetSize of job (KB)
...
006 (454.325.000) 2022-04-07 21:10:51 Image size of job updated: 778996
	321  -  MemoryUsage of job (MB)
	328572  -  ResidentSetSize of job (KB)
...
006 (454.325.000) 2022-04-07 21:15:51 Image size of job updated: 779252
	322  -  MemoryUsage of job (MB)
	328836  -  ResidentSetSize of job (KB)
...
006 (454.325.000) 2022-04-07 21:20:52 Image size of job updated: 779508
	322  -  MemoryUsage of job (MB)
	328968  -  ResidentSetSize of job (KB)
...
006 (454.325.000) 2022-04-07 21:25:53 Image size of job updated: 779508
	322  -  MemoryUsage of job (MB)
	329232  -  ResidentSetSize of job (KB)
...
006 (454.325.000) 2022-04-07 21:28:08 Image size of job updated: 779764
	322  -  MemoryUsage of job (MB)
	329232  -  ResidentSetSize of job (KB)
...
005 (454.325.000) 2022-04-07 21:28:08 Job terminated.
	(1) Normal termination (return value 0)
		Usr 0 03:21:06, Sys 0 00:00:26  -  Run Remote Usage
		Usr 0 00:00:00, Sys 0 00:00:00  -  Run Local Usage
		Usr 0 03:21:06, Sys 0 00:00:26  -  Total Remote Usage
		Usr 0 00:00:00, Sys 0 00:00:00  -  Total Local Usage
	0  -  Run Bytes Sent By Job
	0  -  Run Bytes Received By Job
	0  -  Total Bytes Sent By Job
	0  -  Total Bytes Received By Job
	Partitionable Resources :    Usage  Request Allocated 
	   Cpus                 :     1.00        1         1 
	   Disk (KB)            :  7500        7500     10998 
	   Memory (MB)          :   322        1024      1024 

	Job terminated of its own accord at 2022-04-07T19:28:08Z with exit-code 0.
...
