000 (454.484.000) 2022-04-06 16:54:01 Job submitted from host: <10.18.24.243:9618?addrs=10.18.24.243-9618&alias=ecoclusts01.bioclust.biologie.ens.fr&noUDP&sock=schedd_1052_29b8>
...
001 (454.484.000) 2022-04-07 22:56:57 Job executing on host: <10.18.24.137:9618?addrs=10.18.24.137-9618&alias=dyoclust10.bioclust.biologie.ens.fr&noUDP&sock=startd_830_e3b2>
...
006 (454.484.000) 2022-04-07 22:57:06 Image size of job updated: 233664
	123  -  MemoryUsage of job (MB)
	125296  -  ResidentSetSize of job (KB)
...
006 (454.484.000) 2022-04-07 23:02:07 Image size of job updated: 741876
	317  -  MemoryUsage of job (MB)
	324356  -  ResidentSetSize of job (KB)
...
006 (454.484.000) 2022-04-07 23:07:08 Image size of job updated: 774644
	317  -  MemoryUsage of job (MB)
	324356  -  ResidentSetSize of job (KB)
...
006 (454.484.000) 2022-04-08 00:02:12 Image size of job updated: 774900
	317  -  MemoryUsage of job (MB)
	324488  -  ResidentSetSize of job (KB)
...
006 (454.484.000) 2022-04-08 00:07:12 Image size of job updated: 775156
	318  -  MemoryUsage of job (MB)
	324620  -  ResidentSetSize of job (KB)
...
006 (454.484.000) 2022-04-08 00:12:13 Image size of job updated: 775156
	318  -  MemoryUsage of job (MB)
	324752  -  ResidentSetSize of job (KB)
...
006 (454.484.000) 2022-04-08 00:17:14 Image size of job updated: 775412
	318  -  MemoryUsage of job (MB)
	325016  -  ResidentSetSize of job (KB)
...
006 (454.484.000) 2022-04-08 00:22:14 Image size of job updated: 775412
	318  -  MemoryUsage of job (MB)
	325148  -  ResidentSetSize of job (KB)
...
006 (454.484.000) 2022-04-08 00:27:15 Image size of job updated: 775668
	318  -  MemoryUsage of job (MB)
	325280  -  ResidentSetSize of job (KB)
...
006 (454.484.000) 2022-04-08 00:32:16 Image size of job updated: 775924
	318  -  MemoryUsage of job (MB)
	325544  -  ResidentSetSize of job (KB)
...
006 (454.484.000) 2022-04-08 00:37:16 Image size of job updated: 776180
	319  -  MemoryUsage of job (MB)
	325676  -  ResidentSetSize of job (KB)
...
006 (454.484.000) 2022-04-08 00:42:15 Image size of job updated: 776180
	319  -  MemoryUsage of job (MB)
	325940  -  ResidentSetSize of job (KB)
...
006 (454.484.000) 2022-04-08 00:47:17 Image size of job updated: 776436
	319  -  MemoryUsage of job (MB)
	326072  -  ResidentSetSize of job (KB)
...
006 (454.484.000) 2022-04-08 00:52:18 Image size of job updated: 776692
	319  -  MemoryUsage of job (MB)
	326336  -  ResidentSetSize of job (KB)
...
006 (454.484.000) 2022-04-08 00:57:18 Image size of job updated: 776948
	319  -  MemoryUsage of job (MB)
	326468  -  ResidentSetSize of job (KB)
...
006 (454.484.000) 2022-04-08 01:02:19 Image size of job updated: 776948
	319  -  MemoryUsage of job (MB)
	326600  -  ResidentSetSize of job (KB)
...
006 (454.484.000) 2022-04-08 01:12:20 Image size of job updated: 777204
	320  -  MemoryUsage of job (MB)
	326732  -  ResidentSetSize of job (KB)
...
006 (454.484.000) 2022-04-08 01:17:20 Image size of job updated: 777204
	320  -  MemoryUsage of job (MB)
	326864  -  ResidentSetSize of job (KB)
...
006 (454.484.000) 2022-04-08 01:22:21 Image size of job updated: 777460
	320  -  MemoryUsage of job (MB)
	327128  -  ResidentSetSize of job (KB)
...
006 (454.484.000) 2022-04-08 01:27:22 Image size of job updated: 777716
	320  -  MemoryUsage of job (MB)
	327260  -  ResidentSetSize of job (KB)
...
006 (454.484.000) 2022-04-08 01:32:22 Image size of job updated: 777972
	320  -  MemoryUsage of job (MB)
	327524  -  ResidentSetSize of job (KB)
...
006 (454.484.000) 2022-04-08 01:37:23 Image size of job updated: 777972
	320  -  MemoryUsage of job (MB)
	327656  -  ResidentSetSize of job (KB)
...
006 (454.484.000) 2022-04-08 01:42:24 Image size of job updated: 778228
	321  -  MemoryUsage of job (MB)
	327788  -  ResidentSetSize of job (KB)
...
006 (454.484.000) 2022-04-08 01:47:24 Image size of job updated: 778484
	321  -  MemoryUsage of job (MB)
	328052  -  ResidentSetSize of job (KB)
...
006 (454.484.000) 2022-04-08 01:52:24 Image size of job updated: 778484
	321  -  MemoryUsage of job (MB)
	328184  -  ResidentSetSize of job (KB)
...
006 (454.484.000) 2022-04-08 01:57:26 Image size of job updated: 778740
	321  -  MemoryUsage of job (MB)
	328448  -  ResidentSetSize of job (KB)
...
006 (454.484.000) 2022-04-08 02:02:26 Image size of job updated: 778996
	321  -  MemoryUsage of job (MB)
	328580  -  ResidentSetSize of job (KB)
...
006 (454.484.000) 2022-04-08 02:07:26 Image size of job updated: 778996
	322  -  MemoryUsage of job (MB)
	328712  -  ResidentSetSize of job (KB)
...
006 (454.484.000) 2022-04-08 02:12:27 Image size of job updated: 779252
	322  -  MemoryUsage of job (MB)
	328976  -  ResidentSetSize of job (KB)
...
006 (454.484.000) 2022-04-08 02:17:28 Image size of job updated: 779508
	322  -  MemoryUsage of job (MB)
	329108  -  ResidentSetSize of job (KB)
...
006 (454.484.000) 2022-04-08 02:22:11 Image size of job updated: 779764
	322  -  MemoryUsage of job (MB)
	329108  -  ResidentSetSize of job (KB)
...
005 (454.484.000) 2022-04-08 02:22:11 Job terminated.
	(1) Normal termination (return value 0)
		Usr 0 03:24:00, Sys 0 00:00:31  -  Run Remote Usage
		Usr 0 00:00:00, Sys 0 00:00:00  -  Run Local Usage
		Usr 0 03:24:00, Sys 0 00:00:31  -  Total Remote Usage
		Usr 0 00:00:00, Sys 0 00:00:00  -  Total Local Usage
	0  -  Run Bytes Sent By Job
	0  -  Run Bytes Received By Job
	0  -  Total Bytes Sent By Job
	0  -  Total Bytes Received By Job
	Partitionable Resources :    Usage  Request Allocated 
	   Cpus                 :     1.00        1         1 
	   Disk (KB)            :  7500        7500     10999 
	   Memory (MB)          :   322        1024      1024 

	Job terminated of its own accord at 2022-04-08T00:22:10Z with exit-code 0.
...
