000 (454.518.000) 2022-04-06 16:54:01 Job submitted from host: <10.18.24.243:9618?addrs=10.18.24.243-9618&alias=ecoclusts01.bioclust.biologie.ens.fr&noUDP&sock=schedd_1052_29b8>
...
001 (454.518.000) 2022-04-08 00:01:58 Job executing on host: <10.18.24.139:9618?addrs=10.18.24.139-9618&alias=dyoclust12.bioclust.biologie.ens.fr&noUDP&sock=startd_791_2380>
...
006 (454.518.000) 2022-04-08 00:02:07 Image size of job updated: 233664
	174  -  MemoryUsage of job (MB)
	177376  -  ResidentSetSize of job (KB)
...
006 (454.518.000) 2022-04-08 00:07:08 Image size of job updated: 741620
	317  -  MemoryUsage of job (MB)
	324012  -  ResidentSetSize of job (KB)
...
006 (454.518.000) 2022-04-08 00:12:09 Image size of job updated: 774388
	317  -  MemoryUsage of job (MB)
	324144  -  ResidentSetSize of job (KB)
...
006 (454.518.000) 2022-04-08 00:37:11 Image size of job updated: 774644
	317  -  MemoryUsage of job (MB)
	324144  -  ResidentSetSize of job (KB)
...
006 (454.518.000) 2022-04-08 00:42:12 Image size of job updated: 774900
	317  -  MemoryUsage of job (MB)
	324408  -  ResidentSetSize of job (KB)
...
006 (454.518.000) 2022-04-08 00:47:13 Image size of job updated: 774900
	317  -  MemoryUsage of job (MB)
	324540  -  ResidentSetSize of job (KB)
...
006 (454.518.000) 2022-04-08 00:52:13 Image size of job updated: 775156
	318  -  MemoryUsage of job (MB)
	324672  -  ResidentSetSize of job (KB)
...
006 (454.518.000) 2022-04-08 00:57:14 Image size of job updated: 775156
	318  -  MemoryUsage of job (MB)
	324804  -  ResidentSetSize of job (KB)
...
006 (454.518.000) 2022-04-08 01:02:15 Image size of job updated: 775412
	318  -  MemoryUsage of job (MB)
	324936  -  ResidentSetSize of job (KB)
...
006 (454.518.000) 2022-04-08 01:07:15 Image size of job updated: 775412
	318  -  MemoryUsage of job (MB)
	325068  -  ResidentSetSize of job (KB)
...
006 (454.518.000) 2022-04-08 01:12:15 Image size of job updated: 775668
	318  -  MemoryUsage of job (MB)
	325200  -  ResidentSetSize of job (KB)
...
006 (454.518.000) 2022-04-08 01:17:17 Image size of job updated: 775668
	318  -  MemoryUsage of job (MB)
	325332  -  ResidentSetSize of job (KB)
...
006 (454.518.000) 2022-04-08 01:22:17 Image size of job updated: 775924
	318  -  MemoryUsage of job (MB)
	325596  -  ResidentSetSize of job (KB)
...
006 (454.518.000) 2022-04-08 01:27:17 Image size of job updated: 776180
	319  -  MemoryUsage of job (MB)
	325728  -  ResidentSetSize of job (KB)
...
006 (454.518.000) 2022-04-08 01:32:18 Image size of job updated: 776436
	319  -  MemoryUsage of job (MB)
	325860  -  ResidentSetSize of job (KB)
...
006 (454.518.000) 2022-04-08 01:37:19 Image size of job updated: 776436
	319  -  MemoryUsage of job (MB)
	325992  -  ResidentSetSize of job (KB)
...
006 (454.518.000) 2022-04-08 01:42:19 Image size of job updated: 776692
	319  -  MemoryUsage of job (MB)
	326256  -  ResidentSetSize of job (KB)
...
006 (454.518.000) 2022-04-08 01:47:19 Image size of job updated: 776948
	319  -  MemoryUsage of job (MB)
	326388  -  ResidentSetSize of job (KB)
...
006 (454.518.000) 2022-04-08 01:52:20 Image size of job updated: 776948
	319  -  MemoryUsage of job (MB)
	326456  -  ResidentSetSize of job (KB)
...
006 (454.518.000) 2022-04-08 02:02:20 Image size of job updated: 776948
	319  -  MemoryUsage of job (MB)
	326588  -  ResidentSetSize of job (KB)
...
006 (454.518.000) 2022-04-08 02:07:21 Image size of job updated: 777204
	320  -  MemoryUsage of job (MB)
	326852  -  ResidentSetSize of job (KB)
...
006 (454.518.000) 2022-04-08 02:12:22 Image size of job updated: 777460
	320  -  MemoryUsage of job (MB)
	326984  -  ResidentSetSize of job (KB)
...
006 (454.518.000) 2022-04-08 02:17:22 Image size of job updated: 777460
	320  -  MemoryUsage of job (MB)
	327248  -  ResidentSetSize of job (KB)
...
006 (454.518.000) 2022-04-08 02:22:22 Image size of job updated: 777716
	320  -  MemoryUsage of job (MB)
	327380  -  ResidentSetSize of job (KB)
...
006 (454.518.000) 2022-04-08 02:27:24 Image size of job updated: 777972
	320  -  MemoryUsage of job (MB)
	327512  -  ResidentSetSize of job (KB)
...
006 (454.518.000) 2022-04-08 02:32:24 Image size of job updated: 778228
	320  -  MemoryUsage of job (MB)
	327644  -  ResidentSetSize of job (KB)
...
006 (454.518.000) 2022-04-08 02:37:24 Image size of job updated: 778228
	321  -  MemoryUsage of job (MB)
	327908  -  ResidentSetSize of job (KB)
...
006 (454.518.000) 2022-04-08 02:42:25 Image size of job updated: 778484
	321  -  MemoryUsage of job (MB)
	328040  -  ResidentSetSize of job (KB)
...
006 (454.518.000) 2022-04-08 02:47:26 Image size of job updated: 778484
	321  -  MemoryUsage of job (MB)
	328172  -  ResidentSetSize of job (KB)
...
006 (454.518.000) 2022-04-08 02:52:26 Image size of job updated: 778740
	321  -  MemoryUsage of job (MB)
	328304  -  ResidentSetSize of job (KB)
...
006 (454.518.000) 2022-04-08 02:57:26 Image size of job updated: 778996
	321  -  MemoryUsage of job (MB)
	328568  -  ResidentSetSize of job (KB)
...
006 (454.518.000) 2022-04-08 03:02:27 Image size of job updated: 779252
	321  -  MemoryUsage of job (MB)
	328700  -  ResidentSetSize of job (KB)
...
006 (454.518.000) 2022-04-08 03:07:27 Image size of job updated: 779252
	322  -  MemoryUsage of job (MB)
	328832  -  ResidentSetSize of job (KB)
...
006 (454.518.000) 2022-04-08 03:12:27 Image size of job updated: 779508
	322  -  MemoryUsage of job (MB)
	329096  -  ResidentSetSize of job (KB)
...
006 (454.518.000) 2022-04-08 03:17:28 Image size of job updated: 779764
	322  -  MemoryUsage of job (MB)
	329228  -  ResidentSetSize of job (KB)
...
005 (454.518.000) 2022-04-08 03:18:21 Job terminated.
	(1) Normal termination (return value 0)
		Usr 0 03:14:15, Sys 0 00:00:26  -  Run Remote Usage
		Usr 0 00:00:00, Sys 0 00:00:00  -  Run Local Usage
		Usr 0 03:14:15, Sys 0 00:00:26  -  Total Remote Usage
		Usr 0 00:00:00, Sys 0 00:00:00  -  Total Local Usage
	0  -  Run Bytes Sent By Job
	0  -  Run Bytes Received By Job
	0  -  Total Bytes Sent By Job
	0  -  Total Bytes Received By Job
	Partitionable Resources :    Usage  Request Allocated 
	   Cpus                 :     1.00        1         1 
	   Disk (KB)            :  7500        7500     10998 
	   Memory (MB)          :   322        1024      1024 

	Job terminated of its own accord at 2022-04-08T01:18:21Z with exit-code 0.
...
