000 (454.108.000) 2022-04-06 16:53:59 Job submitted from host: <10.18.24.243:9618?addrs=10.18.24.243-9618&alias=ecoclusts01.bioclust.biologie.ens.fr&noUDP&sock=schedd_1052_29b8>
...
001 (454.108.000) 2022-04-07 08:17:40 Job executing on host: <10.18.24.134:9618?addrs=10.18.24.134-9618&alias=dyoclust07.bioclust.biologie.ens.fr&noUDP&sock=startd_808_cc9c>
...
006 (454.108.000) 2022-04-07 08:17:49 Image size of job updated: 171320
	168  -  MemoryUsage of job (MB)
	171320  -  ResidentSetSize of job (KB)
...
006 (454.108.000) 2022-04-07 08:22:49 Image size of job updated: 896304
	317  -  MemoryUsage of job (MB)
	324344  -  ResidentSetSize of job (KB)
...
006 (454.108.000) 2022-04-07 08:27:49 Image size of job updated: 896304
	317  -  MemoryUsage of job (MB)
	324368  -  ResidentSetSize of job (KB)
...
006 (454.108.000) 2022-04-07 09:12:54 Image size of job updated: 896304
	317  -  MemoryUsage of job (MB)
	324500  -  ResidentSetSize of job (KB)
...
006 (454.108.000) 2022-04-07 09:17:54 Image size of job updated: 896304
	318  -  MemoryUsage of job (MB)
	324632  -  ResidentSetSize of job (KB)
...
006 (454.108.000) 2022-04-07 09:22:54 Image size of job updated: 896304
	318  -  MemoryUsage of job (MB)
	324764  -  ResidentSetSize of job (KB)
...
006 (454.108.000) 2022-04-07 09:27:55 Image size of job updated: 896304
	318  -  MemoryUsage of job (MB)
	324896  -  ResidentSetSize of job (KB)
...
006 (454.108.000) 2022-04-07 09:32:55 Image size of job updated: 896304
	318  -  MemoryUsage of job (MB)
	325160  -  ResidentSetSize of job (KB)
...
006 (454.108.000) 2022-04-07 09:37:55 Image size of job updated: 896304
	318  -  MemoryUsage of job (MB)
	325424  -  ResidentSetSize of job (KB)
...
006 (454.108.000) 2022-04-07 09:42:56 Image size of job updated: 896304
	318  -  MemoryUsage of job (MB)
	325556  -  ResidentSetSize of job (KB)
...
006 (454.108.000) 2022-04-07 09:47:57 Image size of job updated: 896304
	319  -  MemoryUsage of job (MB)
	325820  -  ResidentSetSize of job (KB)
...
006 (454.108.000) 2022-04-07 09:52:57 Image size of job updated: 896304
	319  -  MemoryUsage of job (MB)
	325952  -  ResidentSetSize of job (KB)
...
006 (454.108.000) 2022-04-07 09:57:57 Image size of job updated: 896304
	319  -  MemoryUsage of job (MB)
	326216  -  ResidentSetSize of job (KB)
...
006 (454.108.000) 2022-04-07 10:02:58 Image size of job updated: 896304
	319  -  MemoryUsage of job (MB)
	326348  -  ResidentSetSize of job (KB)
...
006 (454.108.000) 2022-04-07 10:07:59 Image size of job updated: 896304
	319  -  MemoryUsage of job (MB)
	326480  -  ResidentSetSize of job (KB)
...
006 (454.108.000) 2022-04-07 10:12:59 Image size of job updated: 896304
	319  -  MemoryUsage of job (MB)
	326612  -  ResidentSetSize of job (KB)
...
006 (454.108.000) 2022-04-07 10:23:00 Image size of job updated: 896304
	320  -  MemoryUsage of job (MB)
	326744  -  ResidentSetSize of job (KB)
...
006 (454.108.000) 2022-04-07 10:28:02 Image size of job updated: 896304
	320  -  MemoryUsage of job (MB)
	326876  -  ResidentSetSize of job (KB)
...
006 (454.108.000) 2022-04-07 10:33:02 Image size of job updated: 896304
	320  -  MemoryUsage of job (MB)
	327140  -  ResidentSetSize of job (KB)
...
006 (454.108.000) 2022-04-07 10:38:02 Image size of job updated: 896304
	320  -  MemoryUsage of job (MB)
	327272  -  ResidentSetSize of job (KB)
...
006 (454.108.000) 2022-04-07 10:43:03 Image size of job updated: 896304
	320  -  MemoryUsage of job (MB)
	327404  -  ResidentSetSize of job (KB)
...
006 (454.108.000) 2022-04-07 10:48:04 Image size of job updated: 896304
	320  -  MemoryUsage of job (MB)
	327668  -  ResidentSetSize of job (KB)
...
006 (454.108.000) 2022-04-07 10:53:05 Image size of job updated: 896304
	321  -  MemoryUsage of job (MB)
	327800  -  ResidentSetSize of job (KB)
...
006 (454.108.000) 2022-04-07 10:58:05 Image size of job updated: 896304
	321  -  MemoryUsage of job (MB)
	327932  -  ResidentSetSize of job (KB)
...
006 (454.108.000) 2022-04-07 11:03:06 Image size of job updated: 896304
	321  -  MemoryUsage of job (MB)
	328196  -  ResidentSetSize of job (KB)
...
006 (454.108.000) 2022-04-07 11:08:07 Image size of job updated: 896304
	321  -  MemoryUsage of job (MB)
	328328  -  ResidentSetSize of job (KB)
...
006 (454.108.000) 2022-04-07 11:13:07 Image size of job updated: 896304
	321  -  MemoryUsage of job (MB)
	328592  -  ResidentSetSize of job (KB)
...
006 (454.108.000) 2022-04-07 11:18:07 Image size of job updated: 896304
	322  -  MemoryUsage of job (MB)
	328724  -  ResidentSetSize of job (KB)
...
006 (454.108.000) 2022-04-07 11:23:08 Image size of job updated: 896304
	322  -  MemoryUsage of job (MB)
	328856  -  ResidentSetSize of job (KB)
...
006 (454.108.000) 2022-04-07 11:28:09 Image size of job updated: 896304
	322  -  MemoryUsage of job (MB)
	329120  -  ResidentSetSize of job (KB)
...
006 (454.108.000) 2022-04-07 11:33:09 Image size of job updated: 896304
	322  -  MemoryUsage of job (MB)
	329252  -  ResidentSetSize of job (KB)
...
005 (454.108.000) 2022-04-07 11:34:09 Job terminated.
	(1) Normal termination (return value 0)
		Usr 0 03:15:56, Sys 0 00:00:24  -  Run Remote Usage
		Usr 0 00:00:00, Sys 0 00:00:00  -  Run Local Usage
		Usr 0 03:15:56, Sys 0 00:00:24  -  Total Remote Usage
		Usr 0 00:00:00, Sys 0 00:00:00  -  Total Local Usage
	0  -  Run Bytes Sent By Job
	0  -  Run Bytes Received By Job
	0  -  Total Bytes Sent By Job
	0  -  Total Bytes Received By Job
	Partitionable Resources :    Usage  Request Allocated 
	   Cpus                 :     1.00        1         1 
	   Disk (KB)            :  7500        7500     10998 
	   Memory (MB)          :   322        1024      1024 

	Job terminated of its own accord at 2022-04-07T09:34:09Z with exit-code 0.
...
