000 (454.254.000) 2022-04-06 16:54:00 Job submitted from host: <10.18.24.243:9618?addrs=10.18.24.243-9618&alias=ecoclusts01.bioclust.biologie.ens.fr&noUDP&sock=schedd_1052_29b8>
...
001 (454.254.000) 2022-04-07 15:20:22 Job executing on host: <10.18.24.138:9618?addrs=10.18.24.138-9618&alias=dyoclust11.bioclust.biologie.ens.fr&noUDP&sock=startd_801_ff73>
...
006 (454.254.000) 2022-04-07 15:20:31 Image size of job updated: 335464
	167  -  MemoryUsage of job (MB)
	170036  -  ResidentSetSize of job (KB)
...
006 (454.254.000) 2022-04-07 15:25:32 Image size of job updated: 792252
	317  -  MemoryUsage of job (MB)
	324124  -  ResidentSetSize of job (KB)
...
006 (454.254.000) 2022-04-07 16:20:38 Image size of job updated: 792252
	317  -  MemoryUsage of job (MB)
	324212  -  ResidentSetSize of job (KB)
...
006 (454.254.000) 2022-04-07 16:25:39 Image size of job updated: 792252
	317  -  MemoryUsage of job (MB)
	324344  -  ResidentSetSize of job (KB)
...
006 (454.254.000) 2022-04-07 16:30:39 Image size of job updated: 792252
	317  -  MemoryUsage of job (MB)
	324476  -  ResidentSetSize of job (KB)
...
006 (454.254.000) 2022-04-07 16:35:40 Image size of job updated: 792252
	318  -  MemoryUsage of job (MB)
	324740  -  ResidentSetSize of job (KB)
...
006 (454.254.000) 2022-04-07 16:40:41 Image size of job updated: 792252
	318  -  MemoryUsage of job (MB)
	324872  -  ResidentSetSize of job (KB)
...
006 (454.254.000) 2022-04-07 16:45:41 Image size of job updated: 792252
	318  -  MemoryUsage of job (MB)
	325004  -  ResidentSetSize of job (KB)
...
006 (454.254.000) 2022-04-07 16:50:41 Image size of job updated: 792252
	318  -  MemoryUsage of job (MB)
	325268  -  ResidentSetSize of job (KB)
...
006 (454.254.000) 2022-04-07 16:55:42 Image size of job updated: 792252
	318  -  MemoryUsage of job (MB)
	325400  -  ResidentSetSize of job (KB)
...
006 (454.254.000) 2022-04-07 17:00:43 Image size of job updated: 792252
	318  -  MemoryUsage of job (MB)
	325532  -  ResidentSetSize of job (KB)
...
006 (454.254.000) 2022-04-07 17:05:43 Image size of job updated: 792252
	319  -  MemoryUsage of job (MB)
	325796  -  ResidentSetSize of job (KB)
...
006 (454.254.000) 2022-04-07 17:10:44 Image size of job updated: 792252
	319  -  MemoryUsage of job (MB)
	325928  -  ResidentSetSize of job (KB)
...
006 (454.254.000) 2022-04-07 17:15:45 Image size of job updated: 792252
	319  -  MemoryUsage of job (MB)
	326060  -  ResidentSetSize of job (KB)
...
006 (454.254.000) 2022-04-07 17:20:45 Image size of job updated: 792252
	319  -  MemoryUsage of job (MB)
	326192  -  ResidentSetSize of job (KB)
...
006 (454.254.000) 2022-04-07 17:25:45 Image size of job updated: 792252
	319  -  MemoryUsage of job (MB)
	326456  -  ResidentSetSize of job (KB)
...
006 (454.254.000) 2022-04-07 17:30:46 Image size of job updated: 792252
	319  -  MemoryUsage of job (MB)
	326588  -  ResidentSetSize of job (KB)
...
006 (454.254.000) 2022-04-07 17:45:47 Image size of job updated: 792252
	320  -  MemoryUsage of job (MB)
	326720  -  ResidentSetSize of job (KB)
...
006 (454.254.000) 2022-04-07 17:50:48 Image size of job updated: 792252
	320  -  MemoryUsage of job (MB)
	326984  -  ResidentSetSize of job (KB)
...
006 (454.254.000) 2022-04-07 17:55:48 Image size of job updated: 792252
	320  -  MemoryUsage of job (MB)
	327116  -  ResidentSetSize of job (KB)
...
006 (454.254.000) 2022-04-07 18:00:49 Image size of job updated: 792252
	320  -  MemoryUsage of job (MB)
	327248  -  ResidentSetSize of job (KB)
...
006 (454.254.000) 2022-04-07 18:05:50 Image size of job updated: 792252
	320  -  MemoryUsage of job (MB)
	327380  -  ResidentSetSize of job (KB)
...
006 (454.254.000) 2022-04-07 18:10:50 Image size of job updated: 792252
	320  -  MemoryUsage of job (MB)
	327512  -  ResidentSetSize of job (KB)
...
006 (454.254.000) 2022-04-07 18:15:50 Image size of job updated: 792252
	321  -  MemoryUsage of job (MB)
	327776  -  ResidentSetSize of job (KB)
...
006 (454.254.000) 2022-04-07 18:20:51 Image size of job updated: 792252
	321  -  MemoryUsage of job (MB)
	327908  -  ResidentSetSize of job (KB)
...
006 (454.254.000) 2022-04-07 18:25:52 Image size of job updated: 792252
	321  -  MemoryUsage of job (MB)
	328040  -  ResidentSetSize of job (KB)
...
006 (454.254.000) 2022-04-07 18:30:52 Image size of job updated: 792252
	321  -  MemoryUsage of job (MB)
	328172  -  ResidentSetSize of job (KB)
...
006 (454.254.000) 2022-04-07 18:35:52 Image size of job updated: 792252
	321  -  MemoryUsage of job (MB)
	328436  -  ResidentSetSize of job (KB)
...
006 (454.254.000) 2022-04-07 18:40:53 Image size of job updated: 792252
	321  -  MemoryUsage of job (MB)
	328568  -  ResidentSetSize of job (KB)
...
006 (454.254.000) 2022-04-07 18:45:53 Image size of job updated: 792252
	321  -  MemoryUsage of job (MB)
	328700  -  ResidentSetSize of job (KB)
...
006 (454.254.000) 2022-04-07 18:50:53 Image size of job updated: 792252
	322  -  MemoryUsage of job (MB)
	328832  -  ResidentSetSize of job (KB)
...
006 (454.254.000) 2022-04-07 18:55:54 Image size of job updated: 792252
	322  -  MemoryUsage of job (MB)
	328964  -  ResidentSetSize of job (KB)
...
006 (454.254.000) 2022-04-07 19:00:55 Image size of job updated: 792252
	322  -  MemoryUsage of job (MB)
	329228  -  ResidentSetSize of job (KB)
...
005 (454.254.000) 2022-04-07 19:03:48 Job terminated.
	(1) Normal termination (return value 0)
		Usr 0 03:41:40, Sys 0 00:00:25  -  Run Remote Usage
		Usr 0 00:00:00, Sys 0 00:00:00  -  Run Local Usage
		Usr 0 03:41:40, Sys 0 00:00:25  -  Total Remote Usage
		Usr 0 00:00:00, Sys 0 00:00:00  -  Total Local Usage
	0  -  Run Bytes Sent By Job
	0  -  Run Bytes Received By Job
	0  -  Total Bytes Sent By Job
	0  -  Total Bytes Received By Job
	Partitionable Resources :    Usage  Request Allocated 
	   Cpus                 :     1.00        1         1 
	   Disk (KB)            :  7500        7500     10998 
	   Memory (MB)          :   322        1024      1024 

	Job terminated of its own accord at 2022-04-07T17:03:48Z with exit-code 0.
...
