000 (454.309.000) 2022-04-06 16:54:00 Job submitted from host: <10.18.24.243:9618?addrs=10.18.24.243-9618&alias=ecoclusts01.bioclust.biologie.ens.fr&noUDP&sock=schedd_1052_29b8>
...
001 (454.309.000) 2022-04-07 17:41:51 Job executing on host: <10.18.24.133:9618?addrs=10.18.24.133-9618&alias=dyoclust06.bioclust.biologie.ens.fr&noUDP&sock=startd_804_0e3b>
...
006 (454.309.000) 2022-04-07 17:42:00 Image size of job updated: 64880
	64  -  MemoryUsage of job (MB)
	64880  -  ResidentSetSize of job (KB)
...
006 (454.309.000) 2022-04-07 17:47:00 Image size of job updated: 741624
	317  -  MemoryUsage of job (MB)
	324124  -  ResidentSetSize of job (KB)
...
006 (454.309.000) 2022-04-07 17:57:02 Image size of job updated: 774392
	317  -  MemoryUsage of job (MB)
	324124  -  ResidentSetSize of job (KB)
...
006 (454.309.000) 2022-04-07 18:42:05 Image size of job updated: 774648
	317  -  MemoryUsage of job (MB)
	324124  -  ResidentSetSize of job (KB)
...
006 (454.309.000) 2022-04-07 18:47:06 Image size of job updated: 774648
	317  -  MemoryUsage of job (MB)
	324212  -  ResidentSetSize of job (KB)
...
006 (454.309.000) 2022-04-07 18:52:06 Image size of job updated: 774904
	317  -  MemoryUsage of job (MB)
	324476  -  ResidentSetSize of job (KB)
...
006 (454.309.000) 2022-04-07 18:57:06 Image size of job updated: 774904
	317  -  MemoryUsage of job (MB)
	324608  -  ResidentSetSize of job (KB)
...
006 (454.309.000) 2022-04-07 19:02:07 Image size of job updated: 775160
	317  -  MemoryUsage of job (MB)
	324608  -  ResidentSetSize of job (KB)
...
006 (454.309.000) 2022-04-07 19:07:08 Image size of job updated: 775160
	318  -  MemoryUsage of job (MB)
	324740  -  ResidentSetSize of job (KB)
...
006 (454.309.000) 2022-04-07 19:12:08 Image size of job updated: 775416
	318  -  MemoryUsage of job (MB)
	324872  -  ResidentSetSize of job (KB)
...
006 (454.309.000) 2022-04-07 19:17:09 Image size of job updated: 775416
	318  -  MemoryUsage of job (MB)
	325004  -  ResidentSetSize of job (KB)
...
006 (454.309.000) 2022-04-07 19:22:10 Image size of job updated: 775672
	318  -  MemoryUsage of job (MB)
	325136  -  ResidentSetSize of job (KB)
...
006 (454.309.000) 2022-04-07 19:27:10 Image size of job updated: 775672
	318  -  MemoryUsage of job (MB)
	325268  -  ResidentSetSize of job (KB)
...
006 (454.309.000) 2022-04-07 19:32:10 Image size of job updated: 775928
	318  -  MemoryUsage of job (MB)
	325532  -  ResidentSetSize of job (KB)
...
006 (454.309.000) 2022-04-07 19:42:11 Image size of job updated: 776184
	319  -  MemoryUsage of job (MB)
	325796  -  ResidentSetSize of job (KB)
...
006 (454.309.000) 2022-04-07 19:47:11 Image size of job updated: 776440
	319  -  MemoryUsage of job (MB)
	325928  -  ResidentSetSize of job (KB)
...
006 (454.309.000) 2022-04-07 19:52:13 Image size of job updated: 776440
	319  -  MemoryUsage of job (MB)
	326060  -  ResidentSetSize of job (KB)
...
006 (454.309.000) 2022-04-07 19:57:13 Image size of job updated: 776696
	319  -  MemoryUsage of job (MB)
	326192  -  ResidentSetSize of job (KB)
...
006 (454.309.000) 2022-04-07 20:02:13 Image size of job updated: 776696
	319  -  MemoryUsage of job (MB)
	326324  -  ResidentSetSize of job (KB)
...
006 (454.309.000) 2022-04-07 20:07:14 Image size of job updated: 776952
	319  -  MemoryUsage of job (MB)
	326588  -  ResidentSetSize of job (KB)
...
006 (454.309.000) 2022-04-07 20:22:16 Image size of job updated: 776952
	320  -  MemoryUsage of job (MB)
	326720  -  ResidentSetSize of job (KB)
...
006 (454.309.000) 2022-04-07 20:27:17 Image size of job updated: 777208
	320  -  MemoryUsage of job (MB)
	326852  -  ResidentSetSize of job (KB)
...
006 (454.309.000) 2022-04-07 20:32:17 Image size of job updated: 777464
	320  -  MemoryUsage of job (MB)
	326984  -  ResidentSetSize of job (KB)
...
006 (454.309.000) 2022-04-07 20:37:17 Image size of job updated: 777464
	320  -  MemoryUsage of job (MB)
	327116  -  ResidentSetSize of job (KB)
...
006 (454.309.000) 2022-04-07 20:42:18 Image size of job updated: 777720
	320  -  MemoryUsage of job (MB)
	327248  -  ResidentSetSize of job (KB)
...
006 (454.309.000) 2022-04-07 20:47:19 Image size of job updated: 777720
	320  -  MemoryUsage of job (MB)
	327380  -  ResidentSetSize of job (KB)
...
006 (454.309.000) 2022-04-07 20:52:19 Image size of job updated: 777976
	320  -  MemoryUsage of job (MB)
	327512  -  ResidentSetSize of job (KB)
...
006 (454.309.000) 2022-04-07 20:57:20 Image size of job updated: 777976
	320  -  MemoryUsage of job (MB)
	327644  -  ResidentSetSize of job (KB)
...
006 (454.309.000) 2022-04-07 21:02:21 Image size of job updated: 778232
	321  -  MemoryUsage of job (MB)
	327776  -  ResidentSetSize of job (KB)
...
006 (454.309.000) 2022-04-07 21:07:21 Image size of job updated: 778232
	321  -  MemoryUsage of job (MB)
	327908  -  ResidentSetSize of job (KB)
...
006 (454.309.000) 2022-04-07 21:12:21 Image size of job updated: 778488
	321  -  MemoryUsage of job (MB)
	328040  -  ResidentSetSize of job (KB)
...
006 (454.309.000) 2022-04-07 21:17:22 Image size of job updated: 778488
	321  -  MemoryUsage of job (MB)
	328172  -  ResidentSetSize of job (KB)
...
006 (454.309.000) 2022-04-07 21:22:22 Image size of job updated: 778744
	321  -  MemoryUsage of job (MB)
	328304  -  ResidentSetSize of job (KB)
...
006 (454.309.000) 2022-04-07 21:27:22 Image size of job updated: 779000
	321  -  MemoryUsage of job (MB)
	328436  -  ResidentSetSize of job (KB)
...
006 (454.309.000) 2022-04-07 21:32:23 Image size of job updated: 779000
	321  -  MemoryUsage of job (MB)
	328568  -  ResidentSetSize of job (KB)
...
006 (454.309.000) 2022-04-07 21:37:24 Image size of job updated: 779256
	322  -  MemoryUsage of job (MB)
	328832  -  ResidentSetSize of job (KB)
...
006 (454.309.000) 2022-04-07 21:42:24 Image size of job updated: 779256
	322  -  MemoryUsage of job (MB)
	328964  -  ResidentSetSize of job (KB)
...
006 (454.309.000) 2022-04-07 21:47:25 Image size of job updated: 779512
	322  -  MemoryUsage of job (MB)
	329096  -  ResidentSetSize of job (KB)
...
006 (454.309.000) 2022-04-07 21:52:26 Image size of job updated: 779512
	322  -  MemoryUsage of job (MB)
	329228  -  ResidentSetSize of job (KB)
...
006 (454.309.000) 2022-04-07 21:54:20 Image size of job updated: 779768
	322  -  MemoryUsage of job (MB)
	329228  -  ResidentSetSize of job (KB)
...
005 (454.309.000) 2022-04-07 21:54:20 Job terminated.
	(1) Normal termination (return value 0)
		Usr 0 04:08:56, Sys 0 00:00:55  -  Run Remote Usage
		Usr 0 00:00:00, Sys 0 00:00:00  -  Run Local Usage
		Usr 0 04:08:56, Sys 0 00:00:55  -  Total Remote Usage
		Usr 0 00:00:00, Sys 0 00:00:00  -  Total Local Usage
	0  -  Run Bytes Sent By Job
	0  -  Run Bytes Received By Job
	0  -  Total Bytes Sent By Job
	0  -  Total Bytes Received By Job
	Partitionable Resources :    Usage  Request Allocated 
	   Cpus                 :     1.00        1         1 
	   Disk (KB)            :  7500        7500     10015 
	   Memory (MB)          :   322        1024      1024 

	Job terminated of its own accord at 2022-04-07T19:54:20Z with exit-code 0.
...
