000 (454.326.000) 2022-04-06 16:54:00 Job submitted from host: <10.18.24.243:9618?addrs=10.18.24.243-9618&alias=ecoclusts01.bioclust.biologie.ens.fr&noUDP&sock=schedd_1052_29b8>
...
001 (454.326.000) 2022-04-07 18:05:23 Job executing on host: <10.18.24.135:9618?addrs=10.18.24.135-9618&alias=dyoclust08.bioclust.biologie.ens.fr&noUDP&sock=startd_793_82b1>
...
006 (454.326.000) 2022-04-07 18:05:32 Image size of job updated: 218372
	214  -  MemoryUsage of job (MB)
	218372  -  ResidentSetSize of job (KB)
...
006 (454.326.000) 2022-04-07 18:10:33 Image size of job updated: 741620
	317  -  MemoryUsage of job (MB)
	324076  -  ResidentSetSize of job (KB)
...
006 (454.326.000) 2022-04-07 18:15:34 Image size of job updated: 774388
	317  -  MemoryUsage of job (MB)
	324076  -  ResidentSetSize of job (KB)
...
006 (454.326.000) 2022-04-07 18:45:36 Image size of job updated: 774644
	317  -  MemoryUsage of job (MB)
	324164  -  ResidentSetSize of job (KB)
...
006 (454.326.000) 2022-04-07 18:50:36 Image size of job updated: 774900
	317  -  MemoryUsage of job (MB)
	324428  -  ResidentSetSize of job (KB)
...
006 (454.326.000) 2022-04-07 18:55:37 Image size of job updated: 775156
	317  -  MemoryUsage of job (MB)
	324560  -  ResidentSetSize of job (KB)
...
006 (454.326.000) 2022-04-07 19:00:38 Image size of job updated: 775156
	318  -  MemoryUsage of job (MB)
	324692  -  ResidentSetSize of job (KB)
...
006 (454.326.000) 2022-04-07 19:05:38 Image size of job updated: 775412
	318  -  MemoryUsage of job (MB)
	324956  -  ResidentSetSize of job (KB)
...
006 (454.326.000) 2022-04-07 19:10:38 Image size of job updated: 775668
	318  -  MemoryUsage of job (MB)
	325220  -  ResidentSetSize of job (KB)
...
006 (454.326.000) 2022-04-07 19:15:39 Image size of job updated: 775668
	318  -  MemoryUsage of job (MB)
	325352  -  ResidentSetSize of job (KB)
...
006 (454.326.000) 2022-04-07 19:20:40 Image size of job updated: 775924
	318  -  MemoryUsage of job (MB)
	325616  -  ResidentSetSize of job (KB)
...
006 (454.326.000) 2022-04-07 19:25:40 Image size of job updated: 776180
	319  -  MemoryUsage of job (MB)
	325748  -  ResidentSetSize of job (KB)
...
006 (454.326.000) 2022-04-07 19:30:40 Image size of job updated: 776436
	319  -  MemoryUsage of job (MB)
	326012  -  ResidentSetSize of job (KB)
...
006 (454.326.000) 2022-04-07 19:35:41 Image size of job updated: 776692
	319  -  MemoryUsage of job (MB)
	326144  -  ResidentSetSize of job (KB)
...
006 (454.326.000) 2022-04-07 19:40:42 Image size of job updated: 776692
	319  -  MemoryUsage of job (MB)
	326408  -  ResidentSetSize of job (KB)
...
006 (454.326.000) 2022-04-07 19:45:42 Image size of job updated: 776948
	319  -  MemoryUsage of job (MB)
	326540  -  ResidentSetSize of job (KB)
...
006 (454.326.000) 2022-04-07 19:55:43 Image size of job updated: 777204
	320  -  MemoryUsage of job (MB)
	326672  -  ResidentSetSize of job (KB)
...
006 (454.326.000) 2022-04-07 20:00:44 Image size of job updated: 777204
	320  -  MemoryUsage of job (MB)
	326804  -  ResidentSetSize of job (KB)
...
006 (454.326.000) 2022-04-07 20:05:45 Image size of job updated: 777460
	320  -  MemoryUsage of job (MB)
	327068  -  ResidentSetSize of job (KB)
...
006 (454.326.000) 2022-04-07 20:10:45 Image size of job updated: 777716
	320  -  MemoryUsage of job (MB)
	327200  -  ResidentSetSize of job (KB)
...
006 (454.326.000) 2022-04-07 20:15:45 Image size of job updated: 777972
	320  -  MemoryUsage of job (MB)
	327464  -  ResidentSetSize of job (KB)
...
006 (454.326.000) 2022-04-07 20:20:46 Image size of job updated: 777972
	321  -  MemoryUsage of job (MB)
	327728  -  ResidentSetSize of job (KB)
...
006 (454.326.000) 2022-04-07 20:25:47 Image size of job updated: 778228
	321  -  MemoryUsage of job (MB)
	327860  -  ResidentSetSize of job (KB)
...
006 (454.326.000) 2022-04-07 20:30:47 Image size of job updated: 778484
	321  -  MemoryUsage of job (MB)
	327992  -  ResidentSetSize of job (KB)
...
006 (454.326.000) 2022-04-07 20:35:48 Image size of job updated: 778740
	321  -  MemoryUsage of job (MB)
	328256  -  ResidentSetSize of job (KB)
...
006 (454.326.000) 2022-04-07 20:40:49 Image size of job updated: 778740
	321  -  MemoryUsage of job (MB)
	328388  -  ResidentSetSize of job (KB)
...
006 (454.326.000) 2022-04-07 20:45:50 Image size of job updated: 778996
	321  -  MemoryUsage of job (MB)
	328652  -  ResidentSetSize of job (KB)
...
006 (454.326.000) 2022-04-07 20:50:50 Image size of job updated: 779252
	322  -  MemoryUsage of job (MB)
	328784  -  ResidentSetSize of job (KB)
...
006 (454.326.000) 2022-04-07 20:55:50 Image size of job updated: 779508
	322  -  MemoryUsage of job (MB)
	329048  -  ResidentSetSize of job (KB)
...
006 (454.326.000) 2022-04-07 21:00:51 Image size of job updated: 779508
	322  -  MemoryUsage of job (MB)
	329180  -  ResidentSetSize of job (KB)
...
006 (454.326.000) 2022-04-07 21:03:24 Image size of job updated: 779764
	322  -  MemoryUsage of job (MB)
	329180  -  ResidentSetSize of job (KB)
...
005 (454.326.000) 2022-04-07 21:03:24 Job terminated.
	(1) Normal termination (return value 0)
		Usr 0 02:57:28, Sys 0 00:00:24  -  Run Remote Usage
		Usr 0 00:00:00, Sys 0 00:00:00  -  Run Local Usage
		Usr 0 02:57:28, Sys 0 00:00:24  -  Total Remote Usage
		Usr 0 00:00:00, Sys 0 00:00:00  -  Total Local Usage
	0  -  Run Bytes Sent By Job
	0  -  Run Bytes Received By Job
	0  -  Total Bytes Sent By Job
	0  -  Total Bytes Received By Job
	Partitionable Resources :    Usage  Request Allocated 
	   Cpus                 :     1.00        1         1 
	   Disk (KB)            :  7500        7500     10998 
	   Memory (MB)          :   322        1024      1024 

	Job terminated of its own accord at 2022-04-07T19:03:24Z with exit-code 0.
...
