000 (454.914.000) 2022-04-06 16:54:03 Job submitted from host: <10.18.24.243:9618?addrs=10.18.24.243-9618&alias=ecoclusts01.bioclust.biologie.ens.fr&noUDP&sock=schedd_1052_29b8>
...
001 (454.914.000) 2022-04-08 11:00:53 Job executing on host: <10.18.24.140:9618?addrs=10.18.24.140-9618&alias=dyoclust13.bioclust.biologie.ens.fr&noUDP&sock=startd_813_3a96>
...
006 (454.914.000) 2022-04-08 11:01:03 Image size of job updated: 128556
	64  -  MemoryUsage of job (MB)
	64916  -  ResidentSetSize of job (KB)
...
006 (454.914.000) 2022-04-08 11:06:04 Image size of job updated: 741624
	286  -  MemoryUsage of job (MB)
	292608  -  ResidentSetSize of job (KB)
...
006 (454.914.000) 2022-04-08 11:11:05 Image size of job updated: 774392
	317  -  MemoryUsage of job (MB)
	324076  -  ResidentSetSize of job (KB)
...
006 (454.914.000) 2022-04-08 11:41:07 Image size of job updated: 774648
	317  -  MemoryUsage of job (MB)
	324208  -  ResidentSetSize of job (KB)
...
006 (454.914.000) 2022-04-08 11:46:08 Image size of job updated: 774648
	317  -  MemoryUsage of job (MB)
	324340  -  ResidentSetSize of job (KB)
...
006 (454.914.000) 2022-04-08 11:51:08 Image size of job updated: 774904
	317  -  MemoryUsage of job (MB)
	324472  -  ResidentSetSize of job (KB)
...
006 (454.914.000) 2022-04-08 11:56:08 Image size of job updated: 775160
	318  -  MemoryUsage of job (MB)
	324736  -  ResidentSetSize of job (KB)
...
006 (454.914.000) 2022-04-08 12:01:09 Image size of job updated: 775160
	318  -  MemoryUsage of job (MB)
	324868  -  ResidentSetSize of job (KB)
...
006 (454.914.000) 2022-04-08 12:06:09 Image size of job updated: 775416
	318  -  MemoryUsage of job (MB)
	325000  -  ResidentSetSize of job (KB)
...
006 (454.914.000) 2022-04-08 12:11:09 Image size of job updated: 775672
	318  -  MemoryUsage of job (MB)
	325264  -  ResidentSetSize of job (KB)
...
006 (454.914.000) 2022-04-08 12:16:10 Image size of job updated: 775928
	318  -  MemoryUsage of job (MB)
	325396  -  ResidentSetSize of job (KB)
...
006 (454.914.000) 2022-04-08 12:21:11 Image size of job updated: 775928
	319  -  MemoryUsage of job (MB)
	325660  -  ResidentSetSize of job (KB)
...
006 (454.914.000) 2022-04-08 12:26:11 Image size of job updated: 776184
	319  -  MemoryUsage of job (MB)
	325792  -  ResidentSetSize of job (KB)
...
006 (454.914.000) 2022-04-08 12:31:12 Image size of job updated: 776440
	319  -  MemoryUsage of job (MB)
	326056  -  ResidentSetSize of job (KB)
...
006 (454.914.000) 2022-04-08 12:36:13 Image size of job updated: 776696
	319  -  MemoryUsage of job (MB)
	326188  -  ResidentSetSize of job (KB)
...
006 (454.914.000) 2022-04-08 12:41:13 Image size of job updated: 776696
	319  -  MemoryUsage of job (MB)
	326452  -  ResidentSetSize of job (KB)
...
006 (454.914.000) 2022-04-08 12:46:14 Image size of job updated: 776952
	319  -  MemoryUsage of job (MB)
	326584  -  ResidentSetSize of job (KB)
...
006 (454.914.000) 2022-04-08 12:56:15 Image size of job updated: 776952
	320  -  MemoryUsage of job (MB)
	326716  -  ResidentSetSize of job (KB)
...
006 (454.914.000) 2022-04-08 13:01:15 Image size of job updated: 777208
	320  -  MemoryUsage of job (MB)
	326848  -  ResidentSetSize of job (KB)
...
006 (454.914.000) 2022-04-08 13:06:16 Image size of job updated: 777464
	320  -  MemoryUsage of job (MB)
	326980  -  ResidentSetSize of job (KB)
...
006 (454.914.000) 2022-04-08 13:11:17 Image size of job updated: 777720
	320  -  MemoryUsage of job (MB)
	327244  -  ResidentSetSize of job (KB)
...
006 (454.914.000) 2022-04-08 13:16:17 Image size of job updated: 777720
	320  -  MemoryUsage of job (MB)
	327376  -  ResidentSetSize of job (KB)
...
006 (454.914.000) 2022-04-08 13:21:18 Image size of job updated: 777976
	320  -  MemoryUsage of job (MB)
	327508  -  ResidentSetSize of job (KB)
...
006 (454.914.000) 2022-04-08 13:26:19 Image size of job updated: 778232
	321  -  MemoryUsage of job (MB)
	327772  -  ResidentSetSize of job (KB)
...
006 (454.914.000) 2022-04-08 13:31:19 Image size of job updated: 778232
	321  -  MemoryUsage of job (MB)
	327904  -  ResidentSetSize of job (KB)
...
006 (454.914.000) 2022-04-08 13:36:19 Image size of job updated: 778488
	321  -  MemoryUsage of job (MB)
	328036  -  ResidentSetSize of job (KB)
...
006 (454.914.000) 2022-04-08 13:41:21 Image size of job updated: 778744
	321  -  MemoryUsage of job (MB)
	328300  -  ResidentSetSize of job (KB)
...
006 (454.914.000) 2022-04-08 13:46:21 Image size of job updated: 778744
	321  -  MemoryUsage of job (MB)
	328432  -  ResidentSetSize of job (KB)
...
006 (454.914.000) 2022-04-08 13:51:21 Image size of job updated: 779000
	321  -  MemoryUsage of job (MB)
	328564  -  ResidentSetSize of job (KB)
...
006 (454.914.000) 2022-04-08 13:56:22 Image size of job updated: 779000
	321  -  MemoryUsage of job (MB)
	328696  -  ResidentSetSize of job (KB)
...
006 (454.914.000) 2022-04-08 14:01:23 Image size of job updated: 779256
	322  -  MemoryUsage of job (MB)
	328828  -  ResidentSetSize of job (KB)
...
006 (454.914.000) 2022-04-08 14:06:23 Image size of job updated: 779512
	322  -  MemoryUsage of job (MB)
	329092  -  ResidentSetSize of job (KB)
...
006 (454.914.000) 2022-04-08 14:11:23 Image size of job updated: 779512
	322  -  MemoryUsage of job (MB)
	329224  -  ResidentSetSize of job (KB)
...
006 (454.914.000) 2022-04-08 14:14:12 Image size of job updated: 779768
	322  -  MemoryUsage of job (MB)
	329224  -  ResidentSetSize of job (KB)
...
005 (454.914.000) 2022-04-08 14:14:12 Job terminated.
	(1) Normal termination (return value 0)
		Usr 0 03:10:42, Sys 0 00:00:39  -  Run Remote Usage
		Usr 0 00:00:00, Sys 0 00:00:00  -  Run Local Usage
		Usr 0 03:10:42, Sys 0 00:00:39  -  Total Remote Usage
		Usr 0 00:00:00, Sys 0 00:00:00  -  Total Local Usage
	0  -  Run Bytes Sent By Job
	0  -  Run Bytes Received By Job
	0  -  Total Bytes Sent By Job
	0  -  Total Bytes Received By Job
	Partitionable Resources :    Usage  Request Allocated 
	   Cpus                 :     0.96        1         1 
	   Disk (KB)            :  7500        7500     10064 
	   Memory (MB)          :   322        1024      1024 

	Job terminated of its own accord at 2022-04-08T12:14:12Z with exit-code 0.
...
