000 (454.098.000) 2022-04-06 16:53:59 Job submitted from host: <10.18.24.243:9618?addrs=10.18.24.243-9618&alias=ecoclusts01.bioclust.biologie.ens.fr&noUDP&sock=schedd_1052_29b8>
...
001 (454.098.000) 2022-04-07 07:33:40 Job executing on host: <10.18.24.175:9618?addrs=10.18.24.175-9618&alias=mcbsclust04.bioclust.biologie.ens.fr&noUDP&sock=startd_869_a3e3>
...
006 (454.098.000) 2022-04-07 07:33:49 Image size of job updated: 95516
	94  -  MemoryUsage of job (MB)
	95516  -  ResidentSetSize of job (KB)
...
006 (454.098.000) 2022-04-07 07:38:50 Image size of job updated: 741620
	317  -  MemoryUsage of job (MB)
	323956  -  ResidentSetSize of job (KB)
...
006 (454.098.000) 2022-04-07 07:43:50 Image size of job updated: 741620
	317  -  MemoryUsage of job (MB)
	324000  -  ResidentSetSize of job (KB)
...
006 (454.098.000) 2022-04-07 07:48:51 Image size of job updated: 774388
	317  -  MemoryUsage of job (MB)
	324088  -  ResidentSetSize of job (KB)
...
006 (454.098.000) 2022-04-07 08:33:55 Image size of job updated: 774644
	317  -  MemoryUsage of job (MB)
	324088  -  ResidentSetSize of job (KB)
...
006 (454.098.000) 2022-04-07 08:38:55 Image size of job updated: 774644
	317  -  MemoryUsage of job (MB)
	324220  -  ResidentSetSize of job (KB)
...
006 (454.098.000) 2022-04-07 08:43:56 Image size of job updated: 774644
	317  -  MemoryUsage of job (MB)
	324352  -  ResidentSetSize of job (KB)
...
006 (454.098.000) 2022-04-07 08:48:56 Image size of job updated: 774900
	317  -  MemoryUsage of job (MB)
	324352  -  ResidentSetSize of job (KB)
...
006 (454.098.000) 2022-04-07 08:53:56 Image size of job updated: 774900
	317  -  MemoryUsage of job (MB)
	324484  -  ResidentSetSize of job (KB)
...
006 (454.098.000) 2022-04-07 09:03:58 Image size of job updated: 775156
	318  -  MemoryUsage of job (MB)
	324616  -  ResidentSetSize of job (KB)
...
006 (454.098.000) 2022-04-07 09:13:58 Image size of job updated: 775156
	318  -  MemoryUsage of job (MB)
	324748  -  ResidentSetSize of job (KB)
...
006 (454.098.000) 2022-04-07 09:18:59 Image size of job updated: 775412
	318  -  MemoryUsage of job (MB)
	324880  -  ResidentSetSize of job (KB)
...
006 (454.098.000) 2022-04-07 09:23:59 Image size of job updated: 775412
	318  -  MemoryUsage of job (MB)
	325012  -  ResidentSetSize of job (KB)
...
006 (454.098.000) 2022-04-07 09:28:59 Image size of job updated: 775412
	318  -  MemoryUsage of job (MB)
	325144  -  ResidentSetSize of job (KB)
...
006 (454.098.000) 2022-04-07 09:34:00 Image size of job updated: 775668
	318  -  MemoryUsage of job (MB)
	325276  -  ResidentSetSize of job (KB)
...
006 (454.098.000) 2022-04-07 09:44:01 Image size of job updated: 775924
	318  -  MemoryUsage of job (MB)
	325408  -  ResidentSetSize of job (KB)
...
006 (454.098.000) 2022-04-07 09:49:01 Image size of job updated: 775924
	318  -  MemoryUsage of job (MB)
	325540  -  ResidentSetSize of job (KB)
...
006 (454.098.000) 2022-04-07 09:54:02 Image size of job updated: 775924
	319  -  MemoryUsage of job (MB)
	325672  -  ResidentSetSize of job (KB)
...
006 (454.098.000) 2022-04-07 09:59:02 Image size of job updated: 776180
	319  -  MemoryUsage of job (MB)
	325672  -  ResidentSetSize of job (KB)
...
006 (454.098.000) 2022-04-07 10:04:02 Image size of job updated: 776180
	319  -  MemoryUsage of job (MB)
	325804  -  ResidentSetSize of job (KB)
...
006 (454.098.000) 2022-04-07 10:09:03 Image size of job updated: 776436
	319  -  MemoryUsage of job (MB)
	325936  -  ResidentSetSize of job (KB)
...
006 (454.098.000) 2022-04-07 10:14:04 Image size of job updated: 776436
	319  -  MemoryUsage of job (MB)
	326068  -  ResidentSetSize of job (KB)
...
006 (454.098.000) 2022-04-07 10:19:04 Image size of job updated: 776692
	319  -  MemoryUsage of job (MB)
	326200  -  ResidentSetSize of job (KB)
...
006 (454.098.000) 2022-04-07 10:24:05 Image size of job updated: 776692
	319  -  MemoryUsage of job (MB)
	326332  -  ResidentSetSize of job (KB)
...
006 (454.098.000) 2022-04-07 10:29:06 Image size of job updated: 776948
	319  -  MemoryUsage of job (MB)
	326464  -  ResidentSetSize of job (KB)
...
006 (454.098.000) 2022-04-07 10:34:06 Image size of job updated: 776948
	319  -  MemoryUsage of job (MB)
	326596  -  ResidentSetSize of job (KB)
...
006 (454.098.000) 2022-04-07 10:54:08 Image size of job updated: 777204
	320  -  MemoryUsage of job (MB)
	326720  -  ResidentSetSize of job (KB)
...
006 (454.098.000) 2022-04-07 10:59:09 Image size of job updated: 777204
	320  -  MemoryUsage of job (MB)
	326852  -  ResidentSetSize of job (KB)
...
006 (454.098.000) 2022-04-07 11:04:10 Image size of job updated: 777460
	320  -  MemoryUsage of job (MB)
	326984  -  ResidentSetSize of job (KB)
...
006 (454.098.000) 2022-04-07 11:09:10 Image size of job updated: 777460
	320  -  MemoryUsage of job (MB)
	327116  -  ResidentSetSize of job (KB)
...
006 (454.098.000) 2022-04-07 11:14:10 Image size of job updated: 777716
	320  -  MemoryUsage of job (MB)
	327248  -  ResidentSetSize of job (KB)
...
006 (454.098.000) 2022-04-07 11:24:12 Image size of job updated: 777716
	320  -  MemoryUsage of job (MB)
	327380  -  ResidentSetSize of job (KB)
...
006 (454.098.000) 2022-04-07 11:29:12 Image size of job updated: 777972
	320  -  MemoryUsage of job (MB)
	327512  -  ResidentSetSize of job (KB)
...
006 (454.098.000) 2022-04-07 11:34:13 Image size of job updated: 777972
	320  -  MemoryUsage of job (MB)
	327644  -  ResidentSetSize of job (KB)
...
006 (454.098.000) 2022-04-07 11:39:14 Image size of job updated: 778228
	321  -  MemoryUsage of job (MB)
	327776  -  ResidentSetSize of job (KB)
...
006 (454.098.000) 2022-04-07 11:44:14 Image size of job updated: 778228
	321  -  MemoryUsage of job (MB)
	327908  -  ResidentSetSize of job (KB)
...
006 (454.098.000) 2022-04-07 11:49:14 Image size of job updated: 778484
	321  -  MemoryUsage of job (MB)
	327908  -  ResidentSetSize of job (KB)
...
006 (454.098.000) 2022-04-07 11:54:15 Image size of job updated: 778484
	321  -  MemoryUsage of job (MB)
	328040  -  ResidentSetSize of job (KB)
...
006 (454.098.000) 2022-04-07 11:59:15 Image size of job updated: 778484
	321  -  MemoryUsage of job (MB)
	328172  -  ResidentSetSize of job (KB)
...
006 (454.098.000) 2022-04-07 12:04:15 Image size of job updated: 778740
	321  -  MemoryUsage of job (MB)
	328304  -  ResidentSetSize of job (KB)
...
006 (454.098.000) 2022-04-07 12:09:16 Image size of job updated: 778740
	321  -  MemoryUsage of job (MB)
	328436  -  ResidentSetSize of job (KB)
...
006 (454.098.000) 2022-04-07 12:14:17 Image size of job updated: 778996
	321  -  MemoryUsage of job (MB)
	328568  -  ResidentSetSize of job (KB)
...
006 (454.098.000) 2022-04-07 12:24:17 Image size of job updated: 779252
	321  -  MemoryUsage of job (MB)
	328700  -  ResidentSetSize of job (KB)
...
006 (454.098.000) 2022-04-07 12:29:18 Image size of job updated: 779252
	322  -  MemoryUsage of job (MB)
	328832  -  ResidentSetSize of job (KB)
...
006 (454.098.000) 2022-04-07 12:34:19 Image size of job updated: 779252
	322  -  MemoryUsage of job (MB)
	328964  -  ResidentSetSize of job (KB)
...
006 (454.098.000) 2022-04-07 12:39:19 Image size of job updated: 779508
	322  -  MemoryUsage of job (MB)
	329096  -  ResidentSetSize of job (KB)
...
006 (454.098.000) 2022-04-07 12:44:20 Image size of job updated: 779508
	322  -  MemoryUsage of job (MB)
	329228  -  ResidentSetSize of job (KB)
...
006 (454.098.000) 2022-04-07 12:48:37 Image size of job updated: 779764
	322  -  MemoryUsage of job (MB)
	329228  -  ResidentSetSize of job (KB)
...
005 (454.098.000) 2022-04-07 12:48:37 Job terminated.
	(1) Normal termination (return value 0)
		Usr 0 05:13:51, Sys 0 00:00:20  -  Run Remote Usage
		Usr 0 00:00:00, Sys 0 00:00:00  -  Run Local Usage
		Usr 0 05:13:51, Sys 0 00:00:20  -  Total Remote Usage
		Usr 0 00:00:00, Sys 0 00:00:00  -  Total Local Usage
	0  -  Run Bytes Sent By Job
	0  -  Run Bytes Received By Job
	0  -  Total Bytes Sent By Job
	0  -  Total Bytes Received By Job
	Partitionable Resources :    Usage  Request Allocated 
	   Cpus                 :     1.00        1         1 
	   Disk (KB)            :  7500        7500     10998 
	   Memory (MB)          :   322        1024      1024 

	Job terminated of its own accord at 2022-04-07T10:48:37Z with exit-code 0.
...
