000 (454.427.000) 2022-04-06 16:54:00 Job submitted from host: <10.18.24.243:9618?addrs=10.18.24.243-9618&alias=ecoclusts01.bioclust.biologie.ens.fr&noUDP&sock=schedd_1052_29b8>
...
001 (454.427.000) 2022-04-07 21:16:20 Job executing on host: <10.18.24.134:9618?addrs=10.18.24.134-9618&alias=dyoclust07.bioclust.biologie.ens.fr&noUDP&sock=startd_808_cc9c>
...
006 (454.427.000) 2022-04-07 21:16:29 Image size of job updated: 228712
	224  -  MemoryUsage of job (MB)
	228712  -  ResidentSetSize of job (KB)
...
006 (454.427.000) 2022-04-07 21:21:30 Image size of job updated: 741620
	317  -  MemoryUsage of job (MB)
	324084  -  ResidentSetSize of job (KB)
...
006 (454.427.000) 2022-04-07 21:26:30 Image size of job updated: 774388
	317  -  MemoryUsage of job (MB)
	324084  -  ResidentSetSize of job (KB)
...
006 (454.427.000) 2022-04-07 21:51:32 Image size of job updated: 774644
	317  -  MemoryUsage of job (MB)
	324172  -  ResidentSetSize of job (KB)
...
006 (454.427.000) 2022-04-07 21:56:33 Image size of job updated: 774900
	317  -  MemoryUsage of job (MB)
	324436  -  ResidentSetSize of job (KB)
...
006 (454.427.000) 2022-04-07 22:01:33 Image size of job updated: 774900
	317  -  MemoryUsage of job (MB)
	324568  -  ResidentSetSize of job (KB)
...
006 (454.427.000) 2022-04-07 22:06:34 Image size of job updated: 775156
	318  -  MemoryUsage of job (MB)
	324700  -  ResidentSetSize of job (KB)
...
006 (454.427.000) 2022-04-07 22:11:35 Image size of job updated: 775412
	318  -  MemoryUsage of job (MB)
	324964  -  ResidentSetSize of job (KB)
...
006 (454.427.000) 2022-04-07 22:16:35 Image size of job updated: 775412
	318  -  MemoryUsage of job (MB)
	325096  -  ResidentSetSize of job (KB)
...
006 (454.427.000) 2022-04-07 22:21:35 Image size of job updated: 775668
	318  -  MemoryUsage of job (MB)
	325360  -  ResidentSetSize of job (KB)
...
006 (454.427.000) 2022-04-07 22:26:36 Image size of job updated: 775924
	318  -  MemoryUsage of job (MB)
	325492  -  ResidentSetSize of job (KB)
...
006 (454.427.000) 2022-04-07 22:31:37 Image size of job updated: 776180
	319  -  MemoryUsage of job (MB)
	325756  -  ResidentSetSize of job (KB)
...
006 (454.427.000) 2022-04-07 22:36:37 Image size of job updated: 776436
	319  -  MemoryUsage of job (MB)
	325888  -  ResidentSetSize of job (KB)
...
006 (454.427.000) 2022-04-07 22:41:38 Image size of job updated: 776692
	319  -  MemoryUsage of job (MB)
	326152  -  ResidentSetSize of job (KB)
...
006 (454.427.000) 2022-04-07 22:46:39 Image size of job updated: 776692
	319  -  MemoryUsage of job (MB)
	326416  -  ResidentSetSize of job (KB)
...
006 (454.427.000) 2022-04-07 22:51:39 Image size of job updated: 776948
	319  -  MemoryUsage of job (MB)
	326548  -  ResidentSetSize of job (KB)
...
006 (454.427.000) 2022-04-07 23:01:40 Image size of job updated: 777204
	320  -  MemoryUsage of job (MB)
	326680  -  ResidentSetSize of job (KB)
...
006 (454.427.000) 2022-04-07 23:06:41 Image size of job updated: 777204
	320  -  MemoryUsage of job (MB)
	326812  -  ResidentSetSize of job (KB)
...
006 (454.427.000) 2022-04-07 23:11:41 Image size of job updated: 777460
	320  -  MemoryUsage of job (MB)
	327076  -  ResidentSetSize of job (KB)
...
006 (454.427.000) 2022-04-07 23:16:41 Image size of job updated: 777716
	320  -  MemoryUsage of job (MB)
	327208  -  ResidentSetSize of job (KB)
...
006 (454.427.000) 2022-04-07 23:21:42 Image size of job updated: 777972
	320  -  MemoryUsage of job (MB)
	327472  -  ResidentSetSize of job (KB)
...
006 (454.427.000) 2022-04-07 23:26:43 Image size of job updated: 777972
	321  -  MemoryUsage of job (MB)
	327736  -  ResidentSetSize of job (KB)
...
006 (454.427.000) 2022-04-07 23:31:43 Image size of job updated: 778228
	321  -  MemoryUsage of job (MB)
	327868  -  ResidentSetSize of job (KB)
...
006 (454.427.000) 2022-04-07 23:36:43 Image size of job updated: 778484
	321  -  MemoryUsage of job (MB)
	328000  -  ResidentSetSize of job (KB)
...
006 (454.427.000) 2022-04-07 23:41:44 Image size of job updated: 778740
	321  -  MemoryUsage of job (MB)
	328264  -  ResidentSetSize of job (KB)
...
006 (454.427.000) 2022-04-07 23:46:45 Image size of job updated: 778740
	321  -  MemoryUsage of job (MB)
	328396  -  ResidentSetSize of job (KB)
...
006 (454.427.000) 2022-04-07 23:51:45 Image size of job updated: 778996
	321  -  MemoryUsage of job (MB)
	328660  -  ResidentSetSize of job (KB)
...
006 (454.427.000) 2022-04-07 23:56:45 Image size of job updated: 779252
	322  -  MemoryUsage of job (MB)
	328792  -  ResidentSetSize of job (KB)
...
006 (454.427.000) 2022-04-08 00:01:45 Image size of job updated: 779508
	322  -  MemoryUsage of job (MB)
	329056  -  ResidentSetSize of job (KB)
...
006 (454.427.000) 2022-04-08 00:06:46 Image size of job updated: 779508
	322  -  MemoryUsage of job (MB)
	329188  -  ResidentSetSize of job (KB)
...
006 (454.427.000) 2022-04-08 00:07:42 Image size of job updated: 779764
	322  -  MemoryUsage of job (MB)
	329188  -  ResidentSetSize of job (KB)
...
005 (454.427.000) 2022-04-08 00:07:42 Job terminated.
	(1) Normal termination (return value 0)
		Usr 0 02:50:44, Sys 0 00:00:22  -  Run Remote Usage
		Usr 0 00:00:00, Sys 0 00:00:00  -  Run Local Usage
		Usr 0 02:50:44, Sys 0 00:00:22  -  Total Remote Usage
		Usr 0 00:00:00, Sys 0 00:00:00  -  Total Local Usage
	0  -  Run Bytes Sent By Job
	0  -  Run Bytes Received By Job
	0  -  Total Bytes Sent By Job
	0  -  Total Bytes Received By Job
	Partitionable Resources :    Usage  Request Allocated 
	   Cpus                 :     1.00        1         1 
	   Disk (KB)            :  7500        7500     10998 
	   Memory (MB)          :   322        1024      1024 

	Job terminated of its own accord at 2022-04-07T22:07:42Z with exit-code 0.
...
