000 (454.502.000) 2022-04-06 16:54:01 Job submitted from host: <10.18.24.243:9618?addrs=10.18.24.243-9618&alias=ecoclusts01.bioclust.biologie.ens.fr&noUDP&sock=schedd_1052_29b8>
...
001 (454.502.000) 2022-04-07 23:42:58 Job executing on host: <10.18.24.138:9618?addrs=10.18.24.138-9618&alias=dyoclust11.bioclust.biologie.ens.fr&noUDP&sock=startd_801_ff73>
...
006 (454.502.000) 2022-04-07 23:43:07 Image size of job updated: 197184
	193  -  MemoryUsage of job (MB)
	197184  -  ResidentSetSize of job (KB)
...
006 (454.502.000) 2022-04-07 23:48:08 Image size of job updated: 741620
	301  -  MemoryUsage of job (MB)
	308080  -  ResidentSetSize of job (KB)
...
006 (454.502.000) 2022-04-07 23:53:08 Image size of job updated: 774388
	317  -  MemoryUsage of job (MB)
	324132  -  ResidentSetSize of job (KB)
...
006 (454.502.000) 2022-04-08 00:18:11 Image size of job updated: 774644
	317  -  MemoryUsage of job (MB)
	324132  -  ResidentSetSize of job (KB)
...
006 (454.502.000) 2022-04-08 00:23:12 Image size of job updated: 774900
	317  -  MemoryUsage of job (MB)
	324396  -  ResidentSetSize of job (KB)
...
006 (454.502.000) 2022-04-08 00:28:12 Image size of job updated: 774900
	317  -  MemoryUsage of job (MB)
	324528  -  ResidentSetSize of job (KB)
...
006 (454.502.000) 2022-04-08 00:33:12 Image size of job updated: 775156
	318  -  MemoryUsage of job (MB)
	324660  -  ResidentSetSize of job (KB)
...
006 (454.502.000) 2022-04-08 00:38:12 Image size of job updated: 775412
	318  -  MemoryUsage of job (MB)
	324924  -  ResidentSetSize of job (KB)
...
006 (454.502.000) 2022-04-08 00:43:12 Image size of job updated: 775412
	318  -  MemoryUsage of job (MB)
	325056  -  ResidentSetSize of job (KB)
...
006 (454.502.000) 2022-04-08 00:48:13 Image size of job updated: 775668
	318  -  MemoryUsage of job (MB)
	325188  -  ResidentSetSize of job (KB)
...
006 (454.502.000) 2022-04-08 00:53:14 Image size of job updated: 775924
	318  -  MemoryUsage of job (MB)
	325320  -  ResidentSetSize of job (KB)
...
006 (454.502.000) 2022-04-08 00:58:15 Image size of job updated: 775924
	318  -  MemoryUsage of job (MB)
	325584  -  ResidentSetSize of job (KB)
...
006 (454.502.000) 2022-04-08 01:03:15 Image size of job updated: 776180
	319  -  MemoryUsage of job (MB)
	325716  -  ResidentSetSize of job (KB)
...
006 (454.502.000) 2022-04-08 01:08:15 Image size of job updated: 776436
	319  -  MemoryUsage of job (MB)
	325980  -  ResidentSetSize of job (KB)
...
006 (454.502.000) 2022-04-08 01:13:16 Image size of job updated: 776692
	319  -  MemoryUsage of job (MB)
	326112  -  ResidentSetSize of job (KB)
...
006 (454.502.000) 2022-04-08 01:18:16 Image size of job updated: 776692
	319  -  MemoryUsage of job (MB)
	326376  -  ResidentSetSize of job (KB)
...
006 (454.502.000) 2022-04-08 01:23:16 Image size of job updated: 776948
	319  -  MemoryUsage of job (MB)
	326640  -  ResidentSetSize of job (KB)
...
006 (454.502.000) 2022-04-08 01:38:18 Image size of job updated: 777204
	320  -  MemoryUsage of job (MB)
	326844  -  ResidentSetSize of job (KB)
...
006 (454.502.000) 2022-04-08 01:43:18 Image size of job updated: 777460
	320  -  MemoryUsage of job (MB)
	326976  -  ResidentSetSize of job (KB)
...
006 (454.502.000) 2022-04-08 01:48:19 Image size of job updated: 777460
	320  -  MemoryUsage of job (MB)
	327108  -  ResidentSetSize of job (KB)
...
006 (454.502.000) 2022-04-08 01:53:19 Image size of job updated: 777716
	320  -  MemoryUsage of job (MB)
	327372  -  ResidentSetSize of job (KB)
...
006 (454.502.000) 2022-04-08 01:58:19 Image size of job updated: 777972
	320  -  MemoryUsage of job (MB)
	327504  -  ResidentSetSize of job (KB)
...
006 (454.502.000) 2022-04-08 02:03:20 Image size of job updated: 778228
	321  -  MemoryUsage of job (MB)
	327768  -  ResidentSetSize of job (KB)
...
006 (454.502.000) 2022-04-08 02:08:21 Image size of job updated: 778228
	321  -  MemoryUsage of job (MB)
	327900  -  ResidentSetSize of job (KB)
...
006 (454.502.000) 2022-04-08 02:13:21 Image size of job updated: 778484
	321  -  MemoryUsage of job (MB)
	328164  -  ResidentSetSize of job (KB)
...
006 (454.502.000) 2022-04-08 02:18:22 Image size of job updated: 778740
	321  -  MemoryUsage of job (MB)
	328296  -  ResidentSetSize of job (KB)
...
006 (454.502.000) 2022-04-08 02:23:23 Image size of job updated: 778996
	321  -  MemoryUsage of job (MB)
	328428  -  ResidentSetSize of job (KB)
...
006 (454.502.000) 2022-04-08 02:28:23 Image size of job updated: 778996
	321  -  MemoryUsage of job (MB)
	328692  -  ResidentSetSize of job (KB)
...
006 (454.502.000) 2022-04-08 02:33:23 Image size of job updated: 779252
	322  -  MemoryUsage of job (MB)
	328824  -  ResidentSetSize of job (KB)
...
006 (454.502.000) 2022-04-08 02:38:24 Image size of job updated: 779508
	322  -  MemoryUsage of job (MB)
	328956  -  ResidentSetSize of job (KB)
...
006 (454.502.000) 2022-04-08 02:43:25 Image size of job updated: 779508
	322  -  MemoryUsage of job (MB)
	329220  -  ResidentSetSize of job (KB)
...
006 (454.502.000) 2022-04-08 02:46:02 Image size of job updated: 779764
	322  -  MemoryUsage of job (MB)
	329220  -  ResidentSetSize of job (KB)
...
005 (454.502.000) 2022-04-08 02:46:02 Job terminated.
	(1) Normal termination (return value 0)
		Usr 0 03:00:55, Sys 0 00:00:26  -  Run Remote Usage
		Usr 0 00:00:00, Sys 0 00:00:00  -  Run Local Usage
		Usr 0 03:00:55, Sys 0 00:00:26  -  Total Remote Usage
		Usr 0 00:00:00, Sys 0 00:00:00  -  Total Local Usage
	0  -  Run Bytes Sent By Job
	0  -  Run Bytes Received By Job
	0  -  Total Bytes Sent By Job
	0  -  Total Bytes Received By Job
	Partitionable Resources :    Usage  Request Allocated 
	   Cpus                 :     1.00        1         1 
	   Disk (KB)            :  7500        7500     10998 
	   Memory (MB)          :   322        1024      1024 

	Job terminated of its own accord at 2022-04-08T00:46:02Z with exit-code 0.
...
