000 (454.013.000) 2022-04-06 16:53:59 Job submitted from host: <10.18.24.243:9618?addrs=10.18.24.243-9618&alias=ecoclusts01.bioclust.biologie.ens.fr&noUDP&sock=schedd_1052_29b8>
...
001 (454.013.000) 2022-04-07 01:44:28 Job executing on host: <10.18.24.99:9618?addrs=10.18.24.99-9618&alias=ecoclust04.bioclust.biologie.ens.fr&noUDP&sock=startd_1045_5c8e>
...
006 (454.013.000) 2022-04-07 01:44:37 Image size of job updated: 121140
	52  -  MemoryUsage of job (MB)
	52716  -  ResidentSetSize of job (KB)
...
006 (454.013.000) 2022-04-07 01:49:37 Image size of job updated: 741876
	317  -  MemoryUsage of job (MB)
	324364  -  ResidentSetSize of job (KB)
...
006 (454.013.000) 2022-04-07 02:09:40 Image size of job updated: 774644
	317  -  MemoryUsage of job (MB)
	324364  -  ResidentSetSize of job (KB)
...
006 (454.013.000) 2022-04-07 04:04:51 Image size of job updated: 774900
	317  -  MemoryUsage of job (MB)
	324364  -  ResidentSetSize of job (KB)
...
006 (454.013.000) 2022-04-07 04:09:51 Image size of job updated: 774900
	317  -  MemoryUsage of job (MB)
	324452  -  ResidentSetSize of job (KB)
...
006 (454.013.000) 2022-04-07 04:19:52 Image size of job updated: 774900
	317  -  MemoryUsage of job (MB)
	324584  -  ResidentSetSize of job (KB)
...
006 (454.013.000) 2022-04-07 04:29:53 Image size of job updated: 775156
	317  -  MemoryUsage of job (MB)
	324584  -  ResidentSetSize of job (KB)
...
006 (454.013.000) 2022-04-07 04:34:53 Image size of job updated: 775156
	318  -  MemoryUsage of job (MB)
	324716  -  ResidentSetSize of job (KB)
...
006 (454.013.000) 2022-04-07 04:49:54 Image size of job updated: 775156
	318  -  MemoryUsage of job (MB)
	324848  -  ResidentSetSize of job (KB)
...
006 (454.013.000) 2022-04-07 04:54:54 Image size of job updated: 775412
	318  -  MemoryUsage of job (MB)
	324848  -  ResidentSetSize of job (KB)
...
006 (454.013.000) 2022-04-07 04:59:56 Image size of job updated: 775412
	318  -  MemoryUsage of job (MB)
	324980  -  ResidentSetSize of job (KB)
...
006 (454.013.000) 2022-04-07 05:09:56 Image size of job updated: 775412
	318  -  MemoryUsage of job (MB)
	325112  -  ResidentSetSize of job (KB)
...
006 (454.013.000) 2022-04-07 05:19:58 Image size of job updated: 775668
	318  -  MemoryUsage of job (MB)
	325112  -  ResidentSetSize of job (KB)
...
006 (454.013.000) 2022-04-07 05:24:58 Image size of job updated: 775668
	318  -  MemoryUsage of job (MB)
	325244  -  ResidentSetSize of job (KB)
...
006 (454.013.000) 2022-04-07 05:35:00 Image size of job updated: 775668
	318  -  MemoryUsage of job (MB)
	325376  -  ResidentSetSize of job (KB)
...
006 (454.013.000) 2022-04-07 05:45:01 Image size of job updated: 775924
	318  -  MemoryUsage of job (MB)
	325508  -  ResidentSetSize of job (KB)
...
006 (454.013.000) 2022-04-07 06:00:02 Image size of job updated: 775924
	319  -  MemoryUsage of job (MB)
	325640  -  ResidentSetSize of job (KB)
...
006 (454.013.000) 2022-04-07 06:05:03 Image size of job updated: 776180
	319  -  MemoryUsage of job (MB)
	325640  -  ResidentSetSize of job (KB)
...
006 (454.013.000) 2022-04-07 06:15:03 Image size of job updated: 776180
	319  -  MemoryUsage of job (MB)
	325772  -  ResidentSetSize of job (KB)
...
006 (454.013.000) 2022-04-07 06:25:05 Image size of job updated: 776180
	319  -  MemoryUsage of job (MB)
	325904  -  ResidentSetSize of job (KB)
...
006 (454.013.000) 2022-04-07 06:30:05 Image size of job updated: 776436
	319  -  MemoryUsage of job (MB)
	325904  -  ResidentSetSize of job (KB)
...
006 (454.013.000) 2022-04-07 06:35:06 Image size of job updated: 776436
	319  -  MemoryUsage of job (MB)
	326036  -  ResidentSetSize of job (KB)
...
006 (454.013.000) 2022-04-07 06:45:07 Image size of job updated: 776436
	319  -  MemoryUsage of job (MB)
	326168  -  ResidentSetSize of job (KB)
...
006 (454.013.000) 2022-04-07 06:50:08 Image size of job updated: 776692
	319  -  MemoryUsage of job (MB)
	326168  -  ResidentSetSize of job (KB)
...
006 (454.013.000) 2022-04-07 07:05:09 Image size of job updated: 776692
	319  -  MemoryUsage of job (MB)
	326300  -  ResidentSetSize of job (KB)
...
006 (454.013.000) 2022-04-07 07:10:11 Image size of job updated: 776692
	319  -  MemoryUsage of job (MB)
	326432  -  ResidentSetSize of job (KB)
...
006 (454.013.000) 2022-04-07 07:15:11 Image size of job updated: 776948
	319  -  MemoryUsage of job (MB)
	326432  -  ResidentSetSize of job (KB)
...
006 (454.013.000) 2022-04-07 07:25:13 Image size of job updated: 776948
	319  -  MemoryUsage of job (MB)
	326564  -  ResidentSetSize of job (KB)
...
006 (454.013.000) 2022-04-07 08:05:17 Image size of job updated: 776948
	320  -  MemoryUsage of job (MB)
	326696  -  ResidentSetSize of job (KB)
...
006 (454.013.000) 2022-04-07 08:10:17 Image size of job updated: 777204
	320  -  MemoryUsage of job (MB)
	326696  -  ResidentSetSize of job (KB)
...
006 (454.013.000) 2022-04-07 08:20:18 Image size of job updated: 777204
	320  -  MemoryUsage of job (MB)
	326828  -  ResidentSetSize of job (KB)
...
006 (454.013.000) 2022-04-07 08:30:19 Image size of job updated: 777204
	320  -  MemoryUsage of job (MB)
	326960  -  ResidentSetSize of job (KB)
...
006 (454.013.000) 2022-04-07 08:35:20 Image size of job updated: 777460
	320  -  MemoryUsage of job (MB)
	326960  -  ResidentSetSize of job (KB)
...
006 (454.013.000) 2022-04-07 08:45:21 Image size of job updated: 777460
	320  -  MemoryUsage of job (MB)
	327092  -  ResidentSetSize of job (KB)
...
006 (454.013.000) 2022-04-07 09:00:23 Image size of job updated: 777716
	320  -  MemoryUsage of job (MB)
	327224  -  ResidentSetSize of job (KB)
...
006 (454.013.000) 2022-04-07 09:10:24 Image size of job updated: 777716
	320  -  MemoryUsage of job (MB)
	327356  -  ResidentSetSize of job (KB)
...
006 (454.013.000) 2022-04-07 09:25:26 Image size of job updated: 777972
	320  -  MemoryUsage of job (MB)
	327488  -  ResidentSetSize of job (KB)
...
006 (454.013.000) 2022-04-07 09:35:27 Image size of job updated: 777972
	320  -  MemoryUsage of job (MB)
	327620  -  ResidentSetSize of job (KB)
...
006 (454.013.000) 2022-04-07 09:45:27 Image size of job updated: 778228
	321  -  MemoryUsage of job (MB)
	327752  -  ResidentSetSize of job (KB)
...
006 (454.013.000) 2022-04-07 10:00:28 Image size of job updated: 778228
	321  -  MemoryUsage of job (MB)
	327884  -  ResidentSetSize of job (KB)
...
006 (454.013.000) 2022-04-07 10:10:30 Image size of job updated: 778484
	321  -  MemoryUsage of job (MB)
	328016  -  ResidentSetSize of job (KB)
...
006 (454.013.000) 2022-04-07 10:20:31 Image size of job updated: 778484
	321  -  MemoryUsage of job (MB)
	328148  -  ResidentSetSize of job (KB)
...
006 (454.013.000) 2022-04-07 10:30:32 Image size of job updated: 778740
	321  -  MemoryUsage of job (MB)
	328280  -  ResidentSetSize of job (KB)
...
006 (454.013.000) 2022-04-07 10:45:33 Image size of job updated: 778740
	321  -  MemoryUsage of job (MB)
	328412  -  ResidentSetSize of job (KB)
...
006 (454.013.000) 2022-04-07 10:55:34 Image size of job updated: 778996
	321  -  MemoryUsage of job (MB)
	328544  -  ResidentSetSize of job (KB)
...
006 (454.013.000) 2022-04-07 11:05:34 Image size of job updated: 778996
	321  -  MemoryUsage of job (MB)
	328676  -  ResidentSetSize of job (KB)
...
006 (454.013.000) 2022-04-07 11:15:36 Image size of job updated: 779252
	321  -  MemoryUsage of job (MB)
	328676  -  ResidentSetSize of job (KB)
...
006 (454.013.000) 2022-04-07 11:20:36 Image size of job updated: 779252
	322  -  MemoryUsage of job (MB)
	328808  -  ResidentSetSize of job (KB)
...
006 (454.013.000) 2022-04-07 11:30:38 Image size of job updated: 779252
	322  -  MemoryUsage of job (MB)
	328940  -  ResidentSetSize of job (KB)
...
006 (454.013.000) 2022-04-07 11:40:39 Image size of job updated: 779508
	322  -  MemoryUsage of job (MB)
	329072  -  ResidentSetSize of job (KB)
...
006 (454.013.000) 2022-04-07 11:55:40 Image size of job updated: 779508
	322  -  MemoryUsage of job (MB)
	329204  -  ResidentSetSize of job (KB)
...
006 (454.013.000) 2022-04-07 12:00:41 Image size of job updated: 779764
	322  -  MemoryUsage of job (MB)
	329204  -  ResidentSetSize of job (KB)
...
005 (454.013.000) 2022-04-07 12:02:41 Job terminated.
	(1) Normal termination (return value 0)
		Usr 0 10:15:13, Sys 0 00:01:41  -  Run Remote Usage
		Usr 0 00:00:00, Sys 0 00:00:00  -  Run Local Usage
		Usr 0 10:15:13, Sys 0 00:01:41  -  Total Remote Usage
		Usr 0 00:00:00, Sys 0 00:00:00  -  Total Local Usage
	0  -  Run Bytes Sent By Job
	0  -  Run Bytes Received By Job
	0  -  Total Bytes Sent By Job
	0  -  Total Bytes Received By Job
	Partitionable Resources :    Usage  Request Allocated 
	   Cpus                 :     1.00        1         1 
	   Disk (KB)            :  7500        7500     10998 
	   Memory (MB)          :   322        1024      1024 

	Job terminated of its own accord at 2022-04-07T10:02:41Z with exit-code 0.
...
