000 (454.967.000) 2022-04-06 16:54:03 Job submitted from host: <10.18.24.243:9618?addrs=10.18.24.243-9618&alias=ecoclusts01.bioclust.biologie.ens.fr&noUDP&sock=schedd_1052_29b8>
...
001 (454.967.000) 2022-04-08 12:18:20 Job executing on host: <10.18.24.131:9618?addrs=10.18.24.131-9618&alias=dyoclust04.bioclust.biologie.ens.fr&noUDP&sock=startd_807_1d04>
...
006 (454.967.000) 2022-04-08 12:18:29 Image size of job updated: 125940
	87  -  MemoryUsage of job (MB)
	88412  -  ResidentSetSize of job (KB)
...
006 (454.967.000) 2022-04-08 12:23:29 Image size of job updated: 874548
	317  -  MemoryUsage of job (MB)
	324128  -  ResidentSetSize of job (KB)
...
006 (454.967.000) 2022-04-08 12:28:30 Image size of job updated: 874548
	317  -  MemoryUsage of job (MB)
	324152  -  ResidentSetSize of job (KB)
...
006 (454.967.000) 2022-04-08 12:58:33 Image size of job updated: 874548
	317  -  MemoryUsage of job (MB)
	324416  -  ResidentSetSize of job (KB)
...
006 (454.967.000) 2022-04-08 13:03:34 Image size of job updated: 874548
	317  -  MemoryUsage of job (MB)
	324548  -  ResidentSetSize of job (KB)
...
006 (454.967.000) 2022-04-08 13:08:35 Image size of job updated: 874548
	318  -  MemoryUsage of job (MB)
	324680  -  ResidentSetSize of job (KB)
...
006 (454.967.000) 2022-04-08 13:13:35 Image size of job updated: 874548
	318  -  MemoryUsage of job (MB)
	324812  -  ResidentSetSize of job (KB)
...
006 (454.967.000) 2022-04-08 13:18:35 Image size of job updated: 874548
	318  -  MemoryUsage of job (MB)
	325076  -  ResidentSetSize of job (KB)
...
006 (454.967.000) 2022-04-08 13:23:37 Image size of job updated: 874548
	318  -  MemoryUsage of job (MB)
	325340  -  ResidentSetSize of job (KB)
...
006 (454.967.000) 2022-04-08 13:28:37 Image size of job updated: 874548
	318  -  MemoryUsage of job (MB)
	325472  -  ResidentSetSize of job (KB)
...
006 (454.967.000) 2022-04-08 13:33:37 Image size of job updated: 874548
	319  -  MemoryUsage of job (MB)
	325736  -  ResidentSetSize of job (KB)
...
006 (454.967.000) 2022-04-08 13:38:38 Image size of job updated: 874548
	319  -  MemoryUsage of job (MB)
	326000  -  ResidentSetSize of job (KB)
...
006 (454.967.000) 2022-04-08 13:43:39 Image size of job updated: 874548
	319  -  MemoryUsage of job (MB)
	326132  -  ResidentSetSize of job (KB)
...
006 (454.967.000) 2022-04-08 13:48:39 Image size of job updated: 874548
	319  -  MemoryUsage of job (MB)
	326396  -  ResidentSetSize of job (KB)
...
006 (454.967.000) 2022-04-08 13:53:39 Image size of job updated: 874548
	319  -  MemoryUsage of job (MB)
	326488  -  ResidentSetSize of job (KB)
...
006 (454.967.000) 2022-04-08 14:03:41 Image size of job updated: 874548
	320  -  MemoryUsage of job (MB)
	326752  -  ResidentSetSize of job (KB)
...
006 (454.967.000) 2022-04-08 14:08:41 Image size of job updated: 874548
	320  -  MemoryUsage of job (MB)
	326884  -  ResidentSetSize of job (KB)
...
006 (454.967.000) 2022-04-08 14:13:42 Image size of job updated: 874548
	320  -  MemoryUsage of job (MB)
	327148  -  ResidentSetSize of job (KB)
...
006 (454.967.000) 2022-04-08 14:18:43 Image size of job updated: 874548
	320  -  MemoryUsage of job (MB)
	327280  -  ResidentSetSize of job (KB)
...
006 (454.967.000) 2022-04-08 14:23:43 Image size of job updated: 874548
	320  -  MemoryUsage of job (MB)
	327544  -  ResidentSetSize of job (KB)
...
006 (454.967.000) 2022-04-08 14:28:43 Image size of job updated: 874548
	320  -  MemoryUsage of job (MB)
	327676  -  ResidentSetSize of job (KB)
...
006 (454.967.000) 2022-04-08 14:33:44 Image size of job updated: 874548
	321  -  MemoryUsage of job (MB)
	327940  -  ResidentSetSize of job (KB)
...
006 (454.967.000) 2022-04-08 14:38:44 Image size of job updated: 874548
	321  -  MemoryUsage of job (MB)
	328072  -  ResidentSetSize of job (KB)
...
006 (454.967.000) 2022-04-08 14:43:44 Image size of job updated: 874548
	321  -  MemoryUsage of job (MB)
	328336  -  ResidentSetSize of job (KB)
...
006 (454.967.000) 2022-04-08 14:48:45 Image size of job updated: 874548
	321  -  MemoryUsage of job (MB)
	328468  -  ResidentSetSize of job (KB)
...
006 (454.967.000) 2022-04-08 14:53:46 Image size of job updated: 874548
	322  -  MemoryUsage of job (MB)
	328732  -  ResidentSetSize of job (KB)
...
006 (454.967.000) 2022-04-08 14:58:46 Image size of job updated: 874548
	322  -  MemoryUsage of job (MB)
	328864  -  ResidentSetSize of job (KB)
...
006 (454.967.000) 2022-04-08 15:03:46 Image size of job updated: 874548
	322  -  MemoryUsage of job (MB)
	329128  -  ResidentSetSize of job (KB)
...
006 (454.967.000) 2022-04-08 15:08:47 Image size of job updated: 874548
	322  -  MemoryUsage of job (MB)
	329260  -  ResidentSetSize of job (KB)
...
005 (454.967.000) 2022-04-08 15:08:51 Job terminated.
	(1) Normal termination (return value 0)
		Usr 0 02:49:38, Sys 0 00:00:30  -  Run Remote Usage
		Usr 0 00:00:00, Sys 0 00:00:00  -  Run Local Usage
		Usr 0 02:49:38, Sys 0 00:00:30  -  Total Remote Usage
		Usr 0 00:00:00, Sys 0 00:00:00  -  Total Local Usage
	0  -  Run Bytes Sent By Job
	0  -  Run Bytes Received By Job
	0  -  Total Bytes Sent By Job
	0  -  Total Bytes Received By Job
	Partitionable Resources :    Usage  Request Allocated 
	   Cpus                 :     1.00        1         1 
	   Disk (KB)            :  7500        7500     10998 
	   Memory (MB)          :   322        1024      1024 

	Job terminated of its own accord at 2022-04-08T13:08:51Z with exit-code 0.
...
