000 (454.798.000) 2022-04-06 16:54:02 Job submitted from host: <10.18.24.243:9618?addrs=10.18.24.243-9618&alias=ecoclusts01.bioclust.biologie.ens.fr&noUDP&sock=schedd_1052_29b8>
...
001 (454.798.000) 2022-04-08 07:53:29 Job executing on host: <10.18.24.178:9618?addrs=10.18.24.178-9618&alias=mcbsclust07.bioclust.biologie.ens.fr&noUDP&sock=startd_912_2276>
...
006 (454.798.000) 2022-04-08 07:53:37 Image size of job updated: 327856
	321  -  MemoryUsage of job (MB)
	327856  -  ResidentSetSize of job (KB)
...
006 (454.798.000) 2022-04-08 07:58:37 Image size of job updated: 741620
	321  -  MemoryUsage of job (MB)
	327988  -  ResidentSetSize of job (KB)
...
006 (454.798.000) 2022-04-08 08:03:38 Image size of job updated: 774388
	321  -  MemoryUsage of job (MB)
	327988  -  ResidentSetSize of job (KB)
...
006 (454.798.000) 2022-04-08 09:18:45 Image size of job updated: 774644
	321  -  MemoryUsage of job (MB)
	327988  -  ResidentSetSize of job (KB)
...
006 (454.798.000) 2022-04-08 09:28:45 Image size of job updated: 774900
	321  -  MemoryUsage of job (MB)
	327988  -  ResidentSetSize of job (KB)
...
006 (454.798.000) 2022-04-08 09:38:46 Image size of job updated: 775156
	321  -  MemoryUsage of job (MB)
	327988  -  ResidentSetSize of job (KB)
...
006 (454.798.000) 2022-04-08 09:48:47 Image size of job updated: 775412
	321  -  MemoryUsage of job (MB)
	327988  -  ResidentSetSize of job (KB)
...
006 (454.798.000) 2022-04-08 10:03:48 Image size of job updated: 775668
	321  -  MemoryUsage of job (MB)
	327988  -  ResidentSetSize of job (KB)
...
006 (454.798.000) 2022-04-08 10:13:49 Image size of job updated: 775924
	321  -  MemoryUsage of job (MB)
	327988  -  ResidentSetSize of job (KB)
...
006 (454.798.000) 2022-04-08 10:23:50 Image size of job updated: 776180
	321  -  MemoryUsage of job (MB)
	327988  -  ResidentSetSize of job (KB)
...
006 (454.798.000) 2022-04-08 10:33:51 Image size of job updated: 776436
	321  -  MemoryUsage of job (MB)
	327988  -  ResidentSetSize of job (KB)
...
006 (454.798.000) 2022-04-08 10:43:52 Image size of job updated: 776692
	321  -  MemoryUsage of job (MB)
	327988  -  ResidentSetSize of job (KB)
...
006 (454.798.000) 2022-04-08 10:53:52 Image size of job updated: 776948
	321  -  MemoryUsage of job (MB)
	327988  -  ResidentSetSize of job (KB)
...
006 (454.798.000) 2022-04-08 11:18:55 Image size of job updated: 777204
	321  -  MemoryUsage of job (MB)
	327988  -  ResidentSetSize of job (KB)
...
006 (454.798.000) 2022-04-08 11:28:55 Image size of job updated: 777460
	321  -  MemoryUsage of job (MB)
	327988  -  ResidentSetSize of job (KB)
...
006 (454.798.000) 2022-04-08 11:43:57 Image size of job updated: 777716
	321  -  MemoryUsage of job (MB)
	327988  -  ResidentSetSize of job (KB)
...
006 (454.798.000) 2022-04-08 11:53:58 Image size of job updated: 777972
	321  -  MemoryUsage of job (MB)
	327988  -  ResidentSetSize of job (KB)
...
006 (454.798.000) 2022-04-08 12:03:58 Image size of job updated: 778228
	321  -  MemoryUsage of job (MB)
	327988  -  ResidentSetSize of job (KB)
...
006 (454.798.000) 2022-04-08 12:19:00 Image size of job updated: 778484
	321  -  MemoryUsage of job (MB)
	328040  -  ResidentSetSize of job (KB)
...
006 (454.798.000) 2022-04-08 12:24:01 Image size of job updated: 778484
	321  -  MemoryUsage of job (MB)
	328172  -  ResidentSetSize of job (KB)
...
006 (454.798.000) 2022-04-08 12:29:02 Image size of job updated: 778740
	321  -  MemoryUsage of job (MB)
	328304  -  ResidentSetSize of job (KB)
...
006 (454.798.000) 2022-04-08 12:34:02 Image size of job updated: 778740
	321  -  MemoryUsage of job (MB)
	328436  -  ResidentSetSize of job (KB)
...
006 (454.798.000) 2022-04-08 12:39:02 Image size of job updated: 778740
	321  -  MemoryUsage of job (MB)
	328568  -  ResidentSetSize of job (KB)
...
006 (454.798.000) 2022-04-08 12:44:03 Image size of job updated: 778996
	321  -  MemoryUsage of job (MB)
	328568  -  ResidentSetSize of job (KB)
...
006 (454.798.000) 2022-04-08 12:49:04 Image size of job updated: 778996
	321  -  MemoryUsage of job (MB)
	328700  -  ResidentSetSize of job (KB)
...
006 (454.798.000) 2022-04-08 12:54:04 Image size of job updated: 779252
	322  -  MemoryUsage of job (MB)
	328832  -  ResidentSetSize of job (KB)
...
006 (454.798.000) 2022-04-08 12:59:05 Image size of job updated: 779252
	322  -  MemoryUsage of job (MB)
	328964  -  ResidentSetSize of job (KB)
...
006 (454.798.000) 2022-04-08 13:04:06 Image size of job updated: 779508
	322  -  MemoryUsage of job (MB)
	328964  -  ResidentSetSize of job (KB)
...
006 (454.798.000) 2022-04-08 13:09:06 Image size of job updated: 779508
	322  -  MemoryUsage of job (MB)
	329096  -  ResidentSetSize of job (KB)
...
006 (454.798.000) 2022-04-08 13:14:06 Image size of job updated: 779508
	322  -  MemoryUsage of job (MB)
	329228  -  ResidentSetSize of job (KB)
...
006 (454.798.000) 2022-04-08 13:16:23 Image size of job updated: 779764
	322  -  MemoryUsage of job (MB)
	329228  -  ResidentSetSize of job (KB)
...
005 (454.798.000) 2022-04-08 13:16:23 Job terminated.
	(1) Normal termination (return value 0)
		Usr 0 05:22:02, Sys 0 00:00:13  -  Run Remote Usage
		Usr 0 00:00:00, Sys 0 00:00:00  -  Run Local Usage
		Usr 0 05:22:02, Sys 0 00:00:13  -  Total Remote Usage
		Usr 0 00:00:00, Sys 0 00:00:00  -  Total Local Usage
	0  -  Run Bytes Sent By Job
	0  -  Run Bytes Received By Job
	0  -  Total Bytes Sent By Job
	0  -  Total Bytes Received By Job
	Partitionable Resources :    Usage  Request Allocated 
	   Cpus                 :     0.99        1         1 
	   Disk (KB)            :  7500        7500     11001 
	   Memory (MB)          :   322        1024      1024 

	Job terminated of its own accord at 2022-04-08T11:16:23Z with exit-code 0.
...
