000 (454.510.000) 2022-04-06 16:54:01 Job submitted from host: <10.18.24.243:9618?addrs=10.18.24.243-9618&alias=ecoclusts01.bioclust.biologie.ens.fr&noUDP&sock=schedd_1052_29b8>
...
001 (454.510.000) 2022-04-07 23:52:58 Job executing on host: <10.18.24.141:9618?addrs=10.18.24.141-9618&alias=dyoclust14.bioclust.biologie.ens.fr&noUDP&sock=startd_801_ff73>
...
006 (454.510.000) 2022-04-07 23:53:07 Image size of job updated: 97916
	96  -  MemoryUsage of job (MB)
	97916  -  ResidentSetSize of job (KB)
...
006 (454.510.000) 2022-04-07 23:58:07 Image size of job updated: 741876
	317  -  MemoryUsage of job (MB)
	324292  -  ResidentSetSize of job (KB)
...
006 (454.510.000) 2022-04-08 00:03:07 Image size of job updated: 774644
	317  -  MemoryUsage of job (MB)
	324380  -  ResidentSetSize of job (KB)
...
006 (454.510.000) 2022-04-08 01:03:13 Image size of job updated: 774900
	317  -  MemoryUsage of job (MB)
	324512  -  ResidentSetSize of job (KB)
...
006 (454.510.000) 2022-04-08 01:08:13 Image size of job updated: 775156
	318  -  MemoryUsage of job (MB)
	324644  -  ResidentSetSize of job (KB)
...
006 (454.510.000) 2022-04-08 01:13:13 Image size of job updated: 775156
	318  -  MemoryUsage of job (MB)
	324776  -  ResidentSetSize of job (KB)
...
006 (454.510.000) 2022-04-08 01:18:14 Image size of job updated: 775412
	318  -  MemoryUsage of job (MB)
	324908  -  ResidentSetSize of job (KB)
...
006 (454.510.000) 2022-04-08 01:23:14 Image size of job updated: 775412
	318  -  MemoryUsage of job (MB)
	325040  -  ResidentSetSize of job (KB)
...
006 (454.510.000) 2022-04-08 01:28:14 Image size of job updated: 775668
	318  -  MemoryUsage of job (MB)
	325304  -  ResidentSetSize of job (KB)
...
006 (454.510.000) 2022-04-08 01:33:15 Image size of job updated: 775924
	318  -  MemoryUsage of job (MB)
	325436  -  ResidentSetSize of job (KB)
...
006 (454.510.000) 2022-04-08 01:38:16 Image size of job updated: 775924
	319  -  MemoryUsage of job (MB)
	325700  -  ResidentSetSize of job (KB)
...
006 (454.510.000) 2022-04-08 01:43:16 Image size of job updated: 776180
	319  -  MemoryUsage of job (MB)
	325832  -  ResidentSetSize of job (KB)
...
006 (454.510.000) 2022-04-08 01:48:16 Image size of job updated: 776436
	319  -  MemoryUsage of job (MB)
	325964  -  ResidentSetSize of job (KB)
...
006 (454.510.000) 2022-04-08 01:53:17 Image size of job updated: 776692
	319  -  MemoryUsage of job (MB)
	326228  -  ResidentSetSize of job (KB)
...
006 (454.510.000) 2022-04-08 01:58:17 Image size of job updated: 776948
	319  -  MemoryUsage of job (MB)
	326360  -  ResidentSetSize of job (KB)
...
006 (454.510.000) 2022-04-08 02:03:17 Image size of job updated: 776948
	319  -  MemoryUsage of job (MB)
	326480  -  ResidentSetSize of job (KB)
...
006 (454.510.000) 2022-04-08 02:13:19 Image size of job updated: 776948
	319  -  MemoryUsage of job (MB)
	326612  -  ResidentSetSize of job (KB)
...
006 (454.510.000) 2022-04-08 02:18:19 Image size of job updated: 777204
	320  -  MemoryUsage of job (MB)
	326876  -  ResidentSetSize of job (KB)
...
006 (454.510.000) 2022-04-08 02:23:20 Image size of job updated: 777460
	320  -  MemoryUsage of job (MB)
	327008  -  ResidentSetSize of job (KB)
...
006 (454.510.000) 2022-04-08 02:28:21 Image size of job updated: 777460
	320  -  MemoryUsage of job (MB)
	327272  -  ResidentSetSize of job (KB)
...
006 (454.510.000) 2022-04-08 02:33:21 Image size of job updated: 777716
	320  -  MemoryUsage of job (MB)
	327404  -  ResidentSetSize of job (KB)
...
006 (454.510.000) 2022-04-08 02:38:21 Image size of job updated: 777972
	320  -  MemoryUsage of job (MB)
	327536  -  ResidentSetSize of job (KB)
...
006 (454.510.000) 2022-04-08 02:43:22 Image size of job updated: 778228
	321  -  MemoryUsage of job (MB)
	327800  -  ResidentSetSize of job (KB)
...
006 (454.510.000) 2022-04-08 02:48:23 Image size of job updated: 778228
	321  -  MemoryUsage of job (MB)
	327932  -  ResidentSetSize of job (KB)
...
006 (454.510.000) 2022-04-08 02:53:23 Image size of job updated: 778484
	321  -  MemoryUsage of job (MB)
	328196  -  ResidentSetSize of job (KB)
...
006 (454.510.000) 2022-04-08 02:58:24 Image size of job updated: 778740
	321  -  MemoryUsage of job (MB)
	328328  -  ResidentSetSize of job (KB)
...
006 (454.510.000) 2022-04-08 03:03:25 Image size of job updated: 778996
	321  -  MemoryUsage of job (MB)
	328460  -  ResidentSetSize of job (KB)
...
006 (454.510.000) 2022-04-08 03:08:25 Image size of job updated: 778996
	322  -  MemoryUsage of job (MB)
	328724  -  ResidentSetSize of job (KB)
...
006 (454.510.000) 2022-04-08 03:13:25 Image size of job updated: 779252
	322  -  MemoryUsage of job (MB)
	328856  -  ResidentSetSize of job (KB)
...
006 (454.510.000) 2022-04-08 03:18:26 Image size of job updated: 779508
	322  -  MemoryUsage of job (MB)
	328988  -  ResidentSetSize of job (KB)
...
006 (454.510.000) 2022-04-08 03:23:27 Image size of job updated: 779508
	322  -  MemoryUsage of job (MB)
	329252  -  ResidentSetSize of job (KB)
...
006 (454.510.000) 2022-04-08 03:24:31 Image size of job updated: 779764
	322  -  MemoryUsage of job (MB)
	329252  -  ResidentSetSize of job (KB)
...
005 (454.510.000) 2022-04-08 03:24:31 Job terminated.
	(1) Normal termination (return value 0)
		Usr 0 03:30:11, Sys 0 00:00:26  -  Run Remote Usage
		Usr 0 00:00:00, Sys 0 00:00:00  -  Run Local Usage
		Usr 0 03:30:11, Sys 0 00:00:26  -  Total Remote Usage
		Usr 0 00:00:00, Sys 0 00:00:00  -  Total Local Usage
	0  -  Run Bytes Sent By Job
	0  -  Run Bytes Received By Job
	0  -  Total Bytes Sent By Job
	0  -  Total Bytes Received By Job
	Partitionable Resources :    Usage  Request Allocated 
	   Cpus                 :     1.00        1         1 
	   Disk (KB)            :  7500        7500     10998 
	   Memory (MB)          :   322        1024      1024 

	Job terminated of its own accord at 2022-04-08T01:24:31Z with exit-code 0.
...
