000 (454.419.000) 2022-04-06 16:54:00 Job submitted from host: <10.18.24.243:9618?addrs=10.18.24.243-9618&alias=ecoclusts01.bioclust.biologie.ens.fr&noUDP&sock=schedd_1052_29b8>
...
001 (454.419.000) 2022-04-07 21:10:20 Job executing on host: <10.18.24.130:9618?addrs=10.18.24.130-9618&alias=dyoclust03.bioclust.biologie.ens.fr&noUDP&sock=startd_813_3a96>
...
006 (454.419.000) 2022-04-07 21:10:29 Image size of job updated: 219484
	95  -  MemoryUsage of job (MB)
	96960  -  ResidentSetSize of job (KB)
...
006 (454.419.000) 2022-04-07 21:15:30 Image size of job updated: 741880
	268  -  MemoryUsage of job (MB)
	274300  -  ResidentSetSize of job (KB)
...
006 (454.419.000) 2022-04-07 21:20:31 Image size of job updated: 774648
	317  -  MemoryUsage of job (MB)
	324340  -  ResidentSetSize of job (KB)
...
006 (454.419.000) 2022-04-07 22:00:35 Image size of job updated: 774904
	317  -  MemoryUsage of job (MB)
	324472  -  ResidentSetSize of job (KB)
...
006 (454.419.000) 2022-04-07 22:05:35 Image size of job updated: 775160
	317  -  MemoryUsage of job (MB)
	324604  -  ResidentSetSize of job (KB)
...
006 (454.419.000) 2022-04-07 22:10:35 Image size of job updated: 775160
	318  -  MemoryUsage of job (MB)
	324868  -  ResidentSetSize of job (KB)
...
006 (454.419.000) 2022-04-07 22:15:36 Image size of job updated: 775416
	318  -  MemoryUsage of job (MB)
	325132  -  ResidentSetSize of job (KB)
...
006 (454.419.000) 2022-04-07 22:20:37 Image size of job updated: 775672
	318  -  MemoryUsage of job (MB)
	325264  -  ResidentSetSize of job (KB)
...
006 (454.419.000) 2022-04-07 22:25:37 Image size of job updated: 775928
	318  -  MemoryUsage of job (MB)
	325528  -  ResidentSetSize of job (KB)
...
006 (454.419.000) 2022-04-07 22:30:37 Image size of job updated: 776184
	319  -  MemoryUsage of job (MB)
	325792  -  ResidentSetSize of job (KB)
...
006 (454.419.000) 2022-04-07 22:35:38 Image size of job updated: 776440
	319  -  MemoryUsage of job (MB)
	325924  -  ResidentSetSize of job (KB)
...
006 (454.419.000) 2022-04-07 22:40:39 Image size of job updated: 776696
	319  -  MemoryUsage of job (MB)
	326188  -  ResidentSetSize of job (KB)
...
006 (454.419.000) 2022-04-07 22:45:39 Image size of job updated: 776952
	319  -  MemoryUsage of job (MB)
	326452  -  ResidentSetSize of job (KB)
...
006 (454.419.000) 2022-04-07 22:50:39 Image size of job updated: 776952
	319  -  MemoryUsage of job (MB)
	326584  -  ResidentSetSize of job (KB)
...
006 (454.419.000) 2022-04-07 23:00:41 Image size of job updated: 777208
	320  -  MemoryUsage of job (MB)
	326716  -  ResidentSetSize of job (KB)
...
006 (454.419.000) 2022-04-07 23:05:41 Image size of job updated: 777464
	320  -  MemoryUsage of job (MB)
	326980  -  ResidentSetSize of job (KB)
...
006 (454.419.000) 2022-04-07 23:10:41 Image size of job updated: 777464
	320  -  MemoryUsage of job (MB)
	327112  -  ResidentSetSize of job (KB)
...
006 (454.419.000) 2022-04-07 23:15:42 Image size of job updated: 777720
	320  -  MemoryUsage of job (MB)
	327376  -  ResidentSetSize of job (KB)
...
006 (454.419.000) 2022-04-07 23:20:43 Image size of job updated: 777976
	320  -  MemoryUsage of job (MB)
	327508  -  ResidentSetSize of job (KB)
...
006 (454.419.000) 2022-04-07 23:25:43 Image size of job updated: 778232
	321  -  MemoryUsage of job (MB)
	327772  -  ResidentSetSize of job (KB)
...
006 (454.419.000) 2022-04-07 23:30:43 Image size of job updated: 778488
	321  -  MemoryUsage of job (MB)
	327904  -  ResidentSetSize of job (KB)
...
006 (454.419.000) 2022-04-07 23:35:43 Image size of job updated: 778488
	321  -  MemoryUsage of job (MB)
	328168  -  ResidentSetSize of job (KB)
...
006 (454.419.000) 2022-04-07 23:40:44 Image size of job updated: 778744
	321  -  MemoryUsage of job (MB)
	328300  -  ResidentSetSize of job (KB)
...
006 (454.419.000) 2022-04-07 23:45:45 Image size of job updated: 779000
	321  -  MemoryUsage of job (MB)
	328564  -  ResidentSetSize of job (KB)
...
006 (454.419.000) 2022-04-07 23:50:45 Image size of job updated: 779256
	322  -  MemoryUsage of job (MB)
	328828  -  ResidentSetSize of job (KB)
...
006 (454.419.000) 2022-04-07 23:55:45 Image size of job updated: 779512
	322  -  MemoryUsage of job (MB)
	328960  -  ResidentSetSize of job (KB)
...
006 (454.419.000) 2022-04-08 00:00:46 Image size of job updated: 779512
	322  -  MemoryUsage of job (MB)
	329224  -  ResidentSetSize of job (KB)
...
006 (454.419.000) 2022-04-08 00:02:45 Image size of job updated: 779768
	322  -  MemoryUsage of job (MB)
	329224  -  ResidentSetSize of job (KB)
...
005 (454.419.000) 2022-04-08 00:02:46 Job terminated.
	(1) Normal termination (return value 0)
		Usr 0 02:51:51, Sys 0 00:00:28  -  Run Remote Usage
		Usr 0 00:00:00, Sys 0 00:00:00  -  Run Local Usage
		Usr 0 02:51:51, Sys 0 00:00:28  -  Total Remote Usage
		Usr 0 00:00:00, Sys 0 00:00:00  -  Total Local Usage
	0  -  Run Bytes Sent By Job
	0  -  Run Bytes Received By Job
	0  -  Total Bytes Sent By Job
	0  -  Total Bytes Received By Job
	Partitionable Resources :    Usage  Request Allocated 
	   Cpus                 :     0.99        1         1 
	   Disk (KB)            :  7500        7500     10998 
	   Memory (MB)          :   322        1024      1024 

	Job terminated of its own accord at 2022-04-07T22:02:45Z with exit-code 0.
...
