000 (454.779.000) 2022-04-06 16:54:02 Job submitted from host: <10.18.24.243:9618?addrs=10.18.24.243-9618&alias=ecoclusts01.bioclust.biologie.ens.fr&noUDP&sock=schedd_1052_29b8>
...
001 (454.779.000) 2022-04-08 07:18:28 Job executing on host: <10.18.24.137:9618?addrs=10.18.24.137-9618&alias=dyoclust10.bioclust.biologie.ens.fr&noUDP&sock=startd_830_e3b2>
...
006 (454.779.000) 2022-04-08 07:18:36 Image size of job updated: 185124
	181  -  MemoryUsage of job (MB)
	185124  -  ResidentSetSize of job (KB)
...
006 (454.779.000) 2022-04-08 07:23:36 Image size of job updated: 896304
	317  -  MemoryUsage of job (MB)
	324284  -  ResidentSetSize of job (KB)
...
006 (454.779.000) 2022-04-08 07:28:38 Image size of job updated: 896304
	317  -  MemoryUsage of job (MB)
	324372  -  ResidentSetSize of job (KB)
...
006 (454.779.000) 2022-04-08 07:58:40 Image size of job updated: 896304
	317  -  MemoryUsage of job (MB)
	324504  -  ResidentSetSize of job (KB)
...
006 (454.779.000) 2022-04-08 08:03:41 Image size of job updated: 896304
	318  -  MemoryUsage of job (MB)
	324636  -  ResidentSetSize of job (KB)
...
006 (454.779.000) 2022-04-08 08:08:42 Image size of job updated: 896304
	318  -  MemoryUsage of job (MB)
	324900  -  ResidentSetSize of job (KB)
...
006 (454.779.000) 2022-04-08 08:13:42 Image size of job updated: 896304
	318  -  MemoryUsage of job (MB)
	325032  -  ResidentSetSize of job (KB)
...
006 (454.779.000) 2022-04-08 08:18:43 Image size of job updated: 896304
	318  -  MemoryUsage of job (MB)
	325296  -  ResidentSetSize of job (KB)
...
006 (454.779.000) 2022-04-08 08:23:44 Image size of job updated: 896304
	318  -  MemoryUsage of job (MB)
	325560  -  ResidentSetSize of job (KB)
...
006 (454.779.000) 2022-04-08 08:28:44 Image size of job updated: 896304
	319  -  MemoryUsage of job (MB)
	325692  -  ResidentSetSize of job (KB)
...
006 (454.779.000) 2022-04-08 08:33:44 Image size of job updated: 896304
	319  -  MemoryUsage of job (MB)
	325956  -  ResidentSetSize of job (KB)
...
006 (454.779.000) 2022-04-08 08:38:45 Image size of job updated: 896304
	319  -  MemoryUsage of job (MB)
	326088  -  ResidentSetSize of job (KB)
...
006 (454.779.000) 2022-04-08 08:43:46 Image size of job updated: 896304
	319  -  MemoryUsage of job (MB)
	326352  -  ResidentSetSize of job (KB)
...
006 (454.779.000) 2022-04-08 08:48:46 Image size of job updated: 896304
	319  -  MemoryUsage of job (MB)
	326452  -  ResidentSetSize of job (KB)
...
006 (454.779.000) 2022-04-08 08:58:48 Image size of job updated: 896304
	320  -  MemoryUsage of job (MB)
	326716  -  ResidentSetSize of job (KB)
...
006 (454.779.000) 2022-04-08 09:03:48 Image size of job updated: 896304
	320  -  MemoryUsage of job (MB)
	326848  -  ResidentSetSize of job (KB)
...
006 (454.779.000) 2022-04-08 09:08:48 Image size of job updated: 896304
	320  -  MemoryUsage of job (MB)
	326980  -  ResidentSetSize of job (KB)
...
006 (454.779.000) 2022-04-08 09:13:49 Image size of job updated: 896304
	320  -  MemoryUsage of job (MB)
	327244  -  ResidentSetSize of job (KB)
...
006 (454.779.000) 2022-04-08 09:18:50 Image size of job updated: 896304
	320  -  MemoryUsage of job (MB)
	327376  -  ResidentSetSize of job (KB)
...
006 (454.779.000) 2022-04-08 09:23:50 Image size of job updated: 896304
	320  -  MemoryUsage of job (MB)
	327640  -  ResidentSetSize of job (KB)
...
006 (454.779.000) 2022-04-08 09:28:51 Image size of job updated: 896304
	321  -  MemoryUsage of job (MB)
	327772  -  ResidentSetSize of job (KB)
...
006 (454.779.000) 2022-04-08 09:33:52 Image size of job updated: 896304
	321  -  MemoryUsage of job (MB)
	328036  -  ResidentSetSize of job (KB)
...
006 (454.779.000) 2022-04-08 09:38:52 Image size of job updated: 896304
	321  -  MemoryUsage of job (MB)
	328168  -  ResidentSetSize of job (KB)
...
006 (454.779.000) 2022-04-08 09:43:52 Image size of job updated: 896304
	321  -  MemoryUsage of job (MB)
	328300  -  ResidentSetSize of job (KB)
...
006 (454.779.000) 2022-04-08 09:48:53 Image size of job updated: 896304
	321  -  MemoryUsage of job (MB)
	328564  -  ResidentSetSize of job (KB)
...
006 (454.779.000) 2022-04-08 09:53:53 Image size of job updated: 896304
	321  -  MemoryUsage of job (MB)
	328696  -  ResidentSetSize of job (KB)
...
006 (454.779.000) 2022-04-08 09:58:53 Image size of job updated: 896304
	322  -  MemoryUsage of job (MB)
	328960  -  ResidentSetSize of job (KB)
...
006 (454.779.000) 2022-04-08 10:03:54 Image size of job updated: 896304
	322  -  MemoryUsage of job (MB)
	329092  -  ResidentSetSize of job (KB)
...
005 (454.779.000) 2022-04-08 10:07:59 Job terminated.
	(1) Normal termination (return value 0)
		Usr 0 02:47:17, Sys 0 00:00:25  -  Run Remote Usage
		Usr 0 00:00:00, Sys 0 00:00:00  -  Run Local Usage
		Usr 0 02:47:17, Sys 0 00:00:25  -  Total Remote Usage
		Usr 0 00:00:00, Sys 0 00:00:00  -  Total Local Usage
	0  -  Run Bytes Sent By Job
	0  -  Run Bytes Received By Job
	0  -  Total Bytes Sent By Job
	0  -  Total Bytes Received By Job
	Partitionable Resources :    Usage  Request Allocated 
	   Cpus                 :     1.00        1         1 
	   Disk (KB)            :  7500        7500     10999 
	   Memory (MB)          :   322        1024      1024 

	Job terminated of its own accord at 2022-04-08T08:07:59Z with exit-code 0.
...
