000 (454.333.000) 2022-04-06 16:54:00 Job submitted from host: <10.18.24.243:9618?addrs=10.18.24.243-9618&alias=ecoclusts01.bioclust.biologie.ens.fr&noUDP&sock=schedd_1052_29b8>
...
001 (454.333.000) 2022-04-07 18:26:25 Job executing on host: <10.18.24.133:9618?addrs=10.18.24.133-9618&alias=dyoclust06.bioclust.biologie.ens.fr&noUDP&sock=startd_804_0e3b>
...
006 (454.333.000) 2022-04-07 18:26:34 Image size of job updated: 230160
	64  -  MemoryUsage of job (MB)
	64916  -  ResidentSetSize of job (KB)
...
006 (454.333.000) 2022-04-07 18:31:34 Image size of job updated: 808000
	317  -  MemoryUsage of job (MB)
	324044  -  ResidentSetSize of job (KB)
...
006 (454.333.000) 2022-04-07 18:36:35 Image size of job updated: 808000
	317  -  MemoryUsage of job (MB)
	324176  -  ResidentSetSize of job (KB)
...
006 (454.333.000) 2022-04-07 19:31:42 Image size of job updated: 808000
	317  -  MemoryUsage of job (MB)
	324308  -  ResidentSetSize of job (KB)
...
006 (454.333.000) 2022-04-07 19:36:42 Image size of job updated: 808000
	317  -  MemoryUsage of job (MB)
	324440  -  ResidentSetSize of job (KB)
...
006 (454.333.000) 2022-04-07 19:41:42 Image size of job updated: 808000
	317  -  MemoryUsage of job (MB)
	324572  -  ResidentSetSize of job (KB)
...
006 (454.333.000) 2022-04-07 19:46:43 Image size of job updated: 808000
	318  -  MemoryUsage of job (MB)
	324704  -  ResidentSetSize of job (KB)
...
006 (454.333.000) 2022-04-07 19:51:43 Image size of job updated: 808000
	318  -  MemoryUsage of job (MB)
	324968  -  ResidentSetSize of job (KB)
...
006 (454.333.000) 2022-04-07 19:56:43 Image size of job updated: 808000
	318  -  MemoryUsage of job (MB)
	325100  -  ResidentSetSize of job (KB)
...
006 (454.333.000) 2022-04-07 20:01:44 Image size of job updated: 808000
	318  -  MemoryUsage of job (MB)
	325232  -  ResidentSetSize of job (KB)
...
006 (454.333.000) 2022-04-07 20:06:45 Image size of job updated: 808000
	318  -  MemoryUsage of job (MB)
	325364  -  ResidentSetSize of job (KB)
...
006 (454.333.000) 2022-04-07 20:11:45 Image size of job updated: 808000
	318  -  MemoryUsage of job (MB)
	325628  -  ResidentSetSize of job (KB)
...
006 (454.333.000) 2022-04-07 20:16:46 Image size of job updated: 808000
	319  -  MemoryUsage of job (MB)
	325760  -  ResidentSetSize of job (KB)
...
006 (454.333.000) 2022-04-07 20:21:47 Image size of job updated: 808000
	319  -  MemoryUsage of job (MB)
	325892  -  ResidentSetSize of job (KB)
...
006 (454.333.000) 2022-04-07 20:26:47 Image size of job updated: 808000
	319  -  MemoryUsage of job (MB)
	326024  -  ResidentSetSize of job (KB)
...
006 (454.333.000) 2022-04-07 20:31:47 Image size of job updated: 808000
	319  -  MemoryUsage of job (MB)
	326156  -  ResidentSetSize of job (KB)
...
006 (454.333.000) 2022-04-07 20:36:48 Image size of job updated: 808000
	319  -  MemoryUsage of job (MB)
	326288  -  ResidentSetSize of job (KB)
...
006 (454.333.000) 2022-04-07 20:41:48 Image size of job updated: 808000
	319  -  MemoryUsage of job (MB)
	326420  -  ResidentSetSize of job (KB)
...
006 (454.333.000) 2022-04-07 20:46:48 Image size of job updated: 808000
	319  -  MemoryUsage of job (MB)
	326552  -  ResidentSetSize of job (KB)
...
006 (454.333.000) 2022-04-07 21:01:50 Image size of job updated: 808000
	320  -  MemoryUsage of job (MB)
	326816  -  ResidentSetSize of job (KB)
...
006 (454.333.000) 2022-04-07 21:06:50 Image size of job updated: 808000
	320  -  MemoryUsage of job (MB)
	326948  -  ResidentSetSize of job (KB)
...
006 (454.333.000) 2022-04-07 21:16:51 Image size of job updated: 808000
	320  -  MemoryUsage of job (MB)
	327212  -  ResidentSetSize of job (KB)
...
006 (454.333.000) 2022-04-07 21:21:51 Image size of job updated: 808000
	320  -  MemoryUsage of job (MB)
	327344  -  ResidentSetSize of job (KB)
...
006 (454.333.000) 2022-04-07 21:26:52 Image size of job updated: 808000
	320  -  MemoryUsage of job (MB)
	327476  -  ResidentSetSize of job (KB)
...
006 (454.333.000) 2022-04-07 21:31:53 Image size of job updated: 808000
	320  -  MemoryUsage of job (MB)
	327608  -  ResidentSetSize of job (KB)
...
006 (454.333.000) 2022-04-07 21:36:53 Image size of job updated: 808000
	321  -  MemoryUsage of job (MB)
	327740  -  ResidentSetSize of job (KB)
...
006 (454.333.000) 2022-04-07 21:41:53 Image size of job updated: 808000
	321  -  MemoryUsage of job (MB)
	327872  -  ResidentSetSize of job (KB)
...
006 (454.333.000) 2022-04-07 21:46:54 Image size of job updated: 808000
	321  -  MemoryUsage of job (MB)
	328004  -  ResidentSetSize of job (KB)
...
006 (454.333.000) 2022-04-07 21:51:54 Image size of job updated: 808000
	321  -  MemoryUsage of job (MB)
	328136  -  ResidentSetSize of job (KB)
...
006 (454.333.000) 2022-04-07 21:56:54 Image size of job updated: 808000
	321  -  MemoryUsage of job (MB)
	328268  -  ResidentSetSize of job (KB)
...
006 (454.333.000) 2022-04-07 22:01:55 Image size of job updated: 808000
	321  -  MemoryUsage of job (MB)
	328400  -  ResidentSetSize of job (KB)
...
006 (454.333.000) 2022-04-07 22:06:56 Image size of job updated: 808000
	321  -  MemoryUsage of job (MB)
	328532  -  ResidentSetSize of job (KB)
...
006 (454.333.000) 2022-04-07 22:11:56 Image size of job updated: 808000
	321  -  MemoryUsage of job (MB)
	328664  -  ResidentSetSize of job (KB)
...
006 (454.333.000) 2022-04-07 22:16:57 Image size of job updated: 808000
	322  -  MemoryUsage of job (MB)
	328796  -  ResidentSetSize of job (KB)
...
006 (454.333.000) 2022-04-07 22:21:58 Image size of job updated: 808000
	322  -  MemoryUsage of job (MB)
	328928  -  ResidentSetSize of job (KB)
...
006 (454.333.000) 2022-04-07 22:26:58 Image size of job updated: 808000
	322  -  MemoryUsage of job (MB)
	329192  -  ResidentSetSize of job (KB)
...
006 (454.333.000) 2022-04-07 22:31:58 Image size of job updated: 808000
	322  -  MemoryUsage of job (MB)
	329324  -  ResidentSetSize of job (KB)
...
005 (454.333.000) 2022-04-07 22:33:10 Job terminated.
	(1) Normal termination (return value 0)
		Usr 0 04:03:28, Sys 0 00:00:43  -  Run Remote Usage
		Usr 0 00:00:00, Sys 0 00:00:00  -  Run Local Usage
		Usr 0 04:03:28, Sys 0 00:00:43  -  Total Remote Usage
		Usr 0 00:00:00, Sys 0 00:00:00  -  Total Local Usage
	0  -  Run Bytes Sent By Job
	0  -  Run Bytes Received By Job
	0  -  Total Bytes Sent By Job
	0  -  Total Bytes Received By Job
	Partitionable Resources :    Usage  Request Allocated 
	   Cpus                 :     1.00        1         1 
	   Disk (KB)            :  7500        7500     10015 
	   Memory (MB)          :   322        1024      1024 

	Job terminated of its own accord at 2022-04-07T20:33:10Z with exit-code 0.
...
