000 (454.134.000) 2022-04-06 16:53:59 Job submitted from host: <10.18.24.243:9618?addrs=10.18.24.243-9618&alias=ecoclusts01.bioclust.biologie.ens.fr&noUDP&sock=schedd_1052_29b8>
...
001 (454.134.000) 2022-04-07 09:40:42 Job executing on host: <10.18.24.134:9618?addrs=10.18.24.134-9618&alias=dyoclust07.bioclust.biologie.ens.fr&noUDP&sock=startd_808_cc9c>
...
006 (454.134.000) 2022-04-07 09:40:51 Image size of job updated: 85880
	84  -  MemoryUsage of job (MB)
	85880  -  ResidentSetSize of job (KB)
...
006 (454.134.000) 2022-04-07 09:45:52 Image size of job updated: 822984
	275  -  MemoryUsage of job (MB)
	280892  -  ResidentSetSize of job (KB)
...
006 (454.134.000) 2022-04-07 09:50:52 Image size of job updated: 822984
	317  -  MemoryUsage of job (MB)
	324120  -  ResidentSetSize of job (KB)
...
006 (454.134.000) 2022-04-07 10:30:56 Image size of job updated: 822984
	317  -  MemoryUsage of job (MB)
	324384  -  ResidentSetSize of job (KB)
...
006 (454.134.000) 2022-04-07 10:35:56 Image size of job updated: 822984
	317  -  MemoryUsage of job (MB)
	324516  -  ResidentSetSize of job (KB)
...
006 (454.134.000) 2022-04-07 10:40:57 Image size of job updated: 822984
	318  -  MemoryUsage of job (MB)
	324780  -  ResidentSetSize of job (KB)
...
006 (454.134.000) 2022-04-07 10:45:58 Image size of job updated: 822984
	318  -  MemoryUsage of job (MB)
	324912  -  ResidentSetSize of job (KB)
...
006 (454.134.000) 2022-04-07 10:50:58 Image size of job updated: 822984
	318  -  MemoryUsage of job (MB)
	325176  -  ResidentSetSize of job (KB)
...
006 (454.134.000) 2022-04-07 10:55:58 Image size of job updated: 822984
	318  -  MemoryUsage of job (MB)
	325440  -  ResidentSetSize of job (KB)
...
006 (454.134.000) 2022-04-07 11:00:59 Image size of job updated: 822984
	318  -  MemoryUsage of job (MB)
	325572  -  ResidentSetSize of job (KB)
...
006 (454.134.000) 2022-04-07 11:06:00 Image size of job updated: 822984
	319  -  MemoryUsage of job (MB)
	325836  -  ResidentSetSize of job (KB)
...
006 (454.134.000) 2022-04-07 11:11:00 Image size of job updated: 822984
	319  -  MemoryUsage of job (MB)
	326100  -  ResidentSetSize of job (KB)
...
006 (454.134.000) 2022-04-07 11:16:00 Image size of job updated: 822984
	319  -  MemoryUsage of job (MB)
	326232  -  ResidentSetSize of job (KB)
...
006 (454.134.000) 2022-04-07 11:21:01 Image size of job updated: 822984
	319  -  MemoryUsage of job (MB)
	326496  -  ResidentSetSize of job (KB)
...
006 (454.134.000) 2022-04-07 11:31:02 Image size of job updated: 822984
	319  -  MemoryUsage of job (MB)
	326588  -  ResidentSetSize of job (KB)
...
006 (454.134.000) 2022-04-07 11:36:02 Image size of job updated: 822984
	320  -  MemoryUsage of job (MB)
	326720  -  ResidentSetSize of job (KB)
...
006 (454.134.000) 2022-04-07 11:41:03 Image size of job updated: 822984
	320  -  MemoryUsage of job (MB)
	326984  -  ResidentSetSize of job (KB)
...
006 (454.134.000) 2022-04-07 11:46:05 Image size of job updated: 822984
	320  -  MemoryUsage of job (MB)
	327116  -  ResidentSetSize of job (KB)
...
006 (454.134.000) 2022-04-07 11:51:05 Image size of job updated: 822984
	320  -  MemoryUsage of job (MB)
	327380  -  ResidentSetSize of job (KB)
...
006 (454.134.000) 2022-04-07 11:56:05 Image size of job updated: 822984
	320  -  MemoryUsage of job (MB)
	327512  -  ResidentSetSize of job (KB)
...
006 (454.134.000) 2022-04-07 12:01:06 Image size of job updated: 822984
	321  -  MemoryUsage of job (MB)
	327776  -  ResidentSetSize of job (KB)
...
006 (454.134.000) 2022-04-07 12:06:07 Image size of job updated: 822984
	321  -  MemoryUsage of job (MB)
	327908  -  ResidentSetSize of job (KB)
...
006 (454.134.000) 2022-04-07 12:11:08 Image size of job updated: 822984
	321  -  MemoryUsage of job (MB)
	328172  -  ResidentSetSize of job (KB)
...
006 (454.134.000) 2022-04-07 12:16:08 Image size of job updated: 822984
	321  -  MemoryUsage of job (MB)
	328304  -  ResidentSetSize of job (KB)
...
006 (454.134.000) 2022-04-07 12:21:08 Image size of job updated: 822984
	321  -  MemoryUsage of job (MB)
	328568  -  ResidentSetSize of job (KB)
...
006 (454.134.000) 2022-04-07 12:26:09 Image size of job updated: 822984
	321  -  MemoryUsage of job (MB)
	328700  -  ResidentSetSize of job (KB)
...
006 (454.134.000) 2022-04-07 12:31:10 Image size of job updated: 822984
	322  -  MemoryUsage of job (MB)
	328964  -  ResidentSetSize of job (KB)
...
006 (454.134.000) 2022-04-07 12:36:10 Image size of job updated: 822984
	322  -  MemoryUsage of job (MB)
	329096  -  ResidentSetSize of job (KB)
...
005 (454.134.000) 2022-04-07 12:40:35 Job terminated.
	(1) Normal termination (return value 0)
		Usr 0 02:59:18, Sys 0 00:00:22  -  Run Remote Usage
		Usr 0 00:00:00, Sys 0 00:00:00  -  Run Local Usage
		Usr 0 02:59:18, Sys 0 00:00:22  -  Total Remote Usage
		Usr 0 00:00:00, Sys 0 00:00:00  -  Total Local Usage
	0  -  Run Bytes Sent By Job
	0  -  Run Bytes Received By Job
	0  -  Total Bytes Sent By Job
	0  -  Total Bytes Received By Job
	Partitionable Resources :    Usage  Request Allocated 
	   Cpus                 :     1.00        1         1 
	   Disk (KB)            :  7500        7500     10998 
	   Memory (MB)          :   322        1024      1024 

	Job terminated of its own accord at 2022-04-07T10:40:35Z with exit-code 0.
...
