000 (454.194.000) 2022-04-06 16:53:59 Job submitted from host: <10.18.24.243:9618?addrs=10.18.24.243-9618&alias=ecoclusts01.bioclust.biologie.ens.fr&noUDP&sock=schedd_1052_29b8>
...
001 (454.194.000) 2022-04-07 12:33:03 Job executing on host: <10.18.24.136:9618?addrs=10.18.24.136-9618&alias=dyoclust09.bioclust.biologie.ens.fr&noUDP&sock=startd_808_cc9c>
...
006 (454.194.000) 2022-04-07 12:33:12 Image size of job updated: 237364
	232  -  MemoryUsage of job (MB)
	237364  -  ResidentSetSize of job (KB)
...
006 (454.194.000) 2022-04-07 12:38:13 Image size of job updated: 741876
	317  -  MemoryUsage of job (MB)
	324384  -  ResidentSetSize of job (KB)
...
006 (454.194.000) 2022-04-07 12:43:13 Image size of job updated: 774644
	317  -  MemoryUsage of job (MB)
	324384  -  ResidentSetSize of job (KB)
...
006 (454.194.000) 2022-04-07 13:13:16 Image size of job updated: 774900
	317  -  MemoryUsage of job (MB)
	324384  -  ResidentSetSize of job (KB)
...
006 (454.194.000) 2022-04-07 13:18:16 Image size of job updated: 774900
	317  -  MemoryUsage of job (MB)
	324516  -  ResidentSetSize of job (KB)
...
006 (454.194.000) 2022-04-07 13:23:16 Image size of job updated: 775156
	318  -  MemoryUsage of job (MB)
	324648  -  ResidentSetSize of job (KB)
...
006 (454.194.000) 2022-04-07 13:28:17 Image size of job updated: 775412
	318  -  MemoryUsage of job (MB)
	324912  -  ResidentSetSize of job (KB)
...
006 (454.194.000) 2022-04-07 13:33:18 Image size of job updated: 775412
	318  -  MemoryUsage of job (MB)
	325176  -  ResidentSetSize of job (KB)
...
006 (454.194.000) 2022-04-07 13:38:18 Image size of job updated: 775668
	318  -  MemoryUsage of job (MB)
	325308  -  ResidentSetSize of job (KB)
...
006 (454.194.000) 2022-04-07 13:43:19 Image size of job updated: 775924
	318  -  MemoryUsage of job (MB)
	325572  -  ResidentSetSize of job (KB)
...
006 (454.194.000) 2022-04-07 13:48:20 Image size of job updated: 776180
	319  -  MemoryUsage of job (MB)
	325704  -  ResidentSetSize of job (KB)
...
006 (454.194.000) 2022-04-07 13:53:20 Image size of job updated: 776436
	319  -  MemoryUsage of job (MB)
	325968  -  ResidentSetSize of job (KB)
...
006 (454.194.000) 2022-04-07 13:58:20 Image size of job updated: 776692
	319  -  MemoryUsage of job (MB)
	326232  -  ResidentSetSize of job (KB)
...
006 (454.194.000) 2022-04-07 14:03:21 Image size of job updated: 776948
	319  -  MemoryUsage of job (MB)
	326496  -  ResidentSetSize of job (KB)
...
006 (454.194.000) 2022-04-07 14:13:22 Image size of job updated: 776948
	319  -  MemoryUsage of job (MB)
	326616  -  ResidentSetSize of job (KB)
...
006 (454.194.000) 2022-04-07 14:18:22 Image size of job updated: 777204
	320  -  MemoryUsage of job (MB)
	326880  -  ResidentSetSize of job (KB)
...
006 (454.194.000) 2022-04-07 14:23:23 Image size of job updated: 777460
	320  -  MemoryUsage of job (MB)
	327012  -  ResidentSetSize of job (KB)
...
006 (454.194.000) 2022-04-07 14:28:23 Image size of job updated: 777716
	320  -  MemoryUsage of job (MB)
	327276  -  ResidentSetSize of job (KB)
...
006 (454.194.000) 2022-04-07 14:33:23 Image size of job updated: 777716
	320  -  MemoryUsage of job (MB)
	327408  -  ResidentSetSize of job (KB)
...
006 (454.194.000) 2022-04-07 14:38:24 Image size of job updated: 777972
	320  -  MemoryUsage of job (MB)
	327672  -  ResidentSetSize of job (KB)
...
006 (454.194.000) 2022-04-07 14:43:25 Image size of job updated: 778228
	321  -  MemoryUsage of job (MB)
	327804  -  ResidentSetSize of job (KB)
...
006 (454.194.000) 2022-04-07 14:48:25 Image size of job updated: 778484
	321  -  MemoryUsage of job (MB)
	328068  -  ResidentSetSize of job (KB)
...
006 (454.194.000) 2022-04-07 14:53:25 Image size of job updated: 778740
	321  -  MemoryUsage of job (MB)
	328200  -  ResidentSetSize of job (KB)
...
006 (454.194.000) 2022-04-07 14:58:26 Image size of job updated: 778740
	321  -  MemoryUsage of job (MB)
	328464  -  ResidentSetSize of job (KB)
...
006 (454.194.000) 2022-04-07 15:03:26 Image size of job updated: 778996
	321  -  MemoryUsage of job (MB)
	328596  -  ResidentSetSize of job (KB)
...
006 (454.194.000) 2022-04-07 15:08:26 Image size of job updated: 779252
	322  -  MemoryUsage of job (MB)
	328860  -  ResidentSetSize of job (KB)
...
006 (454.194.000) 2022-04-07 15:13:27 Image size of job updated: 779508
	322  -  MemoryUsage of job (MB)
	328992  -  ResidentSetSize of job (KB)
...
006 (454.194.000) 2022-04-07 15:18:28 Image size of job updated: 779508
	322  -  MemoryUsage of job (MB)
	329256  -  ResidentSetSize of job (KB)
...
006 (454.194.000) 2022-04-07 15:19:27 Image size of job updated: 779764
	322  -  MemoryUsage of job (MB)
	329256  -  ResidentSetSize of job (KB)
...
005 (454.194.000) 2022-04-07 15:19:27 Job terminated.
	(1) Normal termination (return value 0)
		Usr 0 02:45:24, Sys 0 00:00:26  -  Run Remote Usage
		Usr 0 00:00:00, Sys 0 00:00:00  -  Run Local Usage
		Usr 0 02:45:24, Sys 0 00:00:26  -  Total Remote Usage
		Usr 0 00:00:00, Sys 0 00:00:00  -  Total Local Usage
	0  -  Run Bytes Sent By Job
	0  -  Run Bytes Received By Job
	0  -  Total Bytes Sent By Job
	0  -  Total Bytes Received By Job
	Partitionable Resources :    Usage  Request Allocated 
	   Cpus                 :     1.00        1         1 
	   Disk (KB)            :  7500        7500     10998 
	   Memory (MB)          :   322        1024      1024 

	Job terminated of its own accord at 2022-04-07T13:19:27Z with exit-code 0.
...
