000 (454.611.000) 2022-04-06 16:54:01 Job submitted from host: <10.18.24.243:9618?addrs=10.18.24.243-9618&alias=ecoclusts01.bioclust.biologie.ens.fr&noUDP&sock=schedd_1052_29b8>
...
001 (454.611.000) 2022-04-08 02:46:04 Job executing on host: <10.18.24.138:9618?addrs=10.18.24.138-9618&alias=dyoclust11.bioclust.biologie.ens.fr&noUDP&sock=startd_801_ff73>
...
006 (454.611.000) 2022-04-08 02:46:13 Image size of job updated: 196308
	192  -  MemoryUsage of job (MB)
	196308  -  ResidentSetSize of job (KB)
...
006 (454.611.000) 2022-04-08 02:51:14 Image size of job updated: 741876
	317  -  MemoryUsage of job (MB)
	324276  -  ResidentSetSize of job (KB)
...
006 (454.611.000) 2022-04-08 02:56:14 Image size of job updated: 774644
	317  -  MemoryUsage of job (MB)
	324408  -  ResidentSetSize of job (KB)
...
006 (454.611.000) 2022-04-08 03:31:17 Image size of job updated: 774900
	317  -  MemoryUsage of job (MB)
	324408  -  ResidentSetSize of job (KB)
...
006 (454.611.000) 2022-04-08 03:36:17 Image size of job updated: 775156
	318  -  MemoryUsage of job (MB)
	324672  -  ResidentSetSize of job (KB)
...
006 (454.611.000) 2022-04-08 03:41:18 Image size of job updated: 775156
	318  -  MemoryUsage of job (MB)
	324804  -  ResidentSetSize of job (KB)
...
006 (454.611.000) 2022-04-08 03:46:18 Image size of job updated: 775412
	318  -  MemoryUsage of job (MB)
	324936  -  ResidentSetSize of job (KB)
...
006 (454.611.000) 2022-04-08 03:51:18 Image size of job updated: 775668
	318  -  MemoryUsage of job (MB)
	325200  -  ResidentSetSize of job (KB)
...
006 (454.611.000) 2022-04-08 03:56:19 Image size of job updated: 775668
	318  -  MemoryUsage of job (MB)
	325332  -  ResidentSetSize of job (KB)
...
006 (454.611.000) 2022-04-08 04:01:20 Image size of job updated: 775924
	318  -  MemoryUsage of job (MB)
	325464  -  ResidentSetSize of job (KB)
...
006 (454.611.000) 2022-04-08 04:06:20 Image size of job updated: 776180
	319  -  MemoryUsage of job (MB)
	325728  -  ResidentSetSize of job (KB)
...
006 (454.611.000) 2022-04-08 04:11:20 Image size of job updated: 776180
	319  -  MemoryUsage of job (MB)
	325860  -  ResidentSetSize of job (KB)
...
006 (454.611.000) 2022-04-08 04:16:21 Image size of job updated: 776436
	319  -  MemoryUsage of job (MB)
	326124  -  ResidentSetSize of job (KB)
...
006 (454.611.000) 2022-04-08 04:21:21 Image size of job updated: 776692
	319  -  MemoryUsage of job (MB)
	326256  -  ResidentSetSize of job (KB)
...
006 (454.611.000) 2022-04-08 04:26:21 Image size of job updated: 776692
	319  -  MemoryUsage of job (MB)
	326388  -  ResidentSetSize of job (KB)
...
006 (454.611.000) 2022-04-08 04:31:22 Image size of job updated: 776948
	319  -  MemoryUsage of job (MB)
	326520  -  ResidentSetSize of job (KB)
...
006 (454.611.000) 2022-04-08 04:41:23 Image size of job updated: 776948
	319  -  MemoryUsage of job (MB)
	326652  -  ResidentSetSize of job (KB)
...
006 (454.611.000) 2022-04-08 04:46:24 Image size of job updated: 777204
	320  -  MemoryUsage of job (MB)
	326784  -  ResidentSetSize of job (KB)
...
006 (454.611.000) 2022-04-08 04:51:25 Image size of job updated: 777460
	320  -  MemoryUsage of job (MB)
	327048  -  ResidentSetSize of job (KB)
...
006 (454.611.000) 2022-04-08 04:56:25 Image size of job updated: 777716
	320  -  MemoryUsage of job (MB)
	327180  -  ResidentSetSize of job (KB)
...
006 (454.611.000) 2022-04-08 05:01:25 Image size of job updated: 777716
	320  -  MemoryUsage of job (MB)
	327312  -  ResidentSetSize of job (KB)
...
006 (454.611.000) 2022-04-08 05:06:26 Image size of job updated: 777972
	320  -  MemoryUsage of job (MB)
	327576  -  ResidentSetSize of job (KB)
...
006 (454.611.000) 2022-04-08 05:11:26 Image size of job updated: 778228
	321  -  MemoryUsage of job (MB)
	327708  -  ResidentSetSize of job (KB)
...
006 (454.611.000) 2022-04-08 05:16:26 Image size of job updated: 778228
	321  -  MemoryUsage of job (MB)
	327972  -  ResidentSetSize of job (KB)
...
006 (454.611.000) 2022-04-08 05:21:27 Image size of job updated: 778484
	321  -  MemoryUsage of job (MB)
	328104  -  ResidentSetSize of job (KB)
...
006 (454.611.000) 2022-04-08 05:26:28 Image size of job updated: 778740
	321  -  MemoryUsage of job (MB)
	328236  -  ResidentSetSize of job (KB)
...
006 (454.611.000) 2022-04-08 05:31:28 Image size of job updated: 778996
	321  -  MemoryUsage of job (MB)
	328500  -  ResidentSetSize of job (KB)
...
006 (454.611.000) 2022-04-08 05:36:29 Image size of job updated: 778996
	322  -  MemoryUsage of job (MB)
	328764  -  ResidentSetSize of job (KB)
...
006 (454.611.000) 2022-04-08 05:41:30 Image size of job updated: 779252
	322  -  MemoryUsage of job (MB)
	328896  -  ResidentSetSize of job (KB)
...
006 (454.611.000) 2022-04-08 05:46:30 Image size of job updated: 779508
	322  -  MemoryUsage of job (MB)
	329028  -  ResidentSetSize of job (KB)
...
006 (454.611.000) 2022-04-08 05:51:21 Image size of job updated: 779764
	322  -  MemoryUsage of job (MB)
	329028  -  ResidentSetSize of job (KB)
...
005 (454.611.000) 2022-04-08 05:51:21 Job terminated.
	(1) Normal termination (return value 0)
		Usr 0 03:03:18, Sys 0 00:00:26  -  Run Remote Usage
		Usr 0 00:00:00, Sys 0 00:00:00  -  Run Local Usage
		Usr 0 03:03:18, Sys 0 00:00:26  -  Total Remote Usage
		Usr 0 00:00:00, Sys 0 00:00:00  -  Total Local Usage
	0  -  Run Bytes Sent By Job
	0  -  Run Bytes Received By Job
	0  -  Total Bytes Sent By Job
	0  -  Total Bytes Received By Job
	Partitionable Resources :    Usage  Request Allocated 
	   Cpus                 :     1.00        1         1 
	   Disk (KB)            :  7500        7500     10998 
	   Memory (MB)          :   322        1024      1024 

	Job terminated of its own accord at 2022-04-08T03:51:21Z with exit-code 0.
...
