000 (454.454.000) 2022-04-06 16:54:01 Job submitted from host: <10.18.24.243:9618?addrs=10.18.24.243-9618&alias=ecoclusts01.bioclust.biologie.ens.fr&noUDP&sock=schedd_1052_29b8>
...
001 (454.454.000) 2022-04-07 21:58:56 Job executing on host: <10.18.24.176:9618?addrs=10.18.24.176-9618&alias=mcbsclust05.bioclust.biologie.ens.fr&noUDP&sock=startd_869_a3e3>
...
006 (454.454.000) 2022-04-07 21:59:04 Image size of job updated: 250052
	245  -  MemoryUsage of job (MB)
	250052  -  ResidentSetSize of job (KB)
...
006 (454.454.000) 2022-04-07 22:04:04 Image size of job updated: 741876
	301  -  MemoryUsage of job (MB)
	307908  -  ResidentSetSize of job (KB)
...
006 (454.454.000) 2022-04-07 22:09:05 Image size of job updated: 774644
	317  -  MemoryUsage of job (MB)
	324380  -  ResidentSetSize of job (KB)
...
006 (454.454.000) 2022-04-07 23:29:11 Image size of job updated: 774900
	317  -  MemoryUsage of job (MB)
	324512  -  ResidentSetSize of job (KB)
...
006 (454.454.000) 2022-04-07 23:39:13 Image size of job updated: 774900
	318  -  MemoryUsage of job (MB)
	324644  -  ResidentSetSize of job (KB)
...
006 (454.454.000) 2022-04-07 23:44:13 Image size of job updated: 775156
	318  -  MemoryUsage of job (MB)
	324776  -  ResidentSetSize of job (KB)
...
006 (454.454.000) 2022-04-07 23:54:14 Image size of job updated: 775156
	318  -  MemoryUsage of job (MB)
	324908  -  ResidentSetSize of job (KB)
...
006 (454.454.000) 2022-04-07 23:59:14 Image size of job updated: 775412
	318  -  MemoryUsage of job (MB)
	325040  -  ResidentSetSize of job (KB)
...
006 (454.454.000) 2022-04-08 00:09:15 Image size of job updated: 775668
	318  -  MemoryUsage of job (MB)
	325172  -  ResidentSetSize of job (KB)
...
006 (454.454.000) 2022-04-08 00:14:16 Image size of job updated: 775668
	318  -  MemoryUsage of job (MB)
	325304  -  ResidentSetSize of job (KB)
...
006 (454.454.000) 2022-04-08 00:19:16 Image size of job updated: 775668
	318  -  MemoryUsage of job (MB)
	325436  -  ResidentSetSize of job (KB)
...
006 (454.454.000) 2022-04-08 00:24:17 Image size of job updated: 775924
	318  -  MemoryUsage of job (MB)
	325568  -  ResidentSetSize of job (KB)
...
006 (454.454.000) 2022-04-08 00:29:18 Image size of job updated: 775924
	319  -  MemoryUsage of job (MB)
	325700  -  ResidentSetSize of job (KB)
...
006 (454.454.000) 2022-04-08 00:34:18 Image size of job updated: 776180
	319  -  MemoryUsage of job (MB)
	325832  -  ResidentSetSize of job (KB)
...
006 (454.454.000) 2022-04-08 00:39:17 Image size of job updated: 776180
	319  -  MemoryUsage of job (MB)
	325964  -  ResidentSetSize of job (KB)
...
006 (454.454.000) 2022-04-08 00:44:19 Image size of job updated: 776436
	319  -  MemoryUsage of job (MB)
	325964  -  ResidentSetSize of job (KB)
...
006 (454.454.000) 2022-04-08 00:49:20 Image size of job updated: 776436
	319  -  MemoryUsage of job (MB)
	326096  -  ResidentSetSize of job (KB)
...
006 (454.454.000) 2022-04-08 00:54:20 Image size of job updated: 776692
	319  -  MemoryUsage of job (MB)
	326228  -  ResidentSetSize of job (KB)
...
006 (454.454.000) 2022-04-08 00:59:21 Image size of job updated: 776692
	319  -  MemoryUsage of job (MB)
	326360  -  ResidentSetSize of job (KB)
...
006 (454.454.000) 2022-04-08 01:04:22 Image size of job updated: 776948
	319  -  MemoryUsage of job (MB)
	326492  -  ResidentSetSize of job (KB)
...
006 (454.454.000) 2022-04-08 01:19:24 Image size of job updated: 776948
	319  -  MemoryUsage of job (MB)
	326616  -  ResidentSetSize of job (KB)
...
006 (454.454.000) 2022-04-08 01:29:25 Image size of job updated: 777204
	320  -  MemoryUsage of job (MB)
	326748  -  ResidentSetSize of job (KB)
...
006 (454.454.000) 2022-04-08 01:34:26 Image size of job updated: 777204
	320  -  MemoryUsage of job (MB)
	326880  -  ResidentSetSize of job (KB)
...
006 (454.454.000) 2022-04-08 01:39:27 Image size of job updated: 777460
	320  -  MemoryUsage of job (MB)
	327012  -  ResidentSetSize of job (KB)
...
006 (454.454.000) 2022-04-08 01:44:27 Image size of job updated: 777460
	320  -  MemoryUsage of job (MB)
	327144  -  ResidentSetSize of job (KB)
...
006 (454.454.000) 2022-04-08 01:49:28 Image size of job updated: 777716
	320  -  MemoryUsage of job (MB)
	327276  -  ResidentSetSize of job (KB)
...
006 (454.454.000) 2022-04-08 01:59:29 Image size of job updated: 777716
	320  -  MemoryUsage of job (MB)
	327408  -  ResidentSetSize of job (KB)
...
006 (454.454.000) 2022-04-08 02:04:29 Image size of job updated: 777972
	320  -  MemoryUsage of job (MB)
	327540  -  ResidentSetSize of job (KB)
...
006 (454.454.000) 2022-04-08 02:09:30 Image size of job updated: 777972
	320  -  MemoryUsage of job (MB)
	327672  -  ResidentSetSize of job (KB)
...
006 (454.454.000) 2022-04-08 02:14:30 Image size of job updated: 778228
	321  -  MemoryUsage of job (MB)
	327804  -  ResidentSetSize of job (KB)
...
006 (454.454.000) 2022-04-08 02:19:30 Image size of job updated: 778228
	321  -  MemoryUsage of job (MB)
	327936  -  ResidentSetSize of job (KB)
...
006 (454.454.000) 2022-04-08 02:24:31 Image size of job updated: 778484
	321  -  MemoryUsage of job (MB)
	327936  -  ResidentSetSize of job (KB)
...
006 (454.454.000) 2022-04-08 02:29:32 Image size of job updated: 778484
	321  -  MemoryUsage of job (MB)
	328068  -  ResidentSetSize of job (KB)
...
006 (454.454.000) 2022-04-08 02:34:32 Image size of job updated: 778484
	321  -  MemoryUsage of job (MB)
	328200  -  ResidentSetSize of job (KB)
...
006 (454.454.000) 2022-04-08 02:39:32 Image size of job updated: 778740
	321  -  MemoryUsage of job (MB)
	328332  -  ResidentSetSize of job (KB)
...
006 (454.454.000) 2022-04-08 02:44:33 Image size of job updated: 778740
	321  -  MemoryUsage of job (MB)
	328464  -  ResidentSetSize of job (KB)
...
006 (454.454.000) 2022-04-08 02:49:33 Image size of job updated: 778996
	321  -  MemoryUsage of job (MB)
	328596  -  ResidentSetSize of job (KB)
...
006 (454.454.000) 2022-04-08 02:59:34 Image size of job updated: 779252
	322  -  MemoryUsage of job (MB)
	328728  -  ResidentSetSize of job (KB)
...
006 (454.454.000) 2022-04-08 03:04:35 Image size of job updated: 779252
	322  -  MemoryUsage of job (MB)
	328860  -  ResidentSetSize of job (KB)
...
006 (454.454.000) 2022-04-08 03:09:35 Image size of job updated: 779252
	322  -  MemoryUsage of job (MB)
	328992  -  ResidentSetSize of job (KB)
...
006 (454.454.000) 2022-04-08 03:14:35 Image size of job updated: 779508
	322  -  MemoryUsage of job (MB)
	329124  -  ResidentSetSize of job (KB)
...
006 (454.454.000) 2022-04-08 03:19:36 Image size of job updated: 779508
	322  -  MemoryUsage of job (MB)
	329256  -  ResidentSetSize of job (KB)
...
006 (454.454.000) 2022-04-08 03:23:48 Image size of job updated: 779764
	322  -  MemoryUsage of job (MB)
	329256  -  ResidentSetSize of job (KB)
...
005 (454.454.000) 2022-04-08 03:23:48 Job terminated.
	(1) Normal termination (return value 0)
		Usr 0 05:23:52, Sys 0 00:00:15  -  Run Remote Usage
		Usr 0 00:00:00, Sys 0 00:00:00  -  Run Local Usage
		Usr 0 05:23:52, Sys 0 00:00:15  -  Total Remote Usage
		Usr 0 00:00:00, Sys 0 00:00:00  -  Total Local Usage
	0  -  Run Bytes Sent By Job
	0  -  Run Bytes Received By Job
	0  -  Total Bytes Sent By Job
	0  -  Total Bytes Received By Job
	Partitionable Resources :    Usage  Request Allocated 
	   Cpus                 :     1.00        1         1 
	   Disk (KB)            :  7500        7500     11001 
	   Memory (MB)          :   322        1024      1024 

	Job terminated of its own accord at 2022-04-08T01:23:48Z with exit-code 0.
...
