000 (454.730.000) 2022-04-06 16:54:02 Job submitted from host: <10.18.24.243:9618?addrs=10.18.24.243-9618&alias=ecoclusts01.bioclust.biologie.ens.fr&noUDP&sock=schedd_1052_29b8>
...
001 (454.730.000) 2022-04-08 05:59:08 Job executing on host: <10.18.24.136:9618?addrs=10.18.24.136-9618&alias=dyoclust09.bioclust.biologie.ens.fr&noUDP&sock=startd_808_cc9c>
...
006 (454.730.000) 2022-04-08 05:59:17 Image size of job updated: 192288
	188  -  MemoryUsage of job (MB)
	192288  -  ResidentSetSize of job (KB)
...
006 (454.730.000) 2022-04-08 06:04:18 Image size of job updated: 756252
	317  -  MemoryUsage of job (MB)
	324096  -  ResidentSetSize of job (KB)
...
006 (454.730.000) 2022-04-08 06:09:18 Image size of job updated: 774388
	317  -  MemoryUsage of job (MB)
	324096  -  ResidentSetSize of job (KB)
...
006 (454.730.000) 2022-04-08 06:39:21 Image size of job updated: 774644
	317  -  MemoryUsage of job (MB)
	324316  -  ResidentSetSize of job (KB)
...
006 (454.730.000) 2022-04-08 06:44:21 Image size of job updated: 774900
	317  -  MemoryUsage of job (MB)
	324580  -  ResidentSetSize of job (KB)
...
006 (454.730.000) 2022-04-08 06:49:21 Image size of job updated: 775156
	318  -  MemoryUsage of job (MB)
	324712  -  ResidentSetSize of job (KB)
...
006 (454.730.000) 2022-04-08 06:54:23 Image size of job updated: 775156
	318  -  MemoryUsage of job (MB)
	324844  -  ResidentSetSize of job (KB)
...
006 (454.730.000) 2022-04-08 06:59:23 Image size of job updated: 775412
	318  -  MemoryUsage of job (MB)
	325108  -  ResidentSetSize of job (KB)
...
006 (454.730.000) 2022-04-08 07:04:23 Image size of job updated: 775668
	318  -  MemoryUsage of job (MB)
	325240  -  ResidentSetSize of job (KB)
...
006 (454.730.000) 2022-04-08 07:09:24 Image size of job updated: 775924
	318  -  MemoryUsage of job (MB)
	325504  -  ResidentSetSize of job (KB)
...
006 (454.730.000) 2022-04-08 07:14:25 Image size of job updated: 776180
	319  -  MemoryUsage of job (MB)
	325636  -  ResidentSetSize of job (KB)
...
006 (454.730.000) 2022-04-08 07:19:25 Image size of job updated: 776180
	319  -  MemoryUsage of job (MB)
	325900  -  ResidentSetSize of job (KB)
...
006 (454.730.000) 2022-04-08 07:24:25 Image size of job updated: 776436
	319  -  MemoryUsage of job (MB)
	326164  -  ResidentSetSize of job (KB)
...
006 (454.730.000) 2022-04-08 07:29:25 Image size of job updated: 776692
	319  -  MemoryUsage of job (MB)
	326296  -  ResidentSetSize of job (KB)
...
006 (454.730.000) 2022-04-08 07:34:26 Image size of job updated: 776948
	319  -  MemoryUsage of job (MB)
	326428  -  ResidentSetSize of job (KB)
...
006 (454.730.000) 2022-04-08 07:39:26 Image size of job updated: 776948
	319  -  MemoryUsage of job (MB)
	326560  -  ResidentSetSize of job (KB)
...
006 (454.730.000) 2022-04-08 07:49:28 Image size of job updated: 777204
	320  -  MemoryUsage of job (MB)
	326692  -  ResidentSetSize of job (KB)
...
006 (454.730.000) 2022-04-08 07:54:28 Image size of job updated: 777204
	320  -  MemoryUsage of job (MB)
	326956  -  ResidentSetSize of job (KB)
...
006 (454.730.000) 2022-04-08 07:59:28 Image size of job updated: 777460
	320  -  MemoryUsage of job (MB)
	327088  -  ResidentSetSize of job (KB)
...
006 (454.730.000) 2022-04-08 08:04:30 Image size of job updated: 777716
	320  -  MemoryUsage of job (MB)
	327352  -  ResidentSetSize of job (KB)
...
006 (454.730.000) 2022-04-08 08:09:30 Image size of job updated: 777972
	320  -  MemoryUsage of job (MB)
	327484  -  ResidentSetSize of job (KB)
...
006 (454.730.000) 2022-04-08 08:14:30 Image size of job updated: 777972
	321  -  MemoryUsage of job (MB)
	327748  -  ResidentSetSize of job (KB)
...
006 (454.730.000) 2022-04-08 08:19:31 Image size of job updated: 778228
	321  -  MemoryUsage of job (MB)
	327880  -  ResidentSetSize of job (KB)
...
006 (454.730.000) 2022-04-08 08:24:32 Image size of job updated: 778484
	321  -  MemoryUsage of job (MB)
	328144  -  ResidentSetSize of job (KB)
...
006 (454.730.000) 2022-04-08 08:29:32 Image size of job updated: 778740
	321  -  MemoryUsage of job (MB)
	328276  -  ResidentSetSize of job (KB)
...
006 (454.730.000) 2022-04-08 08:34:32 Image size of job updated: 778996
	321  -  MemoryUsage of job (MB)
	328540  -  ResidentSetSize of job (KB)
...
006 (454.730.000) 2022-04-08 08:39:33 Image size of job updated: 778996
	321  -  MemoryUsage of job (MB)
	328672  -  ResidentSetSize of job (KB)
...
006 (454.730.000) 2022-04-08 08:44:33 Image size of job updated: 779252
	322  -  MemoryUsage of job (MB)
	328936  -  ResidentSetSize of job (KB)
...
006 (454.730.000) 2022-04-08 08:49:33 Image size of job updated: 779508
	322  -  MemoryUsage of job (MB)
	329068  -  ResidentSetSize of job (KB)
...
006 (454.730.000) 2022-04-08 08:54:15 Image size of job updated: 779764
	322  -  MemoryUsage of job (MB)
	329068  -  ResidentSetSize of job (KB)
...
005 (454.730.000) 2022-04-08 08:54:15 Job terminated.
	(1) Normal termination (return value 0)
		Usr 0 02:54:04, Sys 0 00:00:26  -  Run Remote Usage
		Usr 0 00:00:00, Sys 0 00:00:00  -  Run Local Usage
		Usr 0 02:54:04, Sys 0 00:00:26  -  Total Remote Usage
		Usr 0 00:00:00, Sys 0 00:00:00  -  Total Local Usage
	0  -  Run Bytes Sent By Job
	0  -  Run Bytes Received By Job
	0  -  Total Bytes Sent By Job
	0  -  Total Bytes Received By Job
	Partitionable Resources :    Usage  Request Allocated 
	   Cpus                 :     1.00        1         1 
	   Disk (KB)            :  7500        7500     10998 
	   Memory (MB)          :   322        1024      1024 

	Job terminated of its own accord at 2022-04-08T06:54:15Z with exit-code 0.
...
