000 (454.002.000) 2022-04-06 16:53:59 Job submitted from host: <10.18.24.243:9618?addrs=10.18.24.243-9618&alias=ecoclusts01.bioclust.biologie.ens.fr&noUDP&sock=schedd_1052_29b8>
...
001 (454.002.000) 2022-04-07 00:37:28 Job executing on host: <10.18.24.174:9618?addrs=10.18.24.174-9618&alias=mcbsclust03.bioclust.biologie.ens.fr&noUDP&sock=startd_937_4854>
...
006 (454.002.000) 2022-04-07 00:37:36 Image size of job updated: 468220
	458  -  MemoryUsage of job (MB)
	468220  -  ResidentSetSize of job (KB)
...
006 (454.002.000) 2022-04-07 00:42:36 Image size of job updated: 741876
	460  -  MemoryUsage of job (MB)
	470268  -  ResidentSetSize of job (KB)
...
006 (454.002.000) 2022-04-07 00:47:37 Image size of job updated: 792504
	460  -  MemoryUsage of job (MB)
	470268  -  ResidentSetSize of job (KB)
...
005 (454.002.000) 2022-04-07 06:18:16 Job terminated.
	(1) Normal termination (return value 0)
		Usr 0 05:39:47, Sys 0 00:00:16  -  Run Remote Usage
		Usr 0 00:00:00, Sys 0 00:00:00  -  Run Local Usage
		Usr 0 05:39:47, Sys 0 00:00:16  -  Total Remote Usage
		Usr 0 00:00:00, Sys 0 00:00:00  -  Total Local Usage
	0  -  Run Bytes Sent By Job
	0  -  Run Bytes Received By Job
	0  -  Total Bytes Sent By Job
	0  -  Total Bytes Received By Job
	Partitionable Resources :    Usage  Request Allocated 
	   Cpus                 :     1.00        1         1 
	   Disk (KB)            :  7500        7500     10998 
	   Memory (MB)          :   460        1024      1024 

	Job terminated of its own accord at 2022-04-07T04:18:16Z with exit-code 0.
...
