000 (454.684.000) 2022-04-06 16:54:02 Job submitted from host: <10.18.24.243:9618?addrs=10.18.24.243-9618&alias=ecoclusts01.bioclust.biologie.ens.fr&noUDP&sock=schedd_1052_29b8>
...
001 (454.684.000) 2022-04-08 04:42:06 Job executing on host: <10.18.24.141:9618?addrs=10.18.24.141-9618&alias=dyoclust14.bioclust.biologie.ens.fr&noUDP&sock=startd_801_ff73>
...
006 (454.684.000) 2022-04-08 04:42:15 Image size of job updated: 233408
	213  -  MemoryUsage of job (MB)
	217616  -  ResidentSetSize of job (KB)
...
006 (454.684.000) 2022-04-08 04:47:16 Image size of job updated: 741876
	317  -  MemoryUsage of job (MB)
	324176  -  ResidentSetSize of job (KB)
...
006 (454.684.000) 2022-04-08 04:52:17 Image size of job updated: 774644
	317  -  MemoryUsage of job (MB)
	324332  -  ResidentSetSize of job (KB)
...
006 (454.684.000) 2022-04-08 05:27:21 Image size of job updated: 774900
	317  -  MemoryUsage of job (MB)
	324464  -  ResidentSetSize of job (KB)
...
006 (454.684.000) 2022-04-08 05:32:21 Image size of job updated: 775156
	317  -  MemoryUsage of job (MB)
	324596  -  ResidentSetSize of job (KB)
...
006 (454.684.000) 2022-04-08 05:37:22 Image size of job updated: 775156
	318  -  MemoryUsage of job (MB)
	324728  -  ResidentSetSize of job (KB)
...
006 (454.684.000) 2022-04-08 05:42:23 Image size of job updated: 775412
	318  -  MemoryUsage of job (MB)
	324992  -  ResidentSetSize of job (KB)
...
006 (454.684.000) 2022-04-08 05:47:23 Image size of job updated: 775668
	318  -  MemoryUsage of job (MB)
	325124  -  ResidentSetSize of job (KB)
...
006 (454.684.000) 2022-04-08 05:52:23 Image size of job updated: 775924
	318  -  MemoryUsage of job (MB)
	325388  -  ResidentSetSize of job (KB)
...
006 (454.684.000) 2022-04-08 05:57:24 Image size of job updated: 775924
	319  -  MemoryUsage of job (MB)
	325652  -  ResidentSetSize of job (KB)
...
006 (454.684.000) 2022-04-08 06:02:25 Image size of job updated: 776180
	319  -  MemoryUsage of job (MB)
	325916  -  ResidentSetSize of job (KB)
...
006 (454.684.000) 2022-04-08 06:07:25 Image size of job updated: 776436
	319  -  MemoryUsage of job (MB)
	326180  -  ResidentSetSize of job (KB)
...
006 (454.684.000) 2022-04-08 06:12:26 Image size of job updated: 776692
	319  -  MemoryUsage of job (MB)
	326312  -  ResidentSetSize of job (KB)
...
006 (454.684.000) 2022-04-08 06:17:27 Image size of job updated: 776948
	319  -  MemoryUsage of job (MB)
	326576  -  ResidentSetSize of job (KB)
...
006 (454.684.000) 2022-04-08 06:27:27 Image size of job updated: 776948
	320  -  MemoryUsage of job (MB)
	326708  -  ResidentSetSize of job (KB)
...
006 (454.684.000) 2022-04-08 06:32:28 Image size of job updated: 777204
	320  -  MemoryUsage of job (MB)
	326840  -  ResidentSetSize of job (KB)
...
006 (454.684.000) 2022-04-08 06:37:28 Image size of job updated: 777460
	320  -  MemoryUsage of job (MB)
	327104  -  ResidentSetSize of job (KB)
...
006 (454.684.000) 2022-04-08 06:42:28 Image size of job updated: 777716
	320  -  MemoryUsage of job (MB)
	327236  -  ResidentSetSize of job (KB)
...
006 (454.684.000) 2022-04-08 06:47:29 Image size of job updated: 777716
	320  -  MemoryUsage of job (MB)
	327368  -  ResidentSetSize of job (KB)
...
006 (454.684.000) 2022-04-08 06:52:30 Image size of job updated: 777972
	320  -  MemoryUsage of job (MB)
	327632  -  ResidentSetSize of job (KB)
...
006 (454.684.000) 2022-04-08 06:57:30 Image size of job updated: 778228
	321  -  MemoryUsage of job (MB)
	327764  -  ResidentSetSize of job (KB)
...
006 (454.684.000) 2022-04-08 07:02:31 Image size of job updated: 778484
	321  -  MemoryUsage of job (MB)
	328028  -  ResidentSetSize of job (KB)
...
006 (454.684.000) 2022-04-08 07:07:32 Image size of job updated: 778740
	321  -  MemoryUsage of job (MB)
	328160  -  ResidentSetSize of job (KB)
...
006 (454.684.000) 2022-04-08 07:12:32 Image size of job updated: 778740
	321  -  MemoryUsage of job (MB)
	328424  -  ResidentSetSize of job (KB)
...
006 (454.684.000) 2022-04-08 07:17:32 Image size of job updated: 778996
	321  -  MemoryUsage of job (MB)
	328688  -  ResidentSetSize of job (KB)
...
006 (454.684.000) 2022-04-08 07:22:33 Image size of job updated: 779252
	322  -  MemoryUsage of job (MB)
	328820  -  ResidentSetSize of job (KB)
...
006 (454.684.000) 2022-04-08 07:27:34 Image size of job updated: 779508
	322  -  MemoryUsage of job (MB)
	328952  -  ResidentSetSize of job (KB)
...
006 (454.684.000) 2022-04-08 07:32:34 Image size of job updated: 779508
	322  -  MemoryUsage of job (MB)
	329216  -  ResidentSetSize of job (KB)
...
006 (454.684.000) 2022-04-08 07:34:04 Image size of job updated: 779764
	322  -  MemoryUsage of job (MB)
	329216  -  ResidentSetSize of job (KB)
...
005 (454.684.000) 2022-04-08 07:34:04 Job terminated.
	(1) Normal termination (return value 0)
		Usr 0 02:50:03, Sys 0 00:00:24  -  Run Remote Usage
		Usr 0 00:00:00, Sys 0 00:00:00  -  Run Local Usage
		Usr 0 02:50:03, Sys 0 00:00:24  -  Total Remote Usage
		Usr 0 00:00:00, Sys 0 00:00:00  -  Total Local Usage
	0  -  Run Bytes Sent By Job
	0  -  Run Bytes Received By Job
	0  -  Total Bytes Sent By Job
	0  -  Total Bytes Received By Job
	Partitionable Resources :    Usage  Request Allocated 
	   Cpus                 :     1.00        1         1 
	   Disk (KB)            :  7500        7500     10998 
	   Memory (MB)          :   322        1024      1024 

	Job terminated of its own accord at 2022-04-08T05:34:04Z with exit-code 0.
...
