000 (454.521.000) 2022-04-06 16:54:01 Job submitted from host: <10.18.24.243:9618?addrs=10.18.24.243-9618&alias=ecoclusts01.bioclust.biologie.ens.fr&noUDP&sock=schedd_1052_29b8>
...
001 (454.521.000) 2022-04-08 00:07:58 Job executing on host: <10.18.24.134:9618?addrs=10.18.24.134-9618&alias=dyoclust07.bioclust.biologie.ens.fr&noUDP&sock=startd_808_cc9c>
...
006 (454.521.000) 2022-04-08 00:08:07 Image size of job updated: 158448
	155  -  MemoryUsage of job (MB)
	158448  -  ResidentSetSize of job (KB)
...
006 (454.521.000) 2022-04-08 00:13:08 Image size of job updated: 806432
	317  -  MemoryUsage of job (MB)
	324048  -  ResidentSetSize of job (KB)
...
006 (454.521.000) 2022-04-08 01:03:12 Image size of job updated: 806432
	317  -  MemoryUsage of job (MB)
	324180  -  ResidentSetSize of job (KB)
...
006 (454.521.000) 2022-04-08 01:08:13 Image size of job updated: 806432
	317  -  MemoryUsage of job (MB)
	324312  -  ResidentSetSize of job (KB)
...
006 (454.521.000) 2022-04-08 01:13:14 Image size of job updated: 806432
	317  -  MemoryUsage of job (MB)
	324444  -  ResidentSetSize of job (KB)
...
006 (454.521.000) 2022-04-08 01:18:14 Image size of job updated: 806432
	318  -  MemoryUsage of job (MB)
	324708  -  ResidentSetSize of job (KB)
...
006 (454.521.000) 2022-04-08 01:23:14 Image size of job updated: 806432
	318  -  MemoryUsage of job (MB)
	324840  -  ResidentSetSize of job (KB)
...
006 (454.521.000) 2022-04-08 01:28:15 Image size of job updated: 806432
	318  -  MemoryUsage of job (MB)
	324972  -  ResidentSetSize of job (KB)
...
006 (454.521.000) 2022-04-08 01:33:16 Image size of job updated: 806432
	318  -  MemoryUsage of job (MB)
	325236  -  ResidentSetSize of job (KB)
...
006 (454.521.000) 2022-04-08 01:38:16 Image size of job updated: 806432
	318  -  MemoryUsage of job (MB)
	325368  -  ResidentSetSize of job (KB)
...
006 (454.521.000) 2022-04-08 01:43:16 Image size of job updated: 806432
	318  -  MemoryUsage of job (MB)
	325632  -  ResidentSetSize of job (KB)
...
006 (454.521.000) 2022-04-08 01:48:17 Image size of job updated: 806432
	319  -  MemoryUsage of job (MB)
	325896  -  ResidentSetSize of job (KB)
...
006 (454.521.000) 2022-04-08 01:53:17 Image size of job updated: 806432
	319  -  MemoryUsage of job (MB)
	326028  -  ResidentSetSize of job (KB)
...
006 (454.521.000) 2022-04-08 01:58:17 Image size of job updated: 806432
	319  -  MemoryUsage of job (MB)
	326292  -  ResidentSetSize of job (KB)
...
006 (454.521.000) 2022-04-08 02:03:18 Image size of job updated: 806432
	319  -  MemoryUsage of job (MB)
	326424  -  ResidentSetSize of job (KB)
...
006 (454.521.000) 2022-04-08 02:08:19 Image size of job updated: 806432
	319  -  MemoryUsage of job (MB)
	326556  -  ResidentSetSize of job (KB)
...
006 (454.521.000) 2022-04-08 02:18:20 Image size of job updated: 806432
	320  -  MemoryUsage of job (MB)
	326688  -  ResidentSetSize of job (KB)
...
006 (454.521.000) 2022-04-08 02:23:20 Image size of job updated: 806432
	320  -  MemoryUsage of job (MB)
	326952  -  ResidentSetSize of job (KB)
...
006 (454.521.000) 2022-04-08 02:28:21 Image size of job updated: 806432
	320  -  MemoryUsage of job (MB)
	327084  -  ResidentSetSize of job (KB)
...
006 (454.521.000) 2022-04-08 02:33:22 Image size of job updated: 806432
	320  -  MemoryUsage of job (MB)
	327348  -  ResidentSetSize of job (KB)
...
006 (454.521.000) 2022-04-08 02:38:22 Image size of job updated: 806432
	320  -  MemoryUsage of job (MB)
	327480  -  ResidentSetSize of job (KB)
...
006 (454.521.000) 2022-04-08 02:43:22 Image size of job updated: 806432
	321  -  MemoryUsage of job (MB)
	327744  -  ResidentSetSize of job (KB)
...
006 (454.521.000) 2022-04-08 02:48:23 Image size of job updated: 806432
	321  -  MemoryUsage of job (MB)
	327876  -  ResidentSetSize of job (KB)
...
006 (454.521.000) 2022-04-08 02:53:23 Image size of job updated: 806432
	321  -  MemoryUsage of job (MB)
	328008  -  ResidentSetSize of job (KB)
...
006 (454.521.000) 2022-04-08 02:58:23 Image size of job updated: 806432
	321  -  MemoryUsage of job (MB)
	328272  -  ResidentSetSize of job (KB)
...
006 (454.521.000) 2022-04-08 03:03:23 Image size of job updated: 806432
	321  -  MemoryUsage of job (MB)
	328404  -  ResidentSetSize of job (KB)
...
006 (454.521.000) 2022-04-08 03:08:24 Image size of job updated: 806432
	321  -  MemoryUsage of job (MB)
	328668  -  ResidentSetSize of job (KB)
...
006 (454.521.000) 2022-04-08 03:13:25 Image size of job updated: 806432
	322  -  MemoryUsage of job (MB)
	328800  -  ResidentSetSize of job (KB)
...
006 (454.521.000) 2022-04-08 03:18:25 Image size of job updated: 806432
	322  -  MemoryUsage of job (MB)
	329064  -  ResidentSetSize of job (KB)
...
006 (454.521.000) 2022-04-08 03:23:26 Image size of job updated: 806432
	322  -  MemoryUsage of job (MB)
	329196  -  ResidentSetSize of job (KB)
...
005 (454.521.000) 2022-04-08 03:24:27 Job terminated.
	(1) Normal termination (return value 0)
		Usr 0 03:15:44, Sys 0 00:00:24  -  Run Remote Usage
		Usr 0 00:00:00, Sys 0 00:00:00  -  Run Local Usage
		Usr 0 03:15:44, Sys 0 00:00:24  -  Total Remote Usage
		Usr 0 00:00:00, Sys 0 00:00:00  -  Total Local Usage
	0  -  Run Bytes Sent By Job
	0  -  Run Bytes Received By Job
	0  -  Total Bytes Sent By Job
	0  -  Total Bytes Received By Job
	Partitionable Resources :    Usage  Request Allocated 
	   Cpus                 :     1.00        1         1 
	   Disk (KB)            :  7500        7500     10998 
	   Memory (MB)          :   322        1024      1024 

	Job terminated of its own accord at 2022-04-08T01:24:27Z with exit-code 0.
...
