000 (454.714.000) 2022-04-06 16:54:02 Job submitted from host: <10.18.24.243:9618?addrs=10.18.24.243-9618&alias=ecoclusts01.bioclust.biologie.ens.fr&noUDP&sock=schedd_1052_29b8>
...
001 (454.714.000) 2022-04-08 05:41:08 Job executing on host: <10.18.24.178:9618?addrs=10.18.24.178-9618&alias=mcbsclust07.bioclust.biologie.ens.fr&noUDP&sock=startd_912_2276>
...
006 (454.714.000) 2022-04-08 05:41:16 Image size of job updated: 331792
	240  -  MemoryUsage of job (MB)
	245256  -  ResidentSetSize of job (KB)
...
006 (454.714.000) 2022-04-08 05:46:16 Image size of job updated: 741620
	317  -  MemoryUsage of job (MB)
	324080  -  ResidentSetSize of job (KB)
...
006 (454.714.000) 2022-04-08 05:51:17 Image size of job updated: 774388
	317  -  MemoryUsage of job (MB)
	324080  -  ResidentSetSize of job (KB)
...
006 (454.714.000) 2022-04-08 06:36:22 Image size of job updated: 774644
	317  -  MemoryUsage of job (MB)
	324168  -  ResidentSetSize of job (KB)
...
006 (454.714.000) 2022-04-08 06:46:24 Image size of job updated: 774644
	317  -  MemoryUsage of job (MB)
	324300  -  ResidentSetSize of job (KB)
...
006 (454.714.000) 2022-04-08 06:56:24 Image size of job updated: 774900
	317  -  MemoryUsage of job (MB)
	324432  -  ResidentSetSize of job (KB)
...
006 (454.714.000) 2022-04-08 07:01:26 Image size of job updated: 774900
	317  -  MemoryUsage of job (MB)
	324564  -  ResidentSetSize of job (KB)
...
006 (454.714.000) 2022-04-08 07:11:26 Image size of job updated: 775156
	318  -  MemoryUsage of job (MB)
	324696  -  ResidentSetSize of job (KB)
...
006 (454.714.000) 2022-04-08 07:21:28 Image size of job updated: 775156
	318  -  MemoryUsage of job (MB)
	324828  -  ResidentSetSize of job (KB)
...
006 (454.714.000) 2022-04-08 07:26:28 Image size of job updated: 775412
	318  -  MemoryUsage of job (MB)
	324960  -  ResidentSetSize of job (KB)
...
006 (454.714.000) 2022-04-08 07:31:28 Image size of job updated: 775412
	318  -  MemoryUsage of job (MB)
	325092  -  ResidentSetSize of job (KB)
...
006 (454.714.000) 2022-04-08 07:36:29 Image size of job updated: 775668
	318  -  MemoryUsage of job (MB)
	325224  -  ResidentSetSize of job (KB)
...
006 (454.714.000) 2022-04-08 07:41:30 Image size of job updated: 775668
	318  -  MemoryUsage of job (MB)
	325356  -  ResidentSetSize of job (KB)
...
006 (454.714.000) 2022-04-08 07:46:30 Image size of job updated: 775924
	318  -  MemoryUsage of job (MB)
	325488  -  ResidentSetSize of job (KB)
...
006 (454.714.000) 2022-04-08 07:51:31 Image size of job updated: 775924
	318  -  MemoryUsage of job (MB)
	325620  -  ResidentSetSize of job (KB)
...
006 (454.714.000) 2022-04-08 07:56:32 Image size of job updated: 776180
	318  -  MemoryUsage of job (MB)
	325620  -  ResidentSetSize of job (KB)
...
006 (454.714.000) 2022-04-08 08:01:32 Image size of job updated: 776180
	319  -  MemoryUsage of job (MB)
	325752  -  ResidentSetSize of job (KB)
...
006 (454.714.000) 2022-04-08 08:06:32 Image size of job updated: 776180
	319  -  MemoryUsage of job (MB)
	325884  -  ResidentSetSize of job (KB)
...
006 (454.714.000) 2022-04-08 08:11:33 Image size of job updated: 776436
	319  -  MemoryUsage of job (MB)
	326016  -  ResidentSetSize of job (KB)
...
006 (454.714.000) 2022-04-08 08:16:34 Image size of job updated: 776436
	319  -  MemoryUsage of job (MB)
	326148  -  ResidentSetSize of job (KB)
...
006 (454.714.000) 2022-04-08 08:21:34 Image size of job updated: 776692
	319  -  MemoryUsage of job (MB)
	326280  -  ResidentSetSize of job (KB)
...
006 (454.714.000) 2022-04-08 08:26:35 Image size of job updated: 776692
	319  -  MemoryUsage of job (MB)
	326412  -  ResidentSetSize of job (KB)
...
006 (454.714.000) 2022-04-08 08:31:36 Image size of job updated: 776948
	319  -  MemoryUsage of job (MB)
	326412  -  ResidentSetSize of job (KB)
...
006 (454.714.000) 2022-04-08 08:36:36 Image size of job updated: 776948
	319  -  MemoryUsage of job (MB)
	326544  -  ResidentSetSize of job (KB)
...
006 (454.714.000) 2022-04-08 08:51:38 Image size of job updated: 776948
	320  -  MemoryUsage of job (MB)
	326676  -  ResidentSetSize of job (KB)
...
006 (454.714.000) 2022-04-08 08:56:38 Image size of job updated: 777204
	320  -  MemoryUsage of job (MB)
	326808  -  ResidentSetSize of job (KB)
...
006 (454.714.000) 2022-04-08 09:06:40 Image size of job updated: 777460
	320  -  MemoryUsage of job (MB)
	326940  -  ResidentSetSize of job (KB)
...
006 (454.714.000) 2022-04-08 09:11:40 Image size of job updated: 777460
	320  -  MemoryUsage of job (MB)
	327072  -  ResidentSetSize of job (KB)
...
006 (454.714.000) 2022-04-08 09:16:40 Image size of job updated: 777716
	320  -  MemoryUsage of job (MB)
	327204  -  ResidentSetSize of job (KB)
...
006 (454.714.000) 2022-04-08 09:21:41 Image size of job updated: 777716
	320  -  MemoryUsage of job (MB)
	327336  -  ResidentSetSize of job (KB)
...
006 (454.714.000) 2022-04-08 09:26:42 Image size of job updated: 777716
	320  -  MemoryUsage of job (MB)
	327468  -  ResidentSetSize of job (KB)
...
006 (454.714.000) 2022-04-08 09:31:42 Image size of job updated: 777972
	320  -  MemoryUsage of job (MB)
	327468  -  ResidentSetSize of job (KB)
...
006 (454.714.000) 2022-04-08 09:36:43 Image size of job updated: 777972
	320  -  MemoryUsage of job (MB)
	327600  -  ResidentSetSize of job (KB)
...
006 (454.714.000) 2022-04-08 09:41:44 Image size of job updated: 778228
	321  -  MemoryUsage of job (MB)
	327732  -  ResidentSetSize of job (KB)
...
006 (454.714.000) 2022-04-08 09:46:44 Image size of job updated: 778228
	321  -  MemoryUsage of job (MB)
	327864  -  ResidentSetSize of job (KB)
...
006 (454.714.000) 2022-04-08 09:51:44 Image size of job updated: 778228
	321  -  MemoryUsage of job (MB)
	327996  -  ResidentSetSize of job (KB)
...
006 (454.714.000) 2022-04-08 09:56:45 Image size of job updated: 778484
	321  -  MemoryUsage of job (MB)
	327996  -  ResidentSetSize of job (KB)
...
006 (454.714.000) 2022-04-08 10:01:45 Image size of job updated: 778484
	321  -  MemoryUsage of job (MB)
	328128  -  ResidentSetSize of job (KB)
...
006 (454.714.000) 2022-04-08 10:06:45 Image size of job updated: 778740
	321  -  MemoryUsage of job (MB)
	328260  -  ResidentSetSize of job (KB)
...
006 (454.714.000) 2022-04-08 10:11:46 Image size of job updated: 778740
	321  -  MemoryUsage of job (MB)
	328392  -  ResidentSetSize of job (KB)
...
006 (454.714.000) 2022-04-08 10:16:47 Image size of job updated: 778996
	321  -  MemoryUsage of job (MB)
	328524  -  ResidentSetSize of job (KB)
...
006 (454.714.000) 2022-04-08 10:21:47 Image size of job updated: 778996
	321  -  MemoryUsage of job (MB)
	328656  -  ResidentSetSize of job (KB)
...
006 (454.714.000) 2022-04-08 10:31:49 Image size of job updated: 779252
	322  -  MemoryUsage of job (MB)
	328788  -  ResidentSetSize of job (KB)
...
006 (454.714.000) 2022-04-08 10:36:49 Image size of job updated: 779252
	322  -  MemoryUsage of job (MB)
	328920  -  ResidentSetSize of job (KB)
...
006 (454.714.000) 2022-04-08 10:41:49 Image size of job updated: 779508
	322  -  MemoryUsage of job (MB)
	329052  -  ResidentSetSize of job (KB)
...
006 (454.714.000) 2022-04-08 10:46:50 Image size of job updated: 779508
	322  -  MemoryUsage of job (MB)
	329184  -  ResidentSetSize of job (KB)
...
006 (454.714.000) 2022-04-08 10:51:51 Image size of job updated: 779764
	322  -  MemoryUsage of job (MB)
	329184  -  ResidentSetSize of job (KB)
...
005 (454.714.000) 2022-04-08 10:52:43 Job terminated.
	(1) Normal termination (return value 0)
		Usr 0 05:10:17, Sys 0 00:00:13  -  Run Remote Usage
		Usr 0 00:00:00, Sys 0 00:00:00  -  Run Local Usage
		Usr 0 05:10:17, Sys 0 00:00:13  -  Total Remote Usage
		Usr 0 00:00:00, Sys 0 00:00:00  -  Total Local Usage
	0  -  Run Bytes Sent By Job
	0  -  Run Bytes Received By Job
	0  -  Total Bytes Sent By Job
	0  -  Total Bytes Received By Job
	Partitionable Resources :    Usage  Request Allocated 
	   Cpus                 :     0.99        1         1 
	   Disk (KB)            :  7500        7500     11001 
	   Memory (MB)          :   322        1024      1024 

	Job terminated of its own accord at 2022-04-08T08:52:43Z with exit-code 0.
...
