000 (454.729.000) 2022-04-06 16:54:02 Job submitted from host: <10.18.24.243:9618?addrs=10.18.24.243-9618&alias=ecoclusts01.bioclust.biologie.ens.fr&noUDP&sock=schedd_1052_29b8>
...
001 (454.729.000) 2022-04-08 05:58:08 Job executing on host: <10.18.24.179:9618?addrs=10.18.24.179-9618&alias=mcbsclust08.bioclust.biologie.ens.fr&noUDP&sock=startd_920_9f38>
...
006 (454.729.000) 2022-04-08 05:58:17 Image size of job updated: 233404
	91  -  MemoryUsage of job (MB)
	92632  -  ResidentSetSize of job (KB)
...
006 (454.729.000) 2022-04-08 06:03:18 Image size of job updated: 741876
	317  -  MemoryUsage of job (MB)
	324332  -  ResidentSetSize of job (KB)
...
006 (454.729.000) 2022-04-08 06:13:18 Image size of job updated: 774644
	317  -  MemoryUsage of job (MB)
	324332  -  ResidentSetSize of job (KB)
...
006 (454.729.000) 2022-04-08 08:03:31 Image size of job updated: 774900
	317  -  MemoryUsage of job (MB)
	324464  -  ResidentSetSize of job (KB)
...
006 (454.729.000) 2022-04-08 08:08:31 Image size of job updated: 774900
	317  -  MemoryUsage of job (MB)
	324596  -  ResidentSetSize of job (KB)
...
006 (454.729.000) 2022-04-08 08:13:31 Image size of job updated: 775156
	318  -  MemoryUsage of job (MB)
	324728  -  ResidentSetSize of job (KB)
...
006 (454.729.000) 2022-04-08 08:23:32 Image size of job updated: 775156
	318  -  MemoryUsage of job (MB)
	324860  -  ResidentSetSize of job (KB)
...
006 (454.729.000) 2022-04-08 08:28:32 Image size of job updated: 775412
	318  -  MemoryUsage of job (MB)
	324992  -  ResidentSetSize of job (KB)
...
006 (454.729.000) 2022-04-08 08:33:33 Image size of job updated: 775412
	318  -  MemoryUsage of job (MB)
	325124  -  ResidentSetSize of job (KB)
...
006 (454.729.000) 2022-04-08 08:38:34 Image size of job updated: 775668
	318  -  MemoryUsage of job (MB)
	325124  -  ResidentSetSize of job (KB)
...
006 (454.729.000) 2022-04-08 08:43:34 Image size of job updated: 775668
	318  -  MemoryUsage of job (MB)
	325256  -  ResidentSetSize of job (KB)
...
006 (454.729.000) 2022-04-08 08:48:34 Image size of job updated: 775668
	318  -  MemoryUsage of job (MB)
	325388  -  ResidentSetSize of job (KB)
...
006 (454.729.000) 2022-04-08 08:53:35 Image size of job updated: 775924
	318  -  MemoryUsage of job (MB)
	325520  -  ResidentSetSize of job (KB)
...
006 (454.729.000) 2022-04-08 09:03:35 Image size of job updated: 776180
	319  -  MemoryUsage of job (MB)
	325652  -  ResidentSetSize of job (KB)
...
006 (454.729.000) 2022-04-08 09:08:36 Image size of job updated: 776180
	319  -  MemoryUsage of job (MB)
	325784  -  ResidentSetSize of job (KB)
...
006 (454.729.000) 2022-04-08 09:13:37 Image size of job updated: 776180
	319  -  MemoryUsage of job (MB)
	325916  -  ResidentSetSize of job (KB)
...
006 (454.729.000) 2022-04-08 09:18:37 Image size of job updated: 776436
	319  -  MemoryUsage of job (MB)
	325916  -  ResidentSetSize of job (KB)
...
006 (454.729.000) 2022-04-08 09:23:37 Image size of job updated: 776436
	319  -  MemoryUsage of job (MB)
	326048  -  ResidentSetSize of job (KB)
...
006 (454.729.000) 2022-04-08 09:28:39 Image size of job updated: 776692
	319  -  MemoryUsage of job (MB)
	326180  -  ResidentSetSize of job (KB)
...
006 (454.729.000) 2022-04-08 09:33:39 Image size of job updated: 776692
	319  -  MemoryUsage of job (MB)
	326312  -  ResidentSetSize of job (KB)
...
006 (454.729.000) 2022-04-08 09:38:39 Image size of job updated: 776948
	319  -  MemoryUsage of job (MB)
	326444  -  ResidentSetSize of job (KB)
...
006 (454.729.000) 2022-04-08 09:48:41 Image size of job updated: 776948
	319  -  MemoryUsage of job (MB)
	326576  -  ResidentSetSize of job (KB)
...
006 (454.729.000) 2022-04-08 10:08:42 Image size of job updated: 777204
	320  -  MemoryUsage of job (MB)
	326708  -  ResidentSetSize of job (KB)
...
006 (454.729.000) 2022-04-08 10:13:42 Image size of job updated: 777204
	320  -  MemoryUsage of job (MB)
	326840  -  ResidentSetSize of job (KB)
...
006 (454.729.000) 2022-04-08 10:23:44 Image size of job updated: 777460
	320  -  MemoryUsage of job (MB)
	326972  -  ResidentSetSize of job (KB)
...
006 (454.729.000) 2022-04-08 10:28:44 Image size of job updated: 777460
	320  -  MemoryUsage of job (MB)
	327104  -  ResidentSetSize of job (KB)
...
006 (454.729.000) 2022-04-08 10:38:46 Image size of job updated: 777716
	320  -  MemoryUsage of job (MB)
	327236  -  ResidentSetSize of job (KB)
...
006 (454.729.000) 2022-04-08 10:43:46 Image size of job updated: 777716
	320  -  MemoryUsage of job (MB)
	327368  -  ResidentSetSize of job (KB)
...
006 (454.729.000) 2022-04-08 10:48:46 Image size of job updated: 777716
	320  -  MemoryUsage of job (MB)
	327500  -  ResidentSetSize of job (KB)
...
006 (454.729.000) 2022-04-08 10:53:47 Image size of job updated: 777972
	320  -  MemoryUsage of job (MB)
	327500  -  ResidentSetSize of job (KB)
...
006 (454.729.000) 2022-04-08 10:58:48 Image size of job updated: 777972
	320  -  MemoryUsage of job (MB)
	327632  -  ResidentSetSize of job (KB)
...
006 (454.729.000) 2022-04-08 11:03:48 Image size of job updated: 778228
	321  -  MemoryUsage of job (MB)
	327764  -  ResidentSetSize of job (KB)
...
006 (454.729.000) 2022-04-08 11:13:49 Image size of job updated: 778228
	321  -  MemoryUsage of job (MB)
	327896  -  ResidentSetSize of job (KB)
...
006 (454.729.000) 2022-04-08 11:18:49 Image size of job updated: 778484
	321  -  MemoryUsage of job (MB)
	328028  -  ResidentSetSize of job (KB)
...
006 (454.729.000) 2022-04-08 11:23:49 Image size of job updated: 778484
	321  -  MemoryUsage of job (MB)
	328160  -  ResidentSetSize of job (KB)
...
006 (454.729.000) 2022-04-08 11:28:50 Image size of job updated: 778740
	321  -  MemoryUsage of job (MB)
	328292  -  ResidentSetSize of job (KB)
...
006 (454.729.000) 2022-04-08 11:38:51 Image size of job updated: 778740
	321  -  MemoryUsage of job (MB)
	328424  -  ResidentSetSize of job (KB)
...
006 (454.729.000) 2022-04-08 11:43:51 Image size of job updated: 778996
	321  -  MemoryUsage of job (MB)
	328556  -  ResidentSetSize of job (KB)
...
006 (454.729.000) 2022-04-08 11:48:52 Image size of job updated: 778996
	321  -  MemoryUsage of job (MB)
	328688  -  ResidentSetSize of job (KB)
...
006 (454.729.000) 2022-04-08 11:53:52 Image size of job updated: 779252
	321  -  MemoryUsage of job (MB)
	328688  -  ResidentSetSize of job (KB)
...
006 (454.729.000) 2022-04-08 11:58:52 Image size of job updated: 779252
	322  -  MemoryUsage of job (MB)
	328820  -  ResidentSetSize of job (KB)
...
006 (454.729.000) 2022-04-08 12:03:53 Image size of job updated: 779252
	322  -  MemoryUsage of job (MB)
	328952  -  ResidentSetSize of job (KB)
...
006 (454.729.000) 2022-04-08 12:08:54 Image size of job updated: 779508
	322  -  MemoryUsage of job (MB)
	329084  -  ResidentSetSize of job (KB)
...
006 (454.729.000) 2022-04-08 12:18:54 Image size of job updated: 779508
	322  -  MemoryUsage of job (MB)
	329216  -  ResidentSetSize of job (KB)
...
006 (454.729.000) 2022-04-08 12:23:07 Image size of job updated: 779764
	322  -  MemoryUsage of job (MB)
	329216  -  ResidentSetSize of job (KB)
...
005 (454.729.000) 2022-04-08 12:23:07 Job terminated.
	(1) Normal termination (return value 0)
		Usr 0 06:23:25, Sys 0 00:00:25  -  Run Remote Usage
		Usr 0 00:00:00, Sys 0 00:00:00  -  Run Local Usage
		Usr 0 06:23:25, Sys 0 00:00:25  -  Total Remote Usage
		Usr 0 00:00:00, Sys 0 00:00:00  -  Total Local Usage
	0  -  Run Bytes Sent By Job
	0  -  Run Bytes Received By Job
	0  -  Total Bytes Sent By Job
	0  -  Total Bytes Received By Job
	Partitionable Resources :    Usage  Request Allocated 
	   Cpus                 :     1.00        1         1 
	   Disk (KB)            :  7500        7500     10998 
	   Memory (MB)          :   322        1024      1024 

	Job terminated of its own accord at 2022-04-08T10:23:07Z with exit-code 0.
...
