000 (454.360.000) 2022-04-06 16:54:00 Job submitted from host: <10.18.24.243:9618?addrs=10.18.24.243-9618&alias=ecoclusts01.bioclust.biologie.ens.fr&noUDP&sock=schedd_1052_29b8>
...
001 (454.360.000) 2022-04-07 19:13:16 Job executing on host: <10.18.24.138:9618?addrs=10.18.24.138-9618&alias=dyoclust11.bioclust.biologie.ens.fr&noUDP&sock=startd_801_ff73>
...
006 (454.360.000) 2022-04-07 19:13:25 Image size of job updated: 192752
	101  -  MemoryUsage of job (MB)
	102768  -  ResidentSetSize of job (KB)
...
006 (454.360.000) 2022-04-07 19:18:25 Image size of job updated: 741880
	317  -  MemoryUsage of job (MB)
	324348  -  ResidentSetSize of job (KB)
...
006 (454.360.000) 2022-04-07 19:23:26 Image size of job updated: 774648
	317  -  MemoryUsage of job (MB)
	324348  -  ResidentSetSize of job (KB)
...
006 (454.360.000) 2022-04-07 19:58:30 Image size of job updated: 774904
	317  -  MemoryUsage of job (MB)
	324480  -  ResidentSetSize of job (KB)
...
006 (454.360.000) 2022-04-07 20:03:31 Image size of job updated: 774904
	318  -  MemoryUsage of job (MB)
	324612  -  ResidentSetSize of job (KB)
...
006 (454.360.000) 2022-04-07 20:08:31 Image size of job updated: 775160
	318  -  MemoryUsage of job (MB)
	324744  -  ResidentSetSize of job (KB)
...
006 (454.360.000) 2022-04-07 20:13:31 Image size of job updated: 775416
	318  -  MemoryUsage of job (MB)
	325008  -  ResidentSetSize of job (KB)
...
006 (454.360.000) 2022-04-07 20:18:32 Image size of job updated: 775672
	318  -  MemoryUsage of job (MB)
	325140  -  ResidentSetSize of job (KB)
...
006 (454.360.000) 2022-04-07 20:23:33 Image size of job updated: 775672
	318  -  MemoryUsage of job (MB)
	325404  -  ResidentSetSize of job (KB)
...
006 (454.360.000) 2022-04-07 20:28:33 Image size of job updated: 775928
	318  -  MemoryUsage of job (MB)
	325536  -  ResidentSetSize of job (KB)
...
006 (454.360.000) 2022-04-07 20:33:34 Image size of job updated: 776184
	319  -  MemoryUsage of job (MB)
	325800  -  ResidentSetSize of job (KB)
...
006 (454.360.000) 2022-04-07 20:38:35 Image size of job updated: 776440
	319  -  MemoryUsage of job (MB)
	325932  -  ResidentSetSize of job (KB)
...
006 (454.360.000) 2022-04-07 20:43:35 Image size of job updated: 776440
	319  -  MemoryUsage of job (MB)
	326064  -  ResidentSetSize of job (KB)
...
006 (454.360.000) 2022-04-07 20:48:35 Image size of job updated: 776696
	319  -  MemoryUsage of job (MB)
	326328  -  ResidentSetSize of job (KB)
...
006 (454.360.000) 2022-04-07 20:53:37 Image size of job updated: 776952
	319  -  MemoryUsage of job (MB)
	326460  -  ResidentSetSize of job (KB)
...
006 (454.360.000) 2022-04-07 20:58:37 Image size of job updated: 776952
	319  -  MemoryUsage of job (MB)
	326592  -  ResidentSetSize of job (KB)
...
006 (454.360.000) 2022-04-07 21:08:38 Image size of job updated: 777208
	320  -  MemoryUsage of job (MB)
	326724  -  ResidentSetSize of job (KB)
...
006 (454.360.000) 2022-04-07 21:13:39 Image size of job updated: 777208
	320  -  MemoryUsage of job (MB)
	326856  -  ResidentSetSize of job (KB)
...
006 (454.360.000) 2022-04-07 21:18:39 Image size of job updated: 777464
	320  -  MemoryUsage of job (MB)
	327120  -  ResidentSetSize of job (KB)
...
006 (454.360.000) 2022-04-07 21:23:39 Image size of job updated: 777720
	320  -  MemoryUsage of job (MB)
	327252  -  ResidentSetSize of job (KB)
...
006 (454.360.000) 2022-04-07 21:28:41 Image size of job updated: 777976
	320  -  MemoryUsage of job (MB)
	327516  -  ResidentSetSize of job (KB)
...
006 (454.360.000) 2022-04-07 21:33:41 Image size of job updated: 777976
	320  -  MemoryUsage of job (MB)
	327648  -  ResidentSetSize of job (KB)
...
006 (454.360.000) 2022-04-07 21:38:41 Image size of job updated: 778232
	321  -  MemoryUsage of job (MB)
	327912  -  ResidentSetSize of job (KB)
...
006 (454.360.000) 2022-04-07 21:43:42 Image size of job updated: 778488
	321  -  MemoryUsage of job (MB)
	328044  -  ResidentSetSize of job (KB)
...
006 (454.360.000) 2022-04-07 21:48:43 Image size of job updated: 778744
	321  -  MemoryUsage of job (MB)
	328308  -  ResidentSetSize of job (KB)
...
006 (454.360.000) 2022-04-07 21:53:43 Image size of job updated: 778744
	321  -  MemoryUsage of job (MB)
	328440  -  ResidentSetSize of job (KB)
...
006 (454.360.000) 2022-04-07 21:58:43 Image size of job updated: 779000
	321  -  MemoryUsage of job (MB)
	328704  -  ResidentSetSize of job (KB)
...
006 (454.360.000) 2022-04-07 22:03:45 Image size of job updated: 779256
	322  -  MemoryUsage of job (MB)
	328836  -  ResidentSetSize of job (KB)
...
006 (454.360.000) 2022-04-07 22:08:45 Image size of job updated: 779512
	322  -  MemoryUsage of job (MB)
	328968  -  ResidentSetSize of job (KB)
...
006 (454.360.000) 2022-04-07 22:13:45 Image size of job updated: 779512
	322  -  MemoryUsage of job (MB)
	329232  -  ResidentSetSize of job (KB)
...
006 (454.360.000) 2022-04-07 22:14:39 Image size of job updated: 779768
	322  -  MemoryUsage of job (MB)
	329232  -  ResidentSetSize of job (KB)
...
005 (454.360.000) 2022-04-07 22:14:39 Job terminated.
	(1) Normal termination (return value 0)
		Usr 0 02:59:38, Sys 0 00:00:25  -  Run Remote Usage
		Usr 0 00:00:00, Sys 0 00:00:00  -  Run Local Usage
		Usr 0 02:59:38, Sys 0 00:00:25  -  Total Remote Usage
		Usr 0 00:00:00, Sys 0 00:00:00  -  Total Local Usage
	0  -  Run Bytes Sent By Job
	0  -  Run Bytes Received By Job
	0  -  Total Bytes Sent By Job
	0  -  Total Bytes Received By Job
	Partitionable Resources :    Usage  Request Allocated 
	   Cpus                 :     1.00        1         1 
	   Disk (KB)            :  7500        7500     10998 
	   Memory (MB)          :   322        1024      1024 

	Job terminated of its own accord at 2022-04-07T20:14:39Z with exit-code 0.
...
