000 (454.258.000) 2022-04-06 16:54:00 Job submitted from host: <10.18.24.243:9618?addrs=10.18.24.243-9618&alias=ecoclusts01.bioclust.biologie.ens.fr&noUDP&sock=schedd_1052_29b8>
...
001 (454.258.000) 2022-04-07 15:30:21 Job executing on host: <10.18.24.135:9618?addrs=10.18.24.135-9618&alias=dyoclust08.bioclust.biologie.ens.fr&noUDP&sock=startd_793_82b1>
...
006 (454.258.000) 2022-04-07 15:30:30 Image size of job updated: 233660
	218  -  MemoryUsage of job (MB)
	222916  -  ResidentSetSize of job (KB)
...
006 (454.258.000) 2022-04-07 15:35:31 Image size of job updated: 741880
	313  -  MemoryUsage of job (MB)
	319660  -  ResidentSetSize of job (KB)
...
006 (454.258.000) 2022-04-07 15:40:31 Image size of job updated: 774648
	317  -  MemoryUsage of job (MB)
	324284  -  ResidentSetSize of job (KB)
...
006 (454.258.000) 2022-04-07 16:30:36 Image size of job updated: 774904
	317  -  MemoryUsage of job (MB)
	324416  -  ResidentSetSize of job (KB)
...
006 (454.258.000) 2022-04-07 16:35:37 Image size of job updated: 775160
	318  -  MemoryUsage of job (MB)
	324680  -  ResidentSetSize of job (KB)
...
006 (454.258.000) 2022-04-07 16:40:38 Image size of job updated: 775160
	318  -  MemoryUsage of job (MB)
	324812  -  ResidentSetSize of job (KB)
...
006 (454.258.000) 2022-04-07 16:45:38 Image size of job updated: 775416
	318  -  MemoryUsage of job (MB)
	325076  -  ResidentSetSize of job (KB)
...
006 (454.258.000) 2022-04-07 16:50:38 Image size of job updated: 775672
	318  -  MemoryUsage of job (MB)
	325208  -  ResidentSetSize of job (KB)
...
006 (454.258.000) 2022-04-07 16:55:38 Image size of job updated: 775928
	318  -  MemoryUsage of job (MB)
	325472  -  ResidentSetSize of job (KB)
...
006 (454.258.000) 2022-04-07 17:00:39 Image size of job updated: 776184
	319  -  MemoryUsage of job (MB)
	325736  -  ResidentSetSize of job (KB)
...
006 (454.258.000) 2022-04-07 17:05:40 Image size of job updated: 776184
	319  -  MemoryUsage of job (MB)
	325868  -  ResidentSetSize of job (KB)
...
006 (454.258.000) 2022-04-07 17:10:40 Image size of job updated: 776440
	319  -  MemoryUsage of job (MB)
	326132  -  ResidentSetSize of job (KB)
...
006 (454.258.000) 2022-04-07 17:15:40 Image size of job updated: 776696
	319  -  MemoryUsage of job (MB)
	326396  -  ResidentSetSize of job (KB)
...
006 (454.258.000) 2022-04-07 17:20:41 Image size of job updated: 776952
	319  -  MemoryUsage of job (MB)
	326528  -  ResidentSetSize of job (KB)
...
006 (454.258.000) 2022-04-07 17:30:42 Image size of job updated: 776952
	320  -  MemoryUsage of job (MB)
	326660  -  ResidentSetSize of job (KB)
...
006 (454.258.000) 2022-04-07 17:35:42 Image size of job updated: 777208
	320  -  MemoryUsage of job (MB)
	326792  -  ResidentSetSize of job (KB)
...
006 (454.258.000) 2022-04-07 17:40:43 Image size of job updated: 777464
	320  -  MemoryUsage of job (MB)
	326924  -  ResidentSetSize of job (KB)
...
006 (454.258.000) 2022-04-07 17:45:44 Image size of job updated: 777464
	320  -  MemoryUsage of job (MB)
	327188  -  ResidentSetSize of job (KB)
...
006 (454.258.000) 2022-04-07 17:50:44 Image size of job updated: 777720
	320  -  MemoryUsage of job (MB)
	327320  -  ResidentSetSize of job (KB)
...
006 (454.258.000) 2022-04-07 17:55:44 Image size of job updated: 777976
	320  -  MemoryUsage of job (MB)
	327584  -  ResidentSetSize of job (KB)
...
006 (454.258.000) 2022-04-07 18:00:44 Image size of job updated: 778232
	321  -  MemoryUsage of job (MB)
	327716  -  ResidentSetSize of job (KB)
...
006 (454.258.000) 2022-04-07 18:05:45 Image size of job updated: 778232
	321  -  MemoryUsage of job (MB)
	327980  -  ResidentSetSize of job (KB)
...
006 (454.258.000) 2022-04-07 18:10:46 Image size of job updated: 778488
	321  -  MemoryUsage of job (MB)
	328112  -  ResidentSetSize of job (KB)
...
006 (454.258.000) 2022-04-07 18:15:46 Image size of job updated: 778744
	321  -  MemoryUsage of job (MB)
	328244  -  ResidentSetSize of job (KB)
...
006 (454.258.000) 2022-04-07 18:20:46 Image size of job updated: 779000
	321  -  MemoryUsage of job (MB)
	328508  -  ResidentSetSize of job (KB)
...
006 (454.258.000) 2022-04-07 18:25:47 Image size of job updated: 779000
	321  -  MemoryUsage of job (MB)
	328640  -  ResidentSetSize of job (KB)
...
006 (454.258.000) 2022-04-07 18:30:48 Image size of job updated: 779256
	322  -  MemoryUsage of job (MB)
	328772  -  ResidentSetSize of job (KB)
...
006 (454.258.000) 2022-04-07 18:35:48 Image size of job updated: 779512
	322  -  MemoryUsage of job (MB)
	329036  -  ResidentSetSize of job (KB)
...
006 (454.258.000) 2022-04-07 18:40:48 Image size of job updated: 779512
	322  -  MemoryUsage of job (MB)
	329168  -  ResidentSetSize of job (KB)
...
006 (454.258.000) 2022-04-07 18:42:05 Image size of job updated: 779768
	322  -  MemoryUsage of job (MB)
	329168  -  ResidentSetSize of job (KB)
...
005 (454.258.000) 2022-04-07 18:42:05 Job terminated.
	(1) Normal termination (return value 0)
		Usr 0 03:11:12, Sys 0 00:00:23  -  Run Remote Usage
		Usr 0 00:00:00, Sys 0 00:00:00  -  Run Local Usage
		Usr 0 03:11:12, Sys 0 00:00:23  -  Total Remote Usage
		Usr 0 00:00:00, Sys 0 00:00:00  -  Total Local Usage
	0  -  Run Bytes Sent By Job
	0  -  Run Bytes Received By Job
	0  -  Total Bytes Sent By Job
	0  -  Total Bytes Received By Job
	Partitionable Resources :    Usage  Request Allocated 
	   Cpus                 :     1.00        1         1 
	   Disk (KB)            :  7500        7500     10998 
	   Memory (MB)          :   322        1024      1024 

	Job terminated of its own accord at 2022-04-07T16:42:05Z with exit-code 0.
...
