000 (454.727.000) 2022-04-06 16:54:02 Job submitted from host: <10.18.24.243:9618?addrs=10.18.24.243-9618&alias=ecoclusts01.bioclust.biologie.ens.fr&noUDP&sock=schedd_1052_29b8>
...
001 (454.727.000) 2022-04-08 05:56:09 Job executing on host: <10.18.24.133:9618?addrs=10.18.24.133-9618&alias=dyoclust06.bioclust.biologie.ens.fr&noUDP&sock=startd_804_0e3b>
...
006 (454.727.000) 2022-04-08 05:56:18 Image size of job updated: 64896
	64  -  MemoryUsage of job (MB)
	64896  -  ResidentSetSize of job (KB)
...
006 (454.727.000) 2022-04-08 06:01:18 Image size of job updated: 896308
	317  -  MemoryUsage of job (MB)
	324120  -  ResidentSetSize of job (KB)
...
006 (454.727.000) 2022-04-08 06:06:18 Image size of job updated: 896308
	317  -  MemoryUsage of job (MB)
	324144  -  ResidentSetSize of job (KB)
...
006 (454.727.000) 2022-04-08 06:51:23 Image size of job updated: 896308
	317  -  MemoryUsage of job (MB)
	324276  -  ResidentSetSize of job (KB)
...
006 (454.727.000) 2022-04-08 06:56:23 Image size of job updated: 896308
	317  -  MemoryUsage of job (MB)
	324408  -  ResidentSetSize of job (KB)
...
006 (454.727.000) 2022-04-08 07:01:24 Image size of job updated: 896308
	317  -  MemoryUsage of job (MB)
	324540  -  ResidentSetSize of job (KB)
...
006 (454.727.000) 2022-04-08 07:06:24 Image size of job updated: 896308
	318  -  MemoryUsage of job (MB)
	324672  -  ResidentSetSize of job (KB)
...
006 (454.727.000) 2022-04-08 07:11:24 Image size of job updated: 896308
	318  -  MemoryUsage of job (MB)
	324804  -  ResidentSetSize of job (KB)
...
006 (454.727.000) 2022-04-08 07:16:25 Image size of job updated: 896308
	318  -  MemoryUsage of job (MB)
	324936  -  ResidentSetSize of job (KB)
...
006 (454.727.000) 2022-04-08 07:21:26 Image size of job updated: 896308
	318  -  MemoryUsage of job (MB)
	325068  -  ResidentSetSize of job (KB)
...
006 (454.727.000) 2022-04-08 07:26:26 Image size of job updated: 896308
	318  -  MemoryUsage of job (MB)
	325200  -  ResidentSetSize of job (KB)
...
006 (454.727.000) 2022-04-08 07:31:26 Image size of job updated: 896308
	318  -  MemoryUsage of job (MB)
	325464  -  ResidentSetSize of job (KB)
...
006 (454.727.000) 2022-04-08 07:36:27 Image size of job updated: 896308
	318  -  MemoryUsage of job (MB)
	325596  -  ResidentSetSize of job (KB)
...
006 (454.727.000) 2022-04-08 07:41:27 Image size of job updated: 896308
	319  -  MemoryUsage of job (MB)
	325728  -  ResidentSetSize of job (KB)
...
006 (454.727.000) 2022-04-08 07:46:27 Image size of job updated: 896308
	319  -  MemoryUsage of job (MB)
	325860  -  ResidentSetSize of job (KB)
...
006 (454.727.000) 2022-04-08 07:51:28 Image size of job updated: 896308
	319  -  MemoryUsage of job (MB)
	325992  -  ResidentSetSize of job (KB)
...
006 (454.727.000) 2022-04-08 07:56:29 Image size of job updated: 896308
	319  -  MemoryUsage of job (MB)
	326256  -  ResidentSetSize of job (KB)
...
006 (454.727.000) 2022-04-08 08:01:29 Image size of job updated: 896308
	319  -  MemoryUsage of job (MB)
	326388  -  ResidentSetSize of job (KB)
...
006 (454.727.000) 2022-04-08 08:06:29 Image size of job updated: 896308
	319  -  MemoryUsage of job (MB)
	326520  -  ResidentSetSize of job (KB)
...
006 (454.727.000) 2022-04-08 08:16:30 Image size of job updated: 896308
	319  -  MemoryUsage of job (MB)
	326600  -  ResidentSetSize of job (KB)
...
006 (454.727.000) 2022-04-08 08:21:30 Image size of job updated: 896308
	320  -  MemoryUsage of job (MB)
	326732  -  ResidentSetSize of job (KB)
...
006 (454.727.000) 2022-04-08 08:26:31 Image size of job updated: 896308
	320  -  MemoryUsage of job (MB)
	326864  -  ResidentSetSize of job (KB)
...
006 (454.727.000) 2022-04-08 08:31:32 Image size of job updated: 896308
	320  -  MemoryUsage of job (MB)
	326996  -  ResidentSetSize of job (KB)
...
006 (454.727.000) 2022-04-08 08:36:32 Image size of job updated: 896308
	320  -  MemoryUsage of job (MB)
	327128  -  ResidentSetSize of job (KB)
...
006 (454.727.000) 2022-04-08 08:41:33 Image size of job updated: 896308
	320  -  MemoryUsage of job (MB)
	327260  -  ResidentSetSize of job (KB)
...
006 (454.727.000) 2022-04-08 08:46:34 Image size of job updated: 896308
	320  -  MemoryUsage of job (MB)
	327392  -  ResidentSetSize of job (KB)
...
006 (454.727.000) 2022-04-08 08:51:34 Image size of job updated: 896308
	320  -  MemoryUsage of job (MB)
	327524  -  ResidentSetSize of job (KB)
...
006 (454.727.000) 2022-04-08 08:56:34 Image size of job updated: 896308
	320  -  MemoryUsage of job (MB)
	327656  -  ResidentSetSize of job (KB)
...
006 (454.727.000) 2022-04-08 09:01:35 Image size of job updated: 896308
	321  -  MemoryUsage of job (MB)
	327788  -  ResidentSetSize of job (KB)
...
006 (454.727.000) 2022-04-08 09:06:36 Image size of job updated: 896308
	321  -  MemoryUsage of job (MB)
	327920  -  ResidentSetSize of job (KB)
...
006 (454.727.000) 2022-04-08 09:11:36 Image size of job updated: 896308
	321  -  MemoryUsage of job (MB)
	328184  -  ResidentSetSize of job (KB)
...
006 (454.727.000) 2022-04-08 09:21:38 Image size of job updated: 896308
	321  -  MemoryUsage of job (MB)
	328316  -  ResidentSetSize of job (KB)
...
006 (454.727.000) 2022-04-08 09:26:38 Image size of job updated: 896308
	321  -  MemoryUsage of job (MB)
	328580  -  ResidentSetSize of job (KB)
...
006 (454.727.000) 2022-04-08 09:31:38 Image size of job updated: 896308
	322  -  MemoryUsage of job (MB)
	328712  -  ResidentSetSize of job (KB)
...
006 (454.727.000) 2022-04-08 09:36:40 Image size of job updated: 896308
	322  -  MemoryUsage of job (MB)
	328844  -  ResidentSetSize of job (KB)
...
006 (454.727.000) 2022-04-08 09:41:40 Image size of job updated: 896308
	322  -  MemoryUsage of job (MB)
	328976  -  ResidentSetSize of job (KB)
...
006 (454.727.000) 2022-04-08 09:46:40 Image size of job updated: 896308
	322  -  MemoryUsage of job (MB)
	329108  -  ResidentSetSize of job (KB)
...
006 (454.727.000) 2022-04-08 09:51:41 Image size of job updated: 896308
	322  -  MemoryUsage of job (MB)
	329240  -  ResidentSetSize of job (KB)
...
005 (454.727.000) 2022-04-08 09:53:55 Job terminated.
	(1) Normal termination (return value 0)
		Usr 0 03:54:40, Sys 0 00:00:49  -  Run Remote Usage
		Usr 0 00:00:00, Sys 0 00:00:00  -  Run Local Usage
		Usr 0 03:54:40, Sys 0 00:00:49  -  Total Remote Usage
		Usr 0 00:00:00, Sys 0 00:00:00  -  Total Local Usage
	0  -  Run Bytes Sent By Job
	0  -  Run Bytes Received By Job
	0  -  Total Bytes Sent By Job
	0  -  Total Bytes Received By Job
	Partitionable Resources :    Usage  Request Allocated 
	   Cpus                 :     1.00        1         1 
	   Disk (KB)            :  7500        7500     10015 
	   Memory (MB)          :   322        1024      1024 

	Job terminated of its own accord at 2022-04-08T07:53:55Z with exit-code 0.
...
