000 (454.974.000) 2022-04-06 16:54:03 Job submitted from host: <10.18.24.243:9618?addrs=10.18.24.243-9618&alias=ecoclusts01.bioclust.biologie.ens.fr&noUDP&sock=schedd_1052_29b8>
...
001 (454.974.000) 2022-04-08 12:35:46 Job executing on host: <10.18.24.138:9618?addrs=10.18.24.138-9618&alias=dyoclust11.bioclust.biologie.ens.fr&noUDP&sock=startd_801_ff73>
...
006 (454.974.000) 2022-04-08 12:35:55 Image size of job updated: 116648
	114  -  MemoryUsage of job (MB)
	116648  -  ResidentSetSize of job (KB)
...
006 (454.974.000) 2022-04-08 12:40:55 Image size of job updated: 741876
	275  -  MemoryUsage of job (MB)
	281112  -  ResidentSetSize of job (KB)
...
006 (454.974.000) 2022-04-08 12:45:56 Image size of job updated: 774644
	317  -  MemoryUsage of job (MB)
	324384  -  ResidentSetSize of job (KB)
...
006 (454.974.000) 2022-04-08 13:36:01 Image size of job updated: 774900
	317  -  MemoryUsage of job (MB)
	324384  -  ResidentSetSize of job (KB)
...
006 (454.974.000) 2022-04-08 13:41:02 Image size of job updated: 774900
	317  -  MemoryUsage of job (MB)
	324516  -  ResidentSetSize of job (KB)
...
006 (454.974.000) 2022-04-08 13:46:02 Image size of job updated: 775156
	318  -  MemoryUsage of job (MB)
	324648  -  ResidentSetSize of job (KB)
...
006 (454.974.000) 2022-04-08 13:51:02 Image size of job updated: 775156
	318  -  MemoryUsage of job (MB)
	324780  -  ResidentSetSize of job (KB)
...
006 (454.974.000) 2022-04-08 13:56:03 Image size of job updated: 775412
	318  -  MemoryUsage of job (MB)
	324912  -  ResidentSetSize of job (KB)
...
006 (454.974.000) 2022-04-08 14:01:04 Image size of job updated: 775412
	318  -  MemoryUsage of job (MB)
	325044  -  ResidentSetSize of job (KB)
...
006 (454.974.000) 2022-04-08 14:06:04 Image size of job updated: 775668
	318  -  MemoryUsage of job (MB)
	325176  -  ResidentSetSize of job (KB)
...
006 (454.974.000) 2022-04-08 14:11:04 Image size of job updated: 775924
	318  -  MemoryUsage of job (MB)
	325308  -  ResidentSetSize of job (KB)
...
006 (454.974.000) 2022-04-08 14:16:05 Image size of job updated: 775924
	318  -  MemoryUsage of job (MB)
	325440  -  ResidentSetSize of job (KB)
...
006 (454.974.000) 2022-04-08 14:21:05 Image size of job updated: 776180
	319  -  MemoryUsage of job (MB)
	325704  -  ResidentSetSize of job (KB)
...
006 (454.974.000) 2022-04-08 14:26:05 Image size of job updated: 776180
	319  -  MemoryUsage of job (MB)
	325836  -  ResidentSetSize of job (KB)
...
006 (454.974.000) 2022-04-08 14:31:06 Image size of job updated: 776436
	319  -  MemoryUsage of job (MB)
	325968  -  ResidentSetSize of job (KB)
...
006 (454.974.000) 2022-04-08 14:36:07 Image size of job updated: 776692
	319  -  MemoryUsage of job (MB)
	326232  -  ResidentSetSize of job (KB)
...
006 (454.974.000) 2022-04-08 14:41:07 Image size of job updated: 776948
	319  -  MemoryUsage of job (MB)
	326364  -  ResidentSetSize of job (KB)
...
006 (454.974.000) 2022-04-08 14:46:07 Image size of job updated: 776948
	319  -  MemoryUsage of job (MB)
	326452  -  ResidentSetSize of job (KB)
...
006 (454.974.000) 2022-04-08 14:56:09 Image size of job updated: 777204
	320  -  MemoryUsage of job (MB)
	326716  -  ResidentSetSize of job (KB)
...
006 (454.974.000) 2022-04-08 15:01:09 Image size of job updated: 777204
	320  -  MemoryUsage of job (MB)
	326848  -  ResidentSetSize of job (KB)
...
006 (454.974.000) 2022-04-08 15:06:10 Image size of job updated: 777460
	320  -  MemoryUsage of job (MB)
	326980  -  ResidentSetSize of job (KB)
...
006 (454.974.000) 2022-04-08 15:11:11 Image size of job updated: 777716
	320  -  MemoryUsage of job (MB)
	327244  -  ResidentSetSize of job (KB)
...
006 (454.974.000) 2022-04-08 15:16:11 Image size of job updated: 777716
	320  -  MemoryUsage of job (MB)
	327376  -  ResidentSetSize of job (KB)
...
006 (454.974.000) 2022-04-08 15:21:11 Image size of job updated: 777972
	320  -  MemoryUsage of job (MB)
	327508  -  ResidentSetSize of job (KB)
...
006 (454.974.000) 2022-04-08 15:26:12 Image size of job updated: 778228
	321  -  MemoryUsage of job (MB)
	327772  -  ResidentSetSize of job (KB)
...
006 (454.974.000) 2022-04-08 15:31:12 Image size of job updated: 778228
	321  -  MemoryUsage of job (MB)
	327904  -  ResidentSetSize of job (KB)
...
006 (454.974.000) 2022-04-08 15:36:12 Image size of job updated: 778484
	321  -  MemoryUsage of job (MB)
	328036  -  ResidentSetSize of job (KB)
...
006 (454.974.000) 2022-04-08 15:41:13 Image size of job updated: 778740
	321  -  MemoryUsage of job (MB)
	328300  -  ResidentSetSize of job (KB)
...
006 (454.974.000) 2022-04-08 15:46:14 Image size of job updated: 778740
	321  -  MemoryUsage of job (MB)
	328432  -  ResidentSetSize of job (KB)
...
006 (454.974.000) 2022-04-08 15:51:14 Image size of job updated: 778996
	321  -  MemoryUsage of job (MB)
	328564  -  ResidentSetSize of job (KB)
...
006 (454.974.000) 2022-04-08 15:56:14 Image size of job updated: 779252
	322  -  MemoryUsage of job (MB)
	328828  -  ResidentSetSize of job (KB)
...
006 (454.974.000) 2022-04-08 16:01:15 Image size of job updated: 779508
	322  -  MemoryUsage of job (MB)
	328960  -  ResidentSetSize of job (KB)
...
006 (454.974.000) 2022-04-08 16:06:15 Image size of job updated: 779508
	322  -  MemoryUsage of job (MB)
	329224  -  ResidentSetSize of job (KB)
...
006 (454.974.000) 2022-04-08 16:08:29 Image size of job updated: 779764
	322  -  MemoryUsage of job (MB)
	329224  -  ResidentSetSize of job (KB)
...
005 (454.974.000) 2022-04-08 16:08:29 Job terminated.
	(1) Normal termination (return value 0)
		Usr 0 03:31:25, Sys 0 00:00:29  -  Run Remote Usage
		Usr 0 00:00:00, Sys 0 00:00:00  -  Run Local Usage
		Usr 0 03:31:25, Sys 0 00:00:29  -  Total Remote Usage
		Usr 0 00:00:00, Sys 0 00:00:00  -  Total Local Usage
	0  -  Run Bytes Sent By Job
	0  -  Run Bytes Received By Job
	0  -  Total Bytes Sent By Job
	0  -  Total Bytes Received By Job
	Partitionable Resources :    Usage  Request Allocated 
	   Cpus                 :     1.00        1         1 
	   Disk (KB)            :  7500        7500     10998 
	   Memory (MB)          :   322        1024      1024 

	Job terminated of its own accord at 2022-04-08T14:08:29Z with exit-code 0.
...
