000 (454.905.000) 2022-04-06 16:54:03 Job submitted from host: <10.18.24.243:9618?addrs=10.18.24.243-9618&alias=ecoclusts01.bioclust.biologie.ens.fr&noUDP&sock=schedd_1052_29b8>
...
001 (454.905.000) 2022-04-08 10:38:53 Job executing on host: <10.18.24.130:9618?addrs=10.18.24.130-9618&alias=dyoclust03.bioclust.biologie.ens.fr&noUDP&sock=startd_813_3a96>
...
006 (454.905.000) 2022-04-08 10:39:02 Image size of job updated: 86652
	85  -  MemoryUsage of job (MB)
	86652  -  ResidentSetSize of job (KB)
...
006 (454.905.000) 2022-04-08 10:44:03 Image size of job updated: 741880
	317  -  MemoryUsage of job (MB)
	324312  -  ResidentSetSize of job (KB)
...
006 (454.905.000) 2022-04-08 10:49:03 Image size of job updated: 774648
	317  -  MemoryUsage of job (MB)
	324312  -  ResidentSetSize of job (KB)
...
006 (454.905.000) 2022-04-08 11:34:07 Image size of job updated: 774904
	317  -  MemoryUsage of job (MB)
	324444  -  ResidentSetSize of job (KB)
...
006 (454.905.000) 2022-04-08 11:39:08 Image size of job updated: 775160
	317  -  MemoryUsage of job (MB)
	324576  -  ResidentSetSize of job (KB)
...
006 (454.905.000) 2022-04-08 11:44:08 Image size of job updated: 775160
	318  -  MemoryUsage of job (MB)
	324708  -  ResidentSetSize of job (KB)
...
006 (454.905.000) 2022-04-08 11:49:08 Image size of job updated: 775416
	318  -  MemoryUsage of job (MB)
	324972  -  ResidentSetSize of job (KB)
...
006 (454.905.000) 2022-04-08 11:54:09 Image size of job updated: 775672
	318  -  MemoryUsage of job (MB)
	325236  -  ResidentSetSize of job (KB)
...
006 (454.905.000) 2022-04-08 11:59:10 Image size of job updated: 775928
	318  -  MemoryUsage of job (MB)
	325368  -  ResidentSetSize of job (KB)
...
006 (454.905.000) 2022-04-08 12:04:10 Image size of job updated: 775928
	318  -  MemoryUsage of job (MB)
	325632  -  ResidentSetSize of job (KB)
...
006 (454.905.000) 2022-04-08 12:09:10 Image size of job updated: 776184
	319  -  MemoryUsage of job (MB)
	325764  -  ResidentSetSize of job (KB)
...
006 (454.905.000) 2022-04-08 12:14:11 Image size of job updated: 776440
	319  -  MemoryUsage of job (MB)
	326028  -  ResidentSetSize of job (KB)
...
006 (454.905.000) 2022-04-08 12:19:12 Image size of job updated: 776696
	319  -  MemoryUsage of job (MB)
	326292  -  ResidentSetSize of job (KB)
...
006 (454.905.000) 2022-04-08 12:24:12 Image size of job updated: 776952
	319  -  MemoryUsage of job (MB)
	326424  -  ResidentSetSize of job (KB)
...
006 (454.905.000) 2022-04-08 12:29:12 Image size of job updated: 776952
	319  -  MemoryUsage of job (MB)
	326556  -  ResidentSetSize of job (KB)
...
006 (454.905.000) 2022-04-08 12:39:14 Image size of job updated: 777208
	320  -  MemoryUsage of job (MB)
	326820  -  ResidentSetSize of job (KB)
...
006 (454.905.000) 2022-04-08 12:44:15 Image size of job updated: 777464
	320  -  MemoryUsage of job (MB)
	326952  -  ResidentSetSize of job (KB)
...
006 (454.905.000) 2022-04-08 12:49:15 Image size of job updated: 777464
	320  -  MemoryUsage of job (MB)
	327084  -  ResidentSetSize of job (KB)
...
006 (454.905.000) 2022-04-08 12:54:15 Image size of job updated: 777720
	320  -  MemoryUsage of job (MB)
	327348  -  ResidentSetSize of job (KB)
...
006 (454.905.000) 2022-04-08 12:59:16 Image size of job updated: 777976
	320  -  MemoryUsage of job (MB)
	327480  -  ResidentSetSize of job (KB)
...
006 (454.905.000) 2022-04-08 13:04:16 Image size of job updated: 778232
	321  -  MemoryUsage of job (MB)
	327744  -  ResidentSetSize of job (KB)
...
006 (454.905.000) 2022-04-08 13:09:16 Image size of job updated: 778232
	321  -  MemoryUsage of job (MB)
	327876  -  ResidentSetSize of job (KB)
...
006 (454.905.000) 2022-04-08 13:14:17 Image size of job updated: 778488
	321  -  MemoryUsage of job (MB)
	328140  -  ResidentSetSize of job (KB)
...
006 (454.905.000) 2022-04-08 13:19:18 Image size of job updated: 778744
	321  -  MemoryUsage of job (MB)
	328272  -  ResidentSetSize of job (KB)
...
006 (454.905.000) 2022-04-08 13:24:18 Image size of job updated: 779000
	321  -  MemoryUsage of job (MB)
	328536  -  ResidentSetSize of job (KB)
...
006 (454.905.000) 2022-04-08 13:29:18 Image size of job updated: 779000
	321  -  MemoryUsage of job (MB)
	328668  -  ResidentSetSize of job (KB)
...
006 (454.905.000) 2022-04-08 13:34:19 Image size of job updated: 779256
	322  -  MemoryUsage of job (MB)
	328932  -  ResidentSetSize of job (KB)
...
006 (454.905.000) 2022-04-08 13:39:20 Image size of job updated: 779512
	322  -  MemoryUsage of job (MB)
	329064  -  ResidentSetSize of job (KB)
...
006 (454.905.000) 2022-04-08 13:44:20 Image size of job updated: 779768
	322  -  MemoryUsage of job (MB)
	329196  -  ResidentSetSize of job (KB)
...
005 (454.905.000) 2022-04-08 13:44:23 Job terminated.
	(1) Normal termination (return value 0)
		Usr 0 03:04:54, Sys 0 00:00:27  -  Run Remote Usage
		Usr 0 00:00:00, Sys 0 00:00:00  -  Run Local Usage
		Usr 0 03:04:54, Sys 0 00:00:27  -  Total Remote Usage
		Usr 0 00:00:00, Sys 0 00:00:00  -  Total Local Usage
	0  -  Run Bytes Sent By Job
	0  -  Run Bytes Received By Job
	0  -  Total Bytes Sent By Job
	0  -  Total Bytes Received By Job
	Partitionable Resources :    Usage  Request Allocated 
	   Cpus                 :     1.00        1         1 
	   Disk (KB)            :  7500        7500     10998 
	   Memory (MB)          :   322        1024      1024 

	Job terminated of its own accord at 2022-04-08T11:44:23Z with exit-code 0.
...
