000 (454.906.000) 2022-04-06 16:54:03 Job submitted from host: <10.18.24.243:9618?addrs=10.18.24.243-9618&alias=ecoclusts01.bioclust.biologie.ens.fr&noUDP&sock=schedd_1052_29b8>
...
001 (454.906.000) 2022-04-08 10:38:53 Job executing on host: <10.18.24.136:9618?addrs=10.18.24.136-9618&alias=dyoclust09.bioclust.biologie.ens.fr&noUDP&sock=startd_808_cc9c>
...
006 (454.906.000) 2022-04-08 10:39:01 Image size of job updated: 279364
	94  -  MemoryUsage of job (MB)
	95276  -  ResidentSetSize of job (KB)
...
006 (454.906.000) 2022-04-08 10:44:01 Image size of job updated: 741876
	317  -  MemoryUsage of job (MB)
	324408  -  ResidentSetSize of job (KB)
...
006 (454.906.000) 2022-04-08 10:49:03 Image size of job updated: 774644
	317  -  MemoryUsage of job (MB)
	324408  -  ResidentSetSize of job (KB)
...
006 (454.906.000) 2022-04-08 11:29:06 Image size of job updated: 774900
	317  -  MemoryUsage of job (MB)
	324408  -  ResidentSetSize of job (KB)
...
006 (454.906.000) 2022-04-08 11:34:06 Image size of job updated: 774900
	317  -  MemoryUsage of job (MB)
	324540  -  ResidentSetSize of job (KB)
...
006 (454.906.000) 2022-04-08 11:39:07 Image size of job updated: 775156
	318  -  MemoryUsage of job (MB)
	324804  -  ResidentSetSize of job (KB)
...
006 (454.906.000) 2022-04-08 11:44:08 Image size of job updated: 775412
	318  -  MemoryUsage of job (MB)
	325068  -  ResidentSetSize of job (KB)
...
006 (454.906.000) 2022-04-08 11:49:08 Image size of job updated: 775668
	318  -  MemoryUsage of job (MB)
	325200  -  ResidentSetSize of job (KB)
...
006 (454.906.000) 2022-04-08 11:54:08 Image size of job updated: 775924
	318  -  MemoryUsage of job (MB)
	325464  -  ResidentSetSize of job (KB)
...
006 (454.906.000) 2022-04-08 11:59:09 Image size of job updated: 776180
	319  -  MemoryUsage of job (MB)
	325728  -  ResidentSetSize of job (KB)
...
006 (454.906.000) 2022-04-08 12:04:09 Image size of job updated: 776180
	319  -  MemoryUsage of job (MB)
	325992  -  ResidentSetSize of job (KB)
...
006 (454.906.000) 2022-04-08 12:09:09 Image size of job updated: 776436
	319  -  MemoryUsage of job (MB)
	326124  -  ResidentSetSize of job (KB)
...
006 (454.906.000) 2022-04-08 12:14:10 Image size of job updated: 776692
	319  -  MemoryUsage of job (MB)
	326388  -  ResidentSetSize of job (KB)
...
006 (454.906.000) 2022-04-08 12:19:11 Image size of job updated: 776948
	319  -  MemoryUsage of job (MB)
	326520  -  ResidentSetSize of job (KB)
...
006 (454.906.000) 2022-04-08 12:29:12 Image size of job updated: 776948
	319  -  MemoryUsage of job (MB)
	326612  -  ResidentSetSize of job (KB)
...
006 (454.906.000) 2022-04-08 12:34:13 Image size of job updated: 777204
	320  -  MemoryUsage of job (MB)
	326876  -  ResidentSetSize of job (KB)
...
006 (454.906.000) 2022-04-08 12:39:13 Image size of job updated: 777460
	320  -  MemoryUsage of job (MB)
	327008  -  ResidentSetSize of job (KB)
...
006 (454.906.000) 2022-04-08 12:44:13 Image size of job updated: 777716
	320  -  MemoryUsage of job (MB)
	327272  -  ResidentSetSize of job (KB)
...
006 (454.906.000) 2022-04-08 12:49:14 Image size of job updated: 777716
	320  -  MemoryUsage of job (MB)
	327404  -  ResidentSetSize of job (KB)
...
006 (454.906.000) 2022-04-08 12:54:15 Image size of job updated: 777972
	320  -  MemoryUsage of job (MB)
	327668  -  ResidentSetSize of job (KB)
...
006 (454.906.000) 2022-04-08 12:59:15 Image size of job updated: 778228
	321  -  MemoryUsage of job (MB)
	327800  -  ResidentSetSize of job (KB)
...
006 (454.906.000) 2022-04-08 13:04:16 Image size of job updated: 778484
	321  -  MemoryUsage of job (MB)
	328064  -  ResidentSetSize of job (KB)
...
006 (454.906.000) 2022-04-08 13:09:17 Image size of job updated: 778484
	321  -  MemoryUsage of job (MB)
	328196  -  ResidentSetSize of job (KB)
...
006 (454.906.000) 2022-04-08 13:14:17 Image size of job updated: 778740
	321  -  MemoryUsage of job (MB)
	328460  -  ResidentSetSize of job (KB)
...
006 (454.906.000) 2022-04-08 13:19:17 Image size of job updated: 778996
	321  -  MemoryUsage of job (MB)
	328592  -  ResidentSetSize of job (KB)
...
006 (454.906.000) 2022-04-08 13:24:18 Image size of job updated: 779252
	322  -  MemoryUsage of job (MB)
	328856  -  ResidentSetSize of job (KB)
...
006 (454.906.000) 2022-04-08 13:29:19 Image size of job updated: 779252
	322  -  MemoryUsage of job (MB)
	328988  -  ResidentSetSize of job (KB)
...
006 (454.906.000) 2022-04-08 13:34:19 Image size of job updated: 779508
	322  -  MemoryUsage of job (MB)
	329252  -  ResidentSetSize of job (KB)
...
006 (454.906.000) 2022-04-08 13:37:11 Image size of job updated: 779764
	322  -  MemoryUsage of job (MB)
	329252  -  ResidentSetSize of job (KB)
...
005 (454.906.000) 2022-04-08 13:37:11 Job terminated.
	(1) Normal termination (return value 0)
		Usr 0 02:57:26, Sys 0 00:00:25  -  Run Remote Usage
		Usr 0 00:00:00, Sys 0 00:00:00  -  Run Local Usage
		Usr 0 02:57:26, Sys 0 00:00:25  -  Total Remote Usage
		Usr 0 00:00:00, Sys 0 00:00:00  -  Total Local Usage
	0  -  Run Bytes Sent By Job
	0  -  Run Bytes Received By Job
	0  -  Total Bytes Sent By Job
	0  -  Total Bytes Received By Job
	Partitionable Resources :    Usage  Request Allocated 
	   Cpus                 :     1.00        1         1 
	   Disk (KB)            :  7500        7500     10998 
	   Memory (MB)          :   322        1024      1024 

	Job terminated of its own accord at 2022-04-08T11:37:11Z with exit-code 0.
...
