000 (454.627.000) 2022-04-06 16:54:01 Job submitted from host: <10.18.24.243:9618?addrs=10.18.24.243-9618&alias=ecoclusts01.bioclust.biologie.ens.fr&noUDP&sock=schedd_1052_29b8>
...
001 (454.627.000) 2022-04-08 03:16:06 Job executing on host: <10.18.24.137:9618?addrs=10.18.24.137-9618&alias=dyoclust10.bioclust.biologie.ens.fr&noUDP&sock=startd_830_e3b2>
...
006 (454.627.000) 2022-04-08 03:16:14 Image size of job updated: 197032
	129  -  MemoryUsage of job (MB)
	131324  -  ResidentSetSize of job (KB)
...
006 (454.627.000) 2022-04-08 03:21:14 Image size of job updated: 741620
	317  -  MemoryUsage of job (MB)
	324076  -  ResidentSetSize of job (KB)
...
006 (454.627.000) 2022-04-08 03:26:15 Image size of job updated: 774388
	317  -  MemoryUsage of job (MB)
	324164  -  ResidentSetSize of job (KB)
...
006 (454.627.000) 2022-04-08 04:11:20 Image size of job updated: 774644
	317  -  MemoryUsage of job (MB)
	324164  -  ResidentSetSize of job (KB)
...
006 (454.627.000) 2022-04-08 04:16:21 Image size of job updated: 774900
	317  -  MemoryUsage of job (MB)
	324428  -  ResidentSetSize of job (KB)
...
006 (454.627.000) 2022-04-08 04:21:22 Image size of job updated: 774900
	317  -  MemoryUsage of job (MB)
	324560  -  ResidentSetSize of job (KB)
...
006 (454.627.000) 2022-04-08 04:26:22 Image size of job updated: 775156
	318  -  MemoryUsage of job (MB)
	324692  -  ResidentSetSize of job (KB)
...
006 (454.627.000) 2022-04-08 04:31:22 Image size of job updated: 775156
	318  -  MemoryUsage of job (MB)
	324956  -  ResidentSetSize of job (KB)
...
006 (454.627.000) 2022-04-08 04:36:23 Image size of job updated: 775412
	318  -  MemoryUsage of job (MB)
	325088  -  ResidentSetSize of job (KB)
...
006 (454.627.000) 2022-04-08 04:41:24 Image size of job updated: 775668
	318  -  MemoryUsage of job (MB)
	325220  -  ResidentSetSize of job (KB)
...
006 (454.627.000) 2022-04-08 04:46:24 Image size of job updated: 775924
	318  -  MemoryUsage of job (MB)
	325484  -  ResidentSetSize of job (KB)
...
006 (454.627.000) 2022-04-08 04:51:25 Image size of job updated: 775924
	318  -  MemoryUsage of job (MB)
	325616  -  ResidentSetSize of job (KB)
...
006 (454.627.000) 2022-04-08 04:56:26 Image size of job updated: 776180
	319  -  MemoryUsage of job (MB)
	325748  -  ResidentSetSize of job (KB)
...
006 (454.627.000) 2022-04-08 05:01:26 Image size of job updated: 776180
	319  -  MemoryUsage of job (MB)
	325880  -  ResidentSetSize of job (KB)
...
006 (454.627.000) 2022-04-08 05:06:26 Image size of job updated: 776436
	319  -  MemoryUsage of job (MB)
	326144  -  ResidentSetSize of job (KB)
...
006 (454.627.000) 2022-04-08 05:11:27 Image size of job updated: 776692
	319  -  MemoryUsage of job (MB)
	326276  -  ResidentSetSize of job (KB)
...
006 (454.627.000) 2022-04-08 05:16:28 Image size of job updated: 776948
	319  -  MemoryUsage of job (MB)
	326540  -  ResidentSetSize of job (KB)
...
006 (454.627.000) 2022-04-08 05:26:29 Image size of job updated: 776948
	319  -  MemoryUsage of job (MB)
	326612  -  ResidentSetSize of job (KB)
...
006 (454.627.000) 2022-04-08 05:31:30 Image size of job updated: 777204
	320  -  MemoryUsage of job (MB)
	326744  -  ResidentSetSize of job (KB)
...
006 (454.627.000) 2022-04-08 05:36:30 Image size of job updated: 777460
	320  -  MemoryUsage of job (MB)
	327008  -  ResidentSetSize of job (KB)
...
006 (454.627.000) 2022-04-08 05:41:30 Image size of job updated: 777460
	320  -  MemoryUsage of job (MB)
	327140  -  ResidentSetSize of job (KB)
...
006 (454.627.000) 2022-04-08 05:46:31 Image size of job updated: 777716
	320  -  MemoryUsage of job (MB)
	327272  -  ResidentSetSize of job (KB)
...
006 (454.627.000) 2022-04-08 05:51:31 Image size of job updated: 777972
	320  -  MemoryUsage of job (MB)
	327536  -  ResidentSetSize of job (KB)
...
006 (454.627.000) 2022-04-08 05:56:31 Image size of job updated: 777972
	320  -  MemoryUsage of job (MB)
	327668  -  ResidentSetSize of job (KB)
...
006 (454.627.000) 2022-04-08 06:01:32 Image size of job updated: 778228
	321  -  MemoryUsage of job (MB)
	327932  -  ResidentSetSize of job (KB)
...
006 (454.627.000) 2022-04-08 06:06:33 Image size of job updated: 778484
	321  -  MemoryUsage of job (MB)
	328064  -  ResidentSetSize of job (KB)
...
006 (454.627.000) 2022-04-08 06:11:33 Image size of job updated: 778740
	321  -  MemoryUsage of job (MB)
	328196  -  ResidentSetSize of job (KB)
...
006 (454.627.000) 2022-04-08 06:16:33 Image size of job updated: 778740
	321  -  MemoryUsage of job (MB)
	328460  -  ResidentSetSize of job (KB)
...
006 (454.627.000) 2022-04-08 06:21:35 Image size of job updated: 778996
	321  -  MemoryUsage of job (MB)
	328592  -  ResidentSetSize of job (KB)
...
006 (454.627.000) 2022-04-08 06:26:35 Image size of job updated: 779252
	322  -  MemoryUsage of job (MB)
	328856  -  ResidentSetSize of job (KB)
...
006 (454.627.000) 2022-04-08 06:31:35 Image size of job updated: 779252
	322  -  MemoryUsage of job (MB)
	328988  -  ResidentSetSize of job (KB)
...
006 (454.627.000) 2022-04-08 06:36:36 Image size of job updated: 779508
	322  -  MemoryUsage of job (MB)
	329120  -  ResidentSetSize of job (KB)
...
006 (454.627.000) 2022-04-08 06:40:32 Image size of job updated: 779764
	322  -  MemoryUsage of job (MB)
	329120  -  ResidentSetSize of job (KB)
...
005 (454.627.000) 2022-04-08 06:40:32 Job terminated.
	(1) Normal termination (return value 0)
		Usr 0 03:22:26, Sys 0 00:00:24  -  Run Remote Usage
		Usr 0 00:00:00, Sys 0 00:00:00  -  Run Local Usage
		Usr 0 03:22:26, Sys 0 00:00:24  -  Total Remote Usage
		Usr 0 00:00:00, Sys 0 00:00:00  -  Total Local Usage
	0  -  Run Bytes Sent By Job
	0  -  Run Bytes Received By Job
	0  -  Total Bytes Sent By Job
	0  -  Total Bytes Received By Job
	Partitionable Resources :    Usage  Request Allocated 
	   Cpus                 :     1.00        1         1 
	   Disk (KB)            :  7500        7500     10999 
	   Memory (MB)          :   322        1024      1024 

	Job terminated of its own accord at 2022-04-08T04:40:32Z with exit-code 0.
...
