000 (454.078.000) 2022-04-06 16:53:59 Job submitted from host: <10.18.24.243:9618?addrs=10.18.24.243-9618&alias=ecoclusts01.bioclust.biologie.ens.fr&noUDP&sock=schedd_1052_29b8>
...
001 (454.078.000) 2022-04-07 06:11:32 Job executing on host: <10.18.24.138:9618?addrs=10.18.24.138-9618&alias=dyoclust11.bioclust.biologie.ens.fr&noUDP&sock=startd_801_ff73>
...
006 (454.078.000) 2022-04-07 06:11:40 Image size of job updated: 147384
	144  -  MemoryUsage of job (MB)
	147384  -  ResidentSetSize of job (KB)
...
006 (454.078.000) 2022-04-07 06:16:40 Image size of job updated: 741620
	300  -  MemoryUsage of job (MB)
	307040  -  ResidentSetSize of job (KB)
...
006 (454.078.000) 2022-04-07 06:21:41 Image size of job updated: 774388
	317  -  MemoryUsage of job (MB)
	324084  -  ResidentSetSize of job (KB)
...
006 (454.078.000) 2022-04-07 06:56:44 Image size of job updated: 774644
	317  -  MemoryUsage of job (MB)
	324084  -  ResidentSetSize of job (KB)
...
006 (454.078.000) 2022-04-07 07:01:44 Image size of job updated: 774644
	317  -  MemoryUsage of job (MB)
	324348  -  ResidentSetSize of job (KB)
...
006 (454.078.000) 2022-04-07 07:06:44 Image size of job updated: 774900
	317  -  MemoryUsage of job (MB)
	324480  -  ResidentSetSize of job (KB)
...
006 (454.078.000) 2022-04-07 07:11:45 Image size of job updated: 775156
	318  -  MemoryUsage of job (MB)
	324612  -  ResidentSetSize of job (KB)
...
006 (454.078.000) 2022-04-07 07:16:46 Image size of job updated: 775156
	318  -  MemoryUsage of job (MB)
	324876  -  ResidentSetSize of job (KB)
...
006 (454.078.000) 2022-04-07 07:21:46 Image size of job updated: 775412
	318  -  MemoryUsage of job (MB)
	325008  -  ResidentSetSize of job (KB)
...
006 (454.078.000) 2022-04-07 07:26:46 Image size of job updated: 775668
	318  -  MemoryUsage of job (MB)
	325272  -  ResidentSetSize of job (KB)
...
006 (454.078.000) 2022-04-07 07:31:47 Image size of job updated: 775924
	318  -  MemoryUsage of job (MB)
	325404  -  ResidentSetSize of job (KB)
...
006 (454.078.000) 2022-04-07 07:36:47 Image size of job updated: 776180
	319  -  MemoryUsage of job (MB)
	325668  -  ResidentSetSize of job (KB)
...
006 (454.078.000) 2022-04-07 07:41:47 Image size of job updated: 776180
	319  -  MemoryUsage of job (MB)
	325800  -  ResidentSetSize of job (KB)
...
006 (454.078.000) 2022-04-07 07:46:48 Image size of job updated: 776436
	319  -  MemoryUsage of job (MB)
	325932  -  ResidentSetSize of job (KB)
...
006 (454.078.000) 2022-04-07 07:51:49 Image size of job updated: 776692
	319  -  MemoryUsage of job (MB)
	326196  -  ResidentSetSize of job (KB)
...
006 (454.078.000) 2022-04-07 07:56:49 Image size of job updated: 776948
	319  -  MemoryUsage of job (MB)
	326460  -  ResidentSetSize of job (KB)
...
006 (454.078.000) 2022-04-07 08:11:50 Image size of job updated: 777204
	320  -  MemoryUsage of job (MB)
	326720  -  ResidentSetSize of job (KB)
...
006 (454.078.000) 2022-04-07 08:16:50 Image size of job updated: 777204
	320  -  MemoryUsage of job (MB)
	326852  -  ResidentSetSize of job (KB)
...
006 (454.078.000) 2022-04-07 08:21:51 Image size of job updated: 777460
	320  -  MemoryUsage of job (MB)
	326984  -  ResidentSetSize of job (KB)
...
006 (454.078.000) 2022-04-07 08:26:52 Image size of job updated: 777716
	320  -  MemoryUsage of job (MB)
	327248  -  ResidentSetSize of job (KB)
...
006 (454.078.000) 2022-04-07 08:31:52 Image size of job updated: 777716
	320  -  MemoryUsage of job (MB)
	327380  -  ResidentSetSize of job (KB)
...
006 (454.078.000) 2022-04-07 08:36:53 Image size of job updated: 777972
	320  -  MemoryUsage of job (MB)
	327512  -  ResidentSetSize of job (KB)
...
006 (454.078.000) 2022-04-07 08:41:54 Image size of job updated: 778228
	320  -  MemoryUsage of job (MB)
	327644  -  ResidentSetSize of job (KB)
...
006 (454.078.000) 2022-04-07 08:46:54 Image size of job updated: 778228
	321  -  MemoryUsage of job (MB)
	327908  -  ResidentSetSize of job (KB)
...
006 (454.078.000) 2022-04-07 08:51:54 Image size of job updated: 778484
	321  -  MemoryUsage of job (MB)
	328040  -  ResidentSetSize of job (KB)
...
006 (454.078.000) 2022-04-07 08:56:55 Image size of job updated: 778740
	321  -  MemoryUsage of job (MB)
	328172  -  ResidentSetSize of job (KB)
...
006 (454.078.000) 2022-04-07 09:01:56 Image size of job updated: 778740
	321  -  MemoryUsage of job (MB)
	328436  -  ResidentSetSize of job (KB)
...
006 (454.078.000) 2022-04-07 09:06:56 Image size of job updated: 778996
	321  -  MemoryUsage of job (MB)
	328568  -  ResidentSetSize of job (KB)
...
006 (454.078.000) 2022-04-07 09:11:57 Image size of job updated: 779252
	322  -  MemoryUsage of job (MB)
	328832  -  ResidentSetSize of job (KB)
...
006 (454.078.000) 2022-04-07 09:16:58 Image size of job updated: 779508
	322  -  MemoryUsage of job (MB)
	328964  -  ResidentSetSize of job (KB)
...
006 (454.078.000) 2022-04-07 09:21:58 Image size of job updated: 779508
	322  -  MemoryUsage of job (MB)
	329228  -  ResidentSetSize of job (KB)
...
006 (454.078.000) 2022-04-07 09:24:35 Image size of job updated: 779764
	322  -  MemoryUsage of job (MB)
	329228  -  ResidentSetSize of job (KB)
...
005 (454.078.000) 2022-04-07 09:24:35 Job terminated.
	(1) Normal termination (return value 0)
		Usr 0 03:11:01, Sys 0 00:00:25  -  Run Remote Usage
		Usr 0 00:00:00, Sys 0 00:00:00  -  Run Local Usage
		Usr 0 03:11:01, Sys 0 00:00:25  -  Total Remote Usage
		Usr 0 00:00:00, Sys 0 00:00:00  -  Total Local Usage
	0  -  Run Bytes Sent By Job
	0  -  Run Bytes Received By Job
	0  -  Total Bytes Sent By Job
	0  -  Total Bytes Received By Job
	Partitionable Resources :    Usage  Request Allocated 
	   Cpus                 :     1.00        1         1 
	   Disk (KB)            :  7500        7500     10998 
	   Memory (MB)          :   322        1024      1024 

	Job terminated of its own accord at 2022-04-07T07:24:35Z with exit-code 0.
...
