000 (454.997.000) 2022-04-06 16:54:03 Job submitted from host: <10.18.24.243:9618?addrs=10.18.24.243-9618&alias=ecoclusts01.bioclust.biologie.ens.fr&noUDP&sock=schedd_1052_29b8>
...
001 (454.997.000) 2022-04-08 13:07:47 Job executing on host: <10.18.24.3:9618?addrs=10.18.24.3-9618&alias=bioclust03.bioclust.biologie.ens.fr&noUDP&sock=startd_1043_fd5e>
...
006 (454.997.000) 2022-04-08 13:07:56 Image size of job updated: 211276
	53  -  MemoryUsage of job (MB)
	54204  -  ResidentSetSize of job (KB)
...
006 (454.997.000) 2022-04-08 13:12:57 Image size of job updated: 741620
	317  -  MemoryUsage of job (MB)
	324076  -  ResidentSetSize of job (KB)
...
006 (454.997.000) 2022-04-08 13:27:58 Image size of job updated: 774388
	317  -  MemoryUsage of job (MB)
	324076  -  ResidentSetSize of job (KB)
...
006 (454.997.000) 2022-04-08 15:08:09 Image size of job updated: 774644
	317  -  MemoryUsage of job (MB)
	324208  -  ResidentSetSize of job (KB)
...
006 (454.997.000) 2022-04-08 15:33:11 Image size of job updated: 774644
	317  -  MemoryUsage of job (MB)
	324340  -  ResidentSetSize of job (KB)
...
006 (454.997.000) 2022-04-08 15:38:11 Image size of job updated: 774900
	317  -  MemoryUsage of job (MB)
	324472  -  ResidentSetSize of job (KB)
...
006 (454.997.000) 2022-04-08 15:48:12 Image size of job updated: 774900
	317  -  MemoryUsage of job (MB)
	324604  -  ResidentSetSize of job (KB)
...
006 (454.997.000) 2022-04-08 15:53:12 Image size of job updated: 775156
	317  -  MemoryUsage of job (MB)
	324604  -  ResidentSetSize of job (KB)
...
006 (454.997.000) 2022-04-08 15:58:13 Image size of job updated: 775156
	318  -  MemoryUsage of job (MB)
	324736  -  ResidentSetSize of job (KB)
...
006 (454.997.000) 2022-04-08 16:08:14 Image size of job updated: 775156
	318  -  MemoryUsage of job (MB)
	324868  -  ResidentSetSize of job (KB)
...
006 (454.997.000) 2022-04-08 16:18:16 Image size of job updated: 775412
	318  -  MemoryUsage of job (MB)
	325000  -  ResidentSetSize of job (KB)
...
006 (454.997.000) 2022-04-08 16:33:17 Image size of job updated: 775412
	318  -  MemoryUsage of job (MB)
	325132  -  ResidentSetSize of job (KB)
...
006 (454.997.000) 2022-04-08 16:38:17 Image size of job updated: 775668
	318  -  MemoryUsage of job (MB)
	325132  -  ResidentSetSize of job (KB)
...
006 (454.997.000) 2022-04-08 16:43:17 Image size of job updated: 775668
	318  -  MemoryUsage of job (MB)
	325264  -  ResidentSetSize of job (KB)
...
006 (454.997.000) 2022-04-08 16:58:19 Image size of job updated: 775668
	318  -  MemoryUsage of job (MB)
	325396  -  ResidentSetSize of job (KB)
...
006 (454.997.000) 2022-04-08 17:03:20 Image size of job updated: 775924
	318  -  MemoryUsage of job (MB)
	325396  -  ResidentSetSize of job (KB)
...
006 (454.997.000) 2022-04-08 17:13:21 Image size of job updated: 775924
	318  -  MemoryUsage of job (MB)
	325528  -  ResidentSetSize of job (KB)
...
006 (454.997.000) 2022-04-08 17:23:22 Image size of job updated: 775924
	319  -  MemoryUsage of job (MB)
	325660  -  ResidentSetSize of job (KB)
...
006 (454.997.000) 2022-04-08 17:28:22 Image size of job updated: 776180
	319  -  MemoryUsage of job (MB)
	325660  -  ResidentSetSize of job (KB)
...
006 (454.997.000) 2022-04-08 17:33:22 Image size of job updated: 776180
	319  -  MemoryUsage of job (MB)
	325792  -  ResidentSetSize of job (KB)
...
006 (454.997.000) 2022-04-08 17:43:23 Image size of job updated: 776436
	319  -  MemoryUsage of job (MB)
	325924  -  ResidentSetSize of job (KB)
...
006 (454.997.000) 2022-04-08 17:58:25 Image size of job updated: 776436
	319  -  MemoryUsage of job (MB)
	326056  -  ResidentSetSize of job (KB)
...
006 (454.997.000) 2022-04-08 18:08:25 Image size of job updated: 776436
	319  -  MemoryUsage of job (MB)
	326188  -  ResidentSetSize of job (KB)
...
006 (454.997.000) 2022-04-08 18:13:26 Image size of job updated: 776692
	319  -  MemoryUsage of job (MB)
	326188  -  ResidentSetSize of job (KB)
...
006 (454.997.000) 2022-04-08 18:23:26 Image size of job updated: 776692
	319  -  MemoryUsage of job (MB)
	326320  -  ResidentSetSize of job (KB)
...
006 (454.997.000) 2022-04-08 18:33:28 Image size of job updated: 776692
	319  -  MemoryUsage of job (MB)
	326452  -  ResidentSetSize of job (KB)
...
006 (454.997.000) 2022-04-08 18:38:28 Image size of job updated: 776948
	319  -  MemoryUsage of job (MB)
	326452  -  ResidentSetSize of job (KB)
...
006 (454.997.000) 2022-04-08 18:48:30 Image size of job updated: 776948
	319  -  MemoryUsage of job (MB)
	326584  -  ResidentSetSize of job (KB)
...
006 (454.997.000) 2022-04-08 19:18:33 Image size of job updated: 777204
	320  -  MemoryUsage of job (MB)
	326716  -  ResidentSetSize of job (KB)
...
006 (454.997.000) 2022-04-08 19:28:33 Image size of job updated: 777204
	320  -  MemoryUsage of job (MB)
	326848  -  ResidentSetSize of job (KB)
...
006 (454.997.000) 2022-04-08 19:38:35 Image size of job updated: 777204
	320  -  MemoryUsage of job (MB)
	326980  -  ResidentSetSize of job (KB)
...
006 (454.997.000) 2022-04-08 19:43:35 Image size of job updated: 777460
	320  -  MemoryUsage of job (MB)
	326980  -  ResidentSetSize of job (KB)
...
006 (454.997.000) 2022-04-08 19:53:37 Image size of job updated: 777460
	320  -  MemoryUsage of job (MB)
	327112  -  ResidentSetSize of job (KB)
...
006 (454.997.000) 2022-04-08 20:03:38 Image size of job updated: 777716
	320  -  MemoryUsage of job (MB)
	327244  -  ResidentSetSize of job (KB)
...
006 (454.997.000) 2022-04-08 20:13:39 Image size of job updated: 777716
	320  -  MemoryUsage of job (MB)
	327376  -  ResidentSetSize of job (KB)
...
006 (454.997.000) 2022-04-08 20:23:40 Image size of job updated: 777716
	320  -  MemoryUsage of job (MB)
	327508  -  ResidentSetSize of job (KB)
...
006 (454.997.000) 2022-04-08 20:28:40 Image size of job updated: 777972
	320  -  MemoryUsage of job (MB)
	327508  -  ResidentSetSize of job (KB)
...
006 (454.997.000) 2022-04-08 20:33:40 Image size of job updated: 777972
	320  -  MemoryUsage of job (MB)
	327640  -  ResidentSetSize of job (KB)
...
006 (454.997.000) 2022-04-08 20:48:42 Image size of job updated: 778228
	321  -  MemoryUsage of job (MB)
	327772  -  ResidentSetSize of job (KB)
...
006 (454.997.000) 2022-04-08 20:53:43 Image size of job updated: 778228
	321  -  MemoryUsage of job (MB)
	327904  -  ResidentSetSize of job (KB)
...
006 (454.997.000) 2022-04-08 21:03:44 Image size of job updated: 778484
	321  -  MemoryUsage of job (MB)
	327904  -  ResidentSetSize of job (KB)
...
006 (454.997.000) 2022-04-08 21:08:45 Image size of job updated: 778484
	321  -  MemoryUsage of job (MB)
	328036  -  ResidentSetSize of job (KB)
...
006 (454.997.000) 2022-04-08 21:18:46 Image size of job updated: 778484
	321  -  MemoryUsage of job (MB)
	328168  -  ResidentSetSize of job (KB)
...
006 (454.997.000) 2022-04-08 21:28:48 Image size of job updated: 778740
	321  -  MemoryUsage of job (MB)
	328300  -  ResidentSetSize of job (KB)
...
006 (454.997.000) 2022-04-08 21:38:48 Image size of job updated: 778740
	321  -  MemoryUsage of job (MB)
	328432  -  ResidentSetSize of job (KB)
...
006 (454.997.000) 2022-04-08 21:43:49 Image size of job updated: 778996
	321  -  MemoryUsage of job (MB)
	328564  -  ResidentSetSize of job (KB)
...
006 (454.997.000) 2022-04-08 21:53:50 Image size of job updated: 778996
	321  -  MemoryUsage of job (MB)
	328696  -  ResidentSetSize of job (KB)
...
006 (454.997.000) 2022-04-08 22:03:51 Image size of job updated: 779252
	322  -  MemoryUsage of job (MB)
	328828  -  ResidentSetSize of job (KB)
...
006 (454.997.000) 2022-04-08 22:13:51 Image size of job updated: 779252
	322  -  MemoryUsage of job (MB)
	328960  -  ResidentSetSize of job (KB)
...
006 (454.997.000) 2022-04-08 22:18:52 Image size of job updated: 779508
	322  -  MemoryUsage of job (MB)
	328960  -  ResidentSetSize of job (KB)
...
006 (454.997.000) 2022-04-08 22:23:53 Image size of job updated: 779508
	322  -  MemoryUsage of job (MB)
	329092  -  ResidentSetSize of job (KB)
...
006 (454.997.000) 2022-04-08 22:33:53 Image size of job updated: 779508
	322  -  MemoryUsage of job (MB)
	329224  -  ResidentSetSize of job (KB)
...
006 (454.997.000) 2022-04-08 22:42:49 Image size of job updated: 779764
	322  -  MemoryUsage of job (MB)
	329224  -  ResidentSetSize of job (KB)
...
005 (454.997.000) 2022-04-08 22:42:49 Job terminated.
	(1) Normal termination (return value 0)
		Usr 0 09:32:14, Sys 0 00:01:05  -  Run Remote Usage
		Usr 0 00:00:00, Sys 0 00:00:00  -  Run Local Usage
		Usr 0 09:32:14, Sys 0 00:01:05  -  Total Remote Usage
		Usr 0 00:00:00, Sys 0 00:00:00  -  Total Local Usage
	0  -  Run Bytes Sent By Job
	0  -  Run Bytes Received By Job
	0  -  Total Bytes Sent By Job
	0  -  Total Bytes Received By Job
	Partitionable Resources :    Usage  Request Allocated 
	   Cpus                 :     1.00        1         1 
	   Disk (KB)            :  7500        7500     10998 
	   Memory (MB)          :   322        1024      1024 

	Job terminated of its own accord at 2022-04-08T20:42:49Z with exit-code 0.
...
