000 (454.815.000) 2022-04-06 16:54:02 Job submitted from host: <10.18.24.243:9618?addrs=10.18.24.243-9618&alias=ecoclusts01.bioclust.biologie.ens.fr&noUDP&sock=schedd_1052_29b8>
...
001 (454.815.000) 2022-04-08 08:18:31 Job executing on host: <10.18.24.12:9618?addrs=10.18.24.12-9618&alias=bioclust12.bioclust.biologie.ens.fr&noUDP&sock=startd_86046_fa3b>
...
006 (454.815.000) 2022-04-08 08:18:39 Image size of job updated: 137604
	35  -  MemoryUsage of job (MB)
	35740  -  ResidentSetSize of job (KB)
...
006 (454.815.000) 2022-04-08 08:23:39 Image size of job updated: 896304
	316  -  MemoryUsage of job (MB)
	322980  -  ResidentSetSize of job (KB)
...
006 (454.815.000) 2022-04-08 10:03:49 Image size of job updated: 896304
	316  -  MemoryUsage of job (MB)
	323244  -  ResidentSetSize of job (KB)
...
006 (454.815.000) 2022-04-08 10:13:50 Image size of job updated: 896304
	316  -  MemoryUsage of job (MB)
	323376  -  ResidentSetSize of job (KB)
...
006 (454.815.000) 2022-04-08 10:18:52 Image size of job updated: 896304
	316  -  MemoryUsage of job (MB)
	323508  -  ResidentSetSize of job (KB)
...
006 (454.815.000) 2022-04-08 10:28:52 Image size of job updated: 896304
	317  -  MemoryUsage of job (MB)
	323640  -  ResidentSetSize of job (KB)
...
006 (454.815.000) 2022-04-08 10:33:53 Image size of job updated: 896304
	317  -  MemoryUsage of job (MB)
	323772  -  ResidentSetSize of job (KB)
...
006 (454.815.000) 2022-04-08 10:38:53 Image size of job updated: 896304
	317  -  MemoryUsage of job (MB)
	323904  -  ResidentSetSize of job (KB)
...
006 (454.815.000) 2022-04-08 10:48:54 Image size of job updated: 896304
	317  -  MemoryUsage of job (MB)
	324036  -  ResidentSetSize of job (KB)
...
006 (454.815.000) 2022-04-08 10:53:55 Image size of job updated: 896304
	317  -  MemoryUsage of job (MB)
	324168  -  ResidentSetSize of job (KB)
...
006 (454.815.000) 2022-04-08 10:58:55 Image size of job updated: 896304
	317  -  MemoryUsage of job (MB)
	324300  -  ResidentSetSize of job (KB)
...
006 (454.815.000) 2022-04-08 11:08:57 Image size of job updated: 896304
	317  -  MemoryUsage of job (MB)
	324432  -  ResidentSetSize of job (KB)
...
006 (454.815.000) 2022-04-08 11:13:57 Image size of job updated: 896304
	317  -  MemoryUsage of job (MB)
	324564  -  ResidentSetSize of job (KB)
...
006 (454.815.000) 2022-04-08 11:18:57 Image size of job updated: 896304
	318  -  MemoryUsage of job (MB)
	324696  -  ResidentSetSize of job (KB)
...
006 (454.815.000) 2022-04-08 11:23:58 Image size of job updated: 896304
	318  -  MemoryUsage of job (MB)
	324828  -  ResidentSetSize of job (KB)
...
006 (454.815.000) 2022-04-08 11:28:58 Image size of job updated: 896304
	318  -  MemoryUsage of job (MB)
	324960  -  ResidentSetSize of job (KB)
...
006 (454.815.000) 2022-04-08 11:38:59 Image size of job updated: 896304
	318  -  MemoryUsage of job (MB)
	325224  -  ResidentSetSize of job (KB)
...
006 (454.815.000) 2022-04-08 11:49:00 Image size of job updated: 896304
	318  -  MemoryUsage of job (MB)
	325356  -  ResidentSetSize of job (KB)
...
006 (454.815.000) 2022-04-08 12:09:03 Image size of job updated: 896304
	318  -  MemoryUsage of job (MB)
	325444  -  ResidentSetSize of job (KB)
...
006 (454.815.000) 2022-04-08 12:14:04 Image size of job updated: 896304
	318  -  MemoryUsage of job (MB)
	325576  -  ResidentSetSize of job (KB)
...
006 (454.815.000) 2022-04-08 12:19:04 Image size of job updated: 896304
	319  -  MemoryUsage of job (MB)
	325708  -  ResidentSetSize of job (KB)
...
006 (454.815.000) 2022-04-08 12:29:06 Image size of job updated: 896304
	319  -  MemoryUsage of job (MB)
	325840  -  ResidentSetSize of job (KB)
...
006 (454.815.000) 2022-04-08 12:34:06 Image size of job updated: 896304
	319  -  MemoryUsage of job (MB)
	325972  -  ResidentSetSize of job (KB)
...
006 (454.815.000) 2022-04-08 12:44:07 Image size of job updated: 896304
	319  -  MemoryUsage of job (MB)
	326104  -  ResidentSetSize of job (KB)
...
006 (454.815.000) 2022-04-08 12:49:07 Image size of job updated: 896304
	319  -  MemoryUsage of job (MB)
	326236  -  ResidentSetSize of job (KB)
...
006 (454.815.000) 2022-04-08 12:59:08 Image size of job updated: 896304
	319  -  MemoryUsage of job (MB)
	326368  -  ResidentSetSize of job (KB)
...
006 (454.815.000) 2022-04-08 13:04:09 Image size of job updated: 896304
	319  -  MemoryUsage of job (MB)
	326500  -  ResidentSetSize of job (KB)
...
006 (454.815.000) 2022-04-08 13:09:09 Image size of job updated: 896304
	319  -  MemoryUsage of job (MB)
	326632  -  ResidentSetSize of job (KB)
...
006 (454.815.000) 2022-04-08 13:19:11 Image size of job updated: 896304
	320  -  MemoryUsage of job (MB)
	326764  -  ResidentSetSize of job (KB)
...
006 (454.815.000) 2022-04-08 13:24:11 Image size of job updated: 896304
	320  -  MemoryUsage of job (MB)
	326896  -  ResidentSetSize of job (KB)
...
006 (454.815.000) 2022-04-08 13:34:12 Image size of job updated: 896304
	320  -  MemoryUsage of job (MB)
	327028  -  ResidentSetSize of job (KB)
...
006 (454.815.000) 2022-04-08 13:39:12 Image size of job updated: 896304
	320  -  MemoryUsage of job (MB)
	327160  -  ResidentSetSize of job (KB)
...
006 (454.815.000) 2022-04-08 13:44:12 Image size of job updated: 896304
	320  -  MemoryUsage of job (MB)
	327292  -  ResidentSetSize of job (KB)
...
006 (454.815.000) 2022-04-08 13:54:14 Image size of job updated: 896304
	320  -  MemoryUsage of job (MB)
	327424  -  ResidentSetSize of job (KB)
...
006 (454.815.000) 2022-04-08 13:59:14 Image size of job updated: 896304
	320  -  MemoryUsage of job (MB)
	327556  -  ResidentSetSize of job (KB)
...
006 (454.815.000) 2022-04-08 14:04:14 Image size of job updated: 896304
	321  -  MemoryUsage of job (MB)
	327688  -  ResidentSetSize of job (KB)
...
006 (454.815.000) 2022-04-08 14:14:15 Image size of job updated: 896304
	321  -  MemoryUsage of job (MB)
	327820  -  ResidentSetSize of job (KB)
...
006 (454.815.000) 2022-04-08 14:19:15 Image size of job updated: 896304
	321  -  MemoryUsage of job (MB)
	327952  -  ResidentSetSize of job (KB)
...
006 (454.815.000) 2022-04-08 14:24:16 Image size of job updated: 896304
	321  -  MemoryUsage of job (MB)
	328084  -  ResidentSetSize of job (KB)
...
005 (454.815.000) 2022-04-08 14:28:44 Job terminated.
	(1) Normal termination (return value 0)
		Usr 0 06:05:04, Sys 0 00:02:37  -  Run Remote Usage
		Usr 0 00:00:00, Sys 0 00:00:00  -  Run Local Usage
		Usr 0 06:05:04, Sys 0 00:02:37  -  Total Remote Usage
		Usr 0 00:00:00, Sys 0 00:00:00  -  Total Local Usage
	0  -  Run Bytes Sent By Job
	0  -  Run Bytes Received By Job
	0  -  Total Bytes Sent By Job
	0  -  Total Bytes Received By Job
	Partitionable Resources :    Usage  Request Allocated 
	   Cpus                 :     1.00        1         1 
	   Disk (KB)            :  7500        7500     12108 
	   Memory (MB)          :   321        1024      1024 

	Job terminated of its own accord at 2022-04-08T12:28:43Z with exit-code 0.
...
