000 (454.487.000) 2022-04-06 16:54:01 Job submitted from host: <10.18.24.243:9618?addrs=10.18.24.243-9618&alias=ecoclusts01.bioclust.biologie.ens.fr&noUDP&sock=schedd_1052_29b8>
...
001 (454.487.000) 2022-04-07 23:02:57 Job executing on host: <10.18.24.174:9618?addrs=10.18.24.174-9618&alias=mcbsclust03.bioclust.biologie.ens.fr&noUDP&sock=startd_937_4854>
...
006 (454.487.000) 2022-04-07 23:03:06 Image size of job updated: 778020
	419  -  MemoryUsage of job (MB)
	428088  -  ResidentSetSize of job (KB)
...
006 (454.487.000) 2022-04-08 04:13:41 Image size of job updated: 778228
	419  -  MemoryUsage of job (MB)
	428088  -  ResidentSetSize of job (KB)
...
006 (454.487.000) 2022-04-08 04:28:43 Image size of job updated: 778484
	419  -  MemoryUsage of job (MB)
	428088  -  ResidentSetSize of job (KB)
...
006 (454.487.000) 2022-04-08 04:43:44 Image size of job updated: 778740
	419  -  MemoryUsage of job (MB)
	428088  -  ResidentSetSize of job (KB)
...
006 (454.487.000) 2022-04-08 04:58:45 Image size of job updated: 778996
	419  -  MemoryUsage of job (MB)
	428088  -  ResidentSetSize of job (KB)
...
006 (454.487.000) 2022-04-08 05:13:47 Image size of job updated: 779252
	419  -  MemoryUsage of job (MB)
	428088  -  ResidentSetSize of job (KB)
...
006 (454.487.000) 2022-04-08 05:28:49 Image size of job updated: 779508
	419  -  MemoryUsage of job (MB)
	428088  -  ResidentSetSize of job (KB)
...
006 (454.487.000) 2022-04-08 05:41:29 Image size of job updated: 779764
	419  -  MemoryUsage of job (MB)
	428088  -  ResidentSetSize of job (KB)
...
005 (454.487.000) 2022-04-08 05:41:29 Job terminated.
	(1) Normal termination (return value 0)
		Usr 0 06:37:16, Sys 0 00:00:15  -  Run Remote Usage
		Usr 0 00:00:00, Sys 0 00:00:00  -  Run Local Usage
		Usr 0 06:37:16, Sys 0 00:00:15  -  Total Remote Usage
		Usr 0 00:00:00, Sys 0 00:00:00  -  Total Local Usage
	0  -  Run Bytes Sent By Job
	0  -  Run Bytes Received By Job
	0  -  Total Bytes Sent By Job
	0  -  Total Bytes Received By Job
	Partitionable Resources :    Usage  Request Allocated 
	   Cpus                 :     1.00        1         1 
	   Disk (KB)            :  7500        7500     10998 
	   Memory (MB)          :   419        1024      1024 

	Job terminated of its own accord at 2022-04-08T03:41:29Z with exit-code 0.
...
