000 (454.401.000) 2022-04-06 16:54:00 Job submitted from host: <10.18.24.243:9618?addrs=10.18.24.243-9618&alias=ecoclusts01.bioclust.biologie.ens.fr&noUDP&sock=schedd_1052_29b8>
...
001 (454.401.000) 2022-04-07 20:34:19 Job executing on host: <10.18.24.138:9618?addrs=10.18.24.138-9618&alias=dyoclust11.bioclust.biologie.ens.fr&noUDP&sock=startd_801_ff73>
...
006 (454.401.000) 2022-04-07 20:34:28 Image size of job updated: 233408
	178  -  MemoryUsage of job (MB)
	181364  -  ResidentSetSize of job (KB)
...
006 (454.401.000) 2022-04-07 20:39:29 Image size of job updated: 741620
	317  -  MemoryUsage of job (MB)
	324040  -  ResidentSetSize of job (KB)
...
006 (454.401.000) 2022-04-07 20:44:29 Image size of job updated: 774388
	317  -  MemoryUsage of job (MB)
	324172  -  ResidentSetSize of job (KB)
...
006 (454.401.000) 2022-04-07 21:29:34 Image size of job updated: 774644
	317  -  MemoryUsage of job (MB)
	324172  -  ResidentSetSize of job (KB)
...
006 (454.401.000) 2022-04-07 21:34:34 Image size of job updated: 774644
	317  -  MemoryUsage of job (MB)
	324304  -  ResidentSetSize of job (KB)
...
006 (454.401.000) 2022-04-07 21:39:35 Image size of job updated: 774900
	317  -  MemoryUsage of job (MB)
	324568  -  ResidentSetSize of job (KB)
...
006 (454.401.000) 2022-04-07 21:44:36 Image size of job updated: 775156
	318  -  MemoryUsage of job (MB)
	324700  -  ResidentSetSize of job (KB)
...
006 (454.401.000) 2022-04-07 21:49:36 Image size of job updated: 775156
	318  -  MemoryUsage of job (MB)
	324832  -  ResidentSetSize of job (KB)
...
006 (454.401.000) 2022-04-07 21:54:36 Image size of job updated: 775412
	318  -  MemoryUsage of job (MB)
	325096  -  ResidentSetSize of job (KB)
...
006 (454.401.000) 2022-04-07 21:59:37 Image size of job updated: 775668
	318  -  MemoryUsage of job (MB)
	325228  -  ResidentSetSize of job (KB)
...
006 (454.401.000) 2022-04-07 22:04:38 Image size of job updated: 775924
	318  -  MemoryUsage of job (MB)
	325492  -  ResidentSetSize of job (KB)
...
006 (454.401.000) 2022-04-07 22:09:38 Image size of job updated: 775924
	318  -  MemoryUsage of job (MB)
	325624  -  ResidentSetSize of job (KB)
...
006 (454.401.000) 2022-04-07 22:14:39 Image size of job updated: 776180
	319  -  MemoryUsage of job (MB)
	325756  -  ResidentSetSize of job (KB)
...
006 (454.401.000) 2022-04-07 22:19:40 Image size of job updated: 776436
	319  -  MemoryUsage of job (MB)
	326020  -  ResidentSetSize of job (KB)
...
006 (454.401.000) 2022-04-07 22:24:40 Image size of job updated: 776692
	319  -  MemoryUsage of job (MB)
	326284  -  ResidentSetSize of job (KB)
...
006 (454.401.000) 2022-04-07 22:29:40 Image size of job updated: 776692
	319  -  MemoryUsage of job (MB)
	326416  -  ResidentSetSize of job (KB)
...
006 (454.401.000) 2022-04-07 22:34:41 Image size of job updated: 776948
	319  -  MemoryUsage of job (MB)
	326548  -  ResidentSetSize of job (KB)
...
006 (454.401.000) 2022-04-07 22:44:42 Image size of job updated: 776948
	320  -  MemoryUsage of job (MB)
	326680  -  ResidentSetSize of job (KB)
...
006 (454.401.000) 2022-04-07 22:49:43 Image size of job updated: 777204
	320  -  MemoryUsage of job (MB)
	326812  -  ResidentSetSize of job (KB)
...
006 (454.401.000) 2022-04-07 22:54:44 Image size of job updated: 777460
	320  -  MemoryUsage of job (MB)
	326944  -  ResidentSetSize of job (KB)
...
006 (454.401.000) 2022-04-07 22:59:44 Image size of job updated: 777460
	320  -  MemoryUsage of job (MB)
	327208  -  ResidentSetSize of job (KB)
...
006 (454.401.000) 2022-04-07 23:04:44 Image size of job updated: 777716
	320  -  MemoryUsage of job (MB)
	327340  -  ResidentSetSize of job (KB)
...
006 (454.401.000) 2022-04-07 23:09:45 Image size of job updated: 777972
	320  -  MemoryUsage of job (MB)
	327604  -  ResidentSetSize of job (KB)
...
006 (454.401.000) 2022-04-07 23:14:46 Image size of job updated: 778228
	321  -  MemoryUsage of job (MB)
	327736  -  ResidentSetSize of job (KB)
...
006 (454.401.000) 2022-04-07 23:19:46 Image size of job updated: 778228
	321  -  MemoryUsage of job (MB)
	327868  -  ResidentSetSize of job (KB)
...
006 (454.401.000) 2022-04-07 23:24:47 Image size of job updated: 778484
	321  -  MemoryUsage of job (MB)
	328132  -  ResidentSetSize of job (KB)
...
006 (454.401.000) 2022-04-07 23:29:48 Image size of job updated: 778740
	321  -  MemoryUsage of job (MB)
	328264  -  ResidentSetSize of job (KB)
...
006 (454.401.000) 2022-04-07 23:34:48 Image size of job updated: 778740
	321  -  MemoryUsage of job (MB)
	328396  -  ResidentSetSize of job (KB)
...
006 (454.401.000) 2022-04-07 23:39:48 Image size of job updated: 778996
	321  -  MemoryUsage of job (MB)
	328660  -  ResidentSetSize of job (KB)
...
006 (454.401.000) 2022-04-07 23:44:49 Image size of job updated: 779252
	322  -  MemoryUsage of job (MB)
	328924  -  ResidentSetSize of job (KB)
...
006 (454.401.000) 2022-04-07 23:49:50 Image size of job updated: 779508
	322  -  MemoryUsage of job (MB)
	329056  -  ResidentSetSize of job (KB)
...
006 (454.401.000) 2022-04-07 23:54:50 Image size of job updated: 779508
	322  -  MemoryUsage of job (MB)
	329188  -  ResidentSetSize of job (KB)
...
006 (454.401.000) 2022-04-07 23:56:46 Image size of job updated: 779764
	322  -  MemoryUsage of job (MB)
	329188  -  ResidentSetSize of job (KB)
...
005 (454.401.000) 2022-04-07 23:56:46 Job terminated.
	(1) Normal termination (return value 0)
		Usr 0 03:20:40, Sys 0 00:00:26  -  Run Remote Usage
		Usr 0 00:00:00, Sys 0 00:00:00  -  Run Local Usage
		Usr 0 03:20:40, Sys 0 00:00:26  -  Total Remote Usage
		Usr 0 00:00:00, Sys 0 00:00:00  -  Total Local Usage
	0  -  Run Bytes Sent By Job
	0  -  Run Bytes Received By Job
	0  -  Total Bytes Sent By Job
	0  -  Total Bytes Received By Job
	Partitionable Resources :    Usage  Request Allocated 
	   Cpus                 :     1.00        1         1 
	   Disk (KB)            :  7500        7500     10998 
	   Memory (MB)          :   322        1024      1024 

	Job terminated of its own accord at 2022-04-07T21:56:46Z with exit-code 0.
...
