000 (454.069.000) 2022-04-06 16:53:59 Job submitted from host: <10.18.24.243:9618?addrs=10.18.24.243-9618&alias=ecoclusts01.bioclust.biologie.ens.fr&noUDP&sock=schedd_1052_29b8>
...
001 (454.069.000) 2022-04-07 05:09:29 Job executing on host: <10.18.24.138:9618?addrs=10.18.24.138-9618&alias=dyoclust11.bioclust.biologie.ens.fr&noUDP&sock=startd_801_ff73>
...
006 (454.069.000) 2022-04-07 05:09:38 Image size of job updated: 180152
	176  -  MemoryUsage of job (MB)
	180152  -  ResidentSetSize of job (KB)
...
006 (454.069.000) 2022-04-07 05:14:39 Image size of job updated: 845676
	317  -  MemoryUsage of job (MB)
	324056  -  ResidentSetSize of job (KB)
...
006 (454.069.000) 2022-04-07 05:19:39 Image size of job updated: 845676
	317  -  MemoryUsage of job (MB)
	324144  -  ResidentSetSize of job (KB)
...
006 (454.069.000) 2022-04-07 05:49:42 Image size of job updated: 845676
	317  -  MemoryUsage of job (MB)
	324276  -  ResidentSetSize of job (KB)
...
006 (454.069.000) 2022-04-07 05:54:42 Image size of job updated: 845676
	317  -  MemoryUsage of job (MB)
	324408  -  ResidentSetSize of job (KB)
...
006 (454.069.000) 2022-04-07 05:59:42 Image size of job updated: 845676
	317  -  MemoryUsage of job (MB)
	324540  -  ResidentSetSize of job (KB)
...
006 (454.069.000) 2022-04-07 06:04:43 Image size of job updated: 845676
	318  -  MemoryUsage of job (MB)
	324672  -  ResidentSetSize of job (KB)
...
006 (454.069.000) 2022-04-07 06:09:44 Image size of job updated: 845676
	318  -  MemoryUsage of job (MB)
	324936  -  ResidentSetSize of job (KB)
...
006 (454.069.000) 2022-04-07 06:14:44 Image size of job updated: 845676
	318  -  MemoryUsage of job (MB)
	325068  -  ResidentSetSize of job (KB)
...
006 (454.069.000) 2022-04-07 06:19:44 Image size of job updated: 845676
	318  -  MemoryUsage of job (MB)
	325200  -  ResidentSetSize of job (KB)
...
006 (454.069.000) 2022-04-07 06:24:45 Image size of job updated: 845676
	318  -  MemoryUsage of job (MB)
	325332  -  ResidentSetSize of job (KB)
...
006 (454.069.000) 2022-04-07 06:29:45 Image size of job updated: 845676
	318  -  MemoryUsage of job (MB)
	325464  -  ResidentSetSize of job (KB)
...
006 (454.069.000) 2022-04-07 06:34:45 Image size of job updated: 845676
	319  -  MemoryUsage of job (MB)
	325728  -  ResidentSetSize of job (KB)
...
006 (454.069.000) 2022-04-07 06:39:46 Image size of job updated: 845676
	319  -  MemoryUsage of job (MB)
	325860  -  ResidentSetSize of job (KB)
...
006 (454.069.000) 2022-04-07 06:44:47 Image size of job updated: 845676
	319  -  MemoryUsage of job (MB)
	326124  -  ResidentSetSize of job (KB)
...
006 (454.069.000) 2022-04-07 06:49:47 Image size of job updated: 845676
	319  -  MemoryUsage of job (MB)
	326256  -  ResidentSetSize of job (KB)
...
006 (454.069.000) 2022-04-07 06:54:48 Image size of job updated: 845676
	319  -  MemoryUsage of job (MB)
	326520  -  ResidentSetSize of job (KB)
...
006 (454.069.000) 2022-04-07 07:09:49 Image size of job updated: 845676
	320  -  MemoryUsage of job (MB)
	326724  -  ResidentSetSize of job (KB)
...
006 (454.069.000) 2022-04-07 07:14:50 Image size of job updated: 845676
	320  -  MemoryUsage of job (MB)
	326856  -  ResidentSetSize of job (KB)
...
006 (454.069.000) 2022-04-07 07:19:51 Image size of job updated: 845676
	320  -  MemoryUsage of job (MB)
	326988  -  ResidentSetSize of job (KB)
...
006 (454.069.000) 2022-04-07 07:24:51 Image size of job updated: 845676
	320  -  MemoryUsage of job (MB)
	327120  -  ResidentSetSize of job (KB)
...
006 (454.069.000) 2022-04-07 07:29:52 Image size of job updated: 845676
	320  -  MemoryUsage of job (MB)
	327252  -  ResidentSetSize of job (KB)
...
006 (454.069.000) 2022-04-07 07:34:53 Image size of job updated: 845676
	320  -  MemoryUsage of job (MB)
	327516  -  ResidentSetSize of job (KB)
...
006 (454.069.000) 2022-04-07 07:39:53 Image size of job updated: 845676
	320  -  MemoryUsage of job (MB)
	327648  -  ResidentSetSize of job (KB)
...
006 (454.069.000) 2022-04-07 07:44:53 Image size of job updated: 845676
	321  -  MemoryUsage of job (MB)
	327780  -  ResidentSetSize of job (KB)
...
006 (454.069.000) 2022-04-07 07:49:54 Image size of job updated: 845676
	321  -  MemoryUsage of job (MB)
	327912  -  ResidentSetSize of job (KB)
...
006 (454.069.000) 2022-04-07 07:54:55 Image size of job updated: 845676
	321  -  MemoryUsage of job (MB)
	328176  -  ResidentSetSize of job (KB)
...
006 (454.069.000) 2022-04-07 07:59:55 Image size of job updated: 845676
	321  -  MemoryUsage of job (MB)
	328308  -  ResidentSetSize of job (KB)
...
006 (454.069.000) 2022-04-07 08:04:56 Image size of job updated: 845676
	321  -  MemoryUsage of job (MB)
	328440  -  ResidentSetSize of job (KB)
...
006 (454.069.000) 2022-04-07 08:09:57 Image size of job updated: 845676
	321  -  MemoryUsage of job (MB)
	328572  -  ResidentSetSize of job (KB)
...
006 (454.069.000) 2022-04-07 08:14:57 Image size of job updated: 845676
	321  -  MemoryUsage of job (MB)
	328704  -  ResidentSetSize of job (KB)
...
006 (454.069.000) 2022-04-07 08:19:57 Image size of job updated: 845676
	322  -  MemoryUsage of job (MB)
	328968  -  ResidentSetSize of job (KB)
...
006 (454.069.000) 2022-04-07 08:24:58 Image size of job updated: 845676
	322  -  MemoryUsage of job (MB)
	329100  -  ResidentSetSize of job (KB)
...
006 (454.069.000) 2022-04-07 08:29:59 Image size of job updated: 845676
	322  -  MemoryUsage of job (MB)
	329232  -  ResidentSetSize of job (KB)
...
005 (454.069.000) 2022-04-07 08:31:10 Job terminated.
	(1) Normal termination (return value 0)
		Usr 0 03:19:27, Sys 0 00:00:25  -  Run Remote Usage
		Usr 0 00:00:00, Sys 0 00:00:00  -  Run Local Usage
		Usr 0 03:19:27, Sys 0 00:00:25  -  Total Remote Usage
		Usr 0 00:00:00, Sys 0 00:00:00  -  Total Local Usage
	0  -  Run Bytes Sent By Job
	0  -  Run Bytes Received By Job
	0  -  Total Bytes Sent By Job
	0  -  Total Bytes Received By Job
	Partitionable Resources :    Usage  Request Allocated 
	   Cpus                 :     1.00        1         1 
	   Disk (KB)            :  7500        7500     10998 
	   Memory (MB)          :   322        1024      1024 

	Job terminated of its own accord at 2022-04-07T06:31:10Z with exit-code 0.
...
