000 (454.769.000) 2022-04-06 16:54:02 Job submitted from host: <10.18.24.243:9618?addrs=10.18.24.243-9618&alias=ecoclusts01.bioclust.biologie.ens.fr&noUDP&sock=schedd_1052_29b8>
...
001 (454.769.000) 2022-04-08 07:06:28 Job executing on host: <10.18.24.135:9618?addrs=10.18.24.135-9618&alias=dyoclust08.bioclust.biologie.ens.fr&noUDP&sock=startd_793_82b1>
...
006 (454.769.000) 2022-04-08 07:06:37 Image size of job updated: 232604
	228  -  MemoryUsage of job (MB)
	232604  -  ResidentSetSize of job (KB)
...
006 (454.769.000) 2022-04-08 07:11:38 Image size of job updated: 741620
	317  -  MemoryUsage of job (MB)
	324016  -  ResidentSetSize of job (KB)
...
006 (454.769.000) 2022-04-08 07:16:39 Image size of job updated: 774388
	317  -  MemoryUsage of job (MB)
	324148  -  ResidentSetSize of job (KB)
...
006 (454.769.000) 2022-04-08 08:11:44 Image size of job updated: 774644
	317  -  MemoryUsage of job (MB)
	324280  -  ResidentSetSize of job (KB)
...
006 (454.769.000) 2022-04-08 08:16:45 Image size of job updated: 774900
	317  -  MemoryUsage of job (MB)
	324412  -  ResidentSetSize of job (KB)
...
006 (454.769.000) 2022-04-08 08:21:45 Image size of job updated: 775156
	318  -  MemoryUsage of job (MB)
	324676  -  ResidentSetSize of job (KB)
...
006 (454.769.000) 2022-04-08 08:26:45 Image size of job updated: 775156
	318  -  MemoryUsage of job (MB)
	324808  -  ResidentSetSize of job (KB)
...
006 (454.769.000) 2022-04-08 08:31:46 Image size of job updated: 775412
	318  -  MemoryUsage of job (MB)
	324940  -  ResidentSetSize of job (KB)
...
006 (454.769.000) 2022-04-08 08:36:47 Image size of job updated: 775668
	318  -  MemoryUsage of job (MB)
	325204  -  ResidentSetSize of job (KB)
...
006 (454.769.000) 2022-04-08 08:41:47 Image size of job updated: 775668
	318  -  MemoryUsage of job (MB)
	325336  -  ResidentSetSize of job (KB)
...
006 (454.769.000) 2022-04-08 08:46:47 Image size of job updated: 775924
	318  -  MemoryUsage of job (MB)
	325600  -  ResidentSetSize of job (KB)
...
006 (454.769.000) 2022-04-08 08:51:48 Image size of job updated: 776180
	319  -  MemoryUsage of job (MB)
	325732  -  ResidentSetSize of job (KB)
...
006 (454.769.000) 2022-04-08 08:56:49 Image size of job updated: 776436
	319  -  MemoryUsage of job (MB)
	325864  -  ResidentSetSize of job (KB)
...
006 (454.769.000) 2022-04-08 09:01:49 Image size of job updated: 776436
	319  -  MemoryUsage of job (MB)
	326128  -  ResidentSetSize of job (KB)
...
006 (454.769.000) 2022-04-08 09:06:49 Image size of job updated: 776692
	319  -  MemoryUsage of job (MB)
	326260  -  ResidentSetSize of job (KB)
...
006 (454.769.000) 2022-04-08 09:11:50 Image size of job updated: 776948
	319  -  MemoryUsage of job (MB)
	326392  -  ResidentSetSize of job (KB)
...
006 (454.769.000) 2022-04-08 09:16:51 Image size of job updated: 776948
	319  -  MemoryUsage of job (MB)
	326524  -  ResidentSetSize of job (KB)
...
006 (454.769.000) 2022-04-08 09:26:51 Image size of job updated: 777204
	319  -  MemoryUsage of job (MB)
	326656  -  ResidentSetSize of job (KB)
...
006 (454.769.000) 2022-04-08 09:31:51 Image size of job updated: 777204
	320  -  MemoryUsage of job (MB)
	326920  -  ResidentSetSize of job (KB)
...
006 (454.769.000) 2022-04-08 09:36:53 Image size of job updated: 777460
	320  -  MemoryUsage of job (MB)
	327052  -  ResidentSetSize of job (KB)
...
006 (454.769.000) 2022-04-08 09:41:53 Image size of job updated: 777716
	320  -  MemoryUsage of job (MB)
	327184  -  ResidentSetSize of job (KB)
...
006 (454.769.000) 2022-04-08 09:46:53 Image size of job updated: 777716
	320  -  MemoryUsage of job (MB)
	327316  -  ResidentSetSize of job (KB)
...
006 (454.769.000) 2022-04-08 09:51:53 Image size of job updated: 777972
	320  -  MemoryUsage of job (MB)
	327580  -  ResidentSetSize of job (KB)
...
006 (454.769.000) 2022-04-08 09:56:54 Image size of job updated: 777972
	321  -  MemoryUsage of job (MB)
	327712  -  ResidentSetSize of job (KB)
...
006 (454.769.000) 2022-04-08 10:01:55 Image size of job updated: 778228
	321  -  MemoryUsage of job (MB)
	327844  -  ResidentSetSize of job (KB)
...
006 (454.769.000) 2022-04-08 10:06:55 Image size of job updated: 778484
	321  -  MemoryUsage of job (MB)
	327976  -  ResidentSetSize of job (KB)
...
006 (454.769.000) 2022-04-08 10:11:55 Image size of job updated: 778484
	321  -  MemoryUsage of job (MB)
	328240  -  ResidentSetSize of job (KB)
...
006 (454.769.000) 2022-04-08 10:16:57 Image size of job updated: 778740
	321  -  MemoryUsage of job (MB)
	328372  -  ResidentSetSize of job (KB)
...
006 (454.769.000) 2022-04-08 10:21:57 Image size of job updated: 778996
	321  -  MemoryUsage of job (MB)
	328504  -  ResidentSetSize of job (KB)
...
006 (454.769.000) 2022-04-08 10:26:57 Image size of job updated: 778996
	321  -  MemoryUsage of job (MB)
	328636  -  ResidentSetSize of job (KB)
...
006 (454.769.000) 2022-04-08 10:31:58 Image size of job updated: 779252
	322  -  MemoryUsage of job (MB)
	328900  -  ResidentSetSize of job (KB)
...
006 (454.769.000) 2022-04-08 10:37:00 Image size of job updated: 779508
	322  -  MemoryUsage of job (MB)
	329032  -  ResidentSetSize of job (KB)
...
006 (454.769.000) 2022-04-08 10:42:00 Image size of job updated: 779508
	322  -  MemoryUsage of job (MB)
	329164  -  ResidentSetSize of job (KB)
...
006 (454.769.000) 2022-04-08 10:43:48 Image size of job updated: 779764
	322  -  MemoryUsage of job (MB)
	329164  -  ResidentSetSize of job (KB)
...
005 (454.769.000) 2022-04-08 10:43:48 Job terminated.
	(1) Normal termination (return value 0)
		Usr 0 03:36:29, Sys 0 00:00:26  -  Run Remote Usage
		Usr 0 00:00:00, Sys 0 00:00:00  -  Run Local Usage
		Usr 0 03:36:29, Sys 0 00:00:26  -  Total Remote Usage
		Usr 0 00:00:00, Sys 0 00:00:00  -  Total Local Usage
	0  -  Run Bytes Sent By Job
	0  -  Run Bytes Received By Job
	0  -  Total Bytes Sent By Job
	0  -  Total Bytes Received By Job
	Partitionable Resources :    Usage  Request Allocated 
	   Cpus                 :     1.00        1         1 
	   Disk (KB)            :  7500        7500     10998 
	   Memory (MB)          :   322        1024      1024 

	Job terminated of its own accord at 2022-04-08T08:43:48Z with exit-code 0.
...
