000 (454.998.000) 2022-04-06 16:54:03 Job submitted from host: <10.18.24.243:9618?addrs=10.18.24.243-9618&alias=ecoclusts01.bioclust.biologie.ens.fr&noUDP&sock=schedd_1052_29b8>
...
001 (454.998.000) 2022-04-08 13:09:47 Job executing on host: <10.18.24.98:9618?addrs=10.18.24.98-9618&alias=ecoclust03.bioclust.biologie.ens.fr&noUDP&sock=startd_1024_f511>
...
006 (454.998.000) 2022-04-08 13:09:56 Image size of job updated: 68192
	46  -  MemoryUsage of job (MB)
	46940  -  ResidentSetSize of job (KB)
...
006 (454.998.000) 2022-04-08 13:14:57 Image size of job updated: 741880
	317  -  MemoryUsage of job (MB)
	324408  -  ResidentSetSize of job (KB)
...
006 (454.998.000) 2022-04-08 13:34:59 Image size of job updated: 774648
	317  -  MemoryUsage of job (MB)
	324432  -  ResidentSetSize of job (KB)
...
006 (454.998.000) 2022-04-08 15:50:14 Image size of job updated: 774904
	317  -  MemoryUsage of job (MB)
	324432  -  ResidentSetSize of job (KB)
...
006 (454.998.000) 2022-04-08 16:00:16 Image size of job updated: 774904
	317  -  MemoryUsage of job (MB)
	324564  -  ResidentSetSize of job (KB)
...
006 (454.998.000) 2022-04-08 16:10:17 Image size of job updated: 775160
	318  -  MemoryUsage of job (MB)
	324696  -  ResidentSetSize of job (KB)
...
006 (454.998.000) 2022-04-08 16:15:18 Image size of job updated: 775160
	318  -  MemoryUsage of job (MB)
	324828  -  ResidentSetSize of job (KB)
...
006 (454.998.000) 2022-04-08 16:30:20 Image size of job updated: 775416
	318  -  MemoryUsage of job (MB)
	324960  -  ResidentSetSize of job (KB)
...
006 (454.998.000) 2022-04-08 16:35:20 Image size of job updated: 775416
	318  -  MemoryUsage of job (MB)
	325092  -  ResidentSetSize of job (KB)
...
006 (454.998.000) 2022-04-08 16:45:22 Image size of job updated: 775672
	318  -  MemoryUsage of job (MB)
	325224  -  ResidentSetSize of job (KB)
...
006 (454.998.000) 2022-04-08 16:50:22 Image size of job updated: 775672
	318  -  MemoryUsage of job (MB)
	325356  -  ResidentSetSize of job (KB)
...
006 (454.998.000) 2022-04-08 17:00:23 Image size of job updated: 775928
	318  -  MemoryUsage of job (MB)
	325488  -  ResidentSetSize of job (KB)
...
006 (454.998.000) 2022-04-08 17:10:24 Image size of job updated: 775928
	318  -  MemoryUsage of job (MB)
	325620  -  ResidentSetSize of job (KB)
...
006 (454.998.000) 2022-04-08 17:20:26 Image size of job updated: 776184
	319  -  MemoryUsage of job (MB)
	325752  -  ResidentSetSize of job (KB)
...
006 (454.998.000) 2022-04-08 17:30:26 Image size of job updated: 776184
	319  -  MemoryUsage of job (MB)
	325884  -  ResidentSetSize of job (KB)
...
006 (454.998.000) 2022-04-08 17:35:27 Image size of job updated: 776440
	319  -  MemoryUsage of job (MB)
	326016  -  ResidentSetSize of job (KB)
...
006 (454.998.000) 2022-04-08 17:45:28 Image size of job updated: 776440
	319  -  MemoryUsage of job (MB)
	326148  -  ResidentSetSize of job (KB)
...
006 (454.998.000) 2022-04-08 17:50:29 Image size of job updated: 776696
	319  -  MemoryUsage of job (MB)
	326280  -  ResidentSetSize of job (KB)
...
006 (454.998.000) 2022-04-08 18:00:30 Image size of job updated: 776696
	319  -  MemoryUsage of job (MB)
	326412  -  ResidentSetSize of job (KB)
...
006 (454.998.000) 2022-04-08 18:05:30 Image size of job updated: 776952
	319  -  MemoryUsage of job (MB)
	326412  -  ResidentSetSize of job (KB)
...
006 (454.998.000) 2022-04-08 18:15:31 Image size of job updated: 776952
	319  -  MemoryUsage of job (MB)
	326544  -  ResidentSetSize of job (KB)
...
006 (454.998.000) 2022-04-08 18:40:34 Image size of job updated: 776952
	319  -  MemoryUsage of job (MB)
	326620  -  ResidentSetSize of job (KB)
...
006 (454.998.000) 2022-04-08 18:50:35 Image size of job updated: 777208
	320  -  MemoryUsage of job (MB)
	326752  -  ResidentSetSize of job (KB)
...
006 (454.998.000) 2022-04-08 19:00:36 Image size of job updated: 777208
	320  -  MemoryUsage of job (MB)
	326884  -  ResidentSetSize of job (KB)
...
006 (454.998.000) 2022-04-08 19:10:37 Image size of job updated: 777464
	320  -  MemoryUsage of job (MB)
	327016  -  ResidentSetSize of job (KB)
...
006 (454.998.000) 2022-04-08 19:20:39 Image size of job updated: 777464
	320  -  MemoryUsage of job (MB)
	327148  -  ResidentSetSize of job (KB)
...
006 (454.998.000) 2022-04-08 19:30:40 Image size of job updated: 777720
	320  -  MemoryUsage of job (MB)
	327280  -  ResidentSetSize of job (KB)
...
006 (454.998.000) 2022-04-08 19:40:41 Image size of job updated: 777720
	320  -  MemoryUsage of job (MB)
	327412  -  ResidentSetSize of job (KB)
...
006 (454.998.000) 2022-04-08 19:50:42 Image size of job updated: 777976
	320  -  MemoryUsage of job (MB)
	327544  -  ResidentSetSize of job (KB)
...
006 (454.998.000) 2022-04-08 20:00:42 Image size of job updated: 777976
	320  -  MemoryUsage of job (MB)
	327676  -  ResidentSetSize of job (KB)
...
006 (454.998.000) 2022-04-08 20:05:43 Image size of job updated: 778232
	321  -  MemoryUsage of job (MB)
	327808  -  ResidentSetSize of job (KB)
...
006 (454.998.000) 2022-04-08 20:15:44 Image size of job updated: 778232
	321  -  MemoryUsage of job (MB)
	327940  -  ResidentSetSize of job (KB)
...
006 (454.998.000) 2022-04-08 20:20:45 Image size of job updated: 778488
	321  -  MemoryUsage of job (MB)
	327940  -  ResidentSetSize of job (KB)
...
006 (454.998.000) 2022-04-08 20:25:46 Image size of job updated: 778488
	321  -  MemoryUsage of job (MB)
	328072  -  ResidentSetSize of job (KB)
...
006 (454.998.000) 2022-04-08 20:35:46 Image size of job updated: 778488
	321  -  MemoryUsage of job (MB)
	328204  -  ResidentSetSize of job (KB)
...
006 (454.998.000) 2022-04-08 20:45:47 Image size of job updated: 778744
	321  -  MemoryUsage of job (MB)
	328204  -  ResidentSetSize of job (KB)
...
006 (454.998.000) 2022-04-08 20:50:47 Image size of job updated: 778744
	321  -  MemoryUsage of job (MB)
	328336  -  ResidentSetSize of job (KB)
...
006 (454.998.000) 2022-04-08 21:00:49 Image size of job updated: 778744
	321  -  MemoryUsage of job (MB)
	328468  -  ResidentSetSize of job (KB)
...
006 (454.998.000) 2022-04-08 21:05:49 Image size of job updated: 779000
	321  -  MemoryUsage of job (MB)
	328468  -  ResidentSetSize of job (KB)
...
006 (454.998.000) 2022-04-08 21:10:50 Image size of job updated: 779000
	321  -  MemoryUsage of job (MB)
	328600  -  ResidentSetSize of job (KB)
...
006 (454.998.000) 2022-04-08 21:20:51 Image size of job updated: 779000
	322  -  MemoryUsage of job (MB)
	328732  -  ResidentSetSize of job (KB)
...
006 (454.998.000) 2022-04-08 21:25:52 Image size of job updated: 779256
	322  -  MemoryUsage of job (MB)
	328864  -  ResidentSetSize of job (KB)
...
006 (454.998.000) 2022-04-08 21:40:53 Image size of job updated: 779256
	322  -  MemoryUsage of job (MB)
	328996  -  ResidentSetSize of job (KB)
...
006 (454.998.000) 2022-04-08 21:45:55 Image size of job updated: 779512
	322  -  MemoryUsage of job (MB)
	328996  -  ResidentSetSize of job (KB)
...
006 (454.998.000) 2022-04-08 21:50:55 Image size of job updated: 779512
	322  -  MemoryUsage of job (MB)
	329128  -  ResidentSetSize of job (KB)
...
006 (454.998.000) 2022-04-08 21:55:55 Image size of job updated: 779512
	322  -  MemoryUsage of job (MB)
	329260  -  ResidentSetSize of job (KB)
...
006 (454.998.000) 2022-04-08 22:00:56 Image size of job updated: 779768
	322  -  MemoryUsage of job (MB)
	329260  -  ResidentSetSize of job (KB)
...
005 (454.998.000) 2022-04-08 22:02:05 Job terminated.
	(1) Normal termination (return value 0)
		Usr 0 08:49:58, Sys 0 00:01:04  -  Run Remote Usage
		Usr 0 00:00:00, Sys 0 00:00:00  -  Run Local Usage
		Usr 0 08:49:58, Sys 0 00:01:04  -  Total Remote Usage
		Usr 0 00:00:00, Sys 0 00:00:00  -  Total Local Usage
	0  -  Run Bytes Sent By Job
	0  -  Run Bytes Received By Job
	0  -  Total Bytes Sent By Job
	0  -  Total Bytes Received By Job
	Partitionable Resources :    Usage  Request Allocated 
	   Cpus                 :     1.00        1         1 
	   Disk (KB)            :  7500        7500     10998 
	   Memory (MB)          :   322        1024      1024 

	Job terminated of its own accord at 2022-04-08T20:02:05Z with exit-code 0.
...
