000 (454.366.000) 2022-04-06 16:54:00 Job submitted from host: <10.18.24.243:9618?addrs=10.18.24.243-9618&alias=ecoclusts01.bioclust.biologie.ens.fr&noUDP&sock=schedd_1052_29b8>
...
001 (454.366.000) 2022-04-07 19:26:16 Job executing on host: <10.18.24.138:9618?addrs=10.18.24.138-9618&alias=dyoclust11.bioclust.biologie.ens.fr&noUDP&sock=startd_801_ff73>
...
006 (454.366.000) 2022-04-07 19:26:25 Image size of job updated: 342000
	105  -  MemoryUsage of job (MB)
	107520  -  ResidentSetSize of job (KB)
...
006 (454.366.000) 2022-04-07 19:31:25 Image size of job updated: 741880
	317  -  MemoryUsage of job (MB)
	324288  -  ResidentSetSize of job (KB)
...
006 (454.366.000) 2022-04-07 19:36:25 Image size of job updated: 774648
	317  -  MemoryUsage of job (MB)
	324312  -  ResidentSetSize of job (KB)
...
006 (454.366.000) 2022-04-07 20:26:30 Image size of job updated: 774904
	317  -  MemoryUsage of job (MB)
	324444  -  ResidentSetSize of job (KB)
...
006 (454.366.000) 2022-04-07 20:31:30 Image size of job updated: 775160
	317  -  MemoryUsage of job (MB)
	324576  -  ResidentSetSize of job (KB)
...
006 (454.366.000) 2022-04-07 20:36:31 Image size of job updated: 775160
	318  -  MemoryUsage of job (MB)
	324708  -  ResidentSetSize of job (KB)
...
006 (454.366.000) 2022-04-07 20:41:31 Image size of job updated: 775416
	318  -  MemoryUsage of job (MB)
	324840  -  ResidentSetSize of job (KB)
...
006 (454.366.000) 2022-04-07 20:46:31 Image size of job updated: 775416
	318  -  MemoryUsage of job (MB)
	325104  -  ResidentSetSize of job (KB)
...
006 (454.366.000) 2022-04-07 20:51:32 Image size of job updated: 775672
	318  -  MemoryUsage of job (MB)
	325236  -  ResidentSetSize of job (KB)
...
006 (454.366.000) 2022-04-07 20:56:33 Image size of job updated: 775928
	318  -  MemoryUsage of job (MB)
	325368  -  ResidentSetSize of job (KB)
...
006 (454.366.000) 2022-04-07 21:01:33 Image size of job updated: 775928
	318  -  MemoryUsage of job (MB)
	325500  -  ResidentSetSize of job (KB)
...
006 (454.366.000) 2022-04-07 21:06:33 Image size of job updated: 776184
	319  -  MemoryUsage of job (MB)
	325764  -  ResidentSetSize of job (KB)
...
006 (454.366.000) 2022-04-07 21:11:34 Image size of job updated: 776184
	319  -  MemoryUsage of job (MB)
	325896  -  ResidentSetSize of job (KB)
...
006 (454.366.000) 2022-04-07 21:16:34 Image size of job updated: 776440
	319  -  MemoryUsage of job (MB)
	326028  -  ResidentSetSize of job (KB)
...
006 (454.366.000) 2022-04-07 21:21:34 Image size of job updated: 776696
	319  -  MemoryUsage of job (MB)
	326292  -  ResidentSetSize of job (KB)
...
006 (454.366.000) 2022-04-07 21:26:35 Image size of job updated: 776952
	319  -  MemoryUsage of job (MB)
	326424  -  ResidentSetSize of job (KB)
...
006 (454.366.000) 2022-04-07 21:31:36 Image size of job updated: 776952
	319  -  MemoryUsage of job (MB)
	326556  -  ResidentSetSize of job (KB)
...
006 (454.366.000) 2022-04-07 21:41:36 Image size of job updated: 777208
	320  -  MemoryUsage of job (MB)
	326820  -  ResidentSetSize of job (KB)
...
006 (454.366.000) 2022-04-07 21:46:37 Image size of job updated: 777208
	320  -  MemoryUsage of job (MB)
	326952  -  ResidentSetSize of job (KB)
...
006 (454.366.000) 2022-04-07 21:51:37 Image size of job updated: 777464
	320  -  MemoryUsage of job (MB)
	327084  -  ResidentSetSize of job (KB)
...
006 (454.366.000) 2022-04-07 21:56:37 Image size of job updated: 777720
	320  -  MemoryUsage of job (MB)
	327348  -  ResidentSetSize of job (KB)
...
006 (454.366.000) 2022-04-07 22:01:38 Image size of job updated: 777976
	320  -  MemoryUsage of job (MB)
	327480  -  ResidentSetSize of job (KB)
...
006 (454.366.000) 2022-04-07 22:06:39 Image size of job updated: 777976
	320  -  MemoryUsage of job (MB)
	327612  -  ResidentSetSize of job (KB)
...
006 (454.366.000) 2022-04-07 22:11:39 Image size of job updated: 778232
	321  -  MemoryUsage of job (MB)
	327876  -  ResidentSetSize of job (KB)
...
006 (454.366.000) 2022-04-07 22:16:39 Image size of job updated: 778488
	321  -  MemoryUsage of job (MB)
	328008  -  ResidentSetSize of job (KB)
...
006 (454.366.000) 2022-04-07 22:21:40 Image size of job updated: 778744
	321  -  MemoryUsage of job (MB)
	328272  -  ResidentSetSize of job (KB)
...
006 (454.366.000) 2022-04-07 22:26:40 Image size of job updated: 778744
	321  -  MemoryUsage of job (MB)
	328404  -  ResidentSetSize of job (KB)
...
006 (454.366.000) 2022-04-07 22:31:40 Image size of job updated: 779000
	321  -  MemoryUsage of job (MB)
	328536  -  ResidentSetSize of job (KB)
...
006 (454.366.000) 2022-04-07 22:36:41 Image size of job updated: 779256
	322  -  MemoryUsage of job (MB)
	328800  -  ResidentSetSize of job (KB)
...
006 (454.366.000) 2022-04-07 22:41:42 Image size of job updated: 779256
	322  -  MemoryUsage of job (MB)
	328932  -  ResidentSetSize of job (KB)
...
006 (454.366.000) 2022-04-07 22:46:42 Image size of job updated: 779512
	322  -  MemoryUsage of job (MB)
	329196  -  ResidentSetSize of job (KB)
...
006 (454.366.000) 2022-04-07 22:50:14 Image size of job updated: 779768
	322  -  MemoryUsage of job (MB)
	329196  -  ResidentSetSize of job (KB)
...
005 (454.366.000) 2022-04-07 22:50:14 Job terminated.
	(1) Normal termination (return value 0)
		Usr 0 03:22:06, Sys 0 00:00:28  -  Run Remote Usage
		Usr 0 00:00:00, Sys 0 00:00:00  -  Run Local Usage
		Usr 0 03:22:06, Sys 0 00:00:28  -  Total Remote Usage
		Usr 0 00:00:00, Sys 0 00:00:00  -  Total Local Usage
	0  -  Run Bytes Sent By Job
	0  -  Run Bytes Received By Job
	0  -  Total Bytes Sent By Job
	0  -  Total Bytes Received By Job
	Partitionable Resources :    Usage  Request Allocated 
	   Cpus                 :     1.00        1         1 
	   Disk (KB)            :  7500        7500     10998 
	   Memory (MB)          :   322        1024      1024 

	Job terminated of its own accord at 2022-04-07T20:50:14Z with exit-code 0.
...
