000 (454.064.000) 2022-04-06 16:53:59 Job submitted from host: <10.18.24.243:9618?addrs=10.18.24.243-9618&alias=ecoclusts01.bioclust.biologie.ens.fr&noUDP&sock=schedd_1052_29b8>
...
001 (454.064.000) 2022-04-07 04:54:29 Job executing on host: <10.18.24.142:9618?addrs=10.18.24.142-9618&alias=dyoclust15.bioclust.biologie.ens.fr&noUDP&sock=startd_768_5cd3>
...
006 (454.064.000) 2022-04-07 04:54:38 Image size of job updated: 99872
	98  -  MemoryUsage of job (MB)
	99872  -  ResidentSetSize of job (KB)
...
006 (454.064.000) 2022-04-07 04:59:38 Image size of job updated: 741876
	317  -  MemoryUsage of job (MB)
	324268  -  ResidentSetSize of job (KB)
...
006 (454.064.000) 2022-04-07 05:04:39 Image size of job updated: 774644
	317  -  MemoryUsage of job (MB)
	324400  -  ResidentSetSize of job (KB)
...
006 (454.064.000) 2022-04-07 05:49:43 Image size of job updated: 774900
	317  -  MemoryUsage of job (MB)
	324400  -  ResidentSetSize of job (KB)
...
006 (454.064.000) 2022-04-07 05:54:43 Image size of job updated: 774900
	317  -  MemoryUsage of job (MB)
	324532  -  ResidentSetSize of job (KB)
...
006 (454.064.000) 2022-04-07 05:59:44 Image size of job updated: 775156
	318  -  MemoryUsage of job (MB)
	324664  -  ResidentSetSize of job (KB)
...
006 (454.064.000) 2022-04-07 06:04:44 Image size of job updated: 775412
	318  -  MemoryUsage of job (MB)
	324928  -  ResidentSetSize of job (KB)
...
006 (454.064.000) 2022-04-07 06:09:44 Image size of job updated: 775412
	318  -  MemoryUsage of job (MB)
	325060  -  ResidentSetSize of job (KB)
...
006 (454.064.000) 2022-04-07 06:14:45 Image size of job updated: 775668
	318  -  MemoryUsage of job (MB)
	325324  -  ResidentSetSize of job (KB)
...
006 (454.064.000) 2022-04-07 06:19:46 Image size of job updated: 775924
	318  -  MemoryUsage of job (MB)
	325456  -  ResidentSetSize of job (KB)
...
006 (454.064.000) 2022-04-07 06:24:46 Image size of job updated: 776180
	318  -  MemoryUsage of job (MB)
	325588  -  ResidentSetSize of job (KB)
...
006 (454.064.000) 2022-04-07 06:29:47 Image size of job updated: 776180
	319  -  MemoryUsage of job (MB)
	325852  -  ResidentSetSize of job (KB)
...
006 (454.064.000) 2022-04-07 06:34:48 Image size of job updated: 776436
	319  -  MemoryUsage of job (MB)
	325984  -  ResidentSetSize of job (KB)
...
006 (454.064.000) 2022-04-07 06:39:48 Image size of job updated: 776436
	319  -  MemoryUsage of job (MB)
	326116  -  ResidentSetSize of job (KB)
...
006 (454.064.000) 2022-04-07 06:44:48 Image size of job updated: 776692
	319  -  MemoryUsage of job (MB)
	326380  -  ResidentSetSize of job (KB)
...
006 (454.064.000) 2022-04-07 06:49:49 Image size of job updated: 776948
	319  -  MemoryUsage of job (MB)
	326512  -  ResidentSetSize of job (KB)
...
006 (454.064.000) 2022-04-07 06:59:50 Image size of job updated: 776948
	319  -  MemoryUsage of job (MB)
	326588  -  ResidentSetSize of job (KB)
...
006 (454.064.000) 2022-04-07 07:04:51 Image size of job updated: 777204
	320  -  MemoryUsage of job (MB)
	326852  -  ResidentSetSize of job (KB)
...
006 (454.064.000) 2022-04-07 07:09:52 Image size of job updated: 777460
	320  -  MemoryUsage of job (MB)
	326984  -  ResidentSetSize of job (KB)
...
006 (454.064.000) 2022-04-07 07:14:52 Image size of job updated: 777460
	320  -  MemoryUsage of job (MB)
	327116  -  ResidentSetSize of job (KB)
...
006 (454.064.000) 2022-04-07 07:19:52 Image size of job updated: 777716
	320  -  MemoryUsage of job (MB)
	327380  -  ResidentSetSize of job (KB)
...
006 (454.064.000) 2022-04-07 07:24:53 Image size of job updated: 777972
	320  -  MemoryUsage of job (MB)
	327512  -  ResidentSetSize of job (KB)
...
006 (454.064.000) 2022-04-07 07:29:53 Image size of job updated: 778228
	321  -  MemoryUsage of job (MB)
	327776  -  ResidentSetSize of job (KB)
...
006 (454.064.000) 2022-04-07 07:34:53 Image size of job updated: 778228
	321  -  MemoryUsage of job (MB)
	327908  -  ResidentSetSize of job (KB)
...
006 (454.064.000) 2022-04-07 07:39:54 Image size of job updated: 778484
	321  -  MemoryUsage of job (MB)
	328172  -  ResidentSetSize of job (KB)
...
006 (454.064.000) 2022-04-07 07:44:55 Image size of job updated: 778740
	321  -  MemoryUsage of job (MB)
	328304  -  ResidentSetSize of job (KB)
...
006 (454.064.000) 2022-04-07 07:49:55 Image size of job updated: 778996
	321  -  MemoryUsage of job (MB)
	328568  -  ResidentSetSize of job (KB)
...
006 (454.064.000) 2022-04-07 07:54:55 Image size of job updated: 778996
	321  -  MemoryUsage of job (MB)
	328700  -  ResidentSetSize of job (KB)
...
006 (454.064.000) 2022-04-07 07:59:56 Image size of job updated: 779252
	322  -  MemoryUsage of job (MB)
	328964  -  ResidentSetSize of job (KB)
...
006 (454.064.000) 2022-04-07 08:04:56 Image size of job updated: 779508
	322  -  MemoryUsage of job (MB)
	329096  -  ResidentSetSize of job (KB)
...
006 (454.064.000) 2022-04-07 08:08:42 Image size of job updated: 779764
	322  -  MemoryUsage of job (MB)
	329096  -  ResidentSetSize of job (KB)
...
005 (454.064.000) 2022-04-07 08:08:42 Job terminated.
	(1) Normal termination (return value 0)
		Usr 0 03:11:58, Sys 0 00:00:30  -  Run Remote Usage
		Usr 0 00:00:00, Sys 0 00:00:00  -  Run Local Usage
		Usr 0 03:11:58, Sys 0 00:00:30  -  Total Remote Usage
		Usr 0 00:00:00, Sys 0 00:00:00  -  Total Local Usage
	0  -  Run Bytes Sent By Job
	0  -  Run Bytes Received By Job
	0  -  Total Bytes Sent By Job
	0  -  Total Bytes Received By Job
	Partitionable Resources :    Usage  Request Allocated 
	   Cpus                 :     1.00        1         1 
	   Disk (KB)            :  7500        7500     10998 
	   Memory (MB)          :   322        1024      1024 

	Job terminated of its own accord at 2022-04-07T06:08:42Z with exit-code 0.
...
