000 (454.418.000) 2022-04-06 16:54:00 Job submitted from host: <10.18.24.243:9618?addrs=10.18.24.243-9618&alias=ecoclusts01.bioclust.biologie.ens.fr&noUDP&sock=schedd_1052_29b8>
...
001 (454.418.000) 2022-04-07 21:10:19 Job executing on host: <10.18.24.178:9618?addrs=10.18.24.178-9618&alias=mcbsclust07.bioclust.biologie.ens.fr&noUDP&sock=startd_912_2276>
...
006 (454.418.000) 2022-04-07 21:10:29 Image size of job updated: 428032
	418  -  MemoryUsage of job (MB)
	428032  -  ResidentSetSize of job (KB)
...
006 (454.418.000) 2022-04-07 21:15:29 Image size of job updated: 741876
	418  -  MemoryUsage of job (MB)
	428032  -  ResidentSetSize of job (KB)
...
006 (454.418.000) 2022-04-07 21:20:29 Image size of job updated: 774644
	418  -  MemoryUsage of job (MB)
	428032  -  ResidentSetSize of job (KB)
...
006 (454.418.000) 2022-04-07 22:30:35 Image size of job updated: 774900
	418  -  MemoryUsage of job (MB)
	428032  -  ResidentSetSize of job (KB)
...
006 (454.418.000) 2022-04-07 22:45:37 Image size of job updated: 775156
	418  -  MemoryUsage of job (MB)
	428032  -  ResidentSetSize of job (KB)
...
006 (454.418.000) 2022-04-07 23:05:38 Image size of job updated: 775412
	418  -  MemoryUsage of job (MB)
	428032  -  ResidentSetSize of job (KB)
...
006 (454.418.000) 2022-04-07 23:15:40 Image size of job updated: 775668
	418  -  MemoryUsage of job (MB)
	428032  -  ResidentSetSize of job (KB)
...
006 (454.418.000) 2022-04-07 23:25:40 Image size of job updated: 775924
	418  -  MemoryUsage of job (MB)
	428032  -  ResidentSetSize of job (KB)
...
006 (454.418.000) 2022-04-07 23:40:41 Image size of job updated: 776180
	418  -  MemoryUsage of job (MB)
	428032  -  ResidentSetSize of job (KB)
...
006 (454.418.000) 2022-04-07 23:50:43 Image size of job updated: 776436
	418  -  MemoryUsage of job (MB)
	428032  -  ResidentSetSize of job (KB)
...
006 (454.418.000) 2022-04-08 00:00:43 Image size of job updated: 776692
	418  -  MemoryUsage of job (MB)
	428032  -  ResidentSetSize of job (KB)
...
006 (454.418.000) 2022-04-08 00:15:45 Image size of job updated: 776948
	418  -  MemoryUsage of job (MB)
	428032  -  ResidentSetSize of job (KB)
...
006 (454.418.000) 2022-04-08 00:40:47 Image size of job updated: 777204
	418  -  MemoryUsage of job (MB)
	428032  -  ResidentSetSize of job (KB)
...
006 (454.418.000) 2022-04-08 00:50:48 Image size of job updated: 777460
	418  -  MemoryUsage of job (MB)
	428032  -  ResidentSetSize of job (KB)
...
006 (454.418.000) 2022-04-08 01:05:50 Image size of job updated: 777716
	418  -  MemoryUsage of job (MB)
	428032  -  ResidentSetSize of job (KB)
...
006 (454.418.000) 2022-04-08 01:15:52 Image size of job updated: 777972
	418  -  MemoryUsage of job (MB)
	428032  -  ResidentSetSize of job (KB)
...
006 (454.418.000) 2022-04-08 01:30:54 Image size of job updated: 778228
	418  -  MemoryUsage of job (MB)
	428032  -  ResidentSetSize of job (KB)
...
006 (454.418.000) 2022-04-08 01:40:54 Image size of job updated: 778484
	418  -  MemoryUsage of job (MB)
	428032  -  ResidentSetSize of job (KB)
...
006 (454.418.000) 2022-04-08 01:55:56 Image size of job updated: 778740
	418  -  MemoryUsage of job (MB)
	428032  -  ResidentSetSize of job (KB)
...
006 (454.418.000) 2022-04-08 02:05:57 Image size of job updated: 778996
	418  -  MemoryUsage of job (MB)
	428032  -  ResidentSetSize of job (KB)
...
006 (454.418.000) 2022-04-08 02:15:58 Image size of job updated: 779252
	418  -  MemoryUsage of job (MB)
	428032  -  ResidentSetSize of job (KB)
...
006 (454.418.000) 2022-04-08 02:31:00 Image size of job updated: 779508
	418  -  MemoryUsage of job (MB)
	428032  -  ResidentSetSize of job (KB)
...
006 (454.418.000) 2022-04-08 02:41:00 Image size of job updated: 779764
	418  -  MemoryUsage of job (MB)
	428032  -  ResidentSetSize of job (KB)
...
005 (454.418.000) 2022-04-08 02:42:06 Job terminated.
	(1) Normal termination (return value 0)
		Usr 0 05:30:37, Sys 0 00:00:22  -  Run Remote Usage
		Usr 0 00:00:00, Sys 0 00:00:00  -  Run Local Usage
		Usr 0 05:30:37, Sys 0 00:00:22  -  Total Remote Usage
		Usr 0 00:00:00, Sys 0 00:00:00  -  Total Local Usage
	0  -  Run Bytes Sent By Job
	0  -  Run Bytes Received By Job
	0  -  Total Bytes Sent By Job
	0  -  Total Bytes Received By Job
	Partitionable Resources :    Usage  Request Allocated 
	   Cpus                 :     1.00        1         1 
	   Disk (KB)            :  7500        7500     11001 
	   Memory (MB)          :   418        1024      1024 

	Job terminated of its own accord at 2022-04-08T00:42:06Z with exit-code 0.
...
