000 (454.980.000) 2022-04-06 16:54:03 Job submitted from host: <10.18.24.243:9618?addrs=10.18.24.243-9618&alias=ecoclusts01.bioclust.biologie.ens.fr&noUDP&sock=schedd_1052_29b8>
...
001 (454.980.000) 2022-04-08 12:44:46 Job executing on host: <10.18.24.137:9618?addrs=10.18.24.137-9618&alias=dyoclust10.bioclust.biologie.ens.fr&noUDP&sock=startd_830_e3b2>
...
006 (454.980.000) 2022-04-08 12:44:54 Image size of job updated: 117700
	115  -  MemoryUsage of job (MB)
	117700  -  ResidentSetSize of job (KB)
...
006 (454.980.000) 2022-04-08 12:49:54 Image size of job updated: 743616
	317  -  MemoryUsage of job (MB)
	324316  -  ResidentSetSize of job (KB)
...
006 (454.980.000) 2022-04-08 12:54:55 Image size of job updated: 774648
	317  -  MemoryUsage of job (MB)
	324316  -  ResidentSetSize of job (KB)
...
006 (454.980.000) 2022-04-08 13:50:00 Image size of job updated: 774904
	317  -  MemoryUsage of job (MB)
	324448  -  ResidentSetSize of job (KB)
...
006 (454.980.000) 2022-04-08 13:55:01 Image size of job updated: 775160
	318  -  MemoryUsage of job (MB)
	324712  -  ResidentSetSize of job (KB)
...
006 (454.980.000) 2022-04-08 14:00:01 Image size of job updated: 775160
	318  -  MemoryUsage of job (MB)
	324844  -  ResidentSetSize of job (KB)
...
006 (454.980.000) 2022-04-08 14:05:01 Image size of job updated: 775416
	318  -  MemoryUsage of job (MB)
	324976  -  ResidentSetSize of job (KB)
...
006 (454.980.000) 2022-04-08 14:10:03 Image size of job updated: 775672
	318  -  MemoryUsage of job (MB)
	325240  -  ResidentSetSize of job (KB)
...
006 (454.980.000) 2022-04-08 14:15:03 Image size of job updated: 775928
	318  -  MemoryUsage of job (MB)
	325372  -  ResidentSetSize of job (KB)
...
006 (454.980.000) 2022-04-08 14:20:03 Image size of job updated: 775928
	319  -  MemoryUsage of job (MB)
	325636  -  ResidentSetSize of job (KB)
...
006 (454.980.000) 2022-04-08 14:25:04 Image size of job updated: 776184
	319  -  MemoryUsage of job (MB)
	325768  -  ResidentSetSize of job (KB)
...
006 (454.980.000) 2022-04-08 14:30:05 Image size of job updated: 776440
	319  -  MemoryUsage of job (MB)
	325900  -  ResidentSetSize of job (KB)
...
006 (454.980.000) 2022-04-08 14:35:06 Image size of job updated: 776696
	319  -  MemoryUsage of job (MB)
	326164  -  ResidentSetSize of job (KB)
...
006 (454.980.000) 2022-04-08 14:40:06 Image size of job updated: 776696
	319  -  MemoryUsage of job (MB)
	326428  -  ResidentSetSize of job (KB)
...
006 (454.980.000) 2022-04-08 14:45:06 Image size of job updated: 776952
	319  -  MemoryUsage of job (MB)
	326560  -  ResidentSetSize of job (KB)
...
006 (454.980.000) 2022-04-08 14:55:08 Image size of job updated: 776952
	320  -  MemoryUsage of job (MB)
	326692  -  ResidentSetSize of job (KB)
...
006 (454.980.000) 2022-04-08 15:00:08 Image size of job updated: 777208
	320  -  MemoryUsage of job (MB)
	326824  -  ResidentSetSize of job (KB)
...
006 (454.980.000) 2022-04-08 15:05:08 Image size of job updated: 777464
	320  -  MemoryUsage of job (MB)
	326956  -  ResidentSetSize of job (KB)
...
006 (454.980.000) 2022-04-08 15:10:09 Image size of job updated: 777720
	320  -  MemoryUsage of job (MB)
	327220  -  ResidentSetSize of job (KB)
...
006 (454.980.000) 2022-04-08 15:15:09 Image size of job updated: 777720
	320  -  MemoryUsage of job (MB)
	327352  -  ResidentSetSize of job (KB)
...
006 (454.980.000) 2022-04-08 15:20:09 Image size of job updated: 777976
	320  -  MemoryUsage of job (MB)
	327616  -  ResidentSetSize of job (KB)
...
006 (454.980.000) 2022-04-08 15:25:10 Image size of job updated: 778232
	321  -  MemoryUsage of job (MB)
	327748  -  ResidentSetSize of job (KB)
...
006 (454.980.000) 2022-04-08 15:30:11 Image size of job updated: 778488
	321  -  MemoryUsage of job (MB)
	328012  -  ResidentSetSize of job (KB)
...
006 (454.980.000) 2022-04-08 15:35:11 Image size of job updated: 778488
	321  -  MemoryUsage of job (MB)
	328144  -  ResidentSetSize of job (KB)
...
006 (454.980.000) 2022-04-08 15:40:11 Image size of job updated: 778744
	321  -  MemoryUsage of job (MB)
	328276  -  ResidentSetSize of job (KB)
...
006 (454.980.000) 2022-04-08 15:45:12 Image size of job updated: 779000
	321  -  MemoryUsage of job (MB)
	328540  -  ResidentSetSize of job (KB)
...
006 (454.980.000) 2022-04-08 15:50:13 Image size of job updated: 779000
	321  -  MemoryUsage of job (MB)
	328672  -  ResidentSetSize of job (KB)
...
006 (454.980.000) 2022-04-08 15:55:13 Image size of job updated: 779256
	322  -  MemoryUsage of job (MB)
	328936  -  ResidentSetSize of job (KB)
...
006 (454.980.000) 2022-04-08 16:00:13 Image size of job updated: 779512
	322  -  MemoryUsage of job (MB)
	329068  -  ResidentSetSize of job (KB)
...
006 (454.980.000) 2022-04-08 16:05:13 Image size of job updated: 779768
	322  -  MemoryUsage of job (MB)
	329068  -  ResidentSetSize of job (KB)
...
005 (454.980.000) 2022-04-08 16:05:13 Job terminated.
	(1) Normal termination (return value 0)
		Usr 0 03:19:22, Sys 0 00:00:30  -  Run Remote Usage
		Usr 0 00:00:00, Sys 0 00:00:00  -  Run Local Usage
		Usr 0 03:19:22, Sys 0 00:00:30  -  Total Remote Usage
		Usr 0 00:00:00, Sys 0 00:00:00  -  Total Local Usage
	0  -  Run Bytes Sent By Job
	0  -  Run Bytes Received By Job
	0  -  Total Bytes Sent By Job
	0  -  Total Bytes Received By Job
	Partitionable Resources :    Usage  Request Allocated 
	   Cpus                 :     1.00        1         1 
	   Disk (KB)            :  7500        7500     10999 
	   Memory (MB)          :   322        1024      1024 

	Job terminated of its own accord at 2022-04-08T14:05:13Z with exit-code 0.
...
