000 (454.099.000) 2022-04-06 16:53:59 Job submitted from host: <10.18.24.243:9618?addrs=10.18.24.243-9618&alias=ecoclusts01.bioclust.biologie.ens.fr&noUDP&sock=schedd_1052_29b8>
...
001 (454.099.000) 2022-04-07 07:33:42 Job executing on host: <10.18.24.140:9618?addrs=10.18.24.140-9618&alias=dyoclust13.bioclust.biologie.ens.fr&noUDP&sock=startd_813_3a96>
...
006 (454.099.000) 2022-04-07 07:33:52 Image size of job updated: 99964
	46  -  MemoryUsage of job (MB)
	46804  -  ResidentSetSize of job (KB)
...
006 (454.099.000) 2022-04-07 07:38:53 Image size of job updated: 762132
	317  -  MemoryUsage of job (MB)
	324364  -  ResidentSetSize of job (KB)
...
006 (454.099.000) 2022-04-07 07:48:54 Image size of job updated: 774648
	317  -  MemoryUsage of job (MB)
	324364  -  ResidentSetSize of job (KB)
...
006 (454.099.000) 2022-04-07 08:33:59 Image size of job updated: 774904
	317  -  MemoryUsage of job (MB)
	324496  -  ResidentSetSize of job (KB)
...
006 (454.099.000) 2022-04-07 08:38:59 Image size of job updated: 775160
	318  -  MemoryUsage of job (MB)
	324628  -  ResidentSetSize of job (KB)
...
006 (454.099.000) 2022-04-07 08:44:00 Image size of job updated: 775160
	318  -  MemoryUsage of job (MB)
	324760  -  ResidentSetSize of job (KB)
...
006 (454.099.000) 2022-04-07 08:49:01 Image size of job updated: 775416
	318  -  MemoryUsage of job (MB)
	325024  -  ResidentSetSize of job (KB)
...
006 (454.099.000) 2022-04-07 08:54:01 Image size of job updated: 775672
	318  -  MemoryUsage of job (MB)
	325156  -  ResidentSetSize of job (KB)
...
006 (454.099.000) 2022-04-07 08:59:02 Image size of job updated: 775672
	318  -  MemoryUsage of job (MB)
	325420  -  ResidentSetSize of job (KB)
...
006 (454.099.000) 2022-04-07 09:04:03 Image size of job updated: 775928
	318  -  MemoryUsage of job (MB)
	325552  -  ResidentSetSize of job (KB)
...
006 (454.099.000) 2022-04-07 09:09:03 Image size of job updated: 776184
	319  -  MemoryUsage of job (MB)
	325684  -  ResidentSetSize of job (KB)
...
006 (454.099.000) 2022-04-07 09:14:03 Image size of job updated: 776184
	319  -  MemoryUsage of job (MB)
	325948  -  ResidentSetSize of job (KB)
...
006 (454.099.000) 2022-04-07 09:19:05 Image size of job updated: 776440
	319  -  MemoryUsage of job (MB)
	326080  -  ResidentSetSize of job (KB)
...
006 (454.099.000) 2022-04-07 09:24:05 Image size of job updated: 776696
	319  -  MemoryUsage of job (MB)
	326212  -  ResidentSetSize of job (KB)
...
006 (454.099.000) 2022-04-07 09:29:05 Image size of job updated: 776952
	319  -  MemoryUsage of job (MB)
	326476  -  ResidentSetSize of job (KB)
...
006 (454.099.000) 2022-04-07 09:34:06 Image size of job updated: 776952
	319  -  MemoryUsage of job (MB)
	326608  -  ResidentSetSize of job (KB)
...
006 (454.099.000) 2022-04-07 09:44:07 Image size of job updated: 776952
	320  -  MemoryUsage of job (MB)
	326740  -  ResidentSetSize of job (KB)
...
006 (454.099.000) 2022-04-07 09:49:08 Image size of job updated: 777208
	320  -  MemoryUsage of job (MB)
	326872  -  ResidentSetSize of job (KB)
...
006 (454.099.000) 2022-04-07 09:54:09 Image size of job updated: 777464
	320  -  MemoryUsage of job (MB)
	327004  -  ResidentSetSize of job (KB)
...
006 (454.099.000) 2022-04-07 09:59:09 Image size of job updated: 777464
	320  -  MemoryUsage of job (MB)
	327136  -  ResidentSetSize of job (KB)
...
006 (454.099.000) 2022-04-07 10:04:09 Image size of job updated: 777720
	320  -  MemoryUsage of job (MB)
	327400  -  ResidentSetSize of job (KB)
...
006 (454.099.000) 2022-04-07 10:09:10 Image size of job updated: 777976
	320  -  MemoryUsage of job (MB)
	327532  -  ResidentSetSize of job (KB)
...
006 (454.099.000) 2022-04-07 10:14:10 Image size of job updated: 777976
	320  -  MemoryUsage of job (MB)
	327664  -  ResidentSetSize of job (KB)
...
006 (454.099.000) 2022-04-07 10:19:10 Image size of job updated: 778232
	321  -  MemoryUsage of job (MB)
	327796  -  ResidentSetSize of job (KB)
...
006 (454.099.000) 2022-04-07 10:24:11 Image size of job updated: 778488
	321  -  MemoryUsage of job (MB)
	328060  -  ResidentSetSize of job (KB)
...
006 (454.099.000) 2022-04-07 10:29:11 Image size of job updated: 778488
	321  -  MemoryUsage of job (MB)
	328192  -  ResidentSetSize of job (KB)
...
006 (454.099.000) 2022-04-07 10:34:11 Image size of job updated: 778744
	321  -  MemoryUsage of job (MB)
	328456  -  ResidentSetSize of job (KB)
...
006 (454.099.000) 2022-04-07 10:39:12 Image size of job updated: 779000
	321  -  MemoryUsage of job (MB)
	328588  -  ResidentSetSize of job (KB)
...
006 (454.099.000) 2022-04-07 10:44:13 Image size of job updated: 779256
	322  -  MemoryUsage of job (MB)
	328720  -  ResidentSetSize of job (KB)
...
006 (454.099.000) 2022-04-07 10:49:13 Image size of job updated: 779256
	322  -  MemoryUsage of job (MB)
	328852  -  ResidentSetSize of job (KB)
...
006 (454.099.000) 2022-04-07 10:54:14 Image size of job updated: 779512
	322  -  MemoryUsage of job (MB)
	329116  -  ResidentSetSize of job (KB)
...
006 (454.099.000) 2022-04-07 10:59:15 Image size of job updated: 779768
	322  -  MemoryUsage of job (MB)
	329248  -  ResidentSetSize of job (KB)
...
005 (454.099.000) 2022-04-07 11:00:09 Job terminated.
	(1) Normal termination (return value 0)
		Usr 0 03:22:57, Sys 0 00:01:21  -  Run Remote Usage
		Usr 0 00:00:00, Sys 0 00:00:00  -  Run Local Usage
		Usr 0 03:22:57, Sys 0 00:01:21  -  Total Remote Usage
		Usr 0 00:00:00, Sys 0 00:00:00  -  Total Local Usage
	0  -  Run Bytes Sent By Job
	0  -  Run Bytes Received By Job
	0  -  Total Bytes Sent By Job
	0  -  Total Bytes Received By Job
	Partitionable Resources :    Usage  Request Allocated 
	   Cpus                 :     1.00        1         1 
	   Disk (KB)            :  7500        7500     10064 
	   Memory (MB)          :   322        1024      1024 

	Job terminated of its own accord at 2022-04-07T09:00:09Z with exit-code 0.
...
