000 (454.514.000) 2022-04-06 16:54:01 Job submitted from host: <10.18.24.243:9618?addrs=10.18.24.243-9618&alias=ecoclusts01.bioclust.biologie.ens.fr&noUDP&sock=schedd_1052_29b8>
...
001 (454.514.000) 2022-04-07 23:55:58 Job executing on host: <10.18.24.176:9618?addrs=10.18.24.176-9618&alias=mcbsclust05.bioclust.biologie.ens.fr&noUDP&sock=startd_869_a3e3>
...
006 (454.514.000) 2022-04-07 23:56:07 Image size of job updated: 382856
	374  -  MemoryUsage of job (MB)
	382856  -  ResidentSetSize of job (KB)
...
006 (454.514.000) 2022-04-08 00:01:08 Image size of job updated: 896304
	375  -  MemoryUsage of job (MB)
	383120  -  ResidentSetSize of job (KB)
...
005 (454.514.000) 2022-04-08 04:46:34 Job terminated.
	(1) Normal termination (return value 0)
		Usr 0 04:49:34, Sys 0 00:00:14  -  Run Remote Usage
		Usr 0 00:00:00, Sys 0 00:00:00  -  Run Local Usage
		Usr 0 04:49:34, Sys 0 00:00:14  -  Total Remote Usage
		Usr 0 00:00:00, Sys 0 00:00:00  -  Total Local Usage
	0  -  Run Bytes Sent By Job
	0  -  Run Bytes Received By Job
	0  -  Total Bytes Sent By Job
	0  -  Total Bytes Received By Job
	Partitionable Resources :    Usage  Request Allocated 
	   Cpus                 :     1.00        1         1 
	   Disk (KB)            :  7500        7500     11001 
	   Memory (MB)          :   375        1024      1024 

	Job terminated of its own accord at 2022-04-08T02:46:34Z with exit-code 0.
...
