000 (454.100.000) 2022-04-06 16:53:59 Job submitted from host: <10.18.24.243:9618?addrs=10.18.24.243-9618&alias=ecoclusts01.bioclust.biologie.ens.fr&noUDP&sock=schedd_1052_29b8>
...
001 (454.100.000) 2022-04-07 07:50:40 Job executing on host: <10.18.24.138:9618?addrs=10.18.24.138-9618&alias=dyoclust11.bioclust.biologie.ens.fr&noUDP&sock=startd_801_ff73>
...
006 (454.100.000) 2022-04-07 07:50:49 Image size of job updated: 182912
	179  -  MemoryUsage of job (MB)
	182912  -  ResidentSetSize of job (KB)
...
006 (454.100.000) 2022-04-07 07:55:50 Image size of job updated: 741880
	317  -  MemoryUsage of job (MB)
	324308  -  ResidentSetSize of job (KB)
...
006 (454.100.000) 2022-04-07 08:00:50 Image size of job updated: 774648
	317  -  MemoryUsage of job (MB)
	324332  -  ResidentSetSize of job (KB)
...
006 (454.100.000) 2022-04-07 08:55:56 Image size of job updated: 774904
	317  -  MemoryUsage of job (MB)
	324464  -  ResidentSetSize of job (KB)
...
006 (454.100.000) 2022-04-07 09:00:56 Image size of job updated: 775160
	317  -  MemoryUsage of job (MB)
	324596  -  ResidentSetSize of job (KB)
...
006 (454.100.000) 2022-04-07 09:05:57 Image size of job updated: 775160
	318  -  MemoryUsage of job (MB)
	324728  -  ResidentSetSize of job (KB)
...
006 (454.100.000) 2022-04-07 09:10:58 Image size of job updated: 775416
	318  -  MemoryUsage of job (MB)
	324992  -  ResidentSetSize of job (KB)
...
006 (454.100.000) 2022-04-07 09:15:58 Image size of job updated: 775672
	318  -  MemoryUsage of job (MB)
	325124  -  ResidentSetSize of job (KB)
...
006 (454.100.000) 2022-04-07 09:20:59 Image size of job updated: 775928
	318  -  MemoryUsage of job (MB)
	325388  -  ResidentSetSize of job (KB)
...
006 (454.100.000) 2022-04-07 09:26:00 Image size of job updated: 775928
	319  -  MemoryUsage of job (MB)
	325652  -  ResidentSetSize of job (KB)
...
006 (454.100.000) 2022-04-07 09:31:00 Image size of job updated: 776184
	319  -  MemoryUsage of job (MB)
	325784  -  ResidentSetSize of job (KB)
...
006 (454.100.000) 2022-04-07 09:36:00 Image size of job updated: 776440
	319  -  MemoryUsage of job (MB)
	325916  -  ResidentSetSize of job (KB)
...
006 (454.100.000) 2022-04-07 09:41:01 Image size of job updated: 776696
	319  -  MemoryUsage of job (MB)
	326180  -  ResidentSetSize of job (KB)
...
006 (454.100.000) 2022-04-07 09:46:02 Image size of job updated: 776696
	319  -  MemoryUsage of job (MB)
	326444  -  ResidentSetSize of job (KB)
...
006 (454.100.000) 2022-04-07 09:51:02 Image size of job updated: 776952
	319  -  MemoryUsage of job (MB)
	326576  -  ResidentSetSize of job (KB)
...
006 (454.100.000) 2022-04-07 10:01:04 Image size of job updated: 776952
	320  -  MemoryUsage of job (MB)
	326708  -  ResidentSetSize of job (KB)
...
006 (454.100.000) 2022-04-07 10:06:04 Image size of job updated: 777208
	320  -  MemoryUsage of job (MB)
	326840  -  ResidentSetSize of job (KB)
...
006 (454.100.000) 2022-04-07 10:11:04 Image size of job updated: 777464
	320  -  MemoryUsage of job (MB)
	326972  -  ResidentSetSize of job (KB)
...
006 (454.100.000) 2022-04-07 10:16:05 Image size of job updated: 777720
	320  -  MemoryUsage of job (MB)
	327236  -  ResidentSetSize of job (KB)
...
006 (454.100.000) 2022-04-07 10:21:06 Image size of job updated: 777720
	320  -  MemoryUsage of job (MB)
	327368  -  ResidentSetSize of job (KB)
...
006 (454.100.000) 2022-04-07 10:26:06 Image size of job updated: 777976
	320  -  MemoryUsage of job (MB)
	327500  -  ResidentSetSize of job (KB)
...
006 (454.100.000) 2022-04-07 10:31:07 Image size of job updated: 778232
	321  -  MemoryUsage of job (MB)
	327764  -  ResidentSetSize of job (KB)
...
006 (454.100.000) 2022-04-07 10:36:08 Image size of job updated: 778232
	321  -  MemoryUsage of job (MB)
	327896  -  ResidentSetSize of job (KB)
...
006 (454.100.000) 2022-04-07 10:41:08 Image size of job updated: 778488
	321  -  MemoryUsage of job (MB)
	328160  -  ResidentSetSize of job (KB)
...
006 (454.100.000) 2022-04-07 10:46:08 Image size of job updated: 778744
	321  -  MemoryUsage of job (MB)
	328292  -  ResidentSetSize of job (KB)
...
006 (454.100.000) 2022-04-07 10:51:09 Image size of job updated: 778744
	321  -  MemoryUsage of job (MB)
	328424  -  ResidentSetSize of job (KB)
...
006 (454.100.000) 2022-04-07 10:56:09 Image size of job updated: 779000
	321  -  MemoryUsage of job (MB)
	328556  -  ResidentSetSize of job (KB)
...
006 (454.100.000) 2022-04-07 11:01:09 Image size of job updated: 779256
	322  -  MemoryUsage of job (MB)
	328820  -  ResidentSetSize of job (KB)
...
006 (454.100.000) 2022-04-07 11:06:10 Image size of job updated: 779256
	322  -  MemoryUsage of job (MB)
	328952  -  ResidentSetSize of job (KB)
...
006 (454.100.000) 2022-04-07 11:11:11 Image size of job updated: 779512
	322  -  MemoryUsage of job (MB)
	329216  -  ResidentSetSize of job (KB)
...
006 (454.100.000) 2022-04-07 11:13:52 Image size of job updated: 779768
	322  -  MemoryUsage of job (MB)
	329216  -  ResidentSetSize of job (KB)
...
005 (454.100.000) 2022-04-07 11:13:52 Job terminated.
	(1) Normal termination (return value 0)
		Usr 0 03:21:01, Sys 0 00:00:26  -  Run Remote Usage
		Usr 0 00:00:00, Sys 0 00:00:00  -  Run Local Usage
		Usr 0 03:21:01, Sys 0 00:00:26  -  Total Remote Usage
		Usr 0 00:00:00, Sys 0 00:00:00  -  Total Local Usage
	0  -  Run Bytes Sent By Job
	0  -  Run Bytes Received By Job
	0  -  Total Bytes Sent By Job
	0  -  Total Bytes Received By Job
	Partitionable Resources :    Usage  Request Allocated 
	   Cpus                 :     0.97        1         1 
	   Disk (KB)            :  7500        7500     10998 
	   Memory (MB)          :   322        1024      1024 

	Job terminated of its own accord at 2022-04-07T09:13:52Z with exit-code 0.
...
