000 (454.216.000) 2022-04-06 16:54:00 Job submitted from host: <10.18.24.243:9618?addrs=10.18.24.243-9618&alias=ecoclusts01.bioclust.biologie.ens.fr&noUDP&sock=schedd_1052_29b8>
...
001 (454.216.000) 2022-04-07 13:35:04 Job executing on host: <10.18.24.133:9618?addrs=10.18.24.133-9618&alias=dyoclust06.bioclust.biologie.ens.fr&noUDP&sock=startd_804_0e3b>
...
006 (454.216.000) 2022-04-07 13:35:14 Image size of job updated: 65312
	64  -  MemoryUsage of job (MB)
	65312  -  ResidentSetSize of job (KB)
...
006 (454.216.000) 2022-04-07 13:40:15 Image size of job updated: 882484
	317  -  MemoryUsage of job (MB)
	324136  -  ResidentSetSize of job (KB)
...
006 (454.216.000) 2022-04-07 14:35:20 Image size of job updated: 882484
	317  -  MemoryUsage of job (MB)
	324268  -  ResidentSetSize of job (KB)
...
006 (454.216.000) 2022-04-07 14:40:20 Image size of job updated: 882484
	317  -  MemoryUsage of job (MB)
	324400  -  ResidentSetSize of job (KB)
...
006 (454.216.000) 2022-04-07 14:45:21 Image size of job updated: 882484
	317  -  MemoryUsage of job (MB)
	324532  -  ResidentSetSize of job (KB)
...
006 (454.216.000) 2022-04-07 14:50:22 Image size of job updated: 882484
	318  -  MemoryUsage of job (MB)
	324664  -  ResidentSetSize of job (KB)
...
006 (454.216.000) 2022-04-07 14:55:22 Image size of job updated: 882484
	318  -  MemoryUsage of job (MB)
	324796  -  ResidentSetSize of job (KB)
...
006 (454.216.000) 2022-04-07 15:00:22 Image size of job updated: 882484
	318  -  MemoryUsage of job (MB)
	324928  -  ResidentSetSize of job (KB)
...
006 (454.216.000) 2022-04-07 15:05:23 Image size of job updated: 882484
	318  -  MemoryUsage of job (MB)
	325060  -  ResidentSetSize of job (KB)
...
006 (454.216.000) 2022-04-07 15:10:23 Image size of job updated: 882484
	318  -  MemoryUsage of job (MB)
	325192  -  ResidentSetSize of job (KB)
...
006 (454.216.000) 2022-04-07 15:15:23 Image size of job updated: 882484
	318  -  MemoryUsage of job (MB)
	325324  -  ResidentSetSize of job (KB)
...
006 (454.216.000) 2022-04-07 15:20:24 Image size of job updated: 882484
	318  -  MemoryUsage of job (MB)
	325456  -  ResidentSetSize of job (KB)
...
006 (454.216.000) 2022-04-07 15:25:25 Image size of job updated: 882484
	318  -  MemoryUsage of job (MB)
	325588  -  ResidentSetSize of job (KB)
...
006 (454.216.000) 2022-04-07 15:30:25 Image size of job updated: 882484
	319  -  MemoryUsage of job (MB)
	325720  -  ResidentSetSize of job (KB)
...
006 (454.216.000) 2022-04-07 15:35:26 Image size of job updated: 882484
	319  -  MemoryUsage of job (MB)
	325852  -  ResidentSetSize of job (KB)
...
006 (454.216.000) 2022-04-07 15:40:27 Image size of job updated: 882484
	319  -  MemoryUsage of job (MB)
	326116  -  ResidentSetSize of job (KB)
...
006 (454.216.000) 2022-04-07 15:45:27 Image size of job updated: 882484
	319  -  MemoryUsage of job (MB)
	326248  -  ResidentSetSize of job (KB)
...
006 (454.216.000) 2022-04-07 15:50:28 Image size of job updated: 882484
	319  -  MemoryUsage of job (MB)
	326380  -  ResidentSetSize of job (KB)
...
006 (454.216.000) 2022-04-07 15:55:29 Image size of job updated: 882484
	319  -  MemoryUsage of job (MB)
	326512  -  ResidentSetSize of job (KB)
...
006 (454.216.000) 2022-04-07 16:00:29 Image size of job updated: 882484
	319  -  MemoryUsage of job (MB)
	326644  -  ResidentSetSize of job (KB)
...
006 (454.216.000) 2022-04-07 16:20:31 Image size of job updated: 882484
	320  -  MemoryUsage of job (MB)
	326752  -  ResidentSetSize of job (KB)
...
006 (454.216.000) 2022-04-07 16:25:32 Image size of job updated: 882484
	320  -  MemoryUsage of job (MB)
	326884  -  ResidentSetSize of job (KB)
...
006 (454.216.000) 2022-04-07 16:30:33 Image size of job updated: 882484
	320  -  MemoryUsage of job (MB)
	327016  -  ResidentSetSize of job (KB)
...
006 (454.216.000) 2022-04-07 16:35:33 Image size of job updated: 882484
	320  -  MemoryUsage of job (MB)
	327148  -  ResidentSetSize of job (KB)
...
006 (454.216.000) 2022-04-07 16:40:33 Image size of job updated: 882484
	320  -  MemoryUsage of job (MB)
	327280  -  ResidentSetSize of job (KB)
...
006 (454.216.000) 2022-04-07 16:45:34 Image size of job updated: 882484
	320  -  MemoryUsage of job (MB)
	327412  -  ResidentSetSize of job (KB)
...
006 (454.216.000) 2022-04-07 16:50:35 Image size of job updated: 882484
	320  -  MemoryUsage of job (MB)
	327544  -  ResidentSetSize of job (KB)
...
006 (454.216.000) 2022-04-07 16:55:35 Image size of job updated: 882484
	320  -  MemoryUsage of job (MB)
	327676  -  ResidentSetSize of job (KB)
...
006 (454.216.000) 2022-04-07 17:00:36 Image size of job updated: 882484
	321  -  MemoryUsage of job (MB)
	327808  -  ResidentSetSize of job (KB)
...
006 (454.216.000) 2022-04-07 17:05:37 Image size of job updated: 882484
	321  -  MemoryUsage of job (MB)
	327940  -  ResidentSetSize of job (KB)
...
006 (454.216.000) 2022-04-07 17:10:37 Image size of job updated: 882484
	321  -  MemoryUsage of job (MB)
	328072  -  ResidentSetSize of job (KB)
...
006 (454.216.000) 2022-04-07 17:15:37 Image size of job updated: 882484
	321  -  MemoryUsage of job (MB)
	328204  -  ResidentSetSize of job (KB)
...
006 (454.216.000) 2022-04-07 17:20:38 Image size of job updated: 882484
	321  -  MemoryUsage of job (MB)
	328336  -  ResidentSetSize of job (KB)
...
006 (454.216.000) 2022-04-07 17:25:39 Image size of job updated: 882484
	321  -  MemoryUsage of job (MB)
	328468  -  ResidentSetSize of job (KB)
...
006 (454.216.000) 2022-04-07 17:30:39 Image size of job updated: 882484
	321  -  MemoryUsage of job (MB)
	328600  -  ResidentSetSize of job (KB)
...
006 (454.216.000) 2022-04-07 17:35:40 Image size of job updated: 882484
	322  -  MemoryUsage of job (MB)
	328732  -  ResidentSetSize of job (KB)
...
006 (454.216.000) 2022-04-07 17:40:41 Image size of job updated: 882484
	322  -  MemoryUsage of job (MB)
	328864  -  ResidentSetSize of job (KB)
...
006 (454.216.000) 2022-04-07 17:45:41 Image size of job updated: 882484
	322  -  MemoryUsage of job (MB)
	328996  -  ResidentSetSize of job (KB)
...
006 (454.216.000) 2022-04-07 17:50:41 Image size of job updated: 882484
	322  -  MemoryUsage of job (MB)
	329128  -  ResidentSetSize of job (KB)
...
006 (454.216.000) 2022-04-07 17:55:43 Image size of job updated: 882484
	322  -  MemoryUsage of job (MB)
	329260  -  ResidentSetSize of job (KB)
...
005 (454.216.000) 2022-04-07 17:56:25 Job terminated.
	(1) Normal termination (return value 0)
		Usr 0 04:18:02, Sys 0 00:00:59  -  Run Remote Usage
		Usr 0 00:00:00, Sys 0 00:00:00  -  Run Local Usage
		Usr 0 04:18:02, Sys 0 00:00:59  -  Total Remote Usage
		Usr 0 00:00:00, Sys 0 00:00:00  -  Total Local Usage
	0  -  Run Bytes Sent By Job
	0  -  Run Bytes Received By Job
	0  -  Total Bytes Sent By Job
	0  -  Total Bytes Received By Job
	Partitionable Resources :    Usage  Request Allocated 
	   Cpus                 :     1.00        1         1 
	   Disk (KB)            :  7500        7500     10015 
	   Memory (MB)          :   322        1024      1024 

	Job terminated of its own accord at 2022-04-07T15:56:25Z with exit-code 0.
...
