000 (454.066.000) 2022-04-06 16:53:59 Job submitted from host: <10.18.24.243:9618?addrs=10.18.24.243-9618&alias=ecoclusts01.bioclust.biologie.ens.fr&noUDP&sock=schedd_1052_29b8>
...
001 (454.066.000) 2022-04-07 05:01:28 Job executing on host: <10.18.24.177:9618?addrs=10.18.24.177-9618&alias=mcbsclust06.bioclust.biologie.ens.fr&noUDP&sock=startd_945_c516>
...
006 (454.066.000) 2022-04-07 05:01:37 Image size of job updated: 439536
	430  -  MemoryUsage of job (MB)
	439536  -  ResidentSetSize of job (KB)
...
006 (454.066.000) 2022-04-07 05:06:38 Image size of job updated: 741620
	432  -  MemoryUsage of job (MB)
	441584  -  ResidentSetSize of job (KB)
...
006 (454.066.000) 2022-04-07 05:11:38 Image size of job updated: 774388
	432  -  MemoryUsage of job (MB)
	441584  -  ResidentSetSize of job (KB)
...
006 (454.066.000) 2022-04-07 06:56:49 Image size of job updated: 774644
	432  -  MemoryUsage of job (MB)
	441584  -  ResidentSetSize of job (KB)
...
006 (454.066.000) 2022-04-07 07:06:51 Image size of job updated: 774900
	432  -  MemoryUsage of job (MB)
	441584  -  ResidentSetSize of job (KB)
...
006 (454.066.000) 2022-04-07 07:16:51 Image size of job updated: 775156
	432  -  MemoryUsage of job (MB)
	441584  -  ResidentSetSize of job (KB)
...
006 (454.066.000) 2022-04-07 07:31:52 Image size of job updated: 775412
	432  -  MemoryUsage of job (MB)
	441584  -  ResidentSetSize of job (KB)
...
006 (454.066.000) 2022-04-07 07:46:54 Image size of job updated: 775668
	432  -  MemoryUsage of job (MB)
	441584  -  ResidentSetSize of job (KB)
...
006 (454.066.000) 2022-04-07 07:56:55 Image size of job updated: 775924
	432  -  MemoryUsage of job (MB)
	441584  -  ResidentSetSize of job (KB)
...
006 (454.066.000) 2022-04-07 08:11:57 Image size of job updated: 776180
	432  -  MemoryUsage of job (MB)
	441584  -  ResidentSetSize of job (KB)
...
006 (454.066.000) 2022-04-07 08:21:58 Image size of job updated: 776436
	432  -  MemoryUsage of job (MB)
	441584  -  ResidentSetSize of job (KB)
...
006 (454.066.000) 2022-04-07 08:31:59 Image size of job updated: 776692
	432  -  MemoryUsage of job (MB)
	441584  -  ResidentSetSize of job (KB)
...
006 (454.066.000) 2022-04-07 08:47:01 Image size of job updated: 776948
	432  -  MemoryUsage of job (MB)
	441584  -  ResidentSetSize of job (KB)
...
006 (454.066.000) 2022-04-07 09:12:04 Image size of job updated: 777204
	432  -  MemoryUsage of job (MB)
	441584  -  ResidentSetSize of job (KB)
...
006 (454.066.000) 2022-04-07 09:27:06 Image size of job updated: 777460
	432  -  MemoryUsage of job (MB)
	441584  -  ResidentSetSize of job (KB)
...
006 (454.066.000) 2022-04-07 09:42:07 Image size of job updated: 777716
	432  -  MemoryUsage of job (MB)
	441584  -  ResidentSetSize of job (KB)
...
006 (454.066.000) 2022-04-07 09:57:09 Image size of job updated: 777972
	432  -  MemoryUsage of job (MB)
	441584  -  ResidentSetSize of job (KB)
...
006 (454.066.000) 2022-04-07 10:07:10 Image size of job updated: 778228
	432  -  MemoryUsage of job (MB)
	441584  -  ResidentSetSize of job (KB)
...
006 (454.066.000) 2022-04-07 10:22:12 Image size of job updated: 778484
	432  -  MemoryUsage of job (MB)
	441584  -  ResidentSetSize of job (KB)
...
006 (454.066.000) 2022-04-07 10:37:14 Image size of job updated: 778740
	432  -  MemoryUsage of job (MB)
	441584  -  ResidentSetSize of job (KB)
...
006 (454.066.000) 2022-04-07 10:47:14 Image size of job updated: 778996
	432  -  MemoryUsage of job (MB)
	441584  -  ResidentSetSize of job (KB)
...
006 (454.066.000) 2022-04-07 11:02:16 Image size of job updated: 779252
	432  -  MemoryUsage of job (MB)
	441584  -  ResidentSetSize of job (KB)
...
006 (454.066.000) 2022-04-07 11:12:18 Image size of job updated: 779508
	432  -  MemoryUsage of job (MB)
	441584  -  ResidentSetSize of job (KB)
...
006 (454.066.000) 2022-04-07 11:27:19 Image size of job updated: 779764
	432  -  MemoryUsage of job (MB)
	441584  -  ResidentSetSize of job (KB)
...
005 (454.066.000) 2022-04-07 11:27:19 Job terminated.
	(1) Normal termination (return value 0)
		Usr 0 06:24:54, Sys 0 00:00:15  -  Run Remote Usage
		Usr 0 00:00:00, Sys 0 00:00:00  -  Run Local Usage
		Usr 0 06:24:54, Sys 0 00:00:15  -  Total Remote Usage
		Usr 0 00:00:00, Sys 0 00:00:00  -  Total Local Usage
	0  -  Run Bytes Sent By Job
	0  -  Run Bytes Received By Job
	0  -  Total Bytes Sent By Job
	0  -  Total Bytes Received By Job
	Partitionable Resources :    Usage  Request Allocated 
	   Cpus                 :     1.00        1         1 
	   Disk (KB)            :  7500        7500     10998 
	   Memory (MB)          :   432        1024      1024 

	Job terminated of its own accord at 2022-04-07T09:27:19Z with exit-code 0.
...
