000 (454.337.000) 2022-04-06 16:54:00 Job submitted from host: <10.18.24.243:9618?addrs=10.18.24.243-9618&alias=ecoclusts01.bioclust.biologie.ens.fr&noUDP&sock=schedd_1052_29b8>
...
001 (454.337.000) 2022-04-07 18:34:25 Job executing on host: <10.18.24.176:9618?addrs=10.18.24.176-9618&alias=mcbsclust05.bioclust.biologie.ens.fr&noUDP&sock=startd_869_a3e3>
...
006 (454.337.000) 2022-04-07 18:34:33 Image size of job updated: 269816
	264  -  MemoryUsage of job (MB)
	269816  -  ResidentSetSize of job (KB)
...
006 (454.337.000) 2022-04-07 18:39:33 Image size of job updated: 741876
	317  -  MemoryUsage of job (MB)
	324284  -  ResidentSetSize of job (KB)
...
006 (454.337.000) 2022-04-07 18:44:34 Image size of job updated: 774644
	317  -  MemoryUsage of job (MB)
	324308  -  ResidentSetSize of job (KB)
...
006 (454.337.000) 2022-04-07 19:44:39 Image size of job updated: 774900
	317  -  MemoryUsage of job (MB)
	324440  -  ResidentSetSize of job (KB)
...
006 (454.337.000) 2022-04-07 19:54:40 Image size of job updated: 774900
	317  -  MemoryUsage of job (MB)
	324572  -  ResidentSetSize of job (KB)
...
006 (454.337.000) 2022-04-07 19:59:40 Image size of job updated: 775156
	318  -  MemoryUsage of job (MB)
	324704  -  ResidentSetSize of job (KB)
...
006 (454.337.000) 2022-04-07 20:09:41 Image size of job updated: 775156
	318  -  MemoryUsage of job (MB)
	324836  -  ResidentSetSize of job (KB)
...
006 (454.337.000) 2022-04-07 20:14:42 Image size of job updated: 775412
	318  -  MemoryUsage of job (MB)
	324968  -  ResidentSetSize of job (KB)
...
006 (454.337.000) 2022-04-07 20:19:42 Image size of job updated: 775412
	318  -  MemoryUsage of job (MB)
	325100  -  ResidentSetSize of job (KB)
...
006 (454.337.000) 2022-04-07 20:24:42 Image size of job updated: 775668
	318  -  MemoryUsage of job (MB)
	325232  -  ResidentSetSize of job (KB)
...
006 (454.337.000) 2022-04-07 20:29:43 Image size of job updated: 775668
	318  -  MemoryUsage of job (MB)
	325364  -  ResidentSetSize of job (KB)
...
006 (454.337.000) 2022-04-07 20:34:43 Image size of job updated: 775924
	318  -  MemoryUsage of job (MB)
	325496  -  ResidentSetSize of job (KB)
...
006 (454.337.000) 2022-04-07 20:39:43 Image size of job updated: 775924
	318  -  MemoryUsage of job (MB)
	325628  -  ResidentSetSize of job (KB)
...
006 (454.337.000) 2022-04-07 20:49:45 Image size of job updated: 776180
	319  -  MemoryUsage of job (MB)
	325760  -  ResidentSetSize of job (KB)
...
006 (454.337.000) 2022-04-07 20:54:45 Image size of job updated: 776180
	319  -  MemoryUsage of job (MB)
	325892  -  ResidentSetSize of job (KB)
...
006 (454.337.000) 2022-04-07 20:59:45 Image size of job updated: 776436
	319  -  MemoryUsage of job (MB)
	326024  -  ResidentSetSize of job (KB)
...
006 (454.337.000) 2022-04-07 21:04:46 Image size of job updated: 776436
	319  -  MemoryUsage of job (MB)
	326156  -  ResidentSetSize of job (KB)
...
006 (454.337.000) 2022-04-07 21:09:46 Image size of job updated: 776692
	319  -  MemoryUsage of job (MB)
	326156  -  ResidentSetSize of job (KB)
...
006 (454.337.000) 2022-04-07 21:14:46 Image size of job updated: 776692
	319  -  MemoryUsage of job (MB)
	326288  -  ResidentSetSize of job (KB)
...
006 (454.337.000) 2022-04-07 21:19:47 Image size of job updated: 776948
	319  -  MemoryUsage of job (MB)
	326420  -  ResidentSetSize of job (KB)
...
006 (454.337.000) 2022-04-07 21:24:48 Image size of job updated: 776948
	319  -  MemoryUsage of job (MB)
	326552  -  ResidentSetSize of job (KB)
...
006 (454.337.000) 2022-04-07 21:44:49 Image size of job updated: 776948
	320  -  MemoryUsage of job (MB)
	326684  -  ResidentSetSize of job (KB)
...
006 (454.337.000) 2022-04-07 21:49:49 Image size of job updated: 777204
	320  -  MemoryUsage of job (MB)
	326816  -  ResidentSetSize of job (KB)
...
006 (454.337.000) 2022-04-07 21:59:51 Image size of job updated: 777460
	320  -  MemoryUsage of job (MB)
	326948  -  ResidentSetSize of job (KB)
...
006 (454.337.000) 2022-04-07 22:04:51 Image size of job updated: 777460
	320  -  MemoryUsage of job (MB)
	327080  -  ResidentSetSize of job (KB)
...
006 (454.337.000) 2022-04-07 22:09:51 Image size of job updated: 777460
	320  -  MemoryUsage of job (MB)
	327212  -  ResidentSetSize of job (KB)
...
006 (454.337.000) 2022-04-07 22:14:52 Image size of job updated: 777716
	320  -  MemoryUsage of job (MB)
	327212  -  ResidentSetSize of job (KB)
...
006 (454.337.000) 2022-04-07 22:19:52 Image size of job updated: 777716
	320  -  MemoryUsage of job (MB)
	327344  -  ResidentSetSize of job (KB)
...
006 (454.337.000) 2022-04-07 22:24:52 Image size of job updated: 777972
	320  -  MemoryUsage of job (MB)
	327476  -  ResidentSetSize of job (KB)
...
006 (454.337.000) 2022-04-07 22:29:53 Image size of job updated: 777972
	320  -  MemoryUsage of job (MB)
	327608  -  ResidentSetSize of job (KB)
...
006 (454.337.000) 2022-04-07 22:34:54 Image size of job updated: 777972
	321  -  MemoryUsage of job (MB)
	327740  -  ResidentSetSize of job (KB)
...
006 (454.337.000) 2022-04-07 22:39:54 Image size of job updated: 778228
	321  -  MemoryUsage of job (MB)
	327740  -  ResidentSetSize of job (KB)
...
006 (454.337.000) 2022-04-07 22:44:55 Image size of job updated: 778228
	321  -  MemoryUsage of job (MB)
	327872  -  ResidentSetSize of job (KB)
...
006 (454.337.000) 2022-04-07 22:49:56 Image size of job updated: 778484
	321  -  MemoryUsage of job (MB)
	328004  -  ResidentSetSize of job (KB)
...
006 (454.337.000) 2022-04-07 22:54:56 Image size of job updated: 778484
	321  -  MemoryUsage of job (MB)
	328136  -  ResidentSetSize of job (KB)
...
006 (454.337.000) 2022-04-07 22:59:56 Image size of job updated: 778740
	321  -  MemoryUsage of job (MB)
	328268  -  ResidentSetSize of job (KB)
...
006 (454.337.000) 2022-04-07 23:04:57 Image size of job updated: 778740
	321  -  MemoryUsage of job (MB)
	328400  -  ResidentSetSize of job (KB)
...
006 (454.337.000) 2022-04-07 23:09:58 Image size of job updated: 778740
	321  -  MemoryUsage of job (MB)
	328532  -  ResidentSetSize of job (KB)
...
006 (454.337.000) 2022-04-07 23:14:58 Image size of job updated: 778996
	321  -  MemoryUsage of job (MB)
	328532  -  ResidentSetSize of job (KB)
...
006 (454.337.000) 2022-04-07 23:19:59 Image size of job updated: 778996
	321  -  MemoryUsage of job (MB)
	328664  -  ResidentSetSize of job (KB)
...
006 (454.337.000) 2022-04-07 23:25:00 Image size of job updated: 779252
	322  -  MemoryUsage of job (MB)
	328796  -  ResidentSetSize of job (KB)
...
006 (454.337.000) 2022-04-07 23:30:00 Image size of job updated: 779252
	322  -  MemoryUsage of job (MB)
	328928  -  ResidentSetSize of job (KB)
...
006 (454.337.000) 2022-04-07 23:35:00 Image size of job updated: 779508
	322  -  MemoryUsage of job (MB)
	329060  -  ResidentSetSize of job (KB)
...
006 (454.337.000) 2022-04-07 23:45:02 Image size of job updated: 779508
	322  -  MemoryUsage of job (MB)
	329192  -  ResidentSetSize of job (KB)
...
006 (454.337.000) 2022-04-07 23:47:57 Image size of job updated: 779764
	322  -  MemoryUsage of job (MB)
	329192  -  ResidentSetSize of job (KB)
...
005 (454.337.000) 2022-04-07 23:47:57 Job terminated.
	(1) Normal termination (return value 0)
		Usr 0 05:12:30, Sys 0 00:00:15  -  Run Remote Usage
		Usr 0 00:00:00, Sys 0 00:00:00  -  Run Local Usage
		Usr 0 05:12:30, Sys 0 00:00:15  -  Total Remote Usage
		Usr 0 00:00:00, Sys 0 00:00:00  -  Total Local Usage
	0  -  Run Bytes Sent By Job
	0  -  Run Bytes Received By Job
	0  -  Total Bytes Sent By Job
	0  -  Total Bytes Received By Job
	Partitionable Resources :    Usage  Request Allocated 
	   Cpus                 :     1.00        1         1 
	   Disk (KB)            :  7500        7500     11001 
	   Memory (MB)          :   322        1024      1024 

	Job terminated of its own accord at 2022-04-07T21:47:57Z with exit-code 0.
...
