000 (454.513.000) 2022-04-06 16:54:01 Job submitted from host: <10.18.24.243:9618?addrs=10.18.24.243-9618&alias=ecoclusts01.bioclust.biologie.ens.fr&noUDP&sock=schedd_1052_29b8>
...
001 (454.513.000) 2022-04-07 23:54:57 Job executing on host: <10.18.24.174:9618?addrs=10.18.24.174-9618&alias=mcbsclust03.bioclust.biologie.ens.fr&noUDP&sock=startd_937_4854>
...
006 (454.513.000) 2022-04-07 23:55:06 Image size of job updated: 196332
	192  -  MemoryUsage of job (MB)
	196332  -  ResidentSetSize of job (KB)
...
006 (454.513.000) 2022-04-08 00:00:06 Image size of job updated: 741876
	308  -  MemoryUsage of job (MB)
	314528  -  ResidentSetSize of job (KB)
...
006 (454.513.000) 2022-04-08 00:05:06 Image size of job updated: 774644
	317  -  MemoryUsage of job (MB)
	324328  -  ResidentSetSize of job (KB)
...
006 (454.513.000) 2022-04-08 01:30:14 Image size of job updated: 774900
	317  -  MemoryUsage of job (MB)
	324460  -  ResidentSetSize of job (KB)
...
006 (454.513.000) 2022-04-08 01:40:15 Image size of job updated: 774900
	317  -  MemoryUsage of job (MB)
	324592  -  ResidentSetSize of job (KB)
...
006 (454.513.000) 2022-04-08 01:45:16 Image size of job updated: 775156
	318  -  MemoryUsage of job (MB)
	324724  -  ResidentSetSize of job (KB)
...
006 (454.513.000) 2022-04-08 01:50:16 Image size of job updated: 775156
	318  -  MemoryUsage of job (MB)
	324856  -  ResidentSetSize of job (KB)
...
006 (454.513.000) 2022-04-08 01:55:17 Image size of job updated: 775412
	318  -  MemoryUsage of job (MB)
	324856  -  ResidentSetSize of job (KB)
...
006 (454.513.000) 2022-04-08 02:00:18 Image size of job updated: 775412
	318  -  MemoryUsage of job (MB)
	324988  -  ResidentSetSize of job (KB)
...
006 (454.513.000) 2022-04-08 02:05:18 Image size of job updated: 775412
	318  -  MemoryUsage of job (MB)
	325120  -  ResidentSetSize of job (KB)
...
006 (454.513.000) 2022-04-08 02:10:18 Image size of job updated: 775668
	318  -  MemoryUsage of job (MB)
	325252  -  ResidentSetSize of job (KB)
...
006 (454.513.000) 2022-04-08 02:15:20 Image size of job updated: 775668
	318  -  MemoryUsage of job (MB)
	325384  -  ResidentSetSize of job (KB)
...
006 (454.513.000) 2022-04-08 02:20:20 Image size of job updated: 775924
	318  -  MemoryUsage of job (MB)
	325384  -  ResidentSetSize of job (KB)
...
006 (454.513.000) 2022-04-08 02:25:20 Image size of job updated: 775924
	318  -  MemoryUsage of job (MB)
	325516  -  ResidentSetSize of job (KB)
...
006 (454.513.000) 2022-04-08 02:30:21 Image size of job updated: 776180
	319  -  MemoryUsage of job (MB)
	325648  -  ResidentSetSize of job (KB)
...
006 (454.513.000) 2022-04-08 02:35:22 Image size of job updated: 776180
	319  -  MemoryUsage of job (MB)
	325780  -  ResidentSetSize of job (KB)
...
006 (454.513.000) 2022-04-08 02:40:22 Image size of job updated: 776436
	319  -  MemoryUsage of job (MB)
	325912  -  ResidentSetSize of job (KB)
...
006 (454.513.000) 2022-04-08 02:45:22 Image size of job updated: 776436
	319  -  MemoryUsage of job (MB)
	326044  -  ResidentSetSize of job (KB)
...
006 (454.513.000) 2022-04-08 02:50:24 Image size of job updated: 776692
	319  -  MemoryUsage of job (MB)
	326176  -  ResidentSetSize of job (KB)
...
006 (454.513.000) 2022-04-08 02:55:24 Image size of job updated: 776692
	319  -  MemoryUsage of job (MB)
	326308  -  ResidentSetSize of job (KB)
...
006 (454.513.000) 2022-04-08 03:00:24 Image size of job updated: 776948
	319  -  MemoryUsage of job (MB)
	326440  -  ResidentSetSize of job (KB)
...
006 (454.513.000) 2022-04-08 03:05:25 Image size of job updated: 776948
	319  -  MemoryUsage of job (MB)
	326572  -  ResidentSetSize of job (KB)
...
006 (454.513.000) 2022-04-08 03:25:27 Image size of job updated: 777204
	320  -  MemoryUsage of job (MB)
	326704  -  ResidentSetSize of job (KB)
...
006 (454.513.000) 2022-04-08 03:30:28 Image size of job updated: 777204
	320  -  MemoryUsage of job (MB)
	326836  -  ResidentSetSize of job (KB)
...
006 (454.513.000) 2022-04-08 03:35:28 Image size of job updated: 777204
	320  -  MemoryUsage of job (MB)
	326968  -  ResidentSetSize of job (KB)
...
006 (454.513.000) 2022-04-08 03:40:29 Image size of job updated: 777460
	320  -  MemoryUsage of job (MB)
	327100  -  ResidentSetSize of job (KB)
...
006 (454.513.000) 2022-04-08 03:50:30 Image size of job updated: 777716
	320  -  MemoryUsage of job (MB)
	327232  -  ResidentSetSize of job (KB)
...
006 (454.513.000) 2022-04-08 03:55:30 Image size of job updated: 777716
	320  -  MemoryUsage of job (MB)
	327364  -  ResidentSetSize of job (KB)
...
006 (454.513.000) 2022-04-08 04:00:32 Image size of job updated: 777972
	320  -  MemoryUsage of job (MB)
	327496  -  ResidentSetSize of job (KB)
...
006 (454.513.000) 2022-04-08 04:05:32 Image size of job updated: 777972
	320  -  MemoryUsage of job (MB)
	327628  -  ResidentSetSize of job (KB)
...
006 (454.513.000) 2022-04-08 04:15:33 Image size of job updated: 778228
	321  -  MemoryUsage of job (MB)
	327760  -  ResidentSetSize of job (KB)
...
006 (454.513.000) 2022-04-08 04:20:34 Image size of job updated: 778228
	321  -  MemoryUsage of job (MB)
	327892  -  ResidentSetSize of job (KB)
...
006 (454.513.000) 2022-04-08 04:25:34 Image size of job updated: 778484
	321  -  MemoryUsage of job (MB)
	328024  -  ResidentSetSize of job (KB)
...
006 (454.513.000) 2022-04-08 04:30:34 Image size of job updated: 778484
	321  -  MemoryUsage of job (MB)
	328156  -  ResidentSetSize of job (KB)
...
006 (454.513.000) 2022-04-08 04:40:36 Image size of job updated: 778740
	321  -  MemoryUsage of job (MB)
	328288  -  ResidentSetSize of job (KB)
...
006 (454.513.000) 2022-04-08 04:45:36 Image size of job updated: 778740
	321  -  MemoryUsage of job (MB)
	328420  -  ResidentSetSize of job (KB)
...
006 (454.513.000) 2022-04-08 04:50:37 Image size of job updated: 778996
	321  -  MemoryUsage of job (MB)
	328552  -  ResidentSetSize of job (KB)
...
006 (454.513.000) 2022-04-08 05:00:38 Image size of job updated: 778996
	321  -  MemoryUsage of job (MB)
	328684  -  ResidentSetSize of job (KB)
...
006 (454.513.000) 2022-04-08 05:05:38 Image size of job updated: 779252
	322  -  MemoryUsage of job (MB)
	328816  -  ResidentSetSize of job (KB)
...
006 (454.513.000) 2022-04-08 05:10:39 Image size of job updated: 779252
	322  -  MemoryUsage of job (MB)
	328948  -  ResidentSetSize of job (KB)
...
006 (454.513.000) 2022-04-08 05:15:40 Image size of job updated: 779508
	322  -  MemoryUsage of job (MB)
	329080  -  ResidentSetSize of job (KB)
...
006 (454.513.000) 2022-04-08 05:20:40 Image size of job updated: 779508
	322  -  MemoryUsage of job (MB)
	329212  -  ResidentSetSize of job (KB)
...
006 (454.513.000) 2022-04-08 05:25:41 Image size of job updated: 779764
	322  -  MemoryUsage of job (MB)
	329212  -  ResidentSetSize of job (KB)
...
005 (454.513.000) 2022-04-08 05:26:31 Job terminated.
	(1) Normal termination (return value 0)
		Usr 0 05:30:29, Sys 0 00:00:15  -  Run Remote Usage
		Usr 0 00:00:00, Sys 0 00:00:00  -  Run Local Usage
		Usr 0 05:30:29, Sys 0 00:00:15  -  Total Remote Usage
		Usr 0 00:00:00, Sys 0 00:00:00  -  Total Local Usage
	0  -  Run Bytes Sent By Job
	0  -  Run Bytes Received By Job
	0  -  Total Bytes Sent By Job
	0  -  Total Bytes Received By Job
	Partitionable Resources :    Usage  Request Allocated 
	   Cpus                 :     1.00        1         1 
	   Disk (KB)            :  7500        7500     10998 
	   Memory (MB)          :   322        1024      1024 

	Job terminated of its own accord at 2022-04-08T03:26:31Z with exit-code 0.
...
