000 (454.865.000) 2022-04-06 16:54:02 Job submitted from host: <10.18.24.243:9618?addrs=10.18.24.243-9618&alias=ecoclusts01.bioclust.biologie.ens.fr&noUDP&sock=schedd_1052_29b8>
...
001 (454.865.000) 2022-04-08 09:40:25 Job executing on host: <10.18.24.134:9618?addrs=10.18.24.134-9618&alias=dyoclust07.bioclust.biologie.ens.fr&noUDP&sock=startd_808_cc9c>
...
006 (454.865.000) 2022-04-08 09:40:33 Image size of job updated: 110564
	108  -  MemoryUsage of job (MB)
	110564  -  ResidentSetSize of job (KB)
...
006 (454.865.000) 2022-04-08 09:45:33 Image size of job updated: 741876
	317  -  MemoryUsage of job (MB)
	324312  -  ResidentSetSize of job (KB)
...
006 (454.865.000) 2022-04-08 09:50:34 Image size of job updated: 774644
	317  -  MemoryUsage of job (MB)
	324312  -  ResidentSetSize of job (KB)
...
006 (454.865.000) 2022-04-08 10:20:37 Image size of job updated: 774900
	317  -  MemoryUsage of job (MB)
	324312  -  ResidentSetSize of job (KB)
...
006 (454.865.000) 2022-04-08 10:25:37 Image size of job updated: 774900
	317  -  MemoryUsage of job (MB)
	324576  -  ResidentSetSize of job (KB)
...
006 (454.865.000) 2022-04-08 10:30:38 Image size of job updated: 775156
	318  -  MemoryUsage of job (MB)
	324708  -  ResidentSetSize of job (KB)
...
006 (454.865.000) 2022-04-08 10:35:39 Image size of job updated: 775156
	318  -  MemoryUsage of job (MB)
	324840  -  ResidentSetSize of job (KB)
...
006 (454.865.000) 2022-04-08 10:40:39 Image size of job updated: 775412
	318  -  MemoryUsage of job (MB)
	325104  -  ResidentSetSize of job (KB)
...
006 (454.865.000) 2022-04-08 10:45:39 Image size of job updated: 775668
	318  -  MemoryUsage of job (MB)
	325236  -  ResidentSetSize of job (KB)
...
006 (454.865.000) 2022-04-08 10:50:40 Image size of job updated: 775924
	318  -  MemoryUsage of job (MB)
	325368  -  ResidentSetSize of job (KB)
...
006 (454.865.000) 2022-04-08 10:55:41 Image size of job updated: 775924
	318  -  MemoryUsage of job (MB)
	325632  -  ResidentSetSize of job (KB)
...
006 (454.865.000) 2022-04-08 11:00:41 Image size of job updated: 776180
	319  -  MemoryUsage of job (MB)
	325764  -  ResidentSetSize of job (KB)
...
006 (454.865.000) 2022-04-08 11:05:42 Image size of job updated: 776436
	319  -  MemoryUsage of job (MB)
	326028  -  ResidentSetSize of job (KB)
...
006 (454.865.000) 2022-04-08 11:10:43 Image size of job updated: 776692
	319  -  MemoryUsage of job (MB)
	326160  -  ResidentSetSize of job (KB)
...
006 (454.865.000) 2022-04-08 11:15:43 Image size of job updated: 776948
	319  -  MemoryUsage of job (MB)
	326424  -  ResidentSetSize of job (KB)
...
006 (454.865.000) 2022-04-08 11:20:43 Image size of job updated: 776948
	319  -  MemoryUsage of job (MB)
	326556  -  ResidentSetSize of job (KB)
...
006 (454.865.000) 2022-04-08 11:30:44 Image size of job updated: 777204
	320  -  MemoryUsage of job (MB)
	326688  -  ResidentSetSize of job (KB)
...
006 (454.865.000) 2022-04-08 11:35:45 Image size of job updated: 777204
	320  -  MemoryUsage of job (MB)
	326952  -  ResidentSetSize of job (KB)
...
006 (454.865.000) 2022-04-08 11:40:45 Image size of job updated: 777460
	320  -  MemoryUsage of job (MB)
	327084  -  ResidentSetSize of job (KB)
...
006 (454.865.000) 2022-04-08 11:45:45 Image size of job updated: 777716
	320  -  MemoryUsage of job (MB)
	327216  -  ResidentSetSize of job (KB)
...
006 (454.865.000) 2022-04-08 11:50:46 Image size of job updated: 777716
	320  -  MemoryUsage of job (MB)
	327480  -  ResidentSetSize of job (KB)
...
006 (454.865.000) 2022-04-08 11:55:47 Image size of job updated: 777972
	320  -  MemoryUsage of job (MB)
	327612  -  ResidentSetSize of job (KB)
...
006 (454.865.000) 2022-04-08 12:00:47 Image size of job updated: 778228
	321  -  MemoryUsage of job (MB)
	327876  -  ResidentSetSize of job (KB)
...
006 (454.865.000) 2022-04-08 12:05:47 Image size of job updated: 778484
	321  -  MemoryUsage of job (MB)
	328008  -  ResidentSetSize of job (KB)
...
006 (454.865.000) 2022-04-08 12:10:48 Image size of job updated: 778484
	321  -  MemoryUsage of job (MB)
	328140  -  ResidentSetSize of job (KB)
...
006 (454.865.000) 2022-04-08 12:15:49 Image size of job updated: 778740
	321  -  MemoryUsage of job (MB)
	328404  -  ResidentSetSize of job (KB)
...
006 (454.865.000) 2022-04-08 12:20:49 Image size of job updated: 778996
	321  -  MemoryUsage of job (MB)
	328536  -  ResidentSetSize of job (KB)
...
006 (454.865.000) 2022-04-08 12:25:49 Image size of job updated: 779252
	321  -  MemoryUsage of job (MB)
	328668  -  ResidentSetSize of job (KB)
...
006 (454.865.000) 2022-04-08 12:30:50 Image size of job updated: 779252
	322  -  MemoryUsage of job (MB)
	328932  -  ResidentSetSize of job (KB)
...
006 (454.865.000) 2022-04-08 12:35:51 Image size of job updated: 779508
	322  -  MemoryUsage of job (MB)
	329064  -  ResidentSetSize of job (KB)
...
006 (454.865.000) 2022-04-08 12:40:34 Image size of job updated: 779764
	322  -  MemoryUsage of job (MB)
	329064  -  ResidentSetSize of job (KB)
...
005 (454.865.000) 2022-04-08 12:40:34 Job terminated.
	(1) Normal termination (return value 0)
		Usr 0 02:59:35, Sys 0 00:00:25  -  Run Remote Usage
		Usr 0 00:00:00, Sys 0 00:00:00  -  Run Local Usage
		Usr 0 02:59:35, Sys 0 00:00:25  -  Total Remote Usage
		Usr 0 00:00:00, Sys 0 00:00:00  -  Total Local Usage
	0  -  Run Bytes Sent By Job
	0  -  Run Bytes Received By Job
	0  -  Total Bytes Sent By Job
	0  -  Total Bytes Received By Job
	Partitionable Resources :    Usage  Request Allocated 
	   Cpus                 :     1.00        1         1 
	   Disk (KB)            :  7500        7500     10998 
	   Memory (MB)          :   322        1024      1024 

	Job terminated of its own accord at 2022-04-08T10:40:34Z with exit-code 0.
...
