000 (454.532.000) 2022-04-06 16:54:01 Job submitted from host: <10.18.24.243:9618?addrs=10.18.24.243-9618&alias=ecoclusts01.bioclust.biologie.ens.fr&noUDP&sock=schedd_1052_29b8>
...
001 (454.532.000) 2022-04-08 00:25:59 Job executing on host: <10.18.24.141:9618?addrs=10.18.24.141-9618&alias=dyoclust14.bioclust.biologie.ens.fr&noUDP&sock=startd_801_ff73>
...
006 (454.532.000) 2022-04-08 00:26:08 Image size of job updated: 118336
	116  -  MemoryUsage of job (MB)
	118336  -  ResidentSetSize of job (KB)
...
006 (454.532.000) 2022-04-08 00:31:08 Image size of job updated: 741620
	311  -  MemoryUsage of job (MB)
	317664  -  ResidentSetSize of job (KB)
...
006 (454.532.000) 2022-04-08 00:36:09 Image size of job updated: 774388
	317  -  MemoryUsage of job (MB)
	324028  -  ResidentSetSize of job (KB)
...
006 (454.532.000) 2022-04-08 01:11:13 Image size of job updated: 774644
	317  -  MemoryUsage of job (MB)
	324160  -  ResidentSetSize of job (KB)
...
006 (454.532.000) 2022-04-08 01:16:14 Image size of job updated: 774644
	317  -  MemoryUsage of job (MB)
	324292  -  ResidentSetSize of job (KB)
...
006 (454.532.000) 2022-04-08 01:21:14 Image size of job updated: 774900
	317  -  MemoryUsage of job (MB)
	324556  -  ResidentSetSize of job (KB)
...
006 (454.532.000) 2022-04-08 01:26:14 Image size of job updated: 775156
	318  -  MemoryUsage of job (MB)
	324688  -  ResidentSetSize of job (KB)
...
006 (454.532.000) 2022-04-08 01:31:15 Image size of job updated: 775412
	318  -  MemoryUsage of job (MB)
	324952  -  ResidentSetSize of job (KB)
...
006 (454.532.000) 2022-04-08 01:36:15 Image size of job updated: 775412
	318  -  MemoryUsage of job (MB)
	325084  -  ResidentSetSize of job (KB)
...
006 (454.532.000) 2022-04-08 01:41:15 Image size of job updated: 775668
	318  -  MemoryUsage of job (MB)
	325348  -  ResidentSetSize of job (KB)
...
006 (454.532.000) 2022-04-08 01:46:16 Image size of job updated: 775924
	318  -  MemoryUsage of job (MB)
	325480  -  ResidentSetSize of job (KB)
...
006 (454.532.000) 2022-04-08 01:51:17 Image size of job updated: 776180
	319  -  MemoryUsage of job (MB)
	325744  -  ResidentSetSize of job (KB)
...
006 (454.532.000) 2022-04-08 01:56:17 Image size of job updated: 776436
	319  -  MemoryUsage of job (MB)
	325876  -  ResidentSetSize of job (KB)
...
006 (454.532.000) 2022-04-08 02:01:18 Image size of job updated: 776692
	319  -  MemoryUsage of job (MB)
	326140  -  ResidentSetSize of job (KB)
...
006 (454.532.000) 2022-04-08 02:06:19 Image size of job updated: 776692
	319  -  MemoryUsage of job (MB)
	326404  -  ResidentSetSize of job (KB)
...
006 (454.532.000) 2022-04-08 02:11:19 Image size of job updated: 776948
	319  -  MemoryUsage of job (MB)
	326536  -  ResidentSetSize of job (KB)
...
006 (454.532.000) 2022-04-08 02:21:20 Image size of job updated: 777204
	320  -  MemoryUsage of job (MB)
	326668  -  ResidentSetSize of job (KB)
...
006 (454.532.000) 2022-04-08 02:26:21 Image size of job updated: 777204
	320  -  MemoryUsage of job (MB)
	326932  -  ResidentSetSize of job (KB)
...
006 (454.532.000) 2022-04-08 02:31:21 Image size of job updated: 777460
	320  -  MemoryUsage of job (MB)
	327064  -  ResidentSetSize of job (KB)
...
006 (454.532.000) 2022-04-08 02:36:22 Image size of job updated: 777716
	320  -  MemoryUsage of job (MB)
	327328  -  ResidentSetSize of job (KB)
...
006 (454.532.000) 2022-04-08 02:41:23 Image size of job updated: 777972
	320  -  MemoryUsage of job (MB)
	327460  -  ResidentSetSize of job (KB)
...
006 (454.532.000) 2022-04-08 02:46:23 Image size of job updated: 777972
	321  -  MemoryUsage of job (MB)
	327724  -  ResidentSetSize of job (KB)
...
006 (454.532.000) 2022-04-08 02:51:23 Image size of job updated: 778228
	321  -  MemoryUsage of job (MB)
	327856  -  ResidentSetSize of job (KB)
...
006 (454.532.000) 2022-04-08 02:56:24 Image size of job updated: 778484
	321  -  MemoryUsage of job (MB)
	328120  -  ResidentSetSize of job (KB)
...
006 (454.532.000) 2022-04-08 03:01:25 Image size of job updated: 778740
	321  -  MemoryUsage of job (MB)
	328252  -  ResidentSetSize of job (KB)
...
006 (454.532.000) 2022-04-08 03:06:25 Image size of job updated: 778740
	321  -  MemoryUsage of job (MB)
	328384  -  ResidentSetSize of job (KB)
...
006 (454.532.000) 2022-04-08 03:11:26 Image size of job updated: 778996
	321  -  MemoryUsage of job (MB)
	328648  -  ResidentSetSize of job (KB)
...
006 (454.532.000) 2022-04-08 03:16:27 Image size of job updated: 779252
	322  -  MemoryUsage of job (MB)
	328780  -  ResidentSetSize of job (KB)
...
006 (454.532.000) 2022-04-08 03:21:27 Image size of job updated: 779508
	322  -  MemoryUsage of job (MB)
	329044  -  ResidentSetSize of job (KB)
...
006 (454.532.000) 2022-04-08 03:26:27 Image size of job updated: 779508
	322  -  MemoryUsage of job (MB)
	329176  -  ResidentSetSize of job (KB)
...
006 (454.532.000) 2022-04-08 03:28:17 Image size of job updated: 779764
	322  -  MemoryUsage of job (MB)
	329176  -  ResidentSetSize of job (KB)
...
005 (454.532.000) 2022-04-08 03:28:17 Job terminated.
	(1) Normal termination (return value 0)
		Usr 0 03:00:28, Sys 0 00:00:26  -  Run Remote Usage
		Usr 0 00:00:00, Sys 0 00:00:00  -  Run Local Usage
		Usr 0 03:00:28, Sys 0 00:00:26  -  Total Remote Usage
		Usr 0 00:00:00, Sys 0 00:00:00  -  Total Local Usage
	0  -  Run Bytes Sent By Job
	0  -  Run Bytes Received By Job
	0  -  Total Bytes Sent By Job
	0  -  Total Bytes Received By Job
	Partitionable Resources :    Usage  Request Allocated 
	   Cpus                 :     1.00        1         1 
	   Disk (KB)            :  7500        7500     10998 
	   Memory (MB)          :   322        1024      1024 

	Job terminated of its own accord at 2022-04-08T01:28:17Z with exit-code 0.
...
