000 (454.530.000) 2022-04-06 16:54:01 Job submitted from host: <10.18.24.243:9618?addrs=10.18.24.243-9618&alias=ecoclusts01.bioclust.biologie.ens.fr&noUDP&sock=schedd_1052_29b8>
...
001 (454.530.000) 2022-04-08 00:22:59 Job executing on host: <10.18.24.137:9618?addrs=10.18.24.137-9618&alias=dyoclust10.bioclust.biologie.ens.fr&noUDP&sock=startd_830_e3b2>
...
006 (454.530.000) 2022-04-08 00:23:08 Image size of job updated: 221788
	166  -  MemoryUsage of job (MB)
	169364  -  ResidentSetSize of job (KB)
...
006 (454.530.000) 2022-04-08 00:28:09 Image size of job updated: 741880
	283  -  MemoryUsage of job (MB)
	288892  -  ResidentSetSize of job (KB)
...
006 (454.530.000) 2022-04-08 00:33:09 Image size of job updated: 774648
	317  -  MemoryUsage of job (MB)
	324324  -  ResidentSetSize of job (KB)
...
006 (454.530.000) 2022-04-08 01:18:14 Image size of job updated: 774904
	317  -  MemoryUsage of job (MB)
	324324  -  ResidentSetSize of job (KB)
...
006 (454.530.000) 2022-04-08 01:23:14 Image size of job updated: 774904
	317  -  MemoryUsage of job (MB)
	324588  -  ResidentSetSize of job (KB)
...
006 (454.530.000) 2022-04-08 01:28:14 Image size of job updated: 775160
	318  -  MemoryUsage of job (MB)
	324720  -  ResidentSetSize of job (KB)
...
006 (454.530.000) 2022-04-08 01:33:15 Image size of job updated: 775160
	318  -  MemoryUsage of job (MB)
	324852  -  ResidentSetSize of job (KB)
...
006 (454.530.000) 2022-04-08 01:38:15 Image size of job updated: 775416
	318  -  MemoryUsage of job (MB)
	324984  -  ResidentSetSize of job (KB)
...
006 (454.530.000) 2022-04-08 01:43:15 Image size of job updated: 775672
	318  -  MemoryUsage of job (MB)
	325116  -  ResidentSetSize of job (KB)
...
006 (454.530.000) 2022-04-08 01:48:16 Image size of job updated: 775672
	318  -  MemoryUsage of job (MB)
	325380  -  ResidentSetSize of job (KB)
...
006 (454.530.000) 2022-04-08 01:53:17 Image size of job updated: 775928
	318  -  MemoryUsage of job (MB)
	325512  -  ResidentSetSize of job (KB)
...
006 (454.530.000) 2022-04-08 01:58:17 Image size of job updated: 776184
	319  -  MemoryUsage of job (MB)
	325644  -  ResidentSetSize of job (KB)
...
006 (454.530.000) 2022-04-08 02:03:17 Image size of job updated: 776440
	319  -  MemoryUsage of job (MB)
	325908  -  ResidentSetSize of job (KB)
...
006 (454.530.000) 2022-04-08 02:08:18 Image size of job updated: 776440
	319  -  MemoryUsage of job (MB)
	326172  -  ResidentSetSize of job (KB)
...
006 (454.530.000) 2022-04-08 02:13:18 Image size of job updated: 776696
	319  -  MemoryUsage of job (MB)
	326304  -  ResidentSetSize of job (KB)
...
006 (454.530.000) 2022-04-08 02:18:18 Image size of job updated: 776952
	319  -  MemoryUsage of job (MB)
	326568  -  ResidentSetSize of job (KB)
...
006 (454.530.000) 2022-04-08 02:33:20 Image size of job updated: 777208
	320  -  MemoryUsage of job (MB)
	326832  -  ResidentSetSize of job (KB)
...
006 (454.530.000) 2022-04-08 02:38:21 Image size of job updated: 777464
	320  -  MemoryUsage of job (MB)
	326964  -  ResidentSetSize of job (KB)
...
006 (454.530.000) 2022-04-08 02:43:22 Image size of job updated: 777464
	320  -  MemoryUsage of job (MB)
	327096  -  ResidentSetSize of job (KB)
...
006 (454.530.000) 2022-04-08 02:48:22 Image size of job updated: 777720
	320  -  MemoryUsage of job (MB)
	327360  -  ResidentSetSize of job (KB)
...
006 (454.530.000) 2022-04-08 02:53:22 Image size of job updated: 777976
	320  -  MemoryUsage of job (MB)
	327492  -  ResidentSetSize of job (KB)
...
006 (454.530.000) 2022-04-08 02:58:23 Image size of job updated: 778232
	321  -  MemoryUsage of job (MB)
	327756  -  ResidentSetSize of job (KB)
...
006 (454.530.000) 2022-04-08 03:03:24 Image size of job updated: 778232
	321  -  MemoryUsage of job (MB)
	327888  -  ResidentSetSize of job (KB)
...
006 (454.530.000) 2022-04-08 03:08:24 Image size of job updated: 778488
	321  -  MemoryUsage of job (MB)
	328020  -  ResidentSetSize of job (KB)
...
006 (454.530.000) 2022-04-08 03:13:25 Image size of job updated: 778744
	321  -  MemoryUsage of job (MB)
	328284  -  ResidentSetSize of job (KB)
...
006 (454.530.000) 2022-04-08 03:18:26 Image size of job updated: 778744
	321  -  MemoryUsage of job (MB)
	328416  -  ResidentSetSize of job (KB)
...
006 (454.530.000) 2022-04-08 03:23:26 Image size of job updated: 779000
	321  -  MemoryUsage of job (MB)
	328548  -  ResidentSetSize of job (KB)
...
006 (454.530.000) 2022-04-08 03:28:26 Image size of job updated: 779256
	322  -  MemoryUsage of job (MB)
	328812  -  ResidentSetSize of job (KB)
...
006 (454.530.000) 2022-04-08 03:33:28 Image size of job updated: 779256
	322  -  MemoryUsage of job (MB)
	328944  -  ResidentSetSize of job (KB)
...
006 (454.530.000) 2022-04-08 03:38:28 Image size of job updated: 779512
	322  -  MemoryUsage of job (MB)
	329076  -  ResidentSetSize of job (KB)
...
006 (454.530.000) 2022-04-08 03:41:36 Image size of job updated: 779768
	322  -  MemoryUsage of job (MB)
	329076  -  ResidentSetSize of job (KB)
...
005 (454.530.000) 2022-04-08 03:41:36 Job terminated.
	(1) Normal termination (return value 0)
		Usr 0 03:16:15, Sys 0 00:00:27  -  Run Remote Usage
		Usr 0 00:00:00, Sys 0 00:00:00  -  Run Local Usage
		Usr 0 03:16:15, Sys 0 00:00:27  -  Total Remote Usage
		Usr 0 00:00:00, Sys 0 00:00:00  -  Total Local Usage
	0  -  Run Bytes Sent By Job
	0  -  Run Bytes Received By Job
	0  -  Total Bytes Sent By Job
	0  -  Total Bytes Received By Job
	Partitionable Resources :    Usage  Request Allocated 
	   Cpus                 :     1.00        1         1 
	   Disk (KB)            :  7500        7500     10999 
	   Memory (MB)          :   322        1024      1024 

	Job terminated of its own accord at 2022-04-08T01:41:36Z with exit-code 0.
...
