000 (454.936.000) 2022-04-06 16:54:03 Job submitted from host: <10.18.24.243:9618?addrs=10.18.24.243-9618&alias=ecoclusts01.bioclust.biologie.ens.fr&noUDP&sock=schedd_1052_29b8>
...
001 (454.936.000) 2022-04-08 11:38:55 Job executing on host: <10.18.24.139:9618?addrs=10.18.24.139-9618&alias=dyoclust12.bioclust.biologie.ens.fr&noUDP&sock=startd_791_2380>
...
006 (454.936.000) 2022-04-08 11:39:04 Image size of job updated: 340688
	115  -  MemoryUsage of job (MB)
	116972  -  ResidentSetSize of job (KB)
...
006 (454.936.000) 2022-04-08 11:44:05 Image size of job updated: 741876
	290  -  MemoryUsage of job (MB)
	296176  -  ResidentSetSize of job (KB)
...
006 (454.936.000) 2022-04-08 11:49:05 Image size of job updated: 774644
	317  -  MemoryUsage of job (MB)
	324276  -  ResidentSetSize of job (KB)
...
006 (454.936.000) 2022-04-08 12:34:11 Image size of job updated: 774900
	317  -  MemoryUsage of job (MB)
	324408  -  ResidentSetSize of job (KB)
...
006 (454.936.000) 2022-04-08 12:39:11 Image size of job updated: 775156
	318  -  MemoryUsage of job (MB)
	324672  -  ResidentSetSize of job (KB)
...
006 (454.936.000) 2022-04-08 12:44:12 Image size of job updated: 775156
	318  -  MemoryUsage of job (MB)
	324804  -  ResidentSetSize of job (KB)
...
006 (454.936.000) 2022-04-08 12:49:13 Image size of job updated: 775412
	318  -  MemoryUsage of job (MB)
	324936  -  ResidentSetSize of job (KB)
...
006 (454.936.000) 2022-04-08 12:54:13 Image size of job updated: 775668
	318  -  MemoryUsage of job (MB)
	325200  -  ResidentSetSize of job (KB)
...
006 (454.936.000) 2022-04-08 12:59:13 Image size of job updated: 775668
	318  -  MemoryUsage of job (MB)
	325332  -  ResidentSetSize of job (KB)
...
006 (454.936.000) 2022-04-08 13:04:14 Image size of job updated: 775924
	318  -  MemoryUsage of job (MB)
	325464  -  ResidentSetSize of job (KB)
...
006 (454.936.000) 2022-04-08 13:09:15 Image size of job updated: 776180
	319  -  MemoryUsage of job (MB)
	325728  -  ResidentSetSize of job (KB)
...
006 (454.936.000) 2022-04-08 13:14:15 Image size of job updated: 776180
	319  -  MemoryUsage of job (MB)
	325860  -  ResidentSetSize of job (KB)
...
006 (454.936.000) 2022-04-08 13:19:16 Image size of job updated: 776436
	319  -  MemoryUsage of job (MB)
	326124  -  ResidentSetSize of job (KB)
...
006 (454.936.000) 2022-04-08 13:24:17 Image size of job updated: 776692
	319  -  MemoryUsage of job (MB)
	326256  -  ResidentSetSize of job (KB)
...
006 (454.936.000) 2022-04-08 13:29:17 Image size of job updated: 776948
	319  -  MemoryUsage of job (MB)
	326388  -  ResidentSetSize of job (KB)
...
006 (454.936.000) 2022-04-08 13:34:17 Image size of job updated: 776948
	319  -  MemoryUsage of job (MB)
	326520  -  ResidentSetSize of job (KB)
...
006 (454.936.000) 2022-04-08 13:44:19 Image size of job updated: 777204
	319  -  MemoryUsage of job (MB)
	326652  -  ResidentSetSize of job (KB)
...
006 (454.936.000) 2022-04-08 13:49:19 Image size of job updated: 777204
	320  -  MemoryUsage of job (MB)
	326916  -  ResidentSetSize of job (KB)
...
006 (454.936.000) 2022-04-08 13:54:20 Image size of job updated: 777460
	320  -  MemoryUsage of job (MB)
	327048  -  ResidentSetSize of job (KB)
...
006 (454.936.000) 2022-04-08 13:59:21 Image size of job updated: 777716
	320  -  MemoryUsage of job (MB)
	327312  -  ResidentSetSize of job (KB)
...
006 (454.936.000) 2022-04-08 14:04:21 Image size of job updated: 777972
	320  -  MemoryUsage of job (MB)
	327444  -  ResidentSetSize of job (KB)
...
006 (454.936.000) 2022-04-08 14:09:21 Image size of job updated: 777972
	321  -  MemoryUsage of job (MB)
	327708  -  ResidentSetSize of job (KB)
...
006 (454.936.000) 2022-04-08 14:14:22 Image size of job updated: 778228
	321  -  MemoryUsage of job (MB)
	327840  -  ResidentSetSize of job (KB)
...
006 (454.936.000) 2022-04-08 14:19:23 Image size of job updated: 778484
	321  -  MemoryUsage of job (MB)
	328104  -  ResidentSetSize of job (KB)
...
006 (454.936.000) 2022-04-08 14:24:23 Image size of job updated: 778740
	321  -  MemoryUsage of job (MB)
	328236  -  ResidentSetSize of job (KB)
...
006 (454.936.000) 2022-04-08 14:29:24 Image size of job updated: 778996
	321  -  MemoryUsage of job (MB)
	328500  -  ResidentSetSize of job (KB)
...
006 (454.936.000) 2022-04-08 14:34:25 Image size of job updated: 778996
	321  -  MemoryUsage of job (MB)
	328632  -  ResidentSetSize of job (KB)
...
006 (454.936.000) 2022-04-08 14:39:25 Image size of job updated: 779252
	322  -  MemoryUsage of job (MB)
	328896  -  ResidentSetSize of job (KB)
...
006 (454.936.000) 2022-04-08 14:44:25 Image size of job updated: 779508
	322  -  MemoryUsage of job (MB)
	329028  -  ResidentSetSize of job (KB)
...
006 (454.936.000) 2022-04-08 14:48:19 Image size of job updated: 779764
	322  -  MemoryUsage of job (MB)
	329028  -  ResidentSetSize of job (KB)
...
005 (454.936.000) 2022-04-08 14:48:19 Job terminated.
	(1) Normal termination (return value 0)
		Usr 0 03:07:48, Sys 0 00:00:30  -  Run Remote Usage
		Usr 0 00:00:00, Sys 0 00:00:00  -  Run Local Usage
		Usr 0 03:07:48, Sys 0 00:00:30  -  Total Remote Usage
		Usr 0 00:00:00, Sys 0 00:00:00  -  Total Local Usage
	0  -  Run Bytes Sent By Job
	0  -  Run Bytes Received By Job
	0  -  Total Bytes Sent By Job
	0  -  Total Bytes Received By Job
	Partitionable Resources :    Usage  Request Allocated 
	   Cpus                 :     1.00        1         1 
	   Disk (KB)            :  7500        7500     10998 
	   Memory (MB)          :   322        1024      1024 

	Job terminated of its own accord at 2022-04-08T12:48:19Z with exit-code 0.
...
