000 (454.938.000) 2022-04-06 16:54:03 Job submitted from host: <10.18.24.243:9618?addrs=10.18.24.243-9618&alias=ecoclusts01.bioclust.biologie.ens.fr&noUDP&sock=schedd_1052_29b8>
...
001 (454.938.000) 2022-04-08 11:42:55 Job executing on host: <10.18.24.101:9618?addrs=10.18.24.101-9618&alias=ecoclust06.bioclust.biologie.ens.fr&noUDP&sock=startd_1038_8f65>
...
006 (454.938.000) 2022-04-08 11:43:04 Image size of job updated: 64916
	64  -  MemoryUsage of job (MB)
	64916  -  ResidentSetSize of job (KB)
...
006 (454.938.000) 2022-04-08 11:48:05 Image size of job updated: 741624
	292  -  MemoryUsage of job (MB)
	298308  -  ResidentSetSize of job (KB)
...
006 (454.938.000) 2022-04-08 11:53:05 Image size of job updated: 741624
	317  -  MemoryUsage of job (MB)
	324116  -  ResidentSetSize of job (KB)
...
006 (454.938.000) 2022-04-08 12:03:06 Image size of job updated: 792252
	317  -  MemoryUsage of job (MB)
	324116  -  ResidentSetSize of job (KB)
...
006 (454.938.000) 2022-04-08 13:48:16 Image size of job updated: 792252
	317  -  MemoryUsage of job (MB)
	324204  -  ResidentSetSize of job (KB)
...
006 (454.938.000) 2022-04-08 13:58:17 Image size of job updated: 792252
	317  -  MemoryUsage of job (MB)
	324336  -  ResidentSetSize of job (KB)
...
006 (454.938.000) 2022-04-08 14:03:18 Image size of job updated: 792252
	317  -  MemoryUsage of job (MB)
	324468  -  ResidentSetSize of job (KB)
...
006 (454.938.000) 2022-04-08 14:13:19 Image size of job updated: 792252
	317  -  MemoryUsage of job (MB)
	324600  -  ResidentSetSize of job (KB)
...
006 (454.938.000) 2022-04-08 14:23:20 Image size of job updated: 792252
	318  -  MemoryUsage of job (MB)
	324732  -  ResidentSetSize of job (KB)
...
006 (454.938.000) 2022-04-08 14:38:21 Image size of job updated: 792252
	318  -  MemoryUsage of job (MB)
	324864  -  ResidentSetSize of job (KB)
...
006 (454.938.000) 2022-04-08 14:48:22 Image size of job updated: 792252
	318  -  MemoryUsage of job (MB)
	324996  -  ResidentSetSize of job (KB)
...
006 (454.938.000) 2022-04-08 14:53:23 Image size of job updated: 792252
	318  -  MemoryUsage of job (MB)
	325128  -  ResidentSetSize of job (KB)
...
006 (454.938.000) 2022-04-08 15:08:25 Image size of job updated: 792252
	318  -  MemoryUsage of job (MB)
	325260  -  ResidentSetSize of job (KB)
...
006 (454.938.000) 2022-04-08 15:18:25 Image size of job updated: 792252
	318  -  MemoryUsage of job (MB)
	325392  -  ResidentSetSize of job (KB)
...
006 (454.938.000) 2022-04-08 15:28:26 Image size of job updated: 792252
	318  -  MemoryUsage of job (MB)
	325524  -  ResidentSetSize of job (KB)
...
006 (454.938.000) 2022-04-08 15:38:27 Image size of job updated: 792252
	319  -  MemoryUsage of job (MB)
	325656  -  ResidentSetSize of job (KB)
...
006 (454.938.000) 2022-04-08 15:48:28 Image size of job updated: 792252
	319  -  MemoryUsage of job (MB)
	325788  -  ResidentSetSize of job (KB)
...
006 (454.938.000) 2022-04-08 15:58:30 Image size of job updated: 792252
	319  -  MemoryUsage of job (MB)
	325920  -  ResidentSetSize of job (KB)
...
006 (454.938.000) 2022-04-08 16:08:30 Image size of job updated: 792252
	319  -  MemoryUsage of job (MB)
	326052  -  ResidentSetSize of job (KB)
...
006 (454.938.000) 2022-04-08 16:18:31 Image size of job updated: 792252
	319  -  MemoryUsage of job (MB)
	326184  -  ResidentSetSize of job (KB)
...
006 (454.938.000) 2022-04-08 16:28:32 Image size of job updated: 792252
	319  -  MemoryUsage of job (MB)
	326316  -  ResidentSetSize of job (KB)
...
006 (454.938.000) 2022-04-08 16:38:33 Image size of job updated: 792252
	319  -  MemoryUsage of job (MB)
	326448  -  ResidentSetSize of job (KB)
...
006 (454.938.000) 2022-04-08 16:48:35 Image size of job updated: 792252
	319  -  MemoryUsage of job (MB)
	326580  -  ResidentSetSize of job (KB)
...
006 (454.938.000) 2022-04-08 17:18:38 Image size of job updated: 792252
	320  -  MemoryUsage of job (MB)
	326712  -  ResidentSetSize of job (KB)
...
006 (454.938.000) 2022-04-08 17:28:38 Image size of job updated: 792252
	320  -  MemoryUsage of job (MB)
	326844  -  ResidentSetSize of job (KB)
...
006 (454.938.000) 2022-04-08 17:38:40 Image size of job updated: 792252
	320  -  MemoryUsage of job (MB)
	326976  -  ResidentSetSize of job (KB)
...
006 (454.938.000) 2022-04-08 17:48:41 Image size of job updated: 792252
	320  -  MemoryUsage of job (MB)
	327108  -  ResidentSetSize of job (KB)
...
006 (454.938.000) 2022-04-08 17:58:42 Image size of job updated: 792252
	320  -  MemoryUsage of job (MB)
	327240  -  ResidentSetSize of job (KB)
...
006 (454.938.000) 2022-04-08 18:08:43 Image size of job updated: 792252
	320  -  MemoryUsage of job (MB)
	327372  -  ResidentSetSize of job (KB)
...
006 (454.938.000) 2022-04-08 18:13:44 Image size of job updated: 792252
	320  -  MemoryUsage of job (MB)
	327504  -  ResidentSetSize of job (KB)
...
006 (454.938.000) 2022-04-08 18:23:45 Image size of job updated: 792252
	320  -  MemoryUsage of job (MB)
	327636  -  ResidentSetSize of job (KB)
...
006 (454.938.000) 2022-04-08 18:33:46 Image size of job updated: 792252
	321  -  MemoryUsage of job (MB)
	327768  -  ResidentSetSize of job (KB)
...
006 (454.938.000) 2022-04-08 18:43:47 Image size of job updated: 792252
	321  -  MemoryUsage of job (MB)
	327900  -  ResidentSetSize of job (KB)
...
006 (454.938.000) 2022-04-08 18:53:47 Image size of job updated: 792252
	321  -  MemoryUsage of job (MB)
	328032  -  ResidentSetSize of job (KB)
...
006 (454.938.000) 2022-04-08 18:58:48 Image size of job updated: 792252
	321  -  MemoryUsage of job (MB)
	328164  -  ResidentSetSize of job (KB)
...
006 (454.938.000) 2022-04-08 19:13:50 Image size of job updated: 792252
	321  -  MemoryUsage of job (MB)
	328296  -  ResidentSetSize of job (KB)
...
006 (454.938.000) 2022-04-08 19:23:51 Image size of job updated: 792252
	321  -  MemoryUsage of job (MB)
	328428  -  ResidentSetSize of job (KB)
...
006 (454.938.000) 2022-04-08 19:28:51 Image size of job updated: 792252
	321  -  MemoryUsage of job (MB)
	328560  -  ResidentSetSize of job (KB)
...
006 (454.938.000) 2022-04-08 19:38:53 Image size of job updated: 792252
	321  -  MemoryUsage of job (MB)
	328692  -  ResidentSetSize of job (KB)
...
006 (454.938.000) 2022-04-08 19:48:54 Image size of job updated: 792252
	322  -  MemoryUsage of job (MB)
	328824  -  ResidentSetSize of job (KB)
...
006 (454.938.000) 2022-04-08 19:58:55 Image size of job updated: 792252
	322  -  MemoryUsage of job (MB)
	328956  -  ResidentSetSize of job (KB)
...
006 (454.938.000) 2022-04-08 20:08:57 Image size of job updated: 792252
	322  -  MemoryUsage of job (MB)
	329088  -  ResidentSetSize of job (KB)
...
006 (454.938.000) 2022-04-08 20:13:57 Image size of job updated: 792252
	322  -  MemoryUsage of job (MB)
	329220  -  ResidentSetSize of job (KB)
...
005 (454.938.000) 2022-04-08 20:24:16 Job terminated.
	(1) Normal termination (return value 0)
		Usr 0 08:39:12, Sys 0 00:00:59  -  Run Remote Usage
		Usr 0 00:00:00, Sys 0 00:00:00  -  Run Local Usage
		Usr 0 08:39:12, Sys 0 00:00:59  -  Total Remote Usage
		Usr 0 00:00:00, Sys 0 00:00:00  -  Total Local Usage
	0  -  Run Bytes Sent By Job
	0  -  Run Bytes Received By Job
	0  -  Total Bytes Sent By Job
	0  -  Total Bytes Received By Job
	Partitionable Resources :    Usage  Request Allocated 
	   Cpus                 :     1.00        1         1 
	   Disk (KB)            :  7500        7500     10998 
	   Memory (MB)          :   322        1024      1024 

	Job terminated of its own accord at 2022-04-08T18:24:16Z with exit-code 0.
...
