000 (454.606.000) 2022-04-06 16:54:01 Job submitted from host: <10.18.24.243:9618?addrs=10.18.24.243-9618&alias=ecoclusts01.bioclust.biologie.ens.fr&noUDP&sock=schedd_1052_29b8>
...
001 (454.606.000) 2022-04-08 02:33:03 Job executing on host: <10.18.24.141:9618?addrs=10.18.24.141-9618&alias=dyoclust14.bioclust.biologie.ens.fr&noUDP&sock=startd_801_ff73>
...
006 (454.606.000) 2022-04-08 02:33:12 Image size of job updated: 236904
	232  -  MemoryUsage of job (MB)
	236904  -  ResidentSetSize of job (KB)
...
006 (454.606.000) 2022-04-08 02:38:13 Image size of job updated: 798088
	317  -  MemoryUsage of job (MB)
	324120  -  ResidentSetSize of job (KB)
...
006 (454.606.000) 2022-04-08 03:23:18 Image size of job updated: 798088
	317  -  MemoryUsage of job (MB)
	324384  -  ResidentSetSize of job (KB)
...
006 (454.606.000) 2022-04-08 03:28:19 Image size of job updated: 798088
	317  -  MemoryUsage of job (MB)
	324516  -  ResidentSetSize of job (KB)
...
006 (454.606.000) 2022-04-08 03:33:20 Image size of job updated: 798088
	318  -  MemoryUsage of job (MB)
	324648  -  ResidentSetSize of job (KB)
...
006 (454.606.000) 2022-04-08 03:38:20 Image size of job updated: 798088
	318  -  MemoryUsage of job (MB)
	324912  -  ResidentSetSize of job (KB)
...
006 (454.606.000) 2022-04-08 03:43:20 Image size of job updated: 798088
	318  -  MemoryUsage of job (MB)
	325044  -  ResidentSetSize of job (KB)
...
006 (454.606.000) 2022-04-08 03:48:22 Image size of job updated: 798088
	318  -  MemoryUsage of job (MB)
	325176  -  ResidentSetSize of job (KB)
...
006 (454.606.000) 2022-04-08 03:53:22 Image size of job updated: 798088
	318  -  MemoryUsage of job (MB)
	325440  -  ResidentSetSize of job (KB)
...
006 (454.606.000) 2022-04-08 03:58:22 Image size of job updated: 798088
	318  -  MemoryUsage of job (MB)
	325572  -  ResidentSetSize of job (KB)
...
006 (454.606.000) 2022-04-08 04:03:23 Image size of job updated: 798088
	319  -  MemoryUsage of job (MB)
	325836  -  ResidentSetSize of job (KB)
...
006 (454.606.000) 2022-04-08 04:08:24 Image size of job updated: 798088
	319  -  MemoryUsage of job (MB)
	325968  -  ResidentSetSize of job (KB)
...
006 (454.606.000) 2022-04-08 04:13:24 Image size of job updated: 798088
	319  -  MemoryUsage of job (MB)
	326100  -  ResidentSetSize of job (KB)
...
006 (454.606.000) 2022-04-08 04:18:24 Image size of job updated: 798088
	319  -  MemoryUsage of job (MB)
	326364  -  ResidentSetSize of job (KB)
...
006 (454.606.000) 2022-04-08 04:23:25 Image size of job updated: 798088
	319  -  MemoryUsage of job (MB)
	326628  -  ResidentSetSize of job (KB)
...
006 (454.606.000) 2022-04-08 04:38:26 Image size of job updated: 798088
	320  -  MemoryUsage of job (MB)
	326852  -  ResidentSetSize of job (KB)
...
006 (454.606.000) 2022-04-08 04:43:27 Image size of job updated: 798088
	320  -  MemoryUsage of job (MB)
	326984  -  ResidentSetSize of job (KB)
...
006 (454.606.000) 2022-04-08 04:48:27 Image size of job updated: 798088
	320  -  MemoryUsage of job (MB)
	327248  -  ResidentSetSize of job (KB)
...
006 (454.606.000) 2022-04-08 04:53:28 Image size of job updated: 798088
	320  -  MemoryUsage of job (MB)
	327380  -  ResidentSetSize of job (KB)
...
006 (454.606.000) 2022-04-08 04:58:29 Image size of job updated: 798088
	320  -  MemoryUsage of job (MB)
	327644  -  ResidentSetSize of job (KB)
...
006 (454.606.000) 2022-04-08 05:03:29 Image size of job updated: 798088
	321  -  MemoryUsage of job (MB)
	327776  -  ResidentSetSize of job (KB)
...
006 (454.606.000) 2022-04-08 05:08:29 Image size of job updated: 798088
	321  -  MemoryUsage of job (MB)
	327908  -  ResidentSetSize of job (KB)
...
006 (454.606.000) 2022-04-08 05:13:30 Image size of job updated: 798088
	321  -  MemoryUsage of job (MB)
	328172  -  ResidentSetSize of job (KB)
...
006 (454.606.000) 2022-04-08 05:18:31 Image size of job updated: 798088
	321  -  MemoryUsage of job (MB)
	328304  -  ResidentSetSize of job (KB)
...
006 (454.606.000) 2022-04-08 05:23:31 Image size of job updated: 798088
	321  -  MemoryUsage of job (MB)
	328568  -  ResidentSetSize of job (KB)
...
006 (454.606.000) 2022-04-08 05:28:32 Image size of job updated: 798088
	322  -  MemoryUsage of job (MB)
	328832  -  ResidentSetSize of job (KB)
...
006 (454.606.000) 2022-04-08 05:33:33 Image size of job updated: 798088
	322  -  MemoryUsage of job (MB)
	328964  -  ResidentSetSize of job (KB)
...
006 (454.606.000) 2022-04-08 05:38:33 Image size of job updated: 798088
	322  -  MemoryUsage of job (MB)
	329096  -  ResidentSetSize of job (KB)
...
005 (454.606.000) 2022-04-08 05:41:36 Job terminated.
	(1) Normal termination (return value 0)
		Usr 0 03:06:19, Sys 0 00:00:25  -  Run Remote Usage
		Usr 0 00:00:00, Sys 0 00:00:00  -  Run Local Usage
		Usr 0 03:06:19, Sys 0 00:00:25  -  Total Remote Usage
		Usr 0 00:00:00, Sys 0 00:00:00  -  Total Local Usage
	0  -  Run Bytes Sent By Job
	0  -  Run Bytes Received By Job
	0  -  Total Bytes Sent By Job
	0  -  Total Bytes Received By Job
	Partitionable Resources :    Usage  Request Allocated 
	   Cpus                 :     1.00        1         1 
	   Disk (KB)            :  7500        7500     10998 
	   Memory (MB)          :   322        1024      1024 

	Job terminated of its own accord at 2022-04-08T03:41:35Z with exit-code 0.
...
