000 (454.849.000) 2022-04-06 16:54:02 Job submitted from host: <10.18.24.243:9618?addrs=10.18.24.243-9618&alias=ecoclusts01.bioclust.biologie.ens.fr&noUDP&sock=schedd_1052_29b8>
...
001 (454.849.000) 2022-04-08 09:15:17 Job executing on host: <10.18.24.5:9618?addrs=10.18.24.5-9618&alias=bioclust05.bioclust.biologie.ens.fr&noUDP&sock=startd_1060_a67a>
...
006 (454.849.000) 2022-04-08 09:15:25 Image size of job updated: 601348
	165  -  MemoryUsage of job (MB)
	168568  -  ResidentSetSize of job (KB)
...
006 (454.849.000) 2022-04-08 09:20:25 Image size of job updated: 741628
	317  -  MemoryUsage of job (MB)
	324124  -  ResidentSetSize of job (KB)
...
006 (454.849.000) 2022-04-08 09:25:26 Image size of job updated: 774396
	317  -  MemoryUsage of job (MB)
	324124  -  ResidentSetSize of job (KB)
...
006 (454.849.000) 2022-04-08 10:15:31 Image size of job updated: 774652
	317  -  MemoryUsage of job (MB)
	324124  -  ResidentSetSize of job (KB)
...
006 (454.849.000) 2022-04-08 10:20:32 Image size of job updated: 774652
	317  -  MemoryUsage of job (MB)
	324388  -  ResidentSetSize of job (KB)
...
006 (454.849.000) 2022-04-08 10:25:33 Image size of job updated: 774908
	317  -  MemoryUsage of job (MB)
	324388  -  ResidentSetSize of job (KB)
...
006 (454.849.000) 2022-04-08 10:30:33 Image size of job updated: 774908
	317  -  MemoryUsage of job (MB)
	324520  -  ResidentSetSize of job (KB)
...
006 (454.849.000) 2022-04-08 10:35:33 Image size of job updated: 775164
	318  -  MemoryUsage of job (MB)
	324652  -  ResidentSetSize of job (KB)
...
006 (454.849.000) 2022-04-08 10:40:35 Image size of job updated: 775164
	318  -  MemoryUsage of job (MB)
	324784  -  ResidentSetSize of job (KB)
...
006 (454.849.000) 2022-04-08 10:45:35 Image size of job updated: 775420
	318  -  MemoryUsage of job (MB)
	324916  -  ResidentSetSize of job (KB)
...
006 (454.849.000) 2022-04-08 10:50:35 Image size of job updated: 775420
	318  -  MemoryUsage of job (MB)
	325048  -  ResidentSetSize of job (KB)
...
006 (454.849.000) 2022-04-08 10:55:36 Image size of job updated: 775420
	318  -  MemoryUsage of job (MB)
	325180  -  ResidentSetSize of job (KB)
...
006 (454.849.000) 2022-04-08 11:00:37 Image size of job updated: 775676
	318  -  MemoryUsage of job (MB)
	325180  -  ResidentSetSize of job (KB)
...
006 (454.849.000) 2022-04-08 11:05:37 Image size of job updated: 775676
	318  -  MemoryUsage of job (MB)
	325312  -  ResidentSetSize of job (KB)
...
006 (454.849.000) 2022-04-08 11:10:37 Image size of job updated: 775932
	318  -  MemoryUsage of job (MB)
	325444  -  ResidentSetSize of job (KB)
...
006 (454.849.000) 2022-04-08 11:15:38 Image size of job updated: 775932
	318  -  MemoryUsage of job (MB)
	325576  -  ResidentSetSize of job (KB)
...
006 (454.849.000) 2022-04-08 11:20:39 Image size of job updated: 776188
	319  -  MemoryUsage of job (MB)
	325708  -  ResidentSetSize of job (KB)
...
006 (454.849.000) 2022-04-08 11:25:39 Image size of job updated: 776188
	319  -  MemoryUsage of job (MB)
	325840  -  ResidentSetSize of job (KB)
...
006 (454.849.000) 2022-04-08 11:30:40 Image size of job updated: 776444
	319  -  MemoryUsage of job (MB)
	325972  -  ResidentSetSize of job (KB)
...
006 (454.849.000) 2022-04-08 11:35:41 Image size of job updated: 776444
	319  -  MemoryUsage of job (MB)
	326104  -  ResidentSetSize of job (KB)
...
006 (454.849.000) 2022-04-08 11:40:41 Image size of job updated: 776700
	319  -  MemoryUsage of job (MB)
	326236  -  ResidentSetSize of job (KB)
...
006 (454.849.000) 2022-04-08 11:45:41 Image size of job updated: 776700
	319  -  MemoryUsage of job (MB)
	326368  -  ResidentSetSize of job (KB)
...
006 (454.849.000) 2022-04-08 11:50:42 Image size of job updated: 776956
	319  -  MemoryUsage of job (MB)
	326500  -  ResidentSetSize of job (KB)
...
006 (454.849.000) 2022-04-08 11:55:43 Image size of job updated: 776956
	319  -  MemoryUsage of job (MB)
	326632  -  ResidentSetSize of job (KB)
...
006 (454.849.000) 2022-04-08 12:15:45 Image size of job updated: 777212
	320  -  MemoryUsage of job (MB)
	326724  -  ResidentSetSize of job (KB)
...
006 (454.849.000) 2022-04-08 12:20:45 Image size of job updated: 777212
	320  -  MemoryUsage of job (MB)
	326856  -  ResidentSetSize of job (KB)
...
006 (454.849.000) 2022-04-08 12:30:47 Image size of job updated: 777468
	320  -  MemoryUsage of job (MB)
	327120  -  ResidentSetSize of job (KB)
...
006 (454.849.000) 2022-04-08 12:40:48 Image size of job updated: 777724
	320  -  MemoryUsage of job (MB)
	327252  -  ResidentSetSize of job (KB)
...
006 (454.849.000) 2022-04-08 12:45:49 Image size of job updated: 777724
	320  -  MemoryUsage of job (MB)
	327384  -  ResidentSetSize of job (KB)
...
006 (454.849.000) 2022-04-08 12:50:49 Image size of job updated: 777980
	320  -  MemoryUsage of job (MB)
	327516  -  ResidentSetSize of job (KB)
...
006 (454.849.000) 2022-04-08 13:00:51 Image size of job updated: 777980
	320  -  MemoryUsage of job (MB)
	327648  -  ResidentSetSize of job (KB)
...
006 (454.849.000) 2022-04-08 13:05:51 Image size of job updated: 778236
	321  -  MemoryUsage of job (MB)
	327780  -  ResidentSetSize of job (KB)
...
006 (454.849.000) 2022-04-08 13:10:51 Image size of job updated: 778236
	321  -  MemoryUsage of job (MB)
	327912  -  ResidentSetSize of job (KB)
...
006 (454.849.000) 2022-04-08 13:15:52 Image size of job updated: 778492
	321  -  MemoryUsage of job (MB)
	328044  -  ResidentSetSize of job (KB)
...
006 (454.849.000) 2022-04-08 13:20:53 Image size of job updated: 778492
	321  -  MemoryUsage of job (MB)
	328176  -  ResidentSetSize of job (KB)
...
006 (454.849.000) 2022-04-08 13:25:53 Image size of job updated: 778748
	321  -  MemoryUsage of job (MB)
	328176  -  ResidentSetSize of job (KB)
...
006 (454.849.000) 2022-04-08 13:30:53 Image size of job updated: 778748
	321  -  MemoryUsage of job (MB)
	328308  -  ResidentSetSize of job (KB)
...
006 (454.849.000) 2022-04-08 13:35:54 Image size of job updated: 778748
	321  -  MemoryUsage of job (MB)
	328440  -  ResidentSetSize of job (KB)
...
006 (454.849.000) 2022-04-08 13:40:54 Image size of job updated: 779004
	321  -  MemoryUsage of job (MB)
	328572  -  ResidentSetSize of job (KB)
...
006 (454.849.000) 2022-04-08 13:45:54 Image size of job updated: 779004
	321  -  MemoryUsage of job (MB)
	328704  -  ResidentSetSize of job (KB)
...
006 (454.849.000) 2022-04-08 13:50:55 Image size of job updated: 779260
	322  -  MemoryUsage of job (MB)
	328836  -  ResidentSetSize of job (KB)
...
006 (454.849.000) 2022-04-08 13:55:56 Image size of job updated: 779260
	322  -  MemoryUsage of job (MB)
	328968  -  ResidentSetSize of job (KB)
...
006 (454.849.000) 2022-04-08 14:00:56 Image size of job updated: 779516
	322  -  MemoryUsage of job (MB)
	329100  -  ResidentSetSize of job (KB)
...
006 (454.849.000) 2022-04-08 14:10:58 Image size of job updated: 779772
	322  -  MemoryUsage of job (MB)
	329232  -  ResidentSetSize of job (KB)
...
005 (454.849.000) 2022-04-08 14:12:41 Job terminated.
	(1) Normal termination (return value 0)
		Usr 0 04:55:18, Sys 0 00:01:46  -  Run Remote Usage
		Usr 0 00:00:00, Sys 0 00:00:00  -  Run Local Usage
		Usr 0 04:55:18, Sys 0 00:01:46  -  Total Remote Usage
		Usr 0 00:00:00, Sys 0 00:00:00  -  Total Local Usage
	0  -  Run Bytes Sent By Job
	0  -  Run Bytes Received By Job
	0  -  Total Bytes Sent By Job
	0  -  Total Bytes Received By Job
	Partitionable Resources :    Usage  Request Allocated 
	   Cpus                 :     1.00        1         1 
	   Disk (KB)            :  7500        7500     10998 
	   Memory (MB)          :   322        1024      1024 

	Job terminated of its own accord at 2022-04-08T12:12:41Z with exit-code 0.
...
