000 (454.907.000) 2022-04-06 16:54:03 Job submitted from host: <10.18.24.243:9618?addrs=10.18.24.243-9618&alias=ecoclusts01.bioclust.biologie.ens.fr&noUDP&sock=schedd_1052_29b8>
...
001 (454.907.000) 2022-04-08 10:43:52 Job executing on host: <10.18.24.135:9618?addrs=10.18.24.135-9618&alias=dyoclust08.bioclust.biologie.ens.fr&noUDP&sock=startd_793_82b1>
...
006 (454.907.000) 2022-04-08 10:44:01 Image size of job updated: 187288
	88  -  MemoryUsage of job (MB)
	89840  -  ResidentSetSize of job (KB)
...
006 (454.907.000) 2022-04-08 10:49:01 Image size of job updated: 741876
	316  -  MemoryUsage of job (MB)
	323348  -  ResidentSetSize of job (KB)
...
006 (454.907.000) 2022-04-08 10:54:01 Image size of job updated: 774644
	317  -  MemoryUsage of job (MB)
	324404  -  ResidentSetSize of job (KB)
...
006 (454.907.000) 2022-04-08 11:34:05 Image size of job updated: 774900
	317  -  MemoryUsage of job (MB)
	324404  -  ResidentSetSize of job (KB)
...
006 (454.907.000) 2022-04-08 11:39:06 Image size of job updated: 774900
	317  -  MemoryUsage of job (MB)
	324536  -  ResidentSetSize of job (KB)
...
006 (454.907.000) 2022-04-08 11:44:07 Image size of job updated: 775156
	318  -  MemoryUsage of job (MB)
	324668  -  ResidentSetSize of job (KB)
...
006 (454.907.000) 2022-04-08 11:49:07 Image size of job updated: 775412
	318  -  MemoryUsage of job (MB)
	324932  -  ResidentSetSize of job (KB)
...
006 (454.907.000) 2022-04-08 11:54:07 Image size of job updated: 775412
	318  -  MemoryUsage of job (MB)
	325064  -  ResidentSetSize of job (KB)
...
006 (454.907.000) 2022-04-08 11:59:08 Image size of job updated: 775668
	318  -  MemoryUsage of job (MB)
	325328  -  ResidentSetSize of job (KB)
...
006 (454.907.000) 2022-04-08 12:04:09 Image size of job updated: 775924
	318  -  MemoryUsage of job (MB)
	325460  -  ResidentSetSize of job (KB)
...
006 (454.907.000) 2022-04-08 12:09:09 Image size of job updated: 776180
	319  -  MemoryUsage of job (MB)
	325724  -  ResidentSetSize of job (KB)
...
006 (454.907.000) 2022-04-08 12:14:09 Image size of job updated: 776436
	319  -  MemoryUsage of job (MB)
	325988  -  ResidentSetSize of job (KB)
...
006 (454.907.000) 2022-04-08 12:19:10 Image size of job updated: 776692
	319  -  MemoryUsage of job (MB)
	326120  -  ResidentSetSize of job (KB)
...
006 (454.907.000) 2022-04-08 12:24:11 Image size of job updated: 776692
	319  -  MemoryUsage of job (MB)
	326384  -  ResidentSetSize of job (KB)
...
006 (454.907.000) 2022-04-08 12:29:11 Image size of job updated: 776948
	319  -  MemoryUsage of job (MB)
	326516  -  ResidentSetSize of job (KB)
...
006 (454.907.000) 2022-04-08 12:39:12 Image size of job updated: 777204
	319  -  MemoryUsage of job (MB)
	326648  -  ResidentSetSize of job (KB)
...
006 (454.907.000) 2022-04-08 12:44:13 Image size of job updated: 777204
	320  -  MemoryUsage of job (MB)
	326912  -  ResidentSetSize of job (KB)
...
006 (454.907.000) 2022-04-08 12:49:13 Image size of job updated: 777460
	320  -  MemoryUsage of job (MB)
	327044  -  ResidentSetSize of job (KB)
...
006 (454.907.000) 2022-04-08 12:54:13 Image size of job updated: 777716
	320  -  MemoryUsage of job (MB)
	327308  -  ResidentSetSize of job (KB)
...
006 (454.907.000) 2022-04-08 12:59:14 Image size of job updated: 777972
	320  -  MemoryUsage of job (MB)
	327440  -  ResidentSetSize of job (KB)
...
006 (454.907.000) 2022-04-08 13:04:15 Image size of job updated: 777972
	320  -  MemoryUsage of job (MB)
	327572  -  ResidentSetSize of job (KB)
...
006 (454.907.000) 2022-04-08 13:09:15 Image size of job updated: 778228
	321  -  MemoryUsage of job (MB)
	327836  -  ResidentSetSize of job (KB)
...
006 (454.907.000) 2022-04-08 13:14:15 Image size of job updated: 778484
	321  -  MemoryUsage of job (MB)
	327968  -  ResidentSetSize of job (KB)
...
006 (454.907.000) 2022-04-08 13:19:16 Image size of job updated: 778740
	321  -  MemoryUsage of job (MB)
	328232  -  ResidentSetSize of job (KB)
...
006 (454.907.000) 2022-04-08 13:24:17 Image size of job updated: 778740
	321  -  MemoryUsage of job (MB)
	328496  -  ResidentSetSize of job (KB)
...
006 (454.907.000) 2022-04-08 13:29:17 Image size of job updated: 778996
	321  -  MemoryUsage of job (MB)
	328628  -  ResidentSetSize of job (KB)
...
006 (454.907.000) 2022-04-08 13:34:17 Image size of job updated: 779252
	322  -  MemoryUsage of job (MB)
	328760  -  ResidentSetSize of job (KB)
...
006 (454.907.000) 2022-04-08 13:39:18 Image size of job updated: 779508
	322  -  MemoryUsage of job (MB)
	329024  -  ResidentSetSize of job (KB)
...
006 (454.907.000) 2022-04-08 13:44:19 Image size of job updated: 779508
	322  -  MemoryUsage of job (MB)
	329156  -  ResidentSetSize of job (KB)
...
006 (454.907.000) 2022-04-08 13:45:58 Image size of job updated: 779764
	322  -  MemoryUsage of job (MB)
	329156  -  ResidentSetSize of job (KB)
...
005 (454.907.000) 2022-04-08 13:45:58 Job terminated.
	(1) Normal termination (return value 0)
		Usr 0 03:01:27, Sys 0 00:00:22  -  Run Remote Usage
		Usr 0 00:00:00, Sys 0 00:00:00  -  Run Local Usage
		Usr 0 03:01:27, Sys 0 00:00:22  -  Total Remote Usage
		Usr 0 00:00:00, Sys 0 00:00:00  -  Total Local Usage
	0  -  Run Bytes Sent By Job
	0  -  Run Bytes Received By Job
	0  -  Total Bytes Sent By Job
	0  -  Total Bytes Received By Job
	Partitionable Resources :    Usage  Request Allocated 
	   Cpus                 :     1.00        1         1 
	   Disk (KB)            :  7500        7500     10998 
	   Memory (MB)          :   322        1024      1024 

	Job terminated of its own accord at 2022-04-08T11:45:58Z with exit-code 0.
...
