000 (454.947.000) 2022-04-06 16:54:03 Job submitted from host: <10.18.24.243:9618?addrs=10.18.24.243-9618&alias=ecoclusts01.bioclust.biologie.ens.fr&noUDP&sock=schedd_1052_29b8>
...
001 (454.947.000) 2022-04-08 11:55:53 Job executing on host: <10.18.24.178:9618?addrs=10.18.24.178-9618&alias=mcbsclust07.bioclust.biologie.ens.fr&noUDP&sock=startd_912_2276>
...
006 (454.947.000) 2022-04-08 11:56:02 Image size of job updated: 300780
	294  -  MemoryUsage of job (MB)
	300780  -  ResidentSetSize of job (KB)
...
006 (454.947.000) 2022-04-08 12:01:03 Image size of job updated: 845676
	317  -  MemoryUsage of job (MB)
	324140  -  ResidentSetSize of job (KB)
...
006 (454.947.000) 2022-04-08 13:51:15 Image size of job updated: 845676
	317  -  MemoryUsage of job (MB)
	324272  -  ResidentSetSize of job (KB)
...
006 (454.947.000) 2022-04-08 13:56:15 Image size of job updated: 845676
	317  -  MemoryUsage of job (MB)
	324404  -  ResidentSetSize of job (KB)
...
006 (454.947.000) 2022-04-08 14:01:16 Image size of job updated: 845676
	317  -  MemoryUsage of job (MB)
	324536  -  ResidentSetSize of job (KB)
...
006 (454.947.000) 2022-04-08 14:06:17 Image size of job updated: 845676
	318  -  MemoryUsage of job (MB)
	324668  -  ResidentSetSize of job (KB)
...
006 (454.947.000) 2022-04-08 14:16:18 Image size of job updated: 845676
	318  -  MemoryUsage of job (MB)
	324932  -  ResidentSetSize of job (KB)
...
006 (454.947.000) 2022-04-08 14:26:19 Image size of job updated: 845676
	318  -  MemoryUsage of job (MB)
	325064  -  ResidentSetSize of job (KB)
...
006 (454.947.000) 2022-04-08 14:36:20 Image size of job updated: 845676
	318  -  MemoryUsage of job (MB)
	325196  -  ResidentSetSize of job (KB)
...
006 (454.947.000) 2022-04-08 14:41:21 Image size of job updated: 845676
	318  -  MemoryUsage of job (MB)
	325328  -  ResidentSetSize of job (KB)
...
006 (454.947.000) 2022-04-08 14:46:21 Image size of job updated: 845676
	318  -  MemoryUsage of job (MB)
	325460  -  ResidentSetSize of job (KB)
...
006 (454.947.000) 2022-04-08 14:56:23 Image size of job updated: 845676
	318  -  MemoryUsage of job (MB)
	325592  -  ResidentSetSize of job (KB)
...
006 (454.947.000) 2022-04-08 15:01:23 Image size of job updated: 845676
	319  -  MemoryUsage of job (MB)
	325724  -  ResidentSetSize of job (KB)
...
006 (454.947.000) 2022-04-08 15:06:23 Image size of job updated: 845676
	319  -  MemoryUsage of job (MB)
	325856  -  ResidentSetSize of job (KB)
...
006 (454.947.000) 2022-04-08 15:11:24 Image size of job updated: 845676
	319  -  MemoryUsage of job (MB)
	325988  -  ResidentSetSize of job (KB)
...
006 (454.947.000) 2022-04-08 15:16:25 Image size of job updated: 845676
	319  -  MemoryUsage of job (MB)
	326120  -  ResidentSetSize of job (KB)
...
006 (454.947.000) 2022-04-08 15:21:25 Image size of job updated: 845676
	319  -  MemoryUsage of job (MB)
	326252  -  ResidentSetSize of job (KB)
...
006 (454.947.000) 2022-04-08 15:26:26 Image size of job updated: 845676
	319  -  MemoryUsage of job (MB)
	326384  -  ResidentSetSize of job (KB)
...
006 (454.947.000) 2022-04-08 15:36:27 Image size of job updated: 845676
	319  -  MemoryUsage of job (MB)
	326516  -  ResidentSetSize of job (KB)
...
006 (454.947.000) 2022-04-08 16:01:29 Image size of job updated: 845676
	319  -  MemoryUsage of job (MB)
	326620  -  ResidentSetSize of job (KB)
...
006 (454.947.000) 2022-04-08 16:11:30 Image size of job updated: 845676
	320  -  MemoryUsage of job (MB)
	326752  -  ResidentSetSize of job (KB)
...
006 (454.947.000) 2022-04-08 16:21:32 Image size of job updated: 845676
	320  -  MemoryUsage of job (MB)
	326884  -  ResidentSetSize of job (KB)
...
006 (454.947.000) 2022-04-08 16:31:33 Image size of job updated: 845676
	320  -  MemoryUsage of job (MB)
	327016  -  ResidentSetSize of job (KB)
...
006 (454.947.000) 2022-04-08 16:41:34 Image size of job updated: 845676
	320  -  MemoryUsage of job (MB)
	327148  -  ResidentSetSize of job (KB)
...
006 (454.947.000) 2022-04-08 16:51:35 Image size of job updated: 845676
	320  -  MemoryUsage of job (MB)
	327280  -  ResidentSetSize of job (KB)
...
006 (454.947.000) 2022-04-08 17:01:36 Image size of job updated: 845676
	320  -  MemoryUsage of job (MB)
	327412  -  ResidentSetSize of job (KB)
...
006 (454.947.000) 2022-04-08 17:11:38 Image size of job updated: 845676
	320  -  MemoryUsage of job (MB)
	327544  -  ResidentSetSize of job (KB)
...
006 (454.947.000) 2022-04-08 17:26:39 Image size of job updated: 845676
	320  -  MemoryUsage of job (MB)
	327676  -  ResidentSetSize of job (KB)
...
006 (454.947.000) 2022-04-08 17:31:40 Image size of job updated: 845676
	321  -  MemoryUsage of job (MB)
	327940  -  ResidentSetSize of job (KB)
...
006 (454.947.000) 2022-04-08 17:36:40 Image size of job updated: 845676
	321  -  MemoryUsage of job (MB)
	328072  -  ResidentSetSize of job (KB)
...
006 (454.947.000) 2022-04-08 17:41:41 Image size of job updated: 845676
	321  -  MemoryUsage of job (MB)
	328336  -  ResidentSetSize of job (KB)
...
006 (454.947.000) 2022-04-08 17:46:42 Image size of job updated: 845676
	321  -  MemoryUsage of job (MB)
	328468  -  ResidentSetSize of job (KB)
...
006 (454.947.000) 2022-04-08 17:51:42 Image size of job updated: 845676
	321  -  MemoryUsage of job (MB)
	328600  -  ResidentSetSize of job (KB)
...
006 (454.947.000) 2022-04-08 17:56:42 Image size of job updated: 845676
	322  -  MemoryUsage of job (MB)
	328864  -  ResidentSetSize of job (KB)
...
006 (454.947.000) 2022-04-08 18:01:44 Image size of job updated: 845676
	322  -  MemoryUsage of job (MB)
	328996  -  ResidentSetSize of job (KB)
...
006 (454.947.000) 2022-04-08 18:06:44 Image size of job updated: 845676
	322  -  MemoryUsage of job (MB)
	329260  -  ResidentSetSize of job (KB)
...
005 (454.947.000) 2022-04-08 18:09:28 Job terminated.
	(1) Normal termination (return value 0)
		Usr 0 06:11:54, Sys 0 00:00:18  -  Run Remote Usage
		Usr 0 00:00:00, Sys 0 00:00:00  -  Run Local Usage
		Usr 0 06:11:54, Sys 0 00:00:18  -  Total Remote Usage
		Usr 0 00:00:00, Sys 0 00:00:00  -  Total Local Usage
	0  -  Run Bytes Sent By Job
	0  -  Run Bytes Received By Job
	0  -  Total Bytes Sent By Job
	0  -  Total Bytes Received By Job
	Partitionable Resources :    Usage  Request Allocated 
	   Cpus                 :     1.00        1         1 
	   Disk (KB)            :  7500        7500     11001 
	   Memory (MB)          :   322        1024      1024 

	Job terminated of its own accord at 2022-04-08T16:09:28Z with exit-code 0.
...
