000 (454.146.000) 2022-04-06 16:53:59 Job submitted from host: <10.18.24.243:9618?addrs=10.18.24.243-9618&alias=ecoclusts01.bioclust.biologie.ens.fr&noUDP&sock=schedd_1052_29b8>
...
001 (454.146.000) 2022-04-07 10:04:08 Job executing on host: <10.18.24.5:9618?addrs=10.18.24.5-9618&alias=bioclust05.bioclust.biologie.ens.fr&noUDP&sock=startd_1060_a67a>
...
006 (454.146.000) 2022-04-07 10:04:17 Image size of job updated: 425456
	416  -  MemoryUsage of job (MB)
	425456  -  ResidentSetSize of job (KB)
...
006 (454.146.000) 2022-04-07 10:09:19 Image size of job updated: 741620
	416  -  MemoryUsage of job (MB)
	425456  -  ResidentSetSize of job (KB)
...
006 (454.146.000) 2022-04-07 10:14:19 Image size of job updated: 774388
	416  -  MemoryUsage of job (MB)
	425456  -  ResidentSetSize of job (KB)
...
006 (454.146.000) 2022-04-07 11:34:27 Image size of job updated: 774644
	416  -  MemoryUsage of job (MB)
	425456  -  ResidentSetSize of job (KB)
...
006 (454.146.000) 2022-04-07 11:44:28 Image size of job updated: 774900
	416  -  MemoryUsage of job (MB)
	425456  -  ResidentSetSize of job (KB)
...
006 (454.146.000) 2022-04-07 11:54:30 Image size of job updated: 775156
	416  -  MemoryUsage of job (MB)
	425456  -  ResidentSetSize of job (KB)
...
006 (454.146.000) 2022-04-07 12:09:31 Image size of job updated: 775412
	416  -  MemoryUsage of job (MB)
	425456  -  ResidentSetSize of job (KB)
...
006 (454.146.000) 2022-04-07 12:19:32 Image size of job updated: 775668
	416  -  MemoryUsage of job (MB)
	425456  -  ResidentSetSize of job (KB)
...
006 (454.146.000) 2022-04-07 12:34:34 Image size of job updated: 775924
	416  -  MemoryUsage of job (MB)
	425456  -  ResidentSetSize of job (KB)
...
006 (454.146.000) 2022-04-07 12:44:35 Image size of job updated: 776180
	416  -  MemoryUsage of job (MB)
	425456  -  ResidentSetSize of job (KB)
...
006 (454.146.000) 2022-04-07 12:54:36 Image size of job updated: 776436
	416  -  MemoryUsage of job (MB)
	425456  -  ResidentSetSize of job (KB)
...
006 (454.146.000) 2022-04-07 13:09:38 Image size of job updated: 776692
	416  -  MemoryUsage of job (MB)
	425456  -  ResidentSetSize of job (KB)
...
006 (454.146.000) 2022-04-07 13:19:39 Image size of job updated: 776948
	416  -  MemoryUsage of job (MB)
	425456  -  ResidentSetSize of job (KB)
...
006 (454.146.000) 2022-04-07 13:49:41 Image size of job updated: 777204
	416  -  MemoryUsage of job (MB)
	425456  -  ResidentSetSize of job (KB)
...
006 (454.146.000) 2022-04-07 14:04:43 Image size of job updated: 777460
	416  -  MemoryUsage of job (MB)
	425456  -  ResidentSetSize of job (KB)
...
006 (454.146.000) 2022-04-07 14:14:44 Image size of job updated: 777716
	416  -  MemoryUsage of job (MB)
	425456  -  ResidentSetSize of job (KB)
...
006 (454.146.000) 2022-04-07 14:29:45 Image size of job updated: 777972
	416  -  MemoryUsage of job (MB)
	425456  -  ResidentSetSize of job (KB)
...
006 (454.146.000) 2022-04-07 14:44:46 Image size of job updated: 778228
	416  -  MemoryUsage of job (MB)
	425456  -  ResidentSetSize of job (KB)
...
006 (454.146.000) 2022-04-07 14:54:48 Image size of job updated: 778484
	416  -  MemoryUsage of job (MB)
	425456  -  ResidentSetSize of job (KB)
...
006 (454.146.000) 2022-04-07 15:09:50 Image size of job updated: 778740
	416  -  MemoryUsage of job (MB)
	425456  -  ResidentSetSize of job (KB)
...
006 (454.146.000) 2022-04-07 15:24:51 Image size of job updated: 778996
	416  -  MemoryUsage of job (MB)
	425456  -  ResidentSetSize of job (KB)
...
006 (454.146.000) 2022-04-07 15:39:52 Image size of job updated: 779252
	416  -  MemoryUsage of job (MB)
	425456  -  ResidentSetSize of job (KB)
...
006 (454.146.000) 2022-04-07 15:49:53 Image size of job updated: 779508
	416  -  MemoryUsage of job (MB)
	425456  -  ResidentSetSize of job (KB)
...
006 (454.146.000) 2022-04-07 16:04:55 Image size of job updated: 779764
	416  -  MemoryUsage of job (MB)
	425456  -  ResidentSetSize of job (KB)
...
005 (454.146.000) 2022-04-07 16:06:20 Job terminated.
	(1) Normal termination (return value 0)
		Usr 0 06:00:08, Sys 0 00:01:07  -  Run Remote Usage
		Usr 0 00:00:00, Sys 0 00:00:00  -  Run Local Usage
		Usr 0 06:00:08, Sys 0 00:01:07  -  Total Remote Usage
		Usr 0 00:00:00, Sys 0 00:00:00  -  Total Local Usage
	0  -  Run Bytes Sent By Job
	0  -  Run Bytes Received By Job
	0  -  Total Bytes Sent By Job
	0  -  Total Bytes Received By Job
	Partitionable Resources :    Usage  Request Allocated 
	   Cpus                 :     1.00        1         1 
	   Disk (KB)            :  7500        7500     10998 
	   Memory (MB)          :   416        1024      1024 

	Job terminated of its own accord at 2022-04-07T14:06:20Z with exit-code 0.
...
