000 (454.350.000) 2022-04-06 16:54:00 Job submitted from host: <10.18.24.243:9618?addrs=10.18.24.243-9618&alias=ecoclusts01.bioclust.biologie.ens.fr&noUDP&sock=schedd_1052_29b8>
...
001 (454.350.000) 2022-04-07 18:51:26 Job executing on host: <10.18.24.137:9618?addrs=10.18.24.137-9618&alias=dyoclust10.bioclust.biologie.ens.fr&noUDP&sock=startd_830_e3b2>
...
006 (454.350.000) 2022-04-07 18:51:35 Image size of job updated: 225440
	221  -  MemoryUsage of job (MB)
	225440  -  ResidentSetSize of job (KB)
...
006 (454.350.000) 2022-04-07 18:56:36 Image size of job updated: 741620
	300  -  MemoryUsage of job (MB)
	306464  -  ResidentSetSize of job (KB)
...
006 (454.350.000) 2022-04-07 19:01:36 Image size of job updated: 774388
	317  -  MemoryUsage of job (MB)
	324036  -  ResidentSetSize of job (KB)
...
006 (454.350.000) 2022-04-07 19:31:40 Image size of job updated: 774644
	317  -  MemoryUsage of job (MB)
	324168  -  ResidentSetSize of job (KB)
...
006 (454.350.000) 2022-04-07 19:36:40 Image size of job updated: 774644
	317  -  MemoryUsage of job (MB)
	324432  -  ResidentSetSize of job (KB)
...
006 (454.350.000) 2022-04-07 19:41:40 Image size of job updated: 774900
	317  -  MemoryUsage of job (MB)
	324564  -  ResidentSetSize of job (KB)
...
006 (454.350.000) 2022-04-07 19:46:41 Image size of job updated: 775156
	318  -  MemoryUsage of job (MB)
	324696  -  ResidentSetSize of job (KB)
...
006 (454.350.000) 2022-04-07 19:51:42 Image size of job updated: 775156
	318  -  MemoryUsage of job (MB)
	324828  -  ResidentSetSize of job (KB)
...
006 (454.350.000) 2022-04-07 19:56:42 Image size of job updated: 775412
	318  -  MemoryUsage of job (MB)
	324960  -  ResidentSetSize of job (KB)
...
006 (454.350.000) 2022-04-07 20:01:43 Image size of job updated: 775668
	318  -  MemoryUsage of job (MB)
	325224  -  ResidentSetSize of job (KB)
...
006 (454.350.000) 2022-04-07 20:06:44 Image size of job updated: 775924
	318  -  MemoryUsage of job (MB)
	325488  -  ResidentSetSize of job (KB)
...
006 (454.350.000) 2022-04-07 20:11:44 Image size of job updated: 775924
	318  -  MemoryUsage of job (MB)
	325620  -  ResidentSetSize of job (KB)
...
006 (454.350.000) 2022-04-07 20:16:44 Image size of job updated: 776180
	319  -  MemoryUsage of job (MB)
	325884  -  ResidentSetSize of job (KB)
...
006 (454.350.000) 2022-04-07 20:21:45 Image size of job updated: 776436
	319  -  MemoryUsage of job (MB)
	326016  -  ResidentSetSize of job (KB)
...
006 (454.350.000) 2022-04-07 20:26:46 Image size of job updated: 776692
	319  -  MemoryUsage of job (MB)
	326280  -  ResidentSetSize of job (KB)
...
006 (454.350.000) 2022-04-07 20:31:46 Image size of job updated: 776948
	319  -  MemoryUsage of job (MB)
	326412  -  ResidentSetSize of job (KB)
...
006 (454.350.000) 2022-04-07 20:36:47 Image size of job updated: 776948
	319  -  MemoryUsage of job (MB)
	326544  -  ResidentSetSize of job (KB)
...
006 (454.350.000) 2022-04-07 20:46:48 Image size of job updated: 777204
	320  -  MemoryUsage of job (MB)
	326808  -  ResidentSetSize of job (KB)
...
006 (454.350.000) 2022-04-07 20:51:48 Image size of job updated: 777460
	320  -  MemoryUsage of job (MB)
	326940  -  ResidentSetSize of job (KB)
...
006 (454.350.000) 2022-04-07 20:56:49 Image size of job updated: 777460
	320  -  MemoryUsage of job (MB)
	327072  -  ResidentSetSize of job (KB)
...
006 (454.350.000) 2022-04-07 21:01:50 Image size of job updated: 777716
	320  -  MemoryUsage of job (MB)
	327336  -  ResidentSetSize of job (KB)
...
006 (454.350.000) 2022-04-07 21:06:50 Image size of job updated: 777972
	320  -  MemoryUsage of job (MB)
	327468  -  ResidentSetSize of job (KB)
...
006 (454.350.000) 2022-04-07 21:11:51 Image size of job updated: 777972
	321  -  MemoryUsage of job (MB)
	327732  -  ResidentSetSize of job (KB)
...
006 (454.350.000) 2022-04-07 21:16:52 Image size of job updated: 778228
	321  -  MemoryUsage of job (MB)
	327864  -  ResidentSetSize of job (KB)
...
006 (454.350.000) 2022-04-07 21:21:52 Image size of job updated: 778484
	321  -  MemoryUsage of job (MB)
	328128  -  ResidentSetSize of job (KB)
...
006 (454.350.000) 2022-04-07 21:26:52 Image size of job updated: 778740
	321  -  MemoryUsage of job (MB)
	328260  -  ResidentSetSize of job (KB)
...
006 (454.350.000) 2022-04-07 21:31:53 Image size of job updated: 778740
	321  -  MemoryUsage of job (MB)
	328392  -  ResidentSetSize of job (KB)
...
006 (454.350.000) 2022-04-07 21:36:53 Image size of job updated: 778996
	321  -  MemoryUsage of job (MB)
	328656  -  ResidentSetSize of job (KB)
...
006 (454.350.000) 2022-04-07 21:41:53 Image size of job updated: 779252
	322  -  MemoryUsage of job (MB)
	328788  -  ResidentSetSize of job (KB)
...
006 (454.350.000) 2022-04-07 21:46:54 Image size of job updated: 779508
	322  -  MemoryUsage of job (MB)
	329052  -  ResidentSetSize of job (KB)
...
006 (454.350.000) 2022-04-07 21:51:55 Image size of job updated: 779764
	322  -  MemoryUsage of job (MB)
	329184  -  ResidentSetSize of job (KB)
...
005 (454.350.000) 2022-04-07 21:52:38 Job terminated.
	(1) Normal termination (return value 0)
		Usr 0 02:59:28, Sys 0 00:00:25  -  Run Remote Usage
		Usr 0 00:00:00, Sys 0 00:00:00  -  Run Local Usage
		Usr 0 02:59:28, Sys 0 00:00:25  -  Total Remote Usage
		Usr 0 00:00:00, Sys 0 00:00:00  -  Total Local Usage
	0  -  Run Bytes Sent By Job
	0  -  Run Bytes Received By Job
	0  -  Total Bytes Sent By Job
	0  -  Total Bytes Received By Job
	Partitionable Resources :    Usage  Request Allocated 
	   Cpus                 :     1.00        1         1 
	   Disk (KB)            :  7500        7500     10999 
	   Memory (MB)          :   322        1024      1024 

	Job terminated of its own accord at 2022-04-07T19:52:38Z with exit-code 0.
...
