000 (454.892.000) 2022-04-06 16:54:03 Job submitted from host: <10.18.24.243:9618?addrs=10.18.24.243-9618&alias=ecoclusts01.bioclust.biologie.ens.fr&noUDP&sock=schedd_1052_29b8>
...
001 (454.892.000) 2022-04-08 10:21:58 Job executing on host: <10.18.24.138:9618?addrs=10.18.24.138-9618&alias=dyoclust11.bioclust.biologie.ens.fr&noUDP&sock=startd_801_ff73>
...
006 (454.892.000) 2022-04-08 10:22:07 Image size of job updated: 211276
	191  -  MemoryUsage of job (MB)
	195360  -  ResidentSetSize of job (KB)
...
006 (454.892.000) 2022-04-08 10:27:08 Image size of job updated: 741620
	317  -  MemoryUsage of job (MB)
	324152  -  ResidentSetSize of job (KB)
...
006 (454.892.000) 2022-04-08 10:32:08 Image size of job updated: 774388
	317  -  MemoryUsage of job (MB)
	324152  -  ResidentSetSize of job (KB)
...
006 (454.892.000) 2022-04-08 11:07:11 Image size of job updated: 774644
	317  -  MemoryUsage of job (MB)
	324152  -  ResidentSetSize of job (KB)
...
006 (454.892.000) 2022-04-08 11:12:11 Image size of job updated: 774644
	317  -  MemoryUsage of job (MB)
	324284  -  ResidentSetSize of job (KB)
...
006 (454.892.000) 2022-04-08 11:17:12 Image size of job updated: 774900
	317  -  MemoryUsage of job (MB)
	324416  -  ResidentSetSize of job (KB)
...
006 (454.892.000) 2022-04-08 11:22:13 Image size of job updated: 774900
	317  -  MemoryUsage of job (MB)
	324548  -  ResidentSetSize of job (KB)
...
006 (454.892.000) 2022-04-08 11:27:13 Image size of job updated: 775156
	318  -  MemoryUsage of job (MB)
	324812  -  ResidentSetSize of job (KB)
...
006 (454.892.000) 2022-04-08 11:32:14 Image size of job updated: 775412
	318  -  MemoryUsage of job (MB)
	324944  -  ResidentSetSize of job (KB)
...
006 (454.892.000) 2022-04-08 11:37:15 Image size of job updated: 775668
	318  -  MemoryUsage of job (MB)
	325208  -  ResidentSetSize of job (KB)
...
006 (454.892.000) 2022-04-08 11:42:15 Image size of job updated: 775924
	318  -  MemoryUsage of job (MB)
	325340  -  ResidentSetSize of job (KB)
...
006 (454.892.000) 2022-04-08 11:47:15 Image size of job updated: 775924
	318  -  MemoryUsage of job (MB)
	325604  -  ResidentSetSize of job (KB)
...
006 (454.892.000) 2022-04-08 11:52:16 Image size of job updated: 776180
	319  -  MemoryUsage of job (MB)
	325868  -  ResidentSetSize of job (KB)
...
006 (454.892.000) 2022-04-08 11:57:17 Image size of job updated: 776436
	319  -  MemoryUsage of job (MB)
	326000  -  ResidentSetSize of job (KB)
...
006 (454.892.000) 2022-04-08 12:02:17 Image size of job updated: 776692
	319  -  MemoryUsage of job (MB)
	326264  -  ResidentSetSize of job (KB)
...
006 (454.892.000) 2022-04-08 12:07:18 Image size of job updated: 776948
	319  -  MemoryUsage of job (MB)
	326528  -  ResidentSetSize of job (KB)
...
006 (454.892.000) 2022-04-08 12:17:19 Image size of job updated: 776948
	319  -  MemoryUsage of job (MB)
	326612  -  ResidentSetSize of job (KB)
...
006 (454.892.000) 2022-04-08 12:22:19 Image size of job updated: 777204
	320  -  MemoryUsage of job (MB)
	326876  -  ResidentSetSize of job (KB)
...
006 (454.892.000) 2022-04-08 12:27:20 Image size of job updated: 777460
	320  -  MemoryUsage of job (MB)
	327008  -  ResidentSetSize of job (KB)
...
006 (454.892.000) 2022-04-08 12:32:21 Image size of job updated: 777716
	320  -  MemoryUsage of job (MB)
	327272  -  ResidentSetSize of job (KB)
...
006 (454.892.000) 2022-04-08 12:37:21 Image size of job updated: 777716
	320  -  MemoryUsage of job (MB)
	327404  -  ResidentSetSize of job (KB)
...
006 (454.892.000) 2022-04-08 12:42:22 Image size of job updated: 777972
	320  -  MemoryUsage of job (MB)
	327668  -  ResidentSetSize of job (KB)
...
006 (454.892.000) 2022-04-08 12:47:23 Image size of job updated: 778228
	321  -  MemoryUsage of job (MB)
	327800  -  ResidentSetSize of job (KB)
...
006 (454.892.000) 2022-04-08 12:52:23 Image size of job updated: 778484
	321  -  MemoryUsage of job (MB)
	327932  -  ResidentSetSize of job (KB)
...
006 (454.892.000) 2022-04-08 12:57:23 Image size of job updated: 778484
	321  -  MemoryUsage of job (MB)
	328196  -  ResidentSetSize of job (KB)
...
006 (454.892.000) 2022-04-08 13:02:24 Image size of job updated: 778740
	321  -  MemoryUsage of job (MB)
	328328  -  ResidentSetSize of job (KB)
...
006 (454.892.000) 2022-04-08 13:07:25 Image size of job updated: 778996
	321  -  MemoryUsage of job (MB)
	328592  -  ResidentSetSize of job (KB)
...
006 (454.892.000) 2022-04-08 13:12:25 Image size of job updated: 779252
	322  -  MemoryUsage of job (MB)
	328724  -  ResidentSetSize of job (KB)
...
006 (454.892.000) 2022-04-08 13:17:26 Image size of job updated: 779252
	322  -  MemoryUsage of job (MB)
	328988  -  ResidentSetSize of job (KB)
...
006 (454.892.000) 2022-04-08 13:22:27 Image size of job updated: 779508
	322  -  MemoryUsage of job (MB)
	329120  -  ResidentSetSize of job (KB)
...
006 (454.892.000) 2022-04-08 13:25:44 Image size of job updated: 779764
	322  -  MemoryUsage of job (MB)
	329120  -  ResidentSetSize of job (KB)
...
005 (454.892.000) 2022-04-08 13:25:44 Job terminated.
	(1) Normal termination (return value 0)
		Usr 0 03:02:21, Sys 0 00:00:29  -  Run Remote Usage
		Usr 0 00:00:00, Sys 0 00:00:00  -  Run Local Usage
		Usr 0 03:02:21, Sys 0 00:00:29  -  Total Remote Usage
		Usr 0 00:00:00, Sys 0 00:00:00  -  Total Local Usage
	0  -  Run Bytes Sent By Job
	0  -  Run Bytes Received By Job
	0  -  Total Bytes Sent By Job
	0  -  Total Bytes Received By Job
	Partitionable Resources :    Usage  Request Allocated 
	   Cpus                 :     1.00        1         1 
	   Disk (KB)            :  7500        7500     10998 
	   Memory (MB)          :   322        1024      1024 

	Job terminated of its own accord at 2022-04-08T11:25:44Z with exit-code 0.
...
