000 (454.894.000) 2022-04-06 16:54:03 Job submitted from host: <10.18.24.243:9618?addrs=10.18.24.243-9618&alias=ecoclusts01.bioclust.biologie.ens.fr&noUDP&sock=schedd_1052_29b8>
...
001 (454.894.000) 2022-04-08 10:23:18 Job executing on host: <10.18.24.107:9618?addrs=10.18.24.107-9618&alias=ecoclust12.bioclust.biologie.ens.fr&noUDP&sock=startd_1065_1473>
...
006 (454.894.000) 2022-04-08 10:23:27 Image size of job updated: 76484
	38  -  MemoryUsage of job (MB)
	37968  -  ResidentSetSize of job (KB)
...
006 (454.894.000) 2022-04-08 10:28:27 Image size of job updated: 741620
	309  -  MemoryUsage of job (MB)
	315576  -  ResidentSetSize of job (KB)
...
006 (454.894.000) 2022-04-08 10:33:27 Image size of job updated: 741620
	311  -  MemoryUsage of job (MB)
	317624  -  ResidentSetSize of job (KB)
...
006 (454.894.000) 2022-04-08 10:38:28 Image size of job updated: 741620
	317  -  MemoryUsage of job (MB)
	324164  -  ResidentSetSize of job (KB)
...
006 (454.894.000) 2022-04-08 10:48:28 Image size of job updated: 774388
	317  -  MemoryUsage of job (MB)
	324164  -  ResidentSetSize of job (KB)
...
006 (454.894.000) 2022-04-08 12:33:38 Image size of job updated: 774644
	317  -  MemoryUsage of job (MB)
	324164  -  ResidentSetSize of job (KB)
...
006 (454.894.000) 2022-04-08 12:38:39 Image size of job updated: 774644
	317  -  MemoryUsage of job (MB)
	324252  -  ResidentSetSize of job (KB)
...
006 (454.894.000) 2022-04-08 12:48:39 Image size of job updated: 774644
	317  -  MemoryUsage of job (MB)
	324384  -  ResidentSetSize of job (KB)
...
006 (454.894.000) 2022-04-08 12:53:41 Image size of job updated: 774900
	317  -  MemoryUsage of job (MB)
	324384  -  ResidentSetSize of job (KB)
...
006 (454.894.000) 2022-04-08 12:58:41 Image size of job updated: 774900
	317  -  MemoryUsage of job (MB)
	324516  -  ResidentSetSize of job (KB)
...
006 (454.894.000) 2022-04-08 13:03:41 Image size of job updated: 774900
	318  -  MemoryUsage of job (MB)
	324648  -  ResidentSetSize of job (KB)
...
006 (454.894.000) 2022-04-08 13:08:42 Image size of job updated: 775156
	318  -  MemoryUsage of job (MB)
	324648  -  ResidentSetSize of job (KB)
...
006 (454.894.000) 2022-04-08 13:18:43 Image size of job updated: 775156
	318  -  MemoryUsage of job (MB)
	324780  -  ResidentSetSize of job (KB)
...
006 (454.894.000) 2022-04-08 13:28:45 Image size of job updated: 775412
	318  -  MemoryUsage of job (MB)
	324912  -  ResidentSetSize of job (KB)
...
006 (454.894.000) 2022-04-08 13:38:45 Image size of job updated: 775412
	318  -  MemoryUsage of job (MB)
	325044  -  ResidentSetSize of job (KB)
...
006 (454.894.000) 2022-04-08 13:43:46 Image size of job updated: 775412
	318  -  MemoryUsage of job (MB)
	325176  -  ResidentSetSize of job (KB)
...
006 (454.894.000) 2022-04-08 13:48:47 Image size of job updated: 775668
	318  -  MemoryUsage of job (MB)
	325176  -  ResidentSetSize of job (KB)
...
006 (454.894.000) 2022-04-08 13:53:47 Image size of job updated: 775668
	318  -  MemoryUsage of job (MB)
	325308  -  ResidentSetSize of job (KB)
...
006 (454.894.000) 2022-04-08 14:03:49 Image size of job updated: 775924
	318  -  MemoryUsage of job (MB)
	325440  -  ResidentSetSize of job (KB)
...
006 (454.894.000) 2022-04-08 14:13:49 Image size of job updated: 775924
	318  -  MemoryUsage of job (MB)
	325572  -  ResidentSetSize of job (KB)
...
006 (454.894.000) 2022-04-08 14:18:50 Image size of job updated: 775924
	319  -  MemoryUsage of job (MB)
	325704  -  ResidentSetSize of job (KB)
...
006 (454.894.000) 2022-04-08 14:23:50 Image size of job updated: 776180
	319  -  MemoryUsage of job (MB)
	325704  -  ResidentSetSize of job (KB)
...
006 (454.894.000) 2022-04-08 14:28:50 Image size of job updated: 776180
	319  -  MemoryUsage of job (MB)
	325836  -  ResidentSetSize of job (KB)
...
006 (454.894.000) 2022-04-08 14:38:52 Image size of job updated: 776436
	319  -  MemoryUsage of job (MB)
	325968  -  ResidentSetSize of job (KB)
...
006 (454.894.000) 2022-04-08 14:48:53 Image size of job updated: 776436
	319  -  MemoryUsage of job (MB)
	326100  -  ResidentSetSize of job (KB)
...
006 (454.894.000) 2022-04-08 14:53:54 Image size of job updated: 776692
	319  -  MemoryUsage of job (MB)
	326232  -  ResidentSetSize of job (KB)
...
006 (454.894.000) 2022-04-08 15:03:54 Image size of job updated: 776692
	319  -  MemoryUsage of job (MB)
	326364  -  ResidentSetSize of job (KB)
...
006 (454.894.000) 2022-04-08 15:08:55 Image size of job updated: 776948
	319  -  MemoryUsage of job (MB)
	326496  -  ResidentSetSize of job (KB)
...
006 (454.894.000) 2022-04-08 15:18:55 Image size of job updated: 776948
	319  -  MemoryUsage of job (MB)
	326628  -  ResidentSetSize of job (KB)
...
006 (454.894.000) 2022-04-08 15:43:58 Image size of job updated: 777204
	320  -  MemoryUsage of job (MB)
	326748  -  ResidentSetSize of job (KB)
...
006 (454.894.000) 2022-04-08 15:48:59 Image size of job updated: 777204
	320  -  MemoryUsage of job (MB)
	326880  -  ResidentSetSize of job (KB)
...
006 (454.894.000) 2022-04-08 15:53:59 Image size of job updated: 777460
	320  -  MemoryUsage of job (MB)
	327012  -  ResidentSetSize of job (KB)
...
006 (454.894.000) 2022-04-08 15:59:00 Image size of job updated: 777460
	320  -  MemoryUsage of job (MB)
	327144  -  ResidentSetSize of job (KB)
...
006 (454.894.000) 2022-04-08 16:09:01 Image size of job updated: 777716
	320  -  MemoryUsage of job (MB)
	327276  -  ResidentSetSize of job (KB)
...
006 (454.894.000) 2022-04-08 16:14:01 Image size of job updated: 777716
	320  -  MemoryUsage of job (MB)
	327408  -  ResidentSetSize of job (KB)
...
006 (454.894.000) 2022-04-08 16:19:02 Image size of job updated: 777972
	320  -  MemoryUsage of job (MB)
	327540  -  ResidentSetSize of job (KB)
...
006 (454.894.000) 2022-04-08 16:29:03 Image size of job updated: 777972
	320  -  MemoryUsage of job (MB)
	327672  -  ResidentSetSize of job (KB)
...
006 (454.894.000) 2022-04-08 16:34:03 Image size of job updated: 778228
	321  -  MemoryUsage of job (MB)
	327804  -  ResidentSetSize of job (KB)
...
006 (454.894.000) 2022-04-08 16:39:04 Image size of job updated: 778228
	321  -  MemoryUsage of job (MB)
	327936  -  ResidentSetSize of job (KB)
...
006 (454.894.000) 2022-04-08 16:44:04 Image size of job updated: 778484
	321  -  MemoryUsage of job (MB)
	327936  -  ResidentSetSize of job (KB)
...
006 (454.894.000) 2022-04-08 16:49:04 Image size of job updated: 778484
	321  -  MemoryUsage of job (MB)
	328068  -  ResidentSetSize of job (KB)
...
006 (454.894.000) 2022-04-08 16:54:05 Image size of job updated: 778484
	321  -  MemoryUsage of job (MB)
	328200  -  ResidentSetSize of job (KB)
...
006 (454.894.000) 2022-04-08 16:59:06 Image size of job updated: 778740
	321  -  MemoryUsage of job (MB)
	328332  -  ResidentSetSize of job (KB)
...
006 (454.894.000) 2022-04-08 17:09:06 Image size of job updated: 778996
	321  -  MemoryUsage of job (MB)
	328464  -  ResidentSetSize of job (KB)
...
006 (454.894.000) 2022-04-08 17:14:07 Image size of job updated: 778996
	321  -  MemoryUsage of job (MB)
	328596  -  ResidentSetSize of job (KB)
...
006 (454.894.000) 2022-04-08 17:19:07 Image size of job updated: 778996
	322  -  MemoryUsage of job (MB)
	328728  -  ResidentSetSize of job (KB)
...
006 (454.894.000) 2022-04-08 17:24:07 Image size of job updated: 779252
	322  -  MemoryUsage of job (MB)
	328860  -  ResidentSetSize of job (KB)
...
006 (454.894.000) 2022-04-08 17:34:09 Image size of job updated: 779508
	322  -  MemoryUsage of job (MB)
	328992  -  ResidentSetSize of job (KB)
...
006 (454.894.000) 2022-04-08 17:39:09 Image size of job updated: 779508
	322  -  MemoryUsage of job (MB)
	329124  -  ResidentSetSize of job (KB)
...
006 (454.894.000) 2022-04-08 17:44:09 Image size of job updated: 779508
	322  -  MemoryUsage of job (MB)
	329256  -  ResidentSetSize of job (KB)
...
006 (454.894.000) 2022-04-08 17:49:10 Image size of job updated: 779764
	322  -  MemoryUsage of job (MB)
	329256  -  ResidentSetSize of job (KB)
...
005 (454.894.000) 2022-04-08 17:49:40 Job terminated.
	(1) Normal termination (return value 0)
		Usr 0 07:23:35, Sys 0 00:01:03  -  Run Remote Usage
		Usr 0 00:00:00, Sys 0 00:00:00  -  Run Local Usage
		Usr 0 07:23:35, Sys 0 00:01:03  -  Total Remote Usage
		Usr 0 00:00:00, Sys 0 00:00:00  -  Total Local Usage
	0  -  Run Bytes Sent By Job
	0  -  Run Bytes Received By Job
	0  -  Total Bytes Sent By Job
	0  -  Total Bytes Received By Job
	Partitionable Resources :    Usage  Request Allocated 
	   Cpus                 :     0.99        1         1 
	   Disk (KB)            :  7500        7500     10998 
	   Memory (MB)          :   322        1024      1024 

	Job terminated of its own accord at 2022-04-08T15:49:40Z with exit-code 0.
...
