000 (454.031.000) 2022-04-06 16:53:59 Job submitted from host: <10.18.24.243:9618?addrs=10.18.24.243-9618&alias=ecoclusts01.bioclust.biologie.ens.fr&noUDP&sock=schedd_1052_29b8>
...
001 (454.031.000) 2022-04-07 03:00:29 Job executing on host: <10.18.24.136:9618?addrs=10.18.24.136-9618&alias=dyoclust09.bioclust.biologie.ens.fr&noUDP&sock=startd_808_cc9c>
...
006 (454.031.000) 2022-04-07 03:00:37 Image size of job updated: 232208
	125  -  MemoryUsage of job (MB)
	127692  -  ResidentSetSize of job (KB)
...
006 (454.031.000) 2022-04-07 03:05:37 Image size of job updated: 741876
	317  -  MemoryUsage of job (MB)
	324344  -  ResidentSetSize of job (KB)
...
006 (454.031.000) 2022-04-07 03:10:38 Image size of job updated: 774644
	317  -  MemoryUsage of job (MB)
	324344  -  ResidentSetSize of job (KB)
...
006 (454.031.000) 2022-04-07 04:00:43 Image size of job updated: 774900
	317  -  MemoryUsage of job (MB)
	324476  -  ResidentSetSize of job (KB)
...
006 (454.031.000) 2022-04-07 04:05:44 Image size of job updated: 775156
	318  -  MemoryUsage of job (MB)
	324740  -  ResidentSetSize of job (KB)
...
006 (454.031.000) 2022-04-07 04:10:44 Image size of job updated: 775412
	318  -  MemoryUsage of job (MB)
	324872  -  ResidentSetSize of job (KB)
...
006 (454.031.000) 2022-04-07 04:15:45 Image size of job updated: 775668
	318  -  MemoryUsage of job (MB)
	325136  -  ResidentSetSize of job (KB)
...
006 (454.031.000) 2022-04-07 04:20:46 Image size of job updated: 775668
	318  -  MemoryUsage of job (MB)
	325400  -  ResidentSetSize of job (KB)
...
006 (454.031.000) 2022-04-07 04:25:46 Image size of job updated: 775924
	319  -  MemoryUsage of job (MB)
	325664  -  ResidentSetSize of job (KB)
...
006 (454.031.000) 2022-04-07 04:30:46 Image size of job updated: 776180
	319  -  MemoryUsage of job (MB)
	325796  -  ResidentSetSize of job (KB)
...
006 (454.031.000) 2022-04-07 04:35:47 Image size of job updated: 776436
	319  -  MemoryUsage of job (MB)
	326060  -  ResidentSetSize of job (KB)
...
006 (454.031.000) 2022-04-07 04:40:48 Image size of job updated: 776692
	319  -  MemoryUsage of job (MB)
	326324  -  ResidentSetSize of job (KB)
...
006 (454.031.000) 2022-04-07 04:45:48 Image size of job updated: 776948
	319  -  MemoryUsage of job (MB)
	326588  -  ResidentSetSize of job (KB)
...
006 (454.031.000) 2022-04-07 05:00:50 Image size of job updated: 777204
	320  -  MemoryUsage of job (MB)
	326848  -  ResidentSetSize of job (KB)
...
006 (454.031.000) 2022-04-07 05:05:50 Image size of job updated: 777460
	320  -  MemoryUsage of job (MB)
	326980  -  ResidentSetSize of job (KB)
...
006 (454.031.000) 2022-04-07 05:10:52 Image size of job updated: 777716
	320  -  MemoryUsage of job (MB)
	327244  -  ResidentSetSize of job (KB)
...
006 (454.031.000) 2022-04-07 05:15:52 Image size of job updated: 777716
	320  -  MemoryUsage of job (MB)
	327376  -  ResidentSetSize of job (KB)
...
006 (454.031.000) 2022-04-07 05:20:52 Image size of job updated: 777972
	320  -  MemoryUsage of job (MB)
	327640  -  ResidentSetSize of job (KB)
...
006 (454.031.000) 2022-04-07 05:25:53 Image size of job updated: 778228
	321  -  MemoryUsage of job (MB)
	327772  -  ResidentSetSize of job (KB)
...
006 (454.031.000) 2022-04-07 05:30:54 Image size of job updated: 778484
	321  -  MemoryUsage of job (MB)
	328036  -  ResidentSetSize of job (KB)
...
006 (454.031.000) 2022-04-07 05:35:54 Image size of job updated: 778484
	321  -  MemoryUsage of job (MB)
	328168  -  ResidentSetSize of job (KB)
...
006 (454.031.000) 2022-04-07 05:40:54 Image size of job updated: 778740
	321  -  MemoryUsage of job (MB)
	328432  -  ResidentSetSize of job (KB)
...
006 (454.031.000) 2022-04-07 05:45:56 Image size of job updated: 778996
	321  -  MemoryUsage of job (MB)
	328564  -  ResidentSetSize of job (KB)
...
006 (454.031.000) 2022-04-07 05:50:56 Image size of job updated: 779252
	322  -  MemoryUsage of job (MB)
	328828  -  ResidentSetSize of job (KB)
...
006 (454.031.000) 2022-04-07 05:55:56 Image size of job updated: 779508
	322  -  MemoryUsage of job (MB)
	328960  -  ResidentSetSize of job (KB)
...
006 (454.031.000) 2022-04-07 06:00:57 Image size of job updated: 779508
	322  -  MemoryUsage of job (MB)
	329224  -  ResidentSetSize of job (KB)
...
006 (454.031.000) 2022-04-07 06:02:17 Image size of job updated: 779764
	322  -  MemoryUsage of job (MB)
	329224  -  ResidentSetSize of job (KB)
...
005 (454.031.000) 2022-04-07 06:02:17 Job terminated.
	(1) Normal termination (return value 0)
		Usr 0 03:00:47, Sys 0 00:00:24  -  Run Remote Usage
		Usr 0 00:00:00, Sys 0 00:00:00  -  Run Local Usage
		Usr 0 03:00:47, Sys 0 00:00:24  -  Total Remote Usage
		Usr 0 00:00:00, Sys 0 00:00:00  -  Total Local Usage
	0  -  Run Bytes Sent By Job
	0  -  Run Bytes Received By Job
	0  -  Total Bytes Sent By Job
	0  -  Total Bytes Received By Job
	Partitionable Resources :    Usage  Request Allocated 
	   Cpus                 :     1.00        1         1 
	   Disk (KB)            :  7500        7500     10998 
	   Memory (MB)          :   322        1024      1024 

	Job terminated of its own accord at 2022-04-07T04:02:17Z with exit-code 0.
...
