000 (454.698.000) 2022-04-06 16:54:02 Job submitted from host: <10.18.24.243:9618?addrs=10.18.24.243-9618&alias=ecoclusts01.bioclust.biologie.ens.fr&noUDP&sock=schedd_1052_29b8>
...
001 (454.698.000) 2022-04-08 05:06:07 Job executing on host: <10.18.24.177:9618?addrs=10.18.24.177-9618&alias=mcbsclust06.bioclust.biologie.ens.fr&noUDP&sock=startd_945_c516>
...
006 (454.698.000) 2022-04-08 05:06:16 Image size of job updated: 736832
	318  -  MemoryUsage of job (MB)
	325404  -  ResidentSetSize of job (KB)
...
006 (454.698.000) 2022-04-08 05:11:16 Image size of job updated: 741624
	318  -  MemoryUsage of job (MB)
	325404  -  ResidentSetSize of job (KB)
...
006 (454.698.000) 2022-04-08 05:16:16 Image size of job updated: 774392
	318  -  MemoryUsage of job (MB)
	325404  -  ResidentSetSize of job (KB)
...
006 (454.698.000) 2022-04-08 06:16:23 Image size of job updated: 774648
	318  -  MemoryUsage of job (MB)
	325404  -  ResidentSetSize of job (KB)
...
006 (454.698.000) 2022-04-08 06:31:24 Image size of job updated: 774904
	318  -  MemoryUsage of job (MB)
	325404  -  ResidentSetSize of job (KB)
...
006 (454.698.000) 2022-04-08 06:41:25 Image size of job updated: 775160
	318  -  MemoryUsage of job (MB)
	325404  -  ResidentSetSize of job (KB)
...
006 (454.698.000) 2022-04-08 06:56:27 Image size of job updated: 775416
	318  -  MemoryUsage of job (MB)
	325404  -  ResidentSetSize of job (KB)
...
006 (454.698.000) 2022-04-08 07:06:28 Image size of job updated: 775672
	318  -  MemoryUsage of job (MB)
	325404  -  ResidentSetSize of job (KB)
...
006 (454.698.000) 2022-04-08 07:16:29 Image size of job updated: 775928
	318  -  MemoryUsage of job (MB)
	325480  -  ResidentSetSize of job (KB)
...
006 (454.698.000) 2022-04-08 07:21:30 Image size of job updated: 775928
	318  -  MemoryUsage of job (MB)
	325612  -  ResidentSetSize of job (KB)
...
006 (454.698.000) 2022-04-08 07:26:31 Image size of job updated: 776184
	319  -  MemoryUsage of job (MB)
	325744  -  ResidentSetSize of job (KB)
...
006 (454.698.000) 2022-04-08 07:31:31 Image size of job updated: 776184
	319  -  MemoryUsage of job (MB)
	325876  -  ResidentSetSize of job (KB)
...
006 (454.698.000) 2022-04-08 07:36:31 Image size of job updated: 776440
	319  -  MemoryUsage of job (MB)
	326008  -  ResidentSetSize of job (KB)
...
006 (454.698.000) 2022-04-08 07:41:32 Image size of job updated: 776440
	319  -  MemoryUsage of job (MB)
	326140  -  ResidentSetSize of job (KB)
...
006 (454.698.000) 2022-04-08 07:46:32 Image size of job updated: 776696
	319  -  MemoryUsage of job (MB)
	326272  -  ResidentSetSize of job (KB)
...
006 (454.698.000) 2022-04-08 07:51:32 Image size of job updated: 776696
	319  -  MemoryUsage of job (MB)
	326404  -  ResidentSetSize of job (KB)
...
006 (454.698.000) 2022-04-08 07:56:33 Image size of job updated: 776952
	319  -  MemoryUsage of job (MB)
	326536  -  ResidentSetSize of job (KB)
...
006 (454.698.000) 2022-04-08 08:16:35 Image size of job updated: 776952
	320  -  MemoryUsage of job (MB)
	326668  -  ResidentSetSize of job (KB)
...
006 (454.698.000) 2022-04-08 08:21:36 Image size of job updated: 777208
	320  -  MemoryUsage of job (MB)
	326800  -  ResidentSetSize of job (KB)
...
006 (454.698.000) 2022-04-08 08:26:36 Image size of job updated: 777208
	320  -  MemoryUsage of job (MB)
	326932  -  ResidentSetSize of job (KB)
...
006 (454.698.000) 2022-04-08 08:31:37 Image size of job updated: 777464
	320  -  MemoryUsage of job (MB)
	326932  -  ResidentSetSize of job (KB)
...
006 (454.698.000) 2022-04-08 08:36:38 Image size of job updated: 777464
	320  -  MemoryUsage of job (MB)
	327064  -  ResidentSetSize of job (KB)
...
006 (454.698.000) 2022-04-08 08:41:38 Image size of job updated: 777720
	320  -  MemoryUsage of job (MB)
	327196  -  ResidentSetSize of job (KB)
...
006 (454.698.000) 2022-04-08 08:46:38 Image size of job updated: 777720
	320  -  MemoryUsage of job (MB)
	327328  -  ResidentSetSize of job (KB)
...
006 (454.698.000) 2022-04-08 08:51:39 Image size of job updated: 777720
	320  -  MemoryUsage of job (MB)
	327460  -  ResidentSetSize of job (KB)
...
006 (454.698.000) 2022-04-08 08:56:40 Image size of job updated: 777976
	320  -  MemoryUsage of job (MB)
	327592  -  ResidentSetSize of job (KB)
...
006 (454.698.000) 2022-04-08 09:06:41 Image size of job updated: 778232
	321  -  MemoryUsage of job (MB)
	327724  -  ResidentSetSize of job (KB)
...
006 (454.698.000) 2022-04-08 09:11:42 Image size of job updated: 778232
	321  -  MemoryUsage of job (MB)
	327856  -  ResidentSetSize of job (KB)
...
006 (454.698.000) 2022-04-08 09:16:42 Image size of job updated: 778488
	321  -  MemoryUsage of job (MB)
	327988  -  ResidentSetSize of job (KB)
...
006 (454.698.000) 2022-04-08 09:21:42 Image size of job updated: 778488
	321  -  MemoryUsage of job (MB)
	328120  -  ResidentSetSize of job (KB)
...
006 (454.698.000) 2022-04-08 09:26:43 Image size of job updated: 778488
	321  -  MemoryUsage of job (MB)
	328252  -  ResidentSetSize of job (KB)
...
006 (454.698.000) 2022-04-08 09:31:44 Image size of job updated: 778744
	321  -  MemoryUsage of job (MB)
	328252  -  ResidentSetSize of job (KB)
...
006 (454.698.000) 2022-04-08 09:36:44 Image size of job updated: 778744
	321  -  MemoryUsage of job (MB)
	328384  -  ResidentSetSize of job (KB)
...
006 (454.698.000) 2022-04-08 09:41:45 Image size of job updated: 779000
	321  -  MemoryUsage of job (MB)
	328516  -  ResidentSetSize of job (KB)
...
006 (454.698.000) 2022-04-08 09:46:46 Image size of job updated: 779000
	321  -  MemoryUsage of job (MB)
	328648  -  ResidentSetSize of job (KB)
...
006 (454.698.000) 2022-04-08 09:51:46 Image size of job updated: 779256
	322  -  MemoryUsage of job (MB)
	328780  -  ResidentSetSize of job (KB)
...
006 (454.698.000) 2022-04-08 09:56:46 Image size of job updated: 779256
	322  -  MemoryUsage of job (MB)
	328912  -  ResidentSetSize of job (KB)
...
006 (454.698.000) 2022-04-08 10:06:48 Image size of job updated: 779512
	322  -  MemoryUsage of job (MB)
	329044  -  ResidentSetSize of job (KB)
...
006 (454.698.000) 2022-04-08 10:11:48 Image size of job updated: 779512
	322  -  MemoryUsage of job (MB)
	329176  -  ResidentSetSize of job (KB)
...
006 (454.698.000) 2022-04-08 10:15:37 Image size of job updated: 779768
	322  -  MemoryUsage of job (MB)
	329176  -  ResidentSetSize of job (KB)
...
005 (454.698.000) 2022-04-08 10:15:37 Job terminated.
	(1) Normal termination (return value 0)
		Usr 0 05:08:33, Sys 0 00:00:14  -  Run Remote Usage
		Usr 0 00:00:00, Sys 0 00:00:00  -  Run Local Usage
		Usr 0 05:08:33, Sys 0 00:00:14  -  Total Remote Usage
		Usr 0 00:00:00, Sys 0 00:00:00  -  Total Local Usage
	0  -  Run Bytes Sent By Job
	0  -  Run Bytes Received By Job
	0  -  Total Bytes Sent By Job
	0  -  Total Bytes Received By Job
	Partitionable Resources :    Usage  Request Allocated 
	   Cpus                 :     1.00        1         1 
	   Disk (KB)            :  7500        7500     10998 
	   Memory (MB)          :   322        1024      1024 

	Job terminated of its own accord at 2022-04-08T08:15:37Z with exit-code 0.
...
