000 (454.875.000) 2022-04-06 16:54:02 Job submitted from host: <10.18.24.243:9618?addrs=10.18.24.243-9618&alias=ecoclusts01.bioclust.biologie.ens.fr&noUDP&sock=schedd_1052_29b8>
...
001 (454.875.000) 2022-04-08 09:56:35 Job executing on host: <10.18.24.134:9618?addrs=10.18.24.134-9618&alias=dyoclust07.bioclust.biologie.ens.fr&noUDP&sock=startd_808_cc9c>
...
006 (454.875.000) 2022-04-08 09:56:44 Image size of job updated: 341456
	232  -  MemoryUsage of job (MB)
	236984  -  ResidentSetSize of job (KB)
...
006 (454.875.000) 2022-04-08 10:01:45 Image size of job updated: 792248
	317  -  MemoryUsage of job (MB)
	324140  -  ResidentSetSize of job (KB)
...
006 (454.875.000) 2022-04-08 10:36:48 Image size of job updated: 792248
	317  -  MemoryUsage of job (MB)
	324360  -  ResidentSetSize of job (KB)
...
006 (454.875.000) 2022-04-08 10:41:48 Image size of job updated: 792248
	318  -  MemoryUsage of job (MB)
	324624  -  ResidentSetSize of job (KB)
...
006 (454.875.000) 2022-04-08 10:46:48 Image size of job updated: 792248
	318  -  MemoryUsage of job (MB)
	324756  -  ResidentSetSize of job (KB)
...
006 (454.875.000) 2022-04-08 10:51:50 Image size of job updated: 792248
	318  -  MemoryUsage of job (MB)
	325020  -  ResidentSetSize of job (KB)
...
006 (454.875.000) 2022-04-08 10:56:50 Image size of job updated: 792248
	318  -  MemoryUsage of job (MB)
	325284  -  ResidentSetSize of job (KB)
...
006 (454.875.000) 2022-04-08 11:01:50 Image size of job updated: 792248
	318  -  MemoryUsage of job (MB)
	325416  -  ResidentSetSize of job (KB)
...
006 (454.875.000) 2022-04-08 11:06:51 Image size of job updated: 792248
	319  -  MemoryUsage of job (MB)
	325680  -  ResidentSetSize of job (KB)
...
006 (454.875.000) 2022-04-08 11:11:52 Image size of job updated: 792248
	319  -  MemoryUsage of job (MB)
	325944  -  ResidentSetSize of job (KB)
...
006 (454.875.000) 2022-04-08 11:16:52 Image size of job updated: 792248
	319  -  MemoryUsage of job (MB)
	326208  -  ResidentSetSize of job (KB)
...
006 (454.875.000) 2022-04-08 11:21:52 Image size of job updated: 792248
	319  -  MemoryUsage of job (MB)
	326340  -  ResidentSetSize of job (KB)
...
006 (454.875.000) 2022-04-08 11:26:53 Image size of job updated: 792248
	319  -  MemoryUsage of job (MB)
	326604  -  ResidentSetSize of job (KB)
...
006 (454.875.000) 2022-04-08 11:36:54 Image size of job updated: 792248
	320  -  MemoryUsage of job (MB)
	326736  -  ResidentSetSize of job (KB)
...
006 (454.875.000) 2022-04-08 11:41:55 Image size of job updated: 792248
	320  -  MemoryUsage of job (MB)
	326868  -  ResidentSetSize of job (KB)
...
006 (454.875.000) 2022-04-08 11:46:56 Image size of job updated: 792248
	320  -  MemoryUsage of job (MB)
	327132  -  ResidentSetSize of job (KB)
...
006 (454.875.000) 2022-04-08 11:51:56 Image size of job updated: 792248
	320  -  MemoryUsage of job (MB)
	327264  -  ResidentSetSize of job (KB)
...
006 (454.875.000) 2022-04-08 11:56:56 Image size of job updated: 792248
	320  -  MemoryUsage of job (MB)
	327528  -  ResidentSetSize of job (KB)
...
006 (454.875.000) 2022-04-08 12:01:57 Image size of job updated: 792248
	320  -  MemoryUsage of job (MB)
	327660  -  ResidentSetSize of job (KB)
...
006 (454.875.000) 2022-04-08 12:06:58 Image size of job updated: 792248
	321  -  MemoryUsage of job (MB)
	327924  -  ResidentSetSize of job (KB)
...
006 (454.875.000) 2022-04-08 12:11:58 Image size of job updated: 792248
	321  -  MemoryUsage of job (MB)
	328056  -  ResidentSetSize of job (KB)
...
006 (454.875.000) 2022-04-08 12:16:59 Image size of job updated: 792248
	321  -  MemoryUsage of job (MB)
	328188  -  ResidentSetSize of job (KB)
...
006 (454.875.000) 2022-04-08 12:22:00 Image size of job updated: 792248
	321  -  MemoryUsage of job (MB)
	328452  -  ResidentSetSize of job (KB)
...
006 (454.875.000) 2022-04-08 12:27:00 Image size of job updated: 792248
	321  -  MemoryUsage of job (MB)
	328584  -  ResidentSetSize of job (KB)
...
006 (454.875.000) 2022-04-08 12:32:00 Image size of job updated: 792248
	322  -  MemoryUsage of job (MB)
	328848  -  ResidentSetSize of job (KB)
...
006 (454.875.000) 2022-04-08 12:37:01 Image size of job updated: 792248
	322  -  MemoryUsage of job (MB)
	329112  -  ResidentSetSize of job (KB)
...
006 (454.875.000) 2022-04-08 12:42:02 Image size of job updated: 792248
	322  -  MemoryUsage of job (MB)
	329244  -  ResidentSetSize of job (KB)
...
005 (454.875.000) 2022-04-08 12:42:55 Job terminated.
	(1) Normal termination (return value 0)
		Usr 0 02:45:50, Sys 0 00:00:21  -  Run Remote Usage
		Usr 0 00:00:00, Sys 0 00:00:00  -  Run Local Usage
		Usr 0 02:45:50, Sys 0 00:00:21  -  Total Remote Usage
		Usr 0 00:00:00, Sys 0 00:00:00  -  Total Local Usage
	0  -  Run Bytes Sent By Job
	0  -  Run Bytes Received By Job
	0  -  Total Bytes Sent By Job
	0  -  Total Bytes Received By Job
	Partitionable Resources :    Usage  Request Allocated 
	   Cpus                 :     1.00        1         1 
	   Disk (KB)            :  7500        7500     10998 
	   Memory (MB)          :   322        1024      1024 

	Job terminated of its own accord at 2022-04-08T10:42:55Z with exit-code 0.
...
