000 (454.557.000) 2022-04-06 16:54:01 Job submitted from host: <10.18.24.243:9618?addrs=10.18.24.243-9618&alias=ecoclusts01.bioclust.biologie.ens.fr&noUDP&sock=schedd_1052_29b8>
...
001 (454.557.000) 2022-04-08 01:04:01 Job executing on host: <10.18.24.135:9618?addrs=10.18.24.135-9618&alias=dyoclust08.bioclust.biologie.ens.fr&noUDP&sock=startd_793_82b1>
...
006 (454.557.000) 2022-04-08 01:04:10 Image size of job updated: 221788
	116  -  MemoryUsage of job (MB)
	118144  -  ResidentSetSize of job (KB)
...
006 (454.557.000) 2022-04-08 01:09:10 Image size of job updated: 741880
	307  -  MemoryUsage of job (MB)
	313608  -  ResidentSetSize of job (KB)
...
006 (454.557.000) 2022-04-08 01:14:10 Image size of job updated: 774648
	317  -  MemoryUsage of job (MB)
	324332  -  ResidentSetSize of job (KB)
...
006 (454.557.000) 2022-04-08 01:54:14 Image size of job updated: 774904
	317  -  MemoryUsage of job (MB)
	324332  -  ResidentSetSize of job (KB)
...
006 (454.557.000) 2022-04-08 01:59:15 Image size of job updated: 774904
	317  -  MemoryUsage of job (MB)
	324596  -  ResidentSetSize of job (KB)
...
006 (454.557.000) 2022-04-08 02:04:16 Image size of job updated: 775160
	318  -  MemoryUsage of job (MB)
	324728  -  ResidentSetSize of job (KB)
...
006 (454.557.000) 2022-04-08 02:09:16 Image size of job updated: 775416
	318  -  MemoryUsage of job (MB)
	324992  -  ResidentSetSize of job (KB)
...
006 (454.557.000) 2022-04-08 02:14:16 Image size of job updated: 775672
	318  -  MemoryUsage of job (MB)
	325256  -  ResidentSetSize of job (KB)
...
006 (454.557.000) 2022-04-08 02:19:17 Image size of job updated: 775672
	318  -  MemoryUsage of job (MB)
	325388  -  ResidentSetSize of job (KB)
...
006 (454.557.000) 2022-04-08 02:24:18 Image size of job updated: 775928
	319  -  MemoryUsage of job (MB)
	325652  -  ResidentSetSize of job (KB)
...
006 (454.557.000) 2022-04-08 02:29:18 Image size of job updated: 776184
	319  -  MemoryUsage of job (MB)
	325784  -  ResidentSetSize of job (KB)
...
006 (454.557.000) 2022-04-08 02:34:18 Image size of job updated: 776440
	319  -  MemoryUsage of job (MB)
	326048  -  ResidentSetSize of job (KB)
...
006 (454.557.000) 2022-04-08 02:39:19 Image size of job updated: 776696
	319  -  MemoryUsage of job (MB)
	326180  -  ResidentSetSize of job (KB)
...
006 (454.557.000) 2022-04-08 02:44:20 Image size of job updated: 776952
	319  -  MemoryUsage of job (MB)
	326444  -  ResidentSetSize of job (KB)
...
006 (454.557.000) 2022-04-08 02:49:20 Image size of job updated: 776952
	319  -  MemoryUsage of job (MB)
	326576  -  ResidentSetSize of job (KB)
...
006 (454.557.000) 2022-04-08 02:59:21 Image size of job updated: 777208
	320  -  MemoryUsage of job (MB)
	326840  -  ResidentSetSize of job (KB)
...
006 (454.557.000) 2022-04-08 03:04:22 Image size of job updated: 777464
	320  -  MemoryUsage of job (MB)
	326972  -  ResidentSetSize of job (KB)
...
006 (454.557.000) 2022-04-08 03:09:22 Image size of job updated: 777720
	320  -  MemoryUsage of job (MB)
	327236  -  ResidentSetSize of job (KB)
...
006 (454.557.000) 2022-04-08 03:14:22 Image size of job updated: 777720
	320  -  MemoryUsage of job (MB)
	327368  -  ResidentSetSize of job (KB)
...
006 (454.557.000) 2022-04-08 03:19:23 Image size of job updated: 777976
	320  -  MemoryUsage of job (MB)
	327632  -  ResidentSetSize of job (KB)
...
006 (454.557.000) 2022-04-08 03:24:24 Image size of job updated: 778232
	321  -  MemoryUsage of job (MB)
	327764  -  ResidentSetSize of job (KB)
...
006 (454.557.000) 2022-04-08 03:29:25 Image size of job updated: 778488
	321  -  MemoryUsage of job (MB)
	328028  -  ResidentSetSize of job (KB)
...
006 (454.557.000) 2022-04-08 03:34:25 Image size of job updated: 778488
	321  -  MemoryUsage of job (MB)
	328160  -  ResidentSetSize of job (KB)
...
006 (454.557.000) 2022-04-08 03:39:25 Image size of job updated: 778744
	321  -  MemoryUsage of job (MB)
	328424  -  ResidentSetSize of job (KB)
...
006 (454.557.000) 2022-04-08 03:44:26 Image size of job updated: 779000
	321  -  MemoryUsage of job (MB)
	328556  -  ResidentSetSize of job (KB)
...
006 (454.557.000) 2022-04-08 03:49:27 Image size of job updated: 779256
	322  -  MemoryUsage of job (MB)
	328820  -  ResidentSetSize of job (KB)
...
006 (454.557.000) 2022-04-08 03:54:27 Image size of job updated: 779256
	322  -  MemoryUsage of job (MB)
	328952  -  ResidentSetSize of job (KB)
...
006 (454.557.000) 2022-04-08 03:59:27 Image size of job updated: 779512
	322  -  MemoryUsage of job (MB)
	329216  -  ResidentSetSize of job (KB)
...
006 (454.557.000) 2022-04-08 04:02:38 Image size of job updated: 779768
	322  -  MemoryUsage of job (MB)
	329216  -  ResidentSetSize of job (KB)
...
005 (454.557.000) 2022-04-08 04:02:38 Job terminated.
	(1) Normal termination (return value 0)
		Usr 0 02:58:06, Sys 0 00:00:22  -  Run Remote Usage
		Usr 0 00:00:00, Sys 0 00:00:00  -  Run Local Usage
		Usr 0 02:58:06, Sys 0 00:00:22  -  Total Remote Usage
		Usr 0 00:00:00, Sys 0 00:00:00  -  Total Local Usage
	0  -  Run Bytes Sent By Job
	0  -  Run Bytes Received By Job
	0  -  Total Bytes Sent By Job
	0  -  Total Bytes Received By Job
	Partitionable Resources :    Usage  Request Allocated 
	   Cpus                 :     1.00        1         1 
	   Disk (KB)            :  7500        7500     10998 
	   Memory (MB)          :   322        1024      1024 

	Job terminated of its own accord at 2022-04-08T02:02:38Z with exit-code 0.
...
