000 (454.127.000) 2022-04-06 16:53:59 Job submitted from host: <10.18.24.243:9618?addrs=10.18.24.243-9618&alias=ecoclusts01.bioclust.biologie.ens.fr&noUDP&sock=schedd_1052_29b8>
...
001 (454.127.000) 2022-04-07 09:23:42 Job executing on host: <10.18.24.12:9618?addrs=10.18.24.12-9618&alias=bioclust12.bioclust.biologie.ens.fr&noUDP&sock=startd_86046_fa3b>
...
006 (454.127.000) 2022-04-07 09:23:51 Image size of job updated: 39680
	39  -  MemoryUsage of job (MB)
	39680  -  ResidentSetSize of job (KB)
...
006 (454.127.000) 2022-04-07 09:28:51 Image size of job updated: 744268
	317  -  MemoryUsage of job (MB)
	324424  -  ResidentSetSize of job (KB)
...
006 (454.127.000) 2022-04-07 09:38:52 Image size of job updated: 774648
	317  -  MemoryUsage of job (MB)
	324424  -  ResidentSetSize of job (KB)
...
006 (454.127.000) 2022-04-07 10:59:00 Image size of job updated: 774904
	317  -  MemoryUsage of job (MB)
	324556  -  ResidentSetSize of job (KB)
...
006 (454.127.000) 2022-04-07 11:09:01 Image size of job updated: 775160
	318  -  MemoryUsage of job (MB)
	324688  -  ResidentSetSize of job (KB)
...
006 (454.127.000) 2022-04-07 11:14:01 Image size of job updated: 775160
	318  -  MemoryUsage of job (MB)
	324820  -  ResidentSetSize of job (KB)
...
006 (454.127.000) 2022-04-07 11:19:02 Image size of job updated: 775160
	318  -  MemoryUsage of job (MB)
	324952  -  ResidentSetSize of job (KB)
...
006 (454.127.000) 2022-04-07 11:24:03 Image size of job updated: 775416
	318  -  MemoryUsage of job (MB)
	324952  -  ResidentSetSize of job (KB)
...
006 (454.127.000) 2022-04-07 11:29:03 Image size of job updated: 775416
	318  -  MemoryUsage of job (MB)
	325084  -  ResidentSetSize of job (KB)
...
006 (454.127.000) 2022-04-07 11:34:04 Image size of job updated: 775672
	318  -  MemoryUsage of job (MB)
	325216  -  ResidentSetSize of job (KB)
...
006 (454.127.000) 2022-04-07 11:39:05 Image size of job updated: 775672
	318  -  MemoryUsage of job (MB)
	325348  -  ResidentSetSize of job (KB)
...
006 (454.127.000) 2022-04-07 11:44:05 Image size of job updated: 775928
	318  -  MemoryUsage of job (MB)
	325480  -  ResidentSetSize of job (KB)
...
006 (454.127.000) 2022-04-07 11:49:05 Image size of job updated: 776184
	318  -  MemoryUsage of job (MB)
	325612  -  ResidentSetSize of job (KB)
...
006 (454.127.000) 2022-04-07 11:54:06 Image size of job updated: 776184
	319  -  MemoryUsage of job (MB)
	325744  -  ResidentSetSize of job (KB)
...
006 (454.127.000) 2022-04-07 11:59:07 Image size of job updated: 776440
	319  -  MemoryUsage of job (MB)
	325876  -  ResidentSetSize of job (KB)
...
006 (454.127.000) 2022-04-07 12:04:07 Image size of job updated: 776440
	319  -  MemoryUsage of job (MB)
	326008  -  ResidentSetSize of job (KB)
...
006 (454.127.000) 2022-04-07 12:09:08 Image size of job updated: 776440
	319  -  MemoryUsage of job (MB)
	326140  -  ResidentSetSize of job (KB)
...
006 (454.127.000) 2022-04-07 12:14:09 Image size of job updated: 776696
	319  -  MemoryUsage of job (MB)
	326272  -  ResidentSetSize of job (KB)
...
006 (454.127.000) 2022-04-07 12:19:09 Image size of job updated: 776696
	319  -  MemoryUsage of job (MB)
	326404  -  ResidentSetSize of job (KB)
...
006 (454.127.000) 2022-04-07 12:24:09 Image size of job updated: 776952
	319  -  MemoryUsage of job (MB)
	326536  -  ResidentSetSize of job (KB)
...
006 (454.127.000) 2022-04-07 12:29:10 Image size of job updated: 776952
	320  -  MemoryUsage of job (MB)
	326668  -  ResidentSetSize of job (KB)
...
006 (454.127.000) 2022-04-07 12:49:12 Image size of job updated: 777208
	320  -  MemoryUsage of job (MB)
	326752  -  ResidentSetSize of job (KB)
...
006 (454.127.000) 2022-04-07 12:54:12 Image size of job updated: 777208
	320  -  MemoryUsage of job (MB)
	326884  -  ResidentSetSize of job (KB)
...
006 (454.127.000) 2022-04-07 12:59:13 Image size of job updated: 777464
	320  -  MemoryUsage of job (MB)
	326884  -  ResidentSetSize of job (KB)
...
006 (454.127.000) 2022-04-07 13:04:14 Image size of job updated: 777464
	320  -  MemoryUsage of job (MB)
	327016  -  ResidentSetSize of job (KB)
...
006 (454.127.000) 2022-04-07 13:09:14 Image size of job updated: 777464
	320  -  MemoryUsage of job (MB)
	327148  -  ResidentSetSize of job (KB)
...
006 (454.127.000) 2022-04-07 13:14:14 Image size of job updated: 777720
	320  -  MemoryUsage of job (MB)
	327280  -  ResidentSetSize of job (KB)
...
006 (454.127.000) 2022-04-07 13:24:15 Image size of job updated: 777976
	320  -  MemoryUsage of job (MB)
	327412  -  ResidentSetSize of job (KB)
...
006 (454.127.000) 2022-04-07 13:29:15 Image size of job updated: 777976
	320  -  MemoryUsage of job (MB)
	327544  -  ResidentSetSize of job (KB)
...
006 (454.127.000) 2022-04-07 13:34:16 Image size of job updated: 777976
	320  -  MemoryUsage of job (MB)
	327676  -  ResidentSetSize of job (KB)
...
006 (454.127.000) 2022-04-07 13:39:17 Image size of job updated: 778232
	321  -  MemoryUsage of job (MB)
	327808  -  ResidentSetSize of job (KB)
...
006 (454.127.000) 2022-04-07 13:49:18 Image size of job updated: 778488
	321  -  MemoryUsage of job (MB)
	327940  -  ResidentSetSize of job (KB)
...
006 (454.127.000) 2022-04-07 13:54:19 Image size of job updated: 778488
	321  -  MemoryUsage of job (MB)
	328072  -  ResidentSetSize of job (KB)
...
006 (454.127.000) 2022-04-07 13:59:19 Image size of job updated: 778488
	321  -  MemoryUsage of job (MB)
	328204  -  ResidentSetSize of job (KB)
...
006 (454.127.000) 2022-04-07 14:04:19 Image size of job updated: 778744
	321  -  MemoryUsage of job (MB)
	328336  -  ResidentSetSize of job (KB)
...
006 (454.127.000) 2022-04-07 14:14:20 Image size of job updated: 779000
	321  -  MemoryUsage of job (MB)
	328468  -  ResidentSetSize of job (KB)
...
006 (454.127.000) 2022-04-07 14:19:20 Image size of job updated: 779000
	321  -  MemoryUsage of job (MB)
	328600  -  ResidentSetSize of job (KB)
...
006 (454.127.000) 2022-04-07 14:24:22 Image size of job updated: 779000
	322  -  MemoryUsage of job (MB)
	328732  -  ResidentSetSize of job (KB)
...
006 (454.127.000) 2022-04-07 14:29:22 Image size of job updated: 779256
	322  -  MemoryUsage of job (MB)
	328732  -  ResidentSetSize of job (KB)
...
006 (454.127.000) 2022-04-07 14:34:22 Image size of job updated: 779256
	322  -  MemoryUsage of job (MB)
	328864  -  ResidentSetSize of job (KB)
...
006 (454.127.000) 2022-04-07 14:39:23 Image size of job updated: 779512
	322  -  MemoryUsage of job (MB)
	328996  -  ResidentSetSize of job (KB)
...
006 (454.127.000) 2022-04-07 14:44:24 Image size of job updated: 779512
	322  -  MemoryUsage of job (MB)
	329128  -  ResidentSetSize of job (KB)
...
006 (454.127.000) 2022-04-07 14:49:24 Image size of job updated: 779512
	322  -  MemoryUsage of job (MB)
	329260  -  ResidentSetSize of job (KB)
...
006 (454.127.000) 2022-04-07 14:53:43 Image size of job updated: 779768
	322  -  MemoryUsage of job (MB)
	329260  -  ResidentSetSize of job (KB)
...
005 (454.127.000) 2022-04-07 14:53:43 Job terminated.
	(1) Normal termination (return value 0)
		Usr 0 05:23:38, Sys 0 00:03:04  -  Run Remote Usage
		Usr 0 00:00:00, Sys 0 00:00:00  -  Run Local Usage
		Usr 0 05:23:38, Sys 0 00:03:04  -  Total Remote Usage
		Usr 0 00:00:00, Sys 0 00:00:00  -  Total Local Usage
	0  -  Run Bytes Sent By Job
	0  -  Run Bytes Received By Job
	0  -  Total Bytes Sent By Job
	0  -  Total Bytes Received By Job
	Partitionable Resources :    Usage  Request Allocated 
	   Cpus                 :     1.00        1         1 
	   Disk (KB)            :  7500        7500     12108 
	   Memory (MB)          :   322        1024      1024 

	Job terminated of its own accord at 2022-04-07T12:53:43Z with exit-code 0.
...
