000 (454.174.000) 2022-04-06 16:53:59 Job submitted from host: <10.18.24.243:9618?addrs=10.18.24.243-9618&alias=ecoclusts01.bioclust.biologie.ens.fr&noUDP&sock=schedd_1052_29b8>
...
001 (454.174.000) 2022-04-07 11:35:01 Job executing on host: <10.18.24.12:9618?addrs=10.18.24.12-9618&alias=bioclust12.bioclust.biologie.ens.fr&noUDP&sock=startd_86046_fa3b>
...
006 (454.174.000) 2022-04-07 11:35:09 Image size of job updated: 74692
	73  -  MemoryUsage of job (MB)
	74692  -  ResidentSetSize of job (KB)
...
006 (454.174.000) 2022-04-07 11:40:09 Image size of job updated: 741624
	277  -  MemoryUsage of job (MB)
	282668  -  ResidentSetSize of job (KB)
...
006 (454.174.000) 2022-04-07 11:45:10 Image size of job updated: 774392
	317  -  MemoryUsage of job (MB)
	324156  -  ResidentSetSize of job (KB)
...
006 (454.174.000) 2022-04-07 13:20:19 Image size of job updated: 774648
	317  -  MemoryUsage of job (MB)
	324156  -  ResidentSetSize of job (KB)
...
006 (454.174.000) 2022-04-07 13:25:20 Image size of job updated: 774648
	317  -  MemoryUsage of job (MB)
	324288  -  ResidentSetSize of job (KB)
...
006 (454.174.000) 2022-04-07 13:30:20 Image size of job updated: 774904
	317  -  MemoryUsage of job (MB)
	324420  -  ResidentSetSize of job (KB)
...
006 (454.174.000) 2022-04-07 13:40:21 Image size of job updated: 774904
	317  -  MemoryUsage of job (MB)
	324552  -  ResidentSetSize of job (KB)
...
006 (454.174.000) 2022-04-07 13:45:22 Image size of job updated: 775160
	318  -  MemoryUsage of job (MB)
	324684  -  ResidentSetSize of job (KB)
...
006 (454.174.000) 2022-04-07 13:55:23 Image size of job updated: 775160
	318  -  MemoryUsage of job (MB)
	324816  -  ResidentSetSize of job (KB)
...
006 (454.174.000) 2022-04-07 14:00:24 Image size of job updated: 775416
	318  -  MemoryUsage of job (MB)
	324948  -  ResidentSetSize of job (KB)
...
006 (454.174.000) 2022-04-07 14:05:24 Image size of job updated: 775416
	318  -  MemoryUsage of job (MB)
	325080  -  ResidentSetSize of job (KB)
...
006 (454.174.000) 2022-04-07 14:10:24 Image size of job updated: 775416
	318  -  MemoryUsage of job (MB)
	325212  -  ResidentSetSize of job (KB)
...
006 (454.174.000) 2022-04-07 14:15:25 Image size of job updated: 775672
	318  -  MemoryUsage of job (MB)
	325212  -  ResidentSetSize of job (KB)
...
006 (454.174.000) 2022-04-07 14:20:25 Image size of job updated: 775672
	318  -  MemoryUsage of job (MB)
	325344  -  ResidentSetSize of job (KB)
...
006 (454.174.000) 2022-04-07 14:25:25 Image size of job updated: 775928
	318  -  MemoryUsage of job (MB)
	325476  -  ResidentSetSize of job (KB)
...
006 (454.174.000) 2022-04-07 14:30:26 Image size of job updated: 775928
	318  -  MemoryUsage of job (MB)
	325608  -  ResidentSetSize of job (KB)
...
006 (454.174.000) 2022-04-07 14:35:27 Image size of job updated: 776184
	319  -  MemoryUsage of job (MB)
	325740  -  ResidentSetSize of job (KB)
...
006 (454.174.000) 2022-04-07 14:45:28 Image size of job updated: 776184
	319  -  MemoryUsage of job (MB)
	325872  -  ResidentSetSize of job (KB)
...
006 (454.174.000) 2022-04-07 14:50:29 Image size of job updated: 776440
	319  -  MemoryUsage of job (MB)
	326004  -  ResidentSetSize of job (KB)
...
006 (454.174.000) 2022-04-07 14:55:29 Image size of job updated: 776440
	319  -  MemoryUsage of job (MB)
	326136  -  ResidentSetSize of job (KB)
...
006 (454.174.000) 2022-04-07 15:00:29 Image size of job updated: 776696
	319  -  MemoryUsage of job (MB)
	326268  -  ResidentSetSize of job (KB)
...
006 (454.174.000) 2022-04-07 15:10:30 Image size of job updated: 776952
	319  -  MemoryUsage of job (MB)
	326400  -  ResidentSetSize of job (KB)
...
006 (454.174.000) 2022-04-07 15:15:30 Image size of job updated: 776952
	319  -  MemoryUsage of job (MB)
	326532  -  ResidentSetSize of job (KB)
...
006 (454.174.000) 2022-04-07 15:35:32 Image size of job updated: 776952
	319  -  MemoryUsage of job (MB)
	326616  -  ResidentSetSize of job (KB)
...
006 (454.174.000) 2022-04-07 15:40:33 Image size of job updated: 777208
	320  -  MemoryUsage of job (MB)
	326748  -  ResidentSetSize of job (KB)
...
006 (454.174.000) 2022-04-07 15:45:33 Image size of job updated: 777208
	320  -  MemoryUsage of job (MB)
	326880  -  ResidentSetSize of job (KB)
...
006 (454.174.000) 2022-04-07 15:50:34 Image size of job updated: 777464
	320  -  MemoryUsage of job (MB)
	327012  -  ResidentSetSize of job (KB)
...
006 (454.174.000) 2022-04-07 15:55:35 Image size of job updated: 777464
	320  -  MemoryUsage of job (MB)
	327144  -  ResidentSetSize of job (KB)
...
006 (454.174.000) 2022-04-07 16:05:35 Image size of job updated: 777720
	320  -  MemoryUsage of job (MB)
	327276  -  ResidentSetSize of job (KB)
...
006 (454.174.000) 2022-04-07 16:10:36 Image size of job updated: 777720
	320  -  MemoryUsage of job (MB)
	327408  -  ResidentSetSize of job (KB)
...
006 (454.174.000) 2022-04-07 16:15:37 Image size of job updated: 777976
	320  -  MemoryUsage of job (MB)
	327540  -  ResidentSetSize of job (KB)
...
006 (454.174.000) 2022-04-07 16:25:38 Image size of job updated: 777976
	320  -  MemoryUsage of job (MB)
	327672  -  ResidentSetSize of job (KB)
...
006 (454.174.000) 2022-04-07 16:30:39 Image size of job updated: 778232
	321  -  MemoryUsage of job (MB)
	327804  -  ResidentSetSize of job (KB)
...
006 (454.174.000) 2022-04-07 16:35:39 Image size of job updated: 778232
	321  -  MemoryUsage of job (MB)
	327936  -  ResidentSetSize of job (KB)
...
006 (454.174.000) 2022-04-07 16:40:39 Image size of job updated: 778488
	321  -  MemoryUsage of job (MB)
	328068  -  ResidentSetSize of job (KB)
...
006 (454.174.000) 2022-04-07 16:45:41 Image size of job updated: 778488
	321  -  MemoryUsage of job (MB)
	328200  -  ResidentSetSize of job (KB)
...
006 (454.174.000) 2022-04-07 16:50:41 Image size of job updated: 778744
	321  -  MemoryUsage of job (MB)
	328200  -  ResidentSetSize of job (KB)
...
006 (454.174.000) 2022-04-07 16:55:41 Image size of job updated: 778744
	321  -  MemoryUsage of job (MB)
	328332  -  ResidentSetSize of job (KB)
...
006 (454.174.000) 2022-04-07 17:00:42 Image size of job updated: 778744
	321  -  MemoryUsage of job (MB)
	328464  -  ResidentSetSize of job (KB)
...
006 (454.174.000) 2022-04-07 17:05:43 Image size of job updated: 779000
	321  -  MemoryUsage of job (MB)
	328464  -  ResidentSetSize of job (KB)
...
006 (454.174.000) 2022-04-07 17:10:43 Image size of job updated: 779000
	321  -  MemoryUsage of job (MB)
	328596  -  ResidentSetSize of job (KB)
...
006 (454.174.000) 2022-04-07 17:15:44 Image size of job updated: 779256
	322  -  MemoryUsage of job (MB)
	328728  -  ResidentSetSize of job (KB)
...
006 (454.174.000) 2022-04-07 17:20:45 Image size of job updated: 779256
	322  -  MemoryUsage of job (MB)
	328860  -  ResidentSetSize of job (KB)
...
006 (454.174.000) 2022-04-07 17:25:45 Image size of job updated: 779256
	322  -  MemoryUsage of job (MB)
	328992  -  ResidentSetSize of job (KB)
...
006 (454.174.000) 2022-04-07 17:30:46 Image size of job updated: 779512
	322  -  MemoryUsage of job (MB)
	329124  -  ResidentSetSize of job (KB)
...
006 (454.174.000) 2022-04-07 17:40:47 Image size of job updated: 779512
	322  -  MemoryUsage of job (MB)
	329256  -  ResidentSetSize of job (KB)
...
006 (454.174.000) 2022-04-07 17:43:08 Image size of job updated: 779768
	322  -  MemoryUsage of job (MB)
	329256  -  ResidentSetSize of job (KB)
...
005 (454.174.000) 2022-04-07 17:43:08 Job terminated.
	(1) Normal termination (return value 0)
		Usr 0 06:01:54, Sys 0 00:02:13  -  Run Remote Usage
		Usr 0 00:00:00, Sys 0 00:00:00  -  Run Local Usage
		Usr 0 06:01:54, Sys 0 00:02:13  -  Total Remote Usage
		Usr 0 00:00:00, Sys 0 00:00:00  -  Total Local Usage
	0  -  Run Bytes Sent By Job
	0  -  Run Bytes Received By Job
	0  -  Total Bytes Sent By Job
	0  -  Total Bytes Received By Job
	Partitionable Resources :    Usage  Request Allocated 
	   Cpus                 :     1.00        1         1 
	   Disk (KB)            :  7500        7500     12108 
	   Memory (MB)          :   322        1024      1024 

	Job terminated of its own accord at 2022-04-07T15:43:08Z with exit-code 0.
...
