000 (454.781.000) 2022-04-06 16:54:02 Job submitted from host: <10.18.24.243:9618?addrs=10.18.24.243-9618&alias=ecoclusts01.bioclust.biologie.ens.fr&noUDP&sock=schedd_1052_29b8>
...
001 (454.781.000) 2022-04-08 07:22:29 Job executing on host: <10.18.24.131:9618?addrs=10.18.24.131-9618&alias=dyoclust04.bioclust.biologie.ens.fr&noUDP&sock=startd_807_1d04>
...
006 (454.781.000) 2022-04-08 07:22:38 Image size of job updated: 79172
	78  -  MemoryUsage of job (MB)
	79172  -  ResidentSetSize of job (KB)
...
006 (454.781.000) 2022-04-08 07:27:39 Image size of job updated: 741880
	317  -  MemoryUsage of job (MB)
	323892  -  ResidentSetSize of job (KB)
...
006 (454.781.000) 2022-04-08 07:32:40 Image size of job updated: 774648
	317  -  MemoryUsage of job (MB)
	324420  -  ResidentSetSize of job (KB)
...
006 (454.781.000) 2022-04-08 08:12:43 Image size of job updated: 774904
	317  -  MemoryUsage of job (MB)
	324552  -  ResidentSetSize of job (KB)
...
006 (454.781.000) 2022-04-08 08:17:44 Image size of job updated: 775160
	318  -  MemoryUsage of job (MB)
	324684  -  ResidentSetSize of job (KB)
...
006 (454.781.000) 2022-04-08 08:22:45 Image size of job updated: 775160
	318  -  MemoryUsage of job (MB)
	324816  -  ResidentSetSize of job (KB)
...
006 (454.781.000) 2022-04-08 08:27:45 Image size of job updated: 775416
	318  -  MemoryUsage of job (MB)
	325080  -  ResidentSetSize of job (KB)
...
006 (454.781.000) 2022-04-08 08:32:45 Image size of job updated: 775672
	318  -  MemoryUsage of job (MB)
	325212  -  ResidentSetSize of job (KB)
...
006 (454.781.000) 2022-04-08 08:37:47 Image size of job updated: 775672
	318  -  MemoryUsage of job (MB)
	325344  -  ResidentSetSize of job (KB)
...
006 (454.781.000) 2022-04-08 08:42:47 Image size of job updated: 775928
	318  -  MemoryUsage of job (MB)
	325608  -  ResidentSetSize of job (KB)
...
006 (454.781.000) 2022-04-08 08:47:47 Image size of job updated: 776184
	319  -  MemoryUsage of job (MB)
	325740  -  ResidentSetSize of job (KB)
...
006 (454.781.000) 2022-04-08 08:52:48 Image size of job updated: 776440
	319  -  MemoryUsage of job (MB)
	326004  -  ResidentSetSize of job (KB)
...
006 (454.781.000) 2022-04-08 08:57:49 Image size of job updated: 776696
	319  -  MemoryUsage of job (MB)
	326136  -  ResidentSetSize of job (KB)
...
006 (454.781.000) 2022-04-08 09:02:49 Image size of job updated: 776696
	319  -  MemoryUsage of job (MB)
	326400  -  ResidentSetSize of job (KB)
...
006 (454.781.000) 2022-04-08 09:07:49 Image size of job updated: 776952
	320  -  MemoryUsage of job (MB)
	326664  -  ResidentSetSize of job (KB)
...
006 (454.781.000) 2022-04-08 09:22:50 Image size of job updated: 777208
	320  -  MemoryUsage of job (MB)
	326884  -  ResidentSetSize of job (KB)
...
006 (454.781.000) 2022-04-08 09:27:51 Image size of job updated: 777464
	320  -  MemoryUsage of job (MB)
	327016  -  ResidentSetSize of job (KB)
...
006 (454.781.000) 2022-04-08 09:32:52 Image size of job updated: 777720
	320  -  MemoryUsage of job (MB)
	327280  -  ResidentSetSize of job (KB)
...
006 (454.781.000) 2022-04-08 09:37:52 Image size of job updated: 777720
	320  -  MemoryUsage of job (MB)
	327412  -  ResidentSetSize of job (KB)
...
006 (454.781.000) 2022-04-08 09:42:52 Image size of job updated: 777976
	320  -  MemoryUsage of job (MB)
	327676  -  ResidentSetSize of job (KB)
...
006 (454.781.000) 2022-04-08 09:47:53 Image size of job updated: 778232
	321  -  MemoryUsage of job (MB)
	327808  -  ResidentSetSize of job (KB)
...
006 (454.781.000) 2022-04-08 09:52:53 Image size of job updated: 778488
	321  -  MemoryUsage of job (MB)
	328072  -  ResidentSetSize of job (KB)
...
006 (454.781.000) 2022-04-08 09:57:53 Image size of job updated: 778488
	321  -  MemoryUsage of job (MB)
	328204  -  ResidentSetSize of job (KB)
...
006 (454.781.000) 2022-04-08 10:02:54 Image size of job updated: 778744
	321  -  MemoryUsage of job (MB)
	328336  -  ResidentSetSize of job (KB)
...
006 (454.781.000) 2022-04-08 10:07:55 Image size of job updated: 779000
	321  -  MemoryUsage of job (MB)
	328600  -  ResidentSetSize of job (KB)
...
006 (454.781.000) 2022-04-08 10:12:55 Image size of job updated: 779256
	322  -  MemoryUsage of job (MB)
	328864  -  ResidentSetSize of job (KB)
...
006 (454.781.000) 2022-04-08 10:17:56 Image size of job updated: 779256
	322  -  MemoryUsage of job (MB)
	328996  -  ResidentSetSize of job (KB)
...
006 (454.781.000) 2022-04-08 10:22:57 Image size of job updated: 779512
	322  -  MemoryUsage of job (MB)
	329128  -  ResidentSetSize of job (KB)
...
006 (454.781.000) 2022-04-08 10:25:49 Image size of job updated: 779768
	322  -  MemoryUsage of job (MB)
	329128  -  ResidentSetSize of job (KB)
...
005 (454.781.000) 2022-04-08 10:25:49 Job terminated.
	(1) Normal termination (return value 0)
		Usr 0 03:01:45, Sys 0 00:00:40  -  Run Remote Usage
		Usr 0 00:00:00, Sys 0 00:00:00  -  Run Local Usage
		Usr 0 03:01:45, Sys 0 00:00:40  -  Total Remote Usage
		Usr 0 00:00:00, Sys 0 00:00:00  -  Total Local Usage
	0  -  Run Bytes Sent By Job
	0  -  Run Bytes Received By Job
	0  -  Total Bytes Sent By Job
	0  -  Total Bytes Received By Job
	Partitionable Resources :    Usage  Request Allocated 
	   Cpus                 :     1.00        1         1 
	   Disk (KB)            :  7500        7500     10998 
	   Memory (MB)          :   322        1024      1024 

	Job terminated of its own accord at 2022-04-08T08:25:49Z with exit-code 0.
...
