000 (454.485.000) 2022-04-06 16:54:01 Job submitted from host: <10.18.24.243:9618?addrs=10.18.24.243-9618&alias=ecoclusts01.bioclust.biologie.ens.fr&noUDP&sock=schedd_1052_29b8>
...
001 (454.485.000) 2022-04-07 22:57:57 Job executing on host: <10.18.24.174:9618?addrs=10.18.24.174-9618&alias=mcbsclust03.bioclust.biologie.ens.fr&noUDP&sock=startd_937_4854>
...
006 (454.485.000) 2022-04-07 22:58:06 Image size of job updated: 320040
	273  -  MemoryUsage of job (MB)
	279376  -  ResidentSetSize of job (KB)
...
006 (454.485.000) 2022-04-07 23:03:07 Image size of job updated: 741876
	317  -  MemoryUsage of job (MB)
	324268  -  ResidentSetSize of job (KB)
...
006 (454.485.000) 2022-04-07 23:08:07 Image size of job updated: 774644
	317  -  MemoryUsage of job (MB)
	324268  -  ResidentSetSize of job (KB)
...
006 (454.485.000) 2022-04-08 00:08:13 Image size of job updated: 774644
	317  -  MemoryUsage of job (MB)
	324400  -  ResidentSetSize of job (KB)
...
006 (454.485.000) 2022-04-08 00:13:14 Image size of job updated: 774900
	317  -  MemoryUsage of job (MB)
	324400  -  ResidentSetSize of job (KB)
...
006 (454.485.000) 2022-04-08 00:18:14 Image size of job updated: 774900
	317  -  MemoryUsage of job (MB)
	324532  -  ResidentSetSize of job (KB)
...
006 (454.485.000) 2022-04-08 00:23:14 Image size of job updated: 775156
	318  -  MemoryUsage of job (MB)
	324664  -  ResidentSetSize of job (KB)
...
006 (454.485.000) 2022-04-08 00:28:15 Image size of job updated: 775156
	318  -  MemoryUsage of job (MB)
	324796  -  ResidentSetSize of job (KB)
...
006 (454.485.000) 2022-04-08 00:38:15 Image size of job updated: 775412
	318  -  MemoryUsage of job (MB)
	324928  -  ResidentSetSize of job (KB)
...
006 (454.485.000) 2022-04-08 00:43:16 Image size of job updated: 775412
	318  -  MemoryUsage of job (MB)
	325060  -  ResidentSetSize of job (KB)
...
006 (454.485.000) 2022-04-08 00:48:18 Image size of job updated: 775668
	318  -  MemoryUsage of job (MB)
	325192  -  ResidentSetSize of job (KB)
...
006 (454.485.000) 2022-04-08 00:53:18 Image size of job updated: 775668
	318  -  MemoryUsage of job (MB)
	325324  -  ResidentSetSize of job (KB)
...
006 (454.485.000) 2022-04-08 00:58:19 Image size of job updated: 775924
	318  -  MemoryUsage of job (MB)
	325456  -  ResidentSetSize of job (KB)
...
006 (454.485.000) 2022-04-08 01:03:19 Image size of job updated: 775924
	318  -  MemoryUsage of job (MB)
	325588  -  ResidentSetSize of job (KB)
...
006 (454.485.000) 2022-04-08 01:08:20 Image size of job updated: 776180
	319  -  MemoryUsage of job (MB)
	325720  -  ResidentSetSize of job (KB)
...
006 (454.485.000) 2022-04-08 01:13:20 Image size of job updated: 776180
	319  -  MemoryUsage of job (MB)
	325852  -  ResidentSetSize of job (KB)
...
006 (454.485.000) 2022-04-08 01:18:21 Image size of job updated: 776436
	319  -  MemoryUsage of job (MB)
	325984  -  ResidentSetSize of job (KB)
...
006 (454.485.000) 2022-04-08 01:23:21 Image size of job updated: 776436
	319  -  MemoryUsage of job (MB)
	326116  -  ResidentSetSize of job (KB)
...
006 (454.485.000) 2022-04-08 01:28:21 Image size of job updated: 776692
	319  -  MemoryUsage of job (MB)
	326248  -  ResidentSetSize of job (KB)
...
006 (454.485.000) 2022-04-08 01:33:21 Image size of job updated: 776692
	319  -  MemoryUsage of job (MB)
	326380  -  ResidentSetSize of job (KB)
...
006 (454.485.000) 2022-04-08 01:38:22 Image size of job updated: 776948
	319  -  MemoryUsage of job (MB)
	326512  -  ResidentSetSize of job (KB)
...
006 (454.485.000) 2022-04-08 01:53:23 Image size of job updated: 776948
	319  -  MemoryUsage of job (MB)
	326600  -  ResidentSetSize of job (KB)
...
006 (454.485.000) 2022-04-08 01:58:24 Image size of job updated: 777204
	320  -  MemoryUsage of job (MB)
	326732  -  ResidentSetSize of job (KB)
...
006 (454.485.000) 2022-04-08 02:03:24 Image size of job updated: 777204
	320  -  MemoryUsage of job (MB)
	326864  -  ResidentSetSize of job (KB)
...
006 (454.485.000) 2022-04-08 02:13:25 Image size of job updated: 777460
	320  -  MemoryUsage of job (MB)
	326996  -  ResidentSetSize of job (KB)
...
006 (454.485.000) 2022-04-08 02:18:26 Image size of job updated: 777460
	320  -  MemoryUsage of job (MB)
	327128  -  ResidentSetSize of job (KB)
...
006 (454.485.000) 2022-04-08 02:23:26 Image size of job updated: 777716
	320  -  MemoryUsage of job (MB)
	327260  -  ResidentSetSize of job (KB)
...
006 (454.485.000) 2022-04-08 02:28:26 Image size of job updated: 777716
	320  -  MemoryUsage of job (MB)
	327392  -  ResidentSetSize of job (KB)
...
006 (454.485.000) 2022-04-08 02:33:28 Image size of job updated: 777972
	320  -  MemoryUsage of job (MB)
	327524  -  ResidentSetSize of job (KB)
...
006 (454.485.000) 2022-04-08 02:38:28 Image size of job updated: 777972
	320  -  MemoryUsage of job (MB)
	327656  -  ResidentSetSize of job (KB)
...
006 (454.485.000) 2022-04-08 02:43:28 Image size of job updated: 778228
	321  -  MemoryUsage of job (MB)
	327788  -  ResidentSetSize of job (KB)
...
006 (454.485.000) 2022-04-08 02:48:29 Image size of job updated: 778228
	321  -  MemoryUsage of job (MB)
	327920  -  ResidentSetSize of job (KB)
...
006 (454.485.000) 2022-04-08 02:53:30 Image size of job updated: 778484
	321  -  MemoryUsage of job (MB)
	327920  -  ResidentSetSize of job (KB)
...
006 (454.485.000) 2022-04-08 02:58:30 Image size of job updated: 778484
	321  -  MemoryUsage of job (MB)
	328052  -  ResidentSetSize of job (KB)
...
006 (454.485.000) 2022-04-08 03:03:30 Image size of job updated: 778484
	321  -  MemoryUsage of job (MB)
	328184  -  ResidentSetSize of job (KB)
...
006 (454.485.000) 2022-04-08 03:08:31 Image size of job updated: 778740
	321  -  MemoryUsage of job (MB)
	328316  -  ResidentSetSize of job (KB)
...
006 (454.485.000) 2022-04-08 03:13:31 Image size of job updated: 778740
	321  -  MemoryUsage of job (MB)
	328448  -  ResidentSetSize of job (KB)
...
006 (454.485.000) 2022-04-08 03:18:31 Image size of job updated: 778996
	321  -  MemoryUsage of job (MB)
	328580  -  ResidentSetSize of job (KB)
...
006 (454.485.000) 2022-04-08 03:23:32 Image size of job updated: 778996
	322  -  MemoryUsage of job (MB)
	328712  -  ResidentSetSize of job (KB)
...
006 (454.485.000) 2022-04-08 03:28:33 Image size of job updated: 779252
	322  -  MemoryUsage of job (MB)
	328712  -  ResidentSetSize of job (KB)
...
006 (454.485.000) 2022-04-08 03:33:33 Image size of job updated: 779252
	322  -  MemoryUsage of job (MB)
	328844  -  ResidentSetSize of job (KB)
...
006 (454.485.000) 2022-04-08 03:38:33 Image size of job updated: 779508
	322  -  MemoryUsage of job (MB)
	328976  -  ResidentSetSize of job (KB)
...
006 (454.485.000) 2022-04-08 03:43:34 Image size of job updated: 779508
	322  -  MemoryUsage of job (MB)
	329108  -  ResidentSetSize of job (KB)
...
006 (454.485.000) 2022-04-08 03:48:34 Image size of job updated: 779764
	322  -  MemoryUsage of job (MB)
	329240  -  ResidentSetSize of job (KB)
...
005 (454.485.000) 2022-04-08 03:49:20 Job terminated.
	(1) Normal termination (return value 0)
		Usr 0 04:50:30, Sys 0 00:00:16  -  Run Remote Usage
		Usr 0 00:00:00, Sys 0 00:00:00  -  Run Local Usage
		Usr 0 04:50:30, Sys 0 00:00:16  -  Total Remote Usage
		Usr 0 00:00:00, Sys 0 00:00:00  -  Total Local Usage
	0  -  Run Bytes Sent By Job
	0  -  Run Bytes Received By Job
	0  -  Total Bytes Sent By Job
	0  -  Total Bytes Received By Job
	Partitionable Resources :    Usage  Request Allocated 
	   Cpus                 :     1.00        1         1 
	   Disk (KB)            :  7500        7500     10998 
	   Memory (MB)          :   322        1024      1024 

	Job terminated of its own accord at 2022-04-08T01:49:20Z with exit-code 0.
...
