000 (454.135.000) 2022-04-06 16:53:59 Job submitted from host: <10.18.24.243:9618?addrs=10.18.24.243-9618&alias=ecoclusts01.bioclust.biologie.ens.fr&noUDP&sock=schedd_1052_29b8>
...
001 (454.135.000) 2022-04-07 09:41:42 Job executing on host: <10.18.24.139:9618?addrs=10.18.24.139-9618&alias=dyoclust12.bioclust.biologie.ens.fr&noUDP&sock=startd_791_2380>
...
006 (454.135.000) 2022-04-07 09:41:51 Image size of job updated: 90760
	89  -  MemoryUsage of job (MB)
	90760  -  ResidentSetSize of job (KB)
...
006 (454.135.000) 2022-04-07 09:46:52 Image size of job updated: 741876
	317  -  MemoryUsage of job (MB)
	324388  -  ResidentSetSize of job (KB)
...
006 (454.135.000) 2022-04-07 09:51:52 Image size of job updated: 774644
	317  -  MemoryUsage of job (MB)
	324388  -  ResidentSetSize of job (KB)
...
006 (454.135.000) 2022-04-07 10:41:56 Image size of job updated: 774900
	317  -  MemoryUsage of job (MB)
	324544  -  ResidentSetSize of job (KB)
...
006 (454.135.000) 2022-04-07 10:46:56 Image size of job updated: 775156
	318  -  MemoryUsage of job (MB)
	324676  -  ResidentSetSize of job (KB)
...
006 (454.135.000) 2022-04-07 10:51:57 Image size of job updated: 775156
	318  -  MemoryUsage of job (MB)
	324808  -  ResidentSetSize of job (KB)
...
006 (454.135.000) 2022-04-07 10:56:58 Image size of job updated: 775412
	318  -  MemoryUsage of job (MB)
	325072  -  ResidentSetSize of job (KB)
...
006 (454.135.000) 2022-04-07 11:01:58 Image size of job updated: 775668
	318  -  MemoryUsage of job (MB)
	325204  -  ResidentSetSize of job (KB)
...
006 (454.135.000) 2022-04-07 11:06:58 Image size of job updated: 775924
	318  -  MemoryUsage of job (MB)
	325468  -  ResidentSetSize of job (KB)
...
006 (454.135.000) 2022-04-07 11:11:59 Image size of job updated: 775924
	318  -  MemoryUsage of job (MB)
	325600  -  ResidentSetSize of job (KB)
...
006 (454.135.000) 2022-04-07 11:17:00 Image size of job updated: 776180
	319  -  MemoryUsage of job (MB)
	325732  -  ResidentSetSize of job (KB)
...
006 (454.135.000) 2022-04-07 11:22:00 Image size of job updated: 776436
	319  -  MemoryUsage of job (MB)
	325996  -  ResidentSetSize of job (KB)
...
006 (454.135.000) 2022-04-07 11:27:01 Image size of job updated: 776692
	319  -  MemoryUsage of job (MB)
	326128  -  ResidentSetSize of job (KB)
...
006 (454.135.000) 2022-04-07 11:32:02 Image size of job updated: 776692
	319  -  MemoryUsage of job (MB)
	326392  -  ResidentSetSize of job (KB)
...
006 (454.135.000) 2022-04-07 11:37:02 Image size of job updated: 776948
	319  -  MemoryUsage of job (MB)
	326524  -  ResidentSetSize of job (KB)
...
006 (454.135.000) 2022-04-07 11:47:04 Image size of job updated: 776948
	319  -  MemoryUsage of job (MB)
	326656  -  ResidentSetSize of job (KB)
...
006 (454.135.000) 2022-04-07 11:52:04 Image size of job updated: 777204
	320  -  MemoryUsage of job (MB)
	326788  -  ResidentSetSize of job (KB)
...
006 (454.135.000) 2022-04-07 11:57:04 Image size of job updated: 777460
	320  -  MemoryUsage of job (MB)
	327052  -  ResidentSetSize of job (KB)
...
006 (454.135.000) 2022-04-07 12:02:05 Image size of job updated: 777460
	320  -  MemoryUsage of job (MB)
	327184  -  ResidentSetSize of job (KB)
...
006 (454.135.000) 2022-04-07 12:07:06 Image size of job updated: 777716
	320  -  MemoryUsage of job (MB)
	327316  -  ResidentSetSize of job (KB)
...
006 (454.135.000) 2022-04-07 12:12:06 Image size of job updated: 777972
	320  -  MemoryUsage of job (MB)
	327448  -  ResidentSetSize of job (KB)
...
006 (454.135.000) 2022-04-07 12:17:07 Image size of job updated: 777972
	321  -  MemoryUsage of job (MB)
	327712  -  ResidentSetSize of job (KB)
...
006 (454.135.000) 2022-04-07 12:22:08 Image size of job updated: 778228
	321  -  MemoryUsage of job (MB)
	327844  -  ResidentSetSize of job (KB)
...
006 (454.135.000) 2022-04-07 12:27:08 Image size of job updated: 778484
	321  -  MemoryUsage of job (MB)
	327976  -  ResidentSetSize of job (KB)
...
006 (454.135.000) 2022-04-07 12:32:08 Image size of job updated: 778484
	321  -  MemoryUsage of job (MB)
	328240  -  ResidentSetSize of job (KB)
...
006 (454.135.000) 2022-04-07 12:37:09 Image size of job updated: 778740
	321  -  MemoryUsage of job (MB)
	328372  -  ResidentSetSize of job (KB)
...
006 (454.135.000) 2022-04-07 12:42:10 Image size of job updated: 778996
	321  -  MemoryUsage of job (MB)
	328504  -  ResidentSetSize of job (KB)
...
006 (454.135.000) 2022-04-07 12:47:10 Image size of job updated: 778996
	321  -  MemoryUsage of job (MB)
	328636  -  ResidentSetSize of job (KB)
...
006 (454.135.000) 2022-04-07 12:52:10 Image size of job updated: 779252
	322  -  MemoryUsage of job (MB)
	328900  -  ResidentSetSize of job (KB)
...
006 (454.135.000) 2022-04-07 12:57:11 Image size of job updated: 779508
	322  -  MemoryUsage of job (MB)
	329032  -  ResidentSetSize of job (KB)
...
006 (454.135.000) 2022-04-07 13:02:11 Image size of job updated: 779508
	322  -  MemoryUsage of job (MB)
	329164  -  ResidentSetSize of job (KB)
...
006 (454.135.000) 2022-04-07 13:03:32 Image size of job updated: 779764
	322  -  MemoryUsage of job (MB)
	329164  -  ResidentSetSize of job (KB)
...
005 (454.135.000) 2022-04-07 13:03:32 Job terminated.
	(1) Normal termination (return value 0)
		Usr 0 03:19:40, Sys 0 00:00:26  -  Run Remote Usage
		Usr 0 00:00:00, Sys 0 00:00:00  -  Run Local Usage
		Usr 0 03:19:40, Sys 0 00:00:26  -  Total Remote Usage
		Usr 0 00:00:00, Sys 0 00:00:00  -  Total Local Usage
	0  -  Run Bytes Sent By Job
	0  -  Run Bytes Received By Job
	0  -  Total Bytes Sent By Job
	0  -  Total Bytes Received By Job
	Partitionable Resources :    Usage  Request Allocated 
	   Cpus                 :     1.00        1         1 
	   Disk (KB)            :  7500        7500     10998 
	   Memory (MB)          :   322        1024      1024 

	Job terminated of its own accord at 2022-04-07T11:03:32Z with exit-code 0.
...
