000 (454.109.000) 2022-04-06 16:53:59 Job submitted from host: <10.18.24.243:9618?addrs=10.18.24.243-9618&alias=ecoclusts01.bioclust.biologie.ens.fr&noUDP&sock=schedd_1052_29b8>
...
001 (454.109.000) 2022-04-07 08:20:40 Job executing on host: <10.18.24.13:9618?addrs=10.18.24.13-9618&alias=bioclust13.bioclust.biologie.ens.fr&noUDP&sock=startd_1202_0ced>
...
006 (454.109.000) 2022-04-07 08:20:50 Image size of job updated: 61884
	61  -  MemoryUsage of job (MB)
	61884  -  ResidentSetSize of job (KB)
...
006 (454.109.000) 2022-04-07 08:25:50 Image size of job updated: 741880
	317  -  MemoryUsage of job (MB)
	324348  -  ResidentSetSize of job (KB)
...
006 (454.109.000) 2022-04-07 08:35:51 Image size of job updated: 774648
	317  -  MemoryUsage of job (MB)
	324348  -  ResidentSetSize of job (KB)
...
006 (454.109.000) 2022-04-07 10:06:01 Image size of job updated: 774904
	317  -  MemoryUsage of job (MB)
	324436  -  ResidentSetSize of job (KB)
...
006 (454.109.000) 2022-04-07 10:16:01 Image size of job updated: 774904
	317  -  MemoryUsage of job (MB)
	324568  -  ResidentSetSize of job (KB)
...
006 (454.109.000) 2022-04-07 10:21:02 Image size of job updated: 775160
	318  -  MemoryUsage of job (MB)
	324700  -  ResidentSetSize of job (KB)
...
006 (454.109.000) 2022-04-07 10:31:02 Image size of job updated: 775160
	318  -  MemoryUsage of job (MB)
	324832  -  ResidentSetSize of job (KB)
...
006 (454.109.000) 2022-04-07 10:36:03 Image size of job updated: 775416
	318  -  MemoryUsage of job (MB)
	324964  -  ResidentSetSize of job (KB)
...
006 (454.109.000) 2022-04-07 10:41:04 Image size of job updated: 775416
	318  -  MemoryUsage of job (MB)
	325096  -  ResidentSetSize of job (KB)
...
006 (454.109.000) 2022-04-07 10:46:04 Image size of job updated: 775672
	318  -  MemoryUsage of job (MB)
	325228  -  ResidentSetSize of job (KB)
...
006 (454.109.000) 2022-04-07 10:51:05 Image size of job updated: 775672
	318  -  MemoryUsage of job (MB)
	325360  -  ResidentSetSize of job (KB)
...
006 (454.109.000) 2022-04-07 10:56:06 Image size of job updated: 775928
	318  -  MemoryUsage of job (MB)
	325360  -  ResidentSetSize of job (KB)
...
006 (454.109.000) 2022-04-07 11:01:06 Image size of job updated: 775928
	318  -  MemoryUsage of job (MB)
	325492  -  ResidentSetSize of job (KB)
...
006 (454.109.000) 2022-04-07 11:06:06 Image size of job updated: 775928
	318  -  MemoryUsage of job (MB)
	325624  -  ResidentSetSize of job (KB)
...
006 (454.109.000) 2022-04-07 11:11:08 Image size of job updated: 776184
	319  -  MemoryUsage of job (MB)
	325756  -  ResidentSetSize of job (KB)
...
006 (454.109.000) 2022-04-07 11:16:08 Image size of job updated: 776184
	319  -  MemoryUsage of job (MB)
	325888  -  ResidentSetSize of job (KB)
...
006 (454.109.000) 2022-04-07 11:21:08 Image size of job updated: 776440
	319  -  MemoryUsage of job (MB)
	326020  -  ResidentSetSize of job (KB)
...
006 (454.109.000) 2022-04-07 11:26:09 Image size of job updated: 776440
	319  -  MemoryUsage of job (MB)
	326152  -  ResidentSetSize of job (KB)
...
006 (454.109.000) 2022-04-07 11:31:10 Image size of job updated: 776696
	319  -  MemoryUsage of job (MB)
	326284  -  ResidentSetSize of job (KB)
...
006 (454.109.000) 2022-04-07 11:36:10 Image size of job updated: 776696
	319  -  MemoryUsage of job (MB)
	326416  -  ResidentSetSize of job (KB)
...
006 (454.109.000) 2022-04-07 11:41:10 Image size of job updated: 776952
	319  -  MemoryUsage of job (MB)
	326416  -  ResidentSetSize of job (KB)
...
006 (454.109.000) 2022-04-07 11:46:11 Image size of job updated: 776952
	319  -  MemoryUsage of job (MB)
	326548  -  ResidentSetSize of job (KB)
...
006 (454.109.000) 2022-04-07 12:01:12 Image size of job updated: 776952
	319  -  MemoryUsage of job (MB)
	326612  -  ResidentSetSize of job (KB)
...
006 (454.109.000) 2022-04-07 12:06:13 Image size of job updated: 777208
	320  -  MemoryUsage of job (MB)
	326744  -  ResidentSetSize of job (KB)
...
006 (454.109.000) 2022-04-07 12:16:14 Image size of job updated: 777208
	320  -  MemoryUsage of job (MB)
	326876  -  ResidentSetSize of job (KB)
...
006 (454.109.000) 2022-04-07 12:21:15 Image size of job updated: 777464
	320  -  MemoryUsage of job (MB)
	327008  -  ResidentSetSize of job (KB)
...
006 (454.109.000) 2022-04-07 12:26:15 Image size of job updated: 777464
	320  -  MemoryUsage of job (MB)
	327140  -  ResidentSetSize of job (KB)
...
006 (454.109.000) 2022-04-07 12:36:16 Image size of job updated: 777720
	320  -  MemoryUsage of job (MB)
	327272  -  ResidentSetSize of job (KB)
...
006 (454.109.000) 2022-04-07 12:41:16 Image size of job updated: 777720
	320  -  MemoryUsage of job (MB)
	327404  -  ResidentSetSize of job (KB)
...
006 (454.109.000) 2022-04-07 12:46:16 Image size of job updated: 777976
	320  -  MemoryUsage of job (MB)
	327536  -  ResidentSetSize of job (KB)
...
006 (454.109.000) 2022-04-07 12:51:17 Image size of job updated: 777976
	320  -  MemoryUsage of job (MB)
	327668  -  ResidentSetSize of job (KB)
...
006 (454.109.000) 2022-04-07 12:56:18 Image size of job updated: 778232
	320  -  MemoryUsage of job (MB)
	327668  -  ResidentSetSize of job (KB)
...
006 (454.109.000) 2022-04-07 13:01:18 Image size of job updated: 778232
	321  -  MemoryUsage of job (MB)
	327800  -  ResidentSetSize of job (KB)
...
006 (454.109.000) 2022-04-07 13:06:18 Image size of job updated: 778232
	321  -  MemoryUsage of job (MB)
	327932  -  ResidentSetSize of job (KB)
...
006 (454.109.000) 2022-04-07 13:11:19 Image size of job updated: 778488
	321  -  MemoryUsage of job (MB)
	328064  -  ResidentSetSize of job (KB)
...
006 (454.109.000) 2022-04-07 13:16:19 Image size of job updated: 778488
	321  -  MemoryUsage of job (MB)
	328196  -  ResidentSetSize of job (KB)
...
006 (454.109.000) 2022-04-07 13:21:19 Image size of job updated: 778744
	321  -  MemoryUsage of job (MB)
	328196  -  ResidentSetSize of job (KB)
...
006 (454.109.000) 2022-04-07 13:26:20 Image size of job updated: 778744
	321  -  MemoryUsage of job (MB)
	328328  -  ResidentSetSize of job (KB)
...
006 (454.109.000) 2022-04-07 13:31:21 Image size of job updated: 778744
	321  -  MemoryUsage of job (MB)
	328460  -  ResidentSetSize of job (KB)
...
006 (454.109.000) 2022-04-07 13:36:21 Image size of job updated: 779000
	321  -  MemoryUsage of job (MB)
	328460  -  ResidentSetSize of job (KB)
...
006 (454.109.000) 2022-04-07 13:41:22 Image size of job updated: 779000
	321  -  MemoryUsage of job (MB)
	328592  -  ResidentSetSize of job (KB)
...
006 (454.109.000) 2022-04-07 13:46:23 Image size of job updated: 779256
	322  -  MemoryUsage of job (MB)
	328724  -  ResidentSetSize of job (KB)
...
006 (454.109.000) 2022-04-07 13:51:23 Image size of job updated: 779256
	322  -  MemoryUsage of job (MB)
	328856  -  ResidentSetSize of job (KB)
...
006 (454.109.000) 2022-04-07 14:01:24 Image size of job updated: 779512
	322  -  MemoryUsage of job (MB)
	328988  -  ResidentSetSize of job (KB)
...
006 (454.109.000) 2022-04-07 14:06:25 Image size of job updated: 779512
	322  -  MemoryUsage of job (MB)
	329120  -  ResidentSetSize of job (KB)
...
006 (454.109.000) 2022-04-07 14:11:25 Image size of job updated: 779512
	322  -  MemoryUsage of job (MB)
	329252  -  ResidentSetSize of job (KB)
...
006 (454.109.000) 2022-04-07 14:14:40 Image size of job updated: 779768
	322  -  MemoryUsage of job (MB)
	329252  -  ResidentSetSize of job (KB)
...
005 (454.109.000) 2022-04-07 14:14:41 Job terminated.
	(1) Normal termination (return value 0)
		Usr 0 05:48:45, Sys 0 00:01:32  -  Run Remote Usage
		Usr 0 00:00:00, Sys 0 00:00:00  -  Run Local Usage
		Usr 0 05:48:45, Sys 0 00:01:32  -  Total Remote Usage
		Usr 0 00:00:00, Sys 0 00:00:00  -  Total Local Usage
	0  -  Run Bytes Sent By Job
	0  -  Run Bytes Received By Job
	0  -  Total Bytes Sent By Job
	0  -  Total Bytes Received By Job
	Partitionable Resources :    Usage  Request Allocated 
	   Cpus                 :     1.00        1         1 
	   Disk (KB)            :  7500        7500     10998 
	   Memory (MB)          :   322        1024      1024 

	Job terminated of its own accord at 2022-04-07T12:14:40Z with exit-code 0.
...
