000 (454.202.000) 2022-04-06 16:53:59 Job submitted from host: <10.18.24.243:9618?addrs=10.18.24.243-9618&alias=ecoclusts01.bioclust.biologie.ens.fr&noUDP&sock=schedd_1052_29b8>
...
001 (454.202.000) 2022-04-07 12:55:05 Job executing on host: <10.18.24.109:9618?addrs=10.18.24.109-9618&alias=ecoclust14.bioclust.biologie.ens.fr&noUDP&sock=startd_917_906f>
...
006 (454.202.000) 2022-04-07 12:55:14 Image size of job updated: 64788
	64  -  MemoryUsage of job (MB)
	64788  -  ResidentSetSize of job (KB)
...
006 (454.202.000) 2022-04-07 13:00:15 Image size of job updated: 838128
	317  -  MemoryUsage of job (MB)
	324108  -  ResidentSetSize of job (KB)
...
006 (454.202.000) 2022-04-07 14:40:27 Image size of job updated: 838128
	317  -  MemoryUsage of job (MB)
	324196  -  ResidentSetSize of job (KB)
...
006 (454.202.000) 2022-04-07 14:55:29 Image size of job updated: 838128
	317  -  MemoryUsage of job (MB)
	324328  -  ResidentSetSize of job (KB)
...
006 (454.202.000) 2022-04-07 15:00:29 Image size of job updated: 838128
	317  -  MemoryUsage of job (MB)
	324460  -  ResidentSetSize of job (KB)
...
006 (454.202.000) 2022-04-07 15:10:30 Image size of job updated: 838128
	317  -  MemoryUsage of job (MB)
	324592  -  ResidentSetSize of job (KB)
...
006 (454.202.000) 2022-04-07 15:20:31 Image size of job updated: 838128
	318  -  MemoryUsage of job (MB)
	324724  -  ResidentSetSize of job (KB)
...
006 (454.202.000) 2022-04-07 15:30:33 Image size of job updated: 838128
	318  -  MemoryUsage of job (MB)
	324856  -  ResidentSetSize of job (KB)
...
006 (454.202.000) 2022-04-07 15:40:33 Image size of job updated: 838128
	318  -  MemoryUsage of job (MB)
	324988  -  ResidentSetSize of job (KB)
...
006 (454.202.000) 2022-04-07 15:50:35 Image size of job updated: 838128
	318  -  MemoryUsage of job (MB)
	325120  -  ResidentSetSize of job (KB)
...
006 (454.202.000) 2022-04-07 15:55:35 Image size of job updated: 838128
	318  -  MemoryUsage of job (MB)
	325252  -  ResidentSetSize of job (KB)
...
006 (454.202.000) 2022-04-07 16:05:36 Image size of job updated: 838128
	318  -  MemoryUsage of job (MB)
	325384  -  ResidentSetSize of job (KB)
...
006 (454.202.000) 2022-04-07 16:15:36 Image size of job updated: 838128
	318  -  MemoryUsage of job (MB)
	325516  -  ResidentSetSize of job (KB)
...
006 (454.202.000) 2022-04-07 16:20:37 Image size of job updated: 838128
	319  -  MemoryUsage of job (MB)
	325648  -  ResidentSetSize of job (KB)
...
006 (454.202.000) 2022-04-07 16:25:38 Image size of job updated: 838128
	319  -  MemoryUsage of job (MB)
	325780  -  ResidentSetSize of job (KB)
...
006 (454.202.000) 2022-04-07 16:35:38 Image size of job updated: 838128
	319  -  MemoryUsage of job (MB)
	325912  -  ResidentSetSize of job (KB)
...
006 (454.202.000) 2022-04-07 16:40:40 Image size of job updated: 838128
	319  -  MemoryUsage of job (MB)
	326044  -  ResidentSetSize of job (KB)
...
006 (454.202.000) 2022-04-07 16:50:40 Image size of job updated: 838128
	319  -  MemoryUsage of job (MB)
	326176  -  ResidentSetSize of job (KB)
...
006 (454.202.000) 2022-04-07 16:55:41 Image size of job updated: 838128
	319  -  MemoryUsage of job (MB)
	326308  -  ResidentSetSize of job (KB)
...
006 (454.202.000) 2022-04-07 17:05:42 Image size of job updated: 838128
	319  -  MemoryUsage of job (MB)
	326440  -  ResidentSetSize of job (KB)
...
006 (454.202.000) 2022-04-07 17:15:43 Image size of job updated: 838128
	319  -  MemoryUsage of job (MB)
	326572  -  ResidentSetSize of job (KB)
...
006 (454.202.000) 2022-04-07 17:40:44 Image size of job updated: 838128
	320  -  MemoryUsage of job (MB)
	326704  -  ResidentSetSize of job (KB)
...
006 (454.202.000) 2022-04-07 17:50:46 Image size of job updated: 838128
	320  -  MemoryUsage of job (MB)
	326836  -  ResidentSetSize of job (KB)
...
006 (454.202.000) 2022-04-07 18:00:47 Image size of job updated: 838128
	320  -  MemoryUsage of job (MB)
	326968  -  ResidentSetSize of job (KB)
...
006 (454.202.000) 2022-04-07 18:05:48 Image size of job updated: 838128
	320  -  MemoryUsage of job (MB)
	327100  -  ResidentSetSize of job (KB)
...
006 (454.202.000) 2022-04-07 18:15:48 Image size of job updated: 838128
	320  -  MemoryUsage of job (MB)
	327232  -  ResidentSetSize of job (KB)
...
006 (454.202.000) 2022-04-07 18:20:49 Image size of job updated: 838128
	320  -  MemoryUsage of job (MB)
	327364  -  ResidentSetSize of job (KB)
...
006 (454.202.000) 2022-04-07 18:30:50 Image size of job updated: 838128
	320  -  MemoryUsage of job (MB)
	327496  -  ResidentSetSize of job (KB)
...
006 (454.202.000) 2022-04-07 18:40:52 Image size of job updated: 838128
	320  -  MemoryUsage of job (MB)
	327628  -  ResidentSetSize of job (KB)
...
006 (454.202.000) 2022-04-07 18:50:52 Image size of job updated: 838128
	321  -  MemoryUsage of job (MB)
	327760  -  ResidentSetSize of job (KB)
...
006 (454.202.000) 2022-04-07 19:00:53 Image size of job updated: 838128
	321  -  MemoryUsage of job (MB)
	327892  -  ResidentSetSize of job (KB)
...
006 (454.202.000) 2022-04-07 19:10:54 Image size of job updated: 838128
	321  -  MemoryUsage of job (MB)
	328024  -  ResidentSetSize of job (KB)
...
006 (454.202.000) 2022-04-07 19:20:55 Image size of job updated: 838128
	321  -  MemoryUsage of job (MB)
	328156  -  ResidentSetSize of job (KB)
...
006 (454.202.000) 2022-04-07 19:30:56 Image size of job updated: 838128
	321  -  MemoryUsage of job (MB)
	328288  -  ResidentSetSize of job (KB)
...
006 (454.202.000) 2022-04-07 19:35:56 Image size of job updated: 838128
	321  -  MemoryUsage of job (MB)
	328420  -  ResidentSetSize of job (KB)
...
006 (454.202.000) 2022-04-07 19:45:58 Image size of job updated: 838128
	321  -  MemoryUsage of job (MB)
	328552  -  ResidentSetSize of job (KB)
...
006 (454.202.000) 2022-04-07 19:55:59 Image size of job updated: 838128
	321  -  MemoryUsage of job (MB)
	328684  -  ResidentSetSize of job (KB)
...
006 (454.202.000) 2022-04-07 20:01:00 Image size of job updated: 838128
	322  -  MemoryUsage of job (MB)
	328816  -  ResidentSetSize of job (KB)
...
006 (454.202.000) 2022-04-07 20:11:00 Image size of job updated: 838128
	322  -  MemoryUsage of job (MB)
	328948  -  ResidentSetSize of job (KB)
...
006 (454.202.000) 2022-04-07 20:21:02 Image size of job updated: 838128
	322  -  MemoryUsage of job (MB)
	329080  -  ResidentSetSize of job (KB)
...
006 (454.202.000) 2022-04-07 20:26:02 Image size of job updated: 838128
	322  -  MemoryUsage of job (MB)
	329212  -  ResidentSetSize of job (KB)
...
005 (454.202.000) 2022-04-07 20:37:55 Job terminated.
	(1) Normal termination (return value 0)
		Usr 0 07:40:40, Sys 0 00:00:34  -  Run Remote Usage
		Usr 0 00:00:00, Sys 0 00:00:00  -  Run Local Usage
		Usr 0 07:40:40, Sys 0 00:00:34  -  Total Remote Usage
		Usr 0 00:00:00, Sys 0 00:00:00  -  Total Local Usage
	0  -  Run Bytes Sent By Job
	0  -  Run Bytes Received By Job
	0  -  Total Bytes Sent By Job
	0  -  Total Bytes Received By Job
	Partitionable Resources :    Usage  Request Allocated 
	   Cpus                 :     0.99        1         1 
	   Disk (KB)            :  7500        7500     10998 
	   Memory (MB)          :   322        1024      1024 

	Job terminated of its own accord at 2022-04-07T18:37:55Z with exit-code 0.
...
