000 (454.845.000) 2022-04-06 16:54:02 Job submitted from host: <10.18.24.243:9618?addrs=10.18.24.243-9618&alias=ecoclusts01.bioclust.biologie.ens.fr&noUDP&sock=schedd_1052_29b8>
...
001 (454.845.000) 2022-04-08 09:06:52 Job executing on host: <10.18.24.109:9618?addrs=10.18.24.109-9618&alias=ecoclust14.bioclust.biologie.ens.fr&noUDP&sock=startd_917_906f>
...
006 (454.845.000) 2022-04-08 09:07:01 Image size of job updated: 315708
	88  -  MemoryUsage of job (MB)
	89976  -  ResidentSetSize of job (KB)
...
006 (454.845.000) 2022-04-08 09:12:02 Image size of job updated: 741624
	317  -  MemoryUsage of job (MB)
	324072  -  ResidentSetSize of job (KB)
...
006 (454.845.000) 2022-04-08 09:27:04 Image size of job updated: 774392
	317  -  MemoryUsage of job (MB)
	324072  -  ResidentSetSize of job (KB)
...
006 (454.845.000) 2022-04-08 11:02:13 Image size of job updated: 774648
	317  -  MemoryUsage of job (MB)
	324072  -  ResidentSetSize of job (KB)
...
006 (454.845.000) 2022-04-08 11:07:13 Image size of job updated: 774648
	317  -  MemoryUsage of job (MB)
	324204  -  ResidentSetSize of job (KB)
...
006 (454.845.000) 2022-04-08 11:12:15 Image size of job updated: 774648
	317  -  MemoryUsage of job (MB)
	324336  -  ResidentSetSize of job (KB)
...
006 (454.845.000) 2022-04-08 11:17:15 Image size of job updated: 774904
	317  -  MemoryUsage of job (MB)
	324468  -  ResidentSetSize of job (KB)
...
006 (454.845.000) 2022-04-08 11:27:16 Image size of job updated: 774904
	317  -  MemoryUsage of job (MB)
	324600  -  ResidentSetSize of job (KB)
...
006 (454.845.000) 2022-04-08 11:32:17 Image size of job updated: 775160
	317  -  MemoryUsage of job (MB)
	324600  -  ResidentSetSize of job (KB)
...
006 (454.845.000) 2022-04-08 11:37:17 Image size of job updated: 775160
	318  -  MemoryUsage of job (MB)
	324732  -  ResidentSetSize of job (KB)
...
006 (454.845.000) 2022-04-08 11:47:19 Image size of job updated: 775160
	318  -  MemoryUsage of job (MB)
	324864  -  ResidentSetSize of job (KB)
...
006 (454.845.000) 2022-04-08 11:52:19 Image size of job updated: 775416
	318  -  MemoryUsage of job (MB)
	324996  -  ResidentSetSize of job (KB)
...
006 (454.845.000) 2022-04-08 12:02:20 Image size of job updated: 775416
	318  -  MemoryUsage of job (MB)
	325128  -  ResidentSetSize of job (KB)
...
006 (454.845.000) 2022-04-08 12:07:21 Image size of job updated: 775672
	318  -  MemoryUsage of job (MB)
	325128  -  ResidentSetSize of job (KB)
...
006 (454.845.000) 2022-04-08 12:12:21 Image size of job updated: 775672
	318  -  MemoryUsage of job (MB)
	325260  -  ResidentSetSize of job (KB)
...
006 (454.845.000) 2022-04-08 12:22:22 Image size of job updated: 775928
	318  -  MemoryUsage of job (MB)
	325392  -  ResidentSetSize of job (KB)
...
006 (454.845.000) 2022-04-08 12:27:22 Image size of job updated: 775928
	318  -  MemoryUsage of job (MB)
	325524  -  ResidentSetSize of job (KB)
...
006 (454.845.000) 2022-04-08 12:37:24 Image size of job updated: 775928
	319  -  MemoryUsage of job (MB)
	325656  -  ResidentSetSize of job (KB)
...
006 (454.845.000) 2022-04-08 12:42:24 Image size of job updated: 776184
	319  -  MemoryUsage of job (MB)
	325656  -  ResidentSetSize of job (KB)
...
006 (454.845.000) 2022-04-08 12:47:24 Image size of job updated: 776184
	319  -  MemoryUsage of job (MB)
	325788  -  ResidentSetSize of job (KB)
...
006 (454.845.000) 2022-04-08 12:57:26 Image size of job updated: 776440
	319  -  MemoryUsage of job (MB)
	325920  -  ResidentSetSize of job (KB)
...
006 (454.845.000) 2022-04-08 13:07:27 Image size of job updated: 776440
	319  -  MemoryUsage of job (MB)
	326052  -  ResidentSetSize of job (KB)
...
006 (454.845.000) 2022-04-08 13:12:28 Image size of job updated: 776696
	319  -  MemoryUsage of job (MB)
	326184  -  ResidentSetSize of job (KB)
...
006 (454.845.000) 2022-04-08 13:22:29 Image size of job updated: 776696
	319  -  MemoryUsage of job (MB)
	326316  -  ResidentSetSize of job (KB)
...
006 (454.845.000) 2022-04-08 13:27:30 Image size of job updated: 776952
	319  -  MemoryUsage of job (MB)
	326448  -  ResidentSetSize of job (KB)
...
006 (454.845.000) 2022-04-08 13:37:30 Image size of job updated: 776952
	319  -  MemoryUsage of job (MB)
	326580  -  ResidentSetSize of job (KB)
...
006 (454.845.000) 2022-04-08 14:12:34 Image size of job updated: 777208
	320  -  MemoryUsage of job (MB)
	326712  -  ResidentSetSize of job (KB)
...
006 (454.845.000) 2022-04-08 14:22:34 Image size of job updated: 777208
	320  -  MemoryUsage of job (MB)
	326844  -  ResidentSetSize of job (KB)
...
006 (454.845.000) 2022-04-08 14:32:36 Image size of job updated: 777464
	320  -  MemoryUsage of job (MB)
	326976  -  ResidentSetSize of job (KB)
...
006 (454.845.000) 2022-04-08 14:42:37 Image size of job updated: 777464
	320  -  MemoryUsage of job (MB)
	327108  -  ResidentSetSize of job (KB)
...
006 (454.845.000) 2022-04-08 14:52:38 Image size of job updated: 777720
	320  -  MemoryUsage of job (MB)
	327240  -  ResidentSetSize of job (KB)
...
006 (454.845.000) 2022-04-08 15:02:39 Image size of job updated: 777720
	320  -  MemoryUsage of job (MB)
	327372  -  ResidentSetSize of job (KB)
...
006 (454.845.000) 2022-04-08 15:12:39 Image size of job updated: 777976
	320  -  MemoryUsage of job (MB)
	327504  -  ResidentSetSize of job (KB)
...
006 (454.845.000) 2022-04-08 15:22:41 Image size of job updated: 777976
	320  -  MemoryUsage of job (MB)
	327636  -  ResidentSetSize of job (KB)
...
006 (454.845.000) 2022-04-08 15:32:42 Image size of job updated: 778232
	321  -  MemoryUsage of job (MB)
	327768  -  ResidentSetSize of job (KB)
...
006 (454.845.000) 2022-04-08 15:42:43 Image size of job updated: 778232
	321  -  MemoryUsage of job (MB)
	327900  -  ResidentSetSize of job (KB)
...
006 (454.845.000) 2022-04-08 15:52:45 Image size of job updated: 778488
	321  -  MemoryUsage of job (MB)
	327900  -  ResidentSetSize of job (KB)
...
006 (454.845.000) 2022-04-08 15:57:45 Image size of job updated: 778488
	321  -  MemoryUsage of job (MB)
	328032  -  ResidentSetSize of job (KB)
...
006 (454.845.000) 2022-04-08 16:07:47 Image size of job updated: 778488
	321  -  MemoryUsage of job (MB)
	328164  -  ResidentSetSize of job (KB)
...
006 (454.845.000) 2022-04-08 16:12:47 Image size of job updated: 778744
	321  -  MemoryUsage of job (MB)
	328164  -  ResidentSetSize of job (KB)
...
006 (454.845.000) 2022-04-08 16:17:47 Image size of job updated: 778744
	321  -  MemoryUsage of job (MB)
	328296  -  ResidentSetSize of job (KB)
...
006 (454.845.000) 2022-04-08 16:27:49 Image size of job updated: 778744
	321  -  MemoryUsage of job (MB)
	328428  -  ResidentSetSize of job (KB)
...
006 (454.845.000) 2022-04-08 16:32:49 Image size of job updated: 779000
	321  -  MemoryUsage of job (MB)
	328428  -  ResidentSetSize of job (KB)
...
006 (454.845.000) 2022-04-08 16:37:50 Image size of job updated: 779000
	321  -  MemoryUsage of job (MB)
	328560  -  ResidentSetSize of job (KB)
...
006 (454.845.000) 2022-04-08 16:42:51 Image size of job updated: 779000
	321  -  MemoryUsage of job (MB)
	328692  -  ResidentSetSize of job (KB)
...
006 (454.845.000) 2022-04-08 16:52:51 Image size of job updated: 779256
	322  -  MemoryUsage of job (MB)
	328824  -  ResidentSetSize of job (KB)
...
006 (454.845.000) 2022-04-08 17:02:53 Image size of job updated: 779256
	322  -  MemoryUsage of job (MB)
	328956  -  ResidentSetSize of job (KB)
...
006 (454.845.000) 2022-04-08 17:07:53 Image size of job updated: 779512
	322  -  MemoryUsage of job (MB)
	328956  -  ResidentSetSize of job (KB)
...
006 (454.845.000) 2022-04-08 17:12:54 Image size of job updated: 779512
	322  -  MemoryUsage of job (MB)
	329088  -  ResidentSetSize of job (KB)
...
006 (454.845.000) 2022-04-08 17:22:55 Image size of job updated: 779512
	322  -  MemoryUsage of job (MB)
	329220  -  ResidentSetSize of job (KB)
...
006 (454.845.000) 2022-04-08 17:26:37 Image size of job updated: 779768
	322  -  MemoryUsage of job (MB)
	329220  -  ResidentSetSize of job (KB)
...
005 (454.845.000) 2022-04-08 17:26:37 Job terminated.
	(1) Normal termination (return value 0)
		Usr 0 08:16:56, Sys 0 00:00:30  -  Run Remote Usage
		Usr 0 00:00:00, Sys 0 00:00:00  -  Run Local Usage
		Usr 0 08:16:56, Sys 0 00:00:30  -  Total Remote Usage
		Usr 0 00:00:00, Sys 0 00:00:00  -  Total Local Usage
	0  -  Run Bytes Sent By Job
	0  -  Run Bytes Received By Job
	0  -  Total Bytes Sent By Job
	0  -  Total Bytes Received By Job
	Partitionable Resources :    Usage  Request Allocated 
	   Cpus                 :     1.00        1         1 
	   Disk (KB)            :  7500        7500     10998 
	   Memory (MB)          :   322        1024      1024 

	Job terminated of its own accord at 2022-04-08T15:26:37Z with exit-code 0.
...
