000 (454.976.000) 2022-04-06 16:54:03 Job submitted from host: <10.18.24.243:9618?addrs=10.18.24.243-9618&alias=ecoclusts01.bioclust.biologie.ens.fr&noUDP&sock=schedd_1052_29b8>
...
001 (454.976.000) 2022-04-08 12:39:46 Job executing on host: <10.18.24.175:9618?addrs=10.18.24.175-9618&alias=mcbsclust04.bioclust.biologie.ens.fr&noUDP&sock=startd_869_a3e3>
...
006 (454.976.000) 2022-04-08 12:39:54 Image size of job updated: 64896
	64  -  MemoryUsage of job (MB)
	64896  -  ResidentSetSize of job (KB)
...
006 (454.976.000) 2022-04-08 12:44:54 Image size of job updated: 741876
	281  -  MemoryUsage of job (MB)
	286784  -  ResidentSetSize of job (KB)
...
006 (454.976.000) 2022-04-08 12:49:54 Image size of job updated: 774644
	317  -  MemoryUsage of job (MB)
	324308  -  ResidentSetSize of job (KB)
...
006 (454.976.000) 2022-04-08 14:05:01 Image size of job updated: 774900
	317  -  MemoryUsage of job (MB)
	324440  -  ResidentSetSize of job (KB)
...
006 (454.976.000) 2022-04-08 14:15:01 Image size of job updated: 774900
	317  -  MemoryUsage of job (MB)
	324572  -  ResidentSetSize of job (KB)
...
006 (454.976.000) 2022-04-08 14:20:02 Image size of job updated: 775156
	318  -  MemoryUsage of job (MB)
	324704  -  ResidentSetSize of job (KB)
...
006 (454.976.000) 2022-04-08 14:30:03 Image size of job updated: 775412
	318  -  MemoryUsage of job (MB)
	324836  -  ResidentSetSize of job (KB)
...
006 (454.976.000) 2022-04-08 14:35:03 Image size of job updated: 775412
	318  -  MemoryUsage of job (MB)
	324968  -  ResidentSetSize of job (KB)
...
006 (454.976.000) 2022-04-08 14:40:04 Image size of job updated: 775412
	318  -  MemoryUsage of job (MB)
	325100  -  ResidentSetSize of job (KB)
...
006 (454.976.000) 2022-04-08 14:45:04 Image size of job updated: 775668
	318  -  MemoryUsage of job (MB)
	325232  -  ResidentSetSize of job (KB)
...
006 (454.976.000) 2022-04-08 14:50:04 Image size of job updated: 775668
	318  -  MemoryUsage of job (MB)
	325364  -  ResidentSetSize of job (KB)
...
006 (454.976.000) 2022-04-08 14:55:05 Image size of job updated: 775924
	318  -  MemoryUsage of job (MB)
	325496  -  ResidentSetSize of job (KB)
...
006 (454.976.000) 2022-04-08 15:00:06 Image size of job updated: 775924
	318  -  MemoryUsage of job (MB)
	325628  -  ResidentSetSize of job (KB)
...
006 (454.976.000) 2022-04-08 15:05:06 Image size of job updated: 776180
	319  -  MemoryUsage of job (MB)
	325760  -  ResidentSetSize of job (KB)
...
006 (454.976.000) 2022-04-08 15:15:08 Image size of job updated: 776436
	319  -  MemoryUsage of job (MB)
	325892  -  ResidentSetSize of job (KB)
...
006 (454.976.000) 2022-04-08 15:20:08 Image size of job updated: 776436
	319  -  MemoryUsage of job (MB)
	326024  -  ResidentSetSize of job (KB)
...
006 (454.976.000) 2022-04-08 15:25:08 Image size of job updated: 776692
	319  -  MemoryUsage of job (MB)
	326156  -  ResidentSetSize of job (KB)
...
006 (454.976.000) 2022-04-08 15:30:09 Image size of job updated: 776692
	319  -  MemoryUsage of job (MB)
	326288  -  ResidentSetSize of job (KB)
...
006 (454.976.000) 2022-04-08 15:35:10 Image size of job updated: 776692
	319  -  MemoryUsage of job (MB)
	326420  -  ResidentSetSize of job (KB)
...
006 (454.976.000) 2022-04-08 15:40:10 Image size of job updated: 776948
	319  -  MemoryUsage of job (MB)
	326420  -  ResidentSetSize of job (KB)
...
006 (454.976.000) 2022-04-08 15:45:11 Image size of job updated: 776948
	319  -  MemoryUsage of job (MB)
	326552  -  ResidentSetSize of job (KB)
...
006 (454.976.000) 2022-04-08 16:05:13 Image size of job updated: 777204
	320  -  MemoryUsage of job (MB)
	326684  -  ResidentSetSize of job (KB)
...
006 (454.976.000) 2022-04-08 16:10:14 Image size of job updated: 777204
	320  -  MemoryUsage of job (MB)
	326816  -  ResidentSetSize of job (KB)
...
006 (454.976.000) 2022-04-08 16:15:14 Image size of job updated: 777204
	320  -  MemoryUsage of job (MB)
	326948  -  ResidentSetSize of job (KB)
...
006 (454.976.000) 2022-04-08 16:20:14 Image size of job updated: 777460
	320  -  MemoryUsage of job (MB)
	326948  -  ResidentSetSize of job (KB)
...
006 (454.976.000) 2022-04-08 16:25:15 Image size of job updated: 777460
	320  -  MemoryUsage of job (MB)
	327080  -  ResidentSetSize of job (KB)
...
006 (454.976.000) 2022-04-08 16:30:15 Image size of job updated: 777716
	320  -  MemoryUsage of job (MB)
	327212  -  ResidentSetSize of job (KB)
...
006 (454.976.000) 2022-04-08 16:40:16 Image size of job updated: 777716
	320  -  MemoryUsage of job (MB)
	327344  -  ResidentSetSize of job (KB)
...
006 (454.976.000) 2022-04-08 16:45:17 Image size of job updated: 777972
	320  -  MemoryUsage of job (MB)
	327476  -  ResidentSetSize of job (KB)
...
006 (454.976.000) 2022-04-08 16:50:17 Image size of job updated: 777972
	320  -  MemoryUsage of job (MB)
	327608  -  ResidentSetSize of job (KB)
...
006 (454.976.000) 2022-04-08 17:00:19 Image size of job updated: 778228
	321  -  MemoryUsage of job (MB)
	327740  -  ResidentSetSize of job (KB)
...
006 (454.976.000) 2022-04-08 17:05:19 Image size of job updated: 778228
	321  -  MemoryUsage of job (MB)
	327872  -  ResidentSetSize of job (KB)
...
006 (454.976.000) 2022-04-08 17:10:19 Image size of job updated: 778484
	321  -  MemoryUsage of job (MB)
	328004  -  ResidentSetSize of job (KB)
...
006 (454.976.000) 2022-04-08 17:15:20 Image size of job updated: 778484
	321  -  MemoryUsage of job (MB)
	328136  -  ResidentSetSize of job (KB)
...
006 (454.976.000) 2022-04-08 17:25:21 Image size of job updated: 778740
	321  -  MemoryUsage of job (MB)
	328268  -  ResidentSetSize of job (KB)
...
006 (454.976.000) 2022-04-08 17:30:22 Image size of job updated: 778740
	321  -  MemoryUsage of job (MB)
	328400  -  ResidentSetSize of job (KB)
...
006 (454.976.000) 2022-04-08 17:35:23 Image size of job updated: 778996
	321  -  MemoryUsage of job (MB)
	328532  -  ResidentSetSize of job (KB)
...
006 (454.976.000) 2022-04-08 17:40:23 Image size of job updated: 778996
	321  -  MemoryUsage of job (MB)
	328664  -  ResidentSetSize of job (KB)
...
006 (454.976.000) 2022-04-08 17:45:23 Image size of job updated: 779252
	322  -  MemoryUsage of job (MB)
	328796  -  ResidentSetSize of job (KB)
...
006 (454.976.000) 2022-04-08 17:55:25 Image size of job updated: 779252
	322  -  MemoryUsage of job (MB)
	328928  -  ResidentSetSize of job (KB)
...
006 (454.976.000) 2022-04-08 18:00:25 Image size of job updated: 779508
	322  -  MemoryUsage of job (MB)
	329060  -  ResidentSetSize of job (KB)
...
006 (454.976.000) 2022-04-08 18:05:26 Image size of job updated: 779508
	322  -  MemoryUsage of job (MB)
	329192  -  ResidentSetSize of job (KB)
...
006 (454.976.000) 2022-04-08 18:10:27 Image size of job updated: 779764
	322  -  MemoryUsage of job (MB)
	329192  -  ResidentSetSize of job (KB)
...
005 (454.976.000) 2022-04-08 18:11:23 Job terminated.
	(1) Normal termination (return value 0)
		Usr 0 05:30:46, Sys 0 00:00:18  -  Run Remote Usage
		Usr 0 00:00:00, Sys 0 00:00:00  -  Run Local Usage
		Usr 0 05:30:46, Sys 0 00:00:18  -  Total Remote Usage
		Usr 0 00:00:00, Sys 0 00:00:00  -  Total Local Usage
	0  -  Run Bytes Sent By Job
	0  -  Run Bytes Received By Job
	0  -  Total Bytes Sent By Job
	0  -  Total Bytes Received By Job
	Partitionable Resources :    Usage  Request Allocated 
	   Cpus                 :     1.00        1         1 
	   Disk (KB)            :  7500        7500     10998 
	   Memory (MB)          :   322        1024      1024 

	Job terminated of its own accord at 2022-04-08T16:11:23Z with exit-code 0.
...
