000 (454.096.000) 2022-04-06 16:53:59 Job submitted from host: <10.18.24.243:9618?addrs=10.18.24.243-9618&alias=ecoclusts01.bioclust.biologie.ens.fr&noUDP&sock=schedd_1052_29b8>
...
001 (454.096.000) 2022-04-07 07:21:40 Job executing on host: <10.18.24.134:9618?addrs=10.18.24.134-9618&alias=dyoclust07.bioclust.biologie.ens.fr&noUDP&sock=startd_808_cc9c>
...
006 (454.096.000) 2022-04-07 07:21:49 Image size of job updated: 130552
	128  -  MemoryUsage of job (MB)
	130552  -  ResidentSetSize of job (KB)
...
006 (454.096.000) 2022-04-07 07:26:49 Image size of job updated: 741620
	317  -  MemoryUsage of job (MB)
	324044  -  ResidentSetSize of job (KB)
...
006 (454.096.000) 2022-04-07 07:31:49 Image size of job updated: 774388
	317  -  MemoryUsage of job (MB)
	324044  -  ResidentSetSize of job (KB)
...
006 (454.096.000) 2022-04-07 08:06:53 Image size of job updated: 774644
	317  -  MemoryUsage of job (MB)
	324176  -  ResidentSetSize of job (KB)
...
006 (454.096.000) 2022-04-07 08:11:53 Image size of job updated: 774644
	317  -  MemoryUsage of job (MB)
	324308  -  ResidentSetSize of job (KB)
...
006 (454.096.000) 2022-04-07 08:16:53 Image size of job updated: 774900
	317  -  MemoryUsage of job (MB)
	324572  -  ResidentSetSize of job (KB)
...
006 (454.096.000) 2022-04-07 08:21:54 Image size of job updated: 775156
	318  -  MemoryUsage of job (MB)
	324704  -  ResidentSetSize of job (KB)
...
006 (454.096.000) 2022-04-07 08:26:55 Image size of job updated: 775412
	318  -  MemoryUsage of job (MB)
	324968  -  ResidentSetSize of job (KB)
...
006 (454.096.000) 2022-04-07 08:31:55 Image size of job updated: 775668
	318  -  MemoryUsage of job (MB)
	325232  -  ResidentSetSize of job (KB)
...
006 (454.096.000) 2022-04-07 08:36:55 Image size of job updated: 775668
	318  -  MemoryUsage of job (MB)
	325364  -  ResidentSetSize of job (KB)
...
006 (454.096.000) 2022-04-07 08:41:56 Image size of job updated: 775924
	318  -  MemoryUsage of job (MB)
	325628  -  ResidentSetSize of job (KB)
...
006 (454.096.000) 2022-04-07 08:46:57 Image size of job updated: 776180
	319  -  MemoryUsage of job (MB)
	325760  -  ResidentSetSize of job (KB)
...
006 (454.096.000) 2022-04-07 08:51:57 Image size of job updated: 776436
	319  -  MemoryUsage of job (MB)
	326024  -  ResidentSetSize of job (KB)
...
006 (454.096.000) 2022-04-07 08:56:57 Image size of job updated: 776692
	319  -  MemoryUsage of job (MB)
	326288  -  ResidentSetSize of job (KB)
...
006 (454.096.000) 2022-04-07 09:01:58 Image size of job updated: 776948
	319  -  MemoryUsage of job (MB)
	326420  -  ResidentSetSize of job (KB)
...
006 (454.096.000) 2022-04-07 09:06:59 Image size of job updated: 776948
	319  -  MemoryUsage of job (MB)
	326552  -  ResidentSetSize of job (KB)
...
006 (454.096.000) 2022-04-07 09:16:59 Image size of job updated: 777204
	320  -  MemoryUsage of job (MB)
	326816  -  ResidentSetSize of job (KB)
...
006 (454.096.000) 2022-04-07 09:22:00 Image size of job updated: 777460
	320  -  MemoryUsage of job (MB)
	326948  -  ResidentSetSize of job (KB)
...
006 (454.096.000) 2022-04-07 09:27:01 Image size of job updated: 777460
	320  -  MemoryUsage of job (MB)
	327212  -  ResidentSetSize of job (KB)
...
006 (454.096.000) 2022-04-07 09:32:01 Image size of job updated: 777716
	320  -  MemoryUsage of job (MB)
	327344  -  ResidentSetSize of job (KB)
...
006 (454.096.000) 2022-04-07 09:37:01 Image size of job updated: 777972
	320  -  MemoryUsage of job (MB)
	327608  -  ResidentSetSize of job (KB)
...
006 (454.096.000) 2022-04-07 09:42:02 Image size of job updated: 778228
	321  -  MemoryUsage of job (MB)
	327740  -  ResidentSetSize of job (KB)
...
006 (454.096.000) 2022-04-07 09:47:03 Image size of job updated: 778484
	321  -  MemoryUsage of job (MB)
	328004  -  ResidentSetSize of job (KB)
...
006 (454.096.000) 2022-04-07 09:52:03 Image size of job updated: 778484
	321  -  MemoryUsage of job (MB)
	328136  -  ResidentSetSize of job (KB)
...
006 (454.096.000) 2022-04-07 09:57:03 Image size of job updated: 778740
	321  -  MemoryUsage of job (MB)
	328268  -  ResidentSetSize of job (KB)
...
006 (454.096.000) 2022-04-07 10:02:03 Image size of job updated: 778996
	321  -  MemoryUsage of job (MB)
	328532  -  ResidentSetSize of job (KB)
...
006 (454.096.000) 2022-04-07 10:07:04 Image size of job updated: 779252
	322  -  MemoryUsage of job (MB)
	328796  -  ResidentSetSize of job (KB)
...
006 (454.096.000) 2022-04-07 10:12:04 Image size of job updated: 779252
	322  -  MemoryUsage of job (MB)
	328928  -  ResidentSetSize of job (KB)
...
006 (454.096.000) 2022-04-07 10:17:04 Image size of job updated: 779508
	322  -  MemoryUsage of job (MB)
	329060  -  ResidentSetSize of job (KB)
...
006 (454.096.000) 2022-04-07 10:20:54 Image size of job updated: 779764
	322  -  MemoryUsage of job (MB)
	329060  -  ResidentSetSize of job (KB)
...
005 (454.096.000) 2022-04-07 10:20:54 Job terminated.
	(1) Normal termination (return value 0)
		Usr 0 02:58:33, Sys 0 00:00:26  -  Run Remote Usage
		Usr 0 00:00:00, Sys 0 00:00:00  -  Run Local Usage
		Usr 0 02:58:33, Sys 0 00:00:26  -  Total Remote Usage
		Usr 0 00:00:00, Sys 0 00:00:00  -  Total Local Usage
	0  -  Run Bytes Sent By Job
	0  -  Run Bytes Received By Job
	0  -  Total Bytes Sent By Job
	0  -  Total Bytes Received By Job
	Partitionable Resources :    Usage  Request Allocated 
	   Cpus                 :     1.00        1         1 
	   Disk (KB)            :  7500        7500     10998 
	   Memory (MB)          :   322        1024      1024 

	Job terminated of its own accord at 2022-04-07T08:20:54Z with exit-code 0.
...
