000 (454.222.000) 2022-04-06 16:54:00 Job submitted from host: <10.18.24.243:9618?addrs=10.18.24.243-9618&alias=ecoclusts01.bioclust.biologie.ens.fr&noUDP&sock=schedd_1052_29b8>
...
001 (454.222.000) 2022-04-07 13:47:04 Job executing on host: <10.18.24.175:9618?addrs=10.18.24.175-9618&alias=mcbsclust04.bioclust.biologie.ens.fr&noUDP&sock=startd_869_a3e3>
...
006 (454.222.000) 2022-04-07 13:47:13 Image size of job updated: 233660
	98  -  MemoryUsage of job (MB)
	100160  -  ResidentSetSize of job (KB)
...
006 (454.222.000) 2022-04-07 13:52:14 Image size of job updated: 741620
	317  -  MemoryUsage of job (MB)
	324100  -  ResidentSetSize of job (KB)
...
006 (454.222.000) 2022-04-07 14:02:15 Image size of job updated: 774388
	317  -  MemoryUsage of job (MB)
	324100  -  ResidentSetSize of job (KB)
...
006 (454.222.000) 2022-04-07 15:17:24 Image size of job updated: 774644
	317  -  MemoryUsage of job (MB)
	324232  -  ResidentSetSize of job (KB)
...
006 (454.222.000) 2022-04-07 15:27:24 Image size of job updated: 774900
	317  -  MemoryUsage of job (MB)
	324364  -  ResidentSetSize of job (KB)
...
006 (454.222.000) 2022-04-07 15:32:25 Image size of job updated: 774900
	317  -  MemoryUsage of job (MB)
	324496  -  ResidentSetSize of job (KB)
...
006 (454.222.000) 2022-04-07 15:42:26 Image size of job updated: 774900
	318  -  MemoryUsage of job (MB)
	324628  -  ResidentSetSize of job (KB)
...
006 (454.222.000) 2022-04-07 15:47:27 Image size of job updated: 775156
	318  -  MemoryUsage of job (MB)
	324760  -  ResidentSetSize of job (KB)
...
006 (454.222.000) 2022-04-07 15:57:28 Image size of job updated: 775156
	318  -  MemoryUsage of job (MB)
	324892  -  ResidentSetSize of job (KB)
...
006 (454.222.000) 2022-04-07 16:02:28 Image size of job updated: 775412
	318  -  MemoryUsage of job (MB)
	325024  -  ResidentSetSize of job (KB)
...
006 (454.222.000) 2022-04-07 16:12:30 Image size of job updated: 775668
	318  -  MemoryUsage of job (MB)
	325156  -  ResidentSetSize of job (KB)
...
006 (454.222.000) 2022-04-07 16:17:30 Image size of job updated: 775668
	318  -  MemoryUsage of job (MB)
	325288  -  ResidentSetSize of job (KB)
...
006 (454.222.000) 2022-04-07 16:27:32 Image size of job updated: 775924
	318  -  MemoryUsage of job (MB)
	325420  -  ResidentSetSize of job (KB)
...
006 (454.222.000) 2022-04-07 16:32:32 Image size of job updated: 775924
	318  -  MemoryUsage of job (MB)
	325552  -  ResidentSetSize of job (KB)
...
006 (454.222.000) 2022-04-07 16:42:33 Image size of job updated: 775924
	319  -  MemoryUsage of job (MB)
	325684  -  ResidentSetSize of job (KB)
...
006 (454.222.000) 2022-04-07 16:47:34 Image size of job updated: 776180
	319  -  MemoryUsage of job (MB)
	325684  -  ResidentSetSize of job (KB)
...
006 (454.222.000) 2022-04-07 16:52:34 Image size of job updated: 776180
	319  -  MemoryUsage of job (MB)
	325816  -  ResidentSetSize of job (KB)
...
006 (454.222.000) 2022-04-07 16:57:35 Image size of job updated: 776180
	319  -  MemoryUsage of job (MB)
	325948  -  ResidentSetSize of job (KB)
...
006 (454.222.000) 2022-04-07 17:02:36 Image size of job updated: 776436
	319  -  MemoryUsage of job (MB)
	325948  -  ResidentSetSize of job (KB)
...
006 (454.222.000) 2022-04-07 17:07:36 Image size of job updated: 776436
	319  -  MemoryUsage of job (MB)
	326080  -  ResidentSetSize of job (KB)
...
006 (454.222.000) 2022-04-07 17:12:36 Image size of job updated: 776692
	319  -  MemoryUsage of job (MB)
	326212  -  ResidentSetSize of job (KB)
...
006 (454.222.000) 2022-04-07 17:17:37 Image size of job updated: 776692
	319  -  MemoryUsage of job (MB)
	326344  -  ResidentSetSize of job (KB)
...
006 (454.222.000) 2022-04-07 17:27:38 Image size of job updated: 776948
	319  -  MemoryUsage of job (MB)
	326476  -  ResidentSetSize of job (KB)
...
006 (454.222.000) 2022-04-07 17:32:39 Image size of job updated: 776948
	319  -  MemoryUsage of job (MB)
	326608  -  ResidentSetSize of job (KB)
...
006 (454.222.000) 2022-04-07 17:52:42 Image size of job updated: 777204
	320  -  MemoryUsage of job (MB)
	326740  -  ResidentSetSize of job (KB)
...
006 (454.222.000) 2022-04-07 18:02:42 Image size of job updated: 777204
	320  -  MemoryUsage of job (MB)
	326872  -  ResidentSetSize of job (KB)
...
006 (454.222.000) 2022-04-07 18:07:43 Image size of job updated: 777460
	320  -  MemoryUsage of job (MB)
	327004  -  ResidentSetSize of job (KB)
...
006 (454.222.000) 2022-04-07 18:12:44 Image size of job updated: 777460
	320  -  MemoryUsage of job (MB)
	327136  -  ResidentSetSize of job (KB)
...
006 (454.222.000) 2022-04-07 18:22:44 Image size of job updated: 777716
	320  -  MemoryUsage of job (MB)
	327268  -  ResidentSetSize of job (KB)
...
006 (454.222.000) 2022-04-07 18:27:45 Image size of job updated: 777716
	320  -  MemoryUsage of job (MB)
	327400  -  ResidentSetSize of job (KB)
...
006 (454.222.000) 2022-04-07 18:37:45 Image size of job updated: 777972
	320  -  MemoryUsage of job (MB)
	327532  -  ResidentSetSize of job (KB)
...
006 (454.222.000) 2022-04-07 18:47:47 Image size of job updated: 777972
	320  -  MemoryUsage of job (MB)
	327664  -  ResidentSetSize of job (KB)
...
006 (454.222.000) 2022-04-07 18:52:47 Image size of job updated: 778228
	321  -  MemoryUsage of job (MB)
	327796  -  ResidentSetSize of job (KB)
...
006 (454.222.000) 2022-04-07 18:57:47 Image size of job updated: 778228
	321  -  MemoryUsage of job (MB)
	327928  -  ResidentSetSize of job (KB)
...
006 (454.222.000) 2022-04-07 19:02:48 Image size of job updated: 778484
	321  -  MemoryUsage of job (MB)
	327928  -  ResidentSetSize of job (KB)
...
006 (454.222.000) 2022-04-07 19:07:48 Image size of job updated: 778484
	321  -  MemoryUsage of job (MB)
	328060  -  ResidentSetSize of job (KB)
...
006 (454.222.000) 2022-04-07 19:12:48 Image size of job updated: 778484
	321  -  MemoryUsage of job (MB)
	328192  -  ResidentSetSize of job (KB)
...
006 (454.222.000) 2022-04-07 19:17:49 Image size of job updated: 778740
	321  -  MemoryUsage of job (MB)
	328192  -  ResidentSetSize of job (KB)
...
006 (454.222.000) 2022-04-07 19:22:50 Image size of job updated: 778740
	321  -  MemoryUsage of job (MB)
	328324  -  ResidentSetSize of job (KB)
...
006 (454.222.000) 2022-04-07 19:27:50 Image size of job updated: 778740
	321  -  MemoryUsage of job (MB)
	328456  -  ResidentSetSize of job (KB)
...
006 (454.222.000) 2022-04-07 19:32:50 Image size of job updated: 778996
	321  -  MemoryUsage of job (MB)
	328588  -  ResidentSetSize of job (KB)
...
006 (454.222.000) 2022-04-07 19:42:51 Image size of job updated: 778996
	322  -  MemoryUsage of job (MB)
	328720  -  ResidentSetSize of job (KB)
...
006 (454.222.000) 2022-04-07 19:47:51 Image size of job updated: 779252
	322  -  MemoryUsage of job (MB)
	328852  -  ResidentSetSize of job (KB)
...
006 (454.222.000) 2022-04-07 19:57:53 Image size of job updated: 779252
	322  -  MemoryUsage of job (MB)
	328984  -  ResidentSetSize of job (KB)
...
006 (454.222.000) 2022-04-07 20:02:53 Image size of job updated: 779508
	322  -  MemoryUsage of job (MB)
	329116  -  ResidentSetSize of job (KB)
...
006 (454.222.000) 2022-04-07 20:12:54 Image size of job updated: 779508
	322  -  MemoryUsage of job (MB)
	329248  -  ResidentSetSize of job (KB)
...
006 (454.222.000) 2022-04-07 20:15:57 Image size of job updated: 779764
	322  -  MemoryUsage of job (MB)
	329248  -  ResidentSetSize of job (KB)
...
005 (454.222.000) 2022-04-07 20:15:57 Job terminated.
	(1) Normal termination (return value 0)
		Usr 0 06:27:26, Sys 0 00:00:23  -  Run Remote Usage
		Usr 0 00:00:00, Sys 0 00:00:00  -  Run Local Usage
		Usr 0 06:27:26, Sys 0 00:00:23  -  Total Remote Usage
		Usr 0 00:00:00, Sys 0 00:00:00  -  Total Local Usage
	0  -  Run Bytes Sent By Job
	0  -  Run Bytes Received By Job
	0  -  Total Bytes Sent By Job
	0  -  Total Bytes Received By Job
	Partitionable Resources :    Usage  Request Allocated 
	   Cpus                 :     1.00        1         1 
	   Disk (KB)            :  7500        7500     10998 
	   Memory (MB)          :   322        1024      1024 

	Job terminated of its own accord at 2022-04-07T18:15:57Z with exit-code 0.
...
