000 (454.196.000) 2022-04-06 16:53:59 Job submitted from host: <10.18.24.243:9618?addrs=10.18.24.243-9618&alias=ecoclusts01.bioclust.biologie.ens.fr&noUDP&sock=schedd_1052_29b8>
...
001 (454.196.000) 2022-04-07 12:37:03 Job executing on host: <10.18.24.138:9618?addrs=10.18.24.138-9618&alias=dyoclust11.bioclust.biologie.ens.fr&noUDP&sock=startd_801_ff73>
...
006 (454.196.000) 2022-04-07 12:37:12 Image size of job updated: 208880
	160  -  MemoryUsage of job (MB)
	163156  -  ResidentSetSize of job (KB)
...
006 (454.196.000) 2022-04-07 12:42:12 Image size of job updated: 741620
	317  -  MemoryUsage of job (MB)
	324132  -  ResidentSetSize of job (KB)
...
006 (454.196.000) 2022-04-07 12:47:13 Image size of job updated: 774388
	317  -  MemoryUsage of job (MB)
	324132  -  ResidentSetSize of job (KB)
...
006 (454.196.000) 2022-04-07 13:32:17 Image size of job updated: 774644
	317  -  MemoryUsage of job (MB)
	324132  -  ResidentSetSize of job (KB)
...
006 (454.196.000) 2022-04-07 13:37:17 Image size of job updated: 774644
	317  -  MemoryUsage of job (MB)
	324264  -  ResidentSetSize of job (KB)
...
006 (454.196.000) 2022-04-07 13:42:18 Image size of job updated: 774900
	317  -  MemoryUsage of job (MB)
	324528  -  ResidentSetSize of job (KB)
...
006 (454.196.000) 2022-04-07 13:47:18 Image size of job updated: 775156
	318  -  MemoryUsage of job (MB)
	324660  -  ResidentSetSize of job (KB)
...
006 (454.196.000) 2022-04-07 13:52:18 Image size of job updated: 775156
	318  -  MemoryUsage of job (MB)
	324792  -  ResidentSetSize of job (KB)
...
006 (454.196.000) 2022-04-07 13:57:19 Image size of job updated: 775412
	318  -  MemoryUsage of job (MB)
	324924  -  ResidentSetSize of job (KB)
...
006 (454.196.000) 2022-04-07 14:02:20 Image size of job updated: 775412
	318  -  MemoryUsage of job (MB)
	325056  -  ResidentSetSize of job (KB)
...
006 (454.196.000) 2022-04-07 14:07:20 Image size of job updated: 775668
	318  -  MemoryUsage of job (MB)
	325188  -  ResidentSetSize of job (KB)
...
006 (454.196.000) 2022-04-07 14:12:20 Image size of job updated: 775924
	318  -  MemoryUsage of job (MB)
	325452  -  ResidentSetSize of job (KB)
...
006 (454.196.000) 2022-04-07 14:17:21 Image size of job updated: 775924
	318  -  MemoryUsage of job (MB)
	325584  -  ResidentSetSize of job (KB)
...
006 (454.196.000) 2022-04-07 14:22:21 Image size of job updated: 776180
	319  -  MemoryUsage of job (MB)
	325848  -  ResidentSetSize of job (KB)
...
006 (454.196.000) 2022-04-07 14:27:21 Image size of job updated: 776436
	319  -  MemoryUsage of job (MB)
	325980  -  ResidentSetSize of job (KB)
...
006 (454.196.000) 2022-04-07 14:32:22 Image size of job updated: 776692
	319  -  MemoryUsage of job (MB)
	326244  -  ResidentSetSize of job (KB)
...
006 (454.196.000) 2022-04-07 14:37:23 Image size of job updated: 776692
	319  -  MemoryUsage of job (MB)
	326376  -  ResidentSetSize of job (KB)
...
006 (454.196.000) 2022-04-07 14:42:23 Image size of job updated: 776948
	319  -  MemoryUsage of job (MB)
	326640  -  ResidentSetSize of job (KB)
...
006 (454.196.000) 2022-04-07 14:57:25 Image size of job updated: 777204
	320  -  MemoryUsage of job (MB)
	326876  -  ResidentSetSize of job (KB)
...
006 (454.196.000) 2022-04-07 15:02:25 Image size of job updated: 777460
	320  -  MemoryUsage of job (MB)
	327008  -  ResidentSetSize of job (KB)
...
006 (454.196.000) 2022-04-07 15:07:26 Image size of job updated: 777716
	320  -  MemoryUsage of job (MB)
	327272  -  ResidentSetSize of job (KB)
...
006 (454.196.000) 2022-04-07 15:12:26 Image size of job updated: 777716
	320  -  MemoryUsage of job (MB)
	327404  -  ResidentSetSize of job (KB)
...
006 (454.196.000) 2022-04-07 15:17:26 Image size of job updated: 777972
	320  -  MemoryUsage of job (MB)
	327668  -  ResidentSetSize of job (KB)
...
006 (454.196.000) 2022-04-07 15:22:27 Image size of job updated: 778228
	321  -  MemoryUsage of job (MB)
	327800  -  ResidentSetSize of job (KB)
...
006 (454.196.000) 2022-04-07 15:27:28 Image size of job updated: 778484
	321  -  MemoryUsage of job (MB)
	327932  -  ResidentSetSize of job (KB)
...
006 (454.196.000) 2022-04-07 15:32:28 Image size of job updated: 778484
	321  -  MemoryUsage of job (MB)
	328196  -  ResidentSetSize of job (KB)
...
006 (454.196.000) 2022-04-07 15:37:28 Image size of job updated: 778740
	321  -  MemoryUsage of job (MB)
	328328  -  ResidentSetSize of job (KB)
...
006 (454.196.000) 2022-04-07 15:42:29 Image size of job updated: 778996
	321  -  MemoryUsage of job (MB)
	328592  -  ResidentSetSize of job (KB)
...
006 (454.196.000) 2022-04-07 15:47:29 Image size of job updated: 778996
	322  -  MemoryUsage of job (MB)
	328724  -  ResidentSetSize of job (KB)
...
006 (454.196.000) 2022-04-07 15:52:29 Image size of job updated: 779252
	322  -  MemoryUsage of job (MB)
	328856  -  ResidentSetSize of job (KB)
...
006 (454.196.000) 2022-04-07 15:57:30 Image size of job updated: 779508
	322  -  MemoryUsage of job (MB)
	329120  -  ResidentSetSize of job (KB)
...
006 (454.196.000) 2022-04-07 16:02:31 Image size of job updated: 779764
	322  -  MemoryUsage of job (MB)
	329252  -  ResidentSetSize of job (KB)
...
005 (454.196.000) 2022-04-07 16:03:00 Job terminated.
	(1) Normal termination (return value 0)
		Usr 0 03:23:48, Sys 0 00:00:27  -  Run Remote Usage
		Usr 0 00:00:00, Sys 0 00:00:00  -  Run Local Usage
		Usr 0 03:23:48, Sys 0 00:00:27  -  Total Remote Usage
		Usr 0 00:00:00, Sys 0 00:00:00  -  Total Local Usage
	0  -  Run Bytes Sent By Job
	0  -  Run Bytes Received By Job
	0  -  Total Bytes Sent By Job
	0  -  Total Bytes Received By Job
	Partitionable Resources :    Usage  Request Allocated 
	   Cpus                 :     1.00        1         1 
	   Disk (KB)            :  7500        7500     10998 
	   Memory (MB)          :   322        1024      1024 

	Job terminated of its own accord at 2022-04-07T14:03:00Z with exit-code 0.
...
