000 (454.480.000) 2022-04-06 16:54:01 Job submitted from host: <10.18.24.243:9618?addrs=10.18.24.243-9618&alias=ecoclusts01.bioclust.biologie.ens.fr&noUDP&sock=schedd_1052_29b8>
...
001 (454.480.000) 2022-04-07 22:50:57 Job executing on host: <10.18.24.137:9618?addrs=10.18.24.137-9618&alias=dyoclust10.bioclust.biologie.ens.fr&noUDP&sock=startd_830_e3b2>
...
006 (454.480.000) 2022-04-07 22:51:06 Image size of job updated: 325188
	123  -  MemoryUsage of job (MB)
	125504  -  ResidentSetSize of job (KB)
...
006 (454.480.000) 2022-04-07 22:56:06 Image size of job updated: 741620
	317  -  MemoryUsage of job (MB)
	324064  -  ResidentSetSize of job (KB)
...
006 (454.480.000) 2022-04-07 23:01:06 Image size of job updated: 774388
	317  -  MemoryUsage of job (MB)
	324064  -  ResidentSetSize of job (KB)
...
006 (454.480.000) 2022-04-07 23:41:10 Image size of job updated: 774644
	317  -  MemoryUsage of job (MB)
	324196  -  ResidentSetSize of job (KB)
...
006 (454.480.000) 2022-04-07 23:46:10 Image size of job updated: 774900
	317  -  MemoryUsage of job (MB)
	324460  -  ResidentSetSize of job (KB)
...
006 (454.480.000) 2022-04-07 23:51:10 Image size of job updated: 774900
	317  -  MemoryUsage of job (MB)
	324592  -  ResidentSetSize of job (KB)
...
006 (454.480.000) 2022-04-07 23:56:11 Image size of job updated: 775156
	318  -  MemoryUsage of job (MB)
	324724  -  ResidentSetSize of job (KB)
...
006 (454.480.000) 2022-04-08 00:01:12 Image size of job updated: 775412
	318  -  MemoryUsage of job (MB)
	324988  -  ResidentSetSize of job (KB)
...
006 (454.480.000) 2022-04-08 00:06:12 Image size of job updated: 775668
	318  -  MemoryUsage of job (MB)
	325120  -  ResidentSetSize of job (KB)
...
006 (454.480.000) 2022-04-08 00:11:12 Image size of job updated: 775668
	318  -  MemoryUsage of job (MB)
	325384  -  ResidentSetSize of job (KB)
...
006 (454.480.000) 2022-04-08 00:16:13 Image size of job updated: 775924
	318  -  MemoryUsage of job (MB)
	325516  -  ResidentSetSize of job (KB)
...
006 (454.480.000) 2022-04-08 00:21:13 Image size of job updated: 776180
	319  -  MemoryUsage of job (MB)
	325780  -  ResidentSetSize of job (KB)
...
006 (454.480.000) 2022-04-08 00:26:13 Image size of job updated: 776436
	319  -  MemoryUsage of job (MB)
	325912  -  ResidentSetSize of job (KB)
...
006 (454.480.000) 2022-04-08 00:31:14 Image size of job updated: 776692
	319  -  MemoryUsage of job (MB)
	326176  -  ResidentSetSize of job (KB)
...
006 (454.480.000) 2022-04-08 00:36:15 Image size of job updated: 776692
	319  -  MemoryUsage of job (MB)
	326308  -  ResidentSetSize of job (KB)
...
006 (454.480.000) 2022-04-08 00:41:14 Image size of job updated: 776948
	319  -  MemoryUsage of job (MB)
	326572  -  ResidentSetSize of job (KB)
...
006 (454.480.000) 2022-04-08 00:51:16 Image size of job updated: 777204
	320  -  MemoryUsage of job (MB)
	326704  -  ResidentSetSize of job (KB)
...
006 (454.480.000) 2022-04-08 00:56:16 Image size of job updated: 777204
	320  -  MemoryUsage of job (MB)
	326836  -  ResidentSetSize of job (KB)
...
006 (454.480.000) 2022-04-08 01:01:16 Image size of job updated: 777460
	320  -  MemoryUsage of job (MB)
	327100  -  ResidentSetSize of job (KB)
...
006 (454.480.000) 2022-04-08 01:06:17 Image size of job updated: 777716
	320  -  MemoryUsage of job (MB)
	327232  -  ResidentSetSize of job (KB)
...
006 (454.480.000) 2022-04-08 01:11:18 Image size of job updated: 777716
	320  -  MemoryUsage of job (MB)
	327364  -  ResidentSetSize of job (KB)
...
006 (454.480.000) 2022-04-08 01:16:18 Image size of job updated: 777972
	320  -  MemoryUsage of job (MB)
	327628  -  ResidentSetSize of job (KB)
...
006 (454.480.000) 2022-04-08 01:21:18 Image size of job updated: 778228
	321  -  MemoryUsage of job (MB)
	327760  -  ResidentSetSize of job (KB)
...
006 (454.480.000) 2022-04-08 01:26:19 Image size of job updated: 778484
	321  -  MemoryUsage of job (MB)
	327892  -  ResidentSetSize of job (KB)
...
006 (454.480.000) 2022-04-08 01:31:19 Image size of job updated: 778484
	321  -  MemoryUsage of job (MB)
	328156  -  ResidentSetSize of job (KB)
...
006 (454.480.000) 2022-04-08 01:36:19 Image size of job updated: 778740
	321  -  MemoryUsage of job (MB)
	328288  -  ResidentSetSize of job (KB)
...
006 (454.480.000) 2022-04-08 01:41:20 Image size of job updated: 778996
	321  -  MemoryUsage of job (MB)
	328552  -  ResidentSetSize of job (KB)
...
006 (454.480.000) 2022-04-08 01:46:21 Image size of job updated: 779252
	321  -  MemoryUsage of job (MB)
	328684  -  ResidentSetSize of job (KB)
...
006 (454.480.000) 2022-04-08 01:51:21 Image size of job updated: 779252
	322  -  MemoryUsage of job (MB)
	328948  -  ResidentSetSize of job (KB)
...
006 (454.480.000) 2022-04-08 01:56:21 Image size of job updated: 779508
	322  -  MemoryUsage of job (MB)
	329080  -  ResidentSetSize of job (KB)
...
006 (454.480.000) 2022-04-08 02:00:17 Image size of job updated: 779764
	322  -  MemoryUsage of job (MB)
	329080  -  ResidentSetSize of job (KB)
...
005 (454.480.000) 2022-04-08 02:00:17 Job terminated.
	(1) Normal termination (return value 0)
		Usr 0 03:07:32, Sys 0 00:00:27  -  Run Remote Usage
		Usr 0 00:00:00, Sys 0 00:00:00  -  Run Local Usage
		Usr 0 03:07:32, Sys 0 00:00:27  -  Total Remote Usage
		Usr 0 00:00:00, Sys 0 00:00:00  -  Total Local Usage
	0  -  Run Bytes Sent By Job
	0  -  Run Bytes Received By Job
	0  -  Total Bytes Sent By Job
	0  -  Total Bytes Received By Job
	Partitionable Resources :    Usage  Request Allocated 
	   Cpus                 :     1.00        1         1 
	   Disk (KB)            :  7500        7500     10999 
	   Memory (MB)          :   322        1024      1024 

	Job terminated of its own accord at 2022-04-08T00:00:17Z with exit-code 0.
...
