000 (454.897.000) 2022-04-06 16:54:03 Job submitted from host: <10.18.24.243:9618?addrs=10.18.24.243-9618&alias=ecoclusts01.bioclust.biologie.ens.fr&noUDP&sock=schedd_1052_29b8>
...
001 (454.897.000) 2022-04-08 10:29:05 Job executing on host: <10.18.24.176:9618?addrs=10.18.24.176-9618&alias=mcbsclust05.bioclust.biologie.ens.fr&noUDP&sock=startd_869_a3e3>
...
006 (454.897.000) 2022-04-08 10:29:14 Image size of job updated: 193792
	99  -  MemoryUsage of job (MB)
	100632  -  ResidentSetSize of job (KB)
...
006 (454.897.000) 2022-04-08 10:34:15 Image size of job updated: 741620
	317  -  MemoryUsage of job (MB)
	323980  -  ResidentSetSize of job (KB)
...
006 (454.897.000) 2022-04-08 10:39:15 Image size of job updated: 774388
	317  -  MemoryUsage of job (MB)
	324004  -  ResidentSetSize of job (KB)
...
006 (454.897.000) 2022-04-08 12:09:25 Image size of job updated: 774644
	317  -  MemoryUsage of job (MB)
	324136  -  ResidentSetSize of job (KB)
...
006 (454.897.000) 2022-04-08 12:19:27 Image size of job updated: 774644
	317  -  MemoryUsage of job (MB)
	324268  -  ResidentSetSize of job (KB)
...
006 (454.897.000) 2022-04-08 12:24:27 Image size of job updated: 774900
	317  -  MemoryUsage of job (MB)
	324400  -  ResidentSetSize of job (KB)
...
006 (454.897.000) 2022-04-08 12:29:27 Image size of job updated: 774900
	317  -  MemoryUsage of job (MB)
	324532  -  ResidentSetSize of job (KB)
...
006 (454.897.000) 2022-04-08 12:34:28 Image size of job updated: 775156
	317  -  MemoryUsage of job (MB)
	324532  -  ResidentSetSize of job (KB)
...
006 (454.897.000) 2022-04-08 12:39:29 Image size of job updated: 775156
	318  -  MemoryUsage of job (MB)
	324664  -  ResidentSetSize of job (KB)
...
006 (454.897.000) 2022-04-08 12:44:29 Image size of job updated: 775156
	318  -  MemoryUsage of job (MB)
	324796  -  ResidentSetSize of job (KB)
...
006 (454.897.000) 2022-04-08 12:49:30 Image size of job updated: 775412
	318  -  MemoryUsage of job (MB)
	324796  -  ResidentSetSize of job (KB)
...
006 (454.897.000) 2022-04-08 12:54:31 Image size of job updated: 775412
	318  -  MemoryUsage of job (MB)
	324928  -  ResidentSetSize of job (KB)
...
006 (454.897.000) 2022-04-08 12:59:31 Image size of job updated: 775412
	318  -  MemoryUsage of job (MB)
	325060  -  ResidentSetSize of job (KB)
...
006 (454.897.000) 2022-04-08 13:04:31 Image size of job updated: 775668
	318  -  MemoryUsage of job (MB)
	325192  -  ResidentSetSize of job (KB)
...
006 (454.897.000) 2022-04-08 13:09:32 Image size of job updated: 775668
	318  -  MemoryUsage of job (MB)
	325324  -  ResidentSetSize of job (KB)
...
006 (454.897.000) 2022-04-08 13:14:33 Image size of job updated: 775924
	318  -  MemoryUsage of job (MB)
	325456  -  ResidentSetSize of job (KB)
...
006 (454.897.000) 2022-04-08 13:19:33 Image size of job updated: 775924
	318  -  MemoryUsage of job (MB)
	325588  -  ResidentSetSize of job (KB)
...
006 (454.897.000) 2022-04-08 13:24:34 Image size of job updated: 776180
	319  -  MemoryUsage of job (MB)
	325720  -  ResidentSetSize of job (KB)
...
006 (454.897.000) 2022-04-08 13:34:35 Image size of job updated: 776436
	319  -  MemoryUsage of job (MB)
	325852  -  ResidentSetSize of job (KB)
...
006 (454.897.000) 2022-04-08 13:39:35 Image size of job updated: 776436
	319  -  MemoryUsage of job (MB)
	325984  -  ResidentSetSize of job (KB)
...
006 (454.897.000) 2022-04-08 13:44:36 Image size of job updated: 776692
	319  -  MemoryUsage of job (MB)
	326116  -  ResidentSetSize of job (KB)
...
006 (454.897.000) 2022-04-08 13:49:37 Image size of job updated: 776692
	319  -  MemoryUsage of job (MB)
	326248  -  ResidentSetSize of job (KB)
...
006 (454.897.000) 2022-04-08 13:54:37 Image size of job updated: 776948
	319  -  MemoryUsage of job (MB)
	326380  -  ResidentSetSize of job (KB)
...
006 (454.897.000) 2022-04-08 13:59:38 Image size of job updated: 776948
	319  -  MemoryUsage of job (MB)
	326512  -  ResidentSetSize of job (KB)
...
006 (454.897.000) 2022-04-08 14:19:40 Image size of job updated: 776948
	319  -  MemoryUsage of job (MB)
	326644  -  ResidentSetSize of job (KB)
...
006 (454.897.000) 2022-04-08 14:24:41 Image size of job updated: 777204
	320  -  MemoryUsage of job (MB)
	326776  -  ResidentSetSize of job (KB)
...
006 (454.897.000) 2022-04-08 14:34:42 Image size of job updated: 777460
	320  -  MemoryUsage of job (MB)
	326908  -  ResidentSetSize of job (KB)
...
006 (454.897.000) 2022-04-08 14:39:43 Image size of job updated: 777460
	320  -  MemoryUsage of job (MB)
	327040  -  ResidentSetSize of job (KB)
...
006 (454.897.000) 2022-04-08 14:44:43 Image size of job updated: 777716
	320  -  MemoryUsage of job (MB)
	327172  -  ResidentSetSize of job (KB)
...
006 (454.897.000) 2022-04-08 14:49:43 Image size of job updated: 777716
	320  -  MemoryUsage of job (MB)
	327304  -  ResidentSetSize of job (KB)
...
006 (454.897.000) 2022-04-08 14:54:44 Image size of job updated: 777716
	320  -  MemoryUsage of job (MB)
	327436  -  ResidentSetSize of job (KB)
...
006 (454.897.000) 2022-04-08 14:59:45 Image size of job updated: 777972
	320  -  MemoryUsage of job (MB)
	327436  -  ResidentSetSize of job (KB)
...
006 (454.897.000) 2022-04-08 15:04:45 Image size of job updated: 777972
	320  -  MemoryUsage of job (MB)
	327568  -  ResidentSetSize of job (KB)
...
006 (454.897.000) 2022-04-08 15:09:45 Image size of job updated: 778228
	321  -  MemoryUsage of job (MB)
	327700  -  ResidentSetSize of job (KB)
...
006 (454.897.000) 2022-04-08 15:14:46 Image size of job updated: 778228
	321  -  MemoryUsage of job (MB)
	327832  -  ResidentSetSize of job (KB)
...
006 (454.897.000) 2022-04-08 15:24:46 Image size of job updated: 778484
	321  -  MemoryUsage of job (MB)
	327964  -  ResidentSetSize of job (KB)
...
006 (454.897.000) 2022-04-08 15:29:47 Image size of job updated: 778484
	321  -  MemoryUsage of job (MB)
	328096  -  ResidentSetSize of job (KB)
...
006 (454.897.000) 2022-04-08 15:34:48 Image size of job updated: 778740
	321  -  MemoryUsage of job (MB)
	328228  -  ResidentSetSize of job (KB)
...
006 (454.897.000) 2022-04-08 15:39:48 Image size of job updated: 778740
	321  -  MemoryUsage of job (MB)
	328360  -  ResidentSetSize of job (KB)
...
006 (454.897.000) 2022-04-08 15:44:48 Image size of job updated: 778996
	321  -  MemoryUsage of job (MB)
	328492  -  ResidentSetSize of job (KB)
...
006 (454.897.000) 2022-04-08 15:54:50 Image size of job updated: 778996
	321  -  MemoryUsage of job (MB)
	328624  -  ResidentSetSize of job (KB)
...
006 (454.897.000) 2022-04-08 15:59:50 Image size of job updated: 779252
	322  -  MemoryUsage of job (MB)
	328756  -  ResidentSetSize of job (KB)
...
006 (454.897.000) 2022-04-08 16:04:50 Image size of job updated: 779252
	322  -  MemoryUsage of job (MB)
	328888  -  ResidentSetSize of job (KB)
...
006 (454.897.000) 2022-04-08 16:09:51 Image size of job updated: 779508
	322  -  MemoryUsage of job (MB)
	329020  -  ResidentSetSize of job (KB)
...
006 (454.897.000) 2022-04-08 16:14:52 Image size of job updated: 779508
	322  -  MemoryUsage of job (MB)
	329152  -  ResidentSetSize of job (KB)
...
006 (454.897.000) 2022-04-08 16:19:52 Image size of job updated: 779764
	322  -  MemoryUsage of job (MB)
	329152  -  ResidentSetSize of job (KB)
...
005 (454.897.000) 2022-04-08 16:20:01 Job terminated.
	(1) Normal termination (return value 0)
		Usr 0 05:49:45, Sys 0 00:00:19  -  Run Remote Usage
		Usr 0 00:00:00, Sys 0 00:00:00  -  Run Local Usage
		Usr 0 05:49:45, Sys 0 00:00:19  -  Total Remote Usage
		Usr 0 00:00:00, Sys 0 00:00:00  -  Total Local Usage
	0  -  Run Bytes Sent By Job
	0  -  Run Bytes Received By Job
	0  -  Total Bytes Sent By Job
	0  -  Total Bytes Received By Job
	Partitionable Resources :    Usage  Request Allocated 
	   Cpus                 :     1.00        1         1 
	   Disk (KB)            :  7500        7500     11001 
	   Memory (MB)          :   322        1024      1024 

	Job terminated of its own accord at 2022-04-08T14:20:01Z with exit-code 0.
...
