000 (454.353.000) 2022-04-06 16:54:00 Job submitted from host: <10.18.24.243:9618?addrs=10.18.24.243-9618&alias=ecoclusts01.bioclust.biologie.ens.fr&noUDP&sock=schedd_1052_29b8>
...
001 (454.353.000) 2022-04-07 18:57:17 Job executing on host: <10.18.24.134:9618?addrs=10.18.24.134-9618&alias=dyoclust07.bioclust.biologie.ens.fr&noUDP&sock=startd_808_cc9c>
...
006 (454.353.000) 2022-04-07 18:57:25 Image size of job updated: 183508
	180  -  MemoryUsage of job (MB)
	183508  -  ResidentSetSize of job (KB)
...
006 (454.353.000) 2022-04-07 19:02:25 Image size of job updated: 741876
	317  -  MemoryUsage of job (MB)
	324304  -  ResidentSetSize of job (KB)
...
006 (454.353.000) 2022-04-07 19:07:26 Image size of job updated: 774644
	317  -  MemoryUsage of job (MB)
	324328  -  ResidentSetSize of job (KB)
...
006 (454.353.000) 2022-04-07 19:47:30 Image size of job updated: 774900
	317  -  MemoryUsage of job (MB)
	324460  -  ResidentSetSize of job (KB)
...
006 (454.353.000) 2022-04-07 19:52:31 Image size of job updated: 775156
	318  -  MemoryUsage of job (MB)
	324724  -  ResidentSetSize of job (KB)
...
006 (454.353.000) 2022-04-07 19:57:31 Image size of job updated: 775412
	318  -  MemoryUsage of job (MB)
	324856  -  ResidentSetSize of job (KB)
...
006 (454.353.000) 2022-04-07 20:02:31 Image size of job updated: 775668
	318  -  MemoryUsage of job (MB)
	325120  -  ResidentSetSize of job (KB)
...
006 (454.353.000) 2022-04-07 20:07:32 Image size of job updated: 775668
	318  -  MemoryUsage of job (MB)
	325384  -  ResidentSetSize of job (KB)
...
006 (454.353.000) 2022-04-07 20:12:33 Image size of job updated: 775924
	319  -  MemoryUsage of job (MB)
	325648  -  ResidentSetSize of job (KB)
...
006 (454.353.000) 2022-04-07 20:17:33 Image size of job updated: 776180
	319  -  MemoryUsage of job (MB)
	325780  -  ResidentSetSize of job (KB)
...
006 (454.353.000) 2022-04-07 20:22:33 Image size of job updated: 776436
	319  -  MemoryUsage of job (MB)
	326044  -  ResidentSetSize of job (KB)
...
006 (454.353.000) 2022-04-07 20:27:34 Image size of job updated: 776692
	319  -  MemoryUsage of job (MB)
	326176  -  ResidentSetSize of job (KB)
...
006 (454.353.000) 2022-04-07 20:32:35 Image size of job updated: 776948
	319  -  MemoryUsage of job (MB)
	326440  -  ResidentSetSize of job (KB)
...
006 (454.353.000) 2022-04-07 20:37:35 Image size of job updated: 776948
	319  -  MemoryUsage of job (MB)
	326572  -  ResidentSetSize of job (KB)
...
006 (454.353.000) 2022-04-07 20:47:35 Image size of job updated: 777204
	320  -  MemoryUsage of job (MB)
	326836  -  ResidentSetSize of job (KB)
...
006 (454.353.000) 2022-04-07 20:52:36 Image size of job updated: 777460
	320  -  MemoryUsage of job (MB)
	326968  -  ResidentSetSize of job (KB)
...
006 (454.353.000) 2022-04-07 20:57:36 Image size of job updated: 777460
	320  -  MemoryUsage of job (MB)
	327100  -  ResidentSetSize of job (KB)
...
006 (454.353.000) 2022-04-07 21:02:36 Image size of job updated: 777716
	320  -  MemoryUsage of job (MB)
	327364  -  ResidentSetSize of job (KB)
...
006 (454.353.000) 2022-04-07 21:07:37 Image size of job updated: 777972
	320  -  MemoryUsage of job (MB)
	327496  -  ResidentSetSize of job (KB)
...
006 (454.353.000) 2022-04-07 21:12:38 Image size of job updated: 778228
	321  -  MemoryUsage of job (MB)
	327760  -  ResidentSetSize of job (KB)
...
006 (454.353.000) 2022-04-07 21:17:38 Image size of job updated: 778484
	321  -  MemoryUsage of job (MB)
	328024  -  ResidentSetSize of job (KB)
...
006 (454.353.000) 2022-04-07 21:22:38 Image size of job updated: 778484
	321  -  MemoryUsage of job (MB)
	328156  -  ResidentSetSize of job (KB)
...
006 (454.353.000) 2022-04-07 21:27:39 Image size of job updated: 778740
	321  -  MemoryUsage of job (MB)
	328288  -  ResidentSetSize of job (KB)
...
006 (454.353.000) 2022-04-07 21:32:40 Image size of job updated: 778996
	321  -  MemoryUsage of job (MB)
	328552  -  ResidentSetSize of job (KB)
...
006 (454.353.000) 2022-04-07 21:37:40 Image size of job updated: 779252
	321  -  MemoryUsage of job (MB)
	328684  -  ResidentSetSize of job (KB)
...
006 (454.353.000) 2022-04-07 21:42:40 Image size of job updated: 779252
	322  -  MemoryUsage of job (MB)
	328948  -  ResidentSetSize of job (KB)
...
006 (454.353.000) 2022-04-07 21:47:41 Image size of job updated: 779508
	322  -  MemoryUsage of job (MB)
	329080  -  ResidentSetSize of job (KB)
...
006 (454.353.000) 2022-04-07 21:51:18 Image size of job updated: 779764
	322  -  MemoryUsage of job (MB)
	329080  -  ResidentSetSize of job (KB)
...
005 (454.353.000) 2022-04-07 21:51:18 Job terminated.
	(1) Normal termination (return value 0)
		Usr 0 02:53:32, Sys 0 00:00:23  -  Run Remote Usage
		Usr 0 00:00:00, Sys 0 00:00:00  -  Run Local Usage
		Usr 0 02:53:32, Sys 0 00:00:23  -  Total Remote Usage
		Usr 0 00:00:00, Sys 0 00:00:00  -  Total Local Usage
	0  -  Run Bytes Sent By Job
	0  -  Run Bytes Received By Job
	0  -  Total Bytes Sent By Job
	0  -  Total Bytes Received By Job
	Partitionable Resources :    Usage  Request Allocated 
	   Cpus                 :     1.00        1         1 
	   Disk (KB)            :  7500        7500     10998 
	   Memory (MB)          :   322        1024      1024 

	Job terminated of its own accord at 2022-04-07T19:51:18Z with exit-code 0.
...
