000 (454.731.000) 2022-04-06 16:54:02 Job submitted from host: <10.18.24.243:9618?addrs=10.18.24.243-9618&alias=ecoclusts01.bioclust.biologie.ens.fr&noUDP&sock=schedd_1052_29b8>
...
001 (454.731.000) 2022-04-08 06:02:08 Job executing on host: <10.18.24.176:9618?addrs=10.18.24.176-9618&alias=mcbsclust05.bioclust.biologie.ens.fr&noUDP&sock=startd_869_a3e3>
...
006 (454.731.000) 2022-04-08 06:02:17 Image size of job updated: 373816
	366  -  MemoryUsage of job (MB)
	373816  -  ResidentSetSize of job (KB)
...
006 (454.731.000) 2022-04-08 06:07:18 Image size of job updated: 896304
	367  -  MemoryUsage of job (MB)
	375400  -  ResidentSetSize of job (KB)
...
005 (454.731.000) 2022-04-08 11:07:29 Job terminated.
	(1) Normal termination (return value 0)
		Usr 0 05:04:27, Sys 0 00:00:14  -  Run Remote Usage
		Usr 0 00:00:00, Sys 0 00:00:00  -  Run Local Usage
		Usr 0 05:04:27, Sys 0 00:00:14  -  Total Remote Usage
		Usr 0 00:00:00, Sys 0 00:00:00  -  Total Local Usage
	0  -  Run Bytes Sent By Job
	0  -  Run Bytes Received By Job
	0  -  Total Bytes Sent By Job
	0  -  Total Bytes Received By Job
	Partitionable Resources :    Usage  Request Allocated 
	   Cpus                 :     1.00        1         1 
	   Disk (KB)            :  7500        7500     11001 
	   Memory (MB)          :   367        1024      1024 

	Job terminated of its own accord at 2022-04-08T09:07:29Z with exit-code 0.
...
