000 (454.342.000) 2022-04-06 16:54:00 Job submitted from host: <10.18.24.243:9618?addrs=10.18.24.243-9618&alias=ecoclusts01.bioclust.biologie.ens.fr&noUDP&sock=schedd_1052_29b8>
...
001 (454.342.000) 2022-04-07 18:40:25 Job executing on host: <10.18.24.136:9618?addrs=10.18.24.136-9618&alias=dyoclust09.bioclust.biologie.ens.fr&noUDP&sock=startd_808_cc9c>
...
006 (454.342.000) 2022-04-07 18:40:34 Image size of job updated: 548020
	155  -  MemoryUsage of job (MB)
	158412  -  ResidentSetSize of job (KB)
...
006 (454.342.000) 2022-04-07 18:45:34 Image size of job updated: 741880
	317  -  MemoryUsage of job (MB)
	324404  -  ResidentSetSize of job (KB)
...
006 (454.342.000) 2022-04-07 18:50:35 Image size of job updated: 774648
	317  -  MemoryUsage of job (MB)
	324404  -  ResidentSetSize of job (KB)
...
006 (454.342.000) 2022-04-07 19:20:38 Image size of job updated: 774904
	317  -  MemoryUsage of job (MB)
	324404  -  ResidentSetSize of job (KB)
...
006 (454.342.000) 2022-04-07 19:25:39 Image size of job updated: 774904
	318  -  MemoryUsage of job (MB)
	324668  -  ResidentSetSize of job (KB)
...
006 (454.342.000) 2022-04-07 19:30:40 Image size of job updated: 775160
	318  -  MemoryUsage of job (MB)
	324800  -  ResidentSetSize of job (KB)
...
006 (454.342.000) 2022-04-07 19:35:40 Image size of job updated: 775416
	318  -  MemoryUsage of job (MB)
	325064  -  ResidentSetSize of job (KB)
...
006 (454.342.000) 2022-04-07 19:40:41 Image size of job updated: 775672
	318  -  MemoryUsage of job (MB)
	325196  -  ResidentSetSize of job (KB)
...
006 (454.342.000) 2022-04-07 19:45:42 Image size of job updated: 775928
	318  -  MemoryUsage of job (MB)
	325460  -  ResidentSetSize of job (KB)
...
006 (454.342.000) 2022-04-07 19:50:42 Image size of job updated: 776184
	319  -  MemoryUsage of job (MB)
	325724  -  ResidentSetSize of job (KB)
...
006 (454.342.000) 2022-04-07 19:55:42 Image size of job updated: 776440
	319  -  MemoryUsage of job (MB)
	325988  -  ResidentSetSize of job (KB)
...
006 (454.342.000) 2022-04-07 20:00:43 Image size of job updated: 776440
	319  -  MemoryUsage of job (MB)
	326120  -  ResidentSetSize of job (KB)
...
006 (454.342.000) 2022-04-07 20:05:44 Image size of job updated: 776696
	319  -  MemoryUsage of job (MB)
	326384  -  ResidentSetSize of job (KB)
...
006 (454.342.000) 2022-04-07 20:10:44 Image size of job updated: 776952
	319  -  MemoryUsage of job (MB)
	326480  -  ResidentSetSize of job (KB)
...
006 (454.342.000) 2022-04-07 20:15:45 Image size of job updated: 776952
	319  -  MemoryUsage of job (MB)
	326612  -  ResidentSetSize of job (KB)
...
006 (454.342.000) 2022-04-07 20:20:46 Image size of job updated: 777208
	320  -  MemoryUsage of job (MB)
	326744  -  ResidentSetSize of job (KB)
...
006 (454.342.000) 2022-04-07 20:25:46 Image size of job updated: 777464
	320  -  MemoryUsage of job (MB)
	327008  -  ResidentSetSize of job (KB)
...
006 (454.342.000) 2022-04-07 20:30:46 Image size of job updated: 777464
	320  -  MemoryUsage of job (MB)
	327140  -  ResidentSetSize of job (KB)
...
006 (454.342.000) 2022-04-07 20:35:47 Image size of job updated: 777720
	320  -  MemoryUsage of job (MB)
	327404  -  ResidentSetSize of job (KB)
...
006 (454.342.000) 2022-04-07 20:40:48 Image size of job updated: 777976
	320  -  MemoryUsage of job (MB)
	327536  -  ResidentSetSize of job (KB)
...
006 (454.342.000) 2022-04-07 20:45:48 Image size of job updated: 778232
	321  -  MemoryUsage of job (MB)
	327800  -  ResidentSetSize of job (KB)
...
006 (454.342.000) 2022-04-07 20:50:49 Image size of job updated: 778488
	321  -  MemoryUsage of job (MB)
	328064  -  ResidentSetSize of job (KB)
...
006 (454.342.000) 2022-04-07 20:55:50 Image size of job updated: 778488
	321  -  MemoryUsage of job (MB)
	328196  -  ResidentSetSize of job (KB)
...
006 (454.342.000) 2022-04-07 21:00:50 Image size of job updated: 778744
	321  -  MemoryUsage of job (MB)
	328460  -  ResidentSetSize of job (KB)
...
006 (454.342.000) 2022-04-07 21:05:50 Image size of job updated: 779000
	321  -  MemoryUsage of job (MB)
	328592  -  ResidentSetSize of job (KB)
...
006 (454.342.000) 2022-04-07 21:10:51 Image size of job updated: 779256
	322  -  MemoryUsage of job (MB)
	328856  -  ResidentSetSize of job (KB)
...
006 (454.342.000) 2022-04-07 21:15:52 Image size of job updated: 779512
	322  -  MemoryUsage of job (MB)
	328988  -  ResidentSetSize of job (KB)
...
006 (454.342.000) 2022-04-07 21:20:52 Image size of job updated: 779512
	322  -  MemoryUsage of job (MB)
	329252  -  ResidentSetSize of job (KB)
...
006 (454.342.000) 2022-04-07 21:21:44 Image size of job updated: 779768
	322  -  MemoryUsage of job (MB)
	329252  -  ResidentSetSize of job (KB)
...
005 (454.342.000) 2022-04-07 21:21:44 Job terminated.
	(1) Normal termination (return value 0)
		Usr 0 02:40:17, Sys 0 00:00:25  -  Run Remote Usage
		Usr 0 00:00:00, Sys 0 00:00:00  -  Run Local Usage
		Usr 0 02:40:17, Sys 0 00:00:25  -  Total Remote Usage
		Usr 0 00:00:00, Sys 0 00:00:00  -  Total Local Usage
	0  -  Run Bytes Sent By Job
	0  -  Run Bytes Received By Job
	0  -  Total Bytes Sent By Job
	0  -  Total Bytes Received By Job
	Partitionable Resources :    Usage  Request Allocated 
	   Cpus                 :     1.00        1         1 
	   Disk (KB)            :  7500        7500     10998 
	   Memory (MB)          :   322        1024      1024 

	Job terminated of its own accord at 2022-04-07T19:21:44Z with exit-code 0.
...
