000 (454.813.000) 2022-04-06 16:54:02 Job submitted from host: <10.18.24.243:9618?addrs=10.18.24.243-9618&alias=ecoclusts01.bioclust.biologie.ens.fr&noUDP&sock=schedd_1052_29b8>
...
001 (454.813.000) 2022-04-08 08:15:31 Job executing on host: <10.18.24.109:9618?addrs=10.18.24.109-9618&alias=ecoclust14.bioclust.biologie.ens.fr&noUDP&sock=startd_917_906f>
...
006 (454.813.000) 2022-04-08 08:15:39 Image size of job updated: 126724
	64  -  MemoryUsage of job (MB)
	64916  -  ResidentSetSize of job (KB)
...
006 (454.813.000) 2022-04-08 08:20:39 Image size of job updated: 741624
	317  -  MemoryUsage of job (MB)
	323980  -  ResidentSetSize of job (KB)
...
006 (454.813.000) 2022-04-08 08:25:40 Image size of job updated: 741624
	317  -  MemoryUsage of job (MB)
	324024  -  ResidentSetSize of job (KB)
...
006 (454.813.000) 2022-04-08 08:30:41 Image size of job updated: 774392
	317  -  MemoryUsage of job (MB)
	324112  -  ResidentSetSize of job (KB)
...
006 (454.813.000) 2022-04-08 09:50:49 Image size of job updated: 774648
	317  -  MemoryUsage of job (MB)
	324244  -  ResidentSetSize of job (KB)
...
006 (454.813.000) 2022-04-08 10:00:50 Image size of job updated: 774648
	317  -  MemoryUsage of job (MB)
	324376  -  ResidentSetSize of job (KB)
...
006 (454.813.000) 2022-04-08 10:05:50 Image size of job updated: 774904
	317  -  MemoryUsage of job (MB)
	324376  -  ResidentSetSize of job (KB)
...
006 (454.813.000) 2022-04-08 10:10:51 Image size of job updated: 774904
	317  -  MemoryUsage of job (MB)
	324508  -  ResidentSetSize of job (KB)
...
006 (454.813.000) 2022-04-08 10:20:51 Image size of job updated: 775160
	318  -  MemoryUsage of job (MB)
	324640  -  ResidentSetSize of job (KB)
...
006 (454.813.000) 2022-04-08 10:30:53 Image size of job updated: 775160
	318  -  MemoryUsage of job (MB)
	324772  -  ResidentSetSize of job (KB)
...
006 (454.813.000) 2022-04-08 10:40:54 Image size of job updated: 775416
	318  -  MemoryUsage of job (MB)
	324904  -  ResidentSetSize of job (KB)
...
006 (454.813.000) 2022-04-08 10:45:55 Image size of job updated: 775416
	318  -  MemoryUsage of job (MB)
	325036  -  ResidentSetSize of job (KB)
...
006 (454.813.000) 2022-04-08 10:55:55 Image size of job updated: 775672
	318  -  MemoryUsage of job (MB)
	325168  -  ResidentSetSize of job (KB)
...
006 (454.813.000) 2022-04-08 11:00:57 Image size of job updated: 775672
	318  -  MemoryUsage of job (MB)
	325300  -  ResidentSetSize of job (KB)
...
006 (454.813.000) 2022-04-08 11:10:57 Image size of job updated: 775928
	318  -  MemoryUsage of job (MB)
	325432  -  ResidentSetSize of job (KB)
...
006 (454.813.000) 2022-04-08 11:20:59 Image size of job updated: 775928
	318  -  MemoryUsage of job (MB)
	325564  -  ResidentSetSize of job (KB)
...
006 (454.813.000) 2022-04-08 11:25:59 Image size of job updated: 775928
	319  -  MemoryUsage of job (MB)
	325696  -  ResidentSetSize of job (KB)
...
006 (454.813.000) 2022-04-08 11:30:59 Image size of job updated: 776184
	319  -  MemoryUsage of job (MB)
	325696  -  ResidentSetSize of job (KB)
...
006 (454.813.000) 2022-04-08 11:36:00 Image size of job updated: 776184
	319  -  MemoryUsage of job (MB)
	325828  -  ResidentSetSize of job (KB)
...
006 (454.813.000) 2022-04-08 11:41:00 Image size of job updated: 776184
	319  -  MemoryUsage of job (MB)
	325960  -  ResidentSetSize of job (KB)
...
006 (454.813.000) 2022-04-08 11:46:00 Image size of job updated: 776440
	319  -  MemoryUsage of job (MB)
	325960  -  ResidentSetSize of job (KB)
...
006 (454.813.000) 2022-04-08 11:51:01 Image size of job updated: 776440
	319  -  MemoryUsage of job (MB)
	326092  -  ResidentSetSize of job (KB)
...
006 (454.813.000) 2022-04-08 12:01:02 Image size of job updated: 776696
	319  -  MemoryUsage of job (MB)
	326224  -  ResidentSetSize of job (KB)
...
006 (454.813.000) 2022-04-08 12:06:03 Image size of job updated: 776696
	319  -  MemoryUsage of job (MB)
	326356  -  ResidentSetSize of job (KB)
...
006 (454.813.000) 2022-04-08 12:16:04 Image size of job updated: 776952
	319  -  MemoryUsage of job (MB)
	326488  -  ResidentSetSize of job (KB)
...
006 (454.813.000) 2022-04-08 12:26:05 Image size of job updated: 776952
	319  -  MemoryUsage of job (MB)
	326620  -  ResidentSetSize of job (KB)
...
006 (454.813.000) 2022-04-08 13:01:09 Image size of job updated: 777208
	320  -  MemoryUsage of job (MB)
	326744  -  ResidentSetSize of job (KB)
...
006 (454.813.000) 2022-04-08 13:06:09 Image size of job updated: 777208
	320  -  MemoryUsage of job (MB)
	326876  -  ResidentSetSize of job (KB)
...
006 (454.813.000) 2022-04-08 13:16:10 Image size of job updated: 777464
	320  -  MemoryUsage of job (MB)
	327008  -  ResidentSetSize of job (KB)
...
006 (454.813.000) 2022-04-08 13:26:10 Image size of job updated: 777464
	320  -  MemoryUsage of job (MB)
	327140  -  ResidentSetSize of job (KB)
...
006 (454.813.000) 2022-04-08 13:36:12 Image size of job updated: 777464
	320  -  MemoryUsage of job (MB)
	327272  -  ResidentSetSize of job (KB)
...
006 (454.813.000) 2022-04-08 13:41:12 Image size of job updated: 777720
	320  -  MemoryUsage of job (MB)
	327272  -  ResidentSetSize of job (KB)
...
006 (454.813.000) 2022-04-08 13:51:13 Image size of job updated: 777720
	320  -  MemoryUsage of job (MB)
	327404  -  ResidentSetSize of job (KB)
...
006 (454.813.000) 2022-04-08 14:01:13 Image size of job updated: 777976
	320  -  MemoryUsage of job (MB)
	327536  -  ResidentSetSize of job (KB)
...
006 (454.813.000) 2022-04-08 14:11:15 Image size of job updated: 777976
	320  -  MemoryUsage of job (MB)
	327668  -  ResidentSetSize of job (KB)
...
006 (454.813.000) 2022-04-08 14:21:16 Image size of job updated: 778232
	320  -  MemoryUsage of job (MB)
	327668  -  ResidentSetSize of job (KB)
...
006 (454.813.000) 2022-04-08 14:26:17 Image size of job updated: 778232
	321  -  MemoryUsage of job (MB)
	327800  -  ResidentSetSize of job (KB)
...
006 (454.813.000) 2022-04-08 14:31:17 Image size of job updated: 778232
	321  -  MemoryUsage of job (MB)
	327932  -  ResidentSetSize of job (KB)
...
006 (454.813.000) 2022-04-08 14:41:18 Image size of job updated: 778488
	321  -  MemoryUsage of job (MB)
	327932  -  ResidentSetSize of job (KB)
...
006 (454.813.000) 2022-04-08 14:46:19 Image size of job updated: 778488
	321  -  MemoryUsage of job (MB)
	328064  -  ResidentSetSize of job (KB)
...
006 (454.813.000) 2022-04-08 14:51:19 Image size of job updated: 778488
	321  -  MemoryUsage of job (MB)
	328196  -  ResidentSetSize of job (KB)
...
006 (454.813.000) 2022-04-08 15:01:20 Image size of job updated: 778744
	321  -  MemoryUsage of job (MB)
	328328  -  ResidentSetSize of job (KB)
...
006 (454.813.000) 2022-04-08 15:11:20 Image size of job updated: 778744
	321  -  MemoryUsage of job (MB)
	328460  -  ResidentSetSize of job (KB)
...
006 (454.813.000) 2022-04-08 15:16:21 Image size of job updated: 779000
	321  -  MemoryUsage of job (MB)
	328460  -  ResidentSetSize of job (KB)
...
006 (454.813.000) 2022-04-08 15:21:21 Image size of job updated: 779000
	321  -  MemoryUsage of job (MB)
	328592  -  ResidentSetSize of job (KB)
...
006 (454.813.000) 2022-04-08 15:31:22 Image size of job updated: 779000
	322  -  MemoryUsage of job (MB)
	328724  -  ResidentSetSize of job (KB)
...
006 (454.813.000) 2022-04-08 15:36:23 Image size of job updated: 779256
	322  -  MemoryUsage of job (MB)
	328724  -  ResidentSetSize of job (KB)
...
006 (454.813.000) 2022-04-08 15:46:24 Image size of job updated: 779256
	322  -  MemoryUsage of job (MB)
	328856  -  ResidentSetSize of job (KB)
...
006 (454.813.000) 2022-04-08 15:56:25 Image size of job updated: 779256
	322  -  MemoryUsage of job (MB)
	328988  -  ResidentSetSize of job (KB)
...
006 (454.813.000) 2022-04-08 16:01:25 Image size of job updated: 779512
	322  -  MemoryUsage of job (MB)
	328988  -  ResidentSetSize of job (KB)
...
006 (454.813.000) 2022-04-08 16:06:27 Image size of job updated: 779512
	322  -  MemoryUsage of job (MB)
	329120  -  ResidentSetSize of job (KB)
...
006 (454.813.000) 2022-04-08 16:11:27 Image size of job updated: 779512
	322  -  MemoryUsage of job (MB)
	329252  -  ResidentSetSize of job (KB)
...
006 (454.813.000) 2022-04-08 16:16:27 Image size of job updated: 779768
	322  -  MemoryUsage of job (MB)
	329252  -  ResidentSetSize of job (KB)
...
005 (454.813.000) 2022-04-08 16:18:02 Job terminated.
	(1) Normal termination (return value 0)
		Usr 0 08:00:01, Sys 0 00:00:31  -  Run Remote Usage
		Usr 0 00:00:00, Sys 0 00:00:00  -  Run Local Usage
		Usr 0 08:00:01, Sys 0 00:00:31  -  Total Remote Usage
		Usr 0 00:00:00, Sys 0 00:00:00  -  Total Local Usage
	0  -  Run Bytes Sent By Job
	0  -  Run Bytes Received By Job
	0  -  Total Bytes Sent By Job
	0  -  Total Bytes Received By Job
	Partitionable Resources :    Usage  Request Allocated 
	   Cpus                 :     1.00        1         1 
	   Disk (KB)            :  7500        7500     10998 
	   Memory (MB)          :   322        1024      1024 

	Job terminated of its own accord at 2022-04-08T14:18:02Z with exit-code 0.
...
