000 (454.636.000) 2022-04-06 16:54:01 Job submitted from host: <10.18.24.243:9618?addrs=10.18.24.243-9618&alias=ecoclusts01.bioclust.biologie.ens.fr&noUDP&sock=schedd_1052_29b8>
...
001 (454.636.000) 2022-04-08 03:27:06 Job executing on host: <10.18.24.5:9618?addrs=10.18.24.5-9618&alias=bioclust05.bioclust.biologie.ens.fr&noUDP&sock=startd_1060_a67a>
...
006 (454.636.000) 2022-04-08 03:27:14 Image size of job updated: 97640
	96  -  MemoryUsage of job (MB)
	97640  -  ResidentSetSize of job (KB)
...
006 (454.636.000) 2022-04-08 03:32:14 Image size of job updated: 741876
	317  -  MemoryUsage of job (MB)
	324340  -  ResidentSetSize of job (KB)
...
006 (454.636.000) 2022-04-08 03:37:15 Image size of job updated: 774644
	317  -  MemoryUsage of job (MB)
	324340  -  ResidentSetSize of job (KB)
...
006 (454.636.000) 2022-04-08 05:12:26 Image size of job updated: 774900
	317  -  MemoryUsage of job (MB)
	324340  -  ResidentSetSize of job (KB)
...
006 (454.636.000) 2022-04-08 05:17:26 Image size of job updated: 774900
	317  -  MemoryUsage of job (MB)
	324472  -  ResidentSetSize of job (KB)
...
006 (454.636.000) 2022-04-08 05:22:27 Image size of job updated: 774900
	317  -  MemoryUsage of job (MB)
	324604  -  ResidentSetSize of job (KB)
...
006 (454.636.000) 2022-04-08 05:27:28 Image size of job updated: 775156
	318  -  MemoryUsage of job (MB)
	324736  -  ResidentSetSize of job (KB)
...
006 (454.636.000) 2022-04-08 05:37:28 Image size of job updated: 775412
	318  -  MemoryUsage of job (MB)
	324868  -  ResidentSetSize of job (KB)
...
006 (454.636.000) 2022-04-08 05:42:29 Image size of job updated: 775412
	318  -  MemoryUsage of job (MB)
	325000  -  ResidentSetSize of job (KB)
...
006 (454.636.000) 2022-04-08 05:47:29 Image size of job updated: 775668
	318  -  MemoryUsage of job (MB)
	325132  -  ResidentSetSize of job (KB)
...
006 (454.636.000) 2022-04-08 05:52:29 Image size of job updated: 775668
	318  -  MemoryUsage of job (MB)
	325264  -  ResidentSetSize of job (KB)
...
006 (454.636.000) 2022-04-08 05:57:30 Image size of job updated: 775668
	318  -  MemoryUsage of job (MB)
	325396  -  ResidentSetSize of job (KB)
...
006 (454.636.000) 2022-04-08 06:02:31 Image size of job updated: 775924
	318  -  MemoryUsage of job (MB)
	325528  -  ResidentSetSize of job (KB)
...
006 (454.636.000) 2022-04-08 06:07:31 Image size of job updated: 775924
	319  -  MemoryUsage of job (MB)
	325660  -  ResidentSetSize of job (KB)
...
006 (454.636.000) 2022-04-08 06:12:31 Image size of job updated: 776180
	319  -  MemoryUsage of job (MB)
	325792  -  ResidentSetSize of job (KB)
...
006 (454.636.000) 2022-04-08 06:22:33 Image size of job updated: 776436
	319  -  MemoryUsage of job (MB)
	325924  -  ResidentSetSize of job (KB)
...
006 (454.636.000) 2022-04-08 06:27:33 Image size of job updated: 776436
	319  -  MemoryUsage of job (MB)
	326056  -  ResidentSetSize of job (KB)
...
006 (454.636.000) 2022-04-08 06:32:34 Image size of job updated: 776692
	319  -  MemoryUsage of job (MB)
	326188  -  ResidentSetSize of job (KB)
...
006 (454.636.000) 2022-04-08 06:37:35 Image size of job updated: 776692
	319  -  MemoryUsage of job (MB)
	326320  -  ResidentSetSize of job (KB)
...
006 (454.636.000) 2022-04-08 06:42:35 Image size of job updated: 776948
	319  -  MemoryUsage of job (MB)
	326452  -  ResidentSetSize of job (KB)
...
006 (454.636.000) 2022-04-08 06:52:36 Image size of job updated: 776948
	319  -  MemoryUsage of job (MB)
	326584  -  ResidentSetSize of job (KB)
...
006 (454.636.000) 2022-04-08 07:12:38 Image size of job updated: 777204
	320  -  MemoryUsage of job (MB)
	326716  -  ResidentSetSize of job (KB)
...
006 (454.636.000) 2022-04-08 07:17:39 Image size of job updated: 777204
	320  -  MemoryUsage of job (MB)
	326848  -  ResidentSetSize of job (KB)
...
006 (454.636.000) 2022-04-08 07:22:39 Image size of job updated: 777460
	320  -  MemoryUsage of job (MB)
	326980  -  ResidentSetSize of job (KB)
...
006 (454.636.000) 2022-04-08 07:27:40 Image size of job updated: 777460
	320  -  MemoryUsage of job (MB)
	327112  -  ResidentSetSize of job (KB)
...
006 (454.636.000) 2022-04-08 07:37:41 Image size of job updated: 777716
	320  -  MemoryUsage of job (MB)
	327244  -  ResidentSetSize of job (KB)
...
006 (454.636.000) 2022-04-08 07:42:41 Image size of job updated: 777716
	320  -  MemoryUsage of job (MB)
	327376  -  ResidentSetSize of job (KB)
...
006 (454.636.000) 2022-04-08 07:47:42 Image size of job updated: 777972
	320  -  MemoryUsage of job (MB)
	327508  -  ResidentSetSize of job (KB)
...
006 (454.636.000) 2022-04-08 07:52:43 Image size of job updated: 777972
	320  -  MemoryUsage of job (MB)
	327640  -  ResidentSetSize of job (KB)
...
006 (454.636.000) 2022-04-08 08:02:43 Image size of job updated: 778228
	321  -  MemoryUsage of job (MB)
	327772  -  ResidentSetSize of job (KB)
...
006 (454.636.000) 2022-04-08 08:07:44 Image size of job updated: 778228
	321  -  MemoryUsage of job (MB)
	327904  -  ResidentSetSize of job (KB)
...
006 (454.636.000) 2022-04-08 08:12:45 Image size of job updated: 778484
	321  -  MemoryUsage of job (MB)
	328036  -  ResidentSetSize of job (KB)
...
006 (454.636.000) 2022-04-08 08:22:46 Image size of job updated: 778484
	321  -  MemoryUsage of job (MB)
	328168  -  ResidentSetSize of job (KB)
...
006 (454.636.000) 2022-04-08 08:27:47 Image size of job updated: 778740
	321  -  MemoryUsage of job (MB)
	328300  -  ResidentSetSize of job (KB)
...
006 (454.636.000) 2022-04-08 08:32:47 Image size of job updated: 778740
	321  -  MemoryUsage of job (MB)
	328432  -  ResidentSetSize of job (KB)
...
006 (454.636.000) 2022-04-08 08:37:47 Image size of job updated: 778996
	321  -  MemoryUsage of job (MB)
	328432  -  ResidentSetSize of job (KB)
...
006 (454.636.000) 2022-04-08 08:42:48 Image size of job updated: 778996
	321  -  MemoryUsage of job (MB)
	328564  -  ResidentSetSize of job (KB)
...
006 (454.636.000) 2022-04-08 08:47:49 Image size of job updated: 778996
	321  -  MemoryUsage of job (MB)
	328696  -  ResidentSetSize of job (KB)
...
006 (454.636.000) 2022-04-08 08:52:49 Image size of job updated: 779252
	322  -  MemoryUsage of job (MB)
	328828  -  ResidentSetSize of job (KB)
...
006 (454.636.000) 2022-04-08 08:57:49 Image size of job updated: 779252
	322  -  MemoryUsage of job (MB)
	328960  -  ResidentSetSize of job (KB)
...
006 (454.636.000) 2022-04-08 09:02:50 Image size of job updated: 779508
	322  -  MemoryUsage of job (MB)
	329092  -  ResidentSetSize of job (KB)
...
006 (454.636.000) 2022-04-08 09:12:50 Image size of job updated: 779508
	322  -  MemoryUsage of job (MB)
	329224  -  ResidentSetSize of job (KB)
...
006 (454.636.000) 2022-04-08 09:15:14 Image size of job updated: 779764
	322  -  MemoryUsage of job (MB)
	329224  -  ResidentSetSize of job (KB)
...
005 (454.636.000) 2022-04-08 09:15:14 Job terminated.
	(1) Normal termination (return value 0)
		Usr 0 05:47:15, Sys 0 00:00:32  -  Run Remote Usage
		Usr 0 00:00:00, Sys 0 00:00:00  -  Run Local Usage
		Usr 0 05:47:15, Sys 0 00:00:32  -  Total Remote Usage
		Usr 0 00:00:00, Sys 0 00:00:00  -  Total Local Usage
	0  -  Run Bytes Sent By Job
	0  -  Run Bytes Received By Job
	0  -  Total Bytes Sent By Job
	0  -  Total Bytes Received By Job
	Partitionable Resources :    Usage  Request Allocated 
	   Cpus                 :     1.00        1         1 
	   Disk (KB)            :  7500        7500     10998 
	   Memory (MB)          :   322        1024      1024 

	Job terminated of its own accord at 2022-04-08T07:15:14Z with exit-code 0.
...
