000 (454.357.000) 2022-04-06 16:54:00 Job submitted from host: <10.18.24.243:9618?addrs=10.18.24.243-9618&alias=ecoclusts01.bioclust.biologie.ens.fr&noUDP&sock=schedd_1052_29b8>
...
001 (454.357.000) 2022-04-07 19:04:16 Job executing on host: <10.18.24.138:9618?addrs=10.18.24.138-9618&alias=dyoclust11.bioclust.biologie.ens.fr&noUDP&sock=startd_801_ff73>
...
006 (454.357.000) 2022-04-07 19:04:25 Image size of job updated: 210876
	206  -  MemoryUsage of job (MB)
	210876  -  ResidentSetSize of job (KB)
...
006 (454.357.000) 2022-04-07 19:09:26 Image size of job updated: 741620
	317  -  MemoryUsage of job (MB)
	324080  -  ResidentSetSize of job (KB)
...
006 (454.357.000) 2022-04-07 19:14:27 Image size of job updated: 774388
	317  -  MemoryUsage of job (MB)
	324080  -  ResidentSetSize of job (KB)
...
006 (454.357.000) 2022-04-07 19:54:30 Image size of job updated: 774644
	317  -  MemoryUsage of job (MB)
	324212  -  ResidentSetSize of job (KB)
...
006 (454.357.000) 2022-04-07 19:59:30 Image size of job updated: 774900
	317  -  MemoryUsage of job (MB)
	324344  -  ResidentSetSize of job (KB)
...
006 (454.357.000) 2022-04-07 20:04:31 Image size of job updated: 774900
	317  -  MemoryUsage of job (MB)
	324608  -  ResidentSetSize of job (KB)
...
006 (454.357.000) 2022-04-07 20:09:31 Image size of job updated: 775156
	318  -  MemoryUsage of job (MB)
	324740  -  ResidentSetSize of job (KB)
...
006 (454.357.000) 2022-04-07 20:14:31 Image size of job updated: 775412
	318  -  MemoryUsage of job (MB)
	324872  -  ResidentSetSize of job (KB)
...
006 (454.357.000) 2022-04-07 20:19:32 Image size of job updated: 775412
	318  -  MemoryUsage of job (MB)
	325136  -  ResidentSetSize of job (KB)
...
006 (454.357.000) 2022-04-07 20:24:33 Image size of job updated: 775668
	318  -  MemoryUsage of job (MB)
	325268  -  ResidentSetSize of job (KB)
...
006 (454.357.000) 2022-04-07 20:29:33 Image size of job updated: 775924
	318  -  MemoryUsage of job (MB)
	325400  -  ResidentSetSize of job (KB)
...
006 (454.357.000) 2022-04-07 20:34:33 Image size of job updated: 775924
	319  -  MemoryUsage of job (MB)
	325664  -  ResidentSetSize of job (KB)
...
006 (454.357.000) 2022-04-07 20:39:34 Image size of job updated: 776180
	319  -  MemoryUsage of job (MB)
	325928  -  ResidentSetSize of job (KB)
...
006 (454.357.000) 2022-04-07 20:44:34 Image size of job updated: 776436
	319  -  MemoryUsage of job (MB)
	326060  -  ResidentSetSize of job (KB)
...
006 (454.357.000) 2022-04-07 20:49:34 Image size of job updated: 776692
	319  -  MemoryUsage of job (MB)
	326192  -  ResidentSetSize of job (KB)
...
006 (454.357.000) 2022-04-07 20:54:35 Image size of job updated: 776948
	319  -  MemoryUsage of job (MB)
	326456  -  ResidentSetSize of job (KB)
...
006 (454.357.000) 2022-04-07 21:04:36 Image size of job updated: 776948
	319  -  MemoryUsage of job (MB)
	326588  -  ResidentSetSize of job (KB)
...
006 (454.357.000) 2022-04-07 21:09:37 Image size of job updated: 777204
	320  -  MemoryUsage of job (MB)
	326720  -  ResidentSetSize of job (KB)
...
006 (454.357.000) 2022-04-07 21:14:38 Image size of job updated: 777204
	320  -  MemoryUsage of job (MB)
	326852  -  ResidentSetSize of job (KB)
...
006 (454.357.000) 2022-04-07 21:19:38 Image size of job updated: 777460
	320  -  MemoryUsage of job (MB)
	327116  -  ResidentSetSize of job (KB)
...
006 (454.357.000) 2022-04-07 21:24:38 Image size of job updated: 777716
	320  -  MemoryUsage of job (MB)
	327248  -  ResidentSetSize of job (KB)
...
006 (454.357.000) 2022-04-07 21:29:39 Image size of job updated: 777972
	320  -  MemoryUsage of job (MB)
	327512  -  ResidentSetSize of job (KB)
...
006 (454.357.000) 2022-04-07 21:34:40 Image size of job updated: 777972
	320  -  MemoryUsage of job (MB)
	327644  -  ResidentSetSize of job (KB)
...
006 (454.357.000) 2022-04-07 21:39:40 Image size of job updated: 778228
	321  -  MemoryUsage of job (MB)
	327908  -  ResidentSetSize of job (KB)
...
006 (454.357.000) 2022-04-07 21:44:41 Image size of job updated: 778484
	321  -  MemoryUsage of job (MB)
	328040  -  ResidentSetSize of job (KB)
...
006 (454.357.000) 2022-04-07 21:49:42 Image size of job updated: 778740
	321  -  MemoryUsage of job (MB)
	328304  -  ResidentSetSize of job (KB)
...
006 (454.357.000) 2022-04-07 21:54:42 Image size of job updated: 778740
	321  -  MemoryUsage of job (MB)
	328436  -  ResidentSetSize of job (KB)
...
006 (454.357.000) 2022-04-07 21:59:42 Image size of job updated: 778996
	321  -  MemoryUsage of job (MB)
	328700  -  ResidentSetSize of job (KB)
...
006 (454.357.000) 2022-04-07 22:04:43 Image size of job updated: 779252
	322  -  MemoryUsage of job (MB)
	328832  -  ResidentSetSize of job (KB)
...
006 (454.357.000) 2022-04-07 22:09:44 Image size of job updated: 779508
	322  -  MemoryUsage of job (MB)
	328964  -  ResidentSetSize of job (KB)
...
006 (454.357.000) 2022-04-07 22:14:44 Image size of job updated: 779508
	322  -  MemoryUsage of job (MB)
	329228  -  ResidentSetSize of job (KB)
...
006 (454.357.000) 2022-04-07 22:16:21 Image size of job updated: 779764
	322  -  MemoryUsage of job (MB)
	329228  -  ResidentSetSize of job (KB)
...
005 (454.357.000) 2022-04-07 22:16:21 Job terminated.
	(1) Normal termination (return value 0)
		Usr 0 03:09:56, Sys 0 00:00:26  -  Run Remote Usage
		Usr 0 00:00:00, Sys 0 00:00:00  -  Run Local Usage
		Usr 0 03:09:56, Sys 0 00:00:26  -  Total Remote Usage
		Usr 0 00:00:00, Sys 0 00:00:00  -  Total Local Usage
	0  -  Run Bytes Sent By Job
	0  -  Run Bytes Received By Job
	0  -  Total Bytes Sent By Job
	0  -  Total Bytes Received By Job
	Partitionable Resources :    Usage  Request Allocated 
	   Cpus                 :     1.00        1         1 
	   Disk (KB)            :  7500        7500     10998 
	   Memory (MB)          :   322        1024      1024 

	Job terminated of its own accord at 2022-04-07T20:16:21Z with exit-code 0.
...
