000 (454.039.000) 2022-04-06 16:53:59 Job submitted from host: <10.18.24.243:9618?addrs=10.18.24.243-9618&alias=ecoclusts01.bioclust.biologie.ens.fr&noUDP&sock=schedd_1052_29b8>
...
001 (454.039.000) 2022-04-07 03:28:29 Job executing on host: <10.18.24.12:9618?addrs=10.18.24.12-9618&alias=bioclust12.bioclust.biologie.ens.fr&noUDP&sock=startd_86046_fa3b>
...
006 (454.039.000) 2022-04-07 03:28:37 Image size of job updated: 58420
	58  -  MemoryUsage of job (MB)
	58420  -  ResidentSetSize of job (KB)
...
006 (454.039.000) 2022-04-07 03:33:37 Image size of job updated: 741880
	317  -  MemoryUsage of job (MB)
	324356  -  ResidentSetSize of job (KB)
...
006 (454.039.000) 2022-04-07 03:38:38 Image size of job updated: 741880
	317  -  MemoryUsage of job (MB)
	324400  -  ResidentSetSize of job (KB)
...
006 (454.039.000) 2022-04-07 03:43:38 Image size of job updated: 774648
	317  -  MemoryUsage of job (MB)
	324400  -  ResidentSetSize of job (KB)
...
006 (454.039.000) 2022-04-07 05:33:50 Image size of job updated: 774904
	317  -  MemoryUsage of job (MB)
	324488  -  ResidentSetSize of job (KB)
...
006 (454.039.000) 2022-04-07 05:43:51 Image size of job updated: 774904
	318  -  MemoryUsage of job (MB)
	324620  -  ResidentSetSize of job (KB)
...
006 (454.039.000) 2022-04-07 05:48:51 Image size of job updated: 775160
	318  -  MemoryUsage of job (MB)
	324620  -  ResidentSetSize of job (KB)
...
006 (454.039.000) 2022-04-07 05:53:53 Image size of job updated: 775160
	318  -  MemoryUsage of job (MB)
	324752  -  ResidentSetSize of job (KB)
...
006 (454.039.000) 2022-04-07 05:58:53 Image size of job updated: 775160
	318  -  MemoryUsage of job (MB)
	324884  -  ResidentSetSize of job (KB)
...
006 (454.039.000) 2022-04-07 06:03:53 Image size of job updated: 775416
	318  -  MemoryUsage of job (MB)
	324884  -  ResidentSetSize of job (KB)
...
006 (454.039.000) 2022-04-07 06:08:54 Image size of job updated: 775416
	318  -  MemoryUsage of job (MB)
	325016  -  ResidentSetSize of job (KB)
...
006 (454.039.000) 2022-04-07 06:18:55 Image size of job updated: 775672
	318  -  MemoryUsage of job (MB)
	325148  -  ResidentSetSize of job (KB)
...
006 (454.039.000) 2022-04-07 06:23:56 Image size of job updated: 775672
	318  -  MemoryUsage of job (MB)
	325280  -  ResidentSetSize of job (KB)
...
006 (454.039.000) 2022-04-07 06:28:57 Image size of job updated: 775672
	318  -  MemoryUsage of job (MB)
	325412  -  ResidentSetSize of job (KB)
...
006 (454.039.000) 2022-04-07 06:33:57 Image size of job updated: 775928
	318  -  MemoryUsage of job (MB)
	325544  -  ResidentSetSize of job (KB)
...
006 (454.039.000) 2022-04-07 06:43:58 Image size of job updated: 776184
	319  -  MemoryUsage of job (MB)
	325676  -  ResidentSetSize of job (KB)
...
006 (454.039.000) 2022-04-07 06:48:58 Image size of job updated: 776184
	319  -  MemoryUsage of job (MB)
	325808  -  ResidentSetSize of job (KB)
...
006 (454.039.000) 2022-04-07 06:58:59 Image size of job updated: 776440
	319  -  MemoryUsage of job (MB)
	325940  -  ResidentSetSize of job (KB)
...
006 (454.039.000) 2022-04-07 07:04:00 Image size of job updated: 776440
	319  -  MemoryUsage of job (MB)
	326072  -  ResidentSetSize of job (KB)
...
006 (454.039.000) 2022-04-07 07:09:00 Image size of job updated: 776440
	319  -  MemoryUsage of job (MB)
	326204  -  ResidentSetSize of job (KB)
...
006 (454.039.000) 2022-04-07 07:14:01 Image size of job updated: 776696
	319  -  MemoryUsage of job (MB)
	326204  -  ResidentSetSize of job (KB)
...
006 (454.039.000) 2022-04-07 07:19:02 Image size of job updated: 776696
	319  -  MemoryUsage of job (MB)
	326336  -  ResidentSetSize of job (KB)
...
006 (454.039.000) 2022-04-07 07:24:02 Image size of job updated: 776952
	319  -  MemoryUsage of job (MB)
	326468  -  ResidentSetSize of job (KB)
...
006 (454.039.000) 2022-04-07 07:29:02 Image size of job updated: 776952
	319  -  MemoryUsage of job (MB)
	326600  -  ResidentSetSize of job (KB)
...
006 (454.039.000) 2022-04-07 07:54:05 Image size of job updated: 777208
	320  -  MemoryUsage of job (MB)
	326728  -  ResidentSetSize of job (KB)
...
006 (454.039.000) 2022-04-07 08:04:06 Image size of job updated: 777208
	320  -  MemoryUsage of job (MB)
	326860  -  ResidentSetSize of job (KB)
...
006 (454.039.000) 2022-04-07 08:09:07 Image size of job updated: 777464
	320  -  MemoryUsage of job (MB)
	326860  -  ResidentSetSize of job (KB)
...
006 (454.039.000) 2022-04-07 08:14:07 Image size of job updated: 777464
	320  -  MemoryUsage of job (MB)
	326992  -  ResidentSetSize of job (KB)
...
006 (454.039.000) 2022-04-07 08:19:07 Image size of job updated: 777464
	320  -  MemoryUsage of job (MB)
	327124  -  ResidentSetSize of job (KB)
...
006 (454.039.000) 2022-04-07 08:29:08 Image size of job updated: 777720
	320  -  MemoryUsage of job (MB)
	327256  -  ResidentSetSize of job (KB)
...
006 (454.039.000) 2022-04-07 08:34:08 Image size of job updated: 777720
	320  -  MemoryUsage of job (MB)
	327388  -  ResidentSetSize of job (KB)
...
006 (454.039.000) 2022-04-07 08:39:09 Image size of job updated: 777976
	320  -  MemoryUsage of job (MB)
	327520  -  ResidentSetSize of job (KB)
...
006 (454.039.000) 2022-04-07 08:49:10 Image size of job updated: 777976
	320  -  MemoryUsage of job (MB)
	327652  -  ResidentSetSize of job (KB)
...
006 (454.039.000) 2022-04-07 08:54:11 Image size of job updated: 778232
	321  -  MemoryUsage of job (MB)
	327784  -  ResidentSetSize of job (KB)
...
006 (454.039.000) 2022-04-07 09:04:12 Image size of job updated: 778232
	321  -  MemoryUsage of job (MB)
	327916  -  ResidentSetSize of job (KB)
...
006 (454.039.000) 2022-04-07 09:09:12 Image size of job updated: 778488
	321  -  MemoryUsage of job (MB)
	328048  -  ResidentSetSize of job (KB)
...
006 (454.039.000) 2022-04-07 09:19:14 Image size of job updated: 778488
	321  -  MemoryUsage of job (MB)
	328180  -  ResidentSetSize of job (KB)
...
006 (454.039.000) 2022-04-07 09:24:14 Image size of job updated: 778744
	321  -  MemoryUsage of job (MB)
	328180  -  ResidentSetSize of job (KB)
...
006 (454.039.000) 2022-04-07 09:29:15 Image size of job updated: 778744
	321  -  MemoryUsage of job (MB)
	328312  -  ResidentSetSize of job (KB)
...
006 (454.039.000) 2022-04-07 09:34:16 Image size of job updated: 778744
	321  -  MemoryUsage of job (MB)
	328444  -  ResidentSetSize of job (KB)
...
006 (454.039.000) 2022-04-07 09:39:16 Image size of job updated: 779000
	321  -  MemoryUsage of job (MB)
	328444  -  ResidentSetSize of job (KB)
...
006 (454.039.000) 2022-04-07 09:44:17 Image size of job updated: 779000
	321  -  MemoryUsage of job (MB)
	328576  -  ResidentSetSize of job (KB)
...
006 (454.039.000) 2022-04-07 09:49:18 Image size of job updated: 779000
	322  -  MemoryUsage of job (MB)
	328708  -  ResidentSetSize of job (KB)
...
006 (454.039.000) 2022-04-07 09:54:18 Image size of job updated: 779256
	322  -  MemoryUsage of job (MB)
	328708  -  ResidentSetSize of job (KB)
...
006 (454.039.000) 2022-04-07 09:59:18 Image size of job updated: 779256
	322  -  MemoryUsage of job (MB)
	328840  -  ResidentSetSize of job (KB)
...
006 (454.039.000) 2022-04-07 10:04:20 Image size of job updated: 779256
	322  -  MemoryUsage of job (MB)
	328972  -  ResidentSetSize of job (KB)
...
006 (454.039.000) 2022-04-07 10:09:20 Image size of job updated: 779512
	322  -  MemoryUsage of job (MB)
	328972  -  ResidentSetSize of job (KB)
...
006 (454.039.000) 2022-04-07 10:14:20 Image size of job updated: 779512
	322  -  MemoryUsage of job (MB)
	329104  -  ResidentSetSize of job (KB)
...
006 (454.039.000) 2022-04-07 10:19:21 Image size of job updated: 779512
	322  -  MemoryUsage of job (MB)
	329236  -  ResidentSetSize of job (KB)
...
006 (454.039.000) 2022-04-07 10:24:22 Image size of job updated: 779768
	322  -  MemoryUsage of job (MB)
	329236  -  ResidentSetSize of job (KB)
...
005 (454.039.000) 2022-04-07 10:24:33 Job terminated.
	(1) Normal termination (return value 0)
		Usr 0 06:45:52, Sys 0 00:01:55  -  Run Remote Usage
		Usr 0 00:00:00, Sys 0 00:00:00  -  Run Local Usage
		Usr 0 06:45:52, Sys 0 00:01:55  -  Total Remote Usage
		Usr 0 00:00:00, Sys 0 00:00:00  -  Total Local Usage
	0  -  Run Bytes Sent By Job
	0  -  Run Bytes Received By Job
	0  -  Total Bytes Sent By Job
	0  -  Total Bytes Received By Job
	Partitionable Resources :    Usage  Request Allocated 
	   Cpus                 :     0.99        1         1 
	   Disk (KB)            :  7500        7500     12108 
	   Memory (MB)          :   322        1024      1024 

	Job terminated of its own accord at 2022-04-07T08:24:33Z with exit-code 0.
...
