000 (454.444.000) 2022-04-06 16:54:01 Job submitted from host: <10.18.24.243:9618?addrs=10.18.24.243-9618&alias=ecoclusts01.bioclust.biologie.ens.fr&noUDP&sock=schedd_1052_29b8>
...
001 (454.444.000) 2022-04-07 21:47:54 Job executing on host: <10.18.24.142:9618?addrs=10.18.24.142-9618&alias=dyoclust15.bioclust.biologie.ens.fr&noUDP&sock=startd_768_5cd3>
...
006 (454.444.000) 2022-04-07 21:48:03 Image size of job updated: 233664
	94  -  MemoryUsage of job (MB)
	96040  -  ResidentSetSize of job (KB)
...
006 (454.444.000) 2022-04-07 21:53:03 Image size of job updated: 741876
	317  -  MemoryUsage of job (MB)
	324340  -  ResidentSetSize of job (KB)
...
006 (454.444.000) 2022-04-07 21:58:04 Image size of job updated: 774644
	317  -  MemoryUsage of job (MB)
	324364  -  ResidentSetSize of job (KB)
...
006 (454.444.000) 2022-04-07 22:48:08 Image size of job updated: 774900
	317  -  MemoryUsage of job (MB)
	324364  -  ResidentSetSize of job (KB)
...
006 (454.444.000) 2022-04-07 22:53:09 Image size of job updated: 774900
	317  -  MemoryUsage of job (MB)
	324496  -  ResidentSetSize of job (KB)
...
006 (454.444.000) 2022-04-07 22:58:09 Image size of job updated: 775156
	318  -  MemoryUsage of job (MB)
	324628  -  ResidentSetSize of job (KB)
...
006 (454.444.000) 2022-04-07 23:03:09 Image size of job updated: 775156
	318  -  MemoryUsage of job (MB)
	324760  -  ResidentSetSize of job (KB)
...
006 (454.444.000) 2022-04-07 23:08:10 Image size of job updated: 775412
	318  -  MemoryUsage of job (MB)
	325024  -  ResidentSetSize of job (KB)
...
006 (454.444.000) 2022-04-07 23:13:11 Image size of job updated: 775412
	318  -  MemoryUsage of job (MB)
	325156  -  ResidentSetSize of job (KB)
...
006 (454.444.000) 2022-04-07 23:18:11 Image size of job updated: 775668
	318  -  MemoryUsage of job (MB)
	325288  -  ResidentSetSize of job (KB)
...
006 (454.444.000) 2022-04-07 23:23:11 Image size of job updated: 775924
	318  -  MemoryUsage of job (MB)
	325420  -  ResidentSetSize of job (KB)
...
006 (454.444.000) 2022-04-07 23:28:12 Image size of job updated: 775924
	318  -  MemoryUsage of job (MB)
	325552  -  ResidentSetSize of job (KB)
...
006 (454.444.000) 2022-04-07 23:33:12 Image size of job updated: 776180
	319  -  MemoryUsage of job (MB)
	325816  -  ResidentSetSize of job (KB)
...
006 (454.444.000) 2022-04-07 23:38:12 Image size of job updated: 776436
	319  -  MemoryUsage of job (MB)
	325948  -  ResidentSetSize of job (KB)
...
006 (454.444.000) 2022-04-07 23:43:13 Image size of job updated: 776436
	319  -  MemoryUsage of job (MB)
	326080  -  ResidentSetSize of job (KB)
...
006 (454.444.000) 2022-04-07 23:48:14 Image size of job updated: 776692
	319  -  MemoryUsage of job (MB)
	326344  -  ResidentSetSize of job (KB)
...
006 (454.444.000) 2022-04-07 23:53:14 Image size of job updated: 776948
	319  -  MemoryUsage of job (MB)
	326476  -  ResidentSetSize of job (KB)
...
006 (454.444.000) 2022-04-08 00:08:15 Image size of job updated: 776948
	319  -  MemoryUsage of job (MB)
	326584  -  ResidentSetSize of job (KB)
...
006 (454.444.000) 2022-04-08 00:13:15 Image size of job updated: 777204
	320  -  MemoryUsage of job (MB)
	326848  -  ResidentSetSize of job (KB)
...
006 (454.444.000) 2022-04-08 00:18:16 Image size of job updated: 777460
	320  -  MemoryUsage of job (MB)
	326980  -  ResidentSetSize of job (KB)
...
006 (454.444.000) 2022-04-08 00:23:17 Image size of job updated: 777460
	320  -  MemoryUsage of job (MB)
	327112  -  ResidentSetSize of job (KB)
...
006 (454.444.000) 2022-04-08 00:28:17 Image size of job updated: 777716
	320  -  MemoryUsage of job (MB)
	327244  -  ResidentSetSize of job (KB)
...
006 (454.444.000) 2022-04-08 00:33:18 Image size of job updated: 777716
	320  -  MemoryUsage of job (MB)
	327376  -  ResidentSetSize of job (KB)
...
006 (454.444.000) 2022-04-08 00:38:18 Image size of job updated: 777972
	320  -  MemoryUsage of job (MB)
	327508  -  ResidentSetSize of job (KB)
...
006 (454.444.000) 2022-04-08 00:43:18 Image size of job updated: 778228
	320  -  MemoryUsage of job (MB)
	327640  -  ResidentSetSize of job (KB)
...
006 (454.444.000) 2022-04-08 00:48:19 Image size of job updated: 778228
	321  -  MemoryUsage of job (MB)
	327904  -  ResidentSetSize of job (KB)
...
006 (454.444.000) 2022-04-08 00:53:20 Image size of job updated: 778484
	321  -  MemoryUsage of job (MB)
	328036  -  ResidentSetSize of job (KB)
...
006 (454.444.000) 2022-04-08 00:58:21 Image size of job updated: 778484
	321  -  MemoryUsage of job (MB)
	328168  -  ResidentSetSize of job (KB)
...
006 (454.444.000) 2022-04-08 01:03:21 Image size of job updated: 778740
	321  -  MemoryUsage of job (MB)
	328300  -  ResidentSetSize of job (KB)
...
006 (454.444.000) 2022-04-08 01:08:22 Image size of job updated: 778996
	321  -  MemoryUsage of job (MB)
	328564  -  ResidentSetSize of job (KB)
...
006 (454.444.000) 2022-04-08 01:13:23 Image size of job updated: 778996
	321  -  MemoryUsage of job (MB)
	328696  -  ResidentSetSize of job (KB)
...
006 (454.444.000) 2022-04-08 01:18:23 Image size of job updated: 779252
	322  -  MemoryUsage of job (MB)
	328828  -  ResidentSetSize of job (KB)
...
006 (454.444.000) 2022-04-08 01:23:23 Image size of job updated: 779508
	322  -  MemoryUsage of job (MB)
	328960  -  ResidentSetSize of job (KB)
...
006 (454.444.000) 2022-04-08 01:28:24 Image size of job updated: 779508
	322  -  MemoryUsage of job (MB)
	329092  -  ResidentSetSize of job (KB)
...
006 (454.444.000) 2022-04-08 01:32:11 Image size of job updated: 779764
	322  -  MemoryUsage of job (MB)
	329092  -  ResidentSetSize of job (KB)
...
005 (454.444.000) 2022-04-08 01:32:11 Job terminated.
	(1) Normal termination (return value 0)
		Usr 0 03:41:54, Sys 0 00:00:37  -  Run Remote Usage
		Usr 0 00:00:00, Sys 0 00:00:00  -  Run Local Usage
		Usr 0 03:41:54, Sys 0 00:00:37  -  Total Remote Usage
		Usr 0 00:00:00, Sys 0 00:00:00  -  Total Local Usage
	0  -  Run Bytes Sent By Job
	0  -  Run Bytes Received By Job
	0  -  Total Bytes Sent By Job
	0  -  Total Bytes Received By Job
	Partitionable Resources :    Usage  Request Allocated 
	   Cpus                 :     0.99        1         1 
	   Disk (KB)            :  7500        7500     10998 
	   Memory (MB)          :   322        1024      1024 

	Job terminated of its own accord at 2022-04-07T23:32:11Z with exit-code 0.
...
