000 (454.642.000) 2022-04-06 16:54:01 Job submitted from host: <10.18.24.243:9618?addrs=10.18.24.243-9618&alias=ecoclusts01.bioclust.biologie.ens.fr&noUDP&sock=schedd_1052_29b8>
...
001 (454.642.000) 2022-04-08 03:33:07 Job executing on host: <10.18.24.140:9618?addrs=10.18.24.140-9618&alias=dyoclust13.bioclust.biologie.ens.fr&noUDP&sock=startd_813_3a96>
...
006 (454.642.000) 2022-04-08 03:33:17 Image size of job updated: 202168
	71  -  MemoryUsage of job (MB)
	71912  -  ResidentSetSize of job (KB)
...
006 (454.642.000) 2022-04-08 03:38:18 Image size of job updated: 781940
	317  -  MemoryUsage of job (MB)
	324124  -  ResidentSetSize of job (KB)
...
006 (454.642.000) 2022-04-08 04:28:23 Image size of job updated: 781940
	317  -  MemoryUsage of job (MB)
	324212  -  ResidentSetSize of job (KB)
...
006 (454.642.000) 2022-04-08 04:33:24 Image size of job updated: 781940
	317  -  MemoryUsage of job (MB)
	324344  -  ResidentSetSize of job (KB)
...
006 (454.642.000) 2022-04-08 04:43:24 Image size of job updated: 781940
	317  -  MemoryUsage of job (MB)
	324476  -  ResidentSetSize of job (KB)
...
006 (454.642.000) 2022-04-08 04:48:25 Image size of job updated: 781940
	317  -  MemoryUsage of job (MB)
	324608  -  ResidentSetSize of job (KB)
...
006 (454.642.000) 2022-04-08 04:53:25 Image size of job updated: 781940
	318  -  MemoryUsage of job (MB)
	324740  -  ResidentSetSize of job (KB)
...
006 (454.642.000) 2022-04-08 04:58:25 Image size of job updated: 781940
	318  -  MemoryUsage of job (MB)
	324872  -  ResidentSetSize of job (KB)
...
006 (454.642.000) 2022-04-08 05:03:26 Image size of job updated: 781940
	318  -  MemoryUsage of job (MB)
	325004  -  ResidentSetSize of job (KB)
...
006 (454.642.000) 2022-04-08 05:08:27 Image size of job updated: 781940
	318  -  MemoryUsage of job (MB)
	325268  -  ResidentSetSize of job (KB)
...
006 (454.642.000) 2022-04-08 05:13:27 Image size of job updated: 781940
	318  -  MemoryUsage of job (MB)
	325400  -  ResidentSetSize of job (KB)
...
006 (454.642.000) 2022-04-08 05:18:28 Image size of job updated: 781940
	319  -  MemoryUsage of job (MB)
	325664  -  ResidentSetSize of job (KB)
...
006 (454.642.000) 2022-04-08 05:23:29 Image size of job updated: 781940
	319  -  MemoryUsage of job (MB)
	325796  -  ResidentSetSize of job (KB)
...
006 (454.642.000) 2022-04-08 05:28:29 Image size of job updated: 781940
	319  -  MemoryUsage of job (MB)
	325928  -  ResidentSetSize of job (KB)
...
006 (454.642.000) 2022-04-08 05:33:29 Image size of job updated: 781940
	319  -  MemoryUsage of job (MB)
	326192  -  ResidentSetSize of job (KB)
...
006 (454.642.000) 2022-04-08 05:38:30 Image size of job updated: 781940
	319  -  MemoryUsage of job (MB)
	326456  -  ResidentSetSize of job (KB)
...
006 (454.642.000) 2022-04-08 05:43:31 Image size of job updated: 781940
	319  -  MemoryUsage of job (MB)
	326588  -  ResidentSetSize of job (KB)
...
006 (454.642.000) 2022-04-08 05:58:33 Image size of job updated: 781940
	320  -  MemoryUsage of job (MB)
	326720  -  ResidentSetSize of job (KB)
...
006 (454.642.000) 2022-04-08 06:03:33 Image size of job updated: 781940
	320  -  MemoryUsage of job (MB)
	326852  -  ResidentSetSize of job (KB)
...
006 (454.642.000) 2022-04-08 06:08:33 Image size of job updated: 781940
	320  -  MemoryUsage of job (MB)
	326984  -  ResidentSetSize of job (KB)
...
006 (454.642.000) 2022-04-08 06:13:34 Image size of job updated: 781940
	320  -  MemoryUsage of job (MB)
	327248  -  ResidentSetSize of job (KB)
...
006 (454.642.000) 2022-04-08 06:18:34 Image size of job updated: 781940
	320  -  MemoryUsage of job (MB)
	327380  -  ResidentSetSize of job (KB)
...
006 (454.642.000) 2022-04-08 06:23:34 Image size of job updated: 781940
	320  -  MemoryUsage of job (MB)
	327512  -  ResidentSetSize of job (KB)
...
006 (454.642.000) 2022-04-08 06:28:35 Image size of job updated: 781940
	320  -  MemoryUsage of job (MB)
	327644  -  ResidentSetSize of job (KB)
...
006 (454.642.000) 2022-04-08 06:33:36 Image size of job updated: 781940
	321  -  MemoryUsage of job (MB)
	327908  -  ResidentSetSize of job (KB)
...
006 (454.642.000) 2022-04-08 06:38:36 Image size of job updated: 781940
	321  -  MemoryUsage of job (MB)
	328040  -  ResidentSetSize of job (KB)
...
006 (454.642.000) 2022-04-08 06:43:37 Image size of job updated: 781940
	321  -  MemoryUsage of job (MB)
	328304  -  ResidentSetSize of job (KB)
...
006 (454.642.000) 2022-04-08 06:48:38 Image size of job updated: 781940
	321  -  MemoryUsage of job (MB)
	328436  -  ResidentSetSize of job (KB)
...
006 (454.642.000) 2022-04-08 06:53:38 Image size of job updated: 781940
	321  -  MemoryUsage of job (MB)
	328568  -  ResidentSetSize of job (KB)
...
006 (454.642.000) 2022-04-08 06:58:38 Image size of job updated: 781940
	321  -  MemoryUsage of job (MB)
	328700  -  ResidentSetSize of job (KB)
...
006 (454.642.000) 2022-04-08 07:03:40 Image size of job updated: 781940
	322  -  MemoryUsage of job (MB)
	328964  -  ResidentSetSize of job (KB)
...
006 (454.642.000) 2022-04-08 07:08:40 Image size of job updated: 781940
	322  -  MemoryUsage of job (MB)
	329096  -  ResidentSetSize of job (KB)
...
005 (454.642.000) 2022-04-08 07:13:06 Job terminated.
	(1) Normal termination (return value 0)
		Usr 0 03:37:22, Sys 0 00:00:49  -  Run Remote Usage
		Usr 0 00:00:00, Sys 0 00:00:00  -  Run Local Usage
		Usr 0 03:37:22, Sys 0 00:00:49  -  Total Remote Usage
		Usr 0 00:00:00, Sys 0 00:00:00  -  Total Local Usage
	0  -  Run Bytes Sent By Job
	0  -  Run Bytes Received By Job
	0  -  Total Bytes Sent By Job
	0  -  Total Bytes Received By Job
	Partitionable Resources :    Usage  Request Allocated 
	   Cpus                 :     1.00        1         1 
	   Disk (KB)            :  7500        7500     10064 
	   Memory (MB)          :   322        1024      1024 

	Job terminated of its own accord at 2022-04-08T05:13:06Z with exit-code 0.
...
