000 (454.155.000) 2022-04-06 16:53:59 Job submitted from host: <10.18.24.243:9618?addrs=10.18.24.243-9618&alias=ecoclusts01.bioclust.biologie.ens.fr&noUDP&sock=schedd_1052_29b8>
...
001 (454.155.000) 2022-04-07 10:20:08 Job executing on host: <10.18.24.14:9618?addrs=10.18.24.14-9618&alias=bioclust14.bioclust.biologie.ens.fr&noUDP&sock=startd_1206_cb4e>
...
006 (454.155.000) 2022-04-07 10:20:17 Image size of job updated: 68756
	68  -  MemoryUsage of job (MB)
	68756  -  ResidentSetSize of job (KB)
...
006 (454.155.000) 2022-04-07 10:25:17 Image size of job updated: 741880
	317  -  MemoryUsage of job (MB)
	324312  -  ResidentSetSize of job (KB)
...
006 (454.155.000) 2022-04-07 10:30:17 Image size of job updated: 774648
	317  -  MemoryUsage of job (MB)
	324312  -  ResidentSetSize of job (KB)
...
006 (454.155.000) 2022-04-07 11:35:23 Image size of job updated: 774904
	317  -  MemoryUsage of job (MB)
	324444  -  ResidentSetSize of job (KB)
...
006 (454.155.000) 2022-04-07 11:45:25 Image size of job updated: 774904
	317  -  MemoryUsage of job (MB)
	324576  -  ResidentSetSize of job (KB)
...
006 (454.155.000) 2022-04-07 11:50:25 Image size of job updated: 775160
	318  -  MemoryUsage of job (MB)
	324708  -  ResidentSetSize of job (KB)
...
006 (454.155.000) 2022-04-07 12:00:26 Image size of job updated: 775160
	318  -  MemoryUsage of job (MB)
	324840  -  ResidentSetSize of job (KB)
...
006 (454.155.000) 2022-04-07 12:05:26 Image size of job updated: 775416
	318  -  MemoryUsage of job (MB)
	324972  -  ResidentSetSize of job (KB)
...
006 (454.155.000) 2022-04-07 12:10:26 Image size of job updated: 775416
	318  -  MemoryUsage of job (MB)
	325104  -  ResidentSetSize of job (KB)
...
006 (454.155.000) 2022-04-07 12:15:27 Image size of job updated: 775672
	318  -  MemoryUsage of job (MB)
	325236  -  ResidentSetSize of job (KB)
...
006 (454.155.000) 2022-04-07 12:20:28 Image size of job updated: 775672
	318  -  MemoryUsage of job (MB)
	325368  -  ResidentSetSize of job (KB)
...
006 (454.155.000) 2022-04-07 12:25:28 Image size of job updated: 775928
	318  -  MemoryUsage of job (MB)
	325500  -  ResidentSetSize of job (KB)
...
006 (454.155.000) 2022-04-07 12:30:29 Image size of job updated: 775928
	318  -  MemoryUsage of job (MB)
	325632  -  ResidentSetSize of job (KB)
...
006 (454.155.000) 2022-04-07 12:35:30 Image size of job updated: 776184
	318  -  MemoryUsage of job (MB)
	325632  -  ResidentSetSize of job (KB)
...
006 (454.155.000) 2022-04-07 12:40:30 Image size of job updated: 776184
	319  -  MemoryUsage of job (MB)
	325764  -  ResidentSetSize of job (KB)
...
006 (454.155.000) 2022-04-07 12:45:30 Image size of job updated: 776440
	319  -  MemoryUsage of job (MB)
	325896  -  ResidentSetSize of job (KB)
...
006 (454.155.000) 2022-04-07 12:50:31 Image size of job updated: 776440
	319  -  MemoryUsage of job (MB)
	326028  -  ResidentSetSize of job (KB)
...
006 (454.155.000) 2022-04-07 12:55:32 Image size of job updated: 776440
	319  -  MemoryUsage of job (MB)
	326160  -  ResidentSetSize of job (KB)
...
006 (454.155.000) 2022-04-07 13:00:32 Image size of job updated: 776696
	319  -  MemoryUsage of job (MB)
	326292  -  ResidentSetSize of job (KB)
...
006 (454.155.000) 2022-04-07 13:10:34 Image size of job updated: 776952
	319  -  MemoryUsage of job (MB)
	326424  -  ResidentSetSize of job (KB)
...
006 (454.155.000) 2022-04-07 13:15:34 Image size of job updated: 776952
	319  -  MemoryUsage of job (MB)
	326556  -  ResidentSetSize of job (KB)
...
006 (454.155.000) 2022-04-07 13:35:36 Image size of job updated: 776952
	320  -  MemoryUsage of job (MB)
	326688  -  ResidentSetSize of job (KB)
...
006 (454.155.000) 2022-04-07 13:40:37 Image size of job updated: 777208
	320  -  MemoryUsage of job (MB)
	326820  -  ResidentSetSize of job (KB)
...
006 (454.155.000) 2022-04-07 13:50:38 Image size of job updated: 777208
	320  -  MemoryUsage of job (MB)
	326952  -  ResidentSetSize of job (KB)
...
006 (454.155.000) 2022-04-07 13:55:38 Image size of job updated: 777464
	320  -  MemoryUsage of job (MB)
	326952  -  ResidentSetSize of job (KB)
...
006 (454.155.000) 2022-04-07 14:00:39 Image size of job updated: 777464
	320  -  MemoryUsage of job (MB)
	327084  -  ResidentSetSize of job (KB)
...
006 (454.155.000) 2022-04-07 14:05:40 Image size of job updated: 777464
	320  -  MemoryUsage of job (MB)
	327216  -  ResidentSetSize of job (KB)
...
006 (454.155.000) 2022-04-07 14:10:40 Image size of job updated: 777720
	320  -  MemoryUsage of job (MB)
	327348  -  ResidentSetSize of job (KB)
...
006 (454.155.000) 2022-04-07 14:15:41 Image size of job updated: 777720
	320  -  MemoryUsage of job (MB)
	327480  -  ResidentSetSize of job (KB)
...
006 (454.155.000) 2022-04-07 14:20:42 Image size of job updated: 777976
	320  -  MemoryUsage of job (MB)
	327480  -  ResidentSetSize of job (KB)
...
006 (454.155.000) 2022-04-07 14:25:42 Image size of job updated: 777976
	320  -  MemoryUsage of job (MB)
	327612  -  ResidentSetSize of job (KB)
...
006 (454.155.000) 2022-04-07 14:35:44 Image size of job updated: 778232
	321  -  MemoryUsage of job (MB)
	327744  -  ResidentSetSize of job (KB)
...
006 (454.155.000) 2022-04-07 14:40:44 Image size of job updated: 778232
	321  -  MemoryUsage of job (MB)
	327876  -  ResidentSetSize of job (KB)
...
006 (454.155.000) 2022-04-07 14:45:44 Image size of job updated: 778488
	321  -  MemoryUsage of job (MB)
	328008  -  ResidentSetSize of job (KB)
...
006 (454.155.000) 2022-04-07 14:50:45 Image size of job updated: 778488
	321  -  MemoryUsage of job (MB)
	328140  -  ResidentSetSize of job (KB)
...
006 (454.155.000) 2022-04-07 15:00:46 Image size of job updated: 778744
	321  -  MemoryUsage of job (MB)
	328272  -  ResidentSetSize of job (KB)
...
006 (454.155.000) 2022-04-07 15:05:47 Image size of job updated: 778744
	321  -  MemoryUsage of job (MB)
	328404  -  ResidentSetSize of job (KB)
...
006 (454.155.000) 2022-04-07 15:10:48 Image size of job updated: 779000
	321  -  MemoryUsage of job (MB)
	328536  -  ResidentSetSize of job (KB)
...
006 (454.155.000) 2022-04-07 15:20:48 Image size of job updated: 779000
	321  -  MemoryUsage of job (MB)
	328668  -  ResidentSetSize of job (KB)
...
006 (454.155.000) 2022-04-07 15:25:49 Image size of job updated: 779256
	322  -  MemoryUsage of job (MB)
	328800  -  ResidentSetSize of job (KB)
...
006 (454.155.000) 2022-04-07 15:30:50 Image size of job updated: 779256
	322  -  MemoryUsage of job (MB)
	328932  -  ResidentSetSize of job (KB)
...
006 (454.155.000) 2022-04-07 15:35:50 Image size of job updated: 779512
	322  -  MemoryUsage of job (MB)
	328932  -  ResidentSetSize of job (KB)
...
006 (454.155.000) 2022-04-07 15:40:51 Image size of job updated: 779512
	322  -  MemoryUsage of job (MB)
	329064  -  ResidentSetSize of job (KB)
...
006 (454.155.000) 2022-04-07 15:45:52 Image size of job updated: 779512
	322  -  MemoryUsage of job (MB)
	329196  -  ResidentSetSize of job (KB)
...
006 (454.155.000) 2022-04-07 15:49:54 Image size of job updated: 779768
	322  -  MemoryUsage of job (MB)
	329196  -  ResidentSetSize of job (KB)
...
005 (454.155.000) 2022-04-07 15:49:54 Job terminated.
	(1) Normal termination (return value 0)
		Usr 0 05:23:02, Sys 0 00:02:16  -  Run Remote Usage
		Usr 0 00:00:00, Sys 0 00:00:00  -  Run Local Usage
		Usr 0 05:23:02, Sys 0 00:02:16  -  Total Remote Usage
		Usr 0 00:00:00, Sys 0 00:00:00  -  Total Local Usage
	0  -  Run Bytes Sent By Job
	0  -  Run Bytes Received By Job
	0  -  Total Bytes Sent By Job
	0  -  Total Bytes Received By Job
	Partitionable Resources :    Usage  Request Allocated 
	   Cpus                 :     1.00        1         1 
	   Disk (KB)            :  7500        7500     10998 
	   Memory (MB)          :   322        1024      1024 

	Job terminated of its own accord at 2022-04-07T13:49:54Z with exit-code 0.
...
