000 (454.600.000) 2022-04-06 16:54:01 Job submitted from host: <10.18.24.243:9618?addrs=10.18.24.243-9618&alias=ecoclusts01.bioclust.biologie.ens.fr&noUDP&sock=schedd_1052_29b8>
...
001 (454.600.000) 2022-04-08 02:20:03 Job executing on host: <10.18.24.142:9618?addrs=10.18.24.142-9618&alias=dyoclust15.bioclust.biologie.ens.fr&noUDP&sock=startd_768_5cd3>
...
006 (454.600.000) 2022-04-08 02:20:12 Image size of job updated: 115860
	114  -  MemoryUsage of job (MB)
	115860  -  ResidentSetSize of job (KB)
...
006 (454.600.000) 2022-04-08 02:25:13 Image size of job updated: 896308
	317  -  MemoryUsage of job (MB)
	324068  -  ResidentSetSize of job (KB)
...
006 (454.600.000) 2022-04-08 02:30:13 Image size of job updated: 896308
	317  -  MemoryUsage of job (MB)
	324156  -  ResidentSetSize of job (KB)
...
006 (454.600.000) 2022-04-08 03:00:16 Image size of job updated: 896308
	317  -  MemoryUsage of job (MB)
	324288  -  ResidentSetSize of job (KB)
...
006 (454.600.000) 2022-04-08 03:05:16 Image size of job updated: 896308
	317  -  MemoryUsage of job (MB)
	324420  -  ResidentSetSize of job (KB)
...
006 (454.600.000) 2022-04-08 03:15:18 Image size of job updated: 896308
	317  -  MemoryUsage of job (MB)
	324552  -  ResidentSetSize of job (KB)
...
006 (454.600.000) 2022-04-08 03:20:18 Image size of job updated: 896308
	318  -  MemoryUsage of job (MB)
	324684  -  ResidentSetSize of job (KB)
...
006 (454.600.000) 2022-04-08 03:25:18 Image size of job updated: 896308
	318  -  MemoryUsage of job (MB)
	324816  -  ResidentSetSize of job (KB)
...
006 (454.600.000) 2022-04-08 03:30:19 Image size of job updated: 896308
	318  -  MemoryUsage of job (MB)
	325080  -  ResidentSetSize of job (KB)
...
006 (454.600.000) 2022-04-08 03:35:20 Image size of job updated: 896308
	318  -  MemoryUsage of job (MB)
	325212  -  ResidentSetSize of job (KB)
...
006 (454.600.000) 2022-04-08 03:40:20 Image size of job updated: 896308
	318  -  MemoryUsage of job (MB)
	325476  -  ResidentSetSize of job (KB)
...
006 (454.600.000) 2022-04-08 03:45:21 Image size of job updated: 896308
	318  -  MemoryUsage of job (MB)
	325608  -  ResidentSetSize of job (KB)
...
006 (454.600.000) 2022-04-08 03:50:22 Image size of job updated: 896308
	319  -  MemoryUsage of job (MB)
	325872  -  ResidentSetSize of job (KB)
...
006 (454.600.000) 2022-04-08 03:55:22 Image size of job updated: 896308
	319  -  MemoryUsage of job (MB)
	326004  -  ResidentSetSize of job (KB)
...
006 (454.600.000) 2022-04-08 04:00:22 Image size of job updated: 896308
	319  -  MemoryUsage of job (MB)
	326268  -  ResidentSetSize of job (KB)
...
006 (454.600.000) 2022-04-08 04:05:24 Image size of job updated: 896308
	319  -  MemoryUsage of job (MB)
	326400  -  ResidentSetSize of job (KB)
...
006 (454.600.000) 2022-04-08 04:10:24 Image size of job updated: 896308
	319  -  MemoryUsage of job (MB)
	326484  -  ResidentSetSize of job (KB)
...
006 (454.600.000) 2022-04-08 04:20:25 Image size of job updated: 896308
	320  -  MemoryUsage of job (MB)
	326748  -  ResidentSetSize of job (KB)
...
006 (454.600.000) 2022-04-08 04:25:26 Image size of job updated: 896308
	320  -  MemoryUsage of job (MB)
	326880  -  ResidentSetSize of job (KB)
...
006 (454.600.000) 2022-04-08 04:30:26 Image size of job updated: 896308
	320  -  MemoryUsage of job (MB)
	327012  -  ResidentSetSize of job (KB)
...
006 (454.600.000) 2022-04-08 04:35:26 Image size of job updated: 896308
	320  -  MemoryUsage of job (MB)
	327276  -  ResidentSetSize of job (KB)
...
006 (454.600.000) 2022-04-08 04:40:27 Image size of job updated: 896308
	320  -  MemoryUsage of job (MB)
	327408  -  ResidentSetSize of job (KB)
...
006 (454.600.000) 2022-04-08 04:45:28 Image size of job updated: 896308
	320  -  MemoryUsage of job (MB)
	327540  -  ResidentSetSize of job (KB)
...
006 (454.600.000) 2022-04-08 04:50:28 Image size of job updated: 896308
	321  -  MemoryUsage of job (MB)
	327804  -  ResidentSetSize of job (KB)
...
006 (454.600.000) 2022-04-08 04:55:29 Image size of job updated: 896308
	321  -  MemoryUsage of job (MB)
	327936  -  ResidentSetSize of job (KB)
...
006 (454.600.000) 2022-04-08 05:00:30 Image size of job updated: 896308
	321  -  MemoryUsage of job (MB)
	328200  -  ResidentSetSize of job (KB)
...
006 (454.600.000) 2022-04-08 05:05:30 Image size of job updated: 896308
	321  -  MemoryUsage of job (MB)
	328332  -  ResidentSetSize of job (KB)
...
006 (454.600.000) 2022-04-08 05:10:30 Image size of job updated: 896308
	321  -  MemoryUsage of job (MB)
	328464  -  ResidentSetSize of job (KB)
...
006 (454.600.000) 2022-04-08 05:15:31 Image size of job updated: 896308
	322  -  MemoryUsage of job (MB)
	328728  -  ResidentSetSize of job (KB)
...
006 (454.600.000) 2022-04-08 05:20:32 Image size of job updated: 896308
	322  -  MemoryUsage of job (MB)
	328860  -  ResidentSetSize of job (KB)
...
006 (454.600.000) 2022-04-08 05:25:32 Image size of job updated: 896308
	322  -  MemoryUsage of job (MB)
	328992  -  ResidentSetSize of job (KB)
...
006 (454.600.000) 2022-04-08 05:30:33 Image size of job updated: 896308
	322  -  MemoryUsage of job (MB)
	329124  -  ResidentSetSize of job (KB)
...
005 (454.600.000) 2022-04-08 05:34:12 Job terminated.
	(1) Normal termination (return value 0)
		Usr 0 03:12:02, Sys 0 00:00:28  -  Run Remote Usage
		Usr 0 00:00:00, Sys 0 00:00:00  -  Run Local Usage
		Usr 0 03:12:02, Sys 0 00:00:28  -  Total Remote Usage
		Usr 0 00:00:00, Sys 0 00:00:00  -  Total Local Usage
	0  -  Run Bytes Sent By Job
	0  -  Run Bytes Received By Job
	0  -  Total Bytes Sent By Job
	0  -  Total Bytes Received By Job
	Partitionable Resources :    Usage  Request Allocated 
	   Cpus                 :     1.00        1         1 
	   Disk (KB)            :  7500        7500     10998 
	   Memory (MB)          :   322        1024      1024 

	Job terminated of its own accord at 2022-04-08T03:34:12Z with exit-code 0.
...
