000 (454.033.000) 2022-04-06 16:53:59 Job submitted from host: <10.18.24.243:9618?addrs=10.18.24.243-9618&alias=ecoclusts01.bioclust.biologie.ens.fr&noUDP&sock=schedd_1052_29b8>
...
001 (454.033.000) 2022-04-07 03:10:29 Job executing on host: <10.18.24.178:9618?addrs=10.18.24.178-9618&alias=mcbsclust07.bioclust.biologie.ens.fr&noUDP&sock=startd_912_2276>
...
006 (454.033.000) 2022-04-07 03:10:37 Image size of job updated: 369140
	361  -  MemoryUsage of job (MB)
	369140  -  ResidentSetSize of job (KB)
...
006 (454.033.000) 2022-04-07 03:15:37 Image size of job updated: 787276
	361  -  MemoryUsage of job (MB)
	369536  -  ResidentSetSize of job (KB)
...
005 (454.033.000) 2022-04-07 07:52:38 Job terminated.
	(1) Normal termination (return value 0)
		Usr 0 04:41:15, Sys 0 00:00:14  -  Run Remote Usage
		Usr 0 00:00:00, Sys 0 00:00:00  -  Run Local Usage
		Usr 0 04:41:15, Sys 0 00:00:14  -  Total Remote Usage
		Usr 0 00:00:00, Sys 0 00:00:00  -  Total Local Usage
	0  -  Run Bytes Sent By Job
	0  -  Run Bytes Received By Job
	0  -  Total Bytes Sent By Job
	0  -  Total Bytes Received By Job
	Partitionable Resources :    Usage  Request Allocated 
	   Cpus                 :     0.99        1         1 
	   Disk (KB)            :  7500        7500     11001 
	   Memory (MB)          :   361        1024      1024 

	Job terminated of its own accord at 2022-04-07T05:52:38Z with exit-code 0.
...
