000 (454.061.000) 2022-04-06 16:53:59 Job submitted from host: <10.18.24.243:9618?addrs=10.18.24.243-9618&alias=ecoclusts01.bioclust.biologie.ens.fr&noUDP&sock=schedd_1052_29b8>
...
001 (454.061.000) 2022-04-07 04:47:30 Job executing on host: <10.18.24.12:9618?addrs=10.18.24.12-9618&alias=bioclust12.bioclust.biologie.ens.fr&noUDP&sock=startd_86046_fa3b>
...
006 (454.061.000) 2022-04-07 04:47:39 Image size of job updated: 80876
	54  -  MemoryUsage of job (MB)
	54984  -  ResidentSetSize of job (KB)
...
006 (454.061.000) 2022-04-07 04:52:40 Image size of job updated: 792508
	317  -  MemoryUsage of job (MB)
	324340  -  ResidentSetSize of job (KB)
...
006 (454.061.000) 2022-04-07 06:17:48 Image size of job updated: 792508
	317  -  MemoryUsage of job (MB)
	324472  -  ResidentSetSize of job (KB)
...
006 (454.061.000) 2022-04-07 06:22:48 Image size of job updated: 792508
	317  -  MemoryUsage of job (MB)
	324604  -  ResidentSetSize of job (KB)
...
006 (454.061.000) 2022-04-07 06:27:49 Image size of job updated: 792508
	318  -  MemoryUsage of job (MB)
	324736  -  ResidentSetSize of job (KB)
...
006 (454.061.000) 2022-04-07 06:37:50 Image size of job updated: 792508
	318  -  MemoryUsage of job (MB)
	324868  -  ResidentSetSize of job (KB)
...
006 (454.061.000) 2022-04-07 06:47:51 Image size of job updated: 792508
	318  -  MemoryUsage of job (MB)
	325000  -  ResidentSetSize of job (KB)
...
006 (454.061.000) 2022-04-07 06:52:51 Image size of job updated: 792508
	318  -  MemoryUsage of job (MB)
	325132  -  ResidentSetSize of job (KB)
...
006 (454.061.000) 2022-04-07 07:02:52 Image size of job updated: 792508
	318  -  MemoryUsage of job (MB)
	325264  -  ResidentSetSize of job (KB)
...
006 (454.061.000) 2022-04-07 07:07:52 Image size of job updated: 792508
	318  -  MemoryUsage of job (MB)
	325396  -  ResidentSetSize of job (KB)
...
006 (454.061.000) 2022-04-07 07:17:54 Image size of job updated: 792508
	318  -  MemoryUsage of job (MB)
	325528  -  ResidentSetSize of job (KB)
...
006 (454.061.000) 2022-04-07 07:22:54 Image size of job updated: 792508
	319  -  MemoryUsage of job (MB)
	325660  -  ResidentSetSize of job (KB)
...
006 (454.061.000) 2022-04-07 07:27:54 Image size of job updated: 792508
	319  -  MemoryUsage of job (MB)
	325792  -  ResidentSetSize of job (KB)
...
006 (454.061.000) 2022-04-07 07:37:56 Image size of job updated: 792508
	319  -  MemoryUsage of job (MB)
	325924  -  ResidentSetSize of job (KB)
...
006 (454.061.000) 2022-04-07 07:42:56 Image size of job updated: 792508
	319  -  MemoryUsage of job (MB)
	326056  -  ResidentSetSize of job (KB)
...
006 (454.061.000) 2022-04-07 07:47:57 Image size of job updated: 792508
	319  -  MemoryUsage of job (MB)
	326188  -  ResidentSetSize of job (KB)
...
006 (454.061.000) 2022-04-07 07:52:58 Image size of job updated: 792508
	319  -  MemoryUsage of job (MB)
	326320  -  ResidentSetSize of job (KB)
...
006 (454.061.000) 2022-04-07 07:57:58 Image size of job updated: 792508
	319  -  MemoryUsage of job (MB)
	326452  -  ResidentSetSize of job (KB)
...
006 (454.061.000) 2022-04-07 08:02:59 Image size of job updated: 792508
	319  -  MemoryUsage of job (MB)
	326584  -  ResidentSetSize of job (KB)
...
006 (454.061.000) 2022-04-07 08:23:02 Image size of job updated: 792508
	320  -  MemoryUsage of job (MB)
	326716  -  ResidentSetSize of job (KB)
...
006 (454.061.000) 2022-04-07 08:28:02 Image size of job updated: 792508
	320  -  MemoryUsage of job (MB)
	326848  -  ResidentSetSize of job (KB)
...
006 (454.061.000) 2022-04-07 08:33:02 Image size of job updated: 792508
	320  -  MemoryUsage of job (MB)
	326980  -  ResidentSetSize of job (KB)
...
006 (454.061.000) 2022-04-07 08:43:04 Image size of job updated: 792508
	320  -  MemoryUsage of job (MB)
	327112  -  ResidentSetSize of job (KB)
...
006 (454.061.000) 2022-04-07 08:48:04 Image size of job updated: 792508
	320  -  MemoryUsage of job (MB)
	327244  -  ResidentSetSize of job (KB)
...
006 (454.061.000) 2022-04-07 08:53:05 Image size of job updated: 792508
	320  -  MemoryUsage of job (MB)
	327376  -  ResidentSetSize of job (KB)
...
006 (454.061.000) 2022-04-07 09:03:06 Image size of job updated: 792508
	320  -  MemoryUsage of job (MB)
	327508  -  ResidentSetSize of job (KB)
...
006 (454.061.000) 2022-04-07 09:08:06 Image size of job updated: 792508
	320  -  MemoryUsage of job (MB)
	327640  -  ResidentSetSize of job (KB)
...
006 (454.061.000) 2022-04-07 09:13:07 Image size of job updated: 792508
	321  -  MemoryUsage of job (MB)
	327772  -  ResidentSetSize of job (KB)
...
006 (454.061.000) 2022-04-07 09:23:07 Image size of job updated: 792508
	321  -  MemoryUsage of job (MB)
	327904  -  ResidentSetSize of job (KB)
...
006 (454.061.000) 2022-04-07 09:28:08 Image size of job updated: 792508
	321  -  MemoryUsage of job (MB)
	328036  -  ResidentSetSize of job (KB)
...
006 (454.061.000) 2022-04-07 09:33:09 Image size of job updated: 792508
	321  -  MemoryUsage of job (MB)
	328168  -  ResidentSetSize of job (KB)
...
006 (454.061.000) 2022-04-07 09:38:09 Image size of job updated: 792508
	321  -  MemoryUsage of job (MB)
	328300  -  ResidentSetSize of job (KB)
...
006 (454.061.000) 2022-04-07 09:48:11 Image size of job updated: 792508
	321  -  MemoryUsage of job (MB)
	328432  -  ResidentSetSize of job (KB)
...
006 (454.061.000) 2022-04-07 09:53:11 Image size of job updated: 792508
	321  -  MemoryUsage of job (MB)
	328564  -  ResidentSetSize of job (KB)
...
006 (454.061.000) 2022-04-07 09:58:11 Image size of job updated: 792508
	321  -  MemoryUsage of job (MB)
	328696  -  ResidentSetSize of job (KB)
...
006 (454.061.000) 2022-04-07 10:03:12 Image size of job updated: 792508
	322  -  MemoryUsage of job (MB)
	328828  -  ResidentSetSize of job (KB)
...
006 (454.061.000) 2022-04-07 10:08:13 Image size of job updated: 792508
	322  -  MemoryUsage of job (MB)
	328960  -  ResidentSetSize of job (KB)
...
006 (454.061.000) 2022-04-07 10:18:14 Image size of job updated: 792508
	322  -  MemoryUsage of job (MB)
	329092  -  ResidentSetSize of job (KB)
...
006 (454.061.000) 2022-04-07 10:23:15 Image size of job updated: 792508
	322  -  MemoryUsage of job (MB)
	329224  -  ResidentSetSize of job (KB)
...
005 (454.061.000) 2022-04-07 10:26:34 Job terminated.
	(1) Normal termination (return value 0)
		Usr 0 05:32:05, Sys 0 00:02:21  -  Run Remote Usage
		Usr 0 00:00:00, Sys 0 00:00:00  -  Run Local Usage
		Usr 0 05:32:05, Sys 0 00:02:21  -  Total Remote Usage
		Usr 0 00:00:00, Sys 0 00:00:00  -  Total Local Usage
	0  -  Run Bytes Sent By Job
	0  -  Run Bytes Received By Job
	0  -  Total Bytes Sent By Job
	0  -  Total Bytes Received By Job
	Partitionable Resources :    Usage  Request Allocated 
	   Cpus                 :     1.00        1         1 
	   Disk (KB)            :  7500        7500     12108 
	   Memory (MB)          :   322        1024      1024 

	Job terminated of its own accord at 2022-04-07T08:26:34Z with exit-code 0.
...
