000 (454.323.000) 2022-04-06 16:54:00 Job submitted from host: <10.18.24.243:9618?addrs=10.18.24.243-9618&alias=ecoclusts01.bioclust.biologie.ens.fr&noUDP&sock=schedd_1052_29b8>
...
001 (454.323.000) 2022-04-07 18:00:51 Job executing on host: <10.18.24.136:9618?addrs=10.18.24.136-9618&alias=dyoclust09.bioclust.biologie.ens.fr&noUDP&sock=startd_808_cc9c>
...
006 (454.323.000) 2022-04-07 18:01:01 Image size of job updated: 331540
	200  -  MemoryUsage of job (MB)
	204728  -  ResidentSetSize of job (KB)
...
006 (454.323.000) 2022-04-07 18:06:01 Image size of job updated: 741620
	288  -  MemoryUsage of job (MB)
	294460  -  ResidentSetSize of job (KB)
...
006 (454.323.000) 2022-04-07 18:11:01 Image size of job updated: 774388
	317  -  MemoryUsage of job (MB)
	324056  -  ResidentSetSize of job (KB)
...
006 (454.323.000) 2022-04-07 18:41:04 Image size of job updated: 774644
	317  -  MemoryUsage of job (MB)
	324188  -  ResidentSetSize of job (KB)
...
006 (454.323.000) 2022-04-07 18:46:04 Image size of job updated: 774900
	317  -  MemoryUsage of job (MB)
	324452  -  ResidentSetSize of job (KB)
...
006 (454.323.000) 2022-04-07 18:51:05 Image size of job updated: 775156
	317  -  MemoryUsage of job (MB)
	324584  -  ResidentSetSize of job (KB)
...
006 (454.323.000) 2022-04-07 18:56:06 Image size of job updated: 775156
	318  -  MemoryUsage of job (MB)
	324848  -  ResidentSetSize of job (KB)
...
006 (454.323.000) 2022-04-07 19:01:06 Image size of job updated: 775412
	318  -  MemoryUsage of job (MB)
	324980  -  ResidentSetSize of job (KB)
...
006 (454.323.000) 2022-04-07 19:06:06 Image size of job updated: 775668
	318  -  MemoryUsage of job (MB)
	325112  -  ResidentSetSize of job (KB)
...
006 (454.323.000) 2022-04-07 19:11:07 Image size of job updated: 775668
	318  -  MemoryUsage of job (MB)
	325376  -  ResidentSetSize of job (KB)
...
006 (454.323.000) 2022-04-07 19:16:07 Image size of job updated: 775924
	318  -  MemoryUsage of job (MB)
	325508  -  ResidentSetSize of job (KB)
...
006 (454.323.000) 2022-04-07 19:21:07 Image size of job updated: 776180
	319  -  MemoryUsage of job (MB)
	325772  -  ResidentSetSize of job (KB)
...
006 (454.323.000) 2022-04-07 19:26:08 Image size of job updated: 776436
	319  -  MemoryUsage of job (MB)
	326036  -  ResidentSetSize of job (KB)
...
006 (454.323.000) 2022-04-07 19:31:09 Image size of job updated: 776692
	319  -  MemoryUsage of job (MB)
	326168  -  ResidentSetSize of job (KB)
...
006 (454.323.000) 2022-04-07 19:36:09 Image size of job updated: 776948
	319  -  MemoryUsage of job (MB)
	326432  -  ResidentSetSize of job (KB)
...
006 (454.323.000) 2022-04-07 19:41:09 Image size of job updated: 776948
	319  -  MemoryUsage of job (MB)
	326564  -  ResidentSetSize of job (KB)
...
006 (454.323.000) 2022-04-07 19:51:10 Image size of job updated: 777204
	320  -  MemoryUsage of job (MB)
	326828  -  ResidentSetSize of job (KB)
...
006 (454.323.000) 2022-04-07 19:56:10 Image size of job updated: 777460
	320  -  MemoryUsage of job (MB)
	326960  -  ResidentSetSize of job (KB)
...
006 (454.323.000) 2022-04-07 20:01:11 Image size of job updated: 777716
	320  -  MemoryUsage of job (MB)
	327224  -  ResidentSetSize of job (KB)
...
006 (454.323.000) 2022-04-07 20:06:12 Image size of job updated: 777716
	320  -  MemoryUsage of job (MB)
	327356  -  ResidentSetSize of job (KB)
...
006 (454.323.000) 2022-04-07 20:11:12 Image size of job updated: 777972
	320  -  MemoryUsage of job (MB)
	327620  -  ResidentSetSize of job (KB)
...
006 (454.323.000) 2022-04-07 20:16:12 Image size of job updated: 778228
	321  -  MemoryUsage of job (MB)
	327752  -  ResidentSetSize of job (KB)
...
006 (454.323.000) 2022-04-07 20:21:13 Image size of job updated: 778484
	321  -  MemoryUsage of job (MB)
	328016  -  ResidentSetSize of job (KB)
...
006 (454.323.000) 2022-04-07 20:26:13 Image size of job updated: 778484
	321  -  MemoryUsage of job (MB)
	328148  -  ResidentSetSize of job (KB)
...
006 (454.323.000) 2022-04-07 20:31:13 Image size of job updated: 778740
	321  -  MemoryUsage of job (MB)
	328412  -  ResidentSetSize of job (KB)
...
006 (454.323.000) 2022-04-07 20:36:14 Image size of job updated: 778996
	321  -  MemoryUsage of job (MB)
	328544  -  ResidentSetSize of job (KB)
...
006 (454.323.000) 2022-04-07 20:41:15 Image size of job updated: 779252
	322  -  MemoryUsage of job (MB)
	328808  -  ResidentSetSize of job (KB)
...
006 (454.323.000) 2022-04-07 20:46:15 Image size of job updated: 779252
	322  -  MemoryUsage of job (MB)
	328940  -  ResidentSetSize of job (KB)
...
006 (454.323.000) 2022-04-07 20:51:16 Image size of job updated: 779508
	322  -  MemoryUsage of job (MB)
	329204  -  ResidentSetSize of job (KB)
...
006 (454.323.000) 2022-04-07 20:53:51 Image size of job updated: 779764
	322  -  MemoryUsage of job (MB)
	329204  -  ResidentSetSize of job (KB)
...
005 (454.323.000) 2022-04-07 20:53:51 Job terminated.
	(1) Normal termination (return value 0)
		Usr 0 02:52:08, Sys 0 00:00:23  -  Run Remote Usage
		Usr 0 00:00:00, Sys 0 00:00:00  -  Run Local Usage
		Usr 0 02:52:08, Sys 0 00:00:23  -  Total Remote Usage
		Usr 0 00:00:00, Sys 0 00:00:00  -  Total Local Usage
	0  -  Run Bytes Sent By Job
	0  -  Run Bytes Received By Job
	0  -  Total Bytes Sent By Job
	0  -  Total Bytes Received By Job
	Partitionable Resources :    Usage  Request Allocated 
	   Cpus                 :     1.00        1         1 
	   Disk (KB)            :  7500        7500     10998 
	   Memory (MB)          :   322        1024      1024 

	Job terminated of its own accord at 2022-04-07T18:53:51Z with exit-code 0.
...
