000 (454.602.000) 2022-04-06 16:54:01 Job submitted from host: <10.18.24.243:9618?addrs=10.18.24.243-9618&alias=ecoclusts01.bioclust.biologie.ens.fr&noUDP&sock=schedd_1052_29b8>
...
001 (454.602.000) 2022-04-08 02:23:03 Job executing on host: <10.18.24.137:9618?addrs=10.18.24.137-9618&alias=dyoclust10.bioclust.biologie.ens.fr&noUDP&sock=startd_830_e3b2>
...
006 (454.602.000) 2022-04-08 02:23:12 Image size of job updated: 131188
	129  -  MemoryUsage of job (MB)
	131188  -  ResidentSetSize of job (KB)
...
006 (454.602.000) 2022-04-08 02:28:12 Image size of job updated: 741620
	302  -  MemoryUsage of job (MB)
	308756  -  ResidentSetSize of job (KB)
...
006 (454.602.000) 2022-04-08 02:33:12 Image size of job updated: 774388
	317  -  MemoryUsage of job (MB)
	324104  -  ResidentSetSize of job (KB)
...
006 (454.602.000) 2022-04-08 03:03:15 Image size of job updated: 774644
	317  -  MemoryUsage of job (MB)
	324236  -  ResidentSetSize of job (KB)
...
006 (454.602.000) 2022-04-08 03:08:15 Image size of job updated: 774900
	317  -  MemoryUsage of job (MB)
	324500  -  ResidentSetSize of job (KB)
...
006 (454.602.000) 2022-04-08 03:13:16 Image size of job updated: 774900
	318  -  MemoryUsage of job (MB)
	324632  -  ResidentSetSize of job (KB)
...
006 (454.602.000) 2022-04-08 03:18:17 Image size of job updated: 775156
	318  -  MemoryUsage of job (MB)
	324764  -  ResidentSetSize of job (KB)
...
006 (454.602.000) 2022-04-08 03:23:17 Image size of job updated: 775412
	318  -  MemoryUsage of job (MB)
	324896  -  ResidentSetSize of job (KB)
...
006 (454.602.000) 2022-04-08 03:28:17 Image size of job updated: 775668
	318  -  MemoryUsage of job (MB)
	325160  -  ResidentSetSize of job (KB)
...
006 (454.602.000) 2022-04-08 03:33:18 Image size of job updated: 775668
	318  -  MemoryUsage of job (MB)
	325292  -  ResidentSetSize of job (KB)
...
006 (454.602.000) 2022-04-08 03:38:18 Image size of job updated: 775924
	318  -  MemoryUsage of job (MB)
	325424  -  ResidentSetSize of job (KB)
...
006 (454.602.000) 2022-04-08 03:43:18 Image size of job updated: 775924
	319  -  MemoryUsage of job (MB)
	325688  -  ResidentSetSize of job (KB)
...
006 (454.602.000) 2022-04-08 03:48:19 Image size of job updated: 776180
	319  -  MemoryUsage of job (MB)
	325820  -  ResidentSetSize of job (KB)
...
006 (454.602.000) 2022-04-08 03:53:20 Image size of job updated: 776436
	319  -  MemoryUsage of job (MB)
	325952  -  ResidentSetSize of job (KB)
...
006 (454.602.000) 2022-04-08 03:58:20 Image size of job updated: 776692
	319  -  MemoryUsage of job (MB)
	326216  -  ResidentSetSize of job (KB)
...
006 (454.602.000) 2022-04-08 04:03:21 Image size of job updated: 776948
	319  -  MemoryUsage of job (MB)
	326480  -  ResidentSetSize of job (KB)
...
006 (454.602.000) 2022-04-08 04:13:22 Image size of job updated: 776948
	319  -  MemoryUsage of job (MB)
	326608  -  ResidentSetSize of job (KB)
...
006 (454.602.000) 2022-04-08 04:18:22 Image size of job updated: 777204
	320  -  MemoryUsage of job (MB)
	326740  -  ResidentSetSize of job (KB)
...
006 (454.602.000) 2022-04-08 04:23:23 Image size of job updated: 777204
	320  -  MemoryUsage of job (MB)
	326872  -  ResidentSetSize of job (KB)
...
006 (454.602.000) 2022-04-08 04:28:24 Image size of job updated: 777460
	320  -  MemoryUsage of job (MB)
	327136  -  ResidentSetSize of job (KB)
...
006 (454.602.000) 2022-04-08 04:33:24 Image size of job updated: 777716
	320  -  MemoryUsage of job (MB)
	327268  -  ResidentSetSize of job (KB)
...
006 (454.602.000) 2022-04-08 04:38:25 Image size of job updated: 777972
	320  -  MemoryUsage of job (MB)
	327532  -  ResidentSetSize of job (KB)
...
006 (454.602.000) 2022-04-08 04:43:26 Image size of job updated: 777972
	320  -  MemoryUsage of job (MB)
	327664  -  ResidentSetSize of job (KB)
...
006 (454.602.000) 2022-04-08 04:48:26 Image size of job updated: 778228
	321  -  MemoryUsage of job (MB)
	327928  -  ResidentSetSize of job (KB)
...
006 (454.602.000) 2022-04-08 04:53:26 Image size of job updated: 778484
	321  -  MemoryUsage of job (MB)
	328060  -  ResidentSetSize of job (KB)
...
006 (454.602.000) 2022-04-08 04:58:27 Image size of job updated: 778740
	321  -  MemoryUsage of job (MB)
	328192  -  ResidentSetSize of job (KB)
...
006 (454.602.000) 2022-04-08 05:03:28 Image size of job updated: 778740
	321  -  MemoryUsage of job (MB)
	328456  -  ResidentSetSize of job (KB)
...
006 (454.602.000) 2022-04-08 05:08:28 Image size of job updated: 778996
	321  -  MemoryUsage of job (MB)
	328588  -  ResidentSetSize of job (KB)
...
006 (454.602.000) 2022-04-08 05:13:29 Image size of job updated: 779252
	322  -  MemoryUsage of job (MB)
	328852  -  ResidentSetSize of job (KB)
...
006 (454.602.000) 2022-04-08 05:18:30 Image size of job updated: 779508
	322  -  MemoryUsage of job (MB)
	328984  -  ResidentSetSize of job (KB)
...
006 (454.602.000) 2022-04-08 05:23:30 Image size of job updated: 779508
	322  -  MemoryUsage of job (MB)
	329248  -  ResidentSetSize of job (KB)
...
006 (454.602.000) 2022-04-08 05:25:39 Image size of job updated: 779764
	322  -  MemoryUsage of job (MB)
	329248  -  ResidentSetSize of job (KB)
...
005 (454.602.000) 2022-04-08 05:25:39 Job terminated.
	(1) Normal termination (return value 0)
		Usr 0 03:01:33, Sys 0 00:00:26  -  Run Remote Usage
		Usr 0 00:00:00, Sys 0 00:00:00  -  Run Local Usage
		Usr 0 03:01:33, Sys 0 00:00:26  -  Total Remote Usage
		Usr 0 00:00:00, Sys 0 00:00:00  -  Total Local Usage
	0  -  Run Bytes Sent By Job
	0  -  Run Bytes Received By Job
	0  -  Total Bytes Sent By Job
	0  -  Total Bytes Received By Job
	Partitionable Resources :    Usage  Request Allocated 
	   Cpus                 :     1.00        1         1 
	   Disk (KB)            :  7500        7500     10999 
	   Memory (MB)          :   322        1024      1024 

	Job terminated of its own accord at 2022-04-08T03:25:39Z with exit-code 0.
...
