000 (454.338.000) 2022-04-06 16:54:00 Job submitted from host: <10.18.24.243:9618?addrs=10.18.24.243-9618&alias=ecoclusts01.bioclust.biologie.ens.fr&noUDP&sock=schedd_1052_29b8>
...
001 (454.338.000) 2022-04-07 18:35:25 Job executing on host: <10.18.24.176:9618?addrs=10.18.24.176-9618&alias=mcbsclust05.bioclust.biologie.ens.fr&noUDP&sock=startd_869_a3e3>
...
006 (454.338.000) 2022-04-07 18:35:33 Image size of job updated: 277196
	271  -  MemoryUsage of job (MB)
	277196  -  ResidentSetSize of job (KB)
...
006 (454.338.000) 2022-04-07 18:40:33 Image size of job updated: 741876
	317  -  MemoryUsage of job (MB)
	324284  -  ResidentSetSize of job (KB)
...
006 (454.338.000) 2022-04-07 18:45:34 Image size of job updated: 774644
	317  -  MemoryUsage of job (MB)
	324284  -  ResidentSetSize of job (KB)
...
006 (454.338.000) 2022-04-07 19:45:41 Image size of job updated: 774900
	317  -  MemoryUsage of job (MB)
	324416  -  ResidentSetSize of job (KB)
...
006 (454.338.000) 2022-04-07 19:55:42 Image size of job updated: 774900
	317  -  MemoryUsage of job (MB)
	324548  -  ResidentSetSize of job (KB)
...
006 (454.338.000) 2022-04-07 20:00:43 Image size of job updated: 775156
	318  -  MemoryUsage of job (MB)
	324680  -  ResidentSetSize of job (KB)
...
006 (454.338.000) 2022-04-07 20:10:43 Image size of job updated: 775156
	318  -  MemoryUsage of job (MB)
	324812  -  ResidentSetSize of job (KB)
...
006 (454.338.000) 2022-04-07 20:15:44 Image size of job updated: 775412
	318  -  MemoryUsage of job (MB)
	324944  -  ResidentSetSize of job (KB)
...
006 (454.338.000) 2022-04-07 20:20:45 Image size of job updated: 775412
	318  -  MemoryUsage of job (MB)
	325076  -  ResidentSetSize of job (KB)
...
006 (454.338.000) 2022-04-07 20:25:45 Image size of job updated: 775668
	318  -  MemoryUsage of job (MB)
	325208  -  ResidentSetSize of job (KB)
...
006 (454.338.000) 2022-04-07 20:30:46 Image size of job updated: 775668
	318  -  MemoryUsage of job (MB)
	325340  -  ResidentSetSize of job (KB)
...
006 (454.338.000) 2022-04-07 20:35:47 Image size of job updated: 775924
	318  -  MemoryUsage of job (MB)
	325472  -  ResidentSetSize of job (KB)
...
006 (454.338.000) 2022-04-07 20:45:47 Image size of job updated: 775924
	318  -  MemoryUsage of job (MB)
	325604  -  ResidentSetSize of job (KB)
...
006 (454.338.000) 2022-04-07 20:50:48 Image size of job updated: 776180
	319  -  MemoryUsage of job (MB)
	325736  -  ResidentSetSize of job (KB)
...
006 (454.338.000) 2022-04-07 20:55:49 Image size of job updated: 776436
	319  -  MemoryUsage of job (MB)
	325868  -  ResidentSetSize of job (KB)
...
006 (454.338.000) 2022-04-07 21:00:49 Image size of job updated: 776436
	319  -  MemoryUsage of job (MB)
	326000  -  ResidentSetSize of job (KB)
...
006 (454.338.000) 2022-04-07 21:05:50 Image size of job updated: 776436
	319  -  MemoryUsage of job (MB)
	326132  -  ResidentSetSize of job (KB)
...
006 (454.338.000) 2022-04-07 21:10:51 Image size of job updated: 776692
	319  -  MemoryUsage of job (MB)
	326264  -  ResidentSetSize of job (KB)
...
006 (454.338.000) 2022-04-07 21:15:51 Image size of job updated: 776692
	319  -  MemoryUsage of job (MB)
	326396  -  ResidentSetSize of job (KB)
...
006 (454.338.000) 2022-04-07 21:20:51 Image size of job updated: 776948
	319  -  MemoryUsage of job (MB)
	326528  -  ResidentSetSize of job (KB)
...
006 (454.338.000) 2022-04-07 21:35:53 Image size of job updated: 776948
	319  -  MemoryUsage of job (MB)
	326608  -  ResidentSetSize of job (KB)
...
006 (454.338.000) 2022-04-07 21:45:55 Image size of job updated: 777204
	320  -  MemoryUsage of job (MB)
	326740  -  ResidentSetSize of job (KB)
...
006 (454.338.000) 2022-04-07 21:50:55 Image size of job updated: 777204
	320  -  MemoryUsage of job (MB)
	326872  -  ResidentSetSize of job (KB)
...
006 (454.338.000) 2022-04-07 21:55:55 Image size of job updated: 777460
	320  -  MemoryUsage of job (MB)
	327004  -  ResidentSetSize of job (KB)
...
006 (454.338.000) 2022-04-07 22:00:56 Image size of job updated: 777460
	320  -  MemoryUsage of job (MB)
	327136  -  ResidentSetSize of job (KB)
...
006 (454.338.000) 2022-04-07 22:05:57 Image size of job updated: 777716
	320  -  MemoryUsage of job (MB)
	327268  -  ResidentSetSize of job (KB)
...
006 (454.338.000) 2022-04-07 22:15:57 Image size of job updated: 777716
	320  -  MemoryUsage of job (MB)
	327400  -  ResidentSetSize of job (KB)
...
006 (454.338.000) 2022-04-07 22:20:58 Image size of job updated: 777972
	320  -  MemoryUsage of job (MB)
	327532  -  ResidentSetSize of job (KB)
...
006 (454.338.000) 2022-04-07 22:25:58 Image size of job updated: 777972
	320  -  MemoryUsage of job (MB)
	327664  -  ResidentSetSize of job (KB)
...
006 (454.338.000) 2022-04-07 22:30:58 Image size of job updated: 778228
	321  -  MemoryUsage of job (MB)
	327796  -  ResidentSetSize of job (KB)
...
006 (454.338.000) 2022-04-07 22:35:59 Image size of job updated: 778228
	321  -  MemoryUsage of job (MB)
	327928  -  ResidentSetSize of job (KB)
...
006 (454.338.000) 2022-04-07 22:46:00 Image size of job updated: 778484
	321  -  MemoryUsage of job (MB)
	328060  -  ResidentSetSize of job (KB)
...
006 (454.338.000) 2022-04-07 22:51:00 Image size of job updated: 778484
	321  -  MemoryUsage of job (MB)
	328192  -  ResidentSetSize of job (KB)
...
006 (454.338.000) 2022-04-07 22:56:01 Image size of job updated: 778740
	321  -  MemoryUsage of job (MB)
	328324  -  ResidentSetSize of job (KB)
...
006 (454.338.000) 2022-04-07 23:06:01 Image size of job updated: 778996
	321  -  MemoryUsage of job (MB)
	328456  -  ResidentSetSize of job (KB)
...
006 (454.338.000) 2022-04-07 23:11:02 Image size of job updated: 778996
	321  -  MemoryUsage of job (MB)
	328588  -  ResidentSetSize of job (KB)
...
006 (454.338.000) 2022-04-07 23:16:03 Image size of job updated: 778996
	322  -  MemoryUsage of job (MB)
	328720  -  ResidentSetSize of job (KB)
...
006 (454.338.000) 2022-04-07 23:21:03 Image size of job updated: 779252
	322  -  MemoryUsage of job (MB)
	328852  -  ResidentSetSize of job (KB)
...
006 (454.338.000) 2022-04-07 23:26:04 Image size of job updated: 779252
	322  -  MemoryUsage of job (MB)
	328984  -  ResidentSetSize of job (KB)
...
006 (454.338.000) 2022-04-07 23:31:05 Image size of job updated: 779508
	322  -  MemoryUsage of job (MB)
	328984  -  ResidentSetSize of job (KB)
...
006 (454.338.000) 2022-04-07 23:36:05 Image size of job updated: 779508
	322  -  MemoryUsage of job (MB)
	329116  -  ResidentSetSize of job (KB)
...
006 (454.338.000) 2022-04-07 23:41:05 Image size of job updated: 779764
	322  -  MemoryUsage of job (MB)
	329248  -  ResidentSetSize of job (KB)
...
005 (454.338.000) 2022-04-07 23:41:59 Job terminated.
	(1) Normal termination (return value 0)
		Usr 0 05:05:46, Sys 0 00:00:12  -  Run Remote Usage
		Usr 0 00:00:00, Sys 0 00:00:00  -  Run Local Usage
		Usr 0 05:05:46, Sys 0 00:00:12  -  Total Remote Usage
		Usr 0 00:00:00, Sys 0 00:00:00  -  Total Local Usage
	0  -  Run Bytes Sent By Job
	0  -  Run Bytes Received By Job
	0  -  Total Bytes Sent By Job
	0  -  Total Bytes Received By Job
	Partitionable Resources :    Usage  Request Allocated 
	   Cpus                 :     1.00        1         1 
	   Disk (KB)            :  7500        7500     11001 
	   Memory (MB)          :   322        1024      1024 

	Job terminated of its own accord at 2022-04-07T21:41:59Z with exit-code 0.
...
