000 (454.481.000) 2022-04-06 16:54:01 Job submitted from host: <10.18.24.243:9618?addrs=10.18.24.243-9618&alias=ecoclusts01.bioclust.biologie.ens.fr&noUDP&sock=schedd_1052_29b8>
...
001 (454.481.000) 2022-04-07 22:50:57 Job executing on host: <10.18.24.136:9618?addrs=10.18.24.136-9618&alias=dyoclust09.bioclust.biologie.ens.fr&noUDP&sock=startd_808_cc9c>
...
006 (454.481.000) 2022-04-07 22:51:06 Image size of job updated: 258784
	180  -  MemoryUsage of job (MB)
	183432  -  ResidentSetSize of job (KB)
...
006 (454.481.000) 2022-04-07 22:56:06 Image size of job updated: 741880
	317  -  MemoryUsage of job (MB)
	324316  -  ResidentSetSize of job (KB)
...
006 (454.481.000) 2022-04-07 23:01:06 Image size of job updated: 774648
	317  -  MemoryUsage of job (MB)
	324316  -  ResidentSetSize of job (KB)
...
006 (454.481.000) 2022-04-07 23:56:11 Image size of job updated: 774904
	317  -  MemoryUsage of job (MB)
	324580  -  ResidentSetSize of job (KB)
...
006 (454.481.000) 2022-04-08 00:01:12 Image size of job updated: 775160
	318  -  MemoryUsage of job (MB)
	324712  -  ResidentSetSize of job (KB)
...
006 (454.481.000) 2022-04-08 00:06:12 Image size of job updated: 775416
	318  -  MemoryUsage of job (MB)
	324976  -  ResidentSetSize of job (KB)
...
006 (454.481.000) 2022-04-08 00:11:13 Image size of job updated: 775416
	318  -  MemoryUsage of job (MB)
	325108  -  ResidentSetSize of job (KB)
...
006 (454.481.000) 2022-04-08 00:16:14 Image size of job updated: 775672
	318  -  MemoryUsage of job (MB)
	325372  -  ResidentSetSize of job (KB)
...
006 (454.481.000) 2022-04-08 00:21:14 Image size of job updated: 775928
	318  -  MemoryUsage of job (MB)
	325504  -  ResidentSetSize of job (KB)
...
006 (454.481.000) 2022-04-08 00:26:14 Image size of job updated: 776184
	319  -  MemoryUsage of job (MB)
	325768  -  ResidentSetSize of job (KB)
...
006 (454.481.000) 2022-04-08 00:31:15 Image size of job updated: 776440
	319  -  MemoryUsage of job (MB)
	326032  -  ResidentSetSize of job (KB)
...
006 (454.481.000) 2022-04-08 00:36:15 Image size of job updated: 776696
	319  -  MemoryUsage of job (MB)
	326164  -  ResidentSetSize of job (KB)
...
006 (454.481.000) 2022-04-08 00:41:14 Image size of job updated: 776696
	319  -  MemoryUsage of job (MB)
	326428  -  ResidentSetSize of job (KB)
...
006 (454.481.000) 2022-04-08 00:46:15 Image size of job updated: 776952
	319  -  MemoryUsage of job (MB)
	326560  -  ResidentSetSize of job (KB)
...
006 (454.481.000) 2022-04-08 00:56:17 Image size of job updated: 777208
	320  -  MemoryUsage of job (MB)
	326692  -  ResidentSetSize of job (KB)
...
006 (454.481.000) 2022-04-08 01:01:17 Image size of job updated: 777208
	320  -  MemoryUsage of job (MB)
	326956  -  ResidentSetSize of job (KB)
...
006 (454.481.000) 2022-04-08 01:06:18 Image size of job updated: 777464
	320  -  MemoryUsage of job (MB)
	327088  -  ResidentSetSize of job (KB)
...
006 (454.481.000) 2022-04-08 01:11:18 Image size of job updated: 777720
	320  -  MemoryUsage of job (MB)
	327352  -  ResidentSetSize of job (KB)
...
006 (454.481.000) 2022-04-08 01:16:18 Image size of job updated: 777976
	320  -  MemoryUsage of job (MB)
	327484  -  ResidentSetSize of job (KB)
...
006 (454.481.000) 2022-04-08 01:21:19 Image size of job updated: 777976
	321  -  MemoryUsage of job (MB)
	327748  -  ResidentSetSize of job (KB)
...
006 (454.481.000) 2022-04-08 01:26:20 Image size of job updated: 778232
	321  -  MemoryUsage of job (MB)
	327880  -  ResidentSetSize of job (KB)
...
006 (454.481.000) 2022-04-08 01:31:20 Image size of job updated: 778488
	321  -  MemoryUsage of job (MB)
	328012  -  ResidentSetSize of job (KB)
...
006 (454.481.000) 2022-04-08 01:36:21 Image size of job updated: 778744
	321  -  MemoryUsage of job (MB)
	328276  -  ResidentSetSize of job (KB)
...
006 (454.481.000) 2022-04-08 01:41:22 Image size of job updated: 778744
	321  -  MemoryUsage of job (MB)
	328408  -  ResidentSetSize of job (KB)
...
006 (454.481.000) 2022-04-08 01:46:22 Image size of job updated: 779000
	321  -  MemoryUsage of job (MB)
	328672  -  ResidentSetSize of job (KB)
...
006 (454.481.000) 2022-04-08 01:51:22 Image size of job updated: 779256
	322  -  MemoryUsage of job (MB)
	328804  -  ResidentSetSize of job (KB)
...
006 (454.481.000) 2022-04-08 01:56:23 Image size of job updated: 779512
	322  -  MemoryUsage of job (MB)
	329068  -  ResidentSetSize of job (KB)
...
006 (454.481.000) 2022-04-08 02:01:24 Image size of job updated: 779512
	322  -  MemoryUsage of job (MB)
	329200  -  ResidentSetSize of job (KB)
...
006 (454.481.000) 2022-04-08 02:02:26 Image size of job updated: 779768
	322  -  MemoryUsage of job (MB)
	329200  -  ResidentSetSize of job (KB)
...
005 (454.481.000) 2022-04-08 02:02:26 Job terminated.
	(1) Normal termination (return value 0)
		Usr 0 03:10:27, Sys 0 00:00:26  -  Run Remote Usage
		Usr 0 00:00:00, Sys 0 00:00:00  -  Run Local Usage
		Usr 0 03:10:27, Sys 0 00:00:26  -  Total Remote Usage
		Usr 0 00:00:00, Sys 0 00:00:00  -  Total Local Usage
	0  -  Run Bytes Sent By Job
	0  -  Run Bytes Received By Job
	0  -  Total Bytes Sent By Job
	0  -  Total Bytes Received By Job
	Partitionable Resources :    Usage  Request Allocated 
	   Cpus                 :     1.00        1         1 
	   Disk (KB)            :  7500        7500     10998 
	   Memory (MB)          :   322        1024      1024 

	Job terminated of its own accord at 2022-04-08T00:02:26Z with exit-code 0.
...
