000 (454.295.000) 2022-04-06 16:54:00 Job submitted from host: <10.18.24.243:9618?addrs=10.18.24.243-9618&alias=ecoclusts01.bioclust.biologie.ens.fr&noUDP&sock=schedd_1052_29b8>
...
001 (454.295.000) 2022-04-07 16:53:36 Job executing on host: <10.18.24.177:9618?addrs=10.18.24.177-9618&alias=mcbsclust06.bioclust.biologie.ens.fr&noUDP&sock=startd_945_c516>
...
006 (454.295.000) 2022-04-07 16:53:45 Image size of job updated: 329228
	221  -  MemoryUsage of job (MB)
	226248  -  ResidentSetSize of job (KB)
...
006 (454.295.000) 2022-04-07 16:58:45 Image size of job updated: 741876
	317  -  MemoryUsage of job (MB)
	324244  -  ResidentSetSize of job (KB)
...
006 (454.295.000) 2022-04-07 17:03:45 Image size of job updated: 774644
	317  -  MemoryUsage of job (MB)
	324332  -  ResidentSetSize of job (KB)
...
006 (454.295.000) 2022-04-07 18:08:52 Image size of job updated: 774900
	317  -  MemoryUsage of job (MB)
	324332  -  ResidentSetSize of job (KB)
...
006 (454.295.000) 2022-04-07 18:13:52 Image size of job updated: 774900
	317  -  MemoryUsage of job (MB)
	324464  -  ResidentSetSize of job (KB)
...
006 (454.295.000) 2022-04-07 18:23:54 Image size of job updated: 774900
	317  -  MemoryUsage of job (MB)
	324596  -  ResidentSetSize of job (KB)
...
006 (454.295.000) 2022-04-07 18:33:54 Image size of job updated: 775156
	318  -  MemoryUsage of job (MB)
	324728  -  ResidentSetSize of job (KB)
...
006 (454.295.000) 2022-04-07 18:43:56 Image size of job updated: 775156
	318  -  MemoryUsage of job (MB)
	324860  -  ResidentSetSize of job (KB)
...
006 (454.295.000) 2022-04-07 18:53:57 Image size of job updated: 775412
	318  -  MemoryUsage of job (MB)
	324992  -  ResidentSetSize of job (KB)
...
006 (454.295.000) 2022-04-07 19:03:58 Image size of job updated: 775412
	318  -  MemoryUsage of job (MB)
	325124  -  ResidentSetSize of job (KB)
...
006 (454.295.000) 2022-04-07 19:08:58 Image size of job updated: 775668
	318  -  MemoryUsage of job (MB)
	325256  -  ResidentSetSize of job (KB)
...
006 (454.295.000) 2022-04-07 19:13:59 Image size of job updated: 775668
	318  -  MemoryUsage of job (MB)
	325388  -  ResidentSetSize of job (KB)
...
006 (454.295.000) 2022-04-07 19:19:00 Image size of job updated: 775924
	318  -  MemoryUsage of job (MB)
	325388  -  ResidentSetSize of job (KB)
...
006 (454.295.000) 2022-04-07 19:24:00 Image size of job updated: 775924
	318  -  MemoryUsage of job (MB)
	325520  -  ResidentSetSize of job (KB)
...
006 (454.295.000) 2022-04-07 19:29:01 Image size of job updated: 775924
	319  -  MemoryUsage of job (MB)
	325652  -  ResidentSetSize of job (KB)
...
006 (454.295.000) 2022-04-07 19:34:02 Image size of job updated: 776180
	319  -  MemoryUsage of job (MB)
	325652  -  ResidentSetSize of job (KB)
...
006 (454.295.000) 2022-04-07 19:39:02 Image size of job updated: 776180
	319  -  MemoryUsage of job (MB)
	325784  -  ResidentSetSize of job (KB)
...
006 (454.295.000) 2022-04-07 19:44:02 Image size of job updated: 776180
	319  -  MemoryUsage of job (MB)
	325916  -  ResidentSetSize of job (KB)
...
006 (454.295.000) 2022-04-07 19:49:03 Image size of job updated: 776436
	319  -  MemoryUsage of job (MB)
	325916  -  ResidentSetSize of job (KB)
...
006 (454.295.000) 2022-04-07 19:54:04 Image size of job updated: 776436
	319  -  MemoryUsage of job (MB)
	326048  -  ResidentSetSize of job (KB)
...
006 (454.295.000) 2022-04-07 19:59:04 Image size of job updated: 776692
	319  -  MemoryUsage of job (MB)
	326180  -  ResidentSetSize of job (KB)
...
006 (454.295.000) 2022-04-07 20:04:05 Image size of job updated: 776692
	319  -  MemoryUsage of job (MB)
	326312  -  ResidentSetSize of job (KB)
...
006 (454.295.000) 2022-04-07 20:09:06 Image size of job updated: 776948
	319  -  MemoryUsage of job (MB)
	326444  -  ResidentSetSize of job (KB)
...
006 (454.295.000) 2022-04-07 20:14:06 Image size of job updated: 776948
	319  -  MemoryUsage of job (MB)
	326576  -  ResidentSetSize of job (KB)
...
006 (454.295.000) 2022-04-07 20:39:09 Image size of job updated: 777204
	320  -  MemoryUsage of job (MB)
	326708  -  ResidentSetSize of job (KB)
...
006 (454.295.000) 2022-04-07 20:44:10 Image size of job updated: 777204
	320  -  MemoryUsage of job (MB)
	326840  -  ResidentSetSize of job (KB)
...
006 (454.295.000) 2022-04-07 20:49:10 Image size of job updated: 777204
	320  -  MemoryUsage of job (MB)
	326972  -  ResidentSetSize of job (KB)
...
006 (454.295.000) 2022-04-07 20:54:10 Image size of job updated: 777460
	320  -  MemoryUsage of job (MB)
	326972  -  ResidentSetSize of job (KB)
...
006 (454.295.000) 2022-04-07 20:59:11 Image size of job updated: 777460
	320  -  MemoryUsage of job (MB)
	327104  -  ResidentSetSize of job (KB)
...
006 (454.295.000) 2022-04-07 21:04:12 Image size of job updated: 777716
	320  -  MemoryUsage of job (MB)
	327236  -  ResidentSetSize of job (KB)
...
006 (454.295.000) 2022-04-07 21:09:12 Image size of job updated: 777716
	320  -  MemoryUsage of job (MB)
	327368  -  ResidentSetSize of job (KB)
...
006 (454.295.000) 2022-04-07 21:14:13 Image size of job updated: 777716
	320  -  MemoryUsage of job (MB)
	327500  -  ResidentSetSize of job (KB)
...
006 (454.295.000) 2022-04-07 21:19:14 Image size of job updated: 777972
	320  -  MemoryUsage of job (MB)
	327500  -  ResidentSetSize of job (KB)
...
006 (454.295.000) 2022-04-07 21:24:14 Image size of job updated: 777972
	320  -  MemoryUsage of job (MB)
	327632  -  ResidentSetSize of job (KB)
...
006 (454.295.000) 2022-04-07 21:29:14 Image size of job updated: 778228
	321  -  MemoryUsage of job (MB)
	327764  -  ResidentSetSize of job (KB)
...
006 (454.295.000) 2022-04-07 21:39:16 Image size of job updated: 778228
	321  -  MemoryUsage of job (MB)
	327896  -  ResidentSetSize of job (KB)
...
006 (454.295.000) 2022-04-07 21:44:16 Image size of job updated: 778484
	321  -  MemoryUsage of job (MB)
	328028  -  ResidentSetSize of job (KB)
...
006 (454.295.000) 2022-04-07 21:54:18 Image size of job updated: 778484
	321  -  MemoryUsage of job (MB)
	328160  -  ResidentSetSize of job (KB)
...
006 (454.295.000) 2022-04-07 21:59:18 Image size of job updated: 778740
	321  -  MemoryUsage of job (MB)
	328292  -  ResidentSetSize of job (KB)
...
006 (454.295.000) 2022-04-07 22:04:18 Image size of job updated: 778740
	321  -  MemoryUsage of job (MB)
	328424  -  ResidentSetSize of job (KB)
...
006 (454.295.000) 2022-04-07 22:09:19 Image size of job updated: 778996
	321  -  MemoryUsage of job (MB)
	328556  -  ResidentSetSize of job (KB)
...
006 (454.295.000) 2022-04-07 22:19:20 Image size of job updated: 778996
	321  -  MemoryUsage of job (MB)
	328688  -  ResidentSetSize of job (KB)
...
006 (454.295.000) 2022-04-07 22:24:21 Image size of job updated: 779252
	322  -  MemoryUsage of job (MB)
	328820  -  ResidentSetSize of job (KB)
...
006 (454.295.000) 2022-04-07 22:34:22 Image size of job updated: 779252
	322  -  MemoryUsage of job (MB)
	328952  -  ResidentSetSize of job (KB)
...
006 (454.295.000) 2022-04-07 22:39:22 Image size of job updated: 779508
	322  -  MemoryUsage of job (MB)
	329084  -  ResidentSetSize of job (KB)
...
006 (454.295.000) 2022-04-07 22:44:23 Image size of job updated: 779508
	322  -  MemoryUsage of job (MB)
	329216  -  ResidentSetSize of job (KB)
...
006 (454.295.000) 2022-04-07 22:49:24 Image size of job updated: 779764
	322  -  MemoryUsage of job (MB)
	329216  -  ResidentSetSize of job (KB)
...
005 (454.295.000) 2022-04-07 22:49:51 Job terminated.
	(1) Normal termination (return value 0)
		Usr 0 05:55:25, Sys 0 00:00:13  -  Run Remote Usage
		Usr 0 00:00:00, Sys 0 00:00:00  -  Run Local Usage
		Usr 0 05:55:25, Sys 0 00:00:13  -  Total Remote Usage
		Usr 0 00:00:00, Sys 0 00:00:00  -  Total Local Usage
	0  -  Run Bytes Sent By Job
	0  -  Run Bytes Received By Job
	0  -  Total Bytes Sent By Job
	0  -  Total Bytes Received By Job
	Partitionable Resources :    Usage  Request Allocated 
	   Cpus                 :     1.00        1         1 
	   Disk (KB)            :  7500        7500     10998 
	   Memory (MB)          :   322        1024      1024 

	Job terminated of its own accord at 2022-04-07T20:49:51Z with exit-code 0.
...
