000 (454.362.000) 2022-04-06 16:54:00 Job submitted from host: <10.18.24.243:9618?addrs=10.18.24.243-9618&alias=ecoclusts01.bioclust.biologie.ens.fr&noUDP&sock=schedd_1052_29b8>
...
001 (454.362.000) 2022-04-07 19:14:16 Job executing on host: <10.18.24.11:9618?addrs=10.18.24.11-9618&alias=bioclust11.bioclust.biologie.ens.fr&noUDP&sock=startd_1205_1bb6>
...
006 (454.362.000) 2022-04-07 19:14:25 Image size of job updated: 64924
	64  -  MemoryUsage of job (MB)
	64924  -  ResidentSetSize of job (KB)
...
006 (454.362.000) 2022-04-07 19:19:26 Image size of job updated: 741624
	274  -  MemoryUsage of job (MB)
	280572  -  ResidentSetSize of job (KB)
...
006 (454.362.000) 2022-04-07 19:24:26 Image size of job updated: 741624
	317  -  MemoryUsage of job (MB)
	324152  -  ResidentSetSize of job (KB)
...
006 (454.362.000) 2022-04-07 19:29:27 Image size of job updated: 774392
	317  -  MemoryUsage of job (MB)
	324152  -  ResidentSetSize of job (KB)
...
006 (454.362.000) 2022-04-07 20:59:37 Image size of job updated: 774648
	317  -  MemoryUsage of job (MB)
	324152  -  ResidentSetSize of job (KB)
...
006 (454.362.000) 2022-04-07 21:09:39 Image size of job updated: 774648
	317  -  MemoryUsage of job (MB)
	324240  -  ResidentSetSize of job (KB)
...
006 (454.362.000) 2022-04-07 21:19:40 Image size of job updated: 774648
	317  -  MemoryUsage of job (MB)
	324372  -  ResidentSetSize of job (KB)
...
006 (454.362.000) 2022-04-07 21:24:41 Image size of job updated: 774904
	317  -  MemoryUsage of job (MB)
	324372  -  ResidentSetSize of job (KB)
...
006 (454.362.000) 2022-04-07 21:29:41 Image size of job updated: 774904
	317  -  MemoryUsage of job (MB)
	324504  -  ResidentSetSize of job (KB)
...
006 (454.362.000) 2022-04-07 21:34:41 Image size of job updated: 774904
	318  -  MemoryUsage of job (MB)
	324636  -  ResidentSetSize of job (KB)
...
006 (454.362.000) 2022-04-07 21:39:42 Image size of job updated: 775160
	318  -  MemoryUsage of job (MB)
	324636  -  ResidentSetSize of job (KB)
...
006 (454.362.000) 2022-04-07 21:44:42 Image size of job updated: 775160
	318  -  MemoryUsage of job (MB)
	324768  -  ResidentSetSize of job (KB)
...
006 (454.362.000) 2022-04-07 21:54:43 Image size of job updated: 775160
	318  -  MemoryUsage of job (MB)
	324900  -  ResidentSetSize of job (KB)
...
006 (454.362.000) 2022-04-07 21:59:44 Image size of job updated: 775416
	318  -  MemoryUsage of job (MB)
	324900  -  ResidentSetSize of job (KB)
...
006 (454.362.000) 2022-04-07 22:04:44 Image size of job updated: 775416
	318  -  MemoryUsage of job (MB)
	325032  -  ResidentSetSize of job (KB)
...
006 (454.362.000) 2022-04-07 22:09:45 Image size of job updated: 775416
	318  -  MemoryUsage of job (MB)
	325164  -  ResidentSetSize of job (KB)
...
006 (454.362.000) 2022-04-07 22:19:46 Image size of job updated: 775672
	318  -  MemoryUsage of job (MB)
	325164  -  ResidentSetSize of job (KB)
...
006 (454.362.000) 2022-04-07 22:24:46 Image size of job updated: 775672
	318  -  MemoryUsage of job (MB)
	325296  -  ResidentSetSize of job (KB)
...
006 (454.362.000) 2022-04-07 22:29:47 Image size of job updated: 775672
	318  -  MemoryUsage of job (MB)
	325428  -  ResidentSetSize of job (KB)
...
006 (454.362.000) 2022-04-07 22:34:47 Image size of job updated: 775928
	318  -  MemoryUsage of job (MB)
	325428  -  ResidentSetSize of job (KB)
...
006 (454.362.000) 2022-04-07 22:39:47 Image size of job updated: 775928
	318  -  MemoryUsage of job (MB)
	325560  -  ResidentSetSize of job (KB)
...
006 (454.362.000) 2022-04-07 22:44:48 Image size of job updated: 776184
	319  -  MemoryUsage of job (MB)
	325692  -  ResidentSetSize of job (KB)
...
006 (454.362.000) 2022-04-07 22:54:48 Image size of job updated: 776184
	319  -  MemoryUsage of job (MB)
	325824  -  ResidentSetSize of job (KB)
...
006 (454.362.000) 2022-04-07 22:59:50 Image size of job updated: 776440
	319  -  MemoryUsage of job (MB)
	325956  -  ResidentSetSize of job (KB)
...
006 (454.362.000) 2022-04-07 23:09:50 Image size of job updated: 776440
	319  -  MemoryUsage of job (MB)
	326088  -  ResidentSetSize of job (KB)
...
006 (454.362.000) 2022-04-07 23:19:51 Image size of job updated: 776696
	319  -  MemoryUsage of job (MB)
	326220  -  ResidentSetSize of job (KB)
...
006 (454.362.000) 2022-04-07 23:29:52 Image size of job updated: 776696
	319  -  MemoryUsage of job (MB)
	326352  -  ResidentSetSize of job (KB)
...
006 (454.362.000) 2022-04-07 23:34:53 Image size of job updated: 776696
	319  -  MemoryUsage of job (MB)
	326484  -  ResidentSetSize of job (KB)
...
006 (454.362.000) 2022-04-07 23:39:53 Image size of job updated: 776952
	319  -  MemoryUsage of job (MB)
	326484  -  ResidentSetSize of job (KB)
...
006 (454.362.000) 2022-04-07 23:44:54 Image size of job updated: 776952
	319  -  MemoryUsage of job (MB)
	326616  -  ResidentSetSize of job (KB)
...
006 (454.362.000) 2022-04-08 00:14:56 Image size of job updated: 777208
	320  -  MemoryUsage of job (MB)
	326748  -  ResidentSetSize of job (KB)
...
006 (454.362.000) 2022-04-08 00:29:57 Image size of job updated: 777208
	320  -  MemoryUsage of job (MB)
	326880  -  ResidentSetSize of job (KB)
...
006 (454.362.000) 2022-04-08 00:39:58 Image size of job updated: 777464
	320  -  MemoryUsage of job (MB)
	327012  -  ResidentSetSize of job (KB)
...
006 (454.362.000) 2022-04-08 00:50:00 Image size of job updated: 777464
	320  -  MemoryUsage of job (MB)
	327144  -  ResidentSetSize of job (KB)
...
006 (454.362.000) 2022-04-08 01:00:00 Image size of job updated: 777720
	320  -  MemoryUsage of job (MB)
	327276  -  ResidentSetSize of job (KB)
...
006 (454.362.000) 2022-04-08 01:15:01 Image size of job updated: 777720
	320  -  MemoryUsage of job (MB)
	327408  -  ResidentSetSize of job (KB)
...
006 (454.362.000) 2022-04-08 01:20:02 Image size of job updated: 777976
	320  -  MemoryUsage of job (MB)
	327540  -  ResidentSetSize of job (KB)
...
006 (454.362.000) 2022-04-08 01:35:04 Image size of job updated: 777976
	320  -  MemoryUsage of job (MB)
	327672  -  ResidentSetSize of job (KB)
...
006 (454.362.000) 2022-04-08 01:40:04 Image size of job updated: 778232
	320  -  MemoryUsage of job (MB)
	327672  -  ResidentSetSize of job (KB)
...
006 (454.362.000) 2022-04-08 01:45:04 Image size of job updated: 778232
	321  -  MemoryUsage of job (MB)
	327804  -  ResidentSetSize of job (KB)
...
006 (454.362.000) 2022-04-08 01:55:06 Image size of job updated: 778232
	321  -  MemoryUsage of job (MB)
	327936  -  ResidentSetSize of job (KB)
...
006 (454.362.000) 2022-04-08 02:00:06 Image size of job updated: 778488
	321  -  MemoryUsage of job (MB)
	327936  -  ResidentSetSize of job (KB)
...
006 (454.362.000) 2022-04-08 02:05:07 Image size of job updated: 778488
	321  -  MemoryUsage of job (MB)
	328068  -  ResidentSetSize of job (KB)
...
006 (454.362.000) 2022-04-08 02:15:08 Image size of job updated: 778488
	321  -  MemoryUsage of job (MB)
	328200  -  ResidentSetSize of job (KB)
...
006 (454.362.000) 2022-04-08 02:20:08 Image size of job updated: 778744
	321  -  MemoryUsage of job (MB)
	328200  -  ResidentSetSize of job (KB)
...
006 (454.362.000) 2022-04-08 02:25:09 Image size of job updated: 778744
	321  -  MemoryUsage of job (MB)
	328332  -  ResidentSetSize of job (KB)
...
006 (454.362.000) 2022-04-08 02:35:09 Image size of job updated: 778744
	321  -  MemoryUsage of job (MB)
	328464  -  ResidentSetSize of job (KB)
...
006 (454.362.000) 2022-04-08 02:40:10 Image size of job updated: 779000
	321  -  MemoryUsage of job (MB)
	328464  -  ResidentSetSize of job (KB)
...
006 (454.362.000) 2022-04-08 02:45:10 Image size of job updated: 779000
	321  -  MemoryUsage of job (MB)
	328596  -  ResidentSetSize of job (KB)
...
006 (454.362.000) 2022-04-08 02:55:11 Image size of job updated: 779000
	322  -  MemoryUsage of job (MB)
	328728  -  ResidentSetSize of job (KB)
...
006 (454.362.000) 2022-04-08 03:00:12 Image size of job updated: 779256
	322  -  MemoryUsage of job (MB)
	328728  -  ResidentSetSize of job (KB)
...
006 (454.362.000) 2022-04-08 03:05:12 Image size of job updated: 779256
	322  -  MemoryUsage of job (MB)
	328860  -  ResidentSetSize of job (KB)
...
006 (454.362.000) 2022-04-08 03:15:14 Image size of job updated: 779256
	322  -  MemoryUsage of job (MB)
	328992  -  ResidentSetSize of job (KB)
...
006 (454.362.000) 2022-04-08 03:20:14 Image size of job updated: 779512
	322  -  MemoryUsage of job (MB)
	328992  -  ResidentSetSize of job (KB)
...
006 (454.362.000) 2022-04-08 03:25:14 Image size of job updated: 779512
	322  -  MemoryUsage of job (MB)
	329124  -  ResidentSetSize of job (KB)
...
006 (454.362.000) 2022-04-08 03:40:16 Image size of job updated: 779512
	322  -  MemoryUsage of job (MB)
	329256  -  ResidentSetSize of job (KB)
...
006 (454.362.000) 2022-04-08 03:44:17 Image size of job updated: 779768
	322  -  MemoryUsage of job (MB)
	329256  -  ResidentSetSize of job (KB)
...
005 (454.362.000) 2022-04-08 03:44:17 Job terminated.
	(1) Normal termination (return value 0)
		Usr 0 08:22:05, Sys 0 00:02:42  -  Run Remote Usage
		Usr 0 00:00:00, Sys 0 00:00:00  -  Run Local Usage
		Usr 0 08:22:05, Sys 0 00:02:42  -  Total Remote Usage
		Usr 0 00:00:00, Sys 0 00:00:00  -  Total Local Usage
	0  -  Run Bytes Sent By Job
	0  -  Run Bytes Received By Job
	0  -  Total Bytes Sent By Job
	0  -  Total Bytes Received By Job
	Partitionable Resources :    Usage  Request Allocated 
	   Cpus                 :     1.00        1         1 
	   Disk (KB)            :  7500        7500     10998 
	   Memory (MB)          :   322        1024      1024 

	Job terminated of its own accord at 2022-04-08T01:44:17Z with exit-code 0.
...
