000 (454.276.000) 2022-04-06 16:54:00 Job submitted from host: <10.18.24.243:9618?addrs=10.18.24.243-9618&alias=ecoclusts01.bioclust.biologie.ens.fr&noUDP&sock=schedd_1052_29b8>
...
001 (454.276.000) 2022-04-07 15:59:35 Job executing on host: <10.18.24.130:9618?addrs=10.18.24.130-9618&alias=dyoclust03.bioclust.biologie.ens.fr&noUDP&sock=startd_813_3a96>
...
006 (454.276.000) 2022-04-07 15:59:44 Image size of job updated: 85508
	84  -  MemoryUsage of job (MB)
	85508  -  ResidentSetSize of job (KB)
...
006 (454.276.000) 2022-04-07 16:04:44 Image size of job updated: 741880
	317  -  MemoryUsage of job (MB)
	324368  -  ResidentSetSize of job (KB)
...
006 (454.276.000) 2022-04-07 16:09:45 Image size of job updated: 774648
	317  -  MemoryUsage of job (MB)
	324368  -  ResidentSetSize of job (KB)
...
006 (454.276.000) 2022-04-07 16:49:49 Image size of job updated: 774904
	317  -  MemoryUsage of job (MB)
	324500  -  ResidentSetSize of job (KB)
...
006 (454.276.000) 2022-04-07 16:54:50 Image size of job updated: 775160
	318  -  MemoryUsage of job (MB)
	324632  -  ResidentSetSize of job (KB)
...
006 (454.276.000) 2022-04-07 16:59:50 Image size of job updated: 775160
	318  -  MemoryUsage of job (MB)
	324896  -  ResidentSetSize of job (KB)
...
006 (454.276.000) 2022-04-07 17:04:50 Image size of job updated: 775416
	318  -  MemoryUsage of job (MB)
	325028  -  ResidentSetSize of job (KB)
...
006 (454.276.000) 2022-04-07 17:09:51 Image size of job updated: 775672
	318  -  MemoryUsage of job (MB)
	325292  -  ResidentSetSize of job (KB)
...
006 (454.276.000) 2022-04-07 17:14:52 Image size of job updated: 775928
	318  -  MemoryUsage of job (MB)
	325424  -  ResidentSetSize of job (KB)
...
006 (454.276.000) 2022-04-07 17:19:52 Image size of job updated: 776184
	319  -  MemoryUsage of job (MB)
	325688  -  ResidentSetSize of job (KB)
...
006 (454.276.000) 2022-04-07 17:24:52 Image size of job updated: 776184
	319  -  MemoryUsage of job (MB)
	325952  -  ResidentSetSize of job (KB)
...
006 (454.276.000) 2022-04-07 17:29:53 Image size of job updated: 776440
	319  -  MemoryUsage of job (MB)
	326084  -  ResidentSetSize of job (KB)
...
006 (454.276.000) 2022-04-07 17:34:54 Image size of job updated: 776696
	319  -  MemoryUsage of job (MB)
	326348  -  ResidentSetSize of job (KB)
...
006 (454.276.000) 2022-04-07 17:39:54 Image size of job updated: 776952
	319  -  MemoryUsage of job (MB)
	326612  -  ResidentSetSize of job (KB)
...
006 (454.276.000) 2022-04-07 17:49:55 Image size of job updated: 776952
	320  -  MemoryUsage of job (MB)
	326744  -  ResidentSetSize of job (KB)
...
006 (454.276.000) 2022-04-07 17:54:56 Image size of job updated: 777208
	320  -  MemoryUsage of job (MB)
	326876  -  ResidentSetSize of job (KB)
...
006 (454.276.000) 2022-04-07 17:59:56 Image size of job updated: 777464
	320  -  MemoryUsage of job (MB)
	327008  -  ResidentSetSize of job (KB)
...
006 (454.276.000) 2022-04-07 18:04:56 Image size of job updated: 777720
	320  -  MemoryUsage of job (MB)
	327272  -  ResidentSetSize of job (KB)
...
006 (454.276.000) 2022-04-07 18:09:57 Image size of job updated: 777720
	320  -  MemoryUsage of job (MB)
	327404  -  ResidentSetSize of job (KB)
...
006 (454.276.000) 2022-04-07 18:14:58 Image size of job updated: 777976
	320  -  MemoryUsage of job (MB)
	327668  -  ResidentSetSize of job (KB)
...
006 (454.276.000) 2022-04-07 18:19:58 Image size of job updated: 778232
	321  -  MemoryUsage of job (MB)
	327800  -  ResidentSetSize of job (KB)
...
006 (454.276.000) 2022-04-07 18:24:58 Image size of job updated: 778488
	321  -  MemoryUsage of job (MB)
	328064  -  ResidentSetSize of job (KB)
...
006 (454.276.000) 2022-04-07 18:29:59 Image size of job updated: 778744
	321  -  MemoryUsage of job (MB)
	328196  -  ResidentSetSize of job (KB)
...
006 (454.276.000) 2022-04-07 18:35:00 Image size of job updated: 778744
	321  -  MemoryUsage of job (MB)
	328460  -  ResidentSetSize of job (KB)
...
006 (454.276.000) 2022-04-07 18:40:00 Image size of job updated: 779000
	321  -  MemoryUsage of job (MB)
	328592  -  ResidentSetSize of job (KB)
...
006 (454.276.000) 2022-04-07 18:45:01 Image size of job updated: 779256
	322  -  MemoryUsage of job (MB)
	328856  -  ResidentSetSize of job (KB)
...
006 (454.276.000) 2022-04-07 18:50:02 Image size of job updated: 779512
	322  -  MemoryUsage of job (MB)
	329120  -  ResidentSetSize of job (KB)
...
006 (454.276.000) 2022-04-07 18:55:02 Image size of job updated: 779512
	322  -  MemoryUsage of job (MB)
	329252  -  ResidentSetSize of job (KB)
...
006 (454.276.000) 2022-04-07 18:56:27 Image size of job updated: 779768
	322  -  MemoryUsage of job (MB)
	329252  -  ResidentSetSize of job (KB)
...
005 (454.276.000) 2022-04-07 18:56:27 Job terminated.
	(1) Normal termination (return value 0)
		Usr 0 02:56:20, Sys 0 00:00:25  -  Run Remote Usage
		Usr 0 00:00:00, Sys 0 00:00:00  -  Run Local Usage
		Usr 0 02:56:20, Sys 0 00:00:25  -  Total Remote Usage
		Usr 0 00:00:00, Sys 0 00:00:00  -  Total Local Usage
	0  -  Run Bytes Sent By Job
	0  -  Run Bytes Received By Job
	0  -  Total Bytes Sent By Job
	0  -  Total Bytes Received By Job
	Partitionable Resources :    Usage  Request Allocated 
	   Cpus                 :     1.00        1         1 
	   Disk (KB)            :  7500        7500     10998 
	   Memory (MB)          :   322        1024      1024 

	Job terminated of its own accord at 2022-04-07T16:56:27Z with exit-code 0.
...
