000 (454.860.000) 2022-04-06 16:54:02 Job submitted from host: <10.18.24.243:9618?addrs=10.18.24.243-9618&alias=ecoclusts01.bioclust.biologie.ens.fr&noUDP&sock=schedd_1052_29b8>
...
001 (454.860.000) 2022-04-08 09:36:25 Job executing on host: <10.18.24.137:9618?addrs=10.18.24.137-9618&alias=dyoclust10.bioclust.biologie.ens.fr&noUDP&sock=startd_830_e3b2>
...
006 (454.860.000) 2022-04-08 09:36:34 Image size of job updated: 234252
	229  -  MemoryUsage of job (MB)
	234252  -  ResidentSetSize of job (KB)
...
006 (454.860.000) 2022-04-08 09:41:35 Image size of job updated: 896308
	317  -  MemoryUsage of job (MB)
	324308  -  ResidentSetSize of job (KB)
...
006 (454.860.000) 2022-04-08 09:46:35 Image size of job updated: 896308
	317  -  MemoryUsage of job (MB)
	324396  -  ResidentSetSize of job (KB)
...
006 (454.860.000) 2022-04-08 10:36:40 Image size of job updated: 896308
	317  -  MemoryUsage of job (MB)
	324528  -  ResidentSetSize of job (KB)
...
006 (454.860.000) 2022-04-08 10:41:40 Image size of job updated: 896308
	318  -  MemoryUsage of job (MB)
	324660  -  ResidentSetSize of job (KB)
...
006 (454.860.000) 2022-04-08 10:46:40 Image size of job updated: 896308
	318  -  MemoryUsage of job (MB)
	324792  -  ResidentSetSize of job (KB)
...
006 (454.860.000) 2022-04-08 10:51:41 Image size of job updated: 896308
	318  -  MemoryUsage of job (MB)
	324924  -  ResidentSetSize of job (KB)
...
006 (454.860.000) 2022-04-08 10:56:41 Image size of job updated: 896308
	318  -  MemoryUsage of job (MB)
	325188  -  ResidentSetSize of job (KB)
...
006 (454.860.000) 2022-04-08 11:01:41 Image size of job updated: 896308
	318  -  MemoryUsage of job (MB)
	325320  -  ResidentSetSize of job (KB)
...
006 (454.860.000) 2022-04-08 11:06:42 Image size of job updated: 896308
	318  -  MemoryUsage of job (MB)
	325452  -  ResidentSetSize of job (KB)
...
006 (454.860.000) 2022-04-08 11:11:43 Image size of job updated: 896308
	319  -  MemoryUsage of job (MB)
	325716  -  ResidentSetSize of job (KB)
...
006 (454.860.000) 2022-04-08 11:16:43 Image size of job updated: 896308
	319  -  MemoryUsage of job (MB)
	325848  -  ResidentSetSize of job (KB)
...
006 (454.860.000) 2022-04-08 11:21:43 Image size of job updated: 896308
	319  -  MemoryUsage of job (MB)
	325980  -  ResidentSetSize of job (KB)
...
006 (454.860.000) 2022-04-08 11:26:44 Image size of job updated: 896308
	319  -  MemoryUsage of job (MB)
	326244  -  ResidentSetSize of job (KB)
...
006 (454.860.000) 2022-04-08 11:31:44 Image size of job updated: 896308
	319  -  MemoryUsage of job (MB)
	326376  -  ResidentSetSize of job (KB)
...
006 (454.860.000) 2022-04-08 11:36:44 Image size of job updated: 896308
	319  -  MemoryUsage of job (MB)
	326508  -  ResidentSetSize of job (KB)
...
006 (454.860.000) 2022-04-08 11:46:46 Image size of job updated: 896308
	319  -  MemoryUsage of job (MB)
	326616  -  ResidentSetSize of job (KB)
...
006 (454.860.000) 2022-04-08 11:51:46 Image size of job updated: 896308
	320  -  MemoryUsage of job (MB)
	326880  -  ResidentSetSize of job (KB)
...
006 (454.860.000) 2022-04-08 11:56:47 Image size of job updated: 896308
	320  -  MemoryUsage of job (MB)
	327012  -  ResidentSetSize of job (KB)
...
006 (454.860.000) 2022-04-08 12:01:48 Image size of job updated: 896308
	320  -  MemoryUsage of job (MB)
	327144  -  ResidentSetSize of job (KB)
...
006 (454.860.000) 2022-04-08 12:06:48 Image size of job updated: 896308
	320  -  MemoryUsage of job (MB)
	327408  -  ResidentSetSize of job (KB)
...
006 (454.860.000) 2022-04-08 12:11:48 Image size of job updated: 896308
	320  -  MemoryUsage of job (MB)
	327540  -  ResidentSetSize of job (KB)
...
006 (454.860.000) 2022-04-08 12:16:49 Image size of job updated: 896308
	320  -  MemoryUsage of job (MB)
	327672  -  ResidentSetSize of job (KB)
...
006 (454.860.000) 2022-04-08 12:21:50 Image size of job updated: 896308
	321  -  MemoryUsage of job (MB)
	327936  -  ResidentSetSize of job (KB)
...
006 (454.860.000) 2022-04-08 12:26:50 Image size of job updated: 896308
	321  -  MemoryUsage of job (MB)
	328068  -  ResidentSetSize of job (KB)
...
006 (454.860.000) 2022-04-08 12:31:51 Image size of job updated: 896308
	321  -  MemoryUsage of job (MB)
	328200  -  ResidentSetSize of job (KB)
...
006 (454.860.000) 2022-04-08 12:36:52 Image size of job updated: 896308
	321  -  MemoryUsage of job (MB)
	328464  -  ResidentSetSize of job (KB)
...
006 (454.860.000) 2022-04-08 12:41:52 Image size of job updated: 896308
	321  -  MemoryUsage of job (MB)
	328596  -  ResidentSetSize of job (KB)
...
006 (454.860.000) 2022-04-08 12:46:52 Image size of job updated: 896308
	322  -  MemoryUsage of job (MB)
	328860  -  ResidentSetSize of job (KB)
...
006 (454.860.000) 2022-04-08 12:51:53 Image size of job updated: 896308
	322  -  MemoryUsage of job (MB)
	328992  -  ResidentSetSize of job (KB)
...
006 (454.860.000) 2022-04-08 12:56:54 Image size of job updated: 896308
	322  -  MemoryUsage of job (MB)
	329124  -  ResidentSetSize of job (KB)
...
006 (454.860.000) 2022-04-08 13:01:54 Image size of job updated: 896308
	322  -  MemoryUsage of job (MB)
	329256  -  ResidentSetSize of job (KB)
...
005 (454.860.000) 2022-04-08 13:02:23 Job terminated.
	(1) Normal termination (return value 0)
		Usr 0 03:23:45, Sys 0 00:00:34  -  Run Remote Usage
		Usr 0 00:00:00, Sys 0 00:00:00  -  Run Local Usage
		Usr 0 03:23:45, Sys 0 00:00:34  -  Total Remote Usage
		Usr 0 00:00:00, Sys 0 00:00:00  -  Total Local Usage
	0  -  Run Bytes Sent By Job
	0  -  Run Bytes Received By Job
	0  -  Total Bytes Sent By Job
	0  -  Total Bytes Received By Job
	Partitionable Resources :    Usage  Request Allocated 
	   Cpus                 :     1.00        1         1 
	   Disk (KB)            :  7500        7500     10999 
	   Memory (MB)          :   322        1024      1024 

	Job terminated of its own accord at 2022-04-08T11:02:23Z with exit-code 0.
...
