000 (454.916.000) 2022-04-06 16:54:03 Job submitted from host: <10.18.24.243:9618?addrs=10.18.24.243-9618&alias=ecoclusts01.bioclust.biologie.ens.fr&noUDP&sock=schedd_1052_29b8>
...
001 (454.916.000) 2022-04-08 11:02:52 Job executing on host: <10.18.24.139:9618?addrs=10.18.24.139-9618&alias=dyoclust12.bioclust.biologie.ens.fr&noUDP&sock=startd_791_2380>
...
006 (454.916.000) 2022-04-08 11:03:01 Image size of job updated: 90128
	89  -  MemoryUsage of job (MB)
	90128  -  ResidentSetSize of job (KB)
...
006 (454.916.000) 2022-04-08 11:08:01 Image size of job updated: 896304
	317  -  MemoryUsage of job (MB)
	324084  -  ResidentSetSize of job (KB)
...
006 (454.916.000) 2022-04-08 12:13:07 Image size of job updated: 896304
	317  -  MemoryUsage of job (MB)
	324216  -  ResidentSetSize of job (KB)
...
006 (454.916.000) 2022-04-08 12:18:07 Image size of job updated: 896304
	317  -  MemoryUsage of job (MB)
	324348  -  ResidentSetSize of job (KB)
...
006 (454.916.000) 2022-04-08 12:23:07 Image size of job updated: 896304
	318  -  MemoryUsage of job (MB)
	324612  -  ResidentSetSize of job (KB)
...
006 (454.916.000) 2022-04-08 12:28:08 Image size of job updated: 896304
	318  -  MemoryUsage of job (MB)
	324744  -  ResidentSetSize of job (KB)
...
006 (454.916.000) 2022-04-08 12:33:08 Image size of job updated: 896304
	318  -  MemoryUsage of job (MB)
	324876  -  ResidentSetSize of job (KB)
...
006 (454.916.000) 2022-04-08 12:38:08 Image size of job updated: 896304
	318  -  MemoryUsage of job (MB)
	325140  -  ResidentSetSize of job (KB)
...
006 (454.916.000) 2022-04-08 12:43:09 Image size of job updated: 896304
	318  -  MemoryUsage of job (MB)
	325272  -  ResidentSetSize of job (KB)
...
006 (454.916.000) 2022-04-08 12:48:10 Image size of job updated: 896304
	318  -  MemoryUsage of job (MB)
	325404  -  ResidentSetSize of job (KB)
...
006 (454.916.000) 2022-04-08 12:53:10 Image size of job updated: 896304
	319  -  MemoryUsage of job (MB)
	325668  -  ResidentSetSize of job (KB)
...
006 (454.916.000) 2022-04-08 12:58:10 Image size of job updated: 896304
	319  -  MemoryUsage of job (MB)
	325800  -  ResidentSetSize of job (KB)
...
006 (454.916.000) 2022-04-08 13:03:11 Image size of job updated: 896304
	319  -  MemoryUsage of job (MB)
	325932  -  ResidentSetSize of job (KB)
...
006 (454.916.000) 2022-04-08 13:08:11 Image size of job updated: 896304
	319  -  MemoryUsage of job (MB)
	326196  -  ResidentSetSize of job (KB)
...
006 (454.916.000) 2022-04-08 13:13:11 Image size of job updated: 896304
	319  -  MemoryUsage of job (MB)
	326328  -  ResidentSetSize of job (KB)
...
006 (454.916.000) 2022-04-08 13:18:12 Image size of job updated: 896304
	319  -  MemoryUsage of job (MB)
	326460  -  ResidentSetSize of job (KB)
...
006 (454.916.000) 2022-04-08 13:23:13 Image size of job updated: 896304
	319  -  MemoryUsage of job (MB)
	326592  -  ResidentSetSize of job (KB)
...
006 (454.916.000) 2022-04-08 13:33:14 Image size of job updated: 896304
	320  -  MemoryUsage of job (MB)
	326724  -  ResidentSetSize of job (KB)
...
006 (454.916.000) 2022-04-08 13:38:15 Image size of job updated: 896304
	320  -  MemoryUsage of job (MB)
	326988  -  ResidentSetSize of job (KB)
...
006 (454.916.000) 2022-04-08 13:43:15 Image size of job updated: 896304
	320  -  MemoryUsage of job (MB)
	327120  -  ResidentSetSize of job (KB)
...
006 (454.916.000) 2022-04-08 13:48:15 Image size of job updated: 896304
	320  -  MemoryUsage of job (MB)
	327252  -  ResidentSetSize of job (KB)
...
006 (454.916.000) 2022-04-08 13:53:17 Image size of job updated: 896304
	320  -  MemoryUsage of job (MB)
	327384  -  ResidentSetSize of job (KB)
...
006 (454.916.000) 2022-04-08 13:58:17 Image size of job updated: 896304
	320  -  MemoryUsage of job (MB)
	327648  -  ResidentSetSize of job (KB)
...
006 (454.916.000) 2022-04-08 14:03:17 Image size of job updated: 896304
	321  -  MemoryUsage of job (MB)
	327780  -  ResidentSetSize of job (KB)
...
006 (454.916.000) 2022-04-08 14:08:18 Image size of job updated: 896304
	321  -  MemoryUsage of job (MB)
	327912  -  ResidentSetSize of job (KB)
...
006 (454.916.000) 2022-04-08 14:13:19 Image size of job updated: 896304
	321  -  MemoryUsage of job (MB)
	328176  -  ResidentSetSize of job (KB)
...
006 (454.916.000) 2022-04-08 14:18:19 Image size of job updated: 896304
	321  -  MemoryUsage of job (MB)
	328308  -  ResidentSetSize of job (KB)
...
006 (454.916.000) 2022-04-08 14:23:19 Image size of job updated: 896304
	321  -  MemoryUsage of job (MB)
	328440  -  ResidentSetSize of job (KB)
...
006 (454.916.000) 2022-04-08 14:28:21 Image size of job updated: 896304
	321  -  MemoryUsage of job (MB)
	328704  -  ResidentSetSize of job (KB)
...
006 (454.916.000) 2022-04-08 14:33:21 Image size of job updated: 896304
	322  -  MemoryUsage of job (MB)
	328836  -  ResidentSetSize of job (KB)
...
006 (454.916.000) 2022-04-08 14:38:21 Image size of job updated: 896304
	322  -  MemoryUsage of job (MB)
	329100  -  ResidentSetSize of job (KB)
...
006 (454.916.000) 2022-04-08 14:43:22 Image size of job updated: 896304
	322  -  MemoryUsage of job (MB)
	329232  -  ResidentSetSize of job (KB)
...
005 (454.916.000) 2022-04-08 14:44:33 Job terminated.
	(1) Normal termination (return value 0)
		Usr 0 03:39:54, Sys 0 00:00:28  -  Run Remote Usage
		Usr 0 00:00:00, Sys 0 00:00:00  -  Run Local Usage
		Usr 0 03:39:54, Sys 0 00:00:28  -  Total Remote Usage
		Usr 0 00:00:00, Sys 0 00:00:00  -  Total Local Usage
	0  -  Run Bytes Sent By Job
	0  -  Run Bytes Received By Job
	0  -  Total Bytes Sent By Job
	0  -  Total Bytes Received By Job
	Partitionable Resources :    Usage  Request Allocated 
	   Cpus                 :     1.00        1         1 
	   Disk (KB)            :  7500        7500     10998 
	   Memory (MB)          :   322        1024      1024 

	Job terminated of its own accord at 2022-04-08T12:44:33Z with exit-code 0.
...
