000 (452.385.000) 2022-04-05 09:23:25 Job submitted from host: <10.18.24.243:9618?addrs=10.18.24.243-9618&alias=ecoclusts01.bioclust.biologie.ens.fr&noUDP&sock=schedd_1052_29b8>
...
001 (452.385.000) 2022-04-05 13:10:01 Job executing on host: <10.18.24.5:9618?addrs=10.18.24.5-9618&alias=bioclust05.bioclust.biologie.ens.fr&noUDP&sock=startd_1060_a67a>
...
006 (452.385.000) 2022-04-05 13:10:10 Image size of job updated: 233656
	80  -  MemoryUsage of job (MB)
	81648  -  ResidentSetSize of job (KB)
...
006 (452.385.000) 2022-04-05 13:15:11 Image size of job updated: 896304
	317  -  MemoryUsage of job (MB)
	324384  -  ResidentSetSize of job (KB)
...
006 (452.385.000) 2022-04-05 14:30:19 Image size of job updated: 896304
	317  -  MemoryUsage of job (MB)
	324516  -  ResidentSetSize of job (KB)
...
006 (452.385.000) 2022-04-05 14:40:19 Image size of job updated: 896304
	318  -  MemoryUsage of job (MB)
	324648  -  ResidentSetSize of job (KB)
...
006 (452.385.000) 2022-04-05 14:45:21 Image size of job updated: 896304
	318  -  MemoryUsage of job (MB)
	324780  -  ResidentSetSize of job (KB)
...
006 (452.385.000) 2022-04-05 14:55:21 Image size of job updated: 896304
	318  -  MemoryUsage of job (MB)
	324912  -  ResidentSetSize of job (KB)
...
006 (452.385.000) 2022-04-05 15:00:22 Image size of job updated: 896304
	318  -  MemoryUsage of job (MB)
	325044  -  ResidentSetSize of job (KB)
...
006 (452.385.000) 2022-04-05 15:05:23 Image size of job updated: 896304
	318  -  MemoryUsage of job (MB)
	325176  -  ResidentSetSize of job (KB)
...
006 (452.385.000) 2022-04-05 15:10:23 Image size of job updated: 896304
	318  -  MemoryUsage of job (MB)
	325308  -  ResidentSetSize of job (KB)
...
006 (452.385.000) 2022-04-05 15:20:24 Image size of job updated: 896304
	318  -  MemoryUsage of job (MB)
	325440  -  ResidentSetSize of job (KB)
...
006 (452.385.000) 2022-04-05 15:25:24 Image size of job updated: 896304
	318  -  MemoryUsage of job (MB)
	325572  -  ResidentSetSize of job (KB)
...
006 (452.385.000) 2022-04-05 15:30:24 Image size of job updated: 896304
	319  -  MemoryUsage of job (MB)
	325704  -  ResidentSetSize of job (KB)
...
006 (452.385.000) 2022-04-05 15:35:25 Image size of job updated: 896304
	319  -  MemoryUsage of job (MB)
	325836  -  ResidentSetSize of job (KB)
...
006 (452.385.000) 2022-04-05 15:40:26 Image size of job updated: 896304
	319  -  MemoryUsage of job (MB)
	325968  -  ResidentSetSize of job (KB)
...
006 (452.385.000) 2022-04-05 15:45:26 Image size of job updated: 896304
	319  -  MemoryUsage of job (MB)
	326100  -  ResidentSetSize of job (KB)
...
006 (452.385.000) 2022-04-05 15:50:26 Image size of job updated: 896304
	319  -  MemoryUsage of job (MB)
	326232  -  ResidentSetSize of job (KB)
...
006 (452.385.000) 2022-04-05 15:55:27 Image size of job updated: 896304
	319  -  MemoryUsage of job (MB)
	326364  -  ResidentSetSize of job (KB)
...
006 (452.385.000) 2022-04-05 16:00:28 Image size of job updated: 896304
	319  -  MemoryUsage of job (MB)
	326496  -  ResidentSetSize of job (KB)
...
006 (452.385.000) 2022-04-05 16:20:30 Image size of job updated: 896304
	319  -  MemoryUsage of job (MB)
	326584  -  ResidentSetSize of job (KB)
...
006 (452.385.000) 2022-04-05 16:25:30 Image size of job updated: 896304
	320  -  MemoryUsage of job (MB)
	326716  -  ResidentSetSize of job (KB)
...
006 (452.385.000) 2022-04-05 16:35:32 Image size of job updated: 896304
	320  -  MemoryUsage of job (MB)
	326848  -  ResidentSetSize of job (KB)
...
006 (452.385.000) 2022-04-05 16:40:32 Image size of job updated: 896304
	320  -  MemoryUsage of job (MB)
	326980  -  ResidentSetSize of job (KB)
...
006 (452.385.000) 2022-04-05 16:50:34 Image size of job updated: 896304
	320  -  MemoryUsage of job (MB)
	327112  -  ResidentSetSize of job (KB)
...
006 (452.385.000) 2022-04-05 16:55:34 Image size of job updated: 896304
	320  -  MemoryUsage of job (MB)
	327244  -  ResidentSetSize of job (KB)
...
006 (452.385.000) 2022-04-05 17:05:35 Image size of job updated: 896304
	320  -  MemoryUsage of job (MB)
	327376  -  ResidentSetSize of job (KB)
...
006 (452.385.000) 2022-04-05 17:10:36 Image size of job updated: 896304
	320  -  MemoryUsage of job (MB)
	327508  -  ResidentSetSize of job (KB)
...
006 (452.385.000) 2022-04-05 17:20:37 Image size of job updated: 896304
	320  -  MemoryUsage of job (MB)
	327640  -  ResidentSetSize of job (KB)
...
006 (452.385.000) 2022-04-05 17:25:38 Image size of job updated: 896304
	321  -  MemoryUsage of job (MB)
	327772  -  ResidentSetSize of job (KB)
...
006 (452.385.000) 2022-04-05 17:30:38 Image size of job updated: 896304
	321  -  MemoryUsage of job (MB)
	327904  -  ResidentSetSize of job (KB)
...
006 (452.385.000) 2022-04-05 17:40:39 Image size of job updated: 896304
	321  -  MemoryUsage of job (MB)
	328036  -  ResidentSetSize of job (KB)
...
006 (452.385.000) 2022-04-05 17:45:39 Image size of job updated: 896304
	321  -  MemoryUsage of job (MB)
	328168  -  ResidentSetSize of job (KB)
...
006 (452.385.000) 2022-04-05 17:50:39 Image size of job updated: 896304
	321  -  MemoryUsage of job (MB)
	328300  -  ResidentSetSize of job (KB)
...
006 (452.385.000) 2022-04-05 18:00:41 Image size of job updated: 896304
	321  -  MemoryUsage of job (MB)
	328432  -  ResidentSetSize of job (KB)
...
006 (452.385.000) 2022-04-05 18:05:41 Image size of job updated: 896304
	321  -  MemoryUsage of job (MB)
	328564  -  ResidentSetSize of job (KB)
...
006 (452.385.000) 2022-04-05 18:10:41 Image size of job updated: 896304
	321  -  MemoryUsage of job (MB)
	328696  -  ResidentSetSize of job (KB)
...
006 (452.385.000) 2022-04-05 18:15:42 Image size of job updated: 896304
	322  -  MemoryUsage of job (MB)
	328828  -  ResidentSetSize of job (KB)
...
006 (452.385.000) 2022-04-05 18:20:42 Image size of job updated: 896304
	322  -  MemoryUsage of job (MB)
	328960  -  ResidentSetSize of job (KB)
...
006 (452.385.000) 2022-04-05 18:25:42 Image size of job updated: 896304
	322  -  MemoryUsage of job (MB)
	329092  -  ResidentSetSize of job (KB)
...
006 (452.385.000) 2022-04-05 18:35:44 Image size of job updated: 896304
	322  -  MemoryUsage of job (MB)
	329224  -  ResidentSetSize of job (KB)
...
005 (452.385.000) 2022-04-05 18:36:00 Job terminated.
	(1) Normal termination (return value 0)
		Usr 0 05:23:30, Sys 0 00:01:26  -  Run Remote Usage
		Usr 0 00:00:00, Sys 0 00:00:00  -  Run Local Usage
		Usr 0 05:23:30, Sys 0 00:01:26  -  Total Remote Usage
		Usr 0 00:00:00, Sys 0 00:00:00  -  Total Local Usage
	0  -  Run Bytes Sent By Job
	0  -  Run Bytes Received By Job
	0  -  Total Bytes Sent By Job
	0  -  Total Bytes Received By Job
	Partitionable Resources :    Usage  Request Allocated 
	   Cpus                 :     1.00        1         1 
	   Disk (KB)            :  7500        7500     10998 
	   Memory (MB)          :   322        1024      1024 

	Job terminated of its own accord at 2022-04-05T16:36:00Z with exit-code 0.
...
