000 (452.663.000) 2022-04-05 09:23:26 Job submitted from host: <10.18.24.243:9618?addrs=10.18.24.243-9618&alias=ecoclusts01.bioclust.biologie.ens.fr&noUDP&sock=schedd_1052_29b8>
...
001 (452.663.000) 2022-04-05 20:57:49 Job executing on host: <10.18.24.11:9618?addrs=10.18.24.11-9618&alias=bioclust11.bioclust.biologie.ens.fr&noUDP&sock=startd_1205_1bb6>
...
006 (452.663.000) 2022-04-05 20:57:58 Image size of job updated: 100220
	24  -  MemoryUsage of job (MB)
	24500  -  ResidentSetSize of job (KB)
...
006 (452.663.000) 2022-04-05 21:02:59 Image size of job updated: 836168
	287  -  MemoryUsage of job (MB)
	293124  -  ResidentSetSize of job (KB)
...
006 (452.663.000) 2022-04-05 21:08:00 Image size of job updated: 836168
	317  -  MemoryUsage of job (MB)
	324328  -  ResidentSetSize of job (KB)
...
006 (452.663.000) 2022-04-05 21:13:00 Image size of job updated: 836168
	317  -  MemoryUsage of job (MB)
	324372  -  ResidentSetSize of job (KB)
...
006 (452.663.000) 2022-04-05 23:28:15 Image size of job updated: 836168
	317  -  MemoryUsage of job (MB)
	324460  -  ResidentSetSize of job (KB)
...
006 (452.663.000) 2022-04-05 23:38:16 Image size of job updated: 836168
	317  -  MemoryUsage of job (MB)
	324592  -  ResidentSetSize of job (KB)
...
006 (452.663.000) 2022-04-05 23:48:17 Image size of job updated: 836168
	318  -  MemoryUsage of job (MB)
	324724  -  ResidentSetSize of job (KB)
...
006 (452.663.000) 2022-04-05 23:58:17 Image size of job updated: 836168
	318  -  MemoryUsage of job (MB)
	324856  -  ResidentSetSize of job (KB)
...
006 (452.663.000) 2022-04-06 00:03:18 Image size of job updated: 836168
	318  -  MemoryUsage of job (MB)
	324988  -  ResidentSetSize of job (KB)
...
006 (452.663.000) 2022-04-06 00:13:19 Image size of job updated: 836168
	318  -  MemoryUsage of job (MB)
	325120  -  ResidentSetSize of job (KB)
...
006 (452.663.000) 2022-04-06 00:23:20 Image size of job updated: 836168
	318  -  MemoryUsage of job (MB)
	325252  -  ResidentSetSize of job (KB)
...
006 (452.663.000) 2022-04-06 00:28:22 Image size of job updated: 836168
	318  -  MemoryUsage of job (MB)
	325384  -  ResidentSetSize of job (KB)
...
006 (452.663.000) 2022-04-06 00:33:23 Image size of job updated: 836168
	318  -  MemoryUsage of job (MB)
	325516  -  ResidentSetSize of job (KB)
...
006 (452.663.000) 2022-04-06 00:43:24 Image size of job updated: 836168
	319  -  MemoryUsage of job (MB)
	325648  -  ResidentSetSize of job (KB)
...
006 (452.663.000) 2022-04-06 00:53:26 Image size of job updated: 836168
	319  -  MemoryUsage of job (MB)
	325780  -  ResidentSetSize of job (KB)
...
006 (452.663.000) 2022-04-06 00:58:26 Image size of job updated: 836168
	319  -  MemoryUsage of job (MB)
	325912  -  ResidentSetSize of job (KB)
...
006 (452.663.000) 2022-04-06 01:03:27 Image size of job updated: 836168
	319  -  MemoryUsage of job (MB)
	326044  -  ResidentSetSize of job (KB)
...
006 (452.663.000) 2022-04-06 01:13:28 Image size of job updated: 836168
	319  -  MemoryUsage of job (MB)
	326176  -  ResidentSetSize of job (KB)
...
006 (452.663.000) 2022-04-06 01:18:29 Image size of job updated: 836168
	319  -  MemoryUsage of job (MB)
	326308  -  ResidentSetSize of job (KB)
...
006 (452.663.000) 2022-04-06 01:23:30 Image size of job updated: 836168
	319  -  MemoryUsage of job (MB)
	326440  -  ResidentSetSize of job (KB)
...
006 (452.663.000) 2022-04-06 01:33:31 Image size of job updated: 836168
	319  -  MemoryUsage of job (MB)
	326572  -  ResidentSetSize of job (KB)
...
006 (452.663.000) 2022-04-06 01:58:34 Image size of job updated: 836168
	320  -  MemoryUsage of job (MB)
	326704  -  ResidentSetSize of job (KB)
...
006 (452.663.000) 2022-04-06 02:03:35 Image size of job updated: 836168
	320  -  MemoryUsage of job (MB)
	326836  -  ResidentSetSize of job (KB)
...
006 (452.663.000) 2022-04-06 02:13:36 Image size of job updated: 836168
	320  -  MemoryUsage of job (MB)
	326968  -  ResidentSetSize of job (KB)
...
006 (452.663.000) 2022-04-06 02:18:37 Image size of job updated: 836168
	320  -  MemoryUsage of job (MB)
	327100  -  ResidentSetSize of job (KB)
...
006 (452.663.000) 2022-04-06 02:28:38 Image size of job updated: 836168
	320  -  MemoryUsage of job (MB)
	327232  -  ResidentSetSize of job (KB)
...
006 (452.663.000) 2022-04-06 02:33:39 Image size of job updated: 836168
	320  -  MemoryUsage of job (MB)
	327364  -  ResidentSetSize of job (KB)
...
006 (452.663.000) 2022-04-06 02:43:40 Image size of job updated: 836168
	320  -  MemoryUsage of job (MB)
	327496  -  ResidentSetSize of job (KB)
...
006 (452.663.000) 2022-04-06 02:48:41 Image size of job updated: 836168
	320  -  MemoryUsage of job (MB)
	327628  -  ResidentSetSize of job (KB)
...
006 (452.663.000) 2022-04-06 02:58:42 Image size of job updated: 836168
	321  -  MemoryUsage of job (MB)
	327760  -  ResidentSetSize of job (KB)
...
006 (452.663.000) 2022-04-06 03:08:44 Image size of job updated: 836168
	321  -  MemoryUsage of job (MB)
	327892  -  ResidentSetSize of job (KB)
...
006 (452.663.000) 2022-04-06 03:13:44 Image size of job updated: 836168
	321  -  MemoryUsage of job (MB)
	328024  -  ResidentSetSize of job (KB)
...
006 (452.663.000) 2022-04-06 03:18:46 Image size of job updated: 836168
	321  -  MemoryUsage of job (MB)
	328156  -  ResidentSetSize of job (KB)
...
006 (452.663.000) 2022-04-06 03:28:46 Image size of job updated: 836168
	321  -  MemoryUsage of job (MB)
	328288  -  ResidentSetSize of job (KB)
...
006 (452.663.000) 2022-04-06 03:33:47 Image size of job updated: 836168
	321  -  MemoryUsage of job (MB)
	328420  -  ResidentSetSize of job (KB)
...
006 (452.663.000) 2022-04-06 03:43:48 Image size of job updated: 836168
	321  -  MemoryUsage of job (MB)
	328552  -  ResidentSetSize of job (KB)
...
006 (452.663.000) 2022-04-06 03:48:49 Image size of job updated: 836168
	321  -  MemoryUsage of job (MB)
	328684  -  ResidentSetSize of job (KB)
...
006 (452.663.000) 2022-04-06 03:58:50 Image size of job updated: 836168
	322  -  MemoryUsage of job (MB)
	328816  -  ResidentSetSize of job (KB)
...
006 (452.663.000) 2022-04-06 04:03:51 Image size of job updated: 836168
	322  -  MemoryUsage of job (MB)
	328948  -  ResidentSetSize of job (KB)
...
006 (452.663.000) 2022-04-06 04:13:52 Image size of job updated: 836168
	322  -  MemoryUsage of job (MB)
	329080  -  ResidentSetSize of job (KB)
...
006 (452.663.000) 2022-04-06 04:18:53 Image size of job updated: 836168
	322  -  MemoryUsage of job (MB)
	329212  -  ResidentSetSize of job (KB)
...
006 (452.663.000) 2022-04-06 04:23:54 Image size of job updated: 836168
	322  -  MemoryUsage of job (MB)
	329344  -  ResidentSetSize of job (KB)
...
005 (452.663.000) 2022-04-06 04:25:46 Job terminated.
	(1) Normal termination (return value 0)
		Usr 0 07:20:16, Sys 0 00:01:21  -  Run Remote Usage
		Usr 0 00:00:00, Sys 0 00:00:00  -  Run Local Usage
		Usr 0 07:20:16, Sys 0 00:01:21  -  Total Remote Usage
		Usr 0 00:00:00, Sys 0 00:00:00  -  Total Local Usage
	0  -  Run Bytes Sent By Job
	0  -  Run Bytes Received By Job
	0  -  Total Bytes Sent By Job
	0  -  Total Bytes Received By Job
	Partitionable Resources :    Usage  Request Allocated 
	   Cpus                 :     1.00        1         1 
	   Disk (KB)            :  7500        7500     10998 
	   Memory (MB)          :   322        1024      1024 

	Job terminated of its own accord at 2022-04-06T02:25:46Z with exit-code 0.
...
