000 (452.166.000) 2022-04-05 09:23:24 Job submitted from host: <10.18.24.243:9618?addrs=10.18.24.243-9618&alias=ecoclusts01.bioclust.biologie.ens.fr&noUDP&sock=schedd_1052_29b8>
...
001 (452.166.000) 2022-04-05 09:23:38 Job executing on host: <10.18.24.31:9618?addrs=10.18.24.31-9618&alias=bioclust31.bioclust.biologie.ens.fr&noUDP&sock=startd_2248324_d5bc>
...
006 (452.166.000) 2022-04-05 09:23:46 Image size of job updated: 233144
	68  -  MemoryUsage of job (MB)
	69292  -  ResidentSetSize of job (KB)
...
006 (452.166.000) 2022-04-05 09:28:46 Image size of job updated: 896308
	317  -  MemoryUsage of job (MB)
	324396  -  ResidentSetSize of job (KB)
...
006 (452.166.000) 2022-04-05 10:33:52 Image size of job updated: 896308
	317  -  MemoryUsage of job (MB)
	324528  -  ResidentSetSize of job (KB)
...
006 (452.166.000) 2022-04-05 10:38:52 Image size of job updated: 896308
	318  -  MemoryUsage of job (MB)
	324660  -  ResidentSetSize of job (KB)
...
006 (452.166.000) 2022-04-05 10:43:53 Image size of job updated: 896308
	318  -  MemoryUsage of job (MB)
	324792  -  ResidentSetSize of job (KB)
...
006 (452.166.000) 2022-04-05 10:48:53 Image size of job updated: 896308
	318  -  MemoryUsage of job (MB)
	324924  -  ResidentSetSize of job (KB)
...
006 (452.166.000) 2022-04-05 10:53:53 Image size of job updated: 896308
	318  -  MemoryUsage of job (MB)
	325056  -  ResidentSetSize of job (KB)
...
006 (452.166.000) 2022-04-05 10:58:54 Image size of job updated: 896308
	318  -  MemoryUsage of job (MB)
	325188  -  ResidentSetSize of job (KB)
...
006 (452.166.000) 2022-04-05 11:03:55 Image size of job updated: 896308
	318  -  MemoryUsage of job (MB)
	325452  -  ResidentSetSize of job (KB)
...
006 (452.166.000) 2022-04-05 11:08:55 Image size of job updated: 896308
	318  -  MemoryUsage of job (MB)
	325584  -  ResidentSetSize of job (KB)
...
006 (452.166.000) 2022-04-05 11:13:55 Image size of job updated: 896308
	319  -  MemoryUsage of job (MB)
	325716  -  ResidentSetSize of job (KB)
...
006 (452.166.000) 2022-04-05 11:18:56 Image size of job updated: 896308
	319  -  MemoryUsage of job (MB)
	325848  -  ResidentSetSize of job (KB)
...
006 (452.166.000) 2022-04-05 11:23:56 Image size of job updated: 896308
	319  -  MemoryUsage of job (MB)
	325980  -  ResidentSetSize of job (KB)
...
006 (452.166.000) 2022-04-05 11:28:56 Image size of job updated: 896308
	319  -  MemoryUsage of job (MB)
	326244  -  ResidentSetSize of job (KB)
...
006 (452.166.000) 2022-04-05 11:33:57 Image size of job updated: 896308
	319  -  MemoryUsage of job (MB)
	326376  -  ResidentSetSize of job (KB)
...
006 (452.166.000) 2022-04-05 11:38:58 Image size of job updated: 896308
	319  -  MemoryUsage of job (MB)
	326508  -  ResidentSetSize of job (KB)
...
006 (452.166.000) 2022-04-05 11:43:58 Image size of job updated: 896308
	319  -  MemoryUsage of job (MB)
	326640  -  ResidentSetSize of job (KB)
...
006 (452.166.000) 2022-04-05 11:53:59 Image size of job updated: 896308
	320  -  MemoryUsage of job (MB)
	326772  -  ResidentSetSize of job (KB)
...
006 (452.166.000) 2022-04-05 11:58:59 Image size of job updated: 896308
	320  -  MemoryUsage of job (MB)
	326904  -  ResidentSetSize of job (KB)
...
006 (452.166.000) 2022-04-05 12:03:59 Image size of job updated: 896308
	320  -  MemoryUsage of job (MB)
	327036  -  ResidentSetSize of job (KB)
...
006 (452.166.000) 2022-04-05 12:09:00 Image size of job updated: 896308
	320  -  MemoryUsage of job (MB)
	327300  -  ResidentSetSize of job (KB)
...
006 (452.166.000) 2022-04-05 12:14:01 Image size of job updated: 896308
	320  -  MemoryUsage of job (MB)
	327564  -  ResidentSetSize of job (KB)
...
006 (452.166.000) 2022-04-05 12:19:01 Image size of job updated: 896308
	321  -  MemoryUsage of job (MB)
	327960  -  ResidentSetSize of job (KB)
...
006 (452.166.000) 2022-04-05 12:24:02 Image size of job updated: 896308
	321  -  MemoryUsage of job (MB)
	328224  -  ResidentSetSize of job (KB)
...
006 (452.166.000) 2022-04-05 12:29:03 Image size of job updated: 896308
	321  -  MemoryUsage of job (MB)
	328488  -  ResidentSetSize of job (KB)
...
006 (452.166.000) 2022-04-05 12:34:03 Image size of job updated: 896308
	321  -  MemoryUsage of job (MB)
	328620  -  ResidentSetSize of job (KB)
...
006 (452.166.000) 2022-04-05 12:39:03 Image size of job updated: 896308
	322  -  MemoryUsage of job (MB)
	328884  -  ResidentSetSize of job (KB)
...
006 (452.166.000) 2022-04-05 12:44:04 Image size of job updated: 896308
	322  -  MemoryUsage of job (MB)
	329148  -  ResidentSetSize of job (KB)
...
005 (452.166.000) 2022-04-05 12:48:12 Job terminated.
	(1) Normal termination (return value 0)
		Usr 0 03:23:19, Sys 0 00:00:55  -  Run Remote Usage
		Usr 0 00:00:00, Sys 0 00:00:00  -  Run Local Usage
		Usr 0 03:23:19, Sys 0 00:00:55  -  Total Remote Usage
		Usr 0 00:00:00, Sys 0 00:00:00  -  Total Local Usage
	0  -  Run Bytes Sent By Job
	0  -  Run Bytes Received By Job
	0  -  Total Bytes Sent By Job
	0  -  Total Bytes Received By Job
	Partitionable Resources :    Usage  Request Allocated 
	   Cpus                 :     1.00        1         1 
	   Disk (KB)            :  7500        7500      9276 
	   Memory (MB)          :   322        1024      1024 

	Job terminated of its own accord at 2022-04-05T10:48:12Z with exit-code 0.
...
