000 (452.088.000) 2022-04-05 09:23:24 Job submitted from host: <10.18.24.243:9618?addrs=10.18.24.243-9618&alias=ecoclusts01.bioclust.biologie.ens.fr&noUDP&sock=schedd_1052_29b8>
...
001 (452.088.000) 2022-04-05 09:23:31 Job executing on host: <10.18.24.31:9618?addrs=10.18.24.31-9618&alias=bioclust31.bioclust.biologie.ens.fr&noUDP&sock=startd_2248324_d5bc>
...
006 (452.088.000) 2022-04-05 09:23:39 Image size of job updated: 279612
	70  -  MemoryUsage of job (MB)
	71408  -  ResidentSetSize of job (KB)
...
006 (452.088.000) 2022-04-05 09:28:39 Image size of job updated: 896308
	317  -  MemoryUsage of job (MB)
	324576  -  ResidentSetSize of job (KB)
...
006 (452.088.000) 2022-04-05 09:33:40 Image size of job updated: 896308
	318  -  MemoryUsage of job (MB)
	324664  -  ResidentSetSize of job (KB)
...
006 (452.088.000) 2022-04-05 10:53:48 Image size of job updated: 896308
	318  -  MemoryUsage of job (MB)
	324796  -  ResidentSetSize of job (KB)
...
006 (452.088.000) 2022-04-05 10:58:48 Image size of job updated: 896308
	318  -  MemoryUsage of job (MB)
	324928  -  ResidentSetSize of job (KB)
...
006 (452.088.000) 2022-04-05 11:03:49 Image size of job updated: 896308
	318  -  MemoryUsage of job (MB)
	325060  -  ResidentSetSize of job (KB)
...
006 (452.088.000) 2022-04-05 11:08:49 Image size of job updated: 896308
	318  -  MemoryUsage of job (MB)
	325192  -  ResidentSetSize of job (KB)
...
006 (452.088.000) 2022-04-05 11:13:49 Image size of job updated: 896308
	318  -  MemoryUsage of job (MB)
	325324  -  ResidentSetSize of job (KB)
...
006 (452.088.000) 2022-04-05 11:18:50 Image size of job updated: 896308
	318  -  MemoryUsage of job (MB)
	325588  -  ResidentSetSize of job (KB)
...
006 (452.088.000) 2022-04-05 11:23:51 Image size of job updated: 896308
	319  -  MemoryUsage of job (MB)
	325720  -  ResidentSetSize of job (KB)
...
006 (452.088.000) 2022-04-05 11:28:51 Image size of job updated: 896308
	319  -  MemoryUsage of job (MB)
	325984  -  ResidentSetSize of job (KB)
...
006 (452.088.000) 2022-04-05 11:33:51 Image size of job updated: 896308
	319  -  MemoryUsage of job (MB)
	326116  -  ResidentSetSize of job (KB)
...
006 (452.088.000) 2022-04-05 11:38:52 Image size of job updated: 896308
	319  -  MemoryUsage of job (MB)
	326248  -  ResidentSetSize of job (KB)
...
006 (452.088.000) 2022-04-05 11:43:52 Image size of job updated: 896308
	319  -  MemoryUsage of job (MB)
	326512  -  ResidentSetSize of job (KB)
...
006 (452.088.000) 2022-04-05 11:48:52 Image size of job updated: 896308
	319  -  MemoryUsage of job (MB)
	326644  -  ResidentSetSize of job (KB)
...
006 (452.088.000) 2022-04-05 12:03:54 Image size of job updated: 896308
	320  -  MemoryUsage of job (MB)
	326776  -  ResidentSetSize of job (KB)
...
006 (452.088.000) 2022-04-05 12:08:55 Image size of job updated: 896308
	320  -  MemoryUsage of job (MB)
	326908  -  ResidentSetSize of job (KB)
...
006 (452.088.000) 2022-04-05 12:13:56 Image size of job updated: 896308
	320  -  MemoryUsage of job (MB)
	327040  -  ResidentSetSize of job (KB)
...
006 (452.088.000) 2022-04-05 12:18:56 Image size of job updated: 896308
	320  -  MemoryUsage of job (MB)
	327172  -  ResidentSetSize of job (KB)
...
006 (452.088.000) 2022-04-05 12:23:56 Image size of job updated: 896308
	320  -  MemoryUsage of job (MB)
	327304  -  ResidentSetSize of job (KB)
...
006 (452.088.000) 2022-04-05 12:28:57 Image size of job updated: 896308
	320  -  MemoryUsage of job (MB)
	327568  -  ResidentSetSize of job (KB)
...
006 (452.088.000) 2022-04-05 12:33:58 Image size of job updated: 896308
	321  -  MemoryUsage of job (MB)
	327700  -  ResidentSetSize of job (KB)
...
006 (452.088.000) 2022-04-05 12:38:58 Image size of job updated: 896308
	321  -  MemoryUsage of job (MB)
	327832  -  ResidentSetSize of job (KB)
...
006 (452.088.000) 2022-04-05 12:43:58 Image size of job updated: 896308
	321  -  MemoryUsage of job (MB)
	327964  -  ResidentSetSize of job (KB)
...
006 (452.088.000) 2022-04-05 12:48:59 Image size of job updated: 896308
	321  -  MemoryUsage of job (MB)
	328228  -  ResidentSetSize of job (KB)
...
006 (452.088.000) 2022-04-05 12:53:59 Image size of job updated: 896308
	321  -  MemoryUsage of job (MB)
	328624  -  ResidentSetSize of job (KB)
...
006 (452.088.000) 2022-04-05 12:58:59 Image size of job updated: 896308
	322  -  MemoryUsage of job (MB)
	328888  -  ResidentSetSize of job (KB)
...
006 (452.088.000) 2022-04-05 13:04:00 Image size of job updated: 896308
	322  -  MemoryUsage of job (MB)
	329284  -  ResidentSetSize of job (KB)
...
005 (452.088.000) 2022-04-05 13:04:58 Job terminated.
	(1) Normal termination (return value 0)
		Usr 0 03:40:11, Sys 0 00:00:55  -  Run Remote Usage
		Usr 0 00:00:00, Sys 0 00:00:00  -  Run Local Usage
		Usr 0 03:40:11, Sys 0 00:00:55  -  Total Remote Usage
		Usr 0 00:00:00, Sys 0 00:00:00  -  Total Local Usage
	0  -  Run Bytes Sent By Job
	0  -  Run Bytes Received By Job
	0  -  Total Bytes Sent By Job
	0  -  Total Bytes Received By Job
	Partitionable Resources :    Usage  Request Allocated 
	   Cpus                 :     1.00        1         1 
	   Disk (KB)            :  7500        7500      9276 
	   Memory (MB)          :   322        1024      1024 

	Job terminated of its own accord at 2022-04-05T11:04:58Z with exit-code 0.
...
