000 (452.658.000) 2022-04-05 09:23:26 Job submitted from host: <10.18.24.243:9618?addrs=10.18.24.243-9618&alias=ecoclusts01.bioclust.biologie.ens.fr&noUDP&sock=schedd_1052_29b8>
...
001 (452.658.000) 2022-04-05 20:44:48 Job executing on host: <10.18.24.8:9618?addrs=10.18.24.8-9618&alias=bioclust08.bioclust.biologie.ens.fr&noUDP&sock=startd_1108_9306>
...
006 (452.658.000) 2022-04-05 20:44:56 Image size of job updated: 366016
	358  -  MemoryUsage of job (MB)
	366016  -  ResidentSetSize of job (KB)
...
006 (452.658.000) 2022-04-05 20:49:56 Image size of job updated: 761904
	358  -  MemoryUsage of job (MB)
	366544  -  ResidentSetSize of job (KB)
...
006 (452.658.000) 2022-04-05 20:54:57 Image size of job updated: 774644
	358  -  MemoryUsage of job (MB)
	366544  -  ResidentSetSize of job (KB)
...
006 (452.658.000) 2022-04-05 22:15:07 Image size of job updated: 774900
	358  -  MemoryUsage of job (MB)
	366544  -  ResidentSetSize of job (KB)
...
006 (452.658.000) 2022-04-05 22:30:07 Image size of job updated: 775156
	358  -  MemoryUsage of job (MB)
	366544  -  ResidentSetSize of job (KB)
...
006 (452.658.000) 2022-04-05 22:45:09 Image size of job updated: 775412
	358  -  MemoryUsage of job (MB)
	366544  -  ResidentSetSize of job (KB)
...
006 (452.658.000) 2022-04-05 22:55:10 Image size of job updated: 775668
	358  -  MemoryUsage of job (MB)
	366544  -  ResidentSetSize of job (KB)
...
006 (452.658.000) 2022-04-05 23:05:11 Image size of job updated: 775924
	358  -  MemoryUsage of job (MB)
	366544  -  ResidentSetSize of job (KB)
...
006 (452.658.000) 2022-04-05 23:10:11 Image size of job updated: 776180
	358  -  MemoryUsage of job (MB)
	366544  -  ResidentSetSize of job (KB)
...
006 (452.658.000) 2022-04-05 23:20:12 Image size of job updated: 776436
	358  -  MemoryUsage of job (MB)
	366544  -  ResidentSetSize of job (KB)
...
006 (452.658.000) 2022-04-05 23:35:13 Image size of job updated: 776692
	358  -  MemoryUsage of job (MB)
	366544  -  ResidentSetSize of job (KB)
...
006 (452.658.000) 2022-04-05 23:45:15 Image size of job updated: 776948
	358  -  MemoryUsage of job (MB)
	366544  -  ResidentSetSize of job (KB)
...
006 (452.658.000) 2022-04-06 00:05:16 Image size of job updated: 777204
	358  -  MemoryUsage of job (MB)
	366544  -  ResidentSetSize of job (KB)
...
006 (452.658.000) 2022-04-06 00:20:16 Image size of job updated: 777460
	358  -  MemoryUsage of job (MB)
	366544  -  ResidentSetSize of job (KB)
...
006 (452.658.000) 2022-04-06 00:30:20 Image size of job updated: 777716
	358  -  MemoryUsage of job (MB)
	366544  -  ResidentSetSize of job (KB)
...
006 (452.658.000) 2022-04-06 00:40:21 Image size of job updated: 777972
	358  -  MemoryUsage of job (MB)
	366544  -  ResidentSetSize of job (KB)
...
006 (452.658.000) 2022-04-06 00:50:22 Image size of job updated: 778228
	358  -  MemoryUsage of job (MB)
	366544  -  ResidentSetSize of job (KB)
...
006 (452.658.000) 2022-04-06 01:00:24 Image size of job updated: 778484
	358  -  MemoryUsage of job (MB)
	366544  -  ResidentSetSize of job (KB)
...
006 (452.658.000) 2022-04-06 01:10:24 Image size of job updated: 778740
	358  -  MemoryUsage of job (MB)
	366544  -  ResidentSetSize of job (KB)
...
006 (452.658.000) 2022-04-06 01:25:26 Image size of job updated: 778996
	358  -  MemoryUsage of job (MB)
	366544  -  ResidentSetSize of job (KB)
...
006 (452.658.000) 2022-04-06 01:35:26 Image size of job updated: 779252
	358  -  MemoryUsage of job (MB)
	366544  -  ResidentSetSize of job (KB)
...
006 (452.658.000) 2022-04-06 01:45:28 Image size of job updated: 779508
	358  -  MemoryUsage of job (MB)
	366544  -  ResidentSetSize of job (KB)
...
006 (452.658.000) 2022-04-06 01:58:44 Image size of job updated: 779764
	358  -  MemoryUsage of job (MB)
	366544  -  ResidentSetSize of job (KB)
...
005 (452.658.000) 2022-04-06 01:58:44 Job terminated.
	(1) Normal termination (return value 0)
		Usr 0 05:13:18, Sys 0 00:00:20  -  Run Remote Usage
		Usr 0 00:00:00, Sys 0 00:00:00  -  Run Local Usage
		Usr 0 05:13:18, Sys 0 00:00:20  -  Total Remote Usage
		Usr 0 00:00:00, Sys 0 00:00:00  -  Total Local Usage
	0  -  Run Bytes Sent By Job
	0  -  Run Bytes Received By Job
	0  -  Total Bytes Sent By Job
	0  -  Total Bytes Received By Job
	Partitionable Resources :    Usage  Request Allocated 
	   Cpus                 :     1.00        1         1 
	   Disk (KB)            :  7500        7500     10998 
	   Memory (MB)          :   358        1024      1024 

	Job terminated of its own accord at 2022-04-05T23:58:44Z with exit-code 0.
...
