000 (452.486.000) 2022-04-05 09:23:26 Job submitted from host: <10.18.24.243:9618?addrs=10.18.24.243-9618&alias=ecoclusts01.bioclust.biologie.ens.fr&noUDP&sock=schedd_1052_29b8>
...
001 (452.486.000) 2022-04-05 17:13:05 Job executing on host: <10.18.24.136:9618?addrs=10.18.24.136-9618&alias=dyoclust09.bioclust.biologie.ens.fr&noUDP&sock=startd_808_cc9c>
...
006 (452.486.000) 2022-04-05 17:13:14 Image size of job updated: 233664
	222  -  MemoryUsage of job (MB)
	226896  -  ResidentSetSize of job (KB)
...
006 (452.486.000) 2022-04-05 17:18:15 Image size of job updated: 741880
	269  -  MemoryUsage of job (MB)
	275360  -  ResidentSetSize of job (KB)
...
006 (452.486.000) 2022-04-05 17:23:15 Image size of job updated: 774648
	317  -  MemoryUsage of job (MB)
	324308  -  ResidentSetSize of job (KB)
...
006 (452.486.000) 2022-04-05 18:08:20 Image size of job updated: 774904
	317  -  MemoryUsage of job (MB)
	324440  -  ResidentSetSize of job (KB)
...
006 (452.486.000) 2022-04-05 18:13:20 Image size of job updated: 774904
	317  -  MemoryUsage of job (MB)
	324572  -  ResidentSetSize of job (KB)
...
006 (452.486.000) 2022-04-05 18:18:20 Image size of job updated: 775160
	318  -  MemoryUsage of job (MB)
	324704  -  ResidentSetSize of job (KB)
...
006 (452.486.000) 2022-04-05 18:23:21 Image size of job updated: 775416
	318  -  MemoryUsage of job (MB)
	324836  -  ResidentSetSize of job (KB)
...
006 (452.486.000) 2022-04-05 18:28:22 Image size of job updated: 775416
	318  -  MemoryUsage of job (MB)
	325100  -  ResidentSetSize of job (KB)
...
006 (452.486.000) 2022-04-05 18:33:22 Image size of job updated: 775672
	318  -  MemoryUsage of job (MB)
	325364  -  ResidentSetSize of job (KB)
...
006 (452.486.000) 2022-04-05 18:38:23 Image size of job updated: 775928
	318  -  MemoryUsage of job (MB)
	325496  -  ResidentSetSize of job (KB)
...
006 (452.486.000) 2022-04-05 18:43:24 Image size of job updated: 776184
	319  -  MemoryUsage of job (MB)
	325760  -  ResidentSetSize of job (KB)
...
006 (452.486.000) 2022-04-05 18:48:24 Image size of job updated: 776440
	319  -  MemoryUsage of job (MB)
	325892  -  ResidentSetSize of job (KB)
...
006 (452.486.000) 2022-04-05 18:53:24 Image size of job updated: 776440
	319  -  MemoryUsage of job (MB)
	326024  -  ResidentSetSize of job (KB)
...
006 (452.486.000) 2022-04-05 18:58:25 Image size of job updated: 776696
	319  -  MemoryUsage of job (MB)
	326288  -  ResidentSetSize of job (KB)
...
006 (452.486.000) 2022-04-05 19:03:26 Image size of job updated: 776952
	319  -  MemoryUsage of job (MB)
	326420  -  ResidentSetSize of job (KB)
...
006 (452.486.000) 2022-04-05 19:08:26 Image size of job updated: 776952
	319  -  MemoryUsage of job (MB)
	326552  -  ResidentSetSize of job (KB)
...
006 (452.486.000) 2022-04-05 19:18:28 Image size of job updated: 777208
	320  -  MemoryUsage of job (MB)
	326684  -  ResidentSetSize of job (KB)
...
006 (452.486.000) 2022-04-05 19:23:28 Image size of job updated: 777208
	320  -  MemoryUsage of job (MB)
	326948  -  ResidentSetSize of job (KB)
...
006 (452.486.000) 2022-04-05 19:28:28 Image size of job updated: 777464
	320  -  MemoryUsage of job (MB)
	327080  -  ResidentSetSize of job (KB)
...
006 (452.486.000) 2022-04-05 19:33:29 Image size of job updated: 777720
	320  -  MemoryUsage of job (MB)
	327212  -  ResidentSetSize of job (KB)
...
006 (452.486.000) 2022-04-05 19:38:30 Image size of job updated: 777720
	320  -  MemoryUsage of job (MB)
	327476  -  ResidentSetSize of job (KB)
...
006 (452.486.000) 2022-04-05 19:43:30 Image size of job updated: 777976
	320  -  MemoryUsage of job (MB)
	327608  -  ResidentSetSize of job (KB)
...
006 (452.486.000) 2022-04-05 19:48:31 Image size of job updated: 778232
	321  -  MemoryUsage of job (MB)
	327740  -  ResidentSetSize of job (KB)
...
006 (452.486.000) 2022-04-05 19:53:32 Image size of job updated: 778488
	321  -  MemoryUsage of job (MB)
	328004  -  ResidentSetSize of job (KB)
...
006 (452.486.000) 2022-04-05 19:58:32 Image size of job updated: 778488
	321  -  MemoryUsage of job (MB)
	328136  -  ResidentSetSize of job (KB)
...
006 (452.486.000) 2022-04-05 20:03:32 Image size of job updated: 778744
	321  -  MemoryUsage of job (MB)
	328400  -  ResidentSetSize of job (KB)
...
006 (452.486.000) 2022-04-05 20:08:33 Image size of job updated: 779000
	321  -  MemoryUsage of job (MB)
	328532  -  ResidentSetSize of job (KB)
...
006 (452.486.000) 2022-04-05 20:13:33 Image size of job updated: 779256
	322  -  MemoryUsage of job (MB)
	328796  -  ResidentSetSize of job (KB)
...
006 (452.486.000) 2022-04-05 20:18:33 Image size of job updated: 779256
	322  -  MemoryUsage of job (MB)
	328928  -  ResidentSetSize of job (KB)
...
006 (452.486.000) 2022-04-05 20:23:34 Image size of job updated: 779512
	322  -  MemoryUsage of job (MB)
	329192  -  ResidentSetSize of job (KB)
...
006 (452.486.000) 2022-04-05 20:27:25 Image size of job updated: 779768
	322  -  MemoryUsage of job (MB)
	329192  -  ResidentSetSize of job (KB)
...
005 (452.486.000) 2022-04-05 20:27:25 Job terminated.
	(1) Normal termination (return value 0)
		Usr 0 03:13:17, Sys 0 00:00:31  -  Run Remote Usage
		Usr 0 00:00:00, Sys 0 00:00:00  -  Run Local Usage
		Usr 0 03:13:17, Sys 0 00:00:31  -  Total Remote Usage
		Usr 0 00:00:00, Sys 0 00:00:00  -  Total Local Usage
	0  -  Run Bytes Sent By Job
	0  -  Run Bytes Received By Job
	0  -  Total Bytes Sent By Job
	0  -  Total Bytes Received By Job
	Partitionable Resources :    Usage  Request Allocated 
	   Cpus                 :     1.00        1         1 
	   Disk (KB)            :  7500        7500     10998 
	   Memory (MB)          :   322        1024      1024 

	Job terminated of its own accord at 2022-04-05T18:27:25Z with exit-code 0.
...
