000 (452.331.000) 2022-04-05 09:23:25 Job submitted from host: <10.18.24.243:9618?addrs=10.18.24.243-9618&alias=ecoclusts01.bioclust.biologie.ens.fr&noUDP&sock=schedd_1052_29b8>
...
001 (452.331.000) 2022-04-05 12:52:19 Job executing on host: <10.18.24.148:9618?addrs=10.18.24.148-9618&alias=dyoclust21.bioclust.biologie.ens.fr&noUDP&sock=startd_1062_05ab>
...
006 (452.331.000) 2022-04-05 12:52:27 Image size of job updated: 198296
	79  -  MemoryUsage of job (MB)
	80480  -  ResidentSetSize of job (KB)
...
006 (452.331.000) 2022-04-05 12:57:27 Image size of job updated: 741620
	317  -  MemoryUsage of job (MB)
	324028  -  ResidentSetSize of job (KB)
...
006 (452.331.000) 2022-04-05 13:02:28 Image size of job updated: 741620
	317  -  MemoryUsage of job (MB)
	324116  -  ResidentSetSize of job (KB)
...
005 (452.331.000) 2022-04-05 13:06:27 Job terminated.
	(1) Normal termination (return value 0)
		Usr 0 00:13:27, Sys 0 00:00:37  -  Run Remote Usage
		Usr 0 00:00:00, Sys 0 00:00:00  -  Run Local Usage
		Usr 0 00:13:27, Sys 0 00:00:37  -  Total Remote Usage
		Usr 0 00:00:00, Sys 0 00:00:00  -  Total Local Usage
	0  -  Run Bytes Sent By Job
	0  -  Run Bytes Received By Job
	0  -  Total Bytes Sent By Job
	0  -  Total Bytes Received By Job
	Partitionable Resources :    Usage  Request Allocated 
	   Cpus                 :     1.00        1         1 
	   Disk (KB)            :  7500        7500     10998 
	   Memory (MB)          :   317        1024      1024 

	Job terminated of its own accord at 2022-04-05T11:06:26Z with exit-code 0.
...
