000 (452.952.000) 2022-04-05 09:23:28 Job submitted from host: <10.18.24.243:9618?addrs=10.18.24.243-9618&alias=ecoclusts01.bioclust.biologie.ens.fr&noUDP&sock=schedd_1052_29b8>
...
001 (452.952.000) 2022-04-06 02:56:57 Job executing on host: <10.18.24.176:9618?addrs=10.18.24.176-9618&alias=mcbsclust05.bioclust.biologie.ens.fr&noUDP&sock=startd_869_a3e3>
...
006 (452.952.000) 2022-04-06 02:57:06 Image size of job updated: 403448
	394  -  MemoryUsage of job (MB)
	403448  -  ResidentSetSize of job (KB)
...
006 (452.952.000) 2022-04-06 03:02:07 Image size of job updated: 741620
	395  -  MemoryUsage of job (MB)
	403580  -  ResidentSetSize of job (KB)
...
006 (452.952.000) 2022-04-06 03:07:08 Image size of job updated: 774388
	395  -  MemoryUsage of job (MB)
	403580  -  ResidentSetSize of job (KB)
...
006 (452.952.000) 2022-04-06 03:52:12 Image size of job updated: 774644
	395  -  MemoryUsage of job (MB)
	403580  -  ResidentSetSize of job (KB)
...
006 (452.952.000) 2022-04-06 04:07:14 Image size of job updated: 774900
	395  -  MemoryUsage of job (MB)
	403580  -  ResidentSetSize of job (KB)
...
006 (452.952.000) 2022-04-06 04:22:16 Image size of job updated: 775156
	395  -  MemoryUsage of job (MB)
	403580  -  ResidentSetSize of job (KB)
...
006 (452.952.000) 2022-04-06 04:37:18 Image size of job updated: 775412
	395  -  MemoryUsage of job (MB)
	403580  -  ResidentSetSize of job (KB)
...
006 (452.952.000) 2022-04-06 04:52:20 Image size of job updated: 775668
	395  -  MemoryUsage of job (MB)
	403580  -  ResidentSetSize of job (KB)
...
006 (452.952.000) 2022-04-06 05:02:20 Image size of job updated: 775924
	395  -  MemoryUsage of job (MB)
	403580  -  ResidentSetSize of job (KB)
...
006 (452.952.000) 2022-04-06 05:17:22 Image size of job updated: 776180
	395  -  MemoryUsage of job (MB)
	403580  -  ResidentSetSize of job (KB)
...
006 (452.952.000) 2022-04-06 05:27:24 Image size of job updated: 776436
	395  -  MemoryUsage of job (MB)
	403580  -  ResidentSetSize of job (KB)
...
006 (452.952.000) 2022-04-06 05:37:24 Image size of job updated: 776692
	395  -  MemoryUsage of job (MB)
	403580  -  ResidentSetSize of job (KB)
...
006 (452.952.000) 2022-04-06 05:47:25 Image size of job updated: 776948
	395  -  MemoryUsage of job (MB)
	403580  -  ResidentSetSize of job (KB)
...
006 (452.952.000) 2022-04-06 06:12:27 Image size of job updated: 777204
	395  -  MemoryUsage of job (MB)
	403580  -  ResidentSetSize of job (KB)
...
006 (452.952.000) 2022-04-06 06:27:29 Image size of job updated: 777460
	395  -  MemoryUsage of job (MB)
	403580  -  ResidentSetSize of job (KB)
...
006 (452.952.000) 2022-04-06 06:37:31 Image size of job updated: 777716
	395  -  MemoryUsage of job (MB)
	403580  -  ResidentSetSize of job (KB)
...
006 (452.952.000) 2022-04-06 06:52:32 Image size of job updated: 777972
	395  -  MemoryUsage of job (MB)
	403580  -  ResidentSetSize of job (KB)
...
006 (452.952.000) 2022-04-06 07:02:32 Image size of job updated: 778228
	395  -  MemoryUsage of job (MB)
	403580  -  ResidentSetSize of job (KB)
...
006 (452.952.000) 2022-04-06 07:12:34 Image size of job updated: 778484
	395  -  MemoryUsage of job (MB)
	403580  -  ResidentSetSize of job (KB)
...
006 (452.952.000) 2022-04-06 07:27:36 Image size of job updated: 778740
	395  -  MemoryUsage of job (MB)
	403580  -  ResidentSetSize of job (KB)
...
006 (452.952.000) 2022-04-06 07:37:36 Image size of job updated: 778996
	395  -  MemoryUsage of job (MB)
	403580  -  ResidentSetSize of job (KB)
...
006 (452.952.000) 2022-04-06 07:52:38 Image size of job updated: 779252
	395  -  MemoryUsage of job (MB)
	403580  -  ResidentSetSize of job (KB)
...
006 (452.952.000) 2022-04-06 08:02:40 Image size of job updated: 779508
	395  -  MemoryUsage of job (MB)
	403580  -  ResidentSetSize of job (KB)
...
006 (452.952.000) 2022-04-06 08:15:11 Image size of job updated: 779764
	395  -  MemoryUsage of job (MB)
	403580  -  ResidentSetSize of job (KB)
...
005 (452.952.000) 2022-04-06 08:15:11 Job terminated.
	(1) Normal termination (return value 0)
		Usr 0 05:17:11, Sys 0 00:00:15  -  Run Remote Usage
		Usr 0 00:00:00, Sys 0 00:00:00  -  Run Local Usage
		Usr 0 05:17:11, Sys 0 00:00:15  -  Total Remote Usage
		Usr 0 00:00:00, Sys 0 00:00:00  -  Total Local Usage
	0  -  Run Bytes Sent By Job
	0  -  Run Bytes Received By Job
	0  -  Total Bytes Sent By Job
	0  -  Total Bytes Received By Job
	Partitionable Resources :    Usage  Request Allocated 
	   Cpus                 :     1.00        1         1 
	   Disk (KB)            :  7500        7500     11001 
	   Memory (MB)          :   395        1024      1024 

	Job terminated of its own accord at 2022-04-06T06:15:11Z with exit-code 0.
...
