000 (452.896.000) 2022-04-05 09:23:27 Job submitted from host: <10.18.24.243:9618?addrs=10.18.24.243-9618&alias=ecoclusts01.bioclust.biologie.ens.fr&noUDP&sock=schedd_1052_29b8>
...
001 (452.896.000) 2022-04-06 01:49:56 Job executing on host: <10.18.24.135:9618?addrs=10.18.24.135-9618&alias=dyoclust08.bioclust.biologie.ens.fr&noUDP&sock=startd_793_82b1>
...
006 (452.896.000) 2022-04-06 01:50:05 Image size of job updated: 332308
	191  -  MemoryUsage of job (MB)
	194900  -  ResidentSetSize of job (KB)
...
006 (452.896.000) 2022-04-06 01:55:06 Image size of job updated: 741880
	317  -  MemoryUsage of job (MB)
	324352  -  ResidentSetSize of job (KB)
...
006 (452.896.000) 2022-04-06 02:00:06 Image size of job updated: 774648
	317  -  MemoryUsage of job (MB)
	324352  -  ResidentSetSize of job (KB)
...
006 (452.896.000) 2022-04-06 02:40:11 Image size of job updated: 774904
	317  -  MemoryUsage of job (MB)
	324352  -  ResidentSetSize of job (KB)
...
006 (452.896.000) 2022-04-06 02:45:11 Image size of job updated: 774904
	317  -  MemoryUsage of job (MB)
	324484  -  ResidentSetSize of job (KB)
...
006 (452.896.000) 2022-04-06 02:50:12 Image size of job updated: 775160
	318  -  MemoryUsage of job (MB)
	324616  -  ResidentSetSize of job (KB)
...
006 (452.896.000) 2022-04-06 02:55:13 Image size of job updated: 775160
	318  -  MemoryUsage of job (MB)
	324748  -  ResidentSetSize of job (KB)
...
006 (452.896.000) 2022-04-06 03:00:13 Image size of job updated: 775416
	318  -  MemoryUsage of job (MB)
	325012  -  ResidentSetSize of job (KB)
...
006 (452.896.000) 2022-04-06 03:05:13 Image size of job updated: 775416
	318  -  MemoryUsage of job (MB)
	325144  -  ResidentSetSize of job (KB)
...
006 (452.896.000) 2022-04-06 03:10:14 Image size of job updated: 775672
	318  -  MemoryUsage of job (MB)
	325276  -  ResidentSetSize of job (KB)
...
006 (452.896.000) 2022-04-06 03:15:15 Image size of job updated: 775928
	318  -  MemoryUsage of job (MB)
	325408  -  ResidentSetSize of job (KB)
...
006 (452.896.000) 2022-04-06 03:20:15 Image size of job updated: 775928
	318  -  MemoryUsage of job (MB)
	325540  -  ResidentSetSize of job (KB)
...
006 (452.896.000) 2022-04-06 03:25:15 Image size of job updated: 776184
	319  -  MemoryUsage of job (MB)
	325672  -  ResidentSetSize of job (KB)
...
006 (452.896.000) 2022-04-06 03:30:16 Image size of job updated: 776184
	319  -  MemoryUsage of job (MB)
	325936  -  ResidentSetSize of job (KB)
...
006 (452.896.000) 2022-04-06 03:35:17 Image size of job updated: 776440
	319  -  MemoryUsage of job (MB)
	326068  -  ResidentSetSize of job (KB)
...
006 (452.896.000) 2022-04-06 03:40:17 Image size of job updated: 776696
	319  -  MemoryUsage of job (MB)
	326200  -  ResidentSetSize of job (KB)
...
006 (452.896.000) 2022-04-06 03:45:17 Image size of job updated: 776696
	319  -  MemoryUsage of job (MB)
	326332  -  ResidentSetSize of job (KB)
...
006 (452.896.000) 2022-04-06 03:50:18 Image size of job updated: 776952
	319  -  MemoryUsage of job (MB)
	326596  -  ResidentSetSize of job (KB)
...
006 (452.896.000) 2022-04-06 04:05:20 Image size of job updated: 777208
	320  -  MemoryUsage of job (MB)
	326716  -  ResidentSetSize of job (KB)
...
006 (452.896.000) 2022-04-06 04:10:20 Image size of job updated: 777208
	320  -  MemoryUsage of job (MB)
	326848  -  ResidentSetSize of job (KB)
...
006 (452.896.000) 2022-04-06 04:15:21 Image size of job updated: 777464
	320  -  MemoryUsage of job (MB)
	326980  -  ResidentSetSize of job (KB)
...
006 (452.896.000) 2022-04-06 04:20:22 Image size of job updated: 777720
	320  -  MemoryUsage of job (MB)
	327244  -  ResidentSetSize of job (KB)
...
006 (452.896.000) 2022-04-06 04:25:22 Image size of job updated: 777720
	320  -  MemoryUsage of job (MB)
	327376  -  ResidentSetSize of job (KB)
...
006 (452.896.000) 2022-04-06 04:30:22 Image size of job updated: 777976
	320  -  MemoryUsage of job (MB)
	327640  -  ResidentSetSize of job (KB)
...
006 (452.896.000) 2022-04-06 04:35:23 Image size of job updated: 778232
	321  -  MemoryUsage of job (MB)
	327772  -  ResidentSetSize of job (KB)
...
006 (452.896.000) 2022-04-06 04:40:24 Image size of job updated: 778488
	321  -  MemoryUsage of job (MB)
	327904  -  ResidentSetSize of job (KB)
...
006 (452.896.000) 2022-04-06 04:45:24 Image size of job updated: 778488
	321  -  MemoryUsage of job (MB)
	328168  -  ResidentSetSize of job (KB)
...
006 (452.896.000) 2022-04-06 04:50:24 Image size of job updated: 778744
	321  -  MemoryUsage of job (MB)
	328300  -  ResidentSetSize of job (KB)
...
006 (452.896.000) 2022-04-06 04:55:25 Image size of job updated: 779000
	321  -  MemoryUsage of job (MB)
	328564  -  ResidentSetSize of job (KB)
...
006 (452.896.000) 2022-04-06 05:00:26 Image size of job updated: 779000
	321  -  MemoryUsage of job (MB)
	328696  -  ResidentSetSize of job (KB)
...
006 (452.896.000) 2022-04-06 05:05:26 Image size of job updated: 779256
	322  -  MemoryUsage of job (MB)
	328960  -  ResidentSetSize of job (KB)
...
006 (452.896.000) 2022-04-06 05:10:26 Image size of job updated: 779512
	322  -  MemoryUsage of job (MB)
	329092  -  ResidentSetSize of job (KB)
...
006 (452.896.000) 2022-04-06 05:15:18 Image size of job updated: 779768
	322  -  MemoryUsage of job (MB)
	329092  -  ResidentSetSize of job (KB)
...
005 (452.896.000) 2022-04-06 05:15:18 Job terminated.
	(1) Normal termination (return value 0)
		Usr 0 03:24:40, Sys 0 00:00:27  -  Run Remote Usage
		Usr 0 00:00:00, Sys 0 00:00:00  -  Run Local Usage
		Usr 0 03:24:40, Sys 0 00:00:27  -  Total Remote Usage
		Usr 0 00:00:00, Sys 0 00:00:00  -  Total Local Usage
	0  -  Run Bytes Sent By Job
	0  -  Run Bytes Received By Job
	0  -  Total Bytes Sent By Job
	0  -  Total Bytes Received By Job
	Partitionable Resources :    Usage  Request Allocated 
	   Cpus                 :     1.00        1         1 
	   Disk (KB)            :  7500        7500     10998 
	   Memory (MB)          :   322        1024      1024 

	Job terminated of its own accord at 2022-04-06T03:15:18Z with exit-code 0.
...
