000 (452.835.000) 2022-04-05 09:23:27 Job submitted from host: <10.18.24.243:9618?addrs=10.18.24.243-9618&alias=ecoclusts01.bioclust.biologie.ens.fr&noUDP&sock=schedd_1052_29b8>
...
001 (452.835.000) 2022-04-06 00:37:52 Job executing on host: <10.18.24.5:9618?addrs=10.18.24.5-9618&alias=bioclust05.bioclust.biologie.ens.fr&noUDP&sock=startd_1060_a67a>
...
006 (452.835.000) 2022-04-06 00:38:01 Image size of job updated: 97904
	96  -  MemoryUsage of job (MB)
	97904  -  ResidentSetSize of job (KB)
...
006 (452.835.000) 2022-04-06 00:43:02 Image size of job updated: 741880
	317  -  MemoryUsage of job (MB)
	324396  -  ResidentSetSize of job (KB)
...
006 (452.835.000) 2022-04-06 00:48:02 Image size of job updated: 774648
	317  -  MemoryUsage of job (MB)
	324396  -  ResidentSetSize of job (KB)
...
006 (452.835.000) 2022-04-06 02:03:10 Image size of job updated: 774904
	317  -  MemoryUsage of job (MB)
	324396  -  ResidentSetSize of job (KB)
...
006 (452.835.000) 2022-04-06 02:08:11 Image size of job updated: 774904
	317  -  MemoryUsage of job (MB)
	324484  -  ResidentSetSize of job (KB)
...
006 (452.835.000) 2022-04-06 02:13:12 Image size of job updated: 774904
	318  -  MemoryUsage of job (MB)
	324616  -  ResidentSetSize of job (KB)
...
006 (452.835.000) 2022-04-06 02:18:12 Image size of job updated: 775160
	318  -  MemoryUsage of job (MB)
	324616  -  ResidentSetSize of job (KB)
...
006 (452.835.000) 2022-04-06 02:23:13 Image size of job updated: 775160
	318  -  MemoryUsage of job (MB)
	324748  -  ResidentSetSize of job (KB)
...
006 (452.835.000) 2022-04-06 02:28:14 Image size of job updated: 775160
	318  -  MemoryUsage of job (MB)
	324880  -  ResidentSetSize of job (KB)
...
006 (452.835.000) 2022-04-06 02:33:14 Image size of job updated: 775416
	318  -  MemoryUsage of job (MB)
	324880  -  ResidentSetSize of job (KB)
...
006 (452.835.000) 2022-04-06 02:38:14 Image size of job updated: 775416
	318  -  MemoryUsage of job (MB)
	325012  -  ResidentSetSize of job (KB)
...
006 (452.835.000) 2022-04-06 02:43:15 Image size of job updated: 775672
	318  -  MemoryUsage of job (MB)
	325144  -  ResidentSetSize of job (KB)
...
006 (452.835.000) 2022-04-06 02:48:16 Image size of job updated: 775672
	318  -  MemoryUsage of job (MB)
	325276  -  ResidentSetSize of job (KB)
...
006 (452.835.000) 2022-04-06 02:53:16 Image size of job updated: 775928
	318  -  MemoryUsage of job (MB)
	325408  -  ResidentSetSize of job (KB)
...
006 (452.835.000) 2022-04-06 02:58:17 Image size of job updated: 775928
	318  -  MemoryUsage of job (MB)
	325540  -  ResidentSetSize of job (KB)
...
006 (452.835.000) 2022-04-06 03:03:18 Image size of job updated: 776184
	319  -  MemoryUsage of job (MB)
	325672  -  ResidentSetSize of job (KB)
...
006 (452.835.000) 2022-04-06 03:08:18 Image size of job updated: 776184
	319  -  MemoryUsage of job (MB)
	325804  -  ResidentSetSize of job (KB)
...
006 (452.835.000) 2022-04-06 03:13:18 Image size of job updated: 776440
	319  -  MemoryUsage of job (MB)
	325936  -  ResidentSetSize of job (KB)
...
006 (452.835.000) 2022-04-06 03:18:20 Image size of job updated: 776440
	319  -  MemoryUsage of job (MB)
	326068  -  ResidentSetSize of job (KB)
...
006 (452.835.000) 2022-04-06 03:23:20 Image size of job updated: 776696
	319  -  MemoryUsage of job (MB)
	326200  -  ResidentSetSize of job (KB)
...
006 (452.835.000) 2022-04-06 03:28:20 Image size of job updated: 776696
	319  -  MemoryUsage of job (MB)
	326332  -  ResidentSetSize of job (KB)
...
006 (452.835.000) 2022-04-06 03:33:21 Image size of job updated: 776952
	319  -  MemoryUsage of job (MB)
	326464  -  ResidentSetSize of job (KB)
...
006 (452.835.000) 2022-04-06 03:38:21 Image size of job updated: 776952
	319  -  MemoryUsage of job (MB)
	326596  -  ResidentSetSize of job (KB)
...
006 (452.835.000) 2022-04-06 03:58:23 Image size of job updated: 777208
	320  -  MemoryUsage of job (MB)
	326728  -  ResidentSetSize of job (KB)
...
006 (452.835.000) 2022-04-06 04:08:25 Image size of job updated: 777208
	320  -  MemoryUsage of job (MB)
	326860  -  ResidentSetSize of job (KB)
...
006 (452.835.000) 2022-04-06 04:13:25 Image size of job updated: 777464
	320  -  MemoryUsage of job (MB)
	326992  -  ResidentSetSize of job (KB)
...
006 (452.835.000) 2022-04-06 04:18:26 Image size of job updated: 777464
	320  -  MemoryUsage of job (MB)
	327124  -  ResidentSetSize of job (KB)
...
006 (452.835.000) 2022-04-06 04:23:27 Image size of job updated: 777720
	320  -  MemoryUsage of job (MB)
	327256  -  ResidentSetSize of job (KB)
...
006 (452.835.000) 2022-04-06 04:33:27 Image size of job updated: 777720
	320  -  MemoryUsage of job (MB)
	327388  -  ResidentSetSize of job (KB)
...
006 (452.835.000) 2022-04-06 04:38:28 Image size of job updated: 777976
	320  -  MemoryUsage of job (MB)
	327520  -  ResidentSetSize of job (KB)
...
006 (452.835.000) 2022-04-06 04:43:29 Image size of job updated: 777976
	320  -  MemoryUsage of job (MB)
	327652  -  ResidentSetSize of job (KB)
...
006 (452.835.000) 2022-04-06 04:48:29 Image size of job updated: 778232
	321  -  MemoryUsage of job (MB)
	327784  -  ResidentSetSize of job (KB)
...
006 (452.835.000) 2022-04-06 04:53:30 Image size of job updated: 778232
	321  -  MemoryUsage of job (MB)
	327916  -  ResidentSetSize of job (KB)
...
006 (452.835.000) 2022-04-06 04:58:31 Image size of job updated: 778488
	321  -  MemoryUsage of job (MB)
	327916  -  ResidentSetSize of job (KB)
...
006 (452.835.000) 2022-04-06 05:03:31 Image size of job updated: 778488
	321  -  MemoryUsage of job (MB)
	328048  -  ResidentSetSize of job (KB)
...
006 (452.835.000) 2022-04-06 05:08:31 Image size of job updated: 778488
	321  -  MemoryUsage of job (MB)
	328180  -  ResidentSetSize of job (KB)
...
006 (452.835.000) 2022-04-06 05:13:33 Image size of job updated: 778744
	321  -  MemoryUsage of job (MB)
	328312  -  ResidentSetSize of job (KB)
...
006 (452.835.000) 2022-04-06 05:18:33 Image size of job updated: 778744
	321  -  MemoryUsage of job (MB)
	328444  -  ResidentSetSize of job (KB)
...
006 (452.835.000) 2022-04-06 05:23:33 Image size of job updated: 779000
	321  -  MemoryUsage of job (MB)
	328444  -  ResidentSetSize of job (KB)
...
006 (452.835.000) 2022-04-06 05:28:34 Image size of job updated: 779000
	321  -  MemoryUsage of job (MB)
	328576  -  ResidentSetSize of job (KB)
...
006 (452.835.000) 2022-04-06 05:33:35 Image size of job updated: 779000
	322  -  MemoryUsage of job (MB)
	328708  -  ResidentSetSize of job (KB)
...
006 (452.835.000) 2022-04-06 05:38:35 Image size of job updated: 779256
	322  -  MemoryUsage of job (MB)
	328840  -  ResidentSetSize of job (KB)
...
006 (452.835.000) 2022-04-06 05:43:35 Image size of job updated: 779256
	322  -  MemoryUsage of job (MB)
	328972  -  ResidentSetSize of job (KB)
...
006 (452.835.000) 2022-04-06 05:48:36 Image size of job updated: 779512
	322  -  MemoryUsage of job (MB)
	329104  -  ResidentSetSize of job (KB)
...
006 (452.835.000) 2022-04-06 05:58:36 Image size of job updated: 779768
	322  -  MemoryUsage of job (MB)
	329236  -  ResidentSetSize of job (KB)
...
005 (452.835.000) 2022-04-06 05:59:33 Job terminated.
	(1) Normal termination (return value 0)
		Usr 0 05:20:14, Sys 0 00:00:21  -  Run Remote Usage
		Usr 0 00:00:00, Sys 0 00:00:00  -  Run Local Usage
		Usr 0 05:20:14, Sys 0 00:00:21  -  Total Remote Usage
		Usr 0 00:00:00, Sys 0 00:00:00  -  Total Local Usage
	0  -  Run Bytes Sent By Job
	0  -  Run Bytes Received By Job
	0  -  Total Bytes Sent By Job
	0  -  Total Bytes Received By Job
	Partitionable Resources :    Usage  Request Allocated 
	   Cpus                 :     1.00        1         1 
	   Disk (KB)            :  7500        7500     10998 
	   Memory (MB)          :   322        1024      1024 

	Job terminated of its own accord at 2022-04-06T03:59:33Z with exit-code 0.
...
