000 (452.763.000) 2022-04-05 09:23:27 Job submitted from host: <10.18.24.243:9618?addrs=10.18.24.243-9618&alias=ecoclusts01.bioclust.biologie.ens.fr&noUDP&sock=schedd_1052_29b8>
...
001 (452.763.000) 2022-04-05 22:51:51 Job executing on host: <10.18.24.137:9618?addrs=10.18.24.137-9618&alias=dyoclust10.bioclust.biologie.ens.fr&noUDP&sock=startd_830_e3b2>
...
006 (452.763.000) 2022-04-05 22:52:00 Image size of job updated: 232204
	100  -  MemoryUsage of job (MB)
	102264  -  ResidentSetSize of job (KB)
...
006 (452.763.000) 2022-04-05 22:57:01 Image size of job updated: 741620
	310  -  MemoryUsage of job (MB)
	317092  -  ResidentSetSize of job (KB)
...
006 (452.763.000) 2022-04-05 23:02:01 Image size of job updated: 774388
	317  -  MemoryUsage of job (MB)
	324116  -  ResidentSetSize of job (KB)
...
006 (452.763.000) 2022-04-05 23:47:06 Image size of job updated: 774644
	317  -  MemoryUsage of job (MB)
	324248  -  ResidentSetSize of job (KB)
...
006 (452.763.000) 2022-04-05 23:52:07 Image size of job updated: 774900
	317  -  MemoryUsage of job (MB)
	324380  -  ResidentSetSize of job (KB)
...
006 (452.763.000) 2022-04-05 23:57:06 Image size of job updated: 774900
	317  -  MemoryUsage of job (MB)
	324512  -  ResidentSetSize of job (KB)
...
006 (452.763.000) 2022-04-06 00:02:07 Image size of job updated: 775156
	318  -  MemoryUsage of job (MB)
	324776  -  ResidentSetSize of job (KB)
...
006 (452.763.000) 2022-04-06 00:07:07 Image size of job updated: 775412
	318  -  MemoryUsage of job (MB)
	324908  -  ResidentSetSize of job (KB)
...
006 (452.763.000) 2022-04-06 00:12:07 Image size of job updated: 775412
	318  -  MemoryUsage of job (MB)
	325172  -  ResidentSetSize of job (KB)
...
006 (452.763.000) 2022-04-06 00:17:08 Image size of job updated: 775668
	318  -  MemoryUsage of job (MB)
	325304  -  ResidentSetSize of job (KB)
...
006 (452.763.000) 2022-04-06 00:22:08 Image size of job updated: 775924
	318  -  MemoryUsage of job (MB)
	325436  -  ResidentSetSize of job (KB)
...
006 (452.763.000) 2022-04-06 00:27:10 Image size of job updated: 775924
	319  -  MemoryUsage of job (MB)
	325700  -  ResidentSetSize of job (KB)
...
006 (452.763.000) 2022-04-06 00:32:10 Image size of job updated: 776180
	319  -  MemoryUsage of job (MB)
	325832  -  ResidentSetSize of job (KB)
...
006 (452.763.000) 2022-04-06 00:37:11 Image size of job updated: 776436
	319  -  MemoryUsage of job (MB)
	326096  -  ResidentSetSize of job (KB)
...
006 (452.763.000) 2022-04-06 00:42:12 Image size of job updated: 776692
	319  -  MemoryUsage of job (MB)
	326360  -  ResidentSetSize of job (KB)
...
006 (452.763.000) 2022-04-06 00:47:12 Image size of job updated: 776948
	319  -  MemoryUsage of job (MB)
	326492  -  ResidentSetSize of job (KB)
...
006 (452.763.000) 2022-04-06 00:57:14 Image size of job updated: 776948
	319  -  MemoryUsage of job (MB)
	326620  -  ResidentSetSize of job (KB)
...
006 (452.763.000) 2022-04-06 01:02:14 Image size of job updated: 777204
	320  -  MemoryUsage of job (MB)
	326752  -  ResidentSetSize of job (KB)
...
006 (452.763.000) 2022-04-06 01:07:14 Image size of job updated: 777460
	320  -  MemoryUsage of job (MB)
	327016  -  ResidentSetSize of job (KB)
...
006 (452.763.000) 2022-04-06 01:12:15 Image size of job updated: 777460
	320  -  MemoryUsage of job (MB)
	327148  -  ResidentSetSize of job (KB)
...
006 (452.763.000) 2022-04-06 01:17:16 Image size of job updated: 777716
	320  -  MemoryUsage of job (MB)
	327412  -  ResidentSetSize of job (KB)
...
006 (452.763.000) 2022-04-06 01:22:16 Image size of job updated: 777972
	320  -  MemoryUsage of job (MB)
	327544  -  ResidentSetSize of job (KB)
...
006 (452.763.000) 2022-04-06 01:27:17 Image size of job updated: 778228
	320  -  MemoryUsage of job (MB)
	327676  -  ResidentSetSize of job (KB)
...
006 (452.763.000) 2022-04-06 01:32:18 Image size of job updated: 778228
	321  -  MemoryUsage of job (MB)
	327940  -  ResidentSetSize of job (KB)
...
006 (452.763.000) 2022-04-06 01:37:18 Image size of job updated: 778484
	321  -  MemoryUsage of job (MB)
	328204  -  ResidentSetSize of job (KB)
...
006 (452.763.000) 2022-04-06 01:42:18 Image size of job updated: 778740
	321  -  MemoryUsage of job (MB)
	328336  -  ResidentSetSize of job (KB)
...
006 (452.763.000) 2022-04-06 01:47:19 Image size of job updated: 778996
	321  -  MemoryUsage of job (MB)
	328468  -  ResidentSetSize of job (KB)
...
006 (452.763.000) 2022-04-06 01:52:19 Image size of job updated: 778996
	322  -  MemoryUsage of job (MB)
	328732  -  ResidentSetSize of job (KB)
...
006 (452.763.000) 2022-04-06 01:57:19 Image size of job updated: 779252
	322  -  MemoryUsage of job (MB)
	328864  -  ResidentSetSize of job (KB)
...
006 (452.763.000) 2022-04-06 02:02:20 Image size of job updated: 779508
	322  -  MemoryUsage of job (MB)
	329128  -  ResidentSetSize of job (KB)
...
006 (452.763.000) 2022-04-06 02:07:21 Image size of job updated: 779764
	322  -  MemoryUsage of job (MB)
	329260  -  ResidentSetSize of job (KB)
...
005 (452.763.000) 2022-04-06 02:08:03 Job terminated.
	(1) Normal termination (return value 0)
		Usr 0 03:14:44, Sys 0 00:00:26  -  Run Remote Usage
		Usr 0 00:00:00, Sys 0 00:00:00  -  Run Local Usage
		Usr 0 03:14:44, Sys 0 00:00:26  -  Total Remote Usage
		Usr 0 00:00:00, Sys 0 00:00:00  -  Total Local Usage
	0  -  Run Bytes Sent By Job
	0  -  Run Bytes Received By Job
	0  -  Total Bytes Sent By Job
	0  -  Total Bytes Received By Job
	Partitionable Resources :    Usage  Request Allocated 
	   Cpus                 :     1.00        1         1 
	   Disk (KB)            :  7500        7500     10999 
	   Memory (MB)          :   322        1024      1024 

	Job terminated of its own accord at 2022-04-06T00:08:03Z with exit-code 0.
...
