000 (452.320.000) 2022-04-05 09:23:25 Job submitted from host: <10.18.24.243:9618?addrs=10.18.24.243-9618&alias=ecoclusts01.bioclust.biologie.ens.fr&noUDP&sock=schedd_1052_29b8>
...
007 (452.320.000) 2022-04-05 12:48:19 Shadow exception!
	Can no longer talk to condor_starter <10.18.24.1:9618>
	0  -  Run Bytes Sent By Job
	0  -  Run Bytes Received By Job
...
001 (452.320.000) 2022-04-05 12:51:19 Job executing on host: <10.18.24.8:9618?addrs=10.18.24.8-9618&alias=bioclust08.bioclust.biologie.ens.fr&noUDP&sock=startd_1108_9306>
...
006 (452.320.000) 2022-04-05 12:51:27 Image size of job updated: 203932
	64  -  MemoryUsage of job (MB)
	64748  -  ResidentSetSize of job (KB)
...
006 (452.320.000) 2022-04-05 12:56:27 Image size of job updated: 741620
	317  -  MemoryUsage of job (MB)
	324072  -  ResidentSetSize of job (KB)
...
006 (452.320.000) 2022-04-05 13:01:28 Image size of job updated: 741620
	317  -  MemoryUsage of job (MB)
	324096  -  ResidentSetSize of job (KB)
...
005 (452.320.000) 2022-04-05 13:04:12 Job terminated.
	(1) Normal termination (return value 0)
		Usr 0 00:12:18, Sys 0 00:00:28  -  Run Remote Usage
		Usr 0 00:00:00, Sys 0 00:00:00  -  Run Local Usage
		Usr 0 00:12:18, Sys 0 00:00:28  -  Total Remote Usage
		Usr 0 00:00:00, Sys 0 00:00:00  -  Total Local Usage
	0  -  Run Bytes Sent By Job
	0  -  Run Bytes Received By Job
	0  -  Total Bytes Sent By Job
	0  -  Total Bytes Received By Job
	Partitionable Resources :    Usage  Request Allocated 
	   Cpus                 :     0.99        1         1 
	   Disk (KB)            :  7500        7500     10998 
	   Memory (MB)          :   317        1024      1024 

	Job terminated of its own accord at 2022-04-05T11:04:12Z with exit-code 0.
...
