000 (452.429.000) 2022-04-05 09:23:25 Job submitted from host: <10.18.24.243:9618?addrs=10.18.24.243-9618&alias=ecoclusts01.bioclust.biologie.ens.fr&noUDP&sock=schedd_1052_29b8>
...
001 (452.429.000) 2022-04-05 15:27:51 Job executing on host: <10.18.24.142:9618?addrs=10.18.24.142-9618&alias=dyoclust15.bioclust.biologie.ens.fr&noUDP&sock=startd_768_5cd3>
...
006 (452.429.000) 2022-04-05 15:28:00 Image size of job updated: 76348
	69  -  MemoryUsage of job (MB)
	70548  -  ResidentSetSize of job (KB)
...
006 (452.429.000) 2022-04-05 15:33:00 Image size of job updated: 763436
	317  -  MemoryUsage of job (MB)
	324268  -  ResidentSetSize of job (KB)
...
006 (452.429.000) 2022-04-05 15:38:01 Image size of job updated: 763436
	317  -  MemoryUsage of job (MB)
	324400  -  ResidentSetSize of job (KB)
...
006 (452.429.000) 2022-04-05 15:43:02 Image size of job updated: 774648
	317  -  MemoryUsage of job (MB)
	324400  -  ResidentSetSize of job (KB)
...
006 (452.429.000) 2022-04-05 16:23:06 Image size of job updated: 774904
	317  -  MemoryUsage of job (MB)
	324400  -  ResidentSetSize of job (KB)
...
006 (452.429.000) 2022-04-05 16:28:06 Image size of job updated: 774904
	317  -  MemoryUsage of job (MB)
	324532  -  ResidentSetSize of job (KB)
...
006 (452.429.000) 2022-04-05 16:33:07 Image size of job updated: 775160
	318  -  MemoryUsage of job (MB)
	324664  -  ResidentSetSize of job (KB)
...
006 (452.429.000) 2022-04-05 16:38:07 Image size of job updated: 775160
	318  -  MemoryUsage of job (MB)
	324796  -  ResidentSetSize of job (KB)
...
006 (452.429.000) 2022-04-05 16:43:07 Image size of job updated: 775416
	318  -  MemoryUsage of job (MB)
	325060  -  ResidentSetSize of job (KB)
...
006 (452.429.000) 2022-04-05 16:48:08 Image size of job updated: 775672
	318  -  MemoryUsage of job (MB)
	325192  -  ResidentSetSize of job (KB)
...
006 (452.429.000) 2022-04-05 16:53:09 Image size of job updated: 775928
	318  -  MemoryUsage of job (MB)
	325456  -  ResidentSetSize of job (KB)
...
006 (452.429.000) 2022-04-05 16:58:09 Image size of job updated: 775928
	318  -  MemoryUsage of job (MB)
	325588  -  ResidentSetSize of job (KB)
...
006 (452.429.000) 2022-04-05 17:03:09 Image size of job updated: 776184
	319  -  MemoryUsage of job (MB)
	325720  -  ResidentSetSize of job (KB)
...
006 (452.429.000) 2022-04-05 17:08:10 Image size of job updated: 776440
	319  -  MemoryUsage of job (MB)
	325984  -  ResidentSetSize of job (KB)
...
006 (452.429.000) 2022-04-05 17:13:10 Image size of job updated: 776440
	319  -  MemoryUsage of job (MB)
	326116  -  ResidentSetSize of job (KB)
...
006 (452.429.000) 2022-04-05 17:18:10 Image size of job updated: 776696
	319  -  MemoryUsage of job (MB)
	326248  -  ResidentSetSize of job (KB)
...
006 (452.429.000) 2022-04-05 17:23:11 Image size of job updated: 776952
	319  -  MemoryUsage of job (MB)
	326380  -  ResidentSetSize of job (KB)
...
006 (452.429.000) 2022-04-05 17:28:12 Image size of job updated: 776952
	319  -  MemoryUsage of job (MB)
	326456  -  ResidentSetSize of job (KB)
...
006 (452.429.000) 2022-04-05 17:38:12 Image size of job updated: 777208
	320  -  MemoryUsage of job (MB)
	326720  -  ResidentSetSize of job (KB)
...
006 (452.429.000) 2022-04-05 17:43:13 Image size of job updated: 777208
	320  -  MemoryUsage of job (MB)
	326852  -  ResidentSetSize of job (KB)
...
006 (452.429.000) 2022-04-05 17:48:13 Image size of job updated: 777464
	320  -  MemoryUsage of job (MB)
	326984  -  ResidentSetSize of job (KB)
...
006 (452.429.000) 2022-04-05 17:53:13 Image size of job updated: 777720
	320  -  MemoryUsage of job (MB)
	327248  -  ResidentSetSize of job (KB)
...
006 (452.429.000) 2022-04-05 17:58:14 Image size of job updated: 777720
	320  -  MemoryUsage of job (MB)
	327380  -  ResidentSetSize of job (KB)
...
006 (452.429.000) 2022-04-05 18:03:15 Image size of job updated: 777976
	320  -  MemoryUsage of job (MB)
	327512  -  ResidentSetSize of job (KB)
...
006 (452.429.000) 2022-04-05 18:08:15 Image size of job updated: 778232
	321  -  MemoryUsage of job (MB)
	327776  -  ResidentSetSize of job (KB)
...
006 (452.429.000) 2022-04-05 18:13:16 Image size of job updated: 778232
	321  -  MemoryUsage of job (MB)
	327908  -  ResidentSetSize of job (KB)
...
006 (452.429.000) 2022-04-05 18:18:17 Image size of job updated: 778488
	321  -  MemoryUsage of job (MB)
	328172  -  ResidentSetSize of job (KB)
...
006 (452.429.000) 2022-04-05 18:23:17 Image size of job updated: 778744
	321  -  MemoryUsage of job (MB)
	328304  -  ResidentSetSize of job (KB)
...
006 (452.429.000) 2022-04-05 18:28:17 Image size of job updated: 779000
	321  -  MemoryUsage of job (MB)
	328436  -  ResidentSetSize of job (KB)
...
006 (452.429.000) 2022-04-05 18:33:18 Image size of job updated: 779000
	321  -  MemoryUsage of job (MB)
	328700  -  ResidentSetSize of job (KB)
...
006 (452.429.000) 2022-04-05 18:38:19 Image size of job updated: 779256
	322  -  MemoryUsage of job (MB)
	328832  -  ResidentSetSize of job (KB)
...
006 (452.429.000) 2022-04-05 18:43:19 Image size of job updated: 779512
	322  -  MemoryUsage of job (MB)
	328964  -  ResidentSetSize of job (KB)
...
006 (452.429.000) 2022-04-05 18:48:20 Image size of job updated: 779512
	322  -  MemoryUsage of job (MB)
	329228  -  ResidentSetSize of job (KB)
...
006 (452.429.000) 2022-04-05 18:50:39 Image size of job updated: 779768
	322  -  MemoryUsage of job (MB)
	329228  -  ResidentSetSize of job (KB)
...
005 (452.429.000) 2022-04-05 18:50:39 Job terminated.
	(1) Normal termination (return value 0)
		Usr 0 03:19:41, Sys 0 00:00:50  -  Run Remote Usage
		Usr 0 00:00:00, Sys 0 00:00:00  -  Run Local Usage
		Usr 0 03:19:41, Sys 0 00:00:50  -  Total Remote Usage
		Usr 0 00:00:00, Sys 0 00:00:00  -  Total Local Usage
	0  -  Run Bytes Sent By Job
	0  -  Run Bytes Received By Job
	0  -  Total Bytes Sent By Job
	0  -  Total Bytes Received By Job
	Partitionable Resources :    Usage  Request Allocated 
	   Cpus                 :     1.00        1         1 
	   Disk (KB)            :  7500        7500     10998 
	   Memory (MB)          :   322        1024      1024 

	Job terminated of its own accord at 2022-04-05T16:50:39Z with exit-code 0.
...
