000 (452.207.000) 2022-04-05 09:23:24 Job submitted from host: <10.18.24.243:9618?addrs=10.18.24.243-9618&alias=ecoclusts01.bioclust.biologie.ens.fr&noUDP&sock=schedd_1052_29b8>
...
001 (452.207.000) 2022-04-05 09:32:29 Job executing on host: <10.18.24.175:9618?addrs=10.18.24.175-9618&alias=mcbsclust04.bioclust.biologie.ens.fr&noUDP&sock=startd_869_a3e3>
...
006 (452.207.000) 2022-04-05 09:32:38 Image size of job updated: 97656
	96  -  MemoryUsage of job (MB)
	97656  -  ResidentSetSize of job (KB)
...
006 (452.207.000) 2022-04-05 09:37:39 Image size of job updated: 741620
	317  -  MemoryUsage of job (MB)
	324112  -  ResidentSetSize of job (KB)
...
006 (452.207.000) 2022-04-05 09:47:39 Image size of job updated: 774388
	317  -  MemoryUsage of job (MB)
	324112  -  ResidentSetSize of job (KB)
...
006 (452.207.000) 2022-04-05 11:07:49 Image size of job updated: 774644
	317  -  MemoryUsage of job (MB)
	324200  -  ResidentSetSize of job (KB)
...
006 (452.207.000) 2022-04-05 11:17:50 Image size of job updated: 774644
	317  -  MemoryUsage of job (MB)
	324332  -  ResidentSetSize of job (KB)
...
006 (452.207.000) 2022-04-05 11:22:51 Image size of job updated: 774900
	317  -  MemoryUsage of job (MB)
	324464  -  ResidentSetSize of job (KB)
...
006 (452.207.000) 2022-04-05 11:32:51 Image size of job updated: 774900
	317  -  MemoryUsage of job (MB)
	324596  -  ResidentSetSize of job (KB)
...
006 (452.207.000) 2022-04-05 11:37:52 Image size of job updated: 775156
	318  -  MemoryUsage of job (MB)
	324728  -  ResidentSetSize of job (KB)
...
006 (452.207.000) 2022-04-05 11:42:53 Image size of job updated: 775156
	318  -  MemoryUsage of job (MB)
	324860  -  ResidentSetSize of job (KB)
...
006 (452.207.000) 2022-04-05 11:52:54 Image size of job updated: 775412
	318  -  MemoryUsage of job (MB)
	324992  -  ResidentSetSize of job (KB)
...
006 (452.207.000) 2022-04-05 12:02:55 Image size of job updated: 775412
	318  -  MemoryUsage of job (MB)
	325124  -  ResidentSetSize of job (KB)
...
006 (452.207.000) 2022-04-05 12:07:55 Image size of job updated: 775668
	318  -  MemoryUsage of job (MB)
	325256  -  ResidentSetSize of job (KB)
...
006 (452.207.000) 2022-04-05 12:12:56 Image size of job updated: 775668
	318  -  MemoryUsage of job (MB)
	325388  -  ResidentSetSize of job (KB)
...
006 (452.207.000) 2022-04-05 12:17:57 Image size of job updated: 775924
	318  -  MemoryUsage of job (MB)
	325388  -  ResidentSetSize of job (KB)
...
006 (452.207.000) 2022-04-05 12:22:57 Image size of job updated: 775924
	318  -  MemoryUsage of job (MB)
	325520  -  ResidentSetSize of job (KB)
...
006 (452.207.000) 2022-04-05 12:27:58 Image size of job updated: 776180
	319  -  MemoryUsage of job (MB)
	325652  -  ResidentSetSize of job (KB)
...
006 (452.207.000) 2022-04-05 12:32:59 Image size of job updated: 776180
	319  -  MemoryUsage of job (MB)
	325784  -  ResidentSetSize of job (KB)
...
006 (452.207.000) 2022-04-05 12:37:59 Image size of job updated: 776436
	319  -  MemoryUsage of job (MB)
	325916  -  ResidentSetSize of job (KB)
...
006 (452.207.000) 2022-04-05 12:42:59 Image size of job updated: 776436
	319  -  MemoryUsage of job (MB)
	326048  -  ResidentSetSize of job (KB)
...
006 (452.207.000) 2022-04-05 12:48:00 Image size of job updated: 776436
	319  -  MemoryUsage of job (MB)
	326180  -  ResidentSetSize of job (KB)
...
006 (452.207.000) 2022-04-05 12:53:01 Image size of job updated: 776692
	319  -  MemoryUsage of job (MB)
	326312  -  ResidentSetSize of job (KB)
...
006 (452.207.000) 2022-04-05 13:03:02 Image size of job updated: 776948
	319  -  MemoryUsage of job (MB)
	326444  -  ResidentSetSize of job (KB)
...
006 (452.207.000) 2022-04-05 13:08:03 Image size of job updated: 776948
	319  -  MemoryUsage of job (MB)
	326576  -  ResidentSetSize of job (KB)
...
006 (452.207.000) 2022-04-05 13:33:05 Image size of job updated: 777204
	320  -  MemoryUsage of job (MB)
	326708  -  ResidentSetSize of job (KB)
...
006 (452.207.000) 2022-04-05 13:38:06 Image size of job updated: 777204
	320  -  MemoryUsage of job (MB)
	326840  -  ResidentSetSize of job (KB)
...
006 (452.207.000) 2022-04-05 13:48:07 Image size of job updated: 777460
	320  -  MemoryUsage of job (MB)
	326972  -  ResidentSetSize of job (KB)
...
006 (452.207.000) 2022-04-05 13:58:08 Image size of job updated: 777460
	320  -  MemoryUsage of job (MB)
	327104  -  ResidentSetSize of job (KB)
...
006 (452.207.000) 2022-04-05 14:03:08 Image size of job updated: 777716
	320  -  MemoryUsage of job (MB)
	327236  -  ResidentSetSize of job (KB)
...
006 (452.207.000) 2022-04-05 14:08:08 Image size of job updated: 777716
	320  -  MemoryUsage of job (MB)
	327368  -  ResidentSetSize of job (KB)
...
006 (452.207.000) 2022-04-05 14:18:10 Image size of job updated: 777972
	320  -  MemoryUsage of job (MB)
	327500  -  ResidentSetSize of job (KB)
...
006 (452.207.000) 2022-04-05 14:23:10 Image size of job updated: 777972
	320  -  MemoryUsage of job (MB)
	327632  -  ResidentSetSize of job (KB)
...
006 (452.207.000) 2022-04-05 14:33:11 Image size of job updated: 778228
	321  -  MemoryUsage of job (MB)
	327764  -  ResidentSetSize of job (KB)
...
006 (452.207.000) 2022-04-05 14:38:11 Image size of job updated: 778228
	321  -  MemoryUsage of job (MB)
	327896  -  ResidentSetSize of job (KB)
...
006 (452.207.000) 2022-04-05 14:43:11 Image size of job updated: 778484
	321  -  MemoryUsage of job (MB)
	328028  -  ResidentSetSize of job (KB)
...
006 (452.207.000) 2022-04-05 14:48:12 Image size of job updated: 778484
	321  -  MemoryUsage of job (MB)
	328160  -  ResidentSetSize of job (KB)
...
006 (452.207.000) 2022-04-05 14:58:13 Image size of job updated: 778740
	321  -  MemoryUsage of job (MB)
	328292  -  ResidentSetSize of job (KB)
...
006 (452.207.000) 2022-04-05 15:03:13 Image size of job updated: 778740
	321  -  MemoryUsage of job (MB)
	328424  -  ResidentSetSize of job (KB)
...
006 (452.207.000) 2022-04-05 15:08:14 Image size of job updated: 778996
	321  -  MemoryUsage of job (MB)
	328556  -  ResidentSetSize of job (KB)
...
006 (452.207.000) 2022-04-05 15:13:15 Image size of job updated: 778996
	321  -  MemoryUsage of job (MB)
	328688  -  ResidentSetSize of job (KB)
...
006 (452.207.000) 2022-04-05 15:23:16 Image size of job updated: 779252
	322  -  MemoryUsage of job (MB)
	328820  -  ResidentSetSize of job (KB)
...
006 (452.207.000) 2022-04-05 15:28:17 Image size of job updated: 779252
	322  -  MemoryUsage of job (MB)
	328952  -  ResidentSetSize of job (KB)
...
006 (452.207.000) 2022-04-05 15:33:17 Image size of job updated: 779508
	322  -  MemoryUsage of job (MB)
	328952  -  ResidentSetSize of job (KB)
...
006 (452.207.000) 2022-04-05 15:38:17 Image size of job updated: 779508
	322  -  MemoryUsage of job (MB)
	329084  -  ResidentSetSize of job (KB)
...
006 (452.207.000) 2022-04-05 15:43:19 Image size of job updated: 779508
	322  -  MemoryUsage of job (MB)
	329216  -  ResidentSetSize of job (KB)
...
006 (452.207.000) 2022-04-05 15:48:19 Image size of job updated: 779764
	322  -  MemoryUsage of job (MB)
	329216  -  ResidentSetSize of job (KB)
...
005 (452.207.000) 2022-04-05 15:49:53 Job terminated.
	(1) Normal termination (return value 0)
		Usr 0 06:15:53, Sys 0 00:00:22  -  Run Remote Usage
		Usr 0 00:00:00, Sys 0 00:00:00  -  Run Local Usage
		Usr 0 06:15:53, Sys 0 00:00:22  -  Total Remote Usage
		Usr 0 00:00:00, Sys 0 00:00:00  -  Total Local Usage
	0  -  Run Bytes Sent By Job
	0  -  Run Bytes Received By Job
	0  -  Total Bytes Sent By Job
	0  -  Total Bytes Received By Job
	Partitionable Resources :    Usage  Request Allocated 
	   Cpus                 :     1.00        1         1 
	   Disk (KB)            :  7500        7500     10998 
	   Memory (MB)          :   322        1024      1024 

	Job terminated of its own accord at 2022-04-05T13:49:53Z with exit-code 0.
...
