000 (452.928.000) 2022-04-05 09:23:27 Job submitted from host: <10.18.24.243:9618?addrs=10.18.24.243-9618&alias=ecoclusts01.bioclust.biologie.ens.fr&noUDP&sock=schedd_1052_29b8>
...
001 (452.928.000) 2022-04-06 02:26:57 Job executing on host: <10.18.24.142:9618?addrs=10.18.24.142-9618&alias=dyoclust15.bioclust.biologie.ens.fr&noUDP&sock=startd_768_5cd3>
...
006 (452.928.000) 2022-04-06 02:27:06 Image size of job updated: 222700
	218  -  MemoryUsage of job (MB)
	222700  -  ResidentSetSize of job (KB)
...
006 (452.928.000) 2022-04-06 02:32:07 Image size of job updated: 741880
	293  -  MemoryUsage of job (MB)
	299484  -  ResidentSetSize of job (KB)
...
006 (452.928.000) 2022-04-06 02:37:07 Image size of job updated: 774648
	317  -  MemoryUsage of job (MB)
	324412  -  ResidentSetSize of job (KB)
...
006 (452.928.000) 2022-04-06 03:12:11 Image size of job updated: 774904
	317  -  MemoryUsage of job (MB)
	324412  -  ResidentSetSize of job (KB)
...
006 (452.928.000) 2022-04-06 03:17:11 Image size of job updated: 775160
	318  -  MemoryUsage of job (MB)
	324676  -  ResidentSetSize of job (KB)
...
006 (452.928.000) 2022-04-06 03:22:13 Image size of job updated: 775160
	318  -  MemoryUsage of job (MB)
	324808  -  ResidentSetSize of job (KB)
...
006 (452.928.000) 2022-04-06 03:27:13 Image size of job updated: 775416
	318  -  MemoryUsage of job (MB)
	324940  -  ResidentSetSize of job (KB)
...
006 (452.928.000) 2022-04-06 03:32:13 Image size of job updated: 775672
	318  -  MemoryUsage of job (MB)
	325204  -  ResidentSetSize of job (KB)
...
006 (452.928.000) 2022-04-06 03:37:14 Image size of job updated: 775672
	318  -  MemoryUsage of job (MB)
	325336  -  ResidentSetSize of job (KB)
...
006 (452.928.000) 2022-04-06 03:42:15 Image size of job updated: 775928
	318  -  MemoryUsage of job (MB)
	325600  -  ResidentSetSize of job (KB)
...
006 (452.928.000) 2022-04-06 03:47:15 Image size of job updated: 776184
	319  -  MemoryUsage of job (MB)
	325732  -  ResidentSetSize of job (KB)
...
006 (452.928.000) 2022-04-06 03:52:15 Image size of job updated: 776440
	319  -  MemoryUsage of job (MB)
	325864  -  ResidentSetSize of job (KB)
...
006 (452.928.000) 2022-04-06 03:57:17 Image size of job updated: 776440
	319  -  MemoryUsage of job (MB)
	326128  -  ResidentSetSize of job (KB)
...
006 (452.928.000) 2022-04-06 04:02:17 Image size of job updated: 776696
	319  -  MemoryUsage of job (MB)
	326392  -  ResidentSetSize of job (KB)
...
006 (452.928.000) 2022-04-06 04:07:17 Image size of job updated: 776952
	319  -  MemoryUsage of job (MB)
	326524  -  ResidentSetSize of job (KB)
...
006 (452.928.000) 2022-04-06 04:22:19 Image size of job updated: 777208
	320  -  MemoryUsage of job (MB)
	326788  -  ResidentSetSize of job (KB)
...
006 (452.928.000) 2022-04-06 04:27:19 Image size of job updated: 777208
	320  -  MemoryUsage of job (MB)
	326920  -  ResidentSetSize of job (KB)
...
006 (452.928.000) 2022-04-06 04:32:20 Image size of job updated: 777464
	320  -  MemoryUsage of job (MB)
	327052  -  ResidentSetSize of job (KB)
...
006 (452.928.000) 2022-04-06 04:37:20 Image size of job updated: 777720
	320  -  MemoryUsage of job (MB)
	327316  -  ResidentSetSize of job (KB)
...
006 (452.928.000) 2022-04-06 04:42:20 Image size of job updated: 777976
	320  -  MemoryUsage of job (MB)
	327448  -  ResidentSetSize of job (KB)
...
006 (452.928.000) 2022-04-06 04:47:21 Image size of job updated: 777976
	321  -  MemoryUsage of job (MB)
	327712  -  ResidentSetSize of job (KB)
...
006 (452.928.000) 2022-04-06 04:52:22 Image size of job updated: 778232
	321  -  MemoryUsage of job (MB)
	327844  -  ResidentSetSize of job (KB)
...
006 (452.928.000) 2022-04-06 04:57:22 Image size of job updated: 778488
	321  -  MemoryUsage of job (MB)
	327976  -  ResidentSetSize of job (KB)
...
006 (452.928.000) 2022-04-06 05:02:23 Image size of job updated: 778744
	321  -  MemoryUsage of job (MB)
	328240  -  ResidentSetSize of job (KB)
...
006 (452.928.000) 2022-04-06 05:07:24 Image size of job updated: 778744
	321  -  MemoryUsage of job (MB)
	328372  -  ResidentSetSize of job (KB)
...
006 (452.928.000) 2022-04-06 05:12:24 Image size of job updated: 779000
	321  -  MemoryUsage of job (MB)
	328636  -  ResidentSetSize of job (KB)
...
006 (452.928.000) 2022-04-06 05:17:24 Image size of job updated: 779256
	322  -  MemoryUsage of job (MB)
	328900  -  ResidentSetSize of job (KB)
...
006 (452.928.000) 2022-04-06 05:22:26 Image size of job updated: 779512
	322  -  MemoryUsage of job (MB)
	329032  -  ResidentSetSize of job (KB)
...
006 (452.928.000) 2022-04-06 05:27:03 Image size of job updated: 779768
	322  -  MemoryUsage of job (MB)
	329032  -  ResidentSetSize of job (KB)
...
005 (452.928.000) 2022-04-06 05:27:03 Job terminated.
	(1) Normal termination (return value 0)
		Usr 0 02:59:02, Sys 0 00:00:22  -  Run Remote Usage
		Usr 0 00:00:00, Sys 0 00:00:00  -  Run Local Usage
		Usr 0 02:59:02, Sys 0 00:00:22  -  Total Remote Usage
		Usr 0 00:00:00, Sys 0 00:00:00  -  Total Local Usage
	0  -  Run Bytes Sent By Job
	0  -  Run Bytes Received By Job
	0  -  Total Bytes Sent By Job
	0  -  Total Bytes Received By Job
	Partitionable Resources :    Usage  Request Allocated 
	   Cpus                 :     1.00        1         1 
	   Disk (KB)            :  7500        7500     10998 
	   Memory (MB)          :   322        1024      1024 

	Job terminated of its own accord at 2022-04-06T03:27:03Z with exit-code 0.
...
