000 (452.474.000) 2022-04-05 09:23:26 Job submitted from host: <10.18.24.243:9618?addrs=10.18.24.243-9618&alias=ecoclusts01.bioclust.biologie.ens.fr&noUDP&sock=schedd_1052_29b8>
...
001 (452.474.000) 2022-04-05 16:42:02 Job executing on host: <10.18.24.133:9618?addrs=10.18.24.133-9618&alias=dyoclust06.bioclust.biologie.ens.fr&noUDP&sock=startd_804_0e3b>
...
006 (452.474.000) 2022-04-05 16:42:11 Image size of job updated: 75320
	74  -  MemoryUsage of job (MB)
	75320  -  ResidentSetSize of job (KB)
...
006 (452.474.000) 2022-04-05 16:47:11 Image size of job updated: 741880
	317  -  MemoryUsage of job (MB)
	324376  -  ResidentSetSize of job (KB)
...
006 (452.474.000) 2022-04-05 16:52:12 Image size of job updated: 774648
	317  -  MemoryUsage of job (MB)
	324376  -  ResidentSetSize of job (KB)
...
006 (452.474.000) 2022-04-05 17:42:16 Image size of job updated: 774904
	317  -  MemoryUsage of job (MB)
	324508  -  ResidentSetSize of job (KB)
...
006 (452.474.000) 2022-04-05 17:47:17 Image size of job updated: 774904
	318  -  MemoryUsage of job (MB)
	324640  -  ResidentSetSize of job (KB)
...
006 (452.474.000) 2022-04-05 17:52:17 Image size of job updated: 775160
	318  -  MemoryUsage of job (MB)
	324640  -  ResidentSetSize of job (KB)
...
006 (452.474.000) 2022-04-05 17:57:17 Image size of job updated: 775160
	318  -  MemoryUsage of job (MB)
	324904  -  ResidentSetSize of job (KB)
...
006 (452.474.000) 2022-04-05 18:02:18 Image size of job updated: 775416
	318  -  MemoryUsage of job (MB)
	325036  -  ResidentSetSize of job (KB)
...
006 (452.474.000) 2022-04-05 18:07:18 Image size of job updated: 775672
	318  -  MemoryUsage of job (MB)
	325168  -  ResidentSetSize of job (KB)
...
006 (452.474.000) 2022-04-05 18:12:18 Image size of job updated: 775672
	318  -  MemoryUsage of job (MB)
	325300  -  ResidentSetSize of job (KB)
...
006 (452.474.000) 2022-04-05 18:17:19 Image size of job updated: 775928
	318  -  MemoryUsage of job (MB)
	325432  -  ResidentSetSize of job (KB)
...
006 (452.474.000) 2022-04-05 18:22:20 Image size of job updated: 775928
	318  -  MemoryUsage of job (MB)
	325564  -  ResidentSetSize of job (KB)
...
006 (452.474.000) 2022-04-05 18:27:20 Image size of job updated: 776184
	319  -  MemoryUsage of job (MB)
	325696  -  ResidentSetSize of job (KB)
...
006 (452.474.000) 2022-04-05 18:32:20 Image size of job updated: 776184
	319  -  MemoryUsage of job (MB)
	325828  -  ResidentSetSize of job (KB)
...
006 (452.474.000) 2022-04-05 18:37:21 Image size of job updated: 776440
	319  -  MemoryUsage of job (MB)
	326092  -  ResidentSetSize of job (KB)
...
006 (452.474.000) 2022-04-05 18:42:21 Image size of job updated: 776696
	319  -  MemoryUsage of job (MB)
	326224  -  ResidentSetSize of job (KB)
...
006 (452.474.000) 2022-04-05 18:47:21 Image size of job updated: 776696
	319  -  MemoryUsage of job (MB)
	326356  -  ResidentSetSize of job (KB)
...
006 (452.474.000) 2022-04-05 18:52:22 Image size of job updated: 776952
	319  -  MemoryUsage of job (MB)
	326488  -  ResidentSetSize of job (KB)
...
006 (452.474.000) 2022-04-05 19:02:23 Image size of job updated: 776952
	319  -  MemoryUsage of job (MB)
	326596  -  ResidentSetSize of job (KB)
...
006 (452.474.000) 2022-04-05 19:07:24 Image size of job updated: 777208
	320  -  MemoryUsage of job (MB)
	326728  -  ResidentSetSize of job (KB)
...
006 (452.474.000) 2022-04-05 19:12:25 Image size of job updated: 777208
	320  -  MemoryUsage of job (MB)
	326860  -  ResidentSetSize of job (KB)
...
006 (452.474.000) 2022-04-05 19:17:25 Image size of job updated: 777464
	320  -  MemoryUsage of job (MB)
	326992  -  ResidentSetSize of job (KB)
...
006 (452.474.000) 2022-04-05 19:22:25 Image size of job updated: 777464
	320  -  MemoryUsage of job (MB)
	327256  -  ResidentSetSize of job (KB)
...
006 (452.474.000) 2022-04-05 19:27:27 Image size of job updated: 777720
	320  -  MemoryUsage of job (MB)
	327388  -  ResidentSetSize of job (KB)
...
006 (452.474.000) 2022-04-05 19:32:27 Image size of job updated: 777976
	320  -  MemoryUsage of job (MB)
	327520  -  ResidentSetSize of job (KB)
...
006 (452.474.000) 2022-04-05 19:37:27 Image size of job updated: 777976
	320  -  MemoryUsage of job (MB)
	327652  -  ResidentSetSize of job (KB)
...
006 (452.474.000) 2022-04-05 19:42:28 Image size of job updated: 778232
	321  -  MemoryUsage of job (MB)
	327784  -  ResidentSetSize of job (KB)
...
006 (452.474.000) 2022-04-05 19:47:29 Image size of job updated: 778488
	321  -  MemoryUsage of job (MB)
	327916  -  ResidentSetSize of job (KB)
...
006 (452.474.000) 2022-04-05 19:52:29 Image size of job updated: 778488
	321  -  MemoryUsage of job (MB)
	328180  -  ResidentSetSize of job (KB)
...
006 (452.474.000) 2022-04-05 19:57:29 Image size of job updated: 778744
	321  -  MemoryUsage of job (MB)
	328312  -  ResidentSetSize of job (KB)
...
006 (452.474.000) 2022-04-05 20:02:30 Image size of job updated: 778744
	321  -  MemoryUsage of job (MB)
	328444  -  ResidentSetSize of job (KB)
...
006 (452.474.000) 2022-04-05 20:07:30 Image size of job updated: 779000
	321  -  MemoryUsage of job (MB)
	328576  -  ResidentSetSize of job (KB)
...
006 (452.474.000) 2022-04-05 20:12:30 Image size of job updated: 779256
	322  -  MemoryUsage of job (MB)
	328708  -  ResidentSetSize of job (KB)
...
006 (452.474.000) 2022-04-05 20:17:31 Image size of job updated: 779256
	322  -  MemoryUsage of job (MB)
	328840  -  ResidentSetSize of job (KB)
...
006 (452.474.000) 2022-04-05 20:22:32 Image size of job updated: 779512
	322  -  MemoryUsage of job (MB)
	328972  -  ResidentSetSize of job (KB)
...
006 (452.474.000) 2022-04-05 20:27:32 Image size of job updated: 779512
	322  -  MemoryUsage of job (MB)
	329236  -  ResidentSetSize of job (KB)
...
006 (452.474.000) 2022-04-05 20:29:35 Image size of job updated: 779768
	322  -  MemoryUsage of job (MB)
	329236  -  ResidentSetSize of job (KB)
...
005 (452.474.000) 2022-04-05 20:29:35 Job terminated.
	(1) Normal termination (return value 0)
		Usr 0 03:46:01, Sys 0 00:00:36  -  Run Remote Usage
		Usr 0 00:00:00, Sys 0 00:00:00  -  Run Local Usage
		Usr 0 03:46:01, Sys 0 00:00:36  -  Total Remote Usage
		Usr 0 00:00:00, Sys 0 00:00:00  -  Total Local Usage
	0  -  Run Bytes Sent By Job
	0  -  Run Bytes Received By Job
	0  -  Total Bytes Sent By Job
	0  -  Total Bytes Received By Job
	Partitionable Resources :    Usage  Request Allocated 
	   Cpus                 :     1.00        1         1 
	   Disk (KB)            :  7500        7500     10015 
	   Memory (MB)          :   322        1024      1024 

	Job terminated of its own accord at 2022-04-05T18:29:35Z with exit-code 0.
...
