000 (452.202.000) 2022-04-05 09:23:24 Job submitted from host: <10.18.24.243:9618?addrs=10.18.24.243-9618&alias=ecoclusts01.bioclust.biologie.ens.fr&noUDP&sock=schedd_1052_29b8>
...
001 (452.202.000) 2022-04-05 09:27:28 Job executing on host: <10.18.24.174:9618?addrs=10.18.24.174-9618&alias=mcbsclust03.bioclust.biologie.ens.fr&noUDP&sock=startd_937_4854>
...
006 (452.202.000) 2022-04-05 09:27:37 Image size of job updated: 248192
	104  -  MemoryUsage of job (MB)
	105552  -  ResidentSetSize of job (KB)
...
006 (452.202.000) 2022-04-05 09:32:38 Image size of job updated: 741876
	284  -  MemoryUsage of job (MB)
	290080  -  ResidentSetSize of job (KB)
...
006 (452.202.000) 2022-04-05 09:37:38 Image size of job updated: 774644
	317  -  MemoryUsage of job (MB)
	324324  -  ResidentSetSize of job (KB)
...
006 (452.202.000) 2022-04-05 10:47:45 Image size of job updated: 774900
	317  -  MemoryUsage of job (MB)
	324456  -  ResidentSetSize of job (KB)
...
006 (452.202.000) 2022-04-05 10:52:46 Image size of job updated: 774900
	317  -  MemoryUsage of job (MB)
	324588  -  ResidentSetSize of job (KB)
...
006 (452.202.000) 2022-04-05 10:57:46 Image size of job updated: 775156
	317  -  MemoryUsage of job (MB)
	324588  -  ResidentSetSize of job (KB)
...
006 (452.202.000) 2022-04-05 11:02:46 Image size of job updated: 775156
	318  -  MemoryUsage of job (MB)
	324720  -  ResidentSetSize of job (KB)
...
006 (452.202.000) 2022-04-05 11:07:47 Image size of job updated: 775412
	318  -  MemoryUsage of job (MB)
	324852  -  ResidentSetSize of job (KB)
...
006 (452.202.000) 2022-04-05 11:12:48 Image size of job updated: 775412
	318  -  MemoryUsage of job (MB)
	324984  -  ResidentSetSize of job (KB)
...
006 (452.202.000) 2022-04-05 11:17:48 Image size of job updated: 775668
	318  -  MemoryUsage of job (MB)
	325116  -  ResidentSetSize of job (KB)
...
006 (452.202.000) 2022-04-05 11:22:48 Image size of job updated: 775668
	318  -  MemoryUsage of job (MB)
	325248  -  ResidentSetSize of job (KB)
...
006 (452.202.000) 2022-04-05 11:27:49 Image size of job updated: 775668
	318  -  MemoryUsage of job (MB)
	325380  -  ResidentSetSize of job (KB)
...
006 (452.202.000) 2022-04-05 11:32:49 Image size of job updated: 775924
	318  -  MemoryUsage of job (MB)
	325512  -  ResidentSetSize of job (KB)
...
006 (452.202.000) 2022-04-05 11:37:49 Image size of job updated: 775924
	319  -  MemoryUsage of job (MB)
	325644  -  ResidentSetSize of job (KB)
...
006 (452.202.000) 2022-04-05 11:42:49 Image size of job updated: 776180
	319  -  MemoryUsage of job (MB)
	325644  -  ResidentSetSize of job (KB)
...
006 (452.202.000) 2022-04-05 11:47:50 Image size of job updated: 776180
	319  -  MemoryUsage of job (MB)
	325908  -  ResidentSetSize of job (KB)
...
006 (452.202.000) 2022-04-05 11:52:51 Image size of job updated: 776436
	319  -  MemoryUsage of job (MB)
	325908  -  ResidentSetSize of job (KB)
...
006 (452.202.000) 2022-04-05 11:57:51 Image size of job updated: 776436
	319  -  MemoryUsage of job (MB)
	326172  -  ResidentSetSize of job (KB)
...
006 (452.202.000) 2022-04-05 12:02:52 Image size of job updated: 776692
	319  -  MemoryUsage of job (MB)
	326172  -  ResidentSetSize of job (KB)
...
006 (452.202.000) 2022-04-05 12:07:53 Image size of job updated: 776692
	319  -  MemoryUsage of job (MB)
	326436  -  ResidentSetSize of job (KB)
...
006 (452.202.000) 2022-04-05 12:12:53 Image size of job updated: 776948
	319  -  MemoryUsage of job (MB)
	326568  -  ResidentSetSize of job (KB)
...
006 (452.202.000) 2022-04-05 12:32:55 Image size of job updated: 777204
	320  -  MemoryUsage of job (MB)
	326700  -  ResidentSetSize of job (KB)
...
006 (452.202.000) 2022-04-05 12:37:56 Image size of job updated: 777204
	320  -  MemoryUsage of job (MB)
	326832  -  ResidentSetSize of job (KB)
...
006 (452.202.000) 2022-04-05 12:42:57 Image size of job updated: 777460
	320  -  MemoryUsage of job (MB)
	326964  -  ResidentSetSize of job (KB)
...
006 (452.202.000) 2022-04-05 12:47:57 Image size of job updated: 777460
	320  -  MemoryUsage of job (MB)
	327096  -  ResidentSetSize of job (KB)
...
006 (452.202.000) 2022-04-05 12:57:58 Image size of job updated: 777716
	320  -  MemoryUsage of job (MB)
	327360  -  ResidentSetSize of job (KB)
...
006 (452.202.000) 2022-04-05 13:07:59 Image size of job updated: 777972
	320  -  MemoryUsage of job (MB)
	327492  -  ResidentSetSize of job (KB)
...
006 (452.202.000) 2022-04-05 13:12:59 Image size of job updated: 777972
	320  -  MemoryUsage of job (MB)
	327624  -  ResidentSetSize of job (KB)
...
006 (452.202.000) 2022-04-05 13:18:00 Image size of job updated: 778228
	321  -  MemoryUsage of job (MB)
	327756  -  ResidentSetSize of job (KB)
...
006 (452.202.000) 2022-04-05 13:23:01 Image size of job updated: 778228
	321  -  MemoryUsage of job (MB)
	327888  -  ResidentSetSize of job (KB)
...
006 (452.202.000) 2022-04-05 13:28:01 Image size of job updated: 778484
	321  -  MemoryUsage of job (MB)
	328020  -  ResidentSetSize of job (KB)
...
006 (452.202.000) 2022-04-05 13:33:01 Image size of job updated: 778484
	321  -  MemoryUsage of job (MB)
	328152  -  ResidentSetSize of job (KB)
...
006 (452.202.000) 2022-04-05 13:38:02 Image size of job updated: 778740
	321  -  MemoryUsage of job (MB)
	328152  -  ResidentSetSize of job (KB)
...
006 (452.202.000) 2022-04-05 13:43:02 Image size of job updated: 778740
	321  -  MemoryUsage of job (MB)
	328416  -  ResidentSetSize of job (KB)
...
006 (452.202.000) 2022-04-05 13:48:02 Image size of job updated: 778996
	321  -  MemoryUsage of job (MB)
	328416  -  ResidentSetSize of job (KB)
...
006 (452.202.000) 2022-04-05 13:53:02 Image size of job updated: 778996
	321  -  MemoryUsage of job (MB)
	328548  -  ResidentSetSize of job (KB)
...
006 (452.202.000) 2022-04-05 13:58:03 Image size of job updated: 778996
	321  -  MemoryUsage of job (MB)
	328680  -  ResidentSetSize of job (KB)
...
006 (452.202.000) 2022-04-05 14:03:03 Image size of job updated: 779252
	322  -  MemoryUsage of job (MB)
	328812  -  ResidentSetSize of job (KB)
...
006 (452.202.000) 2022-04-05 14:08:03 Image size of job updated: 779252
	322  -  MemoryUsage of job (MB)
	328944  -  ResidentSetSize of job (KB)
...
006 (452.202.000) 2022-04-05 14:13:04 Image size of job updated: 779508
	322  -  MemoryUsage of job (MB)
	329076  -  ResidentSetSize of job (KB)
...
006 (452.202.000) 2022-04-05 14:18:05 Image size of job updated: 779508
	322  -  MemoryUsage of job (MB)
	329208  -  ResidentSetSize of job (KB)
...
006 (452.202.000) 2022-04-05 14:21:13 Image size of job updated: 779764
	322  -  MemoryUsage of job (MB)
	329208  -  ResidentSetSize of job (KB)
...
005 (452.202.000) 2022-04-05 14:21:13 Job terminated.
	(1) Normal termination (return value 0)
		Usr 0 04:52:59, Sys 0 00:00:18  -  Run Remote Usage
		Usr 0 00:00:00, Sys 0 00:00:00  -  Run Local Usage
		Usr 0 04:52:59, Sys 0 00:00:18  -  Total Remote Usage
		Usr 0 00:00:00, Sys 0 00:00:00  -  Total Local Usage
	0  -  Run Bytes Sent By Job
	0  -  Run Bytes Received By Job
	0  -  Total Bytes Sent By Job
	0  -  Total Bytes Received By Job
	Partitionable Resources :    Usage  Request Allocated 
	   Cpus                 :     1.00        1         1 
	   Disk (KB)            :  7500        7500     10998 
	   Memory (MB)          :   322        1024      1024 

	Job terminated of its own accord at 2022-04-05T12:21:13Z with exit-code 0.
...
