000 (452.685.000) 2022-04-05 09:23:26 Job submitted from host: <10.18.24.243:9618?addrs=10.18.24.243-9618&alias=ecoclusts01.bioclust.biologie.ens.fr&noUDP&sock=schedd_1052_29b8>
...
001 (452.685.000) 2022-04-05 21:29:49 Job executing on host: <10.18.24.3:9618?addrs=10.18.24.3-9618&alias=bioclust03.bioclust.biologie.ens.fr&noUDP&sock=startd_1043_fd5e>
...
006 (452.685.000) 2022-04-05 21:29:58 Image size of job updated: 53248
	52  -  MemoryUsage of job (MB)
	53248  -  ResidentSetSize of job (KB)
...
006 (452.685.000) 2022-04-05 21:34:58 Image size of job updated: 813728
	303  -  MemoryUsage of job (MB)
	310176  -  ResidentSetSize of job (KB)
...
006 (452.685.000) 2022-04-05 21:39:59 Image size of job updated: 813728
	317  -  MemoryUsage of job (MB)
	324048  -  ResidentSetSize of job (KB)
...
006 (452.685.000) 2022-04-05 21:45:00 Image size of job updated: 813728
	317  -  MemoryUsage of job (MB)
	324072  -  ResidentSetSize of job (KB)
...
006 (452.685.000) 2022-04-05 23:20:09 Image size of job updated: 813728
	317  -  MemoryUsage of job (MB)
	324204  -  ResidentSetSize of job (KB)
...
006 (452.685.000) 2022-04-05 23:40:12 Image size of job updated: 813728
	317  -  MemoryUsage of job (MB)
	324336  -  ResidentSetSize of job (KB)
...
006 (452.685.000) 2022-04-05 23:50:12 Image size of job updated: 813728
	317  -  MemoryUsage of job (MB)
	324468  -  ResidentSetSize of job (KB)
...
006 (452.685.000) 2022-04-06 00:10:13 Image size of job updated: 813728
	317  -  MemoryUsage of job (MB)
	324600  -  ResidentSetSize of job (KB)
...
006 (452.685.000) 2022-04-06 00:30:17 Image size of job updated: 813728
	318  -  MemoryUsage of job (MB)
	324732  -  ResidentSetSize of job (KB)
...
006 (452.685.000) 2022-04-06 00:45:19 Image size of job updated: 813728
	318  -  MemoryUsage of job (MB)
	324864  -  ResidentSetSize of job (KB)
...
006 (452.685.000) 2022-04-06 01:05:21 Image size of job updated: 813728
	318  -  MemoryUsage of job (MB)
	324996  -  ResidentSetSize of job (KB)
...
006 (452.685.000) 2022-04-06 01:15:21 Image size of job updated: 813728
	318  -  MemoryUsage of job (MB)
	325128  -  ResidentSetSize of job (KB)
...
006 (452.685.000) 2022-04-06 01:35:23 Image size of job updated: 813728
	318  -  MemoryUsage of job (MB)
	325260  -  ResidentSetSize of job (KB)
...
006 (452.685.000) 2022-04-06 01:50:25 Image size of job updated: 813728
	318  -  MemoryUsage of job (MB)
	325392  -  ResidentSetSize of job (KB)
...
006 (452.685.000) 2022-04-06 02:05:26 Image size of job updated: 813728
	318  -  MemoryUsage of job (MB)
	325524  -  ResidentSetSize of job (KB)
...
006 (452.685.000) 2022-04-06 02:15:27 Image size of job updated: 813728
	319  -  MemoryUsage of job (MB)
	325656  -  ResidentSetSize of job (KB)
...
006 (452.685.000) 2022-04-06 02:35:29 Image size of job updated: 813728
	319  -  MemoryUsage of job (MB)
	325788  -  ResidentSetSize of job (KB)
...
006 (452.685.000) 2022-04-06 02:45:31 Image size of job updated: 813728
	319  -  MemoryUsage of job (MB)
	325920  -  ResidentSetSize of job (KB)
...
006 (452.685.000) 2022-04-06 02:50:31 Image size of job updated: 813728
	319  -  MemoryUsage of job (MB)
	326052  -  ResidentSetSize of job (KB)
...
006 (452.685.000) 2022-04-06 03:00:32 Image size of job updated: 813728
	319  -  MemoryUsage of job (MB)
	326184  -  ResidentSetSize of job (KB)
...
006 (452.685.000) 2022-04-06 03:10:33 Image size of job updated: 813728
	319  -  MemoryUsage of job (MB)
	326316  -  ResidentSetSize of job (KB)
...
006 (452.685.000) 2022-04-06 03:20:35 Image size of job updated: 813728
	319  -  MemoryUsage of job (MB)
	326448  -  ResidentSetSize of job (KB)
...
006 (452.685.000) 2022-04-06 03:30:36 Image size of job updated: 813728
	319  -  MemoryUsage of job (MB)
	326580  -  ResidentSetSize of job (KB)
...
006 (452.685.000) 2022-04-06 04:05:40 Image size of job updated: 813728
	320  -  MemoryUsage of job (MB)
	326712  -  ResidentSetSize of job (KB)
...
006 (452.685.000) 2022-04-06 04:20:42 Image size of job updated: 813728
	320  -  MemoryUsage of job (MB)
	326844  -  ResidentSetSize of job (KB)
...
006 (452.685.000) 2022-04-06 04:30:43 Image size of job updated: 813728
	320  -  MemoryUsage of job (MB)
	326976  -  ResidentSetSize of job (KB)
...
006 (452.685.000) 2022-04-06 04:40:44 Image size of job updated: 813728
	320  -  MemoryUsage of job (MB)
	327108  -  ResidentSetSize of job (KB)
...
006 (452.685.000) 2022-04-06 04:55:46 Image size of job updated: 813728
	320  -  MemoryUsage of job (MB)
	327240  -  ResidentSetSize of job (KB)
...
006 (452.685.000) 2022-04-06 05:05:47 Image size of job updated: 813728
	320  -  MemoryUsage of job (MB)
	327372  -  ResidentSetSize of job (KB)
...
006 (452.685.000) 2022-04-06 05:20:49 Image size of job updated: 813728
	320  -  MemoryUsage of job (MB)
	327504  -  ResidentSetSize of job (KB)
...
006 (452.685.000) 2022-04-06 05:35:51 Image size of job updated: 813728
	320  -  MemoryUsage of job (MB)
	327636  -  ResidentSetSize of job (KB)
...
006 (452.685.000) 2022-04-06 05:40:51 Image size of job updated: 813728
	321  -  MemoryUsage of job (MB)
	327768  -  ResidentSetSize of job (KB)
...
006 (452.685.000) 2022-04-06 05:50:53 Image size of job updated: 813728
	321  -  MemoryUsage of job (MB)
	327900  -  ResidentSetSize of job (KB)
...
006 (452.685.000) 2022-04-06 06:10:55 Image size of job updated: 813728
	321  -  MemoryUsage of job (MB)
	328032  -  ResidentSetSize of job (KB)
...
006 (452.685.000) 2022-04-06 06:20:56 Image size of job updated: 813728
	321  -  MemoryUsage of job (MB)
	328164  -  ResidentSetSize of job (KB)
...
006 (452.685.000) 2022-04-06 06:30:57 Image size of job updated: 813728
	321  -  MemoryUsage of job (MB)
	328296  -  ResidentSetSize of job (KB)
...
006 (452.685.000) 2022-04-06 06:40:58 Image size of job updated: 813728
	321  -  MemoryUsage of job (MB)
	328428  -  ResidentSetSize of job (KB)
...
006 (452.685.000) 2022-04-06 06:50:58 Image size of job updated: 813728
	321  -  MemoryUsage of job (MB)
	328560  -  ResidentSetSize of job (KB)
...
006 (452.685.000) 2022-04-06 07:01:00 Image size of job updated: 813728
	321  -  MemoryUsage of job (MB)
	328692  -  ResidentSetSize of job (KB)
...
006 (452.685.000) 2022-04-06 07:11:01 Image size of job updated: 813728
	322  -  MemoryUsage of job (MB)
	328824  -  ResidentSetSize of job (KB)
...
006 (452.685.000) 2022-04-06 07:21:02 Image size of job updated: 813728
	322  -  MemoryUsage of job (MB)
	328956  -  ResidentSetSize of job (KB)
...
006 (452.685.000) 2022-04-06 07:26:03 Image size of job updated: 813728
	322  -  MemoryUsage of job (MB)
	329088  -  ResidentSetSize of job (KB)
...
006 (452.685.000) 2022-04-06 07:36:04 Image size of job updated: 813728
	322  -  MemoryUsage of job (MB)
	329220  -  ResidentSetSize of job (KB)
...
005 (452.685.000) 2022-04-06 07:41:37 Job terminated.
	(1) Normal termination (return value 0)
		Usr 0 10:08:12, Sys 0 00:01:40  -  Run Remote Usage
		Usr 0 00:00:00, Sys 0 00:00:00  -  Run Local Usage
		Usr 0 10:08:12, Sys 0 00:01:40  -  Total Remote Usage
		Usr 0 00:00:00, Sys 0 00:00:00  -  Total Local Usage
	0  -  Run Bytes Sent By Job
	0  -  Run Bytes Received By Job
	0  -  Total Bytes Sent By Job
	0  -  Total Bytes Received By Job
	Partitionable Resources :    Usage  Request Allocated 
	   Cpus                 :     1.00        1         1 
	   Disk (KB)            :  7500        7500     10998 
	   Memory (MB)          :   322        1024      1024 

	Job terminated of its own accord at 2022-04-06T05:41:36Z with exit-code 0.
...
