000 (452.325.000) 2022-04-05 09:23:25 Job submitted from host: <10.18.24.243:9618?addrs=10.18.24.243-9618&alias=ecoclusts01.bioclust.biologie.ens.fr&noUDP&sock=schedd_1052_29b8>
...
001 (452.325.000) 2022-04-05 12:51:19 Job executing on host: <10.18.24.17:9618?addrs=10.18.24.17-9618&alias=bioclust17.bioclust.biologie.ens.fr&noUDP&sock=startd_1040_ee95>
...
006 (452.325.000) 2022-04-05 12:51:27 Image size of job updated: 64924
	64  -  MemoryUsage of job (MB)
	64924  -  ResidentSetSize of job (KB)
...
006 (452.325.000) 2022-04-05 12:56:27 Image size of job updated: 749616
	317  -  MemoryUsage of job (MB)
	324160  -  ResidentSetSize of job (KB)
...
006 (452.325.000) 2022-04-05 13:11:29 Image size of job updated: 774388
	317  -  MemoryUsage of job (MB)
	324160  -  ResidentSetSize of job (KB)
...
006 (452.325.000) 2022-04-05 14:51:39 Image size of job updated: 774644
	317  -  MemoryUsage of job (MB)
	324184  -  ResidentSetSize of job (KB)
...
006 (452.325.000) 2022-04-05 15:01:41 Image size of job updated: 774644
	317  -  MemoryUsage of job (MB)
	324316  -  ResidentSetSize of job (KB)
...
006 (452.325.000) 2022-04-05 15:06:41 Image size of job updated: 774900
	317  -  MemoryUsage of job (MB)
	324448  -  ResidentSetSize of job (KB)
...
006 (452.325.000) 2022-04-05 15:16:42 Image size of job updated: 774900
	317  -  MemoryUsage of job (MB)
	324580  -  ResidentSetSize of job (KB)
...
006 (452.325.000) 2022-04-05 15:31:43 Image size of job updated: 775156
	318  -  MemoryUsage of job (MB)
	324712  -  ResidentSetSize of job (KB)
...
006 (452.325.000) 2022-04-05 15:41:43 Image size of job updated: 775156
	318  -  MemoryUsage of job (MB)
	324844  -  ResidentSetSize of job (KB)
...
006 (452.325.000) 2022-04-05 15:46:45 Image size of job updated: 775412
	318  -  MemoryUsage of job (MB)
	324844  -  ResidentSetSize of job (KB)
...
006 (452.325.000) 2022-04-05 15:51:45 Image size of job updated: 775412
	318  -  MemoryUsage of job (MB)
	325108  -  ResidentSetSize of job (KB)
...
006 (452.325.000) 2022-04-05 15:56:45 Image size of job updated: 775668
	318  -  MemoryUsage of job (MB)
	325108  -  ResidentSetSize of job (KB)
...
006 (452.325.000) 2022-04-05 16:01:46 Image size of job updated: 775668
	318  -  MemoryUsage of job (MB)
	325240  -  ResidentSetSize of job (KB)
...
006 (452.325.000) 2022-04-05 16:06:47 Image size of job updated: 775668
	318  -  MemoryUsage of job (MB)
	325372  -  ResidentSetSize of job (KB)
...
006 (452.325.000) 2022-04-05 16:11:47 Image size of job updated: 775924
	318  -  MemoryUsage of job (MB)
	325372  -  ResidentSetSize of job (KB)
...
006 (452.325.000) 2022-04-05 16:16:48 Image size of job updated: 775924
	318  -  MemoryUsage of job (MB)
	325504  -  ResidentSetSize of job (KB)
...
006 (452.325.000) 2022-04-05 16:21:49 Image size of job updated: 775924
	319  -  MemoryUsage of job (MB)
	325636  -  ResidentSetSize of job (KB)
...
006 (452.325.000) 2022-04-05 16:31:49 Image size of job updated: 776180
	319  -  MemoryUsage of job (MB)
	325636  -  ResidentSetSize of job (KB)
...
006 (452.325.000) 2022-04-05 16:36:50 Image size of job updated: 776180
	319  -  MemoryUsage of job (MB)
	325768  -  ResidentSetSize of job (KB)
...
006 (452.325.000) 2022-04-05 16:46:51 Image size of job updated: 776180
	319  -  MemoryUsage of job (MB)
	325900  -  ResidentSetSize of job (KB)
...
006 (452.325.000) 2022-04-05 16:51:52 Image size of job updated: 776436
	319  -  MemoryUsage of job (MB)
	325900  -  ResidentSetSize of job (KB)
...
006 (452.325.000) 2022-04-05 16:56:53 Image size of job updated: 776436
	319  -  MemoryUsage of job (MB)
	326032  -  ResidentSetSize of job (KB)
...
006 (452.325.000) 2022-04-05 17:01:53 Image size of job updated: 776436
	319  -  MemoryUsage of job (MB)
	326164  -  ResidentSetSize of job (KB)
...
006 (452.325.000) 2022-04-05 17:06:53 Image size of job updated: 776692
	319  -  MemoryUsage of job (MB)
	326164  -  ResidentSetSize of job (KB)
...
006 (452.325.000) 2022-04-05 17:11:54 Image size of job updated: 776692
	319  -  MemoryUsage of job (MB)
	326296  -  ResidentSetSize of job (KB)
...
006 (452.325.000) 2022-04-05 17:21:54 Image size of job updated: 776692
	319  -  MemoryUsage of job (MB)
	326428  -  ResidentSetSize of job (KB)
...
006 (452.325.000) 2022-04-05 17:26:55 Image size of job updated: 776948
	319  -  MemoryUsage of job (MB)
	326428  -  ResidentSetSize of job (KB)
...
006 (452.325.000) 2022-04-05 17:31:56 Image size of job updated: 776948
	319  -  MemoryUsage of job (MB)
	326560  -  ResidentSetSize of job (KB)
...
006 (452.325.000) 2022-04-05 18:01:59 Image size of job updated: 776948
	320  -  MemoryUsage of job (MB)
	326692  -  ResidentSetSize of job (KB)
...
006 (452.325.000) 2022-04-05 18:11:59 Image size of job updated: 777204
	320  -  MemoryUsage of job (MB)
	326692  -  ResidentSetSize of job (KB)
...
006 (452.325.000) 2022-04-05 18:17:00 Image size of job updated: 777204
	320  -  MemoryUsage of job (MB)
	326824  -  ResidentSetSize of job (KB)
...
006 (452.325.000) 2022-04-05 18:27:01 Image size of job updated: 777204
	320  -  MemoryUsage of job (MB)
	326956  -  ResidentSetSize of job (KB)
...
006 (452.325.000) 2022-04-05 18:32:02 Image size of job updated: 777460
	320  -  MemoryUsage of job (MB)
	326956  -  ResidentSetSize of job (KB)
...
006 (452.325.000) 2022-04-05 18:37:03 Image size of job updated: 777460
	320  -  MemoryUsage of job (MB)
	327088  -  ResidentSetSize of job (KB)
...
006 (452.325.000) 2022-04-05 18:47:04 Image size of job updated: 777716
	320  -  MemoryUsage of job (MB)
	327220  -  ResidentSetSize of job (KB)
...
006 (452.325.000) 2022-04-05 18:57:05 Image size of job updated: 777716
	320  -  MemoryUsage of job (MB)
	327352  -  ResidentSetSize of job (KB)
...
006 (452.325.000) 2022-04-05 19:07:06 Image size of job updated: 777972
	320  -  MemoryUsage of job (MB)
	327484  -  ResidentSetSize of job (KB)
...
006 (452.325.000) 2022-04-05 19:17:06 Image size of job updated: 777972
	320  -  MemoryUsage of job (MB)
	327616  -  ResidentSetSize of job (KB)
...
006 (452.325.000) 2022-04-05 19:27:08 Image size of job updated: 778228
	321  -  MemoryUsage of job (MB)
	327748  -  ResidentSetSize of job (KB)
...
006 (452.325.000) 2022-04-05 19:37:09 Image size of job updated: 778228
	321  -  MemoryUsage of job (MB)
	327880  -  ResidentSetSize of job (KB)
...
006 (452.325.000) 2022-04-05 19:47:10 Image size of job updated: 778228
	321  -  MemoryUsage of job (MB)
	328012  -  ResidentSetSize of job (KB)
...
006 (452.325.000) 2022-04-05 19:52:10 Image size of job updated: 778484
	321  -  MemoryUsage of job (MB)
	328012  -  ResidentSetSize of job (KB)
...
006 (452.325.000) 2022-04-05 19:57:11 Image size of job updated: 778484
	321  -  MemoryUsage of job (MB)
	328144  -  ResidentSetSize of job (KB)
...
006 (452.325.000) 2022-04-05 20:07:11 Image size of job updated: 778740
	321  -  MemoryUsage of job (MB)
	328276  -  ResidentSetSize of job (KB)
...
006 (452.325.000) 2022-04-05 20:17:12 Image size of job updated: 778740
	321  -  MemoryUsage of job (MB)
	328408  -  ResidentSetSize of job (KB)
...
006 (452.325.000) 2022-04-05 20:27:13 Image size of job updated: 778996
	321  -  MemoryUsage of job (MB)
	328540  -  ResidentSetSize of job (KB)
...
006 (452.325.000) 2022-04-05 20:37:14 Image size of job updated: 778996
	321  -  MemoryUsage of job (MB)
	328672  -  ResidentSetSize of job (KB)
...
006 (452.325.000) 2022-04-05 20:47:16 Image size of job updated: 779252
	322  -  MemoryUsage of job (MB)
	328804  -  ResidentSetSize of job (KB)
...
006 (452.325.000) 2022-04-05 21:02:18 Image size of job updated: 779252
	322  -  MemoryUsage of job (MB)
	328936  -  ResidentSetSize of job (KB)
...
006 (452.325.000) 2022-04-05 21:07:18 Image size of job updated: 779508
	322  -  MemoryUsage of job (MB)
	329068  -  ResidentSetSize of job (KB)
...
006 (452.325.000) 2022-04-05 21:22:20 Image size of job updated: 779508
	322  -  MemoryUsage of job (MB)
	329200  -  ResidentSetSize of job (KB)
...
006 (452.325.000) 2022-04-05 21:27:20 Image size of job updated: 779764
	322  -  MemoryUsage of job (MB)
	329332  -  ResidentSetSize of job (KB)
...
005 (452.325.000) 2022-04-05 21:29:43 Job terminated.
	(1) Normal termination (return value 0)
		Usr 0 08:35:47, Sys 0 00:00:41  -  Run Remote Usage
		Usr 0 00:00:00, Sys 0 00:00:00  -  Run Local Usage
		Usr 0 08:35:47, Sys 0 00:00:41  -  Total Remote Usage
		Usr 0 00:00:00, Sys 0 00:00:00  -  Total Local Usage
	0  -  Run Bytes Sent By Job
	0  -  Run Bytes Received By Job
	0  -  Total Bytes Sent By Job
	0  -  Total Bytes Received By Job
	Partitionable Resources :    Usage  Request Allocated 
	   Cpus                 :     1.00        1         1 
	   Disk (KB)            :  7500        7500     10998 
	   Memory (MB)          :   322        1024      1024 

	Job terminated of its own accord at 2022-04-05T19:29:42Z with exit-code 0.
...
