000 (452.599.000) 2022-04-05 09:23:26 Job submitted from host: <10.18.24.243:9618?addrs=10.18.24.243-9618&alias=ecoclusts01.bioclust.biologie.ens.fr&noUDP&sock=schedd_1052_29b8>
...
001 (452.599.000) 2022-04-05 19:21:44 Job executing on host: <10.18.24.5:9618?addrs=10.18.24.5-9618&alias=bioclust05.bioclust.biologie.ens.fr&noUDP&sock=startd_1060_a67a>
...
006 (452.599.000) 2022-04-05 19:21:52 Image size of job updated: 97108
	95  -  MemoryUsage of job (MB)
	97108  -  ResidentSetSize of job (KB)
...
006 (452.599.000) 2022-04-05 19:26:52 Image size of job updated: 741620
	317  -  MemoryUsage of job (MB)
	324124  -  ResidentSetSize of job (KB)
...
006 (452.599.000) 2022-04-05 19:31:53 Image size of job updated: 774388
	317  -  MemoryUsage of job (MB)
	324124  -  ResidentSetSize of job (KB)
...
006 (452.599.000) 2022-04-05 20:32:00 Image size of job updated: 774644
	317  -  MemoryUsage of job (MB)
	324124  -  ResidentSetSize of job (KB)
...
006 (452.599.000) 2022-04-05 20:37:00 Image size of job updated: 774644
	317  -  MemoryUsage of job (MB)
	324388  -  ResidentSetSize of job (KB)
...
006 (452.599.000) 2022-04-05 20:42:01 Image size of job updated: 774900
	317  -  MemoryUsage of job (MB)
	324388  -  ResidentSetSize of job (KB)
...
006 (452.599.000) 2022-04-05 20:47:02 Image size of job updated: 774900
	317  -  MemoryUsage of job (MB)
	324520  -  ResidentSetSize of job (KB)
...
006 (452.599.000) 2022-04-05 20:52:02 Image size of job updated: 775156
	318  -  MemoryUsage of job (MB)
	324652  -  ResidentSetSize of job (KB)
...
006 (452.599.000) 2022-04-05 20:57:02 Image size of job updated: 775156
	318  -  MemoryUsage of job (MB)
	324784  -  ResidentSetSize of job (KB)
...
006 (452.599.000) 2022-04-05 21:02:03 Image size of job updated: 775156
	318  -  MemoryUsage of job (MB)
	324916  -  ResidentSetSize of job (KB)
...
006 (452.599.000) 2022-04-05 21:07:04 Image size of job updated: 775412
	318  -  MemoryUsage of job (MB)
	325048  -  ResidentSetSize of job (KB)
...
006 (452.599.000) 2022-04-05 21:17:05 Image size of job updated: 775668
	318  -  MemoryUsage of job (MB)
	325180  -  ResidentSetSize of job (KB)
...
006 (452.599.000) 2022-04-05 21:22:06 Image size of job updated: 775668
	318  -  MemoryUsage of job (MB)
	325312  -  ResidentSetSize of job (KB)
...
006 (452.599.000) 2022-04-05 21:27:06 Image size of job updated: 775924
	318  -  MemoryUsage of job (MB)
	325444  -  ResidentSetSize of job (KB)
...
006 (452.599.000) 2022-04-05 21:32:06 Image size of job updated: 775924
	318  -  MemoryUsage of job (MB)
	325576  -  ResidentSetSize of job (KB)
...
006 (452.599.000) 2022-04-05 21:42:08 Image size of job updated: 776180
	319  -  MemoryUsage of job (MB)
	325708  -  ResidentSetSize of job (KB)
...
006 (452.599.000) 2022-04-05 21:47:08 Image size of job updated: 776180
	319  -  MemoryUsage of job (MB)
	325840  -  ResidentSetSize of job (KB)
...
006 (452.599.000) 2022-04-05 21:52:09 Image size of job updated: 776436
	319  -  MemoryUsage of job (MB)
	325972  -  ResidentSetSize of job (KB)
...
006 (452.599.000) 2022-04-05 21:57:10 Image size of job updated: 776436
	319  -  MemoryUsage of job (MB)
	326104  -  ResidentSetSize of job (KB)
...
006 (452.599.000) 2022-04-05 22:02:10 Image size of job updated: 776692
	319  -  MemoryUsage of job (MB)
	326236  -  ResidentSetSize of job (KB)
...
006 (452.599.000) 2022-04-05 22:07:10 Image size of job updated: 776692
	319  -  MemoryUsage of job (MB)
	326368  -  ResidentSetSize of job (KB)
...
006 (452.599.000) 2022-04-05 22:12:12 Image size of job updated: 776948
	319  -  MemoryUsage of job (MB)
	326368  -  ResidentSetSize of job (KB)
...
006 (452.599.000) 2022-04-05 22:17:12 Image size of job updated: 776948
	319  -  MemoryUsage of job (MB)
	326632  -  ResidentSetSize of job (KB)
...
006 (452.599.000) 2022-04-05 22:37:14 Image size of job updated: 777204
	320  -  MemoryUsage of job (MB)
	326732  -  ResidentSetSize of job (KB)
...
006 (452.599.000) 2022-04-05 22:47:16 Image size of job updated: 777204
	320  -  MemoryUsage of job (MB)
	326864  -  ResidentSetSize of job (KB)
...
006 (452.599.000) 2022-04-05 22:52:16 Image size of job updated: 777460
	320  -  MemoryUsage of job (MB)
	326996  -  ResidentSetSize of job (KB)
...
006 (452.599.000) 2022-04-05 22:57:16 Image size of job updated: 777460
	320  -  MemoryUsage of job (MB)
	327128  -  ResidentSetSize of job (KB)
...
006 (452.599.000) 2022-04-05 23:07:18 Image size of job updated: 777716
	320  -  MemoryUsage of job (MB)
	327260  -  ResidentSetSize of job (KB)
...
006 (452.599.000) 2022-04-05 23:17:18 Image size of job updated: 777972
	320  -  MemoryUsage of job (MB)
	327392  -  ResidentSetSize of job (KB)
...
006 (452.599.000) 2022-04-05 23:22:20 Image size of job updated: 777972
	320  -  MemoryUsage of job (MB)
	327524  -  ResidentSetSize of job (KB)
...
006 (452.599.000) 2022-04-05 23:27:20 Image size of job updated: 777972
	320  -  MemoryUsage of job (MB)
	327656  -  ResidentSetSize of job (KB)
...
006 (452.599.000) 2022-04-05 23:37:21 Image size of job updated: 778228
	321  -  MemoryUsage of job (MB)
	327788  -  ResidentSetSize of job (KB)
...
006 (452.599.000) 2022-04-05 23:42:22 Image size of job updated: 778228
	321  -  MemoryUsage of job (MB)
	327920  -  ResidentSetSize of job (KB)
...
006 (452.599.000) 2022-04-05 23:47:22 Image size of job updated: 778484
	321  -  MemoryUsage of job (MB)
	327920  -  ResidentSetSize of job (KB)
...
006 (452.599.000) 2022-04-05 23:52:22 Image size of job updated: 778484
	321  -  MemoryUsage of job (MB)
	328052  -  ResidentSetSize of job (KB)
...
006 (452.599.000) 2022-04-05 23:57:21 Image size of job updated: 778740
	321  -  MemoryUsage of job (MB)
	328184  -  ResidentSetSize of job (KB)
...
006 (452.599.000) 2022-04-06 00:02:21 Image size of job updated: 778740
	321  -  MemoryUsage of job (MB)
	328316  -  ResidentSetSize of job (KB)
...
006 (452.599.000) 2022-04-06 00:12:23 Image size of job updated: 778996
	321  -  MemoryUsage of job (MB)
	328448  -  ResidentSetSize of job (KB)
...
006 (452.599.000) 2022-04-06 00:17:23 Image size of job updated: 778996
	321  -  MemoryUsage of job (MB)
	328580  -  ResidentSetSize of job (KB)
...
006 (452.599.000) 2022-04-06 00:22:23 Image size of job updated: 778996
	322  -  MemoryUsage of job (MB)
	328712  -  ResidentSetSize of job (KB)
...
006 (452.599.000) 2022-04-06 00:27:25 Image size of job updated: 779252
	322  -  MemoryUsage of job (MB)
	328844  -  ResidentSetSize of job (KB)
...
006 (452.599.000) 2022-04-06 00:37:26 Image size of job updated: 779508
	322  -  MemoryUsage of job (MB)
	328976  -  ResidentSetSize of job (KB)
...
006 (452.599.000) 2022-04-06 00:42:26 Image size of job updated: 779508
	322  -  MemoryUsage of job (MB)
	329108  -  ResidentSetSize of job (KB)
...
006 (452.599.000) 2022-04-06 00:47:27 Image size of job updated: 779508
	322  -  MemoryUsage of job (MB)
	329240  -  ResidentSetSize of job (KB)
...
006 (452.599.000) 2022-04-06 00:52:28 Image size of job updated: 779764
	322  -  MemoryUsage of job (MB)
	329240  -  ResidentSetSize of job (KB)
...
005 (452.599.000) 2022-04-06 00:53:16 Job terminated.
	(1) Normal termination (return value 0)
		Usr 0 05:29:23, Sys 0 00:01:22  -  Run Remote Usage
		Usr 0 00:00:00, Sys 0 00:00:00  -  Run Local Usage
		Usr 0 05:29:23, Sys 0 00:01:22  -  Total Remote Usage
		Usr 0 00:00:00, Sys 0 00:00:00  -  Total Local Usage
	0  -  Run Bytes Sent By Job
	0  -  Run Bytes Received By Job
	0  -  Total Bytes Sent By Job
	0  -  Total Bytes Received By Job
	Partitionable Resources :    Usage  Request Allocated 
	   Cpus                 :     1.00        1         1 
	   Disk (KB)            :  7500        7500     10998 
	   Memory (MB)          :   322        1024      1024 

	Job terminated of its own accord at 2022-04-05T22:53:16Z with exit-code 0.
...
