000 (452.171.000) 2022-04-05 09:23:24 Job submitted from host: <10.18.24.243:9618?addrs=10.18.24.243-9618&alias=ecoclusts01.bioclust.biologie.ens.fr&noUDP&sock=schedd_1052_29b8>
...
001 (452.171.000) 2022-04-05 09:23:38 Job executing on host: <10.18.24.31:9618?addrs=10.18.24.31-9618&alias=bioclust31.bioclust.biologie.ens.fr&noUDP&sock=startd_2248324_d5bc>
...
006 (452.171.000) 2022-04-05 09:23:47 Image size of job updated: 218972
	64  -  MemoryUsage of job (MB)
	65340  -  ResidentSetSize of job (KB)
...
006 (452.171.000) 2022-04-05 09:28:48 Image size of job updated: 896308
	317  -  MemoryUsage of job (MB)
	324316  -  ResidentSetSize of job (KB)
...
006 (452.171.000) 2022-04-05 09:33:48 Image size of job updated: 896308
	317  -  MemoryUsage of job (MB)
	324404  -  ResidentSetSize of job (KB)
...
006 (452.171.000) 2022-04-05 10:18:53 Image size of job updated: 896308
	317  -  MemoryUsage of job (MB)
	324536  -  ResidentSetSize of job (KB)
...
006 (452.171.000) 2022-04-05 10:23:53 Image size of job updated: 896308
	318  -  MemoryUsage of job (MB)
	324668  -  ResidentSetSize of job (KB)
...
006 (452.171.000) 2022-04-05 10:28:53 Image size of job updated: 896308
	318  -  MemoryUsage of job (MB)
	324932  -  ResidentSetSize of job (KB)
...
006 (452.171.000) 2022-04-05 10:38:55 Image size of job updated: 896308
	318  -  MemoryUsage of job (MB)
	325196  -  ResidentSetSize of job (KB)
...
006 (452.171.000) 2022-04-05 10:43:55 Image size of job updated: 896308
	318  -  MemoryUsage of job (MB)
	325328  -  ResidentSetSize of job (KB)
...
006 (452.171.000) 2022-04-05 10:48:55 Image size of job updated: 896308
	318  -  MemoryUsage of job (MB)
	325460  -  ResidentSetSize of job (KB)
...
006 (452.171.000) 2022-04-05 10:53:56 Image size of job updated: 896308
	318  -  MemoryUsage of job (MB)
	325592  -  ResidentSetSize of job (KB)
...
006 (452.171.000) 2022-04-05 10:58:56 Image size of job updated: 896308
	319  -  MemoryUsage of job (MB)
	325724  -  ResidentSetSize of job (KB)
...
006 (452.171.000) 2022-04-05 11:03:56 Image size of job updated: 896308
	319  -  MemoryUsage of job (MB)
	325988  -  ResidentSetSize of job (KB)
...
006 (452.171.000) 2022-04-05 11:08:57 Image size of job updated: 896308
	319  -  MemoryUsage of job (MB)
	326120  -  ResidentSetSize of job (KB)
...
006 (452.171.000) 2022-04-05 11:13:58 Image size of job updated: 896308
	319  -  MemoryUsage of job (MB)
	326252  -  ResidentSetSize of job (KB)
...
006 (452.171.000) 2022-04-05 11:18:58 Image size of job updated: 896308
	319  -  MemoryUsage of job (MB)
	326384  -  ResidentSetSize of job (KB)
...
006 (452.171.000) 2022-04-05 11:23:59 Image size of job updated: 896308
	319  -  MemoryUsage of job (MB)
	326648  -  ResidentSetSize of job (KB)
...
006 (452.171.000) 2022-04-05 11:39:00 Image size of job updated: 896308
	320  -  MemoryUsage of job (MB)
	326912  -  ResidentSetSize of job (KB)
...
006 (452.171.000) 2022-04-05 11:44:01 Image size of job updated: 896308
	320  -  MemoryUsage of job (MB)
	327176  -  ResidentSetSize of job (KB)
...
006 (452.171.000) 2022-04-05 11:49:01 Image size of job updated: 896308
	320  -  MemoryUsage of job (MB)
	327308  -  ResidentSetSize of job (KB)
...
006 (452.171.000) 2022-04-05 11:54:01 Image size of job updated: 896308
	320  -  MemoryUsage of job (MB)
	327440  -  ResidentSetSize of job (KB)
...
006 (452.171.000) 2022-04-05 11:59:02 Image size of job updated: 896308
	321  -  MemoryUsage of job (MB)
	327704  -  ResidentSetSize of job (KB)
...
006 (452.171.000) 2022-04-05 12:04:03 Image size of job updated: 896308
	321  -  MemoryUsage of job (MB)
	327836  -  ResidentSetSize of job (KB)
...
006 (452.171.000) 2022-04-05 12:09:03 Image size of job updated: 896308
	321  -  MemoryUsage of job (MB)
	328100  -  ResidentSetSize of job (KB)
...
006 (452.171.000) 2022-04-05 12:14:04 Image size of job updated: 896308
	321  -  MemoryUsage of job (MB)
	328232  -  ResidentSetSize of job (KB)
...
006 (452.171.000) 2022-04-05 12:19:05 Image size of job updated: 896308
	321  -  MemoryUsage of job (MB)
	328364  -  ResidentSetSize of job (KB)
...
006 (452.171.000) 2022-04-05 12:24:05 Image size of job updated: 896308
	321  -  MemoryUsage of job (MB)
	328628  -  ResidentSetSize of job (KB)
...
006 (452.171.000) 2022-04-05 12:29:05 Image size of job updated: 896308
	322  -  MemoryUsage of job (MB)
	328892  -  ResidentSetSize of job (KB)
...
006 (452.171.000) 2022-04-05 12:34:06 Image size of job updated: 896308
	322  -  MemoryUsage of job (MB)
	329156  -  ResidentSetSize of job (KB)
...
005 (452.171.000) 2022-04-05 12:36:41 Job terminated.
	(1) Normal termination (return value 0)
		Usr 0 03:11:54, Sys 0 00:00:47  -  Run Remote Usage
		Usr 0 00:00:00, Sys 0 00:00:00  -  Run Local Usage
		Usr 0 03:11:54, Sys 0 00:00:47  -  Total Remote Usage
		Usr 0 00:00:00, Sys 0 00:00:00  -  Total Local Usage
	0  -  Run Bytes Sent By Job
	0  -  Run Bytes Received By Job
	0  -  Total Bytes Sent By Job
	0  -  Total Bytes Received By Job
	Partitionable Resources :    Usage  Request Allocated 
	   Cpus                 :     1.00        1         1 
	   Disk (KB)            :  7500        7500      9276 
	   Memory (MB)          :   322        1024      1024 

	Job terminated of its own accord at 2022-04-05T10:36:41Z with exit-code 0.
...
