000 (452.035.000) 2022-04-05 09:23:24 Job submitted from host: <10.18.24.243:9618?addrs=10.18.24.243-9618&alias=ecoclusts01.bioclust.biologie.ens.fr&noUDP&sock=schedd_1052_29b8>
...
001 (452.035.000) 2022-04-05 09:23:30 Job executing on host: <10.18.24.148:9618?addrs=10.18.24.148-9618&alias=dyoclust21.bioclust.biologie.ens.fr&noUDP&sock=startd_1062_05ab>
...
006 (452.035.000) 2022-04-05 09:23:38 Image size of job updated: 55176
	35  -  MemoryUsage of job (MB)
	35800  -  ResidentSetSize of job (KB)
...
006 (452.035.000) 2022-04-05 09:28:38 Image size of job updated: 741620
	317  -  MemoryUsage of job (MB)
	323684  -  ResidentSetSize of job (KB)
...
006 (452.035.000) 2022-04-05 09:38:40 Image size of job updated: 774388
	317  -  MemoryUsage of job (MB)
	323684  -  ResidentSetSize of job (KB)
...
006 (452.035.000) 2022-04-05 10:43:48 Image size of job updated: 774644
	317  -  MemoryUsage of job (MB)
	323684  -  ResidentSetSize of job (KB)
...
006 (452.035.000) 2022-04-05 10:48:48 Image size of job updated: 774644
	317  -  MemoryUsage of job (MB)
	323772  -  ResidentSetSize of job (KB)
...
006 (452.035.000) 2022-04-05 10:53:49 Image size of job updated: 774900
	317  -  MemoryUsage of job (MB)
	324036  -  ResidentSetSize of job (KB)
...
006 (452.035.000) 2022-04-05 10:58:50 Image size of job updated: 774900
	317  -  MemoryUsage of job (MB)
	324168  -  ResidentSetSize of job (KB)
...
006 (452.035.000) 2022-04-05 11:03:50 Image size of job updated: 775156
	317  -  MemoryUsage of job (MB)
	324168  -  ResidentSetSize of job (KB)
...
006 (452.035.000) 2022-04-05 11:08:50 Image size of job updated: 775156
	317  -  MemoryUsage of job (MB)
	324300  -  ResidentSetSize of job (KB)
...
006 (452.035.000) 2022-04-05 11:13:51 Image size of job updated: 775156
	317  -  MemoryUsage of job (MB)
	324432  -  ResidentSetSize of job (KB)
...
006 (452.035.000) 2022-04-05 11:18:51 Image size of job updated: 775412
	317  -  MemoryUsage of job (MB)
	324564  -  ResidentSetSize of job (KB)
...
006 (452.035.000) 2022-04-05 11:28:52 Image size of job updated: 775668
	318  -  MemoryUsage of job (MB)
	324696  -  ResidentSetSize of job (KB)
...
006 (452.035.000) 2022-04-05 11:33:52 Image size of job updated: 775668
	318  -  MemoryUsage of job (MB)
	324828  -  ResidentSetSize of job (KB)
...
006 (452.035.000) 2022-04-05 11:38:52 Image size of job updated: 775668
	318  -  MemoryUsage of job (MB)
	324960  -  ResidentSetSize of job (KB)
...
006 (452.035.000) 2022-04-05 11:43:54 Image size of job updated: 775924
	318  -  MemoryUsage of job (MB)
	325092  -  ResidentSetSize of job (KB)
...
006 (452.035.000) 2022-04-05 11:48:54 Image size of job updated: 775924
	318  -  MemoryUsage of job (MB)
	325224  -  ResidentSetSize of job (KB)
...
006 (452.035.000) 2022-04-05 11:53:54 Image size of job updated: 776180
	318  -  MemoryUsage of job (MB)
	325224  -  ResidentSetSize of job (KB)
...
006 (452.035.000) 2022-04-05 11:58:55 Image size of job updated: 776180
	318  -  MemoryUsage of job (MB)
	325356  -  ResidentSetSize of job (KB)
...
006 (452.035.000) 2022-04-05 12:03:55 Image size of job updated: 776180
	318  -  MemoryUsage of job (MB)
	325488  -  ResidentSetSize of job (KB)
...
006 (452.035.000) 2022-04-05 12:08:55 Image size of job updated: 776436
	318  -  MemoryUsage of job (MB)
	325620  -  ResidentSetSize of job (KB)
...
006 (452.035.000) 2022-04-05 12:13:56 Image size of job updated: 776436
	319  -  MemoryUsage of job (MB)
	325752  -  ResidentSetSize of job (KB)
...
006 (452.035.000) 2022-04-05 12:18:57 Image size of job updated: 776692
	319  -  MemoryUsage of job (MB)
	325752  -  ResidentSetSize of job (KB)
...
006 (452.035.000) 2022-04-05 12:23:57 Image size of job updated: 776692
	319  -  MemoryUsage of job (MB)
	325884  -  ResidentSetSize of job (KB)
...
006 (452.035.000) 2022-04-05 12:28:58 Image size of job updated: 776948
	319  -  MemoryUsage of job (MB)
	326016  -  ResidentSetSize of job (KB)
...
006 (452.035.000) 2022-04-05 12:33:59 Image size of job updated: 776948
	319  -  MemoryUsage of job (MB)
	326148  -  ResidentSetSize of job (KB)
...
006 (452.035.000) 2022-04-05 12:59:02 Image size of job updated: 777204
	319  -  MemoryUsage of job (MB)
	326280  -  ResidentSetSize of job (KB)
...
006 (452.035.000) 2022-04-05 13:09:03 Image size of job updated: 777204
	319  -  MemoryUsage of job (MB)
	326412  -  ResidentSetSize of job (KB)
...
006 (452.035.000) 2022-04-05 13:19:05 Image size of job updated: 777460
	319  -  MemoryUsage of job (MB)
	326544  -  ResidentSetSize of job (KB)
...
006 (452.035.000) 2022-04-05 13:24:05 Image size of job updated: 777460
	320  -  MemoryUsage of job (MB)
	326676  -  ResidentSetSize of job (KB)
...
006 (452.035.000) 2022-04-05 13:34:06 Image size of job updated: 777716
	320  -  MemoryUsage of job (MB)
	326808  -  ResidentSetSize of job (KB)
...
006 (452.035.000) 2022-04-05 13:39:07 Image size of job updated: 777716
	320  -  MemoryUsage of job (MB)
	326940  -  ResidentSetSize of job (KB)
...
006 (452.035.000) 2022-04-05 13:49:07 Image size of job updated: 777972
	320  -  MemoryUsage of job (MB)
	327072  -  ResidentSetSize of job (KB)
...
006 (452.035.000) 2022-04-05 13:59:08 Image size of job updated: 777972
	320  -  MemoryUsage of job (MB)
	327204  -  ResidentSetSize of job (KB)
...
006 (452.035.000) 2022-04-05 14:04:08 Image size of job updated: 778228
	320  -  MemoryUsage of job (MB)
	327336  -  ResidentSetSize of job (KB)
...
006 (452.035.000) 2022-04-05 14:14:10 Image size of job updated: 778228
	320  -  MemoryUsage of job (MB)
	327468  -  ResidentSetSize of job (KB)
...
006 (452.035.000) 2022-04-05 14:19:10 Image size of job updated: 778484
	320  -  MemoryUsage of job (MB)
	327600  -  ResidentSetSize of job (KB)
...
006 (452.035.000) 2022-04-05 14:24:11 Image size of job updated: 778484
	321  -  MemoryUsage of job (MB)
	327732  -  ResidentSetSize of job (KB)
...
006 (452.035.000) 2022-04-05 14:34:12 Image size of job updated: 778740
	321  -  MemoryUsage of job (MB)
	327864  -  ResidentSetSize of job (KB)
...
006 (452.035.000) 2022-04-05 14:39:12 Image size of job updated: 778740
	321  -  MemoryUsage of job (MB)
	327996  -  ResidentSetSize of job (KB)
...
006 (452.035.000) 2022-04-05 14:44:13 Image size of job updated: 778996
	321  -  MemoryUsage of job (MB)
	327996  -  ResidentSetSize of job (KB)
...
006 (452.035.000) 2022-04-05 14:49:13 Image size of job updated: 778996
	321  -  MemoryUsage of job (MB)
	328128  -  ResidentSetSize of job (KB)
...
006 (452.035.000) 2022-04-05 14:54:13 Image size of job updated: 778996
	321  -  MemoryUsage of job (MB)
	328260  -  ResidentSetSize of job (KB)
...
006 (452.035.000) 2022-04-05 14:59:15 Image size of job updated: 779252
	321  -  MemoryUsage of job (MB)
	328260  -  ResidentSetSize of job (KB)
...
006 (452.035.000) 2022-04-05 15:04:15 Image size of job updated: 779252
	321  -  MemoryUsage of job (MB)
	328392  -  ResidentSetSize of job (KB)
...
006 (452.035.000) 2022-04-05 15:14:16 Image size of job updated: 779252
	321  -  MemoryUsage of job (MB)
	328524  -  ResidentSetSize of job (KB)
...
006 (452.035.000) 2022-04-05 15:19:17 Image size of job updated: 779508
	321  -  MemoryUsage of job (MB)
	328656  -  ResidentSetSize of job (KB)
...
006 (452.035.000) 2022-04-05 15:29:18 Image size of job updated: 779508
	322  -  MemoryUsage of job (MB)
	328788  -  ResidentSetSize of job (KB)
...
006 (452.035.000) 2022-04-05 15:33:25 Image size of job updated: 779764
	322  -  MemoryUsage of job (MB)
	328788  -  ResidentSetSize of job (KB)
...
005 (452.035.000) 2022-04-05 15:33:25 Job terminated.
	(1) Normal termination (return value 0)
		Usr 0 06:08:24, Sys 0 00:01:02  -  Run Remote Usage
		Usr 0 00:00:00, Sys 0 00:00:00  -  Run Local Usage
		Usr 0 06:08:24, Sys 0 00:01:02  -  Total Remote Usage
		Usr 0 00:00:00, Sys 0 00:00:00  -  Total Local Usage
	0  -  Run Bytes Sent By Job
	0  -  Run Bytes Received By Job
	0  -  Total Bytes Sent By Job
	0  -  Total Bytes Received By Job
	Partitionable Resources :    Usage  Request Allocated 
	   Cpus                 :     1.00        1         1 
	   Disk (KB)            :  7500        7500     10998 
	   Memory (MB)          :   322        1024      1024 

	Job terminated of its own accord at 2022-04-05T13:33:25Z with exit-code 0.
...
