000 (452.778.000) 2022-04-05 09:23:27 Job submitted from host: <10.18.24.243:9618?addrs=10.18.24.243-9618&alias=ecoclusts01.bioclust.biologie.ens.fr&noUDP&sock=schedd_1052_29b8>
...
001 (452.778.000) 2022-04-05 23:10:51 Job executing on host: <10.18.24.142:9618?addrs=10.18.24.142-9618&alias=dyoclust15.bioclust.biologie.ens.fr&noUDP&sock=startd_768_5cd3>
...
006 (452.778.000) 2022-04-05 23:11:00 Image size of job updated: 255836
	250  -  MemoryUsage of job (MB)
	255836  -  ResidentSetSize of job (KB)
...
006 (452.778.000) 2022-04-05 23:16:01 Image size of job updated: 824548
	279  -  MemoryUsage of job (MB)
	285516  -  ResidentSetSize of job (KB)
...
006 (452.778.000) 2022-04-05 23:21:01 Image size of job updated: 824548
	317  -  MemoryUsage of job (MB)
	324428  -  ResidentSetSize of job (KB)
...
006 (452.778.000) 2022-04-06 00:16:06 Image size of job updated: 824548
	318  -  MemoryUsage of job (MB)
	324692  -  ResidentSetSize of job (KB)
...
006 (452.778.000) 2022-04-06 00:21:07 Image size of job updated: 824548
	318  -  MemoryUsage of job (MB)
	324824  -  ResidentSetSize of job (KB)
...
006 (452.778.000) 2022-04-06 00:26:09 Image size of job updated: 824548
	318  -  MemoryUsage of job (MB)
	324956  -  ResidentSetSize of job (KB)
...
006 (452.778.000) 2022-04-06 00:31:09 Image size of job updated: 824548
	318  -  MemoryUsage of job (MB)
	325220  -  ResidentSetSize of job (KB)
...
006 (452.778.000) 2022-04-06 00:36:10 Image size of job updated: 824548
	318  -  MemoryUsage of job (MB)
	325352  -  ResidentSetSize of job (KB)
...
006 (452.778.000) 2022-04-06 00:41:11 Image size of job updated: 824548
	318  -  MemoryUsage of job (MB)
	325484  -  ResidentSetSize of job (KB)
...
006 (452.778.000) 2022-04-06 00:46:11 Image size of job updated: 824548
	318  -  MemoryUsage of job (MB)
	325616  -  ResidentSetSize of job (KB)
...
006 (452.778.000) 2022-04-06 00:51:11 Image size of job updated: 824548
	319  -  MemoryUsage of job (MB)
	325880  -  ResidentSetSize of job (KB)
...
006 (452.778.000) 2022-04-06 00:56:12 Image size of job updated: 824548
	319  -  MemoryUsage of job (MB)
	326012  -  ResidentSetSize of job (KB)
...
006 (452.778.000) 2022-04-06 01:01:12 Image size of job updated: 824548
	319  -  MemoryUsage of job (MB)
	326144  -  ResidentSetSize of job (KB)
...
006 (452.778.000) 2022-04-06 01:06:12 Image size of job updated: 824548
	319  -  MemoryUsage of job (MB)
	326408  -  ResidentSetSize of job (KB)
...
006 (452.778.000) 2022-04-06 01:11:13 Image size of job updated: 824548
	319  -  MemoryUsage of job (MB)
	326540  -  ResidentSetSize of job (KB)
...
006 (452.778.000) 2022-04-06 01:21:14 Image size of job updated: 824548
	319  -  MemoryUsage of job (MB)
	326620  -  ResidentSetSize of job (KB)
...
006 (452.778.000) 2022-04-06 01:31:15 Image size of job updated: 824548
	320  -  MemoryUsage of job (MB)
	326884  -  ResidentSetSize of job (KB)
...
006 (452.778.000) 2022-04-06 01:36:15 Image size of job updated: 824548
	320  -  MemoryUsage of job (MB)
	327016  -  ResidentSetSize of job (KB)
...
006 (452.778.000) 2022-04-06 01:41:15 Image size of job updated: 824548
	320  -  MemoryUsage of job (MB)
	327148  -  ResidentSetSize of job (KB)
...
006 (452.778.000) 2022-04-06 01:46:16 Image size of job updated: 824548
	320  -  MemoryUsage of job (MB)
	327280  -  ResidentSetSize of job (KB)
...
006 (452.778.000) 2022-04-06 01:51:17 Image size of job updated: 824548
	320  -  MemoryUsage of job (MB)
	327412  -  ResidentSetSize of job (KB)
...
006 (452.778.000) 2022-04-06 01:56:17 Image size of job updated: 824548
	320  -  MemoryUsage of job (MB)
	327676  -  ResidentSetSize of job (KB)
...
006 (452.778.000) 2022-04-06 02:01:17 Image size of job updated: 824548
	321  -  MemoryUsage of job (MB)
	327808  -  ResidentSetSize of job (KB)
...
006 (452.778.000) 2022-04-06 02:06:19 Image size of job updated: 824548
	321  -  MemoryUsage of job (MB)
	327940  -  ResidentSetSize of job (KB)
...
006 (452.778.000) 2022-04-06 02:11:19 Image size of job updated: 824548
	321  -  MemoryUsage of job (MB)
	328204  -  ResidentSetSize of job (KB)
...
006 (452.778.000) 2022-04-06 02:16:19 Image size of job updated: 824548
	321  -  MemoryUsage of job (MB)
	328336  -  ResidentSetSize of job (KB)
...
006 (452.778.000) 2022-04-06 02:21:20 Image size of job updated: 824548
	321  -  MemoryUsage of job (MB)
	328468  -  ResidentSetSize of job (KB)
...
006 (452.778.000) 2022-04-06 02:26:21 Image size of job updated: 824548
	322  -  MemoryUsage of job (MB)
	328732  -  ResidentSetSize of job (KB)
...
006 (452.778.000) 2022-04-06 02:31:21 Image size of job updated: 824548
	322  -  MemoryUsage of job (MB)
	328864  -  ResidentSetSize of job (KB)
...
006 (452.778.000) 2022-04-06 02:36:21 Image size of job updated: 824548
	322  -  MemoryUsage of job (MB)
	329128  -  ResidentSetSize of job (KB)
...
006 (452.778.000) 2022-04-06 02:41:22 Image size of job updated: 824548
	322  -  MemoryUsage of job (MB)
	329260  -  ResidentSetSize of job (KB)
...
005 (452.778.000) 2022-04-06 02:42:13 Job terminated.
	(1) Normal termination (return value 0)
		Usr 0 03:29:27, Sys 0 00:00:29  -  Run Remote Usage
		Usr 0 00:00:00, Sys 0 00:00:00  -  Run Local Usage
		Usr 0 03:29:27, Sys 0 00:00:29  -  Total Remote Usage
		Usr 0 00:00:00, Sys 0 00:00:00  -  Total Local Usage
	0  -  Run Bytes Sent By Job
	0  -  Run Bytes Received By Job
	0  -  Total Bytes Sent By Job
	0  -  Total Bytes Received By Job
	Partitionable Resources :    Usage  Request Allocated 
	   Cpus                 :     1.00        1         1 
	   Disk (KB)            :  7500        7500     10998 
	   Memory (MB)          :   322        1024      1024 

	Job terminated of its own accord at 2022-04-06T00:42:13Z with exit-code 0.
...
