000 (452.464.000) 2022-04-05 09:23:26 Job submitted from host: <10.18.24.243:9618?addrs=10.18.24.243-9618&alias=ecoclusts01.bioclust.biologie.ens.fr&noUDP&sock=schedd_1052_29b8>
...
001 (452.464.000) 2022-04-05 16:13:10 Job executing on host: <10.18.24.176:9618?addrs=10.18.24.176-9618&alias=mcbsclust05.bioclust.biologie.ens.fr&noUDP&sock=startd_869_a3e3>
...
006 (452.464.000) 2022-04-05 16:13:18 Image size of job updated: 233404
	183  -  MemoryUsage of job (MB)
	186376  -  ResidentSetSize of job (KB)
...
006 (452.464.000) 2022-04-05 16:18:18 Image size of job updated: 741876
	317  -  MemoryUsage of job (MB)
	324248  -  ResidentSetSize of job (KB)
...
006 (452.464.000) 2022-04-05 16:23:18 Image size of job updated: 774644
	317  -  MemoryUsage of job (MB)
	324336  -  ResidentSetSize of job (KB)
...
006 (452.464.000) 2022-04-05 17:33:26 Image size of job updated: 774900
	317  -  MemoryUsage of job (MB)
	324468  -  ResidentSetSize of job (KB)
...
006 (452.464.000) 2022-04-05 17:38:27 Image size of job updated: 774900
	317  -  MemoryUsage of job (MB)
	324600  -  ResidentSetSize of job (KB)
...
006 (452.464.000) 2022-04-05 17:43:27 Image size of job updated: 775156
	317  -  MemoryUsage of job (MB)
	324600  -  ResidentSetSize of job (KB)
...
006 (452.464.000) 2022-04-05 17:48:27 Image size of job updated: 775156
	318  -  MemoryUsage of job (MB)
	324732  -  ResidentSetSize of job (KB)
...
006 (452.464.000) 2022-04-05 17:53:28 Image size of job updated: 775156
	318  -  MemoryUsage of job (MB)
	324864  -  ResidentSetSize of job (KB)
...
006 (452.464.000) 2022-04-05 17:58:29 Image size of job updated: 775412
	318  -  MemoryUsage of job (MB)
	324996  -  ResidentSetSize of job (KB)
...
006 (452.464.000) 2022-04-05 18:03:29 Image size of job updated: 775668
	318  -  MemoryUsage of job (MB)
	325128  -  ResidentSetSize of job (KB)
...
006 (452.464.000) 2022-04-05 18:08:30 Image size of job updated: 775668
	318  -  MemoryUsage of job (MB)
	325260  -  ResidentSetSize of job (KB)
...
006 (452.464.000) 2022-04-05 18:13:31 Image size of job updated: 775668
	318  -  MemoryUsage of job (MB)
	325392  -  ResidentSetSize of job (KB)
...
006 (452.464.000) 2022-04-05 18:18:31 Image size of job updated: 775924
	318  -  MemoryUsage of job (MB)
	325524  -  ResidentSetSize of job (KB)
...
006 (452.464.000) 2022-04-05 18:23:31 Image size of job updated: 775924
	319  -  MemoryUsage of job (MB)
	325656  -  ResidentSetSize of job (KB)
...
006 (452.464.000) 2022-04-05 18:28:32 Image size of job updated: 776180
	319  -  MemoryUsage of job (MB)
	325788  -  ResidentSetSize of job (KB)
...
006 (452.464.000) 2022-04-05 18:33:33 Image size of job updated: 776180
	319  -  MemoryUsage of job (MB)
	325920  -  ResidentSetSize of job (KB)
...
006 (452.464.000) 2022-04-05 18:38:33 Image size of job updated: 776436
	319  -  MemoryUsage of job (MB)
	325920  -  ResidentSetSize of job (KB)
...
006 (452.464.000) 2022-04-05 18:43:34 Image size of job updated: 776436
	319  -  MemoryUsage of job (MB)
	326184  -  ResidentSetSize of job (KB)
...
006 (452.464.000) 2022-04-05 18:48:35 Image size of job updated: 776692
	319  -  MemoryUsage of job (MB)
	326184  -  ResidentSetSize of job (KB)
...
006 (452.464.000) 2022-04-05 18:53:35 Image size of job updated: 776692
	319  -  MemoryUsage of job (MB)
	326316  -  ResidentSetSize of job (KB)
...
006 (452.464.000) 2022-04-05 18:58:35 Image size of job updated: 776948
	319  -  MemoryUsage of job (MB)
	326448  -  ResidentSetSize of job (KB)
...
006 (452.464.000) 2022-04-05 19:03:36 Image size of job updated: 776948
	319  -  MemoryUsage of job (MB)
	326580  -  ResidentSetSize of job (KB)
...
006 (452.464.000) 2022-04-05 19:23:39 Image size of job updated: 777204
	320  -  MemoryUsage of job (MB)
	326844  -  ResidentSetSize of job (KB)
...
006 (452.464.000) 2022-04-05 19:33:39 Image size of job updated: 777460
	320  -  MemoryUsage of job (MB)
	326976  -  ResidentSetSize of job (KB)
...
006 (452.464.000) 2022-04-05 19:38:40 Image size of job updated: 777460
	320  -  MemoryUsage of job (MB)
	327108  -  ResidentSetSize of job (KB)
...
006 (452.464.000) 2022-04-05 19:43:41 Image size of job updated: 777716
	320  -  MemoryUsage of job (MB)
	327240  -  ResidentSetSize of job (KB)
...
006 (452.464.000) 2022-04-05 19:48:41 Image size of job updated: 777716
	320  -  MemoryUsage of job (MB)
	327372  -  ResidentSetSize of job (KB)
...
006 (452.464.000) 2022-04-05 19:53:42 Image size of job updated: 777972
	320  -  MemoryUsage of job (MB)
	327504  -  ResidentSetSize of job (KB)
...
006 (452.464.000) 2022-04-05 20:03:43 Image size of job updated: 777972
	320  -  MemoryUsage of job (MB)
	327636  -  ResidentSetSize of job (KB)
...
006 (452.464.000) 2022-04-05 20:08:43 Image size of job updated: 778228
	321  -  MemoryUsage of job (MB)
	327768  -  ResidentSetSize of job (KB)
...
006 (452.464.000) 2022-04-05 20:13:44 Image size of job updated: 778228
	321  -  MemoryUsage of job (MB)
	327900  -  ResidentSetSize of job (KB)
...
006 (452.464.000) 2022-04-05 20:18:45 Image size of job updated: 778484
	321  -  MemoryUsage of job (MB)
	328032  -  ResidentSetSize of job (KB)
...
006 (452.464.000) 2022-04-05 20:23:45 Image size of job updated: 778484
	321  -  MemoryUsage of job (MB)
	328164  -  ResidentSetSize of job (KB)
...
006 (452.464.000) 2022-04-05 20:28:46 Image size of job updated: 778740
	321  -  MemoryUsage of job (MB)
	328164  -  ResidentSetSize of job (KB)
...
006 (452.464.000) 2022-04-05 20:33:47 Image size of job updated: 778740
	321  -  MemoryUsage of job (MB)
	328296  -  ResidentSetSize of job (KB)
...
006 (452.464.000) 2022-04-05 20:38:47 Image size of job updated: 778740
	321  -  MemoryUsage of job (MB)
	328428  -  ResidentSetSize of job (KB)
...
006 (452.464.000) 2022-04-05 20:43:47 Image size of job updated: 778996
	321  -  MemoryUsage of job (MB)
	328560  -  ResidentSetSize of job (KB)
...
006 (452.464.000) 2022-04-05 20:48:49 Image size of job updated: 778996
	321  -  MemoryUsage of job (MB)
	328692  -  ResidentSetSize of job (KB)
...
006 (452.464.000) 2022-04-05 20:53:49 Image size of job updated: 779252
	322  -  MemoryUsage of job (MB)
	328824  -  ResidentSetSize of job (KB)
...
006 (452.464.000) 2022-04-05 21:03:50 Image size of job updated: 779508
	322  -  MemoryUsage of job (MB)
	328956  -  ResidentSetSize of job (KB)
...
006 (452.464.000) 2022-04-05 21:08:51 Image size of job updated: 779508
	322  -  MemoryUsage of job (MB)
	329088  -  ResidentSetSize of job (KB)
...
006 (452.464.000) 2022-04-05 21:13:51 Image size of job updated: 779508
	322  -  MemoryUsage of job (MB)
	329220  -  ResidentSetSize of job (KB)
...
006 (452.464.000) 2022-04-05 21:16:27 Image size of job updated: 779764
	322  -  MemoryUsage of job (MB)
	329220  -  ResidentSetSize of job (KB)
...
005 (452.464.000) 2022-04-05 21:16:27 Job terminated.
	(1) Normal termination (return value 0)
		Usr 0 05:02:12, Sys 0 00:00:14  -  Run Remote Usage
		Usr 0 00:00:00, Sys 0 00:00:00  -  Run Local Usage
		Usr 0 05:02:12, Sys 0 00:00:14  -  Total Remote Usage
		Usr 0 00:00:00, Sys 0 00:00:00  -  Total Local Usage
	0  -  Run Bytes Sent By Job
	0  -  Run Bytes Received By Job
	0  -  Total Bytes Sent By Job
	0  -  Total Bytes Received By Job
	Partitionable Resources :    Usage  Request Allocated 
	   Cpus                 :     1.00        1         1 
	   Disk (KB)            :  7500        7500     11001 
	   Memory (MB)          :   322        1024      1024 

	Job terminated of its own accord at 2022-04-05T19:16:27Z with exit-code 0.
...
