000 (452.004.000) 2022-04-05 09:23:24 Job submitted from host: <10.18.24.243:9618?addrs=10.18.24.243-9618&alias=ecoclusts01.bioclust.biologie.ens.fr&noUDP&sock=schedd_1052_29b8>
...
001 (452.004.000) 2022-04-05 09:23:29 Job executing on host: <10.18.24.109:9618?addrs=10.18.24.109-9618&alias=ecoclust14.bioclust.biologie.ens.fr&noUDP&sock=startd_917_906f>
...
006 (452.004.000) 2022-04-05 09:23:37 Image size of job updated: 82712
	55  -  MemoryUsage of job (MB)
	56180  -  ResidentSetSize of job (KB)
...
006 (452.004.000) 2022-04-05 09:28:37 Image size of job updated: 741876
	317  -  MemoryUsage of job (MB)
	324308  -  ResidentSetSize of job (KB)
...
006 (452.004.000) 2022-04-05 09:38:39 Image size of job updated: 774644
	317  -  MemoryUsage of job (MB)
	324308  -  ResidentSetSize of job (KB)
...
006 (452.004.000) 2022-04-05 11:18:47 Image size of job updated: 774644
	317  -  MemoryUsage of job (MB)
	324396  -  ResidentSetSize of job (KB)
...
006 (452.004.000) 2022-04-05 11:23:48 Image size of job updated: 774900
	317  -  MemoryUsage of job (MB)
	324396  -  ResidentSetSize of job (KB)
...
006 (452.004.000) 2022-04-05 11:33:48 Image size of job updated: 774900
	317  -  MemoryUsage of job (MB)
	324528  -  ResidentSetSize of job (KB)
...
006 (452.004.000) 2022-04-05 11:43:50 Image size of job updated: 775156
	318  -  MemoryUsage of job (MB)
	324660  -  ResidentSetSize of job (KB)
...
006 (452.004.000) 2022-04-05 11:48:50 Image size of job updated: 775156
	318  -  MemoryUsage of job (MB)
	324792  -  ResidentSetSize of job (KB)
...
006 (452.004.000) 2022-04-05 11:58:52 Image size of job updated: 775156
	318  -  MemoryUsage of job (MB)
	324924  -  ResidentSetSize of job (KB)
...
006 (452.004.000) 2022-04-05 12:03:52 Image size of job updated: 775412
	318  -  MemoryUsage of job (MB)
	324924  -  ResidentSetSize of job (KB)
...
006 (452.004.000) 2022-04-05 12:08:52 Image size of job updated: 775412
	318  -  MemoryUsage of job (MB)
	325056  -  ResidentSetSize of job (KB)
...
006 (452.004.000) 2022-04-05 12:18:53 Image size of job updated: 775668
	318  -  MemoryUsage of job (MB)
	325188  -  ResidentSetSize of job (KB)
...
006 (452.004.000) 2022-04-05 12:28:55 Image size of job updated: 775668
	318  -  MemoryUsage of job (MB)
	325320  -  ResidentSetSize of job (KB)
...
006 (452.004.000) 2022-04-05 12:33:55 Image size of job updated: 775668
	318  -  MemoryUsage of job (MB)
	325452  -  ResidentSetSize of job (KB)
...
006 (452.004.000) 2022-04-05 12:38:56 Image size of job updated: 775924
	318  -  MemoryUsage of job (MB)
	325452  -  ResidentSetSize of job (KB)
...
006 (452.004.000) 2022-04-05 12:48:57 Image size of job updated: 775924
	318  -  MemoryUsage of job (MB)
	325584  -  ResidentSetSize of job (KB)
...
006 (452.004.000) 2022-04-05 12:53:57 Image size of job updated: 776180
	319  -  MemoryUsage of job (MB)
	325716  -  ResidentSetSize of job (KB)
...
006 (452.004.000) 2022-04-05 13:03:58 Image size of job updated: 776180
	319  -  MemoryUsage of job (MB)
	325848  -  ResidentSetSize of job (KB)
...
006 (452.004.000) 2022-04-05 13:08:58 Image size of job updated: 776436
	319  -  MemoryUsage of job (MB)
	325980  -  ResidentSetSize of job (KB)
...
006 (452.004.000) 2022-04-05 13:18:59 Image size of job updated: 776436
	319  -  MemoryUsage of job (MB)
	326112  -  ResidentSetSize of job (KB)
...
006 (452.004.000) 2022-04-05 13:29:00 Image size of job updated: 776692
	319  -  MemoryUsage of job (MB)
	326244  -  ResidentSetSize of job (KB)
...
006 (452.004.000) 2022-04-05 13:39:01 Image size of job updated: 776692
	319  -  MemoryUsage of job (MB)
	326376  -  ResidentSetSize of job (KB)
...
006 (452.004.000) 2022-04-05 13:49:03 Image size of job updated: 776948
	319  -  MemoryUsage of job (MB)
	326508  -  ResidentSetSize of job (KB)
...
006 (452.004.000) 2022-04-05 13:59:03 Image size of job updated: 776948
	319  -  MemoryUsage of job (MB)
	326640  -  ResidentSetSize of job (KB)
...
006 (452.004.000) 2022-04-05 14:34:06 Image size of job updated: 777204
	320  -  MemoryUsage of job (MB)
	326736  -  ResidentSetSize of job (KB)
...
006 (452.004.000) 2022-04-05 14:44:08 Image size of job updated: 777204
	320  -  MemoryUsage of job (MB)
	326868  -  ResidentSetSize of job (KB)
...
006 (452.004.000) 2022-04-05 14:54:09 Image size of job updated: 777460
	320  -  MemoryUsage of job (MB)
	327000  -  ResidentSetSize of job (KB)
...
006 (452.004.000) 2022-04-05 15:04:10 Image size of job updated: 777460
	320  -  MemoryUsage of job (MB)
	327132  -  ResidentSetSize of job (KB)
...
006 (452.004.000) 2022-04-05 15:14:12 Image size of job updated: 777716
	320  -  MemoryUsage of job (MB)
	327264  -  ResidentSetSize of job (KB)
...
006 (452.004.000) 2022-04-05 15:24:12 Image size of job updated: 777716
	320  -  MemoryUsage of job (MB)
	327396  -  ResidentSetSize of job (KB)
...
006 (452.004.000) 2022-04-05 15:34:14 Image size of job updated: 777972
	320  -  MemoryUsage of job (MB)
	327528  -  ResidentSetSize of job (KB)
...
006 (452.004.000) 2022-04-05 15:44:15 Image size of job updated: 777972
	320  -  MemoryUsage of job (MB)
	327660  -  ResidentSetSize of job (KB)
...
006 (452.004.000) 2022-04-05 15:54:16 Image size of job updated: 778228
	321  -  MemoryUsage of job (MB)
	327792  -  ResidentSetSize of job (KB)
...
006 (452.004.000) 2022-04-05 16:04:17 Image size of job updated: 778228
	321  -  MemoryUsage of job (MB)
	327924  -  ResidentSetSize of job (KB)
...
006 (452.004.000) 2022-04-05 16:14:17 Image size of job updated: 778484
	321  -  MemoryUsage of job (MB)
	327924  -  ResidentSetSize of job (KB)
...
006 (452.004.000) 2022-04-05 16:19:18 Image size of job updated: 778484
	321  -  MemoryUsage of job (MB)
	328056  -  ResidentSetSize of job (KB)
...
006 (452.004.000) 2022-04-05 16:24:19 Image size of job updated: 778484
	321  -  MemoryUsage of job (MB)
	328188  -  ResidentSetSize of job (KB)
...
006 (452.004.000) 2022-04-05 16:34:20 Image size of job updated: 778740
	321  -  MemoryUsage of job (MB)
	328188  -  ResidentSetSize of job (KB)
...
006 (452.004.000) 2022-04-05 16:39:21 Image size of job updated: 778740
	321  -  MemoryUsage of job (MB)
	328320  -  ResidentSetSize of job (KB)
...
006 (452.004.000) 2022-04-05 16:49:21 Image size of job updated: 778740
	321  -  MemoryUsage of job (MB)
	328452  -  ResidentSetSize of job (KB)
...
006 (452.004.000) 2022-04-05 16:54:22 Image size of job updated: 778996
	321  -  MemoryUsage of job (MB)
	328452  -  ResidentSetSize of job (KB)
...
006 (452.004.000) 2022-04-05 16:59:23 Image size of job updated: 778996
	321  -  MemoryUsage of job (MB)
	328584  -  ResidentSetSize of job (KB)
...
006 (452.004.000) 2022-04-05 17:09:24 Image size of job updated: 778996
	322  -  MemoryUsage of job (MB)
	328716  -  ResidentSetSize of job (KB)
...
006 (452.004.000) 2022-04-05 17:14:25 Image size of job updated: 779252
	322  -  MemoryUsage of job (MB)
	328716  -  ResidentSetSize of job (KB)
...
006 (452.004.000) 2022-04-05 17:19:25 Image size of job updated: 779252
	322  -  MemoryUsage of job (MB)
	328848  -  ResidentSetSize of job (KB)
...
006 (452.004.000) 2022-04-05 17:29:27 Image size of job updated: 779252
	322  -  MemoryUsage of job (MB)
	328980  -  ResidentSetSize of job (KB)
...
006 (452.004.000) 2022-04-05 17:34:27 Image size of job updated: 779508
	322  -  MemoryUsage of job (MB)
	328980  -  ResidentSetSize of job (KB)
...
006 (452.004.000) 2022-04-05 17:39:27 Image size of job updated: 779508
	322  -  MemoryUsage of job (MB)
	329112  -  ResidentSetSize of job (KB)
...
006 (452.004.000) 2022-04-05 17:49:29 Image size of job updated: 779508
	322  -  MemoryUsage of job (MB)
	329244  -  ResidentSetSize of job (KB)
...
006 (452.004.000) 2022-04-05 17:53:46 Image size of job updated: 779764
	322  -  MemoryUsage of job (MB)
	329244  -  ResidentSetSize of job (KB)
...
005 (452.004.000) 2022-04-05 17:53:46 Job terminated.
	(1) Normal termination (return value 0)
		Usr 0 08:25:42, Sys 0 00:00:36  -  Run Remote Usage
		Usr 0 00:00:00, Sys 0 00:00:00  -  Run Local Usage
		Usr 0 08:25:42, Sys 0 00:00:36  -  Total Remote Usage
		Usr 0 00:00:00, Sys 0 00:00:00  -  Total Local Usage
	0  -  Run Bytes Sent By Job
	0  -  Run Bytes Received By Job
	0  -  Total Bytes Sent By Job
	0  -  Total Bytes Received By Job
	Partitionable Resources :    Usage  Request Allocated 
	   Cpus                 :     1.00        1         1 
	   Disk (KB)            :  7500        7500     10998 
	   Memory (MB)          :   322        1024      1024 

	Job terminated of its own accord at 2022-04-05T15:53:46Z with exit-code 0.
...
