000 (452.836.000) 2022-04-05 09:23:27 Job submitted from host: <10.18.24.243:9618?addrs=10.18.24.243-9618&alias=ecoclusts01.bioclust.biologie.ens.fr&noUDP&sock=schedd_1052_29b8>
...
001 (452.836.000) 2022-04-06 00:39:53 Job executing on host: <10.18.24.133:9618?addrs=10.18.24.133-9618&alias=dyoclust06.bioclust.biologie.ens.fr&noUDP&sock=startd_804_0e3b>
...
006 (452.836.000) 2022-04-06 00:40:02 Image size of job updated: 70460
	67  -  MemoryUsage of job (MB)
	68440  -  ResidentSetSize of job (KB)
...
006 (452.836.000) 2022-04-06 00:45:02 Image size of job updated: 741624
	317  -  MemoryUsage of job (MB)
	324092  -  ResidentSetSize of job (KB)
...
006 (452.836.000) 2022-04-06 00:50:02 Image size of job updated: 774392
	317  -  MemoryUsage of job (MB)
	324092  -  ResidentSetSize of job (KB)
...
006 (452.836.000) 2022-04-06 01:40:07 Image size of job updated: 774648
	317  -  MemoryUsage of job (MB)
	324224  -  ResidentSetSize of job (KB)
...
006 (452.836.000) 2022-04-06 01:45:07 Image size of job updated: 774904
	317  -  MemoryUsage of job (MB)
	324356  -  ResidentSetSize of job (KB)
...
006 (452.836.000) 2022-04-06 01:50:08 Image size of job updated: 774904
	317  -  MemoryUsage of job (MB)
	324488  -  ResidentSetSize of job (KB)
...
006 (452.836.000) 2022-04-06 01:55:08 Image size of job updated: 775160
	318  -  MemoryUsage of job (MB)
	324620  -  ResidentSetSize of job (KB)
...
006 (452.836.000) 2022-04-06 02:00:08 Image size of job updated: 775160
	318  -  MemoryUsage of job (MB)
	324752  -  ResidentSetSize of job (KB)
...
006 (452.836.000) 2022-04-06 02:05:09 Image size of job updated: 775416
	318  -  MemoryUsage of job (MB)
	325016  -  ResidentSetSize of job (KB)
...
006 (452.836.000) 2022-04-06 02:10:10 Image size of job updated: 775672
	318  -  MemoryUsage of job (MB)
	325148  -  ResidentSetSize of job (KB)
...
006 (452.836.000) 2022-04-06 02:15:10 Image size of job updated: 775672
	318  -  MemoryUsage of job (MB)
	325280  -  ResidentSetSize of job (KB)
...
006 (452.836.000) 2022-04-06 02:20:10 Image size of job updated: 775928
	318  -  MemoryUsage of job (MB)
	325412  -  ResidentSetSize of job (KB)
...
006 (452.836.000) 2022-04-06 02:25:11 Image size of job updated: 775928
	319  -  MemoryUsage of job (MB)
	325676  -  ResidentSetSize of job (KB)
...
006 (452.836.000) 2022-04-06 02:30:11 Image size of job updated: 776184
	319  -  MemoryUsage of job (MB)
	325808  -  ResidentSetSize of job (KB)
...
006 (452.836.000) 2022-04-06 02:35:11 Image size of job updated: 776440
	319  -  MemoryUsage of job (MB)
	325940  -  ResidentSetSize of job (KB)
...
006 (452.836.000) 2022-04-06 02:40:12 Image size of job updated: 776696
	319  -  MemoryUsage of job (MB)
	326204  -  ResidentSetSize of job (KB)
...
006 (452.836.000) 2022-04-06 02:45:13 Image size of job updated: 776696
	319  -  MemoryUsage of job (MB)
	326336  -  ResidentSetSize of job (KB)
...
006 (452.836.000) 2022-04-06 02:50:13 Image size of job updated: 776952
	319  -  MemoryUsage of job (MB)
	326600  -  ResidentSetSize of job (KB)
...
006 (452.836.000) 2022-04-06 03:05:15 Image size of job updated: 777208
	320  -  MemoryUsage of job (MB)
	326720  -  ResidentSetSize of job (KB)
...
006 (452.836.000) 2022-04-06 03:10:15 Image size of job updated: 777208
	320  -  MemoryUsage of job (MB)
	326852  -  ResidentSetSize of job (KB)
...
006 (452.836.000) 2022-04-06 03:15:16 Image size of job updated: 777464
	320  -  MemoryUsage of job (MB)
	326984  -  ResidentSetSize of job (KB)
...
006 (452.836.000) 2022-04-06 03:20:17 Image size of job updated: 777720
	320  -  MemoryUsage of job (MB)
	327248  -  ResidentSetSize of job (KB)
...
006 (452.836.000) 2022-04-06 03:25:17 Image size of job updated: 777720
	320  -  MemoryUsage of job (MB)
	327380  -  ResidentSetSize of job (KB)
...
006 (452.836.000) 2022-04-06 03:30:18 Image size of job updated: 777976
	320  -  MemoryUsage of job (MB)
	327512  -  ResidentSetSize of job (KB)
...
006 (452.836.000) 2022-04-06 03:35:19 Image size of job updated: 777976
	320  -  MemoryUsage of job (MB)
	327644  -  ResidentSetSize of job (KB)
...
006 (452.836.000) 2022-04-06 03:40:19 Image size of job updated: 778232
	321  -  MemoryUsage of job (MB)
	327908  -  ResidentSetSize of job (KB)
...
006 (452.836.000) 2022-04-06 03:45:19 Image size of job updated: 778488
	321  -  MemoryUsage of job (MB)
	328040  -  ResidentSetSize of job (KB)
...
006 (452.836.000) 2022-04-06 03:50:20 Image size of job updated: 778488
	321  -  MemoryUsage of job (MB)
	328172  -  ResidentSetSize of job (KB)
...
006 (452.836.000) 2022-04-06 03:55:21 Image size of job updated: 778744
	321  -  MemoryUsage of job (MB)
	328304  -  ResidentSetSize of job (KB)
...
006 (452.836.000) 2022-04-06 04:00:21 Image size of job updated: 779000
	321  -  MemoryUsage of job (MB)
	328436  -  ResidentSetSize of job (KB)
...
006 (452.836.000) 2022-04-06 04:05:22 Image size of job updated: 779000
	321  -  MemoryUsage of job (MB)
	328700  -  ResidentSetSize of job (KB)
...
006 (452.836.000) 2022-04-06 04:10:23 Image size of job updated: 779256
	322  -  MemoryUsage of job (MB)
	328832  -  ResidentSetSize of job (KB)
...
006 (452.836.000) 2022-04-06 04:15:23 Image size of job updated: 779256
	322  -  MemoryUsage of job (MB)
	328964  -  ResidentSetSize of job (KB)
...
006 (452.836.000) 2022-04-06 04:20:23 Image size of job updated: 779512
	322  -  MemoryUsage of job (MB)
	329096  -  ResidentSetSize of job (KB)
...
006 (452.836.000) 2022-04-06 04:24:39 Image size of job updated: 779768
	322  -  MemoryUsage of job (MB)
	329096  -  ResidentSetSize of job (KB)
...
005 (452.836.000) 2022-04-06 04:24:39 Job terminated.
	(1) Normal termination (return value 0)
		Usr 0 03:43:25, Sys 0 00:00:29  -  Run Remote Usage
		Usr 0 00:00:00, Sys 0 00:00:00  -  Run Local Usage
		Usr 0 03:43:25, Sys 0 00:00:29  -  Total Remote Usage
		Usr 0 00:00:00, Sys 0 00:00:00  -  Total Local Usage
	0  -  Run Bytes Sent By Job
	0  -  Run Bytes Received By Job
	0  -  Total Bytes Sent By Job
	0  -  Total Bytes Received By Job
	Partitionable Resources :    Usage  Request Allocated 
	   Cpus                 :     1.00        1         1 
	   Disk (KB)            :  7500        7500     10015 
	   Memory (MB)          :   322        1024      1024 

	Job terminated of its own accord at 2022-04-06T02:24:39Z with exit-code 0.
...
