000 (452.114.000) 2022-04-05 09:23:24 Job submitted from host: <10.18.24.243:9618?addrs=10.18.24.243-9618&alias=ecoclusts01.bioclust.biologie.ens.fr&noUDP&sock=schedd_1052_29b8>
...
001 (452.114.000) 2022-04-05 09:23:33 Job executing on host: <10.18.24.31:9618?addrs=10.18.24.31-9618&alias=bioclust31.bioclust.biologie.ens.fr&noUDP&sock=startd_2248324_d5bc>
...
006 (452.114.000) 2022-04-05 09:23:42 Image size of job updated: 301200
	70  -  MemoryUsage of job (MB)
	71660  -  ResidentSetSize of job (KB)
...
006 (452.114.000) 2022-04-05 09:28:43 Image size of job updated: 777764
	317  -  MemoryUsage of job (MB)
	324120  -  ResidentSetSize of job (KB)
...
006 (452.114.000) 2022-04-05 10:28:49 Image size of job updated: 777764
	317  -  MemoryUsage of job (MB)
	324252  -  ResidentSetSize of job (KB)
...
006 (452.114.000) 2022-04-05 10:33:50 Image size of job updated: 777764
	317  -  MemoryUsage of job (MB)
	324384  -  ResidentSetSize of job (KB)
...
006 (452.114.000) 2022-04-05 10:38:51 Image size of job updated: 777764
	317  -  MemoryUsage of job (MB)
	324516  -  ResidentSetSize of job (KB)
...
006 (452.114.000) 2022-04-05 10:43:51 Image size of job updated: 777764
	318  -  MemoryUsage of job (MB)
	324648  -  ResidentSetSize of job (KB)
...
006 (452.114.000) 2022-04-05 10:48:51 Image size of job updated: 777764
	318  -  MemoryUsage of job (MB)
	324780  -  ResidentSetSize of job (KB)
...
006 (452.114.000) 2022-04-05 10:53:52 Image size of job updated: 777764
	318  -  MemoryUsage of job (MB)
	324912  -  ResidentSetSize of job (KB)
...
006 (452.114.000) 2022-04-05 10:58:53 Image size of job updated: 777764
	318  -  MemoryUsage of job (MB)
	325176  -  ResidentSetSize of job (KB)
...
006 (452.114.000) 2022-04-05 11:03:53 Image size of job updated: 777764
	318  -  MemoryUsage of job (MB)
	325308  -  ResidentSetSize of job (KB)
...
006 (452.114.000) 2022-04-05 11:08:54 Image size of job updated: 777764
	318  -  MemoryUsage of job (MB)
	325440  -  ResidentSetSize of job (KB)
...
006 (452.114.000) 2022-04-05 11:13:55 Image size of job updated: 777764
	318  -  MemoryUsage of job (MB)
	325572  -  ResidentSetSize of job (KB)
...
006 (452.114.000) 2022-04-05 11:18:55 Image size of job updated: 777764
	319  -  MemoryUsage of job (MB)
	325704  -  ResidentSetSize of job (KB)
...
006 (452.114.000) 2022-04-05 11:23:55 Image size of job updated: 777764
	319  -  MemoryUsage of job (MB)
	325968  -  ResidentSetSize of job (KB)
...
006 (452.114.000) 2022-04-05 11:28:56 Image size of job updated: 777764
	319  -  MemoryUsage of job (MB)
	326100  -  ResidentSetSize of job (KB)
...
006 (452.114.000) 2022-04-05 11:33:56 Image size of job updated: 777764
	319  -  MemoryUsage of job (MB)
	326232  -  ResidentSetSize of job (KB)
...
006 (452.114.000) 2022-04-05 11:38:56 Image size of job updated: 777764
	319  -  MemoryUsage of job (MB)
	326364  -  ResidentSetSize of job (KB)
...
006 (452.114.000) 2022-04-05 11:53:58 Image size of job updated: 777764
	319  -  MemoryUsage of job (MB)
	326496  -  ResidentSetSize of job (KB)
...
006 (452.114.000) 2022-04-05 11:58:59 Image size of job updated: 777764
	319  -  MemoryUsage of job (MB)
	326628  -  ResidentSetSize of job (KB)
...
006 (452.114.000) 2022-04-05 12:04:00 Image size of job updated: 777764
	320  -  MemoryUsage of job (MB)
	326760  -  ResidentSetSize of job (KB)
...
006 (452.114.000) 2022-04-05 12:09:00 Image size of job updated: 777764
	320  -  MemoryUsage of job (MB)
	326892  -  ResidentSetSize of job (KB)
...
006 (452.114.000) 2022-04-05 12:14:00 Image size of job updated: 777764
	320  -  MemoryUsage of job (MB)
	327024  -  ResidentSetSize of job (KB)
...
006 (452.114.000) 2022-04-05 12:19:01 Image size of job updated: 777764
	320  -  MemoryUsage of job (MB)
	327156  -  ResidentSetSize of job (KB)
...
006 (452.114.000) 2022-04-05 12:24:01 Image size of job updated: 777976
	320  -  MemoryUsage of job (MB)
	327288  -  ResidentSetSize of job (KB)
...
006 (452.114.000) 2022-04-05 12:29:01 Image size of job updated: 777976
	320  -  MemoryUsage of job (MB)
	327420  -  ResidentSetSize of job (KB)
...
006 (452.114.000) 2022-04-05 12:34:03 Image size of job updated: 778232
	320  -  MemoryUsage of job (MB)
	327552  -  ResidentSetSize of job (KB)
...
006 (452.114.000) 2022-04-05 12:39:03 Image size of job updated: 778488
	321  -  MemoryUsage of job (MB)
	327684  -  ResidentSetSize of job (KB)
...
006 (452.114.000) 2022-04-05 12:44:03 Image size of job updated: 778488
	321  -  MemoryUsage of job (MB)
	327816  -  ResidentSetSize of job (KB)
...
006 (452.114.000) 2022-04-05 12:49:04 Image size of job updated: 778744
	321  -  MemoryUsage of job (MB)
	328212  -  ResidentSetSize of job (KB)
...
006 (452.114.000) 2022-04-05 12:54:05 Image size of job updated: 779256
	321  -  MemoryUsage of job (MB)
	328476  -  ResidentSetSize of job (KB)
...
006 (452.114.000) 2022-04-05 12:59:05 Image size of job updated: 779512
	322  -  MemoryUsage of job (MB)
	328740  -  ResidentSetSize of job (KB)
...
006 (452.114.000) 2022-04-05 13:04:06 Image size of job updated: 779768
	322  -  MemoryUsage of job (MB)
	329004  -  ResidentSetSize of job (KB)
...
005 (452.114.000) 2022-04-05 13:04:14 Job terminated.
	(1) Normal termination (return value 0)
		Usr 0 03:39:27, Sys 0 00:00:55  -  Run Remote Usage
		Usr 0 00:00:00, Sys 0 00:00:00  -  Run Local Usage
		Usr 0 03:39:27, Sys 0 00:00:55  -  Total Remote Usage
		Usr 0 00:00:00, Sys 0 00:00:00  -  Total Local Usage
	0  -  Run Bytes Sent By Job
	0  -  Run Bytes Received By Job
	0  -  Total Bytes Sent By Job
	0  -  Total Bytes Received By Job
	Partitionable Resources :    Usage  Request Allocated 
	   Cpus                 :     1.00        1         1 
	   Disk (KB)            :  7500        7500      9276 
	   Memory (MB)          :   322        1024      1024 

	Job terminated of its own accord at 2022-04-05T11:04:14Z with exit-code 0.
...
