000 (452.360.000) 2022-04-05 09:23:25 Job submitted from host: <10.18.24.243:9618?addrs=10.18.24.243-9618&alias=ecoclusts01.bioclust.biologie.ens.fr&noUDP&sock=schedd_1052_29b8>
...
001 (452.360.000) 2022-04-05 13:02:00 Job executing on host: <10.18.24.146:9618?addrs=10.18.24.146-9618&alias=dyoclust19.bioclust.biologie.ens.fr&noUDP&sock=startd_1039_3efd>
...
006 (452.360.000) 2022-04-05 13:02:09 Image size of job updated: 319784
	96  -  MemoryUsage of job (MB)
	97396  -  ResidentSetSize of job (KB)
...
006 (452.360.000) 2022-04-05 13:07:10 Image size of job updated: 741876
	317  -  MemoryUsage of job (MB)
	324344  -  ResidentSetSize of job (KB)
...
006 (452.360.000) 2022-04-05 13:12:10 Image size of job updated: 774644
	317  -  MemoryUsage of job (MB)
	324344  -  ResidentSetSize of job (KB)
...
006 (452.360.000) 2022-04-05 14:02:15 Image size of job updated: 774900
	317  -  MemoryUsage of job (MB)
	324476  -  ResidentSetSize of job (KB)
...
006 (452.360.000) 2022-04-05 14:07:16 Image size of job updated: 774900
	317  -  MemoryUsage of job (MB)
	324608  -  ResidentSetSize of job (KB)
...
006 (452.360.000) 2022-04-05 14:12:17 Image size of job updated: 775156
	318  -  MemoryUsage of job (MB)
	324740  -  ResidentSetSize of job (KB)
...
006 (452.360.000) 2022-04-05 14:17:17 Image size of job updated: 775156
	318  -  MemoryUsage of job (MB)
	324872  -  ResidentSetSize of job (KB)
...
006 (452.360.000) 2022-04-05 14:22:18 Image size of job updated: 775412
	318  -  MemoryUsage of job (MB)
	325004  -  ResidentSetSize of job (KB)
...
006 (452.360.000) 2022-04-05 14:27:19 Image size of job updated: 775668
	318  -  MemoryUsage of job (MB)
	325136  -  ResidentSetSize of job (KB)
...
006 (452.360.000) 2022-04-05 14:32:19 Image size of job updated: 775668
	318  -  MemoryUsage of job (MB)
	325268  -  ResidentSetSize of job (KB)
...
006 (452.360.000) 2022-04-05 14:37:20 Image size of job updated: 775668
	318  -  MemoryUsage of job (MB)
	325400  -  ResidentSetSize of job (KB)
...
006 (452.360.000) 2022-04-05 14:42:21 Image size of job updated: 775924
	318  -  MemoryUsage of job (MB)
	325532  -  ResidentSetSize of job (KB)
...
006 (452.360.000) 2022-04-05 14:47:21 Image size of job updated: 776180
	319  -  MemoryUsage of job (MB)
	325664  -  ResidentSetSize of job (KB)
...
006 (452.360.000) 2022-04-05 14:52:21 Image size of job updated: 776180
	319  -  MemoryUsage of job (MB)
	325796  -  ResidentSetSize of job (KB)
...
006 (452.360.000) 2022-04-05 14:57:22 Image size of job updated: 776436
	319  -  MemoryUsage of job (MB)
	326060  -  ResidentSetSize of job (KB)
...
006 (452.360.000) 2022-04-05 15:02:22 Image size of job updated: 776436
	319  -  MemoryUsage of job (MB)
	326192  -  ResidentSetSize of job (KB)
...
006 (452.360.000) 2022-04-05 15:07:22 Image size of job updated: 776692
	319  -  MemoryUsage of job (MB)
	326324  -  ResidentSetSize of job (KB)
...
006 (452.360.000) 2022-04-05 15:12:23 Image size of job updated: 776948
	319  -  MemoryUsage of job (MB)
	326456  -  ResidentSetSize of job (KB)
...
006 (452.360.000) 2022-04-05 15:17:24 Image size of job updated: 776948
	319  -  MemoryUsage of job (MB)
	326588  -  ResidentSetSize of job (KB)
...
006 (452.360.000) 2022-04-05 15:32:26 Image size of job updated: 777204
	320  -  MemoryUsage of job (MB)
	326720  -  ResidentSetSize of job (KB)
...
006 (452.360.000) 2022-04-05 15:37:26 Image size of job updated: 777204
	320  -  MemoryUsage of job (MB)
	326852  -  ResidentSetSize of job (KB)
...
006 (452.360.000) 2022-04-05 15:42:26 Image size of job updated: 777460
	320  -  MemoryUsage of job (MB)
	326984  -  ResidentSetSize of job (KB)
...
006 (452.360.000) 2022-04-05 15:47:27 Image size of job updated: 777460
	320  -  MemoryUsage of job (MB)
	327116  -  ResidentSetSize of job (KB)
...
006 (452.360.000) 2022-04-05 15:52:27 Image size of job updated: 777716
	320  -  MemoryUsage of job (MB)
	327248  -  ResidentSetSize of job (KB)
...
006 (452.360.000) 2022-04-05 15:57:27 Image size of job updated: 777716
	320  -  MemoryUsage of job (MB)
	327380  -  ResidentSetSize of job (KB)
...
006 (452.360.000) 2022-04-05 16:02:28 Image size of job updated: 777972
	320  -  MemoryUsage of job (MB)
	327512  -  ResidentSetSize of job (KB)
...
006 (452.360.000) 2022-04-05 16:07:28 Image size of job updated: 777972
	320  -  MemoryUsage of job (MB)
	327644  -  ResidentSetSize of job (KB)
...
006 (452.360.000) 2022-04-05 16:12:28 Image size of job updated: 778228
	321  -  MemoryUsage of job (MB)
	327776  -  ResidentSetSize of job (KB)
...
006 (452.360.000) 2022-04-05 16:17:29 Image size of job updated: 778228
	321  -  MemoryUsage of job (MB)
	327908  -  ResidentSetSize of job (KB)
...
006 (452.360.000) 2022-04-05 16:22:30 Image size of job updated: 778484
	321  -  MemoryUsage of job (MB)
	328040  -  ResidentSetSize of job (KB)
...
006 (452.360.000) 2022-04-05 16:27:30 Image size of job updated: 778484
	321  -  MemoryUsage of job (MB)
	328172  -  ResidentSetSize of job (KB)
...
006 (452.360.000) 2022-04-05 16:32:31 Image size of job updated: 778740
	321  -  MemoryUsage of job (MB)
	328304  -  ResidentSetSize of job (KB)
...
006 (452.360.000) 2022-04-05 16:37:32 Image size of job updated: 778996
	321  -  MemoryUsage of job (MB)
	328436  -  ResidentSetSize of job (KB)
...
006 (452.360.000) 2022-04-05 16:42:32 Image size of job updated: 778996
	321  -  MemoryUsage of job (MB)
	328700  -  ResidentSetSize of job (KB)
...
006 (452.360.000) 2022-04-05 16:47:33 Image size of job updated: 779252
	322  -  MemoryUsage of job (MB)
	328832  -  ResidentSetSize of job (KB)
...
006 (452.360.000) 2022-04-05 16:52:34 Image size of job updated: 779252
	322  -  MemoryUsage of job (MB)
	328964  -  ResidentSetSize of job (KB)
...
006 (452.360.000) 2022-04-05 16:57:34 Image size of job updated: 779508
	322  -  MemoryUsage of job (MB)
	329096  -  ResidentSetSize of job (KB)
...
006 (452.360.000) 2022-04-05 17:02:34 Image size of job updated: 779508
	322  -  MemoryUsage of job (MB)
	329228  -  ResidentSetSize of job (KB)
...
006 (452.360.000) 2022-04-05 17:05:45 Image size of job updated: 779764
	322  -  MemoryUsage of job (MB)
	329228  -  ResidentSetSize of job (KB)
...
005 (452.360.000) 2022-04-05 17:05:45 Job terminated.
	(1) Normal termination (return value 0)
		Usr 0 04:03:18, Sys 0 00:00:19  -  Run Remote Usage
		Usr 0 00:00:00, Sys 0 00:00:00  -  Run Local Usage
		Usr 0 04:03:18, Sys 0 00:00:19  -  Total Remote Usage
		Usr 0 00:00:00, Sys 0 00:00:00  -  Total Local Usage
	0  -  Run Bytes Sent By Job
	0  -  Run Bytes Received By Job
	0  -  Total Bytes Sent By Job
	0  -  Total Bytes Received By Job
	Partitionable Resources :    Usage  Request Allocated 
	   Cpus                 :     1.00        1         1 
	   Disk (KB)            :  7500        7500     10998 
	   Memory (MB)          :   322        1024      1024 

	Job terminated of its own accord at 2022-04-05T15:05:45Z with exit-code 0.
...
