000 (452.175.000) 2022-04-05 09:23:24 Job submitted from host: <10.18.24.243:9618?addrs=10.18.24.243-9618&alias=ecoclusts01.bioclust.biologie.ens.fr&noUDP&sock=schedd_1052_29b8>
...
001 (452.175.000) 2022-04-05 09:23:39 Job executing on host: <10.18.24.31:9618?addrs=10.18.24.31-9618&alias=bioclust31.bioclust.biologie.ens.fr&noUDP&sock=startd_2248324_d5bc>
...
006 (452.175.000) 2022-04-05 09:23:47 Image size of job updated: 199272
	64  -  MemoryUsage of job (MB)
	65340  -  ResidentSetSize of job (KB)
...
006 (452.175.000) 2022-04-05 09:28:47 Image size of job updated: 896308
	317  -  MemoryUsage of job (MB)
	324352  -  ResidentSetSize of job (KB)
...
006 (452.175.000) 2022-04-05 10:28:53 Image size of job updated: 896308
	317  -  MemoryUsage of job (MB)
	324440  -  ResidentSetSize of job (KB)
...
006 (452.175.000) 2022-04-05 10:33:54 Image size of job updated: 896308
	317  -  MemoryUsage of job (MB)
	324572  -  ResidentSetSize of job (KB)
...
006 (452.175.000) 2022-04-05 10:38:54 Image size of job updated: 896308
	318  -  MemoryUsage of job (MB)
	324704  -  ResidentSetSize of job (KB)
...
006 (452.175.000) 2022-04-05 10:43:55 Image size of job updated: 896308
	318  -  MemoryUsage of job (MB)
	324836  -  ResidentSetSize of job (KB)
...
006 (452.175.000) 2022-04-05 10:48:56 Image size of job updated: 896308
	318  -  MemoryUsage of job (MB)
	324968  -  ResidentSetSize of job (KB)
...
006 (452.175.000) 2022-04-05 10:53:56 Image size of job updated: 896308
	318  -  MemoryUsage of job (MB)
	325232  -  ResidentSetSize of job (KB)
...
006 (452.175.000) 2022-04-05 10:58:56 Image size of job updated: 896308
	318  -  MemoryUsage of job (MB)
	325364  -  ResidentSetSize of job (KB)
...
006 (452.175.000) 2022-04-05 11:03:57 Image size of job updated: 896308
	318  -  MemoryUsage of job (MB)
	325628  -  ResidentSetSize of job (KB)
...
006 (452.175.000) 2022-04-05 11:08:58 Image size of job updated: 896308
	319  -  MemoryUsage of job (MB)
	325760  -  ResidentSetSize of job (KB)
...
006 (452.175.000) 2022-04-05 11:13:58 Image size of job updated: 896308
	319  -  MemoryUsage of job (MB)
	325892  -  ResidentSetSize of job (KB)
...
006 (452.175.000) 2022-04-05 11:18:59 Image size of job updated: 896308
	319  -  MemoryUsage of job (MB)
	326024  -  ResidentSetSize of job (KB)
...
006 (452.175.000) 2022-04-05 11:24:00 Image size of job updated: 896308
	319  -  MemoryUsage of job (MB)
	326156  -  ResidentSetSize of job (KB)
...
006 (452.175.000) 2022-04-05 11:29:00 Image size of job updated: 896308
	319  -  MemoryUsage of job (MB)
	326288  -  ResidentSetSize of job (KB)
...
006 (452.175.000) 2022-04-05 11:34:00 Image size of job updated: 896308
	319  -  MemoryUsage of job (MB)
	326552  -  ResidentSetSize of job (KB)
...
006 (452.175.000) 2022-04-05 11:39:01 Image size of job updated: 896308
	320  -  MemoryUsage of job (MB)
	326684  -  ResidentSetSize of job (KB)
...
006 (452.175.000) 2022-04-05 11:59:03 Image size of job updated: 896308
	320  -  MemoryUsage of job (MB)
	326816  -  ResidentSetSize of job (KB)
...
006 (452.175.000) 2022-04-05 12:04:03 Image size of job updated: 896308
	320  -  MemoryUsage of job (MB)
	326948  -  ResidentSetSize of job (KB)
...
006 (452.175.000) 2022-04-05 12:09:04 Image size of job updated: 896308
	320  -  MemoryUsage of job (MB)
	327080  -  ResidentSetSize of job (KB)
...
006 (452.175.000) 2022-04-05 12:14:05 Image size of job updated: 896308
	320  -  MemoryUsage of job (MB)
	327212  -  ResidentSetSize of job (KB)
...
006 (452.175.000) 2022-04-05 12:19:05 Image size of job updated: 896308
	320  -  MemoryUsage of job (MB)
	327344  -  ResidentSetSize of job (KB)
...
006 (452.175.000) 2022-04-05 12:29:07 Image size of job updated: 896308
	320  -  MemoryUsage of job (MB)
	327608  -  ResidentSetSize of job (KB)
...
006 (452.175.000) 2022-04-05 12:34:07 Image size of job updated: 896308
	321  -  MemoryUsage of job (MB)
	327740  -  ResidentSetSize of job (KB)
...
006 (452.175.000) 2022-04-05 12:39:07 Image size of job updated: 896308
	321  -  MemoryUsage of job (MB)
	327872  -  ResidentSetSize of job (KB)
...
006 (452.175.000) 2022-04-05 12:44:08 Image size of job updated: 896308
	321  -  MemoryUsage of job (MB)
	328004  -  ResidentSetSize of job (KB)
...
006 (452.175.000) 2022-04-05 12:49:08 Image size of job updated: 896308
	321  -  MemoryUsage of job (MB)
	328136  -  ResidentSetSize of job (KB)
...
006 (452.175.000) 2022-04-05 12:54:08 Image size of job updated: 896308
	321  -  MemoryUsage of job (MB)
	328400  -  ResidentSetSize of job (KB)
...
006 (452.175.000) 2022-04-05 12:59:09 Image size of job updated: 896308
	321  -  MemoryUsage of job (MB)
	328664  -  ResidentSetSize of job (KB)
...
006 (452.175.000) 2022-04-05 13:04:10 Image size of job updated: 896308
	322  -  MemoryUsage of job (MB)
	328928  -  ResidentSetSize of job (KB)
...
006 (452.175.000) 2022-04-05 13:09:10 Image size of job updated: 896308
	322  -  MemoryUsage of job (MB)
	329324  -  ResidentSetSize of job (KB)
...
005 (452.175.000) 2022-04-05 13:09:32 Job terminated.
	(1) Normal termination (return value 0)
		Usr 0 03:44:46, Sys 0 00:00:37  -  Run Remote Usage
		Usr 0 00:00:00, Sys 0 00:00:00  -  Run Local Usage
		Usr 0 03:44:46, Sys 0 00:00:37  -  Total Remote Usage
		Usr 0 00:00:00, Sys 0 00:00:00  -  Total Local Usage
	0  -  Run Bytes Sent By Job
	0  -  Run Bytes Received By Job
	0  -  Total Bytes Sent By Job
	0  -  Total Bytes Received By Job
	Partitionable Resources :    Usage  Request Allocated 
	   Cpus                 :     1.00        1         1 
	   Disk (KB)            :  7500        7500      9276 
	   Memory (MB)          :   322        1024      1024 

	Job terminated of its own accord at 2022-04-05T11:09:32Z with exit-code 0.
...
