000 (452.910.000) 2022-04-05 09:23:27 Job submitted from host: <10.18.24.243:9618?addrs=10.18.24.243-9618&alias=ecoclusts01.bioclust.biologie.ens.fr&noUDP&sock=schedd_1052_29b8>
...
001 (452.910.000) 2022-04-06 02:05:57 Job executing on host: <10.18.24.139:9618?addrs=10.18.24.139-9618&alias=dyoclust12.bioclust.biologie.ens.fr&noUDP&sock=startd_791_2380>
...
006 (452.910.000) 2022-04-06 02:06:06 Image size of job updated: 198536
	194  -  MemoryUsage of job (MB)
	198536  -  ResidentSetSize of job (KB)
...
006 (452.910.000) 2022-04-06 02:11:07 Image size of job updated: 741624
	317  -  MemoryUsage of job (MB)
	324048  -  ResidentSetSize of job (KB)
...
006 (452.910.000) 2022-04-06 02:16:08 Image size of job updated: 774392
	317  -  MemoryUsage of job (MB)
	324180  -  ResidentSetSize of job (KB)
...
006 (452.910.000) 2022-04-06 02:46:12 Image size of job updated: 774648
	317  -  MemoryUsage of job (MB)
	324180  -  ResidentSetSize of job (KB)
...
006 (452.910.000) 2022-04-06 02:51:12 Image size of job updated: 774648
	317  -  MemoryUsage of job (MB)
	324312  -  ResidentSetSize of job (KB)
...
006 (452.910.000) 2022-04-06 02:56:12 Image size of job updated: 774904
	317  -  MemoryUsage of job (MB)
	324576  -  ResidentSetSize of job (KB)
...
006 (452.910.000) 2022-04-06 03:01:13 Image size of job updated: 775160
	318  -  MemoryUsage of job (MB)
	324708  -  ResidentSetSize of job (KB)
...
006 (452.910.000) 2022-04-06 03:06:14 Image size of job updated: 775160
	318  -  MemoryUsage of job (MB)
	324840  -  ResidentSetSize of job (KB)
...
006 (452.910.000) 2022-04-06 03:11:14 Image size of job updated: 775416
	318  -  MemoryUsage of job (MB)
	325104  -  ResidentSetSize of job (KB)
...
006 (452.910.000) 2022-04-06 03:16:14 Image size of job updated: 775672
	318  -  MemoryUsage of job (MB)
	325236  -  ResidentSetSize of job (KB)
...
006 (452.910.000) 2022-04-06 03:21:16 Image size of job updated: 775928
	318  -  MemoryUsage of job (MB)
	325368  -  ResidentSetSize of job (KB)
...
006 (452.910.000) 2022-04-06 03:26:16 Image size of job updated: 775928
	318  -  MemoryUsage of job (MB)
	325632  -  ResidentSetSize of job (KB)
...
006 (452.910.000) 2022-04-06 03:31:16 Image size of job updated: 776184
	319  -  MemoryUsage of job (MB)
	325764  -  ResidentSetSize of job (KB)
...
006 (452.910.000) 2022-04-06 03:36:17 Image size of job updated: 776440
	319  -  MemoryUsage of job (MB)
	326028  -  ResidentSetSize of job (KB)
...
006 (452.910.000) 2022-04-06 03:41:18 Image size of job updated: 776696
	319  -  MemoryUsage of job (MB)
	326160  -  ResidentSetSize of job (KB)
...
006 (452.910.000) 2022-04-06 03:46:18 Image size of job updated: 776696
	319  -  MemoryUsage of job (MB)
	326424  -  ResidentSetSize of job (KB)
...
006 (452.910.000) 2022-04-06 03:51:18 Image size of job updated: 776952
	319  -  MemoryUsage of job (MB)
	326556  -  ResidentSetSize of job (KB)
...
006 (452.910.000) 2022-04-06 04:01:19 Image size of job updated: 776952
	320  -  MemoryUsage of job (MB)
	326688  -  ResidentSetSize of job (KB)
...
006 (452.910.000) 2022-04-06 04:06:19 Image size of job updated: 777208
	320  -  MemoryUsage of job (MB)
	326820  -  ResidentSetSize of job (KB)
...
006 (452.910.000) 2022-04-06 04:11:20 Image size of job updated: 777464
	320  -  MemoryUsage of job (MB)
	326952  -  ResidentSetSize of job (KB)
...
006 (452.910.000) 2022-04-06 04:16:21 Image size of job updated: 777464
	320  -  MemoryUsage of job (MB)
	327216  -  ResidentSetSize of job (KB)
...
006 (452.910.000) 2022-04-06 04:21:21 Image size of job updated: 777720
	320  -  MemoryUsage of job (MB)
	327348  -  ResidentSetSize of job (KB)
...
006 (452.910.000) 2022-04-06 04:26:21 Image size of job updated: 777976
	320  -  MemoryUsage of job (MB)
	327612  -  ResidentSetSize of job (KB)
...
006 (452.910.000) 2022-04-06 04:31:22 Image size of job updated: 778232
	321  -  MemoryUsage of job (MB)
	327744  -  ResidentSetSize of job (KB)
...
006 (452.910.000) 2022-04-06 04:36:22 Image size of job updated: 778232
	321  -  MemoryUsage of job (MB)
	327876  -  ResidentSetSize of job (KB)
...
006 (452.910.000) 2022-04-06 04:41:22 Image size of job updated: 778488
	321  -  MemoryUsage of job (MB)
	328008  -  ResidentSetSize of job (KB)
...
006 (452.910.000) 2022-04-06 04:46:23 Image size of job updated: 778744
	321  -  MemoryUsage of job (MB)
	328272  -  ResidentSetSize of job (KB)
...
006 (452.910.000) 2022-04-06 04:51:24 Image size of job updated: 778744
	321  -  MemoryUsage of job (MB)
	328404  -  ResidentSetSize of job (KB)
...
006 (452.910.000) 2022-04-06 04:56:24 Image size of job updated: 779000
	321  -  MemoryUsage of job (MB)
	328668  -  ResidentSetSize of job (KB)
...
006 (452.910.000) 2022-04-06 05:01:24 Image size of job updated: 779256
	322  -  MemoryUsage of job (MB)
	328800  -  ResidentSetSize of job (KB)
...
006 (452.910.000) 2022-04-06 05:06:25 Image size of job updated: 779256
	322  -  MemoryUsage of job (MB)
	328932  -  ResidentSetSize of job (KB)
...
006 (452.910.000) 2022-04-06 05:11:25 Image size of job updated: 779512
	322  -  MemoryUsage of job (MB)
	329064  -  ResidentSetSize of job (KB)
...
006 (452.910.000) 2022-04-06 05:16:11 Image size of job updated: 779768
	322  -  MemoryUsage of job (MB)
	329064  -  ResidentSetSize of job (KB)
...
005 (452.910.000) 2022-04-06 05:16:11 Job terminated.
	(1) Normal termination (return value 0)
		Usr 0 03:08:37, Sys 0 00:00:24  -  Run Remote Usage
		Usr 0 00:00:00, Sys 0 00:00:00  -  Run Local Usage
		Usr 0 03:08:37, Sys 0 00:00:24  -  Total Remote Usage
		Usr 0 00:00:00, Sys 0 00:00:00  -  Total Local Usage
	0  -  Run Bytes Sent By Job
	0  -  Run Bytes Received By Job
	0  -  Total Bytes Sent By Job
	0  -  Total Bytes Received By Job
	Partitionable Resources :    Usage  Request Allocated 
	   Cpus                 :     1.00        1         1 
	   Disk (KB)            :  7500        7500     10998 
	   Memory (MB)          :   322        1024      1024 

	Job terminated of its own accord at 2022-04-06T03:16:11Z with exit-code 0.
...
