000 (452.498.000) 2022-04-05 09:23:26 Job submitted from host: <10.18.24.243:9618?addrs=10.18.24.243-9618&alias=ecoclusts01.bioclust.biologie.ens.fr&noUDP&sock=schedd_1052_29b8>
...
001 (452.498.000) 2022-04-05 17:37:22 Job executing on host: <10.18.24.141:9618?addrs=10.18.24.141-9618&alias=dyoclust14.bioclust.biologie.ens.fr&noUDP&sock=startd_801_ff73>
...
006 (452.498.000) 2022-04-05 17:37:31 Image size of job updated: 213184
	209  -  MemoryUsage of job (MB)
	213184  -  ResidentSetSize of job (KB)
...
006 (452.498.000) 2022-04-05 17:42:31 Image size of job updated: 792508
	317  -  MemoryUsage of job (MB)
	324340  -  ResidentSetSize of job (KB)
...
006 (452.498.000) 2022-04-05 18:32:35 Image size of job updated: 792508
	317  -  MemoryUsage of job (MB)
	324604  -  ResidentSetSize of job (KB)
...
006 (452.498.000) 2022-04-05 18:37:35 Image size of job updated: 792508
	318  -  MemoryUsage of job (MB)
	324736  -  ResidentSetSize of job (KB)
...
006 (452.498.000) 2022-04-05 18:42:36 Image size of job updated: 792508
	318  -  MemoryUsage of job (MB)
	325000  -  ResidentSetSize of job (KB)
...
006 (452.498.000) 2022-04-05 18:47:37 Image size of job updated: 792508
	318  -  MemoryUsage of job (MB)
	325132  -  ResidentSetSize of job (KB)
...
006 (452.498.000) 2022-04-05 18:52:37 Image size of job updated: 792508
	318  -  MemoryUsage of job (MB)
	325396  -  ResidentSetSize of job (KB)
...
006 (452.498.000) 2022-04-05 18:57:38 Image size of job updated: 792508
	318  -  MemoryUsage of job (MB)
	325528  -  ResidentSetSize of job (KB)
...
006 (452.498.000) 2022-04-05 19:02:39 Image size of job updated: 792508
	319  -  MemoryUsage of job (MB)
	325792  -  ResidentSetSize of job (KB)
...
006 (452.498.000) 2022-04-05 19:07:39 Image size of job updated: 792508
	319  -  MemoryUsage of job (MB)
	325924  -  ResidentSetSize of job (KB)
...
006 (452.498.000) 2022-04-05 19:12:39 Image size of job updated: 792508
	319  -  MemoryUsage of job (MB)
	326188  -  ResidentSetSize of job (KB)
...
006 (452.498.000) 2022-04-05 19:17:40 Image size of job updated: 792508
	319  -  MemoryUsage of job (MB)
	326452  -  ResidentSetSize of job (KB)
...
006 (452.498.000) 2022-04-05 19:22:41 Image size of job updated: 792508
	319  -  MemoryUsage of job (MB)
	326584  -  ResidentSetSize of job (KB)
...
006 (452.498.000) 2022-04-05 19:32:42 Image size of job updated: 792508
	320  -  MemoryUsage of job (MB)
	326716  -  ResidentSetSize of job (KB)
...
006 (452.498.000) 2022-04-05 19:37:43 Image size of job updated: 792508
	320  -  MemoryUsage of job (MB)
	326848  -  ResidentSetSize of job (KB)
...
006 (452.498.000) 2022-04-05 19:42:43 Image size of job updated: 792508
	320  -  MemoryUsage of job (MB)
	326980  -  ResidentSetSize of job (KB)
...
006 (452.498.000) 2022-04-05 19:47:43 Image size of job updated: 792508
	320  -  MemoryUsage of job (MB)
	327244  -  ResidentSetSize of job (KB)
...
006 (452.498.000) 2022-04-05 19:52:44 Image size of job updated: 792508
	320  -  MemoryUsage of job (MB)
	327376  -  ResidentSetSize of job (KB)
...
006 (452.498.000) 2022-04-05 19:57:44 Image size of job updated: 792508
	320  -  MemoryUsage of job (MB)
	327640  -  ResidentSetSize of job (KB)
...
006 (452.498.000) 2022-04-05 20:02:44 Image size of job updated: 792508
	321  -  MemoryUsage of job (MB)
	327772  -  ResidentSetSize of job (KB)
...
006 (452.498.000) 2022-04-05 20:07:45 Image size of job updated: 792508
	321  -  MemoryUsage of job (MB)
	327904  -  ResidentSetSize of job (KB)
...
006 (452.498.000) 2022-04-05 20:12:46 Image size of job updated: 792508
	321  -  MemoryUsage of job (MB)
	328036  -  ResidentSetSize of job (KB)
...
006 (452.498.000) 2022-04-05 20:17:46 Image size of job updated: 792508
	321  -  MemoryUsage of job (MB)
	328300  -  ResidentSetSize of job (KB)
...
006 (452.498.000) 2022-04-05 20:22:46 Image size of job updated: 792508
	321  -  MemoryUsage of job (MB)
	328432  -  ResidentSetSize of job (KB)
...
006 (452.498.000) 2022-04-05 20:27:47 Image size of job updated: 792508
	321  -  MemoryUsage of job (MB)
	328696  -  ResidentSetSize of job (KB)
...
006 (452.498.000) 2022-04-05 20:32:47 Image size of job updated: 792508
	322  -  MemoryUsage of job (MB)
	328828  -  ResidentSetSize of job (KB)
...
006 (452.498.000) 2022-04-05 20:37:47 Image size of job updated: 792508
	322  -  MemoryUsage of job (MB)
	329092  -  ResidentSetSize of job (KB)
...
006 (452.498.000) 2022-04-05 20:42:48 Image size of job updated: 792508
	322  -  MemoryUsage of job (MB)
	329224  -  ResidentSetSize of job (KB)
...
005 (452.498.000) 2022-04-05 20:43:39 Job terminated.
	(1) Normal termination (return value 0)
		Usr 0 03:04:45, Sys 0 00:00:26  -  Run Remote Usage
		Usr 0 00:00:00, Sys 0 00:00:00  -  Run Local Usage
		Usr 0 03:04:45, Sys 0 00:00:26  -  Total Remote Usage
		Usr 0 00:00:00, Sys 0 00:00:00  -  Total Local Usage
	0  -  Run Bytes Sent By Job
	0  -  Run Bytes Received By Job
	0  -  Total Bytes Sent By Job
	0  -  Total Bytes Received By Job
	Partitionable Resources :    Usage  Request Allocated 
	   Cpus                 :     0.99        1         1 
	   Disk (KB)            :  7500        7500     10998 
	   Memory (MB)          :   322        1024      1024 

	Job terminated of its own accord at 2022-04-05T18:43:39Z with exit-code 0.
...
