000 (452.768.000) 2022-04-05 09:23:27 Job submitted from host: <10.18.24.243:9618?addrs=10.18.24.243-9618&alias=ecoclusts01.bioclust.biologie.ens.fr&noUDP&sock=schedd_1052_29b8>
...
001 (452.768.000) 2022-04-05 22:55:51 Job executing on host: <10.18.24.140:9618?addrs=10.18.24.140-9618&alias=dyoclust13.bioclust.biologie.ens.fr&noUDP&sock=startd_813_3a96>
...
006 (452.768.000) 2022-04-05 22:56:00 Image size of job updated: 44276
	44  -  MemoryUsage of job (MB)
	44276  -  ResidentSetSize of job (KB)
...
006 (452.768.000) 2022-04-05 23:01:00 Image size of job updated: 741624
	317  -  MemoryUsage of job (MB)
	324056  -  ResidentSetSize of job (KB)
...
006 (452.768.000) 2022-04-05 23:06:01 Image size of job updated: 741624
	317  -  MemoryUsage of job (MB)
	324100  -  ResidentSetSize of job (KB)
...
006 (452.768.000) 2022-04-05 23:11:02 Image size of job updated: 774392
	317  -  MemoryUsage of job (MB)
	324100  -  ResidentSetSize of job (KB)
...
006 (452.768.000) 2022-04-05 23:46:07 Image size of job updated: 774648
	317  -  MemoryUsage of job (MB)
	324320  -  ResidentSetSize of job (KB)
...
006 (452.768.000) 2022-04-05 23:51:07 Image size of job updated: 774904
	317  -  MemoryUsage of job (MB)
	324452  -  ResidentSetSize of job (KB)
...
006 (452.768.000) 2022-04-05 23:56:07 Image size of job updated: 775160
	318  -  MemoryUsage of job (MB)
	324716  -  ResidentSetSize of job (KB)
...
006 (452.768.000) 2022-04-06 00:01:08 Image size of job updated: 775160
	318  -  MemoryUsage of job (MB)
	324848  -  ResidentSetSize of job (KB)
...
006 (452.768.000) 2022-04-06 00:06:07 Image size of job updated: 775416
	318  -  MemoryUsage of job (MB)
	324980  -  ResidentSetSize of job (KB)
...
006 (452.768.000) 2022-04-06 00:11:07 Image size of job updated: 775672
	318  -  MemoryUsage of job (MB)
	325244  -  ResidentSetSize of job (KB)
...
006 (452.768.000) 2022-04-06 00:16:07 Image size of job updated: 775928
	318  -  MemoryUsage of job (MB)
	325376  -  ResidentSetSize of job (KB)
...
006 (452.768.000) 2022-04-06 00:21:08 Image size of job updated: 775928
	319  -  MemoryUsage of job (MB)
	325640  -  ResidentSetSize of job (KB)
...
006 (452.768.000) 2022-04-06 00:26:10 Image size of job updated: 776184
	319  -  MemoryUsage of job (MB)
	325772  -  ResidentSetSize of job (KB)
...
006 (452.768.000) 2022-04-06 00:31:11 Image size of job updated: 776440
	319  -  MemoryUsage of job (MB)
	326036  -  ResidentSetSize of job (KB)
...
006 (452.768.000) 2022-04-06 00:36:11 Image size of job updated: 776696
	319  -  MemoryUsage of job (MB)
	326300  -  ResidentSetSize of job (KB)
...
006 (452.768.000) 2022-04-06 00:41:12 Image size of job updated: 776952
	319  -  MemoryUsage of job (MB)
	326432  -  ResidentSetSize of job (KB)
...
006 (452.768.000) 2022-04-06 00:46:13 Image size of job updated: 776952
	319  -  MemoryUsage of job (MB)
	326564  -  ResidentSetSize of job (KB)
...
006 (452.768.000) 2022-04-06 00:56:13 Image size of job updated: 777208
	320  -  MemoryUsage of job (MB)
	326828  -  ResidentSetSize of job (KB)
...
006 (452.768.000) 2022-04-06 01:01:14 Image size of job updated: 777464
	320  -  MemoryUsage of job (MB)
	326960  -  ResidentSetSize of job (KB)
...
006 (452.768.000) 2022-04-06 01:06:14 Image size of job updated: 777464
	320  -  MemoryUsage of job (MB)
	327092  -  ResidentSetSize of job (KB)
...
006 (452.768.000) 2022-04-06 01:11:14 Image size of job updated: 777720
	320  -  MemoryUsage of job (MB)
	327356  -  ResidentSetSize of job (KB)
...
006 (452.768.000) 2022-04-06 01:16:15 Image size of job updated: 777976
	320  -  MemoryUsage of job (MB)
	327488  -  ResidentSetSize of job (KB)
...
006 (452.768.000) 2022-04-06 01:21:16 Image size of job updated: 778232
	321  -  MemoryUsage of job (MB)
	327752  -  ResidentSetSize of job (KB)
...
006 (452.768.000) 2022-04-06 01:26:16 Image size of job updated: 778232
	321  -  MemoryUsage of job (MB)
	327884  -  ResidentSetSize of job (KB)
...
006 (452.768.000) 2022-04-06 01:31:17 Image size of job updated: 778488
	321  -  MemoryUsage of job (MB)
	328148  -  ResidentSetSize of job (KB)
...
006 (452.768.000) 2022-04-06 01:36:18 Image size of job updated: 778744
	321  -  MemoryUsage of job (MB)
	328280  -  ResidentSetSize of job (KB)
...
006 (452.768.000) 2022-04-06 01:41:18 Image size of job updated: 779000
	321  -  MemoryUsage of job (MB)
	328544  -  ResidentSetSize of job (KB)
...
006 (452.768.000) 2022-04-06 01:46:18 Image size of job updated: 779000
	321  -  MemoryUsage of job (MB)
	328676  -  ResidentSetSize of job (KB)
...
006 (452.768.000) 2022-04-06 01:51:19 Image size of job updated: 779256
	322  -  MemoryUsage of job (MB)
	328808  -  ResidentSetSize of job (KB)
...
006 (452.768.000) 2022-04-06 01:56:20 Image size of job updated: 779512
	322  -  MemoryUsage of job (MB)
	329072  -  ResidentSetSize of job (KB)
...
006 (452.768.000) 2022-04-06 02:01:20 Image size of job updated: 779768
	322  -  MemoryUsage of job (MB)
	329204  -  ResidentSetSize of job (KB)
...
005 (452.768.000) 2022-04-06 02:02:15 Job terminated.
	(1) Normal termination (return value 0)
		Usr 0 03:04:02, Sys 0 00:01:00  -  Run Remote Usage
		Usr 0 00:00:00, Sys 0 00:00:00  -  Run Local Usage
		Usr 0 03:04:02, Sys 0 00:01:00  -  Total Remote Usage
		Usr 0 00:00:00, Sys 0 00:00:00  -  Total Local Usage
	0  -  Run Bytes Sent By Job
	0  -  Run Bytes Received By Job
	0  -  Total Bytes Sent By Job
	0  -  Total Bytes Received By Job
	Partitionable Resources :    Usage  Request Allocated 
	   Cpus                 :     1.00        1         1 
	   Disk (KB)            :  7500        7500     10064 
	   Memory (MB)          :   322        1024      1024 

	Job terminated of its own accord at 2022-04-06T00:02:15Z with exit-code 0.
...
