000 (452.914.000) 2022-04-05 09:23:27 Job submitted from host: <10.18.24.243:9618?addrs=10.18.24.243-9618&alias=ecoclusts01.bioclust.biologie.ens.fr&noUDP&sock=schedd_1052_29b8>
...
001 (452.914.000) 2022-04-06 02:09:57 Job executing on host: <10.18.24.131:9618?addrs=10.18.24.131-9618&alias=dyoclust04.bioclust.biologie.ens.fr&noUDP&sock=startd_807_1d04>
...
006 (452.914.000) 2022-04-06 02:10:06 Image size of job updated: 78880
	78  -  MemoryUsage of job (MB)
	78880  -  ResidentSetSize of job (KB)
...
006 (452.914.000) 2022-04-06 02:15:07 Image size of job updated: 741880
	317  -  MemoryUsage of job (MB)
	324292  -  ResidentSetSize of job (KB)
...
006 (452.914.000) 2022-04-06 02:20:08 Image size of job updated: 774648
	317  -  MemoryUsage of job (MB)
	324380  -  ResidentSetSize of job (KB)
...
006 (452.914.000) 2022-04-06 02:55:12 Image size of job updated: 774904
	317  -  MemoryUsage of job (MB)
	324380  -  ResidentSetSize of job (KB)
...
006 (452.914.000) 2022-04-06 03:00:12 Image size of job updated: 774904
	318  -  MemoryUsage of job (MB)
	324644  -  ResidentSetSize of job (KB)
...
006 (452.914.000) 2022-04-06 03:05:13 Image size of job updated: 775160
	318  -  MemoryUsage of job (MB)
	324776  -  ResidentSetSize of job (KB)
...
006 (452.914.000) 2022-04-06 03:10:14 Image size of job updated: 775416
	318  -  MemoryUsage of job (MB)
	325040  -  ResidentSetSize of job (KB)
...
006 (452.914.000) 2022-04-06 03:15:14 Image size of job updated: 775672
	318  -  MemoryUsage of job (MB)
	325304  -  ResidentSetSize of job (KB)
...
006 (452.914.000) 2022-04-06 03:20:14 Image size of job updated: 775928
	318  -  MemoryUsage of job (MB)
	325436  -  ResidentSetSize of job (KB)
...
006 (452.914.000) 2022-04-06 03:25:16 Image size of job updated: 776184
	319  -  MemoryUsage of job (MB)
	325700  -  ResidentSetSize of job (KB)
...
006 (452.914.000) 2022-04-06 03:30:16 Image size of job updated: 776440
	319  -  MemoryUsage of job (MB)
	325964  -  ResidentSetSize of job (KB)
...
006 (452.914.000) 2022-04-06 03:35:16 Image size of job updated: 776696
	319  -  MemoryUsage of job (MB)
	326096  -  ResidentSetSize of job (KB)
...
006 (452.914.000) 2022-04-06 03:40:17 Image size of job updated: 776696
	319  -  MemoryUsage of job (MB)
	326360  -  ResidentSetSize of job (KB)
...
006 (452.914.000) 2022-04-06 03:45:18 Image size of job updated: 776952
	319  -  MemoryUsage of job (MB)
	326460  -  ResidentSetSize of job (KB)
...
006 (452.914.000) 2022-04-06 03:50:18 Image size of job updated: 776952
	319  -  MemoryUsage of job (MB)
	326592  -  ResidentSetSize of job (KB)
...
006 (452.914.000) 2022-04-06 03:55:18 Image size of job updated: 777208
	320  -  MemoryUsage of job (MB)
	326724  -  ResidentSetSize of job (KB)
...
006 (452.914.000) 2022-04-06 04:00:19 Image size of job updated: 777464
	320  -  MemoryUsage of job (MB)
	326988  -  ResidentSetSize of job (KB)
...
006 (452.914.000) 2022-04-06 04:05:19 Image size of job updated: 777464
	320  -  MemoryUsage of job (MB)
	327120  -  ResidentSetSize of job (KB)
...
006 (452.914.000) 2022-04-06 04:10:19 Image size of job updated: 777720
	320  -  MemoryUsage of job (MB)
	327384  -  ResidentSetSize of job (KB)
...
006 (452.914.000) 2022-04-06 04:15:20 Image size of job updated: 777976
	320  -  MemoryUsage of job (MB)
	327516  -  ResidentSetSize of job (KB)
...
006 (452.914.000) 2022-04-06 04:20:21 Image size of job updated: 778232
	321  -  MemoryUsage of job (MB)
	327780  -  ResidentSetSize of job (KB)
...
006 (452.914.000) 2022-04-06 04:25:21 Image size of job updated: 778488
	321  -  MemoryUsage of job (MB)
	327912  -  ResidentSetSize of job (KB)
...
006 (452.914.000) 2022-04-06 04:30:22 Image size of job updated: 778488
	321  -  MemoryUsage of job (MB)
	328176  -  ResidentSetSize of job (KB)
...
006 (452.914.000) 2022-04-06 04:35:23 Image size of job updated: 778744
	321  -  MemoryUsage of job (MB)
	328308  -  ResidentSetSize of job (KB)
...
006 (452.914.000) 2022-04-06 04:40:23 Image size of job updated: 779000
	321  -  MemoryUsage of job (MB)
	328572  -  ResidentSetSize of job (KB)
...
006 (452.914.000) 2022-04-06 04:45:23 Image size of job updated: 779256
	321  -  MemoryUsage of job (MB)
	328704  -  ResidentSetSize of job (KB)
...
006 (452.914.000) 2022-04-06 04:50:24 Image size of job updated: 779512
	322  -  MemoryUsage of job (MB)
	328968  -  ResidentSetSize of job (KB)
...
006 (452.914.000) 2022-04-06 04:55:25 Image size of job updated: 779512
	322  -  MemoryUsage of job (MB)
	329232  -  ResidentSetSize of job (KB)
...
006 (452.914.000) 2022-04-06 04:57:22 Image size of job updated: 779768
	322  -  MemoryUsage of job (MB)
	329232  -  ResidentSetSize of job (KB)
...
005 (452.914.000) 2022-04-06 04:57:22 Job terminated.
	(1) Normal termination (return value 0)
		Usr 0 02:45:28, Sys 0 00:00:49  -  Run Remote Usage
		Usr 0 00:00:00, Sys 0 00:00:00  -  Run Local Usage
		Usr 0 02:45:28, Sys 0 00:00:49  -  Total Remote Usage
		Usr 0 00:00:00, Sys 0 00:00:00  -  Total Local Usage
	0  -  Run Bytes Sent By Job
	0  -  Run Bytes Received By Job
	0  -  Total Bytes Sent By Job
	0  -  Total Bytes Received By Job
	Partitionable Resources :    Usage  Request Allocated 
	   Cpus                 :     1.00        1         1 
	   Disk (KB)            :  7500        7500     10998 
	   Memory (MB)          :   322        1024      1024 

	Job terminated of its own accord at 2022-04-06T02:57:22Z with exit-code 0.
...
