000 (452.393.000) 2022-04-05 09:23:25 Job submitted from host: <10.18.24.243:9618?addrs=10.18.24.243-9618&alias=ecoclusts01.bioclust.biologie.ens.fr&noUDP&sock=schedd_1052_29b8>
...
001 (452.393.000) 2022-04-05 13:31:01 Job executing on host: <10.18.24.174:9618?addrs=10.18.24.174-9618&alias=mcbsclust03.bioclust.biologie.ens.fr&noUDP&sock=startd_937_4854>
...
006 (452.393.000) 2022-04-05 13:31:10 Image size of job updated: 261392
	100  -  MemoryUsage of job (MB)
	102144  -  ResidentSetSize of job (KB)
...
006 (452.393.000) 2022-04-05 13:36:10 Image size of job updated: 741876
	317  -  MemoryUsage of job (MB)
	324276  -  ResidentSetSize of job (KB)
...
006 (452.393.000) 2022-04-05 13:41:10 Image size of job updated: 774644
	317  -  MemoryUsage of job (MB)
	324300  -  ResidentSetSize of job (KB)
...
006 (452.393.000) 2022-04-05 14:41:17 Image size of job updated: 774900
	317  -  MemoryUsage of job (MB)
	324432  -  ResidentSetSize of job (KB)
...
006 (452.393.000) 2022-04-05 14:46:17 Image size of job updated: 774900
	317  -  MemoryUsage of job (MB)
	324564  -  ResidentSetSize of job (KB)
...
006 (452.393.000) 2022-04-05 14:51:18 Image size of job updated: 775156
	318  -  MemoryUsage of job (MB)
	324696  -  ResidentSetSize of job (KB)
...
006 (452.393.000) 2022-04-05 15:01:19 Image size of job updated: 775156
	318  -  MemoryUsage of job (MB)
	324828  -  ResidentSetSize of job (KB)
...
006 (452.393.000) 2022-04-05 15:06:19 Image size of job updated: 775412
	318  -  MemoryUsage of job (MB)
	324960  -  ResidentSetSize of job (KB)
...
006 (452.393.000) 2022-04-05 15:11:20 Image size of job updated: 775412
	318  -  MemoryUsage of job (MB)
	325092  -  ResidentSetSize of job (KB)
...
006 (452.393.000) 2022-04-05 15:16:21 Image size of job updated: 775668
	318  -  MemoryUsage of job (MB)
	325224  -  ResidentSetSize of job (KB)
...
006 (452.393.000) 2022-04-05 15:26:22 Image size of job updated: 775668
	318  -  MemoryUsage of job (MB)
	325356  -  ResidentSetSize of job (KB)
...
006 (452.393.000) 2022-04-05 15:31:23 Image size of job updated: 775924
	318  -  MemoryUsage of job (MB)
	325488  -  ResidentSetSize of job (KB)
...
006 (452.393.000) 2022-04-05 15:36:23 Image size of job updated: 775924
	318  -  MemoryUsage of job (MB)
	325620  -  ResidentSetSize of job (KB)
...
006 (452.393.000) 2022-04-05 15:41:23 Image size of job updated: 776180
	319  -  MemoryUsage of job (MB)
	325752  -  ResidentSetSize of job (KB)
...
006 (452.393.000) 2022-04-05 15:46:25 Image size of job updated: 776180
	319  -  MemoryUsage of job (MB)
	325884  -  ResidentSetSize of job (KB)
...
006 (452.393.000) 2022-04-05 15:51:25 Image size of job updated: 776436
	319  -  MemoryUsage of job (MB)
	326016  -  ResidentSetSize of job (KB)
...
006 (452.393.000) 2022-04-05 15:56:25 Image size of job updated: 776436
	319  -  MemoryUsage of job (MB)
	326148  -  ResidentSetSize of job (KB)
...
006 (452.393.000) 2022-04-05 16:01:26 Image size of job updated: 776692
	319  -  MemoryUsage of job (MB)
	326280  -  ResidentSetSize of job (KB)
...
006 (452.393.000) 2022-04-05 16:06:27 Image size of job updated: 776692
	319  -  MemoryUsage of job (MB)
	326412  -  ResidentSetSize of job (KB)
...
006 (452.393.000) 2022-04-05 16:11:27 Image size of job updated: 776948
	319  -  MemoryUsage of job (MB)
	326544  -  ResidentSetSize of job (KB)
...
006 (452.393.000) 2022-04-05 16:31:28 Image size of job updated: 776948
	320  -  MemoryUsage of job (MB)
	326676  -  ResidentSetSize of job (KB)
...
006 (452.393.000) 2022-04-05 16:36:29 Image size of job updated: 777204
	320  -  MemoryUsage of job (MB)
	326808  -  ResidentSetSize of job (KB)
...
006 (452.393.000) 2022-04-05 16:46:30 Image size of job updated: 777460
	320  -  MemoryUsage of job (MB)
	326940  -  ResidentSetSize of job (KB)
...
006 (452.393.000) 2022-04-05 16:51:30 Image size of job updated: 777460
	320  -  MemoryUsage of job (MB)
	327072  -  ResidentSetSize of job (KB)
...
006 (452.393.000) 2022-04-05 16:56:32 Image size of job updated: 777460
	320  -  MemoryUsage of job (MB)
	327204  -  ResidentSetSize of job (KB)
...
006 (452.393.000) 2022-04-05 17:01:32 Image size of job updated: 777716
	320  -  MemoryUsage of job (MB)
	327204  -  ResidentSetSize of job (KB)
...
006 (452.393.000) 2022-04-05 17:06:32 Image size of job updated: 777716
	320  -  MemoryUsage of job (MB)
	327336  -  ResidentSetSize of job (KB)
...
006 (452.393.000) 2022-04-05 17:11:33 Image size of job updated: 777716
	320  -  MemoryUsage of job (MB)
	327468  -  ResidentSetSize of job (KB)
...
006 (452.393.000) 2022-04-05 17:16:34 Image size of job updated: 777972
	320  -  MemoryUsage of job (MB)
	327600  -  ResidentSetSize of job (KB)
...
006 (452.393.000) 2022-04-05 17:26:34 Image size of job updated: 778228
	321  -  MemoryUsage of job (MB)
	327732  -  ResidentSetSize of job (KB)
...
006 (452.393.000) 2022-04-05 17:31:35 Image size of job updated: 778228
	321  -  MemoryUsage of job (MB)
	327864  -  ResidentSetSize of job (KB)
...
006 (452.393.000) 2022-04-05 17:36:36 Image size of job updated: 778228
	321  -  MemoryUsage of job (MB)
	327996  -  ResidentSetSize of job (KB)
...
006 (452.393.000) 2022-04-05 17:41:36 Image size of job updated: 778484
	321  -  MemoryUsage of job (MB)
	327996  -  ResidentSetSize of job (KB)
...
006 (452.393.000) 2022-04-05 17:46:37 Image size of job updated: 778484
	321  -  MemoryUsage of job (MB)
	328128  -  ResidentSetSize of job (KB)
...
006 (452.393.000) 2022-04-05 17:51:38 Image size of job updated: 778740
	321  -  MemoryUsage of job (MB)
	328260  -  ResidentSetSize of job (KB)
...
006 (452.393.000) 2022-04-05 18:01:38 Image size of job updated: 778740
	321  -  MemoryUsage of job (MB)
	328392  -  ResidentSetSize of job (KB)
...
006 (452.393.000) 2022-04-05 18:06:39 Image size of job updated: 778996
	321  -  MemoryUsage of job (MB)
	328524  -  ResidentSetSize of job (KB)
...
006 (452.393.000) 2022-04-05 18:11:40 Image size of job updated: 778996
	321  -  MemoryUsage of job (MB)
	328656  -  ResidentSetSize of job (KB)
...
006 (452.393.000) 2022-04-05 18:16:40 Image size of job updated: 779252
	322  -  MemoryUsage of job (MB)
	328788  -  ResidentSetSize of job (KB)
...
006 (452.393.000) 2022-04-05 18:21:41 Image size of job updated: 779252
	322  -  MemoryUsage of job (MB)
	328920  -  ResidentSetSize of job (KB)
...
006 (452.393.000) 2022-04-05 18:26:42 Image size of job updated: 779508
	322  -  MemoryUsage of job (MB)
	329052  -  ResidentSetSize of job (KB)
...
006 (452.393.000) 2022-04-05 18:36:42 Image size of job updated: 779508
	322  -  MemoryUsage of job (MB)
	329316  -  ResidentSetSize of job (KB)
...
006 (452.393.000) 2022-04-05 18:37:32 Image size of job updated: 779764
	322  -  MemoryUsage of job (MB)
	329316  -  ResidentSetSize of job (KB)
...
005 (452.393.000) 2022-04-05 18:37:32 Job terminated.
	(1) Normal termination (return value 0)
		Usr 0 05:05:40, Sys 0 00:00:21  -  Run Remote Usage
		Usr 0 00:00:00, Sys 0 00:00:00  -  Run Local Usage
		Usr 0 05:05:40, Sys 0 00:00:21  -  Total Remote Usage
		Usr 0 00:00:00, Sys 0 00:00:00  -  Total Local Usage
	0  -  Run Bytes Sent By Job
	0  -  Run Bytes Received By Job
	0  -  Total Bytes Sent By Job
	0  -  Total Bytes Received By Job
	Partitionable Resources :    Usage  Request Allocated 
	   Cpus                 :     1.00        1         1 
	   Disk (KB)            :  7500        7500     10998 
	   Memory (MB)          :   322        1024      1024 

	Job terminated of its own accord at 2022-04-05T16:37:32Z with exit-code 0.
...
