000 (452.382.000) 2022-04-05 09:23:25 Job submitted from host: <10.18.24.243:9618?addrs=10.18.24.243-9618&alias=ecoclusts01.bioclust.biologie.ens.fr&noUDP&sock=schedd_1052_29b8>
...
001 (452.382.000) 2022-04-05 13:08:01 Job executing on host: <10.18.24.101:9618?addrs=10.18.24.101-9618&alias=ecoclust06.bioclust.biologie.ens.fr&noUDP&sock=startd_1038_8f65>
...
006 (452.382.000) 2022-04-05 13:08:09 Image size of job updated: 97120
	95  -  MemoryUsage of job (MB)
	97120  -  ResidentSetSize of job (KB)
...
006 (452.382.000) 2022-04-05 13:13:09 Image size of job updated: 793012
	317  -  MemoryUsage of job (MB)
	324104  -  ResidentSetSize of job (KB)
...
006 (452.382.000) 2022-04-05 13:53:15 Image size of job updated: 793012
	317  -  MemoryUsage of job (MB)
	324236  -  ResidentSetSize of job (KB)
...
006 (452.382.000) 2022-04-05 13:58:15 Image size of job updated: 793012
	317  -  MemoryUsage of job (MB)
	324500  -  ResidentSetSize of job (KB)
...
006 (452.382.000) 2022-04-05 14:08:16 Image size of job updated: 793012
	318  -  MemoryUsage of job (MB)
	324764  -  ResidentSetSize of job (KB)
...
006 (452.382.000) 2022-04-05 14:13:17 Image size of job updated: 793012
	318  -  MemoryUsage of job (MB)
	324896  -  ResidentSetSize of job (KB)
...
006 (452.382.000) 2022-04-05 14:18:17 Image size of job updated: 793012
	318  -  MemoryUsage of job (MB)
	325028  -  ResidentSetSize of job (KB)
...
006 (452.382.000) 2022-04-05 14:23:18 Image size of job updated: 793012
	318  -  MemoryUsage of job (MB)
	325160  -  ResidentSetSize of job (KB)
...
006 (452.382.000) 2022-04-05 14:28:19 Image size of job updated: 793012
	318  -  MemoryUsage of job (MB)
	325292  -  ResidentSetSize of job (KB)
...
006 (452.382.000) 2022-04-05 14:33:19 Image size of job updated: 793012
	318  -  MemoryUsage of job (MB)
	325556  -  ResidentSetSize of job (KB)
...
006 (452.382.000) 2022-04-05 14:38:19 Image size of job updated: 793012
	319  -  MemoryUsage of job (MB)
	325688  -  ResidentSetSize of job (KB)
...
006 (452.382.000) 2022-04-05 14:43:20 Image size of job updated: 793012
	319  -  MemoryUsage of job (MB)
	325952  -  ResidentSetSize of job (KB)
...
006 (452.382.000) 2022-04-05 14:48:21 Image size of job updated: 793012
	319  -  MemoryUsage of job (MB)
	326084  -  ResidentSetSize of job (KB)
...
006 (452.382.000) 2022-04-05 14:53:21 Image size of job updated: 793012
	319  -  MemoryUsage of job (MB)
	326216  -  ResidentSetSize of job (KB)
...
006 (452.382.000) 2022-04-05 14:58:22 Image size of job updated: 793012
	319  -  MemoryUsage of job (MB)
	326480  -  ResidentSetSize of job (KB)
...
006 (452.382.000) 2022-04-05 15:13:23 Image size of job updated: 793012
	319  -  MemoryUsage of job (MB)
	326612  -  ResidentSetSize of job (KB)
...
006 (452.382.000) 2022-04-05 15:18:24 Image size of job updated: 793012
	320  -  MemoryUsage of job (MB)
	326876  -  ResidentSetSize of job (KB)
...
006 (452.382.000) 2022-04-05 15:23:24 Image size of job updated: 793012
	320  -  MemoryUsage of job (MB)
	327008  -  ResidentSetSize of job (KB)
...
006 (452.382.000) 2022-04-05 15:28:24 Image size of job updated: 793012
	320  -  MemoryUsage of job (MB)
	327140  -  ResidentSetSize of job (KB)
...
006 (452.382.000) 2022-04-05 15:33:25 Image size of job updated: 793012
	320  -  MemoryUsage of job (MB)
	327272  -  ResidentSetSize of job (KB)
...
006 (452.382.000) 2022-04-05 15:38:25 Image size of job updated: 793012
	320  -  MemoryUsage of job (MB)
	327536  -  ResidentSetSize of job (KB)
...
006 (452.382.000) 2022-04-05 15:43:25 Image size of job updated: 793012
	320  -  MemoryUsage of job (MB)
	327668  -  ResidentSetSize of job (KB)
...
006 (452.382.000) 2022-04-05 15:48:26 Image size of job updated: 793012
	321  -  MemoryUsage of job (MB)
	327932  -  ResidentSetSize of job (KB)
...
006 (452.382.000) 2022-04-05 15:53:27 Image size of job updated: 793012
	321  -  MemoryUsage of job (MB)
	328064  -  ResidentSetSize of job (KB)
...
006 (452.382.000) 2022-04-05 15:58:27 Image size of job updated: 793012
	321  -  MemoryUsage of job (MB)
	328196  -  ResidentSetSize of job (KB)
...
006 (452.382.000) 2022-04-05 16:03:28 Image size of job updated: 793012
	321  -  MemoryUsage of job (MB)
	328328  -  ResidentSetSize of job (KB)
...
006 (452.382.000) 2022-04-05 16:08:29 Image size of job updated: 793012
	321  -  MemoryUsage of job (MB)
	328592  -  ResidentSetSize of job (KB)
...
006 (452.382.000) 2022-04-05 16:13:29 Image size of job updated: 793012
	322  -  MemoryUsage of job (MB)
	328724  -  ResidentSetSize of job (KB)
...
006 (452.382.000) 2022-04-05 16:18:29 Image size of job updated: 793012
	322  -  MemoryUsage of job (MB)
	328856  -  ResidentSetSize of job (KB)
...
006 (452.382.000) 2022-04-05 16:23:30 Image size of job updated: 793012
	322  -  MemoryUsage of job (MB)
	329120  -  ResidentSetSize of job (KB)
...
006 (452.382.000) 2022-04-05 16:28:30 Image size of job updated: 793012
	322  -  MemoryUsage of job (MB)
	329252  -  ResidentSetSize of job (KB)
...
005 (452.382.000) 2022-04-05 16:30:25 Job terminated.
	(1) Normal termination (return value 0)
		Usr 0 03:21:49, Sys 0 00:00:28  -  Run Remote Usage
		Usr 0 00:00:00, Sys 0 00:00:00  -  Run Local Usage
		Usr 0 03:21:49, Sys 0 00:00:28  -  Total Remote Usage
		Usr 0 00:00:00, Sys 0 00:00:00  -  Total Local Usage
	0  -  Run Bytes Sent By Job
	0  -  Run Bytes Received By Job
	0  -  Total Bytes Sent By Job
	0  -  Total Bytes Received By Job
	Partitionable Resources :    Usage  Request Allocated 
	   Cpus                 :     1.00        1         1 
	   Disk (KB)            :  7500        7500     10998 
	   Memory (MB)          :   322        1024      1024 

	Job terminated of its own accord at 2022-04-05T14:30:25Z with exit-code 0.
...
