000 (452.804.000) 2022-04-05 09:23:27 Job submitted from host: <10.18.24.243:9618?addrs=10.18.24.243-9618&alias=ecoclusts01.bioclust.biologie.ens.fr&noUDP&sock=schedd_1052_29b8>
...
001 (452.804.000) 2022-04-05 23:50:52 Job executing on host: <10.18.24.107:9618?addrs=10.18.24.107-9618&alias=ecoclust12.bioclust.biologie.ens.fr&noUDP&sock=startd_1065_1473>
...
006 (452.804.000) 2022-04-05 23:51:00 Image size of job updated: 204848
	50  -  MemoryUsage of job (MB)
	50620  -  ResidentSetSize of job (KB)
...
006 (452.804.000) 2022-04-05 23:55:59 Image size of job updated: 741620
	317  -  MemoryUsage of job (MB)
	324016  -  ResidentSetSize of job (KB)
...
006 (452.804.000) 2022-04-06 00:11:01 Image size of job updated: 741620
	317  -  MemoryUsage of job (MB)
	324040  -  ResidentSetSize of job (KB)
...
006 (452.804.000) 2022-04-06 00:16:01 Image size of job updated: 774388
	317  -  MemoryUsage of job (MB)
	324040  -  ResidentSetSize of job (KB)
...
006 (452.804.000) 2022-04-06 01:46:12 Image size of job updated: 774644
	317  -  MemoryUsage of job (MB)
	324172  -  ResidentSetSize of job (KB)
...
006 (452.804.000) 2022-04-06 01:56:13 Image size of job updated: 774644
	317  -  MemoryUsage of job (MB)
	324304  -  ResidentSetSize of job (KB)
...
006 (452.804.000) 2022-04-06 02:06:14 Image size of job updated: 774900
	317  -  MemoryUsage of job (MB)
	324304  -  ResidentSetSize of job (KB)
...
006 (452.804.000) 2022-04-06 02:11:14 Image size of job updated: 774900
	317  -  MemoryUsage of job (MB)
	324436  -  ResidentSetSize of job (KB)
...
006 (452.804.000) 2022-04-06 02:21:15 Image size of job updated: 774900
	317  -  MemoryUsage of job (MB)
	324568  -  ResidentSetSize of job (KB)
...
006 (452.804.000) 2022-04-06 02:26:15 Image size of job updated: 775156
	317  -  MemoryUsage of job (MB)
	324568  -  ResidentSetSize of job (KB)
...
006 (452.804.000) 2022-04-06 02:31:15 Image size of job updated: 775156
	318  -  MemoryUsage of job (MB)
	324700  -  ResidentSetSize of job (KB)
...
006 (452.804.000) 2022-04-06 02:41:17 Image size of job updated: 775156
	318  -  MemoryUsage of job (MB)
	324832  -  ResidentSetSize of job (KB)
...
006 (452.804.000) 2022-04-06 02:51:18 Image size of job updated: 775412
	318  -  MemoryUsage of job (MB)
	324832  -  ResidentSetSize of job (KB)
...
006 (452.804.000) 2022-04-06 02:56:19 Image size of job updated: 775412
	318  -  MemoryUsage of job (MB)
	324964  -  ResidentSetSize of job (KB)
...
006 (452.804.000) 2022-04-06 03:11:20 Image size of job updated: 775412
	318  -  MemoryUsage of job (MB)
	325096  -  ResidentSetSize of job (KB)
...
006 (452.804.000) 2022-04-06 03:16:21 Image size of job updated: 775668
	318  -  MemoryUsage of job (MB)
	325096  -  ResidentSetSize of job (KB)
...
006 (452.804.000) 2022-04-06 03:21:21 Image size of job updated: 775668
	318  -  MemoryUsage of job (MB)
	325228  -  ResidentSetSize of job (KB)
...
006 (452.804.000) 2022-04-06 03:31:23 Image size of job updated: 775668
	318  -  MemoryUsage of job (MB)
	325360  -  ResidentSetSize of job (KB)
...
006 (452.804.000) 2022-04-06 03:36:23 Image size of job updated: 775924
	318  -  MemoryUsage of job (MB)
	325360  -  ResidentSetSize of job (KB)
...
006 (452.804.000) 2022-04-06 03:41:23 Image size of job updated: 775924
	318  -  MemoryUsage of job (MB)
	325492  -  ResidentSetSize of job (KB)
...
006 (452.804.000) 2022-04-06 03:51:24 Image size of job updated: 775924
	318  -  MemoryUsage of job (MB)
	325624  -  ResidentSetSize of job (KB)
...
006 (452.804.000) 2022-04-06 03:56:24 Image size of job updated: 776180
	318  -  MemoryUsage of job (MB)
	325624  -  ResidentSetSize of job (KB)
...
006 (452.804.000) 2022-04-06 04:01:25 Image size of job updated: 776180
	319  -  MemoryUsage of job (MB)
	325756  -  ResidentSetSize of job (KB)
...
006 (452.804.000) 2022-04-06 04:11:26 Image size of job updated: 776436
	319  -  MemoryUsage of job (MB)
	325888  -  ResidentSetSize of job (KB)
...
006 (452.804.000) 2022-04-06 04:16:27 Image size of job updated: 776436
	319  -  MemoryUsage of job (MB)
	326020  -  ResidentSetSize of job (KB)
...
006 (452.804.000) 2022-04-06 04:26:28 Image size of job updated: 776436
	319  -  MemoryUsage of job (MB)
	326152  -  ResidentSetSize of job (KB)
...
006 (452.804.000) 2022-04-06 04:31:28 Image size of job updated: 776692
	319  -  MemoryUsage of job (MB)
	326152  -  ResidentSetSize of job (KB)
...
006 (452.804.000) 2022-04-06 04:36:29 Image size of job updated: 776692
	319  -  MemoryUsage of job (MB)
	326284  -  ResidentSetSize of job (KB)
...
006 (452.804.000) 2022-04-06 04:46:29 Image size of job updated: 776692
	319  -  MemoryUsage of job (MB)
	326416  -  ResidentSetSize of job (KB)
...
006 (452.804.000) 2022-04-06 04:51:30 Image size of job updated: 776948
	319  -  MemoryUsage of job (MB)
	326416  -  ResidentSetSize of job (KB)
...
006 (452.804.000) 2022-04-06 04:56:31 Image size of job updated: 776948
	319  -  MemoryUsage of job (MB)
	326548  -  ResidentSetSize of job (KB)
...
006 (452.804.000) 2022-04-06 05:21:33 Image size of job updated: 776948
	320  -  MemoryUsage of job (MB)
	326680  -  ResidentSetSize of job (KB)
...
006 (452.804.000) 2022-04-06 05:26:35 Image size of job updated: 777204
	320  -  MemoryUsage of job (MB)
	326680  -  ResidentSetSize of job (KB)
...
006 (452.804.000) 2022-04-06 05:31:35 Image size of job updated: 777204
	320  -  MemoryUsage of job (MB)
	326812  -  ResidentSetSize of job (KB)
...
006 (452.804.000) 2022-04-06 05:41:36 Image size of job updated: 777204
	320  -  MemoryUsage of job (MB)
	326944  -  ResidentSetSize of job (KB)
...
006 (452.804.000) 2022-04-06 05:46:37 Image size of job updated: 777460
	320  -  MemoryUsage of job (MB)
	326944  -  ResidentSetSize of job (KB)
...
006 (452.804.000) 2022-04-06 05:51:37 Image size of job updated: 777460
	320  -  MemoryUsage of job (MB)
	327076  -  ResidentSetSize of job (KB)
...
006 (452.804.000) 2022-04-06 06:01:39 Image size of job updated: 777716
	320  -  MemoryUsage of job (MB)
	327208  -  ResidentSetSize of job (KB)
...
006 (452.804.000) 2022-04-06 06:11:39 Image size of job updated: 777716
	320  -  MemoryUsage of job (MB)
	327340  -  ResidentSetSize of job (KB)
...
006 (452.804.000) 2022-04-06 06:16:40 Image size of job updated: 777716
	320  -  MemoryUsage of job (MB)
	327472  -  ResidentSetSize of job (KB)
...
006 (452.804.000) 2022-04-06 06:21:41 Image size of job updated: 777972
	320  -  MemoryUsage of job (MB)
	327472  -  ResidentSetSize of job (KB)
...
006 (452.804.000) 2022-04-06 06:26:41 Image size of job updated: 777972
	320  -  MemoryUsage of job (MB)
	327604  -  ResidentSetSize of job (KB)
...
006 (452.804.000) 2022-04-06 06:36:43 Image size of job updated: 778228
	321  -  MemoryUsage of job (MB)
	327736  -  ResidentSetSize of job (KB)
...
006 (452.804.000) 2022-04-06 06:41:43 Image size of job updated: 778228
	321  -  MemoryUsage of job (MB)
	327868  -  ResidentSetSize of job (KB)
...
006 (452.804.000) 2022-04-06 06:51:45 Image size of job updated: 778484
	321  -  MemoryUsage of job (MB)
	328000  -  ResidentSetSize of job (KB)
...
006 (452.804.000) 2022-04-06 07:01:45 Image size of job updated: 778484
	321  -  MemoryUsage of job (MB)
	328132  -  ResidentSetSize of job (KB)
...
006 (452.804.000) 2022-04-06 07:11:47 Image size of job updated: 778740
	321  -  MemoryUsage of job (MB)
	328264  -  ResidentSetSize of job (KB)
...
006 (452.804.000) 2022-04-06 07:21:48 Image size of job updated: 778740
	321  -  MemoryUsage of job (MB)
	328396  -  ResidentSetSize of job (KB)
...
006 (452.804.000) 2022-04-06 07:31:49 Image size of job updated: 778996
	321  -  MemoryUsage of job (MB)
	328528  -  ResidentSetSize of job (KB)
...
006 (452.804.000) 2022-04-06 07:41:50 Image size of job updated: 778996
	321  -  MemoryUsage of job (MB)
	328660  -  ResidentSetSize of job (KB)
...
006 (452.804.000) 2022-04-06 07:46:50 Image size of job updated: 779252
	322  -  MemoryUsage of job (MB)
	328792  -  ResidentSetSize of job (KB)
...
006 (452.804.000) 2022-04-06 08:01:52 Image size of job updated: 779252
	322  -  MemoryUsage of job (MB)
	328924  -  ResidentSetSize of job (KB)
...
006 (452.804.000) 2022-04-06 08:06:52 Image size of job updated: 779508
	322  -  MemoryUsage of job (MB)
	329056  -  ResidentSetSize of job (KB)
...
006 (452.804.000) 2022-04-06 08:16:54 Image size of job updated: 779508
	322  -  MemoryUsage of job (MB)
	329188  -  ResidentSetSize of job (KB)
...
006 (452.804.000) 2022-04-06 08:26:16 Image size of job updated: 779764
	322  -  MemoryUsage of job (MB)
	329188  -  ResidentSetSize of job (KB)
...
005 (452.804.000) 2022-04-06 08:26:16 Job terminated.
	(1) Normal termination (return value 0)
		Usr 0 08:33:30, Sys 0 00:00:59  -  Run Remote Usage
		Usr 0 00:00:00, Sys 0 00:00:00  -  Run Local Usage
		Usr 0 08:33:30, Sys 0 00:00:59  -  Total Remote Usage
		Usr 0 00:00:00, Sys 0 00:00:00  -  Total Local Usage
	0  -  Run Bytes Sent By Job
	0  -  Run Bytes Received By Job
	0  -  Total Bytes Sent By Job
	0  -  Total Bytes Received By Job
	Partitionable Resources :    Usage  Request Allocated 
	   Cpus                 :     1.00        1         1 
	   Disk (KB)            :  7500        7500     10998 
	   Memory (MB)          :   322        1024      1024 

	Job terminated of its own accord at 2022-04-06T06:26:16Z with exit-code 0.
...
