000 (452.546.000) 2022-04-05 09:23:26 Job submitted from host: <10.18.24.243:9618?addrs=10.18.24.243-9618&alias=ecoclusts01.bioclust.biologie.ens.fr&noUDP&sock=schedd_1052_29b8>
...
001 (452.546.000) 2022-04-05 18:43:18 Job executing on host: <10.18.24.137:9618?addrs=10.18.24.137-9618&alias=dyoclust10.bioclust.biologie.ens.fr&noUDP&sock=startd_830_e3b2>
...
006 (452.546.000) 2022-04-05 18:43:27 Image size of job updated: 303952
	297  -  MemoryUsage of job (MB)
	303952  -  ResidentSetSize of job (KB)
...
006 (452.546.000) 2022-04-05 18:48:28 Image size of job updated: 843208
	317  -  MemoryUsage of job (MB)
	324336  -  ResidentSetSize of job (KB)
...
006 (452.546.000) 2022-04-05 18:53:28 Image size of job updated: 843208
	317  -  MemoryUsage of job (MB)
	324360  -  ResidentSetSize of job (KB)
...
006 (452.546.000) 2022-04-05 19:33:31 Image size of job updated: 843208
	318  -  MemoryUsage of job (MB)
	324624  -  ResidentSetSize of job (KB)
...
006 (452.546.000) 2022-04-05 19:38:32 Image size of job updated: 843208
	318  -  MemoryUsage of job (MB)
	324756  -  ResidentSetSize of job (KB)
...
006 (452.546.000) 2022-04-05 19:43:33 Image size of job updated: 843208
	318  -  MemoryUsage of job (MB)
	324888  -  ResidentSetSize of job (KB)
...
006 (452.546.000) 2022-04-05 19:48:33 Image size of job updated: 843208
	318  -  MemoryUsage of job (MB)
	325152  -  ResidentSetSize of job (KB)
...
006 (452.546.000) 2022-04-05 19:53:34 Image size of job updated: 843208
	318  -  MemoryUsage of job (MB)
	325416  -  ResidentSetSize of job (KB)
...
006 (452.546.000) 2022-04-05 19:58:35 Image size of job updated: 843208
	318  -  MemoryUsage of job (MB)
	325548  -  ResidentSetSize of job (KB)
...
006 (452.546.000) 2022-04-05 20:03:35 Image size of job updated: 843208
	319  -  MemoryUsage of job (MB)
	325812  -  ResidentSetSize of job (KB)
...
006 (452.546.000) 2022-04-05 20:08:35 Image size of job updated: 843208
	319  -  MemoryUsage of job (MB)
	325944  -  ResidentSetSize of job (KB)
...
006 (452.546.000) 2022-04-05 20:13:36 Image size of job updated: 843208
	319  -  MemoryUsage of job (MB)
	326208  -  ResidentSetSize of job (KB)
...
006 (452.546.000) 2022-04-05 20:18:37 Image size of job updated: 843208
	319  -  MemoryUsage of job (MB)
	326472  -  ResidentSetSize of job (KB)
...
006 (452.546.000) 2022-04-05 20:23:37 Image size of job updated: 843208
	319  -  MemoryUsage of job (MB)
	326604  -  ResidentSetSize of job (KB)
...
006 (452.546.000) 2022-04-05 20:33:38 Image size of job updated: 843208
	320  -  MemoryUsage of job (MB)
	326736  -  ResidentSetSize of job (KB)
...
006 (452.546.000) 2022-04-05 20:38:38 Image size of job updated: 843208
	320  -  MemoryUsage of job (MB)
	327000  -  ResidentSetSize of job (KB)
...
006 (452.546.000) 2022-04-05 20:43:38 Image size of job updated: 843208
	320  -  MemoryUsage of job (MB)
	327132  -  ResidentSetSize of job (KB)
...
006 (452.546.000) 2022-04-05 20:48:39 Image size of job updated: 843208
	320  -  MemoryUsage of job (MB)
	327396  -  ResidentSetSize of job (KB)
...
006 (452.546.000) 2022-04-05 20:53:40 Image size of job updated: 843208
	320  -  MemoryUsage of job (MB)
	327528  -  ResidentSetSize of job (KB)
...
006 (452.546.000) 2022-04-05 20:58:40 Image size of job updated: 843208
	321  -  MemoryUsage of job (MB)
	327792  -  ResidentSetSize of job (KB)
...
006 (452.546.000) 2022-04-05 21:03:41 Image size of job updated: 843208
	321  -  MemoryUsage of job (MB)
	327924  -  ResidentSetSize of job (KB)
...
006 (452.546.000) 2022-04-05 21:08:42 Image size of job updated: 843208
	321  -  MemoryUsage of job (MB)
	328056  -  ResidentSetSize of job (KB)
...
006 (452.546.000) 2022-04-05 21:13:42 Image size of job updated: 843208
	321  -  MemoryUsage of job (MB)
	328320  -  ResidentSetSize of job (KB)
...
006 (452.546.000) 2022-04-05 21:18:42 Image size of job updated: 843208
	321  -  MemoryUsage of job (MB)
	328452  -  ResidentSetSize of job (KB)
...
006 (452.546.000) 2022-04-05 21:23:43 Image size of job updated: 843208
	322  -  MemoryUsage of job (MB)
	328716  -  ResidentSetSize of job (KB)
...
006 (452.546.000) 2022-04-05 21:28:44 Image size of job updated: 843208
	322  -  MemoryUsage of job (MB)
	328848  -  ResidentSetSize of job (KB)
...
006 (452.546.000) 2022-04-05 21:33:44 Image size of job updated: 843208
	322  -  MemoryUsage of job (MB)
	329112  -  ResidentSetSize of job (KB)
...
006 (452.546.000) 2022-04-05 21:38:45 Image size of job updated: 843208
	322  -  MemoryUsage of job (MB)
	329244  -  ResidentSetSize of job (KB)
...
005 (452.546.000) 2022-04-05 21:39:18 Job terminated.
	(1) Normal termination (return value 0)
		Usr 0 02:54:27, Sys 0 00:00:34  -  Run Remote Usage
		Usr 0 00:00:00, Sys 0 00:00:00  -  Run Local Usage
		Usr 0 02:54:27, Sys 0 00:00:34  -  Total Remote Usage
		Usr 0 00:00:00, Sys 0 00:00:00  -  Total Local Usage
	0  -  Run Bytes Sent By Job
	0  -  Run Bytes Received By Job
	0  -  Total Bytes Sent By Job
	0  -  Total Bytes Received By Job
	Partitionable Resources :    Usage  Request Allocated 
	   Cpus                 :     1.00        1         1 
	   Disk (KB)            :  7500        7500     10999 
	   Memory (MB)          :   322        1024      1024 

	Job terminated of its own accord at 2022-04-05T19:39:18Z with exit-code 0.
...
