000 (452.124.000) 2022-04-05 09:23:24 Job submitted from host: <10.18.24.243:9618?addrs=10.18.24.243-9618&alias=ecoclusts01.bioclust.biologie.ens.fr&noUDP&sock=schedd_1052_29b8>
...
001 (452.124.000) 2022-04-05 09:23:34 Job executing on host: <10.18.24.31:9618?addrs=10.18.24.31-9618&alias=bioclust31.bioclust.biologie.ens.fr&noUDP&sock=startd_2248324_d5bc>
...
006 (452.124.000) 2022-04-05 09:23:43 Image size of job updated: 312584
	76  -  MemoryUsage of job (MB)
	77092  -  ResidentSetSize of job (KB)
...
006 (452.124.000) 2022-04-05 09:28:44 Image size of job updated: 741880
	302  -  MemoryUsage of job (MB)
	308564  -  ResidentSetSize of job (KB)
...
006 (452.124.000) 2022-04-05 09:33:45 Image size of job updated: 774648
	317  -  MemoryUsage of job (MB)
	324376  -  ResidentSetSize of job (KB)
...
006 (452.124.000) 2022-04-05 10:48:52 Image size of job updated: 774904
	317  -  MemoryUsage of job (MB)
	324376  -  ResidentSetSize of job (KB)
...
006 (452.124.000) 2022-04-05 10:53:52 Image size of job updated: 774904
	317  -  MemoryUsage of job (MB)
	324508  -  ResidentSetSize of job (KB)
...
006 (452.124.000) 2022-04-05 10:58:53 Image size of job updated: 775160
	318  -  MemoryUsage of job (MB)
	324772  -  ResidentSetSize of job (KB)
...
006 (452.124.000) 2022-04-05 11:03:53 Image size of job updated: 775160
	318  -  MemoryUsage of job (MB)
	324904  -  ResidentSetSize of job (KB)
...
006 (452.124.000) 2022-04-05 11:08:53 Image size of job updated: 775416
	318  -  MemoryUsage of job (MB)
	325036  -  ResidentSetSize of job (KB)
...
006 (452.124.000) 2022-04-05 11:13:54 Image size of job updated: 775672
	318  -  MemoryUsage of job (MB)
	325168  -  ResidentSetSize of job (KB)
...
006 (452.124.000) 2022-04-05 11:18:55 Image size of job updated: 775672
	318  -  MemoryUsage of job (MB)
	325432  -  ResidentSetSize of job (KB)
...
006 (452.124.000) 2022-04-05 11:23:55 Image size of job updated: 775928
	318  -  MemoryUsage of job (MB)
	325432  -  ResidentSetSize of job (KB)
...
006 (452.124.000) 2022-04-05 11:28:56 Image size of job updated: 776184
	319  -  MemoryUsage of job (MB)
	325696  -  ResidentSetSize of job (KB)
...
006 (452.124.000) 2022-04-05 11:33:57 Image size of job updated: 776184
	319  -  MemoryUsage of job (MB)
	325828  -  ResidentSetSize of job (KB)
...
006 (452.124.000) 2022-04-05 11:38:57 Image size of job updated: 776440
	319  -  MemoryUsage of job (MB)
	325960  -  ResidentSetSize of job (KB)
...
006 (452.124.000) 2022-04-05 11:43:57 Image size of job updated: 776440
	319  -  MemoryUsage of job (MB)
	326092  -  ResidentSetSize of job (KB)
...
006 (452.124.000) 2022-04-05 11:48:58 Image size of job updated: 776696
	319  -  MemoryUsage of job (MB)
	326224  -  ResidentSetSize of job (KB)
...
006 (452.124.000) 2022-04-05 11:53:59 Image size of job updated: 776952
	319  -  MemoryUsage of job (MB)
	326488  -  ResidentSetSize of job (KB)
...
006 (452.124.000) 2022-04-05 11:58:59 Image size of job updated: 776952
	319  -  MemoryUsage of job (MB)
	326620  -  ResidentSetSize of job (KB)
...
006 (452.124.000) 2022-04-05 12:14:01 Image size of job updated: 777208
	320  -  MemoryUsage of job (MB)
	326752  -  ResidentSetSize of job (KB)
...
006 (452.124.000) 2022-04-05 12:19:01 Image size of job updated: 777208
	320  -  MemoryUsage of job (MB)
	326884  -  ResidentSetSize of job (KB)
...
006 (452.124.000) 2022-04-05 12:24:02 Image size of job updated: 777464
	320  -  MemoryUsage of job (MB)
	327016  -  ResidentSetSize of job (KB)
...
006 (452.124.000) 2022-04-05 12:29:02 Image size of job updated: 777464
	320  -  MemoryUsage of job (MB)
	327148  -  ResidentSetSize of job (KB)
...
006 (452.124.000) 2022-04-05 12:34:02 Image size of job updated: 777720
	320  -  MemoryUsage of job (MB)
	327412  -  ResidentSetSize of job (KB)
...
006 (452.124.000) 2022-04-05 12:39:03 Image size of job updated: 777976
	320  -  MemoryUsage of job (MB)
	327676  -  ResidentSetSize of job (KB)
...
006 (452.124.000) 2022-04-05 12:44:04 Image size of job updated: 778232
	321  -  MemoryUsage of job (MB)
	327940  -  ResidentSetSize of job (KB)
...
006 (452.124.000) 2022-04-05 12:49:04 Image size of job updated: 778744
	321  -  MemoryUsage of job (MB)
	328204  -  ResidentSetSize of job (KB)
...
006 (452.124.000) 2022-04-05 12:54:05 Image size of job updated: 779000
	321  -  MemoryUsage of job (MB)
	328600  -  ResidentSetSize of job (KB)
...
006 (452.124.000) 2022-04-05 12:59:06 Image size of job updated: 779256
	322  -  MemoryUsage of job (MB)
	328864  -  ResidentSetSize of job (KB)
...
006 (452.124.000) 2022-04-05 13:04:06 Image size of job updated: 779512
	322  -  MemoryUsage of job (MB)
	329260  -  ResidentSetSize of job (KB)
...
006 (452.124.000) 2022-04-05 13:05:33 Image size of job updated: 779768
	322  -  MemoryUsage of job (MB)
	329260  -  ResidentSetSize of job (KB)
...
005 (452.124.000) 2022-04-05 13:05:33 Job terminated.
	(1) Normal termination (return value 0)
		Usr 0 03:40:44, Sys 0 00:00:55  -  Run Remote Usage
		Usr 0 00:00:00, Sys 0 00:00:00  -  Run Local Usage
		Usr 0 03:40:44, Sys 0 00:00:55  -  Total Remote Usage
		Usr 0 00:00:00, Sys 0 00:00:00  -  Total Local Usage
	0  -  Run Bytes Sent By Job
	0  -  Run Bytes Received By Job
	0  -  Total Bytes Sent By Job
	0  -  Total Bytes Received By Job
	Partitionable Resources :    Usage  Request Allocated 
	   Cpus                 :     1.00        1         1 
	   Disk (KB)            :  7500        7500      9276 
	   Memory (MB)          :   322        1024      1024 

	Job terminated of its own accord at 2022-04-05T11:05:33Z with exit-code 0.
...
