000 (452.919.000) 2022-04-05 09:23:27 Job submitted from host: <10.18.24.243:9618?addrs=10.18.24.243-9618&alias=ecoclusts01.bioclust.biologie.ens.fr&noUDP&sock=schedd_1052_29b8>
...
001 (452.919.000) 2022-04-06 02:14:57 Job executing on host: <10.18.24.142:9618?addrs=10.18.24.142-9618&alias=dyoclust15.bioclust.biologie.ens.fr&noUDP&sock=startd_768_5cd3>
...
006 (452.919.000) 2022-04-06 02:15:06 Image size of job updated: 312964
	306  -  MemoryUsage of job (MB)
	312964  -  ResidentSetSize of job (KB)
...
006 (452.919.000) 2022-04-06 02:20:07 Image size of job updated: 741880
	317  -  MemoryUsage of job (MB)
	324276  -  ResidentSetSize of job (KB)
...
006 (452.919.000) 2022-04-06 02:25:07 Image size of job updated: 774648
	317  -  MemoryUsage of job (MB)
	324408  -  ResidentSetSize of job (KB)
...
006 (452.919.000) 2022-04-06 03:05:10 Image size of job updated: 774904
	317  -  MemoryUsage of job (MB)
	324408  -  ResidentSetSize of job (KB)
...
006 (452.919.000) 2022-04-06 03:10:11 Image size of job updated: 775160
	318  -  MemoryUsage of job (MB)
	324672  -  ResidentSetSize of job (KB)
...
006 (452.919.000) 2022-04-06 03:15:12 Image size of job updated: 775160
	318  -  MemoryUsage of job (MB)
	324804  -  ResidentSetSize of job (KB)
...
006 (452.919.000) 2022-04-06 03:20:12 Image size of job updated: 775416
	318  -  MemoryUsage of job (MB)
	325068  -  ResidentSetSize of job (KB)
...
006 (452.919.000) 2022-04-06 03:25:12 Image size of job updated: 775672
	318  -  MemoryUsage of job (MB)
	325332  -  ResidentSetSize of job (KB)
...
006 (452.919.000) 2022-04-06 03:30:13 Image size of job updated: 775928
	318  -  MemoryUsage of job (MB)
	325464  -  ResidentSetSize of job (KB)
...
006 (452.919.000) 2022-04-06 03:35:14 Image size of job updated: 776184
	319  -  MemoryUsage of job (MB)
	325728  -  ResidentSetSize of job (KB)
...
006 (452.919.000) 2022-04-06 03:40:14 Image size of job updated: 776440
	319  -  MemoryUsage of job (MB)
	325992  -  ResidentSetSize of job (KB)
...
006 (452.919.000) 2022-04-06 03:45:15 Image size of job updated: 776696
	319  -  MemoryUsage of job (MB)
	326124  -  ResidentSetSize of job (KB)
...
006 (452.919.000) 2022-04-06 03:50:16 Image size of job updated: 776952
	319  -  MemoryUsage of job (MB)
	326388  -  ResidentSetSize of job (KB)
...
006 (452.919.000) 2022-04-06 03:55:16 Image size of job updated: 776952
	319  -  MemoryUsage of job (MB)
	326464  -  ResidentSetSize of job (KB)
...
006 (452.919.000) 2022-04-06 04:00:16 Image size of job updated: 776952
	319  -  MemoryUsage of job (MB)
	326596  -  ResidentSetSize of job (KB)
...
006 (452.919.000) 2022-04-06 04:05:17 Image size of job updated: 777208
	320  -  MemoryUsage of job (MB)
	326728  -  ResidentSetSize of job (KB)
...
006 (452.919.000) 2022-04-06 04:10:17 Image size of job updated: 777464
	320  -  MemoryUsage of job (MB)
	326992  -  ResidentSetSize of job (KB)
...
006 (452.919.000) 2022-04-06 04:15:17 Image size of job updated: 777464
	320  -  MemoryUsage of job (MB)
	327124  -  ResidentSetSize of job (KB)
...
006 (452.919.000) 2022-04-06 04:20:18 Image size of job updated: 777720
	320  -  MemoryUsage of job (MB)
	327388  -  ResidentSetSize of job (KB)
...
006 (452.919.000) 2022-04-06 04:25:19 Image size of job updated: 777976
	320  -  MemoryUsage of job (MB)
	327520  -  ResidentSetSize of job (KB)
...
006 (452.919.000) 2022-04-06 04:30:19 Image size of job updated: 778232
	320  -  MemoryUsage of job (MB)
	327652  -  ResidentSetSize of job (KB)
...
006 (452.919.000) 2022-04-06 04:35:20 Image size of job updated: 778232
	321  -  MemoryUsage of job (MB)
	327916  -  ResidentSetSize of job (KB)
...
006 (452.919.000) 2022-04-06 04:40:21 Image size of job updated: 778488
	321  -  MemoryUsage of job (MB)
	328180  -  ResidentSetSize of job (KB)
...
006 (452.919.000) 2022-04-06 04:45:21 Image size of job updated: 778744
	321  -  MemoryUsage of job (MB)
	328312  -  ResidentSetSize of job (KB)
...
006 (452.919.000) 2022-04-06 04:50:21 Image size of job updated: 779000
	321  -  MemoryUsage of job (MB)
	328576  -  ResidentSetSize of job (KB)
...
006 (452.919.000) 2022-04-06 04:55:22 Image size of job updated: 779256
	322  -  MemoryUsage of job (MB)
	328708  -  ResidentSetSize of job (KB)
...
006 (452.919.000) 2022-04-06 05:00:23 Image size of job updated: 779256
	322  -  MemoryUsage of job (MB)
	328972  -  ResidentSetSize of job (KB)
...
006 (452.919.000) 2022-04-06 05:05:23 Image size of job updated: 779512
	322  -  MemoryUsage of job (MB)
	329104  -  ResidentSetSize of job (KB)
...
006 (452.919.000) 2022-04-06 05:08:27 Image size of job updated: 779768
	322  -  MemoryUsage of job (MB)
	329104  -  ResidentSetSize of job (KB)
...
005 (452.919.000) 2022-04-06 05:08:27 Job terminated.
	(1) Normal termination (return value 0)
		Usr 0 02:51:45, Sys 0 00:00:24  -  Run Remote Usage
		Usr 0 00:00:00, Sys 0 00:00:00  -  Run Local Usage
		Usr 0 02:51:45, Sys 0 00:00:24  -  Total Remote Usage
		Usr 0 00:00:00, Sys 0 00:00:00  -  Total Local Usage
	0  -  Run Bytes Sent By Job
	0  -  Run Bytes Received By Job
	0  -  Total Bytes Sent By Job
	0  -  Total Bytes Received By Job
	Partitionable Resources :    Usage  Request Allocated 
	   Cpus                 :     1.00        1         1 
	   Disk (KB)            :  7500        7500     10998 
	   Memory (MB)          :   322        1024      1024 

	Job terminated of its own accord at 2022-04-06T03:08:27Z with exit-code 0.
...
