000 (452.328.000) 2022-04-05 09:23:25 Job submitted from host: <10.18.24.243:9618?addrs=10.18.24.243-9618&alias=ecoclusts01.bioclust.biologie.ens.fr&noUDP&sock=schedd_1052_29b8>
...
001 (452.328.000) 2022-04-05 12:51:19 Job executing on host: <10.18.24.103:9618?addrs=10.18.24.103-9618&alias=ecoclust08.bioclust.biologie.ens.fr&noUDP&sock=startd_1072_e19d>
...
006 (452.328.000) 2022-04-05 12:51:28 Image size of job updated: 203900
	64  -  MemoryUsage of job (MB)
	64740  -  ResidentSetSize of job (KB)
...
006 (452.328.000) 2022-04-05 12:56:29 Image size of job updated: 741876
	315  -  MemoryUsage of job (MB)
	322356  -  ResidentSetSize of job (KB)
...
006 (452.328.000) 2022-04-05 13:01:30 Image size of job updated: 741876
	317  -  MemoryUsage of job (MB)
	324360  -  ResidentSetSize of job (KB)
...
006 (452.328.000) 2022-04-05 13:06:30 Image size of job updated: 774644
	317  -  MemoryUsage of job (MB)
	324360  -  ResidentSetSize of job (KB)
...
006 (452.328.000) 2022-04-05 14:01:35 Image size of job updated: 774900
	317  -  MemoryUsage of job (MB)
	324492  -  ResidentSetSize of job (KB)
...
006 (452.328.000) 2022-04-05 14:06:36 Image size of job updated: 775156
	318  -  MemoryUsage of job (MB)
	324624  -  ResidentSetSize of job (KB)
...
006 (452.328.000) 2022-04-05 14:11:37 Image size of job updated: 775156
	318  -  MemoryUsage of job (MB)
	324756  -  ResidentSetSize of job (KB)
...
006 (452.328.000) 2022-04-05 14:16:37 Image size of job updated: 775412
	318  -  MemoryUsage of job (MB)
	324888  -  ResidentSetSize of job (KB)
...
006 (452.328.000) 2022-04-05 14:21:37 Image size of job updated: 775412
	318  -  MemoryUsage of job (MB)
	325020  -  ResidentSetSize of job (KB)
...
006 (452.328.000) 2022-04-05 14:26:38 Image size of job updated: 775668
	318  -  MemoryUsage of job (MB)
	325152  -  ResidentSetSize of job (KB)
...
006 (452.328.000) 2022-04-05 14:31:38 Image size of job updated: 775924
	318  -  MemoryUsage of job (MB)
	325416  -  ResidentSetSize of job (KB)
...
006 (452.328.000) 2022-04-05 14:36:38 Image size of job updated: 775924
	319  -  MemoryUsage of job (MB)
	325680  -  ResidentSetSize of job (KB)
...
006 (452.328.000) 2022-04-05 14:41:39 Image size of job updated: 776180
	319  -  MemoryUsage of job (MB)
	325812  -  ResidentSetSize of job (KB)
...
006 (452.328.000) 2022-04-05 14:46:40 Image size of job updated: 776436
	319  -  MemoryUsage of job (MB)
	325944  -  ResidentSetSize of job (KB)
...
006 (452.328.000) 2022-04-05 14:51:40 Image size of job updated: 776436
	319  -  MemoryUsage of job (MB)
	326076  -  ResidentSetSize of job (KB)
...
006 (452.328.000) 2022-04-05 14:56:41 Image size of job updated: 776692
	319  -  MemoryUsage of job (MB)
	326340  -  ResidentSetSize of job (KB)
...
006 (452.328.000) 2022-04-05 15:01:42 Image size of job updated: 776948
	319  -  MemoryUsage of job (MB)
	326472  -  ResidentSetSize of job (KB)
...
006 (452.328.000) 2022-04-05 15:16:43 Image size of job updated: 776948
	319  -  MemoryUsage of job (MB)
	326588  -  ResidentSetSize of job (KB)
...
006 (452.328.000) 2022-04-05 15:21:43 Image size of job updated: 777204
	320  -  MemoryUsage of job (MB)
	326720  -  ResidentSetSize of job (KB)
...
006 (452.328.000) 2022-04-05 15:26:43 Image size of job updated: 777204
	320  -  MemoryUsage of job (MB)
	326852  -  ResidentSetSize of job (KB)
...
006 (452.328.000) 2022-04-05 15:31:44 Image size of job updated: 777460
	320  -  MemoryUsage of job (MB)
	326984  -  ResidentSetSize of job (KB)
...
006 (452.328.000) 2022-04-05 15:36:45 Image size of job updated: 777460
	320  -  MemoryUsage of job (MB)
	327116  -  ResidentSetSize of job (KB)
...
006 (452.328.000) 2022-04-05 15:41:45 Image size of job updated: 777716
	320  -  MemoryUsage of job (MB)
	327248  -  ResidentSetSize of job (KB)
...
006 (452.328.000) 2022-04-05 15:46:46 Image size of job updated: 777972
	320  -  MemoryUsage of job (MB)
	327512  -  ResidentSetSize of job (KB)
...
006 (452.328.000) 2022-04-05 15:51:47 Image size of job updated: 777972
	320  -  MemoryUsage of job (MB)
	327644  -  ResidentSetSize of job (KB)
...
006 (452.328.000) 2022-04-05 15:56:47 Image size of job updated: 778228
	321  -  MemoryUsage of job (MB)
	327776  -  ResidentSetSize of job (KB)
...
006 (452.328.000) 2022-04-05 16:01:47 Image size of job updated: 778228
	321  -  MemoryUsage of job (MB)
	327908  -  ResidentSetSize of job (KB)
...
006 (452.328.000) 2022-04-05 16:06:48 Image size of job updated: 778484
	321  -  MemoryUsage of job (MB)
	328040  -  ResidentSetSize of job (KB)
...
006 (452.328.000) 2022-04-05 16:11:48 Image size of job updated: 778484
	321  -  MemoryUsage of job (MB)
	328172  -  ResidentSetSize of job (KB)
...
006 (452.328.000) 2022-04-05 16:16:48 Image size of job updated: 778740
	321  -  MemoryUsage of job (MB)
	328304  -  ResidentSetSize of job (KB)
...
006 (452.328.000) 2022-04-05 16:21:50 Image size of job updated: 778996
	321  -  MemoryUsage of job (MB)
	328436  -  ResidentSetSize of job (KB)
...
006 (452.328.000) 2022-04-05 16:26:50 Image size of job updated: 778996
	321  -  MemoryUsage of job (MB)
	328568  -  ResidentSetSize of job (KB)
...
006 (452.328.000) 2022-04-05 16:31:50 Image size of job updated: 779252
	322  -  MemoryUsage of job (MB)
	328832  -  ResidentSetSize of job (KB)
...
006 (452.328.000) 2022-04-05 16:41:52 Image size of job updated: 779508
	322  -  MemoryUsage of job (MB)
	328964  -  ResidentSetSize of job (KB)
...
006 (452.328.000) 2022-04-05 16:46:52 Image size of job updated: 779508
	322  -  MemoryUsage of job (MB)
	329228  -  ResidentSetSize of job (KB)
...
006 (452.328.000) 2022-04-05 16:50:00 Image size of job updated: 779764
	322  -  MemoryUsage of job (MB)
	329228  -  ResidentSetSize of job (KB)
...
005 (452.328.000) 2022-04-05 16:50:00 Job terminated.
	(1) Normal termination (return value 0)
		Usr 0 03:57:53, Sys 0 00:00:37  -  Run Remote Usage
		Usr 0 00:00:00, Sys 0 00:00:00  -  Run Local Usage
		Usr 0 03:57:53, Sys 0 00:00:37  -  Total Remote Usage
		Usr 0 00:00:00, Sys 0 00:00:00  -  Total Local Usage
	0  -  Run Bytes Sent By Job
	0  -  Run Bytes Received By Job
	0  -  Total Bytes Sent By Job
	0  -  Total Bytes Received By Job
	Partitionable Resources :    Usage  Request Allocated 
	   Cpus                 :     1.00        1         1 
	   Disk (KB)            :  7500        7500     10549 
	   Memory (MB)          :   322        1024      1024 

	Job terminated of its own accord at 2022-04-05T14:50:00Z with exit-code 0.
...
