000 (452.596.000) 2022-04-05 09:23:26 Job submitted from host: <10.18.24.243:9618?addrs=10.18.24.243-9618&alias=ecoclusts01.bioclust.biologie.ens.fr&noUDP&sock=schedd_1052_29b8>
...
001 (452.596.000) 2022-04-05 19:17:43 Job executing on host: <10.18.24.176:9618?addrs=10.18.24.176-9618&alias=mcbsclust05.bioclust.biologie.ens.fr&noUDP&sock=startd_869_a3e3>
...
006 (452.596.000) 2022-04-05 19:17:51 Image size of job updated: 219924
	215  -  MemoryUsage of job (MB)
	219924  -  ResidentSetSize of job (KB)
...
006 (452.596.000) 2022-04-05 19:22:51 Image size of job updated: 741876
	317  -  MemoryUsage of job (MB)
	324300  -  ResidentSetSize of job (KB)
...
005 (452.596.000) 2022-04-05 19:27:26 Job terminated.
	(1) Normal termination (return value 0)
		Usr 0 00:09:23, Sys 0 00:00:14  -  Run Remote Usage
		Usr 0 00:00:00, Sys 0 00:00:00  -  Run Local Usage
		Usr 0 00:09:23, Sys 0 00:00:14  -  Total Remote Usage
		Usr 0 00:00:00, Sys 0 00:00:00  -  Total Local Usage
	0  -  Run Bytes Sent By Job
	0  -  Run Bytes Received By Job
	0  -  Total Bytes Sent By Job
	0  -  Total Bytes Received By Job
	Partitionable Resources :    Usage  Request Allocated 
	   Cpus                 :     1.00        1         1 
	   Disk (KB)            :  7500        7500     11001 
	   Memory (MB)          :   317        1024      1024 

	Job terminated of its own accord at 2022-04-05T17:27:25Z with exit-code 0.
...
