000 (452.703.000) 2022-04-05 09:23:26 Job submitted from host: <10.18.24.243:9618?addrs=10.18.24.243-9618&alias=ecoclusts01.bioclust.biologie.ens.fr&noUDP&sock=schedd_1052_29b8>
...
001 (452.703.000) 2022-04-05 21:58:51 Job executing on host: <10.18.24.175:9618?addrs=10.18.24.175-9618&alias=mcbsclust04.bioclust.biologie.ens.fr&noUDP&sock=startd_869_a3e3>
...
006 (452.703.000) 2022-04-05 21:58:59 Image size of job updated: 219228
	84  -  MemoryUsage of job (MB)
	85500  -  ResidentSetSize of job (KB)
...
006 (452.703.000) 2022-04-05 22:03:59 Image size of job updated: 792504
	317  -  MemoryUsage of job (MB)
	324332  -  ResidentSetSize of job (KB)
...
005 (452.703.000) 2022-04-05 22:11:20 Job terminated.
	(1) Normal termination (return value 0)
		Usr 0 00:11:59, Sys 0 00:00:24  -  Run Remote Usage
		Usr 0 00:00:00, Sys 0 00:00:00  -  Run Local Usage
		Usr 0 00:11:59, Sys 0 00:00:24  -  Total Remote Usage
		Usr 0 00:00:00, Sys 0 00:00:00  -  Total Local Usage
	0  -  Run Bytes Sent By Job
	0  -  Run Bytes Received By Job
	0  -  Total Bytes Sent By Job
	0  -  Total Bytes Received By Job
	Partitionable Resources :    Usage  Request Allocated 
	   Cpus                 :     1.00        1         1 
	   Disk (KB)            :  7500        7500     10998 
	   Memory (MB)          :   317        1024      1024 

	Job terminated of its own accord at 2022-04-05T20:11:20Z with exit-code 0.
...
