000 (452.495.000) 2022-04-05 09:23:26 Job submitted from host: <10.18.24.243:9618?addrs=10.18.24.243-9618&alias=ecoclusts01.bioclust.biologie.ens.fr&noUDP&sock=schedd_1052_29b8>
...
001 (452.495.000) 2022-04-05 17:34:05 Job executing on host: <10.18.24.178:9618?addrs=10.18.24.178-9618&alias=mcbsclust07.bioclust.biologie.ens.fr&noUDP&sock=startd_912_2276>
...
006 (452.495.000) 2022-04-05 17:34:13 Image size of job updated: 201744
	198  -  MemoryUsage of job (MB)
	201744  -  ResidentSetSize of job (KB)
...
006 (452.495.000) 2022-04-05 17:39:13 Image size of job updated: 741876
	317  -  MemoryUsage of job (MB)
	324296  -  ResidentSetSize of job (KB)
...
006 (452.495.000) 2022-04-05 17:44:14 Image size of job updated: 774644
	317  -  MemoryUsage of job (MB)
	324296  -  ResidentSetSize of job (KB)
...
006 (452.495.000) 2022-04-05 18:54:22 Image size of job updated: 774900
	317  -  MemoryUsage of job (MB)
	324428  -  ResidentSetSize of job (KB)
...
006 (452.495.000) 2022-04-05 18:59:23 Image size of job updated: 774900
	317  -  MemoryUsage of job (MB)
	324560  -  ResidentSetSize of job (KB)
...
006 (452.495.000) 2022-04-05 19:04:23 Image size of job updated: 775156
	318  -  MemoryUsage of job (MB)
	324692  -  ResidentSetSize of job (KB)
...
006 (452.495.000) 2022-04-05 19:09:23 Image size of job updated: 775156
	318  -  MemoryUsage of job (MB)
	324824  -  ResidentSetSize of job (KB)
...
006 (452.495.000) 2022-04-05 19:14:24 Image size of job updated: 775412
	318  -  MemoryUsage of job (MB)
	324956  -  ResidentSetSize of job (KB)
...
006 (452.495.000) 2022-04-05 19:24:25 Image size of job updated: 775668
	318  -  MemoryUsage of job (MB)
	325088  -  ResidentSetSize of job (KB)
...
006 (452.495.000) 2022-04-05 19:29:26 Image size of job updated: 775668
	318  -  MemoryUsage of job (MB)
	325220  -  ResidentSetSize of job (KB)
...
006 (452.495.000) 2022-04-05 19:34:27 Image size of job updated: 775668
	318  -  MemoryUsage of job (MB)
	325352  -  ResidentSetSize of job (KB)
...
006 (452.495.000) 2022-04-05 19:39:27 Image size of job updated: 775924
	318  -  MemoryUsage of job (MB)
	325484  -  ResidentSetSize of job (KB)
...
006 (452.495.000) 2022-04-05 19:44:27 Image size of job updated: 775924
	318  -  MemoryUsage of job (MB)
	325616  -  ResidentSetSize of job (KB)
...
006 (452.495.000) 2022-04-05 19:49:29 Image size of job updated: 776180
	319  -  MemoryUsage of job (MB)
	325748  -  ResidentSetSize of job (KB)
...
006 (452.495.000) 2022-04-05 19:54:29 Image size of job updated: 776180
	319  -  MemoryUsage of job (MB)
	325880  -  ResidentSetSize of job (KB)
...
006 (452.495.000) 2022-04-05 19:59:29 Image size of job updated: 776436
	319  -  MemoryUsage of job (MB)
	326012  -  ResidentSetSize of job (KB)
...
006 (452.495.000) 2022-04-05 20:04:30 Image size of job updated: 776436
	319  -  MemoryUsage of job (MB)
	326144  -  ResidentSetSize of job (KB)
...
006 (452.495.000) 2022-04-05 20:09:31 Image size of job updated: 776692
	319  -  MemoryUsage of job (MB)
	326144  -  ResidentSetSize of job (KB)
...
006 (452.495.000) 2022-04-05 20:14:31 Image size of job updated: 776692
	319  -  MemoryUsage of job (MB)
	326276  -  ResidentSetSize of job (KB)
...
006 (452.495.000) 2022-04-05 20:19:31 Image size of job updated: 776948
	319  -  MemoryUsage of job (MB)
	326408  -  ResidentSetSize of job (KB)
...
006 (452.495.000) 2022-04-05 20:24:32 Image size of job updated: 776948
	319  -  MemoryUsage of job (MB)
	326540  -  ResidentSetSize of job (KB)
...
006 (452.495.000) 2022-04-05 20:39:33 Image size of job updated: 776948
	320  -  MemoryUsage of job (MB)
	326672  -  ResidentSetSize of job (KB)
...
006 (452.495.000) 2022-04-05 20:44:34 Image size of job updated: 777204
	320  -  MemoryUsage of job (MB)
	326672  -  ResidentSetSize of job (KB)
...
006 (452.495.000) 2022-04-05 20:49:34 Image size of job updated: 777204
	320  -  MemoryUsage of job (MB)
	326804  -  ResidentSetSize of job (KB)
...
006 (452.495.000) 2022-04-05 20:54:34 Image size of job updated: 777460
	320  -  MemoryUsage of job (MB)
	326936  -  ResidentSetSize of job (KB)
...
006 (452.495.000) 2022-04-05 20:59:35 Image size of job updated: 777460
	320  -  MemoryUsage of job (MB)
	327068  -  ResidentSetSize of job (KB)
...
006 (452.495.000) 2022-04-05 21:04:35 Image size of job updated: 777460
	320  -  MemoryUsage of job (MB)
	327200  -  ResidentSetSize of job (KB)
...
006 (452.495.000) 2022-04-05 21:09:35 Image size of job updated: 777716
	320  -  MemoryUsage of job (MB)
	327332  -  ResidentSetSize of job (KB)
...
006 (452.495.000) 2022-04-05 21:19:37 Image size of job updated: 777972
	320  -  MemoryUsage of job (MB)
	327464  -  ResidentSetSize of job (KB)
...
006 (452.495.000) 2022-04-05 21:24:37 Image size of job updated: 777972
	320  -  MemoryUsage of job (MB)
	327596  -  ResidentSetSize of job (KB)
...
006 (452.495.000) 2022-04-05 21:29:37 Image size of job updated: 778228
	321  -  MemoryUsage of job (MB)
	327728  -  ResidentSetSize of job (KB)
...
006 (452.495.000) 2022-04-05 21:34:38 Image size of job updated: 778228
	321  -  MemoryUsage of job (MB)
	327860  -  ResidentSetSize of job (KB)
...
006 (452.495.000) 2022-04-05 21:39:38 Image size of job updated: 778228
	321  -  MemoryUsage of job (MB)
	327992  -  ResidentSetSize of job (KB)
...
006 (452.495.000) 2022-04-05 21:44:38 Image size of job updated: 778484
	321  -  MemoryUsage of job (MB)
	327992  -  ResidentSetSize of job (KB)
...
006 (452.495.000) 2022-04-05 21:49:39 Image size of job updated: 778484
	321  -  MemoryUsage of job (MB)
	328124  -  ResidentSetSize of job (KB)
...
006 (452.495.000) 2022-04-05 21:54:40 Image size of job updated: 778740
	321  -  MemoryUsage of job (MB)
	328256  -  ResidentSetSize of job (KB)
...
006 (452.495.000) 2022-04-05 21:59:40 Image size of job updated: 778740
	321  -  MemoryUsage of job (MB)
	328388  -  ResidentSetSize of job (KB)
...
006 (452.495.000) 2022-04-05 22:04:40 Image size of job updated: 778996
	321  -  MemoryUsage of job (MB)
	328520  -  ResidentSetSize of job (KB)
...
006 (452.495.000) 2022-04-05 22:09:41 Image size of job updated: 778996
	321  -  MemoryUsage of job (MB)
	328652  -  ResidentSetSize of job (KB)
...
006 (452.495.000) 2022-04-05 22:19:41 Image size of job updated: 779252
	322  -  MemoryUsage of job (MB)
	328784  -  ResidentSetSize of job (KB)
...
006 (452.495.000) 2022-04-05 22:24:42 Image size of job updated: 779252
	322  -  MemoryUsage of job (MB)
	328916  -  ResidentSetSize of job (KB)
...
006 (452.495.000) 2022-04-05 22:29:43 Image size of job updated: 779508
	322  -  MemoryUsage of job (MB)
	329048  -  ResidentSetSize of job (KB)
...
006 (452.495.000) 2022-04-05 22:34:43 Image size of job updated: 779508
	322  -  MemoryUsage of job (MB)
	329180  -  ResidentSetSize of job (KB)
...
006 (452.495.000) 2022-04-05 22:39:43 Image size of job updated: 779764
	322  -  MemoryUsage of job (MB)
	329180  -  ResidentSetSize of job (KB)
...
005 (452.495.000) 2022-04-05 22:41:14 Job terminated.
	(1) Normal termination (return value 0)
		Usr 0 05:06:20, Sys 0 00:00:14  -  Run Remote Usage
		Usr 0 00:00:00, Sys 0 00:00:00  -  Run Local Usage
		Usr 0 05:06:20, Sys 0 00:00:14  -  Total Remote Usage
		Usr 0 00:00:00, Sys 0 00:00:00  -  Total Local Usage
	0  -  Run Bytes Sent By Job
	0  -  Run Bytes Received By Job
	0  -  Total Bytes Sent By Job
	0  -  Total Bytes Received By Job
	Partitionable Resources :    Usage  Request Allocated 
	   Cpus                 :     1.00        1         1 
	   Disk (KB)            :  7500        7500     11001 
	   Memory (MB)          :   322        1024      1024 

	Job terminated of its own accord at 2022-04-05T20:41:14Z with exit-code 0.
...
