000 (452.560.000) 2022-04-05 09:23:26 Job submitted from host: <10.18.24.243:9618?addrs=10.18.24.243-9618&alias=ecoclusts01.bioclust.biologie.ens.fr&noUDP&sock=schedd_1052_29b8>
...
001 (452.560.000) 2022-04-05 18:55:41 Job executing on host: <10.18.24.179:9618?addrs=10.18.24.179-9618&alias=mcbsclust08.bioclust.biologie.ens.fr&noUDP&sock=startd_920_9f38>
...
006 (452.560.000) 2022-04-05 18:55:50 Image size of job updated: 126468
	100  -  MemoryUsage of job (MB)
	102144  -  ResidentSetSize of job (KB)
...
006 (452.560.000) 2022-04-05 19:00:50 Image size of job updated: 741620
	275  -  MemoryUsage of job (MB)
	281112  -  ResidentSetSize of job (KB)
...
006 (452.560.000) 2022-04-05 19:05:51 Image size of job updated: 741620
	297  -  MemoryUsage of job (MB)
	303640  -  ResidentSetSize of job (KB)
...
006 (452.560.000) 2022-04-05 19:10:52 Image size of job updated: 774388
	317  -  MemoryUsage of job (MB)
	324052  -  ResidentSetSize of job (KB)
...
006 (452.560.000) 2022-04-05 20:56:01 Image size of job updated: 774644
	317  -  MemoryUsage of job (MB)
	324184  -  ResidentSetSize of job (KB)
...
006 (452.560.000) 2022-04-05 21:01:01 Image size of job updated: 774644
	317  -  MemoryUsage of job (MB)
	324316  -  ResidentSetSize of job (KB)
...
006 (452.560.000) 2022-04-05 21:06:01 Image size of job updated: 774900
	317  -  MemoryUsage of job (MB)
	324448  -  ResidentSetSize of job (KB)
...
006 (452.560.000) 2022-04-05 21:16:02 Image size of job updated: 774900
	317  -  MemoryUsage of job (MB)
	324580  -  ResidentSetSize of job (KB)
...
006 (452.560.000) 2022-04-05 21:21:02 Image size of job updated: 775156
	317  -  MemoryUsage of job (MB)
	324580  -  ResidentSetSize of job (KB)
...
006 (452.560.000) 2022-04-05 21:26:03 Image size of job updated: 775156
	318  -  MemoryUsage of job (MB)
	324712  -  ResidentSetSize of job (KB)
...
006 (452.560.000) 2022-04-05 21:31:04 Image size of job updated: 775156
	318  -  MemoryUsage of job (MB)
	324844  -  ResidentSetSize of job (KB)
...
006 (452.560.000) 2022-04-05 21:36:04 Image size of job updated: 775412
	318  -  MemoryUsage of job (MB)
	324976  -  ResidentSetSize of job (KB)
...
006 (452.560.000) 2022-04-05 21:46:05 Image size of job updated: 775412
	318  -  MemoryUsage of job (MB)
	325108  -  ResidentSetSize of job (KB)
...
006 (452.560.000) 2022-04-05 21:51:05 Image size of job updated: 775668
	318  -  MemoryUsage of job (MB)
	325108  -  ResidentSetSize of job (KB)
...
006 (452.560.000) 2022-04-05 21:56:05 Image size of job updated: 775668
	318  -  MemoryUsage of job (MB)
	325240  -  ResidentSetSize of job (KB)
...
006 (452.560.000) 2022-04-05 22:01:06 Image size of job updated: 775668
	318  -  MemoryUsage of job (MB)
	325372  -  ResidentSetSize of job (KB)
...
006 (452.560.000) 2022-04-05 22:06:07 Image size of job updated: 775924
	318  -  MemoryUsage of job (MB)
	325504  -  ResidentSetSize of job (KB)
...
006 (452.560.000) 2022-04-05 22:16:08 Image size of job updated: 775924
	319  -  MemoryUsage of job (MB)
	325636  -  ResidentSetSize of job (KB)
...
006 (452.560.000) 2022-04-05 22:21:09 Image size of job updated: 776180
	319  -  MemoryUsage of job (MB)
	325768  -  ResidentSetSize of job (KB)
...
006 (452.560.000) 2022-04-05 22:31:09 Image size of job updated: 776180
	319  -  MemoryUsage of job (MB)
	325900  -  ResidentSetSize of job (KB)
...
006 (452.560.000) 2022-04-05 22:36:10 Image size of job updated: 776436
	319  -  MemoryUsage of job (MB)
	326032  -  ResidentSetSize of job (KB)
...
006 (452.560.000) 2022-04-05 22:41:11 Image size of job updated: 776436
	319  -  MemoryUsage of job (MB)
	326164  -  ResidentSetSize of job (KB)
...
006 (452.560.000) 2022-04-05 22:46:11 Image size of job updated: 776692
	319  -  MemoryUsage of job (MB)
	326164  -  ResidentSetSize of job (KB)
...
006 (452.560.000) 2022-04-05 22:51:12 Image size of job updated: 776692
	319  -  MemoryUsage of job (MB)
	326296  -  ResidentSetSize of job (KB)
...
006 (452.560.000) 2022-04-05 23:01:13 Image size of job updated: 776948
	319  -  MemoryUsage of job (MB)
	326428  -  ResidentSetSize of job (KB)
...
006 (452.560.000) 2022-04-05 23:06:13 Image size of job updated: 776948
	319  -  MemoryUsage of job (MB)
	326560  -  ResidentSetSize of job (KB)
...
006 (452.560.000) 2022-04-05 23:31:17 Image size of job updated: 777204
	320  -  MemoryUsage of job (MB)
	326692  -  ResidentSetSize of job (KB)
...
006 (452.560.000) 2022-04-05 23:36:17 Image size of job updated: 777204
	320  -  MemoryUsage of job (MB)
	326824  -  ResidentSetSize of job (KB)
...
006 (452.560.000) 2022-04-05 23:46:18 Image size of job updated: 777460
	320  -  MemoryUsage of job (MB)
	326956  -  ResidentSetSize of job (KB)
...
006 (452.560.000) 2022-04-05 23:51:18 Image size of job updated: 777460
	320  -  MemoryUsage of job (MB)
	327088  -  ResidentSetSize of job (KB)
...
006 (452.560.000) 2022-04-06 00:01:18 Image size of job updated: 777716
	320  -  MemoryUsage of job (MB)
	327220  -  ResidentSetSize of job (KB)
...
006 (452.560.000) 2022-04-06 00:06:19 Image size of job updated: 777716
	320  -  MemoryUsage of job (MB)
	327352  -  ResidentSetSize of job (KB)
...
006 (452.560.000) 2022-04-06 00:11:19 Image size of job updated: 777716
	320  -  MemoryUsage of job (MB)
	327484  -  ResidentSetSize of job (KB)
...
006 (452.560.000) 2022-04-06 00:16:20 Image size of job updated: 777972
	320  -  MemoryUsage of job (MB)
	327484  -  ResidentSetSize of job (KB)
...
006 (452.560.000) 2022-04-06 00:21:20 Image size of job updated: 777972
	320  -  MemoryUsage of job (MB)
	327616  -  ResidentSetSize of job (KB)
...
006 (452.560.000) 2022-04-06 00:26:22 Image size of job updated: 777972
	321  -  MemoryUsage of job (MB)
	327748  -  ResidentSetSize of job (KB)
...
006 (452.560.000) 2022-04-06 00:31:22 Image size of job updated: 778228
	321  -  MemoryUsage of job (MB)
	327748  -  ResidentSetSize of job (KB)
...
006 (452.560.000) 2022-04-06 00:36:22 Image size of job updated: 778228
	321  -  MemoryUsage of job (MB)
	327880  -  ResidentSetSize of job (KB)
...
006 (452.560.000) 2022-04-06 00:41:23 Image size of job updated: 778484
	321  -  MemoryUsage of job (MB)
	328012  -  ResidentSetSize of job (KB)
...
006 (452.560.000) 2022-04-06 00:46:23 Image size of job updated: 778484
	321  -  MemoryUsage of job (MB)
	328144  -  ResidentSetSize of job (KB)
...
006 (452.560.000) 2022-04-06 00:56:24 Image size of job updated: 778740
	321  -  MemoryUsage of job (MB)
	328276  -  ResidentSetSize of job (KB)
...
006 (452.560.000) 2022-04-06 01:01:25 Image size of job updated: 778740
	321  -  MemoryUsage of job (MB)
	328408  -  ResidentSetSize of job (KB)
...
006 (452.560.000) 2022-04-06 01:06:25 Image size of job updated: 778996
	321  -  MemoryUsage of job (MB)
	328540  -  ResidentSetSize of job (KB)
...
006 (452.560.000) 2022-04-06 01:16:26 Image size of job updated: 778996
	321  -  MemoryUsage of job (MB)
	328672  -  ResidentSetSize of job (KB)
...
006 (452.560.000) 2022-04-06 01:21:26 Image size of job updated: 779252
	322  -  MemoryUsage of job (MB)
	328804  -  ResidentSetSize of job (KB)
...
006 (452.560.000) 2022-04-06 01:31:27 Image size of job updated: 779252
	322  -  MemoryUsage of job (MB)
	328936  -  ResidentSetSize of job (KB)
...
006 (452.560.000) 2022-04-06 01:36:28 Image size of job updated: 779508
	322  -  MemoryUsage of job (MB)
	329068  -  ResidentSetSize of job (KB)
...
006 (452.560.000) 2022-04-06 01:46:29 Image size of job updated: 779508
	322  -  MemoryUsage of job (MB)
	329200  -  ResidentSetSize of job (KB)
...
006 (452.560.000) 2022-04-06 01:50:38 Image size of job updated: 779764
	322  -  MemoryUsage of job (MB)
	329200  -  ResidentSetSize of job (KB)
...
005 (452.560.000) 2022-04-06 01:50:39 Job terminated.
	(1) Normal termination (return value 0)
		Usr 0 06:53:43, Sys 0 00:00:19  -  Run Remote Usage
		Usr 0 00:00:00, Sys 0 00:00:00  -  Run Local Usage
		Usr 0 06:53:43, Sys 0 00:00:19  -  Total Remote Usage
		Usr 0 00:00:00, Sys 0 00:00:00  -  Total Local Usage
	0  -  Run Bytes Sent By Job
	0  -  Run Bytes Received By Job
	0  -  Total Bytes Sent By Job
	0  -  Total Bytes Received By Job
	Partitionable Resources :    Usage  Request Allocated 
	   Cpus                 :     1.00        1         1 
	   Disk (KB)            :  7500        7500     10998 
	   Memory (MB)          :   322        1024      1024 

	Job terminated of its own accord at 2022-04-05T23:50:38Z with exit-code 0.
...
