000 (452.063.000) 2022-04-05 09:23:24 Job submitted from host: <10.18.24.243:9618?addrs=10.18.24.243-9618&alias=ecoclusts01.bioclust.biologie.ens.fr&noUDP&sock=schedd_1052_29b8>
...
001 (452.063.000) 2022-04-05 09:23:30 Job executing on host: <10.18.24.34:9618?addrs=10.18.24.34-9618&alias=bioclust34.bioclust.biologie.ens.fr&noUDP&sock=startd_1560_9bd5>
...
006 (452.063.000) 2022-04-05 09:23:38 Image size of job updated: 126848
	93  -  MemoryUsage of job (MB)
	94376  -  ResidentSetSize of job (KB)
...
006 (452.063.000) 2022-04-05 09:28:38 Image size of job updated: 774648
	317  -  MemoryUsage of job (MB)
	324396  -  ResidentSetSize of job (KB)
...
006 (452.063.000) 2022-04-05 09:43:39 Image size of job updated: 774904
	317  -  MemoryUsage of job (MB)
	324528  -  ResidentSetSize of job (KB)
...
006 (452.063.000) 2022-04-05 09:48:40 Image size of job updated: 775416
	318  -  MemoryUsage of job (MB)
	325056  -  ResidentSetSize of job (KB)
...
006 (452.063.000) 2022-04-05 09:53:41 Image size of job updated: 775928
	318  -  MemoryUsage of job (MB)
	325452  -  ResidentSetSize of job (KB)
...
006 (452.063.000) 2022-04-05 09:58:41 Image size of job updated: 776440
	319  -  MemoryUsage of job (MB)
	325980  -  ResidentSetSize of job (KB)
...
006 (452.063.000) 2022-04-05 10:03:42 Image size of job updated: 776952
	319  -  MemoryUsage of job (MB)
	326640  -  ResidentSetSize of job (KB)
...
006 (452.063.000) 2022-04-05 10:08:43 Image size of job updated: 777208
	320  -  MemoryUsage of job (MB)
	326744  -  ResidentSetSize of job (KB)
...
006 (452.063.000) 2022-04-05 10:13:43 Image size of job updated: 777720
	320  -  MemoryUsage of job (MB)
	327140  -  ResidentSetSize of job (KB)
...
006 (452.063.000) 2022-04-05 10:18:44 Image size of job updated: 777976
	320  -  MemoryUsage of job (MB)
	327668  -  ResidentSetSize of job (KB)
...
006 (452.063.000) 2022-04-05 10:23:45 Image size of job updated: 778488
	321  -  MemoryUsage of job (MB)
	328196  -  ResidentSetSize of job (KB)
...
006 (452.063.000) 2022-04-05 10:28:45 Image size of job updated: 779000
	321  -  MemoryUsage of job (MB)
	328592  -  ResidentSetSize of job (KB)
...
006 (452.063.000) 2022-04-05 10:33:45 Image size of job updated: 779512
	322  -  MemoryUsage of job (MB)
	329120  -  ResidentSetSize of job (KB)
...
006 (452.063.000) 2022-04-05 10:36:00 Image size of job updated: 779768
	322  -  MemoryUsage of job (MB)
	329120  -  ResidentSetSize of job (KB)
...
005 (452.063.000) 2022-04-05 10:36:00 Job terminated.
	(1) Normal termination (return value 0)
		Usr 0 01:12:09, Sys 0 00:00:14  -  Run Remote Usage
		Usr 0 00:00:00, Sys 0 00:00:00  -  Run Local Usage
		Usr 0 01:12:09, Sys 0 00:00:14  -  Total Remote Usage
		Usr 0 00:00:00, Sys 0 00:00:00  -  Total Local Usage
	0  -  Run Bytes Sent By Job
	0  -  Run Bytes Received By Job
	0  -  Total Bytes Sent By Job
	0  -  Total Bytes Received By Job
	Partitionable Resources :    Usage  Request Allocated 
	   Cpus                 :     1.00        1         1 
	   Disk (KB)            :  7500        7500     10998 
	   Memory (MB)          :   322        1024      1024 

	Job terminated of its own accord at 2022-04-05T08:36:00Z with exit-code 0.
...
