000 (452.525.000) 2022-04-05 09:23:26 Job submitted from host: <10.18.24.243:9618?addrs=10.18.24.243-9618&alias=ecoclusts01.bioclust.biologie.ens.fr&noUDP&sock=schedd_1052_29b8>
...
001 (452.525.000) 2022-04-05 18:25:18 Job executing on host: <10.18.24.137:9618?addrs=10.18.24.137-9618&alias=dyoclust10.bioclust.biologie.ens.fr&noUDP&sock=startd_830_e3b2>
...
006 (452.525.000) 2022-04-05 18:25:27 Image size of job updated: 307708
	78  -  MemoryUsage of job (MB)
	79684  -  ResidentSetSize of job (KB)
...
006 (452.525.000) 2022-04-05 18:30:27 Image size of job updated: 741624
	317  -  MemoryUsage of job (MB)
	324068  -  ResidentSetSize of job (KB)
...
006 (452.525.000) 2022-04-05 18:35:28 Image size of job updated: 774392
	317  -  MemoryUsage of job (MB)
	324156  -  ResidentSetSize of job (KB)
...
006 (452.525.000) 2022-04-05 19:15:33 Image size of job updated: 774648
	317  -  MemoryUsage of job (MB)
	324288  -  ResidentSetSize of job (KB)
...
006 (452.525.000) 2022-04-05 19:20:33 Image size of job updated: 774904
	317  -  MemoryUsage of job (MB)
	324552  -  ResidentSetSize of job (KB)
...
006 (452.525.000) 2022-04-05 19:25:34 Image size of job updated: 775160
	318  -  MemoryUsage of job (MB)
	324684  -  ResidentSetSize of job (KB)
...
006 (452.525.000) 2022-04-05 19:30:35 Image size of job updated: 775160
	318  -  MemoryUsage of job (MB)
	324816  -  ResidentSetSize of job (KB)
...
006 (452.525.000) 2022-04-05 19:35:35 Image size of job updated: 775416
	318  -  MemoryUsage of job (MB)
	325080  -  ResidentSetSize of job (KB)
...
006 (452.525.000) 2022-04-05 19:40:35 Image size of job updated: 775672
	318  -  MemoryUsage of job (MB)
	325212  -  ResidentSetSize of job (KB)
...
006 (452.525.000) 2022-04-05 19:45:36 Image size of job updated: 775928
	318  -  MemoryUsage of job (MB)
	325344  -  ResidentSetSize of job (KB)
...
006 (452.525.000) 2022-04-05 19:50:37 Image size of job updated: 775928
	318  -  MemoryUsage of job (MB)
	325608  -  ResidentSetSize of job (KB)
...
006 (452.525.000) 2022-04-05 19:55:37 Image size of job updated: 776184
	319  -  MemoryUsage of job (MB)
	325872  -  ResidentSetSize of job (KB)
...
006 (452.525.000) 2022-04-05 20:00:38 Image size of job updated: 776440
	319  -  MemoryUsage of job (MB)
	326004  -  ResidentSetSize of job (KB)
...
006 (452.525.000) 2022-04-05 20:05:39 Image size of job updated: 776696
	319  -  MemoryUsage of job (MB)
	326268  -  ResidentSetSize of job (KB)
...
006 (452.525.000) 2022-04-05 20:10:39 Image size of job updated: 776952
	319  -  MemoryUsage of job (MB)
	326532  -  ResidentSetSize of job (KB)
...
006 (452.525.000) 2022-04-05 20:20:40 Image size of job updated: 776952
	319  -  MemoryUsage of job (MB)
	326616  -  ResidentSetSize of job (KB)
...
006 (452.525.000) 2022-04-05 20:25:41 Image size of job updated: 777208
	320  -  MemoryUsage of job (MB)
	326880  -  ResidentSetSize of job (KB)
...
006 (452.525.000) 2022-04-05 20:30:41 Image size of job updated: 777464
	320  -  MemoryUsage of job (MB)
	327012  -  ResidentSetSize of job (KB)
...
006 (452.525.000) 2022-04-05 20:35:42 Image size of job updated: 777464
	320  -  MemoryUsage of job (MB)
	327144  -  ResidentSetSize of job (KB)
...
006 (452.525.000) 2022-04-05 20:40:43 Image size of job updated: 777720
	320  -  MemoryUsage of job (MB)
	327408  -  ResidentSetSize of job (KB)
...
006 (452.525.000) 2022-04-05 20:45:43 Image size of job updated: 777976
	320  -  MemoryUsage of job (MB)
	327540  -  ResidentSetSize of job (KB)
...
006 (452.525.000) 2022-04-05 20:50:44 Image size of job updated: 778232
	321  -  MemoryUsage of job (MB)
	327804  -  ResidentSetSize of job (KB)
...
006 (452.525.000) 2022-04-05 20:55:45 Image size of job updated: 778232
	321  -  MemoryUsage of job (MB)
	327936  -  ResidentSetSize of job (KB)
...
006 (452.525.000) 2022-04-05 21:00:45 Image size of job updated: 778488
	321  -  MemoryUsage of job (MB)
	328200  -  ResidentSetSize of job (KB)
...
006 (452.525.000) 2022-04-05 21:05:45 Image size of job updated: 778744
	321  -  MemoryUsage of job (MB)
	328332  -  ResidentSetSize of job (KB)
...
006 (452.525.000) 2022-04-05 21:10:46 Image size of job updated: 779000
	321  -  MemoryUsage of job (MB)
	328596  -  ResidentSetSize of job (KB)
...
006 (452.525.000) 2022-04-05 21:15:47 Image size of job updated: 779000
	322  -  MemoryUsage of job (MB)
	328728  -  ResidentSetSize of job (KB)
...
006 (452.525.000) 2022-04-05 21:20:47 Image size of job updated: 779256
	322  -  MemoryUsage of job (MB)
	328992  -  ResidentSetSize of job (KB)
...
006 (452.525.000) 2022-04-05 21:25:47 Image size of job updated: 779512
	322  -  MemoryUsage of job (MB)
	329124  -  ResidentSetSize of job (KB)
...
006 (452.525.000) 2022-04-05 21:30:18 Image size of job updated: 779768
	322  -  MemoryUsage of job (MB)
	329124  -  ResidentSetSize of job (KB)
...
005 (452.525.000) 2022-04-05 21:30:18 Job terminated.
	(1) Normal termination (return value 0)
		Usr 0 03:02:56, Sys 0 00:00:26  -  Run Remote Usage
		Usr 0 00:00:00, Sys 0 00:00:00  -  Run Local Usage
		Usr 0 03:02:56, Sys 0 00:00:26  -  Total Remote Usage
		Usr 0 00:00:00, Sys 0 00:00:00  -  Total Local Usage
	0  -  Run Bytes Sent By Job
	0  -  Run Bytes Received By Job
	0  -  Total Bytes Sent By Job
	0  -  Total Bytes Received By Job
	Partitionable Resources :    Usage  Request Allocated 
	   Cpus                 :     1.00        1         1 
	   Disk (KB)            :  7500        7500     10999 
	   Memory (MB)          :   322        1024      1024 

	Job terminated of its own accord at 2022-04-05T19:30:18Z with exit-code 0.
...
