000 (452.049.000) 2022-04-05 09:23:24 Job submitted from host: <10.18.24.243:9618?addrs=10.18.24.243-9618&alias=ecoclusts01.bioclust.biologie.ens.fr&noUDP&sock=schedd_1052_29b8>
...
001 (452.049.000) 2022-04-05 09:23:30 Job executing on host: <10.18.24.144:9618?addrs=10.18.24.144-9618&alias=dyoclust17.bioclust.biologie.ens.fr&noUDP&sock=startd_1055_3881>
...
006 (452.049.000) 2022-04-05 09:23:38 Image size of job updated: 92244
	64  -  MemoryUsage of job (MB)
	64788  -  ResidentSetSize of job (KB)
...
006 (452.049.000) 2022-04-05 09:28:38 Image size of job updated: 741876
	317  -  MemoryUsage of job (MB)
	324288  -  ResidentSetSize of job (KB)
...
006 (452.049.000) 2022-04-05 09:33:39 Image size of job updated: 774644
	317  -  MemoryUsage of job (MB)
	324420  -  ResidentSetSize of job (KB)
...
006 (452.049.000) 2022-04-05 10:08:42 Image size of job updated: 774900
	317  -  MemoryUsage of job (MB)
	324420  -  ResidentSetSize of job (KB)
...
006 (452.049.000) 2022-04-05 10:13:43 Image size of job updated: 774900
	317  -  MemoryUsage of job (MB)
	324552  -  ResidentSetSize of job (KB)
...
006 (452.049.000) 2022-04-05 10:18:43 Image size of job updated: 775156
	318  -  MemoryUsage of job (MB)
	324684  -  ResidentSetSize of job (KB)
...
006 (452.049.000) 2022-04-05 10:23:43 Image size of job updated: 775412
	318  -  MemoryUsage of job (MB)
	324948  -  ResidentSetSize of job (KB)
...
006 (452.049.000) 2022-04-05 10:28:43 Image size of job updated: 775668
	318  -  MemoryUsage of job (MB)
	325212  -  ResidentSetSize of job (KB)
...
006 (452.049.000) 2022-04-05 10:33:44 Image size of job updated: 775668
	318  -  MemoryUsage of job (MB)
	325344  -  ResidentSetSize of job (KB)
...
006 (452.049.000) 2022-04-05 10:38:44 Image size of job updated: 775924
	318  -  MemoryUsage of job (MB)
	325608  -  ResidentSetSize of job (KB)
...
006 (452.049.000) 2022-04-05 10:43:44 Image size of job updated: 776180
	319  -  MemoryUsage of job (MB)
	325740  -  ResidentSetSize of job (KB)
...
006 (452.049.000) 2022-04-05 10:48:45 Image size of job updated: 776436
	319  -  MemoryUsage of job (MB)
	326004  -  ResidentSetSize of job (KB)
...
006 (452.049.000) 2022-04-05 10:53:46 Image size of job updated: 776436
	319  -  MemoryUsage of job (MB)
	326136  -  ResidentSetSize of job (KB)
...
006 (452.049.000) 2022-04-05 10:58:46 Image size of job updated: 776692
	319  -  MemoryUsage of job (MB)
	326400  -  ResidentSetSize of job (KB)
...
006 (452.049.000) 2022-04-05 11:03:46 Image size of job updated: 776948
	320  -  MemoryUsage of job (MB)
	326664  -  ResidentSetSize of job (KB)
...
006 (452.049.000) 2022-04-05 11:18:48 Image size of job updated: 777204
	320  -  MemoryUsage of job (MB)
	326872  -  ResidentSetSize of job (KB)
...
006 (452.049.000) 2022-04-05 11:23:49 Image size of job updated: 777460
	320  -  MemoryUsage of job (MB)
	327004  -  ResidentSetSize of job (KB)
...
006 (452.049.000) 2022-04-05 11:28:50 Image size of job updated: 777716
	320  -  MemoryUsage of job (MB)
	327268  -  ResidentSetSize of job (KB)
...
006 (452.049.000) 2022-04-05 11:33:50 Image size of job updated: 777716
	320  -  MemoryUsage of job (MB)
	327400  -  ResidentSetSize of job (KB)
...
006 (452.049.000) 2022-04-05 11:38:50 Image size of job updated: 777972
	320  -  MemoryUsage of job (MB)
	327532  -  ResidentSetSize of job (KB)
...
006 (452.049.000) 2022-04-05 11:43:51 Image size of job updated: 778228
	321  -  MemoryUsage of job (MB)
	327796  -  ResidentSetSize of job (KB)
...
006 (452.049.000) 2022-04-05 11:48:52 Image size of job updated: 778228
	321  -  MemoryUsage of job (MB)
	327928  -  ResidentSetSize of job (KB)
...
006 (452.049.000) 2022-04-05 11:53:52 Image size of job updated: 778484
	321  -  MemoryUsage of job (MB)
	328192  -  ResidentSetSize of job (KB)
...
006 (452.049.000) 2022-04-05 11:58:52 Image size of job updated: 778740
	321  -  MemoryUsage of job (MB)
	328324  -  ResidentSetSize of job (KB)
...
006 (452.049.000) 2022-04-05 12:03:53 Image size of job updated: 778996
	321  -  MemoryUsage of job (MB)
	328588  -  ResidentSetSize of job (KB)
...
006 (452.049.000) 2022-04-05 12:08:54 Image size of job updated: 778996
	322  -  MemoryUsage of job (MB)
	328720  -  ResidentSetSize of job (KB)
...
006 (452.049.000) 2022-04-05 12:13:54 Image size of job updated: 779252
	322  -  MemoryUsage of job (MB)
	328852  -  ResidentSetSize of job (KB)
...
006 (452.049.000) 2022-04-05 12:18:55 Image size of job updated: 779508
	322  -  MemoryUsage of job (MB)
	329116  -  ResidentSetSize of job (KB)
...
006 (452.049.000) 2022-04-05 12:23:56 Image size of job updated: 779764
	322  -  MemoryUsage of job (MB)
	329248  -  ResidentSetSize of job (KB)
...
005 (452.049.000) 2022-04-05 12:24:16 Job terminated.
	(1) Normal termination (return value 0)
		Usr 0 03:00:23, Sys 0 00:00:13  -  Run Remote Usage
		Usr 0 00:00:00, Sys 0 00:00:00  -  Run Local Usage
		Usr 0 03:00:23, Sys 0 00:00:13  -  Total Remote Usage
		Usr 0 00:00:00, Sys 0 00:00:00  -  Total Local Usage
	0  -  Run Bytes Sent By Job
	0  -  Run Bytes Received By Job
	0  -  Total Bytes Sent By Job
	0  -  Total Bytes Received By Job
	Partitionable Resources :    Usage  Request Allocated 
	   Cpus                 :     1.00        1         1 
	   Disk (KB)            :  7500        7500     10998 
	   Memory (MB)          :   322        1024      1024 

	Job terminated of its own accord at 2022-04-05T10:24:15Z with exit-code 0.
...
