000 (452.580.000) 2022-04-05 09:23:26 Job submitted from host: <10.18.24.243:9618?addrs=10.18.24.243-9618&alias=ecoclusts01.bioclust.biologie.ens.fr&noUDP&sock=schedd_1052_29b8>
...
001 (452.580.000) 2022-04-05 19:05:42 Job executing on host: <10.18.24.139:9618?addrs=10.18.24.139-9618&alias=dyoclust12.bioclust.biologie.ens.fr&noUDP&sock=startd_791_2380>
...
006 (452.580.000) 2022-04-05 19:05:50 Image size of job updated: 211276
	95  -  MemoryUsage of job (MB)
	96992  -  ResidentSetSize of job (KB)
...
006 (452.580.000) 2022-04-05 19:10:50 Image size of job updated: 741880
	283  -  MemoryUsage of job (MB)
	289520  -  ResidentSetSize of job (KB)
...
006 (452.580.000) 2022-04-05 19:15:51 Image size of job updated: 774648
	317  -  MemoryUsage of job (MB)
	324424  -  ResidentSetSize of job (KB)
...
006 (452.580.000) 2022-04-05 20:00:55 Image size of job updated: 774904
	317  -  MemoryUsage of job (MB)
	324556  -  ResidentSetSize of job (KB)
...
006 (452.580.000) 2022-04-05 20:05:57 Image size of job updated: 775160
	318  -  MemoryUsage of job (MB)
	324688  -  ResidentSetSize of job (KB)
...
006 (452.580.000) 2022-04-05 20:10:57 Image size of job updated: 775160
	318  -  MemoryUsage of job (MB)
	324820  -  ResidentSetSize of job (KB)
...
006 (452.580.000) 2022-04-05 20:15:57 Image size of job updated: 775416
	318  -  MemoryUsage of job (MB)
	324952  -  ResidentSetSize of job (KB)
...
006 (452.580.000) 2022-04-05 20:20:58 Image size of job updated: 775672
	318  -  MemoryUsage of job (MB)
	325216  -  ResidentSetSize of job (KB)
...
006 (452.580.000) 2022-04-05 20:25:59 Image size of job updated: 775672
	318  -  MemoryUsage of job (MB)
	325348  -  ResidentSetSize of job (KB)
...
006 (452.580.000) 2022-04-05 20:30:59 Image size of job updated: 775928
	318  -  MemoryUsage of job (MB)
	325480  -  ResidentSetSize of job (KB)
...
006 (452.580.000) 2022-04-05 20:35:59 Image size of job updated: 776184
	319  -  MemoryUsage of job (MB)
	325744  -  ResidentSetSize of job (KB)
...
006 (452.580.000) 2022-04-05 20:41:01 Image size of job updated: 776184
	319  -  MemoryUsage of job (MB)
	325876  -  ResidentSetSize of job (KB)
...
006 (452.580.000) 2022-04-05 20:46:01 Image size of job updated: 776440
	319  -  MemoryUsage of job (MB)
	326008  -  ResidentSetSize of job (KB)
...
006 (452.580.000) 2022-04-05 20:51:01 Image size of job updated: 776696
	319  -  MemoryUsage of job (MB)
	326272  -  ResidentSetSize of job (KB)
...
006 (452.580.000) 2022-04-05 20:56:02 Image size of job updated: 776696
	319  -  MemoryUsage of job (MB)
	326404  -  ResidentSetSize of job (KB)
...
006 (452.580.000) 2022-04-05 21:01:03 Image size of job updated: 776952
	319  -  MemoryUsage of job (MB)
	326536  -  ResidentSetSize of job (KB)
...
006 (452.580.000) 2022-04-05 21:11:03 Image size of job updated: 776952
	319  -  MemoryUsage of job (MB)
	326616  -  ResidentSetSize of job (KB)
...
006 (452.580.000) 2022-04-05 21:16:04 Image size of job updated: 777208
	320  -  MemoryUsage of job (MB)
	326748  -  ResidentSetSize of job (KB)
...
006 (452.580.000) 2022-04-05 21:21:04 Image size of job updated: 777464
	320  -  MemoryUsage of job (MB)
	327012  -  ResidentSetSize of job (KB)
...
006 (452.580.000) 2022-04-05 21:26:04 Image size of job updated: 777464
	320  -  MemoryUsage of job (MB)
	327144  -  ResidentSetSize of job (KB)
...
006 (452.580.000) 2022-04-05 21:31:05 Image size of job updated: 777720
	320  -  MemoryUsage of job (MB)
	327276  -  ResidentSetSize of job (KB)
...
006 (452.580.000) 2022-04-05 21:36:06 Image size of job updated: 777720
	320  -  MemoryUsage of job (MB)
	327408  -  ResidentSetSize of job (KB)
...
006 (452.580.000) 2022-04-05 21:41:06 Image size of job updated: 777976
	320  -  MemoryUsage of job (MB)
	327672  -  ResidentSetSize of job (KB)
...
006 (452.580.000) 2022-04-05 21:46:07 Image size of job updated: 778232
	321  -  MemoryUsage of job (MB)
	327804  -  ResidentSetSize of job (KB)
...
006 (452.580.000) 2022-04-05 21:51:08 Image size of job updated: 778232
	321  -  MemoryUsage of job (MB)
	327936  -  ResidentSetSize of job (KB)
...
006 (452.580.000) 2022-04-05 21:56:08 Image size of job updated: 778488
	321  -  MemoryUsage of job (MB)
	328068  -  ResidentSetSize of job (KB)
...
006 (452.580.000) 2022-04-05 22:01:08 Image size of job updated: 778488
	321  -  MemoryUsage of job (MB)
	328200  -  ResidentSetSize of job (KB)
...
006 (452.580.000) 2022-04-05 22:06:09 Image size of job updated: 778744
	321  -  MemoryUsage of job (MB)
	328332  -  ResidentSetSize of job (KB)
...
006 (452.580.000) 2022-04-05 22:11:10 Image size of job updated: 779000
	321  -  MemoryUsage of job (MB)
	328596  -  ResidentSetSize of job (KB)
...
006 (452.580.000) 2022-04-05 22:16:10 Image size of job updated: 779000
	322  -  MemoryUsage of job (MB)
	328728  -  ResidentSetSize of job (KB)
...
006 (452.580.000) 2022-04-05 22:21:11 Image size of job updated: 779256
	322  -  MemoryUsage of job (MB)
	328860  -  ResidentSetSize of job (KB)
...
006 (452.580.000) 2022-04-05 22:26:12 Image size of job updated: 779512
	322  -  MemoryUsage of job (MB)
	328992  -  ResidentSetSize of job (KB)
...
006 (452.580.000) 2022-04-05 22:31:12 Image size of job updated: 779512
	322  -  MemoryUsage of job (MB)
	329256  -  ResidentSetSize of job (KB)
...
006 (452.580.000) 2022-04-05 22:34:18 Image size of job updated: 779768
	322  -  MemoryUsage of job (MB)
	329256  -  ResidentSetSize of job (KB)
...
005 (452.580.000) 2022-04-05 22:34:18 Job terminated.
	(1) Normal termination (return value 0)
		Usr 0 03:26:16, Sys 0 00:00:27  -  Run Remote Usage
		Usr 0 00:00:00, Sys 0 00:00:00  -  Run Local Usage
		Usr 0 03:26:16, Sys 0 00:00:27  -  Total Remote Usage
		Usr 0 00:00:00, Sys 0 00:00:00  -  Total Local Usage
	0  -  Run Bytes Sent By Job
	0  -  Run Bytes Received By Job
	0  -  Total Bytes Sent By Job
	0  -  Total Bytes Received By Job
	Partitionable Resources :    Usage  Request Allocated 
	   Cpus                 :     0.99        1         1 
	   Disk (KB)            :  7500        7500     10998 
	   Memory (MB)          :   322        1024      1024 

	Job terminated of its own accord at 2022-04-05T20:34:18Z with exit-code 0.
...
