000 (452.561.000) 2022-04-05 09:23:26 Job submitted from host: <10.18.24.243:9618?addrs=10.18.24.243-9618&alias=ecoclusts01.bioclust.biologie.ens.fr&noUDP&sock=schedd_1052_29b8>
...
001 (452.561.000) 2022-04-05 18:55:41 Job executing on host: <10.18.24.177:9618?addrs=10.18.24.177-9618&alias=mcbsclust06.bioclust.biologie.ens.fr&noUDP&sock=startd_945_c516>
...
006 (452.561.000) 2022-04-05 18:55:50 Image size of job updated: 749864
	427  -  MemoryUsage of job (MB)
	436504  -  ResidentSetSize of job (KB)
...
006 (452.561.000) 2022-04-05 19:05:51 Image size of job updated: 774392
	427  -  MemoryUsage of job (MB)
	436504  -  ResidentSetSize of job (KB)
...
006 (452.561.000) 2022-04-05 20:25:59 Image size of job updated: 774648
	427  -  MemoryUsage of job (MB)
	436504  -  ResidentSetSize of job (KB)
...
006 (452.561.000) 2022-04-05 20:35:59 Image size of job updated: 774904
	427  -  MemoryUsage of job (MB)
	436504  -  ResidentSetSize of job (KB)
...
006 (452.561.000) 2022-04-05 20:46:00 Image size of job updated: 775160
	427  -  MemoryUsage of job (MB)
	436504  -  ResidentSetSize of job (KB)
...
006 (452.561.000) 2022-04-05 21:01:02 Image size of job updated: 775416
	427  -  MemoryUsage of job (MB)
	436504  -  ResidentSetSize of job (KB)
...
006 (452.561.000) 2022-04-05 21:11:02 Image size of job updated: 775672
	427  -  MemoryUsage of job (MB)
	436504  -  ResidentSetSize of job (KB)
...
006 (452.561.000) 2022-04-05 21:26:03 Image size of job updated: 775928
	427  -  MemoryUsage of job (MB)
	436504  -  ResidentSetSize of job (KB)
...
006 (452.561.000) 2022-04-05 21:36:05 Image size of job updated: 776184
	427  -  MemoryUsage of job (MB)
	436504  -  ResidentSetSize of job (KB)
...
006 (452.561.000) 2022-04-05 21:51:06 Image size of job updated: 776440
	427  -  MemoryUsage of job (MB)
	436504  -  ResidentSetSize of job (KB)
...
006 (452.561.000) 2022-04-05 22:01:06 Image size of job updated: 776696
	427  -  MemoryUsage of job (MB)
	436504  -  ResidentSetSize of job (KB)
...
006 (452.561.000) 2022-04-05 22:11:08 Image size of job updated: 776952
	427  -  MemoryUsage of job (MB)
	436504  -  ResidentSetSize of job (KB)
...
006 (452.561.000) 2022-04-05 22:46:11 Image size of job updated: 777208
	427  -  MemoryUsage of job (MB)
	436504  -  ResidentSetSize of job (KB)
...
006 (452.561.000) 2022-04-05 23:01:13 Image size of job updated: 777464
	427  -  MemoryUsage of job (MB)
	436504  -  ResidentSetSize of job (KB)
...
006 (452.561.000) 2022-04-05 23:16:14 Image size of job updated: 777720
	427  -  MemoryUsage of job (MB)
	436504  -  ResidentSetSize of job (KB)
...
006 (452.561.000) 2022-04-05 23:31:16 Image size of job updated: 777976
	427  -  MemoryUsage of job (MB)
	436504  -  ResidentSetSize of job (KB)
...
006 (452.561.000) 2022-04-05 23:41:17 Image size of job updated: 778232
	427  -  MemoryUsage of job (MB)
	436504  -  ResidentSetSize of job (KB)
...
006 (452.561.000) 2022-04-05 23:56:17 Image size of job updated: 778488
	427  -  MemoryUsage of job (MB)
	436504  -  ResidentSetSize of job (KB)
...
006 (452.561.000) 2022-04-06 00:11:19 Image size of job updated: 778744
	427  -  MemoryUsage of job (MB)
	436504  -  ResidentSetSize of job (KB)
...
006 (452.561.000) 2022-04-06 00:26:22 Image size of job updated: 779000
	427  -  MemoryUsage of job (MB)
	436504  -  ResidentSetSize of job (KB)
...
006 (452.561.000) 2022-04-06 00:41:23 Image size of job updated: 779256
	427  -  MemoryUsage of job (MB)
	436504  -  ResidentSetSize of job (KB)
...
006 (452.561.000) 2022-04-06 00:56:24 Image size of job updated: 779512
	427  -  MemoryUsage of job (MB)
	436504  -  ResidentSetSize of job (KB)
...
006 (452.561.000) 2022-04-06 01:09:01 Image size of job updated: 779768
	427  -  MemoryUsage of job (MB)
	436504  -  ResidentSetSize of job (KB)
...
005 (452.561.000) 2022-04-06 01:09:01 Job terminated.
	(1) Normal termination (return value 0)
		Usr 0 06:12:11, Sys 0 00:00:13  -  Run Remote Usage
		Usr 0 00:00:00, Sys 0 00:00:00  -  Run Local Usage
		Usr 0 06:12:11, Sys 0 00:00:13  -  Total Remote Usage
		Usr 0 00:00:00, Sys 0 00:00:00  -  Total Local Usage
	0  -  Run Bytes Sent By Job
	0  -  Run Bytes Received By Job
	0  -  Total Bytes Sent By Job
	0  -  Total Bytes Received By Job
	Partitionable Resources :    Usage  Request Allocated 
	   Cpus                 :     1.00        1         1 
	   Disk (KB)            :  7500        7500     10998 
	   Memory (MB)          :   427        1024      1024 

	Job terminated of its own accord at 2022-04-05T23:09:01Z with exit-code 0.
...
