000 (452.721.000) 2022-04-05 09:23:27 Job submitted from host: <10.18.24.243:9618?addrs=10.18.24.243-9618&alias=ecoclusts01.bioclust.biologie.ens.fr&noUDP&sock=schedd_1052_29b8>
...
001 (452.721.000) 2022-04-05 22:11:51 Job executing on host: <10.18.24.136:9618?addrs=10.18.24.136-9618&alias=dyoclust09.bioclust.biologie.ens.fr&noUDP&sock=startd_808_cc9c>
...
006 (452.721.000) 2022-04-05 22:12:00 Image size of job updated: 265156
	259  -  MemoryUsage of job (MB)
	265156  -  ResidentSetSize of job (KB)
...
006 (452.721.000) 2022-04-05 22:17:01 Image size of job updated: 741880
	317  -  MemoryUsage of job (MB)
	324344  -  ResidentSetSize of job (KB)
...
006 (452.721.000) 2022-04-05 22:22:01 Image size of job updated: 774648
	317  -  MemoryUsage of job (MB)
	324344  -  ResidentSetSize of job (KB)
...
006 (452.721.000) 2022-04-05 23:02:05 Image size of job updated: 774904
	317  -  MemoryUsage of job (MB)
	324476  -  ResidentSetSize of job (KB)
...
006 (452.721.000) 2022-04-05 23:07:06 Image size of job updated: 775160
	317  -  MemoryUsage of job (MB)
	324608  -  ResidentSetSize of job (KB)
...
006 (452.721.000) 2022-04-05 23:12:06 Image size of job updated: 775416
	318  -  MemoryUsage of job (MB)
	324872  -  ResidentSetSize of job (KB)
...
006 (452.721.000) 2022-04-05 23:17:06 Image size of job updated: 775416
	318  -  MemoryUsage of job (MB)
	325136  -  ResidentSetSize of job (KB)
...
006 (452.721.000) 2022-04-05 23:22:07 Image size of job updated: 775672
	318  -  MemoryUsage of job (MB)
	325400  -  ResidentSetSize of job (KB)
...
006 (452.721.000) 2022-04-05 23:27:08 Image size of job updated: 775928
	318  -  MemoryUsage of job (MB)
	325532  -  ResidentSetSize of job (KB)
...
006 (452.721.000) 2022-04-05 23:32:08 Image size of job updated: 776184
	319  -  MemoryUsage of job (MB)
	325796  -  ResidentSetSize of job (KB)
...
006 (452.721.000) 2022-04-05 23:37:08 Image size of job updated: 776440
	319  -  MemoryUsage of job (MB)
	325928  -  ResidentSetSize of job (KB)
...
006 (452.721.000) 2022-04-05 23:42:09 Image size of job updated: 776696
	319  -  MemoryUsage of job (MB)
	326192  -  ResidentSetSize of job (KB)
...
006 (452.721.000) 2022-04-05 23:47:09 Image size of job updated: 776952
	319  -  MemoryUsage of job (MB)
	326456  -  ResidentSetSize of job (KB)
...
006 (452.721.000) 2022-04-05 23:52:10 Image size of job updated: 776952
	319  -  MemoryUsage of job (MB)
	326588  -  ResidentSetSize of job (KB)
...
006 (452.721.000) 2022-04-06 00:02:09 Image size of job updated: 777208
	320  -  MemoryUsage of job (MB)
	326852  -  ResidentSetSize of job (KB)
...
006 (452.721.000) 2022-04-06 00:07:10 Image size of job updated: 777464
	320  -  MemoryUsage of job (MB)
	326984  -  ResidentSetSize of job (KB)
...
006 (452.721.000) 2022-04-06 00:12:11 Image size of job updated: 777720
	320  -  MemoryUsage of job (MB)
	327248  -  ResidentSetSize of job (KB)
...
006 (452.721.000) 2022-04-06 00:17:11 Image size of job updated: 777720
	320  -  MemoryUsage of job (MB)
	327380  -  ResidentSetSize of job (KB)
...
006 (452.721.000) 2022-04-06 00:22:11 Image size of job updated: 777976
	320  -  MemoryUsage of job (MB)
	327644  -  ResidentSetSize of job (KB)
...
006 (452.721.000) 2022-04-06 00:27:14 Image size of job updated: 778232
	321  -  MemoryUsage of job (MB)
	327776  -  ResidentSetSize of job (KB)
...
006 (452.721.000) 2022-04-06 00:32:15 Image size of job updated: 778488
	321  -  MemoryUsage of job (MB)
	328040  -  ResidentSetSize of job (KB)
...
006 (452.721.000) 2022-04-06 00:37:15 Image size of job updated: 778744
	321  -  MemoryUsage of job (MB)
	328304  -  ResidentSetSize of job (KB)
...
006 (452.721.000) 2022-04-06 00:42:15 Image size of job updated: 778744
	321  -  MemoryUsage of job (MB)
	328436  -  ResidentSetSize of job (KB)
...
006 (452.721.000) 2022-04-06 00:47:16 Image size of job updated: 779000
	321  -  MemoryUsage of job (MB)
	328700  -  ResidentSetSize of job (KB)
...
006 (452.721.000) 2022-04-06 00:52:17 Image size of job updated: 779256
	322  -  MemoryUsage of job (MB)
	328832  -  ResidentSetSize of job (KB)
...
006 (452.721.000) 2022-04-06 00:57:17 Image size of job updated: 779512
	322  -  MemoryUsage of job (MB)
	329096  -  ResidentSetSize of job (KB)
...
006 (452.721.000) 2022-04-06 01:02:13 Image size of job updated: 779768
	322  -  MemoryUsage of job (MB)
	329096  -  ResidentSetSize of job (KB)
...
005 (452.721.000) 2022-04-06 01:02:13 Job terminated.
	(1) Normal termination (return value 0)
		Usr 0 02:49:16, Sys 0 00:00:26  -  Run Remote Usage
		Usr 0 00:00:00, Sys 0 00:00:00  -  Run Local Usage
		Usr 0 02:49:16, Sys 0 00:00:26  -  Total Remote Usage
		Usr 0 00:00:00, Sys 0 00:00:00  -  Total Local Usage
	0  -  Run Bytes Sent By Job
	0  -  Run Bytes Received By Job
	0  -  Total Bytes Sent By Job
	0  -  Total Bytes Received By Job
	Partitionable Resources :    Usage  Request Allocated 
	   Cpus                 :     1.00        1         1 
	   Disk (KB)            :  7500        7500     10998 
	   Memory (MB)          :   322        1024      1024 

	Job terminated of its own accord at 2022-04-05T23:02:13Z with exit-code 0.
...
