000 (452.713.000) 2022-04-05 09:23:27 Job submitted from host: <10.18.24.243:9618?addrs=10.18.24.243-9618&alias=ecoclusts01.bioclust.biologie.ens.fr&noUDP&sock=schedd_1052_29b8>
...
001 (452.713.000) 2022-04-05 22:06:50 Job executing on host: <10.18.24.108:9618?addrs=10.18.24.108-9618&alias=ecoclust13.bioclust.biologie.ens.fr&noUDP&sock=startd_1053_d950>
...
006 (452.713.000) 2022-04-05 22:06:59 Image size of job updated: 52084
	51  -  MemoryUsage of job (MB)
	52084  -  ResidentSetSize of job (KB)
...
006 (452.713.000) 2022-04-05 22:11:59 Image size of job updated: 830436
	317  -  MemoryUsage of job (MB)
	324156  -  ResidentSetSize of job (KB)
...
006 (452.713.000) 2022-04-06 01:07:14 Image size of job updated: 830436
	317  -  MemoryUsage of job (MB)
	324288  -  ResidentSetSize of job (KB)
...
006 (452.713.000) 2022-04-06 01:12:15 Image size of job updated: 830436
	317  -  MemoryUsage of job (MB)
	324420  -  ResidentSetSize of job (KB)
...
006 (452.713.000) 2022-04-06 01:22:15 Image size of job updated: 830436
	317  -  MemoryUsage of job (MB)
	324552  -  ResidentSetSize of job (KB)
...
006 (452.713.000) 2022-04-06 01:32:16 Image size of job updated: 830436
	318  -  MemoryUsage of job (MB)
	324684  -  ResidentSetSize of job (KB)
...
006 (452.713.000) 2022-04-06 01:42:17 Image size of job updated: 830436
	318  -  MemoryUsage of job (MB)
	324816  -  ResidentSetSize of job (KB)
...
006 (452.713.000) 2022-04-06 01:52:17 Image size of job updated: 830436
	318  -  MemoryUsage of job (MB)
	324948  -  ResidentSetSize of job (KB)
...
006 (452.713.000) 2022-04-06 02:02:18 Image size of job updated: 830436
	318  -  MemoryUsage of job (MB)
	325080  -  ResidentSetSize of job (KB)
...
006 (452.713.000) 2022-04-06 02:12:19 Image size of job updated: 830436
	318  -  MemoryUsage of job (MB)
	325212  -  ResidentSetSize of job (KB)
...
006 (452.713.000) 2022-04-06 02:17:20 Image size of job updated: 830436
	318  -  MemoryUsage of job (MB)
	325344  -  ResidentSetSize of job (KB)
...
006 (452.713.000) 2022-04-06 02:32:21 Image size of job updated: 830436
	318  -  MemoryUsage of job (MB)
	325476  -  ResidentSetSize of job (KB)
...
006 (452.713.000) 2022-04-06 02:42:21 Image size of job updated: 830436
	318  -  MemoryUsage of job (MB)
	325608  -  ResidentSetSize of job (KB)
...
006 (452.713.000) 2022-04-06 02:52:23 Image size of job updated: 830436
	319  -  MemoryUsage of job (MB)
	325740  -  ResidentSetSize of job (KB)
...
006 (452.713.000) 2022-04-06 02:57:23 Image size of job updated: 830436
	319  -  MemoryUsage of job (MB)
	325872  -  ResidentSetSize of job (KB)
...
006 (452.713.000) 2022-04-06 03:07:25 Image size of job updated: 830436
	319  -  MemoryUsage of job (MB)
	326004  -  ResidentSetSize of job (KB)
...
006 (452.713.000) 2022-04-06 03:17:25 Image size of job updated: 830436
	319  -  MemoryUsage of job (MB)
	326136  -  ResidentSetSize of job (KB)
...
006 (452.713.000) 2022-04-06 03:27:27 Image size of job updated: 830436
	319  -  MemoryUsage of job (MB)
	326268  -  ResidentSetSize of job (KB)
...
006 (452.713.000) 2022-04-06 03:37:28 Image size of job updated: 830436
	319  -  MemoryUsage of job (MB)
	326400  -  ResidentSetSize of job (KB)
...
006 (452.713.000) 2022-04-06 03:47:29 Image size of job updated: 830436
	319  -  MemoryUsage of job (MB)
	326532  -  ResidentSetSize of job (KB)
...
006 (452.713.000) 2022-04-06 04:17:32 Image size of job updated: 830436
	319  -  MemoryUsage of job (MB)
	326612  -  ResidentSetSize of job (KB)
...
006 (452.713.000) 2022-04-06 04:27:33 Image size of job updated: 830436
	320  -  MemoryUsage of job (MB)
	326744  -  ResidentSetSize of job (KB)
...
006 (452.713.000) 2022-04-06 04:37:33 Image size of job updated: 830436
	320  -  MemoryUsage of job (MB)
	326876  -  ResidentSetSize of job (KB)
...
006 (452.713.000) 2022-04-06 04:47:35 Image size of job updated: 830436
	320  -  MemoryUsage of job (MB)
	327008  -  ResidentSetSize of job (KB)
...
006 (452.713.000) 2022-04-06 04:57:36 Image size of job updated: 830436
	320  -  MemoryUsage of job (MB)
	327140  -  ResidentSetSize of job (KB)
...
006 (452.713.000) 2022-04-06 05:07:37 Image size of job updated: 830436
	320  -  MemoryUsage of job (MB)
	327272  -  ResidentSetSize of job (KB)
...
006 (452.713.000) 2022-04-06 05:17:39 Image size of job updated: 830436
	320  -  MemoryUsage of job (MB)
	327404  -  ResidentSetSize of job (KB)
...
006 (452.713.000) 2022-04-06 05:22:39 Image size of job updated: 830436
	320  -  MemoryUsage of job (MB)
	327536  -  ResidentSetSize of job (KB)
...
006 (452.713.000) 2022-04-06 05:37:41 Image size of job updated: 830436
	320  -  MemoryUsage of job (MB)
	327668  -  ResidentSetSize of job (KB)
...
006 (452.713.000) 2022-04-06 05:47:41 Image size of job updated: 830436
	321  -  MemoryUsage of job (MB)
	327800  -  ResidentSetSize of job (KB)
...
006 (452.713.000) 2022-04-06 05:57:42 Image size of job updated: 830436
	321  -  MemoryUsage of job (MB)
	327932  -  ResidentSetSize of job (KB)
...
006 (452.713.000) 2022-04-06 06:07:44 Image size of job updated: 830436
	321  -  MemoryUsage of job (MB)
	328064  -  ResidentSetSize of job (KB)
...
006 (452.713.000) 2022-04-06 06:17:44 Image size of job updated: 830436
	321  -  MemoryUsage of job (MB)
	328196  -  ResidentSetSize of job (KB)
...
006 (452.713.000) 2022-04-06 06:32:46 Image size of job updated: 830436
	321  -  MemoryUsage of job (MB)
	328328  -  ResidentSetSize of job (KB)
...
006 (452.713.000) 2022-04-06 06:42:48 Image size of job updated: 830436
	321  -  MemoryUsage of job (MB)
	328460  -  ResidentSetSize of job (KB)
...
006 (452.713.000) 2022-04-06 06:52:48 Image size of job updated: 830436
	321  -  MemoryUsage of job (MB)
	328592  -  ResidentSetSize of job (KB)
...
006 (452.713.000) 2022-04-06 07:02:49 Image size of job updated: 830436
	322  -  MemoryUsage of job (MB)
	328724  -  ResidentSetSize of job (KB)
...
006 (452.713.000) 2022-04-06 07:12:50 Image size of job updated: 830436
	322  -  MemoryUsage of job (MB)
	328856  -  ResidentSetSize of job (KB)
...
006 (452.713.000) 2022-04-06 07:22:51 Image size of job updated: 830436
	322  -  MemoryUsage of job (MB)
	328988  -  ResidentSetSize of job (KB)
...
006 (452.713.000) 2022-04-06 07:37:53 Image size of job updated: 830436
	322  -  MemoryUsage of job (MB)
	329120  -  ResidentSetSize of job (KB)
...
006 (452.713.000) 2022-04-06 07:47:54 Image size of job updated: 830436
	322  -  MemoryUsage of job (MB)
	329252  -  ResidentSetSize of job (KB)
...
005 (452.713.000) 2022-04-06 07:54:34 Job terminated.
	(1) Normal termination (return value 0)
		Usr 0 09:42:20, Sys 0 00:01:10  -  Run Remote Usage
		Usr 0 00:00:00, Sys 0 00:00:00  -  Run Local Usage
		Usr 0 09:42:20, Sys 0 00:01:10  -  Total Remote Usage
		Usr 0 00:00:00, Sys 0 00:00:00  -  Total Local Usage
	0  -  Run Bytes Sent By Job
	0  -  Run Bytes Received By Job
	0  -  Total Bytes Sent By Job
	0  -  Total Bytes Received By Job
	Partitionable Resources :    Usage  Request Allocated 
	   Cpus                 :     0.99        1         1 
	   Disk (KB)            :  7500        7500     10998 
	   Memory (MB)          :   322        1024      1024 

	Job terminated of its own accord at 2022-04-06T05:54:34Z with exit-code 0.
...
