000 (452.243.000) 2022-04-05 09:23:25 Job submitted from host: <10.18.24.243:9618?addrs=10.18.24.243-9618&alias=ecoclusts01.bioclust.biologie.ens.fr&noUDP&sock=schedd_1052_29b8>
...
001 (452.243.000) 2022-04-05 11:08:06 Job executing on host: <10.18.24.178:9618?addrs=10.18.24.178-9618&alias=mcbsclust07.bioclust.biologie.ens.fr&noUDP&sock=startd_912_2276>
...
006 (452.243.000) 2022-04-05 11:08:15 Image size of job updated: 327688
	94  -  MemoryUsage of job (MB)
	95668  -  ResidentSetSize of job (KB)
...
006 (452.243.000) 2022-04-05 11:13:16 Image size of job updated: 741876
	317  -  MemoryUsage of job (MB)
	324276  -  ResidentSetSize of job (KB)
...
006 (452.243.000) 2022-04-05 11:28:17 Image size of job updated: 774644
	317  -  MemoryUsage of job (MB)
	324276  -  ResidentSetSize of job (KB)
...
006 (452.243.000) 2022-04-05 13:28:30 Image size of job updated: 774900
	317  -  MemoryUsage of job (MB)
	324408  -  ResidentSetSize of job (KB)
...
006 (452.243.000) 2022-04-05 13:33:30 Image size of job updated: 774900
	317  -  MemoryUsage of job (MB)
	324540  -  ResidentSetSize of job (KB)
...
006 (452.243.000) 2022-04-05 13:43:32 Image size of job updated: 775156
	318  -  MemoryUsage of job (MB)
	324672  -  ResidentSetSize of job (KB)
...
006 (452.243.000) 2022-04-05 13:48:32 Image size of job updated: 775156
	318  -  MemoryUsage of job (MB)
	324804  -  ResidentSetSize of job (KB)
...
006 (452.243.000) 2022-04-05 13:53:32 Image size of job updated: 775412
	318  -  MemoryUsage of job (MB)
	324936  -  ResidentSetSize of job (KB)
...
006 (452.243.000) 2022-04-05 13:58:33 Image size of job updated: 775412
	318  -  MemoryUsage of job (MB)
	325068  -  ResidentSetSize of job (KB)
...
006 (452.243.000) 2022-04-05 14:03:33 Image size of job updated: 775668
	318  -  MemoryUsage of job (MB)
	325200  -  ResidentSetSize of job (KB)
...
006 (452.243.000) 2022-04-05 14:08:33 Image size of job updated: 775668
	318  -  MemoryUsage of job (MB)
	325332  -  ResidentSetSize of job (KB)
...
006 (452.243.000) 2022-04-05 14:13:34 Image size of job updated: 775924
	318  -  MemoryUsage of job (MB)
	325332  -  ResidentSetSize of job (KB)
...
006 (452.243.000) 2022-04-05 14:18:35 Image size of job updated: 775924
	318  -  MemoryUsage of job (MB)
	325464  -  ResidentSetSize of job (KB)
...
006 (452.243.000) 2022-04-05 14:23:35 Image size of job updated: 775924
	318  -  MemoryUsage of job (MB)
	325596  -  ResidentSetSize of job (KB)
...
006 (452.243.000) 2022-04-05 14:28:35 Image size of job updated: 776180
	319  -  MemoryUsage of job (MB)
	325728  -  ResidentSetSize of job (KB)
...
006 (452.243.000) 2022-04-05 14:33:37 Image size of job updated: 776180
	319  -  MemoryUsage of job (MB)
	325860  -  ResidentSetSize of job (KB)
...
006 (452.243.000) 2022-04-05 14:38:37 Image size of job updated: 776436
	319  -  MemoryUsage of job (MB)
	325992  -  ResidentSetSize of job (KB)
...
006 (452.243.000) 2022-04-05 14:43:37 Image size of job updated: 776436
	319  -  MemoryUsage of job (MB)
	326124  -  ResidentSetSize of job (KB)
...
006 (452.243.000) 2022-04-05 14:48:38 Image size of job updated: 776692
	319  -  MemoryUsage of job (MB)
	326124  -  ResidentSetSize of job (KB)
...
006 (452.243.000) 2022-04-05 14:53:39 Image size of job updated: 776692
	319  -  MemoryUsage of job (MB)
	326256  -  ResidentSetSize of job (KB)
...
006 (452.243.000) 2022-04-05 14:58:39 Image size of job updated: 776948
	319  -  MemoryUsage of job (MB)
	326388  -  ResidentSetSize of job (KB)
...
006 (452.243.000) 2022-04-05 15:03:39 Image size of job updated: 776948
	319  -  MemoryUsage of job (MB)
	326520  -  ResidentSetSize of job (KB)
...
006 (452.243.000) 2022-04-05 15:18:41 Image size of job updated: 776948
	319  -  MemoryUsage of job (MB)
	326604  -  ResidentSetSize of job (KB)
...
006 (452.243.000) 2022-04-05 15:28:43 Image size of job updated: 777204
	320  -  MemoryUsage of job (MB)
	326736  -  ResidentSetSize of job (KB)
...
006 (452.243.000) 2022-04-05 15:33:43 Image size of job updated: 777204
	320  -  MemoryUsage of job (MB)
	326868  -  ResidentSetSize of job (KB)
...
006 (452.243.000) 2022-04-05 15:38:43 Image size of job updated: 777460
	320  -  MemoryUsage of job (MB)
	327000  -  ResidentSetSize of job (KB)
...
006 (452.243.000) 2022-04-05 15:43:45 Image size of job updated: 777460
	320  -  MemoryUsage of job (MB)
	327132  -  ResidentSetSize of job (KB)
...
006 (452.243.000) 2022-04-05 15:48:45 Image size of job updated: 777716
	320  -  MemoryUsage of job (MB)
	327264  -  ResidentSetSize of job (KB)
...
006 (452.243.000) 2022-04-05 15:58:46 Image size of job updated: 777716
	320  -  MemoryUsage of job (MB)
	327396  -  ResidentSetSize of job (KB)
...
006 (452.243.000) 2022-04-05 16:03:47 Image size of job updated: 777972
	320  -  MemoryUsage of job (MB)
	327528  -  ResidentSetSize of job (KB)
...
006 (452.243.000) 2022-04-05 16:08:47 Image size of job updated: 777972
	320  -  MemoryUsage of job (MB)
	327660  -  ResidentSetSize of job (KB)
...
006 (452.243.000) 2022-04-05 16:13:47 Image size of job updated: 778228
	321  -  MemoryUsage of job (MB)
	327792  -  ResidentSetSize of job (KB)
...
006 (452.243.000) 2022-04-05 16:18:48 Image size of job updated: 778228
	321  -  MemoryUsage of job (MB)
	327924  -  ResidentSetSize of job (KB)
...
006 (452.243.000) 2022-04-05 16:23:48 Image size of job updated: 778484
	321  -  MemoryUsage of job (MB)
	327924  -  ResidentSetSize of job (KB)
...
006 (452.243.000) 2022-04-05 16:28:48 Image size of job updated: 778484
	321  -  MemoryUsage of job (MB)
	328056  -  ResidentSetSize of job (KB)
...
006 (452.243.000) 2022-04-05 16:33:49 Image size of job updated: 778484
	321  -  MemoryUsage of job (MB)
	328188  -  ResidentSetSize of job (KB)
...
006 (452.243.000) 2022-04-05 16:38:50 Image size of job updated: 778740
	321  -  MemoryUsage of job (MB)
	328320  -  ResidentSetSize of job (KB)
...
006 (452.243.000) 2022-04-05 16:43:50 Image size of job updated: 778740
	321  -  MemoryUsage of job (MB)
	328452  -  ResidentSetSize of job (KB)
...
006 (452.243.000) 2022-04-05 16:48:51 Image size of job updated: 778996
	321  -  MemoryUsage of job (MB)
	328584  -  ResidentSetSize of job (KB)
...
006 (452.243.000) 2022-04-05 16:58:52 Image size of job updated: 779252
	322  -  MemoryUsage of job (MB)
	328716  -  ResidentSetSize of job (KB)
...
006 (452.243.000) 2022-04-05 17:03:52 Image size of job updated: 779252
	322  -  MemoryUsage of job (MB)
	328848  -  ResidentSetSize of job (KB)
...
006 (452.243.000) 2022-04-05 17:08:53 Image size of job updated: 779252
	322  -  MemoryUsage of job (MB)
	328980  -  ResidentSetSize of job (KB)
...
006 (452.243.000) 2022-04-05 17:13:54 Image size of job updated: 779508
	322  -  MemoryUsage of job (MB)
	329112  -  ResidentSetSize of job (KB)
...
006 (452.243.000) 2022-04-05 17:18:54 Image size of job updated: 779508
	322  -  MemoryUsage of job (MB)
	329244  -  ResidentSetSize of job (KB)
...
006 (452.243.000) 2022-04-05 17:23:18 Image size of job updated: 779764
	322  -  MemoryUsage of job (MB)
	329244  -  ResidentSetSize of job (KB)
...
005 (452.243.000) 2022-04-05 17:23:19 Job terminated.
	(1) Normal termination (return value 0)
		Usr 0 06:13:14, Sys 0 00:00:29  -  Run Remote Usage
		Usr 0 00:00:00, Sys 0 00:00:00  -  Run Local Usage
		Usr 0 06:13:14, Sys 0 00:00:29  -  Total Remote Usage
		Usr 0 00:00:00, Sys 0 00:00:00  -  Total Local Usage
	0  -  Run Bytes Sent By Job
	0  -  Run Bytes Received By Job
	0  -  Total Bytes Sent By Job
	0  -  Total Bytes Received By Job
	Partitionable Resources :    Usage  Request Allocated 
	   Cpus                 :     1.00        1         1 
	   Disk (KB)            :  7500        7500     11001 
	   Memory (MB)          :   322        1024      1024 

	Job terminated of its own accord at 2022-04-05T15:23:18Z with exit-code 0.
...
