000 (452.197.000) 2022-04-05 09:23:24 Job submitted from host: <10.18.24.243:9618?addrs=10.18.24.243-9618&alias=ecoclusts01.bioclust.biologie.ens.fr&noUDP&sock=schedd_1052_29b8>
...
001 (452.197.000) 2022-04-05 09:23:33 Job executing on host: <10.18.24.39:9618?addrs=10.18.24.39-9618&alias=bioclust39.bioclust.biologie.ens.fr&noUDP&sock=startd_1965_67b0>
...
006 (452.197.000) 2022-04-05 09:23:42 Image size of job updated: 38232
	36  -  MemoryUsage of job (MB)
	36384  -  ResidentSetSize of job (KB)
...
006 (452.197.000) 2022-04-05 09:28:42 Image size of job updated: 845680
	317  -  MemoryUsage of job (MB)
	324412  -  ResidentSetSize of job (KB)
...
005 (452.197.000) 2022-04-05 09:35:12 Job terminated.
	(1) Normal termination (return value 0)
		Usr 0 00:10:10, Sys 0 00:01:12  -  Run Remote Usage
		Usr 0 00:00:00, Sys 0 00:00:00  -  Run Local Usage
		Usr 0 00:10:10, Sys 0 00:01:12  -  Total Remote Usage
		Usr 0 00:00:00, Sys 0 00:00:00  -  Total Local Usage
	0  -  Run Bytes Sent By Job
	0  -  Run Bytes Received By Job
	0  -  Total Bytes Sent By Job
	0  -  Total Bytes Received By Job
	Partitionable Resources :    Usage  Request Allocated 
	   Cpus                 :     1.00        1         1 
	   Disk (KB)            :  7500        7500     11005 
	   Memory (MB)          :   317        1024      1024 

	Job terminated of its own accord at 2022-04-05T07:35:12Z with exit-code 0.
...
