000 (452.437.000) 2022-04-05 09:23:25 Job submitted from host: <10.18.24.243:9618?addrs=10.18.24.243-9618&alias=ecoclusts01.bioclust.biologie.ens.fr&noUDP&sock=schedd_1052_29b8>
...
001 (452.437.000) 2022-04-05 15:39:29 Job executing on host: <10.18.24.137:9618?addrs=10.18.24.137-9618&alias=dyoclust10.bioclust.biologie.ens.fr&noUDP&sock=startd_830_e3b2>
...
006 (452.437.000) 2022-04-05 15:39:38 Image size of job updated: 185616
	182  -  MemoryUsage of job (MB)
	185616  -  ResidentSetSize of job (KB)
...
006 (452.437.000) 2022-04-05 15:44:39 Image size of job updated: 741880
	317  -  MemoryUsage of job (MB)
	324320  -  ResidentSetSize of job (KB)
...
006 (452.437.000) 2022-04-05 15:49:39 Image size of job updated: 774648
	317  -  MemoryUsage of job (MB)
	324408  -  ResidentSetSize of job (KB)
...
006 (452.437.000) 2022-04-05 16:24:43 Image size of job updated: 774904
	317  -  MemoryUsage of job (MB)
	324408  -  ResidentSetSize of job (KB)
...
006 (452.437.000) 2022-04-05 16:29:45 Image size of job updated: 774904
	317  -  MemoryUsage of job (MB)
	324540  -  ResidentSetSize of job (KB)
...
006 (452.437.000) 2022-04-05 16:34:45 Image size of job updated: 775160
	318  -  MemoryUsage of job (MB)
	324804  -  ResidentSetSize of job (KB)
...
006 (452.437.000) 2022-04-05 16:39:45 Image size of job updated: 775416
	318  -  MemoryUsage of job (MB)
	324936  -  ResidentSetSize of job (KB)
...
006 (452.437.000) 2022-04-05 16:44:46 Image size of job updated: 775672
	318  -  MemoryUsage of job (MB)
	325200  -  ResidentSetSize of job (KB)
...
006 (452.437.000) 2022-04-05 16:49:47 Image size of job updated: 775672
	318  -  MemoryUsage of job (MB)
	325332  -  ResidentSetSize of job (KB)
...
006 (452.437.000) 2022-04-05 16:54:47 Image size of job updated: 775928
	318  -  MemoryUsage of job (MB)
	325596  -  ResidentSetSize of job (KB)
...
006 (452.437.000) 2022-04-05 16:59:47 Image size of job updated: 776184
	319  -  MemoryUsage of job (MB)
	325728  -  ResidentSetSize of job (KB)
...
006 (452.437.000) 2022-04-05 17:04:48 Image size of job updated: 776440
	319  -  MemoryUsage of job (MB)
	325992  -  ResidentSetSize of job (KB)
...
006 (452.437.000) 2022-04-05 17:09:48 Image size of job updated: 776696
	319  -  MemoryUsage of job (MB)
	326124  -  ResidentSetSize of job (KB)
...
006 (452.437.000) 2022-04-05 17:14:48 Image size of job updated: 776696
	319  -  MemoryUsage of job (MB)
	326388  -  ResidentSetSize of job (KB)
...
006 (452.437.000) 2022-04-05 17:19:49 Image size of job updated: 776952
	319  -  MemoryUsage of job (MB)
	326484  -  ResidentSetSize of job (KB)
...
006 (452.437.000) 2022-04-05 17:29:50 Image size of job updated: 776952
	319  -  MemoryUsage of job (MB)
	326616  -  ResidentSetSize of job (KB)
...
006 (452.437.000) 2022-04-05 17:34:50 Image size of job updated: 777208
	320  -  MemoryUsage of job (MB)
	326880  -  ResidentSetSize of job (KB)
...
006 (452.437.000) 2022-04-05 17:39:51 Image size of job updated: 777464
	320  -  MemoryUsage of job (MB)
	327012  -  ResidentSetSize of job (KB)
...
006 (452.437.000) 2022-04-05 17:44:51 Image size of job updated: 777720
	320  -  MemoryUsage of job (MB)
	327276  -  ResidentSetSize of job (KB)
...
006 (452.437.000) 2022-04-05 17:49:51 Image size of job updated: 777720
	320  -  MemoryUsage of job (MB)
	327408  -  ResidentSetSize of job (KB)
...
006 (452.437.000) 2022-04-05 17:54:52 Image size of job updated: 777976
	320  -  MemoryUsage of job (MB)
	327540  -  ResidentSetSize of job (KB)
...
006 (452.437.000) 2022-04-05 17:59:53 Image size of job updated: 778232
	321  -  MemoryUsage of job (MB)
	327804  -  ResidentSetSize of job (KB)
...
006 (452.437.000) 2022-04-05 18:04:53 Image size of job updated: 778232
	321  -  MemoryUsage of job (MB)
	327936  -  ResidentSetSize of job (KB)
...
006 (452.437.000) 2022-04-05 18:09:53 Image size of job updated: 778488
	321  -  MemoryUsage of job (MB)
	328200  -  ResidentSetSize of job (KB)
...
006 (452.437.000) 2022-04-05 18:14:54 Image size of job updated: 778744
	321  -  MemoryUsage of job (MB)
	328332  -  ResidentSetSize of job (KB)
...
006 (452.437.000) 2022-04-05 18:19:54 Image size of job updated: 779000
	321  -  MemoryUsage of job (MB)
	328464  -  ResidentSetSize of job (KB)
...
006 (452.437.000) 2022-04-05 18:24:54 Image size of job updated: 779000
	322  -  MemoryUsage of job (MB)
	328728  -  ResidentSetSize of job (KB)
...
006 (452.437.000) 2022-04-05 18:29:55 Image size of job updated: 779256
	322  -  MemoryUsage of job (MB)
	328860  -  ResidentSetSize of job (KB)
...
006 (452.437.000) 2022-04-05 18:34:56 Image size of job updated: 779512
	322  -  MemoryUsage of job (MB)
	328992  -  ResidentSetSize of job (KB)
...
006 (452.437.000) 2022-04-05 18:39:56 Image size of job updated: 779512
	322  -  MemoryUsage of job (MB)
	329256  -  ResidentSetSize of job (KB)
...
006 (452.437.000) 2022-04-05 18:42:29 Image size of job updated: 779768
	322  -  MemoryUsage of job (MB)
	329256  -  ResidentSetSize of job (KB)
...
005 (452.437.000) 2022-04-05 18:42:29 Job terminated.
	(1) Normal termination (return value 0)
		Usr 0 02:59:44, Sys 0 00:00:27  -  Run Remote Usage
		Usr 0 00:00:00, Sys 0 00:00:00  -  Run Local Usage
		Usr 0 02:59:44, Sys 0 00:00:27  -  Total Remote Usage
		Usr 0 00:00:00, Sys 0 00:00:00  -  Total Local Usage
	0  -  Run Bytes Sent By Job
	0  -  Run Bytes Received By Job
	0  -  Total Bytes Sent By Job
	0  -  Total Bytes Received By Job
	Partitionable Resources :    Usage  Request Allocated 
	   Cpus                 :     1.00        1         1 
	   Disk (KB)            :  7500        7500     10999 
	   Memory (MB)          :   322        1024      1024 

	Job terminated of its own accord at 2022-04-05T16:42:29Z with exit-code 0.
...
