000 (452.210.000) 2022-04-05 09:23:24 Job submitted from host: <10.18.24.243:9618?addrs=10.18.24.243-9618&alias=ecoclusts01.bioclust.biologie.ens.fr&noUDP&sock=schedd_1052_29b8>
...
001 (452.210.000) 2022-04-05 09:32:29 Job executing on host: <10.18.24.109:9618?addrs=10.18.24.109-9618&alias=ecoclust14.bioclust.biologie.ens.fr&noUDP&sock=startd_917_906f>
...
006 (452.210.000) 2022-04-05 09:32:38 Image size of job updated: 149780
	75  -  MemoryUsage of job (MB)
	76664  -  ResidentSetSize of job (KB)
...
006 (452.210.000) 2022-04-05 09:37:39 Image size of job updated: 741620
	317  -  MemoryUsage of job (MB)
	324044  -  ResidentSetSize of job (KB)
...
006 (452.210.000) 2022-04-05 09:47:39 Image size of job updated: 774388
	317  -  MemoryUsage of job (MB)
	324044  -  ResidentSetSize of job (KB)
...
006 (452.210.000) 2022-04-05 11:32:51 Image size of job updated: 774388
	317  -  MemoryUsage of job (MB)
	324132  -  ResidentSetSize of job (KB)
...
006 (452.210.000) 2022-04-05 11:37:52 Image size of job updated: 774644
	317  -  MemoryUsage of job (MB)
	324132  -  ResidentSetSize of job (KB)
...
006 (452.210.000) 2022-04-05 11:47:52 Image size of job updated: 774644
	317  -  MemoryUsage of job (MB)
	324264  -  ResidentSetSize of job (KB)
...
006 (452.210.000) 2022-04-05 11:52:53 Image size of job updated: 774900
	317  -  MemoryUsage of job (MB)
	324396  -  ResidentSetSize of job (KB)
...
006 (452.210.000) 2022-04-05 12:02:53 Image size of job updated: 774900
	317  -  MemoryUsage of job (MB)
	324528  -  ResidentSetSize of job (KB)
...
006 (452.210.000) 2022-04-05 12:12:55 Image size of job updated: 774900
	318  -  MemoryUsage of job (MB)
	324660  -  ResidentSetSize of job (KB)
...
006 (452.210.000) 2022-04-05 12:17:55 Image size of job updated: 775156
	318  -  MemoryUsage of job (MB)
	324660  -  ResidentSetSize of job (KB)
...
006 (452.210.000) 2022-04-05 12:22:56 Image size of job updated: 775156
	318  -  MemoryUsage of job (MB)
	324792  -  ResidentSetSize of job (KB)
...
006 (452.210.000) 2022-04-05 12:32:57 Image size of job updated: 775412
	318  -  MemoryUsage of job (MB)
	324924  -  ResidentSetSize of job (KB)
...
006 (452.210.000) 2022-04-05 12:37:57 Image size of job updated: 775412
	318  -  MemoryUsage of job (MB)
	325056  -  ResidentSetSize of job (KB)
...
006 (452.210.000) 2022-04-05 12:47:58 Image size of job updated: 775668
	318  -  MemoryUsage of job (MB)
	325188  -  ResidentSetSize of job (KB)
...
006 (452.210.000) 2022-04-05 12:57:59 Image size of job updated: 775668
	318  -  MemoryUsage of job (MB)
	325320  -  ResidentSetSize of job (KB)
...
006 (452.210.000) 2022-04-05 13:03:00 Image size of job updated: 775668
	318  -  MemoryUsage of job (MB)
	325452  -  ResidentSetSize of job (KB)
...
006 (452.210.000) 2022-04-05 13:08:00 Image size of job updated: 775924
	318  -  MemoryUsage of job (MB)
	325452  -  ResidentSetSize of job (KB)
...
006 (452.210.000) 2022-04-05 13:13:01 Image size of job updated: 775924
	318  -  MemoryUsage of job (MB)
	325584  -  ResidentSetSize of job (KB)
...
006 (452.210.000) 2022-04-05 13:23:02 Image size of job updated: 776180
	319  -  MemoryUsage of job (MB)
	325716  -  ResidentSetSize of job (KB)
...
006 (452.210.000) 2022-04-05 13:28:02 Image size of job updated: 776180
	319  -  MemoryUsage of job (MB)
	325848  -  ResidentSetSize of job (KB)
...
006 (452.210.000) 2022-04-05 13:38:04 Image size of job updated: 776436
	319  -  MemoryUsage of job (MB)
	325980  -  ResidentSetSize of job (KB)
...
006 (452.210.000) 2022-04-05 13:43:04 Image size of job updated: 776436
	319  -  MemoryUsage of job (MB)
	326112  -  ResidentSetSize of job (KB)
...
006 (452.210.000) 2022-04-05 13:53:06 Image size of job updated: 776692
	319  -  MemoryUsage of job (MB)
	326244  -  ResidentSetSize of job (KB)
...
006 (452.210.000) 2022-04-05 13:58:06 Image size of job updated: 776692
	319  -  MemoryUsage of job (MB)
	326376  -  ResidentSetSize of job (KB)
...
006 (452.210.000) 2022-04-05 14:08:08 Image size of job updated: 776948
	319  -  MemoryUsage of job (MB)
	326508  -  ResidentSetSize of job (KB)
...
006 (452.210.000) 2022-04-05 14:13:08 Image size of job updated: 776948
	319  -  MemoryUsage of job (MB)
	326640  -  ResidentSetSize of job (KB)
...
006 (452.210.000) 2022-04-05 14:43:11 Image size of job updated: 777204
	320  -  MemoryUsage of job (MB)
	326748  -  ResidentSetSize of job (KB)
...
006 (452.210.000) 2022-04-05 14:53:12 Image size of job updated: 777204
	320  -  MemoryUsage of job (MB)
	326880  -  ResidentSetSize of job (KB)
...
006 (452.210.000) 2022-04-05 15:03:13 Image size of job updated: 777460
	320  -  MemoryUsage of job (MB)
	327012  -  ResidentSetSize of job (KB)
...
006 (452.210.000) 2022-04-05 15:13:14 Image size of job updated: 777460
	320  -  MemoryUsage of job (MB)
	327144  -  ResidentSetSize of job (KB)
...
006 (452.210.000) 2022-04-05 15:18:14 Image size of job updated: 777716
	320  -  MemoryUsage of job (MB)
	327276  -  ResidentSetSize of job (KB)
...
006 (452.210.000) 2022-04-05 15:28:15 Image size of job updated: 777716
	320  -  MemoryUsage of job (MB)
	327408  -  ResidentSetSize of job (KB)
...
006 (452.210.000) 2022-04-05 15:38:16 Image size of job updated: 777972
	320  -  MemoryUsage of job (MB)
	327540  -  ResidentSetSize of job (KB)
...
006 (452.210.000) 2022-04-05 15:48:17 Image size of job updated: 777972
	320  -  MemoryUsage of job (MB)
	327672  -  ResidentSetSize of job (KB)
...
006 (452.210.000) 2022-04-05 15:53:17 Image size of job updated: 778228
	320  -  MemoryUsage of job (MB)
	327672  -  ResidentSetSize of job (KB)
...
006 (452.210.000) 2022-04-05 15:58:17 Image size of job updated: 778228
	321  -  MemoryUsage of job (MB)
	327804  -  ResidentSetSize of job (KB)
...
006 (452.210.000) 2022-04-05 16:03:19 Image size of job updated: 778228
	321  -  MemoryUsage of job (MB)
	327936  -  ResidentSetSize of job (KB)
...
006 (452.210.000) 2022-04-05 16:13:19 Image size of job updated: 778484
	321  -  MemoryUsage of job (MB)
	328068  -  ResidentSetSize of job (KB)
...
006 (452.210.000) 2022-04-05 16:23:21 Image size of job updated: 778484
	321  -  MemoryUsage of job (MB)
	328200  -  ResidentSetSize of job (KB)
...
006 (452.210.000) 2022-04-05 16:28:21 Image size of job updated: 778740
	321  -  MemoryUsage of job (MB)
	328200  -  ResidentSetSize of job (KB)
...
006 (452.210.000) 2022-04-05 16:33:22 Image size of job updated: 778740
	321  -  MemoryUsage of job (MB)
	328332  -  ResidentSetSize of job (KB)
...
006 (452.210.000) 2022-04-05 16:43:23 Image size of job updated: 778996
	321  -  MemoryUsage of job (MB)
	328464  -  ResidentSetSize of job (KB)
...
006 (452.210.000) 2022-04-05 16:48:23 Image size of job updated: 778996
	321  -  MemoryUsage of job (MB)
	328596  -  ResidentSetSize of job (KB)
...
006 (452.210.000) 2022-04-05 16:58:24 Image size of job updated: 778996
	322  -  MemoryUsage of job (MB)
	328728  -  ResidentSetSize of job (KB)
...
006 (452.210.000) 2022-04-05 17:03:24 Image size of job updated: 779252
	322  -  MemoryUsage of job (MB)
	328728  -  ResidentSetSize of job (KB)
...
006 (452.210.000) 2022-04-05 17:08:25 Image size of job updated: 779252
	322  -  MemoryUsage of job (MB)
	328860  -  ResidentSetSize of job (KB)
...
006 (452.210.000) 2022-04-05 17:13:26 Image size of job updated: 779252
	322  -  MemoryUsage of job (MB)
	328992  -  ResidentSetSize of job (KB)
...
006 (452.210.000) 2022-04-05 17:18:26 Image size of job updated: 779508
	322  -  MemoryUsage of job (MB)
	328992  -  ResidentSetSize of job (KB)
...
006 (452.210.000) 2022-04-05 17:23:27 Image size of job updated: 779508
	322  -  MemoryUsage of job (MB)
	329124  -  ResidentSetSize of job (KB)
...
006 (452.210.000) 2022-04-05 17:33:28 Image size of job updated: 779508
	322  -  MemoryUsage of job (MB)
	329256  -  ResidentSetSize of job (KB)
...
006 (452.210.000) 2022-04-05 17:36:25 Image size of job updated: 779764
	322  -  MemoryUsage of job (MB)
	329256  -  ResidentSetSize of job (KB)
...
005 (452.210.000) 2022-04-05 17:36:25 Job terminated.
	(1) Normal termination (return value 0)
		Usr 0 08:01:34, Sys 0 00:00:34  -  Run Remote Usage
		Usr 0 00:00:00, Sys 0 00:00:00  -  Run Local Usage
		Usr 0 08:01:34, Sys 0 00:00:34  -  Total Remote Usage
		Usr 0 00:00:00, Sys 0 00:00:00  -  Total Local Usage
	0  -  Run Bytes Sent By Job
	0  -  Run Bytes Received By Job
	0  -  Total Bytes Sent By Job
	0  -  Total Bytes Received By Job
	Partitionable Resources :    Usage  Request Allocated 
	   Cpus                 :     1.00        1         1 
	   Disk (KB)            :  7500        7500     10998 
	   Memory (MB)          :   322        1024      1024 

	Job terminated of its own accord at 2022-04-05T15:36:25Z with exit-code 0.
...
