000 (452.826.000) 2022-04-05 09:23:27 Job submitted from host: <10.18.24.243:9618?addrs=10.18.24.243-9618&alias=ecoclusts01.bioclust.biologie.ens.fr&noUDP&sock=schedd_1052_29b8>
...
001 (452.826.000) 2022-04-06 00:19:50 Job executing on host: <10.18.24.178:9618?addrs=10.18.24.178-9618&alias=mcbsclust07.bioclust.biologie.ens.fr&noUDP&sock=startd_912_2276>
...
006 (452.826.000) 2022-04-06 00:19:59 Image size of job updated: 523844
	418  -  MemoryUsage of job (MB)
	427960  -  ResidentSetSize of job (KB)
...
006 (452.826.000) 2022-04-06 00:24:59 Image size of job updated: 741876
	418  -  MemoryUsage of job (MB)
	427960  -  ResidentSetSize of job (KB)
...
006 (452.826.000) 2022-04-06 00:30:01 Image size of job updated: 774644
	418  -  MemoryUsage of job (MB)
	427960  -  ResidentSetSize of job (KB)
...
006 (452.826.000) 2022-04-06 01:35:08 Image size of job updated: 774900
	418  -  MemoryUsage of job (MB)
	427960  -  ResidentSetSize of job (KB)
...
006 (452.826.000) 2022-04-06 01:50:10 Image size of job updated: 775156
	418  -  MemoryUsage of job (MB)
	427960  -  ResidentSetSize of job (KB)
...
006 (452.826.000) 2022-04-06 02:05:11 Image size of job updated: 775412
	418  -  MemoryUsage of job (MB)
	427960  -  ResidentSetSize of job (KB)
...
006 (452.826.000) 2022-04-06 02:20:12 Image size of job updated: 775668
	418  -  MemoryUsage of job (MB)
	427960  -  ResidentSetSize of job (KB)
...
006 (452.826.000) 2022-04-06 02:35:13 Image size of job updated: 775924
	418  -  MemoryUsage of job (MB)
	427960  -  ResidentSetSize of job (KB)
...
006 (452.826.000) 2022-04-06 02:50:15 Image size of job updated: 776180
	418  -  MemoryUsage of job (MB)
	427960  -  ResidentSetSize of job (KB)
...
006 (452.826.000) 2022-04-06 03:00:16 Image size of job updated: 776436
	418  -  MemoryUsage of job (MB)
	427960  -  ResidentSetSize of job (KB)
...
006 (452.826.000) 2022-04-06 03:15:17 Image size of job updated: 776692
	418  -  MemoryUsage of job (MB)
	427960  -  ResidentSetSize of job (KB)
...
006 (452.826.000) 2022-04-06 03:25:18 Image size of job updated: 776948
	418  -  MemoryUsage of job (MB)
	427960  -  ResidentSetSize of job (KB)
...
006 (452.826.000) 2022-04-06 03:55:21 Image size of job updated: 777204
	418  -  MemoryUsage of job (MB)
	427960  -  ResidentSetSize of job (KB)
...
006 (452.826.000) 2022-04-06 04:10:22 Image size of job updated: 777460
	418  -  MemoryUsage of job (MB)
	427960  -  ResidentSetSize of job (KB)
...
006 (452.826.000) 2022-04-06 04:20:22 Image size of job updated: 777716
	418  -  MemoryUsage of job (MB)
	427960  -  ResidentSetSize of job (KB)
...
006 (452.826.000) 2022-04-06 04:35:24 Image size of job updated: 777972
	418  -  MemoryUsage of job (MB)
	427960  -  ResidentSetSize of job (KB)
...
006 (452.826.000) 2022-04-06 04:50:26 Image size of job updated: 778228
	418  -  MemoryUsage of job (MB)
	427960  -  ResidentSetSize of job (KB)
...
006 (452.826.000) 2022-04-06 05:00:27 Image size of job updated: 778484
	418  -  MemoryUsage of job (MB)
	427960  -  ResidentSetSize of job (KB)
...
006 (452.826.000) 2022-04-06 05:15:29 Image size of job updated: 778740
	418  -  MemoryUsage of job (MB)
	427960  -  ResidentSetSize of job (KB)
...
006 (452.826.000) 2022-04-06 05:25:30 Image size of job updated: 778996
	418  -  MemoryUsage of job (MB)
	427960  -  ResidentSetSize of job (KB)
...
006 (452.826.000) 2022-04-06 05:40:32 Image size of job updated: 779252
	418  -  MemoryUsage of job (MB)
	427960  -  ResidentSetSize of job (KB)
...
006 (452.826.000) 2022-04-06 05:55:34 Image size of job updated: 779508
	418  -  MemoryUsage of job (MB)
	427960  -  ResidentSetSize of job (KB)
...
006 (452.826.000) 2022-04-06 06:05:34 Image size of job updated: 779764
	418  -  MemoryUsage of job (MB)
	427960  -  ResidentSetSize of job (KB)
...
005 (452.826.000) 2022-04-06 06:06:19 Job terminated.
	(1) Normal termination (return value 0)
		Usr 0 05:45:15, Sys 0 00:00:15  -  Run Remote Usage
		Usr 0 00:00:00, Sys 0 00:00:00  -  Run Local Usage
		Usr 0 05:45:15, Sys 0 00:00:15  -  Total Remote Usage
		Usr 0 00:00:00, Sys 0 00:00:00  -  Total Local Usage
	0  -  Run Bytes Sent By Job
	0  -  Run Bytes Received By Job
	0  -  Total Bytes Sent By Job
	0  -  Total Bytes Received By Job
	Partitionable Resources :    Usage  Request Allocated 
	   Cpus                 :     1.00        1         1 
	   Disk (KB)            :  7500        7500     11001 
	   Memory (MB)          :   418        1024      1024 

	Job terminated of its own accord at 2022-04-06T04:06:19Z with exit-code 0.
...
