000 (452.189.000) 2022-04-05 09:23:24 Job submitted from host: <10.18.24.243:9618?addrs=10.18.24.243-9618&alias=ecoclusts01.bioclust.biologie.ens.fr&noUDP&sock=schedd_1052_29b8>
...
001 (452.189.000) 2022-04-05 09:23:44 Job executing on host: <10.18.24.31:9618?addrs=10.18.24.31-9618&alias=bioclust31.bioclust.biologie.ens.fr&noUDP&sock=startd_2248324_d5bc>
...
006 (452.189.000) 2022-04-05 09:23:53 Image size of job updated: 233656
	64  -  MemoryUsage of job (MB)
	65348  -  ResidentSetSize of job (KB)
...
006 (452.189.000) 2022-04-05 09:28:53 Image size of job updated: 896308
	317  -  MemoryUsage of job (MB)
	324360  -  ResidentSetSize of job (KB)
...
006 (452.189.000) 2022-04-05 10:29:00 Image size of job updated: 896308
	317  -  MemoryUsage of job (MB)
	324492  -  ResidentSetSize of job (KB)
...
006 (452.189.000) 2022-04-05 10:34:00 Image size of job updated: 896308
	318  -  MemoryUsage of job (MB)
	324756  -  ResidentSetSize of job (KB)
...
006 (452.189.000) 2022-04-05 10:39:00 Image size of job updated: 896308
	318  -  MemoryUsage of job (MB)
	324888  -  ResidentSetSize of job (KB)
...
006 (452.189.000) 2022-04-05 10:44:01 Image size of job updated: 896308
	318  -  MemoryUsage of job (MB)
	325152  -  ResidentSetSize of job (KB)
...
006 (452.189.000) 2022-04-05 10:49:02 Image size of job updated: 896308
	318  -  MemoryUsage of job (MB)
	325284  -  ResidentSetSize of job (KB)
...
006 (452.189.000) 2022-04-05 10:54:02 Image size of job updated: 896308
	318  -  MemoryUsage of job (MB)
	325416  -  ResidentSetSize of job (KB)
...
006 (452.189.000) 2022-04-05 10:59:03 Image size of job updated: 896308
	319  -  MemoryUsage of job (MB)
	325680  -  ResidentSetSize of job (KB)
...
006 (452.189.000) 2022-04-05 11:04:04 Image size of job updated: 896308
	319  -  MemoryUsage of job (MB)
	325812  -  ResidentSetSize of job (KB)
...
006 (452.189.000) 2022-04-05 11:09:04 Image size of job updated: 896308
	319  -  MemoryUsage of job (MB)
	325944  -  ResidentSetSize of job (KB)
...
006 (452.189.000) 2022-04-05 11:14:04 Image size of job updated: 896308
	319  -  MemoryUsage of job (MB)
	326076  -  ResidentSetSize of job (KB)
...
006 (452.189.000) 2022-04-05 11:19:05 Image size of job updated: 896308
	319  -  MemoryUsage of job (MB)
	326208  -  ResidentSetSize of job (KB)
...
006 (452.189.000) 2022-04-05 11:24:06 Image size of job updated: 896308
	319  -  MemoryUsage of job (MB)
	326340  -  ResidentSetSize of job (KB)
...
006 (452.189.000) 2022-04-05 11:29:06 Image size of job updated: 896308
	319  -  MemoryUsage of job (MB)
	326604  -  ResidentSetSize of job (KB)
...
006 (452.189.000) 2022-04-05 11:44:08 Image size of job updated: 896308
	320  -  MemoryUsage of job (MB)
	326736  -  ResidentSetSize of job (KB)
...
006 (452.189.000) 2022-04-05 11:49:08 Image size of job updated: 896308
	320  -  MemoryUsage of job (MB)
	326868  -  ResidentSetSize of job (KB)
...
006 (452.189.000) 2022-04-05 11:54:09 Image size of job updated: 896308
	320  -  MemoryUsage of job (MB)
	327000  -  ResidentSetSize of job (KB)
...
006 (452.189.000) 2022-04-05 11:59:09 Image size of job updated: 896308
	320  -  MemoryUsage of job (MB)
	327132  -  ResidentSetSize of job (KB)
...
006 (452.189.000) 2022-04-05 12:04:09 Image size of job updated: 896308
	320  -  MemoryUsage of job (MB)
	327264  -  ResidentSetSize of job (KB)
...
006 (452.189.000) 2022-04-05 12:09:11 Image size of job updated: 896308
	320  -  MemoryUsage of job (MB)
	327396  -  ResidentSetSize of job (KB)
...
006 (452.189.000) 2022-04-05 12:14:11 Image size of job updated: 896308
	320  -  MemoryUsage of job (MB)
	327528  -  ResidentSetSize of job (KB)
...
006 (452.189.000) 2022-04-05 12:19:11 Image size of job updated: 896308
	320  -  MemoryUsage of job (MB)
	327660  -  ResidentSetSize of job (KB)
...
006 (452.189.000) 2022-04-05 12:24:12 Image size of job updated: 896308
	321  -  MemoryUsage of job (MB)
	327792  -  ResidentSetSize of job (KB)
...
006 (452.189.000) 2022-04-05 12:29:13 Image size of job updated: 896308
	321  -  MemoryUsage of job (MB)
	328056  -  ResidentSetSize of job (KB)
...
006 (452.189.000) 2022-04-05 12:34:13 Image size of job updated: 896308
	321  -  MemoryUsage of job (MB)
	328188  -  ResidentSetSize of job (KB)
...
006 (452.189.000) 2022-04-05 12:39:14 Image size of job updated: 896308
	321  -  MemoryUsage of job (MB)
	328452  -  ResidentSetSize of job (KB)
...
006 (452.189.000) 2022-04-05 12:44:15 Image size of job updated: 896308
	322  -  MemoryUsage of job (MB)
	328716  -  ResidentSetSize of job (KB)
...
006 (452.189.000) 2022-04-05 12:49:15 Image size of job updated: 896308
	322  -  MemoryUsage of job (MB)
	329112  -  ResidentSetSize of job (KB)
...
005 (452.189.000) 2022-04-05 12:53:33 Job terminated.
	(1) Normal termination (return value 0)
		Usr 0 03:28:40, Sys 0 00:00:39  -  Run Remote Usage
		Usr 0 00:00:00, Sys 0 00:00:00  -  Run Local Usage
		Usr 0 03:28:40, Sys 0 00:00:39  -  Total Remote Usage
		Usr 0 00:00:00, Sys 0 00:00:00  -  Total Local Usage
	0  -  Run Bytes Sent By Job
	0  -  Run Bytes Received By Job
	0  -  Total Bytes Sent By Job
	0  -  Total Bytes Received By Job
	Partitionable Resources :    Usage  Request Allocated 
	   Cpus                 :     1.00        1         1 
	   Disk (KB)            :  7500        7500      9276 
	   Memory (MB)          :   322        1024      1024 

	Job terminated of its own accord at 2022-04-05T10:53:33Z with exit-code 0.
...
