000 (452.515.000) 2022-04-05 09:23:26 Job submitted from host: <10.18.24.243:9618?addrs=10.18.24.243-9618&alias=ecoclusts01.bioclust.biologie.ens.fr&noUDP&sock=schedd_1052_29b8>
...
001 (452.515.000) 2022-04-05 18:08:13 Job executing on host: <10.18.24.133:9618?addrs=10.18.24.133-9618&alias=dyoclust06.bioclust.biologie.ens.fr&noUDP&sock=startd_804_0e3b>
...
006 (452.515.000) 2022-04-05 18:08:22 Image size of job updated: 86168
	85  -  MemoryUsage of job (MB)
	86168  -  ResidentSetSize of job (KB)
...
006 (452.515.000) 2022-04-05 18:13:23 Image size of job updated: 741624
	317  -  MemoryUsage of job (MB)
	324132  -  ResidentSetSize of job (KB)
...
006 (452.515.000) 2022-04-05 18:18:24 Image size of job updated: 792252
	317  -  MemoryUsage of job (MB)
	324132  -  ResidentSetSize of job (KB)
...
006 (452.515.000) 2022-04-05 19:28:32 Image size of job updated: 792252
	317  -  MemoryUsage of job (MB)
	324264  -  ResidentSetSize of job (KB)
...
006 (452.515.000) 2022-04-05 19:33:32 Image size of job updated: 792252
	317  -  MemoryUsage of job (MB)
	324396  -  ResidentSetSize of job (KB)
...
006 (452.515.000) 2022-04-05 19:38:33 Image size of job updated: 792252
	317  -  MemoryUsage of job (MB)
	324528  -  ResidentSetSize of job (KB)
...
006 (452.515.000) 2022-04-05 19:43:34 Image size of job updated: 792252
	318  -  MemoryUsage of job (MB)
	324660  -  ResidentSetSize of job (KB)
...
006 (452.515.000) 2022-04-05 19:48:34 Image size of job updated: 792252
	318  -  MemoryUsage of job (MB)
	324792  -  ResidentSetSize of job (KB)
...
006 (452.515.000) 2022-04-05 19:53:34 Image size of job updated: 792252
	318  -  MemoryUsage of job (MB)
	324924  -  ResidentSetSize of job (KB)
...
006 (452.515.000) 2022-04-05 19:58:36 Image size of job updated: 792252
	318  -  MemoryUsage of job (MB)
	325188  -  ResidentSetSize of job (KB)
...
006 (452.515.000) 2022-04-05 20:08:36 Image size of job updated: 792252
	318  -  MemoryUsage of job (MB)
	325320  -  ResidentSetSize of job (KB)
...
006 (452.515.000) 2022-04-05 20:13:37 Image size of job updated: 792252
	318  -  MemoryUsage of job (MB)
	325584  -  ResidentSetSize of job (KB)
...
006 (452.515.000) 2022-04-05 20:18:38 Image size of job updated: 792252
	319  -  MemoryUsage of job (MB)
	325716  -  ResidentSetSize of job (KB)
...
006 (452.515.000) 2022-04-05 20:23:38 Image size of job updated: 792252
	319  -  MemoryUsage of job (MB)
	325848  -  ResidentSetSize of job (KB)
...
006 (452.515.000) 2022-04-05 20:28:38 Image size of job updated: 792252
	319  -  MemoryUsage of job (MB)
	325980  -  ResidentSetSize of job (KB)
...
006 (452.515.000) 2022-04-05 20:33:39 Image size of job updated: 792252
	319  -  MemoryUsage of job (MB)
	326112  -  ResidentSetSize of job (KB)
...
006 (452.515.000) 2022-04-05 20:38:39 Image size of job updated: 792252
	319  -  MemoryUsage of job (MB)
	326244  -  ResidentSetSize of job (KB)
...
006 (452.515.000) 2022-04-05 20:43:39 Image size of job updated: 792252
	319  -  MemoryUsage of job (MB)
	326376  -  ResidentSetSize of job (KB)
...
006 (452.515.000) 2022-04-05 20:48:40 Image size of job updated: 792252
	319  -  MemoryUsage of job (MB)
	326640  -  ResidentSetSize of job (KB)
...
006 (452.515.000) 2022-04-05 21:08:43 Image size of job updated: 792252
	320  -  MemoryUsage of job (MB)
	326752  -  ResidentSetSize of job (KB)
...
006 (452.515.000) 2022-04-05 21:13:43 Image size of job updated: 792252
	320  -  MemoryUsage of job (MB)
	326884  -  ResidentSetSize of job (KB)
...
006 (452.515.000) 2022-04-05 21:18:43 Image size of job updated: 792252
	320  -  MemoryUsage of job (MB)
	327016  -  ResidentSetSize of job (KB)
...
006 (452.515.000) 2022-04-05 21:23:44 Image size of job updated: 792252
	320  -  MemoryUsage of job (MB)
	327280  -  ResidentSetSize of job (KB)
...
006 (452.515.000) 2022-04-05 21:28:45 Image size of job updated: 792252
	320  -  MemoryUsage of job (MB)
	327412  -  ResidentSetSize of job (KB)
...
006 (452.515.000) 2022-04-05 21:33:45 Image size of job updated: 792252
	320  -  MemoryUsage of job (MB)
	327544  -  ResidentSetSize of job (KB)
...
006 (452.515.000) 2022-04-05 21:38:46 Image size of job updated: 792252
	320  -  MemoryUsage of job (MB)
	327676  -  ResidentSetSize of job (KB)
...
006 (452.515.000) 2022-04-05 21:43:47 Image size of job updated: 792252
	321  -  MemoryUsage of job (MB)
	327808  -  ResidentSetSize of job (KB)
...
006 (452.515.000) 2022-04-05 21:48:47 Image size of job updated: 792252
	321  -  MemoryUsage of job (MB)
	327940  -  ResidentSetSize of job (KB)
...
006 (452.515.000) 2022-04-05 21:53:47 Image size of job updated: 792252
	321  -  MemoryUsage of job (MB)
	328072  -  ResidentSetSize of job (KB)
...
006 (452.515.000) 2022-04-05 21:58:48 Image size of job updated: 792252
	321  -  MemoryUsage of job (MB)
	328204  -  ResidentSetSize of job (KB)
...
006 (452.515.000) 2022-04-05 22:03:49 Image size of job updated: 792252
	321  -  MemoryUsage of job (MB)
	328336  -  ResidentSetSize of job (KB)
...
006 (452.515.000) 2022-04-05 22:08:49 Image size of job updated: 792252
	321  -  MemoryUsage of job (MB)
	328468  -  ResidentSetSize of job (KB)
...
006 (452.515.000) 2022-04-05 22:13:50 Image size of job updated: 792252
	321  -  MemoryUsage of job (MB)
	328600  -  ResidentSetSize of job (KB)
...
006 (452.515.000) 2022-04-05 22:18:51 Image size of job updated: 792252
	322  -  MemoryUsage of job (MB)
	328732  -  ResidentSetSize of job (KB)
...
006 (452.515.000) 2022-04-05 22:23:51 Image size of job updated: 792252
	322  -  MemoryUsage of job (MB)
	328864  -  ResidentSetSize of job (KB)
...
006 (452.515.000) 2022-04-05 22:28:51 Image size of job updated: 792252
	322  -  MemoryUsage of job (MB)
	328996  -  ResidentSetSize of job (KB)
...
006 (452.515.000) 2022-04-05 22:33:53 Image size of job updated: 792252
	322  -  MemoryUsage of job (MB)
	329128  -  ResidentSetSize of job (KB)
...
005 (452.515.000) 2022-04-05 22:38:32 Job terminated.
	(1) Normal termination (return value 0)
		Usr 0 04:28:39, Sys 0 00:00:26  -  Run Remote Usage
		Usr 0 00:00:00, Sys 0 00:00:00  -  Run Local Usage
		Usr 0 04:28:39, Sys 0 00:00:26  -  Total Remote Usage
		Usr 0 00:00:00, Sys 0 00:00:00  -  Total Local Usage
	0  -  Run Bytes Sent By Job
	0  -  Run Bytes Received By Job
	0  -  Total Bytes Sent By Job
	0  -  Total Bytes Received By Job
	Partitionable Resources :    Usage  Request Allocated 
	   Cpus                 :     1.00        1         1 
	   Disk (KB)            :  7500        7500     10015 
	   Memory (MB)          :   322        1024      1024 

	Job terminated of its own accord at 2022-04-05T20:38:32Z with exit-code 0.
...
