000 (452.655.000) 2022-04-05 09:23:26 Job submitted from host: <10.18.24.243:9618?addrs=10.18.24.243-9618&alias=ecoclusts01.bioclust.biologie.ens.fr&noUDP&sock=schedd_1052_29b8>
...
001 (452.655.000) 2022-04-05 20:39:04 Job executing on host: <10.18.24.178:9618?addrs=10.18.24.178-9618&alias=mcbsclust07.bioclust.biologie.ens.fr&noUDP&sock=startd_912_2276>
...
006 (452.655.000) 2022-04-05 20:39:13 Image size of job updated: 428080
	419  -  MemoryUsage of job (MB)
	428080  -  ResidentSetSize of job (KB)
...
006 (452.655.000) 2022-04-05 20:44:14 Image size of job updated: 741620
	419  -  MemoryUsage of job (MB)
	428080  -  ResidentSetSize of job (KB)
...
006 (452.655.000) 2022-04-05 20:49:14 Image size of job updated: 774388
	419  -  MemoryUsage of job (MB)
	428080  -  ResidentSetSize of job (KB)
...
006 (452.655.000) 2022-04-05 21:39:19 Image size of job updated: 774644
	419  -  MemoryUsage of job (MB)
	428080  -  ResidentSetSize of job (KB)
...
006 (452.655.000) 2022-04-05 21:49:20 Image size of job updated: 774900
	419  -  MemoryUsage of job (MB)
	428080  -  ResidentSetSize of job (KB)
...
006 (452.655.000) 2022-04-05 21:59:21 Image size of job updated: 775156
	419  -  MemoryUsage of job (MB)
	428080  -  ResidentSetSize of job (KB)
...
006 (452.655.000) 2022-04-05 22:14:23 Image size of job updated: 775412
	419  -  MemoryUsage of job (MB)
	428080  -  ResidentSetSize of job (KB)
...
006 (452.655.000) 2022-04-05 22:24:24 Image size of job updated: 775668
	419  -  MemoryUsage of job (MB)
	428080  -  ResidentSetSize of job (KB)
...
006 (452.655.000) 2022-04-05 22:39:25 Image size of job updated: 775924
	419  -  MemoryUsage of job (MB)
	428080  -  ResidentSetSize of job (KB)
...
006 (452.655.000) 2022-04-05 22:54:26 Image size of job updated: 776180
	419  -  MemoryUsage of job (MB)
	428080  -  ResidentSetSize of job (KB)
...
006 (452.655.000) 2022-04-05 23:04:28 Image size of job updated: 776436
	419  -  MemoryUsage of job (MB)
	428080  -  ResidentSetSize of job (KB)
...
006 (452.655.000) 2022-04-05 23:19:29 Image size of job updated: 776692
	419  -  MemoryUsage of job (MB)
	428080  -  ResidentSetSize of job (KB)
...
006 (452.655.000) 2022-04-05 23:29:29 Image size of job updated: 776948
	419  -  MemoryUsage of job (MB)
	428080  -  ResidentSetSize of job (KB)
...
006 (452.655.000) 2022-04-06 00:04:33 Image size of job updated: 777204
	419  -  MemoryUsage of job (MB)
	428080  -  ResidentSetSize of job (KB)
...
006 (452.655.000) 2022-04-06 00:19:34 Image size of job updated: 777460
	419  -  MemoryUsage of job (MB)
	428080  -  ResidentSetSize of job (KB)
...
006 (452.655.000) 2022-04-06 00:34:37 Image size of job updated: 777716
	419  -  MemoryUsage of job (MB)
	428080  -  ResidentSetSize of job (KB)
...
006 (452.655.000) 2022-04-06 00:49:39 Image size of job updated: 777972
	419  -  MemoryUsage of job (MB)
	428080  -  ResidentSetSize of job (KB)
...
006 (452.655.000) 2022-04-06 01:04:41 Image size of job updated: 778228
	419  -  MemoryUsage of job (MB)
	428080  -  ResidentSetSize of job (KB)
...
006 (452.655.000) 2022-04-06 01:19:42 Image size of job updated: 778484
	419  -  MemoryUsage of job (MB)
	428080  -  ResidentSetSize of job (KB)
...
006 (452.655.000) 2022-04-06 01:34:43 Image size of job updated: 778740
	419  -  MemoryUsage of job (MB)
	428080  -  ResidentSetSize of job (KB)
...
006 (452.655.000) 2022-04-06 01:49:44 Image size of job updated: 778996
	419  -  MemoryUsage of job (MB)
	428080  -  ResidentSetSize of job (KB)
...
006 (452.655.000) 2022-04-06 02:04:46 Image size of job updated: 779252
	419  -  MemoryUsage of job (MB)
	428080  -  ResidentSetSize of job (KB)
...
006 (452.655.000) 2022-04-06 02:19:48 Image size of job updated: 779508
	419  -  MemoryUsage of job (MB)
	428080  -  ResidentSetSize of job (KB)
...
006 (452.655.000) 2022-04-06 02:32:28 Image size of job updated: 779764
	419  -  MemoryUsage of job (MB)
	428080  -  ResidentSetSize of job (KB)
...
005 (452.655.000) 2022-04-06 02:32:28 Job terminated.
	(1) Normal termination (return value 0)
		Usr 0 05:52:27, Sys 0 00:00:14  -  Run Remote Usage
		Usr 0 00:00:00, Sys 0 00:00:00  -  Run Local Usage
		Usr 0 05:52:27, Sys 0 00:00:14  -  Total Remote Usage
		Usr 0 00:00:00, Sys 0 00:00:00  -  Total Local Usage
	0  -  Run Bytes Sent By Job
	0  -  Run Bytes Received By Job
	0  -  Total Bytes Sent By Job
	0  -  Total Bytes Received By Job
	Partitionable Resources :    Usage  Request Allocated 
	   Cpus                 :     1.00        1         1 
	   Disk (KB)            :  7500        7500     11001 
	   Memory (MB)          :   419        1024      1024 

	Job terminated of its own accord at 2022-04-06T00:32:28Z with exit-code 0.
...
