000 (452.018.000) 2022-04-05 09:23:24 Job submitted from host: <10.18.24.243:9618?addrs=10.18.24.243-9618&alias=ecoclusts01.bioclust.biologie.ens.fr&noUDP&sock=schedd_1052_29b8>
...
001 (452.018.000) 2022-04-05 09:23:29 Job executing on host: <10.18.24.14:9618?addrs=10.18.24.14-9618&alias=bioclust14.bioclust.biologie.ens.fr&noUDP&sock=startd_1206_cb4e>
...
006 (452.018.000) 2022-04-05 09:23:38 Image size of job updated: 124908
	47  -  MemoryUsage of job (MB)
	47736  -  ResidentSetSize of job (KB)
...
006 (452.018.000) 2022-04-05 09:28:39 Image size of job updated: 741620
	272  -  MemoryUsage of job (MB)
	277692  -  ResidentSetSize of job (KB)
...
006 (452.018.000) 2022-04-05 09:33:39 Image size of job updated: 741620
	317  -  MemoryUsage of job (MB)
	324156  -  ResidentSetSize of job (KB)
...
006 (452.018.000) 2022-04-05 09:43:41 Image size of job updated: 774388
	317  -  MemoryUsage of job (MB)
	324156  -  ResidentSetSize of job (KB)
...
006 (452.018.000) 2022-04-05 11:18:50 Image size of job updated: 774644
	317  -  MemoryUsage of job (MB)
	324156  -  ResidentSetSize of job (KB)
...
006 (452.018.000) 2022-04-05 11:28:51 Image size of job updated: 774644
	317  -  MemoryUsage of job (MB)
	324288  -  ResidentSetSize of job (KB)
...
006 (452.018.000) 2022-04-05 11:38:51 Image size of job updated: 774900
	317  -  MemoryUsage of job (MB)
	324420  -  ResidentSetSize of job (KB)
...
006 (452.018.000) 2022-04-05 11:48:52 Image size of job updated: 774900
	317  -  MemoryUsage of job (MB)
	324552  -  ResidentSetSize of job (KB)
...
006 (452.018.000) 2022-04-05 11:58:53 Image size of job updated: 774900
	318  -  MemoryUsage of job (MB)
	324684  -  ResidentSetSize of job (KB)
...
006 (452.018.000) 2022-04-05 12:03:53 Image size of job updated: 775156
	318  -  MemoryUsage of job (MB)
	324684  -  ResidentSetSize of job (KB)
...
006 (452.018.000) 2022-04-05 12:13:54 Image size of job updated: 775156
	318  -  MemoryUsage of job (MB)
	324816  -  ResidentSetSize of job (KB)
...
006 (452.018.000) 2022-04-05 12:23:55 Image size of job updated: 775412
	318  -  MemoryUsage of job (MB)
	324948  -  ResidentSetSize of job (KB)
...
006 (452.018.000) 2022-04-05 12:28:55 Image size of job updated: 775412
	318  -  MemoryUsage of job (MB)
	325080  -  ResidentSetSize of job (KB)
...
006 (452.018.000) 2022-04-05 12:38:57 Image size of job updated: 775668
	318  -  MemoryUsage of job (MB)
	325212  -  ResidentSetSize of job (KB)
...
006 (452.018.000) 2022-04-05 12:48:58 Image size of job updated: 775668
	318  -  MemoryUsage of job (MB)
	325344  -  ResidentSetSize of job (KB)
...
006 (452.018.000) 2022-04-05 12:53:59 Image size of job updated: 775924
	318  -  MemoryUsage of job (MB)
	325476  -  ResidentSetSize of job (KB)
...
006 (452.018.000) 2022-04-05 13:09:00 Image size of job updated: 775924
	318  -  MemoryUsage of job (MB)
	325608  -  ResidentSetSize of job (KB)
...
006 (452.018.000) 2022-04-05 13:14:02 Image size of job updated: 776180
	318  -  MemoryUsage of job (MB)
	325608  -  ResidentSetSize of job (KB)
...
006 (452.018.000) 2022-04-05 13:19:02 Image size of job updated: 776180
	319  -  MemoryUsage of job (MB)
	325740  -  ResidentSetSize of job (KB)
...
006 (452.018.000) 2022-04-05 13:24:02 Image size of job updated: 776180
	319  -  MemoryUsage of job (MB)
	325872  -  ResidentSetSize of job (KB)
...
006 (452.018.000) 2022-04-05 13:29:03 Image size of job updated: 776436
	319  -  MemoryUsage of job (MB)
	325872  -  ResidentSetSize of job (KB)
...
006 (452.018.000) 2022-04-05 13:34:03 Image size of job updated: 776436
	319  -  MemoryUsage of job (MB)
	326004  -  ResidentSetSize of job (KB)
...
006 (452.018.000) 2022-04-05 13:39:04 Image size of job updated: 776436
	319  -  MemoryUsage of job (MB)
	326136  -  ResidentSetSize of job (KB)
...
006 (452.018.000) 2022-04-05 13:49:05 Image size of job updated: 776692
	319  -  MemoryUsage of job (MB)
	326136  -  ResidentSetSize of job (KB)
...
006 (452.018.000) 2022-04-05 13:54:06 Image size of job updated: 776692
	319  -  MemoryUsage of job (MB)
	326268  -  ResidentSetSize of job (KB)
...
006 (452.018.000) 2022-04-05 13:59:06 Image size of job updated: 776692
	319  -  MemoryUsage of job (MB)
	326400  -  ResidentSetSize of job (KB)
...
006 (452.018.000) 2022-04-05 14:04:07 Image size of job updated: 776948
	319  -  MemoryUsage of job (MB)
	326532  -  ResidentSetSize of job (KB)
...
006 (452.018.000) 2022-04-05 14:29:10 Image size of job updated: 776948
	319  -  MemoryUsage of job (MB)
	326616  -  ResidentSetSize of job (KB)
...
006 (452.018.000) 2022-04-05 14:39:10 Image size of job updated: 777204
	320  -  MemoryUsage of job (MB)
	326748  -  ResidentSetSize of job (KB)
...
006 (452.018.000) 2022-04-05 14:49:11 Image size of job updated: 777204
	320  -  MemoryUsage of job (MB)
	326880  -  ResidentSetSize of job (KB)
...
006 (452.018.000) 2022-04-05 14:59:13 Image size of job updated: 777460
	320  -  MemoryUsage of job (MB)
	327012  -  ResidentSetSize of job (KB)
...
006 (452.018.000) 2022-04-05 15:09:14 Image size of job updated: 777460
	320  -  MemoryUsage of job (MB)
	327144  -  ResidentSetSize of job (KB)
...
006 (452.018.000) 2022-04-05 15:19:15 Image size of job updated: 777716
	320  -  MemoryUsage of job (MB)
	327276  -  ResidentSetSize of job (KB)
...
006 (452.018.000) 2022-04-05 15:24:15 Image size of job updated: 777716
	320  -  MemoryUsage of job (MB)
	327408  -  ResidentSetSize of job (KB)
...
006 (452.018.000) 2022-04-05 15:34:15 Image size of job updated: 777972
	320  -  MemoryUsage of job (MB)
	327408  -  ResidentSetSize of job (KB)
...
006 (452.018.000) 2022-04-05 15:39:15 Image size of job updated: 777972
	320  -  MemoryUsage of job (MB)
	327540  -  ResidentSetSize of job (KB)
...
006 (452.018.000) 2022-04-05 15:49:16 Image size of job updated: 777972
	320  -  MemoryUsage of job (MB)
	327672  -  ResidentSetSize of job (KB)
...
006 (452.018.000) 2022-04-05 15:54:17 Image size of job updated: 778228
	321  -  MemoryUsage of job (MB)
	327804  -  ResidentSetSize of job (KB)
...
006 (452.018.000) 2022-04-05 16:04:18 Image size of job updated: 778228
	321  -  MemoryUsage of job (MB)
	327936  -  ResidentSetSize of job (KB)
...
006 (452.018.000) 2022-04-05 16:09:20 Image size of job updated: 778484
	321  -  MemoryUsage of job (MB)
	327936  -  ResidentSetSize of job (KB)
...
006 (452.018.000) 2022-04-05 16:14:20 Image size of job updated: 778484
	321  -  MemoryUsage of job (MB)
	328068  -  ResidentSetSize of job (KB)
...
006 (452.018.000) 2022-04-05 16:19:20 Image size of job updated: 778484
	321  -  MemoryUsage of job (MB)
	328200  -  ResidentSetSize of job (KB)
...
006 (452.018.000) 2022-04-05 16:24:22 Image size of job updated: 778740
	321  -  MemoryUsage of job (MB)
	328200  -  ResidentSetSize of job (KB)
...
006 (452.018.000) 2022-04-05 16:29:22 Image size of job updated: 778740
	321  -  MemoryUsage of job (MB)
	328332  -  ResidentSetSize of job (KB)
...
006 (452.018.000) 2022-04-05 16:39:23 Image size of job updated: 778740
	321  -  MemoryUsage of job (MB)
	328464  -  ResidentSetSize of job (KB)
...
006 (452.018.000) 2022-04-05 16:44:23 Image size of job updated: 778996
	321  -  MemoryUsage of job (MB)
	328464  -  ResidentSetSize of job (KB)
...
006 (452.018.000) 2022-04-05 16:49:23 Image size of job updated: 778996
	321  -  MemoryUsage of job (MB)
	328596  -  ResidentSetSize of job (KB)
...
006 (452.018.000) 2022-04-05 16:59:24 Image size of job updated: 778996
	322  -  MemoryUsage of job (MB)
	328728  -  ResidentSetSize of job (KB)
...
006 (452.018.000) 2022-04-05 17:04:24 Image size of job updated: 779252
	322  -  MemoryUsage of job (MB)
	328728  -  ResidentSetSize of job (KB)
...
006 (452.018.000) 2022-04-05 17:09:26 Image size of job updated: 779252
	322  -  MemoryUsage of job (MB)
	328860  -  ResidentSetSize of job (KB)
...
006 (452.018.000) 2022-04-05 17:19:26 Image size of job updated: 779252
	322  -  MemoryUsage of job (MB)
	328992  -  ResidentSetSize of job (KB)
...
006 (452.018.000) 2022-04-05 17:24:27 Image size of job updated: 779508
	322  -  MemoryUsage of job (MB)
	328992  -  ResidentSetSize of job (KB)
...
006 (452.018.000) 2022-04-05 17:29:27 Image size of job updated: 779508
	322  -  MemoryUsage of job (MB)
	329124  -  ResidentSetSize of job (KB)
...
006 (452.018.000) 2022-04-05 17:39:29 Image size of job updated: 779508
	322  -  MemoryUsage of job (MB)
	329256  -  ResidentSetSize of job (KB)
...
006 (452.018.000) 2022-04-05 17:44:29 Image size of job updated: 779764
	322  -  MemoryUsage of job (MB)
	329256  -  ResidentSetSize of job (KB)
...
005 (452.018.000) 2022-04-05 17:47:30 Job terminated.
	(1) Normal termination (return value 0)
		Usr 0 08:13:35, Sys 0 00:01:25  -  Run Remote Usage
		Usr 0 00:00:00, Sys 0 00:00:00  -  Run Local Usage
		Usr 0 08:13:35, Sys 0 00:01:25  -  Total Remote Usage
		Usr 0 00:00:00, Sys 0 00:00:00  -  Total Local Usage
	0  -  Run Bytes Sent By Job
	0  -  Run Bytes Received By Job
	0  -  Total Bytes Sent By Job
	0  -  Total Bytes Received By Job
	Partitionable Resources :    Usage  Request Allocated 
	   Cpus                 :     1.00        1         1 
	   Disk (KB)            :  7500        7500     10998 
	   Memory (MB)          :   322        1024      1024 

	Job terminated of its own accord at 2022-04-05T15:47:30Z with exit-code 0.
...
