000 (452.873.000) 2022-04-05 09:23:27 Job submitted from host: <10.18.24.243:9618?addrs=10.18.24.243-9618&alias=ecoclusts01.bioclust.biologie.ens.fr&noUDP&sock=schedd_1052_29b8>
...
001 (452.873.000) 2022-04-06 01:18:55 Job executing on host: <10.18.24.13:9618?addrs=10.18.24.13-9618&alias=bioclust13.bioclust.biologie.ens.fr&noUDP&sock=startd_1202_0ced>
...
006 (452.873.000) 2022-04-06 01:19:04 Image size of job updated: 115776
	64  -  MemoryUsage of job (MB)
	64792  -  ResidentSetSize of job (KB)
...
006 (452.873.000) 2022-04-06 01:24:05 Image size of job updated: 741880
	282  -  MemoryUsage of job (MB)
	288588  -  ResidentSetSize of job (KB)
...
006 (452.873.000) 2022-04-06 01:29:06 Image size of job updated: 741880
	317  -  MemoryUsage of job (MB)
	324372  -  ResidentSetSize of job (KB)
...
006 (452.873.000) 2022-04-06 01:34:06 Image size of job updated: 774648
	317  -  MemoryUsage of job (MB)
	324372  -  ResidentSetSize of job (KB)
...
006 (452.873.000) 2022-04-06 02:54:16 Image size of job updated: 774904
	317  -  MemoryUsage of job (MB)
	324460  -  ResidentSetSize of job (KB)
...
006 (452.873.000) 2022-04-06 02:59:16 Image size of job updated: 774904
	317  -  MemoryUsage of job (MB)
	324592  -  ResidentSetSize of job (KB)
...
006 (452.873.000) 2022-04-06 03:04:18 Image size of job updated: 775160
	317  -  MemoryUsage of job (MB)
	324592  -  ResidentSetSize of job (KB)
...
006 (452.873.000) 2022-04-06 03:09:18 Image size of job updated: 775160
	318  -  MemoryUsage of job (MB)
	324724  -  ResidentSetSize of job (KB)
...
006 (452.873.000) 2022-04-06 03:14:18 Image size of job updated: 775160
	318  -  MemoryUsage of job (MB)
	324856  -  ResidentSetSize of job (KB)
...
006 (452.873.000) 2022-04-06 03:19:19 Image size of job updated: 775416
	318  -  MemoryUsage of job (MB)
	324988  -  ResidentSetSize of job (KB)
...
006 (452.873.000) 2022-04-06 03:29:19 Image size of job updated: 775416
	318  -  MemoryUsage of job (MB)
	325120  -  ResidentSetSize of job (KB)
...
006 (452.873.000) 2022-04-06 03:34:20 Image size of job updated: 775672
	318  -  MemoryUsage of job (MB)
	325120  -  ResidentSetSize of job (KB)
...
006 (452.873.000) 2022-04-06 03:39:20 Image size of job updated: 775672
	318  -  MemoryUsage of job (MB)
	325252  -  ResidentSetSize of job (KB)
...
006 (452.873.000) 2022-04-06 03:44:20 Image size of job updated: 775672
	318  -  MemoryUsage of job (MB)
	325384  -  ResidentSetSize of job (KB)
...
006 (452.873.000) 2022-04-06 03:49:21 Image size of job updated: 775928
	318  -  MemoryUsage of job (MB)
	325516  -  ResidentSetSize of job (KB)
...
006 (452.873.000) 2022-04-06 03:59:21 Image size of job updated: 776184
	319  -  MemoryUsage of job (MB)
	325648  -  ResidentSetSize of job (KB)
...
006 (452.873.000) 2022-04-06 04:04:22 Image size of job updated: 776184
	319  -  MemoryUsage of job (MB)
	325780  -  ResidentSetSize of job (KB)
...
006 (452.873.000) 2022-04-06 04:14:23 Image size of job updated: 776440
	319  -  MemoryUsage of job (MB)
	325912  -  ResidentSetSize of job (KB)
...
006 (452.873.000) 2022-04-06 04:19:24 Image size of job updated: 776440
	319  -  MemoryUsage of job (MB)
	326044  -  ResidentSetSize of job (KB)
...
006 (452.873.000) 2022-04-06 04:24:25 Image size of job updated: 776440
	319  -  MemoryUsage of job (MB)
	326176  -  ResidentSetSize of job (KB)
...
006 (452.873.000) 2022-04-06 04:29:25 Image size of job updated: 776696
	319  -  MemoryUsage of job (MB)
	326176  -  ResidentSetSize of job (KB)
...
006 (452.873.000) 2022-04-06 04:34:25 Image size of job updated: 776696
	319  -  MemoryUsage of job (MB)
	326308  -  ResidentSetSize of job (KB)
...
006 (452.873.000) 2022-04-06 04:44:26 Image size of job updated: 776952
	319  -  MemoryUsage of job (MB)
	326440  -  ResidentSetSize of job (KB)
...
006 (452.873.000) 2022-04-06 04:54:27 Image size of job updated: 776952
	319  -  MemoryUsage of job (MB)
	326572  -  ResidentSetSize of job (KB)
...
006 (452.873.000) 2022-04-06 05:14:28 Image size of job updated: 777208
	320  -  MemoryUsage of job (MB)
	326704  -  ResidentSetSize of job (KB)
...
006 (452.873.000) 2022-04-06 05:24:29 Image size of job updated: 777208
	320  -  MemoryUsage of job (MB)
	326836  -  ResidentSetSize of job (KB)
...
006 (452.873.000) 2022-04-06 05:29:30 Image size of job updated: 777208
	320  -  MemoryUsage of job (MB)
	326968  -  ResidentSetSize of job (KB)
...
006 (452.873.000) 2022-04-06 05:34:30 Image size of job updated: 777464
	320  -  MemoryUsage of job (MB)
	326968  -  ResidentSetSize of job (KB)
...
006 (452.873.000) 2022-04-06 05:39:31 Image size of job updated: 777464
	320  -  MemoryUsage of job (MB)
	327100  -  ResidentSetSize of job (KB)
...
006 (452.873.000) 2022-04-06 05:49:32 Image size of job updated: 777720
	320  -  MemoryUsage of job (MB)
	327232  -  ResidentSetSize of job (KB)
...
006 (452.873.000) 2022-04-06 05:54:32 Image size of job updated: 777720
	320  -  MemoryUsage of job (MB)
	327364  -  ResidentSetSize of job (KB)
...
006 (452.873.000) 2022-04-06 06:04:33 Image size of job updated: 777976
	320  -  MemoryUsage of job (MB)
	327496  -  ResidentSetSize of job (KB)
...
006 (452.873.000) 2022-04-06 06:09:33 Image size of job updated: 777976
	320  -  MemoryUsage of job (MB)
	327628  -  ResidentSetSize of job (KB)
...
006 (452.873.000) 2022-04-06 06:19:35 Image size of job updated: 778232
	321  -  MemoryUsage of job (MB)
	327760  -  ResidentSetSize of job (KB)
...
006 (452.873.000) 2022-04-06 06:24:35 Image size of job updated: 778232
	321  -  MemoryUsage of job (MB)
	327892  -  ResidentSetSize of job (KB)
...
006 (452.873.000) 2022-04-06 06:29:36 Image size of job updated: 778488
	321  -  MemoryUsage of job (MB)
	328024  -  ResidentSetSize of job (KB)
...
006 (452.873.000) 2022-04-06 06:39:37 Image size of job updated: 778488
	321  -  MemoryUsage of job (MB)
	328156  -  ResidentSetSize of job (KB)
...
006 (452.873.000) 2022-04-06 06:49:39 Image size of job updated: 778744
	321  -  MemoryUsage of job (MB)
	328288  -  ResidentSetSize of job (KB)
...
006 (452.873.000) 2022-04-06 06:54:39 Image size of job updated: 778744
	321  -  MemoryUsage of job (MB)
	328420  -  ResidentSetSize of job (KB)
...
006 (452.873.000) 2022-04-06 06:59:39 Image size of job updated: 779000
	321  -  MemoryUsage of job (MB)
	328420  -  ResidentSetSize of job (KB)
...
006 (452.873.000) 2022-04-06 07:04:40 Image size of job updated: 779000
	321  -  MemoryUsage of job (MB)
	328552  -  ResidentSetSize of job (KB)
...
006 (452.873.000) 2022-04-06 07:09:40 Image size of job updated: 779000
	321  -  MemoryUsage of job (MB)
	328684  -  ResidentSetSize of job (KB)
...
006 (452.873.000) 2022-04-06 07:14:40 Image size of job updated: 779256
	322  -  MemoryUsage of job (MB)
	328816  -  ResidentSetSize of job (KB)
...
006 (452.873.000) 2022-04-06 07:24:42 Image size of job updated: 779256
	322  -  MemoryUsage of job (MB)
	328948  -  ResidentSetSize of job (KB)
...
006 (452.873.000) 2022-04-06 07:29:42 Image size of job updated: 779512
	322  -  MemoryUsage of job (MB)
	329080  -  ResidentSetSize of job (KB)
...
006 (452.873.000) 2022-04-06 07:39:44 Image size of job updated: 779512
	322  -  MemoryUsage of job (MB)
	329212  -  ResidentSetSize of job (KB)
...
006 (452.873.000) 2022-04-06 07:44:37 Image size of job updated: 779768
	322  -  MemoryUsage of job (MB)
	329212  -  ResidentSetSize of job (KB)
...
005 (452.873.000) 2022-04-06 07:44:37 Job terminated.
	(1) Normal termination (return value 0)
		Usr 0 06:22:10, Sys 0 00:02:20  -  Run Remote Usage
		Usr 0 00:00:00, Sys 0 00:00:00  -  Run Local Usage
		Usr 0 06:22:10, Sys 0 00:02:20  -  Total Remote Usage
		Usr 0 00:00:00, Sys 0 00:00:00  -  Total Local Usage
	0  -  Run Bytes Sent By Job
	0  -  Run Bytes Received By Job
	0  -  Total Bytes Sent By Job
	0  -  Total Bytes Received By Job
	Partitionable Resources :    Usage  Request Allocated 
	   Cpus                 :     1.00        1         1 
	   Disk (KB)            :  7500        7500     10998 
	   Memory (MB)          :   322        1024      1024 

	Job terminated of its own accord at 2022-04-06T05:44:37Z with exit-code 0.
...
