000 (452.625.000) 2022-04-05 09:23:26 Job submitted from host: <10.18.24.243:9618?addrs=10.18.24.243-9618&alias=ecoclusts01.bioclust.biologie.ens.fr&noUDP&sock=schedd_1052_29b8>
...
001 (452.625.000) 2022-04-05 19:58:30 Job executing on host: <10.18.24.139:9618?addrs=10.18.24.139-9618&alias=dyoclust12.bioclust.biologie.ens.fr&noUDP&sock=startd_791_2380>
...
006 (452.625.000) 2022-04-05 19:58:39 Image size of job updated: 98412
	97  -  MemoryUsage of job (MB)
	98412  -  ResidentSetSize of job (KB)
...
006 (452.625.000) 2022-04-05 20:03:39 Image size of job updated: 741876
	317  -  MemoryUsage of job (MB)
	324324  -  ResidentSetSize of job (KB)
...
006 (452.625.000) 2022-04-05 20:08:40 Image size of job updated: 774644
	317  -  MemoryUsage of job (MB)
	324412  -  ResidentSetSize of job (KB)
...
006 (452.625.000) 2022-04-05 20:53:45 Image size of job updated: 774900
	317  -  MemoryUsage of job (MB)
	324544  -  ResidentSetSize of job (KB)
...
006 (452.625.000) 2022-04-05 20:58:45 Image size of job updated: 775156
	318  -  MemoryUsage of job (MB)
	324676  -  ResidentSetSize of job (KB)
...
006 (452.625.000) 2022-04-05 21:03:46 Image size of job updated: 775156
	318  -  MemoryUsage of job (MB)
	324808  -  ResidentSetSize of job (KB)
...
006 (452.625.000) 2022-04-05 21:08:47 Image size of job updated: 775412
	318  -  MemoryUsage of job (MB)
	324940  -  ResidentSetSize of job (KB)
...
006 (452.625.000) 2022-04-05 21:13:47 Image size of job updated: 775412
	318  -  MemoryUsage of job (MB)
	325072  -  ResidentSetSize of job (KB)
...
006 (452.625.000) 2022-04-05 21:18:48 Image size of job updated: 775668
	318  -  MemoryUsage of job (MB)
	325204  -  ResidentSetSize of job (KB)
...
006 (452.625.000) 2022-04-05 21:23:49 Image size of job updated: 775924
	318  -  MemoryUsage of job (MB)
	325468  -  ResidentSetSize of job (KB)
...
006 (452.625.000) 2022-04-05 21:28:49 Image size of job updated: 775924
	318  -  MemoryUsage of job (MB)
	325600  -  ResidentSetSize of job (KB)
...
006 (452.625.000) 2022-04-05 21:33:49 Image size of job updated: 776180
	319  -  MemoryUsage of job (MB)
	325864  -  ResidentSetSize of job (KB)
...
006 (452.625.000) 2022-04-05 21:38:50 Image size of job updated: 776436
	319  -  MemoryUsage of job (MB)
	325996  -  ResidentSetSize of job (KB)
...
006 (452.625.000) 2022-04-05 21:43:51 Image size of job updated: 776692
	319  -  MemoryUsage of job (MB)
	326128  -  ResidentSetSize of job (KB)
...
006 (452.625.000) 2022-04-05 21:48:51 Image size of job updated: 776692
	319  -  MemoryUsage of job (MB)
	326392  -  ResidentSetSize of job (KB)
...
006 (452.625.000) 2022-04-05 21:53:52 Image size of job updated: 776948
	319  -  MemoryUsage of job (MB)
	326524  -  ResidentSetSize of job (KB)
...
006 (452.625.000) 2022-04-05 22:03:53 Image size of job updated: 776948
	319  -  MemoryUsage of job (MB)
	326656  -  ResidentSetSize of job (KB)
...
006 (452.625.000) 2022-04-05 22:08:53 Image size of job updated: 777204
	320  -  MemoryUsage of job (MB)
	326788  -  ResidentSetSize of job (KB)
...
006 (452.625.000) 2022-04-05 22:13:54 Image size of job updated: 777460
	320  -  MemoryUsage of job (MB)
	326920  -  ResidentSetSize of job (KB)
...
006 (452.625.000) 2022-04-05 22:18:54 Image size of job updated: 777460
	320  -  MemoryUsage of job (MB)
	327184  -  ResidentSetSize of job (KB)
...
006 (452.625.000) 2022-04-05 22:23:54 Image size of job updated: 777716
	320  -  MemoryUsage of job (MB)
	327316  -  ResidentSetSize of job (KB)
...
006 (452.625.000) 2022-04-05 22:28:55 Image size of job updated: 777972
	320  -  MemoryUsage of job (MB)
	327580  -  ResidentSetSize of job (KB)
...
006 (452.625.000) 2022-04-05 22:33:56 Image size of job updated: 778228
	321  -  MemoryUsage of job (MB)
	327712  -  ResidentSetSize of job (KB)
...
006 (452.625.000) 2022-04-05 22:38:56 Image size of job updated: 778228
	321  -  MemoryUsage of job (MB)
	327844  -  ResidentSetSize of job (KB)
...
006 (452.625.000) 2022-04-05 22:43:57 Image size of job updated: 778484
	321  -  MemoryUsage of job (MB)
	327976  -  ResidentSetSize of job (KB)
...
006 (452.625.000) 2022-04-05 22:48:58 Image size of job updated: 778740
	321  -  MemoryUsage of job (MB)
	328240  -  ResidentSetSize of job (KB)
...
006 (452.625.000) 2022-04-05 22:53:58 Image size of job updated: 778740
	321  -  MemoryUsage of job (MB)
	328372  -  ResidentSetSize of job (KB)
...
006 (452.625.000) 2022-04-05 22:58:58 Image size of job updated: 778996
	321  -  MemoryUsage of job (MB)
	328504  -  ResidentSetSize of job (KB)
...
006 (452.625.000) 2022-04-05 23:03:59 Image size of job updated: 778996
	322  -  MemoryUsage of job (MB)
	328768  -  ResidentSetSize of job (KB)
...
006 (452.625.000) 2022-04-05 23:09:00 Image size of job updated: 779252
	322  -  MemoryUsage of job (MB)
	328900  -  ResidentSetSize of job (KB)
...
006 (452.625.000) 2022-04-05 23:14:00 Image size of job updated: 779508
	322  -  MemoryUsage of job (MB)
	329032  -  ResidentSetSize of job (KB)
...
006 (452.625.000) 2022-04-05 23:19:01 Image size of job updated: 779508
	322  -  MemoryUsage of job (MB)
	329164  -  ResidentSetSize of job (KB)
...
006 (452.625.000) 2022-04-05 23:21:16 Image size of job updated: 779764
	322  -  MemoryUsage of job (MB)
	329164  -  ResidentSetSize of job (KB)
...
005 (452.625.000) 2022-04-05 23:21:16 Job terminated.
	(1) Normal termination (return value 0)
		Usr 0 03:20:49, Sys 0 00:00:26  -  Run Remote Usage
		Usr 0 00:00:00, Sys 0 00:00:00  -  Run Local Usage
		Usr 0 03:20:49, Sys 0 00:00:26  -  Total Remote Usage
		Usr 0 00:00:00, Sys 0 00:00:00  -  Total Local Usage
	0  -  Run Bytes Sent By Job
	0  -  Run Bytes Received By Job
	0  -  Total Bytes Sent By Job
	0  -  Total Bytes Received By Job
	Partitionable Resources :    Usage  Request Allocated 
	   Cpus                 :     1.00        1         1 
	   Disk (KB)            :  7500        7500     10998 
	   Memory (MB)          :   322        1024      1024 

	Job terminated of its own accord at 2022-04-05T21:21:16Z with exit-code 0.
...
