000 (452.616.000) 2022-04-05 09:23:26 Job submitted from host: <10.18.24.243:9618?addrs=10.18.24.243-9618&alias=ecoclusts01.bioclust.biologie.ens.fr&noUDP&sock=schedd_1052_29b8>
...
001 (452.616.000) 2022-04-05 19:46:34 Job executing on host: <10.18.24.142:9618?addrs=10.18.24.142-9618&alias=dyoclust15.bioclust.biologie.ens.fr&noUDP&sock=startd_768_5cd3>
...
006 (452.616.000) 2022-04-05 19:46:43 Image size of job updated: 601352
	178  -  MemoryUsage of job (MB)
	181456  -  ResidentSetSize of job (KB)
...
006 (452.616.000) 2022-04-05 19:51:43 Image size of job updated: 741880
	307  -  MemoryUsage of job (MB)
	313980  -  ResidentSetSize of job (KB)
...
006 (452.616.000) 2022-04-05 19:54:14 Image size of job updated: 741880
	309  -  MemoryUsage of job (MB)
	316028  -  ResidentSetSize of job (KB)
...
005 (452.616.000) 2022-04-05 19:54:14 Job terminated.
	(1) Normal termination (return value 0)
		Usr 0 00:07:07, Sys 0 00:00:27  -  Run Remote Usage
		Usr 0 00:00:00, Sys 0 00:00:00  -  Run Local Usage
		Usr 0 00:07:07, Sys 0 00:00:27  -  Total Remote Usage
		Usr 0 00:00:00, Sys 0 00:00:00  -  Total Local Usage
	0  -  Run Bytes Sent By Job
	0  -  Run Bytes Received By Job
	0  -  Total Bytes Sent By Job
	0  -  Total Bytes Received By Job
	Partitionable Resources :    Usage  Request Allocated 
	   Cpus                 :     1.00        1         1 
	   Disk (KB)            :  7500        7500     10998 
	   Memory (MB)          :   309        1024      1024 

	Job terminated of its own accord at 2022-04-05T17:54:14Z with exit-code 0.
...
