000 (452.326.000) 2022-04-05 09:23:25 Job submitted from host: <10.18.24.243:9618?addrs=10.18.24.243-9618&alias=ecoclusts01.bioclust.biologie.ens.fr&noUDP&sock=schedd_1052_29b8>
...
001 (452.326.000) 2022-04-05 12:51:19 Job executing on host: <10.18.24.148:9618?addrs=10.18.24.148-9618&alias=dyoclust21.bioclust.biologie.ens.fr&noUDP&sock=startd_1062_05ab>
...
006 (452.326.000) 2022-04-05 12:51:28 Image size of job updated: 94804
	64  -  MemoryUsage of job (MB)
	64792  -  ResidentSetSize of job (KB)
...
006 (452.326.000) 2022-04-05 12:56:29 Image size of job updated: 741876
	317  -  MemoryUsage of job (MB)
	324364  -  ResidentSetSize of job (KB)
...
006 (452.326.000) 2022-04-05 13:06:29 Image size of job updated: 774644
	317  -  MemoryUsage of job (MB)
	324364  -  ResidentSetSize of job (KB)
...
006 (452.326.000) 2022-04-05 14:36:39 Image size of job updated: 774900
	317  -  MemoryUsage of job (MB)
	324364  -  ResidentSetSize of job (KB)
...
006 (452.326.000) 2022-04-05 14:41:39 Image size of job updated: 774900
	317  -  MemoryUsage of job (MB)
	324496  -  ResidentSetSize of job (KB)
...
006 (452.326.000) 2022-04-05 14:46:39 Image size of job updated: 774900
	318  -  MemoryUsage of job (MB)
	324628  -  ResidentSetSize of job (KB)
...
006 (452.326.000) 2022-04-05 14:56:41 Image size of job updated: 775156
	318  -  MemoryUsage of job (MB)
	324760  -  ResidentSetSize of job (KB)
...
006 (452.326.000) 2022-04-05 15:01:41 Image size of job updated: 775156
	318  -  MemoryUsage of job (MB)
	324892  -  ResidentSetSize of job (KB)
...
006 (452.326.000) 2022-04-05 15:06:41 Image size of job updated: 775412
	318  -  MemoryUsage of job (MB)
	324892  -  ResidentSetSize of job (KB)
...
006 (452.326.000) 2022-04-05 15:11:42 Image size of job updated: 775412
	318  -  MemoryUsage of job (MB)
	325024  -  ResidentSetSize of job (KB)
...
006 (452.326.000) 2022-04-05 15:16:42 Image size of job updated: 775668
	318  -  MemoryUsage of job (MB)
	325156  -  ResidentSetSize of job (KB)
...
006 (452.326.000) 2022-04-05 15:21:42 Image size of job updated: 775668
	318  -  MemoryUsage of job (MB)
	325288  -  ResidentSetSize of job (KB)
...
006 (452.326.000) 2022-04-05 15:26:43 Image size of job updated: 775668
	318  -  MemoryUsage of job (MB)
	325420  -  ResidentSetSize of job (KB)
...
006 (452.326.000) 2022-04-05 15:31:44 Image size of job updated: 775924
	318  -  MemoryUsage of job (MB)
	325552  -  ResidentSetSize of job (KB)
...
006 (452.326.000) 2022-04-05 15:41:45 Image size of job updated: 775924
	319  -  MemoryUsage of job (MB)
	325684  -  ResidentSetSize of job (KB)
...
006 (452.326.000) 2022-04-05 15:46:46 Image size of job updated: 776180
	319  -  MemoryUsage of job (MB)
	325816  -  ResidentSetSize of job (KB)
...
006 (452.326.000) 2022-04-05 15:51:46 Image size of job updated: 776180
	319  -  MemoryUsage of job (MB)
	325948  -  ResidentSetSize of job (KB)
...
006 (452.326.000) 2022-04-05 15:56:47 Image size of job updated: 776436
	319  -  MemoryUsage of job (MB)
	325948  -  ResidentSetSize of job (KB)
...
006 (452.326.000) 2022-04-05 16:01:48 Image size of job updated: 776436
	319  -  MemoryUsage of job (MB)
	326212  -  ResidentSetSize of job (KB)
...
006 (452.326.000) 2022-04-05 16:06:48 Image size of job updated: 776692
	319  -  MemoryUsage of job (MB)
	326212  -  ResidentSetSize of job (KB)
...
006 (452.326.000) 2022-04-05 16:11:48 Image size of job updated: 776692
	319  -  MemoryUsage of job (MB)
	326344  -  ResidentSetSize of job (KB)
...
006 (452.326.000) 2022-04-05 16:16:49 Image size of job updated: 776948
	319  -  MemoryUsage of job (MB)
	326476  -  ResidentSetSize of job (KB)
...
006 (452.326.000) 2022-04-05 16:21:49 Image size of job updated: 776948
	319  -  MemoryUsage of job (MB)
	326608  -  ResidentSetSize of job (KB)
...
006 (452.326.000) 2022-04-05 16:41:51 Image size of job updated: 777204
	320  -  MemoryUsage of job (MB)
	326740  -  ResidentSetSize of job (KB)
...
006 (452.326.000) 2022-04-05 16:51:53 Image size of job updated: 777204
	320  -  MemoryUsage of job (MB)
	326872  -  ResidentSetSize of job (KB)
...
006 (452.326.000) 2022-04-05 17:01:53 Image size of job updated: 777460
	320  -  MemoryUsage of job (MB)
	327004  -  ResidentSetSize of job (KB)
...
006 (452.326.000) 2022-04-05 17:06:54 Image size of job updated: 777460
	320  -  MemoryUsage of job (MB)
	327136  -  ResidentSetSize of job (KB)
...
006 (452.326.000) 2022-04-05 17:16:54 Image size of job updated: 777716
	320  -  MemoryUsage of job (MB)
	327268  -  ResidentSetSize of job (KB)
...
006 (452.326.000) 2022-04-05 17:21:55 Image size of job updated: 777972
	320  -  MemoryUsage of job (MB)
	327532  -  ResidentSetSize of job (KB)
...
006 (452.326.000) 2022-04-05 17:31:56 Image size of job updated: 777972
	320  -  MemoryUsage of job (MB)
	327664  -  ResidentSetSize of job (KB)
...
006 (452.326.000) 2022-04-05 17:36:57 Image size of job updated: 778228
	321  -  MemoryUsage of job (MB)
	327796  -  ResidentSetSize of job (KB)
...
006 (452.326.000) 2022-04-05 17:41:58 Image size of job updated: 778228
	321  -  MemoryUsage of job (MB)
	327928  -  ResidentSetSize of job (KB)
...
006 (452.326.000) 2022-04-05 17:46:58 Image size of job updated: 778484
	321  -  MemoryUsage of job (MB)
	327928  -  ResidentSetSize of job (KB)
...
006 (452.326.000) 2022-04-05 17:51:58 Image size of job updated: 778484
	321  -  MemoryUsage of job (MB)
	328060  -  ResidentSetSize of job (KB)
...
006 (452.326.000) 2022-04-05 17:57:00 Image size of job updated: 778484
	321  -  MemoryUsage of job (MB)
	328192  -  ResidentSetSize of job (KB)
...
006 (452.326.000) 2022-04-05 18:02:00 Image size of job updated: 778740
	321  -  MemoryUsage of job (MB)
	328192  -  ResidentSetSize of job (KB)
...
006 (452.326.000) 2022-04-05 18:07:00 Image size of job updated: 778740
	321  -  MemoryUsage of job (MB)
	328324  -  ResidentSetSize of job (KB)
...
006 (452.326.000) 2022-04-05 18:12:01 Image size of job updated: 778740
	321  -  MemoryUsage of job (MB)
	328456  -  ResidentSetSize of job (KB)
...
006 (452.326.000) 2022-04-05 18:17:02 Image size of job updated: 778996
	321  -  MemoryUsage of job (MB)
	328456  -  ResidentSetSize of job (KB)
...
006 (452.326.000) 2022-04-05 18:22:02 Image size of job updated: 778996
	321  -  MemoryUsage of job (MB)
	328588  -  ResidentSetSize of job (KB)
...
006 (452.326.000) 2022-04-05 18:27:03 Image size of job updated: 778996
	322  -  MemoryUsage of job (MB)
	328720  -  ResidentSetSize of job (KB)
...
006 (452.326.000) 2022-04-05 18:32:04 Image size of job updated: 779252
	322  -  MemoryUsage of job (MB)
	328852  -  ResidentSetSize of job (KB)
...
006 (452.326.000) 2022-04-05 18:42:04 Image size of job updated: 779252
	322  -  MemoryUsage of job (MB)
	328984  -  ResidentSetSize of job (KB)
...
006 (452.326.000) 2022-04-05 18:47:05 Image size of job updated: 779508
	322  -  MemoryUsage of job (MB)
	329116  -  ResidentSetSize of job (KB)
...
006 (452.326.000) 2022-04-05 18:52:06 Image size of job updated: 779508
	322  -  MemoryUsage of job (MB)
	329248  -  ResidentSetSize of job (KB)
...
006 (452.326.000) 2022-04-05 18:55:22 Image size of job updated: 779764
	322  -  MemoryUsage of job (MB)
	329248  -  ResidentSetSize of job (KB)
...
005 (452.326.000) 2022-04-05 18:55:22 Job terminated.
	(1) Normal termination (return value 0)
		Usr 0 06:03:06, Sys 0 00:00:39  -  Run Remote Usage
		Usr 0 00:00:00, Sys 0 00:00:00  -  Run Local Usage
		Usr 0 06:03:06, Sys 0 00:00:39  -  Total Remote Usage
		Usr 0 00:00:00, Sys 0 00:00:00  -  Total Local Usage
	0  -  Run Bytes Sent By Job
	0  -  Run Bytes Received By Job
	0  -  Total Bytes Sent By Job
	0  -  Total Bytes Received By Job
	Partitionable Resources :    Usage  Request Allocated 
	   Cpus                 :     1.00        1         1 
	   Disk (KB)            :  7500        7500     10998 
	   Memory (MB)          :   322        1024      1024 

	Job terminated of its own accord at 2022-04-05T16:55:22Z with exit-code 0.
...
