000 (452.651.000) 2022-04-05 09:23:26 Job submitted from host: <10.18.24.243:9618?addrs=10.18.24.243-9618&alias=ecoclusts01.bioclust.biologie.ens.fr&noUDP&sock=schedd_1052_29b8>
...
001 (452.651.000) 2022-04-05 20:35:48 Job executing on host: <10.18.24.174:9618?addrs=10.18.24.174-9618&alias=mcbsclust03.bioclust.biologie.ens.fr&noUDP&sock=startd_937_4854>
...
006 (452.651.000) 2022-04-05 20:35:56 Image size of job updated: 327688
	101  -  MemoryUsage of job (MB)
	103332  -  ResidentSetSize of job (KB)
...
006 (452.651.000) 2022-04-05 20:40:56 Image size of job updated: 741620
	317  -  MemoryUsage of job (MB)
	324096  -  ResidentSetSize of job (KB)
...
006 (452.651.000) 2022-04-05 20:45:57 Image size of job updated: 774388
	317  -  MemoryUsage of job (MB)
	324096  -  ResidentSetSize of job (KB)
...
006 (452.651.000) 2022-04-05 21:31:01 Image size of job updated: 774644
	317  -  MemoryUsage of job (MB)
	324228  -  ResidentSetSize of job (KB)
...
006 (452.651.000) 2022-04-05 21:41:01 Image size of job updated: 774900
	317  -  MemoryUsage of job (MB)
	324360  -  ResidentSetSize of job (KB)
...
006 (452.651.000) 2022-04-05 21:46:01 Image size of job updated: 774900
	317  -  MemoryUsage of job (MB)
	324492  -  ResidentSetSize of job (KB)
...
006 (452.651.000) 2022-04-05 21:51:03 Image size of job updated: 775156
	318  -  MemoryUsage of job (MB)
	324624  -  ResidentSetSize of job (KB)
...
006 (452.651.000) 2022-04-05 21:56:03 Image size of job updated: 775156
	318  -  MemoryUsage of job (MB)
	324756  -  ResidentSetSize of job (KB)
...
006 (452.651.000) 2022-04-05 22:01:03 Image size of job updated: 775412
	318  -  MemoryUsage of job (MB)
	324888  -  ResidentSetSize of job (KB)
...
006 (452.651.000) 2022-04-05 22:06:03 Image size of job updated: 775412
	318  -  MemoryUsage of job (MB)
	325020  -  ResidentSetSize of job (KB)
...
006 (452.651.000) 2022-04-05 22:11:04 Image size of job updated: 775668
	318  -  MemoryUsage of job (MB)
	325284  -  ResidentSetSize of job (KB)
...
006 (452.651.000) 2022-04-05 22:16:05 Image size of job updated: 775668
	318  -  MemoryUsage of job (MB)
	325416  -  ResidentSetSize of job (KB)
...
006 (452.651.000) 2022-04-05 22:21:05 Image size of job updated: 775924
	318  -  MemoryUsage of job (MB)
	325548  -  ResidentSetSize of job (KB)
...
006 (452.651.000) 2022-04-05 22:26:06 Image size of job updated: 775924
	319  -  MemoryUsage of job (MB)
	325680  -  ResidentSetSize of job (KB)
...
006 (452.651.000) 2022-04-05 22:31:07 Image size of job updated: 776180
	319  -  MemoryUsage of job (MB)
	325812  -  ResidentSetSize of job (KB)
...
006 (452.651.000) 2022-04-05 22:36:07 Image size of job updated: 776180
	319  -  MemoryUsage of job (MB)
	325944  -  ResidentSetSize of job (KB)
...
006 (452.651.000) 2022-04-05 22:41:07 Image size of job updated: 776436
	319  -  MemoryUsage of job (MB)
	325944  -  ResidentSetSize of job (KB)
...
006 (452.651.000) 2022-04-05 22:46:08 Image size of job updated: 776692
	319  -  MemoryUsage of job (MB)
	326208  -  ResidentSetSize of job (KB)
...
006 (452.651.000) 2022-04-05 22:51:10 Image size of job updated: 776692
	319  -  MemoryUsage of job (MB)
	326340  -  ResidentSetSize of job (KB)
...
006 (452.651.000) 2022-04-05 22:56:10 Image size of job updated: 776948
	319  -  MemoryUsage of job (MB)
	326472  -  ResidentSetSize of job (KB)
...
006 (452.651.000) 2022-04-05 23:01:10 Image size of job updated: 776948
	319  -  MemoryUsage of job (MB)
	326604  -  ResidentSetSize of job (KB)
...
006 (452.651.000) 2022-04-05 23:16:11 Image size of job updated: 776948
	320  -  MemoryUsage of job (MB)
	326736  -  ResidentSetSize of job (KB)
...
006 (452.651.000) 2022-04-05 23:21:11 Image size of job updated: 777204
	320  -  MemoryUsage of job (MB)
	326736  -  ResidentSetSize of job (KB)
...
006 (452.651.000) 2022-04-05 23:26:12 Image size of job updated: 777204
	320  -  MemoryUsage of job (MB)
	326868  -  ResidentSetSize of job (KB)
...
006 (452.651.000) 2022-04-05 23:31:13 Image size of job updated: 777460
	320  -  MemoryUsage of job (MB)
	327000  -  ResidentSetSize of job (KB)
...
006 (452.651.000) 2022-04-05 23:36:13 Image size of job updated: 777460
	320  -  MemoryUsage of job (MB)
	327132  -  ResidentSetSize of job (KB)
...
006 (452.651.000) 2022-04-05 23:46:14 Image size of job updated: 777716
	320  -  MemoryUsage of job (MB)
	327264  -  ResidentSetSize of job (KB)
...
006 (452.651.000) 2022-04-05 23:51:14 Image size of job updated: 777716
	320  -  MemoryUsage of job (MB)
	327396  -  ResidentSetSize of job (KB)
...
006 (452.651.000) 2022-04-05 23:56:13 Image size of job updated: 777972
	320  -  MemoryUsage of job (MB)
	327528  -  ResidentSetSize of job (KB)
...
006 (452.651.000) 2022-04-06 00:01:15 Image size of job updated: 777972
	320  -  MemoryUsage of job (MB)
	327660  -  ResidentSetSize of job (KB)
...
006 (452.651.000) 2022-04-06 00:06:15 Image size of job updated: 778228
	321  -  MemoryUsage of job (MB)
	327792  -  ResidentSetSize of job (KB)
...
006 (452.651.000) 2022-04-06 00:16:16 Image size of job updated: 778228
	321  -  MemoryUsage of job (MB)
	327924  -  ResidentSetSize of job (KB)
...
006 (452.651.000) 2022-04-06 00:21:16 Image size of job updated: 778484
	321  -  MemoryUsage of job (MB)
	328056  -  ResidentSetSize of job (KB)
...
006 (452.651.000) 2022-04-06 00:26:18 Image size of job updated: 778484
	321  -  MemoryUsage of job (MB)
	328188  -  ResidentSetSize of job (KB)
...
006 (452.651.000) 2022-04-06 00:31:18 Image size of job updated: 778740
	321  -  MemoryUsage of job (MB)
	328320  -  ResidentSetSize of job (KB)
...
006 (452.651.000) 2022-04-06 00:36:19 Image size of job updated: 778740
	321  -  MemoryUsage of job (MB)
	328452  -  ResidentSetSize of job (KB)
...
006 (452.651.000) 2022-04-06 00:41:20 Image size of job updated: 778996
	321  -  MemoryUsage of job (MB)
	328452  -  ResidentSetSize of job (KB)
...
006 (452.651.000) 2022-04-06 00:46:20 Image size of job updated: 778996
	321  -  MemoryUsage of job (MB)
	328584  -  ResidentSetSize of job (KB)
...
006 (452.651.000) 2022-04-06 00:51:20 Image size of job updated: 778996
	322  -  MemoryUsage of job (MB)
	328716  -  ResidentSetSize of job (KB)
...
006 (452.651.000) 2022-04-06 00:56:21 Image size of job updated: 779252
	322  -  MemoryUsage of job (MB)
	328848  -  ResidentSetSize of job (KB)
...
006 (452.651.000) 2022-04-06 01:06:21 Image size of job updated: 779508
	322  -  MemoryUsage of job (MB)
	328980  -  ResidentSetSize of job (KB)
...
006 (452.651.000) 2022-04-06 01:11:22 Image size of job updated: 779508
	322  -  MemoryUsage of job (MB)
	329112  -  ResidentSetSize of job (KB)
...
006 (452.651.000) 2022-04-06 01:16:23 Image size of job updated: 779508
	322  -  MemoryUsage of job (MB)
	329244  -  ResidentSetSize of job (KB)
...
006 (452.651.000) 2022-04-06 01:18:33 Image size of job updated: 779764
	322  -  MemoryUsage of job (MB)
	329244  -  ResidentSetSize of job (KB)
...
005 (452.651.000) 2022-04-06 01:18:34 Job terminated.
	(1) Normal termination (return value 0)
		Usr 0 04:41:49, Sys 0 00:00:18  -  Run Remote Usage
		Usr 0 00:00:00, Sys 0 00:00:00  -  Run Local Usage
		Usr 0 04:41:49, Sys 0 00:00:18  -  Total Remote Usage
		Usr 0 00:00:00, Sys 0 00:00:00  -  Total Local Usage
	0  -  Run Bytes Sent By Job
	0  -  Run Bytes Received By Job
	0  -  Total Bytes Sent By Job
	0  -  Total Bytes Received By Job
	Partitionable Resources :    Usage  Request Allocated 
	   Cpus                 :     1.00        1         1 
	   Disk (KB)            :  7500        7500     10998 
	   Memory (MB)          :   322        1024      1024 

	Job terminated of its own accord at 2022-04-05T23:18:33Z with exit-code 0.
...
