000 (452.410.000) 2022-04-05 09:23:25 Job submitted from host: <10.18.24.243:9618?addrs=10.18.24.243-9618&alias=ecoclusts01.bioclust.biologie.ens.fr&noUDP&sock=schedd_1052_29b8>
...
001 (452.410.000) 2022-04-05 14:44:28 Job executing on host: <10.18.24.130:9618?addrs=10.18.24.130-9618&alias=dyoclust03.bioclust.biologie.ens.fr&noUDP&sock=startd_813_3a96>
...
006 (452.410.000) 2022-04-05 14:44:37 Image size of job updated: 96040
	94  -  MemoryUsage of job (MB)
	96040  -  ResidentSetSize of job (KB)
...
006 (452.410.000) 2022-04-05 14:49:38 Image size of job updated: 896308
	317  -  MemoryUsage of job (MB)
	324332  -  ResidentSetSize of job (KB)
...
006 (452.410.000) 2022-04-05 15:34:42 Image size of job updated: 896308
	317  -  MemoryUsage of job (MB)
	324420  -  ResidentSetSize of job (KB)
...
006 (452.410.000) 2022-04-05 15:39:42 Image size of job updated: 896308
	317  -  MemoryUsage of job (MB)
	324552  -  ResidentSetSize of job (KB)
...
006 (452.410.000) 2022-04-05 15:44:43 Image size of job updated: 896308
	318  -  MemoryUsage of job (MB)
	324816  -  ResidentSetSize of job (KB)
...
006 (452.410.000) 2022-04-05 15:49:44 Image size of job updated: 896308
	318  -  MemoryUsage of job (MB)
	324948  -  ResidentSetSize of job (KB)
...
006 (452.410.000) 2022-04-05 15:54:44 Image size of job updated: 896308
	318  -  MemoryUsage of job (MB)
	325080  -  ResidentSetSize of job (KB)
...
006 (452.410.000) 2022-04-05 15:59:44 Image size of job updated: 896308
	318  -  MemoryUsage of job (MB)
	325344  -  ResidentSetSize of job (KB)
...
006 (452.410.000) 2022-04-05 16:04:45 Image size of job updated: 896308
	318  -  MemoryUsage of job (MB)
	325476  -  ResidentSetSize of job (KB)
...
006 (452.410.000) 2022-04-05 16:09:46 Image size of job updated: 896308
	318  -  MemoryUsage of job (MB)
	325608  -  ResidentSetSize of job (KB)
...
006 (452.410.000) 2022-04-05 16:14:46 Image size of job updated: 896308
	319  -  MemoryUsage of job (MB)
	325872  -  ResidentSetSize of job (KB)
...
006 (452.410.000) 2022-04-05 16:19:46 Image size of job updated: 896308
	319  -  MemoryUsage of job (MB)
	326004  -  ResidentSetSize of job (KB)
...
006 (452.410.000) 2022-04-05 16:24:47 Image size of job updated: 896308
	319  -  MemoryUsage of job (MB)
	326268  -  ResidentSetSize of job (KB)
...
006 (452.410.000) 2022-04-05 16:29:47 Image size of job updated: 896308
	319  -  MemoryUsage of job (MB)
	326400  -  ResidentSetSize of job (KB)
...
006 (452.410.000) 2022-04-05 16:34:47 Image size of job updated: 896308
	319  -  MemoryUsage of job (MB)
	326532  -  ResidentSetSize of job (KB)
...
006 (452.410.000) 2022-04-05 16:44:49 Image size of job updated: 896308
	320  -  MemoryUsage of job (MB)
	326664  -  ResidentSetSize of job (KB)
...
006 (452.410.000) 2022-04-05 16:49:49 Image size of job updated: 896308
	320  -  MemoryUsage of job (MB)
	326928  -  ResidentSetSize of job (KB)
...
006 (452.410.000) 2022-04-05 16:54:50 Image size of job updated: 896308
	320  -  MemoryUsage of job (MB)
	327060  -  ResidentSetSize of job (KB)
...
006 (452.410.000) 2022-04-05 16:59:51 Image size of job updated: 896308
	320  -  MemoryUsage of job (MB)
	327324  -  ResidentSetSize of job (KB)
...
006 (452.410.000) 2022-04-05 17:04:51 Image size of job updated: 896308
	320  -  MemoryUsage of job (MB)
	327456  -  ResidentSetSize of job (KB)
...
006 (452.410.000) 2022-04-05 17:09:51 Image size of job updated: 896308
	321  -  MemoryUsage of job (MB)
	327720  -  ResidentSetSize of job (KB)
...
006 (452.410.000) 2022-04-05 17:14:52 Image size of job updated: 896308
	321  -  MemoryUsage of job (MB)
	327852  -  ResidentSetSize of job (KB)
...
006 (452.410.000) 2022-04-05 17:19:54 Image size of job updated: 896308
	321  -  MemoryUsage of job (MB)
	327984  -  ResidentSetSize of job (KB)
...
006 (452.410.000) 2022-04-05 17:24:54 Image size of job updated: 896308
	321  -  MemoryUsage of job (MB)
	328248  -  ResidentSetSize of job (KB)
...
006 (452.410.000) 2022-04-05 17:29:54 Image size of job updated: 896308
	321  -  MemoryUsage of job (MB)
	328380  -  ResidentSetSize of job (KB)
...
006 (452.410.000) 2022-04-05 17:34:54 Image size of job updated: 896308
	321  -  MemoryUsage of job (MB)
	328644  -  ResidentSetSize of job (KB)
...
006 (452.410.000) 2022-04-05 17:39:56 Image size of job updated: 896308
	322  -  MemoryUsage of job (MB)
	328776  -  ResidentSetSize of job (KB)
...
006 (452.410.000) 2022-04-05 17:44:56 Image size of job updated: 896308
	322  -  MemoryUsage of job (MB)
	329040  -  ResidentSetSize of job (KB)
...
006 (452.410.000) 2022-04-05 17:49:56 Image size of job updated: 896308
	322  -  MemoryUsage of job (MB)
	329172  -  ResidentSetSize of job (KB)
...
005 (452.410.000) 2022-04-05 17:52:20 Job terminated.
	(1) Normal termination (return value 0)
		Usr 0 03:06:36, Sys 0 00:01:03  -  Run Remote Usage
		Usr 0 00:00:00, Sys 0 00:00:00  -  Run Local Usage
		Usr 0 03:06:36, Sys 0 00:01:03  -  Total Remote Usage
		Usr 0 00:00:00, Sys 0 00:00:00  -  Total Local Usage
	0  -  Run Bytes Sent By Job
	0  -  Run Bytes Received By Job
	0  -  Total Bytes Sent By Job
	0  -  Total Bytes Received By Job
	Partitionable Resources :    Usage  Request Allocated 
	   Cpus                 :     1.00        1         1 
	   Disk (KB)            :  7500        7500     10998 
	   Memory (MB)          :   322        1024      1024 

	Job terminated of its own accord at 2022-04-05T15:52:20Z with exit-code 0.
...
