000 (452.530.000) 2022-04-05 09:23:26 Job submitted from host: <10.18.24.243:9618?addrs=10.18.24.243-9618&alias=ecoclusts01.bioclust.biologie.ens.fr&noUDP&sock=schedd_1052_29b8>
...
001 (452.530.000) 2022-04-05 18:31:19 Job executing on host: <10.18.24.12:9618?addrs=10.18.24.12-9618&alias=bioclust12.bioclust.biologie.ens.fr&noUDP&sock=startd_86046_fa3b>
...
006 (452.530.000) 2022-04-05 18:31:29 Image size of job updated: 99964
	33  -  MemoryUsage of job (MB)
	33096  -  ResidentSetSize of job (KB)
...
006 (452.530.000) 2022-04-05 18:36:30 Image size of job updated: 741880
	317  -  MemoryUsage of job (MB)
	324316  -  ResidentSetSize of job (KB)
...
006 (452.530.000) 2022-04-05 18:41:31 Image size of job updated: 741880
	317  -  MemoryUsage of job (MB)
	324404  -  ResidentSetSize of job (KB)
...
006 (452.530.000) 2022-04-05 18:46:31 Image size of job updated: 774648
	317  -  MemoryUsage of job (MB)
	324404  -  ResidentSetSize of job (KB)
...
006 (452.530.000) 2022-04-05 20:21:39 Image size of job updated: 774904
	317  -  MemoryUsage of job (MB)
	324404  -  ResidentSetSize of job (KB)
...
006 (452.530.000) 2022-04-05 20:26:39 Image size of job updated: 774904
	317  -  MemoryUsage of job (MB)
	324536  -  ResidentSetSize of job (KB)
...
006 (452.530.000) 2022-04-05 20:36:40 Image size of job updated: 774904
	318  -  MemoryUsage of job (MB)
	324668  -  ResidentSetSize of job (KB)
...
006 (452.530.000) 2022-04-05 20:41:41 Image size of job updated: 775160
	318  -  MemoryUsage of job (MB)
	324668  -  ResidentSetSize of job (KB)
...
006 (452.530.000) 2022-04-05 20:46:41 Image size of job updated: 775160
	318  -  MemoryUsage of job (MB)
	324800  -  ResidentSetSize of job (KB)
...
006 (452.530.000) 2022-04-05 20:51:42 Image size of job updated: 775416
	318  -  MemoryUsage of job (MB)
	324932  -  ResidentSetSize of job (KB)
...
006 (452.530.000) 2022-04-05 20:56:43 Image size of job updated: 775416
	318  -  MemoryUsage of job (MB)
	325064  -  ResidentSetSize of job (KB)
...
006 (452.530.000) 2022-04-05 21:06:44 Image size of job updated: 775672
	318  -  MemoryUsage of job (MB)
	325196  -  ResidentSetSize of job (KB)
...
006 (452.530.000) 2022-04-05 21:11:44 Image size of job updated: 775672
	318  -  MemoryUsage of job (MB)
	325328  -  ResidentSetSize of job (KB)
...
006 (452.530.000) 2022-04-05 21:21:45 Image size of job updated: 775928
	318  -  MemoryUsage of job (MB)
	325460  -  ResidentSetSize of job (KB)
...
006 (452.530.000) 2022-04-05 21:26:45 Image size of job updated: 775928
	318  -  MemoryUsage of job (MB)
	325592  -  ResidentSetSize of job (KB)
...
006 (452.530.000) 2022-04-05 21:36:46 Image size of job updated: 776184
	319  -  MemoryUsage of job (MB)
	325724  -  ResidentSetSize of job (KB)
...
006 (452.530.000) 2022-04-05 21:41:46 Image size of job updated: 776184
	319  -  MemoryUsage of job (MB)
	325856  -  ResidentSetSize of job (KB)
...
006 (452.530.000) 2022-04-05 21:46:46 Image size of job updated: 776440
	319  -  MemoryUsage of job (MB)
	325856  -  ResidentSetSize of job (KB)
...
006 (452.530.000) 2022-04-05 21:51:47 Image size of job updated: 776440
	319  -  MemoryUsage of job (MB)
	325988  -  ResidentSetSize of job (KB)
...
006 (452.530.000) 2022-04-05 21:56:47 Image size of job updated: 776440
	319  -  MemoryUsage of job (MB)
	326120  -  ResidentSetSize of job (KB)
...
006 (452.530.000) 2022-04-05 22:01:48 Image size of job updated: 776696
	319  -  MemoryUsage of job (MB)
	326252  -  ResidentSetSize of job (KB)
...
006 (452.530.000) 2022-04-05 22:11:48 Image size of job updated: 776696
	319  -  MemoryUsage of job (MB)
	326384  -  ResidentSetSize of job (KB)
...
006 (452.530.000) 2022-04-05 22:16:49 Image size of job updated: 776952
	319  -  MemoryUsage of job (MB)
	326516  -  ResidentSetSize of job (KB)
...
006 (452.530.000) 2022-04-05 22:21:49 Image size of job updated: 776952
	319  -  MemoryUsage of job (MB)
	326648  -  ResidentSetSize of job (KB)
...
006 (452.530.000) 2022-04-05 22:46:51 Image size of job updated: 777208
	320  -  MemoryUsage of job (MB)
	326748  -  ResidentSetSize of job (KB)
...
006 (452.530.000) 2022-04-05 22:56:52 Image size of job updated: 777208
	320  -  MemoryUsage of job (MB)
	326880  -  ResidentSetSize of job (KB)
...
006 (452.530.000) 2022-04-05 23:06:53 Image size of job updated: 777464
	320  -  MemoryUsage of job (MB)
	327012  -  ResidentSetSize of job (KB)
...
006 (452.530.000) 2022-04-05 23:11:54 Image size of job updated: 777464
	320  -  MemoryUsage of job (MB)
	327144  -  ResidentSetSize of job (KB)
...
006 (452.530.000) 2022-04-05 23:21:55 Image size of job updated: 777720
	320  -  MemoryUsage of job (MB)
	327276  -  ResidentSetSize of job (KB)
...
006 (452.530.000) 2022-04-05 23:31:56 Image size of job updated: 777720
	320  -  MemoryUsage of job (MB)
	327408  -  ResidentSetSize of job (KB)
...
006 (452.530.000) 2022-04-05 23:36:57 Image size of job updated: 777976
	320  -  MemoryUsage of job (MB)
	327540  -  ResidentSetSize of job (KB)
...
006 (452.530.000) 2022-04-05 23:46:58 Image size of job updated: 777976
	320  -  MemoryUsage of job (MB)
	327672  -  ResidentSetSize of job (KB)
...
006 (452.530.000) 2022-04-05 23:51:59 Image size of job updated: 778232
	321  -  MemoryUsage of job (MB)
	327804  -  ResidentSetSize of job (KB)
...
006 (452.530.000) 2022-04-06 00:01:59 Image size of job updated: 778232
	321  -  MemoryUsage of job (MB)
	327936  -  ResidentSetSize of job (KB)
...
006 (452.530.000) 2022-04-06 00:06:59 Image size of job updated: 778488
	321  -  MemoryUsage of job (MB)
	327936  -  ResidentSetSize of job (KB)
...
006 (452.530.000) 2022-04-06 00:12:00 Image size of job updated: 778488
	321  -  MemoryUsage of job (MB)
	328068  -  ResidentSetSize of job (KB)
...
006 (452.530.000) 2022-04-06 00:17:00 Image size of job updated: 778488
	321  -  MemoryUsage of job (MB)
	328200  -  ResidentSetSize of job (KB)
...
006 (452.530.000) 2022-04-06 00:22:00 Image size of job updated: 778744
	321  -  MemoryUsage of job (MB)
	328200  -  ResidentSetSize of job (KB)
...
006 (452.530.000) 2022-04-06 00:27:02 Image size of job updated: 778744
	321  -  MemoryUsage of job (MB)
	328332  -  ResidentSetSize of job (KB)
...
006 (452.530.000) 2022-04-06 00:32:03 Image size of job updated: 778744
	321  -  MemoryUsage of job (MB)
	328464  -  ResidentSetSize of job (KB)
...
006 (452.530.000) 2022-04-06 00:42:03 Image size of job updated: 779000
	321  -  MemoryUsage of job (MB)
	328596  -  ResidentSetSize of job (KB)
...
006 (452.530.000) 2022-04-06 00:47:04 Image size of job updated: 779000
	322  -  MemoryUsage of job (MB)
	328728  -  ResidentSetSize of job (KB)
...
006 (452.530.000) 2022-04-06 00:52:04 Image size of job updated: 779256
	322  -  MemoryUsage of job (MB)
	328728  -  ResidentSetSize of job (KB)
...
006 (452.530.000) 2022-04-06 00:57:04 Image size of job updated: 779256
	322  -  MemoryUsage of job (MB)
	328860  -  ResidentSetSize of job (KB)
...
006 (452.530.000) 2022-04-06 01:07:05 Image size of job updated: 779512
	322  -  MemoryUsage of job (MB)
	328992  -  ResidentSetSize of job (KB)
...
006 (452.530.000) 2022-04-06 01:12:06 Image size of job updated: 779512
	322  -  MemoryUsage of job (MB)
	329124  -  ResidentSetSize of job (KB)
...
006 (452.530.000) 2022-04-06 01:22:07 Image size of job updated: 779512
	322  -  MemoryUsage of job (MB)
	329256  -  ResidentSetSize of job (KB)
...
006 (452.530.000) 2022-04-06 01:26:03 Image size of job updated: 779768
	322  -  MemoryUsage of job (MB)
	329256  -  ResidentSetSize of job (KB)
...
005 (452.530.000) 2022-04-06 01:26:04 Job terminated.
	(1) Normal termination (return value 0)
		Usr 0 06:47:24, Sys 0 00:00:58  -  Run Remote Usage
		Usr 0 00:00:00, Sys 0 00:00:00  -  Run Local Usage
		Usr 0 06:47:24, Sys 0 00:00:58  -  Total Remote Usage
		Usr 0 00:00:00, Sys 0 00:00:00  -  Total Local Usage
	0  -  Run Bytes Sent By Job
	0  -  Run Bytes Received By Job
	0  -  Total Bytes Sent By Job
	0  -  Total Bytes Received By Job
	Partitionable Resources :    Usage  Request Allocated 
	   Cpus                 :     1.00        1         1 
	   Disk (KB)            :  7500        7500     12108 
	   Memory (MB)          :   322        1024      1024 

	Job terminated of its own accord at 2022-04-05T23:26:03Z with exit-code 0.
...
