000 (452.058.000) 2022-04-05 09:23:24 Job submitted from host: <10.18.24.243:9618?addrs=10.18.24.243-9618&alias=ecoclusts01.bioclust.biologie.ens.fr&noUDP&sock=schedd_1052_29b8>
...
001 (452.058.000) 2022-04-05 09:23:30 Job executing on host: <10.18.24.35:9618?addrs=10.18.24.35-9618&alias=bioclust35.bioclust.biologie.ens.fr&noUDP&sock=startd_783197_93b2>
...
006 (452.058.000) 2022-04-05 09:23:38 Image size of job updated: 127296
	91  -  MemoryUsage of job (MB)
	92960  -  ResidentSetSize of job (KB)
...
006 (452.058.000) 2022-04-05 09:28:38 Image size of job updated: 774648
	315  -  MemoryUsage of job (MB)
	322184  -  ResidentSetSize of job (KB)
...
006 (452.058.000) 2022-04-05 09:48:41 Image size of job updated: 774904
	315  -  MemoryUsage of job (MB)
	322184  -  ResidentSetSize of job (KB)
...
006 (452.058.000) 2022-04-05 09:53:42 Image size of job updated: 775160
	316  -  MemoryUsage of job (MB)
	322580  -  ResidentSetSize of job (KB)
...
006 (452.058.000) 2022-04-05 09:58:42 Image size of job updated: 775672
	316  -  MemoryUsage of job (MB)
	322976  -  ResidentSetSize of job (KB)
...
006 (452.058.000) 2022-04-05 10:03:43 Image size of job updated: 775928
	316  -  MemoryUsage of job (MB)
	323372  -  ResidentSetSize of job (KB)
...
006 (452.058.000) 2022-04-05 10:08:44 Image size of job updated: 776440
	317  -  MemoryUsage of job (MB)
	323768  -  ResidentSetSize of job (KB)
...
006 (452.058.000) 2022-04-05 10:13:44 Image size of job updated: 776952
	317  -  MemoryUsage of job (MB)
	324296  -  ResidentSetSize of job (KB)
...
006 (452.058.000) 2022-04-05 10:18:44 Image size of job updated: 776952
	317  -  MemoryUsage of job (MB)
	324404  -  ResidentSetSize of job (KB)
...
006 (452.058.000) 2022-04-05 10:23:45 Image size of job updated: 777464
	318  -  MemoryUsage of job (MB)
	324800  -  ResidentSetSize of job (KB)
...
006 (452.058.000) 2022-04-05 10:28:45 Image size of job updated: 777720
	318  -  MemoryUsage of job (MB)
	325196  -  ResidentSetSize of job (KB)
...
006 (452.058.000) 2022-04-05 10:33:45 Image size of job updated: 778232
	318  -  MemoryUsage of job (MB)
	325592  -  ResidentSetSize of job (KB)
...
006 (452.058.000) 2022-04-05 10:38:46 Image size of job updated: 778488
	319  -  MemoryUsage of job (MB)
	325988  -  ResidentSetSize of job (KB)
...
006 (452.058.000) 2022-04-05 10:43:47 Image size of job updated: 779000
	319  -  MemoryUsage of job (MB)
	326384  -  ResidentSetSize of job (KB)
...
006 (452.058.000) 2022-04-05 10:48:47 Image size of job updated: 779256
	320  -  MemoryUsage of job (MB)
	326780  -  ResidentSetSize of job (KB)
...
006 (452.058.000) 2022-04-05 10:53:38 Image size of job updated: 779768
	320  -  MemoryUsage of job (MB)
	326780  -  ResidentSetSize of job (KB)
...
005 (452.058.000) 2022-04-05 10:53:38 Job terminated.
	(1) Normal termination (return value 0)
		Usr 0 01:29:49, Sys 0 00:00:14  -  Run Remote Usage
		Usr 0 00:00:00, Sys 0 00:00:00  -  Run Local Usage
		Usr 0 01:29:49, Sys 0 00:00:14  -  Total Remote Usage
		Usr 0 00:00:00, Sys 0 00:00:00  -  Total Local Usage
	0  -  Run Bytes Sent By Job
	0  -  Run Bytes Received By Job
	0  -  Total Bytes Sent By Job
	0  -  Total Bytes Received By Job
	Partitionable Resources :    Usage  Request Allocated 
	   Cpus                 :     1.00        1         1 
	   Disk (KB)            :  7500        7500     11931 
	   Memory (MB)          :   320        1024      1024 

	Job terminated of its own accord at 2022-04-05T08:53:38Z with exit-code 0.
...
