000 (452.336.000) 2022-04-05 09:23:25 Job submitted from host: <10.18.24.243:9618?addrs=10.18.24.243-9618&alias=ecoclusts01.bioclust.biologie.ens.fr&noUDP&sock=schedd_1052_29b8>
...
001 (452.336.000) 2022-04-05 12:54:19 Job executing on host: <10.18.24.109:9618?addrs=10.18.24.109-9618&alias=ecoclust14.bioclust.biologie.ens.fr&noUDP&sock=startd_917_906f>
...
006 (452.336.000) 2022-04-05 12:54:28 Image size of job updated: 133544
	84  -  MemoryUsage of job (MB)
	85244  -  ResidentSetSize of job (KB)
...
006 (452.336.000) 2022-04-05 12:59:29 Image size of job updated: 741880
	284  -  MemoryUsage of job (MB)
	289812  -  ResidentSetSize of job (KB)
...
006 (452.336.000) 2022-04-05 13:04:29 Image size of job updated: 741880
	303  -  MemoryUsage of job (MB)
	309720  -  ResidentSetSize of job (KB)
...
006 (452.336.000) 2022-04-05 13:09:29 Image size of job updated: 741880
	317  -  MemoryUsage of job (MB)
	324296  -  ResidentSetSize of job (KB)
...
006 (452.336.000) 2022-04-05 13:14:30 Image size of job updated: 774648
	317  -  MemoryUsage of job (MB)
	324320  -  ResidentSetSize of job (KB)
...
006 (452.336.000) 2022-04-05 15:39:45 Image size of job updated: 774904
	317  -  MemoryUsage of job (MB)
	324452  -  ResidentSetSize of job (KB)
...
006 (452.336.000) 2022-04-05 15:54:46 Image size of job updated: 774904
	317  -  MemoryUsage of job (MB)
	324584  -  ResidentSetSize of job (KB)
...
006 (452.336.000) 2022-04-05 15:59:47 Image size of job updated: 775160
	317  -  MemoryUsage of job (MB)
	324584  -  ResidentSetSize of job (KB)
...
006 (452.336.000) 2022-04-05 16:04:48 Image size of job updated: 775160
	318  -  MemoryUsage of job (MB)
	324716  -  ResidentSetSize of job (KB)
...
006 (452.336.000) 2022-04-05 16:14:48 Image size of job updated: 775160
	318  -  MemoryUsage of job (MB)
	324848  -  ResidentSetSize of job (KB)
...
006 (452.336.000) 2022-04-05 16:19:49 Image size of job updated: 775416
	318  -  MemoryUsage of job (MB)
	324980  -  ResidentSetSize of job (KB)
...
006 (452.336.000) 2022-04-05 16:29:49 Image size of job updated: 775416
	318  -  MemoryUsage of job (MB)
	325112  -  ResidentSetSize of job (KB)
...
006 (452.336.000) 2022-04-05 16:34:50 Image size of job updated: 775672
	318  -  MemoryUsage of job (MB)
	325244  -  ResidentSetSize of job (KB)
...
006 (452.336.000) 2022-04-05 16:44:51 Image size of job updated: 775672
	318  -  MemoryUsage of job (MB)
	325376  -  ResidentSetSize of job (KB)
...
006 (452.336.000) 2022-04-05 16:49:52 Image size of job updated: 775928
	318  -  MemoryUsage of job (MB)
	325376  -  ResidentSetSize of job (KB)
...
006 (452.336.000) 2022-04-05 16:54:53 Image size of job updated: 775928
	318  -  MemoryUsage of job (MB)
	325508  -  ResidentSetSize of job (KB)
...
006 (452.336.000) 2022-04-05 16:59:53 Image size of job updated: 775928
	319  -  MemoryUsage of job (MB)
	325640  -  ResidentSetSize of job (KB)
...
006 (452.336.000) 2022-04-05 17:04:53 Image size of job updated: 776184
	319  -  MemoryUsage of job (MB)
	325640  -  ResidentSetSize of job (KB)
...
006 (452.336.000) 2022-04-05 17:09:54 Image size of job updated: 776184
	319  -  MemoryUsage of job (MB)
	325772  -  ResidentSetSize of job (KB)
...
006 (452.336.000) 2022-04-05 17:14:55 Image size of job updated: 776184
	319  -  MemoryUsage of job (MB)
	325904  -  ResidentSetSize of job (KB)
...
006 (452.336.000) 2022-04-05 17:19:55 Image size of job updated: 776440
	319  -  MemoryUsage of job (MB)
	325904  -  ResidentSetSize of job (KB)
...
006 (452.336.000) 2022-04-05 17:24:56 Image size of job updated: 776440
	319  -  MemoryUsage of job (MB)
	326036  -  ResidentSetSize of job (KB)
...
006 (452.336.000) 2022-04-05 17:34:57 Image size of job updated: 776696
	319  -  MemoryUsage of job (MB)
	326168  -  ResidentSetSize of job (KB)
...
006 (452.336.000) 2022-04-05 17:39:57 Image size of job updated: 776696
	319  -  MemoryUsage of job (MB)
	326300  -  ResidentSetSize of job (KB)
...
006 (452.336.000) 2022-04-05 17:49:59 Image size of job updated: 776952
	319  -  MemoryUsage of job (MB)
	326432  -  ResidentSetSize of job (KB)
...
006 (452.336.000) 2022-04-05 18:00:00 Image size of job updated: 776952
	319  -  MemoryUsage of job (MB)
	326564  -  ResidentSetSize of job (KB)
...
006 (452.336.000) 2022-04-05 18:25:03 Image size of job updated: 776952
	320  -  MemoryUsage of job (MB)
	326696  -  ResidentSetSize of job (KB)
...
006 (452.336.000) 2022-04-05 18:30:03 Image size of job updated: 777208
	320  -  MemoryUsage of job (MB)
	326696  -  ResidentSetSize of job (KB)
...
006 (452.336.000) 2022-04-05 18:35:04 Image size of job updated: 777208
	320  -  MemoryUsage of job (MB)
	326828  -  ResidentSetSize of job (KB)
...
006 (452.336.000) 2022-04-05 18:45:05 Image size of job updated: 777464
	320  -  MemoryUsage of job (MB)
	326960  -  ResidentSetSize of job (KB)
...
006 (452.336.000) 2022-04-05 18:50:06 Image size of job updated: 777464
	320  -  MemoryUsage of job (MB)
	327092  -  ResidentSetSize of job (KB)
...
006 (452.336.000) 2022-04-05 19:05:07 Image size of job updated: 777720
	320  -  MemoryUsage of job (MB)
	327224  -  ResidentSetSize of job (KB)
...
006 (452.336.000) 2022-04-05 19:10:08 Image size of job updated: 777720
	320  -  MemoryUsage of job (MB)
	327356  -  ResidentSetSize of job (KB)
...
006 (452.336.000) 2022-04-05 19:20:08 Image size of job updated: 777976
	320  -  MemoryUsage of job (MB)
	327488  -  ResidentSetSize of job (KB)
...
006 (452.336.000) 2022-04-05 19:30:10 Image size of job updated: 777976
	320  -  MemoryUsage of job (MB)
	327620  -  ResidentSetSize of job (KB)
...
006 (452.336.000) 2022-04-05 19:35:10 Image size of job updated: 777976
	321  -  MemoryUsage of job (MB)
	327752  -  ResidentSetSize of job (KB)
...
006 (452.336.000) 2022-04-05 19:40:11 Image size of job updated: 778232
	321  -  MemoryUsage of job (MB)
	327752  -  ResidentSetSize of job (KB)
...
006 (452.336.000) 2022-04-05 19:45:12 Image size of job updated: 778232
	321  -  MemoryUsage of job (MB)
	327884  -  ResidentSetSize of job (KB)
...
006 (452.336.000) 2022-04-05 19:55:12 Image size of job updated: 778488
	321  -  MemoryUsage of job (MB)
	328016  -  ResidentSetSize of job (KB)
...
006 (452.336.000) 2022-04-05 20:05:13 Image size of job updated: 778488
	321  -  MemoryUsage of job (MB)
	328148  -  ResidentSetSize of job (KB)
...
006 (452.336.000) 2022-04-05 20:10:13 Image size of job updated: 778744
	321  -  MemoryUsage of job (MB)
	328280  -  ResidentSetSize of job (KB)
...
006 (452.336.000) 2022-04-05 20:20:15 Image size of job updated: 778744
	321  -  MemoryUsage of job (MB)
	328412  -  ResidentSetSize of job (KB)
...
006 (452.336.000) 2022-04-05 20:30:15 Image size of job updated: 779000
	321  -  MemoryUsage of job (MB)
	328544  -  ResidentSetSize of job (KB)
...
006 (452.336.000) 2022-04-05 20:40:16 Image size of job updated: 779000
	321  -  MemoryUsage of job (MB)
	328676  -  ResidentSetSize of job (KB)
...
006 (452.336.000) 2022-04-05 20:45:16 Image size of job updated: 779256
	322  -  MemoryUsage of job (MB)
	328808  -  ResidentSetSize of job (KB)
...
006 (452.336.000) 2022-04-05 20:55:18 Image size of job updated: 779256
	322  -  MemoryUsage of job (MB)
	328940  -  ResidentSetSize of job (KB)
...
006 (452.336.000) 2022-04-05 21:00:18 Image size of job updated: 779512
	322  -  MemoryUsage of job (MB)
	329072  -  ResidentSetSize of job (KB)
...
006 (452.336.000) 2022-04-05 21:10:20 Image size of job updated: 779512
	322  -  MemoryUsage of job (MB)
	329204  -  ResidentSetSize of job (KB)
...
006 (452.336.000) 2022-04-05 21:15:20 Image size of job updated: 779768
	322  -  MemoryUsage of job (MB)
	329204  -  ResidentSetSize of job (KB)
...
005 (452.336.000) 2022-04-05 21:17:06 Job terminated.
	(1) Normal termination (return value 0)
		Usr 0 08:20:15, Sys 0 00:00:34  -  Run Remote Usage
		Usr 0 00:00:00, Sys 0 00:00:00  -  Run Local Usage
		Usr 0 08:20:15, Sys 0 00:00:34  -  Total Remote Usage
		Usr 0 00:00:00, Sys 0 00:00:00  -  Total Local Usage
	0  -  Run Bytes Sent By Job
	0  -  Run Bytes Received By Job
	0  -  Total Bytes Sent By Job
	0  -  Total Bytes Received By Job
	Partitionable Resources :    Usage  Request Allocated 
	   Cpus                 :     1.00        1         1 
	   Disk (KB)            :  7500        7500     10998 
	   Memory (MB)          :   322        1024      1024 

	Job terminated of its own accord at 2022-04-05T19:17:06Z with exit-code 0.
...
