000 (452.440.000) 2022-04-05 09:23:25 Job submitted from host: <10.18.24.243:9618?addrs=10.18.24.243-9618&alias=ecoclusts01.bioclust.biologie.ens.fr&noUDP&sock=schedd_1052_29b8>
...
001 (452.440.000) 2022-04-05 15:42:29 Job executing on host: <10.18.24.130:9618?addrs=10.18.24.130-9618&alias=dyoclust03.bioclust.biologie.ens.fr&noUDP&sock=startd_813_3a96>
...
006 (452.440.000) 2022-04-05 15:42:38 Image size of job updated: 203900
	81  -  MemoryUsage of job (MB)
	82188  -  ResidentSetSize of job (KB)
...
006 (452.440.000) 2022-04-05 15:47:38 Image size of job updated: 741880
	317  -  MemoryUsage of job (MB)
	324352  -  ResidentSetSize of job (KB)
...
006 (452.440.000) 2022-04-05 15:52:39 Image size of job updated: 774648
	317  -  MemoryUsage of job (MB)
	324352  -  ResidentSetSize of job (KB)
...
006 (452.440.000) 2022-04-05 16:32:44 Image size of job updated: 774904
	317  -  MemoryUsage of job (MB)
	324572  -  ResidentSetSize of job (KB)
...
006 (452.440.000) 2022-04-05 16:37:45 Image size of job updated: 775160
	318  -  MemoryUsage of job (MB)
	324704  -  ResidentSetSize of job (KB)
...
006 (452.440.000) 2022-04-05 16:42:45 Image size of job updated: 775416
	318  -  MemoryUsage of job (MB)
	324968  -  ResidentSetSize of job (KB)
...
006 (452.440.000) 2022-04-05 16:47:45 Image size of job updated: 775672
	318  -  MemoryUsage of job (MB)
	325100  -  ResidentSetSize of job (KB)
...
006 (452.440.000) 2022-04-05 16:52:46 Image size of job updated: 775672
	318  -  MemoryUsage of job (MB)
	325364  -  ResidentSetSize of job (KB)
...
006 (452.440.000) 2022-04-05 16:57:47 Image size of job updated: 775928
	318  -  MemoryUsage of job (MB)
	325496  -  ResidentSetSize of job (KB)
...
006 (452.440.000) 2022-04-05 17:02:47 Image size of job updated: 776184
	318  -  MemoryUsage of job (MB)
	325628  -  ResidentSetSize of job (KB)
...
006 (452.440.000) 2022-04-05 17:07:47 Image size of job updated: 776184
	319  -  MemoryUsage of job (MB)
	325892  -  ResidentSetSize of job (KB)
...
006 (452.440.000) 2022-04-05 17:12:48 Image size of job updated: 776440
	319  -  MemoryUsage of job (MB)
	326024  -  ResidentSetSize of job (KB)
...
006 (452.440.000) 2022-04-05 17:17:49 Image size of job updated: 776696
	319  -  MemoryUsage of job (MB)
	326288  -  ResidentSetSize of job (KB)
...
006 (452.440.000) 2022-04-05 17:22:49 Image size of job updated: 776952
	319  -  MemoryUsage of job (MB)
	326420  -  ResidentSetSize of job (KB)
...
006 (452.440.000) 2022-04-05 17:27:49 Image size of job updated: 776952
	319  -  MemoryUsage of job (MB)
	326552  -  ResidentSetSize of job (KB)
...
006 (452.440.000) 2022-04-05 17:37:51 Image size of job updated: 776952
	320  -  MemoryUsage of job (MB)
	326684  -  ResidentSetSize of job (KB)
...
006 (452.440.000) 2022-04-05 17:42:51 Image size of job updated: 777208
	320  -  MemoryUsage of job (MB)
	326816  -  ResidentSetSize of job (KB)
...
006 (452.440.000) 2022-04-05 17:47:51 Image size of job updated: 777464
	320  -  MemoryUsage of job (MB)
	326948  -  ResidentSetSize of job (KB)
...
006 (452.440.000) 2022-04-05 17:52:52 Image size of job updated: 777464
	320  -  MemoryUsage of job (MB)
	327212  -  ResidentSetSize of job (KB)
...
006 (452.440.000) 2022-04-05 17:57:53 Image size of job updated: 777720
	320  -  MemoryUsage of job (MB)
	327344  -  ResidentSetSize of job (KB)
...
006 (452.440.000) 2022-04-05 18:02:53 Image size of job updated: 777976
	320  -  MemoryUsage of job (MB)
	327476  -  ResidentSetSize of job (KB)
...
006 (452.440.000) 2022-04-05 18:07:53 Image size of job updated: 777976
	320  -  MemoryUsage of job (MB)
	327608  -  ResidentSetSize of job (KB)
...
006 (452.440.000) 2022-04-05 18:12:54 Image size of job updated: 778232
	321  -  MemoryUsage of job (MB)
	327872  -  ResidentSetSize of job (KB)
...
006 (452.440.000) 2022-04-05 18:17:55 Image size of job updated: 778488
	321  -  MemoryUsage of job (MB)
	328004  -  ResidentSetSize of job (KB)
...
006 (452.440.000) 2022-04-05 18:22:55 Image size of job updated: 778488
	321  -  MemoryUsage of job (MB)
	328136  -  ResidentSetSize of job (KB)
...
006 (452.440.000) 2022-04-05 18:27:55 Image size of job updated: 778744
	321  -  MemoryUsage of job (MB)
	328400  -  ResidentSetSize of job (KB)
...
006 (452.440.000) 2022-04-05 18:32:56 Image size of job updated: 779000
	321  -  MemoryUsage of job (MB)
	328532  -  ResidentSetSize of job (KB)
...
006 (452.440.000) 2022-04-05 18:37:57 Image size of job updated: 779000
	321  -  MemoryUsage of job (MB)
	328664  -  ResidentSetSize of job (KB)
...
006 (452.440.000) 2022-04-05 18:42:57 Image size of job updated: 779256
	322  -  MemoryUsage of job (MB)
	328796  -  ResidentSetSize of job (KB)
...
006 (452.440.000) 2022-04-05 18:47:57 Image size of job updated: 779256
	322  -  MemoryUsage of job (MB)
	328928  -  ResidentSetSize of job (KB)
...
006 (452.440.000) 2022-04-05 18:52:58 Image size of job updated: 779512
	322  -  MemoryUsage of job (MB)
	329060  -  ResidentSetSize of job (KB)
...
006 (452.440.000) 2022-04-05 18:57:59 Image size of job updated: 779768
	322  -  MemoryUsage of job (MB)
	329192  -  ResidentSetSize of job (KB)
...
005 (452.440.000) 2022-04-05 18:58:04 Job terminated.
	(1) Normal termination (return value 0)
		Usr 0 03:14:53, Sys 0 00:00:32  -  Run Remote Usage
		Usr 0 00:00:00, Sys 0 00:00:00  -  Run Local Usage
		Usr 0 03:14:53, Sys 0 00:00:32  -  Total Remote Usage
		Usr 0 00:00:00, Sys 0 00:00:00  -  Total Local Usage
	0  -  Run Bytes Sent By Job
	0  -  Run Bytes Received By Job
	0  -  Total Bytes Sent By Job
	0  -  Total Bytes Received By Job
	Partitionable Resources :    Usage  Request Allocated 
	   Cpus                 :     1.00        1         1 
	   Disk (KB)            :  7500        7500     10998 
	   Memory (MB)          :   322        1024      1024 

	Job terminated of its own accord at 2022-04-05T16:58:04Z with exit-code 0.
...
