000 (452.571.000) 2022-04-05 09:23:26 Job submitted from host: <10.18.24.243:9618?addrs=10.18.24.243-9618&alias=ecoclusts01.bioclust.biologie.ens.fr&noUDP&sock=schedd_1052_29b8>
...
001 (452.571.000) 2022-04-05 19:00:42 Job executing on host: <10.18.24.20:9618?addrs=10.18.24.20-9618&alias=bioclust20.bioclust.biologie.ens.fr&noUDP&sock=startd_1083_6d28>
...
006 (452.571.000) 2022-04-05 19:00:51 Image size of job updated: 99964
	53  -  MemoryUsage of job (MB)
	54072  -  ResidentSetSize of job (KB)
...
006 (452.571.000) 2022-04-05 19:05:52 Image size of job updated: 741876
	317  -  MemoryUsage of job (MB)
	324352  -  ResidentSetSize of job (KB)
...
006 (452.571.000) 2022-04-05 19:20:53 Image size of job updated: 774644
	317  -  MemoryUsage of job (MB)
	324376  -  ResidentSetSize of job (KB)
...
006 (452.571.000) 2022-04-05 21:21:05 Image size of job updated: 774900
	317  -  MemoryUsage of job (MB)
	324376  -  ResidentSetSize of job (KB)
...
006 (452.571.000) 2022-04-05 21:26:06 Image size of job updated: 774900
	317  -  MemoryUsage of job (MB)
	324508  -  ResidentSetSize of job (KB)
...
006 (452.571.000) 2022-04-05 21:36:07 Image size of job updated: 774900
	318  -  MemoryUsage of job (MB)
	324640  -  ResidentSetSize of job (KB)
...
006 (452.571.000) 2022-04-05 21:41:07 Image size of job updated: 775156
	318  -  MemoryUsage of job (MB)
	324640  -  ResidentSetSize of job (KB)
...
006 (452.571.000) 2022-04-05 21:46:08 Image size of job updated: 775156
	318  -  MemoryUsage of job (MB)
	324772  -  ResidentSetSize of job (KB)
...
006 (452.571.000) 2022-04-05 21:56:08 Image size of job updated: 775156
	318  -  MemoryUsage of job (MB)
	324904  -  ResidentSetSize of job (KB)
...
006 (452.571.000) 2022-04-05 22:01:09 Image size of job updated: 775412
	318  -  MemoryUsage of job (MB)
	324904  -  ResidentSetSize of job (KB)
...
006 (452.571.000) 2022-04-05 22:06:09 Image size of job updated: 775412
	318  -  MemoryUsage of job (MB)
	325036  -  ResidentSetSize of job (KB)
...
006 (452.571.000) 2022-04-05 22:16:10 Image size of job updated: 775668
	318  -  MemoryUsage of job (MB)
	325168  -  ResidentSetSize of job (KB)
...
006 (452.571.000) 2022-04-05 22:21:10 Image size of job updated: 775668
	318  -  MemoryUsage of job (MB)
	325300  -  ResidentSetSize of job (KB)
...
006 (452.571.000) 2022-04-05 22:31:11 Image size of job updated: 775668
	318  -  MemoryUsage of job (MB)
	325432  -  ResidentSetSize of job (KB)
...
006 (452.571.000) 2022-04-05 22:36:12 Image size of job updated: 775924
	318  -  MemoryUsage of job (MB)
	325432  -  ResidentSetSize of job (KB)
...
006 (452.571.000) 2022-04-05 22:41:12 Image size of job updated: 775924
	318  -  MemoryUsage of job (MB)
	325564  -  ResidentSetSize of job (KB)
...
006 (452.571.000) 2022-04-05 22:51:14 Image size of job updated: 776180
	319  -  MemoryUsage of job (MB)
	325696  -  ResidentSetSize of job (KB)
...
006 (452.571.000) 2022-04-05 23:01:15 Image size of job updated: 776180
	319  -  MemoryUsage of job (MB)
	325828  -  ResidentSetSize of job (KB)
...
006 (452.571.000) 2022-04-05 23:06:16 Image size of job updated: 776436
	319  -  MemoryUsage of job (MB)
	325960  -  ResidentSetSize of job (KB)
...
006 (452.571.000) 2022-04-05 23:21:18 Image size of job updated: 776436
	319  -  MemoryUsage of job (MB)
	326092  -  ResidentSetSize of job (KB)
...
006 (452.571.000) 2022-04-05 23:26:18 Image size of job updated: 776692
	319  -  MemoryUsage of job (MB)
	326224  -  ResidentSetSize of job (KB)
...
006 (452.571.000) 2022-04-05 23:36:20 Image size of job updated: 776692
	319  -  MemoryUsage of job (MB)
	326356  -  ResidentSetSize of job (KB)
...
006 (452.571.000) 2022-04-05 23:46:21 Image size of job updated: 776948
	319  -  MemoryUsage of job (MB)
	326488  -  ResidentSetSize of job (KB)
...
006 (452.571.000) 2022-04-05 23:56:20 Image size of job updated: 776948
	319  -  MemoryUsage of job (MB)
	326620  -  ResidentSetSize of job (KB)
...
006 (452.571.000) 2022-04-06 00:31:25 Image size of job updated: 777204
	320  -  MemoryUsage of job (MB)
	326748  -  ResidentSetSize of job (KB)
...
006 (452.571.000) 2022-04-06 00:41:27 Image size of job updated: 777204
	320  -  MemoryUsage of job (MB)
	326880  -  ResidentSetSize of job (KB)
...
006 (452.571.000) 2022-04-06 00:51:28 Image size of job updated: 777460
	320  -  MemoryUsage of job (MB)
	327012  -  ResidentSetSize of job (KB)
...
006 (452.571.000) 2022-04-06 01:01:29 Image size of job updated: 777460
	320  -  MemoryUsage of job (MB)
	327144  -  ResidentSetSize of job (KB)
...
006 (452.571.000) 2022-04-06 01:11:30 Image size of job updated: 777716
	320  -  MemoryUsage of job (MB)
	327276  -  ResidentSetSize of job (KB)
...
006 (452.571.000) 2022-04-06 01:26:32 Image size of job updated: 777716
	320  -  MemoryUsage of job (MB)
	327408  -  ResidentSetSize of job (KB)
...
006 (452.571.000) 2022-04-06 01:31:32 Image size of job updated: 777972
	320  -  MemoryUsage of job (MB)
	327540  -  ResidentSetSize of job (KB)
...
006 (452.571.000) 2022-04-06 01:41:33 Image size of job updated: 777972
	320  -  MemoryUsage of job (MB)
	327672  -  ResidentSetSize of job (KB)
...
006 (452.571.000) 2022-04-06 01:51:33 Image size of job updated: 778228
	321  -  MemoryUsage of job (MB)
	327804  -  ResidentSetSize of job (KB)
...
006 (452.571.000) 2022-04-06 02:01:35 Image size of job updated: 778228
	321  -  MemoryUsage of job (MB)
	327936  -  ResidentSetSize of job (KB)
...
006 (452.571.000) 2022-04-06 02:11:36 Image size of job updated: 778484
	321  -  MemoryUsage of job (MB)
	327936  -  ResidentSetSize of job (KB)
...
006 (452.571.000) 2022-04-06 02:16:37 Image size of job updated: 778484
	321  -  MemoryUsage of job (MB)
	328068  -  ResidentSetSize of job (KB)
...
006 (452.571.000) 2022-04-06 02:21:37 Image size of job updated: 778484
	321  -  MemoryUsage of job (MB)
	328200  -  ResidentSetSize of job (KB)
...
006 (452.571.000) 2022-04-06 02:26:38 Image size of job updated: 778740
	321  -  MemoryUsage of job (MB)
	328200  -  ResidentSetSize of job (KB)
...
006 (452.571.000) 2022-04-06 02:31:39 Image size of job updated: 778740
	321  -  MemoryUsage of job (MB)
	328332  -  ResidentSetSize of job (KB)
...
006 (452.571.000) 2022-04-06 02:36:39 Image size of job updated: 778740
	321  -  MemoryUsage of job (MB)
	328464  -  ResidentSetSize of job (KB)
...
006 (452.571.000) 2022-04-06 02:46:41 Image size of job updated: 778996
	321  -  MemoryUsage of job (MB)
	328464  -  ResidentSetSize of job (KB)
...
006 (452.571.000) 2022-04-06 02:51:41 Image size of job updated: 778996
	321  -  MemoryUsage of job (MB)
	328596  -  ResidentSetSize of job (KB)
...
006 (452.571.000) 2022-04-06 02:56:41 Image size of job updated: 778996
	322  -  MemoryUsage of job (MB)
	328728  -  ResidentSetSize of job (KB)
...
006 (452.571.000) 2022-04-06 03:06:43 Image size of job updated: 779252
	322  -  MemoryUsage of job (MB)
	328860  -  ResidentSetSize of job (KB)
...
006 (452.571.000) 2022-04-06 03:16:44 Image size of job updated: 779252
	322  -  MemoryUsage of job (MB)
	328992  -  ResidentSetSize of job (KB)
...
006 (452.571.000) 2022-04-06 03:21:45 Image size of job updated: 779508
	322  -  MemoryUsage of job (MB)
	328992  -  ResidentSetSize of job (KB)
...
006 (452.571.000) 2022-04-06 03:26:45 Image size of job updated: 779508
	322  -  MemoryUsage of job (MB)
	329124  -  ResidentSetSize of job (KB)
...
006 (452.571.000) 2022-04-06 03:36:47 Image size of job updated: 779508
	322  -  MemoryUsage of job (MB)
	329256  -  ResidentSetSize of job (KB)
...
006 (452.571.000) 2022-04-06 03:39:29 Image size of job updated: 779764
	322  -  MemoryUsage of job (MB)
	329256  -  ResidentSetSize of job (KB)
...
005 (452.571.000) 2022-04-06 03:39:29 Job terminated.
	(1) Normal termination (return value 0)
		Usr 0 08:27:07, Sys 0 00:05:11  -  Run Remote Usage
		Usr 0 00:00:00, Sys 0 00:00:00  -  Run Local Usage
		Usr 0 08:27:07, Sys 0 00:05:11  -  Total Remote Usage
		Usr 0 00:00:00, Sys 0 00:00:00  -  Total Local Usage
	0  -  Run Bytes Sent By Job
	0  -  Run Bytes Received By Job
	0  -  Total Bytes Sent By Job
	0  -  Total Bytes Received By Job
	Partitionable Resources :    Usage  Request Allocated 
	   Cpus                 :     1.00        1         1 
	   Disk (KB)            :  7500        7500     10998 
	   Memory (MB)          :   322        1024      1024 

	Job terminated of its own accord at 2022-04-06T01:39:29Z with exit-code 0.
...
