000 (452.020.000) 2022-04-05 09:23:24 Job submitted from host: <10.18.24.243:9618?addrs=10.18.24.243-9618&alias=ecoclusts01.bioclust.biologie.ens.fr&noUDP&sock=schedd_1052_29b8>
...
001 (452.020.000) 2022-04-05 09:23:31 Job executing on host: <10.18.24.13:9618?addrs=10.18.24.13-9618&alias=bioclust13.bioclust.biologie.ens.fr&noUDP&sock=startd_1202_0ced>
...
006 (452.020.000) 2022-04-05 09:23:41 Image size of job updated: 25468
	6  -  MemoryUsage of job (MB)
	5896  -  ResidentSetSize of job (KB)
...
006 (452.020.000) 2022-04-05 09:28:42 Image size of job updated: 741624
	317  -  MemoryUsage of job (MB)
	324024  -  ResidentSetSize of job (KB)
...
006 (452.020.000) 2022-04-05 09:33:42 Image size of job updated: 741624
	317  -  MemoryUsage of job (MB)
	324136  -  ResidentSetSize of job (KB)
...
006 (452.020.000) 2022-04-05 09:53:44 Image size of job updated: 774392
	317  -  MemoryUsage of job (MB)
	324136  -  ResidentSetSize of job (KB)
...
006 (452.020.000) 2022-04-05 12:03:59 Image size of job updated: 774648
	317  -  MemoryUsage of job (MB)
	324136  -  ResidentSetSize of job (KB)
...
006 (452.020.000) 2022-04-05 12:19:01 Image size of job updated: 774648
	317  -  MemoryUsage of job (MB)
	324268  -  ResidentSetSize of job (KB)
...
006 (452.020.000) 2022-04-05 12:29:01 Image size of job updated: 774648
	317  -  MemoryUsage of job (MB)
	324400  -  ResidentSetSize of job (KB)
...
006 (452.020.000) 2022-04-05 12:34:02 Image size of job updated: 774904
	317  -  MemoryUsage of job (MB)
	324400  -  ResidentSetSize of job (KB)
...
006 (452.020.000) 2022-04-05 12:44:03 Image size of job updated: 774904
	317  -  MemoryUsage of job (MB)
	324532  -  ResidentSetSize of job (KB)
...
006 (452.020.000) 2022-04-05 12:54:04 Image size of job updated: 774904
	318  -  MemoryUsage of job (MB)
	324664  -  ResidentSetSize of job (KB)
...
006 (452.020.000) 2022-04-05 12:59:05 Image size of job updated: 775160
	318  -  MemoryUsage of job (MB)
	324664  -  ResidentSetSize of job (KB)
...
006 (452.020.000) 2022-04-05 13:09:06 Image size of job updated: 775160
	318  -  MemoryUsage of job (MB)
	324796  -  ResidentSetSize of job (KB)
...
006 (452.020.000) 2022-04-05 13:24:08 Image size of job updated: 775416
	318  -  MemoryUsage of job (MB)
	324928  -  ResidentSetSize of job (KB)
...
006 (452.020.000) 2022-04-05 13:44:09 Image size of job updated: 775416
	318  -  MemoryUsage of job (MB)
	325060  -  ResidentSetSize of job (KB)
...
006 (452.020.000) 2022-04-05 13:54:10 Image size of job updated: 775416
	318  -  MemoryUsage of job (MB)
	325192  -  ResidentSetSize of job (KB)
...
006 (452.020.000) 2022-04-05 13:59:10 Image size of job updated: 775672
	318  -  MemoryUsage of job (MB)
	325192  -  ResidentSetSize of job (KB)
...
006 (452.020.000) 2022-04-05 14:14:12 Image size of job updated: 775672
	318  -  MemoryUsage of job (MB)
	325324  -  ResidentSetSize of job (KB)
...
006 (452.020.000) 2022-04-05 14:24:13 Image size of job updated: 775928
	318  -  MemoryUsage of job (MB)
	325456  -  ResidentSetSize of job (KB)
...
006 (452.020.000) 2022-04-05 14:34:14 Image size of job updated: 775928
	318  -  MemoryUsage of job (MB)
	325588  -  ResidentSetSize of job (KB)
...
006 (452.020.000) 2022-04-05 14:44:14 Image size of job updated: 776184
	319  -  MemoryUsage of job (MB)
	325720  -  ResidentSetSize of job (KB)
...
006 (452.020.000) 2022-04-05 14:59:16 Image size of job updated: 776184
	319  -  MemoryUsage of job (MB)
	325852  -  ResidentSetSize of job (KB)
...
006 (452.020.000) 2022-04-05 15:04:17 Image size of job updated: 776440
	319  -  MemoryUsage of job (MB)
	325852  -  ResidentSetSize of job (KB)
...
006 (452.020.000) 2022-04-05 15:09:17 Image size of job updated: 776440
	319  -  MemoryUsage of job (MB)
	325984  -  ResidentSetSize of job (KB)
...
006 (452.020.000) 2022-04-05 15:19:18 Image size of job updated: 776440
	319  -  MemoryUsage of job (MB)
	326116  -  ResidentSetSize of job (KB)
...
006 (452.020.000) 2022-04-05 15:24:19 Image size of job updated: 776696
	319  -  MemoryUsage of job (MB)
	326116  -  ResidentSetSize of job (KB)
...
006 (452.020.000) 2022-04-05 15:29:20 Image size of job updated: 776696
	319  -  MemoryUsage of job (MB)
	326248  -  ResidentSetSize of job (KB)
...
006 (452.020.000) 2022-04-05 15:39:21 Image size of job updated: 776696
	319  -  MemoryUsage of job (MB)
	326380  -  ResidentSetSize of job (KB)
...
006 (452.020.000) 2022-04-05 15:54:23 Image size of job updated: 776952
	319  -  MemoryUsage of job (MB)
	326512  -  ResidentSetSize of job (KB)
...
006 (452.020.000) 2022-04-05 16:04:24 Image size of job updated: 776952
	319  -  MemoryUsage of job (MB)
	326644  -  ResidentSetSize of job (KB)
...
006 (452.020.000) 2022-04-05 16:44:27 Image size of job updated: 777208
	320  -  MemoryUsage of job (MB)
	326740  -  ResidentSetSize of job (KB)
...
006 (452.020.000) 2022-04-05 17:04:29 Image size of job updated: 777208
	320  -  MemoryUsage of job (MB)
	326872  -  ResidentSetSize of job (KB)
...
006 (452.020.000) 2022-04-05 17:14:30 Image size of job updated: 777464
	320  -  MemoryUsage of job (MB)
	326872  -  ResidentSetSize of job (KB)
...
006 (452.020.000) 2022-04-05 17:19:31 Image size of job updated: 777464
	320  -  MemoryUsage of job (MB)
	327004  -  ResidentSetSize of job (KB)
...
006 (452.020.000) 2022-04-05 17:29:33 Image size of job updated: 777464
	320  -  MemoryUsage of job (MB)
	327136  -  ResidentSetSize of job (KB)
...
006 (452.020.000) 2022-04-05 17:44:34 Image size of job updated: 777720
	320  -  MemoryUsage of job (MB)
	327268  -  ResidentSetSize of job (KB)
...
006 (452.020.000) 2022-04-05 17:54:35 Image size of job updated: 777720
	320  -  MemoryUsage of job (MB)
	327400  -  ResidentSetSize of job (KB)
...
006 (452.020.000) 2022-04-05 18:09:37 Image size of job updated: 777976
	320  -  MemoryUsage of job (MB)
	327532  -  ResidentSetSize of job (KB)
...
006 (452.020.000) 2022-04-05 18:24:39 Image size of job updated: 777976
	320  -  MemoryUsage of job (MB)
	327664  -  ResidentSetSize of job (KB)
...
006 (452.020.000) 2022-04-05 18:29:40 Image size of job updated: 778232
	320  -  MemoryUsage of job (MB)
	327664  -  ResidentSetSize of job (KB)
...
006 (452.020.000) 2022-04-05 18:34:40 Image size of job updated: 778232
	321  -  MemoryUsage of job (MB)
	327796  -  ResidentSetSize of job (KB)
...
006 (452.020.000) 2022-04-05 18:44:42 Image size of job updated: 778232
	321  -  MemoryUsage of job (MB)
	327928  -  ResidentSetSize of job (KB)
...
006 (452.020.000) 2022-04-05 18:54:43 Image size of job updated: 778488
	321  -  MemoryUsage of job (MB)
	327928  -  ResidentSetSize of job (KB)
...
006 (452.020.000) 2022-04-05 18:59:43 Image size of job updated: 778488
	321  -  MemoryUsage of job (MB)
	328060  -  ResidentSetSize of job (KB)
...
006 (452.020.000) 2022-04-05 19:09:44 Image size of job updated: 778488
	321  -  MemoryUsage of job (MB)
	328192  -  ResidentSetSize of job (KB)
...
006 (452.020.000) 2022-04-05 19:14:44 Image size of job updated: 778744
	321  -  MemoryUsage of job (MB)
	328192  -  ResidentSetSize of job (KB)
...
006 (452.020.000) 2022-04-05 19:19:46 Image size of job updated: 778744
	321  -  MemoryUsage of job (MB)
	328324  -  ResidentSetSize of job (KB)
...
006 (452.020.000) 2022-04-05 19:24:46 Image size of job updated: 778744
	321  -  MemoryUsage of job (MB)
	328456  -  ResidentSetSize of job (KB)
...
006 (452.020.000) 2022-04-05 19:34:48 Image size of job updated: 779000
	321  -  MemoryUsage of job (MB)
	328456  -  ResidentSetSize of job (KB)
...
006 (452.020.000) 2022-04-05 19:39:48 Image size of job updated: 779000
	321  -  MemoryUsage of job (MB)
	328588  -  ResidentSetSize of job (KB)
...
006 (452.020.000) 2022-04-05 19:44:48 Image size of job updated: 779000
	322  -  MemoryUsage of job (MB)
	328720  -  ResidentSetSize of job (KB)
...
006 (452.020.000) 2022-04-05 19:49:49 Image size of job updated: 779256
	322  -  MemoryUsage of job (MB)
	328720  -  ResidentSetSize of job (KB)
...
006 (452.020.000) 2022-04-05 19:54:49 Image size of job updated: 779256
	322  -  MemoryUsage of job (MB)
	328852  -  ResidentSetSize of job (KB)
...
006 (452.020.000) 2022-04-05 19:59:49 Image size of job updated: 779256
	322  -  MemoryUsage of job (MB)
	328984  -  ResidentSetSize of job (KB)
...
006 (452.020.000) 2022-04-05 20:04:51 Image size of job updated: 779512
	322  -  MemoryUsage of job (MB)
	328984  -  ResidentSetSize of job (KB)
...
006 (452.020.000) 2022-04-05 20:09:51 Image size of job updated: 779512
	322  -  MemoryUsage of job (MB)
	329116  -  ResidentSetSize of job (KB)
...
006 (452.020.000) 2022-04-05 20:14:51 Image size of job updated: 779512
	322  -  MemoryUsage of job (MB)
	329248  -  ResidentSetSize of job (KB)
...
006 (452.020.000) 2022-04-05 20:19:52 Image size of job updated: 779768
	322  -  MemoryUsage of job (MB)
	329248  -  ResidentSetSize of job (KB)
...
005 (452.020.000) 2022-04-05 20:20:33 Job terminated.
	(1) Normal termination (return value 0)
		Usr 0 10:42:42, Sys 0 00:02:30  -  Run Remote Usage
		Usr 0 00:00:00, Sys 0 00:00:00  -  Run Local Usage
		Usr 0 10:42:42, Sys 0 00:02:30  -  Total Remote Usage
		Usr 0 00:00:00, Sys 0 00:00:00  -  Total Local Usage
	0  -  Run Bytes Sent By Job
	0  -  Run Bytes Received By Job
	0  -  Total Bytes Sent By Job
	0  -  Total Bytes Received By Job
	Partitionable Resources :    Usage  Request Allocated 
	   Cpus                 :     1.00        1         1 
	   Disk (KB)            :  7500        7500     10998 
	   Memory (MB)          :   322        1024      1024 

	Job terminated of its own accord at 2022-04-05T18:20:33Z with exit-code 0.
...
