000 (452.225.000) 2022-04-05 09:23:25 Job submitted from host: <10.18.24.243:9618?addrs=10.18.24.243-9618&alias=ecoclusts01.bioclust.biologie.ens.fr&noUDP&sock=schedd_1052_29b8>
...
001 (452.225.000) 2022-04-05 10:43:15 Job executing on host: <10.18.24.133:9618?addrs=10.18.24.133-9618&alias=dyoclust06.bioclust.biologie.ens.fr&noUDP&sock=startd_804_0e3b>
...
006 (452.225.000) 2022-04-05 10:43:24 Image size of job updated: 204848
	80  -  MemoryUsage of job (MB)
	81148  -  ResidentSetSize of job (KB)
...
006 (452.225.000) 2022-04-05 10:48:24 Image size of job updated: 741880
	270  -  MemoryUsage of job (MB)
	276380  -  ResidentSetSize of job (KB)
...
006 (452.225.000) 2022-04-05 10:53:25 Image size of job updated: 774648
	317  -  MemoryUsage of job (MB)
	324388  -  ResidentSetSize of job (KB)
...
006 (452.225.000) 2022-04-05 11:43:29 Image size of job updated: 774904
	317  -  MemoryUsage of job (MB)
	324388  -  ResidentSetSize of job (KB)
...
006 (452.225.000) 2022-04-05 11:48:30 Image size of job updated: 774904
	318  -  MemoryUsage of job (MB)
	324652  -  ResidentSetSize of job (KB)
...
006 (452.225.000) 2022-04-05 11:53:30 Image size of job updated: 775160
	318  -  MemoryUsage of job (MB)
	324784  -  ResidentSetSize of job (KB)
...
006 (452.225.000) 2022-04-05 11:58:31 Image size of job updated: 775416
	318  -  MemoryUsage of job (MB)
	324916  -  ResidentSetSize of job (KB)
...
006 (452.225.000) 2022-04-05 12:03:32 Image size of job updated: 775416
	318  -  MemoryUsage of job (MB)
	325048  -  ResidentSetSize of job (KB)
...
006 (452.225.000) 2022-04-05 12:08:32 Image size of job updated: 775672
	318  -  MemoryUsage of job (MB)
	325312  -  ResidentSetSize of job (KB)
...
006 (452.225.000) 2022-04-05 12:13:32 Image size of job updated: 775928
	318  -  MemoryUsage of job (MB)
	325444  -  ResidentSetSize of job (KB)
...
006 (452.225.000) 2022-04-05 12:18:33 Image size of job updated: 775928
	318  -  MemoryUsage of job (MB)
	325576  -  ResidentSetSize of job (KB)
...
006 (452.225.000) 2022-04-05 12:23:33 Image size of job updated: 776184
	319  -  MemoryUsage of job (MB)
	325840  -  ResidentSetSize of job (KB)
...
006 (452.225.000) 2022-04-05 12:28:33 Image size of job updated: 776440
	319  -  MemoryUsage of job (MB)
	325972  -  ResidentSetSize of job (KB)
...
006 (452.225.000) 2022-04-05 12:33:34 Image size of job updated: 776440
	319  -  MemoryUsage of job (MB)
	326104  -  ResidentSetSize of job (KB)
...
006 (452.225.000) 2022-04-05 12:38:35 Image size of job updated: 776696
	319  -  MemoryUsage of job (MB)
	326368  -  ResidentSetSize of job (KB)
...
006 (452.225.000) 2022-04-05 12:43:35 Image size of job updated: 776952
	319  -  MemoryUsage of job (MB)
	326500  -  ResidentSetSize of job (KB)
...
006 (452.225.000) 2022-04-05 12:53:36 Image size of job updated: 776952
	319  -  MemoryUsage of job (MB)
	326616  -  ResidentSetSize of job (KB)
...
006 (452.225.000) 2022-04-05 12:58:36 Image size of job updated: 777208
	320  -  MemoryUsage of job (MB)
	326748  -  ResidentSetSize of job (KB)
...
006 (452.225.000) 2022-04-05 13:03:36 Image size of job updated: 777208
	320  -  MemoryUsage of job (MB)
	326880  -  ResidentSetSize of job (KB)
...
006 (452.225.000) 2022-04-05 13:08:37 Image size of job updated: 777464
	320  -  MemoryUsage of job (MB)
	327012  -  ResidentSetSize of job (KB)
...
006 (452.225.000) 2022-04-05 13:13:38 Image size of job updated: 777464
	320  -  MemoryUsage of job (MB)
	327144  -  ResidentSetSize of job (KB)
...
006 (452.225.000) 2022-04-05 13:18:38 Image size of job updated: 777720
	320  -  MemoryUsage of job (MB)
	327408  -  ResidentSetSize of job (KB)
...
006 (452.225.000) 2022-04-05 13:23:39 Image size of job updated: 777976
	320  -  MemoryUsage of job (MB)
	327540  -  ResidentSetSize of job (KB)
...
006 (452.225.000) 2022-04-05 13:28:40 Image size of job updated: 777976
	320  -  MemoryUsage of job (MB)
	327672  -  ResidentSetSize of job (KB)
...
006 (452.225.000) 2022-04-05 13:33:40 Image size of job updated: 778232
	321  -  MemoryUsage of job (MB)
	327936  -  ResidentSetSize of job (KB)
...
006 (452.225.000) 2022-04-05 13:38:40 Image size of job updated: 778488
	321  -  MemoryUsage of job (MB)
	328068  -  ResidentSetSize of job (KB)
...
006 (452.225.000) 2022-04-05 13:43:41 Image size of job updated: 778488
	321  -  MemoryUsage of job (MB)
	328200  -  ResidentSetSize of job (KB)
...
006 (452.225.000) 2022-04-05 13:48:42 Image size of job updated: 778744
	321  -  MemoryUsage of job (MB)
	328332  -  ResidentSetSize of job (KB)
...
006 (452.225.000) 2022-04-05 13:53:42 Image size of job updated: 779000
	321  -  MemoryUsage of job (MB)
	328596  -  ResidentSetSize of job (KB)
...
006 (452.225.000) 2022-04-05 13:58:43 Image size of job updated: 779000
	322  -  MemoryUsage of job (MB)
	328728  -  ResidentSetSize of job (KB)
...
006 (452.225.000) 2022-04-05 14:03:44 Image size of job updated: 779256
	322  -  MemoryUsage of job (MB)
	328860  -  ResidentSetSize of job (KB)
...
006 (452.225.000) 2022-04-05 14:08:44 Image size of job updated: 779256
	322  -  MemoryUsage of job (MB)
	328992  -  ResidentSetSize of job (KB)
...
006 (452.225.000) 2022-04-05 14:13:44 Image size of job updated: 779512
	322  -  MemoryUsage of job (MB)
	329124  -  ResidentSetSize of job (KB)
...
006 (452.225.000) 2022-04-05 14:18:11 Image size of job updated: 779768
	322  -  MemoryUsage of job (MB)
	329124  -  ResidentSetSize of job (KB)
...
005 (452.225.000) 2022-04-05 14:18:11 Job terminated.
	(1) Normal termination (return value 0)
		Usr 0 03:33:05, Sys 0 00:00:34  -  Run Remote Usage
		Usr 0 00:00:00, Sys 0 00:00:00  -  Run Local Usage
		Usr 0 03:33:05, Sys 0 00:00:34  -  Total Remote Usage
		Usr 0 00:00:00, Sys 0 00:00:00  -  Total Local Usage
	0  -  Run Bytes Sent By Job
	0  -  Run Bytes Received By Job
	0  -  Total Bytes Sent By Job
	0  -  Total Bytes Received By Job
	Partitionable Resources :    Usage  Request Allocated 
	   Cpus                 :     1.00        1         1 
	   Disk (KB)            :  7500        7500     10015 
	   Memory (MB)          :   322        1024      1024 

	Job terminated of its own accord at 2022-04-05T12:18:11Z with exit-code 0.
...
