000 (452.014.000) 2022-04-05 09:23:24 Job submitted from host: <10.18.24.243:9618?addrs=10.18.24.243-9618&alias=ecoclusts01.bioclust.biologie.ens.fr&noUDP&sock=schedd_1052_29b8>
...
001 (452.014.000) 2022-04-05 09:23:29 Job executing on host: <10.18.24.134:9618?addrs=10.18.24.134-9618&alias=dyoclust07.bioclust.biologie.ens.fr&noUDP&sock=startd_808_cc9c>
...
006 (452.014.000) 2022-04-05 09:23:38 Image size of job updated: 98016
	68  -  MemoryUsage of job (MB)
	68712  -  ResidentSetSize of job (KB)
...
006 (452.014.000) 2022-04-05 09:28:39 Image size of job updated: 845680
	317  -  MemoryUsage of job (MB)
	324364  -  ResidentSetSize of job (KB)
...
006 (452.014.000) 2022-04-05 09:33:39 Image size of job updated: 845680
	317  -  MemoryUsage of job (MB)
	324388  -  ResidentSetSize of job (KB)
...
006 (452.014.000) 2022-04-05 10:28:44 Image size of job updated: 845680
	317  -  MemoryUsage of job (MB)
	324520  -  ResidentSetSize of job (KB)
...
006 (452.014.000) 2022-04-05 10:33:45 Image size of job updated: 845680
	318  -  MemoryUsage of job (MB)
	324652  -  ResidentSetSize of job (KB)
...
006 (452.014.000) 2022-04-05 10:38:45 Image size of job updated: 845680
	318  -  MemoryUsage of job (MB)
	324916  -  ResidentSetSize of job (KB)
...
006 (452.014.000) 2022-04-05 10:43:45 Image size of job updated: 845680
	318  -  MemoryUsage of job (MB)
	325048  -  ResidentSetSize of job (KB)
...
006 (452.014.000) 2022-04-05 10:48:46 Image size of job updated: 845680
	318  -  MemoryUsage of job (MB)
	325312  -  ResidentSetSize of job (KB)
...
006 (452.014.000) 2022-04-05 10:53:47 Image size of job updated: 845680
	318  -  MemoryUsage of job (MB)
	325444  -  ResidentSetSize of job (KB)
...
006 (452.014.000) 2022-04-05 10:58:47 Image size of job updated: 845680
	318  -  MemoryUsage of job (MB)
	325576  -  ResidentSetSize of job (KB)
...
006 (452.014.000) 2022-04-05 11:03:48 Image size of job updated: 845680
	319  -  MemoryUsage of job (MB)
	325840  -  ResidentSetSize of job (KB)
...
006 (452.014.000) 2022-04-05 11:08:49 Image size of job updated: 845680
	319  -  MemoryUsage of job (MB)
	325972  -  ResidentSetSize of job (KB)
...
006 (452.014.000) 2022-04-05 11:13:49 Image size of job updated: 845680
	319  -  MemoryUsage of job (MB)
	326104  -  ResidentSetSize of job (KB)
...
006 (452.014.000) 2022-04-05 11:18:49 Image size of job updated: 845680
	319  -  MemoryUsage of job (MB)
	326368  -  ResidentSetSize of job (KB)
...
006 (452.014.000) 2022-04-05 11:23:50 Image size of job updated: 845680
	319  -  MemoryUsage of job (MB)
	326632  -  ResidentSetSize of job (KB)
...
006 (452.014.000) 2022-04-05 11:38:51 Image size of job updated: 845680
	320  -  MemoryUsage of job (MB)
	326848  -  ResidentSetSize of job (KB)
...
006 (452.014.000) 2022-04-05 11:43:52 Image size of job updated: 845680
	320  -  MemoryUsage of job (MB)
	326980  -  ResidentSetSize of job (KB)
...
006 (452.014.000) 2022-04-05 11:48:52 Image size of job updated: 845680
	320  -  MemoryUsage of job (MB)
	327244  -  ResidentSetSize of job (KB)
...
006 (452.014.000) 2022-04-05 11:53:52 Image size of job updated: 845680
	320  -  MemoryUsage of job (MB)
	327376  -  ResidentSetSize of job (KB)
...
006 (452.014.000) 2022-04-05 11:58:53 Image size of job updated: 845680
	320  -  MemoryUsage of job (MB)
	327640  -  ResidentSetSize of job (KB)
...
006 (452.014.000) 2022-04-05 12:03:54 Image size of job updated: 845680
	321  -  MemoryUsage of job (MB)
	327772  -  ResidentSetSize of job (KB)
...
006 (452.014.000) 2022-04-05 12:08:54 Image size of job updated: 845680
	321  -  MemoryUsage of job (MB)
	327904  -  ResidentSetSize of job (KB)
...
006 (452.014.000) 2022-04-05 12:13:55 Image size of job updated: 845680
	321  -  MemoryUsage of job (MB)
	328168  -  ResidentSetSize of job (KB)
...
006 (452.014.000) 2022-04-05 12:18:56 Image size of job updated: 845680
	321  -  MemoryUsage of job (MB)
	328300  -  ResidentSetSize of job (KB)
...
006 (452.014.000) 2022-04-05 12:23:56 Image size of job updated: 845680
	321  -  MemoryUsage of job (MB)
	328564  -  ResidentSetSize of job (KB)
...
006 (452.014.000) 2022-04-05 12:28:56 Image size of job updated: 845680
	321  -  MemoryUsage of job (MB)
	328696  -  ResidentSetSize of job (KB)
...
006 (452.014.000) 2022-04-05 12:33:57 Image size of job updated: 845680
	322  -  MemoryUsage of job (MB)
	328828  -  ResidentSetSize of job (KB)
...
006 (452.014.000) 2022-04-05 12:38:58 Image size of job updated: 845680
	322  -  MemoryUsage of job (MB)
	329092  -  ResidentSetSize of job (KB)
...
006 (452.014.000) 2022-04-05 12:43:58 Image size of job updated: 845680
	322  -  MemoryUsage of job (MB)
	329224  -  ResidentSetSize of job (KB)
...
005 (452.014.000) 2022-04-05 12:44:09 Job terminated.
	(1) Normal termination (return value 0)
		Usr 0 03:19:36, Sys 0 00:00:50  -  Run Remote Usage
		Usr 0 00:00:00, Sys 0 00:00:00  -  Run Local Usage
		Usr 0 03:19:36, Sys 0 00:00:50  -  Total Remote Usage
		Usr 0 00:00:00, Sys 0 00:00:00  -  Total Local Usage
	0  -  Run Bytes Sent By Job
	0  -  Run Bytes Received By Job
	0  -  Total Bytes Sent By Job
	0  -  Total Bytes Received By Job
	Partitionable Resources :    Usage  Request Allocated 
	   Cpus                 :     1.00        1         1 
	   Disk (KB)            :  7500        7500     10998 
	   Memory (MB)          :   322        1024      1024 

	Job terminated of its own accord at 2022-04-05T10:44:09Z with exit-code 0.
...
