000 (452.586.000) 2022-04-05 09:23:26 Job submitted from host: <10.18.24.243:9618?addrs=10.18.24.243-9618&alias=ecoclusts01.bioclust.biologie.ens.fr&noUDP&sock=schedd_1052_29b8>
...
001 (452.586.000) 2022-04-05 19:08:42 Job executing on host: <10.18.24.105:9618?addrs=10.18.24.105-9618&alias=ecoclust10.bioclust.biologie.ens.fr&noUDP&sock=startd_1068_233c>
...
006 (452.586.000) 2022-04-05 19:08:51 Image size of job updated: 144720
	64  -  MemoryUsage of job (MB)
	64784  -  ResidentSetSize of job (KB)
...
006 (452.586.000) 2022-04-05 19:13:52 Image size of job updated: 741624
	317  -  MemoryUsage of job (MB)
	324084  -  ResidentSetSize of job (KB)
...
006 (452.586.000) 2022-04-05 19:33:54 Image size of job updated: 774392
	317  -  MemoryUsage of job (MB)
	324084  -  ResidentSetSize of job (KB)
...
006 (452.586.000) 2022-04-05 21:14:04 Image size of job updated: 774648
	317  -  MemoryUsage of job (MB)
	324172  -  ResidentSetSize of job (KB)
...
006 (452.586.000) 2022-04-05 21:29:06 Image size of job updated: 774648
	317  -  MemoryUsage of job (MB)
	324304  -  ResidentSetSize of job (KB)
...
006 (452.586.000) 2022-04-05 21:39:07 Image size of job updated: 774904
	317  -  MemoryUsage of job (MB)
	324436  -  ResidentSetSize of job (KB)
...
006 (452.586.000) 2022-04-05 21:54:08 Image size of job updated: 774904
	317  -  MemoryUsage of job (MB)
	324568  -  ResidentSetSize of job (KB)
...
006 (452.586.000) 2022-04-05 22:04:10 Image size of job updated: 775160
	318  -  MemoryUsage of job (MB)
	324700  -  ResidentSetSize of job (KB)
...
006 (452.586.000) 2022-04-05 22:19:12 Image size of job updated: 775160
	318  -  MemoryUsage of job (MB)
	324832  -  ResidentSetSize of job (KB)
...
006 (452.586.000) 2022-04-05 22:29:12 Image size of job updated: 775416
	318  -  MemoryUsage of job (MB)
	324964  -  ResidentSetSize of job (KB)
...
006 (452.586.000) 2022-04-05 22:44:13 Image size of job updated: 775416
	318  -  MemoryUsage of job (MB)
	325096  -  ResidentSetSize of job (KB)
...
006 (452.586.000) 2022-04-05 22:49:14 Image size of job updated: 775672
	318  -  MemoryUsage of job (MB)
	325096  -  ResidentSetSize of job (KB)
...
006 (452.586.000) 2022-04-05 22:54:15 Image size of job updated: 775672
	318  -  MemoryUsage of job (MB)
	325228  -  ResidentSetSize of job (KB)
...
006 (452.586.000) 2022-04-05 23:04:16 Image size of job updated: 775672
	318  -  MemoryUsage of job (MB)
	325360  -  ResidentSetSize of job (KB)
...
006 (452.586.000) 2022-04-05 23:09:17 Image size of job updated: 775928
	318  -  MemoryUsage of job (MB)
	325360  -  ResidentSetSize of job (KB)
...
006 (452.586.000) 2022-04-05 23:14:17 Image size of job updated: 775928
	318  -  MemoryUsage of job (MB)
	325492  -  ResidentSetSize of job (KB)
...
006 (452.586.000) 2022-04-05 23:24:18 Image size of job updated: 775928
	318  -  MemoryUsage of job (MB)
	325624  -  ResidentSetSize of job (KB)
...
006 (452.586.000) 2022-04-05 23:29:18 Image size of job updated: 776184
	318  -  MemoryUsage of job (MB)
	325624  -  ResidentSetSize of job (KB)
...
006 (452.586.000) 2022-04-05 23:34:18 Image size of job updated: 776184
	319  -  MemoryUsage of job (MB)
	325756  -  ResidentSetSize of job (KB)
...
006 (452.586.000) 2022-04-05 23:44:20 Image size of job updated: 776184
	319  -  MemoryUsage of job (MB)
	325888  -  ResidentSetSize of job (KB)
...
006 (452.586.000) 2022-04-05 23:49:20 Image size of job updated: 776440
	319  -  MemoryUsage of job (MB)
	325888  -  ResidentSetSize of job (KB)
...
006 (452.586.000) 2022-04-05 23:54:21 Image size of job updated: 776440
	319  -  MemoryUsage of job (MB)
	326020  -  ResidentSetSize of job (KB)
...
006 (452.586.000) 2022-04-06 00:04:22 Image size of job updated: 776440
	319  -  MemoryUsage of job (MB)
	326152  -  ResidentSetSize of job (KB)
...
006 (452.586.000) 2022-04-06 00:09:21 Image size of job updated: 776696
	319  -  MemoryUsage of job (MB)
	326152  -  ResidentSetSize of job (KB)
...
006 (452.586.000) 2022-04-06 00:14:21 Image size of job updated: 776696
	319  -  MemoryUsage of job (MB)
	326284  -  ResidentSetSize of job (KB)
...
006 (452.586.000) 2022-04-06 00:29:25 Image size of job updated: 776696
	319  -  MemoryUsage of job (MB)
	326416  -  ResidentSetSize of job (KB)
...
006 (452.586.000) 2022-04-06 00:34:25 Image size of job updated: 776952
	319  -  MemoryUsage of job (MB)
	326416  -  ResidentSetSize of job (KB)
...
006 (452.586.000) 2022-04-06 00:44:26 Image size of job updated: 776952
	319  -  MemoryUsage of job (MB)
	326548  -  ResidentSetSize of job (KB)
...
006 (452.586.000) 2022-04-06 01:14:29 Image size of job updated: 776952
	320  -  MemoryUsage of job (MB)
	326680  -  ResidentSetSize of job (KB)
...
006 (452.586.000) 2022-04-06 01:19:30 Image size of job updated: 777208
	320  -  MemoryUsage of job (MB)
	326680  -  ResidentSetSize of job (KB)
...
006 (452.586.000) 2022-04-06 01:29:30 Image size of job updated: 777208
	320  -  MemoryUsage of job (MB)
	326812  -  ResidentSetSize of job (KB)
...
006 (452.586.000) 2022-04-06 01:39:32 Image size of job updated: 777208
	320  -  MemoryUsage of job (MB)
	326944  -  ResidentSetSize of job (KB)
...
006 (452.586.000) 2022-04-06 01:44:32 Image size of job updated: 777464
	320  -  MemoryUsage of job (MB)
	326944  -  ResidentSetSize of job (KB)
...
006 (452.586.000) 2022-04-06 01:49:33 Image size of job updated: 777464
	320  -  MemoryUsage of job (MB)
	327076  -  ResidentSetSize of job (KB)
...
006 (452.586.000) 2022-04-06 02:04:34 Image size of job updated: 777464
	320  -  MemoryUsage of job (MB)
	327208  -  ResidentSetSize of job (KB)
...
006 (452.586.000) 2022-04-06 02:09:35 Image size of job updated: 777720
	320  -  MemoryUsage of job (MB)
	327208  -  ResidentSetSize of job (KB)
...
006 (452.586.000) 2022-04-06 02:14:35 Image size of job updated: 777720
	320  -  MemoryUsage of job (MB)
	327340  -  ResidentSetSize of job (KB)
...
006 (452.586.000) 2022-04-06 02:29:37 Image size of job updated: 777720
	320  -  MemoryUsage of job (MB)
	327472  -  ResidentSetSize of job (KB)
...
006 (452.586.000) 2022-04-06 02:34:37 Image size of job updated: 777976
	320  -  MemoryUsage of job (MB)
	327472  -  ResidentSetSize of job (KB)
...
006 (452.586.000) 2022-04-06 02:39:38 Image size of job updated: 777976
	320  -  MemoryUsage of job (MB)
	327604  -  ResidentSetSize of job (KB)
...
006 (452.586.000) 2022-04-06 02:54:39 Image size of job updated: 778232
	321  -  MemoryUsage of job (MB)
	327736  -  ResidentSetSize of job (KB)
...
006 (452.586.000) 2022-04-06 03:04:41 Image size of job updated: 778232
	321  -  MemoryUsage of job (MB)
	327868  -  ResidentSetSize of job (KB)
...
006 (452.586.000) 2022-04-06 03:14:42 Image size of job updated: 778232
	321  -  MemoryUsage of job (MB)
	328000  -  ResidentSetSize of job (KB)
...
006 (452.586.000) 2022-04-06 03:19:43 Image size of job updated: 778488
	321  -  MemoryUsage of job (MB)
	328000  -  ResidentSetSize of job (KB)
...
006 (452.586.000) 2022-04-06 03:29:43 Image size of job updated: 778488
	321  -  MemoryUsage of job (MB)
	328132  -  ResidentSetSize of job (KB)
...
006 (452.586.000) 2022-04-06 03:39:45 Image size of job updated: 778744
	321  -  MemoryUsage of job (MB)
	328264  -  ResidentSetSize of job (KB)
...
006 (452.586.000) 2022-04-06 03:49:46 Image size of job updated: 778744
	321  -  MemoryUsage of job (MB)
	328396  -  ResidentSetSize of job (KB)
...
006 (452.586.000) 2022-04-06 04:04:48 Image size of job updated: 779000
	321  -  MemoryUsage of job (MB)
	328528  -  ResidentSetSize of job (KB)
...
006 (452.586.000) 2022-04-06 04:14:49 Image size of job updated: 779000
	321  -  MemoryUsage of job (MB)
	328660  -  ResidentSetSize of job (KB)
...
006 (452.586.000) 2022-04-06 04:29:50 Image size of job updated: 779256
	322  -  MemoryUsage of job (MB)
	328792  -  ResidentSetSize of job (KB)
...
006 (452.586.000) 2022-04-06 04:39:51 Image size of job updated: 779256
	322  -  MemoryUsage of job (MB)
	328924  -  ResidentSetSize of job (KB)
...
006 (452.586.000) 2022-04-06 04:49:52 Image size of job updated: 779512
	322  -  MemoryUsage of job (MB)
	329056  -  ResidentSetSize of job (KB)
...
006 (452.586.000) 2022-04-06 05:04:54 Image size of job updated: 779512
	322  -  MemoryUsage of job (MB)
	329188  -  ResidentSetSize of job (KB)
...
006 (452.586.000) 2022-04-06 05:14:56 Image size of job updated: 779768
	322  -  MemoryUsage of job (MB)
	329320  -  ResidentSetSize of job (KB)
...
005 (452.586.000) 2022-04-06 05:16:11 Job terminated.
	(1) Normal termination (return value 0)
		Usr 0 10:03:12, Sys 0 00:00:57  -  Run Remote Usage
		Usr 0 00:00:00, Sys 0 00:00:00  -  Run Local Usage
		Usr 0 10:03:12, Sys 0 00:00:57  -  Total Remote Usage
		Usr 0 00:00:00, Sys 0 00:00:00  -  Total Local Usage
	0  -  Run Bytes Sent By Job
	0  -  Run Bytes Received By Job
	0  -  Total Bytes Sent By Job
	0  -  Total Bytes Received By Job
	Partitionable Resources :    Usage  Request Allocated 
	   Cpus                 :     1.00        1         1 
	   Disk (KB)            :  7500        7500     10998 
	   Memory (MB)          :   322        1024      1024 

	Job terminated of its own accord at 2022-04-06T03:16:11Z with exit-code 0.
...
