000 (452.274.000) 2022-04-05 09:23:25 Job submitted from host: <10.18.24.243:9618?addrs=10.18.24.243-9618&alias=ecoclusts01.bioclust.biologie.ens.fr&noUDP&sock=schedd_1052_29b8>
...
001 (452.274.000) 2022-04-05 12:29:19 Job executing on host: <10.18.24.130:9618?addrs=10.18.24.130-9618&alias=dyoclust03.bioclust.biologie.ens.fr&noUDP&sock=startd_813_3a96>
...
006 (452.274.000) 2022-04-05 12:29:29 Image size of job updated: 181508
	178  -  MemoryUsage of job (MB)
	181508  -  ResidentSetSize of job (KB)
...
006 (452.274.000) 2022-04-05 12:34:30 Image size of job updated: 785972
	294  -  MemoryUsage of job (MB)
	301036  -  ResidentSetSize of job (KB)
...
006 (452.274.000) 2022-04-05 12:39:31 Image size of job updated: 785972
	317  -  MemoryUsage of job (MB)
	324312  -  ResidentSetSize of job (KB)
...
006 (452.274.000) 2022-04-05 13:29:35 Image size of job updated: 785972
	317  -  MemoryUsage of job (MB)
	324444  -  ResidentSetSize of job (KB)
...
006 (452.274.000) 2022-04-05 13:34:36 Image size of job updated: 785972
	317  -  MemoryUsage of job (MB)
	324576  -  ResidentSetSize of job (KB)
...
006 (452.274.000) 2022-04-05 13:39:37 Image size of job updated: 785972
	318  -  MemoryUsage of job (MB)
	324708  -  ResidentSetSize of job (KB)
...
006 (452.274.000) 2022-04-05 13:44:37 Image size of job updated: 785972
	318  -  MemoryUsage of job (MB)
	324840  -  ResidentSetSize of job (KB)
...
006 (452.274.000) 2022-04-05 13:49:37 Image size of job updated: 785972
	318  -  MemoryUsage of job (MB)
	325104  -  ResidentSetSize of job (KB)
...
006 (452.274.000) 2022-04-05 13:54:38 Image size of job updated: 785972
	318  -  MemoryUsage of job (MB)
	325368  -  ResidentSetSize of job (KB)
...
006 (452.274.000) 2022-04-05 13:59:38 Image size of job updated: 785972
	318  -  MemoryUsage of job (MB)
	325500  -  ResidentSetSize of job (KB)
...
006 (452.274.000) 2022-04-05 14:04:38 Image size of job updated: 785972
	319  -  MemoryUsage of job (MB)
	325764  -  ResidentSetSize of job (KB)
...
006 (452.274.000) 2022-04-05 14:09:39 Image size of job updated: 785972
	319  -  MemoryUsage of job (MB)
	325896  -  ResidentSetSize of job (KB)
...
006 (452.274.000) 2022-04-05 14:14:40 Image size of job updated: 785972
	319  -  MemoryUsage of job (MB)
	326160  -  ResidentSetSize of job (KB)
...
006 (452.274.000) 2022-04-05 14:19:40 Image size of job updated: 785972
	319  -  MemoryUsage of job (MB)
	326424  -  ResidentSetSize of job (KB)
...
006 (452.274.000) 2022-04-05 14:24:40 Image size of job updated: 785972
	319  -  MemoryUsage of job (MB)
	326556  -  ResidentSetSize of job (KB)
...
006 (452.274.000) 2022-04-05 14:39:42 Image size of job updated: 785972
	320  -  MemoryUsage of job (MB)
	326820  -  ResidentSetSize of job (KB)
...
006 (452.274.000) 2022-04-05 14:44:42 Image size of job updated: 785972
	320  -  MemoryUsage of job (MB)
	326952  -  ResidentSetSize of job (KB)
...
006 (452.274.000) 2022-04-05 14:49:43 Image size of job updated: 785972
	320  -  MemoryUsage of job (MB)
	327216  -  ResidentSetSize of job (KB)
...
006 (452.274.000) 2022-04-05 14:54:44 Image size of job updated: 785972
	320  -  MemoryUsage of job (MB)
	327348  -  ResidentSetSize of job (KB)
...
006 (452.274.000) 2022-04-05 14:59:44 Image size of job updated: 785972
	320  -  MemoryUsage of job (MB)
	327612  -  ResidentSetSize of job (KB)
...
006 (452.274.000) 2022-04-05 15:04:45 Image size of job updated: 785972
	321  -  MemoryUsage of job (MB)
	327744  -  ResidentSetSize of job (KB)
...
006 (452.274.000) 2022-04-05 15:09:46 Image size of job updated: 785972
	321  -  MemoryUsage of job (MB)
	328008  -  ResidentSetSize of job (KB)
...
006 (452.274.000) 2022-04-05 15:14:46 Image size of job updated: 785972
	321  -  MemoryUsage of job (MB)
	328140  -  ResidentSetSize of job (KB)
...
006 (452.274.000) 2022-04-05 15:19:46 Image size of job updated: 785972
	321  -  MemoryUsage of job (MB)
	328272  -  ResidentSetSize of job (KB)
...
006 (452.274.000) 2022-04-05 15:24:47 Image size of job updated: 785972
	321  -  MemoryUsage of job (MB)
	328536  -  ResidentSetSize of job (KB)
...
006 (452.274.000) 2022-04-05 15:29:48 Image size of job updated: 785972
	322  -  MemoryUsage of job (MB)
	328800  -  ResidentSetSize of job (KB)
...
006 (452.274.000) 2022-04-05 15:34:48 Image size of job updated: 785972
	322  -  MemoryUsage of job (MB)
	328932  -  ResidentSetSize of job (KB)
...
006 (452.274.000) 2022-04-05 15:39:48 Image size of job updated: 785972
	322  -  MemoryUsage of job (MB)
	329064  -  ResidentSetSize of job (KB)
...
005 (452.274.000) 2022-04-05 15:43:53 Job terminated.
	(1) Normal termination (return value 0)
		Usr 0 03:13:55, Sys 0 00:00:29  -  Run Remote Usage
		Usr 0 00:00:00, Sys 0 00:00:00  -  Run Local Usage
		Usr 0 03:13:55, Sys 0 00:00:29  -  Total Remote Usage
		Usr 0 00:00:00, Sys 0 00:00:00  -  Total Local Usage
	0  -  Run Bytes Sent By Job
	0  -  Run Bytes Received By Job
	0  -  Total Bytes Sent By Job
	0  -  Total Bytes Received By Job
	Partitionable Resources :    Usage  Request Allocated 
	   Cpus                 :     0.96        1         1 
	   Disk (KB)            :  7500        7500     10998 
	   Memory (MB)          :   322        1024      1024 

	Job terminated of its own accord at 2022-04-05T13:43:53Z with exit-code 0.
...
