000 (452.415.000) 2022-04-05 09:23:25 Job submitted from host: <10.18.24.243:9618?addrs=10.18.24.243-9618&alias=ecoclusts01.bioclust.biologie.ens.fr&noUDP&sock=schedd_1052_29b8>
...
001 (452.415.000) 2022-04-05 14:49:28 Job executing on host: <10.18.24.176:9618?addrs=10.18.24.176-9618&alias=mcbsclust05.bioclust.biologie.ens.fr&noUDP&sock=startd_869_a3e3>
...
006 (452.415.000) 2022-04-05 14:49:36 Image size of job updated: 253536
	161  -  MemoryUsage of job (MB)
	164112  -  ResidentSetSize of job (KB)
...
006 (452.415.000) 2022-04-05 14:54:36 Image size of job updated: 741876
	277  -  MemoryUsage of job (MB)
	283012  -  ResidentSetSize of job (KB)
...
006 (452.415.000) 2022-04-05 14:59:37 Image size of job updated: 774644
	317  -  MemoryUsage of job (MB)
	324236  -  ResidentSetSize of job (KB)
...
006 (452.415.000) 2022-04-05 16:04:42 Image size of job updated: 774900
	317  -  MemoryUsage of job (MB)
	324368  -  ResidentSetSize of job (KB)
...
006 (452.415.000) 2022-04-05 16:09:43 Image size of job updated: 774900
	317  -  MemoryUsage of job (MB)
	324500  -  ResidentSetSize of job (KB)
...
006 (452.415.000) 2022-04-05 16:14:44 Image size of job updated: 775156
	318  -  MemoryUsage of job (MB)
	324632  -  ResidentSetSize of job (KB)
...
006 (452.415.000) 2022-04-05 16:24:44 Image size of job updated: 775156
	318  -  MemoryUsage of job (MB)
	324764  -  ResidentSetSize of job (KB)
...
006 (452.415.000) 2022-04-05 16:29:45 Image size of job updated: 775156
	318  -  MemoryUsage of job (MB)
	324896  -  ResidentSetSize of job (KB)
...
006 (452.415.000) 2022-04-05 16:34:45 Image size of job updated: 775412
	318  -  MemoryUsage of job (MB)
	325028  -  ResidentSetSize of job (KB)
...
006 (452.415.000) 2022-04-05 16:44:46 Image size of job updated: 775668
	318  -  MemoryUsage of job (MB)
	325160  -  ResidentSetSize of job (KB)
...
006 (452.415.000) 2022-04-05 16:49:47 Image size of job updated: 775668
	318  -  MemoryUsage of job (MB)
	325292  -  ResidentSetSize of job (KB)
...
006 (452.415.000) 2022-04-05 16:54:47 Image size of job updated: 775924
	318  -  MemoryUsage of job (MB)
	325424  -  ResidentSetSize of job (KB)
...
006 (452.415.000) 2022-04-05 16:59:48 Image size of job updated: 775924
	318  -  MemoryUsage of job (MB)
	325556  -  ResidentSetSize of job (KB)
...
006 (452.415.000) 2022-04-05 17:04:49 Image size of job updated: 776180
	319  -  MemoryUsage of job (MB)
	325688  -  ResidentSetSize of job (KB)
...
006 (452.415.000) 2022-04-05 17:09:49 Image size of job updated: 776180
	319  -  MemoryUsage of job (MB)
	325820  -  ResidentSetSize of job (KB)
...
006 (452.415.000) 2022-04-05 17:14:49 Image size of job updated: 776436
	319  -  MemoryUsage of job (MB)
	325952  -  ResidentSetSize of job (KB)
...
006 (452.415.000) 2022-04-05 17:19:50 Image size of job updated: 776436
	319  -  MemoryUsage of job (MB)
	326084  -  ResidentSetSize of job (KB)
...
006 (452.415.000) 2022-04-05 17:24:51 Image size of job updated: 776692
	319  -  MemoryUsage of job (MB)
	326216  -  ResidentSetSize of job (KB)
...
006 (452.415.000) 2022-04-05 17:29:51 Image size of job updated: 776692
	319  -  MemoryUsage of job (MB)
	326348  -  ResidentSetSize of job (KB)
...
006 (452.415.000) 2022-04-05 17:34:52 Image size of job updated: 776948
	319  -  MemoryUsage of job (MB)
	326480  -  ResidentSetSize of job (KB)
...
006 (452.415.000) 2022-04-05 17:49:53 Image size of job updated: 776948
	319  -  MemoryUsage of job (MB)
	326584  -  ResidentSetSize of job (KB)
...
006 (452.415.000) 2022-04-05 17:54:54 Image size of job updated: 777204
	320  -  MemoryUsage of job (MB)
	326716  -  ResidentSetSize of job (KB)
...
006 (452.415.000) 2022-04-05 17:59:55 Image size of job updated: 777204
	320  -  MemoryUsage of job (MB)
	326848  -  ResidentSetSize of job (KB)
...
006 (452.415.000) 2022-04-05 18:09:56 Image size of job updated: 777460
	320  -  MemoryUsage of job (MB)
	326980  -  ResidentSetSize of job (KB)
...
006 (452.415.000) 2022-04-05 18:14:57 Image size of job updated: 777460
	320  -  MemoryUsage of job (MB)
	327112  -  ResidentSetSize of job (KB)
...
006 (452.415.000) 2022-04-05 18:19:57 Image size of job updated: 777716
	320  -  MemoryUsage of job (MB)
	327244  -  ResidentSetSize of job (KB)
...
006 (452.415.000) 2022-04-05 18:24:57 Image size of job updated: 777716
	320  -  MemoryUsage of job (MB)
	327376  -  ResidentSetSize of job (KB)
...
006 (452.415.000) 2022-04-05 18:29:58 Image size of job updated: 777972
	320  -  MemoryUsage of job (MB)
	327508  -  ResidentSetSize of job (KB)
...
006 (452.415.000) 2022-04-05 18:34:59 Image size of job updated: 777972
	320  -  MemoryUsage of job (MB)
	327640  -  ResidentSetSize of job (KB)
...
006 (452.415.000) 2022-04-05 18:39:59 Image size of job updated: 778228
	320  -  MemoryUsage of job (MB)
	327640  -  ResidentSetSize of job (KB)
...
006 (452.415.000) 2022-04-05 18:45:00 Image size of job updated: 778228
	321  -  MemoryUsage of job (MB)
	327772  -  ResidentSetSize of job (KB)
...
006 (452.415.000) 2022-04-05 18:50:01 Image size of job updated: 778228
	321  -  MemoryUsage of job (MB)
	327904  -  ResidentSetSize of job (KB)
...
006 (452.415.000) 2022-04-05 18:55:01 Image size of job updated: 778484
	321  -  MemoryUsage of job (MB)
	328036  -  ResidentSetSize of job (KB)
...
006 (452.415.000) 2022-04-05 19:00:01 Image size of job updated: 778484
	321  -  MemoryUsage of job (MB)
	328168  -  ResidentSetSize of job (KB)
...
006 (452.415.000) 2022-04-05 19:05:02 Image size of job updated: 778740
	321  -  MemoryUsage of job (MB)
	328300  -  ResidentSetSize of job (KB)
...
006 (452.415.000) 2022-04-05 19:10:03 Image size of job updated: 778740
	321  -  MemoryUsage of job (MB)
	328432  -  ResidentSetSize of job (KB)
...
006 (452.415.000) 2022-04-05 19:15:03 Image size of job updated: 778996
	321  -  MemoryUsage of job (MB)
	328564  -  ResidentSetSize of job (KB)
...
006 (452.415.000) 2022-04-05 19:25:05 Image size of job updated: 779252
	321  -  MemoryUsage of job (MB)
	328696  -  ResidentSetSize of job (KB)
...
006 (452.415.000) 2022-04-05 19:30:05 Image size of job updated: 779252
	322  -  MemoryUsage of job (MB)
	328828  -  ResidentSetSize of job (KB)
...
006 (452.415.000) 2022-04-05 19:35:05 Image size of job updated: 779252
	322  -  MemoryUsage of job (MB)
	328960  -  ResidentSetSize of job (KB)
...
006 (452.415.000) 2022-04-05 19:40:06 Image size of job updated: 779508
	322  -  MemoryUsage of job (MB)
	329092  -  ResidentSetSize of job (KB)
...
006 (452.415.000) 2022-04-05 19:45:07 Image size of job updated: 779508
	322  -  MemoryUsage of job (MB)
	329224  -  ResidentSetSize of job (KB)
...
006 (452.415.000) 2022-04-05 19:48:31 Image size of job updated: 779764
	322  -  MemoryUsage of job (MB)
	329224  -  ResidentSetSize of job (KB)
...
005 (452.415.000) 2022-04-05 19:48:31 Job terminated.
	(1) Normal termination (return value 0)
		Usr 0 04:58:16, Sys 0 00:00:16  -  Run Remote Usage
		Usr 0 00:00:00, Sys 0 00:00:00  -  Run Local Usage
		Usr 0 04:58:16, Sys 0 00:00:16  -  Total Remote Usage
		Usr 0 00:00:00, Sys 0 00:00:00  -  Total Local Usage
	0  -  Run Bytes Sent By Job
	0  -  Run Bytes Received By Job
	0  -  Total Bytes Sent By Job
	0  -  Total Bytes Received By Job
	Partitionable Resources :    Usage  Request Allocated 
	   Cpus                 :     1.00        1         1 
	   Disk (KB)            :  7500        7500     11001 
	   Memory (MB)          :   322        1024      1024 

	Job terminated of its own accord at 2022-04-05T17:48:31Z with exit-code 0.
...
