000 (452.066.000) 2022-04-05 09:23:24 Job submitted from host: <10.18.24.243:9618?addrs=10.18.24.243-9618&alias=ecoclusts01.bioclust.biologie.ens.fr&noUDP&sock=schedd_1052_29b8>
...
001 (452.066.000) 2022-04-05 09:23:30 Job executing on host: <10.18.24.38:9618?addrs=10.18.24.38-9618&alias=bioclust38.bioclust.biologie.ens.fr&noUDP&sock=startd_1560_9bd5>
...
006 (452.066.000) 2022-04-05 09:23:39 Image size of job updated: 103048
	68  -  MemoryUsage of job (MB)
	69404  -  ResidentSetSize of job (KB)
...
006 (452.066.000) 2022-04-05 09:28:40 Image size of job updated: 774648
	319  -  MemoryUsage of job (MB)
	325956  -  ResidentSetSize of job (KB)
...
006 (452.066.000) 2022-04-05 09:58:43 Image size of job updated: 775160
	319  -  MemoryUsage of job (MB)
	326220  -  ResidentSetSize of job (KB)
...
006 (452.066.000) 2022-04-05 10:03:44 Image size of job updated: 775416
	320  -  MemoryUsage of job (MB)
	326748  -  ResidentSetSize of job (KB)
...
006 (452.066.000) 2022-04-05 10:08:44 Image size of job updated: 775928
	320  -  MemoryUsage of job (MB)
	327144  -  ResidentSetSize of job (KB)
...
006 (452.066.000) 2022-04-05 10:13:45 Image size of job updated: 776440
	320  -  MemoryUsage of job (MB)
	327540  -  ResidentSetSize of job (KB)
...
006 (452.066.000) 2022-04-05 10:18:46 Image size of job updated: 776952
	321  -  MemoryUsage of job (MB)
	328068  -  ResidentSetSize of job (KB)
...
006 (452.066.000) 2022-04-05 10:23:46 Image size of job updated: 776952
	321  -  MemoryUsage of job (MB)
	328176  -  ResidentSetSize of job (KB)
...
006 (452.066.000) 2022-04-05 10:28:46 Image size of job updated: 777464
	321  -  MemoryUsage of job (MB)
	328572  -  ResidentSetSize of job (KB)
...
006 (452.066.000) 2022-04-05 10:33:47 Image size of job updated: 777976
	322  -  MemoryUsage of job (MB)
	329100  -  ResidentSetSize of job (KB)
...
006 (452.066.000) 2022-04-05 10:38:47 Image size of job updated: 778232
	322  -  MemoryUsage of job (MB)
	329496  -  ResidentSetSize of job (KB)
...
006 (452.066.000) 2022-04-05 10:43:47 Image size of job updated: 778744
	323  -  MemoryUsage of job (MB)
	329892  -  ResidentSetSize of job (KB)
...
006 (452.066.000) 2022-04-05 10:48:48 Image size of job updated: 779256
	323  -  MemoryUsage of job (MB)
	330288  -  ResidentSetSize of job (KB)
...
006 (452.066.000) 2022-04-05 10:53:49 Image size of job updated: 779512
	323  -  MemoryUsage of job (MB)
	330684  -  ResidentSetSize of job (KB)
...
006 (452.066.000) 2022-04-05 10:55:05 Image size of job updated: 779768
	323  -  MemoryUsage of job (MB)
	330684  -  ResidentSetSize of job (KB)
...
005 (452.066.000) 2022-04-05 10:55:05 Job terminated.
	(1) Normal termination (return value 0)
		Usr 0 01:31:12, Sys 0 00:00:13  -  Run Remote Usage
		Usr 0 00:00:00, Sys 0 00:00:00  -  Run Local Usage
		Usr 0 01:31:12, Sys 0 00:00:13  -  Total Remote Usage
		Usr 0 00:00:00, Sys 0 00:00:00  -  Total Local Usage
	0  -  Run Bytes Sent By Job
	0  -  Run Bytes Received By Job
	0  -  Total Bytes Sent By Job
	0  -  Total Bytes Received By Job
	Partitionable Resources :    Usage  Request Allocated 
	   Cpus                 :     1.00        1         1 
	   Disk (KB)            :  7500        7500     11000 
	   Memory (MB)          :   323        1024      1024 

	Job terminated of its own accord at 2022-04-05T08:55:05Z with exit-code 0.
...
