000 (452.898.000) 2022-04-05 09:23:27 Job submitted from host: <10.18.24.243:9618?addrs=10.18.24.243-9618&alias=ecoclusts01.bioclust.biologie.ens.fr&noUDP&sock=schedd_1052_29b8>
...
001 (452.898.000) 2022-04-06 01:50:56 Job executing on host: <10.18.24.135:9618?addrs=10.18.24.135-9618&alias=dyoclust08.bioclust.biologie.ens.fr&noUDP&sock=startd_793_82b1>
...
006 (452.898.000) 2022-04-06 01:51:05 Image size of job updated: 675580
	342  -  MemoryUsage of job (MB)
	349892  -  ResidentSetSize of job (KB)
...
006 (452.898.000) 2022-04-06 01:56:06 Image size of job updated: 741880
	343  -  MemoryUsage of job (MB)
	350288  -  ResidentSetSize of job (KB)
...
006 (452.898.000) 2022-04-06 02:01:07 Image size of job updated: 774648
	343  -  MemoryUsage of job (MB)
	350288  -  ResidentSetSize of job (KB)
...
006 (452.898.000) 2022-04-06 02:36:09 Image size of job updated: 774904
	343  -  MemoryUsage of job (MB)
	350288  -  ResidentSetSize of job (KB)
...
006 (452.898.000) 2022-04-06 02:41:10 Image size of job updated: 775160
	343  -  MemoryUsage of job (MB)
	350288  -  ResidentSetSize of job (KB)
...
006 (452.898.000) 2022-04-06 02:51:10 Image size of job updated: 775416
	343  -  MemoryUsage of job (MB)
	350288  -  ResidentSetSize of job (KB)
...
006 (452.898.000) 2022-04-06 02:56:11 Image size of job updated: 775672
	343  -  MemoryUsage of job (MB)
	350288  -  ResidentSetSize of job (KB)
...
006 (452.898.000) 2022-04-06 03:01:12 Image size of job updated: 775928
	343  -  MemoryUsage of job (MB)
	350288  -  ResidentSetSize of job (KB)
...
006 (452.898.000) 2022-04-06 03:11:13 Image size of job updated: 776184
	343  -  MemoryUsage of job (MB)
	350288  -  ResidentSetSize of job (KB)
...
006 (452.898.000) 2022-04-06 03:16:13 Image size of job updated: 776440
	343  -  MemoryUsage of job (MB)
	350288  -  ResidentSetSize of job (KB)
...
006 (452.898.000) 2022-04-06 03:21:14 Image size of job updated: 776696
	343  -  MemoryUsage of job (MB)
	350288  -  ResidentSetSize of job (KB)
...
006 (452.898.000) 2022-04-06 03:26:15 Image size of job updated: 776952
	343  -  MemoryUsage of job (MB)
	350288  -  ResidentSetSize of job (KB)
...
006 (452.898.000) 2022-04-06 03:41:16 Image size of job updated: 777208
	343  -  MemoryUsage of job (MB)
	350288  -  ResidentSetSize of job (KB)
...
006 (452.898.000) 2022-04-06 03:51:17 Image size of job updated: 777464
	343  -  MemoryUsage of job (MB)
	350288  -  ResidentSetSize of job (KB)
...
006 (452.898.000) 2022-04-06 03:56:17 Image size of job updated: 777720
	343  -  MemoryUsage of job (MB)
	350288  -  ResidentSetSize of job (KB)
...
006 (452.898.000) 2022-04-06 04:01:18 Image size of job updated: 777976
	343  -  MemoryUsage of job (MB)
	350288  -  ResidentSetSize of job (KB)
...
006 (452.898.000) 2022-04-06 04:11:19 Image size of job updated: 778232
	343  -  MemoryUsage of job (MB)
	350288  -  ResidentSetSize of job (KB)
...
006 (452.898.000) 2022-04-06 04:16:19 Image size of job updated: 778488
	343  -  MemoryUsage of job (MB)
	350288  -  ResidentSetSize of job (KB)
...
006 (452.898.000) 2022-04-06 04:21:20 Image size of job updated: 778744
	343  -  MemoryUsage of job (MB)
	350288  -  ResidentSetSize of job (KB)
...
006 (452.898.000) 2022-04-06 04:31:21 Image size of job updated: 779000
	343  -  MemoryUsage of job (MB)
	350288  -  ResidentSetSize of job (KB)
...
006 (452.898.000) 2022-04-06 04:36:21 Image size of job updated: 779256
	343  -  MemoryUsage of job (MB)
	350288  -  ResidentSetSize of job (KB)
...
006 (452.898.000) 2022-04-06 04:41:22 Image size of job updated: 779512
	343  -  MemoryUsage of job (MB)
	350288  -  ResidentSetSize of job (KB)
...
006 (452.898.000) 2022-04-06 04:48:14 Image size of job updated: 779768
	343  -  MemoryUsage of job (MB)
	350288  -  ResidentSetSize of job (KB)
...
005 (452.898.000) 2022-04-06 04:48:15 Job terminated.
	(1) Normal termination (return value 0)
		Usr 0 02:56:35, Sys 0 00:00:26  -  Run Remote Usage
		Usr 0 00:00:00, Sys 0 00:00:00  -  Run Local Usage
		Usr 0 02:56:35, Sys 0 00:00:26  -  Total Remote Usage
		Usr 0 00:00:00, Sys 0 00:00:00  -  Total Local Usage
	0  -  Run Bytes Sent By Job
	0  -  Run Bytes Received By Job
	0  -  Total Bytes Sent By Job
	0  -  Total Bytes Received By Job
	Partitionable Resources :    Usage  Request Allocated 
	   Cpus                 :     1.00        1         1 
	   Disk (KB)            :  7500        7500     10998 
	   Memory (MB)          :   343        1024      1024 

	Job terminated of its own accord at 2022-04-06T02:48:14Z with exit-code 0.
...
