000 (452.686.000) 2022-04-05 09:23:26 Job submitted from host: <10.18.24.243:9618?addrs=10.18.24.243-9618&alias=ecoclusts01.bioclust.biologie.ens.fr&noUDP&sock=schedd_1052_29b8>
...
001 (452.686.000) 2022-04-05 21:29:49 Job executing on host: <10.18.24.9:9618?addrs=10.18.24.9-9618&alias=bioclust09.bioclust.biologie.ens.fr&noUDP&sock=startd_4128219_7123>
...
006 (452.686.000) 2022-04-05 21:29:58 Image size of job updated: 40988
	41  -  MemoryUsage of job (MB)
	40988  -  ResidentSetSize of job (KB)
...
006 (452.686.000) 2022-04-05 21:34:58 Image size of job updated: 741876
	317  -  MemoryUsage of job (MB)
	324328  -  ResidentSetSize of job (KB)
...
006 (452.686.000) 2022-04-05 21:39:58 Image size of job updated: 741876
	317  -  MemoryUsage of job (MB)
	324372  -  ResidentSetSize of job (KB)
...
006 (452.686.000) 2022-04-05 21:50:00 Image size of job updated: 774644
	317  -  MemoryUsage of job (MB)
	324372  -  ResidentSetSize of job (KB)
...
006 (452.686.000) 2022-04-06 00:15:13 Image size of job updated: 774900
	317  -  MemoryUsage of job (MB)
	324460  -  ResidentSetSize of job (KB)
...
006 (452.686.000) 2022-04-06 00:25:14 Image size of job updated: 774900
	317  -  MemoryUsage of job (MB)
	324592  -  ResidentSetSize of job (KB)
...
006 (452.686.000) 2022-04-06 00:30:16 Image size of job updated: 775156
	317  -  MemoryUsage of job (MB)
	324592  -  ResidentSetSize of job (KB)
...
006 (452.686.000) 2022-04-06 00:35:17 Image size of job updated: 775156
	318  -  MemoryUsage of job (MB)
	324724  -  ResidentSetSize of job (KB)
...
006 (452.686.000) 2022-04-06 00:45:18 Image size of job updated: 775156
	318  -  MemoryUsage of job (MB)
	324856  -  ResidentSetSize of job (KB)
...
006 (452.686.000) 2022-04-06 00:50:19 Image size of job updated: 775412
	318  -  MemoryUsage of job (MB)
	324856  -  ResidentSetSize of job (KB)
...
006 (452.686.000) 2022-04-06 00:55:19 Image size of job updated: 775412
	318  -  MemoryUsage of job (MB)
	324988  -  ResidentSetSize of job (KB)
...
006 (452.686.000) 2022-04-06 01:00:20 Image size of job updated: 775412
	318  -  MemoryUsage of job (MB)
	325120  -  ResidentSetSize of job (KB)
...
006 (452.686.000) 2022-04-06 01:05:21 Image size of job updated: 775668
	318  -  MemoryUsage of job (MB)
	325120  -  ResidentSetSize of job (KB)
...
006 (452.686.000) 2022-04-06 01:10:21 Image size of job updated: 775668
	318  -  MemoryUsage of job (MB)
	325252  -  ResidentSetSize of job (KB)
...
006 (452.686.000) 2022-04-06 01:15:22 Image size of job updated: 775668
	318  -  MemoryUsage of job (MB)
	325384  -  ResidentSetSize of job (KB)
...
006 (452.686.000) 2022-04-06 01:25:23 Image size of job updated: 775924
	318  -  MemoryUsage of job (MB)
	325384  -  ResidentSetSize of job (KB)
...
006 (452.686.000) 2022-04-06 01:30:23 Image size of job updated: 775924
	318  -  MemoryUsage of job (MB)
	325516  -  ResidentSetSize of job (KB)
...
006 (452.686.000) 2022-04-06 01:35:24 Image size of job updated: 775924
	319  -  MemoryUsage of job (MB)
	325648  -  ResidentSetSize of job (KB)
...
006 (452.686.000) 2022-04-06 01:40:24 Image size of job updated: 776180
	319  -  MemoryUsage of job (MB)
	325648  -  ResidentSetSize of job (KB)
...
006 (452.686.000) 2022-04-06 01:45:24 Image size of job updated: 776180
	319  -  MemoryUsage of job (MB)
	325780  -  ResidentSetSize of job (KB)
...
006 (452.686.000) 2022-04-06 01:55:25 Image size of job updated: 776436
	319  -  MemoryUsage of job (MB)
	325912  -  ResidentSetSize of job (KB)
...
006 (452.686.000) 2022-04-06 02:05:26 Image size of job updated: 776436
	319  -  MemoryUsage of job (MB)
	326044  -  ResidentSetSize of job (KB)
...
006 (452.686.000) 2022-04-06 02:10:27 Image size of job updated: 776436
	319  -  MemoryUsage of job (MB)
	326176  -  ResidentSetSize of job (KB)
...
006 (452.686.000) 2022-04-06 02:15:27 Image size of job updated: 776692
	319  -  MemoryUsage of job (MB)
	326176  -  ResidentSetSize of job (KB)
...
006 (452.686.000) 2022-04-06 02:20:28 Image size of job updated: 776692
	319  -  MemoryUsage of job (MB)
	326308  -  ResidentSetSize of job (KB)
...
006 (452.686.000) 2022-04-06 02:25:29 Image size of job updated: 776692
	319  -  MemoryUsage of job (MB)
	326440  -  ResidentSetSize of job (KB)
...
006 (452.686.000) 2022-04-06 02:30:29 Image size of job updated: 776948
	319  -  MemoryUsage of job (MB)
	326440  -  ResidentSetSize of job (KB)
...
006 (452.686.000) 2022-04-06 02:35:30 Image size of job updated: 776948
	319  -  MemoryUsage of job (MB)
	326572  -  ResidentSetSize of job (KB)
...
006 (452.686.000) 2022-04-06 03:05:32 Image size of job updated: 777204
	320  -  MemoryUsage of job (MB)
	326704  -  ResidentSetSize of job (KB)
...
006 (452.686.000) 2022-04-06 03:10:33 Image size of job updated: 777204
	320  -  MemoryUsage of job (MB)
	326836  -  ResidentSetSize of job (KB)
...
006 (452.686.000) 2022-04-06 03:20:34 Image size of job updated: 777460
	320  -  MemoryUsage of job (MB)
	326968  -  ResidentSetSize of job (KB)
...
006 (452.686.000) 2022-04-06 03:30:36 Image size of job updated: 777460
	320  -  MemoryUsage of job (MB)
	327100  -  ResidentSetSize of job (KB)
...
006 (452.686.000) 2022-04-06 03:35:36 Image size of job updated: 777460
	320  -  MemoryUsage of job (MB)
	327232  -  ResidentSetSize of job (KB)
...
006 (452.686.000) 2022-04-06 03:40:37 Image size of job updated: 777716
	320  -  MemoryUsage of job (MB)
	327232  -  ResidentSetSize of job (KB)
...
006 (452.686.000) 2022-04-06 03:45:38 Image size of job updated: 777716
	320  -  MemoryUsage of job (MB)
	327364  -  ResidentSetSize of job (KB)
...
006 (452.686.000) 2022-04-06 03:55:39 Image size of job updated: 777972
	320  -  MemoryUsage of job (MB)
	327496  -  ResidentSetSize of job (KB)
...
006 (452.686.000) 2022-04-06 04:05:40 Image size of job updated: 777972
	320  -  MemoryUsage of job (MB)
	327628  -  ResidentSetSize of job (KB)
...
006 (452.686.000) 2022-04-06 04:15:41 Image size of job updated: 778228
	321  -  MemoryUsage of job (MB)
	327760  -  ResidentSetSize of job (KB)
...
006 (452.686.000) 2022-04-06 04:25:41 Image size of job updated: 778228
	321  -  MemoryUsage of job (MB)
	327892  -  ResidentSetSize of job (KB)
...
006 (452.686.000) 2022-04-06 04:30:42 Image size of job updated: 778484
	321  -  MemoryUsage of job (MB)
	327892  -  ResidentSetSize of job (KB)
...
006 (452.686.000) 2022-04-06 04:35:43 Image size of job updated: 778484
	321  -  MemoryUsage of job (MB)
	328024  -  ResidentSetSize of job (KB)
...
006 (452.686.000) 2022-04-06 04:45:44 Image size of job updated: 778484
	321  -  MemoryUsage of job (MB)
	328156  -  ResidentSetSize of job (KB)
...
006 (452.686.000) 2022-04-06 04:55:45 Image size of job updated: 778740
	321  -  MemoryUsage of job (MB)
	328288  -  ResidentSetSize of job (KB)
...
006 (452.686.000) 2022-04-06 05:05:47 Image size of job updated: 778740
	321  -  MemoryUsage of job (MB)
	328420  -  ResidentSetSize of job (KB)
...
006 (452.686.000) 2022-04-06 05:10:47 Image size of job updated: 778996
	321  -  MemoryUsage of job (MB)
	328420  -  ResidentSetSize of job (KB)
...
006 (452.686.000) 2022-04-06 05:15:47 Image size of job updated: 778996
	321  -  MemoryUsage of job (MB)
	328552  -  ResidentSetSize of job (KB)
...
006 (452.686.000) 2022-04-06 05:25:48 Image size of job updated: 778996
	321  -  MemoryUsage of job (MB)
	328684  -  ResidentSetSize of job (KB)
...
006 (452.686.000) 2022-04-06 05:35:50 Image size of job updated: 779252
	321  -  MemoryUsage of job (MB)
	328684  -  ResidentSetSize of job (KB)
...
006 (452.686.000) 2022-04-06 05:40:50 Image size of job updated: 779252
	322  -  MemoryUsage of job (MB)
	328816  -  ResidentSetSize of job (KB)
...
006 (452.686.000) 2022-04-06 05:45:50 Image size of job updated: 779252
	322  -  MemoryUsage of job (MB)
	328948  -  ResidentSetSize of job (KB)
...
006 (452.686.000) 2022-04-06 05:55:52 Image size of job updated: 779508
	322  -  MemoryUsage of job (MB)
	328948  -  ResidentSetSize of job (KB)
...
006 (452.686.000) 2022-04-06 06:00:52 Image size of job updated: 779508
	322  -  MemoryUsage of job (MB)
	329080  -  ResidentSetSize of job (KB)
...
006 (452.686.000) 2022-04-06 06:05:53 Image size of job updated: 779508
	322  -  MemoryUsage of job (MB)
	329212  -  ResidentSetSize of job (KB)
...
006 (452.686.000) 2022-04-06 06:15:54 Image size of job updated: 779764
	322  -  MemoryUsage of job (MB)
	329212  -  ResidentSetSize of job (KB)
...
005 (452.686.000) 2022-04-06 06:18:11 Job terminated.
	(1) Normal termination (return value 0)
		Usr 0 08:40:47, Sys 0 00:04:48  -  Run Remote Usage
		Usr 0 00:00:00, Sys 0 00:00:00  -  Run Local Usage
		Usr 0 08:40:47, Sys 0 00:04:48  -  Total Remote Usage
		Usr 0 00:00:00, Sys 0 00:00:00  -  Total Local Usage
	0  -  Run Bytes Sent By Job
	0  -  Run Bytes Received By Job
	0  -  Total Bytes Sent By Job
	0  -  Total Bytes Received By Job
	Partitionable Resources :    Usage  Request Allocated 
	   Cpus                 :     1.00        1         1 
	   Disk (KB)            :  7500        7500     10469 
	   Memory (MB)          :   322        1024      1024 

	Job terminated of its own accord at 2022-04-06T04:18:10Z with exit-code 0.
...
