000 (452.895.000) 2022-04-05 09:23:27 Job submitted from host: <10.18.24.243:9618?addrs=10.18.24.243-9618&alias=ecoclusts01.bioclust.biologie.ens.fr&noUDP&sock=schedd_1052_29b8>
...
001 (452.895.000) 2022-04-06 01:48:56 Job executing on host: <10.18.24.8:9618?addrs=10.18.24.8-9618&alias=bioclust08.bioclust.biologie.ens.fr&noUDP&sock=startd_1108_9306>
...
006 (452.895.000) 2022-04-06 01:49:05 Image size of job updated: 130920
	128  -  MemoryUsage of job (MB)
	130920  -  ResidentSetSize of job (KB)
...
006 (452.895.000) 2022-04-06 01:54:06 Image size of job updated: 741624
	271  -  MemoryUsage of job (MB)
	277172  -  ResidentSetSize of job (KB)
...
006 (452.895.000) 2022-04-06 01:59:06 Image size of job updated: 774392
	317  -  MemoryUsage of job (MB)
	324108  -  ResidentSetSize of job (KB)
...
006 (452.895.000) 2022-04-06 02:59:11 Image size of job updated: 774648
	317  -  MemoryUsage of job (MB)
	324108  -  ResidentSetSize of job (KB)
...
006 (452.895.000) 2022-04-06 03:04:12 Image size of job updated: 774648
	317  -  MemoryUsage of job (MB)
	324240  -  ResidentSetSize of job (KB)
...
006 (452.895.000) 2022-04-06 03:09:13 Image size of job updated: 774904
	317  -  MemoryUsage of job (MB)
	324372  -  ResidentSetSize of job (KB)
...
006 (452.895.000) 2022-04-06 03:14:13 Image size of job updated: 774904
	317  -  MemoryUsage of job (MB)
	324504  -  ResidentSetSize of job (KB)
...
006 (452.895.000) 2022-04-06 03:19:13 Image size of job updated: 774904
	318  -  MemoryUsage of job (MB)
	324636  -  ResidentSetSize of job (KB)
...
006 (452.895.000) 2022-04-06 03:24:14 Image size of job updated: 775160
	318  -  MemoryUsage of job (MB)
	324636  -  ResidentSetSize of job (KB)
...
006 (452.895.000) 2022-04-06 03:29:15 Image size of job updated: 775160
	318  -  MemoryUsage of job (MB)
	324768  -  ResidentSetSize of job (KB)
...
006 (452.895.000) 2022-04-06 03:34:15 Image size of job updated: 775416
	318  -  MemoryUsage of job (MB)
	324900  -  ResidentSetSize of job (KB)
...
006 (452.895.000) 2022-04-06 03:39:15 Image size of job updated: 775416
	318  -  MemoryUsage of job (MB)
	325032  -  ResidentSetSize of job (KB)
...
006 (452.895.000) 2022-04-06 03:44:15 Image size of job updated: 775672
	318  -  MemoryUsage of job (MB)
	325164  -  ResidentSetSize of job (KB)
...
006 (452.895.000) 2022-04-06 03:49:16 Image size of job updated: 775672
	318  -  MemoryUsage of job (MB)
	325296  -  ResidentSetSize of job (KB)
...
006 (452.895.000) 2022-04-06 03:54:17 Image size of job updated: 775928
	318  -  MemoryUsage of job (MB)
	325428  -  ResidentSetSize of job (KB)
...
006 (452.895.000) 2022-04-06 03:59:18 Image size of job updated: 775928
	318  -  MemoryUsage of job (MB)
	325560  -  ResidentSetSize of job (KB)
...
006 (452.895.000) 2022-04-06 04:04:18 Image size of job updated: 776184
	319  -  MemoryUsage of job (MB)
	325692  -  ResidentSetSize of job (KB)
...
006 (452.895.000) 2022-04-06 04:09:18 Image size of job updated: 776184
	319  -  MemoryUsage of job (MB)
	325824  -  ResidentSetSize of job (KB)
...
006 (452.895.000) 2022-04-06 04:14:19 Image size of job updated: 776440
	319  -  MemoryUsage of job (MB)
	325956  -  ResidentSetSize of job (KB)
...
006 (452.895.000) 2022-04-06 04:24:21 Image size of job updated: 776440
	319  -  MemoryUsage of job (MB)
	326088  -  ResidentSetSize of job (KB)
...
006 (452.895.000) 2022-04-06 04:29:21 Image size of job updated: 776696
	319  -  MemoryUsage of job (MB)
	326220  -  ResidentSetSize of job (KB)
...
006 (452.895.000) 2022-04-06 04:34:21 Image size of job updated: 776696
	319  -  MemoryUsage of job (MB)
	326352  -  ResidentSetSize of job (KB)
...
006 (452.895.000) 2022-04-06 04:39:22 Image size of job updated: 776952
	319  -  MemoryUsage of job (MB)
	326484  -  ResidentSetSize of job (KB)
...
006 (452.895.000) 2022-04-06 04:59:23 Image size of job updated: 776952
	319  -  MemoryUsage of job (MB)
	326596  -  ResidentSetSize of job (KB)
...
006 (452.895.000) 2022-04-06 05:04:24 Image size of job updated: 777208
	320  -  MemoryUsage of job (MB)
	326728  -  ResidentSetSize of job (KB)
...
006 (452.895.000) 2022-04-06 05:09:24 Image size of job updated: 777208
	320  -  MemoryUsage of job (MB)
	326860  -  ResidentSetSize of job (KB)
...
006 (452.895.000) 2022-04-06 05:14:24 Image size of job updated: 777464
	320  -  MemoryUsage of job (MB)
	326992  -  ResidentSetSize of job (KB)
...
006 (452.895.000) 2022-04-06 05:19:25 Image size of job updated: 777464
	320  -  MemoryUsage of job (MB)
	327124  -  ResidentSetSize of job (KB)
...
006 (452.895.000) 2022-04-06 05:24:26 Image size of job updated: 777720
	320  -  MemoryUsage of job (MB)
	327256  -  ResidentSetSize of job (KB)
...
006 (452.895.000) 2022-04-06 05:34:27 Image size of job updated: 777976
	320  -  MemoryUsage of job (MB)
	327388  -  ResidentSetSize of job (KB)
...
006 (452.895.000) 2022-04-06 05:39:27 Image size of job updated: 777976
	320  -  MemoryUsage of job (MB)
	327520  -  ResidentSetSize of job (KB)
...
006 (452.895.000) 2022-04-06 05:44:28 Image size of job updated: 777976
	320  -  MemoryUsage of job (MB)
	327652  -  ResidentSetSize of job (KB)
...
006 (452.895.000) 2022-04-06 05:49:29 Image size of job updated: 778232
	321  -  MemoryUsage of job (MB)
	327784  -  ResidentSetSize of job (KB)
...
006 (452.895.000) 2022-04-06 05:54:29 Image size of job updated: 778232
	321  -  MemoryUsage of job (MB)
	327916  -  ResidentSetSize of job (KB)
...
006 (452.895.000) 2022-04-06 05:59:30 Image size of job updated: 778488
	321  -  MemoryUsage of job (MB)
	327916  -  ResidentSetSize of job (KB)
...
006 (452.895.000) 2022-04-06 06:04:31 Image size of job updated: 778488
	321  -  MemoryUsage of job (MB)
	328048  -  ResidentSetSize of job (KB)
...
006 (452.895.000) 2022-04-06 06:09:31 Image size of job updated: 778488
	321  -  MemoryUsage of job (MB)
	328180  -  ResidentSetSize of job (KB)
...
006 (452.895.000) 2022-04-06 06:14:31 Image size of job updated: 778744
	321  -  MemoryUsage of job (MB)
	328312  -  ResidentSetSize of job (KB)
...
006 (452.895.000) 2022-04-06 06:19:32 Image size of job updated: 778744
	321  -  MemoryUsage of job (MB)
	328444  -  ResidentSetSize of job (KB)
...
006 (452.895.000) 2022-04-06 06:24:33 Image size of job updated: 779000
	321  -  MemoryUsage of job (MB)
	328444  -  ResidentSetSize of job (KB)
...
006 (452.895.000) 2022-04-06 06:29:33 Image size of job updated: 779000
	321  -  MemoryUsage of job (MB)
	328576  -  ResidentSetSize of job (KB)
...
006 (452.895.000) 2022-04-06 06:34:33 Image size of job updated: 779000
	322  -  MemoryUsage of job (MB)
	328708  -  ResidentSetSize of job (KB)
...
006 (452.895.000) 2022-04-06 06:39:34 Image size of job updated: 779256
	322  -  MemoryUsage of job (MB)
	328840  -  ResidentSetSize of job (KB)
...
006 (452.895.000) 2022-04-06 06:44:35 Image size of job updated: 779256
	322  -  MemoryUsage of job (MB)
	328972  -  ResidentSetSize of job (KB)
...
006 (452.895.000) 2022-04-06 06:49:35 Image size of job updated: 779512
	322  -  MemoryUsage of job (MB)
	329104  -  ResidentSetSize of job (KB)
...
006 (452.895.000) 2022-04-06 06:59:37 Image size of job updated: 779768
	322  -  MemoryUsage of job (MB)
	329236  -  ResidentSetSize of job (KB)
...
005 (452.895.000) 2022-04-06 07:00:59 Job terminated.
	(1) Normal termination (return value 0)
		Usr 0 05:10:25, Sys 0 00:01:18  -  Run Remote Usage
		Usr 0 00:00:00, Sys 0 00:00:00  -  Run Local Usage
		Usr 0 05:10:25, Sys 0 00:01:18  -  Total Remote Usage
		Usr 0 00:00:00, Sys 0 00:00:00  -  Total Local Usage
	0  -  Run Bytes Sent By Job
	0  -  Run Bytes Received By Job
	0  -  Total Bytes Sent By Job
	0  -  Total Bytes Received By Job
	Partitionable Resources :    Usage  Request Allocated 
	   Cpus                 :     1.00        1         1 
	   Disk (KB)            :  7500        7500     10998 
	   Memory (MB)          :   322        1024      1024 

	Job terminated of its own accord at 2022-04-06T05:00:59Z with exit-code 0.
...
