000 (452.417.000) 2022-04-05 09:23:25 Job submitted from host: <10.18.24.243:9618?addrs=10.18.24.243-9618&alias=ecoclusts01.bioclust.biologie.ens.fr&noUDP&sock=schedd_1052_29b8>
...
001 (452.417.000) 2022-04-05 14:51:28 Job executing on host: <10.18.24.176:9618?addrs=10.18.24.176-9618&alias=mcbsclust05.bioclust.biologie.ens.fr&noUDP&sock=startd_869_a3e3>
...
006 (452.417.000) 2022-04-05 14:51:37 Image size of job updated: 432604
	423  -  MemoryUsage of job (MB)
	432604  -  ResidentSetSize of job (KB)
...
006 (452.417.000) 2022-04-05 14:56:38 Image size of job updated: 741620
	423  -  MemoryUsage of job (MB)
	432604  -  ResidentSetSize of job (KB)
...
006 (452.417.000) 2022-04-05 15:01:38 Image size of job updated: 774388
	423  -  MemoryUsage of job (MB)
	432604  -  ResidentSetSize of job (KB)
...
006 (452.417.000) 2022-04-05 15:51:42 Image size of job updated: 774644
	423  -  MemoryUsage of job (MB)
	432604  -  ResidentSetSize of job (KB)
...
006 (452.417.000) 2022-04-05 16:01:43 Image size of job updated: 774900
	423  -  MemoryUsage of job (MB)
	432604  -  ResidentSetSize of job (KB)
...
006 (452.417.000) 2022-04-05 16:11:44 Image size of job updated: 775156
	423  -  MemoryUsage of job (MB)
	432604  -  ResidentSetSize of job (KB)
...
006 (452.417.000) 2022-04-05 16:26:45 Image size of job updated: 775412
	423  -  MemoryUsage of job (MB)
	432604  -  ResidentSetSize of job (KB)
...
006 (452.417.000) 2022-04-05 16:36:46 Image size of job updated: 775668
	423  -  MemoryUsage of job (MB)
	432604  -  ResidentSetSize of job (KB)
...
006 (452.417.000) 2022-04-05 16:51:47 Image size of job updated: 775924
	423  -  MemoryUsage of job (MB)
	432604  -  ResidentSetSize of job (KB)
...
006 (452.417.000) 2022-04-05 17:01:48 Image size of job updated: 776180
	423  -  MemoryUsage of job (MB)
	432604  -  ResidentSetSize of job (KB)
...
006 (452.417.000) 2022-04-05 17:11:49 Image size of job updated: 776436
	423  -  MemoryUsage of job (MB)
	432604  -  ResidentSetSize of job (KB)
...
006 (452.417.000) 2022-04-05 17:21:50 Image size of job updated: 776692
	423  -  MemoryUsage of job (MB)
	432604  -  ResidentSetSize of job (KB)
...
006 (452.417.000) 2022-04-05 17:31:51 Image size of job updated: 776948
	423  -  MemoryUsage of job (MB)
	432604  -  ResidentSetSize of job (KB)
...
006 (452.417.000) 2022-04-05 17:56:53 Image size of job updated: 777204
	423  -  MemoryUsage of job (MB)
	432604  -  ResidentSetSize of job (KB)
...
006 (452.417.000) 2022-04-05 18:06:54 Image size of job updated: 777460
	423  -  MemoryUsage of job (MB)
	432604  -  ResidentSetSize of job (KB)
...
006 (452.417.000) 2022-04-05 18:16:54 Image size of job updated: 777716
	423  -  MemoryUsage of job (MB)
	432604  -  ResidentSetSize of job (KB)
...
006 (452.417.000) 2022-04-05 18:31:56 Image size of job updated: 777972
	423  -  MemoryUsage of job (MB)
	432604  -  ResidentSetSize of job (KB)
...
006 (452.417.000) 2022-04-05 18:41:58 Image size of job updated: 778228
	423  -  MemoryUsage of job (MB)
	432604  -  ResidentSetSize of job (KB)
...
006 (452.417.000) 2022-04-05 18:51:58 Image size of job updated: 778484
	423  -  MemoryUsage of job (MB)
	432604  -  ResidentSetSize of job (KB)
...
006 (452.417.000) 2022-04-05 19:02:00 Image size of job updated: 778740
	423  -  MemoryUsage of job (MB)
	432604  -  ResidentSetSize of job (KB)
...
006 (452.417.000) 2022-04-05 19:17:02 Image size of job updated: 778996
	423  -  MemoryUsage of job (MB)
	432604  -  ResidentSetSize of job (KB)
...
006 (452.417.000) 2022-04-05 19:27:02 Image size of job updated: 779252
	423  -  MemoryUsage of job (MB)
	432604  -  ResidentSetSize of job (KB)
...
006 (452.417.000) 2022-04-05 19:37:04 Image size of job updated: 779508
	423  -  MemoryUsage of job (MB)
	432604  -  ResidentSetSize of job (KB)
...
006 (452.417.000) 2022-04-05 19:47:05 Image size of job updated: 779764
	423  -  MemoryUsage of job (MB)
	432604  -  ResidentSetSize of job (KB)
...
005 (452.417.000) 2022-04-05 19:47:42 Job terminated.
	(1) Normal termination (return value 0)
		Usr 0 04:55:07, Sys 0 00:00:12  -  Run Remote Usage
		Usr 0 00:00:00, Sys 0 00:00:00  -  Run Local Usage
		Usr 0 04:55:07, Sys 0 00:00:12  -  Total Remote Usage
		Usr 0 00:00:00, Sys 0 00:00:00  -  Total Local Usage
	0  -  Run Bytes Sent By Job
	0  -  Run Bytes Received By Job
	0  -  Total Bytes Sent By Job
	0  -  Total Bytes Received By Job
	Partitionable Resources :    Usage  Request Allocated 
	   Cpus                 :     1.00        1         1 
	   Disk (KB)            :  7500        7500     11001 
	   Memory (MB)          :   423        1024      1024 

	Job terminated of its own accord at 2022-04-05T17:47:42Z with exit-code 0.
...
