000 (452.281.000) 2022-04-05 09:23:25 Job submitted from host: <10.18.24.243:9618?addrs=10.18.24.243-9618&alias=ecoclusts01.bioclust.biologie.ens.fr&noUDP&sock=schedd_1052_29b8>
...
001 (452.281.000) 2022-04-05 12:32:20 Job executing on host: <10.18.24.14:9618?addrs=10.18.24.14-9618&alias=bioclust14.bioclust.biologie.ens.fr&noUDP&sock=startd_1206_cb4e>
...
006 (452.281.000) 2022-04-05 12:32:29 Image size of job updated: 76348
	15  -  MemoryUsage of job (MB)
	14868  -  ResidentSetSize of job (KB)
...
006 (452.281.000) 2022-04-05 12:37:30 Image size of job updated: 741880
	317  -  MemoryUsage of job (MB)
	324388  -  ResidentSetSize of job (KB)
...
006 (452.281.000) 2022-04-05 12:57:31 Image size of job updated: 792508
	317  -  MemoryUsage of job (MB)
	324388  -  ResidentSetSize of job (KB)
...
006 (452.281.000) 2022-04-05 14:52:42 Image size of job updated: 792508
	317  -  MemoryUsage of job (MB)
	324520  -  ResidentSetSize of job (KB)
...
006 (452.281.000) 2022-04-05 15:12:44 Image size of job updated: 792508
	318  -  MemoryUsage of job (MB)
	324652  -  ResidentSetSize of job (KB)
...
006 (452.281.000) 2022-04-05 15:22:44 Image size of job updated: 792508
	318  -  MemoryUsage of job (MB)
	324784  -  ResidentSetSize of job (KB)
...
006 (452.281.000) 2022-04-05 15:42:46 Image size of job updated: 792508
	318  -  MemoryUsage of job (MB)
	324916  -  ResidentSetSize of job (KB)
...
006 (452.281.000) 2022-04-05 15:52:47 Image size of job updated: 792508
	318  -  MemoryUsage of job (MB)
	325048  -  ResidentSetSize of job (KB)
...
006 (452.281.000) 2022-04-05 16:02:48 Image size of job updated: 792508
	318  -  MemoryUsage of job (MB)
	325180  -  ResidentSetSize of job (KB)
...
006 (452.281.000) 2022-04-05 16:12:50 Image size of job updated: 792508
	318  -  MemoryUsage of job (MB)
	325312  -  ResidentSetSize of job (KB)
...
006 (452.281.000) 2022-04-05 16:22:51 Image size of job updated: 792508
	318  -  MemoryUsage of job (MB)
	325444  -  ResidentSetSize of job (KB)
...
006 (452.281.000) 2022-04-05 16:37:53 Image size of job updated: 792508
	318  -  MemoryUsage of job (MB)
	325576  -  ResidentSetSize of job (KB)
...
006 (452.281.000) 2022-04-05 16:47:55 Image size of job updated: 792508
	319  -  MemoryUsage of job (MB)
	325708  -  ResidentSetSize of job (KB)
...
006 (452.281.000) 2022-04-05 16:57:55 Image size of job updated: 792508
	319  -  MemoryUsage of job (MB)
	325840  -  ResidentSetSize of job (KB)
...
006 (452.281.000) 2022-04-05 17:07:56 Image size of job updated: 792508
	319  -  MemoryUsage of job (MB)
	325972  -  ResidentSetSize of job (KB)
...
006 (452.281.000) 2022-04-05 17:17:57 Image size of job updated: 792508
	319  -  MemoryUsage of job (MB)
	326104  -  ResidentSetSize of job (KB)
...
006 (452.281.000) 2022-04-05 17:27:58 Image size of job updated: 792508
	319  -  MemoryUsage of job (MB)
	326236  -  ResidentSetSize of job (KB)
...
006 (452.281.000) 2022-04-05 17:37:59 Image size of job updated: 792508
	319  -  MemoryUsage of job (MB)
	326368  -  ResidentSetSize of job (KB)
...
006 (452.281.000) 2022-04-05 17:48:00 Image size of job updated: 792508
	319  -  MemoryUsage of job (MB)
	326500  -  ResidentSetSize of job (KB)
...
006 (452.281.000) 2022-04-05 17:53:00 Image size of job updated: 792508
	319  -  MemoryUsage of job (MB)
	326632  -  ResidentSetSize of job (KB)
...
006 (452.281.000) 2022-04-05 18:28:04 Image size of job updated: 792508
	320  -  MemoryUsage of job (MB)
	326748  -  ResidentSetSize of job (KB)
...
006 (452.281.000) 2022-04-05 18:38:05 Image size of job updated: 792508
	320  -  MemoryUsage of job (MB)
	326880  -  ResidentSetSize of job (KB)
...
006 (452.281.000) 2022-04-05 18:43:06 Image size of job updated: 792508
	320  -  MemoryUsage of job (MB)
	327012  -  ResidentSetSize of job (KB)
...
006 (452.281.000) 2022-04-05 18:53:07 Image size of job updated: 792508
	320  -  MemoryUsage of job (MB)
	327144  -  ResidentSetSize of job (KB)
...
006 (452.281.000) 2022-04-05 18:58:07 Image size of job updated: 792508
	320  -  MemoryUsage of job (MB)
	327276  -  ResidentSetSize of job (KB)
...
006 (452.281.000) 2022-04-05 19:03:08 Image size of job updated: 792508
	320  -  MemoryUsage of job (MB)
	327408  -  ResidentSetSize of job (KB)
...
006 (452.281.000) 2022-04-05 19:13:08 Image size of job updated: 792508
	320  -  MemoryUsage of job (MB)
	327540  -  ResidentSetSize of job (KB)
...
006 (452.281.000) 2022-04-05 19:23:10 Image size of job updated: 792508
	320  -  MemoryUsage of job (MB)
	327672  -  ResidentSetSize of job (KB)
...
006 (452.281.000) 2022-04-05 19:28:10 Image size of job updated: 792508
	321  -  MemoryUsage of job (MB)
	327804  -  ResidentSetSize of job (KB)
...
006 (452.281.000) 2022-04-05 19:38:12 Image size of job updated: 792508
	321  -  MemoryUsage of job (MB)
	327936  -  ResidentSetSize of job (KB)
...
006 (452.281.000) 2022-04-05 19:43:12 Image size of job updated: 792508
	321  -  MemoryUsage of job (MB)
	328068  -  ResidentSetSize of job (KB)
...
006 (452.281.000) 2022-04-05 19:53:13 Image size of job updated: 792508
	321  -  MemoryUsage of job (MB)
	328200  -  ResidentSetSize of job (KB)
...
006 (452.281.000) 2022-04-05 19:58:13 Image size of job updated: 792508
	321  -  MemoryUsage of job (MB)
	328332  -  ResidentSetSize of job (KB)
...
006 (452.281.000) 2022-04-05 20:03:13 Image size of job updated: 792508
	321  -  MemoryUsage of job (MB)
	328464  -  ResidentSetSize of job (KB)
...
006 (452.281.000) 2022-04-05 20:13:14 Image size of job updated: 792508
	321  -  MemoryUsage of job (MB)
	328596  -  ResidentSetSize of job (KB)
...
006 (452.281.000) 2022-04-05 20:18:14 Image size of job updated: 792508
	322  -  MemoryUsage of job (MB)
	328728  -  ResidentSetSize of job (KB)
...
006 (452.281.000) 2022-04-05 20:23:15 Image size of job updated: 792508
	322  -  MemoryUsage of job (MB)
	328860  -  ResidentSetSize of job (KB)
...
006 (452.281.000) 2022-04-05 20:33:16 Image size of job updated: 792508
	322  -  MemoryUsage of job (MB)
	328992  -  ResidentSetSize of job (KB)
...
006 (452.281.000) 2022-04-05 20:38:17 Image size of job updated: 792508
	322  -  MemoryUsage of job (MB)
	329124  -  ResidentSetSize of job (KB)
...
006 (452.281.000) 2022-04-05 20:43:18 Image size of job updated: 792508
	322  -  MemoryUsage of job (MB)
	329256  -  ResidentSetSize of job (KB)
...
005 (452.281.000) 2022-04-05 20:45:56 Job terminated.
	(1) Normal termination (return value 0)
		Usr 0 08:03:39, Sys 0 00:01:43  -  Run Remote Usage
		Usr 0 00:00:00, Sys 0 00:00:00  -  Run Local Usage
		Usr 0 08:03:39, Sys 0 00:01:43  -  Total Remote Usage
		Usr 0 00:00:00, Sys 0 00:00:00  -  Total Local Usage
	0  -  Run Bytes Sent By Job
	0  -  Run Bytes Received By Job
	0  -  Total Bytes Sent By Job
	0  -  Total Bytes Received By Job
	Partitionable Resources :    Usage  Request Allocated 
	   Cpus                 :     1.00        1         1 
	   Disk (KB)            :  7500        7500     10998 
	   Memory (MB)          :   322        1024      1024 

	Job terminated of its own accord at 2022-04-05T18:45:56Z with exit-code 0.
...
