000 (452.386.000) 2022-04-05 09:23:25 Job submitted from host: <10.18.24.243:9618?addrs=10.18.24.243-9618&alias=ecoclusts01.bioclust.biologie.ens.fr&noUDP&sock=schedd_1052_29b8>
...
001 (452.386.000) 2022-04-05 13:11:01 Job executing on host: <10.18.24.145:9618?addrs=10.18.24.145-9618&alias=dyoclust18.bioclust.biologie.ens.fr&noUDP&sock=startd_1019_8718>
...
006 (452.386.000) 2022-04-05 13:11:09 Image size of job updated: 64768
	64  -  MemoryUsage of job (MB)
	64768  -  ResidentSetSize of job (KB)
...
006 (452.386.000) 2022-04-05 13:16:09 Image size of job updated: 741876
	317  -  MemoryUsage of job (MB)
	324352  -  ResidentSetSize of job (KB)
...
006 (452.386.000) 2022-04-05 13:21:10 Image size of job updated: 741876
	317  -  MemoryUsage of job (MB)
	324396  -  ResidentSetSize of job (KB)
...
006 (452.386.000) 2022-04-05 13:26:10 Image size of job updated: 774644
	317  -  MemoryUsage of job (MB)
	324396  -  ResidentSetSize of job (KB)
...
006 (452.386.000) 2022-04-05 14:31:18 Image size of job updated: 774900
	317  -  MemoryUsage of job (MB)
	324396  -  ResidentSetSize of job (KB)
...
006 (452.386.000) 2022-04-05 14:36:18 Image size of job updated: 774900
	317  -  MemoryUsage of job (MB)
	324484  -  ResidentSetSize of job (KB)
...
006 (452.386.000) 2022-04-05 14:41:18 Image size of job updated: 774900
	318  -  MemoryUsage of job (MB)
	324616  -  ResidentSetSize of job (KB)
...
006 (452.386.000) 2022-04-05 14:46:19 Image size of job updated: 775156
	318  -  MemoryUsage of job (MB)
	324616  -  ResidentSetSize of job (KB)
...
006 (452.386.000) 2022-04-05 14:51:20 Image size of job updated: 775156
	318  -  MemoryUsage of job (MB)
	324748  -  ResidentSetSize of job (KB)
...
006 (452.386.000) 2022-04-05 14:56:20 Image size of job updated: 775156
	318  -  MemoryUsage of job (MB)
	324880  -  ResidentSetSize of job (KB)
...
006 (452.386.000) 2022-04-05 15:01:20 Image size of job updated: 775412
	318  -  MemoryUsage of job (MB)
	324880  -  ResidentSetSize of job (KB)
...
006 (452.386.000) 2022-04-05 15:06:21 Image size of job updated: 775412
	318  -  MemoryUsage of job (MB)
	325012  -  ResidentSetSize of job (KB)
...
006 (452.386.000) 2022-04-05 15:11:22 Image size of job updated: 775668
	318  -  MemoryUsage of job (MB)
	325144  -  ResidentSetSize of job (KB)
...
006 (452.386.000) 2022-04-05 15:16:22 Image size of job updated: 775668
	318  -  MemoryUsage of job (MB)
	325276  -  ResidentSetSize of job (KB)
...
006 (452.386.000) 2022-04-05 15:21:22 Image size of job updated: 775924
	318  -  MemoryUsage of job (MB)
	325408  -  ResidentSetSize of job (KB)
...
006 (452.386.000) 2022-04-05 15:26:23 Image size of job updated: 775924
	318  -  MemoryUsage of job (MB)
	325540  -  ResidentSetSize of job (KB)
...
006 (452.386.000) 2022-04-05 15:31:24 Image size of job updated: 776180
	319  -  MemoryUsage of job (MB)
	325672  -  ResidentSetSize of job (KB)
...
006 (452.386.000) 2022-04-05 15:36:24 Image size of job updated: 776180
	319  -  MemoryUsage of job (MB)
	325804  -  ResidentSetSize of job (KB)
...
006 (452.386.000) 2022-04-05 15:41:25 Image size of job updated: 776436
	319  -  MemoryUsage of job (MB)
	325936  -  ResidentSetSize of job (KB)
...
006 (452.386.000) 2022-04-05 15:46:26 Image size of job updated: 776436
	319  -  MemoryUsage of job (MB)
	326068  -  ResidentSetSize of job (KB)
...
006 (452.386.000) 2022-04-05 15:51:26 Image size of job updated: 776692
	319  -  MemoryUsage of job (MB)
	326200  -  ResidentSetSize of job (KB)
...
006 (452.386.000) 2022-04-05 16:01:27 Image size of job updated: 776692
	319  -  MemoryUsage of job (MB)
	326464  -  ResidentSetSize of job (KB)
...
006 (452.386.000) 2022-04-05 16:06:28 Image size of job updated: 776948
	319  -  MemoryUsage of job (MB)
	326464  -  ResidentSetSize of job (KB)
...
006 (452.386.000) 2022-04-05 16:11:28 Image size of job updated: 776948
	319  -  MemoryUsage of job (MB)
	326596  -  ResidentSetSize of job (KB)
...
006 (452.386.000) 2022-04-05 16:26:30 Image size of job updated: 776948
	320  -  MemoryUsage of job (MB)
	326728  -  ResidentSetSize of job (KB)
...
006 (452.386.000) 2022-04-05 16:31:30 Image size of job updated: 777204
	320  -  MemoryUsage of job (MB)
	326860  -  ResidentSetSize of job (KB)
...
006 (452.386.000) 2022-04-05 16:41:32 Image size of job updated: 777460
	320  -  MemoryUsage of job (MB)
	326992  -  ResidentSetSize of job (KB)
...
006 (452.386.000) 2022-04-05 16:46:32 Image size of job updated: 777460
	320  -  MemoryUsage of job (MB)
	327124  -  ResidentSetSize of job (KB)
...
006 (452.386.000) 2022-04-05 16:56:33 Image size of job updated: 777716
	320  -  MemoryUsage of job (MB)
	327256  -  ResidentSetSize of job (KB)
...
006 (452.386.000) 2022-04-05 17:06:34 Image size of job updated: 777716
	320  -  MemoryUsage of job (MB)
	327388  -  ResidentSetSize of job (KB)
...
006 (452.386.000) 2022-04-05 17:16:36 Image size of job updated: 777972
	320  -  MemoryUsage of job (MB)
	327520  -  ResidentSetSize of job (KB)
...
006 (452.386.000) 2022-04-05 17:21:36 Image size of job updated: 777972
	320  -  MemoryUsage of job (MB)
	327652  -  ResidentSetSize of job (KB)
...
006 (452.386.000) 2022-04-05 17:31:37 Image size of job updated: 778228
	321  -  MemoryUsage of job (MB)
	327784  -  ResidentSetSize of job (KB)
...
006 (452.386.000) 2022-04-05 17:36:37 Image size of job updated: 778228
	321  -  MemoryUsage of job (MB)
	327916  -  ResidentSetSize of job (KB)
...
006 (452.386.000) 2022-04-05 17:41:37 Image size of job updated: 778484
	321  -  MemoryUsage of job (MB)
	328048  -  ResidentSetSize of job (KB)
...
006 (452.386.000) 2022-04-05 17:46:38 Image size of job updated: 778484
	321  -  MemoryUsage of job (MB)
	328180  -  ResidentSetSize of job (KB)
...
006 (452.386.000) 2022-04-05 17:56:39 Image size of job updated: 778740
	321  -  MemoryUsage of job (MB)
	328312  -  ResidentSetSize of job (KB)
...
006 (452.386.000) 2022-04-05 18:01:39 Image size of job updated: 778740
	321  -  MemoryUsage of job (MB)
	328444  -  ResidentSetSize of job (KB)
...
006 (452.386.000) 2022-04-05 18:06:40 Image size of job updated: 778996
	321  -  MemoryUsage of job (MB)
	328576  -  ResidentSetSize of job (KB)
...
006 (452.386.000) 2022-04-05 18:11:41 Image size of job updated: 778996
	322  -  MemoryUsage of job (MB)
	328708  -  ResidentSetSize of job (KB)
...
006 (452.386.000) 2022-04-05 18:16:41 Image size of job updated: 779252
	322  -  MemoryUsage of job (MB)
	328708  -  ResidentSetSize of job (KB)
...
006 (452.386.000) 2022-04-05 18:21:42 Image size of job updated: 779252
	322  -  MemoryUsage of job (MB)
	328840  -  ResidentSetSize of job (KB)
...
006 (452.386.000) 2022-04-05 18:26:43 Image size of job updated: 779252
	322  -  MemoryUsage of job (MB)
	328972  -  ResidentSetSize of job (KB)
...
006 (452.386.000) 2022-04-05 18:31:43 Image size of job updated: 779508
	322  -  MemoryUsage of job (MB)
	329104  -  ResidentSetSize of job (KB)
...
006 (452.386.000) 2022-04-05 18:36:43 Image size of job updated: 779508
	322  -  MemoryUsage of job (MB)
	329236  -  ResidentSetSize of job (KB)
...
006 (452.386.000) 2022-04-05 18:41:44 Image size of job updated: 779764
	322  -  MemoryUsage of job (MB)
	329236  -  ResidentSetSize of job (KB)
...
005 (452.386.000) 2022-04-05 18:41:57 Job terminated.
	(1) Normal termination (return value 0)
		Usr 0 05:30:09, Sys 0 00:00:37  -  Run Remote Usage
		Usr 0 00:00:00, Sys 0 00:00:00  -  Run Local Usage
		Usr 0 05:30:09, Sys 0 00:00:37  -  Total Remote Usage
		Usr 0 00:00:00, Sys 0 00:00:00  -  Total Local Usage
	0  -  Run Bytes Sent By Job
	0  -  Run Bytes Received By Job
	0  -  Total Bytes Sent By Job
	0  -  Total Bytes Received By Job
	Partitionable Resources :    Usage  Request Allocated 
	   Cpus                 :     1.00        1         1 
	   Disk (KB)            :  7500        7500     10998 
	   Memory (MB)          :   322        1024      1024 

	Job terminated of its own accord at 2022-04-05T16:41:57Z with exit-code 0.
...
