000 (452.837.000) 2022-04-05 09:23:27 Job submitted from host: <10.18.24.243:9618?addrs=10.18.24.243-9618&alias=ecoclusts01.bioclust.biologie.ens.fr&noUDP&sock=schedd_1052_29b8>
...
001 (452.837.000) 2022-04-06 00:41:53 Job executing on host: <10.18.24.136:9618?addrs=10.18.24.136-9618&alias=dyoclust09.bioclust.biologie.ens.fr&noUDP&sock=startd_808_cc9c>
...
006 (452.837.000) 2022-04-06 00:42:02 Image size of job updated: 180440
	177  -  MemoryUsage of job (MB)
	180440  -  ResidentSetSize of job (KB)
...
006 (452.837.000) 2022-04-06 00:47:02 Image size of job updated: 741624
	317  -  MemoryUsage of job (MB)
	324088  -  ResidentSetSize of job (KB)
...
006 (452.837.000) 2022-04-06 00:52:02 Image size of job updated: 774392
	317  -  MemoryUsage of job (MB)
	324112  -  ResidentSetSize of job (KB)
...
006 (452.837.000) 2022-04-06 01:27:06 Image size of job updated: 774648
	317  -  MemoryUsage of job (MB)
	324244  -  ResidentSetSize of job (KB)
...
006 (452.837.000) 2022-04-06 01:32:07 Image size of job updated: 774904
	317  -  MemoryUsage of job (MB)
	324376  -  ResidentSetSize of job (KB)
...
006 (452.837.000) 2022-04-06 01:37:07 Image size of job updated: 774904
	317  -  MemoryUsage of job (MB)
	324508  -  ResidentSetSize of job (KB)
...
006 (452.837.000) 2022-04-06 01:42:07 Image size of job updated: 775160
	318  -  MemoryUsage of job (MB)
	324640  -  ResidentSetSize of job (KB)
...
006 (452.837.000) 2022-04-06 01:47:08 Image size of job updated: 775160
	318  -  MemoryUsage of job (MB)
	324904  -  ResidentSetSize of job (KB)
...
006 (452.837.000) 2022-04-06 01:52:09 Image size of job updated: 775416
	318  -  MemoryUsage of job (MB)
	325036  -  ResidentSetSize of job (KB)
...
006 (452.837.000) 2022-04-06 01:57:09 Image size of job updated: 775672
	318  -  MemoryUsage of job (MB)
	325300  -  ResidentSetSize of job (KB)
...
006 (452.837.000) 2022-04-06 02:02:10 Image size of job updated: 775672
	318  -  MemoryUsage of job (MB)
	325432  -  ResidentSetSize of job (KB)
...
006 (452.837.000) 2022-04-06 02:07:11 Image size of job updated: 775928
	318  -  MemoryUsage of job (MB)
	325564  -  ResidentSetSize of job (KB)
...
006 (452.837.000) 2022-04-06 02:12:11 Image size of job updated: 776184
	319  -  MemoryUsage of job (MB)
	325696  -  ResidentSetSize of job (KB)
...
006 (452.837.000) 2022-04-06 02:17:11 Image size of job updated: 776184
	319  -  MemoryUsage of job (MB)
	325960  -  ResidentSetSize of job (KB)
...
006 (452.837.000) 2022-04-06 02:22:11 Image size of job updated: 776440
	319  -  MemoryUsage of job (MB)
	326092  -  ResidentSetSize of job (KB)
...
006 (452.837.000) 2022-04-06 02:27:12 Image size of job updated: 776696
	319  -  MemoryUsage of job (MB)
	326224  -  ResidentSetSize of job (KB)
...
006 (452.837.000) 2022-04-06 02:32:12 Image size of job updated: 776952
	319  -  MemoryUsage of job (MB)
	326488  -  ResidentSetSize of job (KB)
...
006 (452.837.000) 2022-04-06 02:37:13 Image size of job updated: 776952
	319  -  MemoryUsage of job (MB)
	326620  -  ResidentSetSize of job (KB)
...
006 (452.837.000) 2022-04-06 02:52:14 Image size of job updated: 777208
	320  -  MemoryUsage of job (MB)
	326748  -  ResidentSetSize of job (KB)
...
006 (452.837.000) 2022-04-06 02:57:15 Image size of job updated: 777208
	320  -  MemoryUsage of job (MB)
	326880  -  ResidentSetSize of job (KB)
...
006 (452.837.000) 2022-04-06 03:02:15 Image size of job updated: 777464
	320  -  MemoryUsage of job (MB)
	327012  -  ResidentSetSize of job (KB)
...
006 (452.837.000) 2022-04-06 03:07:15 Image size of job updated: 777720
	320  -  MemoryUsage of job (MB)
	327276  -  ResidentSetSize of job (KB)
...
006 (452.837.000) 2022-04-06 03:12:16 Image size of job updated: 777720
	320  -  MemoryUsage of job (MB)
	327408  -  ResidentSetSize of job (KB)
...
006 (452.837.000) 2022-04-06 03:17:17 Image size of job updated: 777976
	320  -  MemoryUsage of job (MB)
	327540  -  ResidentSetSize of job (KB)
...
006 (452.837.000) 2022-04-06 03:22:17 Image size of job updated: 777976
	320  -  MemoryUsage of job (MB)
	327672  -  ResidentSetSize of job (KB)
...
006 (452.837.000) 2022-04-06 03:27:17 Image size of job updated: 778232
	321  -  MemoryUsage of job (MB)
	327804  -  ResidentSetSize of job (KB)
...
006 (452.837.000) 2022-04-06 03:32:18 Image size of job updated: 778232
	321  -  MemoryUsage of job (MB)
	327936  -  ResidentSetSize of job (KB)
...
006 (452.837.000) 2022-04-06 03:37:18 Image size of job updated: 778488
	321  -  MemoryUsage of job (MB)
	328068  -  ResidentSetSize of job (KB)
...
006 (452.837.000) 2022-04-06 03:42:18 Image size of job updated: 778744
	321  -  MemoryUsage of job (MB)
	328332  -  ResidentSetSize of job (KB)
...
006 (452.837.000) 2022-04-06 03:47:19 Image size of job updated: 778744
	321  -  MemoryUsage of job (MB)
	328464  -  ResidentSetSize of job (KB)
...
006 (452.837.000) 2022-04-06 03:52:20 Image size of job updated: 779000
	321  -  MemoryUsage of job (MB)
	328596  -  ResidentSetSize of job (KB)
...
006 (452.837.000) 2022-04-06 03:57:20 Image size of job updated: 779000
	322  -  MemoryUsage of job (MB)
	328728  -  ResidentSetSize of job (KB)
...
006 (452.837.000) 2022-04-06 04:02:20 Image size of job updated: 779256
	322  -  MemoryUsage of job (MB)
	328860  -  ResidentSetSize of job (KB)
...
006 (452.837.000) 2022-04-06 04:07:21 Image size of job updated: 779256
	322  -  MemoryUsage of job (MB)
	328992  -  ResidentSetSize of job (KB)
...
006 (452.837.000) 2022-04-06 04:12:21 Image size of job updated: 779512
	322  -  MemoryUsage of job (MB)
	329124  -  ResidentSetSize of job (KB)
...
006 (452.837.000) 2022-04-06 04:17:21 Image size of job updated: 779768
	322  -  MemoryUsage of job (MB)
	329256  -  ResidentSetSize of job (KB)
...
005 (452.837.000) 2022-04-06 04:17:37 Job terminated.
	(1) Normal termination (return value 0)
		Usr 0 03:34:18, Sys 0 00:00:25  -  Run Remote Usage
		Usr 0 00:00:00, Sys 0 00:00:00  -  Run Local Usage
		Usr 0 03:34:18, Sys 0 00:00:25  -  Total Remote Usage
		Usr 0 00:00:00, Sys 0 00:00:00  -  Total Local Usage
	0  -  Run Bytes Sent By Job
	0  -  Run Bytes Received By Job
	0  -  Total Bytes Sent By Job
	0  -  Total Bytes Received By Job
	Partitionable Resources :    Usage  Request Allocated 
	   Cpus                 :     0.99        1         1 
	   Disk (KB)            :  7500        7500     10998 
	   Memory (MB)          :   322        1024      1024 

	Job terminated of its own accord at 2022-04-06T02:17:37Z with exit-code 0.
...
