000 (452.818.000) 2022-04-05 09:23:27 Job submitted from host: <10.18.24.243:9618?addrs=10.18.24.243-9618&alias=ecoclusts01.bioclust.biologie.ens.fr&noUDP&sock=schedd_1052_29b8>
...
001 (452.818.000) 2022-04-06 00:13:51 Job executing on host: <10.18.24.130:9618?addrs=10.18.24.130-9618&alias=dyoclust03.bioclust.biologie.ens.fr&noUDP&sock=startd_813_3a96>
...
006 (452.818.000) 2022-04-06 00:13:59 Image size of job updated: 87360
	86  -  MemoryUsage of job (MB)
	87360  -  ResidentSetSize of job (KB)
...
006 (452.818.000) 2022-04-06 00:19:00 Image size of job updated: 741880
	317  -  MemoryUsage of job (MB)
	324304  -  ResidentSetSize of job (KB)
...
006 (452.818.000) 2022-04-06 00:24:01 Image size of job updated: 774648
	317  -  MemoryUsage of job (MB)
	324436  -  ResidentSetSize of job (KB)
...
006 (452.818.000) 2022-04-06 00:59:05 Image size of job updated: 774904
	317  -  MemoryUsage of job (MB)
	324436  -  ResidentSetSize of job (KB)
...
006 (452.818.000) 2022-04-06 01:04:05 Image size of job updated: 774904
	317  -  MemoryUsage of job (MB)
	324568  -  ResidentSetSize of job (KB)
...
006 (452.818.000) 2022-04-06 01:09:06 Image size of job updated: 775160
	318  -  MemoryUsage of job (MB)
	324700  -  ResidentSetSize of job (KB)
...
006 (452.818.000) 2022-04-06 01:14:07 Image size of job updated: 775416
	318  -  MemoryUsage of job (MB)
	324964  -  ResidentSetSize of job (KB)
...
006 (452.818.000) 2022-04-06 01:19:07 Image size of job updated: 775416
	318  -  MemoryUsage of job (MB)
	325096  -  ResidentSetSize of job (KB)
...
006 (452.818.000) 2022-04-06 01:24:07 Image size of job updated: 775672
	318  -  MemoryUsage of job (MB)
	325360  -  ResidentSetSize of job (KB)
...
006 (452.818.000) 2022-04-06 01:29:08 Image size of job updated: 775928
	318  -  MemoryUsage of job (MB)
	325492  -  ResidentSetSize of job (KB)
...
006 (452.818.000) 2022-04-06 01:34:09 Image size of job updated: 776184
	319  -  MemoryUsage of job (MB)
	325756  -  ResidentSetSize of job (KB)
...
006 (452.818.000) 2022-04-06 01:39:09 Image size of job updated: 776440
	319  -  MemoryUsage of job (MB)
	325888  -  ResidentSetSize of job (KB)
...
006 (452.818.000) 2022-04-06 01:44:09 Image size of job updated: 776440
	319  -  MemoryUsage of job (MB)
	326152  -  ResidentSetSize of job (KB)
...
006 (452.818.000) 2022-04-06 01:49:10 Image size of job updated: 776696
	319  -  MemoryUsage of job (MB)
	326416  -  ResidentSetSize of job (KB)
...
006 (452.818.000) 2022-04-06 01:54:11 Image size of job updated: 776952
	319  -  MemoryUsage of job (MB)
	326548  -  ResidentSetSize of job (KB)
...
006 (452.818.000) 2022-04-06 02:04:11 Image size of job updated: 776952
	319  -  MemoryUsage of job (MB)
	326624  -  ResidentSetSize of job (KB)
...
006 (452.818.000) 2022-04-06 02:09:12 Image size of job updated: 777208
	320  -  MemoryUsage of job (MB)
	326756  -  ResidentSetSize of job (KB)
...
006 (452.818.000) 2022-04-06 02:14:13 Image size of job updated: 777464
	320  -  MemoryUsage of job (MB)
	327020  -  ResidentSetSize of job (KB)
...
006 (452.818.000) 2022-04-06 02:19:13 Image size of job updated: 777464
	320  -  MemoryUsage of job (MB)
	327152  -  ResidentSetSize of job (KB)
...
006 (452.818.000) 2022-04-06 02:24:13 Image size of job updated: 777720
	320  -  MemoryUsage of job (MB)
	327416  -  ResidentSetSize of job (KB)
...
006 (452.818.000) 2022-04-06 02:29:14 Image size of job updated: 777976
	320  -  MemoryUsage of job (MB)
	327548  -  ResidentSetSize of job (KB)
...
006 (452.818.000) 2022-04-06 02:34:15 Image size of job updated: 778232
	321  -  MemoryUsage of job (MB)
	327812  -  ResidentSetSize of job (KB)
...
006 (452.818.000) 2022-04-06 02:39:15 Image size of job updated: 778232
	321  -  MemoryUsage of job (MB)
	327944  -  ResidentSetSize of job (KB)
...
006 (452.818.000) 2022-04-06 02:44:15 Image size of job updated: 778488
	321  -  MemoryUsage of job (MB)
	328208  -  ResidentSetSize of job (KB)
...
006 (452.818.000) 2022-04-06 02:49:16 Image size of job updated: 778744
	321  -  MemoryUsage of job (MB)
	328340  -  ResidentSetSize of job (KB)
...
006 (452.818.000) 2022-04-06 02:54:16 Image size of job updated: 779000
	321  -  MemoryUsage of job (MB)
	328472  -  ResidentSetSize of job (KB)
...
006 (452.818.000) 2022-04-06 02:59:16 Image size of job updated: 779000
	322  -  MemoryUsage of job (MB)
	328736  -  ResidentSetSize of job (KB)
...
006 (452.818.000) 2022-04-06 03:04:17 Image size of job updated: 779256
	322  -  MemoryUsage of job (MB)
	328868  -  ResidentSetSize of job (KB)
...
006 (452.818.000) 2022-04-06 03:09:18 Image size of job updated: 779512
	322  -  MemoryUsage of job (MB)
	329000  -  ResidentSetSize of job (KB)
...
006 (452.818.000) 2022-04-06 03:14:19 Image size of job updated: 779512
	322  -  MemoryUsage of job (MB)
	329264  -  ResidentSetSize of job (KB)
...
006 (452.818.000) 2022-04-06 03:15:26 Image size of job updated: 779768
	322  -  MemoryUsage of job (MB)
	329264  -  ResidentSetSize of job (KB)
...
005 (452.818.000) 2022-04-06 03:15:26 Job terminated.
	(1) Normal termination (return value 0)
		Usr 0 03:01:00, Sys 0 00:00:28  -  Run Remote Usage
		Usr 0 00:00:00, Sys 0 00:00:00  -  Run Local Usage
		Usr 0 03:01:00, Sys 0 00:00:28  -  Total Remote Usage
		Usr 0 00:00:00, Sys 0 00:00:00  -  Total Local Usage
	0  -  Run Bytes Sent By Job
	0  -  Run Bytes Received By Job
	0  -  Total Bytes Sent By Job
	0  -  Total Bytes Received By Job
	Partitionable Resources :    Usage  Request Allocated 
	   Cpus                 :     1.00        1         1 
	   Disk (KB)            :  7500        7500     10998 
	   Memory (MB)          :   322        1024      1024 

	Job terminated of its own accord at 2022-04-06T01:15:26Z with exit-code 0.
...
