000 (452.634.000) 2022-04-05 09:23:26 Job submitted from host: <10.18.24.243:9618?addrs=10.18.24.243-9618&alias=ecoclusts01.bioclust.biologie.ens.fr&noUDP&sock=schedd_1052_29b8>
...
001 (452.634.000) 2022-04-05 20:12:48 Job executing on host: <10.18.24.138:9618?addrs=10.18.24.138-9618&alias=dyoclust11.bioclust.biologie.ens.fr&noUDP&sock=startd_801_ff73>
...
006 (452.634.000) 2022-04-05 20:12:57 Image size of job updated: 211276
	82  -  MemoryUsage of job (MB)
	83888  -  ResidentSetSize of job (KB)
...
006 (452.634.000) 2022-04-05 20:17:58 Image size of job updated: 741620
	317  -  MemoryUsage of job (MB)
	324048  -  ResidentSetSize of job (KB)
...
006 (452.634.000) 2022-04-05 20:22:58 Image size of job updated: 774388
	317  -  MemoryUsage of job (MB)
	324048  -  ResidentSetSize of job (KB)
...
006 (452.634.000) 2022-04-05 21:13:04 Image size of job updated: 774644
	317  -  MemoryUsage of job (MB)
	324180  -  ResidentSetSize of job (KB)
...
006 (452.634.000) 2022-04-05 21:18:04 Image size of job updated: 774644
	317  -  MemoryUsage of job (MB)
	324312  -  ResidentSetSize of job (KB)
...
006 (452.634.000) 2022-04-05 21:23:05 Image size of job updated: 774900
	317  -  MemoryUsage of job (MB)
	324444  -  ResidentSetSize of job (KB)
...
006 (452.634.000) 2022-04-05 21:28:06 Image size of job updated: 775156
	318  -  MemoryUsage of job (MB)
	324708  -  ResidentSetSize of job (KB)
...
006 (452.634.000) 2022-04-05 21:33:06 Image size of job updated: 775156
	318  -  MemoryUsage of job (MB)
	324840  -  ResidentSetSize of job (KB)
...
006 (452.634.000) 2022-04-05 21:38:06 Image size of job updated: 775412
	318  -  MemoryUsage of job (MB)
	324972  -  ResidentSetSize of job (KB)
...
006 (452.634.000) 2022-04-05 21:43:08 Image size of job updated: 775668
	318  -  MemoryUsage of job (MB)
	325104  -  ResidentSetSize of job (KB)
...
006 (452.634.000) 2022-04-05 21:48:08 Image size of job updated: 775668
	318  -  MemoryUsage of job (MB)
	325368  -  ResidentSetSize of job (KB)
...
006 (452.634.000) 2022-04-05 21:53:08 Image size of job updated: 775924
	318  -  MemoryUsage of job (MB)
	325500  -  ResidentSetSize of job (KB)
...
006 (452.634.000) 2022-04-05 21:58:09 Image size of job updated: 776180
	318  -  MemoryUsage of job (MB)
	325632  -  ResidentSetSize of job (KB)
...
006 (452.634.000) 2022-04-05 22:03:10 Image size of job updated: 776180
	319  -  MemoryUsage of job (MB)
	325764  -  ResidentSetSize of job (KB)
...
006 (452.634.000) 2022-04-05 22:08:10 Image size of job updated: 776436
	319  -  MemoryUsage of job (MB)
	325896  -  ResidentSetSize of job (KB)
...
006 (452.634.000) 2022-04-05 22:13:10 Image size of job updated: 776436
	319  -  MemoryUsage of job (MB)
	326028  -  ResidentSetSize of job (KB)
...
006 (452.634.000) 2022-04-05 22:18:11 Image size of job updated: 776692
	319  -  MemoryUsage of job (MB)
	326292  -  ResidentSetSize of job (KB)
...
006 (452.634.000) 2022-04-05 22:23:11 Image size of job updated: 776948
	319  -  MemoryUsage of job (MB)
	326424  -  ResidentSetSize of job (KB)
...
006 (452.634.000) 2022-04-05 22:28:11 Image size of job updated: 776948
	319  -  MemoryUsage of job (MB)
	326556  -  ResidentSetSize of job (KB)
...
006 (452.634.000) 2022-04-05 22:38:13 Image size of job updated: 776948
	320  -  MemoryUsage of job (MB)
	326688  -  ResidentSetSize of job (KB)
...
006 (452.634.000) 2022-04-05 22:43:13 Image size of job updated: 777204
	320  -  MemoryUsage of job (MB)
	326820  -  ResidentSetSize of job (KB)
...
006 (452.634.000) 2022-04-05 22:48:14 Image size of job updated: 777460
	320  -  MemoryUsage of job (MB)
	326952  -  ResidentSetSize of job (KB)
...
006 (452.634.000) 2022-04-05 22:53:15 Image size of job updated: 777460
	320  -  MemoryUsage of job (MB)
	327216  -  ResidentSetSize of job (KB)
...
006 (452.634.000) 2022-04-05 22:58:15 Image size of job updated: 777716
	320  -  MemoryUsage of job (MB)
	327348  -  ResidentSetSize of job (KB)
...
006 (452.634.000) 2022-04-05 23:03:15 Image size of job updated: 777972
	320  -  MemoryUsage of job (MB)
	327480  -  ResidentSetSize of job (KB)
...
006 (452.634.000) 2022-04-05 23:08:17 Image size of job updated: 777972
	320  -  MemoryUsage of job (MB)
	327612  -  ResidentSetSize of job (KB)
...
006 (452.634.000) 2022-04-05 23:13:17 Image size of job updated: 778228
	321  -  MemoryUsage of job (MB)
	327876  -  ResidentSetSize of job (KB)
...
006 (452.634.000) 2022-04-05 23:18:17 Image size of job updated: 778484
	321  -  MemoryUsage of job (MB)
	328008  -  ResidentSetSize of job (KB)
...
006 (452.634.000) 2022-04-05 23:23:18 Image size of job updated: 778484
	321  -  MemoryUsage of job (MB)
	328140  -  ResidentSetSize of job (KB)
...
006 (452.634.000) 2022-04-05 23:28:19 Image size of job updated: 778740
	321  -  MemoryUsage of job (MB)
	328404  -  ResidentSetSize of job (KB)
...
006 (452.634.000) 2022-04-05 23:33:19 Image size of job updated: 778996
	321  -  MemoryUsage of job (MB)
	328536  -  ResidentSetSize of job (KB)
...
006 (452.634.000) 2022-04-05 23:38:20 Image size of job updated: 778996
	321  -  MemoryUsage of job (MB)
	328668  -  ResidentSetSize of job (KB)
...
006 (452.634.000) 2022-04-05 23:43:21 Image size of job updated: 779252
	322  -  MemoryUsage of job (MB)
	328932  -  ResidentSetSize of job (KB)
...
006 (452.634.000) 2022-04-05 23:48:21 Image size of job updated: 779508
	322  -  MemoryUsage of job (MB)
	329064  -  ResidentSetSize of job (KB)
...
006 (452.634.000) 2022-04-05 23:53:21 Image size of job updated: 779764
	322  -  MemoryUsage of job (MB)
	329196  -  ResidentSetSize of job (KB)
...
005 (452.634.000) 2022-04-05 23:54:12 Job terminated.
	(1) Normal termination (return value 0)
		Usr 0 03:37:38, Sys 0 00:00:51  -  Run Remote Usage
		Usr 0 00:00:00, Sys 0 00:00:00  -  Run Local Usage
		Usr 0 03:37:38, Sys 0 00:00:51  -  Total Remote Usage
		Usr 0 00:00:00, Sys 0 00:00:00  -  Total Local Usage
	0  -  Run Bytes Sent By Job
	0  -  Run Bytes Received By Job
	0  -  Total Bytes Sent By Job
	0  -  Total Bytes Received By Job
	Partitionable Resources :    Usage  Request Allocated 
	   Cpus                 :     1.00        1         1 
	   Disk (KB)            :  7500        7500     10998 
	   Memory (MB)          :   322        1024      1024 

	Job terminated of its own accord at 2022-04-05T21:54:13Z with exit-code 0.
...
