000 (452.960.000) 2022-04-05 09:23:28 Job submitted from host: <10.18.24.243:9618?addrs=10.18.24.243-9618&alias=ecoclusts01.bioclust.biologie.ens.fr&noUDP&sock=schedd_1052_29b8>
...
001 (452.960.000) 2022-04-06 03:02:24 Job executing on host: <10.18.24.175:9618?addrs=10.18.24.175-9618&alias=mcbsclust04.bioclust.biologie.ens.fr&noUDP&sock=startd_869_a3e3>
...
006 (452.960.000) 2022-04-06 03:02:32 Image size of job updated: 86436
	85  -  MemoryUsage of job (MB)
	86436  -  ResidentSetSize of job (KB)
...
006 (452.960.000) 2022-04-06 03:07:32 Image size of job updated: 741876
	317  -  MemoryUsage of job (MB)
	324352  -  ResidentSetSize of job (KB)
...
006 (452.960.000) 2022-04-06 03:17:34 Image size of job updated: 774644
	317  -  MemoryUsage of job (MB)
	324352  -  ResidentSetSize of job (KB)
...
006 (452.960.000) 2022-04-06 04:52:44 Image size of job updated: 774900
	317  -  MemoryUsage of job (MB)
	324352  -  ResidentSetSize of job (KB)
...
006 (452.960.000) 2022-04-06 04:57:45 Image size of job updated: 774900
	317  -  MemoryUsage of job (MB)
	324484  -  ResidentSetSize of job (KB)
...
006 (452.960.000) 2022-04-06 05:02:46 Image size of job updated: 774900
	318  -  MemoryUsage of job (MB)
	324616  -  ResidentSetSize of job (KB)
...
006 (452.960.000) 2022-04-06 05:07:46 Image size of job updated: 775156
	318  -  MemoryUsage of job (MB)
	324616  -  ResidentSetSize of job (KB)
...
006 (452.960.000) 2022-04-06 05:12:46 Image size of job updated: 775156
	318  -  MemoryUsage of job (MB)
	324748  -  ResidentSetSize of job (KB)
...
006 (452.960.000) 2022-04-06 05:22:47 Image size of job updated: 775156
	318  -  MemoryUsage of job (MB)
	324880  -  ResidentSetSize of job (KB)
...
006 (452.960.000) 2022-04-06 05:27:47 Image size of job updated: 775412
	318  -  MemoryUsage of job (MB)
	324880  -  ResidentSetSize of job (KB)
...
006 (452.960.000) 2022-04-06 05:32:48 Image size of job updated: 775412
	318  -  MemoryUsage of job (MB)
	325012  -  ResidentSetSize of job (KB)
...
006 (452.960.000) 2022-04-06 05:37:49 Image size of job updated: 775412
	318  -  MemoryUsage of job (MB)
	325144  -  ResidentSetSize of job (KB)
...
006 (452.960.000) 2022-04-06 05:42:49 Image size of job updated: 775668
	318  -  MemoryUsage of job (MB)
	325276  -  ResidentSetSize of job (KB)
...
006 (452.960.000) 2022-04-06 05:52:50 Image size of job updated: 775924
	318  -  MemoryUsage of job (MB)
	325408  -  ResidentSetSize of job (KB)
...
006 (452.960.000) 2022-04-06 05:57:50 Image size of job updated: 775924
	318  -  MemoryUsage of job (MB)
	325540  -  ResidentSetSize of job (KB)
...
006 (452.960.000) 2022-04-06 06:02:50 Image size of job updated: 775924
	319  -  MemoryUsage of job (MB)
	325672  -  ResidentSetSize of job (KB)
...
006 (452.960.000) 2022-04-06 06:07:51 Image size of job updated: 776180
	319  -  MemoryUsage of job (MB)
	325672  -  ResidentSetSize of job (KB)
...
006 (452.960.000) 2022-04-06 06:12:52 Image size of job updated: 776180
	319  -  MemoryUsage of job (MB)
	325804  -  ResidentSetSize of job (KB)
...
006 (452.960.000) 2022-04-06 06:17:52 Image size of job updated: 776180
	319  -  MemoryUsage of job (MB)
	325936  -  ResidentSetSize of job (KB)
...
006 (452.960.000) 2022-04-06 06:22:52 Image size of job updated: 776436
	319  -  MemoryUsage of job (MB)
	326068  -  ResidentSetSize of job (KB)
...
006 (452.960.000) 2022-04-06 06:32:53 Image size of job updated: 776692
	319  -  MemoryUsage of job (MB)
	326200  -  ResidentSetSize of job (KB)
...
006 (452.960.000) 2022-04-06 06:37:53 Image size of job updated: 776692
	319  -  MemoryUsage of job (MB)
	326332  -  ResidentSetSize of job (KB)
...
006 (452.960.000) 2022-04-06 06:42:54 Image size of job updated: 776692
	319  -  MemoryUsage of job (MB)
	326464  -  ResidentSetSize of job (KB)
...
006 (452.960.000) 2022-04-06 06:47:55 Image size of job updated: 776948
	319  -  MemoryUsage of job (MB)
	326464  -  ResidentSetSize of job (KB)
...
006 (452.960.000) 2022-04-06 06:52:55 Image size of job updated: 776948
	319  -  MemoryUsage of job (MB)
	326596  -  ResidentSetSize of job (KB)
...
006 (452.960.000) 2022-04-06 07:17:57 Image size of job updated: 777204
	320  -  MemoryUsage of job (MB)
	326728  -  ResidentSetSize of job (KB)
...
006 (452.960.000) 2022-04-06 07:22:58 Image size of job updated: 777204
	320  -  MemoryUsage of job (MB)
	326860  -  ResidentSetSize of job (KB)
...
006 (452.960.000) 2022-04-06 07:32:59 Image size of job updated: 777460
	320  -  MemoryUsage of job (MB)
	326992  -  ResidentSetSize of job (KB)
...
006 (452.960.000) 2022-04-06 07:38:00 Image size of job updated: 777460
	320  -  MemoryUsage of job (MB)
	327124  -  ResidentSetSize of job (KB)
...
006 (452.960.000) 2022-04-06 07:48:00 Image size of job updated: 777716
	320  -  MemoryUsage of job (MB)
	327256  -  ResidentSetSize of job (KB)
...
006 (452.960.000) 2022-04-06 07:53:02 Image size of job updated: 777716
	320  -  MemoryUsage of job (MB)
	327388  -  ResidentSetSize of job (KB)
...
006 (452.960.000) 2022-04-06 07:58:02 Image size of job updated: 777716
	320  -  MemoryUsage of job (MB)
	327520  -  ResidentSetSize of job (KB)
...
006 (452.960.000) 2022-04-06 08:03:02 Image size of job updated: 777972
	320  -  MemoryUsage of job (MB)
	327520  -  ResidentSetSize of job (KB)
...
006 (452.960.000) 2022-04-06 08:08:03 Image size of job updated: 777972
	320  -  MemoryUsage of job (MB)
	327652  -  ResidentSetSize of job (KB)
...
006 (452.960.000) 2022-04-06 08:18:04 Image size of job updated: 778228
	321  -  MemoryUsage of job (MB)
	327784  -  ResidentSetSize of job (KB)
...
006 (452.960.000) 2022-04-06 08:23:04 Image size of job updated: 778228
	321  -  MemoryUsage of job (MB)
	327916  -  ResidentSetSize of job (KB)
...
006 (452.960.000) 2022-04-06 08:33:06 Image size of job updated: 778484
	321  -  MemoryUsage of job (MB)
	328048  -  ResidentSetSize of job (KB)
...
006 (452.960.000) 2022-04-06 08:38:06 Image size of job updated: 778484
	321  -  MemoryUsage of job (MB)
	328180  -  ResidentSetSize of job (KB)
...
006 (452.960.000) 2022-04-06 08:48:08 Image size of job updated: 778740
	321  -  MemoryUsage of job (MB)
	328312  -  ResidentSetSize of job (KB)
...
006 (452.960.000) 2022-04-06 08:53:08 Image size of job updated: 778740
	321  -  MemoryUsage of job (MB)
	328444  -  ResidentSetSize of job (KB)
...
006 (452.960.000) 2022-04-06 09:03:09 Image size of job updated: 778996
	321  -  MemoryUsage of job (MB)
	328576  -  ResidentSetSize of job (KB)
...
006 (452.960.000) 2022-04-06 09:08:10 Image size of job updated: 778996
	322  -  MemoryUsage of job (MB)
	328708  -  ResidentSetSize of job (KB)
...
006 (452.960.000) 2022-04-06 09:18:11 Image size of job updated: 779252
	322  -  MemoryUsage of job (MB)
	328840  -  ResidentSetSize of job (KB)
...
006 (452.960.000) 2022-04-06 09:28:12 Image size of job updated: 779252
	322  -  MemoryUsage of job (MB)
	328972  -  ResidentSetSize of job (KB)
...
006 (452.960.000) 2022-04-06 09:33:12 Image size of job updated: 779508
	322  -  MemoryUsage of job (MB)
	329104  -  ResidentSetSize of job (KB)
...
006 (452.960.000) 2022-04-06 09:38:13 Image size of job updated: 779508
	322  -  MemoryUsage of job (MB)
	329236  -  ResidentSetSize of job (KB)
...
006 (452.960.000) 2022-04-06 09:43:14 Image size of job updated: 779764
	322  -  MemoryUsage of job (MB)
	329236  -  ResidentSetSize of job (KB)
...
005 (452.960.000) 2022-04-06 09:43:29 Job terminated.
	(1) Normal termination (return value 0)
		Usr 0 06:39:01, Sys 0 00:00:27  -  Run Remote Usage
		Usr 0 00:00:00, Sys 0 00:00:00  -  Run Local Usage
		Usr 0 06:39:01, Sys 0 00:00:27  -  Total Remote Usage
		Usr 0 00:00:00, Sys 0 00:00:00  -  Total Local Usage
	0  -  Run Bytes Sent By Job
	0  -  Run Bytes Received By Job
	0  -  Total Bytes Sent By Job
	0  -  Total Bytes Received By Job
	Partitionable Resources :    Usage  Request Allocated 
	   Cpus                 :     1.00        1         1 
	   Disk (KB)            :  7500        7500     10998 
	   Memory (MB)          :   322        1024      1024 

	Job terminated of its own accord at 2022-04-06T07:43:28Z with exit-code 0.
...
