000 (452.344.000) 2022-04-05 09:23:25 Job submitted from host: <10.18.24.243:9618?addrs=10.18.24.243-9618&alias=ecoclusts01.bioclust.biologie.ens.fr&noUDP&sock=schedd_1052_29b8>
...
001 (452.344.000) 2022-04-05 12:57:02 Job executing on host: <10.18.24.9:9618?addrs=10.18.24.9-9618&alias=bioclust09.bioclust.biologie.ens.fr&noUDP&sock=startd_4128219_7123>
...
006 (452.344.000) 2022-04-05 12:57:10 Image size of job updated: 39024
	39  -  MemoryUsage of job (MB)
	39024  -  ResidentSetSize of job (KB)
...
006 (452.344.000) 2022-04-05 13:02:11 Image size of job updated: 741620
	317  -  MemoryUsage of job (MB)
	324040  -  ResidentSetSize of job (KB)
...
006 (452.344.000) 2022-04-05 13:17:13 Image size of job updated: 774388
	317  -  MemoryUsage of job (MB)
	324040  -  ResidentSetSize of job (KB)
...
006 (452.344.000) 2022-04-05 14:37:21 Image size of job updated: 774644
	317  -  MemoryUsage of job (MB)
	324172  -  ResidentSetSize of job (KB)
...
006 (452.344.000) 2022-04-05 14:52:23 Image size of job updated: 774644
	317  -  MemoryUsage of job (MB)
	324304  -  ResidentSetSize of job (KB)
...
006 (452.344.000) 2022-04-05 14:57:24 Image size of job updated: 774900
	317  -  MemoryUsage of job (MB)
	324436  -  ResidentSetSize of job (KB)
...
006 (452.344.000) 2022-04-05 15:07:25 Image size of job updated: 774900
	317  -  MemoryUsage of job (MB)
	324568  -  ResidentSetSize of job (KB)
...
006 (452.344.000) 2022-04-05 15:17:26 Image size of job updated: 775156
	318  -  MemoryUsage of job (MB)
	324700  -  ResidentSetSize of job (KB)
...
006 (452.344.000) 2022-04-05 15:32:28 Image size of job updated: 775156
	318  -  MemoryUsage of job (MB)
	324832  -  ResidentSetSize of job (KB)
...
006 (452.344.000) 2022-04-05 15:42:29 Image size of job updated: 775412
	318  -  MemoryUsage of job (MB)
	324964  -  ResidentSetSize of job (KB)
...
006 (452.344.000) 2022-04-05 15:52:29 Image size of job updated: 775412
	318  -  MemoryUsage of job (MB)
	325096  -  ResidentSetSize of job (KB)
...
006 (452.344.000) 2022-04-05 15:57:30 Image size of job updated: 775668
	318  -  MemoryUsage of job (MB)
	325228  -  ResidentSetSize of job (KB)
...
006 (452.344.000) 2022-04-05 16:07:31 Image size of job updated: 775668
	318  -  MemoryUsage of job (MB)
	325360  -  ResidentSetSize of job (KB)
...
006 (452.344.000) 2022-04-05 16:17:33 Image size of job updated: 775924
	318  -  MemoryUsage of job (MB)
	325492  -  ResidentSetSize of job (KB)
...
006 (452.344.000) 2022-04-05 16:27:34 Image size of job updated: 775924
	318  -  MemoryUsage of job (MB)
	325624  -  ResidentSetSize of job (KB)
...
006 (452.344.000) 2022-04-05 16:32:35 Image size of job updated: 776180
	318  -  MemoryUsage of job (MB)
	325624  -  ResidentSetSize of job (KB)
...
006 (452.344.000) 2022-04-05 16:37:35 Image size of job updated: 776180
	319  -  MemoryUsage of job (MB)
	325756  -  ResidentSetSize of job (KB)
...
006 (452.344.000) 2022-04-05 16:47:36 Image size of job updated: 776436
	319  -  MemoryUsage of job (MB)
	325888  -  ResidentSetSize of job (KB)
...
006 (452.344.000) 2022-04-05 16:52:36 Image size of job updated: 776436
	319  -  MemoryUsage of job (MB)
	326020  -  ResidentSetSize of job (KB)
...
006 (452.344.000) 2022-04-05 17:02:38 Image size of job updated: 776436
	319  -  MemoryUsage of job (MB)
	326152  -  ResidentSetSize of job (KB)
...
006 (452.344.000) 2022-04-05 17:07:38 Image size of job updated: 776692
	319  -  MemoryUsage of job (MB)
	326284  -  ResidentSetSize of job (KB)
...
006 (452.344.000) 2022-04-05 17:17:40 Image size of job updated: 776692
	319  -  MemoryUsage of job (MB)
	326416  -  ResidentSetSize of job (KB)
...
006 (452.344.000) 2022-04-05 17:22:40 Image size of job updated: 776948
	319  -  MemoryUsage of job (MB)
	326416  -  ResidentSetSize of job (KB)
...
006 (452.344.000) 2022-04-05 17:27:40 Image size of job updated: 776948
	319  -  MemoryUsage of job (MB)
	326548  -  ResidentSetSize of job (KB)
...
006 (452.344.000) 2022-04-05 17:52:44 Image size of job updated: 776948
	320  -  MemoryUsage of job (MB)
	326680  -  ResidentSetSize of job (KB)
...
006 (452.344.000) 2022-04-05 17:57:44 Image size of job updated: 777204
	320  -  MemoryUsage of job (MB)
	326680  -  ResidentSetSize of job (KB)
...
006 (452.344.000) 2022-04-05 18:02:44 Image size of job updated: 777204
	320  -  MemoryUsage of job (MB)
	326812  -  ResidentSetSize of job (KB)
...
006 (452.344.000) 2022-04-05 18:12:45 Image size of job updated: 777204
	320  -  MemoryUsage of job (MB)
	326944  -  ResidentSetSize of job (KB)
...
006 (452.344.000) 2022-04-05 18:17:45 Image size of job updated: 777460
	320  -  MemoryUsage of job (MB)
	326944  -  ResidentSetSize of job (KB)
...
006 (452.344.000) 2022-04-05 18:22:47 Image size of job updated: 777460
	320  -  MemoryUsage of job (MB)
	327076  -  ResidentSetSize of job (KB)
...
006 (452.344.000) 2022-04-05 18:27:47 Image size of job updated: 777460
	320  -  MemoryUsage of job (MB)
	327208  -  ResidentSetSize of job (KB)
...
006 (452.344.000) 2022-04-05 18:32:47 Image size of job updated: 777716
	320  -  MemoryUsage of job (MB)
	327208  -  ResidentSetSize of job (KB)
...
006 (452.344.000) 2022-04-05 18:37:48 Image size of job updated: 777716
	320  -  MemoryUsage of job (MB)
	327340  -  ResidentSetSize of job (KB)
...
006 (452.344.000) 2022-04-05 18:47:49 Image size of job updated: 777972
	320  -  MemoryUsage of job (MB)
	327472  -  ResidentSetSize of job (KB)
...
006 (452.344.000) 2022-04-05 18:52:50 Image size of job updated: 777972
	320  -  MemoryUsage of job (MB)
	327604  -  ResidentSetSize of job (KB)
...
006 (452.344.000) 2022-04-05 19:02:51 Image size of job updated: 777972
	321  -  MemoryUsage of job (MB)
	327736  -  ResidentSetSize of job (KB)
...
006 (452.344.000) 2022-04-05 19:07:52 Image size of job updated: 778228
	321  -  MemoryUsage of job (MB)
	327736  -  ResidentSetSize of job (KB)
...
006 (452.344.000) 2022-04-05 19:12:53 Image size of job updated: 778228
	321  -  MemoryUsage of job (MB)
	327868  -  ResidentSetSize of job (KB)
...
006 (452.344.000) 2022-04-05 19:17:53 Image size of job updated: 778228
	321  -  MemoryUsage of job (MB)
	328000  -  ResidentSetSize of job (KB)
...
006 (452.344.000) 2022-04-05 19:22:54 Image size of job updated: 778484
	321  -  MemoryUsage of job (MB)
	328000  -  ResidentSetSize of job (KB)
...
006 (452.344.000) 2022-04-05 19:27:55 Image size of job updated: 778484
	321  -  MemoryUsage of job (MB)
	328132  -  ResidentSetSize of job (KB)
...
006 (452.344.000) 2022-04-05 19:37:55 Image size of job updated: 778740
	321  -  MemoryUsage of job (MB)
	328264  -  ResidentSetSize of job (KB)
...
006 (452.344.000) 2022-04-05 19:47:56 Image size of job updated: 778740
	321  -  MemoryUsage of job (MB)
	328396  -  ResidentSetSize of job (KB)
...
006 (452.344.000) 2022-04-05 19:52:56 Image size of job updated: 778996
	321  -  MemoryUsage of job (MB)
	328528  -  ResidentSetSize of job (KB)
...
006 (452.344.000) 2022-04-05 19:57:57 Image size of job updated: 778996
	321  -  MemoryUsage of job (MB)
	328660  -  ResidentSetSize of job (KB)
...
006 (452.344.000) 2022-04-05 20:07:58 Image size of job updated: 779252
	322  -  MemoryUsage of job (MB)
	328792  -  ResidentSetSize of job (KB)
...
006 (452.344.000) 2022-04-05 20:12:59 Image size of job updated: 779252
	322  -  MemoryUsage of job (MB)
	328924  -  ResidentSetSize of job (KB)
...
006 (452.344.000) 2022-04-05 20:18:00 Image size of job updated: 779508
	322  -  MemoryUsage of job (MB)
	328924  -  ResidentSetSize of job (KB)
...
006 (452.344.000) 2022-04-05 20:23:00 Image size of job updated: 779508
	322  -  MemoryUsage of job (MB)
	329056  -  ResidentSetSize of job (KB)
...
006 (452.344.000) 2022-04-05 20:28:01 Image size of job updated: 779508
	322  -  MemoryUsage of job (MB)
	329188  -  ResidentSetSize of job (KB)
...
006 (452.344.000) 2022-04-05 20:33:02 Image size of job updated: 779764
	322  -  MemoryUsage of job (MB)
	329320  -  ResidentSetSize of job (KB)
...
005 (452.344.000) 2022-04-05 20:35:35 Job terminated.
	(1) Normal termination (return value 0)
		Usr 0 07:34:01, Sys 0 00:01:25  -  Run Remote Usage
		Usr 0 00:00:00, Sys 0 00:00:00  -  Run Local Usage
		Usr 0 07:34:01, Sys 0 00:01:25  -  Total Remote Usage
		Usr 0 00:00:00, Sys 0 00:00:00  -  Total Local Usage
	0  -  Run Bytes Sent By Job
	0  -  Run Bytes Received By Job
	0  -  Total Bytes Sent By Job
	0  -  Total Bytes Received By Job
	Partitionable Resources :    Usage  Request Allocated 
	   Cpus                 :     1.00        1         1 
	   Disk (KB)            :  7500        7500     10469 
	   Memory (MB)          :   322        1024      1024 

	Job terminated of its own accord at 2022-04-05T18:35:35Z with exit-code 0.
...
