000 (452.995.000) 2022-04-05 09:23:28 Job submitted from host: <10.18.24.243:9618?addrs=10.18.24.243-9618&alias=ecoclusts01.bioclust.biologie.ens.fr&noUDP&sock=schedd_1052_29b8>
...
001 (452.995.000) 2022-04-06 04:00:57 Job executing on host: <10.18.24.130:9618?addrs=10.18.24.130-9618&alias=dyoclust03.bioclust.biologie.ens.fr&noUDP&sock=startd_813_3a96>
...
006 (452.995.000) 2022-04-06 04:01:06 Image size of job updated: 94064
	92  -  MemoryUsage of job (MB)
	94064  -  ResidentSetSize of job (KB)
...
006 (452.995.000) 2022-04-06 04:06:07 Image size of job updated: 798236
	317  -  MemoryUsage of job (MB)
	324280  -  ResidentSetSize of job (KB)
...
006 (452.995.000) 2022-04-06 04:11:07 Image size of job updated: 798236
	317  -  MemoryUsage of job (MB)
	324412  -  ResidentSetSize of job (KB)
...
006 (452.995.000) 2022-04-06 04:46:10 Image size of job updated: 798236
	317  -  MemoryUsage of job (MB)
	324544  -  ResidentSetSize of job (KB)
...
006 (452.995.000) 2022-04-06 04:51:10 Image size of job updated: 798236
	318  -  MemoryUsage of job (MB)
	324676  -  ResidentSetSize of job (KB)
...
006 (452.995.000) 2022-04-06 04:56:11 Image size of job updated: 798236
	318  -  MemoryUsage of job (MB)
	324808  -  ResidentSetSize of job (KB)
...
006 (452.995.000) 2022-04-06 05:01:12 Image size of job updated: 798236
	318  -  MemoryUsage of job (MB)
	325072  -  ResidentSetSize of job (KB)
...
006 (452.995.000) 2022-04-06 05:06:12 Image size of job updated: 798236
	318  -  MemoryUsage of job (MB)
	325204  -  ResidentSetSize of job (KB)
...
006 (452.995.000) 2022-04-06 05:11:12 Image size of job updated: 798236
	318  -  MemoryUsage of job (MB)
	325468  -  ResidentSetSize of job (KB)
...
006 (452.995.000) 2022-04-06 05:16:13 Image size of job updated: 798236
	319  -  MemoryUsage of job (MB)
	325732  -  ResidentSetSize of job (KB)
...
006 (452.995.000) 2022-04-06 05:21:13 Image size of job updated: 798236
	319  -  MemoryUsage of job (MB)
	325864  -  ResidentSetSize of job (KB)
...
006 (452.995.000) 2022-04-06 05:26:13 Image size of job updated: 798236
	319  -  MemoryUsage of job (MB)
	326128  -  ResidentSetSize of job (KB)
...
006 (452.995.000) 2022-04-06 05:31:14 Image size of job updated: 798236
	319  -  MemoryUsage of job (MB)
	326260  -  ResidentSetSize of job (KB)
...
006 (452.995.000) 2022-04-06 05:36:15 Image size of job updated: 798236
	319  -  MemoryUsage of job (MB)
	326524  -  ResidentSetSize of job (KB)
...
006 (452.995.000) 2022-04-06 05:46:16 Image size of job updated: 798236
	319  -  MemoryUsage of job (MB)
	326656  -  ResidentSetSize of job (KB)
...
006 (452.995.000) 2022-04-06 05:51:17 Image size of job updated: 798236
	320  -  MemoryUsage of job (MB)
	326788  -  ResidentSetSize of job (KB)
...
006 (452.995.000) 2022-04-06 05:56:17 Image size of job updated: 798236
	320  -  MemoryUsage of job (MB)
	326920  -  ResidentSetSize of job (KB)
...
006 (452.995.000) 2022-04-06 06:01:17 Image size of job updated: 798236
	320  -  MemoryUsage of job (MB)
	327184  -  ResidentSetSize of job (KB)
...
006 (452.995.000) 2022-04-06 06:06:18 Image size of job updated: 798236
	320  -  MemoryUsage of job (MB)
	327316  -  ResidentSetSize of job (KB)
...
006 (452.995.000) 2022-04-06 06:11:19 Image size of job updated: 798236
	320  -  MemoryUsage of job (MB)
	327580  -  ResidentSetSize of job (KB)
...
006 (452.995.000) 2022-04-06 06:16:19 Image size of job updated: 798236
	321  -  MemoryUsage of job (MB)
	327712  -  ResidentSetSize of job (KB)
...
006 (452.995.000) 2022-04-06 06:21:20 Image size of job updated: 798236
	321  -  MemoryUsage of job (MB)
	327976  -  ResidentSetSize of job (KB)
...
006 (452.995.000) 2022-04-06 06:26:21 Image size of job updated: 798236
	321  -  MemoryUsage of job (MB)
	328108  -  ResidentSetSize of job (KB)
...
006 (452.995.000) 2022-04-06 06:31:21 Image size of job updated: 798236
	321  -  MemoryUsage of job (MB)
	328372  -  ResidentSetSize of job (KB)
...
006 (452.995.000) 2022-04-06 06:36:21 Image size of job updated: 798236
	321  -  MemoryUsage of job (MB)
	328504  -  ResidentSetSize of job (KB)
...
006 (452.995.000) 2022-04-06 06:41:22 Image size of job updated: 798236
	322  -  MemoryUsage of job (MB)
	328768  -  ResidentSetSize of job (KB)
...
006 (452.995.000) 2022-04-06 06:46:22 Image size of job updated: 798236
	322  -  MemoryUsage of job (MB)
	328900  -  ResidentSetSize of job (KB)
...
006 (452.995.000) 2022-04-06 06:51:22 Image size of job updated: 798236
	322  -  MemoryUsage of job (MB)
	329164  -  ResidentSetSize of job (KB)
...
005 (452.995.000) 2022-04-06 06:54:24 Job terminated.
	(1) Normal termination (return value 0)
		Usr 0 02:52:55, Sys 0 00:00:25  -  Run Remote Usage
		Usr 0 00:00:00, Sys 0 00:00:00  -  Run Local Usage
		Usr 0 02:52:55, Sys 0 00:00:25  -  Total Remote Usage
		Usr 0 00:00:00, Sys 0 00:00:00  -  Total Local Usage
	0  -  Run Bytes Sent By Job
	0  -  Run Bytes Received By Job
	0  -  Total Bytes Sent By Job
	0  -  Total Bytes Received By Job
	Partitionable Resources :    Usage  Request Allocated 
	   Cpus                 :     1.00        1         1 
	   Disk (KB)            :  7500        7500     10998 
	   Memory (MB)          :   322        1024      1024 

	Job terminated of its own accord at 2022-04-06T04:54:24Z with exit-code 0.
...
