000 (452.694.000) 2022-04-05 09:23:26 Job submitted from host: <10.18.24.243:9618?addrs=10.18.24.243-9618&alias=ecoclusts01.bioclust.biologie.ens.fr&noUDP&sock=schedd_1052_29b8>
...
001 (452.694.000) 2022-04-05 21:45:50 Job executing on host: <10.18.24.17:9618?addrs=10.18.24.17-9618&alias=bioclust17.bioclust.biologie.ens.fr&noUDP&sock=startd_1040_ee95>
...
006 (452.694.000) 2022-04-05 21:45:58 Image size of job updated: 59348
	58  -  MemoryUsage of job (MB)
	59348  -  ResidentSetSize of job (KB)
...
006 (452.694.000) 2022-04-05 21:50:58 Image size of job updated: 741620
	317  -  MemoryUsage of job (MB)
	324144  -  ResidentSetSize of job (KB)
...
006 (452.694.000) 2022-04-05 22:11:00 Image size of job updated: 774388
	317  -  MemoryUsage of job (MB)
	324144  -  ResidentSetSize of job (KB)
...
006 (452.694.000) 2022-04-06 00:41:17 Image size of job updated: 774644
	317  -  MemoryUsage of job (MB)
	324144  -  ResidentSetSize of job (KB)
...
006 (452.694.000) 2022-04-06 00:51:19 Image size of job updated: 774644
	317  -  MemoryUsage of job (MB)
	324276  -  ResidentSetSize of job (KB)
...
006 (452.694.000) 2022-04-06 01:01:20 Image size of job updated: 774900
	317  -  MemoryUsage of job (MB)
	324408  -  ResidentSetSize of job (KB)
...
006 (452.694.000) 2022-04-06 01:11:21 Image size of job updated: 774900
	317  -  MemoryUsage of job (MB)
	324540  -  ResidentSetSize of job (KB)
...
006 (452.694.000) 2022-04-06 01:21:23 Image size of job updated: 775156
	318  -  MemoryUsage of job (MB)
	324672  -  ResidentSetSize of job (KB)
...
006 (452.694.000) 2022-04-06 01:31:23 Image size of job updated: 775156
	318  -  MemoryUsage of job (MB)
	324804  -  ResidentSetSize of job (KB)
...
006 (452.694.000) 2022-04-06 01:36:24 Image size of job updated: 775156
	318  -  MemoryUsage of job (MB)
	324936  -  ResidentSetSize of job (KB)
...
006 (452.694.000) 2022-04-06 01:41:25 Image size of job updated: 775412
	318  -  MemoryUsage of job (MB)
	324936  -  ResidentSetSize of job (KB)
...
006 (452.694.000) 2022-04-06 01:51:26 Image size of job updated: 775412
	318  -  MemoryUsage of job (MB)
	325068  -  ResidentSetSize of job (KB)
...
006 (452.694.000) 2022-04-06 02:01:27 Image size of job updated: 775668
	318  -  MemoryUsage of job (MB)
	325200  -  ResidentSetSize of job (KB)
...
006 (452.694.000) 2022-04-06 02:11:28 Image size of job updated: 775668
	318  -  MemoryUsage of job (MB)
	325332  -  ResidentSetSize of job (KB)
...
006 (452.694.000) 2022-04-06 02:21:29 Image size of job updated: 775924
	318  -  MemoryUsage of job (MB)
	325464  -  ResidentSetSize of job (KB)
...
006 (452.694.000) 2022-04-06 02:36:31 Image size of job updated: 775924
	318  -  MemoryUsage of job (MB)
	325596  -  ResidentSetSize of job (KB)
...
006 (452.694.000) 2022-04-06 02:41:31 Image size of job updated: 776180
	318  -  MemoryUsage of job (MB)
	325596  -  ResidentSetSize of job (KB)
...
006 (452.694.000) 2022-04-06 02:46:32 Image size of job updated: 776180
	319  -  MemoryUsage of job (MB)
	325728  -  ResidentSetSize of job (KB)
...
006 (452.694.000) 2022-04-06 02:56:32 Image size of job updated: 776180
	319  -  MemoryUsage of job (MB)
	325860  -  ResidentSetSize of job (KB)
...
006 (452.694.000) 2022-04-06 03:06:34 Image size of job updated: 776436
	319  -  MemoryUsage of job (MB)
	325992  -  ResidentSetSize of job (KB)
...
006 (452.694.000) 2022-04-06 03:16:35 Image size of job updated: 776436
	319  -  MemoryUsage of job (MB)
	326124  -  ResidentSetSize of job (KB)
...
006 (452.694.000) 2022-04-06 03:26:36 Image size of job updated: 776692
	319  -  MemoryUsage of job (MB)
	326256  -  ResidentSetSize of job (KB)
...
006 (452.694.000) 2022-04-06 03:36:38 Image size of job updated: 776692
	319  -  MemoryUsage of job (MB)
	326388  -  ResidentSetSize of job (KB)
...
006 (452.694.000) 2022-04-06 03:41:38 Image size of job updated: 776948
	319  -  MemoryUsage of job (MB)
	326388  -  ResidentSetSize of job (KB)
...
006 (452.694.000) 2022-04-06 03:46:38 Image size of job updated: 776948
	319  -  MemoryUsage of job (MB)
	326520  -  ResidentSetSize of job (KB)
...
006 (452.694.000) 2022-04-06 03:56:40 Image size of job updated: 776948
	319  -  MemoryUsage of job (MB)
	326652  -  ResidentSetSize of job (KB)
...
006 (452.694.000) 2022-04-06 04:26:42 Image size of job updated: 777204
	320  -  MemoryUsage of job (MB)
	326740  -  ResidentSetSize of job (KB)
...
006 (452.694.000) 2022-04-06 04:31:43 Image size of job updated: 777204
	320  -  MemoryUsage of job (MB)
	326872  -  ResidentSetSize of job (KB)
...
006 (452.694.000) 2022-04-06 04:46:45 Image size of job updated: 777460
	320  -  MemoryUsage of job (MB)
	327004  -  ResidentSetSize of job (KB)
...
006 (452.694.000) 2022-04-06 05:01:47 Image size of job updated: 777460
	320  -  MemoryUsage of job (MB)
	327136  -  ResidentSetSize of job (KB)
...
006 (452.694.000) 2022-04-06 05:11:47 Image size of job updated: 777716
	320  -  MemoryUsage of job (MB)
	327268  -  ResidentSetSize of job (KB)
...
006 (452.694.000) 2022-04-06 05:21:49 Image size of job updated: 777716
	320  -  MemoryUsage of job (MB)
	327400  -  ResidentSetSize of job (KB)
...
006 (452.694.000) 2022-04-06 05:31:49 Image size of job updated: 777972
	320  -  MemoryUsage of job (MB)
	327532  -  ResidentSetSize of job (KB)
...
006 (452.694.000) 2022-04-06 05:46:51 Image size of job updated: 777972
	320  -  MemoryUsage of job (MB)
	327664  -  ResidentSetSize of job (KB)
...
006 (452.694.000) 2022-04-06 05:56:53 Image size of job updated: 778228
	321  -  MemoryUsage of job (MB)
	327796  -  ResidentSetSize of job (KB)
...
006 (452.694.000) 2022-04-06 06:06:54 Image size of job updated: 778228
	321  -  MemoryUsage of job (MB)
	327928  -  ResidentSetSize of job (KB)
...
006 (452.694.000) 2022-04-06 06:16:55 Image size of job updated: 778484
	321  -  MemoryUsage of job (MB)
	327928  -  ResidentSetSize of job (KB)
...
006 (452.694.000) 2022-04-06 06:21:55 Image size of job updated: 778484
	321  -  MemoryUsage of job (MB)
	328060  -  ResidentSetSize of job (KB)
...
006 (452.694.000) 2022-04-06 06:31:57 Image size of job updated: 778484
	321  -  MemoryUsage of job (MB)
	328192  -  ResidentSetSize of job (KB)
...
006 (452.694.000) 2022-04-06 06:41:58 Image size of job updated: 778740
	321  -  MemoryUsage of job (MB)
	328324  -  ResidentSetSize of job (KB)
...
006 (452.694.000) 2022-04-06 06:56:59 Image size of job updated: 778740
	321  -  MemoryUsage of job (MB)
	328456  -  ResidentSetSize of job (KB)
...
006 (452.694.000) 2022-04-06 07:02:00 Image size of job updated: 778996
	321  -  MemoryUsage of job (MB)
	328588  -  ResidentSetSize of job (KB)
...
006 (452.694.000) 2022-04-06 07:17:01 Image size of job updated: 778996
	322  -  MemoryUsage of job (MB)
	328720  -  ResidentSetSize of job (KB)
...
006 (452.694.000) 2022-04-06 07:22:02 Image size of job updated: 779252
	322  -  MemoryUsage of job (MB)
	328852  -  ResidentSetSize of job (KB)
...
006 (452.694.000) 2022-04-06 07:37:04 Image size of job updated: 779252
	322  -  MemoryUsage of job (MB)
	328984  -  ResidentSetSize of job (KB)
...
006 (452.694.000) 2022-04-06 07:42:04 Image size of job updated: 779508
	322  -  MemoryUsage of job (MB)
	328984  -  ResidentSetSize of job (KB)
...
006 (452.694.000) 2022-04-06 07:47:04 Image size of job updated: 779508
	322  -  MemoryUsage of job (MB)
	329116  -  ResidentSetSize of job (KB)
...
006 (452.694.000) 2022-04-06 07:57:05 Image size of job updated: 779508
	322  -  MemoryUsage of job (MB)
	329248  -  ResidentSetSize of job (KB)
...
006 (452.694.000) 2022-04-06 08:04:59 Image size of job updated: 779764
	322  -  MemoryUsage of job (MB)
	329248  -  ResidentSetSize of job (KB)
...
005 (452.694.000) 2022-04-06 08:04:59 Job terminated.
	(1) Normal termination (return value 0)
		Usr 0 10:13:18, Sys 0 00:01:18  -  Run Remote Usage
		Usr 0 00:00:00, Sys 0 00:00:00  -  Run Local Usage
		Usr 0 10:13:18, Sys 0 00:01:18  -  Total Remote Usage
		Usr 0 00:00:00, Sys 0 00:00:00  -  Total Local Usage
	0  -  Run Bytes Sent By Job
	0  -  Run Bytes Received By Job
	0  -  Total Bytes Sent By Job
	0  -  Total Bytes Received By Job
	Partitionable Resources :    Usage  Request Allocated 
	   Cpus                 :     1.00        1         1 
	   Disk (KB)            :  7500        7500     10998 
	   Memory (MB)          :   322        1024      1024 

	Job terminated of its own accord at 2022-04-06T06:04:59Z with exit-code 0.
...
