000 (452.727.000) 2022-04-05 09:23:27 Job submitted from host: <10.18.24.243:9618?addrs=10.18.24.243-9618&alias=ecoclusts01.bioclust.biologie.ens.fr&noUDP&sock=schedd_1052_29b8>
...
001 (452.727.000) 2022-04-05 22:15:51 Job executing on host: <10.18.24.131:9618?addrs=10.18.24.131-9618&alias=dyoclust04.bioclust.biologie.ens.fr&noUDP&sock=startd_807_1d04>
...
006 (452.727.000) 2022-04-05 22:16:00 Image size of job updated: 126724
	91  -  MemoryUsage of job (MB)
	92348  -  ResidentSetSize of job (KB)
...
006 (452.727.000) 2022-04-05 22:21:00 Image size of job updated: 896308
	317  -  MemoryUsage of job (MB)
	324088  -  ResidentSetSize of job (KB)
...
006 (452.727.000) 2022-04-05 22:26:01 Image size of job updated: 896308
	317  -  MemoryUsage of job (MB)
	324112  -  ResidentSetSize of job (KB)
...
006 (452.727.000) 2022-04-05 23:36:07 Image size of job updated: 896308
	317  -  MemoryUsage of job (MB)
	324376  -  ResidentSetSize of job (KB)
...
006 (452.727.000) 2022-04-05 23:41:09 Image size of job updated: 896308
	317  -  MemoryUsage of job (MB)
	324508  -  ResidentSetSize of job (KB)
...
006 (452.727.000) 2022-04-05 23:46:09 Image size of job updated: 896308
	318  -  MemoryUsage of job (MB)
	324640  -  ResidentSetSize of job (KB)
...
006 (452.727.000) 2022-04-05 23:51:10 Image size of job updated: 896308
	318  -  MemoryUsage of job (MB)
	324772  -  ResidentSetSize of job (KB)
...
006 (452.727.000) 2022-04-05 23:56:09 Image size of job updated: 896308
	318  -  MemoryUsage of job (MB)
	325036  -  ResidentSetSize of job (KB)
...
006 (452.727.000) 2022-04-06 00:01:09 Image size of job updated: 896308
	318  -  MemoryUsage of job (MB)
	325168  -  ResidentSetSize of job (KB)
...
006 (452.727.000) 2022-04-06 00:06:10 Image size of job updated: 896308
	318  -  MemoryUsage of job (MB)
	325300  -  ResidentSetSize of job (KB)
...
006 (452.727.000) 2022-04-06 00:11:10 Image size of job updated: 896308
	318  -  MemoryUsage of job (MB)
	325564  -  ResidentSetSize of job (KB)
...
006 (452.727.000) 2022-04-06 00:16:10 Image size of job updated: 896308
	319  -  MemoryUsage of job (MB)
	325696  -  ResidentSetSize of job (KB)
...
006 (452.727.000) 2022-04-06 00:21:11 Image size of job updated: 896308
	319  -  MemoryUsage of job (MB)
	325960  -  ResidentSetSize of job (KB)
...
006 (452.727.000) 2022-04-06 00:26:13 Image size of job updated: 896308
	319  -  MemoryUsage of job (MB)
	326092  -  ResidentSetSize of job (KB)
...
006 (452.727.000) 2022-04-06 00:31:14 Image size of job updated: 896308
	319  -  MemoryUsage of job (MB)
	326356  -  ResidentSetSize of job (KB)
...
006 (452.727.000) 2022-04-06 00:36:14 Image size of job updated: 896308
	319  -  MemoryUsage of job (MB)
	326488  -  ResidentSetSize of job (KB)
...
006 (452.727.000) 2022-04-06 00:46:15 Image size of job updated: 896308
	319  -  MemoryUsage of job (MB)
	326596  -  ResidentSetSize of job (KB)
...
006 (452.727.000) 2022-04-06 00:51:15 Image size of job updated: 896308
	320  -  MemoryUsage of job (MB)
	326728  -  ResidentSetSize of job (KB)
...
006 (452.727.000) 2022-04-06 00:56:15 Image size of job updated: 896308
	320  -  MemoryUsage of job (MB)
	326860  -  ResidentSetSize of job (KB)
...
006 (452.727.000) 2022-04-06 01:01:16 Image size of job updated: 896308
	320  -  MemoryUsage of job (MB)
	326992  -  ResidentSetSize of job (KB)
...
006 (452.727.000) 2022-04-06 01:06:17 Image size of job updated: 896308
	320  -  MemoryUsage of job (MB)
	327256  -  ResidentSetSize of job (KB)
...
006 (452.727.000) 2022-04-06 01:11:17 Image size of job updated: 896308
	320  -  MemoryUsage of job (MB)
	327388  -  ResidentSetSize of job (KB)
...
006 (452.727.000) 2022-04-06 01:16:17 Image size of job updated: 896308
	320  -  MemoryUsage of job (MB)
	327520  -  ResidentSetSize of job (KB)
...
006 (452.727.000) 2022-04-06 01:21:18 Image size of job updated: 896308
	320  -  MemoryUsage of job (MB)
	327652  -  ResidentSetSize of job (KB)
...
006 (452.727.000) 2022-04-06 01:26:18 Image size of job updated: 896308
	321  -  MemoryUsage of job (MB)
	327916  -  ResidentSetSize of job (KB)
...
006 (452.727.000) 2022-04-06 01:31:18 Image size of job updated: 896308
	321  -  MemoryUsage of job (MB)
	328048  -  ResidentSetSize of job (KB)
...
006 (452.727.000) 2022-04-06 01:36:19 Image size of job updated: 896308
	321  -  MemoryUsage of job (MB)
	328312  -  ResidentSetSize of job (KB)
...
006 (452.727.000) 2022-04-06 01:41:20 Image size of job updated: 896308
	321  -  MemoryUsage of job (MB)
	328444  -  ResidentSetSize of job (KB)
...
006 (452.727.000) 2022-04-06 01:46:20 Image size of job updated: 896308
	321  -  MemoryUsage of job (MB)
	328576  -  ResidentSetSize of job (KB)
...
006 (452.727.000) 2022-04-06 01:51:20 Image size of job updated: 896308
	322  -  MemoryUsage of job (MB)
	328840  -  ResidentSetSize of job (KB)
...
006 (452.727.000) 2022-04-06 01:56:21 Image size of job updated: 896308
	322  -  MemoryUsage of job (MB)
	328972  -  ResidentSetSize of job (KB)
...
006 (452.727.000) 2022-04-06 02:06:21 Image size of job updated: 896308
	322  -  MemoryUsage of job (MB)
	329236  -  ResidentSetSize of job (KB)
...
005 (452.727.000) 2022-04-06 02:08:57 Job terminated.
	(1) Normal termination (return value 0)
		Usr 0 03:50:17, Sys 0 00:01:28  -  Run Remote Usage
		Usr 0 00:00:00, Sys 0 00:00:00  -  Run Local Usage
		Usr 0 03:50:17, Sys 0 00:01:28  -  Total Remote Usage
		Usr 0 00:00:00, Sys 0 00:00:00  -  Total Local Usage
	0  -  Run Bytes Sent By Job
	0  -  Run Bytes Received By Job
	0  -  Total Bytes Sent By Job
	0  -  Total Bytes Received By Job
	Partitionable Resources :    Usage  Request Allocated 
	   Cpus                 :     1.00        1         1 
	   Disk (KB)            :  7500        7500     10998 
	   Memory (MB)          :   322        1024      1024 

	Job terminated of its own accord at 2022-04-06T00:08:57Z with exit-code 0.
...
