000 (452.037.000) 2022-04-05 09:23:24 Job submitted from host: <10.18.24.243:9618?addrs=10.18.24.243-9618&alias=ecoclusts01.bioclust.biologie.ens.fr&noUDP&sock=schedd_1052_29b8>
...
001 (452.037.000) 2022-04-05 09:23:30 Job executing on host: <10.18.24.110:9618?addrs=10.18.24.110-9618&alias=ecoclust15.bioclust.biologie.ens.fr&noUDP&sock=startd_1163_4cbb>
...
006 (452.037.000) 2022-04-05 09:23:38 Image size of job updated: 105924
	22  -  MemoryUsage of job (MB)
	22260  -  ResidentSetSize of job (KB)
...
006 (452.037.000) 2022-04-05 09:28:38 Image size of job updated: 741620
	317  -  MemoryUsage of job (MB)
	324096  -  ResidentSetSize of job (KB)
...
006 (452.037.000) 2022-04-05 09:43:40 Image size of job updated: 774388
	317  -  MemoryUsage of job (MB)
	324096  -  ResidentSetSize of job (KB)
...
006 (452.037.000) 2022-04-05 10:48:46 Image size of job updated: 774644
	317  -  MemoryUsage of job (MB)
	324096  -  ResidentSetSize of job (KB)
...
006 (452.037.000) 2022-04-05 10:53:47 Image size of job updated: 774644
	317  -  MemoryUsage of job (MB)
	324228  -  ResidentSetSize of job (KB)
...
006 (452.037.000) 2022-04-05 10:58:48 Image size of job updated: 774900
	317  -  MemoryUsage of job (MB)
	324360  -  ResidentSetSize of job (KB)
...
006 (452.037.000) 2022-04-05 11:03:48 Image size of job updated: 774900
	317  -  MemoryUsage of job (MB)
	324492  -  ResidentSetSize of job (KB)
...
006 (452.037.000) 2022-04-05 11:13:50 Image size of job updated: 774900
	318  -  MemoryUsage of job (MB)
	324624  -  ResidentSetSize of job (KB)
...
006 (452.037.000) 2022-04-05 11:18:50 Image size of job updated: 775156
	318  -  MemoryUsage of job (MB)
	324624  -  ResidentSetSize of job (KB)
...
006 (452.037.000) 2022-04-05 11:23:51 Image size of job updated: 775156
	318  -  MemoryUsage of job (MB)
	324756  -  ResidentSetSize of job (KB)
...
006 (452.037.000) 2022-04-05 11:33:52 Image size of job updated: 775412
	318  -  MemoryUsage of job (MB)
	324888  -  ResidentSetSize of job (KB)
...
006 (452.037.000) 2022-04-05 11:38:53 Image size of job updated: 775412
	318  -  MemoryUsage of job (MB)
	325020  -  ResidentSetSize of job (KB)
...
006 (452.037.000) 2022-04-05 11:48:54 Image size of job updated: 775412
	318  -  MemoryUsage of job (MB)
	325152  -  ResidentSetSize of job (KB)
...
006 (452.037.000) 2022-04-05 11:53:55 Image size of job updated: 775668
	318  -  MemoryUsage of job (MB)
	325152  -  ResidentSetSize of job (KB)
...
006 (452.037.000) 2022-04-05 11:58:56 Image size of job updated: 775668
	318  -  MemoryUsage of job (MB)
	325284  -  ResidentSetSize of job (KB)
...
006 (452.037.000) 2022-04-05 12:08:56 Image size of job updated: 775924
	318  -  MemoryUsage of job (MB)
	325416  -  ResidentSetSize of job (KB)
...
006 (452.037.000) 2022-04-05 12:13:57 Image size of job updated: 775924
	318  -  MemoryUsage of job (MB)
	325548  -  ResidentSetSize of job (KB)
...
006 (452.037.000) 2022-04-05 12:23:58 Image size of job updated: 776180
	319  -  MemoryUsage of job (MB)
	325680  -  ResidentSetSize of job (KB)
...
006 (452.037.000) 2022-04-05 12:28:59 Image size of job updated: 776180
	319  -  MemoryUsage of job (MB)
	325812  -  ResidentSetSize of job (KB)
...
006 (452.037.000) 2022-04-05 12:39:00 Image size of job updated: 776436
	319  -  MemoryUsage of job (MB)
	325944  -  ResidentSetSize of job (KB)
...
006 (452.037.000) 2022-04-05 12:49:02 Image size of job updated: 776436
	319  -  MemoryUsage of job (MB)
	326076  -  ResidentSetSize of job (KB)
...
006 (452.037.000) 2022-04-05 12:59:03 Image size of job updated: 776692
	319  -  MemoryUsage of job (MB)
	326208  -  ResidentSetSize of job (KB)
...
006 (452.037.000) 2022-04-05 13:09:04 Image size of job updated: 776692
	319  -  MemoryUsage of job (MB)
	326340  -  ResidentSetSize of job (KB)
...
006 (452.037.000) 2022-04-05 13:19:06 Image size of job updated: 776948
	319  -  MemoryUsage of job (MB)
	326472  -  ResidentSetSize of job (KB)
...
006 (452.037.000) 2022-04-05 13:29:07 Image size of job updated: 776948
	319  -  MemoryUsage of job (MB)
	326604  -  ResidentSetSize of job (KB)
...
006 (452.037.000) 2022-04-05 13:59:11 Image size of job updated: 777204
	320  -  MemoryUsage of job (MB)
	326736  -  ResidentSetSize of job (KB)
...
006 (452.037.000) 2022-04-05 14:14:13 Image size of job updated: 777204
	320  -  MemoryUsage of job (MB)
	326868  -  ResidentSetSize of job (KB)
...
006 (452.037.000) 2022-04-05 14:24:14 Image size of job updated: 777460
	320  -  MemoryUsage of job (MB)
	327000  -  ResidentSetSize of job (KB)
...
006 (452.037.000) 2022-04-05 14:29:15 Image size of job updated: 777460
	320  -  MemoryUsage of job (MB)
	327132  -  ResidentSetSize of job (KB)
...
006 (452.037.000) 2022-04-05 14:39:16 Image size of job updated: 777460
	320  -  MemoryUsage of job (MB)
	327264  -  ResidentSetSize of job (KB)
...
006 (452.037.000) 2022-04-05 14:44:16 Image size of job updated: 777716
	320  -  MemoryUsage of job (MB)
	327264  -  ResidentSetSize of job (KB)
...
006 (452.037.000) 2022-04-05 14:54:17 Image size of job updated: 777716
	320  -  MemoryUsage of job (MB)
	327396  -  ResidentSetSize of job (KB)
...
006 (452.037.000) 2022-04-05 14:59:18 Image size of job updated: 777972
	320  -  MemoryUsage of job (MB)
	327528  -  ResidentSetSize of job (KB)
...
006 (452.037.000) 2022-04-05 15:09:19 Image size of job updated: 777972
	320  -  MemoryUsage of job (MB)
	327660  -  ResidentSetSize of job (KB)
...
006 (452.037.000) 2022-04-05 15:19:21 Image size of job updated: 778228
	321  -  MemoryUsage of job (MB)
	327792  -  ResidentSetSize of job (KB)
...
006 (452.037.000) 2022-04-05 15:24:21 Image size of job updated: 778228
	321  -  MemoryUsage of job (MB)
	327924  -  ResidentSetSize of job (KB)
...
006 (452.037.000) 2022-04-05 15:34:23 Image size of job updated: 778484
	321  -  MemoryUsage of job (MB)
	328056  -  ResidentSetSize of job (KB)
...
006 (452.037.000) 2022-04-05 15:44:24 Image size of job updated: 778484
	321  -  MemoryUsage of job (MB)
	328188  -  ResidentSetSize of job (KB)
...
006 (452.037.000) 2022-04-05 15:49:25 Image size of job updated: 778740
	321  -  MemoryUsage of job (MB)
	328188  -  ResidentSetSize of job (KB)
...
006 (452.037.000) 2022-04-05 15:54:25 Image size of job updated: 778740
	321  -  MemoryUsage of job (MB)
	328320  -  ResidentSetSize of job (KB)
...
006 (452.037.000) 2022-04-05 15:59:26 Image size of job updated: 778740
	321  -  MemoryUsage of job (MB)
	328452  -  ResidentSetSize of job (KB)
...
006 (452.037.000) 2022-04-05 16:04:27 Image size of job updated: 778996
	321  -  MemoryUsage of job (MB)
	328452  -  ResidentSetSize of job (KB)
...
006 (452.037.000) 2022-04-05 16:09:27 Image size of job updated: 778996
	321  -  MemoryUsage of job (MB)
	328584  -  ResidentSetSize of job (KB)
...
006 (452.037.000) 2022-04-05 16:14:28 Image size of job updated: 778996
	322  -  MemoryUsage of job (MB)
	328716  -  ResidentSetSize of job (KB)
...
006 (452.037.000) 2022-04-05 16:24:29 Image size of job updated: 779252
	322  -  MemoryUsage of job (MB)
	328848  -  ResidentSetSize of job (KB)
...
006 (452.037.000) 2022-04-05 16:34:31 Image size of job updated: 779508
	322  -  MemoryUsage of job (MB)
	329112  -  ResidentSetSize of job (KB)
...
006 (452.037.000) 2022-04-05 16:44:31 Image size of job updated: 779508
	322  -  MemoryUsage of job (MB)
	329244  -  ResidentSetSize of job (KB)
...
006 (452.037.000) 2022-04-05 16:49:06 Image size of job updated: 779764
	322  -  MemoryUsage of job (MB)
	329244  -  ResidentSetSize of job (KB)
...
005 (452.037.000) 2022-04-05 16:49:06 Job terminated.
	(1) Normal termination (return value 0)
		Usr 0 07:23:45, Sys 0 00:01:11  -  Run Remote Usage
		Usr 0 00:00:00, Sys 0 00:00:00  -  Run Local Usage
		Usr 0 07:23:45, Sys 0 00:01:11  -  Total Remote Usage
		Usr 0 00:00:00, Sys 0 00:00:00  -  Total Local Usage
	0  -  Run Bytes Sent By Job
	0  -  Run Bytes Received By Job
	0  -  Total Bytes Sent By Job
	0  -  Total Bytes Received By Job
	Partitionable Resources :    Usage  Request Allocated 
	   Cpus                 :     1.00        1         1 
	   Disk (KB)            :  7500        7500      9960 
	   Memory (MB)          :   322        1024      1024 

	Job terminated of its own accord at 2022-04-05T14:49:06Z with exit-code 0.
...
