000 (452.239.000) 2022-04-05 09:23:25 Job submitted from host: <10.18.24.243:9618?addrs=10.18.24.243-9618&alias=ecoclusts01.bioclust.biologie.ens.fr&noUDP&sock=schedd_1052_29b8>
...
001 (452.239.000) 2022-04-05 10:56:32 Job executing on host: <10.18.24.178:9618?addrs=10.18.24.178-9618&alias=mcbsclust07.bioclust.biologie.ens.fr&noUDP&sock=startd_912_2276>
...
006 (452.239.000) 2022-04-05 10:56:41 Image size of job updated: 112084
	110  -  MemoryUsage of job (MB)
	112084  -  ResidentSetSize of job (KB)
...
006 (452.239.000) 2022-04-05 11:01:41 Image size of job updated: 741876
	306  -  MemoryUsage of job (MB)
	312424  -  ResidentSetSize of job (KB)
...
006 (452.239.000) 2022-04-05 11:06:42 Image size of job updated: 741876
	317  -  MemoryUsage of job (MB)
	324248  -  ResidentSetSize of job (KB)
...
006 (452.239.000) 2022-04-05 11:11:43 Image size of job updated: 774644
	317  -  MemoryUsage of job (MB)
	324272  -  ResidentSetSize of job (KB)
...
006 (452.239.000) 2022-04-05 13:26:54 Image size of job updated: 774644
	317  -  MemoryUsage of job (MB)
	324404  -  ResidentSetSize of job (KB)
...
006 (452.239.000) 2022-04-05 13:31:55 Image size of job updated: 774900
	317  -  MemoryUsage of job (MB)
	324536  -  ResidentSetSize of job (KB)
...
006 (452.239.000) 2022-04-05 13:41:55 Image size of job updated: 775156
	318  -  MemoryUsage of job (MB)
	324668  -  ResidentSetSize of job (KB)
...
006 (452.239.000) 2022-04-05 13:46:56 Image size of job updated: 775156
	318  -  MemoryUsage of job (MB)
	324800  -  ResidentSetSize of job (KB)
...
006 (452.239.000) 2022-04-05 13:51:56 Image size of job updated: 775412
	318  -  MemoryUsage of job (MB)
	324932  -  ResidentSetSize of job (KB)
...
006 (452.239.000) 2022-04-05 13:56:56 Image size of job updated: 775412
	318  -  MemoryUsage of job (MB)
	325064  -  ResidentSetSize of job (KB)
...
006 (452.239.000) 2022-04-05 14:01:57 Image size of job updated: 775668
	318  -  MemoryUsage of job (MB)
	325196  -  ResidentSetSize of job (KB)
...
006 (452.239.000) 2022-04-05 14:06:58 Image size of job updated: 775668
	318  -  MemoryUsage of job (MB)
	325328  -  ResidentSetSize of job (KB)
...
006 (452.239.000) 2022-04-05 14:11:58 Image size of job updated: 775924
	318  -  MemoryUsage of job (MB)
	325460  -  ResidentSetSize of job (KB)
...
006 (452.239.000) 2022-04-05 14:16:58 Image size of job updated: 775924
	318  -  MemoryUsage of job (MB)
	325592  -  ResidentSetSize of job (KB)
...
006 (452.239.000) 2022-04-05 14:26:59 Image size of job updated: 776180
	319  -  MemoryUsage of job (MB)
	325724  -  ResidentSetSize of job (KB)
...
006 (452.239.000) 2022-04-05 14:31:59 Image size of job updated: 776180
	319  -  MemoryUsage of job (MB)
	325856  -  ResidentSetSize of job (KB)
...
006 (452.239.000) 2022-04-05 14:37:00 Image size of job updated: 776436
	319  -  MemoryUsage of job (MB)
	325988  -  ResidentSetSize of job (KB)
...
006 (452.239.000) 2022-04-05 14:42:01 Image size of job updated: 776436
	319  -  MemoryUsage of job (MB)
	326120  -  ResidentSetSize of job (KB)
...
006 (452.239.000) 2022-04-05 14:47:01 Image size of job updated: 776692
	319  -  MemoryUsage of job (MB)
	326120  -  ResidentSetSize of job (KB)
...
006 (452.239.000) 2022-04-05 14:52:02 Image size of job updated: 776692
	319  -  MemoryUsage of job (MB)
	326384  -  ResidentSetSize of job (KB)
...
006 (452.239.000) 2022-04-05 14:57:03 Image size of job updated: 776948
	319  -  MemoryUsage of job (MB)
	326384  -  ResidentSetSize of job (KB)
...
006 (452.239.000) 2022-04-05 15:02:03 Image size of job updated: 776948
	319  -  MemoryUsage of job (MB)
	326516  -  ResidentSetSize of job (KB)
...
006 (452.239.000) 2022-04-05 15:22:05 Image size of job updated: 776948
	319  -  MemoryUsage of job (MB)
	326612  -  ResidentSetSize of job (KB)
...
006 (452.239.000) 2022-04-05 15:27:06 Image size of job updated: 777204
	320  -  MemoryUsage of job (MB)
	326744  -  ResidentSetSize of job (KB)
...
006 (452.239.000) 2022-04-05 15:32:07 Image size of job updated: 777204
	320  -  MemoryUsage of job (MB)
	326876  -  ResidentSetSize of job (KB)
...
006 (452.239.000) 2022-04-05 15:42:07 Image size of job updated: 777460
	320  -  MemoryUsage of job (MB)
	327008  -  ResidentSetSize of job (KB)
...
006 (452.239.000) 2022-04-05 15:47:08 Image size of job updated: 777460
	320  -  MemoryUsage of job (MB)
	327140  -  ResidentSetSize of job (KB)
...
006 (452.239.000) 2022-04-05 15:52:09 Image size of job updated: 777716
	320  -  MemoryUsage of job (MB)
	327272  -  ResidentSetSize of job (KB)
...
006 (452.239.000) 2022-04-05 16:02:10 Image size of job updated: 777716
	320  -  MemoryUsage of job (MB)
	327404  -  ResidentSetSize of job (KB)
...
006 (452.239.000) 2022-04-05 16:07:11 Image size of job updated: 777972
	320  -  MemoryUsage of job (MB)
	327536  -  ResidentSetSize of job (KB)
...
006 (452.239.000) 2022-04-05 16:17:11 Image size of job updated: 777972
	320  -  MemoryUsage of job (MB)
	327668  -  ResidentSetSize of job (KB)
...
006 (452.239.000) 2022-04-05 16:22:12 Image size of job updated: 778228
	321  -  MemoryUsage of job (MB)
	327800  -  ResidentSetSize of job (KB)
...
006 (452.239.000) 2022-04-05 16:27:13 Image size of job updated: 778228
	321  -  MemoryUsage of job (MB)
	327932  -  ResidentSetSize of job (KB)
...
006 (452.239.000) 2022-04-05 16:32:13 Image size of job updated: 778484
	321  -  MemoryUsage of job (MB)
	327932  -  ResidentSetSize of job (KB)
...
006 (452.239.000) 2022-04-05 16:37:14 Image size of job updated: 778484
	321  -  MemoryUsage of job (MB)
	328064  -  ResidentSetSize of job (KB)
...
006 (452.239.000) 2022-04-05 16:42:15 Image size of job updated: 778484
	321  -  MemoryUsage of job (MB)
	328196  -  ResidentSetSize of job (KB)
...
006 (452.239.000) 2022-04-05 16:47:15 Image size of job updated: 778740
	321  -  MemoryUsage of job (MB)
	328328  -  ResidentSetSize of job (KB)
...
006 (452.239.000) 2022-04-05 16:57:17 Image size of job updated: 778996
	321  -  MemoryUsage of job (MB)
	328460  -  ResidentSetSize of job (KB)
...
006 (452.239.000) 2022-04-05 17:02:17 Image size of job updated: 778996
	321  -  MemoryUsage of job (MB)
	328592  -  ResidentSetSize of job (KB)
...
006 (452.239.000) 2022-04-05 17:07:17 Image size of job updated: 778996
	322  -  MemoryUsage of job (MB)
	328724  -  ResidentSetSize of job (KB)
...
006 (452.239.000) 2022-04-05 17:12:18 Image size of job updated: 779252
	322  -  MemoryUsage of job (MB)
	328856  -  ResidentSetSize of job (KB)
...
006 (452.239.000) 2022-04-05 17:22:19 Image size of job updated: 779508
	322  -  MemoryUsage of job (MB)
	328988  -  ResidentSetSize of job (KB)
...
006 (452.239.000) 2022-04-05 17:27:19 Image size of job updated: 779508
	322  -  MemoryUsage of job (MB)
	329120  -  ResidentSetSize of job (KB)
...
006 (452.239.000) 2022-04-05 17:32:20 Image size of job updated: 779508
	322  -  MemoryUsage of job (MB)
	329252  -  ResidentSetSize of job (KB)
...
006 (452.239.000) 2022-04-05 17:36:28 Image size of job updated: 779764
	322  -  MemoryUsage of job (MB)
	329252  -  ResidentSetSize of job (KB)
...
005 (452.239.000) 2022-04-05 17:36:28 Job terminated.
	(1) Normal termination (return value 0)
		Usr 0 06:38:00, Sys 0 00:00:30  -  Run Remote Usage
		Usr 0 00:00:00, Sys 0 00:00:00  -  Run Local Usage
		Usr 0 06:38:00, Sys 0 00:00:30  -  Total Remote Usage
		Usr 0 00:00:00, Sys 0 00:00:00  -  Total Local Usage
	0  -  Run Bytes Sent By Job
	0  -  Run Bytes Received By Job
	0  -  Total Bytes Sent By Job
	0  -  Total Bytes Received By Job
	Partitionable Resources :    Usage  Request Allocated 
	   Cpus                 :     1.00        1         1 
	   Disk (KB)            :  7500        7500     11001 
	   Memory (MB)          :   322        1024      1024 

	Job terminated of its own accord at 2022-04-05T15:36:28Z with exit-code 0.
...
