000 (452.510.000) 2022-04-05 09:23:26 Job submitted from host: <10.18.24.243:9618?addrs=10.18.24.243-9618&alias=ecoclusts01.bioclust.biologie.ens.fr&noUDP&sock=schedd_1052_29b8>
...
001 (452.510.000) 2022-04-05 17:52:22 Job executing on host: <10.18.24.130:9618?addrs=10.18.24.130-9618&alias=dyoclust03.bioclust.biologie.ens.fr&noUDP&sock=startd_813_3a96>
...
006 (452.510.000) 2022-04-05 17:52:31 Image size of job updated: 93004
	91  -  MemoryUsage of job (MB)
	93004  -  ResidentSetSize of job (KB)
...
006 (452.510.000) 2022-04-05 17:57:32 Image size of job updated: 741880
	317  -  MemoryUsage of job (MB)
	324328  -  ResidentSetSize of job (KB)
...
006 (452.510.000) 2022-04-05 18:02:33 Image size of job updated: 774648
	317  -  MemoryUsage of job (MB)
	324328  -  ResidentSetSize of job (KB)
...
006 (452.510.000) 2022-04-05 18:47:37 Image size of job updated: 774904
	317  -  MemoryUsage of job (MB)
	324416  -  ResidentSetSize of job (KB)
...
006 (452.510.000) 2022-04-05 18:52:37 Image size of job updated: 775160
	318  -  MemoryUsage of job (MB)
	324680  -  ResidentSetSize of job (KB)
...
006 (452.510.000) 2022-04-05 18:57:37 Image size of job updated: 775160
	318  -  MemoryUsage of job (MB)
	324812  -  ResidentSetSize of job (KB)
...
006 (452.510.000) 2022-04-05 19:02:38 Image size of job updated: 775416
	318  -  MemoryUsage of job (MB)
	324944  -  ResidentSetSize of job (KB)
...
006 (452.510.000) 2022-04-05 19:07:39 Image size of job updated: 775672
	318  -  MemoryUsage of job (MB)
	325208  -  ResidentSetSize of job (KB)
...
006 (452.510.000) 2022-04-05 19:12:39 Image size of job updated: 775672
	318  -  MemoryUsage of job (MB)
	325340  -  ResidentSetSize of job (KB)
...
006 (452.510.000) 2022-04-05 19:17:39 Image size of job updated: 775928
	318  -  MemoryUsage of job (MB)
	325604  -  ResidentSetSize of job (KB)
...
006 (452.510.000) 2022-04-05 19:22:40 Image size of job updated: 776184
	319  -  MemoryUsage of job (MB)
	325736  -  ResidentSetSize of job (KB)
...
006 (452.510.000) 2022-04-05 19:27:40 Image size of job updated: 776440
	319  -  MemoryUsage of job (MB)
	326000  -  ResidentSetSize of job (KB)
...
006 (452.510.000) 2022-04-05 19:32:40 Image size of job updated: 776696
	319  -  MemoryUsage of job (MB)
	326264  -  ResidentSetSize of job (KB)
...
006 (452.510.000) 2022-04-05 19:37:40 Image size of job updated: 776696
	319  -  MemoryUsage of job (MB)
	326396  -  ResidentSetSize of job (KB)
...
006 (452.510.000) 2022-04-05 19:42:41 Image size of job updated: 776952
	319  -  MemoryUsage of job (MB)
	326528  -  ResidentSetSize of job (KB)
...
006 (452.510.000) 2022-04-05 19:52:42 Image size of job updated: 776952
	320  -  MemoryUsage of job (MB)
	326660  -  ResidentSetSize of job (KB)
...
006 (452.510.000) 2022-04-05 19:57:42 Image size of job updated: 777208
	320  -  MemoryUsage of job (MB)
	326792  -  ResidentSetSize of job (KB)
...
006 (452.510.000) 2022-04-05 20:02:44 Image size of job updated: 777464
	320  -  MemoryUsage of job (MB)
	326924  -  ResidentSetSize of job (KB)
...
006 (452.510.000) 2022-04-05 20:07:44 Image size of job updated: 777464
	320  -  MemoryUsage of job (MB)
	327056  -  ResidentSetSize of job (KB)
...
006 (452.510.000) 2022-04-05 20:12:44 Image size of job updated: 777720
	320  -  MemoryUsage of job (MB)
	327320  -  ResidentSetSize of job (KB)
...
006 (452.510.000) 2022-04-05 20:17:44 Image size of job updated: 777976
	320  -  MemoryUsage of job (MB)
	327452  -  ResidentSetSize of job (KB)
...
006 (452.510.000) 2022-04-05 20:22:45 Image size of job updated: 777976
	320  -  MemoryUsage of job (MB)
	327584  -  ResidentSetSize of job (KB)
...
006 (452.510.000) 2022-04-05 20:27:46 Image size of job updated: 778232
	321  -  MemoryUsage of job (MB)
	327848  -  ResidentSetSize of job (KB)
...
006 (452.510.000) 2022-04-05 20:32:46 Image size of job updated: 778488
	321  -  MemoryUsage of job (MB)
	327980  -  ResidentSetSize of job (KB)
...
006 (452.510.000) 2022-04-05 20:37:46 Image size of job updated: 778488
	321  -  MemoryUsage of job (MB)
	328244  -  ResidentSetSize of job (KB)
...
006 (452.510.000) 2022-04-05 20:42:47 Image size of job updated: 778744
	321  -  MemoryUsage of job (MB)
	328376  -  ResidentSetSize of job (KB)
...
006 (452.510.000) 2022-04-05 20:47:48 Image size of job updated: 779000
	321  -  MemoryUsage of job (MB)
	328508  -  ResidentSetSize of job (KB)
...
006 (452.510.000) 2022-04-05 20:52:48 Image size of job updated: 779000
	321  -  MemoryUsage of job (MB)
	328640  -  ResidentSetSize of job (KB)
...
006 (452.510.000) 2022-04-05 20:57:48 Image size of job updated: 779256
	322  -  MemoryUsage of job (MB)
	328904  -  ResidentSetSize of job (KB)
...
006 (452.510.000) 2022-04-05 21:02:49 Image size of job updated: 779512
	322  -  MemoryUsage of job (MB)
	329036  -  ResidentSetSize of job (KB)
...
006 (452.510.000) 2022-04-05 21:07:50 Image size of job updated: 779512
	322  -  MemoryUsage of job (MB)
	329168  -  ResidentSetSize of job (KB)
...
006 (452.510.000) 2022-04-05 21:09:44 Image size of job updated: 779768
	322  -  MemoryUsage of job (MB)
	329168  -  ResidentSetSize of job (KB)
...
005 (452.510.000) 2022-04-05 21:09:44 Job terminated.
	(1) Normal termination (return value 0)
		Usr 0 03:16:41, Sys 0 00:00:35  -  Run Remote Usage
		Usr 0 00:00:00, Sys 0 00:00:00  -  Run Local Usage
		Usr 0 03:16:41, Sys 0 00:00:35  -  Total Remote Usage
		Usr 0 00:00:00, Sys 0 00:00:00  -  Total Local Usage
	0  -  Run Bytes Sent By Job
	0  -  Run Bytes Received By Job
	0  -  Total Bytes Sent By Job
	0  -  Total Bytes Received By Job
	Partitionable Resources :    Usage  Request Allocated 
	   Cpus                 :     1.00        1         1 
	   Disk (KB)            :  7500        7500     10998 
	   Memory (MB)          :   322        1024      1024 

	Job terminated of its own accord at 2022-04-05T19:09:44Z with exit-code 0.
...
