000 (452.915.000) 2022-04-05 09:23:27 Job submitted from host: <10.18.24.243:9618?addrs=10.18.24.243-9618&alias=ecoclusts01.bioclust.biologie.ens.fr&noUDP&sock=schedd_1052_29b8>
...
001 (452.915.000) 2022-04-06 02:12:58 Job executing on host: <10.18.24.135:9618?addrs=10.18.24.135-9618&alias=dyoclust08.bioclust.biologie.ens.fr&noUDP&sock=startd_793_82b1>
...
006 (452.915.000) 2022-04-06 02:13:06 Image size of job updated: 129616
	127  -  MemoryUsage of job (MB)
	129616  -  ResidentSetSize of job (KB)
...
006 (452.915.000) 2022-04-06 02:18:06 Image size of job updated: 741880
	307  -  MemoryUsage of job (MB)
	314256  -  ResidentSetSize of job (KB)
...
006 (452.915.000) 2022-04-06 02:23:07 Image size of job updated: 774648
	317  -  MemoryUsage of job (MB)
	324296  -  ResidentSetSize of job (KB)
...
006 (452.915.000) 2022-04-06 03:03:11 Image size of job updated: 774904
	317  -  MemoryUsage of job (MB)
	324428  -  ResidentSetSize of job (KB)
...
006 (452.915.000) 2022-04-06 03:08:11 Image size of job updated: 775160
	318  -  MemoryUsage of job (MB)
	324692  -  ResidentSetSize of job (KB)
...
006 (452.915.000) 2022-04-06 03:13:11 Image size of job updated: 775160
	318  -  MemoryUsage of job (MB)
	324824  -  ResidentSetSize of job (KB)
...
006 (452.915.000) 2022-04-06 03:18:11 Image size of job updated: 775416
	318  -  MemoryUsage of job (MB)
	325088  -  ResidentSetSize of job (KB)
...
006 (452.915.000) 2022-04-06 03:23:12 Image size of job updated: 775672
	318  -  MemoryUsage of job (MB)
	325352  -  ResidentSetSize of job (KB)
...
006 (452.915.000) 2022-04-06 03:28:13 Image size of job updated: 775928
	318  -  MemoryUsage of job (MB)
	325484  -  ResidentSetSize of job (KB)
...
006 (452.915.000) 2022-04-06 03:33:13 Image size of job updated: 776184
	319  -  MemoryUsage of job (MB)
	325748  -  ResidentSetSize of job (KB)
...
006 (452.915.000) 2022-04-06 03:38:13 Image size of job updated: 776440
	319  -  MemoryUsage of job (MB)
	326012  -  ResidentSetSize of job (KB)
...
006 (452.915.000) 2022-04-06 03:43:14 Image size of job updated: 776696
	319  -  MemoryUsage of job (MB)
	326144  -  ResidentSetSize of job (KB)
...
006 (452.915.000) 2022-04-06 03:48:14 Image size of job updated: 776952
	319  -  MemoryUsage of job (MB)
	326408  -  ResidentSetSize of job (KB)
...
006 (452.915.000) 2022-04-06 03:53:14 Image size of job updated: 776952
	319  -  MemoryUsage of job (MB)
	326540  -  ResidentSetSize of job (KB)
...
006 (452.915.000) 2022-04-06 04:03:15 Image size of job updated: 777208
	320  -  MemoryUsage of job (MB)
	326672  -  ResidentSetSize of job (KB)
...
006 (452.915.000) 2022-04-06 04:08:16 Image size of job updated: 777208
	320  -  MemoryUsage of job (MB)
	326936  -  ResidentSetSize of job (KB)
...
006 (452.915.000) 2022-04-06 04:13:16 Image size of job updated: 777464
	320  -  MemoryUsage of job (MB)
	327068  -  ResidentSetSize of job (KB)
...
006 (452.915.000) 2022-04-06 04:18:16 Image size of job updated: 777720
	320  -  MemoryUsage of job (MB)
	327332  -  ResidentSetSize of job (KB)
...
006 (452.915.000) 2022-04-06 04:23:17 Image size of job updated: 777976
	320  -  MemoryUsage of job (MB)
	327464  -  ResidentSetSize of job (KB)
...
006 (452.915.000) 2022-04-06 04:28:18 Image size of job updated: 778232
	321  -  MemoryUsage of job (MB)
	327728  -  ResidentSetSize of job (KB)
...
006 (452.915.000) 2022-04-06 04:33:18 Image size of job updated: 778232
	321  -  MemoryUsage of job (MB)
	327860  -  ResidentSetSize of job (KB)
...
006 (452.915.000) 2022-04-06 04:38:18 Image size of job updated: 778488
	321  -  MemoryUsage of job (MB)
	328124  -  ResidentSetSize of job (KB)
...
006 (452.915.000) 2022-04-06 04:43:19 Image size of job updated: 778744
	321  -  MemoryUsage of job (MB)
	328388  -  ResidentSetSize of job (KB)
...
006 (452.915.000) 2022-04-06 04:48:20 Image size of job updated: 779000
	321  -  MemoryUsage of job (MB)
	328520  -  ResidentSetSize of job (KB)
...
006 (452.915.000) 2022-04-06 04:53:20 Image size of job updated: 779000
	321  -  MemoryUsage of job (MB)
	328652  -  ResidentSetSize of job (KB)
...
006 (452.915.000) 2022-04-06 04:58:20 Image size of job updated: 779256
	322  -  MemoryUsage of job (MB)
	328916  -  ResidentSetSize of job (KB)
...
006 (452.915.000) 2022-04-06 05:03:21 Image size of job updated: 779512
	322  -  MemoryUsage of job (MB)
	329048  -  ResidentSetSize of job (KB)
...
006 (452.915.000) 2022-04-06 05:07:33 Image size of job updated: 779768
	322  -  MemoryUsage of job (MB)
	329048  -  ResidentSetSize of job (KB)
...
005 (452.915.000) 2022-04-06 05:07:33 Job terminated.
	(1) Normal termination (return value 0)
		Usr 0 02:53:58, Sys 0 00:00:25  -  Run Remote Usage
		Usr 0 00:00:00, Sys 0 00:00:00  -  Run Local Usage
		Usr 0 02:53:58, Sys 0 00:00:25  -  Total Remote Usage
		Usr 0 00:00:00, Sys 0 00:00:00  -  Total Local Usage
	0  -  Run Bytes Sent By Job
	0  -  Run Bytes Received By Job
	0  -  Total Bytes Sent By Job
	0  -  Total Bytes Received By Job
	Partitionable Resources :    Usage  Request Allocated 
	   Cpus                 :     1.00        1         1 
	   Disk (KB)            :  7500        7500     10998 
	   Memory (MB)          :   322        1024      1024 

	Job terminated of its own accord at 2022-04-06T03:07:33Z with exit-code 0.
...
