000 (452.043.000) 2022-04-05 09:23:24 Job submitted from host: <10.18.24.243:9618?addrs=10.18.24.243-9618&alias=ecoclusts01.bioclust.biologie.ens.fr&noUDP&sock=schedd_1052_29b8>
...
001 (452.043.000) 2022-04-05 09:23:29 Job executing on host: <10.18.24.101:9618?addrs=10.18.24.101-9618&alias=ecoclust06.bioclust.biologie.ens.fr&noUDP&sock=startd_1038_8f65>
...
006 (452.043.000) 2022-04-05 09:23:38 Image size of job updated: 103592
	71  -  MemoryUsage of job (MB)
	72704  -  ResidentSetSize of job (KB)
...
006 (452.043.000) 2022-04-05 09:28:39 Image size of job updated: 741624
	293  -  MemoryUsage of job (MB)
	299024  -  ResidentSetSize of job (KB)
...
006 (452.043.000) 2022-04-05 09:33:39 Image size of job updated: 774392
	317  -  MemoryUsage of job (MB)
	324084  -  ResidentSetSize of job (KB)
...
006 (452.043.000) 2022-04-05 09:58:43 Image size of job updated: 774648
	317  -  MemoryUsage of job (MB)
	324216  -  ResidentSetSize of job (KB)
...
006 (452.043.000) 2022-04-05 10:08:43 Image size of job updated: 774904
	317  -  MemoryUsage of job (MB)
	324480  -  ResidentSetSize of job (KB)
...
006 (452.043.000) 2022-04-05 10:13:44 Image size of job updated: 774904
	318  -  MemoryUsage of job (MB)
	324612  -  ResidentSetSize of job (KB)
...
006 (452.043.000) 2022-04-05 10:18:45 Image size of job updated: 775160
	318  -  MemoryUsage of job (MB)
	324744  -  ResidentSetSize of job (KB)
...
006 (452.043.000) 2022-04-05 10:23:45 Image size of job updated: 775416
	318  -  MemoryUsage of job (MB)
	325008  -  ResidentSetSize of job (KB)
...
006 (452.043.000) 2022-04-05 10:28:46 Image size of job updated: 775416
	318  -  MemoryUsage of job (MB)
	325140  -  ResidentSetSize of job (KB)
...
006 (452.043.000) 2022-04-05 10:33:47 Image size of job updated: 775672
	318  -  MemoryUsage of job (MB)
	325272  -  ResidentSetSize of job (KB)
...
006 (452.043.000) 2022-04-05 10:38:47 Image size of job updated: 775928
	318  -  MemoryUsage of job (MB)
	325536  -  ResidentSetSize of job (KB)
...
006 (452.043.000) 2022-04-05 10:43:48 Image size of job updated: 776184
	319  -  MemoryUsage of job (MB)
	325800  -  ResidentSetSize of job (KB)
...
006 (452.043.000) 2022-04-05 10:48:49 Image size of job updated: 776440
	319  -  MemoryUsage of job (MB)
	325932  -  ResidentSetSize of job (KB)
...
006 (452.043.000) 2022-04-05 10:53:49 Image size of job updated: 776696
	319  -  MemoryUsage of job (MB)
	326196  -  ResidentSetSize of job (KB)
...
006 (452.043.000) 2022-04-05 10:58:49 Image size of job updated: 776696
	319  -  MemoryUsage of job (MB)
	326460  -  ResidentSetSize of job (KB)
...
006 (452.043.000) 2022-04-05 11:03:50 Image size of job updated: 776952
	319  -  MemoryUsage of job (MB)
	326592  -  ResidentSetSize of job (KB)
...
006 (452.043.000) 2022-04-05 11:13:51 Image size of job updated: 777208
	320  -  MemoryUsage of job (MB)
	326724  -  ResidentSetSize of job (KB)
...
006 (452.043.000) 2022-04-05 11:18:52 Image size of job updated: 777208
	320  -  MemoryUsage of job (MB)
	326988  -  ResidentSetSize of job (KB)
...
006 (452.043.000) 2022-04-05 11:23:53 Image size of job updated: 777464
	320  -  MemoryUsage of job (MB)
	327120  -  ResidentSetSize of job (KB)
...
006 (452.043.000) 2022-04-05 11:28:53 Image size of job updated: 777720
	320  -  MemoryUsage of job (MB)
	327384  -  ResidentSetSize of job (KB)
...
006 (452.043.000) 2022-04-05 11:33:53 Image size of job updated: 777976
	320  -  MemoryUsage of job (MB)
	327516  -  ResidentSetSize of job (KB)
...
006 (452.043.000) 2022-04-05 11:38:54 Image size of job updated: 777976
	320  -  MemoryUsage of job (MB)
	327648  -  ResidentSetSize of job (KB)
...
006 (452.043.000) 2022-04-05 11:43:54 Image size of job updated: 778232
	321  -  MemoryUsage of job (MB)
	327912  -  ResidentSetSize of job (KB)
...
006 (452.043.000) 2022-04-05 11:48:54 Image size of job updated: 778488
	321  -  MemoryUsage of job (MB)
	328044  -  ResidentSetSize of job (KB)
...
006 (452.043.000) 2022-04-05 11:53:55 Image size of job updated: 778744
	321  -  MemoryUsage of job (MB)
	328308  -  ResidentSetSize of job (KB)
...
006 (452.043.000) 2022-04-05 11:58:56 Image size of job updated: 779000
	321  -  MemoryUsage of job (MB)
	328440  -  ResidentSetSize of job (KB)
...
006 (452.043.000) 2022-04-05 12:03:56 Image size of job updated: 779000
	321  -  MemoryUsage of job (MB)
	328704  -  ResidentSetSize of job (KB)
...
006 (452.043.000) 2022-04-05 12:08:57 Image size of job updated: 779256
	322  -  MemoryUsage of job (MB)
	328836  -  ResidentSetSize of job (KB)
...
006 (452.043.000) 2022-04-05 12:13:58 Image size of job updated: 779512
	322  -  MemoryUsage of job (MB)
	329100  -  ResidentSetSize of job (KB)
...
006 (452.043.000) 2022-04-05 12:18:58 Image size of job updated: 779768
	322  -  MemoryUsage of job (MB)
	329232  -  ResidentSetSize of job (KB)
...
005 (452.043.000) 2022-04-05 12:19:12 Job terminated.
	(1) Normal termination (return value 0)
		Usr 0 02:55:22, Sys 0 00:00:12  -  Run Remote Usage
		Usr 0 00:00:00, Sys 0 00:00:00  -  Run Local Usage
		Usr 0 02:55:22, Sys 0 00:00:12  -  Total Remote Usage
		Usr 0 00:00:00, Sys 0 00:00:00  -  Total Local Usage
	0  -  Run Bytes Sent By Job
	0  -  Run Bytes Received By Job
	0  -  Total Bytes Sent By Job
	0  -  Total Bytes Received By Job
	Partitionable Resources :    Usage  Request Allocated 
	   Cpus                 :     1.00        1         1 
	   Disk (KB)            :  7500        7500     10998 
	   Memory (MB)          :   322        1024      1024 

	Job terminated of its own accord at 2022-04-05T10:19:12Z with exit-code 0.
...
