000 (452.930.000) 2022-04-05 09:23:27 Job submitted from host: <10.18.24.243:9618?addrs=10.18.24.243-9618&alias=ecoclusts01.bioclust.biologie.ens.fr&noUDP&sock=schedd_1052_29b8>
...
001 (452.930.000) 2022-04-06 02:28:57 Job executing on host: <10.18.24.142:9618?addrs=10.18.24.142-9618&alias=dyoclust15.bioclust.biologie.ens.fr&noUDP&sock=startd_768_5cd3>
...
006 (452.930.000) 2022-04-06 02:29:06 Image size of job updated: 175892
	172  -  MemoryUsage of job (MB)
	175892  -  ResidentSetSize of job (KB)
...
006 (452.930.000) 2022-04-06 02:34:07 Image size of job updated: 741880
	289  -  MemoryUsage of job (MB)
	295160  -  ResidentSetSize of job (KB)
...
006 (452.930.000) 2022-04-06 02:39:07 Image size of job updated: 774648
	317  -  MemoryUsage of job (MB)
	324360  -  ResidentSetSize of job (KB)
...
006 (452.930.000) 2022-04-06 03:19:11 Image size of job updated: 774904
	317  -  MemoryUsage of job (MB)
	324492  -  ResidentSetSize of job (KB)
...
006 (452.930.000) 2022-04-06 03:24:12 Image size of job updated: 774904
	318  -  MemoryUsage of job (MB)
	324624  -  ResidentSetSize of job (KB)
...
006 (452.930.000) 2022-04-06 03:29:12 Image size of job updated: 775160
	318  -  MemoryUsage of job (MB)
	324756  -  ResidentSetSize of job (KB)
...
006 (452.930.000) 2022-04-06 03:34:12 Image size of job updated: 775416
	318  -  MemoryUsage of job (MB)
	324888  -  ResidentSetSize of job (KB)
...
006 (452.930.000) 2022-04-06 03:39:13 Image size of job updated: 775672
	318  -  MemoryUsage of job (MB)
	325152  -  ResidentSetSize of job (KB)
...
006 (452.930.000) 2022-04-06 03:44:13 Image size of job updated: 775672
	318  -  MemoryUsage of job (MB)
	325416  -  ResidentSetSize of job (KB)
...
006 (452.930.000) 2022-04-06 03:49:13 Image size of job updated: 775928
	318  -  MemoryUsage of job (MB)
	325548  -  ResidentSetSize of job (KB)
...
006 (452.930.000) 2022-04-06 03:54:14 Image size of job updated: 776184
	319  -  MemoryUsage of job (MB)
	325812  -  ResidentSetSize of job (KB)
...
006 (452.930.000) 2022-04-06 03:59:15 Image size of job updated: 776440
	319  -  MemoryUsage of job (MB)
	325944  -  ResidentSetSize of job (KB)
...
006 (452.930.000) 2022-04-06 04:04:15 Image size of job updated: 776696
	319  -  MemoryUsage of job (MB)
	326208  -  ResidentSetSize of job (KB)
...
006 (452.930.000) 2022-04-06 04:09:16 Image size of job updated: 776952
	319  -  MemoryUsage of job (MB)
	326472  -  ResidentSetSize of job (KB)
...
006 (452.930.000) 2022-04-06 04:24:17 Image size of job updated: 776952
	319  -  MemoryUsage of job (MB)
	326604  -  ResidentSetSize of job (KB)
...
006 (452.930.000) 2022-04-06 04:29:18 Image size of job updated: 777208
	320  -  MemoryUsage of job (MB)
	326868  -  ResidentSetSize of job (KB)
...
006 (452.930.000) 2022-04-06 04:34:18 Image size of job updated: 777464
	320  -  MemoryUsage of job (MB)
	327000  -  ResidentSetSize of job (KB)
...
006 (452.930.000) 2022-04-06 04:39:18 Image size of job updated: 777720
	320  -  MemoryUsage of job (MB)
	327264  -  ResidentSetSize of job (KB)
...
006 (452.930.000) 2022-04-06 04:44:19 Image size of job updated: 777720
	320  -  MemoryUsage of job (MB)
	327396  -  ResidentSetSize of job (KB)
...
006 (452.930.000) 2022-04-06 04:49:20 Image size of job updated: 777976
	320  -  MemoryUsage of job (MB)
	327660  -  ResidentSetSize of job (KB)
...
006 (452.930.000) 2022-04-06 04:54:20 Image size of job updated: 778232
	321  -  MemoryUsage of job (MB)
	327792  -  ResidentSetSize of job (KB)
...
006 (452.930.000) 2022-04-06 04:59:20 Image size of job updated: 778232
	321  -  MemoryUsage of job (MB)
	327924  -  ResidentSetSize of job (KB)
...
006 (452.930.000) 2022-04-06 05:04:21 Image size of job updated: 778488
	321  -  MemoryUsage of job (MB)
	328056  -  ResidentSetSize of job (KB)
...
006 (452.930.000) 2022-04-06 05:09:21 Image size of job updated: 778744
	321  -  MemoryUsage of job (MB)
	328320  -  ResidentSetSize of job (KB)
...
006 (452.930.000) 2022-04-06 05:14:21 Image size of job updated: 778744
	321  -  MemoryUsage of job (MB)
	328452  -  ResidentSetSize of job (KB)
...
006 (452.930.000) 2022-04-06 05:19:22 Image size of job updated: 779000
	321  -  MemoryUsage of job (MB)
	328584  -  ResidentSetSize of job (KB)
...
006 (452.930.000) 2022-04-06 05:24:23 Image size of job updated: 779256
	322  -  MemoryUsage of job (MB)
	328716  -  ResidentSetSize of job (KB)
...
006 (452.930.000) 2022-04-06 05:29:23 Image size of job updated: 779256
	322  -  MemoryUsage of job (MB)
	328848  -  ResidentSetSize of job (KB)
...
006 (452.930.000) 2022-04-06 05:34:23 Image size of job updated: 779512
	322  -  MemoryUsage of job (MB)
	329112  -  ResidentSetSize of job (KB)
...
006 (452.930.000) 2022-04-06 05:39:25 Image size of job updated: 779768
	322  -  MemoryUsage of job (MB)
	329244  -  ResidentSetSize of job (KB)
...
005 (452.930.000) 2022-04-06 05:40:10 Job terminated.
	(1) Normal termination (return value 0)
		Usr 0 03:09:40, Sys 0 00:00:24  -  Run Remote Usage
		Usr 0 00:00:00, Sys 0 00:00:00  -  Run Local Usage
		Usr 0 03:09:40, Sys 0 00:00:24  -  Total Remote Usage
		Usr 0 00:00:00, Sys 0 00:00:00  -  Total Local Usage
	0  -  Run Bytes Sent By Job
	0  -  Run Bytes Received By Job
	0  -  Total Bytes Sent By Job
	0  -  Total Bytes Received By Job
	Partitionable Resources :    Usage  Request Allocated 
	   Cpus                 :     1.00        1         1 
	   Disk (KB)            :  7500        7500     10998 
	   Memory (MB)          :   322        1024      1024 

	Job terminated of its own accord at 2022-04-06T03:40:10Z with exit-code 0.
...
