000 (452.019.000) 2022-04-05 09:23:24 Job submitted from host: <10.18.24.243:9618?addrs=10.18.24.243-9618&alias=ecoclusts01.bioclust.biologie.ens.fr&noUDP&sock=schedd_1052_29b8>
...
001 (452.019.000) 2022-04-05 09:23:29 Job executing on host: <10.18.24.8:9618?addrs=10.18.24.8-9618&alias=bioclust08.bioclust.biologie.ens.fr&noUDP&sock=startd_1108_9306>
...
006 (452.019.000) 2022-04-05 09:23:38 Image size of job updated: 187920
	47  -  MemoryUsage of job (MB)
	47204  -  ResidentSetSize of job (KB)
...
006 (452.019.000) 2022-04-05 09:28:39 Image size of job updated: 741876
	301  -  MemoryUsage of job (MB)
	308004  -  ResidentSetSize of job (KB)
...
006 (452.019.000) 2022-04-05 09:33:40 Image size of job updated: 741876
	317  -  MemoryUsage of job (MB)
	324388  -  ResidentSetSize of job (KB)
...
006 (452.019.000) 2022-04-05 09:38:40 Image size of job updated: 774644
	317  -  MemoryUsage of job (MB)
	324388  -  ResidentSetSize of job (KB)
...
006 (452.019.000) 2022-04-05 11:23:51 Image size of job updated: 774900
	317  -  MemoryUsage of job (MB)
	324388  -  ResidentSetSize of job (KB)
...
006 (452.019.000) 2022-04-05 11:28:52 Image size of job updated: 774900
	317  -  MemoryUsage of job (MB)
	324520  -  ResidentSetSize of job (KB)
...
006 (452.019.000) 2022-04-05 11:33:52 Image size of job updated: 775156
	318  -  MemoryUsage of job (MB)
	324652  -  ResidentSetSize of job (KB)
...
006 (452.019.000) 2022-04-05 11:43:53 Image size of job updated: 775156
	318  -  MemoryUsage of job (MB)
	324784  -  ResidentSetSize of job (KB)
...
006 (452.019.000) 2022-04-05 11:53:53 Image size of job updated: 775412
	318  -  MemoryUsage of job (MB)
	324916  -  ResidentSetSize of job (KB)
...
006 (452.019.000) 2022-04-05 11:58:54 Image size of job updated: 775412
	318  -  MemoryUsage of job (MB)
	325048  -  ResidentSetSize of job (KB)
...
006 (452.019.000) 2022-04-05 12:08:54 Image size of job updated: 775668
	318  -  MemoryUsage of job (MB)
	325180  -  ResidentSetSize of job (KB)
...
006 (452.019.000) 2022-04-05 12:18:56 Image size of job updated: 775668
	318  -  MemoryUsage of job (MB)
	325312  -  ResidentSetSize of job (KB)
...
006 (452.019.000) 2022-04-05 12:23:56 Image size of job updated: 775924
	318  -  MemoryUsage of job (MB)
	325444  -  ResidentSetSize of job (KB)
...
006 (452.019.000) 2022-04-05 12:28:57 Image size of job updated: 775924
	318  -  MemoryUsage of job (MB)
	325576  -  ResidentSetSize of job (KB)
...
006 (452.019.000) 2022-04-05 12:43:58 Image size of job updated: 776180
	319  -  MemoryUsage of job (MB)
	325708  -  ResidentSetSize of job (KB)
...
006 (452.019.000) 2022-04-05 12:53:59 Image size of job updated: 776180
	319  -  MemoryUsage of job (MB)
	325840  -  ResidentSetSize of job (KB)
...
006 (452.019.000) 2022-04-05 12:58:59 Image size of job updated: 776436
	319  -  MemoryUsage of job (MB)
	325972  -  ResidentSetSize of job (KB)
...
006 (452.019.000) 2022-04-05 13:09:01 Image size of job updated: 776436
	319  -  MemoryUsage of job (MB)
	326104  -  ResidentSetSize of job (KB)
...
006 (452.019.000) 2022-04-05 13:19:02 Image size of job updated: 776692
	319  -  MemoryUsage of job (MB)
	326236  -  ResidentSetSize of job (KB)
...
006 (452.019.000) 2022-04-05 13:29:03 Image size of job updated: 776692
	319  -  MemoryUsage of job (MB)
	326368  -  ResidentSetSize of job (KB)
...
006 (452.019.000) 2022-04-05 13:34:03 Image size of job updated: 776948
	319  -  MemoryUsage of job (MB)
	326368  -  ResidentSetSize of job (KB)
...
006 (452.019.000) 2022-04-05 13:39:04 Image size of job updated: 776948
	319  -  MemoryUsage of job (MB)
	326500  -  ResidentSetSize of job (KB)
...
006 (452.019.000) 2022-04-05 13:44:05 Image size of job updated: 776948
	319  -  MemoryUsage of job (MB)
	326632  -  ResidentSetSize of job (KB)
...
006 (452.019.000) 2022-04-05 14:14:07 Image size of job updated: 777204
	320  -  MemoryUsage of job (MB)
	326732  -  ResidentSetSize of job (KB)
...
006 (452.019.000) 2022-04-05 14:24:08 Image size of job updated: 777204
	320  -  MemoryUsage of job (MB)
	326864  -  ResidentSetSize of job (KB)
...
006 (452.019.000) 2022-04-05 14:34:09 Image size of job updated: 777460
	320  -  MemoryUsage of job (MB)
	326996  -  ResidentSetSize of job (KB)
...
006 (452.019.000) 2022-04-05 14:39:09 Image size of job updated: 777460
	320  -  MemoryUsage of job (MB)
	327128  -  ResidentSetSize of job (KB)
...
006 (452.019.000) 2022-04-05 14:49:10 Image size of job updated: 777716
	320  -  MemoryUsage of job (MB)
	327260  -  ResidentSetSize of job (KB)
...
006 (452.019.000) 2022-04-05 14:59:11 Image size of job updated: 777716
	320  -  MemoryUsage of job (MB)
	327392  -  ResidentSetSize of job (KB)
...
006 (452.019.000) 2022-04-05 15:04:11 Image size of job updated: 777716
	320  -  MemoryUsage of job (MB)
	327524  -  ResidentSetSize of job (KB)
...
006 (452.019.000) 2022-04-05 15:09:13 Image size of job updated: 777972
	320  -  MemoryUsage of job (MB)
	327524  -  ResidentSetSize of job (KB)
...
006 (452.019.000) 2022-04-05 15:19:13 Image size of job updated: 777972
	320  -  MemoryUsage of job (MB)
	327656  -  ResidentSetSize of job (KB)
...
006 (452.019.000) 2022-04-05 15:29:15 Image size of job updated: 778228
	321  -  MemoryUsage of job (MB)
	327788  -  ResidentSetSize of job (KB)
...
006 (452.019.000) 2022-04-05 15:39:15 Image size of job updated: 778228
	321  -  MemoryUsage of job (MB)
	327920  -  ResidentSetSize of job (KB)
...
006 (452.019.000) 2022-04-05 15:49:17 Image size of job updated: 778484
	321  -  MemoryUsage of job (MB)
	328052  -  ResidentSetSize of job (KB)
...
006 (452.019.000) 2022-04-05 15:59:18 Image size of job updated: 778484
	321  -  MemoryUsage of job (MB)
	328184  -  ResidentSetSize of job (KB)
...
006 (452.019.000) 2022-04-05 16:04:19 Image size of job updated: 778740
	321  -  MemoryUsage of job (MB)
	328184  -  ResidentSetSize of job (KB)
...
006 (452.019.000) 2022-04-05 16:09:19 Image size of job updated: 778740
	321  -  MemoryUsage of job (MB)
	328316  -  ResidentSetSize of job (KB)
...
006 (452.019.000) 2022-04-05 16:19:20 Image size of job updated: 778740
	321  -  MemoryUsage of job (MB)
	328448  -  ResidentSetSize of job (KB)
...
006 (452.019.000) 2022-04-05 16:24:21 Image size of job updated: 778996
	321  -  MemoryUsage of job (MB)
	328448  -  ResidentSetSize of job (KB)
...
006 (452.019.000) 2022-04-05 16:29:21 Image size of job updated: 778996
	321  -  MemoryUsage of job (MB)
	328580  -  ResidentSetSize of job (KB)
...
006 (452.019.000) 2022-04-05 16:39:23 Image size of job updated: 778996
	322  -  MemoryUsage of job (MB)
	328712  -  ResidentSetSize of job (KB)
...
006 (452.019.000) 2022-04-05 16:44:23 Image size of job updated: 779252
	322  -  MemoryUsage of job (MB)
	328712  -  ResidentSetSize of job (KB)
...
006 (452.019.000) 2022-04-05 16:49:23 Image size of job updated: 779252
	322  -  MemoryUsage of job (MB)
	328844  -  ResidentSetSize of job (KB)
...
006 (452.019.000) 2022-04-05 16:59:25 Image size of job updated: 779508
	322  -  MemoryUsage of job (MB)
	328976  -  ResidentSetSize of job (KB)
...
006 (452.019.000) 2022-04-05 17:09:26 Image size of job updated: 779508
	322  -  MemoryUsage of job (MB)
	329108  -  ResidentSetSize of job (KB)
...
006 (452.019.000) 2022-04-05 17:14:27 Image size of job updated: 779508
	322  -  MemoryUsage of job (MB)
	329240  -  ResidentSetSize of job (KB)
...
006 (452.019.000) 2022-04-05 17:19:27 Image size of job updated: 779764
	322  -  MemoryUsage of job (MB)
	329240  -  ResidentSetSize of job (KB)
...
005 (452.019.000) 2022-04-05 17:21:39 Job terminated.
	(1) Normal termination (return value 0)
		Usr 0 07:56:33, Sys 0 00:00:40  -  Run Remote Usage
		Usr 0 00:00:00, Sys 0 00:00:00  -  Run Local Usage
		Usr 0 07:56:33, Sys 0 00:00:40  -  Total Remote Usage
		Usr 0 00:00:00, Sys 0 00:00:00  -  Total Local Usage
	0  -  Run Bytes Sent By Job
	0  -  Run Bytes Received By Job
	0  -  Total Bytes Sent By Job
	0  -  Total Bytes Received By Job
	Partitionable Resources :    Usage  Request Allocated 
	   Cpus                 :     1.00        1         1 
	   Disk (KB)            :  7500        7500     10998 
	   Memory (MB)          :   322        1024      1024 

	Job terminated of its own accord at 2022-04-05T15:21:39Z with exit-code 0.
...
