000 (452.692.000) 2022-04-05 09:23:26 Job submitted from host: <10.18.24.243:9618?addrs=10.18.24.243-9618&alias=ecoclusts01.bioclust.biologie.ens.fr&noUDP&sock=schedd_1052_29b8>
...
001 (452.692.000) 2022-04-05 21:39:50 Job executing on host: <10.18.24.137:9618?addrs=10.18.24.137-9618&alias=dyoclust10.bioclust.biologie.ens.fr&noUDP&sock=startd_830_e3b2>
...
006 (452.692.000) 2022-04-05 21:39:59 Image size of job updated: 179956
	176  -  MemoryUsage of job (MB)
	179956  -  ResidentSetSize of job (KB)
...
006 (452.692.000) 2022-04-05 21:44:59 Image size of job updated: 741624
	317  -  MemoryUsage of job (MB)
	324112  -  ResidentSetSize of job (KB)
...
006 (452.692.000) 2022-04-05 21:50:00 Image size of job updated: 774392
	317  -  MemoryUsage of job (MB)
	324112  -  ResidentSetSize of job (KB)
...
006 (452.692.000) 2022-04-05 22:30:05 Image size of job updated: 774648
	317  -  MemoryUsage of job (MB)
	324112  -  ResidentSetSize of job (KB)
...
006 (452.692.000) 2022-04-05 22:35:05 Image size of job updated: 774648
	317  -  MemoryUsage of job (MB)
	324332  -  ResidentSetSize of job (KB)
...
006 (452.692.000) 2022-04-05 22:40:06 Image size of job updated: 774904
	317  -  MemoryUsage of job (MB)
	324596  -  ResidentSetSize of job (KB)
...
006 (452.692.000) 2022-04-05 22:45:07 Image size of job updated: 775160
	318  -  MemoryUsage of job (MB)
	324728  -  ResidentSetSize of job (KB)
...
006 (452.692.000) 2022-04-05 22:50:07 Image size of job updated: 775416
	318  -  MemoryUsage of job (MB)
	324860  -  ResidentSetSize of job (KB)
...
006 (452.692.000) 2022-04-05 22:55:07 Image size of job updated: 775672
	318  -  MemoryUsage of job (MB)
	325124  -  ResidentSetSize of job (KB)
...
006 (452.692.000) 2022-04-05 23:00:08 Image size of job updated: 775672
	318  -  MemoryUsage of job (MB)
	325388  -  ResidentSetSize of job (KB)
...
006 (452.692.000) 2022-04-05 23:05:08 Image size of job updated: 775928
	318  -  MemoryUsage of job (MB)
	325520  -  ResidentSetSize of job (KB)
...
006 (452.692.000) 2022-04-05 23:10:08 Image size of job updated: 776184
	319  -  MemoryUsage of job (MB)
	325784  -  ResidentSetSize of job (KB)
...
006 (452.692.000) 2022-04-05 23:15:09 Image size of job updated: 776440
	319  -  MemoryUsage of job (MB)
	326048  -  ResidentSetSize of job (KB)
...
006 (452.692.000) 2022-04-05 23:20:10 Image size of job updated: 776696
	319  -  MemoryUsage of job (MB)
	326180  -  ResidentSetSize of job (KB)
...
006 (452.692.000) 2022-04-05 23:25:10 Image size of job updated: 776952
	319  -  MemoryUsage of job (MB)
	326444  -  ResidentSetSize of job (KB)
...
006 (452.692.000) 2022-04-05 23:30:10 Image size of job updated: 776952
	319  -  MemoryUsage of job (MB)
	326576  -  ResidentSetSize of job (KB)
...
006 (452.692.000) 2022-04-05 23:40:11 Image size of job updated: 777208
	320  -  MemoryUsage of job (MB)
	326708  -  ResidentSetSize of job (KB)
...
006 (452.692.000) 2022-04-05 23:45:11 Image size of job updated: 777464
	320  -  MemoryUsage of job (MB)
	326972  -  ResidentSetSize of job (KB)
...
006 (452.692.000) 2022-04-05 23:50:12 Image size of job updated: 777464
	320  -  MemoryUsage of job (MB)
	327104  -  ResidentSetSize of job (KB)
...
006 (452.692.000) 2022-04-05 23:55:11 Image size of job updated: 777720
	320  -  MemoryUsage of job (MB)
	327368  -  ResidentSetSize of job (KB)
...
006 (452.692.000) 2022-04-06 00:00:11 Image size of job updated: 777976
	320  -  MemoryUsage of job (MB)
	327500  -  ResidentSetSize of job (KB)
...
006 (452.692.000) 2022-04-06 00:05:13 Image size of job updated: 778232
	321  -  MemoryUsage of job (MB)
	327764  -  ResidentSetSize of job (KB)
...
006 (452.692.000) 2022-04-06 00:10:13 Image size of job updated: 778232
	321  -  MemoryUsage of job (MB)
	327896  -  ResidentSetSize of job (KB)
...
006 (452.692.000) 2022-04-06 00:15:13 Image size of job updated: 778488
	321  -  MemoryUsage of job (MB)
	328160  -  ResidentSetSize of job (KB)
...
006 (452.692.000) 2022-04-06 00:20:14 Image size of job updated: 778744
	321  -  MemoryUsage of job (MB)
	328292  -  ResidentSetSize of job (KB)
...
006 (452.692.000) 2022-04-06 00:25:15 Image size of job updated: 779000
	321  -  MemoryUsage of job (MB)
	328424  -  ResidentSetSize of job (KB)
...
006 (452.692.000) 2022-04-06 00:30:17 Image size of job updated: 779000
	321  -  MemoryUsage of job (MB)
	328688  -  ResidentSetSize of job (KB)
...
006 (452.692.000) 2022-04-06 00:35:17 Image size of job updated: 779256
	322  -  MemoryUsage of job (MB)
	328820  -  ResidentSetSize of job (KB)
...
006 (452.692.000) 2022-04-06 00:40:18 Image size of job updated: 779512
	322  -  MemoryUsage of job (MB)
	329084  -  ResidentSetSize of job (KB)
...
006 (452.692.000) 2022-04-06 00:45:19 Image size of job updated: 779768
	322  -  MemoryUsage of job (MB)
	329216  -  ResidentSetSize of job (KB)
...
005 (452.692.000) 2022-04-06 00:45:33 Job terminated.
	(1) Normal termination (return value 0)
		Usr 0 03:03:52, Sys 0 00:00:25  -  Run Remote Usage
		Usr 0 00:00:00, Sys 0 00:00:00  -  Run Local Usage
		Usr 0 03:03:52, Sys 0 00:00:25  -  Total Remote Usage
		Usr 0 00:00:00, Sys 0 00:00:00  -  Total Local Usage
	0  -  Run Bytes Sent By Job
	0  -  Run Bytes Received By Job
	0  -  Total Bytes Sent By Job
	0  -  Total Bytes Received By Job
	Partitionable Resources :    Usage  Request Allocated 
	   Cpus                 :     1.00        1         1 
	   Disk (KB)            :  7500        7500     10999 
	   Memory (MB)          :   322        1024      1024 

	Job terminated of its own accord at 2022-04-05T22:45:33Z with exit-code 0.
...
