000 (452.774.000) 2022-04-05 09:23:27 Job submitted from host: <10.18.24.243:9618?addrs=10.18.24.243-9618&alias=ecoclusts01.bioclust.biologie.ens.fr&noUDP&sock=schedd_1052_29b8>
...
001 (452.774.000) 2022-04-05 23:04:51 Job executing on host: <10.18.24.178:9618?addrs=10.18.24.178-9618&alias=mcbsclust07.bioclust.biologie.ens.fr&noUDP&sock=startd_912_2276>
...
006 (452.774.000) 2022-04-05 23:04:59 Image size of job updated: 225428
	221  -  MemoryUsage of job (MB)
	225428  -  ResidentSetSize of job (KB)
...
006 (452.774.000) 2022-04-05 23:09:59 Image size of job updated: 845676
	317  -  MemoryUsage of job (MB)
	324092  -  ResidentSetSize of job (KB)
...
006 (452.774.000) 2022-04-06 00:30:07 Image size of job updated: 845676
	317  -  MemoryUsage of job (MB)
	324180  -  ResidentSetSize of job (KB)
...
006 (452.774.000) 2022-04-06 00:40:08 Image size of job updated: 845676
	317  -  MemoryUsage of job (MB)
	324312  -  ResidentSetSize of job (KB)
...
006 (452.774.000) 2022-04-06 00:45:09 Image size of job updated: 845676
	317  -  MemoryUsage of job (MB)
	324444  -  ResidentSetSize of job (KB)
...
006 (452.774.000) 2022-04-06 00:50:09 Image size of job updated: 845676
	317  -  MemoryUsage of job (MB)
	324576  -  ResidentSetSize of job (KB)
...
006 (452.774.000) 2022-04-06 01:00:11 Image size of job updated: 845676
	318  -  MemoryUsage of job (MB)
	324708  -  ResidentSetSize of job (KB)
...
006 (452.774.000) 2022-04-06 01:05:11 Image size of job updated: 845676
	318  -  MemoryUsage of job (MB)
	324840  -  ResidentSetSize of job (KB)
...
006 (452.774.000) 2022-04-06 01:10:11 Image size of job updated: 845676
	318  -  MemoryUsage of job (MB)
	324972  -  ResidentSetSize of job (KB)
...
006 (452.774.000) 2022-04-06 01:15:12 Image size of job updated: 845676
	318  -  MemoryUsage of job (MB)
	325104  -  ResidentSetSize of job (KB)
...
006 (452.774.000) 2022-04-06 01:25:12 Image size of job updated: 845676
	318  -  MemoryUsage of job (MB)
	325236  -  ResidentSetSize of job (KB)
...
006 (452.774.000) 2022-04-06 01:30:13 Image size of job updated: 845676
	318  -  MemoryUsage of job (MB)
	325368  -  ResidentSetSize of job (KB)
...
006 (452.774.000) 2022-04-06 01:35:14 Image size of job updated: 845676
	318  -  MemoryUsage of job (MB)
	325500  -  ResidentSetSize of job (KB)
...
006 (452.774.000) 2022-04-06 01:40:14 Image size of job updated: 845676
	318  -  MemoryUsage of job (MB)
	325632  -  ResidentSetSize of job (KB)
...
006 (452.774.000) 2022-04-06 01:50:15 Image size of job updated: 845676
	319  -  MemoryUsage of job (MB)
	325764  -  ResidentSetSize of job (KB)
...
006 (452.774.000) 2022-04-06 01:55:15 Image size of job updated: 845676
	319  -  MemoryUsage of job (MB)
	325896  -  ResidentSetSize of job (KB)
...
006 (452.774.000) 2022-04-06 02:00:15 Image size of job updated: 845676
	319  -  MemoryUsage of job (MB)
	326028  -  ResidentSetSize of job (KB)
...
006 (452.774.000) 2022-04-06 02:05:16 Image size of job updated: 845676
	319  -  MemoryUsage of job (MB)
	326160  -  ResidentSetSize of job (KB)
...
006 (452.774.000) 2022-04-06 02:10:17 Image size of job updated: 845676
	319  -  MemoryUsage of job (MB)
	326292  -  ResidentSetSize of job (KB)
...
006 (452.774.000) 2022-04-06 02:15:17 Image size of job updated: 845676
	319  -  MemoryUsage of job (MB)
	326424  -  ResidentSetSize of job (KB)
...
006 (452.774.000) 2022-04-06 02:25:19 Image size of job updated: 845676
	319  -  MemoryUsage of job (MB)
	326556  -  ResidentSetSize of job (KB)
...
006 (452.774.000) 2022-04-06 02:50:21 Image size of job updated: 845676
	320  -  MemoryUsage of job (MB)
	326688  -  ResidentSetSize of job (KB)
...
006 (452.774.000) 2022-04-06 02:55:22 Image size of job updated: 845676
	320  -  MemoryUsage of job (MB)
	326820  -  ResidentSetSize of job (KB)
...
006 (452.774.000) 2022-04-06 03:00:23 Image size of job updated: 845676
	320  -  MemoryUsage of job (MB)
	326952  -  ResidentSetSize of job (KB)
...
006 (452.774.000) 2022-04-06 03:10:23 Image size of job updated: 845676
	320  -  MemoryUsage of job (MB)
	327084  -  ResidentSetSize of job (KB)
...
006 (452.774.000) 2022-04-06 03:15:24 Image size of job updated: 845676
	320  -  MemoryUsage of job (MB)
	327216  -  ResidentSetSize of job (KB)
...
006 (452.774.000) 2022-04-06 03:20:25 Image size of job updated: 845676
	320  -  MemoryUsage of job (MB)
	327348  -  ResidentSetSize of job (KB)
...
006 (452.774.000) 2022-04-06 03:30:26 Image size of job updated: 845676
	320  -  MemoryUsage of job (MB)
	327480  -  ResidentSetSize of job (KB)
...
006 (452.774.000) 2022-04-06 03:35:27 Image size of job updated: 845676
	320  -  MemoryUsage of job (MB)
	327612  -  ResidentSetSize of job (KB)
...
006 (452.774.000) 2022-04-06 03:45:27 Image size of job updated: 845676
	321  -  MemoryUsage of job (MB)
	327744  -  ResidentSetSize of job (KB)
...
006 (452.774.000) 2022-04-06 03:50:28 Image size of job updated: 845676
	321  -  MemoryUsage of job (MB)
	327876  -  ResidentSetSize of job (KB)
...
006 (452.774.000) 2022-04-06 03:55:29 Image size of job updated: 845676
	321  -  MemoryUsage of job (MB)
	328008  -  ResidentSetSize of job (KB)
...
006 (452.774.000) 2022-04-06 04:05:30 Image size of job updated: 845676
	321  -  MemoryUsage of job (MB)
	328140  -  ResidentSetSize of job (KB)
...
006 (452.774.000) 2022-04-06 04:10:31 Image size of job updated: 845676
	321  -  MemoryUsage of job (MB)
	328272  -  ResidentSetSize of job (KB)
...
006 (452.774.000) 2022-04-06 04:15:31 Image size of job updated: 845676
	321  -  MemoryUsage of job (MB)
	328404  -  ResidentSetSize of job (KB)
...
006 (452.774.000) 2022-04-06 04:25:32 Image size of job updated: 845676
	321  -  MemoryUsage of job (MB)
	328536  -  ResidentSetSize of job (KB)
...
006 (452.774.000) 2022-04-06 04:30:33 Image size of job updated: 845676
	321  -  MemoryUsage of job (MB)
	328668  -  ResidentSetSize of job (KB)
...
006 (452.774.000) 2022-04-06 04:35:33 Image size of job updated: 845676
	322  -  MemoryUsage of job (MB)
	328800  -  ResidentSetSize of job (KB)
...
006 (452.774.000) 2022-04-06 04:40:33 Image size of job updated: 845676
	322  -  MemoryUsage of job (MB)
	328932  -  ResidentSetSize of job (KB)
...
006 (452.774.000) 2022-04-06 04:45:34 Image size of job updated: 845676
	322  -  MemoryUsage of job (MB)
	329064  -  ResidentSetSize of job (KB)
...
006 (452.774.000) 2022-04-06 04:55:34 Image size of job updated: 845676
	322  -  MemoryUsage of job (MB)
	329196  -  ResidentSetSize of job (KB)
...
005 (452.774.000) 2022-04-06 04:59:01 Job terminated.
	(1) Normal termination (return value 0)
		Usr 0 05:53:09, Sys 0 00:00:15  -  Run Remote Usage
		Usr 0 00:00:00, Sys 0 00:00:00  -  Run Local Usage
		Usr 0 05:53:09, Sys 0 00:00:15  -  Total Remote Usage
		Usr 0 00:00:00, Sys 0 00:00:00  -  Total Local Usage
	0  -  Run Bytes Sent By Job
	0  -  Run Bytes Received By Job
	0  -  Total Bytes Sent By Job
	0  -  Total Bytes Received By Job
	Partitionable Resources :    Usage  Request Allocated 
	   Cpus                 :     1.00        1         1 
	   Disk (KB)            :  7500        7500     11001 
	   Memory (MB)          :   322        1024      1024 

	Job terminated of its own accord at 2022-04-06T02:59:01Z with exit-code 0.
...
