000 (452.830.000) 2022-04-05 09:23:27 Job submitted from host: <10.18.24.243:9618?addrs=10.18.24.243-9618&alias=ecoclusts01.bioclust.biologie.ens.fr&noUDP&sock=schedd_1052_29b8>
...
001 (452.830.000) 2022-04-06 00:28:53 Job executing on host: <10.18.24.137:9618?addrs=10.18.24.137-9618&alias=dyoclust10.bioclust.biologie.ens.fr&noUDP&sock=startd_830_e3b2>
...
006 (452.830.000) 2022-04-06 00:29:01 Image size of job updated: 110316
	108  -  MemoryUsage of job (MB)
	110316  -  ResidentSetSize of job (KB)
...
006 (452.830.000) 2022-04-06 00:34:01 Image size of job updated: 759264
	317  -  MemoryUsage of job (MB)
	324356  -  ResidentSetSize of job (KB)
...
006 (452.830.000) 2022-04-06 00:39:02 Image size of job updated: 774648
	317  -  MemoryUsage of job (MB)
	324356  -  ResidentSetSize of job (KB)
...
006 (452.830.000) 2022-04-06 01:24:05 Image size of job updated: 774904
	317  -  MemoryUsage of job (MB)
	324444  -  ResidentSetSize of job (KB)
...
006 (452.830.000) 2022-04-06 01:29:06 Image size of job updated: 775160
	318  -  MemoryUsage of job (MB)
	324708  -  ResidentSetSize of job (KB)
...
006 (452.830.000) 2022-04-06 01:34:07 Image size of job updated: 775160
	318  -  MemoryUsage of job (MB)
	324840  -  ResidentSetSize of job (KB)
...
006 (452.830.000) 2022-04-06 01:39:07 Image size of job updated: 775416
	318  -  MemoryUsage of job (MB)
	325104  -  ResidentSetSize of job (KB)
...
006 (452.830.000) 2022-04-06 01:44:07 Image size of job updated: 775672
	318  -  MemoryUsage of job (MB)
	325236  -  ResidentSetSize of job (KB)
...
006 (452.830.000) 2022-04-06 01:49:09 Image size of job updated: 775928
	318  -  MemoryUsage of job (MB)
	325500  -  ResidentSetSize of job (KB)
...
006 (452.830.000) 2022-04-06 01:54:09 Image size of job updated: 775928
	318  -  MemoryUsage of job (MB)
	325632  -  ResidentSetSize of job (KB)
...
006 (452.830.000) 2022-04-06 01:59:09 Image size of job updated: 776184
	319  -  MemoryUsage of job (MB)
	325896  -  ResidentSetSize of job (KB)
...
006 (452.830.000) 2022-04-06 02:04:10 Image size of job updated: 776440
	319  -  MemoryUsage of job (MB)
	326028  -  ResidentSetSize of job (KB)
...
006 (452.830.000) 2022-04-06 02:09:11 Image size of job updated: 776696
	319  -  MemoryUsage of job (MB)
	326292  -  ResidentSetSize of job (KB)
...
006 (452.830.000) 2022-04-06 02:14:11 Image size of job updated: 776952
	319  -  MemoryUsage of job (MB)
	326556  -  ResidentSetSize of job (KB)
...
006 (452.830.000) 2022-04-06 02:29:12 Image size of job updated: 777208
	320  -  MemoryUsage of job (MB)
	326820  -  ResidentSetSize of job (KB)
...
006 (452.830.000) 2022-04-06 02:34:12 Image size of job updated: 777464
	320  -  MemoryUsage of job (MB)
	326952  -  ResidentSetSize of job (KB)
...
006 (452.830.000) 2022-04-06 02:39:13 Image size of job updated: 777464
	320  -  MemoryUsage of job (MB)
	327216  -  ResidentSetSize of job (KB)
...
006 (452.830.000) 2022-04-06 02:44:14 Image size of job updated: 777720
	320  -  MemoryUsage of job (MB)
	327348  -  ResidentSetSize of job (KB)
...
006 (452.830.000) 2022-04-06 02:49:14 Image size of job updated: 777976
	320  -  MemoryUsage of job (MB)
	327612  -  ResidentSetSize of job (KB)
...
006 (452.830.000) 2022-04-06 02:54:14 Image size of job updated: 778232
	321  -  MemoryUsage of job (MB)
	327744  -  ResidentSetSize of job (KB)
...
006 (452.830.000) 2022-04-06 02:59:15 Image size of job updated: 778232
	321  -  MemoryUsage of job (MB)
	328008  -  ResidentSetSize of job (KB)
...
006 (452.830.000) 2022-04-06 03:04:15 Image size of job updated: 778488
	321  -  MemoryUsage of job (MB)
	328140  -  ResidentSetSize of job (KB)
...
006 (452.830.000) 2022-04-06 03:09:15 Image size of job updated: 778744
	321  -  MemoryUsage of job (MB)
	328272  -  ResidentSetSize of job (KB)
...
006 (452.830.000) 2022-04-06 03:14:16 Image size of job updated: 779000
	321  -  MemoryUsage of job (MB)
	328536  -  ResidentSetSize of job (KB)
...
006 (452.830.000) 2022-04-06 03:19:17 Image size of job updated: 779000
	321  -  MemoryUsage of job (MB)
	328668  -  ResidentSetSize of job (KB)
...
006 (452.830.000) 2022-04-06 03:24:17 Image size of job updated: 779256
	322  -  MemoryUsage of job (MB)
	328932  -  ResidentSetSize of job (KB)
...
006 (452.830.000) 2022-04-06 03:29:18 Image size of job updated: 779512
	322  -  MemoryUsage of job (MB)
	329064  -  ResidentSetSize of job (KB)
...
006 (452.830.000) 2022-04-06 03:34:19 Image size of job updated: 779768
	322  -  MemoryUsage of job (MB)
	329328  -  ResidentSetSize of job (KB)
...
005 (452.830.000) 2022-04-06 03:34:41 Job terminated.
	(1) Normal termination (return value 0)
		Usr 0 03:04:01, Sys 0 00:00:22  -  Run Remote Usage
		Usr 0 00:00:00, Sys 0 00:00:00  -  Run Local Usage
		Usr 0 03:04:01, Sys 0 00:00:22  -  Total Remote Usage
		Usr 0 00:00:00, Sys 0 00:00:00  -  Total Local Usage
	0  -  Run Bytes Sent By Job
	0  -  Run Bytes Received By Job
	0  -  Total Bytes Sent By Job
	0  -  Total Bytes Received By Job
	Partitionable Resources :    Usage  Request Allocated 
	   Cpus                 :     1.00        1         1 
	   Disk (KB)            :  7500        7500     10999 
	   Memory (MB)          :   322        1024      1024 

	Job terminated of its own accord at 2022-04-06T01:34:41Z with exit-code 0.
...
