000 (452.102.000) 2022-04-05 09:23:24 Job submitted from host: <10.18.24.243:9618?addrs=10.18.24.243-9618&alias=ecoclusts01.bioclust.biologie.ens.fr&noUDP&sock=schedd_1052_29b8>
...
001 (452.102.000) 2022-04-05 09:23:32 Job executing on host: <10.18.24.31:9618?addrs=10.18.24.31-9618&alias=bioclust31.bioclust.biologie.ens.fr&noUDP&sock=startd_2248324_d5bc>
...
006 (452.102.000) 2022-04-05 09:23:41 Image size of job updated: 301200
	67  -  MemoryUsage of job (MB)
	68360  -  ResidentSetSize of job (KB)
...
006 (452.102.000) 2022-04-05 09:28:42 Image size of job updated: 742308
	314  -  MemoryUsage of job (MB)
	320716  -  ResidentSetSize of job (KB)
...
006 (452.102.000) 2022-04-05 09:33:43 Image size of job updated: 774648
	314  -  MemoryUsage of job (MB)
	320804  -  ResidentSetSize of job (KB)
...
006 (452.102.000) 2022-04-05 10:08:47 Image size of job updated: 774904
	314  -  MemoryUsage of job (MB)
	321068  -  ResidentSetSize of job (KB)
...
006 (452.102.000) 2022-04-05 10:13:47 Image size of job updated: 775416
	314  -  MemoryUsage of job (MB)
	321332  -  ResidentSetSize of job (KB)
...
006 (452.102.000) 2022-04-05 10:18:47 Image size of job updated: 775672
	315  -  MemoryUsage of job (MB)
	321596  -  ResidentSetSize of job (KB)
...
006 (452.102.000) 2022-04-05 10:23:48 Image size of job updated: 775928
	315  -  MemoryUsage of job (MB)
	321860  -  ResidentSetSize of job (KB)
...
006 (452.102.000) 2022-04-05 10:28:48 Image size of job updated: 775928
	315  -  MemoryUsage of job (MB)
	321992  -  ResidentSetSize of job (KB)
...
006 (452.102.000) 2022-04-05 10:33:48 Image size of job updated: 776184
	315  -  MemoryUsage of job (MB)
	322256  -  ResidentSetSize of job (KB)
...
006 (452.102.000) 2022-04-05 10:38:49 Image size of job updated: 776440
	315  -  MemoryUsage of job (MB)
	322520  -  ResidentSetSize of job (KB)
...
006 (452.102.000) 2022-04-05 10:43:50 Image size of job updated: 776952
	316  -  MemoryUsage of job (MB)
	322916  -  ResidentSetSize of job (KB)
...
006 (452.102.000) 2022-04-05 10:48:50 Image size of job updated: 776952
	316  -  MemoryUsage of job (MB)
	323048  -  ResidentSetSize of job (KB)
...
006 (452.102.000) 2022-04-05 10:53:50 Image size of job updated: 777208
	316  -  MemoryUsage of job (MB)
	323180  -  ResidentSetSize of job (KB)
...
006 (452.102.000) 2022-04-05 10:58:52 Image size of job updated: 777464
	316  -  MemoryUsage of job (MB)
	323444  -  ResidentSetSize of job (KB)
...
006 (452.102.000) 2022-04-05 11:03:52 Image size of job updated: 777720
	317  -  MemoryUsage of job (MB)
	323708  -  ResidentSetSize of job (KB)
...
006 (452.102.000) 2022-04-05 11:08:52 Image size of job updated: 777976
	317  -  MemoryUsage of job (MB)
	323840  -  ResidentSetSize of job (KB)
...
006 (452.102.000) 2022-04-05 11:13:53 Image size of job updated: 777976
	317  -  MemoryUsage of job (MB)
	324104  -  ResidentSetSize of job (KB)
...
006 (452.102.000) 2022-04-05 11:18:54 Image size of job updated: 778232
	317  -  MemoryUsage of job (MB)
	324236  -  ResidentSetSize of job (KB)
...
006 (452.102.000) 2022-04-05 11:23:54 Image size of job updated: 778232
	317  -  MemoryUsage of job (MB)
	324368  -  ResidentSetSize of job (KB)
...
006 (452.102.000) 2022-04-05 11:28:54 Image size of job updated: 778488
	318  -  MemoryUsage of job (MB)
	324632  -  ResidentSetSize of job (KB)
...
006 (452.102.000) 2022-04-05 11:33:55 Image size of job updated: 778744
	318  -  MemoryUsage of job (MB)
	324764  -  ResidentSetSize of job (KB)
...
006 (452.102.000) 2022-04-05 11:38:55 Image size of job updated: 779000
	318  -  MemoryUsage of job (MB)
	324896  -  ResidentSetSize of job (KB)
...
006 (452.102.000) 2022-04-05 11:43:55 Image size of job updated: 779000
	318  -  MemoryUsage of job (MB)
	325160  -  ResidentSetSize of job (KB)
...
006 (452.102.000) 2022-04-05 11:48:56 Image size of job updated: 779256
	318  -  MemoryUsage of job (MB)
	325292  -  ResidentSetSize of job (KB)
...
006 (452.102.000) 2022-04-05 11:53:57 Image size of job updated: 779256
	318  -  MemoryUsage of job (MB)
	325424  -  ResidentSetSize of job (KB)
...
006 (452.102.000) 2022-04-05 11:58:57 Image size of job updated: 779512
	318  -  MemoryUsage of job (MB)
	325556  -  ResidentSetSize of job (KB)
...
006 (452.102.000) 2022-04-05 12:03:58 Image size of job updated: 779768
	319  -  MemoryUsage of job (MB)
	325688  -  ResidentSetSize of job (KB)
...
005 (452.102.000) 2022-04-05 12:05:50 Job terminated.
	(1) Normal termination (return value 0)
		Usr 0 02:41:05, Sys 0 00:00:54  -  Run Remote Usage
		Usr 0 00:00:00, Sys 0 00:00:00  -  Run Local Usage
		Usr 0 02:41:05, Sys 0 00:00:54  -  Total Remote Usage
		Usr 0 00:00:00, Sys 0 00:00:00  -  Total Local Usage
	0  -  Run Bytes Sent By Job
	0  -  Run Bytes Received By Job
	0  -  Total Bytes Sent By Job
	0  -  Total Bytes Received By Job
	Partitionable Resources :    Usage  Request Allocated 
	   Cpus                 :     1.00        1         1 
	   Disk (KB)            :  7500        7500      9276 
	   Memory (MB)          :   319        1024      1024 

	Job terminated of its own accord at 2022-04-05T10:05:50Z with exit-code 0.
...
