000 (452.973.000) 2022-04-05 09:23:28 Job submitted from host: <10.18.24.243:9618?addrs=10.18.24.243-9618&alias=ecoclusts01.bioclust.biologie.ens.fr&noUDP&sock=schedd_1052_29b8>
...
001 (452.973.000) 2022-04-06 03:29:56 Job executing on host: <10.18.24.178:9618?addrs=10.18.24.178-9618&alias=mcbsclust07.bioclust.biologie.ens.fr&noUDP&sock=startd_912_2276>
...
006 (452.973.000) 2022-04-06 03:30:05 Image size of job updated: 434728
	425  -  MemoryUsage of job (MB)
	434728  -  ResidentSetSize of job (KB)
...
006 (452.973.000) 2022-04-06 03:35:06 Image size of job updated: 741620
	425  -  MemoryUsage of job (MB)
	434728  -  ResidentSetSize of job (KB)
...
006 (452.973.000) 2022-04-06 03:40:06 Image size of job updated: 774388
	425  -  MemoryUsage of job (MB)
	434728  -  ResidentSetSize of job (KB)
...
006 (452.973.000) 2022-04-06 04:55:14 Image size of job updated: 774644
	425  -  MemoryUsage of job (MB)
	434728  -  ResidentSetSize of job (KB)
...
006 (452.973.000) 2022-04-06 05:10:16 Image size of job updated: 774900
	425  -  MemoryUsage of job (MB)
	434728  -  ResidentSetSize of job (KB)
...
006 (452.973.000) 2022-04-06 05:25:17 Image size of job updated: 775156
	425  -  MemoryUsage of job (MB)
	434728  -  ResidentSetSize of job (KB)
...
006 (452.973.000) 2022-04-06 05:40:19 Image size of job updated: 775412
	425  -  MemoryUsage of job (MB)
	434728  -  ResidentSetSize of job (KB)
...
006 (452.973.000) 2022-04-06 05:50:21 Image size of job updated: 775668
	425  -  MemoryUsage of job (MB)
	434728  -  ResidentSetSize of job (KB)
...
006 (452.973.000) 2022-04-06 06:05:22 Image size of job updated: 775924
	425  -  MemoryUsage of job (MB)
	434728  -  ResidentSetSize of job (KB)
...
006 (452.973.000) 2022-04-06 06:15:23 Image size of job updated: 776180
	425  -  MemoryUsage of job (MB)
	434728  -  ResidentSetSize of job (KB)
...
006 (452.973.000) 2022-04-06 06:25:25 Image size of job updated: 776436
	425  -  MemoryUsage of job (MB)
	434728  -  ResidentSetSize of job (KB)
...
006 (452.973.000) 2022-04-06 06:35:25 Image size of job updated: 776692
	425  -  MemoryUsage of job (MB)
	434728  -  ResidentSetSize of job (KB)
...
006 (452.973.000) 2022-04-06 06:50:27 Image size of job updated: 776948
	425  -  MemoryUsage of job (MB)
	434728  -  ResidentSetSize of job (KB)
...
006 (452.973.000) 2022-04-06 07:15:30 Image size of job updated: 777204
	425  -  MemoryUsage of job (MB)
	434728  -  ResidentSetSize of job (KB)
...
006 (452.973.000) 2022-04-06 07:30:32 Image size of job updated: 777460
	425  -  MemoryUsage of job (MB)
	434728  -  ResidentSetSize of job (KB)
...
006 (452.973.000) 2022-04-06 07:40:33 Image size of job updated: 777716
	425  -  MemoryUsage of job (MB)
	434728  -  ResidentSetSize of job (KB)
...
006 (452.973.000) 2022-04-06 07:55:35 Image size of job updated: 777972
	425  -  MemoryUsage of job (MB)
	434728  -  ResidentSetSize of job (KB)
...
006 (452.973.000) 2022-04-06 08:05:36 Image size of job updated: 778228
	425  -  MemoryUsage of job (MB)
	434728  -  ResidentSetSize of job (KB)
...
006 (452.973.000) 2022-04-06 08:20:37 Image size of job updated: 778484
	425  -  MemoryUsage of job (MB)
	434728  -  ResidentSetSize of job (KB)
...
006 (452.973.000) 2022-04-06 08:30:39 Image size of job updated: 778740
	425  -  MemoryUsage of job (MB)
	434728  -  ResidentSetSize of job (KB)
...
006 (452.973.000) 2022-04-06 08:45:41 Image size of job updated: 778996
	425  -  MemoryUsage of job (MB)
	434728  -  ResidentSetSize of job (KB)
...
006 (452.973.000) 2022-04-06 09:00:43 Image size of job updated: 779252
	425  -  MemoryUsage of job (MB)
	434728  -  ResidentSetSize of job (KB)
...
006 (452.973.000) 2022-04-06 09:10:43 Image size of job updated: 779508
	425  -  MemoryUsage of job (MB)
	434728  -  ResidentSetSize of job (KB)
...
006 (452.973.000) 2022-04-06 09:23:34 Image size of job updated: 779764
	425  -  MemoryUsage of job (MB)
	434728  -  ResidentSetSize of job (KB)
...
005 (452.973.000) 2022-04-06 09:23:34 Job terminated.
	(1) Normal termination (return value 0)
		Usr 0 05:52:41, Sys 0 00:00:17  -  Run Remote Usage
		Usr 0 00:00:00, Sys 0 00:00:00  -  Run Local Usage
		Usr 0 05:52:41, Sys 0 00:00:17  -  Total Remote Usage
		Usr 0 00:00:00, Sys 0 00:00:00  -  Total Local Usage
	0  -  Run Bytes Sent By Job
	0  -  Run Bytes Received By Job
	0  -  Total Bytes Sent By Job
	0  -  Total Bytes Received By Job
	Partitionable Resources :    Usage  Request Allocated 
	   Cpus                 :     0.99        1         1 
	   Disk (KB)            :  7500        7500     11001 
	   Memory (MB)          :   425        1024      1024 

	Job terminated of its own accord at 2022-04-06T07:23:34Z with exit-code 0.
...
