000 (452.496.000) 2022-04-05 09:23:26 Job submitted from host: <10.18.24.243:9618?addrs=10.18.24.243-9618&alias=ecoclusts01.bioclust.biologie.ens.fr&noUDP&sock=schedd_1052_29b8>
...
001 (452.496.000) 2022-04-05 17:37:22 Job executing on host: <10.18.24.178:9618?addrs=10.18.24.178-9618&alias=mcbsclust07.bioclust.biologie.ens.fr&noUDP&sock=startd_912_2276>
...
006 (452.496.000) 2022-04-05 17:37:31 Image size of job updated: 428112
	419  -  MemoryUsage of job (MB)
	428112  -  ResidentSetSize of job (KB)
...
006 (452.496.000) 2022-04-05 17:42:32 Image size of job updated: 741876
	419  -  MemoryUsage of job (MB)
	428112  -  ResidentSetSize of job (KB)
...
005 (452.496.000) 2022-04-05 17:47:19 Job terminated.
	(1) Normal termination (return value 0)
		Usr 0 00:09:37, Sys 0 00:00:15  -  Run Remote Usage
		Usr 0 00:00:00, Sys 0 00:00:00  -  Run Local Usage
		Usr 0 00:09:37, Sys 0 00:00:15  -  Total Remote Usage
		Usr 0 00:00:00, Sys 0 00:00:00  -  Total Local Usage
	0  -  Run Bytes Sent By Job
	0  -  Run Bytes Received By Job
	0  -  Total Bytes Sent By Job
	0  -  Total Bytes Received By Job
	Partitionable Resources :    Usage  Request Allocated 
	   Cpus                 :     1.00        1         1 
	   Disk (KB)            :  7500        7500     11001 
	   Memory (MB)          :   419        1024      1024 

	Job terminated of its own accord at 2022-04-05T15:47:19Z with exit-code 0.
...
