000 (452.533.000) 2022-04-05 09:23:26 Job submitted from host: <10.18.24.243:9618?addrs=10.18.24.243-9618&alias=ecoclusts01.bioclust.biologie.ens.fr&noUDP&sock=schedd_1052_29b8>
...
001 (452.533.000) 2022-04-05 18:34:18 Job executing on host: <10.18.24.135:9618?addrs=10.18.24.135-9618&alias=dyoclust08.bioclust.biologie.ens.fr&noUDP&sock=startd_793_82b1>
...
006 (452.533.000) 2022-04-05 18:34:27 Image size of job updated: 542292
	239  -  MemoryUsage of job (MB)
	244020  -  ResidentSetSize of job (KB)
...
006 (452.533.000) 2022-04-05 18:39:28 Image size of job updated: 741880
	317  -  MemoryUsage of job (MB)
	324364  -  ResidentSetSize of job (KB)
...
006 (452.533.000) 2022-04-05 18:44:28 Image size of job updated: 774648
	317  -  MemoryUsage of job (MB)
	324364  -  ResidentSetSize of job (KB)
...
006 (452.533.000) 2022-04-05 19:19:32 Image size of job updated: 774904
	317  -  MemoryUsage of job (MB)
	324584  -  ResidentSetSize of job (KB)
...
006 (452.533.000) 2022-04-05 19:24:32 Image size of job updated: 775160
	318  -  MemoryUsage of job (MB)
	324716  -  ResidentSetSize of job (KB)
...
006 (452.533.000) 2022-04-05 19:29:32 Image size of job updated: 775416
	318  -  MemoryUsage of job (MB)
	324980  -  ResidentSetSize of job (KB)
...
006 (452.533.000) 2022-04-05 19:34:34 Image size of job updated: 775672
	318  -  MemoryUsage of job (MB)
	325244  -  ResidentSetSize of job (KB)
...
006 (452.533.000) 2022-04-05 19:39:34 Image size of job updated: 775928
	318  -  MemoryUsage of job (MB)
	325376  -  ResidentSetSize of job (KB)
...
006 (452.533.000) 2022-04-05 19:44:34 Image size of job updated: 775928
	319  -  MemoryUsage of job (MB)
	325640  -  ResidentSetSize of job (KB)
...
006 (452.533.000) 2022-04-05 19:49:35 Image size of job updated: 776184
	319  -  MemoryUsage of job (MB)
	325904  -  ResidentSetSize of job (KB)
...
006 (452.533.000) 2022-04-05 19:54:36 Image size of job updated: 776440
	319  -  MemoryUsage of job (MB)
	326036  -  ResidentSetSize of job (KB)
...
006 (452.533.000) 2022-04-05 19:59:36 Image size of job updated: 776696
	319  -  MemoryUsage of job (MB)
	326300  -  ResidentSetSize of job (KB)
...
006 (452.533.000) 2022-04-05 20:04:36 Image size of job updated: 776952
	319  -  MemoryUsage of job (MB)
	326564  -  ResidentSetSize of job (KB)
...
006 (452.533.000) 2022-04-05 20:14:38 Image size of job updated: 776952
	320  -  MemoryUsage of job (MB)
	326696  -  ResidentSetSize of job (KB)
...
006 (452.533.000) 2022-04-05 20:19:38 Image size of job updated: 777208
	320  -  MemoryUsage of job (MB)
	326828  -  ResidentSetSize of job (KB)
...
006 (452.533.000) 2022-04-05 20:24:38 Image size of job updated: 777464
	320  -  MemoryUsage of job (MB)
	326960  -  ResidentSetSize of job (KB)
...
006 (452.533.000) 2022-04-05 20:29:39 Image size of job updated: 777720
	320  -  MemoryUsage of job (MB)
	327224  -  ResidentSetSize of job (KB)
...
006 (452.533.000) 2022-04-05 20:34:40 Image size of job updated: 777720
	320  -  MemoryUsage of job (MB)
	327356  -  ResidentSetSize of job (KB)
...
006 (452.533.000) 2022-04-05 20:39:40 Image size of job updated: 777976
	320  -  MemoryUsage of job (MB)
	327620  -  ResidentSetSize of job (KB)
...
006 (452.533.000) 2022-04-05 20:44:40 Image size of job updated: 778232
	321  -  MemoryUsage of job (MB)
	327752  -  ResidentSetSize of job (KB)
...
006 (452.533.000) 2022-04-05 20:49:41 Image size of job updated: 778488
	321  -  MemoryUsage of job (MB)
	328016  -  ResidentSetSize of job (KB)
...
006 (452.533.000) 2022-04-05 20:54:42 Image size of job updated: 778744
	321  -  MemoryUsage of job (MB)
	328280  -  ResidentSetSize of job (KB)
...
006 (452.533.000) 2022-04-05 20:59:42 Image size of job updated: 778744
	321  -  MemoryUsage of job (MB)
	328412  -  ResidentSetSize of job (KB)
...
006 (452.533.000) 2022-04-05 21:04:42 Image size of job updated: 779000
	321  -  MemoryUsage of job (MB)
	328676  -  ResidentSetSize of job (KB)
...
006 (452.533.000) 2022-04-05 21:09:43 Image size of job updated: 779256
	322  -  MemoryUsage of job (MB)
	328808  -  ResidentSetSize of job (KB)
...
006 (452.533.000) 2022-04-05 21:14:44 Image size of job updated: 779512
	322  -  MemoryUsage of job (MB)
	328940  -  ResidentSetSize of job (KB)
...
006 (452.533.000) 2022-04-05 21:19:44 Image size of job updated: 779512
	322  -  MemoryUsage of job (MB)
	329204  -  ResidentSetSize of job (KB)
...
006 (452.533.000) 2022-04-05 21:21:14 Image size of job updated: 779768
	322  -  MemoryUsage of job (MB)
	329204  -  ResidentSetSize of job (KB)
...
005 (452.533.000) 2022-04-05 21:21:14 Job terminated.
	(1) Normal termination (return value 0)
		Usr 0 02:46:26, Sys 0 00:00:22  -  Run Remote Usage
		Usr 0 00:00:00, Sys 0 00:00:00  -  Run Local Usage
		Usr 0 02:46:26, Sys 0 00:00:22  -  Total Remote Usage
		Usr 0 00:00:00, Sys 0 00:00:00  -  Total Local Usage
	0  -  Run Bytes Sent By Job
	0  -  Run Bytes Received By Job
	0  -  Total Bytes Sent By Job
	0  -  Total Bytes Received By Job
	Partitionable Resources :    Usage  Request Allocated 
	   Cpus                 :     1.00        1         1 
	   Disk (KB)            :  7500        7500     10998 
	   Memory (MB)          :   322        1024      1024 

	Job terminated of its own accord at 2022-04-05T19:21:14Z with exit-code 0.
...
