000 (452.217.000) 2022-04-05 09:23:25 Job submitted from host: <10.18.24.243:9618?addrs=10.18.24.243-9618&alias=ecoclusts01.bioclust.biologie.ens.fr&noUDP&sock=schedd_1052_29b8>
...
001 (452.217.000) 2022-04-05 09:34:14 Job executing on host: <10.18.24.140:9618?addrs=10.18.24.140-9618&alias=dyoclust13.bioclust.biologie.ens.fr&noUDP&sock=startd_813_3a96>
...
006 (452.217.000) 2022-04-05 09:34:23 Image size of job updated: 127788
	53  -  MemoryUsage of job (MB)
	54032  -  ResidentSetSize of job (KB)
...
006 (452.217.000) 2022-04-05 09:39:24 Image size of job updated: 741880
	317  -  MemoryUsage of job (MB)
	324380  -  ResidentSetSize of job (KB)
...
006 (452.217.000) 2022-04-05 09:49:25 Image size of job updated: 774648
	317  -  MemoryUsage of job (MB)
	324380  -  ResidentSetSize of job (KB)
...
006 (452.217.000) 2022-04-05 10:24:28 Image size of job updated: 774904
	317  -  MemoryUsage of job (MB)
	324468  -  ResidentSetSize of job (KB)
...
006 (452.217.000) 2022-04-05 10:29:29 Image size of job updated: 775160
	318  -  MemoryUsage of job (MB)
	324732  -  ResidentSetSize of job (KB)
...
006 (452.217.000) 2022-04-05 10:34:29 Image size of job updated: 775160
	318  -  MemoryUsage of job (MB)
	324864  -  ResidentSetSize of job (KB)
...
006 (452.217.000) 2022-04-05 10:39:30 Image size of job updated: 775416
	318  -  MemoryUsage of job (MB)
	325128  -  ResidentSetSize of job (KB)
...
006 (452.217.000) 2022-04-05 10:44:31 Image size of job updated: 775672
	318  -  MemoryUsage of job (MB)
	325260  -  ResidentSetSize of job (KB)
...
006 (452.217.000) 2022-04-05 10:49:31 Image size of job updated: 775928
	318  -  MemoryUsage of job (MB)
	325524  -  ResidentSetSize of job (KB)
...
006 (452.217.000) 2022-04-05 10:54:31 Image size of job updated: 776184
	319  -  MemoryUsage of job (MB)
	325656  -  ResidentSetSize of job (KB)
...
006 (452.217.000) 2022-04-05 10:59:32 Image size of job updated: 776184
	319  -  MemoryUsage of job (MB)
	325920  -  ResidentSetSize of job (KB)
...
006 (452.217.000) 2022-04-05 11:04:33 Image size of job updated: 776440
	319  -  MemoryUsage of job (MB)
	326184  -  ResidentSetSize of job (KB)
...
006 (452.217.000) 2022-04-05 11:09:33 Image size of job updated: 776696
	319  -  MemoryUsage of job (MB)
	326316  -  ResidentSetSize of job (KB)
...
006 (452.217.000) 2022-04-05 11:14:34 Image size of job updated: 776952
	319  -  MemoryUsage of job (MB)
	326580  -  ResidentSetSize of job (KB)
...
006 (452.217.000) 2022-04-05 11:29:35 Image size of job updated: 777208
	320  -  MemoryUsage of job (MB)
	326844  -  ResidentSetSize of job (KB)
...
006 (452.217.000) 2022-04-05 11:34:36 Image size of job updated: 777464
	320  -  MemoryUsage of job (MB)
	326976  -  ResidentSetSize of job (KB)
...
006 (452.217.000) 2022-04-05 11:39:36 Image size of job updated: 777720
	320  -  MemoryUsage of job (MB)
	327240  -  ResidentSetSize of job (KB)
...
006 (452.217.000) 2022-04-05 11:44:36 Image size of job updated: 777720
	320  -  MemoryUsage of job (MB)
	327372  -  ResidentSetSize of job (KB)
...
006 (452.217.000) 2022-04-05 11:49:37 Image size of job updated: 777976
	320  -  MemoryUsage of job (MB)
	327636  -  ResidentSetSize of job (KB)
...
006 (452.217.000) 2022-04-05 11:54:38 Image size of job updated: 778232
	321  -  MemoryUsage of job (MB)
	327768  -  ResidentSetSize of job (KB)
...
006 (452.217.000) 2022-04-05 11:59:38 Image size of job updated: 778488
	321  -  MemoryUsage of job (MB)
	328032  -  ResidentSetSize of job (KB)
...
006 (452.217.000) 2022-04-05 12:04:38 Image size of job updated: 778488
	321  -  MemoryUsage of job (MB)
	328164  -  ResidentSetSize of job (KB)
...
006 (452.217.000) 2022-04-05 12:09:39 Image size of job updated: 778744
	321  -  MemoryUsage of job (MB)
	328428  -  ResidentSetSize of job (KB)
...
006 (452.217.000) 2022-04-05 12:14:39 Image size of job updated: 779000
	321  -  MemoryUsage of job (MB)
	328560  -  ResidentSetSize of job (KB)
...
006 (452.217.000) 2022-04-05 12:19:39 Image size of job updated: 779256
	322  -  MemoryUsage of job (MB)
	328824  -  ResidentSetSize of job (KB)
...
006 (452.217.000) 2022-04-05 12:24:40 Image size of job updated: 779256
	322  -  MemoryUsage of job (MB)
	328956  -  ResidentSetSize of job (KB)
...
006 (452.217.000) 2022-04-05 12:29:41 Image size of job updated: 779512
	322  -  MemoryUsage of job (MB)
	329220  -  ResidentSetSize of job (KB)
...
006 (452.217.000) 2022-04-05 12:32:57 Image size of job updated: 779768
	322  -  MemoryUsage of job (MB)
	329220  -  ResidentSetSize of job (KB)
...
005 (452.217.000) 2022-04-05 12:32:57 Job terminated.
	(1) Normal termination (return value 0)
		Usr 0 02:57:05, Sys 0 00:00:54  -  Run Remote Usage
		Usr 0 00:00:00, Sys 0 00:00:00  -  Run Local Usage
		Usr 0 02:57:05, Sys 0 00:00:54  -  Total Remote Usage
		Usr 0 00:00:00, Sys 0 00:00:00  -  Total Local Usage
	0  -  Run Bytes Sent By Job
	0  -  Run Bytes Received By Job
	0  -  Total Bytes Sent By Job
	0  -  Total Bytes Received By Job
	Partitionable Resources :    Usage  Request Allocated 
	   Cpus                 :     1.00        1         1 
	   Disk (KB)            :  7500        7500     10064 
	   Memory (MB)          :   322        1024      1024 

	Job terminated of its own accord at 2022-04-05T10:32:57Z with exit-code 0.
...
