000 (452.999.000) 2022-04-05 09:23:28 Job submitted from host: <10.18.24.243:9618?addrs=10.18.24.243-9618&alias=ecoclusts01.bioclust.biologie.ens.fr&noUDP&sock=schedd_1052_29b8>
...
001 (452.999.000) 2022-04-06 04:02:57 Job executing on host: <10.18.24.136:9618?addrs=10.18.24.136-9618&alias=dyoclust09.bioclust.biologie.ens.fr&noUDP&sock=startd_808_cc9c>
...
006 (452.999.000) 2022-04-06 04:03:06 Image size of job updated: 333676
	220  -  MemoryUsage of job (MB)
	224600  -  ResidentSetSize of job (KB)
...
006 (452.999.000) 2022-04-06 04:08:07 Image size of job updated: 741624
	317  -  MemoryUsage of job (MB)
	324144  -  ResidentSetSize of job (KB)
...
006 (452.999.000) 2022-04-06 04:13:07 Image size of job updated: 774392
	317  -  MemoryUsage of job (MB)
	324144  -  ResidentSetSize of job (KB)
...
006 (452.999.000) 2022-04-06 04:43:10 Image size of job updated: 774648
	317  -  MemoryUsage of job (MB)
	324276  -  ResidentSetSize of job (KB)
...
006 (452.999.000) 2022-04-06 04:48:10 Image size of job updated: 774904
	317  -  MemoryUsage of job (MB)
	324408  -  ResidentSetSize of job (KB)
...
006 (452.999.000) 2022-04-06 04:53:11 Image size of job updated: 774904
	318  -  MemoryUsage of job (MB)
	324672  -  ResidentSetSize of job (KB)
...
006 (452.999.000) 2022-04-06 04:58:12 Image size of job updated: 775160
	318  -  MemoryUsage of job (MB)
	324804  -  ResidentSetSize of job (KB)
...
006 (452.999.000) 2022-04-06 05:03:12 Image size of job updated: 775416
	318  -  MemoryUsage of job (MB)
	325068  -  ResidentSetSize of job (KB)
...
006 (452.999.000) 2022-04-06 05:08:12 Image size of job updated: 775672
	318  -  MemoryUsage of job (MB)
	325332  -  ResidentSetSize of job (KB)
...
006 (452.999.000) 2022-04-06 05:13:13 Image size of job updated: 775928
	318  -  MemoryUsage of job (MB)
	325464  -  ResidentSetSize of job (KB)
...
006 (452.999.000) 2022-04-06 05:18:14 Image size of job updated: 776184
	319  -  MemoryUsage of job (MB)
	325728  -  ResidentSetSize of job (KB)
...
006 (452.999.000) 2022-04-06 05:23:14 Image size of job updated: 776440
	319  -  MemoryUsage of job (MB)
	325992  -  ResidentSetSize of job (KB)
...
006 (452.999.000) 2022-04-06 05:28:15 Image size of job updated: 776696
	319  -  MemoryUsage of job (MB)
	326256  -  ResidentSetSize of job (KB)
...
006 (452.999.000) 2022-04-06 05:33:16 Image size of job updated: 776952
	319  -  MemoryUsage of job (MB)
	326388  -  ResidentSetSize of job (KB)
...
006 (452.999.000) 2022-04-06 05:38:16 Image size of job updated: 776952
	319  -  MemoryUsage of job (MB)
	326468  -  ResidentSetSize of job (KB)
...
006 (452.999.000) 2022-04-06 05:43:16 Image size of job updated: 776952
	319  -  MemoryUsage of job (MB)
	326600  -  ResidentSetSize of job (KB)
...
006 (452.999.000) 2022-04-06 05:48:17 Image size of job updated: 777208
	320  -  MemoryUsage of job (MB)
	326864  -  ResidentSetSize of job (KB)
...
006 (452.999.000) 2022-04-06 05:53:17 Image size of job updated: 777464
	320  -  MemoryUsage of job (MB)
	326996  -  ResidentSetSize of job (KB)
...
006 (452.999.000) 2022-04-06 05:58:17 Image size of job updated: 777720
	320  -  MemoryUsage of job (MB)
	327260  -  ResidentSetSize of job (KB)
...
006 (452.999.000) 2022-04-06 06:03:18 Image size of job updated: 777720
	320  -  MemoryUsage of job (MB)
	327392  -  ResidentSetSize of job (KB)
...
006 (452.999.000) 2022-04-06 06:08:19 Image size of job updated: 777976
	320  -  MemoryUsage of job (MB)
	327656  -  ResidentSetSize of job (KB)
...
006 (452.999.000) 2022-04-06 06:13:19 Image size of job updated: 778232
	321  -  MemoryUsage of job (MB)
	327920  -  ResidentSetSize of job (KB)
...
006 (452.999.000) 2022-04-06 06:18:19 Image size of job updated: 778488
	321  -  MemoryUsage of job (MB)
	328052  -  ResidentSetSize of job (KB)
...
006 (452.999.000) 2022-04-06 06:23:20 Image size of job updated: 778744
	321  -  MemoryUsage of job (MB)
	328316  -  ResidentSetSize of job (KB)
...
006 (452.999.000) 2022-04-06 06:28:20 Image size of job updated: 779000
	321  -  MemoryUsage of job (MB)
	328448  -  ResidentSetSize of job (KB)
...
006 (452.999.000) 2022-04-06 06:33:20 Image size of job updated: 779000
	322  -  MemoryUsage of job (MB)
	328712  -  ResidentSetSize of job (KB)
...
006 (452.999.000) 2022-04-06 06:38:21 Image size of job updated: 779256
	322  -  MemoryUsage of job (MB)
	328844  -  ResidentSetSize of job (KB)
...
006 (452.999.000) 2022-04-06 06:43:22 Image size of job updated: 779512
	322  -  MemoryUsage of job (MB)
	329108  -  ResidentSetSize of job (KB)
...
006 (452.999.000) 2022-04-06 06:47:23 Image size of job updated: 779768
	322  -  MemoryUsage of job (MB)
	329108  -  ResidentSetSize of job (KB)
...
005 (452.999.000) 2022-04-06 06:47:23 Job terminated.
	(1) Normal termination (return value 0)
		Usr 0 02:43:33, Sys 0 00:00:23  -  Run Remote Usage
		Usr 0 00:00:00, Sys 0 00:00:00  -  Run Local Usage
		Usr 0 02:43:33, Sys 0 00:00:23  -  Total Remote Usage
		Usr 0 00:00:00, Sys 0 00:00:00  -  Total Local Usage
	0  -  Run Bytes Sent By Job
	0  -  Run Bytes Received By Job
	0  -  Total Bytes Sent By Job
	0  -  Total Bytes Received By Job
	Partitionable Resources :    Usage  Request Allocated 
	   Cpus                 :     1.00        1         1 
	   Disk (KB)            :  7500        7500     10998 
	   Memory (MB)          :   322        1024      1024 

	Job terminated of its own accord at 2022-04-06T04:47:23Z with exit-code 0.
...
