000 (452.647.000) 2022-04-05 09:23:26 Job submitted from host: <10.18.24.243:9618?addrs=10.18.24.243-9618&alias=ecoclusts01.bioclust.biologie.ens.fr&noUDP&sock=schedd_1052_29b8>
...
001 (452.647.000) 2022-04-05 20:31:48 Job executing on host: <10.18.24.109:9618?addrs=10.18.24.109-9618&alias=ecoclust14.bioclust.biologie.ens.fr&noUDP&sock=startd_917_906f>
...
006 (452.647.000) 2022-04-05 20:31:56 Image size of job updated: 64912
	64  -  MemoryUsage of job (MB)
	64912  -  ResidentSetSize of job (KB)
...
006 (452.647.000) 2022-04-05 20:36:56 Image size of job updated: 741880
	317  -  MemoryUsage of job (MB)
	324264  -  ResidentSetSize of job (KB)
...
006 (452.647.000) 2022-04-05 20:41:57 Image size of job updated: 741880
	317  -  MemoryUsage of job (MB)
	324352  -  ResidentSetSize of job (KB)
...
006 (452.647.000) 2022-04-05 20:46:58 Image size of job updated: 774648
	317  -  MemoryUsage of job (MB)
	324352  -  ResidentSetSize of job (KB)
...
006 (452.647.000) 2022-04-05 22:27:07 Image size of job updated: 774904
	317  -  MemoryUsage of job (MB)
	324484  -  ResidentSetSize of job (KB)
...
006 (452.647.000) 2022-04-05 22:37:07 Image size of job updated: 774904
	318  -  MemoryUsage of job (MB)
	324616  -  ResidentSetSize of job (KB)
...
006 (452.647.000) 2022-04-05 22:42:08 Image size of job updated: 775160
	318  -  MemoryUsage of job (MB)
	324616  -  ResidentSetSize of job (KB)
...
006 (452.647.000) 2022-04-05 22:47:09 Image size of job updated: 775160
	318  -  MemoryUsage of job (MB)
	324748  -  ResidentSetSize of job (KB)
...
006 (452.647.000) 2022-04-05 22:57:10 Image size of job updated: 775160
	318  -  MemoryUsage of job (MB)
	324880  -  ResidentSetSize of job (KB)
...
006 (452.647.000) 2022-04-05 23:02:11 Image size of job updated: 775416
	318  -  MemoryUsage of job (MB)
	324880  -  ResidentSetSize of job (KB)
...
006 (452.647.000) 2022-04-05 23:07:11 Image size of job updated: 775416
	318  -  MemoryUsage of job (MB)
	325012  -  ResidentSetSize of job (KB)
...
006 (452.647.000) 2022-04-05 23:17:12 Image size of job updated: 775672
	318  -  MemoryUsage of job (MB)
	325144  -  ResidentSetSize of job (KB)
...
006 (452.647.000) 2022-04-05 23:22:13 Image size of job updated: 775672
	318  -  MemoryUsage of job (MB)
	325276  -  ResidentSetSize of job (KB)
...
006 (452.647.000) 2022-04-05 23:32:14 Image size of job updated: 775672
	318  -  MemoryUsage of job (MB)
	325408  -  ResidentSetSize of job (KB)
...
006 (452.647.000) 2022-04-05 23:37:15 Image size of job updated: 775928
	318  -  MemoryUsage of job (MB)
	325408  -  ResidentSetSize of job (KB)
...
006 (452.647.000) 2022-04-05 23:42:15 Image size of job updated: 775928
	318  -  MemoryUsage of job (MB)
	325540  -  ResidentSetSize of job (KB)
...
006 (452.647.000) 2022-04-05 23:52:18 Image size of job updated: 776184
	319  -  MemoryUsage of job (MB)
	325672  -  ResidentSetSize of job (KB)
...
006 (452.647.000) 2022-04-05 23:57:17 Image size of job updated: 776184
	319  -  MemoryUsage of job (MB)
	325804  -  ResidentSetSize of job (KB)
...
006 (452.647.000) 2022-04-06 00:07:19 Image size of job updated: 776440
	319  -  MemoryUsage of job (MB)
	325936  -  ResidentSetSize of job (KB)
...
006 (452.647.000) 2022-04-06 00:17:19 Image size of job updated: 776440
	319  -  MemoryUsage of job (MB)
	326068  -  ResidentSetSize of job (KB)
...
006 (452.647.000) 2022-04-06 00:22:18 Image size of job updated: 776696
	319  -  MemoryUsage of job (MB)
	326200  -  ResidentSetSize of job (KB)
...
006 (452.647.000) 2022-04-06 00:32:21 Image size of job updated: 776696
	319  -  MemoryUsage of job (MB)
	326332  -  ResidentSetSize of job (KB)
...
006 (452.647.000) 2022-04-06 00:42:22 Image size of job updated: 776952
	319  -  MemoryUsage of job (MB)
	326464  -  ResidentSetSize of job (KB)
...
006 (452.647.000) 2022-04-06 00:47:23 Image size of job updated: 776952
	319  -  MemoryUsage of job (MB)
	326596  -  ResidentSetSize of job (KB)
...
006 (452.647.000) 2022-04-06 01:17:25 Image size of job updated: 776952
	320  -  MemoryUsage of job (MB)
	326728  -  ResidentSetSize of job (KB)
...
006 (452.647.000) 2022-04-06 01:22:26 Image size of job updated: 777208
	320  -  MemoryUsage of job (MB)
	326728  -  ResidentSetSize of job (KB)
...
006 (452.647.000) 2022-04-06 01:27:26 Image size of job updated: 777208
	320  -  MemoryUsage of job (MB)
	326860  -  ResidentSetSize of job (KB)
...
006 (452.647.000) 2022-04-06 01:37:28 Image size of job updated: 777464
	320  -  MemoryUsage of job (MB)
	326992  -  ResidentSetSize of job (KB)
...
006 (452.647.000) 2022-04-06 01:47:28 Image size of job updated: 777464
	320  -  MemoryUsage of job (MB)
	327124  -  ResidentSetSize of job (KB)
...
006 (452.647.000) 2022-04-06 01:57:30 Image size of job updated: 777720
	320  -  MemoryUsage of job (MB)
	327256  -  ResidentSetSize of job (KB)
...
006 (452.647.000) 2022-04-06 02:02:30 Image size of job updated: 777720
	320  -  MemoryUsage of job (MB)
	327388  -  ResidentSetSize of job (KB)
...
006 (452.647.000) 2022-04-06 02:12:31 Image size of job updated: 777976
	320  -  MemoryUsage of job (MB)
	327520  -  ResidentSetSize of job (KB)
...
006 (452.647.000) 2022-04-06 02:27:33 Image size of job updated: 777976
	320  -  MemoryUsage of job (MB)
	327652  -  ResidentSetSize of job (KB)
...
006 (452.647.000) 2022-04-06 02:37:34 Image size of job updated: 778232
	321  -  MemoryUsage of job (MB)
	327784  -  ResidentSetSize of job (KB)
...
006 (452.647.000) 2022-04-06 02:47:35 Image size of job updated: 778232
	321  -  MemoryUsage of job (MB)
	327916  -  ResidentSetSize of job (KB)
...
006 (452.647.000) 2022-04-06 02:57:35 Image size of job updated: 778488
	321  -  MemoryUsage of job (MB)
	328048  -  ResidentSetSize of job (KB)
...
006 (452.647.000) 2022-04-06 03:07:36 Image size of job updated: 778488
	321  -  MemoryUsage of job (MB)
	328180  -  ResidentSetSize of job (KB)
...
006 (452.647.000) 2022-04-06 03:17:37 Image size of job updated: 778744
	321  -  MemoryUsage of job (MB)
	328312  -  ResidentSetSize of job (KB)
...
006 (452.647.000) 2022-04-06 03:27:38 Image size of job updated: 778744
	321  -  MemoryUsage of job (MB)
	328444  -  ResidentSetSize of job (KB)
...
006 (452.647.000) 2022-04-06 03:32:39 Image size of job updated: 779000
	321  -  MemoryUsage of job (MB)
	328444  -  ResidentSetSize of job (KB)
...
006 (452.647.000) 2022-04-06 03:37:40 Image size of job updated: 779000
	321  -  MemoryUsage of job (MB)
	328576  -  ResidentSetSize of job (KB)
...
006 (452.647.000) 2022-04-06 03:42:40 Image size of job updated: 779000
	322  -  MemoryUsage of job (MB)
	328708  -  ResidentSetSize of job (KB)
...
006 (452.647.000) 2022-04-06 03:52:41 Image size of job updated: 779256
	322  -  MemoryUsage of job (MB)
	328840  -  ResidentSetSize of job (KB)
...
006 (452.647.000) 2022-04-06 04:02:41 Image size of job updated: 779256
	322  -  MemoryUsage of job (MB)
	328972  -  ResidentSetSize of job (KB)
...
006 (452.647.000) 2022-04-06 04:12:43 Image size of job updated: 779512
	322  -  MemoryUsage of job (MB)
	329104  -  ResidentSetSize of job (KB)
...
006 (452.647.000) 2022-04-06 04:22:43 Image size of job updated: 779512
	322  -  MemoryUsage of job (MB)
	329236  -  ResidentSetSize of job (KB)
...
006 (452.647.000) 2022-04-06 04:27:44 Image size of job updated: 779768
	322  -  MemoryUsage of job (MB)
	329236  -  ResidentSetSize of job (KB)
...
005 (452.647.000) 2022-04-06 04:30:44 Job terminated.
	(1) Normal termination (return value 0)
		Usr 0 07:57:11, Sys 0 00:00:26  -  Run Remote Usage
		Usr 0 00:00:00, Sys 0 00:00:00  -  Run Local Usage
		Usr 0 07:57:11, Sys 0 00:00:26  -  Total Remote Usage
		Usr 0 00:00:00, Sys 0 00:00:00  -  Total Local Usage
	0  -  Run Bytes Sent By Job
	0  -  Run Bytes Received By Job
	0  -  Total Bytes Sent By Job
	0  -  Total Bytes Received By Job
	Partitionable Resources :    Usage  Request Allocated 
	   Cpus                 :     1.00        1         1 
	   Disk (KB)            :  7500        7500     10998 
	   Memory (MB)          :   322        1024      1024 

	Job terminated of its own accord at 2022-04-06T02:30:44Z with exit-code 0.
...
