000 (452.299.000) 2022-04-05 09:23:25 Job submitted from host: <10.18.24.243:9618?addrs=10.18.24.243-9618&alias=ecoclusts01.bioclust.biologie.ens.fr&noUDP&sock=schedd_1052_29b8>
...
001 (452.299.000) 2022-04-05 12:41:19 Job executing on host: <10.18.24.11:9618?addrs=10.18.24.11-9618&alias=bioclust11.bioclust.biologie.ens.fr&noUDP&sock=startd_1205_1bb6>
...
006 (452.299.000) 2022-04-05 12:41:28 Image size of job updated: 22256
	22  -  MemoryUsage of job (MB)
	22256  -  ResidentSetSize of job (KB)
...
006 (452.299.000) 2022-04-05 12:46:29 Image size of job updated: 845680
	278  -  MemoryUsage of job (MB)
	283880  -  ResidentSetSize of job (KB)
...
006 (452.299.000) 2022-04-05 12:51:29 Image size of job updated: 845680
	317  -  MemoryUsage of job (MB)
	324388  -  ResidentSetSize of job (KB)
...
006 (452.299.000) 2022-04-05 15:11:42 Image size of job updated: 845680
	317  -  MemoryUsage of job (MB)
	324520  -  ResidentSetSize of job (KB)
...
006 (452.299.000) 2022-04-05 15:21:43 Image size of job updated: 845680
	318  -  MemoryUsage of job (MB)
	324652  -  ResidentSetSize of job (KB)
...
006 (452.299.000) 2022-04-05 15:31:45 Image size of job updated: 845680
	318  -  MemoryUsage of job (MB)
	324784  -  ResidentSetSize of job (KB)
...
006 (452.299.000) 2022-04-05 15:36:45 Image size of job updated: 845680
	318  -  MemoryUsage of job (MB)
	324916  -  ResidentSetSize of job (KB)
...
006 (452.299.000) 2022-04-05 15:46:45 Image size of job updated: 845680
	318  -  MemoryUsage of job (MB)
	325048  -  ResidentSetSize of job (KB)
...
006 (452.299.000) 2022-04-05 15:51:46 Image size of job updated: 845680
	318  -  MemoryUsage of job (MB)
	325180  -  ResidentSetSize of job (KB)
...
006 (452.299.000) 2022-04-05 15:56:46 Image size of job updated: 845680
	318  -  MemoryUsage of job (MB)
	325312  -  ResidentSetSize of job (KB)
...
006 (452.299.000) 2022-04-05 16:06:47 Image size of job updated: 845680
	318  -  MemoryUsage of job (MB)
	325444  -  ResidentSetSize of job (KB)
...
006 (452.299.000) 2022-04-05 16:11:48 Image size of job updated: 845680
	318  -  MemoryUsage of job (MB)
	325576  -  ResidentSetSize of job (KB)
...
006 (452.299.000) 2022-04-05 16:21:49 Image size of job updated: 845680
	319  -  MemoryUsage of job (MB)
	325708  -  ResidentSetSize of job (KB)
...
006 (452.299.000) 2022-04-05 16:26:49 Image size of job updated: 845680
	319  -  MemoryUsage of job (MB)
	325840  -  ResidentSetSize of job (KB)
...
006 (452.299.000) 2022-04-05 16:31:50 Image size of job updated: 845680
	319  -  MemoryUsage of job (MB)
	325972  -  ResidentSetSize of job (KB)
...
006 (452.299.000) 2022-04-05 16:41:52 Image size of job updated: 845680
	319  -  MemoryUsage of job (MB)
	326104  -  ResidentSetSize of job (KB)
...
006 (452.299.000) 2022-04-05 16:51:52 Image size of job updated: 845680
	319  -  MemoryUsage of job (MB)
	326236  -  ResidentSetSize of job (KB)
...
006 (452.299.000) 2022-04-05 16:56:53 Image size of job updated: 845680
	319  -  MemoryUsage of job (MB)
	326368  -  ResidentSetSize of job (KB)
...
006 (452.299.000) 2022-04-05 17:06:54 Image size of job updated: 845680
	319  -  MemoryUsage of job (MB)
	326500  -  ResidentSetSize of job (KB)
...
006 (452.299.000) 2022-04-05 17:11:55 Image size of job updated: 845680
	319  -  MemoryUsage of job (MB)
	326632  -  ResidentSetSize of job (KB)
...
006 (452.299.000) 2022-04-05 17:41:58 Image size of job updated: 845680
	320  -  MemoryUsage of job (MB)
	326744  -  ResidentSetSize of job (KB)
...
006 (452.299.000) 2022-04-05 17:51:59 Image size of job updated: 845680
	320  -  MemoryUsage of job (MB)
	326876  -  ResidentSetSize of job (KB)
...
006 (452.299.000) 2022-04-05 18:07:01 Image size of job updated: 845680
	320  -  MemoryUsage of job (MB)
	327008  -  ResidentSetSize of job (KB)
...
006 (452.299.000) 2022-04-05 18:12:01 Image size of job updated: 845680
	320  -  MemoryUsage of job (MB)
	327140  -  ResidentSetSize of job (KB)
...
006 (452.299.000) 2022-04-05 18:27:04 Image size of job updated: 845680
	320  -  MemoryUsage of job (MB)
	327272  -  ResidentSetSize of job (KB)
...
006 (452.299.000) 2022-04-05 18:37:05 Image size of job updated: 845680
	320  -  MemoryUsage of job (MB)
	327404  -  ResidentSetSize of job (KB)
...
006 (452.299.000) 2022-04-05 18:47:06 Image size of job updated: 845680
	320  -  MemoryUsage of job (MB)
	327536  -  ResidentSetSize of job (KB)
...
006 (452.299.000) 2022-04-05 18:57:07 Image size of job updated: 845680
	320  -  MemoryUsage of job (MB)
	327668  -  ResidentSetSize of job (KB)
...
006 (452.299.000) 2022-04-05 19:07:08 Image size of job updated: 845680
	321  -  MemoryUsage of job (MB)
	327800  -  ResidentSetSize of job (KB)
...
006 (452.299.000) 2022-04-05 19:17:10 Image size of job updated: 845680
	321  -  MemoryUsage of job (MB)
	327932  -  ResidentSetSize of job (KB)
...
006 (452.299.000) 2022-04-05 19:27:12 Image size of job updated: 845680
	321  -  MemoryUsage of job (MB)
	328064  -  ResidentSetSize of job (KB)
...
006 (452.299.000) 2022-04-05 19:37:14 Image size of job updated: 845680
	321  -  MemoryUsage of job (MB)
	328196  -  ResidentSetSize of job (KB)
...
006 (452.299.000) 2022-04-05 19:47:15 Image size of job updated: 845680
	321  -  MemoryUsage of job (MB)
	328328  -  ResidentSetSize of job (KB)
...
006 (452.299.000) 2022-04-05 19:52:15 Image size of job updated: 845680
	321  -  MemoryUsage of job (MB)
	328460  -  ResidentSetSize of job (KB)
...
006 (452.299.000) 2022-04-05 20:07:18 Image size of job updated: 845680
	321  -  MemoryUsage of job (MB)
	328592  -  ResidentSetSize of job (KB)
...
006 (452.299.000) 2022-04-05 20:12:18 Image size of job updated: 845680
	322  -  MemoryUsage of job (MB)
	328724  -  ResidentSetSize of job (KB)
...
006 (452.299.000) 2022-04-05 20:27:19 Image size of job updated: 845680
	322  -  MemoryUsage of job (MB)
	328856  -  ResidentSetSize of job (KB)
...
006 (452.299.000) 2022-04-05 20:37:20 Image size of job updated: 845680
	322  -  MemoryUsage of job (MB)
	328988  -  ResidentSetSize of job (KB)
...
006 (452.299.000) 2022-04-05 20:42:22 Image size of job updated: 845680
	322  -  MemoryUsage of job (MB)
	329120  -  ResidentSetSize of job (KB)
...
006 (452.299.000) 2022-04-05 20:52:22 Image size of job updated: 845680
	322  -  MemoryUsage of job (MB)
	329252  -  ResidentSetSize of job (KB)
...
005 (452.299.000) 2022-04-05 20:57:33 Job terminated.
	(1) Normal termination (return value 0)
		Usr 0 08:02:04, Sys 0 00:04:22  -  Run Remote Usage
		Usr 0 00:00:00, Sys 0 00:00:00  -  Run Local Usage
		Usr 0 08:02:04, Sys 0 00:04:22  -  Total Remote Usage
		Usr 0 00:00:00, Sys 0 00:00:00  -  Total Local Usage
	0  -  Run Bytes Sent By Job
	0  -  Run Bytes Received By Job
	0  -  Total Bytes Sent By Job
	0  -  Total Bytes Received By Job
	Partitionable Resources :    Usage  Request Allocated 
	   Cpus                 :     0.98        1         1 
	   Disk (KB)            :  7500        7500     10998 
	   Memory (MB)          :   322        1024      1024 

	Job terminated of its own accord at 2022-04-05T18:57:33Z with exit-code 0.
...
