000 (452.494.000) 2022-04-05 09:23:26 Job submitted from host: <10.18.24.243:9618?addrs=10.18.24.243-9618&alias=ecoclusts01.bioclust.biologie.ens.fr&noUDP&sock=schedd_1052_29b8>
...
001 (452.494.000) 2022-04-05 17:33:05 Job executing on host: <10.18.24.177:9618?addrs=10.18.24.177-9618&alias=mcbsclust06.bioclust.biologie.ens.fr&noUDP&sock=startd_945_c516>
...
006 (452.494.000) 2022-04-05 17:33:14 Image size of job updated: 427976
	418  -  MemoryUsage of job (MB)
	427976  -  ResidentSetSize of job (KB)
...
006 (452.494.000) 2022-04-05 17:38:15 Image size of job updated: 741624
	418  -  MemoryUsage of job (MB)
	427976  -  ResidentSetSize of job (KB)
...
006 (452.494.000) 2022-04-05 17:43:16 Image size of job updated: 774392
	418  -  MemoryUsage of job (MB)
	427976  -  ResidentSetSize of job (KB)
...
006 (452.494.000) 2022-04-05 19:03:24 Image size of job updated: 774648
	418  -  MemoryUsage of job (MB)
	427976  -  ResidentSetSize of job (KB)
...
006 (452.494.000) 2022-04-05 19:08:25 Image size of job updated: 774904
	418  -  MemoryUsage of job (MB)
	427976  -  ResidentSetSize of job (KB)
...
006 (452.494.000) 2022-04-05 19:23:27 Image size of job updated: 775160
	418  -  MemoryUsage of job (MB)
	427976  -  ResidentSetSize of job (KB)
...
006 (452.494.000) 2022-04-05 19:38:28 Image size of job updated: 775416
	418  -  MemoryUsage of job (MB)
	427976  -  ResidentSetSize of job (KB)
...
006 (452.494.000) 2022-04-05 19:48:30 Image size of job updated: 775672
	418  -  MemoryUsage of job (MB)
	427976  -  ResidentSetSize of job (KB)
...
006 (452.494.000) 2022-04-05 19:58:31 Image size of job updated: 775928
	418  -  MemoryUsage of job (MB)
	427976  -  ResidentSetSize of job (KB)
...
006 (452.494.000) 2022-04-05 20:08:32 Image size of job updated: 776184
	418  -  MemoryUsage of job (MB)
	427976  -  ResidentSetSize of job (KB)
...
006 (452.494.000) 2022-04-05 20:18:33 Image size of job updated: 776440
	418  -  MemoryUsage of job (MB)
	427976  -  ResidentSetSize of job (KB)
...
006 (452.494.000) 2022-04-05 20:28:34 Image size of job updated: 776696
	418  -  MemoryUsage of job (MB)
	427976  -  ResidentSetSize of job (KB)
...
006 (452.494.000) 2022-04-05 20:38:36 Image size of job updated: 776952
	418  -  MemoryUsage of job (MB)
	427976  -  ResidentSetSize of job (KB)
...
006 (452.494.000) 2022-04-05 21:03:38 Image size of job updated: 777208
	418  -  MemoryUsage of job (MB)
	427976  -  ResidentSetSize of job (KB)
...
006 (452.494.000) 2022-04-05 21:13:40 Image size of job updated: 777464
	418  -  MemoryUsage of job (MB)
	427976  -  ResidentSetSize of job (KB)
...
006 (452.494.000) 2022-04-05 21:28:41 Image size of job updated: 777720
	418  -  MemoryUsage of job (MB)
	427976  -  ResidentSetSize of job (KB)
...
006 (452.494.000) 2022-04-05 21:38:42 Image size of job updated: 777976
	418  -  MemoryUsage of job (MB)
	427976  -  ResidentSetSize of job (KB)
...
006 (452.494.000) 2022-04-05 21:48:44 Image size of job updated: 778232
	418  -  MemoryUsage of job (MB)
	427976  -  ResidentSetSize of job (KB)
...
006 (452.494.000) 2022-04-05 22:03:46 Image size of job updated: 778488
	418  -  MemoryUsage of job (MB)
	427976  -  ResidentSetSize of job (KB)
...
006 (452.494.000) 2022-04-05 22:13:46 Image size of job updated: 778744
	418  -  MemoryUsage of job (MB)
	427976  -  ResidentSetSize of job (KB)
...
006 (452.494.000) 2022-04-05 22:23:48 Image size of job updated: 779000
	418  -  MemoryUsage of job (MB)
	427976  -  ResidentSetSize of job (KB)
...
006 (452.494.000) 2022-04-05 22:38:49 Image size of job updated: 779256
	418  -  MemoryUsage of job (MB)
	427976  -  ResidentSetSize of job (KB)
...
006 (452.494.000) 2022-04-05 22:48:50 Image size of job updated: 779512
	418  -  MemoryUsage of job (MB)
	427976  -  ResidentSetSize of job (KB)
...
006 (452.494.000) 2022-04-05 22:58:52 Image size of job updated: 779768
	418  -  MemoryUsage of job (MB)
	427976  -  ResidentSetSize of job (KB)
...
005 (452.494.000) 2022-04-05 22:58:58 Job terminated.
	(1) Normal termination (return value 0)
		Usr 0 05:24:43, Sys 0 00:00:14  -  Run Remote Usage
		Usr 0 00:00:00, Sys 0 00:00:00  -  Run Local Usage
		Usr 0 05:24:43, Sys 0 00:00:14  -  Total Remote Usage
		Usr 0 00:00:00, Sys 0 00:00:00  -  Total Local Usage
	0  -  Run Bytes Sent By Job
	0  -  Run Bytes Received By Job
	0  -  Total Bytes Sent By Job
	0  -  Total Bytes Received By Job
	Partitionable Resources :    Usage  Request Allocated 
	   Cpus                 :     1.00        1         1 
	   Disk (KB)            :  7500        7500     10998 
	   Memory (MB)          :   418        1024      1024 

	Job terminated of its own accord at 2022-04-05T20:58:58Z with exit-code 0.
...
