000 (452.145.000) 2022-04-05 09:23:24 Job submitted from host: <10.18.24.243:9618?addrs=10.18.24.243-9618&alias=ecoclusts01.bioclust.biologie.ens.fr&noUDP&sock=schedd_1052_29b8>
...
001 (452.145.000) 2022-04-05 09:23:36 Job executing on host: <10.18.24.31:9618?addrs=10.18.24.31-9618&alias=bioclust31.bioclust.biologie.ens.fr&noUDP&sock=startd_2248324_d5bc>
...
006 (452.145.000) 2022-04-05 09:23:44 Image size of job updated: 233656
	64  -  MemoryUsage of job (MB)
	65340  -  ResidentSetSize of job (KB)
...
006 (452.145.000) 2022-04-05 09:28:44 Image size of job updated: 896308
	318  -  MemoryUsage of job (MB)
	324664  -  ResidentSetSize of job (KB)
...
006 (452.145.000) 2022-04-05 10:43:53 Image size of job updated: 896308
	318  -  MemoryUsage of job (MB)
	324884  -  ResidentSetSize of job (KB)
...
006 (452.145.000) 2022-04-05 10:53:54 Image size of job updated: 896308
	318  -  MemoryUsage of job (MB)
	325148  -  ResidentSetSize of job (KB)
...
006 (452.145.000) 2022-04-05 10:58:55 Image size of job updated: 896308
	318  -  MemoryUsage of job (MB)
	325280  -  ResidentSetSize of job (KB)
...
006 (452.145.000) 2022-04-05 11:03:56 Image size of job updated: 896308
	318  -  MemoryUsage of job (MB)
	325412  -  ResidentSetSize of job (KB)
...
006 (452.145.000) 2022-04-05 11:08:56 Image size of job updated: 896308
	318  -  MemoryUsage of job (MB)
	325544  -  ResidentSetSize of job (KB)
...
006 (452.145.000) 2022-04-05 11:13:56 Image size of job updated: 896308
	319  -  MemoryUsage of job (MB)
	325676  -  ResidentSetSize of job (KB)
...
006 (452.145.000) 2022-04-05 11:18:57 Image size of job updated: 896308
	319  -  MemoryUsage of job (MB)
	325808  -  ResidentSetSize of job (KB)
...
006 (452.145.000) 2022-04-05 11:23:58 Image size of job updated: 896308
	319  -  MemoryUsage of job (MB)
	326072  -  ResidentSetSize of job (KB)
...
006 (452.145.000) 2022-04-05 11:28:58 Image size of job updated: 896308
	319  -  MemoryUsage of job (MB)
	326204  -  ResidentSetSize of job (KB)
...
006 (452.145.000) 2022-04-05 11:33:59 Image size of job updated: 896308
	319  -  MemoryUsage of job (MB)
	326336  -  ResidentSetSize of job (KB)
...
006 (452.145.000) 2022-04-05 11:39:00 Image size of job updated: 896308
	319  -  MemoryUsage of job (MB)
	326468  -  ResidentSetSize of job (KB)
...
006 (452.145.000) 2022-04-05 11:44:00 Image size of job updated: 896308
	319  -  MemoryUsage of job (MB)
	326600  -  ResidentSetSize of job (KB)
...
006 (452.145.000) 2022-04-05 11:59:01 Image size of job updated: 896308
	320  -  MemoryUsage of job (MB)
	326732  -  ResidentSetSize of job (KB)
...
006 (452.145.000) 2022-04-05 12:04:01 Image size of job updated: 896308
	320  -  MemoryUsage of job (MB)
	326864  -  ResidentSetSize of job (KB)
...
006 (452.145.000) 2022-04-05 12:09:02 Image size of job updated: 896308
	320  -  MemoryUsage of job (MB)
	327128  -  ResidentSetSize of job (KB)
...
006 (452.145.000) 2022-04-05 12:14:03 Image size of job updated: 896308
	320  -  MemoryUsage of job (MB)
	327392  -  ResidentSetSize of job (KB)
...
006 (452.145.000) 2022-04-05 12:19:03 Image size of job updated: 896308
	321  -  MemoryUsage of job (MB)
	327788  -  ResidentSetSize of job (KB)
...
006 (452.145.000) 2022-04-05 12:24:04 Image size of job updated: 896308
	321  -  MemoryUsage of job (MB)
	328052  -  ResidentSetSize of job (KB)
...
006 (452.145.000) 2022-04-05 12:29:05 Image size of job updated: 896308
	321  -  MemoryUsage of job (MB)
	328316  -  ResidentSetSize of job (KB)
...
006 (452.145.000) 2022-04-05 12:34:05 Image size of job updated: 896308
	321  -  MemoryUsage of job (MB)
	328580  -  ResidentSetSize of job (KB)
...
006 (452.145.000) 2022-04-05 12:39:05 Image size of job updated: 896308
	322  -  MemoryUsage of job (MB)
	328712  -  ResidentSetSize of job (KB)
...
006 (452.145.000) 2022-04-05 12:44:07 Image size of job updated: 896308
	322  -  MemoryUsage of job (MB)
	328976  -  ResidentSetSize of job (KB)
...
006 (452.145.000) 2022-04-05 12:49:07 Image size of job updated: 896308
	322  -  MemoryUsage of job (MB)
	329240  -  ResidentSetSize of job (KB)
...
005 (452.145.000) 2022-04-05 12:50:43 Job terminated.
	(1) Normal termination (return value 0)
		Usr 0 03:25:57, Sys 0 00:00:52  -  Run Remote Usage
		Usr 0 00:00:00, Sys 0 00:00:00  -  Run Local Usage
		Usr 0 03:25:57, Sys 0 00:00:52  -  Total Remote Usage
		Usr 0 00:00:00, Sys 0 00:00:00  -  Total Local Usage
	0  -  Run Bytes Sent By Job
	0  -  Run Bytes Received By Job
	0  -  Total Bytes Sent By Job
	0  -  Total Bytes Received By Job
	Partitionable Resources :    Usage  Request Allocated 
	   Cpus                 :     1.00        1         1 
	   Disk (KB)            :  7500        7500      9276 
	   Memory (MB)          :   322        1024      1024 

	Job terminated of its own accord at 2022-04-05T10:50:43Z with exit-code 0.
...
