000 (452.886.000) 2022-04-05 09:23:27 Job submitted from host: <10.18.24.243:9618?addrs=10.18.24.243-9618&alias=ecoclusts01.bioclust.biologie.ens.fr&noUDP&sock=schedd_1052_29b8>
...
001 (452.886.000) 2022-04-06 01:37:56 Job executing on host: <10.18.24.141:9618?addrs=10.18.24.141-9618&alias=dyoclust14.bioclust.biologie.ens.fr&noUDP&sock=startd_801_ff73>
...
006 (452.886.000) 2022-04-06 01:38:05 Image size of job updated: 541488
	181  -  MemoryUsage of job (MB)
	184696  -  ResidentSetSize of job (KB)
...
006 (452.886.000) 2022-04-06 01:43:06 Image size of job updated: 741880
	317  -  MemoryUsage of job (MB)
	324344  -  ResidentSetSize of job (KB)
...
006 (452.886.000) 2022-04-06 01:48:06 Image size of job updated: 774648
	317  -  MemoryUsage of job (MB)
	324432  -  ResidentSetSize of job (KB)
...
006 (452.886.000) 2022-04-06 02:33:11 Image size of job updated: 774904
	317  -  MemoryUsage of job (MB)
	324564  -  ResidentSetSize of job (KB)
...
006 (452.886.000) 2022-04-06 02:38:11 Image size of job updated: 775160
	318  -  MemoryUsage of job (MB)
	324696  -  ResidentSetSize of job (KB)
...
006 (452.886.000) 2022-04-06 02:43:11 Image size of job updated: 775160
	318  -  MemoryUsage of job (MB)
	324828  -  ResidentSetSize of job (KB)
...
006 (452.886.000) 2022-04-06 02:48:12 Image size of job updated: 775416
	318  -  MemoryUsage of job (MB)
	324960  -  ResidentSetSize of job (KB)
...
006 (452.886.000) 2022-04-06 02:53:12 Image size of job updated: 775672
	318  -  MemoryUsage of job (MB)
	325224  -  ResidentSetSize of job (KB)
...
006 (452.886.000) 2022-04-06 02:58:12 Image size of job updated: 775672
	318  -  MemoryUsage of job (MB)
	325356  -  ResidentSetSize of job (KB)
...
006 (452.886.000) 2022-04-06 03:03:13 Image size of job updated: 775928
	318  -  MemoryUsage of job (MB)
	325488  -  ResidentSetSize of job (KB)
...
006 (452.886.000) 2022-04-06 03:08:14 Image size of job updated: 775928
	318  -  MemoryUsage of job (MB)
	325620  -  ResidentSetSize of job (KB)
...
006 (452.886.000) 2022-04-06 03:13:14 Image size of job updated: 776184
	319  -  MemoryUsage of job (MB)
	325752  -  ResidentSetSize of job (KB)
...
006 (452.886.000) 2022-04-06 03:18:14 Image size of job updated: 776440
	319  -  MemoryUsage of job (MB)
	326016  -  ResidentSetSize of job (KB)
...
006 (452.886.000) 2022-04-06 03:23:15 Image size of job updated: 776696
	319  -  MemoryUsage of job (MB)
	326148  -  ResidentSetSize of job (KB)
...
006 (452.886.000) 2022-04-06 03:28:15 Image size of job updated: 776696
	319  -  MemoryUsage of job (MB)
	326412  -  ResidentSetSize of job (KB)
...
006 (452.886.000) 2022-04-06 03:33:15 Image size of job updated: 776952
	319  -  MemoryUsage of job (MB)
	326544  -  ResidentSetSize of job (KB)
...
006 (452.886.000) 2022-04-06 03:48:17 Image size of job updated: 776952
	320  -  MemoryUsage of job (MB)
	326676  -  ResidentSetSize of job (KB)
...
006 (452.886.000) 2022-04-06 03:53:17 Image size of job updated: 777208
	320  -  MemoryUsage of job (MB)
	326808  -  ResidentSetSize of job (KB)
...
006 (452.886.000) 2022-04-06 03:58:18 Image size of job updated: 777464
	320  -  MemoryUsage of job (MB)
	326940  -  ResidentSetSize of job (KB)
...
006 (452.886.000) 2022-04-06 04:03:18 Image size of job updated: 777464
	320  -  MemoryUsage of job (MB)
	327204  -  ResidentSetSize of job (KB)
...
006 (452.886.000) 2022-04-06 04:08:18 Image size of job updated: 777720
	320  -  MemoryUsage of job (MB)
	327336  -  ResidentSetSize of job (KB)
...
006 (452.886.000) 2022-04-06 04:13:19 Image size of job updated: 777976
	320  -  MemoryUsage of job (MB)
	327468  -  ResidentSetSize of job (KB)
...
006 (452.886.000) 2022-04-06 04:18:20 Image size of job updated: 777976
	320  -  MemoryUsage of job (MB)
	327600  -  ResidentSetSize of job (KB)
...
006 (452.886.000) 2022-04-06 04:23:20 Image size of job updated: 778232
	321  -  MemoryUsage of job (MB)
	327864  -  ResidentSetSize of job (KB)
...
006 (452.886.000) 2022-04-06 04:28:20 Image size of job updated: 778232
	321  -  MemoryUsage of job (MB)
	327996  -  ResidentSetSize of job (KB)
...
006 (452.886.000) 2022-04-06 04:33:21 Image size of job updated: 778488
	321  -  MemoryUsage of job (MB)
	328128  -  ResidentSetSize of job (KB)
...
006 (452.886.000) 2022-04-06 04:38:21 Image size of job updated: 778744
	321  -  MemoryUsage of job (MB)
	328260  -  ResidentSetSize of job (KB)
...
006 (452.886.000) 2022-04-06 04:43:21 Image size of job updated: 778744
	321  -  MemoryUsage of job (MB)
	328524  -  ResidentSetSize of job (KB)
...
006 (452.886.000) 2022-04-06 04:48:22 Image size of job updated: 779000
	321  -  MemoryUsage of job (MB)
	328656  -  ResidentSetSize of job (KB)
...
006 (452.886.000) 2022-04-06 04:53:23 Image size of job updated: 779256
	322  -  MemoryUsage of job (MB)
	328788  -  ResidentSetSize of job (KB)
...
006 (452.886.000) 2022-04-06 04:58:23 Image size of job updated: 779256
	322  -  MemoryUsage of job (MB)
	328920  -  ResidentSetSize of job (KB)
...
006 (452.886.000) 2022-04-06 05:03:24 Image size of job updated: 779512
	322  -  MemoryUsage of job (MB)
	329184  -  ResidentSetSize of job (KB)
...
006 (452.886.000) 2022-04-06 05:08:25 Image size of job updated: 779768
	322  -  MemoryUsage of job (MB)
	329316  -  ResidentSetSize of job (KB)
...
005 (452.886.000) 2022-04-06 05:09:06 Job terminated.
	(1) Normal termination (return value 0)
		Usr 0 03:29:51, Sys 0 00:00:21  -  Run Remote Usage
		Usr 0 00:00:00, Sys 0 00:00:00  -  Run Local Usage
		Usr 0 03:29:51, Sys 0 00:00:21  -  Total Remote Usage
		Usr 0 00:00:00, Sys 0 00:00:00  -  Total Local Usage
	0  -  Run Bytes Sent By Job
	0  -  Run Bytes Received By Job
	0  -  Total Bytes Sent By Job
	0  -  Total Bytes Received By Job
	Partitionable Resources :    Usage  Request Allocated 
	   Cpus                 :     1.00        1         1 
	   Disk (KB)            :  7500        7500     10998 
	   Memory (MB)          :   322        1024      1024 

	Job terminated of its own accord at 2022-04-06T03:09:06Z with exit-code 0.
...
