000 (452.379.000) 2022-04-05 09:23:25 Job submitted from host: <10.18.24.243:9618?addrs=10.18.24.243-9618&alias=ecoclusts01.bioclust.biologie.ens.fr&noUDP&sock=schedd_1052_29b8>
...
001 (452.379.000) 2022-04-05 13:08:01 Job executing on host: <10.18.24.5:9618?addrs=10.18.24.5-9618&alias=bioclust05.bioclust.biologie.ens.fr&noUDP&sock=startd_1060_a67a>
...
006 (452.379.000) 2022-04-05 13:08:09 Image size of job updated: 232336
	64  -  MemoryUsage of job (MB)
	64876  -  ResidentSetSize of job (KB)
...
006 (452.379.000) 2022-04-05 13:13:09 Image size of job updated: 896304
	317  -  MemoryUsage of job (MB)
	324300  -  ResidentSetSize of job (KB)
...
006 (452.379.000) 2022-04-05 13:18:09 Image size of job updated: 896304
	317  -  MemoryUsage of job (MB)
	324344  -  ResidentSetSize of job (KB)
...
006 (452.379.000) 2022-04-05 14:48:19 Image size of job updated: 896304
	317  -  MemoryUsage of job (MB)
	324432  -  ResidentSetSize of job (KB)
...
006 (452.379.000) 2022-04-05 14:53:20 Image size of job updated: 896304
	317  -  MemoryUsage of job (MB)
	324564  -  ResidentSetSize of job (KB)
...
006 (452.379.000) 2022-04-05 15:03:20 Image size of job updated: 896304
	318  -  MemoryUsage of job (MB)
	324696  -  ResidentSetSize of job (KB)
...
006 (452.379.000) 2022-04-05 15:08:21 Image size of job updated: 896304
	318  -  MemoryUsage of job (MB)
	324828  -  ResidentSetSize of job (KB)
...
006 (452.379.000) 2022-04-05 15:18:22 Image size of job updated: 896304
	318  -  MemoryUsage of job (MB)
	324960  -  ResidentSetSize of job (KB)
...
006 (452.379.000) 2022-04-05 15:23:23 Image size of job updated: 896304
	318  -  MemoryUsage of job (MB)
	325092  -  ResidentSetSize of job (KB)
...
006 (452.379.000) 2022-04-05 15:28:24 Image size of job updated: 896304
	318  -  MemoryUsage of job (MB)
	325224  -  ResidentSetSize of job (KB)
...
006 (452.379.000) 2022-04-05 15:33:24 Image size of job updated: 896304
	318  -  MemoryUsage of job (MB)
	325356  -  ResidentSetSize of job (KB)
...
006 (452.379.000) 2022-04-05 15:43:25 Image size of job updated: 896304
	318  -  MemoryUsage of job (MB)
	325488  -  ResidentSetSize of job (KB)
...
006 (452.379.000) 2022-04-05 15:48:26 Image size of job updated: 896304
	318  -  MemoryUsage of job (MB)
	325620  -  ResidentSetSize of job (KB)
...
006 (452.379.000) 2022-04-05 15:53:26 Image size of job updated: 896304
	319  -  MemoryUsage of job (MB)
	325752  -  ResidentSetSize of job (KB)
...
006 (452.379.000) 2022-04-05 16:03:28 Image size of job updated: 896304
	319  -  MemoryUsage of job (MB)
	325884  -  ResidentSetSize of job (KB)
...
006 (452.379.000) 2022-04-05 16:08:28 Image size of job updated: 896304
	319  -  MemoryUsage of job (MB)
	326016  -  ResidentSetSize of job (KB)
...
006 (452.379.000) 2022-04-05 16:18:29 Image size of job updated: 896304
	319  -  MemoryUsage of job (MB)
	326148  -  ResidentSetSize of job (KB)
...
006 (452.379.000) 2022-04-05 16:23:30 Image size of job updated: 896304
	319  -  MemoryUsage of job (MB)
	326280  -  ResidentSetSize of job (KB)
...
006 (452.379.000) 2022-04-05 16:28:30 Image size of job updated: 896304
	319  -  MemoryUsage of job (MB)
	326412  -  ResidentSetSize of job (KB)
...
006 (452.379.000) 2022-04-05 16:38:32 Image size of job updated: 896304
	319  -  MemoryUsage of job (MB)
	326544  -  ResidentSetSize of job (KB)
...
006 (452.379.000) 2022-04-05 16:58:34 Image size of job updated: 896304
	320  -  MemoryUsage of job (MB)
	326676  -  ResidentSetSize of job (KB)
...
006 (452.379.000) 2022-04-05 17:08:35 Image size of job updated: 896304
	320  -  MemoryUsage of job (MB)
	326808  -  ResidentSetSize of job (KB)
...
006 (452.379.000) 2022-04-05 17:18:36 Image size of job updated: 896304
	320  -  MemoryUsage of job (MB)
	326940  -  ResidentSetSize of job (KB)
...
006 (452.379.000) 2022-04-05 17:23:36 Image size of job updated: 896304
	320  -  MemoryUsage of job (MB)
	327072  -  ResidentSetSize of job (KB)
...
006 (452.379.000) 2022-04-05 17:33:38 Image size of job updated: 896304
	320  -  MemoryUsage of job (MB)
	327204  -  ResidentSetSize of job (KB)
...
006 (452.379.000) 2022-04-05 17:38:38 Image size of job updated: 896304
	320  -  MemoryUsage of job (MB)
	327336  -  ResidentSetSize of job (KB)
...
006 (452.379.000) 2022-04-05 17:43:38 Image size of job updated: 896304
	320  -  MemoryUsage of job (MB)
	327468  -  ResidentSetSize of job (KB)
...
006 (452.379.000) 2022-04-05 17:53:39 Image size of job updated: 896304
	320  -  MemoryUsage of job (MB)
	327600  -  ResidentSetSize of job (KB)
...
006 (452.379.000) 2022-04-05 18:03:40 Image size of job updated: 896304
	321  -  MemoryUsage of job (MB)
	327732  -  ResidentSetSize of job (KB)
...
006 (452.379.000) 2022-04-05 18:08:41 Image size of job updated: 896304
	321  -  MemoryUsage of job (MB)
	327864  -  ResidentSetSize of job (KB)
...
006 (452.379.000) 2022-04-05 18:13:41 Image size of job updated: 896304
	321  -  MemoryUsage of job (MB)
	327996  -  ResidentSetSize of job (KB)
...
006 (452.379.000) 2022-04-05 18:23:43 Image size of job updated: 896304
	321  -  MemoryUsage of job (MB)
	328128  -  ResidentSetSize of job (KB)
...
006 (452.379.000) 2022-04-05 18:28:43 Image size of job updated: 896304
	321  -  MemoryUsage of job (MB)
	328260  -  ResidentSetSize of job (KB)
...
006 (452.379.000) 2022-04-05 18:38:44 Image size of job updated: 896304
	321  -  MemoryUsage of job (MB)
	328392  -  ResidentSetSize of job (KB)
...
006 (452.379.000) 2022-04-05 18:43:45 Image size of job updated: 896304
	321  -  MemoryUsage of job (MB)
	328524  -  ResidentSetSize of job (KB)
...
006 (452.379.000) 2022-04-05 18:48:45 Image size of job updated: 896304
	321  -  MemoryUsage of job (MB)
	328656  -  ResidentSetSize of job (KB)
...
006 (452.379.000) 2022-04-05 18:53:45 Image size of job updated: 896304
	322  -  MemoryUsage of job (MB)
	328788  -  ResidentSetSize of job (KB)
...
006 (452.379.000) 2022-04-05 19:03:47 Image size of job updated: 896304
	322  -  MemoryUsage of job (MB)
	328920  -  ResidentSetSize of job (KB)
...
006 (452.379.000) 2022-04-05 19:08:47 Image size of job updated: 896304
	322  -  MemoryUsage of job (MB)
	329052  -  ResidentSetSize of job (KB)
...
006 (452.379.000) 2022-04-05 19:13:48 Image size of job updated: 896304
	322  -  MemoryUsage of job (MB)
	329184  -  ResidentSetSize of job (KB)
...
005 (452.379.000) 2022-04-05 19:21:06 Job terminated.
	(1) Normal termination (return value 0)
		Usr 0 06:10:59, Sys 0 00:01:21  -  Run Remote Usage
		Usr 0 00:00:00, Sys 0 00:00:00  -  Run Local Usage
		Usr 0 06:10:59, Sys 0 00:01:21  -  Total Remote Usage
		Usr 0 00:00:00, Sys 0 00:00:00  -  Total Local Usage
	0  -  Run Bytes Sent By Job
	0  -  Run Bytes Received By Job
	0  -  Total Bytes Sent By Job
	0  -  Total Bytes Received By Job
	Partitionable Resources :    Usage  Request Allocated 
	   Cpus                 :     1.00        1         1 
	   Disk (KB)            :  7500        7500     10998 
	   Memory (MB)          :   322        1024      1024 

	Job terminated of its own accord at 2022-04-05T17:21:06Z with exit-code 0.
...
