000 (452.421.000) 2022-04-05 09:23:25 Job submitted from host: <10.18.24.243:9618?addrs=10.18.24.243-9618&alias=ecoclusts01.bioclust.biologie.ens.fr&noUDP&sock=schedd_1052_29b8>
...
001 (452.421.000) 2022-04-05 15:04:28 Job executing on host: <10.18.24.177:9618?addrs=10.18.24.177-9618&alias=mcbsclust06.bioclust.biologie.ens.fr&noUDP&sock=startd_945_c516>
...
006 (452.421.000) 2022-04-05 15:04:36 Image size of job updated: 89332
	88  -  MemoryUsage of job (MB)
	89332  -  ResidentSetSize of job (KB)
...
006 (452.421.000) 2022-04-05 15:09:36 Image size of job updated: 896308
	317  -  MemoryUsage of job (MB)
	324288  -  ResidentSetSize of job (KB)
...
006 (452.421.000) 2022-04-05 15:19:38 Image size of job updated: 896308
	317  -  MemoryUsage of job (MB)
	324376  -  ResidentSetSize of job (KB)
...
006 (452.421.000) 2022-04-05 16:29:45 Image size of job updated: 896308
	317  -  MemoryUsage of job (MB)
	324508  -  ResidentSetSize of job (KB)
...
006 (452.421.000) 2022-04-05 16:34:45 Image size of job updated: 896308
	318  -  MemoryUsage of job (MB)
	324640  -  ResidentSetSize of job (KB)
...
006 (452.421.000) 2022-04-05 16:44:47 Image size of job updated: 896308
	318  -  MemoryUsage of job (MB)
	324772  -  ResidentSetSize of job (KB)
...
006 (452.421.000) 2022-04-05 16:49:47 Image size of job updated: 896308
	318  -  MemoryUsage of job (MB)
	324904  -  ResidentSetSize of job (KB)
...
006 (452.421.000) 2022-04-05 16:54:47 Image size of job updated: 896308
	318  -  MemoryUsage of job (MB)
	325036  -  ResidentSetSize of job (KB)
...
006 (452.421.000) 2022-04-05 16:59:48 Image size of job updated: 896308
	318  -  MemoryUsage of job (MB)
	325168  -  ResidentSetSize of job (KB)
...
006 (452.421.000) 2022-04-05 17:04:48 Image size of job updated: 896308
	318  -  MemoryUsage of job (MB)
	325300  -  ResidentSetSize of job (KB)
...
006 (452.421.000) 2022-04-05 17:14:49 Image size of job updated: 896308
	318  -  MemoryUsage of job (MB)
	325432  -  ResidentSetSize of job (KB)
...
006 (452.421.000) 2022-04-05 17:19:50 Image size of job updated: 896308
	318  -  MemoryUsage of job (MB)
	325564  -  ResidentSetSize of job (KB)
...
006 (452.421.000) 2022-04-05 17:24:50 Image size of job updated: 896308
	319  -  MemoryUsage of job (MB)
	325696  -  ResidentSetSize of job (KB)
...
006 (452.421.000) 2022-04-05 17:34:52 Image size of job updated: 896308
	319  -  MemoryUsage of job (MB)
	325828  -  ResidentSetSize of job (KB)
...
006 (452.421.000) 2022-04-05 17:39:52 Image size of job updated: 896308
	319  -  MemoryUsage of job (MB)
	325960  -  ResidentSetSize of job (KB)
...
006 (452.421.000) 2022-04-05 17:44:52 Image size of job updated: 896308
	319  -  MemoryUsage of job (MB)
	326092  -  ResidentSetSize of job (KB)
...
006 (452.421.000) 2022-04-05 17:49:53 Image size of job updated: 896308
	319  -  MemoryUsage of job (MB)
	326224  -  ResidentSetSize of job (KB)
...
006 (452.421.000) 2022-04-05 17:59:54 Image size of job updated: 896308
	319  -  MemoryUsage of job (MB)
	326356  -  ResidentSetSize of job (KB)
...
006 (452.421.000) 2022-04-05 18:04:55 Image size of job updated: 896308
	319  -  MemoryUsage of job (MB)
	326488  -  ResidentSetSize of job (KB)
...
006 (452.421.000) 2022-04-05 18:09:56 Image size of job updated: 896308
	319  -  MemoryUsage of job (MB)
	326620  -  ResidentSetSize of job (KB)
...
006 (452.421.000) 2022-04-05 18:34:58 Image size of job updated: 896308
	320  -  MemoryUsage of job (MB)
	326740  -  ResidentSetSize of job (KB)
...
006 (452.421.000) 2022-04-05 18:45:00 Image size of job updated: 896308
	320  -  MemoryUsage of job (MB)
	326872  -  ResidentSetSize of job (KB)
...
006 (452.421.000) 2022-04-05 18:50:00 Image size of job updated: 896308
	320  -  MemoryUsage of job (MB)
	327004  -  ResidentSetSize of job (KB)
...
006 (452.421.000) 2022-04-05 19:00:01 Image size of job updated: 896308
	320  -  MemoryUsage of job (MB)
	327136  -  ResidentSetSize of job (KB)
...
006 (452.421.000) 2022-04-05 19:05:02 Image size of job updated: 896308
	320  -  MemoryUsage of job (MB)
	327268  -  ResidentSetSize of job (KB)
...
006 (452.421.000) 2022-04-05 19:15:03 Image size of job updated: 896308
	320  -  MemoryUsage of job (MB)
	327400  -  ResidentSetSize of job (KB)
...
006 (452.421.000) 2022-04-05 19:20:04 Image size of job updated: 896308
	320  -  MemoryUsage of job (MB)
	327532  -  ResidentSetSize of job (KB)
...
006 (452.421.000) 2022-04-05 19:25:04 Image size of job updated: 896308
	320  -  MemoryUsage of job (MB)
	327664  -  ResidentSetSize of job (KB)
...
006 (452.421.000) 2022-04-05 19:35:05 Image size of job updated: 896308
	321  -  MemoryUsage of job (MB)
	327796  -  ResidentSetSize of job (KB)
...
006 (452.421.000) 2022-04-05 19:40:06 Image size of job updated: 896308
	321  -  MemoryUsage of job (MB)
	327928  -  ResidentSetSize of job (KB)
...
006 (452.421.000) 2022-04-05 19:50:07 Image size of job updated: 896308
	321  -  MemoryUsage of job (MB)
	328060  -  ResidentSetSize of job (KB)
...
006 (452.421.000) 2022-04-05 19:55:08 Image size of job updated: 896308
	321  -  MemoryUsage of job (MB)
	328192  -  ResidentSetSize of job (KB)
...
006 (452.421.000) 2022-04-05 20:05:08 Image size of job updated: 896308
	321  -  MemoryUsage of job (MB)
	328324  -  ResidentSetSize of job (KB)
...
006 (452.421.000) 2022-04-05 20:10:09 Image size of job updated: 896308
	321  -  MemoryUsage of job (MB)
	328456  -  ResidentSetSize of job (KB)
...
006 (452.421.000) 2022-04-05 20:20:10 Image size of job updated: 896308
	321  -  MemoryUsage of job (MB)
	328588  -  ResidentSetSize of job (KB)
...
006 (452.421.000) 2022-04-05 20:25:11 Image size of job updated: 896308
	322  -  MemoryUsage of job (MB)
	328720  -  ResidentSetSize of job (KB)
...
006 (452.421.000) 2022-04-05 20:35:12 Image size of job updated: 896308
	322  -  MemoryUsage of job (MB)
	328852  -  ResidentSetSize of job (KB)
...
006 (452.421.000) 2022-04-05 20:40:12 Image size of job updated: 896308
	322  -  MemoryUsage of job (MB)
	328984  -  ResidentSetSize of job (KB)
...
006 (452.421.000) 2022-04-05 20:50:14 Image size of job updated: 896308
	322  -  MemoryUsage of job (MB)
	329116  -  ResidentSetSize of job (KB)
...
006 (452.421.000) 2022-04-05 20:55:14 Image size of job updated: 896308
	322  -  MemoryUsage of job (MB)
	329248  -  ResidentSetSize of job (KB)
...
005 (452.421.000) 2022-04-05 21:00:10 Job terminated.
	(1) Normal termination (return value 0)
		Usr 0 05:54:20, Sys 0 00:00:21  -  Run Remote Usage
		Usr 0 00:00:00, Sys 0 00:00:00  -  Run Local Usage
		Usr 0 05:54:20, Sys 0 00:00:21  -  Total Remote Usage
		Usr 0 00:00:00, Sys 0 00:00:00  -  Total Local Usage
	0  -  Run Bytes Sent By Job
	0  -  Run Bytes Received By Job
	0  -  Total Bytes Sent By Job
	0  -  Total Bytes Received By Job
	Partitionable Resources :    Usage  Request Allocated 
	   Cpus                 :     1.00        1         1 
	   Disk (KB)            :  7500        7500     10998 
	   Memory (MB)          :   322        1024      1024 

	Job terminated of its own accord at 2022-04-05T19:00:10Z with exit-code 0.
...
