000 (452.052.000) 2022-04-05 09:23:24 Job submitted from host: <10.18.24.243:9618?addrs=10.18.24.243-9618&alias=ecoclusts01.bioclust.biologie.ens.fr&noUDP&sock=schedd_1052_29b8>
...
001 (452.052.000) 2022-04-05 09:23:30 Job executing on host: <10.18.24.187:9618?addrs=10.18.24.187-9618&alias=mcbsclust16.bioclust.biologie.ens.fr&noUDP&sock=startd_1627_90ad>
...
006 (452.052.000) 2022-04-05 09:23:38 Image size of job updated: 114448
	81  -  MemoryUsage of job (MB)
	82372  -  ResidentSetSize of job (KB)
...
006 (452.052.000) 2022-04-05 09:26:25 Image size of job updated: 772852
	81  -  MemoryUsage of job (MB)
	82636  -  ResidentSetSize of job (KB)
...
005 (452.052.000) 2022-04-05 09:26:25 Job terminated.
	(1) Normal termination (return value 0)
		Usr 0 00:02:33, Sys 0 00:00:15  -  Run Remote Usage
		Usr 0 00:00:00, Sys 0 00:00:00  -  Run Local Usage
		Usr 0 00:02:33, Sys 0 00:00:15  -  Total Remote Usage
		Usr 0 00:00:00, Sys 0 00:00:00  -  Total Local Usage
	0  -  Run Bytes Sent By Job
	0  -  Run Bytes Received By Job
	0  -  Total Bytes Sent By Job
	0  -  Total Bytes Received By Job
	Partitionable Resources :    Usage  Request Allocated 
	   Cpus                 :                 1         1 
	   Disk (KB)            :     7500     7500     10998 
	   Memory (MB)          :       81     1024      1024 

	Job terminated of its own accord at 2022-04-05T07:26:25Z with exit-code 0.
...
