000 (452.333.000) 2022-04-05 09:23:25 Job submitted from host: <10.18.24.243:9618?addrs=10.18.24.243-9618&alias=ecoclusts01.bioclust.biologie.ens.fr&noUDP&sock=schedd_1052_29b8>
...
001 (452.333.000) 2022-04-05 12:53:19 Job executing on host: <10.18.24.8:9618?addrs=10.18.24.8-9618&alias=bioclust08.bioclust.biologie.ens.fr&noUDP&sock=startd_1108_9306>
...
006 (452.333.000) 2022-04-05 12:53:28 Image size of job updated: 300756
	72  -  MemoryUsage of job (MB)
	72828  -  ResidentSetSize of job (KB)
...
006 (452.333.000) 2022-04-05 12:58:29 Image size of job updated: 741620
	317  -  MemoryUsage of job (MB)
	324132  -  ResidentSetSize of job (KB)
...
006 (452.333.000) 2022-04-05 13:08:30 Image size of job updated: 774388
	317  -  MemoryUsage of job (MB)
	324132  -  ResidentSetSize of job (KB)
...
006 (452.333.000) 2022-04-05 14:58:40 Image size of job updated: 774644
	317  -  MemoryUsage of job (MB)
	324220  -  ResidentSetSize of job (KB)
...
006 (452.333.000) 2022-04-05 15:08:40 Image size of job updated: 774644
	317  -  MemoryUsage of job (MB)
	324352  -  ResidentSetSize of job (KB)
...
006 (452.333.000) 2022-04-05 15:13:41 Image size of job updated: 774900
	317  -  MemoryUsage of job (MB)
	324484  -  ResidentSetSize of job (KB)
...
006 (452.333.000) 2022-04-05 15:23:41 Image size of job updated: 774900
	318  -  MemoryUsage of job (MB)
	324616  -  ResidentSetSize of job (KB)
...
006 (452.333.000) 2022-04-05 15:28:42 Image size of job updated: 775156
	318  -  MemoryUsage of job (MB)
	324616  -  ResidentSetSize of job (KB)
...
006 (452.333.000) 2022-04-05 15:33:43 Image size of job updated: 775156
	318  -  MemoryUsage of job (MB)
	324748  -  ResidentSetSize of job (KB)
...
006 (452.333.000) 2022-04-05 15:43:43 Image size of job updated: 775156
	318  -  MemoryUsage of job (MB)
	324880  -  ResidentSetSize of job (KB)
...
006 (452.333.000) 2022-04-05 15:48:44 Image size of job updated: 775412
	318  -  MemoryUsage of job (MB)
	325012  -  ResidentSetSize of job (KB)
...
006 (452.333.000) 2022-04-05 15:58:45 Image size of job updated: 775412
	318  -  MemoryUsage of job (MB)
	325144  -  ResidentSetSize of job (KB)
...
006 (452.333.000) 2022-04-05 16:03:45 Image size of job updated: 775668
	318  -  MemoryUsage of job (MB)
	325276  -  ResidentSetSize of job (KB)
...
006 (452.333.000) 2022-04-05 16:18:47 Image size of job updated: 775924
	318  -  MemoryUsage of job (MB)
	325408  -  ResidentSetSize of job (KB)
...
006 (452.333.000) 2022-04-05 16:28:49 Image size of job updated: 775924
	318  -  MemoryUsage of job (MB)
	325540  -  ResidentSetSize of job (KB)
...
006 (452.333.000) 2022-04-05 16:33:49 Image size of job updated: 775924
	319  -  MemoryUsage of job (MB)
	325672  -  ResidentSetSize of job (KB)
...
006 (452.333.000) 2022-04-05 16:38:49 Image size of job updated: 776180
	319  -  MemoryUsage of job (MB)
	325672  -  ResidentSetSize of job (KB)
...
006 (452.333.000) 2022-04-05 16:43:50 Image size of job updated: 776180
	319  -  MemoryUsage of job (MB)
	325804  -  ResidentSetSize of job (KB)
...
006 (452.333.000) 2022-04-05 16:53:51 Image size of job updated: 776436
	319  -  MemoryUsage of job (MB)
	325936  -  ResidentSetSize of job (KB)
...
006 (452.333.000) 2022-04-05 16:58:51 Image size of job updated: 776436
	319  -  MemoryUsage of job (MB)
	326068  -  ResidentSetSize of job (KB)
...
006 (452.333.000) 2022-04-05 17:08:52 Image size of job updated: 776692
	319  -  MemoryUsage of job (MB)
	326200  -  ResidentSetSize of job (KB)
...
006 (452.333.000) 2022-04-05 17:18:53 Image size of job updated: 776692
	319  -  MemoryUsage of job (MB)
	326332  -  ResidentSetSize of job (KB)
...
006 (452.333.000) 2022-04-05 17:23:54 Image size of job updated: 776948
	319  -  MemoryUsage of job (MB)
	326464  -  ResidentSetSize of job (KB)
...
006 (452.333.000) 2022-04-05 17:33:55 Image size of job updated: 776948
	319  -  MemoryUsage of job (MB)
	326596  -  ResidentSetSize of job (KB)
...
006 (452.333.000) 2022-04-05 17:58:58 Image size of job updated: 777204
	320  -  MemoryUsage of job (MB)
	326728  -  ResidentSetSize of job (KB)
...
006 (452.333.000) 2022-04-05 18:08:59 Image size of job updated: 777204
	320  -  MemoryUsage of job (MB)
	326860  -  ResidentSetSize of job (KB)
...
006 (452.333.000) 2022-04-05 18:13:59 Image size of job updated: 777460
	320  -  MemoryUsage of job (MB)
	326992  -  ResidentSetSize of job (KB)
...
006 (452.333.000) 2022-04-05 18:24:01 Image size of job updated: 777460
	320  -  MemoryUsage of job (MB)
	327124  -  ResidentSetSize of job (KB)
...
006 (452.333.000) 2022-04-05 18:29:01 Image size of job updated: 777716
	320  -  MemoryUsage of job (MB)
	327256  -  ResidentSetSize of job (KB)
...
006 (452.333.000) 2022-04-05 18:34:01 Image size of job updated: 777716
	320  -  MemoryUsage of job (MB)
	327388  -  ResidentSetSize of job (KB)
...
006 (452.333.000) 2022-04-05 18:44:03 Image size of job updated: 777972
	320  -  MemoryUsage of job (MB)
	327520  -  ResidentSetSize of job (KB)
...
006 (452.333.000) 2022-04-05 18:54:03 Image size of job updated: 777972
	320  -  MemoryUsage of job (MB)
	327652  -  ResidentSetSize of job (KB)
...
006 (452.333.000) 2022-04-05 18:59:04 Image size of job updated: 778228
	321  -  MemoryUsage of job (MB)
	327784  -  ResidentSetSize of job (KB)
...
006 (452.333.000) 2022-04-05 19:04:04 Image size of job updated: 778228
	321  -  MemoryUsage of job (MB)
	327916  -  ResidentSetSize of job (KB)
...
006 (452.333.000) 2022-04-05 19:09:04 Image size of job updated: 778484
	321  -  MemoryUsage of job (MB)
	327916  -  ResidentSetSize of job (KB)
...
006 (452.333.000) 2022-04-05 19:14:05 Image size of job updated: 778484
	321  -  MemoryUsage of job (MB)
	328048  -  ResidentSetSize of job (KB)
...
006 (452.333.000) 2022-04-05 19:19:06 Image size of job updated: 778484
	321  -  MemoryUsage of job (MB)
	328180  -  ResidentSetSize of job (KB)
...
006 (452.333.000) 2022-04-05 19:24:06 Image size of job updated: 778740
	321  -  MemoryUsage of job (MB)
	328180  -  ResidentSetSize of job (KB)
...
006 (452.333.000) 2022-04-05 19:29:06 Image size of job updated: 778740
	321  -  MemoryUsage of job (MB)
	328312  -  ResidentSetSize of job (KB)
...
006 (452.333.000) 2022-04-05 19:34:07 Image size of job updated: 778740
	321  -  MemoryUsage of job (MB)
	328444  -  ResidentSetSize of job (KB)
...
006 (452.333.000) 2022-04-05 19:39:07 Image size of job updated: 778996
	321  -  MemoryUsage of job (MB)
	328444  -  ResidentSetSize of job (KB)
...
006 (452.333.000) 2022-04-05 19:44:07 Image size of job updated: 778996
	321  -  MemoryUsage of job (MB)
	328576  -  ResidentSetSize of job (KB)
...
006 (452.333.000) 2022-04-05 19:49:08 Image size of job updated: 778996
	322  -  MemoryUsage of job (MB)
	328708  -  ResidentSetSize of job (KB)
...
006 (452.333.000) 2022-04-05 19:54:09 Image size of job updated: 779252
	322  -  MemoryUsage of job (MB)
	328708  -  ResidentSetSize of job (KB)
...
006 (452.333.000) 2022-04-05 19:59:09 Image size of job updated: 779252
	322  -  MemoryUsage of job (MB)
	328840  -  ResidentSetSize of job (KB)
...
006 (452.333.000) 2022-04-05 20:04:09 Image size of job updated: 779252
	322  -  MemoryUsage of job (MB)
	328972  -  ResidentSetSize of job (KB)
...
006 (452.333.000) 2022-04-05 20:09:10 Image size of job updated: 779508
	322  -  MemoryUsage of job (MB)
	329104  -  ResidentSetSize of job (KB)
...
006 (452.333.000) 2022-04-05 20:19:10 Image size of job updated: 779508
	322  -  MemoryUsage of job (MB)
	329236  -  ResidentSetSize of job (KB)
...
006 (452.333.000) 2022-04-05 20:21:11 Image size of job updated: 779764
	322  -  MemoryUsage of job (MB)
	329236  -  ResidentSetSize of job (KB)
...
005 (452.333.000) 2022-04-05 20:21:11 Job terminated.
	(1) Normal termination (return value 0)
		Usr 0 07:24:24, Sys 0 00:02:45  -  Run Remote Usage
		Usr 0 00:00:00, Sys 0 00:00:00  -  Run Local Usage
		Usr 0 07:24:24, Sys 0 00:02:45  -  Total Remote Usage
		Usr 0 00:00:00, Sys 0 00:00:00  -  Total Local Usage
	0  -  Run Bytes Sent By Job
	0  -  Run Bytes Received By Job
	0  -  Total Bytes Sent By Job
	0  -  Total Bytes Received By Job
	Partitionable Resources :    Usage  Request Allocated 
	   Cpus                 :     1.00        1         1 
	   Disk (KB)            :  7500        7500     10998 
	   Memory (MB)          :   322        1024      1024 

	Job terminated of its own accord at 2022-04-05T18:21:11Z with exit-code 0.
...
