000 (452.139.000) 2022-04-05 09:23:24 Job submitted from host: <10.18.24.243:9618?addrs=10.18.24.243-9618&alias=ecoclusts01.bioclust.biologie.ens.fr&noUDP&sock=schedd_1052_29b8>
...
001 (452.139.000) 2022-04-05 09:23:35 Job executing on host: <10.18.24.31:9618?addrs=10.18.24.31-9618&alias=bioclust31.bioclust.biologie.ens.fr&noUDP&sock=startd_2248324_d5bc>
...
006 (452.139.000) 2022-04-05 09:23:44 Image size of job updated: 301592
	71  -  MemoryUsage of job (MB)
	72340  -  ResidentSetSize of job (KB)
...
006 (452.139.000) 2022-04-05 09:28:45 Image size of job updated: 742136
	318  -  MemoryUsage of job (MB)
	324668  -  ResidentSetSize of job (KB)
...
006 (452.139.000) 2022-04-05 09:33:45 Image size of job updated: 774904
	318  -  MemoryUsage of job (MB)
	324668  -  ResidentSetSize of job (KB)
...
006 (452.139.000) 2022-04-05 10:38:52 Image size of job updated: 775160
	318  -  MemoryUsage of job (MB)
	324800  -  ResidentSetSize of job (KB)
...
006 (452.139.000) 2022-04-05 10:43:52 Image size of job updated: 775416
	318  -  MemoryUsage of job (MB)
	325064  -  ResidentSetSize of job (KB)
...
006 (452.139.000) 2022-04-05 10:48:53 Image size of job updated: 775672
	318  -  MemoryUsage of job (MB)
	325328  -  ResidentSetSize of job (KB)
...
006 (452.139.000) 2022-04-05 10:53:54 Image size of job updated: 775928
	318  -  MemoryUsage of job (MB)
	325460  -  ResidentSetSize of job (KB)
...
006 (452.139.000) 2022-04-05 10:58:54 Image size of job updated: 775928
	318  -  MemoryUsage of job (MB)
	325592  -  ResidentSetSize of job (KB)
...
006 (452.139.000) 2022-04-05 11:03:55 Image size of job updated: 776184
	319  -  MemoryUsage of job (MB)
	325724  -  ResidentSetSize of job (KB)
...
006 (452.139.000) 2022-04-05 11:08:56 Image size of job updated: 776184
	319  -  MemoryUsage of job (MB)
	325856  -  ResidentSetSize of job (KB)
...
006 (452.139.000) 2022-04-05 11:13:56 Image size of job updated: 776440
	319  -  MemoryUsage of job (MB)
	325988  -  ResidentSetSize of job (KB)
...
006 (452.139.000) 2022-04-05 11:18:56 Image size of job updated: 776440
	319  -  MemoryUsage of job (MB)
	326120  -  ResidentSetSize of job (KB)
...
006 (452.139.000) 2022-04-05 11:23:57 Image size of job updated: 776696
	319  -  MemoryUsage of job (MB)
	326252  -  ResidentSetSize of job (KB)
...
006 (452.139.000) 2022-04-05 11:28:57 Image size of job updated: 776696
	319  -  MemoryUsage of job (MB)
	326384  -  ResidentSetSize of job (KB)
...
006 (452.139.000) 2022-04-05 11:33:57 Image size of job updated: 776952
	319  -  MemoryUsage of job (MB)
	326516  -  ResidentSetSize of job (KB)
...
006 (452.139.000) 2022-04-05 11:38:58 Image size of job updated: 776952
	319  -  MemoryUsage of job (MB)
	326648  -  ResidentSetSize of job (KB)
...
006 (452.139.000) 2022-04-05 11:54:00 Image size of job updated: 777208
	320  -  MemoryUsage of job (MB)
	326780  -  ResidentSetSize of job (KB)
...
006 (452.139.000) 2022-04-05 11:59:01 Image size of job updated: 777208
	320  -  MemoryUsage of job (MB)
	326912  -  ResidentSetSize of job (KB)
...
006 (452.139.000) 2022-04-05 12:04:01 Image size of job updated: 777464
	320  -  MemoryUsage of job (MB)
	327044  -  ResidentSetSize of job (KB)
...
006 (452.139.000) 2022-04-05 12:09:01 Image size of job updated: 777464
	320  -  MemoryUsage of job (MB)
	327176  -  ResidentSetSize of job (KB)
...
006 (452.139.000) 2022-04-05 12:14:02 Image size of job updated: 777720
	320  -  MemoryUsage of job (MB)
	327308  -  ResidentSetSize of job (KB)
...
006 (452.139.000) 2022-04-05 12:19:02 Image size of job updated: 777720
	320  -  MemoryUsage of job (MB)
	327440  -  ResidentSetSize of job (KB)
...
006 (452.139.000) 2022-04-05 12:24:02 Image size of job updated: 777976
	320  -  MemoryUsage of job (MB)
	327572  -  ResidentSetSize of job (KB)
...
006 (452.139.000) 2022-04-05 12:34:04 Image size of job updated: 778232
	321  -  MemoryUsage of job (MB)
	327836  -  ResidentSetSize of job (KB)
...
006 (452.139.000) 2022-04-05 12:44:05 Image size of job updated: 778488
	321  -  MemoryUsage of job (MB)
	327968  -  ResidentSetSize of job (KB)
...
006 (452.139.000) 2022-04-05 12:49:06 Image size of job updated: 778488
	321  -  MemoryUsage of job (MB)
	328232  -  ResidentSetSize of job (KB)
...
006 (452.139.000) 2022-04-05 12:54:06 Image size of job updated: 778744
	321  -  MemoryUsage of job (MB)
	328496  -  ResidentSetSize of job (KB)
...
006 (452.139.000) 2022-04-05 12:59:06 Image size of job updated: 779256
	322  -  MemoryUsage of job (MB)
	328760  -  ResidentSetSize of job (KB)
...
006 (452.139.000) 2022-04-05 13:04:07 Image size of job updated: 779512
	322  -  MemoryUsage of job (MB)
	329024  -  ResidentSetSize of job (KB)
...
006 (452.139.000) 2022-04-05 13:08:47 Image size of job updated: 779768
	322  -  MemoryUsage of job (MB)
	329024  -  ResidentSetSize of job (KB)
...
005 (452.139.000) 2022-04-05 13:08:47 Job terminated.
	(1) Normal termination (return value 0)
		Usr 0 03:43:49, Sys 0 00:00:59  -  Run Remote Usage
		Usr 0 00:00:00, Sys 0 00:00:00  -  Run Local Usage
		Usr 0 03:43:49, Sys 0 00:00:59  -  Total Remote Usage
		Usr 0 00:00:00, Sys 0 00:00:00  -  Total Local Usage
	0  -  Run Bytes Sent By Job
	0  -  Run Bytes Received By Job
	0  -  Total Bytes Sent By Job
	0  -  Total Bytes Received By Job
	Partitionable Resources :    Usage  Request Allocated 
	   Cpus                 :     1.00        1         1 
	   Disk (KB)            :  7500        7500      9276 
	   Memory (MB)          :   322        1024      1024 

	Job terminated of its own accord at 2022-04-05T11:08:47Z with exit-code 0.
...
