000 (452.507.000) 2022-04-05 09:23:26 Job submitted from host: <10.18.24.243:9618?addrs=10.18.24.243-9618&alias=ecoclusts01.bioclust.biologie.ens.fr&noUDP&sock=schedd_1052_29b8>
...
001 (452.507.000) 2022-04-05 17:47:22 Job executing on host: <10.18.24.133:9618?addrs=10.18.24.133-9618&alias=dyoclust06.bioclust.biologie.ens.fr&noUDP&sock=startd_804_0e3b>
...
006 (452.507.000) 2022-04-05 17:47:32 Image size of job updated: 310824
	80  -  MemoryUsage of job (MB)
	81124  -  ResidentSetSize of job (KB)
...
006 (452.507.000) 2022-04-05 17:52:33 Image size of job updated: 741880
	304  -  MemoryUsage of job (MB)
	311224  -  ResidentSetSize of job (KB)
...
006 (452.507.000) 2022-04-05 17:57:34 Image size of job updated: 774648
	317  -  MemoryUsage of job (MB)
	324304  -  ResidentSetSize of job (KB)
...
006 (452.507.000) 2022-04-05 18:47:39 Image size of job updated: 774904
	317  -  MemoryUsage of job (MB)
	324436  -  ResidentSetSize of job (KB)
...
006 (452.507.000) 2022-04-05 18:52:40 Image size of job updated: 774904
	317  -  MemoryUsage of job (MB)
	324568  -  ResidentSetSize of job (KB)
...
006 (452.507.000) 2022-04-05 18:57:40 Image size of job updated: 775160
	318  -  MemoryUsage of job (MB)
	324700  -  ResidentSetSize of job (KB)
...
006 (452.507.000) 2022-04-05 19:02:41 Image size of job updated: 775160
	318  -  MemoryUsage of job (MB)
	324832  -  ResidentSetSize of job (KB)
...
006 (452.507.000) 2022-04-05 19:07:42 Image size of job updated: 775416
	318  -  MemoryUsage of job (MB)
	324964  -  ResidentSetSize of job (KB)
...
006 (452.507.000) 2022-04-05 19:12:42 Image size of job updated: 775672
	318  -  MemoryUsage of job (MB)
	325096  -  ResidentSetSize of job (KB)
...
006 (452.507.000) 2022-04-05 19:17:42 Image size of job updated: 775672
	318  -  MemoryUsage of job (MB)
	325360  -  ResidentSetSize of job (KB)
...
006 (452.507.000) 2022-04-05 19:22:43 Image size of job updated: 775928
	318  -  MemoryUsage of job (MB)
	325492  -  ResidentSetSize of job (KB)
...
006 (452.507.000) 2022-04-05 19:27:43 Image size of job updated: 775928
	318  -  MemoryUsage of job (MB)
	325624  -  ResidentSetSize of job (KB)
...
006 (452.507.000) 2022-04-05 19:32:43 Image size of job updated: 776184
	319  -  MemoryUsage of job (MB)
	325756  -  ResidentSetSize of job (KB)
...
006 (452.507.000) 2022-04-05 19:37:44 Image size of job updated: 776184
	319  -  MemoryUsage of job (MB)
	325888  -  ResidentSetSize of job (KB)
...
006 (452.507.000) 2022-04-05 19:42:45 Image size of job updated: 776440
	319  -  MemoryUsage of job (MB)
	326020  -  ResidentSetSize of job (KB)
...
006 (452.507.000) 2022-04-05 19:47:45 Image size of job updated: 776696
	319  -  MemoryUsage of job (MB)
	326152  -  ResidentSetSize of job (KB)
...
006 (452.507.000) 2022-04-05 19:52:46 Image size of job updated: 776952
	319  -  MemoryUsage of job (MB)
	326416  -  ResidentSetSize of job (KB)
...
006 (452.507.000) 2022-04-05 19:57:47 Image size of job updated: 776952
	319  -  MemoryUsage of job (MB)
	326548  -  ResidentSetSize of job (KB)
...
006 (452.507.000) 2022-04-05 20:12:48 Image size of job updated: 777208
	320  -  MemoryUsage of job (MB)
	326680  -  ResidentSetSize of job (KB)
...
006 (452.507.000) 2022-04-05 20:17:49 Image size of job updated: 777208
	320  -  MemoryUsage of job (MB)
	326944  -  ResidentSetSize of job (KB)
...
006 (452.507.000) 2022-04-05 20:22:49 Image size of job updated: 777464
	320  -  MemoryUsage of job (MB)
	327076  -  ResidentSetSize of job (KB)
...
006 (452.507.000) 2022-04-05 20:27:50 Image size of job updated: 777720
	320  -  MemoryUsage of job (MB)
	327208  -  ResidentSetSize of job (KB)
...
006 (452.507.000) 2022-04-05 20:32:51 Image size of job updated: 777720
	320  -  MemoryUsage of job (MB)
	327340  -  ResidentSetSize of job (KB)
...
006 (452.507.000) 2022-04-05 20:37:51 Image size of job updated: 777976
	320  -  MemoryUsage of job (MB)
	327472  -  ResidentSetSize of job (KB)
...
006 (452.507.000) 2022-04-05 20:42:51 Image size of job updated: 777976
	321  -  MemoryUsage of job (MB)
	327736  -  ResidentSetSize of job (KB)
...
006 (452.507.000) 2022-04-05 20:47:52 Image size of job updated: 778232
	321  -  MemoryUsage of job (MB)
	327868  -  ResidentSetSize of job (KB)
...
006 (452.507.000) 2022-04-05 20:52:53 Image size of job updated: 778488
	321  -  MemoryUsage of job (MB)
	328000  -  ResidentSetSize of job (KB)
...
006 (452.507.000) 2022-04-05 20:57:53 Image size of job updated: 778488
	321  -  MemoryUsage of job (MB)
	328132  -  ResidentSetSize of job (KB)
...
006 (452.507.000) 2022-04-05 21:02:54 Image size of job updated: 778744
	321  -  MemoryUsage of job (MB)
	328264  -  ResidentSetSize of job (KB)
...
006 (452.507.000) 2022-04-05 21:07:55 Image size of job updated: 778744
	321  -  MemoryUsage of job (MB)
	328396  -  ResidentSetSize of job (KB)
...
006 (452.507.000) 2022-04-05 21:12:55 Image size of job updated: 779000
	321  -  MemoryUsage of job (MB)
	328660  -  ResidentSetSize of job (KB)
...
006 (452.507.000) 2022-04-05 21:17:55 Image size of job updated: 779256
	322  -  MemoryUsage of job (MB)
	328792  -  ResidentSetSize of job (KB)
...
006 (452.507.000) 2022-04-05 21:22:56 Image size of job updated: 779256
	322  -  MemoryUsage of job (MB)
	328924  -  ResidentSetSize of job (KB)
...
006 (452.507.000) 2022-04-05 21:27:57 Image size of job updated: 779512
	322  -  MemoryUsage of job (MB)
	329056  -  ResidentSetSize of job (KB)
...
006 (452.507.000) 2022-04-05 21:32:44 Image size of job updated: 779768
	322  -  MemoryUsage of job (MB)
	329056  -  ResidentSetSize of job (KB)
...
005 (452.507.000) 2022-04-05 21:32:44 Job terminated.
	(1) Normal termination (return value 0)
		Usr 0 03:44:20, Sys 0 00:00:28  -  Run Remote Usage
		Usr 0 00:00:00, Sys 0 00:00:00  -  Run Local Usage
		Usr 0 03:44:20, Sys 0 00:00:28  -  Total Remote Usage
		Usr 0 00:00:00, Sys 0 00:00:00  -  Total Local Usage
	0  -  Run Bytes Sent By Job
	0  -  Run Bytes Received By Job
	0  -  Total Bytes Sent By Job
	0  -  Total Bytes Received By Job
	Partitionable Resources :    Usage  Request Allocated 
	   Cpus                 :     1.00        1         1 
	   Disk (KB)            :  7500        7500     10015 
	   Memory (MB)          :   322        1024      1024 

	Job terminated of its own accord at 2022-04-05T19:32:44Z with exit-code 0.
...
