000 (452.240.000) 2022-04-05 09:23:25 Job submitted from host: <10.18.24.243:9618?addrs=10.18.24.243-9618&alias=ecoclusts01.bioclust.biologie.ens.fr&noUDP&sock=schedd_1052_29b8>
...
001 (452.240.000) 2022-04-05 10:58:33 Job executing on host: <10.18.24.177:9618?addrs=10.18.24.177-9618&alias=mcbsclust06.bioclust.biologie.ens.fr&noUDP&sock=startd_945_c516>
...
006 (452.240.000) 2022-04-05 10:58:41 Image size of job updated: 71920
	71  -  MemoryUsage of job (MB)
	71920  -  ResidentSetSize of job (KB)
...
006 (452.240.000) 2022-04-05 11:03:41 Image size of job updated: 741880
	271  -  MemoryUsage of job (MB)
	276784  -  ResidentSetSize of job (KB)
...
006 (452.240.000) 2022-04-05 11:08:41 Image size of job updated: 741880
	316  -  MemoryUsage of job (MB)
	323332  -  ResidentSetSize of job (KB)
...
006 (452.240.000) 2022-04-05 11:13:42 Image size of job updated: 774648
	317  -  MemoryUsage of job (MB)
	324388  -  ResidentSetSize of job (KB)
...
006 (452.240.000) 2022-04-05 13:08:53 Image size of job updated: 774904
	317  -  MemoryUsage of job (MB)
	324388  -  ResidentSetSize of job (KB)
...
006 (452.240.000) 2022-04-05 13:13:54 Image size of job updated: 774904
	317  -  MemoryUsage of job (MB)
	324520  -  ResidentSetSize of job (KB)
...
006 (452.240.000) 2022-04-05 13:18:55 Image size of job updated: 774904
	318  -  MemoryUsage of job (MB)
	324652  -  ResidentSetSize of job (KB)
...
006 (452.240.000) 2022-04-05 13:23:55 Image size of job updated: 775160
	318  -  MemoryUsage of job (MB)
	324652  -  ResidentSetSize of job (KB)
...
006 (452.240.000) 2022-04-05 13:28:56 Image size of job updated: 775160
	318  -  MemoryUsage of job (MB)
	324784  -  ResidentSetSize of job (KB)
...
006 (452.240.000) 2022-04-05 13:38:57 Image size of job updated: 775416
	318  -  MemoryUsage of job (MB)
	324916  -  ResidentSetSize of job (KB)
...
006 (452.240.000) 2022-04-05 13:43:57 Image size of job updated: 775416
	318  -  MemoryUsage of job (MB)
	325048  -  ResidentSetSize of job (KB)
...
006 (452.240.000) 2022-04-05 13:48:58 Image size of job updated: 775416
	318  -  MemoryUsage of job (MB)
	325180  -  ResidentSetSize of job (KB)
...
006 (452.240.000) 2022-04-05 13:53:58 Image size of job updated: 775672
	318  -  MemoryUsage of job (MB)
	325180  -  ResidentSetSize of job (KB)
...
006 (452.240.000) 2022-04-05 13:58:58 Image size of job updated: 775672
	318  -  MemoryUsage of job (MB)
	325312  -  ResidentSetSize of job (KB)
...
006 (452.240.000) 2022-04-05 14:03:59 Image size of job updated: 775928
	318  -  MemoryUsage of job (MB)
	325444  -  ResidentSetSize of job (KB)
...
006 (452.240.000) 2022-04-05 14:09:00 Image size of job updated: 775928
	318  -  MemoryUsage of job (MB)
	325576  -  ResidentSetSize of job (KB)
...
006 (452.240.000) 2022-04-05 14:14:00 Image size of job updated: 775928
	319  -  MemoryUsage of job (MB)
	325708  -  ResidentSetSize of job (KB)
...
006 (452.240.000) 2022-04-05 14:19:01 Image size of job updated: 776184
	319  -  MemoryUsage of job (MB)
	325840  -  ResidentSetSize of job (KB)
...
006 (452.240.000) 2022-04-05 14:29:02 Image size of job updated: 776440
	319  -  MemoryUsage of job (MB)
	325972  -  ResidentSetSize of job (KB)
...
006 (452.240.000) 2022-04-05 14:34:02 Image size of job updated: 776440
	319  -  MemoryUsage of job (MB)
	326104  -  ResidentSetSize of job (KB)
...
006 (452.240.000) 2022-04-05 14:39:03 Image size of job updated: 776696
	319  -  MemoryUsage of job (MB)
	326236  -  ResidentSetSize of job (KB)
...
006 (452.240.000) 2022-04-05 14:44:04 Image size of job updated: 776696
	319  -  MemoryUsage of job (MB)
	326368  -  ResidentSetSize of job (KB)
...
006 (452.240.000) 2022-04-05 14:49:04 Image size of job updated: 776952
	319  -  MemoryUsage of job (MB)
	326500  -  ResidentSetSize of job (KB)
...
006 (452.240.000) 2022-04-05 14:54:05 Image size of job updated: 776952
	319  -  MemoryUsage of job (MB)
	326632  -  ResidentSetSize of job (KB)
...
006 (452.240.000) 2022-04-05 15:19:08 Image size of job updated: 777208
	320  -  MemoryUsage of job (MB)
	326752  -  ResidentSetSize of job (KB)
...
006 (452.240.000) 2022-04-05 15:24:08 Image size of job updated: 777208
	320  -  MemoryUsage of job (MB)
	326884  -  ResidentSetSize of job (KB)
...
006 (452.240.000) 2022-04-05 15:34:10 Image size of job updated: 777464
	320  -  MemoryUsage of job (MB)
	327016  -  ResidentSetSize of job (KB)
...
006 (452.240.000) 2022-04-05 15:39:10 Image size of job updated: 777464
	320  -  MemoryUsage of job (MB)
	327148  -  ResidentSetSize of job (KB)
...
006 (452.240.000) 2022-04-05 15:49:11 Image size of job updated: 777720
	320  -  MemoryUsage of job (MB)
	327280  -  ResidentSetSize of job (KB)
...
006 (452.240.000) 2022-04-05 15:54:11 Image size of job updated: 777720
	320  -  MemoryUsage of job (MB)
	327412  -  ResidentSetSize of job (KB)
...
006 (452.240.000) 2022-04-05 15:59:11 Image size of job updated: 777976
	320  -  MemoryUsage of job (MB)
	327544  -  ResidentSetSize of job (KB)
...
006 (452.240.000) 2022-04-05 16:04:12 Image size of job updated: 777976
	320  -  MemoryUsage of job (MB)
	327676  -  ResidentSetSize of job (KB)
...
006 (452.240.000) 2022-04-05 16:09:13 Image size of job updated: 778232
	321  -  MemoryUsage of job (MB)
	327808  -  ResidentSetSize of job (KB)
...
006 (452.240.000) 2022-04-05 16:14:13 Image size of job updated: 778232
	321  -  MemoryUsage of job (MB)
	327940  -  ResidentSetSize of job (KB)
...
006 (452.240.000) 2022-04-05 16:19:14 Image size of job updated: 778488
	321  -  MemoryUsage of job (MB)
	327940  -  ResidentSetSize of job (KB)
...
006 (452.240.000) 2022-04-05 16:24:15 Image size of job updated: 778488
	321  -  MemoryUsage of job (MB)
	328072  -  ResidentSetSize of job (KB)
...
006 (452.240.000) 2022-04-05 16:29:15 Image size of job updated: 778488
	321  -  MemoryUsage of job (MB)
	328204  -  ResidentSetSize of job (KB)
...
006 (452.240.000) 2022-04-05 16:34:15 Image size of job updated: 778744
	321  -  MemoryUsage of job (MB)
	328336  -  ResidentSetSize of job (KB)
...
006 (452.240.000) 2022-04-05 16:44:17 Image size of job updated: 778744
	321  -  MemoryUsage of job (MB)
	328468  -  ResidentSetSize of job (KB)
...
006 (452.240.000) 2022-04-05 16:49:17 Image size of job updated: 779000
	321  -  MemoryUsage of job (MB)
	328600  -  ResidentSetSize of job (KB)
...
006 (452.240.000) 2022-04-05 16:54:17 Image size of job updated: 779000
	322  -  MemoryUsage of job (MB)
	328732  -  ResidentSetSize of job (KB)
...
006 (452.240.000) 2022-04-05 16:59:18 Image size of job updated: 779256
	322  -  MemoryUsage of job (MB)
	328732  -  ResidentSetSize of job (KB)
...
006 (452.240.000) 2022-04-05 17:04:18 Image size of job updated: 779256
	322  -  MemoryUsage of job (MB)
	328864  -  ResidentSetSize of job (KB)
...
006 (452.240.000) 2022-04-05 17:09:18 Image size of job updated: 779256
	322  -  MemoryUsage of job (MB)
	328996  -  ResidentSetSize of job (KB)
...
006 (452.240.000) 2022-04-05 17:14:19 Image size of job updated: 779512
	322  -  MemoryUsage of job (MB)
	329128  -  ResidentSetSize of job (KB)
...
006 (452.240.000) 2022-04-05 17:24:20 Image size of job updated: 779768
	322  -  MemoryUsage of job (MB)
	329260  -  ResidentSetSize of job (KB)
...
005 (452.240.000) 2022-04-05 17:25:26 Job terminated.
	(1) Normal termination (return value 0)
		Usr 0 06:25:08, Sys 0 00:00:27  -  Run Remote Usage
		Usr 0 00:00:00, Sys 0 00:00:00  -  Run Local Usage
		Usr 0 06:25:08, Sys 0 00:00:27  -  Total Remote Usage
		Usr 0 00:00:00, Sys 0 00:00:00  -  Total Local Usage
	0  -  Run Bytes Sent By Job
	0  -  Run Bytes Received By Job
	0  -  Total Bytes Sent By Job
	0  -  Total Bytes Received By Job
	Partitionable Resources :    Usage  Request Allocated 
	   Cpus                 :     1.00        1         1 
	   Disk (KB)            :  7500        7500     10998 
	   Memory (MB)          :   322        1024      1024 

	Job terminated of its own accord at 2022-04-05T15:25:26Z with exit-code 0.
...
