000 (452.929.000) 2022-04-05 09:23:27 Job submitted from host: <10.18.24.243:9618?addrs=10.18.24.243-9618&alias=ecoclusts01.bioclust.biologie.ens.fr&noUDP&sock=schedd_1052_29b8>
...
001 (452.929.000) 2022-04-06 02:27:56 Job executing on host: <10.18.24.177:9618?addrs=10.18.24.177-9618&alias=mcbsclust06.bioclust.biologie.ens.fr&noUDP&sock=startd_945_c516>
...
006 (452.929.000) 2022-04-06 02:28:05 Image size of job updated: 428072
	419  -  MemoryUsage of job (MB)
	428072  -  ResidentSetSize of job (KB)
...
006 (452.929.000) 2022-04-06 02:33:06 Image size of job updated: 741624
	419  -  MemoryUsage of job (MB)
	428072  -  ResidentSetSize of job (KB)
...
006 (452.929.000) 2022-04-06 02:38:06 Image size of job updated: 774392
	419  -  MemoryUsage of job (MB)
	428072  -  ResidentSetSize of job (KB)
...
006 (452.929.000) 2022-04-06 04:13:15 Image size of job updated: 774648
	419  -  MemoryUsage of job (MB)
	428072  -  ResidentSetSize of job (KB)
...
006 (452.929.000) 2022-04-06 04:28:16 Image size of job updated: 774904
	419  -  MemoryUsage of job (MB)
	428072  -  ResidentSetSize of job (KB)
...
006 (452.929.000) 2022-04-06 04:38:17 Image size of job updated: 775160
	419  -  MemoryUsage of job (MB)
	428072  -  ResidentSetSize of job (KB)
...
006 (452.929.000) 2022-04-06 04:53:19 Image size of job updated: 775416
	419  -  MemoryUsage of job (MB)
	428072  -  ResidentSetSize of job (KB)
...
006 (452.929.000) 2022-04-06 05:03:20 Image size of job updated: 775672
	419  -  MemoryUsage of job (MB)
	428072  -  ResidentSetSize of job (KB)
...
006 (452.929.000) 2022-04-06 05:13:21 Image size of job updated: 775928
	419  -  MemoryUsage of job (MB)
	428072  -  ResidentSetSize of job (KB)
...
006 (452.929.000) 2022-04-06 05:28:23 Image size of job updated: 776184
	419  -  MemoryUsage of job (MB)
	428072  -  ResidentSetSize of job (KB)
...
006 (452.929.000) 2022-04-06 05:38:24 Image size of job updated: 776440
	419  -  MemoryUsage of job (MB)
	428072  -  ResidentSetSize of job (KB)
...
006 (452.929.000) 2022-04-06 05:48:25 Image size of job updated: 776696
	419  -  MemoryUsage of job (MB)
	428072  -  ResidentSetSize of job (KB)
...
006 (452.929.000) 2022-04-06 06:03:27 Image size of job updated: 776952
	419  -  MemoryUsage of job (MB)
	428072  -  ResidentSetSize of job (KB)
...
006 (452.929.000) 2022-04-06 06:28:30 Image size of job updated: 777208
	419  -  MemoryUsage of job (MB)
	428072  -  ResidentSetSize of job (KB)
...
006 (452.929.000) 2022-04-06 06:43:31 Image size of job updated: 777464
	419  -  MemoryUsage of job (MB)
	428072  -  ResidentSetSize of job (KB)
...
006 (452.929.000) 2022-04-06 06:53:33 Image size of job updated: 777720
	419  -  MemoryUsage of job (MB)
	428072  -  ResidentSetSize of job (KB)
...
006 (452.929.000) 2022-04-06 07:08:35 Image size of job updated: 777976
	419  -  MemoryUsage of job (MB)
	428072  -  ResidentSetSize of job (KB)
...
006 (452.929.000) 2022-04-06 07:18:35 Image size of job updated: 778232
	419  -  MemoryUsage of job (MB)
	428072  -  ResidentSetSize of job (KB)
...
006 (452.929.000) 2022-04-06 07:33:37 Image size of job updated: 778488
	419  -  MemoryUsage of job (MB)
	428072  -  ResidentSetSize of job (KB)
...
006 (452.929.000) 2022-04-06 07:43:39 Image size of job updated: 778744
	419  -  MemoryUsage of job (MB)
	428072  -  ResidentSetSize of job (KB)
...
006 (452.929.000) 2022-04-06 07:58:40 Image size of job updated: 779000
	419  -  MemoryUsage of job (MB)
	428072  -  ResidentSetSize of job (KB)
...
006 (452.929.000) 2022-04-06 08:13:42 Image size of job updated: 779256
	419  -  MemoryUsage of job (MB)
	428072  -  ResidentSetSize of job (KB)
...
006 (452.929.000) 2022-04-06 08:23:43 Image size of job updated: 779512
	419  -  MemoryUsage of job (MB)
	428072  -  ResidentSetSize of job (KB)
...
006 (452.929.000) 2022-04-06 08:36:18 Image size of job updated: 779768
	419  -  MemoryUsage of job (MB)
	428072  -  ResidentSetSize of job (KB)
...
005 (452.929.000) 2022-04-06 08:36:18 Job terminated.
	(1) Normal termination (return value 0)
		Usr 0 06:07:19, Sys 0 00:00:15  -  Run Remote Usage
		Usr 0 00:00:00, Sys 0 00:00:00  -  Run Local Usage
		Usr 0 06:07:19, Sys 0 00:00:15  -  Total Remote Usage
		Usr 0 00:00:00, Sys 0 00:00:00  -  Total Local Usage
	0  -  Run Bytes Sent By Job
	0  -  Run Bytes Received By Job
	0  -  Total Bytes Sent By Job
	0  -  Total Bytes Received By Job
	Partitionable Resources :    Usage  Request Allocated 
	   Cpus                 :     1.00        1         1 
	   Disk (KB)            :  7500        7500     10998 
	   Memory (MB)          :   419        1024      1024 

	Job terminated of its own accord at 2022-04-06T06:36:18Z with exit-code 0.
...
