000 (452.675.000) 2022-04-05 09:23:26 Job submitted from host: <10.18.24.243:9618?addrs=10.18.24.243-9618&alias=ecoclusts01.bioclust.biologie.ens.fr&noUDP&sock=schedd_1052_29b8>
...
001 (452.675.000) 2022-04-05 21:15:49 Job executing on host: <10.18.24.177:9618?addrs=10.18.24.177-9618&alias=mcbsclust06.bioclust.biologie.ens.fr&noUDP&sock=startd_945_c516>
...
006 (452.675.000) 2022-04-05 21:15:57 Image size of job updated: 258280
	253  -  MemoryUsage of job (MB)
	258280  -  ResidentSetSize of job (KB)
...
006 (452.675.000) 2022-04-05 21:20:57 Image size of job updated: 845680
	317  -  MemoryUsage of job (MB)
	324276  -  ResidentSetSize of job (KB)
...
006 (452.675.000) 2022-04-05 22:31:04 Image size of job updated: 845680
	317  -  MemoryUsage of job (MB)
	324408  -  ResidentSetSize of job (KB)
...
006 (452.675.000) 2022-04-05 22:36:04 Image size of job updated: 845680
	317  -  MemoryUsage of job (MB)
	324540  -  ResidentSetSize of job (KB)
...
006 (452.675.000) 2022-04-05 22:46:05 Image size of job updated: 845680
	318  -  MemoryUsage of job (MB)
	324672  -  ResidentSetSize of job (KB)
...
006 (452.675.000) 2022-04-05 22:51:05 Image size of job updated: 845680
	318  -  MemoryUsage of job (MB)
	324804  -  ResidentSetSize of job (KB)
...
006 (452.675.000) 2022-04-05 22:56:06 Image size of job updated: 845680
	318  -  MemoryUsage of job (MB)
	324936  -  ResidentSetSize of job (KB)
...
006 (452.675.000) 2022-04-05 23:06:07 Image size of job updated: 845680
	318  -  MemoryUsage of job (MB)
	325068  -  ResidentSetSize of job (KB)
...
006 (452.675.000) 2022-04-05 23:11:07 Image size of job updated: 845680
	318  -  MemoryUsage of job (MB)
	325200  -  ResidentSetSize of job (KB)
...
006 (452.675.000) 2022-04-05 23:16:08 Image size of job updated: 845680
	318  -  MemoryUsage of job (MB)
	325332  -  ResidentSetSize of job (KB)
...
006 (452.675.000) 2022-04-05 23:21:08 Image size of job updated: 845680
	318  -  MemoryUsage of job (MB)
	325464  -  ResidentSetSize of job (KB)
...
006 (452.675.000) 2022-04-05 23:26:08 Image size of job updated: 845680
	318  -  MemoryUsage of job (MB)
	325596  -  ResidentSetSize of job (KB)
...
006 (452.675.000) 2022-04-05 23:31:09 Image size of job updated: 845680
	319  -  MemoryUsage of job (MB)
	325728  -  ResidentSetSize of job (KB)
...
006 (452.675.000) 2022-04-05 23:36:10 Image size of job updated: 845680
	319  -  MemoryUsage of job (MB)
	325860  -  ResidentSetSize of job (KB)
...
006 (452.675.000) 2022-04-05 23:41:10 Image size of job updated: 845680
	319  -  MemoryUsage of job (MB)
	325992  -  ResidentSetSize of job (KB)
...
006 (452.675.000) 2022-04-05 23:46:11 Image size of job updated: 845680
	319  -  MemoryUsage of job (MB)
	326124  -  ResidentSetSize of job (KB)
...
006 (452.675.000) 2022-04-05 23:56:10 Image size of job updated: 845680
	319  -  MemoryUsage of job (MB)
	326388  -  ResidentSetSize of job (KB)
...
006 (452.675.000) 2022-04-06 00:06:13 Image size of job updated: 845680
	319  -  MemoryUsage of job (MB)
	326520  -  ResidentSetSize of job (KB)
...
006 (452.675.000) 2022-04-06 00:21:13 Image size of job updated: 845680
	319  -  MemoryUsage of job (MB)
	326616  -  ResidentSetSize of job (KB)
...
006 (452.675.000) 2022-04-06 00:31:15 Image size of job updated: 845680
	320  -  MemoryUsage of job (MB)
	326748  -  ResidentSetSize of job (KB)
...
006 (452.675.000) 2022-04-06 00:36:15 Image size of job updated: 845680
	320  -  MemoryUsage of job (MB)
	326880  -  ResidentSetSize of job (KB)
...
006 (452.675.000) 2022-04-06 00:41:16 Image size of job updated: 845680
	320  -  MemoryUsage of job (MB)
	327012  -  ResidentSetSize of job (KB)
...
006 (452.675.000) 2022-04-06 00:46:17 Image size of job updated: 845680
	320  -  MemoryUsage of job (MB)
	327144  -  ResidentSetSize of job (KB)
...
006 (452.675.000) 2022-04-06 00:51:17 Image size of job updated: 845680
	320  -  MemoryUsage of job (MB)
	327276  -  ResidentSetSize of job (KB)
...
006 (452.675.000) 2022-04-06 01:01:18 Image size of job updated: 845680
	320  -  MemoryUsage of job (MB)
	327408  -  ResidentSetSize of job (KB)
...
006 (452.675.000) 2022-04-06 01:06:18 Image size of job updated: 845680
	320  -  MemoryUsage of job (MB)
	327540  -  ResidentSetSize of job (KB)
...
006 (452.675.000) 2022-04-06 01:11:18 Image size of job updated: 845680
	320  -  MemoryUsage of job (MB)
	327672  -  ResidentSetSize of job (KB)
...
006 (452.675.000) 2022-04-06 01:21:20 Image size of job updated: 845680
	321  -  MemoryUsage of job (MB)
	327804  -  ResidentSetSize of job (KB)
...
006 (452.675.000) 2022-04-06 01:26:20 Image size of job updated: 845680
	321  -  MemoryUsage of job (MB)
	327936  -  ResidentSetSize of job (KB)
...
006 (452.675.000) 2022-04-06 01:31:20 Image size of job updated: 845680
	321  -  MemoryUsage of job (MB)
	328068  -  ResidentSetSize of job (KB)
...
006 (452.675.000) 2022-04-06 01:36:21 Image size of job updated: 845680
	321  -  MemoryUsage of job (MB)
	328200  -  ResidentSetSize of job (KB)
...
006 (452.675.000) 2022-04-06 01:41:21 Image size of job updated: 845680
	321  -  MemoryUsage of job (MB)
	328332  -  ResidentSetSize of job (KB)
...
006 (452.675.000) 2022-04-06 01:51:22 Image size of job updated: 845680
	321  -  MemoryUsage of job (MB)
	328464  -  ResidentSetSize of job (KB)
...
006 (452.675.000) 2022-04-06 01:56:23 Image size of job updated: 845680
	321  -  MemoryUsage of job (MB)
	328596  -  ResidentSetSize of job (KB)
...
006 (452.675.000) 2022-04-06 02:01:23 Image size of job updated: 845680
	322  -  MemoryUsage of job (MB)
	328728  -  ResidentSetSize of job (KB)
...
006 (452.675.000) 2022-04-06 02:11:24 Image size of job updated: 845680
	322  -  MemoryUsage of job (MB)
	328860  -  ResidentSetSize of job (KB)
...
006 (452.675.000) 2022-04-06 02:16:24 Image size of job updated: 845680
	322  -  MemoryUsage of job (MB)
	328992  -  ResidentSetSize of job (KB)
...
006 (452.675.000) 2022-04-06 02:21:24 Image size of job updated: 845680
	322  -  MemoryUsage of job (MB)
	329124  -  ResidentSetSize of job (KB)
...
006 (452.675.000) 2022-04-06 02:26:25 Image size of job updated: 845680
	322  -  MemoryUsage of job (MB)
	329256  -  ResidentSetSize of job (KB)
...
005 (452.675.000) 2022-04-06 02:27:43 Job terminated.
	(1) Normal termination (return value 0)
		Usr 0 05:11:03, Sys 0 00:00:15  -  Run Remote Usage
		Usr 0 00:00:00, Sys 0 00:00:00  -  Run Local Usage
		Usr 0 05:11:03, Sys 0 00:00:15  -  Total Remote Usage
		Usr 0 00:00:00, Sys 0 00:00:00  -  Total Local Usage
	0  -  Run Bytes Sent By Job
	0  -  Run Bytes Received By Job
	0  -  Total Bytes Sent By Job
	0  -  Total Bytes Received By Job
	Partitionable Resources :    Usage  Request Allocated 
	   Cpus                 :     1.00        1         1 
	   Disk (KB)            :  7500        7500     10998 
	   Memory (MB)          :   322        1024      1024 

	Job terminated of its own accord at 2022-04-06T00:27:43Z with exit-code 0.
...
