000 (452.671.000) 2022-04-05 09:23:26 Job submitted from host: <10.18.24.243:9618?addrs=10.18.24.243-9618&alias=ecoclusts01.bioclust.biologie.ens.fr&noUDP&sock=schedd_1052_29b8>
...
001 (452.671.000) 2022-04-05 21:13:49 Job executing on host: <10.18.24.142:9618?addrs=10.18.24.142-9618&alias=dyoclust15.bioclust.biologie.ens.fr&noUDP&sock=startd_768_5cd3>
...
006 (452.671.000) 2022-04-05 21:13:58 Image size of job updated: 543228
	126  -  MemoryUsage of job (MB)
	128952  -  ResidentSetSize of job (KB)
...
006 (452.671.000) 2022-04-05 21:18:58 Image size of job updated: 741880
	317  -  MemoryUsage of job (MB)
	324336  -  ResidentSetSize of job (KB)
...
006 (452.671.000) 2022-04-05 21:23:58 Image size of job updated: 774648
	317  -  MemoryUsage of job (MB)
	324360  -  ResidentSetSize of job (KB)
...
006 (452.671.000) 2022-04-05 21:59:02 Image size of job updated: 774904
	317  -  MemoryUsage of job (MB)
	324492  -  ResidentSetSize of job (KB)
...
006 (452.671.000) 2022-04-05 22:04:03 Image size of job updated: 775160
	318  -  MemoryUsage of job (MB)
	324624  -  ResidentSetSize of job (KB)
...
006 (452.671.000) 2022-04-05 22:09:04 Image size of job updated: 775160
	318  -  MemoryUsage of job (MB)
	324756  -  ResidentSetSize of job (KB)
...
006 (452.671.000) 2022-04-05 22:14:04 Image size of job updated: 775416
	318  -  MemoryUsage of job (MB)
	325020  -  ResidentSetSize of job (KB)
...
006 (452.671.000) 2022-04-05 22:19:05 Image size of job updated: 775672
	318  -  MemoryUsage of job (MB)
	325284  -  ResidentSetSize of job (KB)
...
006 (452.671.000) 2022-04-05 22:24:06 Image size of job updated: 775928
	318  -  MemoryUsage of job (MB)
	325416  -  ResidentSetSize of job (KB)
...
006 (452.671.000) 2022-04-05 22:29:06 Image size of job updated: 776184
	319  -  MemoryUsage of job (MB)
	325680  -  ResidentSetSize of job (KB)
...
006 (452.671.000) 2022-04-05 22:34:06 Image size of job updated: 776440
	319  -  MemoryUsage of job (MB)
	325944  -  ResidentSetSize of job (KB)
...
006 (452.671.000) 2022-04-05 22:39:07 Image size of job updated: 776696
	319  -  MemoryUsage of job (MB)
	326208  -  ResidentSetSize of job (KB)
...
006 (452.671.000) 2022-04-05 22:44:08 Image size of job updated: 776696
	319  -  MemoryUsage of job (MB)
	326340  -  ResidentSetSize of job (KB)
...
006 (452.671.000) 2022-04-05 22:49:08 Image size of job updated: 776952
	319  -  MemoryUsage of job (MB)
	326452  -  ResidentSetSize of job (KB)
...
006 (452.671.000) 2022-04-05 22:59:10 Image size of job updated: 777208
	320  -  MemoryUsage of job (MB)
	326716  -  ResidentSetSize of job (KB)
...
006 (452.671.000) 2022-04-05 23:04:10 Image size of job updated: 777208
	320  -  MemoryUsage of job (MB)
	326848  -  ResidentSetSize of job (KB)
...
006 (452.671.000) 2022-04-05 23:09:10 Image size of job updated: 777464
	320  -  MemoryUsage of job (MB)
	327112  -  ResidentSetSize of job (KB)
...
006 (452.671.000) 2022-04-05 23:14:11 Image size of job updated: 777720
	320  -  MemoryUsage of job (MB)
	327244  -  ResidentSetSize of job (KB)
...
006 (452.671.000) 2022-04-05 23:19:11 Image size of job updated: 777976
	320  -  MemoryUsage of job (MB)
	327508  -  ResidentSetSize of job (KB)
...
006 (452.671.000) 2022-04-05 23:24:11 Image size of job updated: 778232
	320  -  MemoryUsage of job (MB)
	327640  -  ResidentSetSize of job (KB)
...
006 (452.671.000) 2022-04-05 23:29:12 Image size of job updated: 778232
	321  -  MemoryUsage of job (MB)
	327904  -  ResidentSetSize of job (KB)
...
006 (452.671.000) 2022-04-05 23:34:13 Image size of job updated: 778488
	321  -  MemoryUsage of job (MB)
	328168  -  ResidentSetSize of job (KB)
...
006 (452.671.000) 2022-04-05 23:39:13 Image size of job updated: 778744
	321  -  MemoryUsage of job (MB)
	328300  -  ResidentSetSize of job (KB)
...
006 (452.671.000) 2022-04-05 23:44:13 Image size of job updated: 779000
	321  -  MemoryUsage of job (MB)
	328432  -  ResidentSetSize of job (KB)
...
006 (452.671.000) 2022-04-05 23:49:14 Image size of job updated: 779000
	321  -  MemoryUsage of job (MB)
	328696  -  ResidentSetSize of job (KB)
...
006 (452.671.000) 2022-04-05 23:54:12 Image size of job updated: 779256
	322  -  MemoryUsage of job (MB)
	328828  -  ResidentSetSize of job (KB)
...
006 (452.671.000) 2022-04-05 23:59:13 Image size of job updated: 779512
	322  -  MemoryUsage of job (MB)
	329092  -  ResidentSetSize of job (KB)
...
006 (452.671.000) 2022-04-06 00:03:31 Image size of job updated: 779768
	322  -  MemoryUsage of job (MB)
	329092  -  ResidentSetSize of job (KB)
...
005 (452.671.000) 2022-04-06 00:03:31 Job terminated.
	(1) Normal termination (return value 0)
		Usr 0 02:48:17, Sys 0 00:00:24  -  Run Remote Usage
		Usr 0 00:00:00, Sys 0 00:00:00  -  Run Local Usage
		Usr 0 02:48:17, Sys 0 00:00:24  -  Total Remote Usage
		Usr 0 00:00:00, Sys 0 00:00:00  -  Total Local Usage
	0  -  Run Bytes Sent By Job
	0  -  Run Bytes Received By Job
	0  -  Total Bytes Sent By Job
	0  -  Total Bytes Received By Job
	Partitionable Resources :    Usage  Request Allocated 
	   Cpus                 :     1.00        1         1 
	   Disk (KB)            :  7500        7500     10998 
	   Memory (MB)          :   322        1024      1024 

	Job terminated of its own accord at 2022-04-05T22:03:33Z with exit-code 0.
...
