000 (452.462.000) 2022-04-05 09:23:26 Job submitted from host: <10.18.24.243:9618?addrs=10.18.24.243-9618&alias=ecoclusts01.bioclust.biologie.ens.fr&noUDP&sock=schedd_1052_29b8>
...
001 (452.462.000) 2022-04-05 16:11:10 Job executing on host: <10.18.24.178:9618?addrs=10.18.24.178-9618&alias=mcbsclust07.bioclust.biologie.ens.fr&noUDP&sock=startd_912_2276>
...
006 (452.462.000) 2022-04-05 16:11:19 Image size of job updated: 425524
	416  -  MemoryUsage of job (MB)
	425524  -  ResidentSetSize of job (KB)
...
006 (452.462.000) 2022-04-05 16:16:20 Image size of job updated: 741620
	416  -  MemoryUsage of job (MB)
	425524  -  ResidentSetSize of job (KB)
...
006 (452.462.000) 2022-04-05 16:21:20 Image size of job updated: 774388
	416  -  MemoryUsage of job (MB)
	425524  -  ResidentSetSize of job (KB)
...
006 (452.462.000) 2022-04-05 17:16:24 Image size of job updated: 774644
	416  -  MemoryUsage of job (MB)
	425524  -  ResidentSetSize of job (KB)
...
006 (452.462.000) 2022-04-05 17:26:26 Image size of job updated: 774900
	416  -  MemoryUsage of job (MB)
	425524  -  ResidentSetSize of job (KB)
...
006 (452.462.000) 2022-04-05 17:41:27 Image size of job updated: 775156
	416  -  MemoryUsage of job (MB)
	425524  -  ResidentSetSize of job (KB)
...
006 (452.462.000) 2022-04-05 17:51:27 Image size of job updated: 775412
	416  -  MemoryUsage of job (MB)
	425524  -  ResidentSetSize of job (KB)
...
006 (452.462.000) 2022-04-05 18:01:29 Image size of job updated: 775668
	416  -  MemoryUsage of job (MB)
	425524  -  ResidentSetSize of job (KB)
...
006 (452.462.000) 2022-04-05 18:11:29 Image size of job updated: 775924
	416  -  MemoryUsage of job (MB)
	425524  -  ResidentSetSize of job (KB)
...
006 (452.462.000) 2022-04-05 18:21:30 Image size of job updated: 776180
	416  -  MemoryUsage of job (MB)
	425524  -  ResidentSetSize of job (KB)
...
006 (452.462.000) 2022-04-05 18:31:31 Image size of job updated: 776436
	416  -  MemoryUsage of job (MB)
	425524  -  ResidentSetSize of job (KB)
...
006 (452.462.000) 2022-04-05 18:41:32 Image size of job updated: 776692
	416  -  MemoryUsage of job (MB)
	425524  -  ResidentSetSize of job (KB)
...
006 (452.462.000) 2022-04-05 18:51:34 Image size of job updated: 776948
	416  -  MemoryUsage of job (MB)
	425524  -  ResidentSetSize of job (KB)
...
006 (452.462.000) 2022-04-05 19:16:36 Image size of job updated: 777204
	416  -  MemoryUsage of job (MB)
	425524  -  ResidentSetSize of job (KB)
...
006 (452.462.000) 2022-04-05 19:31:38 Image size of job updated: 777460
	416  -  MemoryUsage of job (MB)
	425524  -  ResidentSetSize of job (KB)
...
006 (452.462.000) 2022-04-05 19:41:39 Image size of job updated: 777716
	416  -  MemoryUsage of job (MB)
	425524  -  ResidentSetSize of job (KB)
...
006 (452.462.000) 2022-04-05 19:51:40 Image size of job updated: 777972
	416  -  MemoryUsage of job (MB)
	425524  -  ResidentSetSize of job (KB)
...
006 (452.462.000) 2022-04-05 20:06:42 Image size of job updated: 778228
	416  -  MemoryUsage of job (MB)
	425524  -  ResidentSetSize of job (KB)
...
006 (452.462.000) 2022-04-05 20:16:43 Image size of job updated: 778484
	416  -  MemoryUsage of job (MB)
	425524  -  ResidentSetSize of job (KB)
...
006 (452.462.000) 2022-04-05 20:26:43 Image size of job updated: 778740
	416  -  MemoryUsage of job (MB)
	425524  -  ResidentSetSize of job (KB)
...
006 (452.462.000) 2022-04-05 20:41:45 Image size of job updated: 778996
	416  -  MemoryUsage of job (MB)
	425524  -  ResidentSetSize of job (KB)
...
006 (452.462.000) 2022-04-05 20:51:46 Image size of job updated: 779252
	416  -  MemoryUsage of job (MB)
	425524  -  ResidentSetSize of job (KB)
...
006 (452.462.000) 2022-04-05 21:06:47 Image size of job updated: 779508
	416  -  MemoryUsage of job (MB)
	425524  -  ResidentSetSize of job (KB)
...
006 (452.462.000) 2022-04-05 21:15:21 Image size of job updated: 779764
	416  -  MemoryUsage of job (MB)
	425524  -  ResidentSetSize of job (KB)
...
005 (452.462.000) 2022-04-05 21:15:21 Job terminated.
	(1) Normal termination (return value 0)
		Usr 0 05:03:23, Sys 0 00:00:15  -  Run Remote Usage
		Usr 0 00:00:00, Sys 0 00:00:00  -  Run Local Usage
		Usr 0 05:03:23, Sys 0 00:00:15  -  Total Remote Usage
		Usr 0 00:00:00, Sys 0 00:00:00  -  Total Local Usage
	0  -  Run Bytes Sent By Job
	0  -  Run Bytes Received By Job
	0  -  Total Bytes Sent By Job
	0  -  Total Bytes Received By Job
	Partitionable Resources :    Usage  Request Allocated 
	   Cpus                 :     1.00        1         1 
	   Disk (KB)            :  7500        7500     11001 
	   Memory (MB)          :   416        1024      1024 

	Job terminated of its own accord at 2022-04-05T19:15:21Z with exit-code 0.
...
