000 (452.309.000) 2022-04-05 09:23:25 Job submitted from host: <10.18.24.243:9618?addrs=10.18.24.243-9618&alias=ecoclusts01.bioclust.biologie.ens.fr&noUDP&sock=schedd_1052_29b8>
...
001 (452.309.000) 2022-04-05 12:44:19 Job executing on host: <10.18.24.10:9618?addrs=10.18.24.10-9618&alias=bioclust10.bioclust.biologie.ens.fr&noUDP&sock=startd_1166_5b84>
...
006 (452.309.000) 2022-04-05 12:44:29 Image size of job updated: 149416
	38  -  MemoryUsage of job (MB)
	38228  -  ResidentSetSize of job (KB)
...
006 (452.309.000) 2022-04-05 12:49:29 Image size of job updated: 792248
	317  -  MemoryUsage of job (MB)
	324024  -  ResidentSetSize of job (KB)
...
006 (452.309.000) 2022-04-05 12:59:30 Image size of job updated: 792248
	317  -  MemoryUsage of job (MB)
	324048  -  ResidentSetSize of job (KB)
...
006 (452.309.000) 2022-04-05 13:04:30 Image size of job updated: 792248
	317  -  MemoryUsage of job (MB)
	324136  -  ResidentSetSize of job (KB)
...
006 (452.309.000) 2022-04-05 14:44:39 Image size of job updated: 792248
	317  -  MemoryUsage of job (MB)
	324268  -  ResidentSetSize of job (KB)
...
006 (452.309.000) 2022-04-05 14:49:40 Image size of job updated: 792248
	317  -  MemoryUsage of job (MB)
	324400  -  ResidentSetSize of job (KB)
...
006 (452.309.000) 2022-04-05 14:59:41 Image size of job updated: 792248
	317  -  MemoryUsage of job (MB)
	324532  -  ResidentSetSize of job (KB)
...
006 (452.309.000) 2022-04-05 15:09:42 Image size of job updated: 792248
	318  -  MemoryUsage of job (MB)
	324664  -  ResidentSetSize of job (KB)
...
006 (452.309.000) 2022-04-05 15:24:44 Image size of job updated: 792248
	318  -  MemoryUsage of job (MB)
	324796  -  ResidentSetSize of job (KB)
...
006 (452.309.000) 2022-04-05 15:39:46 Image size of job updated: 792248
	318  -  MemoryUsage of job (MB)
	324928  -  ResidentSetSize of job (KB)
...
006 (452.309.000) 2022-04-05 15:44:47 Image size of job updated: 792248
	318  -  MemoryUsage of job (MB)
	325060  -  ResidentSetSize of job (KB)
...
006 (452.309.000) 2022-04-05 15:59:49 Image size of job updated: 792248
	318  -  MemoryUsage of job (MB)
	325192  -  ResidentSetSize of job (KB)
...
006 (452.309.000) 2022-04-05 16:04:50 Image size of job updated: 792248
	318  -  MemoryUsage of job (MB)
	325324  -  ResidentSetSize of job (KB)
...
006 (452.309.000) 2022-04-05 16:14:51 Image size of job updated: 792248
	318  -  MemoryUsage of job (MB)
	325456  -  ResidentSetSize of job (KB)
...
006 (452.309.000) 2022-04-05 16:24:52 Image size of job updated: 792248
	318  -  MemoryUsage of job (MB)
	325588  -  ResidentSetSize of job (KB)
...
006 (452.309.000) 2022-04-05 16:34:53 Image size of job updated: 792248
	319  -  MemoryUsage of job (MB)
	325720  -  ResidentSetSize of job (KB)
...
006 (452.309.000) 2022-04-05 16:44:53 Image size of job updated: 792248
	319  -  MemoryUsage of job (MB)
	325852  -  ResidentSetSize of job (KB)
...
006 (452.309.000) 2022-04-05 16:49:54 Image size of job updated: 792248
	319  -  MemoryUsage of job (MB)
	325984  -  ResidentSetSize of job (KB)
...
006 (452.309.000) 2022-04-05 16:59:54 Image size of job updated: 792248
	319  -  MemoryUsage of job (MB)
	326116  -  ResidentSetSize of job (KB)
...
006 (452.309.000) 2022-04-05 17:09:55 Image size of job updated: 792248
	319  -  MemoryUsage of job (MB)
	326248  -  ResidentSetSize of job (KB)
...
006 (452.309.000) 2022-04-05 17:14:55 Image size of job updated: 792248
	319  -  MemoryUsage of job (MB)
	326380  -  ResidentSetSize of job (KB)
...
006 (452.309.000) 2022-04-05 17:24:56 Image size of job updated: 792248
	319  -  MemoryUsage of job (MB)
	326512  -  ResidentSetSize of job (KB)
...
006 (452.309.000) 2022-04-05 17:54:59 Image size of job updated: 792248
	319  -  MemoryUsage of job (MB)
	326604  -  ResidentSetSize of job (KB)
...
006 (452.309.000) 2022-04-05 17:59:59 Image size of job updated: 792248
	320  -  MemoryUsage of job (MB)
	326736  -  ResidentSetSize of job (KB)
...
006 (452.309.000) 2022-04-05 18:15:01 Image size of job updated: 792248
	320  -  MemoryUsage of job (MB)
	326868  -  ResidentSetSize of job (KB)
...
006 (452.309.000) 2022-04-05 18:25:03 Image size of job updated: 792248
	320  -  MemoryUsage of job (MB)
	327000  -  ResidentSetSize of job (KB)
...
006 (452.309.000) 2022-04-05 18:35:04 Image size of job updated: 792248
	320  -  MemoryUsage of job (MB)
	327132  -  ResidentSetSize of job (KB)
...
006 (452.309.000) 2022-04-05 18:45:05 Image size of job updated: 792248
	320  -  MemoryUsage of job (MB)
	327264  -  ResidentSetSize of job (KB)
...
006 (452.309.000) 2022-04-05 18:55:07 Image size of job updated: 792248
	320  -  MemoryUsage of job (MB)
	327396  -  ResidentSetSize of job (KB)
...
006 (452.309.000) 2022-04-05 19:05:08 Image size of job updated: 792248
	320  -  MemoryUsage of job (MB)
	327528  -  ResidentSetSize of job (KB)
...
006 (452.309.000) 2022-04-05 19:15:09 Image size of job updated: 792248
	320  -  MemoryUsage of job (MB)
	327660  -  ResidentSetSize of job (KB)
...
006 (452.309.000) 2022-04-05 19:30:11 Image size of job updated: 792248
	321  -  MemoryUsage of job (MB)
	327792  -  ResidentSetSize of job (KB)
...
006 (452.309.000) 2022-04-05 19:40:13 Image size of job updated: 792248
	321  -  MemoryUsage of job (MB)
	327924  -  ResidentSetSize of job (KB)
...
006 (452.309.000) 2022-04-05 19:55:15 Image size of job updated: 792248
	321  -  MemoryUsage of job (MB)
	328056  -  ResidentSetSize of job (KB)
...
006 (452.309.000) 2022-04-05 20:05:16 Image size of job updated: 792248
	321  -  MemoryUsage of job (MB)
	328188  -  ResidentSetSize of job (KB)
...
006 (452.309.000) 2022-04-05 20:15:17 Image size of job updated: 792248
	321  -  MemoryUsage of job (MB)
	328320  -  ResidentSetSize of job (KB)
...
006 (452.309.000) 2022-04-05 20:25:18 Image size of job updated: 792248
	321  -  MemoryUsage of job (MB)
	328452  -  ResidentSetSize of job (KB)
...
006 (452.309.000) 2022-04-05 20:35:18 Image size of job updated: 792248
	321  -  MemoryUsage of job (MB)
	328584  -  ResidentSetSize of job (KB)
...
006 (452.309.000) 2022-04-05 20:45:19 Image size of job updated: 792248
	322  -  MemoryUsage of job (MB)
	328716  -  ResidentSetSize of job (KB)
...
006 (452.309.000) 2022-04-05 20:55:20 Image size of job updated: 792248
	322  -  MemoryUsage of job (MB)
	328848  -  ResidentSetSize of job (KB)
...
006 (452.309.000) 2022-04-05 21:10:21 Image size of job updated: 792248
	322  -  MemoryUsage of job (MB)
	328980  -  ResidentSetSize of job (KB)
...
006 (452.309.000) 2022-04-05 21:15:22 Image size of job updated: 792248
	322  -  MemoryUsage of job (MB)
	329112  -  ResidentSetSize of job (KB)
...
006 (452.309.000) 2022-04-05 21:30:24 Image size of job updated: 792248
	322  -  MemoryUsage of job (MB)
	329244  -  ResidentSetSize of job (KB)
...
005 (452.309.000) 2022-04-05 21:36:45 Job terminated.
	(1) Normal termination (return value 0)
		Usr 0 08:44:58, Sys 0 00:01:36  -  Run Remote Usage
		Usr 0 00:00:00, Sys 0 00:00:00  -  Run Local Usage
		Usr 0 08:44:58, Sys 0 00:01:36  -  Total Remote Usage
		Usr 0 00:00:00, Sys 0 00:00:00  -  Total Local Usage
	0  -  Run Bytes Sent By Job
	0  -  Run Bytes Received By Job
	0  -  Total Bytes Sent By Job
	0  -  Total Bytes Received By Job
	Partitionable Resources :    Usage  Request Allocated 
	   Cpus                 :     1.00        1         1 
	   Disk (KB)            :  7500        7500     10998 
	   Memory (MB)          :   322        1024      1024 

	Job terminated of its own accord at 2022-04-05T19:36:45Z with exit-code 0.
...
