000 (452.555.000) 2022-04-05 09:23:26 Job submitted from host: <10.18.24.243:9618?addrs=10.18.24.243-9618&alias=ecoclusts01.bioclust.biologie.ens.fr&noUDP&sock=schedd_1052_29b8>
...
001 (452.555.000) 2022-04-05 18:52:18 Job executing on host: <10.18.24.139:9618?addrs=10.18.24.139-9618&alias=dyoclust12.bioclust.biologie.ens.fr&noUDP&sock=startd_791_2380>
...
006 (452.555.000) 2022-04-05 18:52:27 Image size of job updated: 95120
	93  -  MemoryUsage of job (MB)
	95120  -  ResidentSetSize of job (KB)
...
006 (452.555.000) 2022-04-05 18:57:27 Image size of job updated: 741880
	317  -  MemoryUsage of job (MB)
	324400  -  ResidentSetSize of job (KB)
...
006 (452.555.000) 2022-04-05 19:02:27 Image size of job updated: 774648
	317  -  MemoryUsage of job (MB)
	324400  -  ResidentSetSize of job (KB)
...
006 (452.555.000) 2022-04-05 19:47:32 Image size of job updated: 774904
	317  -  MemoryUsage of job (MB)
	324400  -  ResidentSetSize of job (KB)
...
006 (452.555.000) 2022-04-05 19:52:32 Image size of job updated: 774904
	317  -  MemoryUsage of job (MB)
	324532  -  ResidentSetSize of job (KB)
...
006 (452.555.000) 2022-04-05 19:57:33 Image size of job updated: 775160
	318  -  MemoryUsage of job (MB)
	324796  -  ResidentSetSize of job (KB)
...
006 (452.555.000) 2022-04-05 20:02:34 Image size of job updated: 775416
	318  -  MemoryUsage of job (MB)
	324928  -  ResidentSetSize of job (KB)
...
006 (452.555.000) 2022-04-05 20:07:34 Image size of job updated: 775416
	318  -  MemoryUsage of job (MB)
	325060  -  ResidentSetSize of job (KB)
...
006 (452.555.000) 2022-04-05 20:12:34 Image size of job updated: 775672
	318  -  MemoryUsage of job (MB)
	325324  -  ResidentSetSize of job (KB)
...
006 (452.555.000) 2022-04-05 20:17:35 Image size of job updated: 775928
	318  -  MemoryUsage of job (MB)
	325456  -  ResidentSetSize of job (KB)
...
006 (452.555.000) 2022-04-05 20:22:35 Image size of job updated: 776184
	319  -  MemoryUsage of job (MB)
	325720  -  ResidentSetSize of job (KB)
...
006 (452.555.000) 2022-04-05 20:27:35 Image size of job updated: 776184
	319  -  MemoryUsage of job (MB)
	325852  -  ResidentSetSize of job (KB)
...
006 (452.555.000) 2022-04-05 20:32:36 Image size of job updated: 776440
	319  -  MemoryUsage of job (MB)
	325984  -  ResidentSetSize of job (KB)
...
006 (452.555.000) 2022-04-05 20:37:37 Image size of job updated: 776696
	319  -  MemoryUsage of job (MB)
	326248  -  ResidentSetSize of job (KB)
...
006 (452.555.000) 2022-04-05 20:42:37 Image size of job updated: 776952
	319  -  MemoryUsage of job (MB)
	326380  -  ResidentSetSize of job (KB)
...
006 (452.555.000) 2022-04-05 20:47:37 Image size of job updated: 776952
	319  -  MemoryUsage of job (MB)
	326644  -  ResidentSetSize of job (KB)
...
006 (452.555.000) 2022-04-05 21:02:38 Image size of job updated: 777208
	320  -  MemoryUsage of job (MB)
	326856  -  ResidentSetSize of job (KB)
...
006 (452.555.000) 2022-04-05 21:07:39 Image size of job updated: 777464
	320  -  MemoryUsage of job (MB)
	326988  -  ResidentSetSize of job (KB)
...
006 (452.555.000) 2022-04-05 21:12:40 Image size of job updated: 777464
	320  -  MemoryUsage of job (MB)
	327120  -  ResidentSetSize of job (KB)
...
006 (452.555.000) 2022-04-05 21:17:40 Image size of job updated: 777720
	320  -  MemoryUsage of job (MB)
	327252  -  ResidentSetSize of job (KB)
...
006 (452.555.000) 2022-04-05 21:22:41 Image size of job updated: 777976
	320  -  MemoryUsage of job (MB)
	327516  -  ResidentSetSize of job (KB)
...
006 (452.555.000) 2022-04-05 21:27:42 Image size of job updated: 777976
	320  -  MemoryUsage of job (MB)
	327648  -  ResidentSetSize of job (KB)
...
006 (452.555.000) 2022-04-05 21:32:42 Image size of job updated: 778232
	321  -  MemoryUsage of job (MB)
	327780  -  ResidentSetSize of job (KB)
...
006 (452.555.000) 2022-04-05 21:37:42 Image size of job updated: 778488
	321  -  MemoryUsage of job (MB)
	328044  -  ResidentSetSize of job (KB)
...
006 (452.555.000) 2022-04-05 21:42:43 Image size of job updated: 778488
	321  -  MemoryUsage of job (MB)
	328176  -  ResidentSetSize of job (KB)
...
006 (452.555.000) 2022-04-05 21:47:44 Image size of job updated: 778744
	321  -  MemoryUsage of job (MB)
	328308  -  ResidentSetSize of job (KB)
...
006 (452.555.000) 2022-04-05 21:52:44 Image size of job updated: 779000
	321  -  MemoryUsage of job (MB)
	328572  -  ResidentSetSize of job (KB)
...
006 (452.555.000) 2022-04-05 21:57:45 Image size of job updated: 779000
	321  -  MemoryUsage of job (MB)
	328704  -  ResidentSetSize of job (KB)
...
006 (452.555.000) 2022-04-05 22:02:46 Image size of job updated: 779256
	322  -  MemoryUsage of job (MB)
	328836  -  ResidentSetSize of job (KB)
...
006 (452.555.000) 2022-04-05 22:07:46 Image size of job updated: 779512
	322  -  MemoryUsage of job (MB)
	328968  -  ResidentSetSize of job (KB)
...
006 (452.555.000) 2022-04-05 22:12:46 Image size of job updated: 779512
	322  -  MemoryUsage of job (MB)
	329232  -  ResidentSetSize of job (KB)
...
006 (452.555.000) 2022-04-05 22:14:26 Image size of job updated: 779768
	322  -  MemoryUsage of job (MB)
	329232  -  ResidentSetSize of job (KB)
...
005 (452.555.000) 2022-04-05 22:14:26 Job terminated.
	(1) Normal termination (return value 0)
		Usr 0 03:20:05, Sys 0 00:00:29  -  Run Remote Usage
		Usr 0 00:00:00, Sys 0 00:00:00  -  Run Local Usage
		Usr 0 03:20:05, Sys 0 00:00:29  -  Total Remote Usage
		Usr 0 00:00:00, Sys 0 00:00:00  -  Total Local Usage
	0  -  Run Bytes Sent By Job
	0  -  Run Bytes Received By Job
	0  -  Total Bytes Sent By Job
	0  -  Total Bytes Received By Job
	Partitionable Resources :    Usage  Request Allocated 
	   Cpus                 :     1.00        1         1 
	   Disk (KB)            :  7500        7500     10998 
	   Memory (MB)          :   322        1024      1024 

	Job terminated of its own accord at 2022-04-05T20:14:26Z with exit-code 0.
...
