000 (452.335.000) 2022-04-05 09:23:25 Job submitted from host: <10.18.24.243:9618?addrs=10.18.24.243-9618&alias=ecoclusts01.bioclust.biologie.ens.fr&noUDP&sock=schedd_1052_29b8>
...
001 (452.335.000) 2022-04-05 12:53:20 Job executing on host: <10.18.24.9:9618?addrs=10.18.24.9-9618&alias=bioclust09.bioclust.biologie.ens.fr&noUDP&sock=startd_4128219_7123>
...
006 (452.335.000) 2022-04-05 12:53:28 Image size of job updated: 40872
	40  -  MemoryUsage of job (MB)
	40872  -  ResidentSetSize of job (KB)
...
006 (452.335.000) 2022-04-05 12:58:28 Image size of job updated: 741876
	301  -  MemoryUsage of job (MB)
	307748  -  ResidentSetSize of job (KB)
...
006 (452.335.000) 2022-04-05 13:03:29 Image size of job updated: 741876
	303  -  MemoryUsage of job (MB)
	309796  -  ResidentSetSize of job (KB)
...
006 (452.335.000) 2022-04-05 13:13:30 Image size of job updated: 774644
	317  -  MemoryUsage of job (MB)
	324352  -  ResidentSetSize of job (KB)
...
006 (452.335.000) 2022-04-05 15:13:43 Image size of job updated: 774900
	317  -  MemoryUsage of job (MB)
	324484  -  ResidentSetSize of job (KB)
...
006 (452.335.000) 2022-04-05 15:23:43 Image size of job updated: 774900
	318  -  MemoryUsage of job (MB)
	324616  -  ResidentSetSize of job (KB)
...
006 (452.335.000) 2022-04-05 15:28:44 Image size of job updated: 775156
	318  -  MemoryUsage of job (MB)
	324616  -  ResidentSetSize of job (KB)
...
006 (452.335.000) 2022-04-05 15:33:44 Image size of job updated: 775156
	318  -  MemoryUsage of job (MB)
	324748  -  ResidentSetSize of job (KB)
...
006 (452.335.000) 2022-04-05 15:43:45 Image size of job updated: 775156
	318  -  MemoryUsage of job (MB)
	324880  -  ResidentSetSize of job (KB)
...
006 (452.335.000) 2022-04-05 15:48:46 Image size of job updated: 775412
	318  -  MemoryUsage of job (MB)
	325012  -  ResidentSetSize of job (KB)
...
006 (452.335.000) 2022-04-05 15:58:47 Image size of job updated: 775412
	318  -  MemoryUsage of job (MB)
	325144  -  ResidentSetSize of job (KB)
...
006 (452.335.000) 2022-04-05 16:03:48 Image size of job updated: 775668
	318  -  MemoryUsage of job (MB)
	325144  -  ResidentSetSize of job (KB)
...
006 (452.335.000) 2022-04-05 16:08:48 Image size of job updated: 775668
	318  -  MemoryUsage of job (MB)
	325276  -  ResidentSetSize of job (KB)
...
006 (452.335.000) 2022-04-05 16:13:49 Image size of job updated: 775668
	318  -  MemoryUsage of job (MB)
	325408  -  ResidentSetSize of job (KB)
...
006 (452.335.000) 2022-04-05 16:18:50 Image size of job updated: 775924
	318  -  MemoryUsage of job (MB)
	325408  -  ResidentSetSize of job (KB)
...
006 (452.335.000) 2022-04-05 16:23:50 Image size of job updated: 775924
	318  -  MemoryUsage of job (MB)
	325540  -  ResidentSetSize of job (KB)
...
006 (452.335.000) 2022-04-05 16:33:52 Image size of job updated: 776180
	319  -  MemoryUsage of job (MB)
	325672  -  ResidentSetSize of job (KB)
...
006 (452.335.000) 2022-04-05 16:43:53 Image size of job updated: 776180
	319  -  MemoryUsage of job (MB)
	325804  -  ResidentSetSize of job (KB)
...
006 (452.335.000) 2022-04-05 16:48:54 Image size of job updated: 776180
	319  -  MemoryUsage of job (MB)
	325936  -  ResidentSetSize of job (KB)
...
006 (452.335.000) 2022-04-05 16:53:54 Image size of job updated: 776436
	319  -  MemoryUsage of job (MB)
	325936  -  ResidentSetSize of job (KB)
...
006 (452.335.000) 2022-04-05 16:58:54 Image size of job updated: 776436
	319  -  MemoryUsage of job (MB)
	326068  -  ResidentSetSize of job (KB)
...
006 (452.335.000) 2022-04-05 17:03:55 Image size of job updated: 776692
	319  -  MemoryUsage of job (MB)
	326200  -  ResidentSetSize of job (KB)
...
006 (452.335.000) 2022-04-05 17:13:55 Image size of job updated: 776692
	319  -  MemoryUsage of job (MB)
	326332  -  ResidentSetSize of job (KB)
...
006 (452.335.000) 2022-04-05 17:18:56 Image size of job updated: 776948
	319  -  MemoryUsage of job (MB)
	326464  -  ResidentSetSize of job (KB)
...
006 (452.335.000) 2022-04-05 17:23:56 Image size of job updated: 776948
	319  -  MemoryUsage of job (MB)
	326596  -  ResidentSetSize of job (KB)
...
006 (452.335.000) 2022-04-05 17:48:59 Image size of job updated: 777204
	320  -  MemoryUsage of job (MB)
	326728  -  ResidentSetSize of job (KB)
...
006 (452.335.000) 2022-04-05 17:59:00 Image size of job updated: 777204
	320  -  MemoryUsage of job (MB)
	326860  -  ResidentSetSize of job (KB)
...
006 (452.335.000) 2022-04-05 18:04:01 Image size of job updated: 777460
	320  -  MemoryUsage of job (MB)
	326992  -  ResidentSetSize of job (KB)
...
006 (452.335.000) 2022-04-05 18:14:02 Image size of job updated: 777460
	320  -  MemoryUsage of job (MB)
	327124  -  ResidentSetSize of job (KB)
...
006 (452.335.000) 2022-04-05 18:24:03 Image size of job updated: 777716
	320  -  MemoryUsage of job (MB)
	327256  -  ResidentSetSize of job (KB)
...
006 (452.335.000) 2022-04-05 18:29:03 Image size of job updated: 777716
	320  -  MemoryUsage of job (MB)
	327388  -  ResidentSetSize of job (KB)
...
006 (452.335.000) 2022-04-05 18:39:05 Image size of job updated: 777972
	320  -  MemoryUsage of job (MB)
	327520  -  ResidentSetSize of job (KB)
...
006 (452.335.000) 2022-04-05 18:44:05 Image size of job updated: 777972
	320  -  MemoryUsage of job (MB)
	327652  -  ResidentSetSize of job (KB)
...
006 (452.335.000) 2022-04-05 18:54:06 Image size of job updated: 778228
	321  -  MemoryUsage of job (MB)
	327784  -  ResidentSetSize of job (KB)
...
006 (452.335.000) 2022-04-05 19:04:06 Image size of job updated: 778228
	321  -  MemoryUsage of job (MB)
	327916  -  ResidentSetSize of job (KB)
...
006 (452.335.000) 2022-04-05 19:09:07 Image size of job updated: 778484
	321  -  MemoryUsage of job (MB)
	328048  -  ResidentSetSize of job (KB)
...
006 (452.335.000) 2022-04-05 19:19:07 Image size of job updated: 778484
	321  -  MemoryUsage of job (MB)
	328180  -  ResidentSetSize of job (KB)
...
006 (452.335.000) 2022-04-05 19:24:08 Image size of job updated: 778740
	321  -  MemoryUsage of job (MB)
	328180  -  ResidentSetSize of job (KB)
...
006 (452.335.000) 2022-04-05 19:29:08 Image size of job updated: 778740
	321  -  MemoryUsage of job (MB)
	328312  -  ResidentSetSize of job (KB)
...
006 (452.335.000) 2022-04-05 19:34:08 Image size of job updated: 778740
	321  -  MemoryUsage of job (MB)
	328444  -  ResidentSetSize of job (KB)
...
006 (452.335.000) 2022-04-05 19:39:09 Image size of job updated: 778996
	321  -  MemoryUsage of job (MB)
	328444  -  ResidentSetSize of job (KB)
...
006 (452.335.000) 2022-04-05 19:44:09 Image size of job updated: 778996
	321  -  MemoryUsage of job (MB)
	328576  -  ResidentSetSize of job (KB)
...
006 (452.335.000) 2022-04-05 19:49:09 Image size of job updated: 778996
	322  -  MemoryUsage of job (MB)
	328708  -  ResidentSetSize of job (KB)
...
006 (452.335.000) 2022-04-05 19:54:10 Image size of job updated: 779252
	322  -  MemoryUsage of job (MB)
	328708  -  ResidentSetSize of job (KB)
...
006 (452.335.000) 2022-04-05 19:59:11 Image size of job updated: 779252
	322  -  MemoryUsage of job (MB)
	328840  -  ResidentSetSize of job (KB)
...
006 (452.335.000) 2022-04-05 20:09:12 Image size of job updated: 779508
	322  -  MemoryUsage of job (MB)
	328972  -  ResidentSetSize of job (KB)
...
006 (452.335.000) 2022-04-05 20:14:13 Image size of job updated: 779508
	322  -  MemoryUsage of job (MB)
	329104  -  ResidentSetSize of job (KB)
...
006 (452.335.000) 2022-04-05 20:19:13 Image size of job updated: 779508
	322  -  MemoryUsage of job (MB)
	329236  -  ResidentSetSize of job (KB)
...
006 (452.335.000) 2022-04-05 20:22:12 Image size of job updated: 779764
	322  -  MemoryUsage of job (MB)
	329236  -  ResidentSetSize of job (KB)
...
005 (452.335.000) 2022-04-05 20:22:12 Job terminated.
	(1) Normal termination (return value 0)
		Usr 0 07:23:48, Sys 0 00:02:06  -  Run Remote Usage
		Usr 0 00:00:00, Sys 0 00:00:00  -  Run Local Usage
		Usr 0 07:23:48, Sys 0 00:02:06  -  Total Remote Usage
		Usr 0 00:00:00, Sys 0 00:00:00  -  Total Local Usage
	0  -  Run Bytes Sent By Job
	0  -  Run Bytes Received By Job
	0  -  Total Bytes Sent By Job
	0  -  Total Bytes Received By Job
	Partitionable Resources :    Usage  Request Allocated 
	   Cpus                 :     1.00        1         1 
	   Disk (KB)            :  7500        7500     10469 
	   Memory (MB)          :   322        1024      1024 

	Job terminated of its own accord at 2022-04-05T18:22:12Z with exit-code 0.
...
