000 (452.312.000) 2022-04-05 09:23:25 Job submitted from host: <10.18.24.243:9618?addrs=10.18.24.243-9618&alias=ecoclusts01.bioclust.biologie.ens.fr&noUDP&sock=schedd_1052_29b8>
...
001 (452.312.000) 2022-04-05 12:45:19 Job executing on host: <10.18.24.108:9618?addrs=10.18.24.108-9618&alias=ecoclust13.bioclust.biologie.ens.fr&noUDP&sock=startd_1053_d950>
...
006 (452.312.000) 2022-04-05 12:45:27 Image size of job updated: 144720
	49  -  MemoryUsage of job (MB)
	49444  -  ResidentSetSize of job (KB)
...
006 (452.312.000) 2022-04-05 12:50:27 Image size of job updated: 741620
	316  -  MemoryUsage of job (MB)
	323540  -  ResidentSetSize of job (KB)
...
006 (452.312.000) 2022-04-05 13:10:29 Image size of job updated: 774388
	316  -  MemoryUsage of job (MB)
	323540  -  ResidentSetSize of job (KB)
...
006 (452.312.000) 2022-04-05 14:50:39 Image size of job updated: 774644
	317  -  MemoryUsage of job (MB)
	323672  -  ResidentSetSize of job (KB)
...
006 (452.312.000) 2022-04-05 15:00:41 Image size of job updated: 774644
	317  -  MemoryUsage of job (MB)
	323804  -  ResidentSetSize of job (KB)
...
006 (452.312.000) 2022-04-05 15:10:42 Image size of job updated: 774900
	317  -  MemoryUsage of job (MB)
	323936  -  ResidentSetSize of job (KB)
...
006 (452.312.000) 2022-04-05 15:20:43 Image size of job updated: 774900
	317  -  MemoryUsage of job (MB)
	324068  -  ResidentSetSize of job (KB)
...
006 (452.312.000) 2022-04-05 15:30:45 Image size of job updated: 775156
	317  -  MemoryUsage of job (MB)
	324200  -  ResidentSetSize of job (KB)
...
006 (452.312.000) 2022-04-05 15:40:45 Image size of job updated: 775156
	317  -  MemoryUsage of job (MB)
	324332  -  ResidentSetSize of job (KB)
...
006 (452.312.000) 2022-04-05 15:55:47 Image size of job updated: 775412
	317  -  MemoryUsage of job (MB)
	324332  -  ResidentSetSize of job (KB)
...
006 (452.312.000) 2022-04-05 16:00:48 Image size of job updated: 775412
	317  -  MemoryUsage of job (MB)
	324464  -  ResidentSetSize of job (KB)
...
006 (452.312.000) 2022-04-05 16:10:49 Image size of job updated: 775412
	317  -  MemoryUsage of job (MB)
	324596  -  ResidentSetSize of job (KB)
...
006 (452.312.000) 2022-04-05 16:15:49 Image size of job updated: 775668
	317  -  MemoryUsage of job (MB)
	324596  -  ResidentSetSize of job (KB)
...
006 (452.312.000) 2022-04-05 16:20:50 Image size of job updated: 775668
	318  -  MemoryUsage of job (MB)
	324728  -  ResidentSetSize of job (KB)
...
006 (452.312.000) 2022-04-05 16:30:51 Image size of job updated: 775668
	318  -  MemoryUsage of job (MB)
	324860  -  ResidentSetSize of job (KB)
...
006 (452.312.000) 2022-04-05 16:35:52 Image size of job updated: 775924
	318  -  MemoryUsage of job (MB)
	324860  -  ResidentSetSize of job (KB)
...
006 (452.312.000) 2022-04-05 16:40:53 Image size of job updated: 775924
	318  -  MemoryUsage of job (MB)
	324992  -  ResidentSetSize of job (KB)
...
006 (452.312.000) 2022-04-05 16:50:53 Image size of job updated: 775924
	318  -  MemoryUsage of job (MB)
	325124  -  ResidentSetSize of job (KB)
...
006 (452.312.000) 2022-04-05 16:55:54 Image size of job updated: 776180
	318  -  MemoryUsage of job (MB)
	325124  -  ResidentSetSize of job (KB)
...
006 (452.312.000) 2022-04-05 17:00:54 Image size of job updated: 776180
	318  -  MemoryUsage of job (MB)
	325256  -  ResidentSetSize of job (KB)
...
006 (452.312.000) 2022-04-05 17:15:56 Image size of job updated: 776436
	318  -  MemoryUsage of job (MB)
	325388  -  ResidentSetSize of job (KB)
...
006 (452.312.000) 2022-04-05 17:25:57 Image size of job updated: 776436
	318  -  MemoryUsage of job (MB)
	325520  -  ResidentSetSize of job (KB)
...
006 (452.312.000) 2022-04-05 17:30:58 Image size of job updated: 776436
	319  -  MemoryUsage of job (MB)
	325652  -  ResidentSetSize of job (KB)
...
006 (452.312.000) 2022-04-05 17:35:58 Image size of job updated: 776692
	319  -  MemoryUsage of job (MB)
	325652  -  ResidentSetSize of job (KB)
...
006 (452.312.000) 2022-04-05 17:40:58 Image size of job updated: 776692
	319  -  MemoryUsage of job (MB)
	325784  -  ResidentSetSize of job (KB)
...
006 (452.312.000) 2022-04-05 17:50:59 Image size of job updated: 776948
	319  -  MemoryUsage of job (MB)
	325916  -  ResidentSetSize of job (KB)
...
006 (452.312.000) 2022-04-05 18:01:00 Image size of job updated: 776948
	319  -  MemoryUsage of job (MB)
	326048  -  ResidentSetSize of job (KB)
...
006 (452.312.000) 2022-04-05 18:36:04 Image size of job updated: 777204
	319  -  MemoryUsage of job (MB)
	326180  -  ResidentSetSize of job (KB)
...
006 (452.312.000) 2022-04-05 18:46:04 Image size of job updated: 777204
	319  -  MemoryUsage of job (MB)
	326312  -  ResidentSetSize of job (KB)
...
006 (452.312.000) 2022-04-05 18:56:06 Image size of job updated: 777204
	319  -  MemoryUsage of job (MB)
	326444  -  ResidentSetSize of job (KB)
...
006 (452.312.000) 2022-04-05 19:01:06 Image size of job updated: 777460
	319  -  MemoryUsage of job (MB)
	326444  -  ResidentSetSize of job (KB)
...
006 (452.312.000) 2022-04-05 19:06:07 Image size of job updated: 777460
	319  -  MemoryUsage of job (MB)
	326576  -  ResidentSetSize of job (KB)
...
006 (452.312.000) 2022-04-05 19:16:08 Image size of job updated: 777460
	320  -  MemoryUsage of job (MB)
	326708  -  ResidentSetSize of job (KB)
...
006 (452.312.000) 2022-04-05 19:21:08 Image size of job updated: 777716
	320  -  MemoryUsage of job (MB)
	326708  -  ResidentSetSize of job (KB)
...
006 (452.312.000) 2022-04-05 19:31:09 Image size of job updated: 777716
	320  -  MemoryUsage of job (MB)
	326840  -  ResidentSetSize of job (KB)
...
006 (452.312.000) 2022-04-05 19:41:10 Image size of job updated: 777716
	320  -  MemoryUsage of job (MB)
	326972  -  ResidentSetSize of job (KB)
...
006 (452.312.000) 2022-04-05 19:46:11 Image size of job updated: 777972
	320  -  MemoryUsage of job (MB)
	326972  -  ResidentSetSize of job (KB)
...
006 (452.312.000) 2022-04-05 19:56:12 Image size of job updated: 777972
	320  -  MemoryUsage of job (MB)
	327104  -  ResidentSetSize of job (KB)
...
006 (452.312.000) 2022-04-05 20:06:13 Image size of job updated: 778228
	320  -  MemoryUsage of job (MB)
	327236  -  ResidentSetSize of job (KB)
...
006 (452.312.000) 2022-04-05 20:16:15 Image size of job updated: 778228
	320  -  MemoryUsage of job (MB)
	327368  -  ResidentSetSize of job (KB)
...
006 (452.312.000) 2022-04-05 20:26:15 Image size of job updated: 778484
	320  -  MemoryUsage of job (MB)
	327500  -  ResidentSetSize of job (KB)
...
006 (452.312.000) 2022-04-05 20:36:17 Image size of job updated: 778484
	320  -  MemoryUsage of job (MB)
	327632  -  ResidentSetSize of job (KB)
...
006 (452.312.000) 2022-04-05 20:51:19 Image size of job updated: 778740
	321  -  MemoryUsage of job (MB)
	327764  -  ResidentSetSize of job (KB)
...
006 (452.312.000) 2022-04-05 21:01:20 Image size of job updated: 778740
	321  -  MemoryUsage of job (MB)
	327896  -  ResidentSetSize of job (KB)
...
006 (452.312.000) 2022-04-05 21:11:21 Image size of job updated: 778996
	321  -  MemoryUsage of job (MB)
	328028  -  ResidentSetSize of job (KB)
...
006 (452.312.000) 2022-04-05 21:21:22 Image size of job updated: 778996
	321  -  MemoryUsage of job (MB)
	328160  -  ResidentSetSize of job (KB)
...
006 (452.312.000) 2022-04-05 21:31:22 Image size of job updated: 779252
	321  -  MemoryUsage of job (MB)
	328160  -  ResidentSetSize of job (KB)
...
006 (452.312.000) 2022-04-05 21:36:23 Image size of job updated: 779252
	321  -  MemoryUsage of job (MB)
	328292  -  ResidentSetSize of job (KB)
...
006 (452.312.000) 2022-04-05 21:46:24 Image size of job updated: 779252
	321  -  MemoryUsage of job (MB)
	328424  -  ResidentSetSize of job (KB)
...
006 (452.312.000) 2022-04-05 21:56:25 Image size of job updated: 779508
	321  -  MemoryUsage of job (MB)
	328556  -  ResidentSetSize of job (KB)
...
006 (452.312.000) 2022-04-05 22:06:25 Image size of job updated: 779508
	321  -  MemoryUsage of job (MB)
	328688  -  ResidentSetSize of job (KB)
...
006 (452.312.000) 2022-04-05 22:20:34 Image size of job updated: 779764
	321  -  MemoryUsage of job (MB)
	328688  -  ResidentSetSize of job (KB)
...
005 (452.312.000) 2022-04-05 22:20:34 Job terminated.
	(1) Normal termination (return value 0)
		Usr 0 09:32:13, Sys 0 00:01:03  -  Run Remote Usage
		Usr 0 00:00:00, Sys 0 00:00:00  -  Run Local Usage
		Usr 0 09:32:13, Sys 0 00:01:03  -  Total Remote Usage
		Usr 0 00:00:00, Sys 0 00:00:00  -  Total Local Usage
	0  -  Run Bytes Sent By Job
	0  -  Run Bytes Received By Job
	0  -  Total Bytes Sent By Job
	0  -  Total Bytes Received By Job
	Partitionable Resources :    Usage  Request Allocated 
	   Cpus                 :     1.00        1         1 
	   Disk (KB)            :  7500        7500     10998 
	   Memory (MB)          :   321        1024      1024 

	Job terminated of its own accord at 2022-04-05T20:20:34Z with exit-code 0.
...
