000 (452.424.000) 2022-04-05 09:23:25 Job submitted from host: <10.18.24.243:9618?addrs=10.18.24.243-9618&alias=ecoclusts01.bioclust.biologie.ens.fr&noUDP&sock=schedd_1052_29b8>
...
001 (452.424.000) 2022-04-05 15:23:29 Job executing on host: <10.18.24.130:9618?addrs=10.18.24.130-9618&alias=dyoclust03.bioclust.biologie.ens.fr&noUDP&sock=startd_813_3a96>
...
006 (452.424.000) 2022-04-05 15:23:38 Image size of job updated: 233660
	85  -  MemoryUsage of job (MB)
	86944  -  ResidentSetSize of job (KB)
...
006 (452.424.000) 2022-04-05 15:28:38 Image size of job updated: 741880
	317  -  MemoryUsage of job (MB)
	324336  -  ResidentSetSize of job (KB)
...
006 (452.424.000) 2022-04-05 15:33:39 Image size of job updated: 774648
	317  -  MemoryUsage of job (MB)
	324360  -  ResidentSetSize of job (KB)
...
006 (452.424.000) 2022-04-05 16:28:44 Image size of job updated: 774904
	317  -  MemoryUsage of job (MB)
	324492  -  ResidentSetSize of job (KB)
...
006 (452.424.000) 2022-04-05 16:33:45 Image size of job updated: 775160
	318  -  MemoryUsage of job (MB)
	324756  -  ResidentSetSize of job (KB)
...
006 (452.424.000) 2022-04-05 16:38:46 Image size of job updated: 775416
	318  -  MemoryUsage of job (MB)
	324888  -  ResidentSetSize of job (KB)
...
006 (452.424.000) 2022-04-05 16:43:46 Image size of job updated: 775416
	318  -  MemoryUsage of job (MB)
	325152  -  ResidentSetSize of job (KB)
...
006 (452.424.000) 2022-04-05 16:48:47 Image size of job updated: 775672
	318  -  MemoryUsage of job (MB)
	325416  -  ResidentSetSize of job (KB)
...
006 (452.424.000) 2022-04-05 16:53:48 Image size of job updated: 775928
	318  -  MemoryUsage of job (MB)
	325548  -  ResidentSetSize of job (KB)
...
006 (452.424.000) 2022-04-05 16:58:48 Image size of job updated: 776184
	319  -  MemoryUsage of job (MB)
	325812  -  ResidentSetSize of job (KB)
...
006 (452.424.000) 2022-04-05 17:03:48 Image size of job updated: 776440
	319  -  MemoryUsage of job (MB)
	326076  -  ResidentSetSize of job (KB)
...
006 (452.424.000) 2022-04-05 17:08:49 Image size of job updated: 776696
	319  -  MemoryUsage of job (MB)
	326208  -  ResidentSetSize of job (KB)
...
006 (452.424.000) 2022-04-05 17:13:50 Image size of job updated: 776952
	319  -  MemoryUsage of job (MB)
	326472  -  ResidentSetSize of job (KB)
...
006 (452.424.000) 2022-04-05 17:18:51 Image size of job updated: 776952
	319  -  MemoryUsage of job (MB)
	326604  -  ResidentSetSize of job (KB)
...
006 (452.424.000) 2022-04-05 17:28:51 Image size of job updated: 777208
	320  -  MemoryUsage of job (MB)
	326736  -  ResidentSetSize of job (KB)
...
006 (452.424.000) 2022-04-05 17:33:52 Image size of job updated: 777464
	320  -  MemoryUsage of job (MB)
	327000  -  ResidentSetSize of job (KB)
...
006 (452.424.000) 2022-04-05 17:38:53 Image size of job updated: 777464
	320  -  MemoryUsage of job (MB)
	327132  -  ResidentSetSize of job (KB)
...
006 (452.424.000) 2022-04-05 17:43:53 Image size of job updated: 777720
	320  -  MemoryUsage of job (MB)
	327396  -  ResidentSetSize of job (KB)
...
006 (452.424.000) 2022-04-05 17:48:53 Image size of job updated: 777976
	320  -  MemoryUsage of job (MB)
	327528  -  ResidentSetSize of job (KB)
...
006 (452.424.000) 2022-04-05 17:53:54 Image size of job updated: 778232
	321  -  MemoryUsage of job (MB)
	327792  -  ResidentSetSize of job (KB)
...
006 (452.424.000) 2022-04-05 17:58:55 Image size of job updated: 778232
	321  -  MemoryUsage of job (MB)
	327924  -  ResidentSetSize of job (KB)
...
006 (452.424.000) 2022-04-05 18:03:55 Image size of job updated: 778488
	321  -  MemoryUsage of job (MB)
	328188  -  ResidentSetSize of job (KB)
...
006 (452.424.000) 2022-04-05 18:08:55 Image size of job updated: 778744
	321  -  MemoryUsage of job (MB)
	328320  -  ResidentSetSize of job (KB)
...
006 (452.424.000) 2022-04-05 18:13:56 Image size of job updated: 779000
	321  -  MemoryUsage of job (MB)
	328584  -  ResidentSetSize of job (KB)
...
006 (452.424.000) 2022-04-05 18:18:57 Image size of job updated: 779256
	322  -  MemoryUsage of job (MB)
	328716  -  ResidentSetSize of job (KB)
...
006 (452.424.000) 2022-04-05 18:23:57 Image size of job updated: 779256
	322  -  MemoryUsage of job (MB)
	328980  -  ResidentSetSize of job (KB)
...
006 (452.424.000) 2022-04-05 18:28:57 Image size of job updated: 779512
	322  -  MemoryUsage of job (MB)
	329112  -  ResidentSetSize of job (KB)
...
006 (452.424.000) 2022-04-05 18:32:35 Image size of job updated: 779768
	322  -  MemoryUsage of job (MB)
	329112  -  ResidentSetSize of job (KB)
...
005 (452.424.000) 2022-04-05 18:32:35 Job terminated.
	(1) Normal termination (return value 0)
		Usr 0 03:08:32, Sys 0 00:00:26  -  Run Remote Usage
		Usr 0 00:00:00, Sys 0 00:00:00  -  Run Local Usage
		Usr 0 03:08:32, Sys 0 00:00:26  -  Total Remote Usage
		Usr 0 00:00:00, Sys 0 00:00:00  -  Total Local Usage
	0  -  Run Bytes Sent By Job
	0  -  Run Bytes Received By Job
	0  -  Total Bytes Sent By Job
	0  -  Total Bytes Received By Job
	Partitionable Resources :    Usage  Request Allocated 
	   Cpus                 :     1.00        1         1 
	   Disk (KB)            :  7500        7500     10998 
	   Memory (MB)          :   322        1024      1024 

	Job terminated of its own accord at 2022-04-05T16:32:35Z with exit-code 0.
...
