000 (452.609.000) 2022-04-05 09:23:26 Job submitted from host: <10.18.24.243:9618?addrs=10.18.24.243-9618&alias=ecoclusts01.bioclust.biologie.ens.fr&noUDP&sock=schedd_1052_29b8>
...
001 (452.609.000) 2022-04-05 19:38:34 Job executing on host: <10.18.24.135:9618?addrs=10.18.24.135-9618&alias=dyoclust08.bioclust.biologie.ens.fr&noUDP&sock=startd_793_82b1>
...
006 (452.609.000) 2022-04-05 19:38:43 Image size of job updated: 233664
	217  -  MemoryUsage of job (MB)
	222160  -  ResidentSetSize of job (KB)
...
006 (452.609.000) 2022-04-05 19:43:44 Image size of job updated: 741880
	317  -  MemoryUsage of job (MB)
	324372  -  ResidentSetSize of job (KB)
...
006 (452.609.000) 2022-04-05 19:48:44 Image size of job updated: 774648
	317  -  MemoryUsage of job (MB)
	324372  -  ResidentSetSize of job (KB)
...
006 (452.609.000) 2022-04-05 20:28:48 Image size of job updated: 774904
	317  -  MemoryUsage of job (MB)
	324592  -  ResidentSetSize of job (KB)
...
006 (452.609.000) 2022-04-05 20:33:48 Image size of job updated: 775160
	318  -  MemoryUsage of job (MB)
	324724  -  ResidentSetSize of job (KB)
...
006 (452.609.000) 2022-04-05 20:38:48 Image size of job updated: 775416
	318  -  MemoryUsage of job (MB)
	324988  -  ResidentSetSize of job (KB)
...
006 (452.609.000) 2022-04-05 20:43:49 Image size of job updated: 775672
	318  -  MemoryUsage of job (MB)
	325252  -  ResidentSetSize of job (KB)
...
006 (452.609.000) 2022-04-05 20:48:50 Image size of job updated: 775928
	318  -  MemoryUsage of job (MB)
	325384  -  ResidentSetSize of job (KB)
...
006 (452.609.000) 2022-04-05 20:53:50 Image size of job updated: 776184
	319  -  MemoryUsage of job (MB)
	325648  -  ResidentSetSize of job (KB)
...
006 (452.609.000) 2022-04-05 20:58:50 Image size of job updated: 776184
	319  -  MemoryUsage of job (MB)
	325912  -  ResidentSetSize of job (KB)
...
006 (452.609.000) 2022-04-05 21:03:51 Image size of job updated: 776440
	319  -  MemoryUsage of job (MB)
	326044  -  ResidentSetSize of job (KB)
...
006 (452.609.000) 2022-04-05 21:08:52 Image size of job updated: 776696
	319  -  MemoryUsage of job (MB)
	326308  -  ResidentSetSize of job (KB)
...
006 (452.609.000) 2022-04-05 21:13:52 Image size of job updated: 776952
	319  -  MemoryUsage of job (MB)
	326572  -  ResidentSetSize of job (KB)
...
006 (452.609.000) 2022-04-05 21:23:53 Image size of job updated: 776952
	320  -  MemoryUsage of job (MB)
	326704  -  ResidentSetSize of job (KB)
...
006 (452.609.000) 2022-04-05 21:28:54 Image size of job updated: 777208
	320  -  MemoryUsage of job (MB)
	326836  -  ResidentSetSize of job (KB)
...
006 (452.609.000) 2022-04-05 21:33:54 Image size of job updated: 777464
	320  -  MemoryUsage of job (MB)
	327100  -  ResidentSetSize of job (KB)
...
006 (452.609.000) 2022-04-05 21:38:54 Image size of job updated: 777720
	320  -  MemoryUsage of job (MB)
	327232  -  ResidentSetSize of job (KB)
...
006 (452.609.000) 2022-04-05 21:43:55 Image size of job updated: 777720
	320  -  MemoryUsage of job (MB)
	327364  -  ResidentSetSize of job (KB)
...
006 (452.609.000) 2022-04-05 21:48:56 Image size of job updated: 777976
	320  -  MemoryUsage of job (MB)
	327628  -  ResidentSetSize of job (KB)
...
006 (452.609.000) 2022-04-05 21:53:56 Image size of job updated: 778232
	321  -  MemoryUsage of job (MB)
	327760  -  ResidentSetSize of job (KB)
...
006 (452.609.000) 2022-04-05 21:58:56 Image size of job updated: 778488
	321  -  MemoryUsage of job (MB)
	328024  -  ResidentSetSize of job (KB)
...
006 (452.609.000) 2022-04-05 22:03:57 Image size of job updated: 778744
	321  -  MemoryUsage of job (MB)
	328156  -  ResidentSetSize of job (KB)
...
006 (452.609.000) 2022-04-05 22:08:58 Image size of job updated: 778744
	321  -  MemoryUsage of job (MB)
	328420  -  ResidentSetSize of job (KB)
...
006 (452.609.000) 2022-04-05 22:13:58 Image size of job updated: 779000
	321  -  MemoryUsage of job (MB)
	328684  -  ResidentSetSize of job (KB)
...
006 (452.609.000) 2022-04-05 22:18:58 Image size of job updated: 779256
	322  -  MemoryUsage of job (MB)
	328816  -  ResidentSetSize of job (KB)
...
006 (452.609.000) 2022-04-05 22:23:58 Image size of job updated: 779512
	322  -  MemoryUsage of job (MB)
	328948  -  ResidentSetSize of job (KB)
...
006 (452.609.000) 2022-04-05 22:29:00 Image size of job updated: 779512
	322  -  MemoryUsage of job (MB)
	329212  -  ResidentSetSize of job (KB)
...
006 (452.609.000) 2022-04-05 22:30:45 Image size of job updated: 779768
	322  -  MemoryUsage of job (MB)
	329212  -  ResidentSetSize of job (KB)
...
005 (452.609.000) 2022-04-05 22:30:45 Job terminated.
	(1) Normal termination (return value 0)
		Usr 0 02:51:41, Sys 0 00:00:22  -  Run Remote Usage
		Usr 0 00:00:00, Sys 0 00:00:00  -  Run Local Usage
		Usr 0 02:51:41, Sys 0 00:00:22  -  Total Remote Usage
		Usr 0 00:00:00, Sys 0 00:00:00  -  Total Local Usage
	0  -  Run Bytes Sent By Job
	0  -  Run Bytes Received By Job
	0  -  Total Bytes Sent By Job
	0  -  Total Bytes Received By Job
	Partitionable Resources :    Usage  Request Allocated 
	   Cpus                 :     1.00        1         1 
	   Disk (KB)            :  7500        7500     10998 
	   Memory (MB)          :   322        1024      1024 

	Job terminated of its own accord at 2022-04-05T20:30:45Z with exit-code 0.
...
