000 (452.816.000) 2022-04-05 09:23:27 Job submitted from host: <10.18.24.243:9618?addrs=10.18.24.243-9618&alias=ecoclusts01.bioclust.biologie.ens.fr&noUDP&sock=schedd_1052_29b8>
...
001 (452.816.000) 2022-04-06 00:09:50 Job executing on host: <10.18.24.99:9618?addrs=10.18.24.99-9618&alias=ecoclust04.bioclust.biologie.ens.fr&noUDP&sock=startd_1045_5c8e>
...
006 (452.816.000) 2022-04-06 00:09:59 Image size of job updated: 64228
	63  -  MemoryUsage of job (MB)
	64228  -  ResidentSetSize of job (KB)
...
006 (452.816.000) 2022-04-06 00:15:01 Image size of job updated: 896308
	306  -  MemoryUsage of job (MB)
	313280  -  ResidentSetSize of job (KB)
...
006 (452.816.000) 2022-04-06 00:20:01 Image size of job updated: 896308
	317  -  MemoryUsage of job (MB)
	324048  -  ResidentSetSize of job (KB)
...
006 (452.816.000) 2022-04-06 02:15:14 Image size of job updated: 896308
	317  -  MemoryUsage of job (MB)
	324180  -  ResidentSetSize of job (KB)
...
006 (452.816.000) 2022-04-06 02:25:14 Image size of job updated: 896308
	317  -  MemoryUsage of job (MB)
	324312  -  ResidentSetSize of job (KB)
...
006 (452.816.000) 2022-04-06 02:35:15 Image size of job updated: 896308
	317  -  MemoryUsage of job (MB)
	324444  -  ResidentSetSize of job (KB)
...
006 (452.816.000) 2022-04-06 02:45:16 Image size of job updated: 896308
	317  -  MemoryUsage of job (MB)
	324576  -  ResidentSetSize of job (KB)
...
006 (452.816.000) 2022-04-06 02:55:16 Image size of job updated: 896308
	318  -  MemoryUsage of job (MB)
	324708  -  ResidentSetSize of job (KB)
...
006 (452.816.000) 2022-04-06 03:10:18 Image size of job updated: 896308
	318  -  MemoryUsage of job (MB)
	324840  -  ResidentSetSize of job (KB)
...
006 (452.816.000) 2022-04-06 03:15:19 Image size of job updated: 896308
	318  -  MemoryUsage of job (MB)
	324972  -  ResidentSetSize of job (KB)
...
006 (452.816.000) 2022-04-06 03:20:20 Image size of job updated: 896308
	318  -  MemoryUsage of job (MB)
	325104  -  ResidentSetSize of job (KB)
...
006 (452.816.000) 2022-04-06 03:30:20 Image size of job updated: 896308
	318  -  MemoryUsage of job (MB)
	325236  -  ResidentSetSize of job (KB)
...
006 (452.816.000) 2022-04-06 03:40:21 Image size of job updated: 896308
	318  -  MemoryUsage of job (MB)
	325368  -  ResidentSetSize of job (KB)
...
006 (452.816.000) 2022-04-06 03:50:23 Image size of job updated: 896308
	318  -  MemoryUsage of job (MB)
	325500  -  ResidentSetSize of job (KB)
...
006 (452.816.000) 2022-04-06 04:00:23 Image size of job updated: 896308
	318  -  MemoryUsage of job (MB)
	325632  -  ResidentSetSize of job (KB)
...
006 (452.816.000) 2022-04-06 04:10:24 Image size of job updated: 896308
	319  -  MemoryUsage of job (MB)
	325764  -  ResidentSetSize of job (KB)
...
006 (452.816.000) 2022-04-06 04:20:25 Image size of job updated: 896308
	319  -  MemoryUsage of job (MB)
	325896  -  ResidentSetSize of job (KB)
...
006 (452.816.000) 2022-04-06 04:30:25 Image size of job updated: 896308
	319  -  MemoryUsage of job (MB)
	326028  -  ResidentSetSize of job (KB)
...
006 (452.816.000) 2022-04-06 04:40:27 Image size of job updated: 896308
	319  -  MemoryUsage of job (MB)
	326160  -  ResidentSetSize of job (KB)
...
006 (452.816.000) 2022-04-06 04:50:28 Image size of job updated: 896308
	319  -  MemoryUsage of job (MB)
	326292  -  ResidentSetSize of job (KB)
...
006 (452.816.000) 2022-04-06 05:00:29 Image size of job updated: 896308
	319  -  MemoryUsage of job (MB)
	326424  -  ResidentSetSize of job (KB)
...
006 (452.816.000) 2022-04-06 05:15:31 Image size of job updated: 896308
	319  -  MemoryUsage of job (MB)
	326556  -  ResidentSetSize of job (KB)
...
006 (452.816.000) 2022-04-06 05:50:35 Image size of job updated: 896308
	320  -  MemoryUsage of job (MB)
	326688  -  ResidentSetSize of job (KB)
...
006 (452.816.000) 2022-04-06 06:00:37 Image size of job updated: 896308
	320  -  MemoryUsage of job (MB)
	326820  -  ResidentSetSize of job (KB)
...
006 (452.816.000) 2022-04-06 06:10:38 Image size of job updated: 896308
	320  -  MemoryUsage of job (MB)
	326952  -  ResidentSetSize of job (KB)
...
006 (452.816.000) 2022-04-06 06:20:39 Image size of job updated: 896308
	320  -  MemoryUsage of job (MB)
	327084  -  ResidentSetSize of job (KB)
...
006 (452.816.000) 2022-04-06 06:30:41 Image size of job updated: 896308
	320  -  MemoryUsage of job (MB)
	327216  -  ResidentSetSize of job (KB)
...
006 (452.816.000) 2022-04-06 06:40:41 Image size of job updated: 896308
	320  -  MemoryUsage of job (MB)
	327348  -  ResidentSetSize of job (KB)
...
006 (452.816.000) 2022-04-06 06:50:42 Image size of job updated: 896308
	320  -  MemoryUsage of job (MB)
	327480  -  ResidentSetSize of job (KB)
...
006 (452.816.000) 2022-04-06 07:00:43 Image size of job updated: 896308
	320  -  MemoryUsage of job (MB)
	327612  -  ResidentSetSize of job (KB)
...
006 (452.816.000) 2022-04-06 07:15:44 Image size of job updated: 896308
	321  -  MemoryUsage of job (MB)
	327744  -  ResidentSetSize of job (KB)
...
006 (452.816.000) 2022-04-06 07:25:45 Image size of job updated: 896308
	321  -  MemoryUsage of job (MB)
	327876  -  ResidentSetSize of job (KB)
...
006 (452.816.000) 2022-04-06 07:35:47 Image size of job updated: 896308
	321  -  MemoryUsage of job (MB)
	328008  -  ResidentSetSize of job (KB)
...
006 (452.816.000) 2022-04-06 07:45:47 Image size of job updated: 896308
	321  -  MemoryUsage of job (MB)
	328140  -  ResidentSetSize of job (KB)
...
006 (452.816.000) 2022-04-06 07:55:48 Image size of job updated: 896308
	321  -  MemoryUsage of job (MB)
	328272  -  ResidentSetSize of job (KB)
...
006 (452.816.000) 2022-04-06 08:05:49 Image size of job updated: 896308
	321  -  MemoryUsage of job (MB)
	328404  -  ResidentSetSize of job (KB)
...
006 (452.816.000) 2022-04-06 08:15:50 Image size of job updated: 896308
	321  -  MemoryUsage of job (MB)
	328536  -  ResidentSetSize of job (KB)
...
006 (452.816.000) 2022-04-06 08:25:52 Image size of job updated: 896308
	321  -  MemoryUsage of job (MB)
	328668  -  ResidentSetSize of job (KB)
...
006 (452.816.000) 2022-04-06 08:40:53 Image size of job updated: 896308
	322  -  MemoryUsage of job (MB)
	328800  -  ResidentSetSize of job (KB)
...
006 (452.816.000) 2022-04-06 08:50:53 Image size of job updated: 896308
	322  -  MemoryUsage of job (MB)
	328932  -  ResidentSetSize of job (KB)
...
006 (452.816.000) 2022-04-06 09:05:55 Image size of job updated: 896308
	322  -  MemoryUsage of job (MB)
	329064  -  ResidentSetSize of job (KB)
...
006 (452.816.000) 2022-04-06 09:20:57 Image size of job updated: 896308
	322  -  MemoryUsage of job (MB)
	329196  -  ResidentSetSize of job (KB)
...
005 (452.816.000) 2022-04-06 09:28:56 Job terminated.
	(1) Normal termination (return value 0)
		Usr 0 09:15:57, Sys 0 00:01:34  -  Run Remote Usage
		Usr 0 00:00:00, Sys 0 00:00:00  -  Run Local Usage
		Usr 0 09:15:57, Sys 0 00:01:34  -  Total Remote Usage
		Usr 0 00:00:00, Sys 0 00:00:00  -  Total Local Usage
	0  -  Run Bytes Sent By Job
	0  -  Run Bytes Received By Job
	0  -  Total Bytes Sent By Job
	0  -  Total Bytes Received By Job
	Partitionable Resources :    Usage  Request Allocated 
	   Cpus                 :     1.00        1         1 
	   Disk (KB)            :  7500        7500     10998 
	   Memory (MB)          :   322        1024      1024 

	Job terminated of its own accord at 2022-04-06T07:28:56Z with exit-code 0.
...
