000 (452.186.000) 2022-04-05 09:23:24 Job submitted from host: <10.18.24.243:9618?addrs=10.18.24.243-9618&alias=ecoclusts01.bioclust.biologie.ens.fr&noUDP&sock=schedd_1052_29b8>
...
001 (452.186.000) 2022-04-05 09:23:44 Job executing on host: <10.18.24.31:9618?addrs=10.18.24.31-9618&alias=bioclust31.bioclust.biologie.ens.fr&noUDP&sock=startd_2248324_d5bc>
...
006 (452.186.000) 2022-04-05 09:23:53 Image size of job updated: 233656
	64  -  MemoryUsage of job (MB)
	65328  -  ResidentSetSize of job (KB)
...
006 (452.186.000) 2022-04-05 09:28:53 Image size of job updated: 741880
	317  -  MemoryUsage of job (MB)
	324352  -  ResidentSetSize of job (KB)
...
006 (452.186.000) 2022-04-05 09:33:54 Image size of job updated: 774648
	317  -  MemoryUsage of job (MB)
	324352  -  ResidentSetSize of job (KB)
...
006 (452.186.000) 2022-04-05 09:58:56 Image size of job updated: 774904
	317  -  MemoryUsage of job (MB)
	324440  -  ResidentSetSize of job (KB)
...
006 (452.186.000) 2022-04-05 10:03:56 Image size of job updated: 775160
	317  -  MemoryUsage of job (MB)
	324572  -  ResidentSetSize of job (KB)
...
006 (452.186.000) 2022-04-05 10:08:58 Image size of job updated: 775160
	318  -  MemoryUsage of job (MB)
	324836  -  ResidentSetSize of job (KB)
...
006 (452.186.000) 2022-04-05 10:13:58 Image size of job updated: 775416
	318  -  MemoryUsage of job (MB)
	324968  -  ResidentSetSize of job (KB)
...
006 (452.186.000) 2022-04-05 10:18:58 Image size of job updated: 775416
	318  -  MemoryUsage of job (MB)
	325100  -  ResidentSetSize of job (KB)
...
006 (452.186.000) 2022-04-05 10:23:59 Image size of job updated: 775928
	318  -  MemoryUsage of job (MB)
	325364  -  ResidentSetSize of job (KB)
...
006 (452.186.000) 2022-04-05 10:29:00 Image size of job updated: 776184
	319  -  MemoryUsage of job (MB)
	325760  -  ResidentSetSize of job (KB)
...
006 (452.186.000) 2022-04-05 10:34:00 Image size of job updated: 776440
	319  -  MemoryUsage of job (MB)
	326024  -  ResidentSetSize of job (KB)
...
006 (452.186.000) 2022-04-05 10:39:00 Image size of job updated: 776440
	319  -  MemoryUsage of job (MB)
	326156  -  ResidentSetSize of job (KB)
...
006 (452.186.000) 2022-04-05 10:44:01 Image size of job updated: 776696
	319  -  MemoryUsage of job (MB)
	326288  -  ResidentSetSize of job (KB)
...
006 (452.186.000) 2022-04-05 10:49:02 Image size of job updated: 776952
	319  -  MemoryUsage of job (MB)
	326420  -  ResidentSetSize of job (KB)
...
006 (452.186.000) 2022-04-05 10:54:02 Image size of job updated: 776952
	320  -  MemoryUsage of job (MB)
	326684  -  ResidentSetSize of job (KB)
...
006 (452.186.000) 2022-04-05 11:04:04 Image size of job updated: 777208
	320  -  MemoryUsage of job (MB)
	326684  -  ResidentSetSize of job (KB)
...
006 (452.186.000) 2022-04-05 11:09:04 Image size of job updated: 777464
	320  -  MemoryUsage of job (MB)
	326948  -  ResidentSetSize of job (KB)
...
006 (452.186.000) 2022-04-05 11:14:04 Image size of job updated: 777464
	320  -  MemoryUsage of job (MB)
	327080  -  ResidentSetSize of job (KB)
...
006 (452.186.000) 2022-04-05 11:19:05 Image size of job updated: 777720
	320  -  MemoryUsage of job (MB)
	327344  -  ResidentSetSize of job (KB)
...
006 (452.186.000) 2022-04-05 11:24:06 Image size of job updated: 777976
	320  -  MemoryUsage of job (MB)
	327476  -  ResidentSetSize of job (KB)
...
006 (452.186.000) 2022-04-05 11:29:06 Image size of job updated: 777976
	320  -  MemoryUsage of job (MB)
	327608  -  ResidentSetSize of job (KB)
...
006 (452.186.000) 2022-04-05 11:34:07 Image size of job updated: 778232
	321  -  MemoryUsage of job (MB)
	327740  -  ResidentSetSize of job (KB)
...
006 (452.186.000) 2022-04-05 11:39:08 Image size of job updated: 778232
	321  -  MemoryUsage of job (MB)
	327872  -  ResidentSetSize of job (KB)
...
006 (452.186.000) 2022-04-05 11:44:08 Image size of job updated: 778488
	321  -  MemoryUsage of job (MB)
	328136  -  ResidentSetSize of job (KB)
...
006 (452.186.000) 2022-04-05 11:49:08 Image size of job updated: 778744
	321  -  MemoryUsage of job (MB)
	328268  -  ResidentSetSize of job (KB)
...
006 (452.186.000) 2022-04-05 11:54:09 Image size of job updated: 778744
	321  -  MemoryUsage of job (MB)
	328400  -  ResidentSetSize of job (KB)
...
006 (452.186.000) 2022-04-05 11:59:10 Image size of job updated: 779000
	321  -  MemoryUsage of job (MB)
	328532  -  ResidentSetSize of job (KB)
...
006 (452.186.000) 2022-04-05 12:04:10 Image size of job updated: 779256
	321  -  MemoryUsage of job (MB)
	328664  -  ResidentSetSize of job (KB)
...
006 (452.186.000) 2022-04-05 12:09:10 Image size of job updated: 779256
	322  -  MemoryUsage of job (MB)
	328796  -  ResidentSetSize of job (KB)
...
006 (452.186.000) 2022-04-05 12:14:11 Image size of job updated: 779512
	322  -  MemoryUsage of job (MB)
	329060  -  ResidentSetSize of job (KB)
...
006 (452.186.000) 2022-04-05 12:19:11 Image size of job updated: 779512
	322  -  MemoryUsage of job (MB)
	329192  -  ResidentSetSize of job (KB)
...
006 (452.186.000) 2022-04-05 12:23:59 Image size of job updated: 779768
	322  -  MemoryUsage of job (MB)
	329192  -  ResidentSetSize of job (KB)
...
005 (452.186.000) 2022-04-05 12:23:59 Job terminated.
	(1) Normal termination (return value 0)
		Usr 0 02:58:28, Sys 0 00:00:23  -  Run Remote Usage
		Usr 0 00:00:00, Sys 0 00:00:00  -  Run Local Usage
		Usr 0 02:58:28, Sys 0 00:00:23  -  Total Remote Usage
		Usr 0 00:00:00, Sys 0 00:00:00  -  Total Local Usage
	0  -  Run Bytes Sent By Job
	0  -  Run Bytes Received By Job
	0  -  Total Bytes Sent By Job
	0  -  Total Bytes Received By Job
	Partitionable Resources :    Usage  Request Allocated 
	   Cpus                 :     1.00        1         1 
	   Disk (KB)            :  7500        7500      9276 
	   Memory (MB)          :   322        1024      1024 

	Job terminated of its own accord at 2022-04-05T10:23:59Z with exit-code 0.
...
