000 (452.737.000) 2022-04-05 09:23:27 Job submitted from host: <10.18.24.243:9618?addrs=10.18.24.243-9618&alias=ecoclusts01.bioclust.biologie.ens.fr&noUDP&sock=schedd_1052_29b8>
...
001 (452.737.000) 2022-04-05 22:21:48 Job executing on host: <10.18.24.10:9618?addrs=10.18.24.10-9618&alias=bioclust10.bioclust.biologie.ens.fr&noUDP&sock=startd_1166_5b84>
...
006 (452.737.000) 2022-04-05 22:21:57 Image size of job updated: 38208
	38  -  MemoryUsage of job (MB)
	38208  -  ResidentSetSize of job (KB)
...
006 (452.737.000) 2022-04-05 22:26:58 Image size of job updated: 741624
	317  -  MemoryUsage of job (MB)
	324108  -  ResidentSetSize of job (KB)
...
006 (452.737.000) 2022-04-05 22:36:58 Image size of job updated: 741624
	317  -  MemoryUsage of job (MB)
	324132  -  ResidentSetSize of job (KB)
...
006 (452.737.000) 2022-04-05 22:41:59 Image size of job updated: 774392
	317  -  MemoryUsage of job (MB)
	324132  -  ResidentSetSize of job (KB)
...
006 (452.737.000) 2022-04-06 00:42:12 Image size of job updated: 774648
	317  -  MemoryUsage of job (MB)
	324132  -  ResidentSetSize of job (KB)
...
006 (452.737.000) 2022-04-06 00:47:12 Image size of job updated: 774648
	317  -  MemoryUsage of job (MB)
	324264  -  ResidentSetSize of job (KB)
...
006 (452.737.000) 2022-04-06 00:57:13 Image size of job updated: 774904
	317  -  MemoryUsage of job (MB)
	324396  -  ResidentSetSize of job (KB)
...
006 (452.737.000) 2022-04-06 01:07:13 Image size of job updated: 774904
	317  -  MemoryUsage of job (MB)
	324528  -  ResidentSetSize of job (KB)
...
006 (452.737.000) 2022-04-06 01:17:15 Image size of job updated: 775160
	318  -  MemoryUsage of job (MB)
	324660  -  ResidentSetSize of job (KB)
...
006 (452.737.000) 2022-04-06 01:32:17 Image size of job updated: 775160
	318  -  MemoryUsage of job (MB)
	324792  -  ResidentSetSize of job (KB)
...
006 (452.737.000) 2022-04-06 01:42:18 Image size of job updated: 775416
	318  -  MemoryUsage of job (MB)
	324924  -  ResidentSetSize of job (KB)
...
006 (452.737.000) 2022-04-06 01:52:19 Image size of job updated: 775416
	318  -  MemoryUsage of job (MB)
	325056  -  ResidentSetSize of job (KB)
...
006 (452.737.000) 2022-04-06 02:02:20 Image size of job updated: 775672
	318  -  MemoryUsage of job (MB)
	325188  -  ResidentSetSize of job (KB)
...
006 (452.737.000) 2022-04-06 02:12:20 Image size of job updated: 775672
	318  -  MemoryUsage of job (MB)
	325320  -  ResidentSetSize of job (KB)
...
006 (452.737.000) 2022-04-06 02:22:21 Image size of job updated: 775928
	318  -  MemoryUsage of job (MB)
	325320  -  ResidentSetSize of job (KB)
...
006 (452.737.000) 2022-04-06 02:27:21 Image size of job updated: 775928
	318  -  MemoryUsage of job (MB)
	325452  -  ResidentSetSize of job (KB)
...
006 (452.737.000) 2022-04-06 02:37:22 Image size of job updated: 775928
	318  -  MemoryUsage of job (MB)
	325584  -  ResidentSetSize of job (KB)
...
006 (452.737.000) 2022-04-06 02:47:23 Image size of job updated: 776184
	319  -  MemoryUsage of job (MB)
	325716  -  ResidentSetSize of job (KB)
...
006 (452.737.000) 2022-04-06 03:02:24 Image size of job updated: 776184
	319  -  MemoryUsage of job (MB)
	325848  -  ResidentSetSize of job (KB)
...
006 (452.737.000) 2022-04-06 03:12:25 Image size of job updated: 776440
	319  -  MemoryUsage of job (MB)
	325980  -  ResidentSetSize of job (KB)
...
006 (452.737.000) 2022-04-06 03:27:27 Image size of job updated: 776440
	319  -  MemoryUsage of job (MB)
	326112  -  ResidentSetSize of job (KB)
...
006 (452.737.000) 2022-04-06 03:32:27 Image size of job updated: 776696
	319  -  MemoryUsage of job (MB)
	326112  -  ResidentSetSize of job (KB)
...
006 (452.737.000) 2022-04-06 03:37:28 Image size of job updated: 776696
	319  -  MemoryUsage of job (MB)
	326244  -  ResidentSetSize of job (KB)
...
006 (452.737.000) 2022-04-06 03:47:28 Image size of job updated: 776696
	319  -  MemoryUsage of job (MB)
	326376  -  ResidentSetSize of job (KB)
...
006 (452.737.000) 2022-04-06 03:57:30 Image size of job updated: 776952
	319  -  MemoryUsage of job (MB)
	326376  -  ResidentSetSize of job (KB)
...
006 (452.737.000) 2022-04-06 04:07:31 Image size of job updated: 776952
	319  -  MemoryUsage of job (MB)
	326508  -  ResidentSetSize of job (KB)
...
006 (452.737.000) 2022-04-06 04:12:32 Image size of job updated: 776952
	319  -  MemoryUsage of job (MB)
	326640  -  ResidentSetSize of job (KB)
...
006 (452.737.000) 2022-04-06 04:52:36 Image size of job updated: 777208
	320  -  MemoryUsage of job (MB)
	326720  -  ResidentSetSize of job (KB)
...
006 (452.737.000) 2022-04-06 05:02:37 Image size of job updated: 777208
	320  -  MemoryUsage of job (MB)
	326852  -  ResidentSetSize of job (KB)
...
006 (452.737.000) 2022-04-06 05:17:39 Image size of job updated: 777464
	320  -  MemoryUsage of job (MB)
	326984  -  ResidentSetSize of job (KB)
...
006 (452.737.000) 2022-04-06 05:32:41 Image size of job updated: 777464
	320  -  MemoryUsage of job (MB)
	327116  -  ResidentSetSize of job (KB)
...
006 (452.737.000) 2022-04-06 05:42:42 Image size of job updated: 777720
	320  -  MemoryUsage of job (MB)
	327248  -  ResidentSetSize of job (KB)
...
006 (452.737.000) 2022-04-06 05:57:43 Image size of job updated: 777720
	320  -  MemoryUsage of job (MB)
	327380  -  ResidentSetSize of job (KB)
...
006 (452.737.000) 2022-04-06 06:07:45 Image size of job updated: 777976
	320  -  MemoryUsage of job (MB)
	327512  -  ResidentSetSize of job (KB)
...
006 (452.737.000) 2022-04-06 06:22:47 Image size of job updated: 777976
	320  -  MemoryUsage of job (MB)
	327644  -  ResidentSetSize of job (KB)
...
006 (452.737.000) 2022-04-06 06:32:48 Image size of job updated: 778232
	320  -  MemoryUsage of job (MB)
	327644  -  ResidentSetSize of job (KB)
...
006 (452.737.000) 2022-04-06 06:37:49 Image size of job updated: 778232
	321  -  MemoryUsage of job (MB)
	327776  -  ResidentSetSize of job (KB)
...
006 (452.737.000) 2022-04-06 06:47:50 Image size of job updated: 778232
	321  -  MemoryUsage of job (MB)
	327908  -  ResidentSetSize of job (KB)
...
006 (452.737.000) 2022-04-06 06:52:51 Image size of job updated: 778488
	321  -  MemoryUsage of job (MB)
	327908  -  ResidentSetSize of job (KB)
...
006 (452.737.000) 2022-04-06 06:57:51 Image size of job updated: 778488
	321  -  MemoryUsage of job (MB)
	328040  -  ResidentSetSize of job (KB)
...
006 (452.737.000) 2022-04-06 07:02:52 Image size of job updated: 778488
	321  -  MemoryUsage of job (MB)
	328172  -  ResidentSetSize of job (KB)
...
006 (452.737.000) 2022-04-06 07:12:53 Image size of job updated: 778744
	321  -  MemoryUsage of job (MB)
	328172  -  ResidentSetSize of job (KB)
...
006 (452.737.000) 2022-04-06 07:17:53 Image size of job updated: 778744
	321  -  MemoryUsage of job (MB)
	328304  -  ResidentSetSize of job (KB)
...
006 (452.737.000) 2022-04-06 07:27:54 Image size of job updated: 778744
	321  -  MemoryUsage of job (MB)
	328436  -  ResidentSetSize of job (KB)
...
006 (452.737.000) 2022-04-06 07:32:54 Image size of job updated: 779000
	321  -  MemoryUsage of job (MB)
	328568  -  ResidentSetSize of job (KB)
...
006 (452.737.000) 2022-04-06 07:42:55 Image size of job updated: 779000
	321  -  MemoryUsage of job (MB)
	328700  -  ResidentSetSize of job (KB)
...
006 (452.737.000) 2022-04-06 07:47:55 Image size of job updated: 779256
	321  -  MemoryUsage of job (MB)
	328700  -  ResidentSetSize of job (KB)
...
006 (452.737.000) 2022-04-06 07:52:56 Image size of job updated: 779256
	322  -  MemoryUsage of job (MB)
	328832  -  ResidentSetSize of job (KB)
...
006 (452.737.000) 2022-04-06 08:02:57 Image size of job updated: 779512
	322  -  MemoryUsage of job (MB)
	328964  -  ResidentSetSize of job (KB)
...
006 (452.737.000) 2022-04-06 08:07:58 Image size of job updated: 779512
	322  -  MemoryUsage of job (MB)
	329096  -  ResidentSetSize of job (KB)
...
006 (452.737.000) 2022-04-06 08:22:59 Image size of job updated: 779512
	322  -  MemoryUsage of job (MB)
	329228  -  ResidentSetSize of job (KB)
...
006 (452.737.000) 2022-04-06 08:27:51 Image size of job updated: 779768
	322  -  MemoryUsage of job (MB)
	329228  -  ResidentSetSize of job (KB)
...
005 (452.737.000) 2022-04-06 08:27:51 Job terminated.
	(1) Normal termination (return value 0)
		Usr 0 09:49:22, Sys 0 00:01:05  -  Run Remote Usage
		Usr 0 00:00:00, Sys 0 00:00:00  -  Run Local Usage
		Usr 0 09:49:22, Sys 0 00:01:05  -  Total Remote Usage
		Usr 0 00:00:00, Sys 0 00:00:00  -  Total Local Usage
	0  -  Run Bytes Sent By Job
	0  -  Run Bytes Received By Job
	0  -  Total Bytes Sent By Job
	0  -  Total Bytes Received By Job
	Partitionable Resources :    Usage  Request Allocated 
	   Cpus                 :     1.00        1         1 
	   Disk (KB)            :  7500        7500     10998 
	   Memory (MB)          :   322        1024      1024 

	Job terminated of its own accord at 2022-04-06T06:27:51Z with exit-code 0.
...
