000 (452.949.000) 2022-04-05 09:23:27 Job submitted from host: <10.18.24.243:9618?addrs=10.18.24.243-9618&alias=ecoclusts01.bioclust.biologie.ens.fr&noUDP&sock=schedd_1052_29b8>
...
001 (452.949.000) 2022-04-06 02:49:57 Job executing on host: <10.18.24.136:9618?addrs=10.18.24.136-9618&alias=dyoclust09.bioclust.biologie.ens.fr&noUDP&sock=startd_808_cc9c>
...
006 (452.949.000) 2022-04-06 02:50:06 Image size of job updated: 541624
	132  -  MemoryUsage of job (MB)
	134324  -  ResidentSetSize of job (KB)
...
006 (452.949.000) 2022-04-06 02:55:06 Image size of job updated: 741624
	317  -  MemoryUsage of job (MB)
	324108  -  ResidentSetSize of job (KB)
...
006 (452.949.000) 2022-04-06 03:00:06 Image size of job updated: 774392
	317  -  MemoryUsage of job (MB)
	324108  -  ResidentSetSize of job (KB)
...
006 (452.949.000) 2022-04-06 03:40:10 Image size of job updated: 774648
	317  -  MemoryUsage of job (MB)
	324240  -  ResidentSetSize of job (KB)
...
006 (452.949.000) 2022-04-06 03:45:10 Image size of job updated: 774904
	317  -  MemoryUsage of job (MB)
	324504  -  ResidentSetSize of job (KB)
...
006 (452.949.000) 2022-04-06 03:50:10 Image size of job updated: 775160
	318  -  MemoryUsage of job (MB)
	324636  -  ResidentSetSize of job (KB)
...
006 (452.949.000) 2022-04-06 03:55:11 Image size of job updated: 775160
	318  -  MemoryUsage of job (MB)
	324768  -  ResidentSetSize of job (KB)
...
006 (452.949.000) 2022-04-06 04:00:12 Image size of job updated: 775416
	318  -  MemoryUsage of job (MB)
	325032  -  ResidentSetSize of job (KB)
...
006 (452.949.000) 2022-04-06 04:05:12 Image size of job updated: 775672
	318  -  MemoryUsage of job (MB)
	325164  -  ResidentSetSize of job (KB)
...
006 (452.949.000) 2022-04-06 04:10:12 Image size of job updated: 775672
	318  -  MemoryUsage of job (MB)
	325428  -  ResidentSetSize of job (KB)
...
006 (452.949.000) 2022-04-06 04:15:13 Image size of job updated: 775928
	318  -  MemoryUsage of job (MB)
	325560  -  ResidentSetSize of job (KB)
...
006 (452.949.000) 2022-04-06 04:20:13 Image size of job updated: 776184
	319  -  MemoryUsage of job (MB)
	325824  -  ResidentSetSize of job (KB)
...
006 (452.949.000) 2022-04-06 04:25:13 Image size of job updated: 776440
	319  -  MemoryUsage of job (MB)
	325956  -  ResidentSetSize of job (KB)
...
006 (452.949.000) 2022-04-06 04:30:14 Image size of job updated: 776696
	319  -  MemoryUsage of job (MB)
	326220  -  ResidentSetSize of job (KB)
...
006 (452.949.000) 2022-04-06 04:35:15 Image size of job updated: 776952
	319  -  MemoryUsage of job (MB)
	326484  -  ResidentSetSize of job (KB)
...
006 (452.949.000) 2022-04-06 04:40:15 Image size of job updated: 776952
	319  -  MemoryUsage of job (MB)
	326616  -  ResidentSetSize of job (KB)
...
006 (452.949.000) 2022-04-06 04:55:17 Image size of job updated: 777208
	320  -  MemoryUsage of job (MB)
	326876  -  ResidentSetSize of job (KB)
...
006 (452.949.000) 2022-04-06 05:00:17 Image size of job updated: 777464
	320  -  MemoryUsage of job (MB)
	327008  -  ResidentSetSize of job (KB)
...
006 (452.949.000) 2022-04-06 05:05:18 Image size of job updated: 777464
	320  -  MemoryUsage of job (MB)
	327272  -  ResidentSetSize of job (KB)
...
006 (452.949.000) 2022-04-06 05:10:19 Image size of job updated: 777720
	320  -  MemoryUsage of job (MB)
	327404  -  ResidentSetSize of job (KB)
...
006 (452.949.000) 2022-04-06 05:15:19 Image size of job updated: 777976
	320  -  MemoryUsage of job (MB)
	327536  -  ResidentSetSize of job (KB)
...
006 (452.949.000) 2022-04-06 05:20:19 Image size of job updated: 778232
	320  -  MemoryUsage of job (MB)
	327668  -  ResidentSetSize of job (KB)
...
006 (452.949.000) 2022-04-06 05:25:20 Image size of job updated: 778232
	321  -  MemoryUsage of job (MB)
	327932  -  ResidentSetSize of job (KB)
...
006 (452.949.000) 2022-04-06 05:30:21 Image size of job updated: 778488
	321  -  MemoryUsage of job (MB)
	328064  -  ResidentSetSize of job (KB)
...
006 (452.949.000) 2022-04-06 05:35:21 Image size of job updated: 778744
	321  -  MemoryUsage of job (MB)
	328328  -  ResidentSetSize of job (KB)
...
006 (452.949.000) 2022-04-06 05:40:22 Image size of job updated: 778744
	321  -  MemoryUsage of job (MB)
	328460  -  ResidentSetSize of job (KB)
...
006 (452.949.000) 2022-04-06 05:45:23 Image size of job updated: 779000
	321  -  MemoryUsage of job (MB)
	328592  -  ResidentSetSize of job (KB)
...
006 (452.949.000) 2022-04-06 05:50:23 Image size of job updated: 779256
	322  -  MemoryUsage of job (MB)
	328856  -  ResidentSetSize of job (KB)
...
006 (452.949.000) 2022-04-06 05:55:23 Image size of job updated: 779512
	322  -  MemoryUsage of job (MB)
	328988  -  ResidentSetSize of job (KB)
...
006 (452.949.000) 2022-04-06 06:00:24 Image size of job updated: 779512
	322  -  MemoryUsage of job (MB)
	329252  -  ResidentSetSize of job (KB)
...
006 (452.949.000) 2022-04-06 06:02:53 Image size of job updated: 779768
	322  -  MemoryUsage of job (MB)
	329252  -  ResidentSetSize of job (KB)
...
005 (452.949.000) 2022-04-06 06:02:53 Job terminated.
	(1) Normal termination (return value 0)
		Usr 0 03:11:57, Sys 0 00:00:24  -  Run Remote Usage
		Usr 0 00:00:00, Sys 0 00:00:00  -  Run Local Usage
		Usr 0 03:11:57, Sys 0 00:00:24  -  Total Remote Usage
		Usr 0 00:00:00, Sys 0 00:00:00  -  Total Local Usage
	0  -  Run Bytes Sent By Job
	0  -  Run Bytes Received By Job
	0  -  Total Bytes Sent By Job
	0  -  Total Bytes Received By Job
	Partitionable Resources :    Usage  Request Allocated 
	   Cpus                 :     1.00        1         1 
	   Disk (KB)            :  7500        7500     10998 
	   Memory (MB)          :   322        1024      1024 

	Job terminated of its own accord at 2022-04-06T04:02:53Z with exit-code 0.
...
