000 (452.907.000) 2022-04-05 09:23:27 Job submitted from host: <10.18.24.243:9618?addrs=10.18.24.243-9618&alias=ecoclusts01.bioclust.biologie.ens.fr&noUDP&sock=schedd_1052_29b8>
...
001 (452.907.000) 2022-04-06 02:04:57 Job executing on host: <10.18.24.141:9618?addrs=10.18.24.141-9618&alias=dyoclust14.bioclust.biologie.ens.fr&noUDP&sock=startd_801_ff73>
...
006 (452.907.000) 2022-04-06 02:05:06 Image size of job updated: 217548
	213  -  MemoryUsage of job (MB)
	217548  -  ResidentSetSize of job (KB)
...
006 (452.907.000) 2022-04-06 02:10:07 Image size of job updated: 851764
	317  -  MemoryUsage of job (MB)
	324296  -  ResidentSetSize of job (KB)
...
006 (452.907.000) 2022-04-06 02:55:10 Image size of job updated: 851764
	317  -  MemoryUsage of job (MB)
	324428  -  ResidentSetSize of job (KB)
...
006 (452.907.000) 2022-04-06 03:00:12 Image size of job updated: 851764
	318  -  MemoryUsage of job (MB)
	324692  -  ResidentSetSize of job (KB)
...
006 (452.907.000) 2022-04-06 03:05:12 Image size of job updated: 851764
	318  -  MemoryUsage of job (MB)
	324824  -  ResidentSetSize of job (KB)
...
006 (452.907.000) 2022-04-06 03:10:12 Image size of job updated: 851764
	318  -  MemoryUsage of job (MB)
	325088  -  ResidentSetSize of job (KB)
...
006 (452.907.000) 2022-04-06 03:15:13 Image size of job updated: 851764
	318  -  MemoryUsage of job (MB)
	325220  -  ResidentSetSize of job (KB)
...
006 (452.907.000) 2022-04-06 03:20:14 Image size of job updated: 851764
	318  -  MemoryUsage of job (MB)
	325484  -  ResidentSetSize of job (KB)
...
006 (452.907.000) 2022-04-06 03:25:14 Image size of job updated: 851764
	318  -  MemoryUsage of job (MB)
	325616  -  ResidentSetSize of job (KB)
...
006 (452.907.000) 2022-04-06 03:30:14 Image size of job updated: 851764
	319  -  MemoryUsage of job (MB)
	325880  -  ResidentSetSize of job (KB)
...
006 (452.907.000) 2022-04-06 03:35:16 Image size of job updated: 851764
	319  -  MemoryUsage of job (MB)
	326144  -  ResidentSetSize of job (KB)
...
006 (452.907.000) 2022-04-06 03:40:16 Image size of job updated: 851764
	319  -  MemoryUsage of job (MB)
	326408  -  ResidentSetSize of job (KB)
...
006 (452.907.000) 2022-04-06 03:45:16 Image size of job updated: 851764
	319  -  MemoryUsage of job (MB)
	326540  -  ResidentSetSize of job (KB)
...
006 (452.907.000) 2022-04-06 03:55:18 Image size of job updated: 851764
	320  -  MemoryUsage of job (MB)
	326672  -  ResidentSetSize of job (KB)
...
006 (452.907.000) 2022-04-06 04:00:18 Image size of job updated: 851764
	320  -  MemoryUsage of job (MB)
	326804  -  ResidentSetSize of job (KB)
...
006 (452.907.000) 2022-04-06 04:05:18 Image size of job updated: 851764
	320  -  MemoryUsage of job (MB)
	327068  -  ResidentSetSize of job (KB)
...
006 (452.907.000) 2022-04-06 04:10:19 Image size of job updated: 851764
	320  -  MemoryUsage of job (MB)
	327332  -  ResidentSetSize of job (KB)
...
006 (452.907.000) 2022-04-06 04:15:20 Image size of job updated: 851764
	320  -  MemoryUsage of job (MB)
	327464  -  ResidentSetSize of job (KB)
...
006 (452.907.000) 2022-04-06 04:20:20 Image size of job updated: 851764
	321  -  MemoryUsage of job (MB)
	327728  -  ResidentSetSize of job (KB)
...
006 (452.907.000) 2022-04-06 04:25:21 Image size of job updated: 851764
	321  -  MemoryUsage of job (MB)
	327860  -  ResidentSetSize of job (KB)
...
006 (452.907.000) 2022-04-06 04:30:22 Image size of job updated: 851764
	321  -  MemoryUsage of job (MB)
	328124  -  ResidentSetSize of job (KB)
...
006 (452.907.000) 2022-04-06 04:35:22 Image size of job updated: 851764
	321  -  MemoryUsage of job (MB)
	328256  -  ResidentSetSize of job (KB)
...
006 (452.907.000) 2022-04-06 04:40:22 Image size of job updated: 851764
	321  -  MemoryUsage of job (MB)
	328520  -  ResidentSetSize of job (KB)
...
006 (452.907.000) 2022-04-06 04:45:24 Image size of job updated: 851764
	321  -  MemoryUsage of job (MB)
	328652  -  ResidentSetSize of job (KB)
...
006 (452.907.000) 2022-04-06 04:50:24 Image size of job updated: 851764
	322  -  MemoryUsage of job (MB)
	328916  -  ResidentSetSize of job (KB)
...
006 (452.907.000) 2022-04-06 04:55:24 Image size of job updated: 851764
	322  -  MemoryUsage of job (MB)
	329048  -  ResidentSetSize of job (KB)
...
005 (452.907.000) 2022-04-06 05:00:01 Job terminated.
	(1) Normal termination (return value 0)
		Usr 0 02:53:21, Sys 0 00:00:26  -  Run Remote Usage
		Usr 0 00:00:00, Sys 0 00:00:00  -  Run Local Usage
		Usr 0 02:53:21, Sys 0 00:00:26  -  Total Remote Usage
		Usr 0 00:00:00, Sys 0 00:00:00  -  Total Local Usage
	0  -  Run Bytes Sent By Job
	0  -  Run Bytes Received By Job
	0  -  Total Bytes Sent By Job
	0  -  Total Bytes Received By Job
	Partitionable Resources :    Usage  Request Allocated 
	   Cpus                 :     1.00        1         1 
	   Disk (KB)            :  7500        7500     10998 
	   Memory (MB)          :   322        1024      1024 

	Job terminated of its own accord at 2022-04-06T03:00:01Z with exit-code 0.
...
