000 (452.365.000) 2022-04-05 09:23:25 Job submitted from host: <10.18.24.243:9618?addrs=10.18.24.243-9618&alias=ecoclusts01.bioclust.biologie.ens.fr&noUDP&sock=schedd_1052_29b8>
...
001 (452.365.000) 2022-04-05 13:04:01 Job executing on host: <10.18.24.9:9618?addrs=10.18.24.9-9618&alias=bioclust09.bioclust.biologie.ens.fr&noUDP&sock=startd_4128219_7123>
...
006 (452.365.000) 2022-04-05 13:04:10 Image size of job updated: 233400
	64  -  MemoryUsage of job (MB)
	65300  -  ResidentSetSize of job (KB)
...
006 (452.365.000) 2022-04-05 13:09:11 Image size of job updated: 741876
	317  -  MemoryUsage of job (MB)
	324292  -  ResidentSetSize of job (KB)
...
006 (452.365.000) 2022-04-05 13:19:12 Image size of job updated: 741876
	317  -  MemoryUsage of job (MB)
	324380  -  ResidentSetSize of job (KB)
...
006 (452.365.000) 2022-04-05 13:24:13 Image size of job updated: 792504
	317  -  MemoryUsage of job (MB)
	324380  -  ResidentSetSize of job (KB)
...
006 (452.365.000) 2022-04-05 15:04:24 Image size of job updated: 792504
	317  -  MemoryUsage of job (MB)
	324512  -  ResidentSetSize of job (KB)
...
006 (452.365.000) 2022-04-05 15:14:24 Image size of job updated: 792504
	318  -  MemoryUsage of job (MB)
	324644  -  ResidentSetSize of job (KB)
...
006 (452.365.000) 2022-04-05 15:24:25 Image size of job updated: 792504
	318  -  MemoryUsage of job (MB)
	324776  -  ResidentSetSize of job (KB)
...
006 (452.365.000) 2022-04-05 15:34:27 Image size of job updated: 792504
	318  -  MemoryUsage of job (MB)
	324908  -  ResidentSetSize of job (KB)
...
006 (452.365.000) 2022-04-05 15:44:27 Image size of job updated: 792504
	318  -  MemoryUsage of job (MB)
	325040  -  ResidentSetSize of job (KB)
...
006 (452.365.000) 2022-04-05 15:49:28 Image size of job updated: 792504
	318  -  MemoryUsage of job (MB)
	325172  -  ResidentSetSize of job (KB)
...
006 (452.365.000) 2022-04-05 15:54:29 Image size of job updated: 792504
	318  -  MemoryUsage of job (MB)
	325304  -  ResidentSetSize of job (KB)
...
006 (452.365.000) 2022-04-05 16:04:30 Image size of job updated: 792504
	318  -  MemoryUsage of job (MB)
	325436  -  ResidentSetSize of job (KB)
...
006 (452.365.000) 2022-04-05 16:14:31 Image size of job updated: 792504
	318  -  MemoryUsage of job (MB)
	325568  -  ResidentSetSize of job (KB)
...
006 (452.365.000) 2022-04-05 16:19:31 Image size of job updated: 792504
	319  -  MemoryUsage of job (MB)
	325700  -  ResidentSetSize of job (KB)
...
006 (452.365.000) 2022-04-05 16:29:32 Image size of job updated: 792504
	319  -  MemoryUsage of job (MB)
	325832  -  ResidentSetSize of job (KB)
...
006 (452.365.000) 2022-04-05 16:34:32 Image size of job updated: 792504
	319  -  MemoryUsage of job (MB)
	325964  -  ResidentSetSize of job (KB)
...
006 (452.365.000) 2022-04-05 16:44:33 Image size of job updated: 792504
	319  -  MemoryUsage of job (MB)
	326096  -  ResidentSetSize of job (KB)
...
006 (452.365.000) 2022-04-05 16:54:35 Image size of job updated: 792504
	319  -  MemoryUsage of job (MB)
	326228  -  ResidentSetSize of job (KB)
...
006 (452.365.000) 2022-04-05 16:59:35 Image size of job updated: 792504
	319  -  MemoryUsage of job (MB)
	326360  -  ResidentSetSize of job (KB)
...
006 (452.365.000) 2022-04-05 17:09:37 Image size of job updated: 792504
	319  -  MemoryUsage of job (MB)
	326492  -  ResidentSetSize of job (KB)
...
006 (452.365.000) 2022-04-05 17:14:37 Image size of job updated: 792504
	319  -  MemoryUsage of job (MB)
	326624  -  ResidentSetSize of job (KB)
...
006 (452.365.000) 2022-04-05 17:39:40 Image size of job updated: 792504
	320  -  MemoryUsage of job (MB)
	326744  -  ResidentSetSize of job (KB)
...
006 (452.365.000) 2022-04-05 17:44:40 Image size of job updated: 792504
	320  -  MemoryUsage of job (MB)
	326876  -  ResidentSetSize of job (KB)
...
006 (452.365.000) 2022-04-05 17:54:41 Image size of job updated: 792504
	320  -  MemoryUsage of job (MB)
	327008  -  ResidentSetSize of job (KB)
...
006 (452.365.000) 2022-04-05 17:59:41 Image size of job updated: 792504
	320  -  MemoryUsage of job (MB)
	327140  -  ResidentSetSize of job (KB)
...
006 (452.365.000) 2022-04-05 18:09:42 Image size of job updated: 792504
	320  -  MemoryUsage of job (MB)
	327272  -  ResidentSetSize of job (KB)
...
006 (452.365.000) 2022-04-05 18:19:42 Image size of job updated: 792504
	320  -  MemoryUsage of job (MB)
	327404  -  ResidentSetSize of job (KB)
...
006 (452.365.000) 2022-04-05 18:24:43 Image size of job updated: 792504
	320  -  MemoryUsage of job (MB)
	327536  -  ResidentSetSize of job (KB)
...
006 (452.365.000) 2022-04-05 18:34:44 Image size of job updated: 792504
	320  -  MemoryUsage of job (MB)
	327668  -  ResidentSetSize of job (KB)
...
006 (452.365.000) 2022-04-05 18:44:46 Image size of job updated: 792504
	321  -  MemoryUsage of job (MB)
	327800  -  ResidentSetSize of job (KB)
...
006 (452.365.000) 2022-04-05 18:59:48 Image size of job updated: 792504
	321  -  MemoryUsage of job (MB)
	327932  -  ResidentSetSize of job (KB)
...
006 (452.365.000) 2022-04-05 19:14:50 Image size of job updated: 792504
	321  -  MemoryUsage of job (MB)
	328064  -  ResidentSetSize of job (KB)
...
006 (452.365.000) 2022-04-05 19:24:51 Image size of job updated: 792504
	321  -  MemoryUsage of job (MB)
	328196  -  ResidentSetSize of job (KB)
...
006 (452.365.000) 2022-04-05 19:34:52 Image size of job updated: 792504
	321  -  MemoryUsage of job (MB)
	328328  -  ResidentSetSize of job (KB)
...
006 (452.365.000) 2022-04-05 19:44:53 Image size of job updated: 792504
	321  -  MemoryUsage of job (MB)
	328460  -  ResidentSetSize of job (KB)
...
006 (452.365.000) 2022-04-05 19:49:53 Image size of job updated: 792504
	321  -  MemoryUsage of job (MB)
	328592  -  ResidentSetSize of job (KB)
...
006 (452.365.000) 2022-04-05 19:59:54 Image size of job updated: 792504
	322  -  MemoryUsage of job (MB)
	328724  -  ResidentSetSize of job (KB)
...
006 (452.365.000) 2022-04-05 20:04:54 Image size of job updated: 792504
	322  -  MemoryUsage of job (MB)
	328856  -  ResidentSetSize of job (KB)
...
006 (452.365.000) 2022-04-05 20:14:55 Image size of job updated: 792504
	322  -  MemoryUsage of job (MB)
	328988  -  ResidentSetSize of job (KB)
...
006 (452.365.000) 2022-04-05 20:19:55 Image size of job updated: 792504
	322  -  MemoryUsage of job (MB)
	329120  -  ResidentSetSize of job (KB)
...
006 (452.365.000) 2022-04-05 20:24:55 Image size of job updated: 792504
	322  -  MemoryUsage of job (MB)
	329252  -  ResidentSetSize of job (KB)
...
005 (452.365.000) 2022-04-05 20:29:19 Job terminated.
	(1) Normal termination (return value 0)
		Usr 0 07:21:24, Sys 0 00:01:05  -  Run Remote Usage
		Usr 0 00:00:00, Sys 0 00:00:00  -  Run Local Usage
		Usr 0 07:21:24, Sys 0 00:01:05  -  Total Remote Usage
		Usr 0 00:00:00, Sys 0 00:00:00  -  Total Local Usage
	0  -  Run Bytes Sent By Job
	0  -  Run Bytes Received By Job
	0  -  Total Bytes Sent By Job
	0  -  Total Bytes Received By Job
	Partitionable Resources :    Usage  Request Allocated 
	   Cpus                 :     1.00        1         1 
	   Disk (KB)            :  7500        7500     10469 
	   Memory (MB)          :   322        1024      1024 

	Job terminated of its own accord at 2022-04-05T18:29:19Z with exit-code 0.
...
