000 (452.347.000) 2022-04-05 09:23:25 Job submitted from host: <10.18.24.243:9618?addrs=10.18.24.243-9618&alias=ecoclusts01.bioclust.biologie.ens.fr&noUDP&sock=schedd_1052_29b8>
...
001 (452.347.000) 2022-04-05 12:58:01 Job executing on host: <10.18.24.8:9618?addrs=10.18.24.8-9618&alias=bioclust08.bioclust.biologie.ens.fr&noUDP&sock=startd_1108_9306>
...
006 (452.347.000) 2022-04-05 12:58:09 Image size of job updated: 189828
	70  -  MemoryUsage of job (MB)
	71364  -  ResidentSetSize of job (KB)
...
006 (452.347.000) 2022-04-05 13:03:09 Image size of job updated: 741880
	317  -  MemoryUsage of job (MB)
	324396  -  ResidentSetSize of job (KB)
...
006 (452.347.000) 2022-04-05 13:13:11 Image size of job updated: 792508
	317  -  MemoryUsage of job (MB)
	324396  -  ResidentSetSize of job (KB)
...
006 (452.347.000) 2022-04-05 14:48:21 Image size of job updated: 792508
	317  -  MemoryUsage of job (MB)
	324528  -  ResidentSetSize of job (KB)
...
006 (452.347.000) 2022-04-05 14:58:22 Image size of job updated: 792508
	318  -  MemoryUsage of job (MB)
	324660  -  ResidentSetSize of job (KB)
...
006 (452.347.000) 2022-04-05 15:03:22 Image size of job updated: 792508
	318  -  MemoryUsage of job (MB)
	324792  -  ResidentSetSize of job (KB)
...
006 (452.347.000) 2022-04-05 15:13:23 Image size of job updated: 792508
	318  -  MemoryUsage of job (MB)
	324924  -  ResidentSetSize of job (KB)
...
006 (452.347.000) 2022-04-05 15:18:24 Image size of job updated: 792508
	318  -  MemoryUsage of job (MB)
	325056  -  ResidentSetSize of job (KB)
...
006 (452.347.000) 2022-04-05 15:28:24 Image size of job updated: 792508
	318  -  MemoryUsage of job (MB)
	325188  -  ResidentSetSize of job (KB)
...
006 (452.347.000) 2022-04-05 15:33:26 Image size of job updated: 792508
	318  -  MemoryUsage of job (MB)
	325320  -  ResidentSetSize of job (KB)
...
006 (452.347.000) 2022-04-05 15:43:26 Image size of job updated: 792508
	318  -  MemoryUsage of job (MB)
	325452  -  ResidentSetSize of job (KB)
...
006 (452.347.000) 2022-04-05 15:48:27 Image size of job updated: 792508
	318  -  MemoryUsage of job (MB)
	325584  -  ResidentSetSize of job (KB)
...
006 (452.347.000) 2022-04-05 15:53:28 Image size of job updated: 792508
	319  -  MemoryUsage of job (MB)
	325716  -  ResidentSetSize of job (KB)
...
006 (452.347.000) 2022-04-05 15:58:28 Image size of job updated: 792508
	319  -  MemoryUsage of job (MB)
	325848  -  ResidentSetSize of job (KB)
...
006 (452.347.000) 2022-04-05 16:03:28 Image size of job updated: 792508
	319  -  MemoryUsage of job (MB)
	325980  -  ResidentSetSize of job (KB)
...
006 (452.347.000) 2022-04-05 16:13:30 Image size of job updated: 792508
	319  -  MemoryUsage of job (MB)
	326112  -  ResidentSetSize of job (KB)
...
006 (452.347.000) 2022-04-05 16:18:30 Image size of job updated: 792508
	319  -  MemoryUsage of job (MB)
	326244  -  ResidentSetSize of job (KB)
...
006 (452.347.000) 2022-04-05 16:23:31 Image size of job updated: 792508
	319  -  MemoryUsage of job (MB)
	326376  -  ResidentSetSize of job (KB)
...
006 (452.347.000) 2022-04-05 16:33:32 Image size of job updated: 792508
	319  -  MemoryUsage of job (MB)
	326508  -  ResidentSetSize of job (KB)
...
006 (452.347.000) 2022-04-05 16:53:34 Image size of job updated: 792508
	319  -  MemoryUsage of job (MB)
	326588  -  ResidentSetSize of job (KB)
...
006 (452.347.000) 2022-04-05 16:58:35 Image size of job updated: 792508
	320  -  MemoryUsage of job (MB)
	326720  -  ResidentSetSize of job (KB)
...
006 (452.347.000) 2022-04-05 17:08:36 Image size of job updated: 792508
	320  -  MemoryUsage of job (MB)
	326852  -  ResidentSetSize of job (KB)
...
006 (452.347.000) 2022-04-05 17:13:36 Image size of job updated: 792508
	320  -  MemoryUsage of job (MB)
	326984  -  ResidentSetSize of job (KB)
...
006 (452.347.000) 2022-04-05 17:23:37 Image size of job updated: 792508
	320  -  MemoryUsage of job (MB)
	327116  -  ResidentSetSize of job (KB)
...
006 (452.347.000) 2022-04-05 17:28:37 Image size of job updated: 792508
	320  -  MemoryUsage of job (MB)
	327248  -  ResidentSetSize of job (KB)
...
006 (452.347.000) 2022-04-05 17:38:39 Image size of job updated: 792508
	320  -  MemoryUsage of job (MB)
	327380  -  ResidentSetSize of job (KB)
...
006 (452.347.000) 2022-04-05 17:43:39 Image size of job updated: 792508
	320  -  MemoryUsage of job (MB)
	327512  -  ResidentSetSize of job (KB)
...
006 (452.347.000) 2022-04-05 17:53:40 Image size of job updated: 792508
	320  -  MemoryUsage of job (MB)
	327644  -  ResidentSetSize of job (KB)
...
006 (452.347.000) 2022-04-05 18:03:41 Image size of job updated: 792508
	321  -  MemoryUsage of job (MB)
	327776  -  ResidentSetSize of job (KB)
...
006 (452.347.000) 2022-04-05 18:08:41 Image size of job updated: 792508
	321  -  MemoryUsage of job (MB)
	327908  -  ResidentSetSize of job (KB)
...
006 (452.347.000) 2022-04-05 18:13:43 Image size of job updated: 792508
	321  -  MemoryUsage of job (MB)
	328040  -  ResidentSetSize of job (KB)
...
006 (452.347.000) 2022-04-05 18:18:43 Image size of job updated: 792508
	321  -  MemoryUsage of job (MB)
	328172  -  ResidentSetSize of job (KB)
...
006 (452.347.000) 2022-04-05 18:23:43 Image size of job updated: 792508
	321  -  MemoryUsage of job (MB)
	328304  -  ResidentSetSize of job (KB)
...
006 (452.347.000) 2022-04-05 18:33:45 Image size of job updated: 792508
	321  -  MemoryUsage of job (MB)
	328436  -  ResidentSetSize of job (KB)
...
006 (452.347.000) 2022-04-05 18:38:45 Image size of job updated: 792508
	321  -  MemoryUsage of job (MB)
	328568  -  ResidentSetSize of job (KB)
...
006 (452.347.000) 2022-04-05 18:43:45 Image size of job updated: 792508
	321  -  MemoryUsage of job (MB)
	328700  -  ResidentSetSize of job (KB)
...
006 (452.347.000) 2022-04-05 18:48:46 Image size of job updated: 792508
	322  -  MemoryUsage of job (MB)
	328832  -  ResidentSetSize of job (KB)
...
006 (452.347.000) 2022-04-05 18:53:47 Image size of job updated: 792508
	322  -  MemoryUsage of job (MB)
	328964  -  ResidentSetSize of job (KB)
...
006 (452.347.000) 2022-04-05 18:58:47 Image size of job updated: 792508
	322  -  MemoryUsage of job (MB)
	329096  -  ResidentSetSize of job (KB)
...
006 (452.347.000) 2022-04-05 19:03:48 Image size of job updated: 792508
	322  -  MemoryUsage of job (MB)
	329228  -  ResidentSetSize of job (KB)
...
005 (452.347.000) 2022-04-05 19:08:01 Job terminated.
	(1) Normal termination (return value 0)
		Usr 0 06:08:36, Sys 0 00:00:48  -  Run Remote Usage
		Usr 0 00:00:00, Sys 0 00:00:00  -  Run Local Usage
		Usr 0 06:08:36, Sys 0 00:00:48  -  Total Remote Usage
		Usr 0 00:00:00, Sys 0 00:00:00  -  Total Local Usage
	0  -  Run Bytes Sent By Job
	0  -  Run Bytes Received By Job
	0  -  Total Bytes Sent By Job
	0  -  Total Bytes Received By Job
	Partitionable Resources :    Usage  Request Allocated 
	   Cpus                 :     1.00        1         1 
	   Disk (KB)            :  7500        7500     10998 
	   Memory (MB)          :   322        1024      1024 

	Job terminated of its own accord at 2022-04-05T17:08:01Z with exit-code 0.
...
