000 (452.978.000) 2022-04-05 09:23:28 Job submitted from host: <10.18.24.243:9618?addrs=10.18.24.243-9618&alias=ecoclusts01.bioclust.biologie.ens.fr&noUDP&sock=schedd_1052_29b8>
...
001 (452.978.000) 2022-04-06 03:36:57 Job executing on host: <10.18.24.178:9618?addrs=10.18.24.178-9618&alias=mcbsclust07.bioclust.biologie.ens.fr&noUDP&sock=startd_912_2276>
...
006 (452.978.000) 2022-04-06 03:37:06 Image size of job updated: 430016
	311  -  MemoryUsage of job (MB)
	317664  -  ResidentSetSize of job (KB)
...
006 (452.978.000) 2022-04-06 03:42:07 Image size of job updated: 741876
	317  -  MemoryUsage of job (MB)
	324360  -  ResidentSetSize of job (KB)
...
006 (452.978.000) 2022-04-06 03:47:07 Image size of job updated: 774644
	317  -  MemoryUsage of job (MB)
	324360  -  ResidentSetSize of job (KB)
...
006 (452.978.000) 2022-04-06 05:42:18 Image size of job updated: 774900
	317  -  MemoryUsage of job (MB)
	324448  -  ResidentSetSize of job (KB)
...
006 (452.978.000) 2022-04-06 05:52:18 Image size of job updated: 774900
	317  -  MemoryUsage of job (MB)
	324580  -  ResidentSetSize of job (KB)
...
006 (452.978.000) 2022-04-06 05:57:19 Image size of job updated: 775156
	318  -  MemoryUsage of job (MB)
	324712  -  ResidentSetSize of job (KB)
...
006 (452.978.000) 2022-04-06 06:07:20 Image size of job updated: 775156
	318  -  MemoryUsage of job (MB)
	324844  -  ResidentSetSize of job (KB)
...
006 (452.978.000) 2022-04-06 06:12:20 Image size of job updated: 775412
	318  -  MemoryUsage of job (MB)
	324844  -  ResidentSetSize of job (KB)
...
006 (452.978.000) 2022-04-06 06:17:21 Image size of job updated: 775412
	318  -  MemoryUsage of job (MB)
	324976  -  ResidentSetSize of job (KB)
...
006 (452.978.000) 2022-04-06 06:22:21 Image size of job updated: 775412
	318  -  MemoryUsage of job (MB)
	325108  -  ResidentSetSize of job (KB)
...
006 (452.978.000) 2022-04-06 06:27:21 Image size of job updated: 775668
	318  -  MemoryUsage of job (MB)
	325240  -  ResidentSetSize of job (KB)
...
006 (452.978.000) 2022-04-06 06:32:22 Image size of job updated: 775668
	318  -  MemoryUsage of job (MB)
	325372  -  ResidentSetSize of job (KB)
...
006 (452.978.000) 2022-04-06 06:37:23 Image size of job updated: 775924
	318  -  MemoryUsage of job (MB)
	325372  -  ResidentSetSize of job (KB)
...
006 (452.978.000) 2022-04-06 06:42:23 Image size of job updated: 775924
	318  -  MemoryUsage of job (MB)
	325504  -  ResidentSetSize of job (KB)
...
006 (452.978.000) 2022-04-06 06:47:23 Image size of job updated: 776180
	319  -  MemoryUsage of job (MB)
	325636  -  ResidentSetSize of job (KB)
...
006 (452.978.000) 2022-04-06 06:52:24 Image size of job updated: 776180
	319  -  MemoryUsage of job (MB)
	325768  -  ResidentSetSize of job (KB)
...
006 (452.978.000) 2022-04-06 06:57:24 Image size of job updated: 776180
	319  -  MemoryUsage of job (MB)
	325900  -  ResidentSetSize of job (KB)
...
006 (452.978.000) 2022-04-06 07:02:24 Image size of job updated: 776436
	319  -  MemoryUsage of job (MB)
	326032  -  ResidentSetSize of job (KB)
...
006 (452.978.000) 2022-04-06 07:12:26 Image size of job updated: 776692
	319  -  MemoryUsage of job (MB)
	326164  -  ResidentSetSize of job (KB)
...
006 (452.978.000) 2022-04-06 07:17:26 Image size of job updated: 776692
	319  -  MemoryUsage of job (MB)
	326296  -  ResidentSetSize of job (KB)
...
006 (452.978.000) 2022-04-06 07:22:26 Image size of job updated: 776692
	319  -  MemoryUsage of job (MB)
	326428  -  ResidentSetSize of job (KB)
...
006 (452.978.000) 2022-04-06 07:27:27 Image size of job updated: 776948
	319  -  MemoryUsage of job (MB)
	326428  -  ResidentSetSize of job (KB)
...
006 (452.978.000) 2022-04-06 07:32:27 Image size of job updated: 776948
	319  -  MemoryUsage of job (MB)
	326560  -  ResidentSetSize of job (KB)
...
006 (452.978.000) 2022-04-06 07:47:29 Image size of job updated: 776948
	320  -  MemoryUsage of job (MB)
	326692  -  ResidentSetSize of job (KB)
...
006 (452.978.000) 2022-04-06 07:52:29 Image size of job updated: 777204
	320  -  MemoryUsage of job (MB)
	326692  -  ResidentSetSize of job (KB)
...
006 (452.978.000) 2022-04-06 07:57:30 Image size of job updated: 777204
	320  -  MemoryUsage of job (MB)
	326824  -  ResidentSetSize of job (KB)
...
006 (452.978.000) 2022-04-06 08:02:31 Image size of job updated: 777460
	320  -  MemoryUsage of job (MB)
	326956  -  ResidentSetSize of job (KB)
...
006 (452.978.000) 2022-04-06 08:07:31 Image size of job updated: 777460
	320  -  MemoryUsage of job (MB)
	327088  -  ResidentSetSize of job (KB)
...
006 (452.978.000) 2022-04-06 08:17:32 Image size of job updated: 777716
	320  -  MemoryUsage of job (MB)
	327220  -  ResidentSetSize of job (KB)
...
006 (452.978.000) 2022-04-06 08:22:33 Image size of job updated: 777716
	320  -  MemoryUsage of job (MB)
	327352  -  ResidentSetSize of job (KB)
...
006 (452.978.000) 2022-04-06 08:27:33 Image size of job updated: 777972
	320  -  MemoryUsage of job (MB)
	327484  -  ResidentSetSize of job (KB)
...
006 (452.978.000) 2022-04-06 08:32:34 Image size of job updated: 777972
	320  -  MemoryUsage of job (MB)
	327616  -  ResidentSetSize of job (KB)
...
006 (452.978.000) 2022-04-06 08:37:35 Image size of job updated: 777972
	321  -  MemoryUsage of job (MB)
	327748  -  ResidentSetSize of job (KB)
...
006 (452.978.000) 2022-04-06 08:42:35 Image size of job updated: 778228
	321  -  MemoryUsage of job (MB)
	327748  -  ResidentSetSize of job (KB)
...
006 (452.978.000) 2022-04-06 08:47:35 Image size of job updated: 778228
	321  -  MemoryUsage of job (MB)
	327880  -  ResidentSetSize of job (KB)
...
006 (452.978.000) 2022-04-06 08:52:37 Image size of job updated: 778484
	321  -  MemoryUsage of job (MB)
	328012  -  ResidentSetSize of job (KB)
...
006 (452.978.000) 2022-04-06 08:57:37 Image size of job updated: 778484
	321  -  MemoryUsage of job (MB)
	328144  -  ResidentSetSize of job (KB)
...
006 (452.978.000) 2022-04-06 09:02:37 Image size of job updated: 778740
	321  -  MemoryUsage of job (MB)
	328276  -  ResidentSetSize of job (KB)
...
006 (452.978.000) 2022-04-06 09:07:38 Image size of job updated: 778740
	321  -  MemoryUsage of job (MB)
	328408  -  ResidentSetSize of job (KB)
...
006 (452.978.000) 2022-04-06 09:17:39 Image size of job updated: 778996
	321  -  MemoryUsage of job (MB)
	328540  -  ResidentSetSize of job (KB)
...
006 (452.978.000) 2022-04-06 09:22:39 Image size of job updated: 778996
	321  -  MemoryUsage of job (MB)
	328672  -  ResidentSetSize of job (KB)
...
006 (452.978.000) 2022-04-06 09:27:40 Image size of job updated: 779252
	322  -  MemoryUsage of job (MB)
	328804  -  ResidentSetSize of job (KB)
...
006 (452.978.000) 2022-04-06 09:37:40 Image size of job updated: 779508
	322  -  MemoryUsage of job (MB)
	328936  -  ResidentSetSize of job (KB)
...
006 (452.978.000) 2022-04-06 09:42:41 Image size of job updated: 779508
	322  -  MemoryUsage of job (MB)
	329068  -  ResidentSetSize of job (KB)
...
006 (452.978.000) 2022-04-06 09:47:42 Image size of job updated: 779508
	322  -  MemoryUsage of job (MB)
	329200  -  ResidentSetSize of job (KB)
...
006 (452.978.000) 2022-04-06 09:52:42 Image size of job updated: 779764
	322  -  MemoryUsage of job (MB)
	329200  -  ResidentSetSize of job (KB)
...
005 (452.978.000) 2022-04-06 09:53:14 Job terminated.
	(1) Normal termination (return value 0)
		Usr 0 06:15:16, Sys 0 00:00:16  -  Run Remote Usage
		Usr 0 00:00:00, Sys 0 00:00:00  -  Run Local Usage
		Usr 0 06:15:16, Sys 0 00:00:16  -  Total Remote Usage
		Usr 0 00:00:00, Sys 0 00:00:00  -  Total Local Usage
	0  -  Run Bytes Sent By Job
	0  -  Run Bytes Received By Job
	0  -  Total Bytes Sent By Job
	0  -  Total Bytes Received By Job
	Partitionable Resources :    Usage  Request Allocated 
	   Cpus                 :     1.00        1         1 
	   Disk (KB)            :  7500        7500     11001 
	   Memory (MB)          :   322        1024      1024 

	Job terminated of its own accord at 2022-04-06T07:53:14Z with exit-code 0.
...
