000 (452.944.000) 2022-04-05 09:23:27 Job submitted from host: <10.18.24.243:9618?addrs=10.18.24.243-9618&alias=ecoclusts01.bioclust.biologie.ens.fr&noUDP&sock=schedd_1052_29b8>
...
001 (452.944.000) 2022-04-06 02:42:57 Job executing on host: <10.18.24.135:9618?addrs=10.18.24.135-9618&alias=dyoclust08.bioclust.biologie.ens.fr&noUDP&sock=startd_793_82b1>
...
006 (452.944.000) 2022-04-06 02:43:05 Image size of job updated: 182784
	179  -  MemoryUsage of job (MB)
	182784  -  ResidentSetSize of job (KB)
...
006 (452.944.000) 2022-04-06 02:48:05 Image size of job updated: 827428
	315  -  MemoryUsage of job (MB)
	321992  -  ResidentSetSize of job (KB)
...
006 (452.944.000) 2022-04-06 02:53:06 Image size of job updated: 827428
	317  -  MemoryUsage of job (MB)
	324392  -  ResidentSetSize of job (KB)
...
006 (452.944.000) 2022-04-06 04:03:13 Image size of job updated: 827428
	318  -  MemoryUsage of job (MB)
	324656  -  ResidentSetSize of job (KB)
...
006 (452.944.000) 2022-04-06 04:08:13 Image size of job updated: 827428
	318  -  MemoryUsage of job (MB)
	324788  -  ResidentSetSize of job (KB)
...
006 (452.944.000) 2022-04-06 04:13:13 Image size of job updated: 827428
	318  -  MemoryUsage of job (MB)
	325052  -  ResidentSetSize of job (KB)
...
006 (452.944.000) 2022-04-06 04:18:14 Image size of job updated: 827428
	318  -  MemoryUsage of job (MB)
	325316  -  ResidentSetSize of job (KB)
...
006 (452.944.000) 2022-04-06 04:23:15 Image size of job updated: 827428
	318  -  MemoryUsage of job (MB)
	325448  -  ResidentSetSize of job (KB)
...
006 (452.944.000) 2022-04-06 04:28:15 Image size of job updated: 827428
	319  -  MemoryUsage of job (MB)
	325712  -  ResidentSetSize of job (KB)
...
006 (452.944.000) 2022-04-06 04:33:15 Image size of job updated: 827428
	319  -  MemoryUsage of job (MB)
	325976  -  ResidentSetSize of job (KB)
...
006 (452.944.000) 2022-04-06 04:38:16 Image size of job updated: 827428
	319  -  MemoryUsage of job (MB)
	326108  -  ResidentSetSize of job (KB)
...
006 (452.944.000) 2022-04-06 04:43:17 Image size of job updated: 827428
	319  -  MemoryUsage of job (MB)
	326372  -  ResidentSetSize of job (KB)
...
006 (452.944.000) 2022-04-06 04:48:17 Image size of job updated: 827428
	319  -  MemoryUsage of job (MB)
	326456  -  ResidentSetSize of job (KB)
...
006 (452.944.000) 2022-04-06 04:58:18 Image size of job updated: 827428
	320  -  MemoryUsage of job (MB)
	326720  -  ResidentSetSize of job (KB)
...
006 (452.944.000) 2022-04-06 05:03:19 Image size of job updated: 827428
	320  -  MemoryUsage of job (MB)
	326852  -  ResidentSetSize of job (KB)
...
006 (452.944.000) 2022-04-06 05:08:19 Image size of job updated: 827428
	320  -  MemoryUsage of job (MB)
	327116  -  ResidentSetSize of job (KB)
...
006 (452.944.000) 2022-04-06 05:13:19 Image size of job updated: 827428
	320  -  MemoryUsage of job (MB)
	327248  -  ResidentSetSize of job (KB)
...
006 (452.944.000) 2022-04-06 05:18:20 Image size of job updated: 827428
	320  -  MemoryUsage of job (MB)
	327512  -  ResidentSetSize of job (KB)
...
006 (452.944.000) 2022-04-06 05:23:21 Image size of job updated: 827428
	320  -  MemoryUsage of job (MB)
	327644  -  ResidentSetSize of job (KB)
...
006 (452.944.000) 2022-04-06 05:28:21 Image size of job updated: 827428
	321  -  MemoryUsage of job (MB)
	327776  -  ResidentSetSize of job (KB)
...
006 (452.944.000) 2022-04-06 05:33:21 Image size of job updated: 827428
	321  -  MemoryUsage of job (MB)
	328040  -  ResidentSetSize of job (KB)
...
006 (452.944.000) 2022-04-06 05:38:22 Image size of job updated: 827428
	321  -  MemoryUsage of job (MB)
	328172  -  ResidentSetSize of job (KB)
...
006 (452.944.000) 2022-04-06 05:43:23 Image size of job updated: 827428
	321  -  MemoryUsage of job (MB)
	328436  -  ResidentSetSize of job (KB)
...
006 (452.944.000) 2022-04-06 05:48:23 Image size of job updated: 827428
	321  -  MemoryUsage of job (MB)
	328568  -  ResidentSetSize of job (KB)
...
006 (452.944.000) 2022-04-06 05:53:23 Image size of job updated: 827428
	322  -  MemoryUsage of job (MB)
	328832  -  ResidentSetSize of job (KB)
...
006 (452.944.000) 2022-04-06 05:58:24 Image size of job updated: 827428
	322  -  MemoryUsage of job (MB)
	328964  -  ResidentSetSize of job (KB)
...
006 (452.944.000) 2022-04-06 06:03:25 Image size of job updated: 827428
	322  -  MemoryUsage of job (MB)
	329228  -  ResidentSetSize of job (KB)
...
005 (452.944.000) 2022-04-06 06:05:00 Job terminated.
	(1) Normal termination (return value 0)
		Usr 0 03:21:27, Sys 0 00:00:22  -  Run Remote Usage
		Usr 0 00:00:00, Sys 0 00:00:00  -  Run Local Usage
		Usr 0 03:21:27, Sys 0 00:00:22  -  Total Remote Usage
		Usr 0 00:00:00, Sys 0 00:00:00  -  Total Local Usage
	0  -  Run Bytes Sent By Job
	0  -  Run Bytes Received By Job
	0  -  Total Bytes Sent By Job
	0  -  Total Bytes Received By Job
	Partitionable Resources :    Usage  Request Allocated 
	   Cpus                 :     1.00        1         1 
	   Disk (KB)            :  7500        7500     10998 
	   Memory (MB)          :   322        1024      1024 

	Job terminated of its own accord at 2022-04-06T04:05:00Z with exit-code 0.
...
