000 (452.002.000) 2022-04-05 09:23:24 Job submitted from host: <10.18.24.243:9618?addrs=10.18.24.243-9618&alias=ecoclusts01.bioclust.biologie.ens.fr&noUDP&sock=schedd_1052_29b8>
...
001 (452.002.000) 2022-04-05 09:23:29 Job executing on host: <10.18.24.175:9618?addrs=10.18.24.175-9618&alias=mcbsclust04.bioclust.biologie.ens.fr&noUDP&sock=startd_869_a3e3>
...
006 (452.002.000) 2022-04-05 09:23:37 Image size of job updated: 92628
	64  -  MemoryUsage of job (MB)
	64776  -  ResidentSetSize of job (KB)
...
006 (452.002.000) 2022-04-05 09:28:37 Image size of job updated: 741876
	317  -  MemoryUsage of job (MB)
	324236  -  ResidentSetSize of job (KB)
...
006 (452.002.000) 2022-04-05 09:38:38 Image size of job updated: 774644
	317  -  MemoryUsage of job (MB)
	324368  -  ResidentSetSize of job (KB)
...
006 (452.002.000) 2022-04-05 11:08:47 Image size of job updated: 774900
	317  -  MemoryUsage of job (MB)
	324368  -  ResidentSetSize of job (KB)
...
006 (452.002.000) 2022-04-05 11:13:47 Image size of job updated: 774900
	317  -  MemoryUsage of job (MB)
	324500  -  ResidentSetSize of job (KB)
...
006 (452.002.000) 2022-04-05 11:18:48 Image size of job updated: 774900
	318  -  MemoryUsage of job (MB)
	324632  -  ResidentSetSize of job (KB)
...
006 (452.002.000) 2022-04-05 11:23:49 Image size of job updated: 775156
	318  -  MemoryUsage of job (MB)
	324764  -  ResidentSetSize of job (KB)
...
006 (452.002.000) 2022-04-05 11:33:49 Image size of job updated: 775156
	318  -  MemoryUsage of job (MB)
	324896  -  ResidentSetSize of job (KB)
...
006 (452.002.000) 2022-04-05 11:38:50 Image size of job updated: 775412
	318  -  MemoryUsage of job (MB)
	324896  -  ResidentSetSize of job (KB)
...
006 (452.002.000) 2022-04-05 11:43:50 Image size of job updated: 775412
	318  -  MemoryUsage of job (MB)
	325028  -  ResidentSetSize of job (KB)
...
006 (452.002.000) 2022-04-05 11:48:50 Image size of job updated: 775668
	318  -  MemoryUsage of job (MB)
	325160  -  ResidentSetSize of job (KB)
...
006 (452.002.000) 2022-04-05 11:53:51 Image size of job updated: 775668
	318  -  MemoryUsage of job (MB)
	325292  -  ResidentSetSize of job (KB)
...
006 (452.002.000) 2022-04-05 11:58:52 Image size of job updated: 775668
	318  -  MemoryUsage of job (MB)
	325424  -  ResidentSetSize of job (KB)
...
006 (452.002.000) 2022-04-05 12:03:52 Image size of job updated: 775924
	318  -  MemoryUsage of job (MB)
	325424  -  ResidentSetSize of job (KB)
...
006 (452.002.000) 2022-04-05 12:08:52 Image size of job updated: 775924
	318  -  MemoryUsage of job (MB)
	325556  -  ResidentSetSize of job (KB)
...
006 (452.002.000) 2022-04-05 12:13:53 Image size of job updated: 776180
	319  -  MemoryUsage of job (MB)
	325688  -  ResidentSetSize of job (KB)
...
006 (452.002.000) 2022-04-05 12:18:53 Image size of job updated: 776180
	319  -  MemoryUsage of job (MB)
	325820  -  ResidentSetSize of job (KB)
...
006 (452.002.000) 2022-04-05 12:23:53 Image size of job updated: 776436
	319  -  MemoryUsage of job (MB)
	325952  -  ResidentSetSize of job (KB)
...
006 (452.002.000) 2022-04-05 12:28:54 Image size of job updated: 776436
	319  -  MemoryUsage of job (MB)
	326084  -  ResidentSetSize of job (KB)
...
006 (452.002.000) 2022-04-05 12:33:55 Image size of job updated: 776692
	319  -  MemoryUsage of job (MB)
	326216  -  ResidentSetSize of job (KB)
...
006 (452.002.000) 2022-04-05 12:38:55 Image size of job updated: 776692
	319  -  MemoryUsage of job (MB)
	326348  -  ResidentSetSize of job (KB)
...
006 (452.002.000) 2022-04-05 12:43:56 Image size of job updated: 776948
	319  -  MemoryUsage of job (MB)
	326480  -  ResidentSetSize of job (KB)
...
006 (452.002.000) 2022-04-05 13:08:59 Image size of job updated: 776948
	319  -  MemoryUsage of job (MB)
	326608  -  ResidentSetSize of job (KB)
...
006 (452.002.000) 2022-04-05 13:13:59 Image size of job updated: 777204
	320  -  MemoryUsage of job (MB)
	326740  -  ResidentSetSize of job (KB)
...
006 (452.002.000) 2022-04-05 13:19:00 Image size of job updated: 777204
	320  -  MemoryUsage of job (MB)
	326872  -  ResidentSetSize of job (KB)
...
006 (452.002.000) 2022-04-05 13:29:01 Image size of job updated: 777460
	320  -  MemoryUsage of job (MB)
	327004  -  ResidentSetSize of job (KB)
...
006 (452.002.000) 2022-04-05 13:34:01 Image size of job updated: 777460
	320  -  MemoryUsage of job (MB)
	327136  -  ResidentSetSize of job (KB)
...
006 (452.002.000) 2022-04-05 13:39:03 Image size of job updated: 777716
	320  -  MemoryUsage of job (MB)
	327268  -  ResidentSetSize of job (KB)
...
006 (452.002.000) 2022-04-05 13:49:03 Image size of job updated: 777716
	320  -  MemoryUsage of job (MB)
	327400  -  ResidentSetSize of job (KB)
...
006 (452.002.000) 2022-04-05 13:54:04 Image size of job updated: 777972
	320  -  MemoryUsage of job (MB)
	327532  -  ResidentSetSize of job (KB)
...
006 (452.002.000) 2022-04-05 13:59:05 Image size of job updated: 777972
	320  -  MemoryUsage of job (MB)
	327664  -  ResidentSetSize of job (KB)
...
006 (452.002.000) 2022-04-05 14:04:05 Image size of job updated: 778228
	321  -  MemoryUsage of job (MB)
	327796  -  ResidentSetSize of job (KB)
...
006 (452.002.000) 2022-04-05 14:09:05 Image size of job updated: 778228
	321  -  MemoryUsage of job (MB)
	327928  -  ResidentSetSize of job (KB)
...
006 (452.002.000) 2022-04-05 14:19:07 Image size of job updated: 778484
	321  -  MemoryUsage of job (MB)
	328060  -  ResidentSetSize of job (KB)
...
006 (452.002.000) 2022-04-05 14:24:07 Image size of job updated: 778484
	321  -  MemoryUsage of job (MB)
	328192  -  ResidentSetSize of job (KB)
...
006 (452.002.000) 2022-04-05 14:29:08 Image size of job updated: 778740
	321  -  MemoryUsage of job (MB)
	328324  -  ResidentSetSize of job (KB)
...
006 (452.002.000) 2022-04-05 14:39:09 Image size of job updated: 778740
	321  -  MemoryUsage of job (MB)
	328456  -  ResidentSetSize of job (KB)
...
006 (452.002.000) 2022-04-05 14:44:09 Image size of job updated: 778996
	321  -  MemoryUsage of job (MB)
	328588  -  ResidentSetSize of job (KB)
...
006 (452.002.000) 2022-04-05 14:49:11 Image size of job updated: 778996
	322  -  MemoryUsage of job (MB)
	328720  -  ResidentSetSize of job (KB)
...
006 (452.002.000) 2022-04-05 14:54:11 Image size of job updated: 779252
	322  -  MemoryUsage of job (MB)
	328720  -  ResidentSetSize of job (KB)
...
006 (452.002.000) 2022-04-05 14:59:11 Image size of job updated: 779252
	322  -  MemoryUsage of job (MB)
	328852  -  ResidentSetSize of job (KB)
...
006 (452.002.000) 2022-04-05 15:04:12 Image size of job updated: 779508
	322  -  MemoryUsage of job (MB)
	328984  -  ResidentSetSize of job (KB)
...
006 (452.002.000) 2022-04-05 15:09:13 Image size of job updated: 779508
	322  -  MemoryUsage of job (MB)
	329116  -  ResidentSetSize of job (KB)
...
006 (452.002.000) 2022-04-05 15:14:13 Image size of job updated: 779508
	322  -  MemoryUsage of job (MB)
	329248  -  ResidentSetSize of job (KB)
...
006 (452.002.000) 2022-04-05 15:18:25 Image size of job updated: 779764
	322  -  MemoryUsage of job (MB)
	329248  -  ResidentSetSize of job (KB)
...
005 (452.002.000) 2022-04-05 15:18:25 Job terminated.
	(1) Normal termination (return value 0)
		Usr 0 05:53:31, Sys 0 00:00:24  -  Run Remote Usage
		Usr 0 00:00:00, Sys 0 00:00:00  -  Run Local Usage
		Usr 0 05:53:31, Sys 0 00:00:24  -  Total Remote Usage
		Usr 0 00:00:00, Sys 0 00:00:00  -  Total Local Usage
	0  -  Run Bytes Sent By Job
	0  -  Run Bytes Received By Job
	0  -  Total Bytes Sent By Job
	0  -  Total Bytes Received By Job
	Partitionable Resources :    Usage  Request Allocated 
	   Cpus                 :     1.00        1         1 
	   Disk (KB)            :  7500        7500     10998 
	   Memory (MB)          :   322        1024      1024 

	Job terminated of its own accord at 2022-04-05T13:18:25Z with exit-code 0.
...
