000 (452.519.000) 2022-04-05 09:23:26 Job submitted from host: <10.18.24.243:9618?addrs=10.18.24.243-9618&alias=ecoclusts01.bioclust.biologie.ens.fr&noUDP&sock=schedd_1052_29b8>
...
001 (452.519.000) 2022-04-05 18:15:44 Job executing on host: <10.18.24.7:9618?addrs=10.18.24.7-9618&alias=bioclust07.bioclust.biologie.ens.fr&noUDP&sock=startd_1083_6d28>
...
006 (452.519.000) 2022-04-05 18:15:52 Image size of job updated: 105792
	39  -  MemoryUsage of job (MB)
	39412  -  ResidentSetSize of job (KB)
...
006 (452.519.000) 2022-04-05 18:20:52 Image size of job updated: 741876
	317  -  MemoryUsage of job (MB)
	324300  -  ResidentSetSize of job (KB)
...
006 (452.519.000) 2022-04-05 18:25:53 Image size of job updated: 741876
	317  -  MemoryUsage of job (MB)
	324408  -  ResidentSetSize of job (KB)
...
006 (452.519.000) 2022-04-05 18:31:46 Image size of job updated: 774644
	317  -  MemoryUsage of job (MB)
	324408  -  ResidentSetSize of job (KB)
...
005 (452.519.000) 2022-04-05 18:31:46 Job terminated.
	(1) Normal termination (return value 0)
		Usr 0 00:14:51, Sys 0 00:00:41  -  Run Remote Usage
		Usr 0 00:00:00, Sys 0 00:00:00  -  Run Local Usage
		Usr 0 00:14:51, Sys 0 00:00:41  -  Total Remote Usage
		Usr 0 00:00:00, Sys 0 00:00:00  -  Total Local Usage
	0  -  Run Bytes Sent By Job
	0  -  Run Bytes Received By Job
	0  -  Total Bytes Sent By Job
	0  -  Total Bytes Received By Job
	Partitionable Resources :    Usage  Request Allocated 
	   Cpus                 :     1.00        1         1 
	   Disk (KB)            :  7500        7500     10998 
	   Memory (MB)          :   317        1024      1024 

	Job terminated of its own accord at 2022-04-05T16:31:46Z with exit-code 0.
...
