000 (452.050.000) 2022-04-05 09:23:24 Job submitted from host: <10.18.24.243:9618?addrs=10.18.24.243-9618&alias=ecoclusts01.bioclust.biologie.ens.fr&noUDP&sock=schedd_1052_29b8>
...
001 (452.050.000) 2022-04-05 09:23:30 Job executing on host: <10.18.24.98:9618?addrs=10.18.24.98-9618&alias=ecoclust03.bioclust.biologie.ens.fr&noUDP&sock=startd_1024_f511>
...
006 (452.050.000) 2022-04-05 09:23:38 Image size of job updated: 92376
	64  -  MemoryUsage of job (MB)
	64788  -  ResidentSetSize of job (KB)
...
006 (452.050.000) 2022-04-05 09:28:38 Image size of job updated: 741876
	317  -  MemoryUsage of job (MB)
	324296  -  ResidentSetSize of job (KB)
...
006 (452.050.000) 2022-04-05 09:33:39 Image size of job updated: 774644
	317  -  MemoryUsage of job (MB)
	324428  -  ResidentSetSize of job (KB)
...
006 (452.050.000) 2022-04-05 10:28:44 Image size of job updated: 774900
	317  -  MemoryUsage of job (MB)
	324560  -  ResidentSetSize of job (KB)
...
006 (452.050.000) 2022-04-05 10:33:44 Image size of job updated: 775156
	318  -  MemoryUsage of job (MB)
	324692  -  ResidentSetSize of job (KB)
...
006 (452.050.000) 2022-04-05 10:38:44 Image size of job updated: 775412
	318  -  MemoryUsage of job (MB)
	324956  -  ResidentSetSize of job (KB)
...
006 (452.050.000) 2022-04-05 10:43:45 Image size of job updated: 775412
	318  -  MemoryUsage of job (MB)
	325088  -  ResidentSetSize of job (KB)
...
006 (452.050.000) 2022-04-05 10:48:45 Image size of job updated: 775668
	318  -  MemoryUsage of job (MB)
	325220  -  ResidentSetSize of job (KB)
...
006 (452.050.000) 2022-04-05 10:53:45 Image size of job updated: 775924
	318  -  MemoryUsage of job (MB)
	325484  -  ResidentSetSize of job (KB)
...
006 (452.050.000) 2022-04-05 10:58:46 Image size of job updated: 776180
	318  -  MemoryUsage of job (MB)
	325616  -  ResidentSetSize of job (KB)
...
006 (452.050.000) 2022-04-05 11:03:46 Image size of job updated: 776436
	319  -  MemoryUsage of job (MB)
	325880  -  ResidentSetSize of job (KB)
...
006 (452.050.000) 2022-04-05 11:08:46 Image size of job updated: 776436
	319  -  MemoryUsage of job (MB)
	326144  -  ResidentSetSize of job (KB)
...
006 (452.050.000) 2022-04-05 11:13:47 Image size of job updated: 776692
	319  -  MemoryUsage of job (MB)
	326408  -  ResidentSetSize of job (KB)
...
006 (452.050.000) 2022-04-05 11:18:48 Image size of job updated: 776948
	319  -  MemoryUsage of job (MB)
	326540  -  ResidentSetSize of job (KB)
...
006 (452.050.000) 2022-04-05 11:28:49 Image size of job updated: 776948
	320  -  MemoryUsage of job (MB)
	326672  -  ResidentSetSize of job (KB)
...
006 (452.050.000) 2022-04-05 11:33:50 Image size of job updated: 777204
	320  -  MemoryUsage of job (MB)
	326804  -  ResidentSetSize of job (KB)
...
006 (452.050.000) 2022-04-05 11:38:50 Image size of job updated: 777460
	320  -  MemoryUsage of job (MB)
	326936  -  ResidentSetSize of job (KB)
...
006 (452.050.000) 2022-04-05 11:43:50 Image size of job updated: 777460
	320  -  MemoryUsage of job (MB)
	327200  -  ResidentSetSize of job (KB)
...
006 (452.050.000) 2022-04-05 11:48:51 Image size of job updated: 777716
	320  -  MemoryUsage of job (MB)
	327332  -  ResidentSetSize of job (KB)
...
006 (452.050.000) 2022-04-05 11:53:52 Image size of job updated: 777972
	320  -  MemoryUsage of job (MB)
	327464  -  ResidentSetSize of job (KB)
...
006 (452.050.000) 2022-04-05 11:58:52 Image size of job updated: 777972
	321  -  MemoryUsage of job (MB)
	327728  -  ResidentSetSize of job (KB)
...
006 (452.050.000) 2022-04-05 12:03:53 Image size of job updated: 778228
	321  -  MemoryUsage of job (MB)
	327860  -  ResidentSetSize of job (KB)
...
006 (452.050.000) 2022-04-05 12:08:54 Image size of job updated: 778484
	321  -  MemoryUsage of job (MB)
	328124  -  ResidentSetSize of job (KB)
...
006 (452.050.000) 2022-04-05 12:13:54 Image size of job updated: 778740
	321  -  MemoryUsage of job (MB)
	328256  -  ResidentSetSize of job (KB)
...
006 (452.050.000) 2022-04-05 12:18:55 Image size of job updated: 778740
	321  -  MemoryUsage of job (MB)
	328388  -  ResidentSetSize of job (KB)
...
006 (452.050.000) 2022-04-05 12:23:56 Image size of job updated: 778996
	321  -  MemoryUsage of job (MB)
	328652  -  ResidentSetSize of job (KB)
...
006 (452.050.000) 2022-04-05 12:28:56 Image size of job updated: 779252
	322  -  MemoryUsage of job (MB)
	328784  -  ResidentSetSize of job (KB)
...
006 (452.050.000) 2022-04-05 12:33:56 Image size of job updated: 779508
	322  -  MemoryUsage of job (MB)
	328916  -  ResidentSetSize of job (KB)
...
006 (452.050.000) 2022-04-05 12:38:57 Image size of job updated: 779508
	322  -  MemoryUsage of job (MB)
	329180  -  ResidentSetSize of job (KB)
...
006 (452.050.000) 2022-04-05 12:42:49 Image size of job updated: 779764
	322  -  MemoryUsage of job (MB)
	329180  -  ResidentSetSize of job (KB)
...
005 (452.050.000) 2022-04-05 12:42:49 Job terminated.
	(1) Normal termination (return value 0)
		Usr 0 03:18:33, Sys 0 00:00:35  -  Run Remote Usage
		Usr 0 00:00:00, Sys 0 00:00:00  -  Run Local Usage
		Usr 0 03:18:33, Sys 0 00:00:35  -  Total Remote Usage
		Usr 0 00:00:00, Sys 0 00:00:00  -  Total Local Usage
	0  -  Run Bytes Sent By Job
	0  -  Run Bytes Received By Job
	0  -  Total Bytes Sent By Job
	0  -  Total Bytes Received By Job
	Partitionable Resources :    Usage  Request Allocated 
	   Cpus                 :     1.00        1         1 
	   Disk (KB)            :  7500        7500     10998 
	   Memory (MB)          :   322        1024      1024 

	Job terminated of its own accord at 2022-04-05T10:42:49Z with exit-code 0.
...
