000 (452.443.000) 2022-04-05 09:23:25 Job submitted from host: <10.18.24.243:9618?addrs=10.18.24.243-9618&alias=ecoclusts01.bioclust.biologie.ens.fr&noUDP&sock=schedd_1052_29b8>
...
001 (452.443.000) 2022-04-05 15:44:29 Job executing on host: <10.18.24.130:9618?addrs=10.18.24.130-9618&alias=dyoclust03.bioclust.biologie.ens.fr&noUDP&sock=startd_813_3a96>
...
006 (452.443.000) 2022-04-05 15:44:38 Image size of job updated: 523840
	118  -  MemoryUsage of job (MB)
	120672  -  ResidentSetSize of job (KB)
...
006 (452.443.000) 2022-04-05 15:49:39 Image size of job updated: 741880
	299  -  MemoryUsage of job (MB)
	305564  -  ResidentSetSize of job (KB)
...
006 (452.443.000) 2022-04-05 15:54:39 Image size of job updated: 774648
	317  -  MemoryUsage of job (MB)
	324392  -  ResidentSetSize of job (KB)
...
006 (452.443.000) 2022-04-05 16:44:43 Image size of job updated: 774904
	317  -  MemoryUsage of job (MB)
	324524  -  ResidentSetSize of job (KB)
...
006 (452.443.000) 2022-04-05 16:49:44 Image size of job updated: 775160
	318  -  MemoryUsage of job (MB)
	324656  -  ResidentSetSize of job (KB)
...
006 (452.443.000) 2022-04-05 16:54:45 Image size of job updated: 775160
	318  -  MemoryUsage of job (MB)
	324788  -  ResidentSetSize of job (KB)
...
006 (452.443.000) 2022-04-05 16:59:45 Image size of job updated: 775416
	318  -  MemoryUsage of job (MB)
	325052  -  ResidentSetSize of job (KB)
...
006 (452.443.000) 2022-04-05 17:04:45 Image size of job updated: 775672
	318  -  MemoryUsage of job (MB)
	325184  -  ResidentSetSize of job (KB)
...
006 (452.443.000) 2022-04-05 17:09:46 Image size of job updated: 775928
	318  -  MemoryUsage of job (MB)
	325448  -  ResidentSetSize of job (KB)
...
006 (452.443.000) 2022-04-05 17:14:47 Image size of job updated: 775928
	318  -  MemoryUsage of job (MB)
	325580  -  ResidentSetSize of job (KB)
...
006 (452.443.000) 2022-04-05 17:19:47 Image size of job updated: 776184
	319  -  MemoryUsage of job (MB)
	325844  -  ResidentSetSize of job (KB)
...
006 (452.443.000) 2022-04-05 17:24:47 Image size of job updated: 776440
	319  -  MemoryUsage of job (MB)
	325976  -  ResidentSetSize of job (KB)
...
006 (452.443.000) 2022-04-05 17:29:48 Image size of job updated: 776696
	319  -  MemoryUsage of job (MB)
	326108  -  ResidentSetSize of job (KB)
...
006 (452.443.000) 2022-04-05 17:34:49 Image size of job updated: 776696
	319  -  MemoryUsage of job (MB)
	326372  -  ResidentSetSize of job (KB)
...
006 (452.443.000) 2022-04-05 17:39:49 Image size of job updated: 776952
	319  -  MemoryUsage of job (MB)
	326636  -  ResidentSetSize of job (KB)
...
006 (452.443.000) 2022-04-05 17:54:51 Image size of job updated: 777208
	320  -  MemoryUsage of job (MB)
	326728  -  ResidentSetSize of job (KB)
...
006 (452.443.000) 2022-04-05 17:59:51 Image size of job updated: 777464
	320  -  MemoryUsage of job (MB)
	326992  -  ResidentSetSize of job (KB)
...
006 (452.443.000) 2022-04-05 18:04:51 Image size of job updated: 777464
	320  -  MemoryUsage of job (MB)
	327124  -  ResidentSetSize of job (KB)
...
006 (452.443.000) 2022-04-05 18:09:52 Image size of job updated: 777720
	320  -  MemoryUsage of job (MB)
	327256  -  ResidentSetSize of job (KB)
...
006 (452.443.000) 2022-04-05 18:14:53 Image size of job updated: 777720
	320  -  MemoryUsage of job (MB)
	327388  -  ResidentSetSize of job (KB)
...
006 (452.443.000) 2022-04-05 18:19:53 Image size of job updated: 777976
	320  -  MemoryUsage of job (MB)
	327652  -  ResidentSetSize of job (KB)
...
006 (452.443.000) 2022-04-05 18:24:53 Image size of job updated: 778232
	321  -  MemoryUsage of job (MB)
	327784  -  ResidentSetSize of job (KB)
...
006 (452.443.000) 2022-04-05 18:29:54 Image size of job updated: 778488
	321  -  MemoryUsage of job (MB)
	327916  -  ResidentSetSize of job (KB)
...
006 (452.443.000) 2022-04-05 18:34:55 Image size of job updated: 778488
	321  -  MemoryUsage of job (MB)
	328180  -  ResidentSetSize of job (KB)
...
006 (452.443.000) 2022-04-05 18:39:55 Image size of job updated: 778744
	321  -  MemoryUsage of job (MB)
	328312  -  ResidentSetSize of job (KB)
...
006 (452.443.000) 2022-04-05 18:44:55 Image size of job updated: 779000
	321  -  MemoryUsage of job (MB)
	328576  -  ResidentSetSize of job (KB)
...
006 (452.443.000) 2022-04-05 18:49:56 Image size of job updated: 779000
	322  -  MemoryUsage of job (MB)
	328708  -  ResidentSetSize of job (KB)
...
006 (452.443.000) 2022-04-05 18:54:57 Image size of job updated: 779256
	322  -  MemoryUsage of job (MB)
	328972  -  ResidentSetSize of job (KB)
...
006 (452.443.000) 2022-04-05 18:59:57 Image size of job updated: 779512
	322  -  MemoryUsage of job (MB)
	329104  -  ResidentSetSize of job (KB)
...
006 (452.443.000) 2022-04-05 19:04:40 Image size of job updated: 779768
	322  -  MemoryUsage of job (MB)
	329104  -  ResidentSetSize of job (KB)
...
005 (452.443.000) 2022-04-05 19:04:40 Job terminated.
	(1) Normal termination (return value 0)
		Usr 0 03:19:32, Sys 0 00:00:32  -  Run Remote Usage
		Usr 0 00:00:00, Sys 0 00:00:00  -  Run Local Usage
		Usr 0 03:19:32, Sys 0 00:00:32  -  Total Remote Usage
		Usr 0 00:00:00, Sys 0 00:00:00  -  Total Local Usage
	0  -  Run Bytes Sent By Job
	0  -  Run Bytes Received By Job
	0  -  Total Bytes Sent By Job
	0  -  Total Bytes Received By Job
	Partitionable Resources :    Usage  Request Allocated 
	   Cpus                 :     1.00        1         1 
	   Disk (KB)            :  7500        7500     10998 
	   Memory (MB)          :   322        1024      1024 

	Job terminated of its own accord at 2022-04-05T17:04:40Z with exit-code 0.
...
