000 (452.115.000) 2022-04-05 09:23:24 Job submitted from host: <10.18.24.243:9618?addrs=10.18.24.243-9618&alias=ecoclusts01.bioclust.biologie.ens.fr&noUDP&sock=schedd_1052_29b8>
...
001 (452.115.000) 2022-04-05 09:23:33 Job executing on host: <10.18.24.31:9618?addrs=10.18.24.31-9618&alias=bioclust31.bioclust.biologie.ens.fr&noUDP&sock=startd_2248324_d5bc>
...
006 (452.115.000) 2022-04-05 09:23:42 Image size of job updated: 312580
	76  -  MemoryUsage of job (MB)
	76948  -  ResidentSetSize of job (KB)
...
006 (452.115.000) 2022-04-05 09:28:43 Image size of job updated: 896308
	317  -  MemoryUsage of job (MB)
	324252  -  ResidentSetSize of job (KB)
...
006 (452.115.000) 2022-04-05 09:33:43 Image size of job updated: 896308
	317  -  MemoryUsage of job (MB)
	324276  -  ResidentSetSize of job (KB)
...
006 (452.115.000) 2022-04-05 10:03:47 Image size of job updated: 896308
	317  -  MemoryUsage of job (MB)
	324540  -  ResidentSetSize of job (KB)
...
006 (452.115.000) 2022-04-05 10:08:47 Image size of job updated: 896308
	318  -  MemoryUsage of job (MB)
	324672  -  ResidentSetSize of job (KB)
...
006 (452.115.000) 2022-04-05 10:13:48 Image size of job updated: 896308
	318  -  MemoryUsage of job (MB)
	324804  -  ResidentSetSize of job (KB)
...
006 (452.115.000) 2022-04-05 10:18:49 Image size of job updated: 896308
	318  -  MemoryUsage of job (MB)
	324936  -  ResidentSetSize of job (KB)
...
006 (452.115.000) 2022-04-05 10:23:49 Image size of job updated: 896308
	318  -  MemoryUsage of job (MB)
	325200  -  ResidentSetSize of job (KB)
...
006 (452.115.000) 2022-04-05 10:28:50 Image size of job updated: 896308
	318  -  MemoryUsage of job (MB)
	325332  -  ResidentSetSize of job (KB)
...
006 (452.115.000) 2022-04-05 10:33:51 Image size of job updated: 896308
	318  -  MemoryUsage of job (MB)
	325464  -  ResidentSetSize of job (KB)
...
006 (452.115.000) 2022-04-05 10:38:51 Image size of job updated: 896308
	318  -  MemoryUsage of job (MB)
	325596  -  ResidentSetSize of job (KB)
...
006 (452.115.000) 2022-04-05 10:43:52 Image size of job updated: 896308
	319  -  MemoryUsage of job (MB)
	325860  -  ResidentSetSize of job (KB)
...
006 (452.115.000) 2022-04-05 10:48:53 Image size of job updated: 896308
	319  -  MemoryUsage of job (MB)
	325992  -  ResidentSetSize of job (KB)
...
006 (452.115.000) 2022-04-05 10:53:53 Image size of job updated: 896308
	319  -  MemoryUsage of job (MB)
	326124  -  ResidentSetSize of job (KB)
...
006 (452.115.000) 2022-04-05 10:58:53 Image size of job updated: 896308
	319  -  MemoryUsage of job (MB)
	326388  -  ResidentSetSize of job (KB)
...
006 (452.115.000) 2022-04-05 11:03:55 Image size of job updated: 896308
	319  -  MemoryUsage of job (MB)
	326520  -  ResidentSetSize of job (KB)
...
006 (452.115.000) 2022-04-05 11:18:56 Image size of job updated: 896308
	320  -  MemoryUsage of job (MB)
	326784  -  ResidentSetSize of job (KB)
...
006 (452.115.000) 2022-04-05 11:23:57 Image size of job updated: 896308
	320  -  MemoryUsage of job (MB)
	326916  -  ResidentSetSize of job (KB)
...
006 (452.115.000) 2022-04-05 11:28:57 Image size of job updated: 896308
	320  -  MemoryUsage of job (MB)
	327048  -  ResidentSetSize of job (KB)
...
006 (452.115.000) 2022-04-05 11:33:57 Image size of job updated: 896308
	320  -  MemoryUsage of job (MB)
	327180  -  ResidentSetSize of job (KB)
...
006 (452.115.000) 2022-04-05 11:38:58 Image size of job updated: 896308
	320  -  MemoryUsage of job (MB)
	327312  -  ResidentSetSize of job (KB)
...
006 (452.115.000) 2022-04-05 11:43:58 Image size of job updated: 896308
	320  -  MemoryUsage of job (MB)
	327444  -  ResidentSetSize of job (KB)
...
006 (452.115.000) 2022-04-05 11:48:58 Image size of job updated: 896308
	320  -  MemoryUsage of job (MB)
	327576  -  ResidentSetSize of job (KB)
...
006 (452.115.000) 2022-04-05 11:54:00 Image size of job updated: 896308
	321  -  MemoryUsage of job (MB)
	327708  -  ResidentSetSize of job (KB)
...
006 (452.115.000) 2022-04-05 11:59:00 Image size of job updated: 896308
	321  -  MemoryUsage of job (MB)
	327972  -  ResidentSetSize of job (KB)
...
006 (452.115.000) 2022-04-05 12:04:00 Image size of job updated: 896308
	321  -  MemoryUsage of job (MB)
	328104  -  ResidentSetSize of job (KB)
...
006 (452.115.000) 2022-04-05 12:09:01 Image size of job updated: 896308
	321  -  MemoryUsage of job (MB)
	328236  -  ResidentSetSize of job (KB)
...
006 (452.115.000) 2022-04-05 12:14:02 Image size of job updated: 896308
	321  -  MemoryUsage of job (MB)
	328368  -  ResidentSetSize of job (KB)
...
006 (452.115.000) 2022-04-05 12:19:02 Image size of job updated: 896308
	321  -  MemoryUsage of job (MB)
	328500  -  ResidentSetSize of job (KB)
...
006 (452.115.000) 2022-04-05 12:24:03 Image size of job updated: 896308
	321  -  MemoryUsage of job (MB)
	328632  -  ResidentSetSize of job (KB)
...
006 (452.115.000) 2022-04-05 12:29:04 Image size of job updated: 896308
	322  -  MemoryUsage of job (MB)
	328896  -  ResidentSetSize of job (KB)
...
006 (452.115.000) 2022-04-05 12:34:04 Image size of job updated: 896308
	322  -  MemoryUsage of job (MB)
	329028  -  ResidentSetSize of job (KB)
...
006 (452.115.000) 2022-04-05 12:39:04 Image size of job updated: 896308
	322  -  MemoryUsage of job (MB)
	329160  -  ResidentSetSize of job (KB)
...
005 (452.115.000) 2022-04-05 12:41:07 Job terminated.
	(1) Normal termination (return value 0)
		Usr 0 03:16:16, Sys 0 00:00:59  -  Run Remote Usage
		Usr 0 00:00:00, Sys 0 00:00:00  -  Run Local Usage
		Usr 0 03:16:16, Sys 0 00:00:59  -  Total Remote Usage
		Usr 0 00:00:00, Sys 0 00:00:00  -  Total Local Usage
	0  -  Run Bytes Sent By Job
	0  -  Run Bytes Received By Job
	0  -  Total Bytes Sent By Job
	0  -  Total Bytes Received By Job
	Partitionable Resources :    Usage  Request Allocated 
	   Cpus                 :     1.00        1         1 
	   Disk (KB)            :  7500        7500      9276 
	   Memory (MB)          :   322        1024      1024 

	Job terminated of its own accord at 2022-04-05T10:41:07Z with exit-code 0.
...
