000 (452.265.000) 2022-04-05 09:23:25 Job submitted from host: <10.18.24.243:9618?addrs=10.18.24.243-9618&alias=ecoclusts01.bioclust.biologie.ens.fr&noUDP&sock=schedd_1052_29b8>
...
001 (452.265.000) 2022-04-05 12:24:19 Job executing on host: <10.18.24.141:9618?addrs=10.18.24.141-9618&alias=dyoclust14.bioclust.biologie.ens.fr&noUDP&sock=startd_801_ff73>
...
006 (452.265.000) 2022-04-05 12:24:28 Image size of job updated: 131356
	129  -  MemoryUsage of job (MB)
	131356  -  ResidentSetSize of job (KB)
...
006 (452.265.000) 2022-04-05 12:29:28 Image size of job updated: 741880
	317  -  MemoryUsage of job (MB)
	324308  -  ResidentSetSize of job (KB)
...
006 (452.265.000) 2022-04-05 12:34:28 Image size of job updated: 774648
	317  -  MemoryUsage of job (MB)
	324308  -  ResidentSetSize of job (KB)
...
006 (452.265.000) 2022-04-05 13:44:36 Image size of job updated: 774904
	317  -  MemoryUsage of job (MB)
	324440  -  ResidentSetSize of job (KB)
...
006 (452.265.000) 2022-04-05 13:49:37 Image size of job updated: 774904
	317  -  MemoryUsage of job (MB)
	324572  -  ResidentSetSize of job (KB)
...
006 (452.265.000) 2022-04-05 13:54:38 Image size of job updated: 775160
	318  -  MemoryUsage of job (MB)
	324704  -  ResidentSetSize of job (KB)
...
006 (452.265.000) 2022-04-05 13:59:38 Image size of job updated: 775160
	318  -  MemoryUsage of job (MB)
	324836  -  ResidentSetSize of job (KB)
...
006 (452.265.000) 2022-04-05 14:04:39 Image size of job updated: 775416
	318  -  MemoryUsage of job (MB)
	325100  -  ResidentSetSize of job (KB)
...
006 (452.265.000) 2022-04-05 14:09:40 Image size of job updated: 775672
	318  -  MemoryUsage of job (MB)
	325232  -  ResidentSetSize of job (KB)
...
006 (452.265.000) 2022-04-05 14:14:40 Image size of job updated: 775928
	318  -  MemoryUsage of job (MB)
	325364  -  ResidentSetSize of job (KB)
...
006 (452.265.000) 2022-04-05 14:19:40 Image size of job updated: 775928
	318  -  MemoryUsage of job (MB)
	325628  -  ResidentSetSize of job (KB)
...
006 (452.265.000) 2022-04-05 14:24:41 Image size of job updated: 776184
	319  -  MemoryUsage of job (MB)
	325760  -  ResidentSetSize of job (KB)
...
006 (452.265.000) 2022-04-05 14:29:41 Image size of job updated: 776440
	319  -  MemoryUsage of job (MB)
	326024  -  ResidentSetSize of job (KB)
...
006 (452.265.000) 2022-04-05 14:34:41 Image size of job updated: 776440
	319  -  MemoryUsage of job (MB)
	326156  -  ResidentSetSize of job (KB)
...
006 (452.265.000) 2022-04-05 14:39:42 Image size of job updated: 776696
	319  -  MemoryUsage of job (MB)
	326420  -  ResidentSetSize of job (KB)
...
006 (452.265.000) 2022-04-05 14:44:43 Image size of job updated: 776952
	319  -  MemoryUsage of job (MB)
	326552  -  ResidentSetSize of job (KB)
...
006 (452.265.000) 2022-04-05 14:59:45 Image size of job updated: 777208
	320  -  MemoryUsage of job (MB)
	326816  -  ResidentSetSize of job (KB)
...
006 (452.265.000) 2022-04-05 15:04:45 Image size of job updated: 777464
	320  -  MemoryUsage of job (MB)
	326948  -  ResidentSetSize of job (KB)
...
006 (452.265.000) 2022-04-05 15:09:45 Image size of job updated: 777464
	320  -  MemoryUsage of job (MB)
	327080  -  ResidentSetSize of job (KB)
...
006 (452.265.000) 2022-04-05 15:14:46 Image size of job updated: 777720
	320  -  MemoryUsage of job (MB)
	327344  -  ResidentSetSize of job (KB)
...
006 (452.265.000) 2022-04-05 15:19:46 Image size of job updated: 777976
	320  -  MemoryUsage of job (MB)
	327476  -  ResidentSetSize of job (KB)
...
006 (452.265.000) 2022-04-05 15:24:46 Image size of job updated: 777976
	320  -  MemoryUsage of job (MB)
	327608  -  ResidentSetSize of job (KB)
...
006 (452.265.000) 2022-04-05 15:29:47 Image size of job updated: 778232
	321  -  MemoryUsage of job (MB)
	327872  -  ResidentSetSize of job (KB)
...
006 (452.265.000) 2022-04-05 15:34:48 Image size of job updated: 778488
	321  -  MemoryUsage of job (MB)
	328004  -  ResidentSetSize of job (KB)
...
006 (452.265.000) 2022-04-05 15:39:48 Image size of job updated: 778488
	321  -  MemoryUsage of job (MB)
	328136  -  ResidentSetSize of job (KB)
...
006 (452.265.000) 2022-04-05 15:44:48 Image size of job updated: 778744
	321  -  MemoryUsage of job (MB)
	328400  -  ResidentSetSize of job (KB)
...
006 (452.265.000) 2022-04-05 15:49:49 Image size of job updated: 779000
	321  -  MemoryUsage of job (MB)
	328532  -  ResidentSetSize of job (KB)
...
006 (452.265.000) 2022-04-05 15:54:49 Image size of job updated: 779000
	321  -  MemoryUsage of job (MB)
	328664  -  ResidentSetSize of job (KB)
...
006 (452.265.000) 2022-04-05 15:59:49 Image size of job updated: 779256
	322  -  MemoryUsage of job (MB)
	328928  -  ResidentSetSize of job (KB)
...
006 (452.265.000) 2022-04-05 16:04:50 Image size of job updated: 779512
	322  -  MemoryUsage of job (MB)
	329060  -  ResidentSetSize of job (KB)
...
006 (452.265.000) 2022-04-05 16:09:51 Image size of job updated: 779768
	322  -  MemoryUsage of job (MB)
	329324  -  ResidentSetSize of job (KB)
...
005 (452.265.000) 2022-04-05 16:10:20 Job terminated.
	(1) Normal termination (return value 0)
		Usr 0 03:43:52, Sys 0 00:00:27  -  Run Remote Usage
		Usr 0 00:00:00, Sys 0 00:00:00  -  Run Local Usage
		Usr 0 03:43:52, Sys 0 00:00:27  -  Total Remote Usage
		Usr 0 00:00:00, Sys 0 00:00:00  -  Total Local Usage
	0  -  Run Bytes Sent By Job
	0  -  Run Bytes Received By Job
	0  -  Total Bytes Sent By Job
	0  -  Total Bytes Received By Job
	Partitionable Resources :    Usage  Request Allocated 
	   Cpus                 :     1.00        1         1 
	   Disk (KB)            :  7500        7500     10998 
	   Memory (MB)          :   322        1024      1024 

	Job terminated of its own accord at 2022-04-05T14:10:20Z with exit-code 0.
...
