000 (452.007.000) 2022-04-05 09:23:24 Job submitted from host: <10.18.24.243:9618?addrs=10.18.24.243-9618&alias=ecoclusts01.bioclust.biologie.ens.fr&noUDP&sock=schedd_1052_29b8>
...
001 (452.007.000) 2022-04-05 09:23:29 Job executing on host: <10.18.24.141:9618?addrs=10.18.24.141-9618&alias=dyoclust14.bioclust.biologie.ens.fr&noUDP&sock=startd_801_ff73>
...
006 (452.007.000) 2022-04-05 09:23:38 Image size of job updated: 92504
	64  -  MemoryUsage of job (MB)
	64916  -  ResidentSetSize of job (KB)
...
006 (452.007.000) 2022-04-05 09:28:39 Image size of job updated: 833560
	317  -  MemoryUsage of job (MB)
	324424  -  ResidentSetSize of job (KB)
...
006 (452.007.000) 2022-04-05 10:18:45 Image size of job updated: 833560
	318  -  MemoryUsage of job (MB)
	324688  -  ResidentSetSize of job (KB)
...
006 (452.007.000) 2022-04-05 10:23:46 Image size of job updated: 833560
	318  -  MemoryUsage of job (MB)
	324820  -  ResidentSetSize of job (KB)
...
006 (452.007.000) 2022-04-05 10:28:46 Image size of job updated: 833560
	318  -  MemoryUsage of job (MB)
	325084  -  ResidentSetSize of job (KB)
...
006 (452.007.000) 2022-04-05 10:33:46 Image size of job updated: 833560
	318  -  MemoryUsage of job (MB)
	325216  -  ResidentSetSize of job (KB)
...
006 (452.007.000) 2022-04-05 10:38:47 Image size of job updated: 833560
	318  -  MemoryUsage of job (MB)
	325480  -  ResidentSetSize of job (KB)
...
006 (452.007.000) 2022-04-05 10:43:48 Image size of job updated: 833560
	319  -  MemoryUsage of job (MB)
	325744  -  ResidentSetSize of job (KB)
...
006 (452.007.000) 2022-04-05 10:48:48 Image size of job updated: 833560
	319  -  MemoryUsage of job (MB)
	325876  -  ResidentSetSize of job (KB)
...
006 (452.007.000) 2022-04-05 10:53:49 Image size of job updated: 833560
	319  -  MemoryUsage of job (MB)
	326140  -  ResidentSetSize of job (KB)
...
006 (452.007.000) 2022-04-05 10:58:50 Image size of job updated: 833560
	319  -  MemoryUsage of job (MB)
	326404  -  ResidentSetSize of job (KB)
...
006 (452.007.000) 2022-04-05 11:03:50 Image size of job updated: 833560
	319  -  MemoryUsage of job (MB)
	326536  -  ResidentSetSize of job (KB)
...
006 (452.007.000) 2022-04-05 11:13:51 Image size of job updated: 833560
	319  -  MemoryUsage of job (MB)
	326616  -  ResidentSetSize of job (KB)
...
006 (452.007.000) 2022-04-05 11:18:52 Image size of job updated: 833560
	320  -  MemoryUsage of job (MB)
	326880  -  ResidentSetSize of job (KB)
...
006 (452.007.000) 2022-04-05 11:23:52 Image size of job updated: 833560
	320  -  MemoryUsage of job (MB)
	327012  -  ResidentSetSize of job (KB)
...
006 (452.007.000) 2022-04-05 11:28:53 Image size of job updated: 833560
	320  -  MemoryUsage of job (MB)
	327276  -  ResidentSetSize of job (KB)
...
006 (452.007.000) 2022-04-05 11:33:54 Image size of job updated: 833560
	320  -  MemoryUsage of job (MB)
	327408  -  ResidentSetSize of job (KB)
...
006 (452.007.000) 2022-04-05 11:38:54 Image size of job updated: 833560
	320  -  MemoryUsage of job (MB)
	327672  -  ResidentSetSize of job (KB)
...
006 (452.007.000) 2022-04-05 11:43:54 Image size of job updated: 833560
	321  -  MemoryUsage of job (MB)
	327804  -  ResidentSetSize of job (KB)
...
006 (452.007.000) 2022-04-05 11:48:55 Image size of job updated: 833560
	321  -  MemoryUsage of job (MB)
	327936  -  ResidentSetSize of job (KB)
...
006 (452.007.000) 2022-04-05 11:53:55 Image size of job updated: 833560
	321  -  MemoryUsage of job (MB)
	328200  -  ResidentSetSize of job (KB)
...
006 (452.007.000) 2022-04-05 11:58:55 Image size of job updated: 833560
	321  -  MemoryUsage of job (MB)
	328332  -  ResidentSetSize of job (KB)
...
006 (452.007.000) 2022-04-05 12:03:56 Image size of job updated: 833560
	321  -  MemoryUsage of job (MB)
	328596  -  ResidentSetSize of job (KB)
...
006 (452.007.000) 2022-04-05 12:08:57 Image size of job updated: 833560
	322  -  MemoryUsage of job (MB)
	328728  -  ResidentSetSize of job (KB)
...
006 (452.007.000) 2022-04-05 12:13:57 Image size of job updated: 833560
	322  -  MemoryUsage of job (MB)
	328860  -  ResidentSetSize of job (KB)
...
006 (452.007.000) 2022-04-05 12:18:57 Image size of job updated: 833560
	322  -  MemoryUsage of job (MB)
	329124  -  ResidentSetSize of job (KB)
...
005 (452.007.000) 2022-04-05 12:23:57 Job terminated.
	(1) Normal termination (return value 0)
		Usr 0 02:58:40, Sys 0 00:00:28  -  Run Remote Usage
		Usr 0 00:00:00, Sys 0 00:00:00  -  Run Local Usage
		Usr 0 02:58:40, Sys 0 00:00:28  -  Total Remote Usage
		Usr 0 00:00:00, Sys 0 00:00:00  -  Total Local Usage
	0  -  Run Bytes Sent By Job
	0  -  Run Bytes Received By Job
	0  -  Total Bytes Sent By Job
	0  -  Total Bytes Received By Job
	Partitionable Resources :    Usage  Request Allocated 
	   Cpus                 :     1.00        1         1 
	   Disk (KB)            :  7500        7500     10998 
	   Memory (MB)          :   322        1024      1024 

	Job terminated of its own accord at 2022-04-05T10:23:57Z with exit-code 0.
...
