000 (452.185.000) 2022-04-05 09:23:24 Job submitted from host: <10.18.24.243:9618?addrs=10.18.24.243-9618&alias=ecoclusts01.bioclust.biologie.ens.fr&noUDP&sock=schedd_1052_29b8>
...
001 (452.185.000) 2022-04-05 09:23:44 Job executing on host: <10.18.24.31:9618?addrs=10.18.24.31-9618&alias=bioclust31.bioclust.biologie.ens.fr&noUDP&sock=startd_2248324_d5bc>
...
006 (452.185.000) 2022-04-05 09:23:53 Image size of job updated: 233656
	64  -  MemoryUsage of job (MB)
	65320  -  ResidentSetSize of job (KB)
...
006 (452.185.000) 2022-04-05 09:28:53 Image size of job updated: 896308
	295  -  MemoryUsage of job (MB)
	301716  -  ResidentSetSize of job (KB)
...
006 (452.185.000) 2022-04-05 09:33:54 Image size of job updated: 896308
	318  -  MemoryUsage of job (MB)
	324640  -  ResidentSetSize of job (KB)
...
006 (452.185.000) 2022-04-05 10:34:00 Image size of job updated: 896308
	318  -  MemoryUsage of job (MB)
	324904  -  ResidentSetSize of job (KB)
...
006 (452.185.000) 2022-04-05 10:39:00 Image size of job updated: 896308
	318  -  MemoryUsage of job (MB)
	325036  -  ResidentSetSize of job (KB)
...
006 (452.185.000) 2022-04-05 10:44:01 Image size of job updated: 896308
	318  -  MemoryUsage of job (MB)
	325168  -  ResidentSetSize of job (KB)
...
006 (452.185.000) 2022-04-05 10:49:02 Image size of job updated: 896308
	318  -  MemoryUsage of job (MB)
	325300  -  ResidentSetSize of job (KB)
...
006 (452.185.000) 2022-04-05 10:54:02 Image size of job updated: 896308
	318  -  MemoryUsage of job (MB)
	325564  -  ResidentSetSize of job (KB)
...
006 (452.185.000) 2022-04-05 10:59:02 Image size of job updated: 896308
	319  -  MemoryUsage of job (MB)
	325696  -  ResidentSetSize of job (KB)
...
006 (452.185.000) 2022-04-05 11:04:03 Image size of job updated: 896308
	319  -  MemoryUsage of job (MB)
	325828  -  ResidentSetSize of job (KB)
...
006 (452.185.000) 2022-04-05 11:09:04 Image size of job updated: 896308
	319  -  MemoryUsage of job (MB)
	325960  -  ResidentSetSize of job (KB)
...
006 (452.185.000) 2022-04-05 11:14:04 Image size of job updated: 896308
	319  -  MemoryUsage of job (MB)
	326224  -  ResidentSetSize of job (KB)
...
006 (452.185.000) 2022-04-05 11:19:05 Image size of job updated: 896308
	319  -  MemoryUsage of job (MB)
	326488  -  ResidentSetSize of job (KB)
...
006 (452.185.000) 2022-04-05 11:24:06 Image size of job updated: 896308
	319  -  MemoryUsage of job (MB)
	326620  -  ResidentSetSize of job (KB)
...
006 (452.185.000) 2022-04-05 11:34:06 Image size of job updated: 896308
	320  -  MemoryUsage of job (MB)
	326752  -  ResidentSetSize of job (KB)
...
006 (452.185.000) 2022-04-05 11:39:07 Image size of job updated: 896308
	320  -  MemoryUsage of job (MB)
	326884  -  ResidentSetSize of job (KB)
...
006 (452.185.000) 2022-04-05 11:44:07 Image size of job updated: 896308
	320  -  MemoryUsage of job (MB)
	327016  -  ResidentSetSize of job (KB)
...
006 (452.185.000) 2022-04-05 11:49:07 Image size of job updated: 896308
	320  -  MemoryUsage of job (MB)
	327148  -  ResidentSetSize of job (KB)
...
006 (452.185.000) 2022-04-05 11:54:08 Image size of job updated: 896308
	320  -  MemoryUsage of job (MB)
	327280  -  ResidentSetSize of job (KB)
...
006 (452.185.000) 2022-04-05 11:59:09 Image size of job updated: 896308
	320  -  MemoryUsage of job (MB)
	327412  -  ResidentSetSize of job (KB)
...
006 (452.185.000) 2022-04-05 12:04:09 Image size of job updated: 896308
	321  -  MemoryUsage of job (MB)
	327808  -  ResidentSetSize of job (KB)
...
006 (452.185.000) 2022-04-05 12:09:09 Image size of job updated: 896308
	321  -  MemoryUsage of job (MB)
	328072  -  ResidentSetSize of job (KB)
...
006 (452.185.000) 2022-04-05 12:14:10 Image size of job updated: 896308
	321  -  MemoryUsage of job (MB)
	328336  -  ResidentSetSize of job (KB)
...
006 (452.185.000) 2022-04-05 12:19:10 Image size of job updated: 896308
	322  -  MemoryUsage of job (MB)
	328732  -  ResidentSetSize of job (KB)
...
006 (452.185.000) 2022-04-05 12:24:10 Image size of job updated: 896308
	322  -  MemoryUsage of job (MB)
	328864  -  ResidentSetSize of job (KB)
...
006 (452.185.000) 2022-04-05 12:29:11 Image size of job updated: 896308
	322  -  MemoryUsage of job (MB)
	329128  -  ResidentSetSize of job (KB)
...
006 (452.185.000) 2022-04-05 12:34:12 Image size of job updated: 896308
	322  -  MemoryUsage of job (MB)
	329260  -  ResidentSetSize of job (KB)
...
005 (452.185.000) 2022-04-05 12:36:30 Job terminated.
	(1) Normal termination (return value 0)
		Usr 0 03:11:41, Sys 0 00:00:38  -  Run Remote Usage
		Usr 0 00:00:00, Sys 0 00:00:00  -  Run Local Usage
		Usr 0 03:11:41, Sys 0 00:00:38  -  Total Remote Usage
		Usr 0 00:00:00, Sys 0 00:00:00  -  Total Local Usage
	0  -  Run Bytes Sent By Job
	0  -  Run Bytes Received By Job
	0  -  Total Bytes Sent By Job
	0  -  Total Bytes Received By Job
	Partitionable Resources :    Usage  Request Allocated 
	   Cpus                 :     1.00        1         1 
	   Disk (KB)            :  7500        7500      9276 
	   Memory (MB)          :   322        1024      1024 

	Job terminated of its own accord at 2022-04-05T10:36:29Z with exit-code 0.
...
