000 (452.334.000) 2022-04-05 09:23:25 Job submitted from host: <10.18.24.243:9618?addrs=10.18.24.243-9618&alias=ecoclusts01.bioclust.biologie.ens.fr&noUDP&sock=schedd_1052_29b8>
...
001 (452.334.000) 2022-04-05 12:53:19 Job executing on host: <10.18.24.148:9618?addrs=10.18.24.148-9618&alias=dyoclust21.bioclust.biologie.ens.fr&noUDP&sock=startd_1062_05ab>
...
006 (452.334.000) 2022-04-05 12:53:28 Image size of job updated: 213584
	82  -  MemoryUsage of job (MB)
	83664  -  ResidentSetSize of job (KB)
...
006 (452.334.000) 2022-04-05 12:58:29 Image size of job updated: 741876
	317  -  MemoryUsage of job (MB)
	324332  -  ResidentSetSize of job (KB)
...
006 (452.334.000) 2022-04-05 13:08:29 Image size of job updated: 774644
	317  -  MemoryUsage of job (MB)
	324420  -  ResidentSetSize of job (KB)
...
006 (452.334.000) 2022-04-05 14:43:39 Image size of job updated: 774900
	317  -  MemoryUsage of job (MB)
	324420  -  ResidentSetSize of job (KB)
...
006 (452.334.000) 2022-04-05 14:53:40 Image size of job updated: 774900
	317  -  MemoryUsage of job (MB)
	324552  -  ResidentSetSize of job (KB)
...
006 (452.334.000) 2022-04-05 14:58:41 Image size of job updated: 775156
	318  -  MemoryUsage of job (MB)
	324684  -  ResidentSetSize of job (KB)
...
006 (452.334.000) 2022-04-05 15:08:42 Image size of job updated: 775156
	318  -  MemoryUsage of job (MB)
	324816  -  ResidentSetSize of job (KB)
...
006 (452.334.000) 2022-04-05 15:13:43 Image size of job updated: 775412
	318  -  MemoryUsage of job (MB)
	324948  -  ResidentSetSize of job (KB)
...
006 (452.334.000) 2022-04-05 15:23:43 Image size of job updated: 775412
	318  -  MemoryUsage of job (MB)
	325080  -  ResidentSetSize of job (KB)
...
006 (452.334.000) 2022-04-05 15:28:44 Image size of job updated: 775668
	318  -  MemoryUsage of job (MB)
	325212  -  ResidentSetSize of job (KB)
...
006 (452.334.000) 2022-04-05 15:38:44 Image size of job updated: 775668
	318  -  MemoryUsage of job (MB)
	325344  -  ResidentSetSize of job (KB)
...
006 (452.334.000) 2022-04-05 15:43:45 Image size of job updated: 775924
	318  -  MemoryUsage of job (MB)
	325476  -  ResidentSetSize of job (KB)
...
006 (452.334.000) 2022-04-05 15:48:46 Image size of job updated: 775924
	318  -  MemoryUsage of job (MB)
	325608  -  ResidentSetSize of job (KB)
...
006 (452.334.000) 2022-04-05 15:53:46 Image size of job updated: 776180
	319  -  MemoryUsage of job (MB)
	325740  -  ResidentSetSize of job (KB)
...
006 (452.334.000) 2022-04-05 16:03:48 Image size of job updated: 776436
	319  -  MemoryUsage of job (MB)
	325872  -  ResidentSetSize of job (KB)
...
006 (452.334.000) 2022-04-05 16:08:48 Image size of job updated: 776436
	319  -  MemoryUsage of job (MB)
	326004  -  ResidentSetSize of job (KB)
...
006 (452.334.000) 2022-04-05 16:13:48 Image size of job updated: 776692
	319  -  MemoryUsage of job (MB)
	326136  -  ResidentSetSize of job (KB)
...
006 (452.334.000) 2022-04-05 16:18:50 Image size of job updated: 776692
	319  -  MemoryUsage of job (MB)
	326268  -  ResidentSetSize of job (KB)
...
006 (452.334.000) 2022-04-05 16:23:50 Image size of job updated: 776692
	319  -  MemoryUsage of job (MB)
	326400  -  ResidentSetSize of job (KB)
...
006 (452.334.000) 2022-04-05 16:28:50 Image size of job updated: 776948
	319  -  MemoryUsage of job (MB)
	326400  -  ResidentSetSize of job (KB)
...
006 (452.334.000) 2022-04-05 16:33:51 Image size of job updated: 776948
	320  -  MemoryUsage of job (MB)
	326664  -  ResidentSetSize of job (KB)
...
006 (452.334.000) 2022-04-05 16:58:53 Image size of job updated: 777204
	320  -  MemoryUsage of job (MB)
	326740  -  ResidentSetSize of job (KB)
...
006 (452.334.000) 2022-04-05 17:03:53 Image size of job updated: 777204
	320  -  MemoryUsage of job (MB)
	326872  -  ResidentSetSize of job (KB)
...
006 (452.334.000) 2022-04-05 17:08:54 Image size of job updated: 777460
	320  -  MemoryUsage of job (MB)
	327004  -  ResidentSetSize of job (KB)
...
006 (452.334.000) 2022-04-05 17:13:55 Image size of job updated: 777460
	320  -  MemoryUsage of job (MB)
	327136  -  ResidentSetSize of job (KB)
...
006 (452.334.000) 2022-04-05 17:18:55 Image size of job updated: 777716
	320  -  MemoryUsage of job (MB)
	327268  -  ResidentSetSize of job (KB)
...
006 (452.334.000) 2022-04-05 17:28:57 Image size of job updated: 777972
	320  -  MemoryUsage of job (MB)
	327532  -  ResidentSetSize of job (KB)
...
006 (452.334.000) 2022-04-05 17:33:57 Image size of job updated: 777972
	320  -  MemoryUsage of job (MB)
	327664  -  ResidentSetSize of job (KB)
...
006 (452.334.000) 2022-04-05 17:38:57 Image size of job updated: 778228
	320  -  MemoryUsage of job (MB)
	327664  -  ResidentSetSize of job (KB)
...
006 (452.334.000) 2022-04-05 17:43:59 Image size of job updated: 778228
	321  -  MemoryUsage of job (MB)
	327928  -  ResidentSetSize of job (KB)
...
006 (452.334.000) 2022-04-05 17:48:59 Image size of job updated: 778484
	321  -  MemoryUsage of job (MB)
	327928  -  ResidentSetSize of job (KB)
...
006 (452.334.000) 2022-04-05 17:53:59 Image size of job updated: 778484
	321  -  MemoryUsage of job (MB)
	328060  -  ResidentSetSize of job (KB)
...
006 (452.334.000) 2022-04-05 17:59:00 Image size of job updated: 778484
	321  -  MemoryUsage of job (MB)
	328192  -  ResidentSetSize of job (KB)
...
006 (452.334.000) 2022-04-05 18:04:01 Image size of job updated: 778740
	321  -  MemoryUsage of job (MB)
	328192  -  ResidentSetSize of job (KB)
...
006 (452.334.000) 2022-04-05 18:09:01 Image size of job updated: 778740
	321  -  MemoryUsage of job (MB)
	328324  -  ResidentSetSize of job (KB)
...
006 (452.334.000) 2022-04-05 18:14:01 Image size of job updated: 778740
	321  -  MemoryUsage of job (MB)
	328456  -  ResidentSetSize of job (KB)
...
006 (452.334.000) 2022-04-05 18:19:02 Image size of job updated: 778996
	321  -  MemoryUsage of job (MB)
	328588  -  ResidentSetSize of job (KB)
...
006 (452.334.000) 2022-04-05 18:29:02 Image size of job updated: 779252
	322  -  MemoryUsage of job (MB)
	328720  -  ResidentSetSize of job (KB)
...
006 (452.334.000) 2022-04-05 18:34:03 Image size of job updated: 779252
	322  -  MemoryUsage of job (MB)
	328852  -  ResidentSetSize of job (KB)
...
006 (452.334.000) 2022-04-05 18:39:04 Image size of job updated: 779252
	322  -  MemoryUsage of job (MB)
	328984  -  ResidentSetSize of job (KB)
...
006 (452.334.000) 2022-04-05 18:44:04 Image size of job updated: 779508
	322  -  MemoryUsage of job (MB)
	328984  -  ResidentSetSize of job (KB)
...
006 (452.334.000) 2022-04-05 18:49:05 Image size of job updated: 779508
	322  -  MemoryUsage of job (MB)
	329116  -  ResidentSetSize of job (KB)
...
006 (452.334.000) 2022-04-05 18:54:06 Image size of job updated: 779508
	322  -  MemoryUsage of job (MB)
	329248  -  ResidentSetSize of job (KB)
...
006 (452.334.000) 2022-04-05 18:57:24 Image size of job updated: 779764
	322  -  MemoryUsage of job (MB)
	329248  -  ResidentSetSize of job (KB)
...
005 (452.334.000) 2022-04-05 18:57:24 Job terminated.
	(1) Normal termination (return value 0)
		Usr 0 06:03:06, Sys 0 00:00:44  -  Run Remote Usage
		Usr 0 00:00:00, Sys 0 00:00:00  -  Run Local Usage
		Usr 0 06:03:06, Sys 0 00:00:44  -  Total Remote Usage
		Usr 0 00:00:00, Sys 0 00:00:00  -  Total Local Usage
	0  -  Run Bytes Sent By Job
	0  -  Run Bytes Received By Job
	0  -  Total Bytes Sent By Job
	0  -  Total Bytes Received By Job
	Partitionable Resources :    Usage  Request Allocated 
	   Cpus                 :     1.00        1         1 
	   Disk (KB)            :  7500        7500     10998 
	   Memory (MB)          :   322        1024      1024 

	Job terminated of its own accord at 2022-04-05T16:57:24Z with exit-code 0.
...
