000 (452.807.000) 2022-04-05 09:23:27 Job submitted from host: <10.18.24.243:9618?addrs=10.18.24.243-9618&alias=ecoclusts01.bioclust.biologie.ens.fr&noUDP&sock=schedd_1052_29b8>
...
001 (452.807.000) 2022-04-05 23:58:50 Job executing on host: <10.18.24.176:9618?addrs=10.18.24.176-9618&alias=mcbsclust05.bioclust.biologie.ens.fr&noUDP&sock=startd_869_a3e3>
...
006 (452.807.000) 2022-04-05 23:58:58 Image size of job updated: 92364
	91  -  MemoryUsage of job (MB)
	92364  -  ResidentSetSize of job (KB)
...
006 (452.807.000) 2022-04-06 00:04:00 Image size of job updated: 896304
	317  -  MemoryUsage of job (MB)
	324000  -  ResidentSetSize of job (KB)
...
006 (452.807.000) 2022-04-06 01:04:06 Image size of job updated: 896304
	317  -  MemoryUsage of job (MB)
	324132  -  ResidentSetSize of job (KB)
...
006 (452.807.000) 2022-04-06 01:09:06 Image size of job updated: 896304
	317  -  MemoryUsage of job (MB)
	324264  -  ResidentSetSize of job (KB)
...
006 (452.807.000) 2022-04-06 01:14:07 Image size of job updated: 896304
	317  -  MemoryUsage of job (MB)
	324396  -  ResidentSetSize of job (KB)
...
006 (452.807.000) 2022-04-06 01:24:08 Image size of job updated: 896304
	317  -  MemoryUsage of job (MB)
	324528  -  ResidentSetSize of job (KB)
...
006 (452.807.000) 2022-04-06 01:29:08 Image size of job updated: 896304
	318  -  MemoryUsage of job (MB)
	324660  -  ResidentSetSize of job (KB)
...
006 (452.807.000) 2022-04-06 01:34:09 Image size of job updated: 896304
	318  -  MemoryUsage of job (MB)
	324792  -  ResidentSetSize of job (KB)
...
006 (452.807.000) 2022-04-06 01:44:09 Image size of job updated: 896304
	318  -  MemoryUsage of job (MB)
	324924  -  ResidentSetSize of job (KB)
...
006 (452.807.000) 2022-04-06 01:49:10 Image size of job updated: 896304
	318  -  MemoryUsage of job (MB)
	325056  -  ResidentSetSize of job (KB)
...
006 (452.807.000) 2022-04-06 01:54:11 Image size of job updated: 896304
	318  -  MemoryUsage of job (MB)
	325188  -  ResidentSetSize of job (KB)
...
006 (452.807.000) 2022-04-06 01:59:11 Image size of job updated: 896304
	318  -  MemoryUsage of job (MB)
	325320  -  ResidentSetSize of job (KB)
...
006 (452.807.000) 2022-04-06 02:09:13 Image size of job updated: 896304
	318  -  MemoryUsage of job (MB)
	325452  -  ResidentSetSize of job (KB)
...
006 (452.807.000) 2022-04-06 02:14:13 Image size of job updated: 896304
	319  -  MemoryUsage of job (MB)
	325716  -  ResidentSetSize of job (KB)
...
006 (452.807.000) 2022-04-06 02:19:13 Image size of job updated: 896304
	319  -  MemoryUsage of job (MB)
	325848  -  ResidentSetSize of job (KB)
...
006 (452.807.000) 2022-04-06 02:24:14 Image size of job updated: 896304
	319  -  MemoryUsage of job (MB)
	325980  -  ResidentSetSize of job (KB)
...
006 (452.807.000) 2022-04-06 02:29:14 Image size of job updated: 896304
	319  -  MemoryUsage of job (MB)
	326112  -  ResidentSetSize of job (KB)
...
006 (452.807.000) 2022-04-06 02:39:15 Image size of job updated: 896304
	319  -  MemoryUsage of job (MB)
	326244  -  ResidentSetSize of job (KB)
...
006 (452.807.000) 2022-04-06 02:44:16 Image size of job updated: 896304
	319  -  MemoryUsage of job (MB)
	326376  -  ResidentSetSize of job (KB)
...
006 (452.807.000) 2022-04-06 02:49:16 Image size of job updated: 896304
	319  -  MemoryUsage of job (MB)
	326508  -  ResidentSetSize of job (KB)
...
006 (452.807.000) 2022-04-06 03:04:17 Image size of job updated: 896304
	319  -  MemoryUsage of job (MB)
	326600  -  ResidentSetSize of job (KB)
...
006 (452.807.000) 2022-04-06 03:09:17 Image size of job updated: 896304
	320  -  MemoryUsage of job (MB)
	326732  -  ResidentSetSize of job (KB)
...
006 (452.807.000) 2022-04-06 03:14:18 Image size of job updated: 896304
	320  -  MemoryUsage of job (MB)
	326864  -  ResidentSetSize of job (KB)
...
006 (452.807.000) 2022-04-06 03:24:19 Image size of job updated: 896304
	320  -  MemoryUsage of job (MB)
	326996  -  ResidentSetSize of job (KB)
...
006 (452.807.000) 2022-04-06 03:29:19 Image size of job updated: 896304
	320  -  MemoryUsage of job (MB)
	327128  -  ResidentSetSize of job (KB)
...
006 (452.807.000) 2022-04-06 03:34:21 Image size of job updated: 896304
	320  -  MemoryUsage of job (MB)
	327260  -  ResidentSetSize of job (KB)
...
006 (452.807.000) 2022-04-06 03:39:21 Image size of job updated: 896304
	320  -  MemoryUsage of job (MB)
	327392  -  ResidentSetSize of job (KB)
...
006 (452.807.000) 2022-04-06 03:44:21 Image size of job updated: 896304
	320  -  MemoryUsage of job (MB)
	327524  -  ResidentSetSize of job (KB)
...
006 (452.807.000) 2022-04-06 03:54:23 Image size of job updated: 896304
	320  -  MemoryUsage of job (MB)
	327656  -  ResidentSetSize of job (KB)
...
006 (452.807.000) 2022-04-06 03:59:23 Image size of job updated: 896304
	321  -  MemoryUsage of job (MB)
	327788  -  ResidentSetSize of job (KB)
...
006 (452.807.000) 2022-04-06 04:04:23 Image size of job updated: 896304
	321  -  MemoryUsage of job (MB)
	327920  -  ResidentSetSize of job (KB)
...
006 (452.807.000) 2022-04-06 04:09:25 Image size of job updated: 896304
	321  -  MemoryUsage of job (MB)
	328052  -  ResidentSetSize of job (KB)
...
006 (452.807.000) 2022-04-06 04:19:25 Image size of job updated: 896304
	321  -  MemoryUsage of job (MB)
	328184  -  ResidentSetSize of job (KB)
...
006 (452.807.000) 2022-04-06 04:24:26 Image size of job updated: 896304
	321  -  MemoryUsage of job (MB)
	328316  -  ResidentSetSize of job (KB)
...
006 (452.807.000) 2022-04-06 04:29:27 Image size of job updated: 896304
	321  -  MemoryUsage of job (MB)
	328448  -  ResidentSetSize of job (KB)
...
006 (452.807.000) 2022-04-06 04:34:27 Image size of job updated: 896304
	321  -  MemoryUsage of job (MB)
	328580  -  ResidentSetSize of job (KB)
...
006 (452.807.000) 2022-04-06 04:39:27 Image size of job updated: 896304
	322  -  MemoryUsage of job (MB)
	328712  -  ResidentSetSize of job (KB)
...
006 (452.807.000) 2022-04-06 04:49:29 Image size of job updated: 896304
	322  -  MemoryUsage of job (MB)
	328844  -  ResidentSetSize of job (KB)
...
006 (452.807.000) 2022-04-06 04:54:29 Image size of job updated: 896304
	322  -  MemoryUsage of job (MB)
	328976  -  ResidentSetSize of job (KB)
...
006 (452.807.000) 2022-04-06 04:59:30 Image size of job updated: 896304
	322  -  MemoryUsage of job (MB)
	329108  -  ResidentSetSize of job (KB)
...
006 (452.807.000) 2022-04-06 05:04:31 Image size of job updated: 896304
	322  -  MemoryUsage of job (MB)
	329240  -  ResidentSetSize of job (KB)
...
005 (452.807.000) 2022-04-06 05:06:27 Job terminated.
	(1) Normal termination (return value 0)
		Usr 0 05:05:50, Sys 0 00:00:16  -  Run Remote Usage
		Usr 0 00:00:00, Sys 0 00:00:00  -  Run Local Usage
		Usr 0 05:05:50, Sys 0 00:00:16  -  Total Remote Usage
		Usr 0 00:00:00, Sys 0 00:00:00  -  Total Local Usage
	0  -  Run Bytes Sent By Job
	0  -  Run Bytes Received By Job
	0  -  Total Bytes Sent By Job
	0  -  Total Bytes Received By Job
	Partitionable Resources :    Usage  Request Allocated 
	   Cpus                 :     1.00        1         1 
	   Disk (KB)            :  7500        7500     11001 
	   Memory (MB)          :   322        1024      1024 

	Job terminated of its own accord at 2022-04-06T03:06:27Z with exit-code 0.
...
