000 (452.193.000) 2022-04-05 09:23:24 Job submitted from host: <10.18.24.243:9618?addrs=10.18.24.243-9618&alias=ecoclusts01.bioclust.biologie.ens.fr&noUDP&sock=schedd_1052_29b8>
...
001 (452.193.000) 2022-04-05 09:23:32 Job executing on host: <10.18.24.39:9618?addrs=10.18.24.39-9618&alias=bioclust39.bioclust.biologie.ens.fr&noUDP&sock=startd_1965_67b0>
...
006 (452.193.000) 2022-04-05 09:23:41 Image size of job updated: 70912
	33  -  MemoryUsage of job (MB)
	32824  -  ResidentSetSize of job (KB)
...
006 (452.193.000) 2022-04-05 09:28:41 Image size of job updated: 845680
	317  -  MemoryUsage of job (MB)
	324368  -  ResidentSetSize of job (KB)
...
006 (452.193.000) 2022-04-05 10:53:48 Image size of job updated: 845680
	317  -  MemoryUsage of job (MB)
	324456  -  ResidentSetSize of job (KB)
...
006 (452.193.000) 2022-04-05 10:58:49 Image size of job updated: 845680
	317  -  MemoryUsage of job (MB)
	324588  -  ResidentSetSize of job (KB)
...
006 (452.193.000) 2022-04-05 11:03:49 Image size of job updated: 845680
	318  -  MemoryUsage of job (MB)
	324720  -  ResidentSetSize of job (KB)
...
006 (452.193.000) 2022-04-05 11:08:49 Image size of job updated: 845680
	318  -  MemoryUsage of job (MB)
	324852  -  ResidentSetSize of job (KB)
...
006 (452.193.000) 2022-04-05 11:13:50 Image size of job updated: 845680
	318  -  MemoryUsage of job (MB)
	324984  -  ResidentSetSize of job (KB)
...
006 (452.193.000) 2022-04-05 11:18:51 Image size of job updated: 845680
	318  -  MemoryUsage of job (MB)
	325116  -  ResidentSetSize of job (KB)
...
006 (452.193.000) 2022-04-05 11:23:51 Image size of job updated: 845680
	318  -  MemoryUsage of job (MB)
	325248  -  ResidentSetSize of job (KB)
...
006 (452.193.000) 2022-04-05 11:28:51 Image size of job updated: 845680
	318  -  MemoryUsage of job (MB)
	325380  -  ResidentSetSize of job (KB)
...
006 (452.193.000) 2022-04-05 11:33:52 Image size of job updated: 845680
	318  -  MemoryUsage of job (MB)
	325512  -  ResidentSetSize of job (KB)
...
006 (452.193.000) 2022-04-05 11:38:53 Image size of job updated: 845680
	319  -  MemoryUsage of job (MB)
	325776  -  ResidentSetSize of job (KB)
...
006 (452.193.000) 2022-04-05 11:43:53 Image size of job updated: 845680
	319  -  MemoryUsage of job (MB)
	325908  -  ResidentSetSize of job (KB)
...
006 (452.193.000) 2022-04-05 11:53:54 Image size of job updated: 845680
	319  -  MemoryUsage of job (MB)
	326040  -  ResidentSetSize of job (KB)
...
006 (452.193.000) 2022-04-05 11:58:55 Image size of job updated: 845680
	319  -  MemoryUsage of job (MB)
	326172  -  ResidentSetSize of job (KB)
...
006 (452.193.000) 2022-04-05 12:08:55 Image size of job updated: 845680
	319  -  MemoryUsage of job (MB)
	326304  -  ResidentSetSize of job (KB)
...
006 (452.193.000) 2022-04-05 12:13:56 Image size of job updated: 845680
	319  -  MemoryUsage of job (MB)
	326436  -  ResidentSetSize of job (KB)
...
006 (452.193.000) 2022-04-05 12:23:57 Image size of job updated: 845680
	319  -  MemoryUsage of job (MB)
	326568  -  ResidentSetSize of job (KB)
...
006 (452.193.000) 2022-04-05 12:33:58 Image size of job updated: 845680
	320  -  MemoryUsage of job (MB)
	326700  -  ResidentSetSize of job (KB)
...
006 (452.193.000) 2022-04-05 13:09:00 Image size of job updated: 845680
	320  -  MemoryUsage of job (MB)
	326832  -  ResidentSetSize of job (KB)
...
006 (452.193.000) 2022-04-05 13:19:02 Image size of job updated: 845680
	320  -  MemoryUsage of job (MB)
	326964  -  ResidentSetSize of job (KB)
...
006 (452.193.000) 2022-04-05 13:24:02 Image size of job updated: 845680
	320  -  MemoryUsage of job (MB)
	327096  -  ResidentSetSize of job (KB)
...
006 (452.193.000) 2022-04-05 13:39:04 Image size of job updated: 845680
	320  -  MemoryUsage of job (MB)
	327228  -  ResidentSetSize of job (KB)
...
006 (452.193.000) 2022-04-05 13:54:06 Image size of job updated: 845680
	320  -  MemoryUsage of job (MB)
	327360  -  ResidentSetSize of job (KB)
...
006 (452.193.000) 2022-04-05 13:59:06 Image size of job updated: 845680
	320  -  MemoryUsage of job (MB)
	327492  -  ResidentSetSize of job (KB)
...
006 (452.193.000) 2022-04-05 14:09:07 Image size of job updated: 845680
	320  -  MemoryUsage of job (MB)
	327624  -  ResidentSetSize of job (KB)
...
006 (452.193.000) 2022-04-05 14:14:07 Image size of job updated: 845680
	321  -  MemoryUsage of job (MB)
	327756  -  ResidentSetSize of job (KB)
...
006 (452.193.000) 2022-04-05 14:19:08 Image size of job updated: 845680
	321  -  MemoryUsage of job (MB)
	327888  -  ResidentSetSize of job (KB)
...
006 (452.193.000) 2022-04-05 14:29:08 Image size of job updated: 845680
	321  -  MemoryUsage of job (MB)
	328020  -  ResidentSetSize of job (KB)
...
006 (452.193.000) 2022-04-05 14:34:09 Image size of job updated: 845680
	321  -  MemoryUsage of job (MB)
	328152  -  ResidentSetSize of job (KB)
...
006 (452.193.000) 2022-04-05 14:44:10 Image size of job updated: 845680
	321  -  MemoryUsage of job (MB)
	328284  -  ResidentSetSize of job (KB)
...
006 (452.193.000) 2022-04-05 14:49:10 Image size of job updated: 845680
	321  -  MemoryUsage of job (MB)
	328416  -  ResidentSetSize of job (KB)
...
006 (452.193.000) 2022-04-05 14:54:11 Image size of job updated: 845680
	321  -  MemoryUsage of job (MB)
	328548  -  ResidentSetSize of job (KB)
...
006 (452.193.000) 2022-04-05 14:59:11 Image size of job updated: 845680
	321  -  MemoryUsage of job (MB)
	328680  -  ResidentSetSize of job (KB)
...
006 (452.193.000) 2022-04-05 15:04:12 Image size of job updated: 845680
	322  -  MemoryUsage of job (MB)
	328944  -  ResidentSetSize of job (KB)
...
006 (452.193.000) 2022-04-05 15:09:13 Image size of job updated: 845680
	322  -  MemoryUsage of job (MB)
	329076  -  ResidentSetSize of job (KB)
...
006 (452.193.000) 2022-04-05 15:14:13 Image size of job updated: 845680
	322  -  MemoryUsage of job (MB)
	329208  -  ResidentSetSize of job (KB)
...
005 (452.193.000) 2022-04-05 15:17:27 Job terminated.
	(1) Normal termination (return value 0)
		Usr 0 05:52:12, Sys 0 00:01:25  -  Run Remote Usage
		Usr 0 00:00:00, Sys 0 00:00:00  -  Run Local Usage
		Usr 0 05:52:12, Sys 0 00:01:25  -  Total Remote Usage
		Usr 0 00:00:00, Sys 0 00:00:00  -  Total Local Usage
	0  -  Run Bytes Sent By Job
	0  -  Run Bytes Received By Job
	0  -  Total Bytes Sent By Job
	0  -  Total Bytes Received By Job
	Partitionable Resources :    Usage  Request Allocated 
	   Cpus                 :     1.00        1         1 
	   Disk (KB)            :  7500        7500     11005 
	   Memory (MB)          :   322        1024      1024 

	Job terminated of its own accord at 2022-04-05T13:17:27Z with exit-code 0.
...
