000 (452.349.000) 2022-04-05 09:23:25 Job submitted from host: <10.18.24.243:9618?addrs=10.18.24.243-9618&alias=ecoclusts01.bioclust.biologie.ens.fr&noUDP&sock=schedd_1052_29b8>
...
001 (452.349.000) 2022-04-05 12:59:00 Job executing on host: <10.18.24.176:9618?addrs=10.18.24.176-9618&alias=mcbsclust05.bioclust.biologie.ens.fr&noUDP&sock=startd_869_a3e3>
...
006 (452.349.000) 2022-04-05 12:59:09 Image size of job updated: 428100
	317  -  MemoryUsage of job (MB)
	324104  -  ResidentSetSize of job (KB)
...
006 (452.349.000) 2022-04-05 13:04:10 Image size of job updated: 741620
	317  -  MemoryUsage of job (MB)
	324128  -  ResidentSetSize of job (KB)
...
006 (452.349.000) 2022-04-05 13:14:10 Image size of job updated: 774388
	317  -  MemoryUsage of job (MB)
	324128  -  ResidentSetSize of job (KB)
...
006 (452.349.000) 2022-04-05 14:04:14 Image size of job updated: 774644
	317  -  MemoryUsage of job (MB)
	324128  -  ResidentSetSize of job (KB)
...
006 (452.349.000) 2022-04-05 14:09:15 Image size of job updated: 774644
	317  -  MemoryUsage of job (MB)
	324260  -  ResidentSetSize of job (KB)
...
006 (452.349.000) 2022-04-05 14:14:16 Image size of job updated: 774644
	317  -  MemoryUsage of job (MB)
	324392  -  ResidentSetSize of job (KB)
...
006 (452.349.000) 2022-04-05 14:19:16 Image size of job updated: 774900
	317  -  MemoryUsage of job (MB)
	324392  -  ResidentSetSize of job (KB)
...
006 (452.349.000) 2022-04-05 14:24:16 Image size of job updated: 774900
	317  -  MemoryUsage of job (MB)
	324524  -  ResidentSetSize of job (KB)
...
006 (452.349.000) 2022-04-05 14:29:17 Image size of job updated: 775156
	318  -  MemoryUsage of job (MB)
	324656  -  ResidentSetSize of job (KB)
...
006 (452.349.000) 2022-04-05 14:34:17 Image size of job updated: 775156
	318  -  MemoryUsage of job (MB)
	324788  -  ResidentSetSize of job (KB)
...
006 (452.349.000) 2022-04-05 14:39:17 Image size of job updated: 775156
	318  -  MemoryUsage of job (MB)
	324920  -  ResidentSetSize of job (KB)
...
006 (452.349.000) 2022-04-05 14:44:18 Image size of job updated: 775412
	318  -  MemoryUsage of job (MB)
	324920  -  ResidentSetSize of job (KB)
...
006 (452.349.000) 2022-04-05 14:49:19 Image size of job updated: 775412
	318  -  MemoryUsage of job (MB)
	325052  -  ResidentSetSize of job (KB)
...
006 (452.349.000) 2022-04-05 14:54:19 Image size of job updated: 775668
	318  -  MemoryUsage of job (MB)
	325184  -  ResidentSetSize of job (KB)
...
006 (452.349.000) 2022-04-05 14:59:19 Image size of job updated: 775668
	318  -  MemoryUsage of job (MB)
	325316  -  ResidentSetSize of job (KB)
...
006 (452.349.000) 2022-04-05 15:04:20 Image size of job updated: 775924
	318  -  MemoryUsage of job (MB)
	325448  -  ResidentSetSize of job (KB)
...
006 (452.349.000) 2022-04-05 15:09:20 Image size of job updated: 775924
	318  -  MemoryUsage of job (MB)
	325580  -  ResidentSetSize of job (KB)
...
006 (452.349.000) 2022-04-05 15:14:20 Image size of job updated: 776180
	319  -  MemoryUsage of job (MB)
	325712  -  ResidentSetSize of job (KB)
...
006 (452.349.000) 2022-04-05 15:19:21 Image size of job updated: 776180
	319  -  MemoryUsage of job (MB)
	325844  -  ResidentSetSize of job (KB)
...
006 (452.349.000) 2022-04-05 15:24:22 Image size of job updated: 776436
	319  -  MemoryUsage of job (MB)
	325976  -  ResidentSetSize of job (KB)
...
006 (452.349.000) 2022-04-05 15:29:22 Image size of job updated: 776436
	319  -  MemoryUsage of job (MB)
	326108  -  ResidentSetSize of job (KB)
...
006 (452.349.000) 2022-04-05 15:34:23 Image size of job updated: 776692
	319  -  MemoryUsage of job (MB)
	326240  -  ResidentSetSize of job (KB)
...
006 (452.349.000) 2022-04-05 15:39:24 Image size of job updated: 776692
	319  -  MemoryUsage of job (MB)
	326372  -  ResidentSetSize of job (KB)
...
006 (452.349.000) 2022-04-05 15:44:24 Image size of job updated: 776948
	319  -  MemoryUsage of job (MB)
	326504  -  ResidentSetSize of job (KB)
...
006 (452.349.000) 2022-04-05 16:04:26 Image size of job updated: 776948
	319  -  MemoryUsage of job (MB)
	326592  -  ResidentSetSize of job (KB)
...
006 (452.349.000) 2022-04-05 16:09:27 Image size of job updated: 777204
	320  -  MemoryUsage of job (MB)
	326724  -  ResidentSetSize of job (KB)
...
006 (452.349.000) 2022-04-05 16:14:28 Image size of job updated: 777204
	320  -  MemoryUsage of job (MB)
	326856  -  ResidentSetSize of job (KB)
...
006 (452.349.000) 2022-04-05 16:24:28 Image size of job updated: 777460
	320  -  MemoryUsage of job (MB)
	326988  -  ResidentSetSize of job (KB)
...
006 (452.349.000) 2022-04-05 16:29:29 Image size of job updated: 777460
	320  -  MemoryUsage of job (MB)
	327120  -  ResidentSetSize of job (KB)
...
006 (452.349.000) 2022-04-05 16:34:30 Image size of job updated: 777716
	320  -  MemoryUsage of job (MB)
	327252  -  ResidentSetSize of job (KB)
...
006 (452.349.000) 2022-04-05 16:39:30 Image size of job updated: 777716
	320  -  MemoryUsage of job (MB)
	327384  -  ResidentSetSize of job (KB)
...
006 (452.349.000) 2022-04-05 16:44:31 Image size of job updated: 777972
	320  -  MemoryUsage of job (MB)
	327516  -  ResidentSetSize of job (KB)
...
006 (452.349.000) 2022-04-05 16:54:32 Image size of job updated: 777972
	320  -  MemoryUsage of job (MB)
	327648  -  ResidentSetSize of job (KB)
...
006 (452.349.000) 2022-04-05 16:59:32 Image size of job updated: 778228
	321  -  MemoryUsage of job (MB)
	327780  -  ResidentSetSize of job (KB)
...
006 (452.349.000) 2022-04-05 17:04:33 Image size of job updated: 778228
	321  -  MemoryUsage of job (MB)
	327912  -  ResidentSetSize of job (KB)
...
006 (452.349.000) 2022-04-05 17:09:34 Image size of job updated: 778484
	321  -  MemoryUsage of job (MB)
	328044  -  ResidentSetSize of job (KB)
...
006 (452.349.000) 2022-04-05 17:19:35 Image size of job updated: 778484
	321  -  MemoryUsage of job (MB)
	328176  -  ResidentSetSize of job (KB)
...
006 (452.349.000) 2022-04-05 17:24:36 Image size of job updated: 778740
	321  -  MemoryUsage of job (MB)
	328308  -  ResidentSetSize of job (KB)
...
006 (452.349.000) 2022-04-05 17:29:36 Image size of job updated: 778740
	321  -  MemoryUsage of job (MB)
	328440  -  ResidentSetSize of job (KB)
...
006 (452.349.000) 2022-04-05 17:34:36 Image size of job updated: 778996
	321  -  MemoryUsage of job (MB)
	328572  -  ResidentSetSize of job (KB)
...
006 (452.349.000) 2022-04-05 17:44:38 Image size of job updated: 779252
	321  -  MemoryUsage of job (MB)
	328704  -  ResidentSetSize of job (KB)
...
006 (452.349.000) 2022-04-05 17:49:38 Image size of job updated: 779252
	322  -  MemoryUsage of job (MB)
	328836  -  ResidentSetSize of job (KB)
...
006 (452.349.000) 2022-04-05 17:54:39 Image size of job updated: 779252
	322  -  MemoryUsage of job (MB)
	328968  -  ResidentSetSize of job (KB)
...
006 (452.349.000) 2022-04-05 17:59:40 Image size of job updated: 779508
	322  -  MemoryUsage of job (MB)
	329100  -  ResidentSetSize of job (KB)
...
006 (452.349.000) 2022-04-05 18:04:40 Image size of job updated: 779508
	322  -  MemoryUsage of job (MB)
	329232  -  ResidentSetSize of job (KB)
...
006 (452.349.000) 2022-04-05 18:09:38 Image size of job updated: 779764
	322  -  MemoryUsage of job (MB)
	329232  -  ResidentSetSize of job (KB)
...
005 (452.349.000) 2022-04-05 18:09:38 Job terminated.
	(1) Normal termination (return value 0)
		Usr 0 05:09:49, Sys 0 00:00:14  -  Run Remote Usage
		Usr 0 00:00:00, Sys 0 00:00:00  -  Run Local Usage
		Usr 0 05:09:49, Sys 0 00:00:14  -  Total Remote Usage
		Usr 0 00:00:00, Sys 0 00:00:00  -  Total Local Usage
	0  -  Run Bytes Sent By Job
	0  -  Run Bytes Received By Job
	0  -  Total Bytes Sent By Job
	0  -  Total Bytes Received By Job
	Partitionable Resources :    Usage  Request Allocated 
	   Cpus                 :     1.00        1         1 
	   Disk (KB)            :  7500        7500     11001 
	   Memory (MB)          :   322        1024      1024 

	Job terminated of its own accord at 2022-04-05T16:09:38Z with exit-code 0.
...
