000 (452.392.000) 2022-04-05 09:23:25 Job submitted from host: <10.18.24.243:9618?addrs=10.18.24.243-9618&alias=ecoclusts01.bioclust.biologie.ens.fr&noUDP&sock=schedd_1052_29b8>
...
001 (452.392.000) 2022-04-05 13:29:01 Job executing on host: <10.18.24.176:9618?addrs=10.18.24.176-9618&alias=mcbsclust05.bioclust.biologie.ens.fr&noUDP&sock=startd_869_a3e3>
...
006 (452.392.000) 2022-04-05 13:29:10 Image size of job updated: 320552
	239  -  MemoryUsage of job (MB)
	243812  -  ResidentSetSize of job (KB)
...
006 (452.392.000) 2022-04-05 13:34:11 Image size of job updated: 741876
	317  -  MemoryUsage of job (MB)
	324216  -  ResidentSetSize of job (KB)
...
006 (452.392.000) 2022-04-05 13:39:12 Image size of job updated: 774644
	317  -  MemoryUsage of job (MB)
	324304  -  ResidentSetSize of job (KB)
...
006 (452.392.000) 2022-04-05 14:44:17 Image size of job updated: 774900
	317  -  MemoryUsage of job (MB)
	324304  -  ResidentSetSize of job (KB)
...
006 (452.392.000) 2022-04-05 14:49:18 Image size of job updated: 774900
	317  -  MemoryUsage of job (MB)
	324436  -  ResidentSetSize of job (KB)
...
006 (452.392.000) 2022-04-05 14:54:18 Image size of job updated: 774900
	317  -  MemoryUsage of job (MB)
	324568  -  ResidentSetSize of job (KB)
...
006 (452.392.000) 2022-04-05 14:59:18 Image size of job updated: 775156
	317  -  MemoryUsage of job (MB)
	324568  -  ResidentSetSize of job (KB)
...
006 (452.392.000) 2022-04-05 15:04:19 Image size of job updated: 775156
	318  -  MemoryUsage of job (MB)
	324700  -  ResidentSetSize of job (KB)
...
006 (452.392.000) 2022-04-05 15:09:20 Image size of job updated: 775156
	318  -  MemoryUsage of job (MB)
	324832  -  ResidentSetSize of job (KB)
...
006 (452.392.000) 2022-04-05 15:14:20 Image size of job updated: 775412
	318  -  MemoryUsage of job (MB)
	324964  -  ResidentSetSize of job (KB)
...
006 (452.392.000) 2022-04-05 15:19:20 Image size of job updated: 775412
	318  -  MemoryUsage of job (MB)
	325096  -  ResidentSetSize of job (KB)
...
006 (452.392.000) 2022-04-05 15:24:21 Image size of job updated: 775668
	318  -  MemoryUsage of job (MB)
	325228  -  ResidentSetSize of job (KB)
...
006 (452.392.000) 2022-04-05 15:29:21 Image size of job updated: 775668
	318  -  MemoryUsage of job (MB)
	325360  -  ResidentSetSize of job (KB)
...
006 (452.392.000) 2022-04-05 15:34:21 Image size of job updated: 775924
	318  -  MemoryUsage of job (MB)
	325360  -  ResidentSetSize of job (KB)
...
006 (452.392.000) 2022-04-05 15:39:22 Image size of job updated: 775924
	318  -  MemoryUsage of job (MB)
	325492  -  ResidentSetSize of job (KB)
...
006 (452.392.000) 2022-04-05 15:44:23 Image size of job updated: 776180
	318  -  MemoryUsage of job (MB)
	325624  -  ResidentSetSize of job (KB)
...
006 (452.392.000) 2022-04-05 15:49:23 Image size of job updated: 776180
	319  -  MemoryUsage of job (MB)
	325756  -  ResidentSetSize of job (KB)
...
006 (452.392.000) 2022-04-05 15:54:23 Image size of job updated: 776180
	319  -  MemoryUsage of job (MB)
	325888  -  ResidentSetSize of job (KB)
...
006 (452.392.000) 2022-04-05 15:59:24 Image size of job updated: 776436
	319  -  MemoryUsage of job (MB)
	326020  -  ResidentSetSize of job (KB)
...
006 (452.392.000) 2022-04-05 16:09:24 Image size of job updated: 776692
	319  -  MemoryUsage of job (MB)
	326152  -  ResidentSetSize of job (KB)
...
006 (452.392.000) 2022-04-05 16:14:25 Image size of job updated: 776692
	319  -  MemoryUsage of job (MB)
	326284  -  ResidentSetSize of job (KB)
...
006 (452.392.000) 2022-04-05 16:19:26 Image size of job updated: 776948
	319  -  MemoryUsage of job (MB)
	326416  -  ResidentSetSize of job (KB)
...
006 (452.392.000) 2022-04-05 16:24:26 Image size of job updated: 776948
	319  -  MemoryUsage of job (MB)
	326548  -  ResidentSetSize of job (KB)
...
006 (452.392.000) 2022-04-05 16:49:29 Image size of job updated: 777204
	320  -  MemoryUsage of job (MB)
	326680  -  ResidentSetSize of job (KB)
...
006 (452.392.000) 2022-04-05 16:54:30 Image size of job updated: 777204
	320  -  MemoryUsage of job (MB)
	326812  -  ResidentSetSize of job (KB)
...
006 (452.392.000) 2022-04-05 16:59:30 Image size of job updated: 777204
	320  -  MemoryUsage of job (MB)
	326944  -  ResidentSetSize of job (KB)
...
006 (452.392.000) 2022-04-05 17:04:30 Image size of job updated: 777460
	320  -  MemoryUsage of job (MB)
	326944  -  ResidentSetSize of job (KB)
...
006 (452.392.000) 2022-04-05 17:09:31 Image size of job updated: 777460
	320  -  MemoryUsage of job (MB)
	327076  -  ResidentSetSize of job (KB)
...
006 (452.392.000) 2022-04-05 17:14:31 Image size of job updated: 777716
	320  -  MemoryUsage of job (MB)
	327208  -  ResidentSetSize of job (KB)
...
006 (452.392.000) 2022-04-05 17:19:31 Image size of job updated: 777716
	320  -  MemoryUsage of job (MB)
	327340  -  ResidentSetSize of job (KB)
...
006 (452.392.000) 2022-04-05 17:24:32 Image size of job updated: 777716
	320  -  MemoryUsage of job (MB)
	327472  -  ResidentSetSize of job (KB)
...
006 (452.392.000) 2022-04-05 17:29:33 Image size of job updated: 777972
	320  -  MemoryUsage of job (MB)
	327472  -  ResidentSetSize of job (KB)
...
006 (452.392.000) 2022-04-05 17:34:33 Image size of job updated: 777972
	320  -  MemoryUsage of job (MB)
	327604  -  ResidentSetSize of job (KB)
...
006 (452.392.000) 2022-04-05 17:39:34 Image size of job updated: 778228
	321  -  MemoryUsage of job (MB)
	327736  -  ResidentSetSize of job (KB)
...
006 (452.392.000) 2022-04-05 17:44:35 Image size of job updated: 778228
	321  -  MemoryUsage of job (MB)
	327868  -  ResidentSetSize of job (KB)
...
006 (452.392.000) 2022-04-05 17:54:35 Image size of job updated: 778484
	321  -  MemoryUsage of job (MB)
	328000  -  ResidentSetSize of job (KB)
...
006 (452.392.000) 2022-04-05 17:59:36 Image size of job updated: 778484
	321  -  MemoryUsage of job (MB)
	328132  -  ResidentSetSize of job (KB)
...
006 (452.392.000) 2022-04-05 18:04:37 Image size of job updated: 778740
	321  -  MemoryUsage of job (MB)
	328264  -  ResidentSetSize of job (KB)
...
006 (452.392.000) 2022-04-05 18:14:38 Image size of job updated: 778740
	321  -  MemoryUsage of job (MB)
	328396  -  ResidentSetSize of job (KB)
...
006 (452.392.000) 2022-04-05 18:19:39 Image size of job updated: 778996
	321  -  MemoryUsage of job (MB)
	328528  -  ResidentSetSize of job (KB)
...
006 (452.392.000) 2022-04-05 18:24:39 Image size of job updated: 778996
	321  -  MemoryUsage of job (MB)
	328660  -  ResidentSetSize of job (KB)
...
006 (452.392.000) 2022-04-05 18:34:40 Image size of job updated: 779252
	322  -  MemoryUsage of job (MB)
	328792  -  ResidentSetSize of job (KB)
...
006 (452.392.000) 2022-04-05 18:39:41 Image size of job updated: 779252
	322  -  MemoryUsage of job (MB)
	328924  -  ResidentSetSize of job (KB)
...
006 (452.392.000) 2022-04-05 18:44:41 Image size of job updated: 779508
	322  -  MemoryUsage of job (MB)
	329056  -  ResidentSetSize of job (KB)
...
006 (452.392.000) 2022-04-05 18:54:43 Image size of job updated: 779508
	322  -  MemoryUsage of job (MB)
	329188  -  ResidentSetSize of job (KB)
...
006 (452.392.000) 2022-04-05 18:57:22 Image size of job updated: 779764
	322  -  MemoryUsage of job (MB)
	329188  -  ResidentSetSize of job (KB)
...
005 (452.392.000) 2022-04-05 18:57:22 Job terminated.
	(1) Normal termination (return value 0)
		Usr 0 05:27:18, Sys 0 00:00:15  -  Run Remote Usage
		Usr 0 00:00:00, Sys 0 00:00:00  -  Run Local Usage
		Usr 0 05:27:18, Sys 0 00:00:15  -  Total Remote Usage
		Usr 0 00:00:00, Sys 0 00:00:00  -  Total Local Usage
	0  -  Run Bytes Sent By Job
	0  -  Run Bytes Received By Job
	0  -  Total Bytes Sent By Job
	0  -  Total Bytes Received By Job
	Partitionable Resources :    Usage  Request Allocated 
	   Cpus                 :     1.00        1         1 
	   Disk (KB)            :  7500        7500     11001 
	   Memory (MB)          :   322        1024      1024 

	Job terminated of its own accord at 2022-04-05T16:57:22Z with exit-code 0.
...
