000 (452.984.000) 2022-04-05 09:23:28 Job submitted from host: <10.18.24.243:9618?addrs=10.18.24.243-9618&alias=ecoclusts01.bioclust.biologie.ens.fr&noUDP&sock=schedd_1052_29b8>
...
001 (452.984.000) 2022-04-06 03:44:57 Job executing on host: <10.18.24.135:9618?addrs=10.18.24.135-9618&alias=dyoclust08.bioclust.biologie.ens.fr&noUDP&sock=startd_793_82b1>
...
006 (452.984.000) 2022-04-06 03:45:06 Image size of job updated: 320304
	313  -  MemoryUsage of job (MB)
	320304  -  ResidentSetSize of job (KB)
...
006 (452.984.000) 2022-04-06 03:50:07 Image size of job updated: 741624
	313  -  MemoryUsage of job (MB)
	320436  -  ResidentSetSize of job (KB)
...
006 (452.984.000) 2022-04-06 03:55:07 Image size of job updated: 774392
	317  -  MemoryUsage of job (MB)
	324096  -  ResidentSetSize of job (KB)
...
006 (452.984.000) 2022-04-06 04:25:10 Image size of job updated: 774648
	317  -  MemoryUsage of job (MB)
	324228  -  ResidentSetSize of job (KB)
...
006 (452.984.000) 2022-04-06 04:30:11 Image size of job updated: 774904
	317  -  MemoryUsage of job (MB)
	324492  -  ResidentSetSize of job (KB)
...
006 (452.984.000) 2022-04-06 04:35:11 Image size of job updated: 775160
	318  -  MemoryUsage of job (MB)
	324624  -  ResidentSetSize of job (KB)
...
006 (452.984.000) 2022-04-06 04:40:11 Image size of job updated: 775160
	318  -  MemoryUsage of job (MB)
	324888  -  ResidentSetSize of job (KB)
...
006 (452.984.000) 2022-04-06 04:45:12 Image size of job updated: 775416
	318  -  MemoryUsage of job (MB)
	325152  -  ResidentSetSize of job (KB)
...
006 (452.984.000) 2022-04-06 04:50:13 Image size of job updated: 775672
	318  -  MemoryUsage of job (MB)
	325284  -  ResidentSetSize of job (KB)
...
006 (452.984.000) 2022-04-06 04:55:13 Image size of job updated: 775928
	318  -  MemoryUsage of job (MB)
	325548  -  ResidentSetSize of job (KB)
...
006 (452.984.000) 2022-04-06 05:00:13 Image size of job updated: 776184
	319  -  MemoryUsage of job (MB)
	325680  -  ResidentSetSize of job (KB)
...
006 (452.984.000) 2022-04-06 05:05:14 Image size of job updated: 776440
	319  -  MemoryUsage of job (MB)
	325944  -  ResidentSetSize of job (KB)
...
006 (452.984.000) 2022-04-06 05:10:15 Image size of job updated: 776696
	319  -  MemoryUsage of job (MB)
	326208  -  ResidentSetSize of job (KB)
...
006 (452.984.000) 2022-04-06 05:15:15 Image size of job updated: 776696
	319  -  MemoryUsage of job (MB)
	326340  -  ResidentSetSize of job (KB)
...
006 (452.984.000) 2022-04-06 05:20:15 Image size of job updated: 776952
	319  -  MemoryUsage of job (MB)
	326604  -  ResidentSetSize of job (KB)
...
006 (452.984.000) 2022-04-06 05:30:17 Image size of job updated: 777208
	320  -  MemoryUsage of job (MB)
	326724  -  ResidentSetSize of job (KB)
...
006 (452.984.000) 2022-04-06 05:35:17 Image size of job updated: 777208
	320  -  MemoryUsage of job (MB)
	326856  -  ResidentSetSize of job (KB)
...
006 (452.984.000) 2022-04-06 05:40:17 Image size of job updated: 777464
	320  -  MemoryUsage of job (MB)
	327120  -  ResidentSetSize of job (KB)
...
006 (452.984.000) 2022-04-06 05:45:18 Image size of job updated: 777720
	320  -  MemoryUsage of job (MB)
	327252  -  ResidentSetSize of job (KB)
...
006 (452.984.000) 2022-04-06 05:50:19 Image size of job updated: 777976
	320  -  MemoryUsage of job (MB)
	327516  -  ResidentSetSize of job (KB)
...
006 (452.984.000) 2022-04-06 05:55:19 Image size of job updated: 777976
	320  -  MemoryUsage of job (MB)
	327648  -  ResidentSetSize of job (KB)
...
006 (452.984.000) 2022-04-06 06:00:19 Image size of job updated: 778232
	321  -  MemoryUsage of job (MB)
	327912  -  ResidentSetSize of job (KB)
...
006 (452.984.000) 2022-04-06 06:05:20 Image size of job updated: 778488
	321  -  MemoryUsage of job (MB)
	328044  -  ResidentSetSize of job (KB)
...
006 (452.984.000) 2022-04-06 06:10:21 Image size of job updated: 778744
	321  -  MemoryUsage of job (MB)
	328308  -  ResidentSetSize of job (KB)
...
006 (452.984.000) 2022-04-06 06:15:22 Image size of job updated: 778744
	321  -  MemoryUsage of job (MB)
	328440  -  ResidentSetSize of job (KB)
...
006 (452.984.000) 2022-04-06 06:20:22 Image size of job updated: 779000
	321  -  MemoryUsage of job (MB)
	328572  -  ResidentSetSize of job (KB)
...
006 (452.984.000) 2022-04-06 06:25:22 Image size of job updated: 779256
	322  -  MemoryUsage of job (MB)
	328836  -  ResidentSetSize of job (KB)
...
006 (452.984.000) 2022-04-06 06:30:23 Image size of job updated: 779512
	322  -  MemoryUsage of job (MB)
	328968  -  ResidentSetSize of job (KB)
...
006 (452.984.000) 2022-04-06 06:35:23 Image size of job updated: 779512
	322  -  MemoryUsage of job (MB)
	329232  -  ResidentSetSize of job (KB)
...
006 (452.984.000) 2022-04-06 06:36:56 Image size of job updated: 779768
	322  -  MemoryUsage of job (MB)
	329232  -  ResidentSetSize of job (KB)
...
005 (452.984.000) 2022-04-06 06:36:56 Job terminated.
	(1) Normal termination (return value 0)
		Usr 0 02:51:24, Sys 0 00:00:26  -  Run Remote Usage
		Usr 0 00:00:00, Sys 0 00:00:00  -  Run Local Usage
		Usr 0 02:51:24, Sys 0 00:00:26  -  Total Remote Usage
		Usr 0 00:00:00, Sys 0 00:00:00  -  Total Local Usage
	0  -  Run Bytes Sent By Job
	0  -  Run Bytes Received By Job
	0  -  Total Bytes Sent By Job
	0  -  Total Bytes Received By Job
	Partitionable Resources :    Usage  Request Allocated 
	   Cpus                 :     1.00        1         1 
	   Disk (KB)            :  7500        7500     10998 
	   Memory (MB)          :   322        1024      1024 

	Job terminated of its own accord at 2022-04-06T04:36:56Z with exit-code 0.
...
