000 (452.505.000) 2022-04-05 09:23:26 Job submitted from host: <10.18.24.243:9618?addrs=10.18.24.243-9618&alias=ecoclusts01.bioclust.biologie.ens.fr&noUDP&sock=schedd_1052_29b8>
...
001 (452.505.000) 2022-04-05 17:42:22 Job executing on host: <10.18.24.148:9618?addrs=10.18.24.148-9618&alias=dyoclust21.bioclust.biologie.ens.fr&noUDP&sock=startd_1062_05ab>
...
006 (452.505.000) 2022-04-05 17:42:30 Image size of job updated: 126748
	63  -  MemoryUsage of job (MB)
	63812  -  ResidentSetSize of job (KB)
...
006 (452.505.000) 2022-04-05 17:47:30 Image size of job updated: 741620
	284  -  MemoryUsage of job (MB)
	290436  -  ResidentSetSize of job (KB)
...
006 (452.505.000) 2022-04-05 17:52:31 Image size of job updated: 741620
	317  -  MemoryUsage of job (MB)
	323688  -  ResidentSetSize of job (KB)
...
006 (452.505.000) 2022-04-05 17:57:32 Image size of job updated: 774388
	317  -  MemoryUsage of job (MB)
	323688  -  ResidentSetSize of job (KB)
...
006 (452.505.000) 2022-04-05 19:07:38 Image size of job updated: 774644
	317  -  MemoryUsage of job (MB)
	323688  -  ResidentSetSize of job (KB)
...
006 (452.505.000) 2022-04-05 19:12:38 Image size of job updated: 774644
	317  -  MemoryUsage of job (MB)
	323820  -  ResidentSetSize of job (KB)
...
006 (452.505.000) 2022-04-05 19:17:39 Image size of job updated: 774644
	317  -  MemoryUsage of job (MB)
	323952  -  ResidentSetSize of job (KB)
...
006 (452.505.000) 2022-04-05 19:22:40 Image size of job updated: 774900
	317  -  MemoryUsage of job (MB)
	324084  -  ResidentSetSize of job (KB)
...
006 (452.505.000) 2022-04-05 19:27:40 Image size of job updated: 774900
	317  -  MemoryUsage of job (MB)
	324216  -  ResidentSetSize of job (KB)
...
006 (452.505.000) 2022-04-05 19:32:41 Image size of job updated: 775156
	317  -  MemoryUsage of job (MB)
	324216  -  ResidentSetSize of job (KB)
...
006 (452.505.000) 2022-04-05 19:37:42 Image size of job updated: 775156
	317  -  MemoryUsage of job (MB)
	324348  -  ResidentSetSize of job (KB)
...
006 (452.505.000) 2022-04-05 19:42:42 Image size of job updated: 775156
	317  -  MemoryUsage of job (MB)
	324480  -  ResidentSetSize of job (KB)
...
006 (452.505.000) 2022-04-05 19:47:43 Image size of job updated: 775412
	318  -  MemoryUsage of job (MB)
	324612  -  ResidentSetSize of job (KB)
...
006 (452.505.000) 2022-04-05 19:57:44 Image size of job updated: 775668
	318  -  MemoryUsage of job (MB)
	324876  -  ResidentSetSize of job (KB)
...
006 (452.505.000) 2022-04-05 20:02:44 Image size of job updated: 775924
	318  -  MemoryUsage of job (MB)
	325008  -  ResidentSetSize of job (KB)
...
006 (452.505.000) 2022-04-05 20:07:45 Image size of job updated: 775924
	318  -  MemoryUsage of job (MB)
	325140  -  ResidentSetSize of job (KB)
...
006 (452.505.000) 2022-04-05 20:12:46 Image size of job updated: 776180
	318  -  MemoryUsage of job (MB)
	325272  -  ResidentSetSize of job (KB)
...
006 (452.505.000) 2022-04-05 20:17:46 Image size of job updated: 776180
	318  -  MemoryUsage of job (MB)
	325404  -  ResidentSetSize of job (KB)
...
006 (452.505.000) 2022-04-05 20:22:46 Image size of job updated: 776436
	318  -  MemoryUsage of job (MB)
	325536  -  ResidentSetSize of job (KB)
...
006 (452.505.000) 2022-04-05 20:32:47 Image size of job updated: 776436
	319  -  MemoryUsage of job (MB)
	325668  -  ResidentSetSize of job (KB)
...
006 (452.505.000) 2022-04-05 20:37:47 Image size of job updated: 776692
	319  -  MemoryUsage of job (MB)
	325800  -  ResidentSetSize of job (KB)
...
006 (452.505.000) 2022-04-05 20:42:48 Image size of job updated: 776692
	319  -  MemoryUsage of job (MB)
	325932  -  ResidentSetSize of job (KB)
...
006 (452.505.000) 2022-04-05 20:47:49 Image size of job updated: 776948
	319  -  MemoryUsage of job (MB)
	326064  -  ResidentSetSize of job (KB)
...
006 (452.505.000) 2022-04-05 20:52:49 Image size of job updated: 776948
	319  -  MemoryUsage of job (MB)
	326196  -  ResidentSetSize of job (KB)
...
006 (452.505.000) 2022-04-05 21:12:50 Image size of job updated: 776948
	319  -  MemoryUsage of job (MB)
	326292  -  ResidentSetSize of job (KB)
...
006 (452.505.000) 2022-04-05 21:17:51 Image size of job updated: 777204
	319  -  MemoryUsage of job (MB)
	326292  -  ResidentSetSize of job (KB)
...
006 (452.505.000) 2022-04-05 21:22:52 Image size of job updated: 777204
	319  -  MemoryUsage of job (MB)
	326424  -  ResidentSetSize of job (KB)
...
006 (452.505.000) 2022-04-05 21:27:52 Image size of job updated: 777460
	319  -  MemoryUsage of job (MB)
	326556  -  ResidentSetSize of job (KB)
...
006 (452.505.000) 2022-04-05 21:32:53 Image size of job updated: 777460
	320  -  MemoryUsage of job (MB)
	326688  -  ResidentSetSize of job (KB)
...
006 (452.505.000) 2022-04-05 21:37:54 Image size of job updated: 777716
	320  -  MemoryUsage of job (MB)
	326820  -  ResidentSetSize of job (KB)
...
006 (452.505.000) 2022-04-05 21:42:54 Image size of job updated: 777716
	320  -  MemoryUsage of job (MB)
	326952  -  ResidentSetSize of job (KB)
...
006 (452.505.000) 2022-04-05 21:47:55 Image size of job updated: 777972
	320  -  MemoryUsage of job (MB)
	327084  -  ResidentSetSize of job (KB)
...
006 (452.505.000) 2022-04-05 21:52:56 Image size of job updated: 777972
	320  -  MemoryUsage of job (MB)
	327216  -  ResidentSetSize of job (KB)
...
006 (452.505.000) 2022-04-05 21:57:56 Image size of job updated: 778228
	320  -  MemoryUsage of job (MB)
	327216  -  ResidentSetSize of job (KB)
...
006 (452.505.000) 2022-04-05 22:02:56 Image size of job updated: 778228
	320  -  MemoryUsage of job (MB)
	327348  -  ResidentSetSize of job (KB)
...
006 (452.505.000) 2022-04-05 22:07:57 Image size of job updated: 778228
	320  -  MemoryUsage of job (MB)
	327480  -  ResidentSetSize of job (KB)
...
006 (452.505.000) 2022-04-05 22:12:57 Image size of job updated: 778484
	320  -  MemoryUsage of job (MB)
	327612  -  ResidentSetSize of job (KB)
...
006 (452.505.000) 2022-04-05 22:17:57 Image size of job updated: 778484
	321  -  MemoryUsage of job (MB)
	327744  -  ResidentSetSize of job (KB)
...
006 (452.505.000) 2022-04-05 22:27:58 Image size of job updated: 778740
	321  -  MemoryUsage of job (MB)
	327876  -  ResidentSetSize of job (KB)
...
006 (452.505.000) 2022-04-05 22:37:59 Image size of job updated: 778996
	321  -  MemoryUsage of job (MB)
	328008  -  ResidentSetSize of job (KB)
...
006 (452.505.000) 2022-04-05 22:43:00 Image size of job updated: 778996
	321  -  MemoryUsage of job (MB)
	328140  -  ResidentSetSize of job (KB)
...
006 (452.505.000) 2022-04-05 22:48:00 Image size of job updated: 778996
	321  -  MemoryUsage of job (MB)
	328272  -  ResidentSetSize of job (KB)
...
006 (452.505.000) 2022-04-05 22:53:01 Image size of job updated: 779252
	321  -  MemoryUsage of job (MB)
	328404  -  ResidentSetSize of job (KB)
...
006 (452.505.000) 2022-04-05 22:58:02 Image size of job updated: 779252
	321  -  MemoryUsage of job (MB)
	328536  -  ResidentSetSize of job (KB)
...
006 (452.505.000) 2022-04-05 23:03:02 Image size of job updated: 779508
	321  -  MemoryUsage of job (MB)
	328668  -  ResidentSetSize of job (KB)
...
006 (452.505.000) 2022-04-05 23:08:03 Image size of job updated: 779508
	322  -  MemoryUsage of job (MB)
	328800  -  ResidentSetSize of job (KB)
...
006 (452.505.000) 2022-04-05 23:11:45 Image size of job updated: 779764
	322  -  MemoryUsage of job (MB)
	328800  -  ResidentSetSize of job (KB)
...
005 (452.505.000) 2022-04-05 23:11:46 Job terminated.
	(1) Normal termination (return value 0)
		Usr 0 05:28:35, Sys 0 00:00:37  -  Run Remote Usage
		Usr 0 00:00:00, Sys 0 00:00:00  -  Run Local Usage
		Usr 0 05:28:35, Sys 0 00:00:37  -  Total Remote Usage
		Usr 0 00:00:00, Sys 0 00:00:00  -  Total Local Usage
	0  -  Run Bytes Sent By Job
	0  -  Run Bytes Received By Job
	0  -  Total Bytes Sent By Job
	0  -  Total Bytes Received By Job
	Partitionable Resources :    Usage  Request Allocated 
	   Cpus                 :     1.00        1         1 
	   Disk (KB)            :  7500        7500     10998 
	   Memory (MB)          :   322        1024      1024 

	Job terminated of its own accord at 2022-04-05T21:11:45Z with exit-code 0.
...
