000 (452.272.000) 2022-04-05 09:23:25 Job submitted from host: <10.18.24.243:9618?addrs=10.18.24.243-9618&alias=ecoclusts01.bioclust.biologie.ens.fr&noUDP&sock=schedd_1052_29b8>
...
001 (452.272.000) 2022-04-05 12:28:19 Job executing on host: <10.18.24.130:9618?addrs=10.18.24.130-9618&alias=dyoclust03.bioclust.biologie.ens.fr&noUDP&sock=startd_813_3a96>
...
006 (452.272.000) 2022-04-05 12:28:28 Image size of job updated: 118476
	116  -  MemoryUsage of job (MB)
	118476  -  ResidentSetSize of job (KB)
...
006 (452.272.000) 2022-04-05 12:33:29 Image size of job updated: 896308
	317  -  MemoryUsage of job (MB)
	324360  -  ResidentSetSize of job (KB)
...
006 (452.272.000) 2022-04-05 13:33:33 Image size of job updated: 896308
	318  -  MemoryUsage of job (MB)
	324624  -  ResidentSetSize of job (KB)
...
006 (452.272.000) 2022-04-05 13:38:34 Image size of job updated: 896308
	318  -  MemoryUsage of job (MB)
	324756  -  ResidentSetSize of job (KB)
...
006 (452.272.000) 2022-04-05 13:43:35 Image size of job updated: 896308
	318  -  MemoryUsage of job (MB)
	324888  -  ResidentSetSize of job (KB)
...
006 (452.272.000) 2022-04-05 13:48:35 Image size of job updated: 896308
	318  -  MemoryUsage of job (MB)
	325152  -  ResidentSetSize of job (KB)
...
006 (452.272.000) 2022-04-05 13:53:35 Image size of job updated: 896308
	318  -  MemoryUsage of job (MB)
	325284  -  ResidentSetSize of job (KB)
...
006 (452.272.000) 2022-04-05 13:58:36 Image size of job updated: 896308
	318  -  MemoryUsage of job (MB)
	325548  -  ResidentSetSize of job (KB)
...
006 (452.272.000) 2022-04-05 14:03:36 Image size of job updated: 896308
	319  -  MemoryUsage of job (MB)
	325680  -  ResidentSetSize of job (KB)
...
006 (452.272.000) 2022-04-05 14:08:36 Image size of job updated: 896308
	319  -  MemoryUsage of job (MB)
	325944  -  ResidentSetSize of job (KB)
...
006 (452.272.000) 2022-04-05 14:13:37 Image size of job updated: 896308
	319  -  MemoryUsage of job (MB)
	326208  -  ResidentSetSize of job (KB)
...
006 (452.272.000) 2022-04-05 14:18:38 Image size of job updated: 896308
	319  -  MemoryUsage of job (MB)
	326340  -  ResidentSetSize of job (KB)
...
006 (452.272.000) 2022-04-05 14:23:38 Image size of job updated: 896308
	319  -  MemoryUsage of job (MB)
	326604  -  ResidentSetSize of job (KB)
...
006 (452.272.000) 2022-04-05 14:33:40 Image size of job updated: 896308
	320  -  MemoryUsage of job (MB)
	326720  -  ResidentSetSize of job (KB)
...
006 (452.272.000) 2022-04-05 14:38:41 Image size of job updated: 896308
	320  -  MemoryUsage of job (MB)
	326852  -  ResidentSetSize of job (KB)
...
006 (452.272.000) 2022-04-05 14:43:41 Image size of job updated: 896308
	320  -  MemoryUsage of job (MB)
	326984  -  ResidentSetSize of job (KB)
...
006 (452.272.000) 2022-04-05 14:48:41 Image size of job updated: 896308
	320  -  MemoryUsage of job (MB)
	327248  -  ResidentSetSize of job (KB)
...
006 (452.272.000) 2022-04-05 14:53:42 Image size of job updated: 896308
	320  -  MemoryUsage of job (MB)
	327380  -  ResidentSetSize of job (KB)
...
006 (452.272.000) 2022-04-05 14:58:43 Image size of job updated: 896308
	320  -  MemoryUsage of job (MB)
	327644  -  ResidentSetSize of job (KB)
...
006 (452.272.000) 2022-04-05 15:03:43 Image size of job updated: 896308
	321  -  MemoryUsage of job (MB)
	327776  -  ResidentSetSize of job (KB)
...
006 (452.272.000) 2022-04-05 15:08:43 Image size of job updated: 896308
	321  -  MemoryUsage of job (MB)
	328040  -  ResidentSetSize of job (KB)
...
006 (452.272.000) 2022-04-05 15:13:44 Image size of job updated: 896308
	321  -  MemoryUsage of job (MB)
	328172  -  ResidentSetSize of job (KB)
...
006 (452.272.000) 2022-04-05 15:18:45 Image size of job updated: 896308
	321  -  MemoryUsage of job (MB)
	328304  -  ResidentSetSize of job (KB)
...
006 (452.272.000) 2022-04-05 15:23:45 Image size of job updated: 896308
	321  -  MemoryUsage of job (MB)
	328568  -  ResidentSetSize of job (KB)
...
006 (452.272.000) 2022-04-05 15:28:46 Image size of job updated: 896308
	322  -  MemoryUsage of job (MB)
	328832  -  ResidentSetSize of job (KB)
...
006 (452.272.000) 2022-04-05 15:33:47 Image size of job updated: 896308
	322  -  MemoryUsage of job (MB)
	328964  -  ResidentSetSize of job (KB)
...
006 (452.272.000) 2022-04-05 15:38:47 Image size of job updated: 896308
	322  -  MemoryUsage of job (MB)
	329096  -  ResidentSetSize of job (KB)
...
005 (452.272.000) 2022-04-05 15:42:04 Job terminated.
	(1) Normal termination (return value 0)
		Usr 0 03:13:06, Sys 0 00:00:28  -  Run Remote Usage
		Usr 0 00:00:00, Sys 0 00:00:00  -  Run Local Usage
		Usr 0 03:13:06, Sys 0 00:00:28  -  Total Remote Usage
		Usr 0 00:00:00, Sys 0 00:00:00  -  Total Local Usage
	0  -  Run Bytes Sent By Job
	0  -  Run Bytes Received By Job
	0  -  Total Bytes Sent By Job
	0  -  Total Bytes Received By Job
	Partitionable Resources :    Usage  Request Allocated 
	   Cpus                 :     1.00        1         1 
	   Disk (KB)            :  7500        7500     10998 
	   Memory (MB)          :   322        1024      1024 

	Job terminated of its own accord at 2022-04-05T13:42:04Z with exit-code 0.
...
