000 (452.235.000) 2022-04-05 09:23:25 Job submitted from host: <10.18.24.243:9618?addrs=10.18.24.243-9618&alias=ecoclusts01.bioclust.biologie.ens.fr&noUDP&sock=schedd_1052_29b8>
...
001 (452.235.000) 2022-04-05 10:53:31 Job executing on host: <10.18.24.178:9618?addrs=10.18.24.178-9618&alias=mcbsclust07.bioclust.biologie.ens.fr&noUDP&sock=startd_912_2276>
...
006 (452.235.000) 2022-04-05 10:53:40 Image size of job updated: 311076
	95  -  MemoryUsage of job (MB)
	96600  -  ResidentSetSize of job (KB)
...
006 (452.235.000) 2022-04-05 10:58:41 Image size of job updated: 741876
	317  -  MemoryUsage of job (MB)
	324292  -  ResidentSetSize of job (KB)
...
006 (452.235.000) 2022-04-05 11:03:41 Image size of job updated: 741876
	317  -  MemoryUsage of job (MB)
	324336  -  ResidentSetSize of job (KB)
...
006 (452.235.000) 2022-04-05 11:08:42 Image size of job updated: 774644
	317  -  MemoryUsage of job (MB)
	324336  -  ResidentSetSize of job (KB)
...
006 (452.235.000) 2022-04-05 12:43:51 Image size of job updated: 774644
	317  -  MemoryUsage of job (MB)
	324424  -  ResidentSetSize of job (KB)
...
006 (452.235.000) 2022-04-05 12:48:51 Image size of job updated: 774900
	317  -  MemoryUsage of job (MB)
	324424  -  ResidentSetSize of job (KB)
...
006 (452.235.000) 2022-04-05 12:53:52 Image size of job updated: 774900
	317  -  MemoryUsage of job (MB)
	324556  -  ResidentSetSize of job (KB)
...
006 (452.235.000) 2022-04-05 13:03:53 Image size of job updated: 775156
	318  -  MemoryUsage of job (MB)
	324688  -  ResidentSetSize of job (KB)
...
006 (452.235.000) 2022-04-05 13:08:54 Image size of job updated: 775156
	318  -  MemoryUsage of job (MB)
	324820  -  ResidentSetSize of job (KB)
...
006 (452.235.000) 2022-04-05 13:18:55 Image size of job updated: 775412
	318  -  MemoryUsage of job (MB)
	324952  -  ResidentSetSize of job (KB)
...
006 (452.235.000) 2022-04-05 13:23:55 Image size of job updated: 775412
	318  -  MemoryUsage of job (MB)
	325084  -  ResidentSetSize of job (KB)
...
006 (452.235.000) 2022-04-05 13:28:56 Image size of job updated: 775668
	318  -  MemoryUsage of job (MB)
	325216  -  ResidentSetSize of job (KB)
...
006 (452.235.000) 2022-04-05 13:38:57 Image size of job updated: 775668
	318  -  MemoryUsage of job (MB)
	325348  -  ResidentSetSize of job (KB)
...
006 (452.235.000) 2022-04-05 13:43:57 Image size of job updated: 775924
	318  -  MemoryUsage of job (MB)
	325480  -  ResidentSetSize of job (KB)
...
006 (452.235.000) 2022-04-05 13:48:58 Image size of job updated: 775924
	318  -  MemoryUsage of job (MB)
	325612  -  ResidentSetSize of job (KB)
...
006 (452.235.000) 2022-04-05 13:58:58 Image size of job updated: 776180
	319  -  MemoryUsage of job (MB)
	325744  -  ResidentSetSize of job (KB)
...
006 (452.235.000) 2022-04-05 14:03:59 Image size of job updated: 776180
	319  -  MemoryUsage of job (MB)
	325876  -  ResidentSetSize of job (KB)
...
006 (452.235.000) 2022-04-05 14:09:00 Image size of job updated: 776436
	319  -  MemoryUsage of job (MB)
	326008  -  ResidentSetSize of job (KB)
...
006 (452.235.000) 2022-04-05 14:19:00 Image size of job updated: 776436
	319  -  MemoryUsage of job (MB)
	326140  -  ResidentSetSize of job (KB)
...
006 (452.235.000) 2022-04-05 14:24:01 Image size of job updated: 776692
	319  -  MemoryUsage of job (MB)
	326272  -  ResidentSetSize of job (KB)
...
006 (452.235.000) 2022-04-05 14:34:01 Image size of job updated: 776948
	319  -  MemoryUsage of job (MB)
	326404  -  ResidentSetSize of job (KB)
...
006 (452.235.000) 2022-04-05 14:39:02 Image size of job updated: 776948
	319  -  MemoryUsage of job (MB)
	326536  -  ResidentSetSize of job (KB)
...
006 (452.235.000) 2022-04-05 14:54:03 Image size of job updated: 776948
	319  -  MemoryUsage of job (MB)
	326620  -  ResidentSetSize of job (KB)
...
006 (452.235.000) 2022-04-05 15:04:04 Image size of job updated: 777204
	320  -  MemoryUsage of job (MB)
	326752  -  ResidentSetSize of job (KB)
...
006 (452.235.000) 2022-04-05 15:09:04 Image size of job updated: 777204
	320  -  MemoryUsage of job (MB)
	326884  -  ResidentSetSize of job (KB)
...
006 (452.235.000) 2022-04-05 15:19:06 Image size of job updated: 777460
	320  -  MemoryUsage of job (MB)
	327016  -  ResidentSetSize of job (KB)
...
006 (452.235.000) 2022-04-05 15:29:07 Image size of job updated: 777460
	320  -  MemoryUsage of job (MB)
	327148  -  ResidentSetSize of job (KB)
...
006 (452.235.000) 2022-04-05 15:34:08 Image size of job updated: 777716
	320  -  MemoryUsage of job (MB)
	327280  -  ResidentSetSize of job (KB)
...
006 (452.235.000) 2022-04-05 15:39:08 Image size of job updated: 777716
	320  -  MemoryUsage of job (MB)
	327412  -  ResidentSetSize of job (KB)
...
006 (452.235.000) 2022-04-05 15:49:09 Image size of job updated: 777972
	320  -  MemoryUsage of job (MB)
	327544  -  ResidentSetSize of job (KB)
...
006 (452.235.000) 2022-04-05 15:54:10 Image size of job updated: 777972
	320  -  MemoryUsage of job (MB)
	327676  -  ResidentSetSize of job (KB)
...
006 (452.235.000) 2022-04-05 16:04:10 Image size of job updated: 778228
	321  -  MemoryUsage of job (MB)
	327808  -  ResidentSetSize of job (KB)
...
006 (452.235.000) 2022-04-05 16:09:12 Image size of job updated: 778228
	321  -  MemoryUsage of job (MB)
	327940  -  ResidentSetSize of job (KB)
...
006 (452.235.000) 2022-04-05 16:14:12 Image size of job updated: 778484
	321  -  MemoryUsage of job (MB)
	327940  -  ResidentSetSize of job (KB)
...
006 (452.235.000) 2022-04-05 16:19:12 Image size of job updated: 778484
	321  -  MemoryUsage of job (MB)
	328072  -  ResidentSetSize of job (KB)
...
006 (452.235.000) 2022-04-05 16:24:13 Image size of job updated: 778484
	321  -  MemoryUsage of job (MB)
	328204  -  ResidentSetSize of job (KB)
...
006 (452.235.000) 2022-04-05 16:29:14 Image size of job updated: 778740
	321  -  MemoryUsage of job (MB)
	328204  -  ResidentSetSize of job (KB)
...
006 (452.235.000) 2022-04-05 16:34:14 Image size of job updated: 778740
	321  -  MemoryUsage of job (MB)
	328336  -  ResidentSetSize of job (KB)
...
006 (452.235.000) 2022-04-05 16:39:14 Image size of job updated: 778740
	321  -  MemoryUsage of job (MB)
	328468  -  ResidentSetSize of job (KB)
...
006 (452.235.000) 2022-04-05 16:44:15 Image size of job updated: 778996
	321  -  MemoryUsage of job (MB)
	328468  -  ResidentSetSize of job (KB)
...
006 (452.235.000) 2022-04-05 16:49:16 Image size of job updated: 778996
	321  -  MemoryUsage of job (MB)
	328600  -  ResidentSetSize of job (KB)
...
006 (452.235.000) 2022-04-05 16:54:16 Image size of job updated: 778996
	322  -  MemoryUsage of job (MB)
	328732  -  ResidentSetSize of job (KB)
...
006 (452.235.000) 2022-04-05 16:59:17 Image size of job updated: 779252
	322  -  MemoryUsage of job (MB)
	328732  -  ResidentSetSize of job (KB)
...
006 (452.235.000) 2022-04-05 17:04:18 Image size of job updated: 779252
	322  -  MemoryUsage of job (MB)
	328864  -  ResidentSetSize of job (KB)
...
006 (452.235.000) 2022-04-05 17:09:18 Image size of job updated: 779252
	322  -  MemoryUsage of job (MB)
	328996  -  ResidentSetSize of job (KB)
...
006 (452.235.000) 2022-04-05 17:14:18 Image size of job updated: 779508
	322  -  MemoryUsage of job (MB)
	328996  -  ResidentSetSize of job (KB)
...
006 (452.235.000) 2022-04-05 17:19:19 Image size of job updated: 779508
	322  -  MemoryUsage of job (MB)
	329128  -  ResidentSetSize of job (KB)
...
006 (452.235.000) 2022-04-05 17:24:20 Image size of job updated: 779508
	322  -  MemoryUsage of job (MB)
	329260  -  ResidentSetSize of job (KB)
...
006 (452.235.000) 2022-04-05 17:29:20 Image size of job updated: 779764
	322  -  MemoryUsage of job (MB)
	329260  -  ResidentSetSize of job (KB)
...
005 (452.235.000) 2022-04-05 17:29:32 Job terminated.
	(1) Normal termination (return value 0)
		Usr 0 06:33:36, Sys 0 00:00:29  -  Run Remote Usage
		Usr 0 00:00:00, Sys 0 00:00:00  -  Run Local Usage
		Usr 0 06:33:36, Sys 0 00:00:29  -  Total Remote Usage
		Usr 0 00:00:00, Sys 0 00:00:00  -  Total Local Usage
	0  -  Run Bytes Sent By Job
	0  -  Run Bytes Received By Job
	0  -  Total Bytes Sent By Job
	0  -  Total Bytes Received By Job
	Partitionable Resources :    Usage  Request Allocated 
	   Cpus                 :     1.00        1         1 
	   Disk (KB)            :  7500        7500     11001 
	   Memory (MB)          :   322        1024      1024 

	Job terminated of its own accord at 2022-04-05T15:29:32Z with exit-code 0.
...
