000 (452.011.000) 2022-04-05 09:23:24 Job submitted from host: <10.18.24.243:9618?addrs=10.18.24.243-9618&alias=ecoclusts01.bioclust.biologie.ens.fr&noUDP&sock=schedd_1052_29b8>
...
001 (452.011.000) 2022-04-05 09:23:29 Job executing on host: <10.18.24.178:9618?addrs=10.18.24.178-9618&alias=mcbsclust07.bioclust.biologie.ens.fr&noUDP&sock=startd_912_2276>
...
006 (452.011.000) 2022-04-05 09:23:37 Image size of job updated: 474652
	464  -  MemoryUsage of job (MB)
	474652  -  ResidentSetSize of job (KB)
...
006 (452.011.000) 2022-04-05 09:28:37 Image size of job updated: 741876
	464  -  MemoryUsage of job (MB)
	474652  -  ResidentSetSize of job (KB)
...
005 (452.011.000) 2022-04-05 09:28:51 Job terminated.
	(1) Normal termination (return value 0)
		Usr 0 00:05:08, Sys 0 00:00:10  -  Run Remote Usage
		Usr 0 00:00:00, Sys 0 00:00:00  -  Run Local Usage
		Usr 0 00:05:08, Sys 0 00:00:10  -  Total Remote Usage
		Usr 0 00:00:00, Sys 0 00:00:00  -  Total Local Usage
	0  -  Run Bytes Sent By Job
	0  -  Run Bytes Received By Job
	0  -  Total Bytes Sent By Job
	0  -  Total Bytes Received By Job
	Partitionable Resources :    Usage  Request Allocated 
	   Cpus                 :     1.00        1         1 
	   Disk (KB)            :  7500        7500     11001 
	   Memory (MB)          :   464        1024      1024 

	Job terminated of its own accord at 2022-04-05T07:28:51Z with exit-code 0.
...
