000 (452.619.000) 2022-04-05 09:23:26 Job submitted from host: <10.18.24.243:9618?addrs=10.18.24.243-9618&alias=ecoclusts01.bioclust.biologie.ens.fr&noUDP&sock=schedd_1052_29b8>
...
001 (452.619.000) 2022-04-05 19:48:34 Job executing on host: <10.18.24.176:9618?addrs=10.18.24.176-9618&alias=mcbsclust05.bioclust.biologie.ens.fr&noUDP&sock=startd_869_a3e3>
...
006 (452.619.000) 2022-04-05 19:48:42 Image size of job updated: 252280
	247  -  MemoryUsage of job (MB)
	252280  -  ResidentSetSize of job (KB)
...
006 (452.619.000) 2022-04-05 19:53:42 Image size of job updated: 741876
	317  -  MemoryUsage of job (MB)
	324352  -  ResidentSetSize of job (KB)
...
006 (452.619.000) 2022-04-05 19:58:43 Image size of job updated: 774644
	317  -  MemoryUsage of job (MB)
	324352  -  ResidentSetSize of job (KB)
...
006 (452.619.000) 2022-04-05 21:08:49 Image size of job updated: 774900
	317  -  MemoryUsage of job (MB)
	324440  -  ResidentSetSize of job (KB)
...
006 (452.619.000) 2022-04-05 21:13:50 Image size of job updated: 774900
	317  -  MemoryUsage of job (MB)
	324572  -  ResidentSetSize of job (KB)
...
006 (452.619.000) 2022-04-05 21:18:50 Image size of job updated: 775156
	318  -  MemoryUsage of job (MB)
	324704  -  ResidentSetSize of job (KB)
...
006 (452.619.000) 2022-04-05 21:23:50 Image size of job updated: 775156
	318  -  MemoryUsage of job (MB)
	324836  -  ResidentSetSize of job (KB)
...
006 (452.619.000) 2022-04-05 21:28:51 Image size of job updated: 775412
	318  -  MemoryUsage of job (MB)
	324968  -  ResidentSetSize of job (KB)
...
006 (452.619.000) 2022-04-05 21:38:51 Image size of job updated: 775668
	318  -  MemoryUsage of job (MB)
	325232  -  ResidentSetSize of job (KB)
...
006 (452.619.000) 2022-04-05 21:43:52 Image size of job updated: 775668
	318  -  MemoryUsage of job (MB)
	325364  -  ResidentSetSize of job (KB)
...
006 (452.619.000) 2022-04-05 21:48:53 Image size of job updated: 775924
	318  -  MemoryUsage of job (MB)
	325496  -  ResidentSetSize of job (KB)
...
006 (452.619.000) 2022-04-05 21:53:53 Image size of job updated: 775924
	318  -  MemoryUsage of job (MB)
	325628  -  ResidentSetSize of job (KB)
...
006 (452.619.000) 2022-04-05 21:58:54 Image size of job updated: 776180
	318  -  MemoryUsage of job (MB)
	325628  -  ResidentSetSize of job (KB)
...
006 (452.619.000) 2022-04-05 22:03:55 Image size of job updated: 776180
	319  -  MemoryUsage of job (MB)
	325760  -  ResidentSetSize of job (KB)
...
006 (452.619.000) 2022-04-05 22:08:55 Image size of job updated: 776436
	319  -  MemoryUsage of job (MB)
	325892  -  ResidentSetSize of job (KB)
...
006 (452.619.000) 2022-04-05 22:13:55 Image size of job updated: 776436
	319  -  MemoryUsage of job (MB)
	326024  -  ResidentSetSize of job (KB)
...
006 (452.619.000) 2022-04-05 22:18:56 Image size of job updated: 776692
	319  -  MemoryUsage of job (MB)
	326156  -  ResidentSetSize of job (KB)
...
006 (452.619.000) 2022-04-05 22:23:57 Image size of job updated: 776692
	319  -  MemoryUsage of job (MB)
	326420  -  ResidentSetSize of job (KB)
...
006 (452.619.000) 2022-04-05 22:28:57 Image size of job updated: 776948
	319  -  MemoryUsage of job (MB)
	326420  -  ResidentSetSize of job (KB)
...
006 (452.619.000) 2022-04-05 22:33:58 Image size of job updated: 776948
	319  -  MemoryUsage of job (MB)
	326552  -  ResidentSetSize of job (KB)
...
006 (452.619.000) 2022-04-05 22:48:59 Image size of job updated: 776948
	320  -  MemoryUsage of job (MB)
	326684  -  ResidentSetSize of job (KB)
...
006 (452.619.000) 2022-04-05 22:54:00 Image size of job updated: 777204
	320  -  MemoryUsage of job (MB)
	326684  -  ResidentSetSize of job (KB)
...
006 (452.619.000) 2022-04-05 22:59:01 Image size of job updated: 777204
	320  -  MemoryUsage of job (MB)
	326816  -  ResidentSetSize of job (KB)
...
006 (452.619.000) 2022-04-05 23:04:01 Image size of job updated: 777460
	320  -  MemoryUsage of job (MB)
	326948  -  ResidentSetSize of job (KB)
...
006 (452.619.000) 2022-04-05 23:09:02 Image size of job updated: 777460
	320  -  MemoryUsage of job (MB)
	327080  -  ResidentSetSize of job (KB)
...
006 (452.619.000) 2022-04-05 23:14:03 Image size of job updated: 777460
	320  -  MemoryUsage of job (MB)
	327212  -  ResidentSetSize of job (KB)
...
006 (452.619.000) 2022-04-05 23:19:03 Image size of job updated: 777716
	320  -  MemoryUsage of job (MB)
	327344  -  ResidentSetSize of job (KB)
...
006 (452.619.000) 2022-04-05 23:24:03 Image size of job updated: 777716
	320  -  MemoryUsage of job (MB)
	327476  -  ResidentSetSize of job (KB)
...
006 (452.619.000) 2022-04-05 23:29:04 Image size of job updated: 777972
	320  -  MemoryUsage of job (MB)
	327476  -  ResidentSetSize of job (KB)
...
006 (452.619.000) 2022-04-05 23:34:05 Image size of job updated: 777972
	320  -  MemoryUsage of job (MB)
	327608  -  ResidentSetSize of job (KB)
...
006 (452.619.000) 2022-04-05 23:39:05 Image size of job updated: 778228
	321  -  MemoryUsage of job (MB)
	327740  -  ResidentSetSize of job (KB)
...
006 (452.619.000) 2022-04-05 23:44:05 Image size of job updated: 778228
	321  -  MemoryUsage of job (MB)
	327872  -  ResidentSetSize of job (KB)
...
006 (452.619.000) 2022-04-05 23:49:06 Image size of job updated: 778484
	321  -  MemoryUsage of job (MB)
	328004  -  ResidentSetSize of job (KB)
...
006 (452.619.000) 2022-04-05 23:54:04 Image size of job updated: 778484
	321  -  MemoryUsage of job (MB)
	328136  -  ResidentSetSize of job (KB)
...
006 (452.619.000) 2022-04-05 23:59:05 Image size of job updated: 778740
	321  -  MemoryUsage of job (MB)
	328268  -  ResidentSetSize of job (KB)
...
006 (452.619.000) 2022-04-06 00:04:07 Image size of job updated: 778740
	321  -  MemoryUsage of job (MB)
	328400  -  ResidentSetSize of job (KB)
...
006 (452.619.000) 2022-04-06 00:14:07 Image size of job updated: 778996
	321  -  MemoryUsage of job (MB)
	328532  -  ResidentSetSize of job (KB)
...
006 (452.619.000) 2022-04-06 00:19:08 Image size of job updated: 778996
	321  -  MemoryUsage of job (MB)
	328664  -  ResidentSetSize of job (KB)
...
006 (452.619.000) 2022-04-06 00:24:08 Image size of job updated: 779252
	322  -  MemoryUsage of job (MB)
	328796  -  ResidentSetSize of job (KB)
...
006 (452.619.000) 2022-04-06 00:29:10 Image size of job updated: 779252
	322  -  MemoryUsage of job (MB)
	328928  -  ResidentSetSize of job (KB)
...
006 (452.619.000) 2022-04-06 00:34:10 Image size of job updated: 779508
	322  -  MemoryUsage of job (MB)
	329060  -  ResidentSetSize of job (KB)
...
006 (452.619.000) 2022-04-06 00:39:11 Image size of job updated: 779508
	322  -  MemoryUsage of job (MB)
	329192  -  ResidentSetSize of job (KB)
...
006 (452.619.000) 2022-04-06 00:44:12 Image size of job updated: 779764
	322  -  MemoryUsage of job (MB)
	329324  -  ResidentSetSize of job (KB)
...
005 (452.619.000) 2022-04-06 00:45:02 Job terminated.
	(1) Normal termination (return value 0)
		Usr 0 04:55:26, Sys 0 00:00:13  -  Run Remote Usage
		Usr 0 00:00:00, Sys 0 00:00:00  -  Run Local Usage
		Usr 0 04:55:26, Sys 0 00:00:13  -  Total Remote Usage
		Usr 0 00:00:00, Sys 0 00:00:00  -  Total Local Usage
	0  -  Run Bytes Sent By Job
	0  -  Run Bytes Received By Job
	0  -  Total Bytes Sent By Job
	0  -  Total Bytes Received By Job
	Partitionable Resources :    Usage  Request Allocated 
	   Cpus                 :     1.00        1         1 
	   Disk (KB)            :  7500        7500     11001 
	   Memory (MB)          :   322        1024      1024 

	Job terminated of its own accord at 2022-04-05T22:45:02Z with exit-code 0.
...
