000 (452.241.000) 2022-04-05 09:23:25 Job submitted from host: <10.18.24.243:9618?addrs=10.18.24.243-9618&alias=ecoclusts01.bioclust.biologie.ens.fr&noUDP&sock=schedd_1052_29b8>
...
001 (452.241.000) 2022-04-05 11:00:07 Job executing on host: <10.18.24.177:9618?addrs=10.18.24.177-9618&alias=mcbsclust06.bioclust.biologie.ens.fr&noUDP&sock=startd_945_c516>
...
006 (452.241.000) 2022-04-05 11:00:17 Image size of job updated: 333676
	90  -  MemoryUsage of job (MB)
	92088  -  ResidentSetSize of job (KB)
...
006 (452.241.000) 2022-04-05 11:05:17 Image size of job updated: 741624
	317  -  MemoryUsage of job (MB)
	324040  -  ResidentSetSize of job (KB)
...
006 (452.241.000) 2022-04-05 11:15:18 Image size of job updated: 774392
	317  -  MemoryUsage of job (MB)
	324128  -  ResidentSetSize of job (KB)
...
006 (452.241.000) 2022-04-05 12:40:27 Image size of job updated: 774648
	317  -  MemoryUsage of job (MB)
	324128  -  ResidentSetSize of job (KB)
...
006 (452.241.000) 2022-04-05 12:45:28 Image size of job updated: 774648
	317  -  MemoryUsage of job (MB)
	324260  -  ResidentSetSize of job (KB)
...
006 (452.241.000) 2022-04-05 12:50:28 Image size of job updated: 774648
	317  -  MemoryUsage of job (MB)
	324392  -  ResidentSetSize of job (KB)
...
006 (452.241.000) 2022-04-05 12:55:28 Image size of job updated: 774904
	317  -  MemoryUsage of job (MB)
	324392  -  ResidentSetSize of job (KB)
...
006 (452.241.000) 2022-04-05 13:00:29 Image size of job updated: 774904
	317  -  MemoryUsage of job (MB)
	324524  -  ResidentSetSize of job (KB)
...
006 (452.241.000) 2022-04-05 13:15:30 Image size of job updated: 775160
	318  -  MemoryUsage of job (MB)
	324656  -  ResidentSetSize of job (KB)
...
006 (452.241.000) 2022-04-05 13:25:31 Image size of job updated: 775160
	318  -  MemoryUsage of job (MB)
	324788  -  ResidentSetSize of job (KB)
...
006 (452.241.000) 2022-04-05 13:40:32 Image size of job updated: 775416
	318  -  MemoryUsage of job (MB)
	324920  -  ResidentSetSize of job (KB)
...
006 (452.241.000) 2022-04-05 13:50:33 Image size of job updated: 775416
	318  -  MemoryUsage of job (MB)
	325052  -  ResidentSetSize of job (KB)
...
006 (452.241.000) 2022-04-05 14:00:34 Image size of job updated: 775672
	318  -  MemoryUsage of job (MB)
	325184  -  ResidentSetSize of job (KB)
...
006 (452.241.000) 2022-04-05 14:10:35 Image size of job updated: 775672
	318  -  MemoryUsage of job (MB)
	325316  -  ResidentSetSize of job (KB)
...
006 (452.241.000) 2022-04-05 14:25:36 Image size of job updated: 775928
	318  -  MemoryUsage of job (MB)
	325448  -  ResidentSetSize of job (KB)
...
006 (452.241.000) 2022-04-05 14:35:37 Image size of job updated: 775928
	318  -  MemoryUsage of job (MB)
	325580  -  ResidentSetSize of job (KB)
...
006 (452.241.000) 2022-04-05 14:45:38 Image size of job updated: 776184
	319  -  MemoryUsage of job (MB)
	325712  -  ResidentSetSize of job (KB)
...
006 (452.241.000) 2022-04-05 14:55:38 Image size of job updated: 776184
	319  -  MemoryUsage of job (MB)
	325844  -  ResidentSetSize of job (KB)
...
006 (452.241.000) 2022-04-05 15:05:40 Image size of job updated: 776440
	319  -  MemoryUsage of job (MB)
	325976  -  ResidentSetSize of job (KB)
...
006 (452.241.000) 2022-04-05 15:20:41 Image size of job updated: 776440
	319  -  MemoryUsage of job (MB)
	326108  -  ResidentSetSize of job (KB)
...
006 (452.241.000) 2022-04-05 15:25:42 Image size of job updated: 776696
	319  -  MemoryUsage of job (MB)
	326108  -  ResidentSetSize of job (KB)
...
006 (452.241.000) 2022-04-05 15:30:42 Image size of job updated: 776696
	319  -  MemoryUsage of job (MB)
	326240  -  ResidentSetSize of job (KB)
...
006 (452.241.000) 2022-04-05 15:35:42 Image size of job updated: 776696
	319  -  MemoryUsage of job (MB)
	326372  -  ResidentSetSize of job (KB)
...
006 (452.241.000) 2022-04-05 15:40:43 Image size of job updated: 776952
	319  -  MemoryUsage of job (MB)
	326372  -  ResidentSetSize of job (KB)
...
006 (452.241.000) 2022-04-05 15:45:43 Image size of job updated: 776952
	319  -  MemoryUsage of job (MB)
	326504  -  ResidentSetSize of job (KB)
...
006 (452.241.000) 2022-04-05 16:05:45 Image size of job updated: 776952
	319  -  MemoryUsage of job (MB)
	326592  -  ResidentSetSize of job (KB)
...
006 (452.241.000) 2022-04-05 16:10:46 Image size of job updated: 777208
	320  -  MemoryUsage of job (MB)
	326724  -  ResidentSetSize of job (KB)
...
006 (452.241.000) 2022-04-05 16:20:47 Image size of job updated: 777208
	320  -  MemoryUsage of job (MB)
	326856  -  ResidentSetSize of job (KB)
...
006 (452.241.000) 2022-04-05 16:30:48 Image size of job updated: 777464
	320  -  MemoryUsage of job (MB)
	326988  -  ResidentSetSize of job (KB)
...
006 (452.241.000) 2022-04-05 16:35:49 Image size of job updated: 777464
	320  -  MemoryUsage of job (MB)
	327120  -  ResidentSetSize of job (KB)
...
006 (452.241.000) 2022-04-05 16:45:50 Image size of job updated: 777720
	320  -  MemoryUsage of job (MB)
	327252  -  ResidentSetSize of job (KB)
...
006 (452.241.000) 2022-04-05 16:55:51 Image size of job updated: 777720
	320  -  MemoryUsage of job (MB)
	327384  -  ResidentSetSize of job (KB)
...
006 (452.241.000) 2022-04-05 17:00:51 Image size of job updated: 777976
	320  -  MemoryUsage of job (MB)
	327516  -  ResidentSetSize of job (KB)
...
006 (452.241.000) 2022-04-05 17:10:53 Image size of job updated: 777976
	320  -  MemoryUsage of job (MB)
	327648  -  ResidentSetSize of job (KB)
...
006 (452.241.000) 2022-04-05 17:20:54 Image size of job updated: 778232
	321  -  MemoryUsage of job (MB)
	327780  -  ResidentSetSize of job (KB)
...
006 (452.241.000) 2022-04-05 17:25:55 Image size of job updated: 778232
	321  -  MemoryUsage of job (MB)
	327912  -  ResidentSetSize of job (KB)
...
006 (452.241.000) 2022-04-05 17:35:55 Image size of job updated: 778488
	321  -  MemoryUsage of job (MB)
	328044  -  ResidentSetSize of job (KB)
...
006 (452.241.000) 2022-04-05 17:45:57 Image size of job updated: 778488
	321  -  MemoryUsage of job (MB)
	328176  -  ResidentSetSize of job (KB)
...
006 (452.241.000) 2022-04-05 17:50:57 Image size of job updated: 778744
	321  -  MemoryUsage of job (MB)
	328176  -  ResidentSetSize of job (KB)
...
006 (452.241.000) 2022-04-05 17:55:58 Image size of job updated: 778744
	321  -  MemoryUsage of job (MB)
	328308  -  ResidentSetSize of job (KB)
...
006 (452.241.000) 2022-04-05 18:05:59 Image size of job updated: 778744
	321  -  MemoryUsage of job (MB)
	328440  -  ResidentSetSize of job (KB)
...
006 (452.241.000) 2022-04-05 18:10:59 Image size of job updated: 779000
	321  -  MemoryUsage of job (MB)
	328572  -  ResidentSetSize of job (KB)
...
006 (452.241.000) 2022-04-05 18:21:01 Image size of job updated: 779000
	321  -  MemoryUsage of job (MB)
	328704  -  ResidentSetSize of job (KB)
...
006 (452.241.000) 2022-04-05 18:26:01 Image size of job updated: 779256
	321  -  MemoryUsage of job (MB)
	328704  -  ResidentSetSize of job (KB)
...
006 (452.241.000) 2022-04-05 18:31:02 Image size of job updated: 779256
	322  -  MemoryUsage of job (MB)
	328836  -  ResidentSetSize of job (KB)
...
006 (452.241.000) 2022-04-05 18:36:03 Image size of job updated: 779256
	322  -  MemoryUsage of job (MB)
	328968  -  ResidentSetSize of job (KB)
...
006 (452.241.000) 2022-04-05 18:41:03 Image size of job updated: 779512
	322  -  MemoryUsage of job (MB)
	328968  -  ResidentSetSize of job (KB)
...
006 (452.241.000) 2022-04-05 18:46:03 Image size of job updated: 779512
	322  -  MemoryUsage of job (MB)
	329100  -  ResidentSetSize of job (KB)
...
006 (452.241.000) 2022-04-05 18:51:05 Image size of job updated: 779512
	322  -  MemoryUsage of job (MB)
	329232  -  ResidentSetSize of job (KB)
...
006 (452.241.000) 2022-04-05 18:55:38 Image size of job updated: 779768
	322  -  MemoryUsage of job (MB)
	329232  -  ResidentSetSize of job (KB)
...
005 (452.241.000) 2022-04-05 18:55:40 Job terminated.
	(1) Normal termination (return value 0)
		Usr 0 07:53:09, Sys 0 00:00:28  -  Run Remote Usage
		Usr 0 00:00:00, Sys 0 00:00:00  -  Run Local Usage
		Usr 0 07:53:09, Sys 0 00:00:28  -  Total Remote Usage
		Usr 0 00:00:00, Sys 0 00:00:00  -  Total Local Usage
	0  -  Run Bytes Sent By Job
	0  -  Run Bytes Received By Job
	0  -  Total Bytes Sent By Job
	0  -  Total Bytes Received By Job
	Partitionable Resources :    Usage  Request Allocated 
	   Cpus                 :     1.00        1         1 
	   Disk (KB)            :  7500        7500     10998 
	   Memory (MB)          :   322        1024      1024 

	Job terminated of its own accord at 2022-04-05T16:55:38Z with exit-code 0.
...
