000 (452.923.000) 2022-04-05 09:23:27 Job submitted from host: <10.18.24.243:9618?addrs=10.18.24.243-9618&alias=ecoclusts01.bioclust.biologie.ens.fr&noUDP&sock=schedd_1052_29b8>
...
001 (452.923.000) 2022-04-06 02:21:57 Job executing on host: <10.18.24.174:9618?addrs=10.18.24.174-9618&alias=mcbsclust03.bioclust.biologie.ens.fr&noUDP&sock=startd_937_4854>
...
006 (452.923.000) 2022-04-06 02:22:06 Image size of job updated: 129348
	127  -  MemoryUsage of job (MB)
	129348  -  ResidentSetSize of job (KB)
...
006 (452.923.000) 2022-04-06 02:27:07 Image size of job updated: 741620
	317  -  MemoryUsage of job (MB)
	324140  -  ResidentSetSize of job (KB)
...
006 (452.923.000) 2022-04-06 02:37:07 Image size of job updated: 774388
	317  -  MemoryUsage of job (MB)
	324140  -  ResidentSetSize of job (KB)
...
006 (452.923.000) 2022-04-06 03:37:15 Image size of job updated: 774644
	317  -  MemoryUsage of job (MB)
	324140  -  ResidentSetSize of job (KB)
...
006 (452.923.000) 2022-04-06 03:42:15 Image size of job updated: 774644
	317  -  MemoryUsage of job (MB)
	324228  -  ResidentSetSize of job (KB)
...
006 (452.923.000) 2022-04-06 03:47:15 Image size of job updated: 774644
	317  -  MemoryUsage of job (MB)
	324360  -  ResidentSetSize of job (KB)
...
006 (452.923.000) 2022-04-06 03:52:16 Image size of job updated: 774900
	317  -  MemoryUsage of job (MB)
	324360  -  ResidentSetSize of job (KB)
...
006 (452.923.000) 2022-04-06 03:57:16 Image size of job updated: 774900
	317  -  MemoryUsage of job (MB)
	324492  -  ResidentSetSize of job (KB)
...
006 (452.923.000) 2022-04-06 04:02:16 Image size of job updated: 775156
	318  -  MemoryUsage of job (MB)
	324624  -  ResidentSetSize of job (KB)
...
006 (452.923.000) 2022-04-06 04:12:18 Image size of job updated: 775156
	318  -  MemoryUsage of job (MB)
	324756  -  ResidentSetSize of job (KB)
...
006 (452.923.000) 2022-04-06 04:17:18 Image size of job updated: 775412
	318  -  MemoryUsage of job (MB)
	324888  -  ResidentSetSize of job (KB)
...
006 (452.923.000) 2022-04-06 04:22:18 Image size of job updated: 775412
	318  -  MemoryUsage of job (MB)
	325020  -  ResidentSetSize of job (KB)
...
006 (452.923.000) 2022-04-06 04:32:19 Image size of job updated: 775412
	318  -  MemoryUsage of job (MB)
	325152  -  ResidentSetSize of job (KB)
...
006 (452.923.000) 2022-04-06 04:37:19 Image size of job updated: 775668
	318  -  MemoryUsage of job (MB)
	325152  -  ResidentSetSize of job (KB)
...
006 (452.923.000) 2022-04-06 04:42:20 Image size of job updated: 775668
	318  -  MemoryUsage of job (MB)
	325284  -  ResidentSetSize of job (KB)
...
006 (452.923.000) 2022-04-06 04:47:21 Image size of job updated: 775924
	318  -  MemoryUsage of job (MB)
	325416  -  ResidentSetSize of job (KB)
...
006 (452.923.000) 2022-04-06 04:57:22 Image size of job updated: 775924
	318  -  MemoryUsage of job (MB)
	325548  -  ResidentSetSize of job (KB)
...
006 (452.923.000) 2022-04-06 05:02:23 Image size of job updated: 776180
	319  -  MemoryUsage of job (MB)
	325680  -  ResidentSetSize of job (KB)
...
006 (452.923.000) 2022-04-06 05:12:23 Image size of job updated: 776180
	319  -  MemoryUsage of job (MB)
	325812  -  ResidentSetSize of job (KB)
...
006 (452.923.000) 2022-04-06 05:17:24 Image size of job updated: 776436
	319  -  MemoryUsage of job (MB)
	325944  -  ResidentSetSize of job (KB)
...
006 (452.923.000) 2022-04-06 05:22:25 Image size of job updated: 776436
	319  -  MemoryUsage of job (MB)
	326076  -  ResidentSetSize of job (KB)
...
006 (452.923.000) 2022-04-06 05:27:25 Image size of job updated: 776692
	319  -  MemoryUsage of job (MB)
	326208  -  ResidentSetSize of job (KB)
...
006 (452.923.000) 2022-04-06 05:32:26 Image size of job updated: 776692
	319  -  MemoryUsage of job (MB)
	326340  -  ResidentSetSize of job (KB)
...
006 (452.923.000) 2022-04-06 05:37:27 Image size of job updated: 776948
	319  -  MemoryUsage of job (MB)
	326340  -  ResidentSetSize of job (KB)
...
006 (452.923.000) 2022-04-06 05:42:27 Image size of job updated: 776948
	319  -  MemoryUsage of job (MB)
	326472  -  ResidentSetSize of job (KB)
...
006 (452.923.000) 2022-04-06 06:02:28 Image size of job updated: 776948
	319  -  MemoryUsage of job (MB)
	326588  -  ResidentSetSize of job (KB)
...
006 (452.923.000) 2022-04-06 06:07:29 Image size of job updated: 777204
	320  -  MemoryUsage of job (MB)
	326720  -  ResidentSetSize of job (KB)
...
006 (452.923.000) 2022-04-06 06:17:30 Image size of job updated: 777204
	320  -  MemoryUsage of job (MB)
	326852  -  ResidentSetSize of job (KB)
...
006 (452.923.000) 2022-04-06 06:22:30 Image size of job updated: 777460
	320  -  MemoryUsage of job (MB)
	326984  -  ResidentSetSize of job (KB)
...
006 (452.923.000) 2022-04-06 06:32:31 Image size of job updated: 777460
	320  -  MemoryUsage of job (MB)
	327116  -  ResidentSetSize of job (KB)
...
006 (452.923.000) 2022-04-06 06:37:31 Image size of job updated: 777716
	320  -  MemoryUsage of job (MB)
	327248  -  ResidentSetSize of job (KB)
...
006 (452.923.000) 2022-04-06 06:47:33 Image size of job updated: 777716
	320  -  MemoryUsage of job (MB)
	327380  -  ResidentSetSize of job (KB)
...
006 (452.923.000) 2022-04-06 06:52:33 Image size of job updated: 777972
	320  -  MemoryUsage of job (MB)
	327512  -  ResidentSetSize of job (KB)
...
006 (452.923.000) 2022-04-06 06:57:33 Image size of job updated: 777972
	320  -  MemoryUsage of job (MB)
	327644  -  ResidentSetSize of job (KB)
...
006 (452.923.000) 2022-04-06 07:02:34 Image size of job updated: 778228
	320  -  MemoryUsage of job (MB)
	327644  -  ResidentSetSize of job (KB)
...
006 (452.923.000) 2022-04-06 07:07:34 Image size of job updated: 778228
	321  -  MemoryUsage of job (MB)
	327776  -  ResidentSetSize of job (KB)
...
006 (452.923.000) 2022-04-06 07:12:34 Image size of job updated: 778228
	321  -  MemoryUsage of job (MB)
	327908  -  ResidentSetSize of job (KB)
...
006 (452.923.000) 2022-04-06 07:17:35 Image size of job updated: 778484
	321  -  MemoryUsage of job (MB)
	328040  -  ResidentSetSize of job (KB)
...
006 (452.923.000) 2022-04-06 07:22:36 Image size of job updated: 778484
	321  -  MemoryUsage of job (MB)
	328172  -  ResidentSetSize of job (KB)
...
006 (452.923.000) 2022-04-06 07:27:36 Image size of job updated: 778740
	321  -  MemoryUsage of job (MB)
	328172  -  ResidentSetSize of job (KB)
...
006 (452.923.000) 2022-04-06 07:32:37 Image size of job updated: 778740
	321  -  MemoryUsage of job (MB)
	328304  -  ResidentSetSize of job (KB)
...
006 (452.923.000) 2022-04-06 07:37:38 Image size of job updated: 778740
	321  -  MemoryUsage of job (MB)
	328436  -  ResidentSetSize of job (KB)
...
006 (452.923.000) 2022-04-06 07:42:38 Image size of job updated: 778996
	321  -  MemoryUsage of job (MB)
	328568  -  ResidentSetSize of job (KB)
...
006 (452.923.000) 2022-04-06 07:52:39 Image size of job updated: 778996
	321  -  MemoryUsage of job (MB)
	328700  -  ResidentSetSize of job (KB)
...
006 (452.923.000) 2022-04-06 07:57:40 Image size of job updated: 779252
	321  -  MemoryUsage of job (MB)
	328700  -  ResidentSetSize of job (KB)
...
006 (452.923.000) 2022-04-06 08:02:40 Image size of job updated: 779252
	322  -  MemoryUsage of job (MB)
	328832  -  ResidentSetSize of job (KB)
...
006 (452.923.000) 2022-04-06 08:07:40 Image size of job updated: 779252
	322  -  MemoryUsage of job (MB)
	328964  -  ResidentSetSize of job (KB)
...
006 (452.923.000) 2022-04-06 08:12:41 Image size of job updated: 779508
	322  -  MemoryUsage of job (MB)
	329096  -  ResidentSetSize of job (KB)
...
006 (452.923.000) 2022-04-06 08:17:41 Image size of job updated: 779508
	322  -  MemoryUsage of job (MB)
	329228  -  ResidentSetSize of job (KB)
...
006 (452.923.000) 2022-04-06 08:22:38 Image size of job updated: 779764
	322  -  MemoryUsage of job (MB)
	329228  -  ResidentSetSize of job (KB)
...
005 (452.923.000) 2022-04-06 08:22:38 Job terminated.
	(1) Normal termination (return value 0)
		Usr 0 05:59:10, Sys 0 00:00:20  -  Run Remote Usage
		Usr 0 00:00:00, Sys 0 00:00:00  -  Run Local Usage
		Usr 0 05:59:10, Sys 0 00:00:20  -  Total Remote Usage
		Usr 0 00:00:00, Sys 0 00:00:00  -  Total Local Usage
	0  -  Run Bytes Sent By Job
	0  -  Run Bytes Received By Job
	0  -  Total Bytes Sent By Job
	0  -  Total Bytes Received By Job
	Partitionable Resources :    Usage  Request Allocated 
	   Cpus                 :     1.00        1         1 
	   Disk (KB)            :  7500        7500     10998 
	   Memory (MB)          :   322        1024      1024 

	Job terminated of its own accord at 2022-04-06T06:22:38Z with exit-code 0.
...
