000 (452.590.000) 2022-04-05 09:23:26 Job submitted from host: <10.18.24.243:9618?addrs=10.18.24.243-9618&alias=ecoclusts01.bioclust.biologie.ens.fr&noUDP&sock=schedd_1052_29b8>
...
001 (452.590.000) 2022-04-05 19:13:42 Job executing on host: <10.18.24.13:9618?addrs=10.18.24.13-9618&alias=bioclust13.bioclust.biologie.ens.fr&noUDP&sock=startd_1202_0ced>
...
006 (452.590.000) 2022-04-05 19:13:51 Image size of job updated: 34916
	35  -  MemoryUsage of job (MB)
	34916  -  ResidentSetSize of job (KB)
...
006 (452.590.000) 2022-04-05 19:18:51 Image size of job updated: 741880
	306  -  MemoryUsage of job (MB)
	312428  -  ResidentSetSize of job (KB)
...
006 (452.590.000) 2022-04-05 19:23:51 Image size of job updated: 741880
	317  -  MemoryUsage of job (MB)
	324384  -  ResidentSetSize of job (KB)
...
006 (452.590.000) 2022-04-05 19:33:52 Image size of job updated: 774648
	317  -  MemoryUsage of job (MB)
	324408  -  ResidentSetSize of job (KB)
...
006 (452.590.000) 2022-04-05 21:09:02 Image size of job updated: 774904
	317  -  MemoryUsage of job (MB)
	324408  -  ResidentSetSize of job (KB)
...
006 (452.590.000) 2022-04-05 21:14:02 Image size of job updated: 774904
	317  -  MemoryUsage of job (MB)
	324540  -  ResidentSetSize of job (KB)
...
006 (452.590.000) 2022-04-05 21:24:03 Image size of job updated: 775160
	318  -  MemoryUsage of job (MB)
	324672  -  ResidentSetSize of job (KB)
...
006 (452.590.000) 2022-04-05 21:29:03 Image size of job updated: 775160
	318  -  MemoryUsage of job (MB)
	324804  -  ResidentSetSize of job (KB)
...
006 (452.590.000) 2022-04-05 21:39:04 Image size of job updated: 775416
	318  -  MemoryUsage of job (MB)
	324936  -  ResidentSetSize of job (KB)
...
006 (452.590.000) 2022-04-05 21:44:04 Image size of job updated: 775416
	318  -  MemoryUsage of job (MB)
	325068  -  ResidentSetSize of job (KB)
...
006 (452.590.000) 2022-04-05 21:54:06 Image size of job updated: 775672
	318  -  MemoryUsage of job (MB)
	325200  -  ResidentSetSize of job (KB)
...
006 (452.590.000) 2022-04-05 21:59:06 Image size of job updated: 775672
	318  -  MemoryUsage of job (MB)
	325332  -  ResidentSetSize of job (KB)
...
006 (452.590.000) 2022-04-05 22:04:06 Image size of job updated: 775928
	318  -  MemoryUsage of job (MB)
	325464  -  ResidentSetSize of job (KB)
...
006 (452.590.000) 2022-04-05 22:14:08 Image size of job updated: 776184
	318  -  MemoryUsage of job (MB)
	325596  -  ResidentSetSize of job (KB)
...
006 (452.590.000) 2022-04-05 22:19:08 Image size of job updated: 776184
	319  -  MemoryUsage of job (MB)
	325728  -  ResidentSetSize of job (KB)
...
006 (452.590.000) 2022-04-05 22:24:09 Image size of job updated: 776184
	319  -  MemoryUsage of job (MB)
	325860  -  ResidentSetSize of job (KB)
...
006 (452.590.000) 2022-04-05 22:29:10 Image size of job updated: 776440
	319  -  MemoryUsage of job (MB)
	325992  -  ResidentSetSize of job (KB)
...
006 (452.590.000) 2022-04-05 22:34:10 Image size of job updated: 776440
	319  -  MemoryUsage of job (MB)
	326124  -  ResidentSetSize of job (KB)
...
006 (452.590.000) 2022-04-05 22:39:11 Image size of job updated: 776696
	319  -  MemoryUsage of job (MB)
	326124  -  ResidentSetSize of job (KB)
...
006 (452.590.000) 2022-04-05 22:44:12 Image size of job updated: 776696
	319  -  MemoryUsage of job (MB)
	326256  -  ResidentSetSize of job (KB)
...
006 (452.590.000) 2022-04-05 22:49:12 Image size of job updated: 776696
	319  -  MemoryUsage of job (MB)
	326388  -  ResidentSetSize of job (KB)
...
006 (452.590.000) 2022-04-05 22:54:13 Image size of job updated: 776952
	319  -  MemoryUsage of job (MB)
	326520  -  ResidentSetSize of job (KB)
...
006 (452.590.000) 2022-04-05 22:59:14 Image size of job updated: 776952
	319  -  MemoryUsage of job (MB)
	326652  -  ResidentSetSize of job (KB)
...
006 (452.590.000) 2022-04-05 23:19:17 Image size of job updated: 777208
	320  -  MemoryUsage of job (MB)
	326732  -  ResidentSetSize of job (KB)
...
006 (452.590.000) 2022-04-05 23:29:18 Image size of job updated: 777208
	320  -  MemoryUsage of job (MB)
	326864  -  ResidentSetSize of job (KB)
...
006 (452.590.000) 2022-04-05 23:34:19 Image size of job updated: 777464
	320  -  MemoryUsage of job (MB)
	326996  -  ResidentSetSize of job (KB)
...
006 (452.590.000) 2022-04-05 23:44:20 Image size of job updated: 777464
	320  -  MemoryUsage of job (MB)
	327128  -  ResidentSetSize of job (KB)
...
006 (452.590.000) 2022-04-05 23:49:21 Image size of job updated: 777720
	320  -  MemoryUsage of job (MB)
	327260  -  ResidentSetSize of job (KB)
...
006 (452.590.000) 2022-04-05 23:54:20 Image size of job updated: 777720
	320  -  MemoryUsage of job (MB)
	327392  -  ResidentSetSize of job (KB)
...
006 (452.590.000) 2022-04-06 00:04:21 Image size of job updated: 777976
	320  -  MemoryUsage of job (MB)
	327524  -  ResidentSetSize of job (KB)
...
006 (452.590.000) 2022-04-06 00:14:22 Image size of job updated: 778232
	320  -  MemoryUsage of job (MB)
	327656  -  ResidentSetSize of job (KB)
...
006 (452.590.000) 2022-04-06 00:19:22 Image size of job updated: 778232
	321  -  MemoryUsage of job (MB)
	327788  -  ResidentSetSize of job (KB)
...
006 (452.590.000) 2022-04-06 00:24:22 Image size of job updated: 778232
	321  -  MemoryUsage of job (MB)
	327920  -  ResidentSetSize of job (KB)
...
006 (452.590.000) 2022-04-06 00:29:24 Image size of job updated: 778488
	321  -  MemoryUsage of job (MB)
	327920  -  ResidentSetSize of job (KB)
...
006 (452.590.000) 2022-04-06 00:34:25 Image size of job updated: 778488
	321  -  MemoryUsage of job (MB)
	328052  -  ResidentSetSize of job (KB)
...
006 (452.590.000) 2022-04-06 00:39:25 Image size of job updated: 778488
	321  -  MemoryUsage of job (MB)
	328184  -  ResidentSetSize of job (KB)
...
006 (452.590.000) 2022-04-06 00:44:25 Image size of job updated: 778744
	321  -  MemoryUsage of job (MB)
	328184  -  ResidentSetSize of job (KB)
...
006 (452.590.000) 2022-04-06 00:49:27 Image size of job updated: 778744
	321  -  MemoryUsage of job (MB)
	328316  -  ResidentSetSize of job (KB)
...
006 (452.590.000) 2022-04-06 00:54:27 Image size of job updated: 778744
	321  -  MemoryUsage of job (MB)
	328448  -  ResidentSetSize of job (KB)
...
006 (452.590.000) 2022-04-06 00:59:27 Image size of job updated: 779000
	321  -  MemoryUsage of job (MB)
	328580  -  ResidentSetSize of job (KB)
...
006 (452.590.000) 2022-04-06 01:04:28 Image size of job updated: 779000
	322  -  MemoryUsage of job (MB)
	328712  -  ResidentSetSize of job (KB)
...
006 (452.590.000) 2022-04-06 01:09:29 Image size of job updated: 779256
	322  -  MemoryUsage of job (MB)
	328712  -  ResidentSetSize of job (KB)
...
006 (452.590.000) 2022-04-06 01:14:29 Image size of job updated: 779256
	322  -  MemoryUsage of job (MB)
	328844  -  ResidentSetSize of job (KB)
...
006 (452.590.000) 2022-04-06 01:19:30 Image size of job updated: 779256
	322  -  MemoryUsage of job (MB)
	328976  -  ResidentSetSize of job (KB)
...
006 (452.590.000) 2022-04-06 01:24:31 Image size of job updated: 779512
	322  -  MemoryUsage of job (MB)
	329108  -  ResidentSetSize of job (KB)
...
006 (452.590.000) 2022-04-06 01:34:32 Image size of job updated: 779768
	322  -  MemoryUsage of job (MB)
	329240  -  ResidentSetSize of job (KB)
...
005 (452.590.000) 2022-04-06 01:35:45 Job terminated.
	(1) Normal termination (return value 0)
		Usr 0 06:17:08, Sys 0 00:02:58  -  Run Remote Usage
		Usr 0 00:00:00, Sys 0 00:00:00  -  Run Local Usage
		Usr 0 06:17:08, Sys 0 00:02:58  -  Total Remote Usage
		Usr 0 00:00:00, Sys 0 00:00:00  -  Total Local Usage
	0  -  Run Bytes Sent By Job
	0  -  Run Bytes Received By Job
	0  -  Total Bytes Sent By Job
	0  -  Total Bytes Received By Job
	Partitionable Resources :    Usage  Request Allocated 
	   Cpus                 :     1.00        1         1 
	   Disk (KB)            :  7500        7500     10998 
	   Memory (MB)          :   322        1024      1024 

	Job terminated of its own accord at 2022-04-05T23:35:45Z with exit-code 0.
...
