000 (452.951.000) 2022-04-05 09:23:27 Job submitted from host: <10.18.24.243:9618?addrs=10.18.24.243-9618&alias=ecoclusts01.bioclust.biologie.ens.fr&noUDP&sock=schedd_1052_29b8>
...
001 (452.951.000) 2022-04-06 02:51:57 Job executing on host: <10.18.24.134:9618?addrs=10.18.24.134-9618&alias=dyoclust07.bioclust.biologie.ens.fr&noUDP&sock=startd_808_cc9c>
...
006 (452.951.000) 2022-04-06 02:52:05 Image size of job updated: 125940
	117  -  MemoryUsage of job (MB)
	119324  -  ResidentSetSize of job (KB)
...
006 (452.951.000) 2022-04-06 02:57:05 Image size of job updated: 741880
	316  -  MemoryUsage of job (MB)
	323148  -  ResidentSetSize of job (KB)
...
006 (452.951.000) 2022-04-06 03:02:06 Image size of job updated: 774648
	317  -  MemoryUsage of job (MB)
	324336  -  ResidentSetSize of job (KB)
...
006 (452.951.000) 2022-04-06 03:37:09 Image size of job updated: 774904
	317  -  MemoryUsage of job (MB)
	324468  -  ResidentSetSize of job (KB)
...
006 (452.951.000) 2022-04-06 03:42:09 Image size of job updated: 775160
	317  -  MemoryUsage of job (MB)
	324600  -  ResidentSetSize of job (KB)
...
006 (452.951.000) 2022-04-06 03:47:09 Image size of job updated: 775160
	318  -  MemoryUsage of job (MB)
	324732  -  ResidentSetSize of job (KB)
...
006 (452.951.000) 2022-04-06 03:52:10 Image size of job updated: 775416
	318  -  MemoryUsage of job (MB)
	324996  -  ResidentSetSize of job (KB)
...
006 (452.951.000) 2022-04-06 03:57:11 Image size of job updated: 775672
	318  -  MemoryUsage of job (MB)
	325128  -  ResidentSetSize of job (KB)
...
006 (452.951.000) 2022-04-06 04:02:11 Image size of job updated: 775672
	318  -  MemoryUsage of job (MB)
	325392  -  ResidentSetSize of job (KB)
...
006 (452.951.000) 2022-04-06 04:07:12 Image size of job updated: 775928
	318  -  MemoryUsage of job (MB)
	325524  -  ResidentSetSize of job (KB)
...
006 (452.951.000) 2022-04-06 04:12:13 Image size of job updated: 776184
	319  -  MemoryUsage of job (MB)
	325788  -  ResidentSetSize of job (KB)
...
006 (452.951.000) 2022-04-06 04:17:13 Image size of job updated: 776440
	319  -  MemoryUsage of job (MB)
	326052  -  ResidentSetSize of job (KB)
...
006 (452.951.000) 2022-04-06 04:22:13 Image size of job updated: 776696
	319  -  MemoryUsage of job (MB)
	326184  -  ResidentSetSize of job (KB)
...
006 (452.951.000) 2022-04-06 04:27:14 Image size of job updated: 776952
	319  -  MemoryUsage of job (MB)
	326448  -  ResidentSetSize of job (KB)
...
006 (452.951.000) 2022-04-06 04:32:14 Image size of job updated: 776952
	319  -  MemoryUsage of job (MB)
	326580  -  ResidentSetSize of job (KB)
...
006 (452.951.000) 2022-04-06 04:42:15 Image size of job updated: 777208
	320  -  MemoryUsage of job (MB)
	326712  -  ResidentSetSize of job (KB)
...
006 (452.951.000) 2022-04-06 04:47:16 Image size of job updated: 777208
	320  -  MemoryUsage of job (MB)
	326976  -  ResidentSetSize of job (KB)
...
006 (452.951.000) 2022-04-06 04:52:16 Image size of job updated: 777464
	320  -  MemoryUsage of job (MB)
	327108  -  ResidentSetSize of job (KB)
...
006 (452.951.000) 2022-04-06 04:57:17 Image size of job updated: 777720
	320  -  MemoryUsage of job (MB)
	327372  -  ResidentSetSize of job (KB)
...
006 (452.951.000) 2022-04-06 05:02:18 Image size of job updated: 777976
	320  -  MemoryUsage of job (MB)
	327504  -  ResidentSetSize of job (KB)
...
006 (452.951.000) 2022-04-06 05:07:18 Image size of job updated: 777976
	320  -  MemoryUsage of job (MB)
	327636  -  ResidentSetSize of job (KB)
...
006 (452.951.000) 2022-04-06 05:12:18 Image size of job updated: 778232
	321  -  MemoryUsage of job (MB)
	327900  -  ResidentSetSize of job (KB)
...
006 (452.951.000) 2022-04-06 05:17:19 Image size of job updated: 778488
	321  -  MemoryUsage of job (MB)
	328164  -  ResidentSetSize of job (KB)
...
006 (452.951.000) 2022-04-06 05:22:20 Image size of job updated: 778744
	321  -  MemoryUsage of job (MB)
	328296  -  ResidentSetSize of job (KB)
...
006 (452.951.000) 2022-04-06 05:27:20 Image size of job updated: 778744
	321  -  MemoryUsage of job (MB)
	328560  -  ResidentSetSize of job (KB)
...
006 (452.951.000) 2022-04-06 05:32:20 Image size of job updated: 779000
	321  -  MemoryUsage of job (MB)
	328692  -  ResidentSetSize of job (KB)
...
006 (452.951.000) 2022-04-06 05:37:21 Image size of job updated: 779256
	322  -  MemoryUsage of job (MB)
	328824  -  ResidentSetSize of job (KB)
...
006 (452.951.000) 2022-04-06 05:42:22 Image size of job updated: 779512
	322  -  MemoryUsage of job (MB)
	329088  -  ResidentSetSize of job (KB)
...
006 (452.951.000) 2022-04-06 05:47:22 Image size of job updated: 779512
	322  -  MemoryUsage of job (MB)
	329220  -  ResidentSetSize of job (KB)
...
006 (452.951.000) 2022-04-06 05:48:31 Image size of job updated: 779768
	322  -  MemoryUsage of job (MB)
	329220  -  ResidentSetSize of job (KB)
...
005 (452.951.000) 2022-04-06 05:48:31 Job terminated.
	(1) Normal termination (return value 0)
		Usr 0 02:55:52, Sys 0 00:00:33  -  Run Remote Usage
		Usr 0 00:00:00, Sys 0 00:00:00  -  Run Local Usage
		Usr 0 02:55:52, Sys 0 00:00:33  -  Total Remote Usage
		Usr 0 00:00:00, Sys 0 00:00:00  -  Total Local Usage
	0  -  Run Bytes Sent By Job
	0  -  Run Bytes Received By Job
	0  -  Total Bytes Sent By Job
	0  -  Total Bytes Received By Job
	Partitionable Resources :    Usage  Request Allocated 
	   Cpus                 :     1.00        1         1 
	   Disk (KB)            :  7500        7500     10998 
	   Memory (MB)          :   322        1024      1024 

	Job terminated of its own accord at 2022-04-06T03:48:31Z with exit-code 0.
...
