000 (452.650.000) 2022-04-05 09:23:26 Job submitted from host: <10.18.24.243:9618?addrs=10.18.24.243-9618&alias=ecoclusts01.bioclust.biologie.ens.fr&noUDP&sock=schedd_1052_29b8>
...
001 (452.650.000) 2022-04-05 20:35:05 Job executing on host: <10.18.24.136:9618?addrs=10.18.24.136-9618&alias=dyoclust09.bioclust.biologie.ens.fr&noUDP&sock=startd_808_cc9c>
...
006 (452.650.000) 2022-04-05 20:35:14 Image size of job updated: 197716
	112  -  MemoryUsage of job (MB)
	114004  -  ResidentSetSize of job (KB)
...
006 (452.650.000) 2022-04-05 20:40:14 Image size of job updated: 741624
	317  -  MemoryUsage of job (MB)
	324140  -  ResidentSetSize of job (KB)
...
006 (452.650.000) 2022-04-05 20:45:15 Image size of job updated: 774392
	317  -  MemoryUsage of job (MB)
	324140  -  ResidentSetSize of job (KB)
...
006 (452.650.000) 2022-04-05 21:25:20 Image size of job updated: 774648
	317  -  MemoryUsage of job (MB)
	324228  -  ResidentSetSize of job (KB)
...
006 (452.650.000) 2022-04-05 21:30:20 Image size of job updated: 774904
	317  -  MemoryUsage of job (MB)
	324360  -  ResidentSetSize of job (KB)
...
006 (452.650.000) 2022-04-05 21:35:20 Image size of job updated: 774904
	318  -  MemoryUsage of job (MB)
	324624  -  ResidentSetSize of job (KB)
...
006 (452.650.000) 2022-04-05 21:40:21 Image size of job updated: 775160
	318  -  MemoryUsage of job (MB)
	324756  -  ResidentSetSize of job (KB)
...
006 (452.650.000) 2022-04-05 21:45:21 Image size of job updated: 775416
	318  -  MemoryUsage of job (MB)
	325020  -  ResidentSetSize of job (KB)
...
006 (452.650.000) 2022-04-05 21:50:21 Image size of job updated: 775672
	318  -  MemoryUsage of job (MB)
	325152  -  ResidentSetSize of job (KB)
...
006 (452.650.000) 2022-04-05 21:55:22 Image size of job updated: 775928
	318  -  MemoryUsage of job (MB)
	325416  -  ResidentSetSize of job (KB)
...
006 (452.650.000) 2022-04-05 22:00:23 Image size of job updated: 775928
	319  -  MemoryUsage of job (MB)
	325680  -  ResidentSetSize of job (KB)
...
006 (452.650.000) 2022-04-05 22:05:23 Image size of job updated: 776184
	319  -  MemoryUsage of job (MB)
	325812  -  ResidentSetSize of job (KB)
...
006 (452.650.000) 2022-04-05 22:10:23 Image size of job updated: 776440
	319  -  MemoryUsage of job (MB)
	326076  -  ResidentSetSize of job (KB)
...
006 (452.650.000) 2022-04-05 22:15:24 Image size of job updated: 776696
	319  -  MemoryUsage of job (MB)
	326208  -  ResidentSetSize of job (KB)
...
006 (452.650.000) 2022-04-05 22:20:25 Image size of job updated: 776952
	319  -  MemoryUsage of job (MB)
	326472  -  ResidentSetSize of job (KB)
...
006 (452.650.000) 2022-04-05 22:25:25 Image size of job updated: 776952
	319  -  MemoryUsage of job (MB)
	326604  -  ResidentSetSize of job (KB)
...
006 (452.650.000) 2022-04-05 22:35:27 Image size of job updated: 777208
	320  -  MemoryUsage of job (MB)
	326736  -  ResidentSetSize of job (KB)
...
006 (452.650.000) 2022-04-05 22:40:27 Image size of job updated: 777208
	320  -  MemoryUsage of job (MB)
	326868  -  ResidentSetSize of job (KB)
...
006 (452.650.000) 2022-04-05 22:45:27 Image size of job updated: 777464
	320  -  MemoryUsage of job (MB)
	327132  -  ResidentSetSize of job (KB)
...
006 (452.650.000) 2022-04-05 22:50:28 Image size of job updated: 777720
	320  -  MemoryUsage of job (MB)
	327264  -  ResidentSetSize of job (KB)
...
006 (452.650.000) 2022-04-05 22:55:29 Image size of job updated: 777720
	320  -  MemoryUsage of job (MB)
	327396  -  ResidentSetSize of job (KB)
...
006 (452.650.000) 2022-04-05 23:00:29 Image size of job updated: 777976
	320  -  MemoryUsage of job (MB)
	327660  -  ResidentSetSize of job (KB)
...
006 (452.650.000) 2022-04-05 23:05:30 Image size of job updated: 778232
	321  -  MemoryUsage of job (MB)
	327792  -  ResidentSetSize of job (KB)
...
006 (452.650.000) 2022-04-05 23:10:31 Image size of job updated: 778488
	321  -  MemoryUsage of job (MB)
	328056  -  ResidentSetSize of job (KB)
...
006 (452.650.000) 2022-04-05 23:15:31 Image size of job updated: 778488
	321  -  MemoryUsage of job (MB)
	328188  -  ResidentSetSize of job (KB)
...
006 (452.650.000) 2022-04-05 23:20:31 Image size of job updated: 778744
	321  -  MemoryUsage of job (MB)
	328452  -  ResidentSetSize of job (KB)
...
006 (452.650.000) 2022-04-05 23:25:32 Image size of job updated: 779000
	321  -  MemoryUsage of job (MB)
	328584  -  ResidentSetSize of job (KB)
...
006 (452.650.000) 2022-04-05 23:30:32 Image size of job updated: 779256
	322  -  MemoryUsage of job (MB)
	328716  -  ResidentSetSize of job (KB)
...
006 (452.650.000) 2022-04-05 23:35:32 Image size of job updated: 779256
	322  -  MemoryUsage of job (MB)
	328980  -  ResidentSetSize of job (KB)
...
006 (452.650.000) 2022-04-05 23:40:33 Image size of job updated: 779512
	322  -  MemoryUsage of job (MB)
	329112  -  ResidentSetSize of job (KB)
...
006 (452.650.000) 2022-04-05 23:43:22 Image size of job updated: 779768
	322  -  MemoryUsage of job (MB)
	329112  -  ResidentSetSize of job (KB)
...
005 (452.650.000) 2022-04-05 23:43:22 Job terminated.
	(1) Normal termination (return value 0)
		Usr 0 03:07:08, Sys 0 00:00:26  -  Run Remote Usage
		Usr 0 00:00:00, Sys 0 00:00:00  -  Run Local Usage
		Usr 0 03:07:08, Sys 0 00:00:26  -  Total Remote Usage
		Usr 0 00:00:00, Sys 0 00:00:00  -  Total Local Usage
	0  -  Run Bytes Sent By Job
	0  -  Run Bytes Received By Job
	0  -  Total Bytes Sent By Job
	0  -  Total Bytes Received By Job
	Partitionable Resources :    Usage  Request Allocated 
	   Cpus                 :     1.00        1         1 
	   Disk (KB)            :  7500        7500     10998 
	   Memory (MB)          :   322        1024      1024 

	Job terminated of its own accord at 2022-04-05T21:43:22Z with exit-code 0.
...
