000 (452.771.000) 2022-04-05 09:23:27 Job submitted from host: <10.18.24.243:9618?addrs=10.18.24.243-9618&alias=ecoclusts01.bioclust.biologie.ens.fr&noUDP&sock=schedd_1052_29b8>
...
001 (452.771.000) 2022-04-05 22:59:51 Job executing on host: <10.18.24.142:9618?addrs=10.18.24.142-9618&alias=dyoclust15.bioclust.biologie.ens.fr&noUDP&sock=startd_768_5cd3>
...
006 (452.771.000) 2022-04-05 22:59:59 Image size of job updated: 178468
	175  -  MemoryUsage of job (MB)
	178468  -  ResidentSetSize of job (KB)
...
006 (452.771.000) 2022-04-05 23:04:59 Image size of job updated: 741880
	317  -  MemoryUsage of job (MB)
	324268  -  ResidentSetSize of job (KB)
...
006 (452.771.000) 2022-04-05 23:10:00 Image size of job updated: 774648
	317  -  MemoryUsage of job (MB)
	324292  -  ResidentSetSize of job (KB)
...
006 (452.771.000) 2022-04-05 23:50:04 Image size of job updated: 774904
	317  -  MemoryUsage of job (MB)
	324424  -  ResidentSetSize of job (KB)
...
006 (452.771.000) 2022-04-05 23:55:03 Image size of job updated: 775160
	317  -  MemoryUsage of job (MB)
	324556  -  ResidentSetSize of job (KB)
...
006 (452.771.000) 2022-04-06 00:00:04 Image size of job updated: 775160
	318  -  MemoryUsage of job (MB)
	324820  -  ResidentSetSize of job (KB)
...
006 (452.771.000) 2022-04-06 00:05:04 Image size of job updated: 775416
	318  -  MemoryUsage of job (MB)
	324952  -  ResidentSetSize of job (KB)
...
006 (452.771.000) 2022-04-06 00:10:04 Image size of job updated: 775672
	318  -  MemoryUsage of job (MB)
	325084  -  ResidentSetSize of job (KB)
...
006 (452.771.000) 2022-04-06 00:15:05 Image size of job updated: 775672
	318  -  MemoryUsage of job (MB)
	325348  -  ResidentSetSize of job (KB)
...
006 (452.771.000) 2022-04-06 00:20:05 Image size of job updated: 775928
	318  -  MemoryUsage of job (MB)
	325480  -  ResidentSetSize of job (KB)
...
006 (452.771.000) 2022-04-06 00:25:05 Image size of job updated: 776184
	318  -  MemoryUsage of job (MB)
	325612  -  ResidentSetSize of job (KB)
...
006 (452.771.000) 2022-04-06 00:30:07 Image size of job updated: 776184
	319  -  MemoryUsage of job (MB)
	325876  -  ResidentSetSize of job (KB)
...
006 (452.771.000) 2022-04-06 00:35:08 Image size of job updated: 776440
	319  -  MemoryUsage of job (MB)
	326008  -  ResidentSetSize of job (KB)
...
006 (452.771.000) 2022-04-06 00:40:09 Image size of job updated: 776696
	319  -  MemoryUsage of job (MB)
	326140  -  ResidentSetSize of job (KB)
...
006 (452.771.000) 2022-04-06 00:45:09 Image size of job updated: 776696
	319  -  MemoryUsage of job (MB)
	326272  -  ResidentSetSize of job (KB)
...
006 (452.771.000) 2022-04-06 00:50:09 Image size of job updated: 776952
	319  -  MemoryUsage of job (MB)
	326404  -  ResidentSetSize of job (KB)
...
006 (452.771.000) 2022-04-06 00:55:11 Image size of job updated: 776952
	319  -  MemoryUsage of job (MB)
	326536  -  ResidentSetSize of job (KB)
...
006 (452.771.000) 2022-04-06 01:05:11 Image size of job updated: 776952
	320  -  MemoryUsage of job (MB)
	326668  -  ResidentSetSize of job (KB)
...
006 (452.771.000) 2022-04-06 01:10:12 Image size of job updated: 777208
	320  -  MemoryUsage of job (MB)
	326800  -  ResidentSetSize of job (KB)
...
006 (452.771.000) 2022-04-06 01:15:13 Image size of job updated: 777464
	320  -  MemoryUsage of job (MB)
	326932  -  ResidentSetSize of job (KB)
...
006 (452.771.000) 2022-04-06 01:20:13 Image size of job updated: 777464
	320  -  MemoryUsage of job (MB)
	327064  -  ResidentSetSize of job (KB)
...
006 (452.771.000) 2022-04-06 01:25:13 Image size of job updated: 777720
	320  -  MemoryUsage of job (MB)
	327196  -  ResidentSetSize of job (KB)
...
006 (452.771.000) 2022-04-06 01:30:14 Image size of job updated: 777720
	320  -  MemoryUsage of job (MB)
	327328  -  ResidentSetSize of job (KB)
...
006 (452.771.000) 2022-04-06 01:35:14 Image size of job updated: 777976
	320  -  MemoryUsage of job (MB)
	327592  -  ResidentSetSize of job (KB)
...
006 (452.771.000) 2022-04-06 01:40:14 Image size of job updated: 778232
	321  -  MemoryUsage of job (MB)
	327724  -  ResidentSetSize of job (KB)
...
006 (452.771.000) 2022-04-06 01:45:15 Image size of job updated: 778232
	321  -  MemoryUsage of job (MB)
	327988  -  ResidentSetSize of job (KB)
...
006 (452.771.000) 2022-04-06 01:50:16 Image size of job updated: 778488
	321  -  MemoryUsage of job (MB)
	328120  -  ResidentSetSize of job (KB)
...
006 (452.771.000) 2022-04-06 01:55:16 Image size of job updated: 778744
	321  -  MemoryUsage of job (MB)
	328252  -  ResidentSetSize of job (KB)
...
006 (452.771.000) 2022-04-06 02:00:17 Image size of job updated: 778744
	321  -  MemoryUsage of job (MB)
	328384  -  ResidentSetSize of job (KB)
...
006 (452.771.000) 2022-04-06 02:05:18 Image size of job updated: 779000
	321  -  MemoryUsage of job (MB)
	328516  -  ResidentSetSize of job (KB)
...
006 (452.771.000) 2022-04-06 02:10:18 Image size of job updated: 779000
	322  -  MemoryUsage of job (MB)
	328780  -  ResidentSetSize of job (KB)
...
006 (452.771.000) 2022-04-06 02:15:18 Image size of job updated: 779256
	322  -  MemoryUsage of job (MB)
	328912  -  ResidentSetSize of job (KB)
...
006 (452.771.000) 2022-04-06 02:20:19 Image size of job updated: 779512
	322  -  MemoryUsage of job (MB)
	329044  -  ResidentSetSize of job (KB)
...
006 (452.771.000) 2022-04-06 02:25:20 Image size of job updated: 779512
	322  -  MemoryUsage of job (MB)
	329176  -  ResidentSetSize of job (KB)
...
006 (452.771.000) 2022-04-06 02:28:56 Image size of job updated: 779768
	322  -  MemoryUsage of job (MB)
	329176  -  ResidentSetSize of job (KB)
...
005 (452.771.000) 2022-04-06 02:28:56 Job terminated.
	(1) Normal termination (return value 0)
		Usr 0 03:27:07, Sys 0 00:00:25  -  Run Remote Usage
		Usr 0 00:00:00, Sys 0 00:00:00  -  Run Local Usage
		Usr 0 03:27:07, Sys 0 00:00:25  -  Total Remote Usage
		Usr 0 00:00:00, Sys 0 00:00:00  -  Total Local Usage
	0  -  Run Bytes Sent By Job
	0  -  Run Bytes Received By Job
	0  -  Total Bytes Sent By Job
	0  -  Total Bytes Received By Job
	Partitionable Resources :    Usage  Request Allocated 
	   Cpus                 :     1.00        1         1 
	   Disk (KB)            :  7500        7500     10998 
	   Memory (MB)          :   322        1024      1024 

	Job terminated of its own accord at 2022-04-06T00:28:56Z with exit-code 0.
...
