000 (452.311.000) 2022-04-05 09:23:25 Job submitted from host: <10.18.24.243:9618?addrs=10.18.24.243-9618&alias=ecoclusts01.bioclust.biologie.ens.fr&noUDP&sock=schedd_1052_29b8>
...
001 (452.311.000) 2022-04-05 12:45:19 Job executing on host: <10.18.24.7:9618?addrs=10.18.24.7-9618&alias=bioclust07.bioclust.biologie.ens.fr&noUDP&sock=startd_1083_6d28>
...
006 (452.311.000) 2022-04-05 12:45:27 Image size of job updated: 86812
	38  -  MemoryUsage of job (MB)
	38304  -  ResidentSetSize of job (KB)
...
006 (452.311.000) 2022-04-05 12:50:27 Image size of job updated: 799024
	317  -  MemoryUsage of job (MB)
	324312  -  ResidentSetSize of job (KB)
...
006 (452.311.000) 2022-04-05 15:30:45 Image size of job updated: 799024
	317  -  MemoryUsage of job (MB)
	324444  -  ResidentSetSize of job (KB)
...
006 (452.311.000) 2022-04-05 15:35:45 Image size of job updated: 799024
	317  -  MemoryUsage of job (MB)
	324576  -  ResidentSetSize of job (KB)
...
006 (452.311.000) 2022-04-05 15:45:46 Image size of job updated: 799024
	318  -  MemoryUsage of job (MB)
	324708  -  ResidentSetSize of job (KB)
...
006 (452.311.000) 2022-04-05 15:55:47 Image size of job updated: 799024
	318  -  MemoryUsage of job (MB)
	324840  -  ResidentSetSize of job (KB)
...
006 (452.311.000) 2022-04-05 16:05:48 Image size of job updated: 799024
	318  -  MemoryUsage of job (MB)
	324972  -  ResidentSetSize of job (KB)
...
006 (452.311.000) 2022-04-05 16:15:50 Image size of job updated: 799024
	318  -  MemoryUsage of job (MB)
	325104  -  ResidentSetSize of job (KB)
...
006 (452.311.000) 2022-04-05 16:20:50 Image size of job updated: 799024
	318  -  MemoryUsage of job (MB)
	325236  -  ResidentSetSize of job (KB)
...
006 (452.311.000) 2022-04-05 16:30:51 Image size of job updated: 799024
	318  -  MemoryUsage of job (MB)
	325368  -  ResidentSetSize of job (KB)
...
006 (452.311.000) 2022-04-05 16:40:51 Image size of job updated: 799024
	318  -  MemoryUsage of job (MB)
	325500  -  ResidentSetSize of job (KB)
...
006 (452.311.000) 2022-04-05 16:55:53 Image size of job updated: 799024
	318  -  MemoryUsage of job (MB)
	325632  -  ResidentSetSize of job (KB)
...
006 (452.311.000) 2022-04-05 17:05:55 Image size of job updated: 799024
	319  -  MemoryUsage of job (MB)
	325764  -  ResidentSetSize of job (KB)
...
006 (452.311.000) 2022-04-05 17:15:56 Image size of job updated: 799024
	319  -  MemoryUsage of job (MB)
	325896  -  ResidentSetSize of job (KB)
...
006 (452.311.000) 2022-04-05 17:25:57 Image size of job updated: 799024
	319  -  MemoryUsage of job (MB)
	326028  -  ResidentSetSize of job (KB)
...
006 (452.311.000) 2022-04-05 17:35:58 Image size of job updated: 799024
	319  -  MemoryUsage of job (MB)
	326160  -  ResidentSetSize of job (KB)
...
006 (452.311.000) 2022-04-05 17:45:58 Image size of job updated: 799024
	319  -  MemoryUsage of job (MB)
	326292  -  ResidentSetSize of job (KB)
...
006 (452.311.000) 2022-04-05 17:50:59 Image size of job updated: 799024
	319  -  MemoryUsage of job (MB)
	326424  -  ResidentSetSize of job (KB)
...
006 (452.311.000) 2022-04-05 18:06:02 Image size of job updated: 799024
	319  -  MemoryUsage of job (MB)
	326556  -  ResidentSetSize of job (KB)
...
006 (452.311.000) 2022-04-05 18:41:06 Image size of job updated: 799024
	320  -  MemoryUsage of job (MB)
	326688  -  ResidentSetSize of job (KB)
...
006 (452.311.000) 2022-04-05 18:51:06 Image size of job updated: 799024
	320  -  MemoryUsage of job (MB)
	326820  -  ResidentSetSize of job (KB)
...
006 (452.311.000) 2022-04-05 19:06:08 Image size of job updated: 799024
	320  -  MemoryUsage of job (MB)
	326952  -  ResidentSetSize of job (KB)
...
006 (452.311.000) 2022-04-05 19:11:09 Image size of job updated: 799024
	320  -  MemoryUsage of job (MB)
	327084  -  ResidentSetSize of job (KB)
...
006 (452.311.000) 2022-04-05 19:21:10 Image size of job updated: 799024
	320  -  MemoryUsage of job (MB)
	327216  -  ResidentSetSize of job (KB)
...
006 (452.311.000) 2022-04-05 19:31:11 Image size of job updated: 799024
	320  -  MemoryUsage of job (MB)
	327348  -  ResidentSetSize of job (KB)
...
006 (452.311.000) 2022-04-05 19:36:11 Image size of job updated: 799024
	320  -  MemoryUsage of job (MB)
	327480  -  ResidentSetSize of job (KB)
...
006 (452.311.000) 2022-04-05 19:46:12 Image size of job updated: 799024
	320  -  MemoryUsage of job (MB)
	327612  -  ResidentSetSize of job (KB)
...
006 (452.311.000) 2022-04-05 19:56:13 Image size of job updated: 799024
	321  -  MemoryUsage of job (MB)
	327744  -  ResidentSetSize of job (KB)
...
006 (452.311.000) 2022-04-05 20:06:15 Image size of job updated: 799024
	321  -  MemoryUsage of job (MB)
	327876  -  ResidentSetSize of job (KB)
...
006 (452.311.000) 2022-04-05 20:16:15 Image size of job updated: 799024
	321  -  MemoryUsage of job (MB)
	328008  -  ResidentSetSize of job (KB)
...
006 (452.311.000) 2022-04-05 20:26:17 Image size of job updated: 799024
	321  -  MemoryUsage of job (MB)
	328140  -  ResidentSetSize of job (KB)
...
006 (452.311.000) 2022-04-05 20:41:19 Image size of job updated: 799024
	321  -  MemoryUsage of job (MB)
	328272  -  ResidentSetSize of job (KB)
...
006 (452.311.000) 2022-04-05 20:46:19 Image size of job updated: 799024
	321  -  MemoryUsage of job (MB)
	328404  -  ResidentSetSize of job (KB)
...
006 (452.311.000) 2022-04-05 20:56:21 Image size of job updated: 799024
	321  -  MemoryUsage of job (MB)
	328536  -  ResidentSetSize of job (KB)
...
006 (452.311.000) 2022-04-05 21:11:23 Image size of job updated: 799024
	321  -  MemoryUsage of job (MB)
	328668  -  ResidentSetSize of job (KB)
...
006 (452.311.000) 2022-04-05 21:26:24 Image size of job updated: 799024
	322  -  MemoryUsage of job (MB)
	328800  -  ResidentSetSize of job (KB)
...
006 (452.311.000) 2022-04-05 21:31:25 Image size of job updated: 799024
	322  -  MemoryUsage of job (MB)
	328932  -  ResidentSetSize of job (KB)
...
006 (452.311.000) 2022-04-05 21:46:27 Image size of job updated: 799024
	322  -  MemoryUsage of job (MB)
	329064  -  ResidentSetSize of job (KB)
...
006 (452.311.000) 2022-04-05 21:51:27 Image size of job updated: 799024
	322  -  MemoryUsage of job (MB)
	329196  -  ResidentSetSize of job (KB)
...
005 (452.311.000) 2022-04-05 22:00:48 Job terminated.
	(1) Normal termination (return value 0)
		Usr 0 09:11:29, Sys 0 00:00:52  -  Run Remote Usage
		Usr 0 00:00:00, Sys 0 00:00:00  -  Run Local Usage
		Usr 0 09:11:29, Sys 0 00:00:52  -  Total Remote Usage
		Usr 0 00:00:00, Sys 0 00:00:00  -  Total Local Usage
	0  -  Run Bytes Sent By Job
	0  -  Run Bytes Received By Job
	0  -  Total Bytes Sent By Job
	0  -  Total Bytes Received By Job
	Partitionable Resources :    Usage  Request Allocated 
	   Cpus                 :     1.00        1         1 
	   Disk (KB)            :  7500        7500     10998 
	   Memory (MB)          :   322        1024      1024 

	Job terminated of its own accord at 2022-04-05T20:00:48Z with exit-code 0.
...
