000 (452.283.000) 2022-04-05 09:23:25 Job submitted from host: <10.18.24.243:9618?addrs=10.18.24.243-9618&alias=ecoclusts01.bioclust.biologie.ens.fr&noUDP&sock=schedd_1052_29b8>
...
001 (452.283.000) 2022-04-05 12:33:19 Job executing on host: <10.18.24.135:9618?addrs=10.18.24.135-9618&alias=dyoclust08.bioclust.biologie.ens.fr&noUDP&sock=startd_793_82b1>
...
006 (452.283.000) 2022-04-05 12:33:28 Image size of job updated: 317520
	311  -  MemoryUsage of job (MB)
	317520  -  ResidentSetSize of job (KB)
...
006 (452.283.000) 2022-04-05 12:38:29 Image size of job updated: 741624
	311  -  MemoryUsage of job (MB)
	317784  -  ResidentSetSize of job (KB)
...
006 (452.283.000) 2022-04-05 12:43:30 Image size of job updated: 774392
	317  -  MemoryUsage of job (MB)
	324064  -  ResidentSetSize of job (KB)
...
006 (452.283.000) 2022-04-05 13:38:36 Image size of job updated: 774648
	317  -  MemoryUsage of job (MB)
	324328  -  ResidentSetSize of job (KB)
...
006 (452.283.000) 2022-04-05 13:43:36 Image size of job updated: 774904
	317  -  MemoryUsage of job (MB)
	324460  -  ResidentSetSize of job (KB)
...
006 (452.283.000) 2022-04-05 13:48:37 Image size of job updated: 775160
	317  -  MemoryUsage of job (MB)
	324592  -  ResidentSetSize of job (KB)
...
006 (452.283.000) 2022-04-05 13:53:38 Image size of job updated: 775160
	318  -  MemoryUsage of job (MB)
	324724  -  ResidentSetSize of job (KB)
...
006 (452.283.000) 2022-04-05 13:58:38 Image size of job updated: 775416
	318  -  MemoryUsage of job (MB)
	324988  -  ResidentSetSize of job (KB)
...
006 (452.283.000) 2022-04-05 14:03:38 Image size of job updated: 775672
	318  -  MemoryUsage of job (MB)
	325120  -  ResidentSetSize of job (KB)
...
006 (452.283.000) 2022-04-05 14:08:39 Image size of job updated: 775672
	318  -  MemoryUsage of job (MB)
	325384  -  ResidentSetSize of job (KB)
...
006 (452.283.000) 2022-04-05 14:13:39 Image size of job updated: 775928
	319  -  MemoryUsage of job (MB)
	325648  -  ResidentSetSize of job (KB)
...
006 (452.283.000) 2022-04-05 14:18:39 Image size of job updated: 776184
	319  -  MemoryUsage of job (MB)
	325780  -  ResidentSetSize of job (KB)
...
006 (452.283.000) 2022-04-05 14:23:40 Image size of job updated: 776440
	319  -  MemoryUsage of job (MB)
	326044  -  ResidentSetSize of job (KB)
...
006 (452.283.000) 2022-04-05 14:28:41 Image size of job updated: 776696
	319  -  MemoryUsage of job (MB)
	326176  -  ResidentSetSize of job (KB)
...
006 (452.283.000) 2022-04-05 14:33:41 Image size of job updated: 776952
	319  -  MemoryUsage of job (MB)
	326440  -  ResidentSetSize of job (KB)
...
006 (452.283.000) 2022-04-05 14:38:42 Image size of job updated: 776952
	319  -  MemoryUsage of job (MB)
	326572  -  ResidentSetSize of job (KB)
...
006 (452.283.000) 2022-04-05 14:48:43 Image size of job updated: 777208
	320  -  MemoryUsage of job (MB)
	326704  -  ResidentSetSize of job (KB)
...
006 (452.283.000) 2022-04-05 14:53:43 Image size of job updated: 777208
	320  -  MemoryUsage of job (MB)
	326968  -  ResidentSetSize of job (KB)
...
006 (452.283.000) 2022-04-05 14:58:45 Image size of job updated: 777464
	320  -  MemoryUsage of job (MB)
	327100  -  ResidentSetSize of job (KB)
...
006 (452.283.000) 2022-04-05 15:03:45 Image size of job updated: 777720
	320  -  MemoryUsage of job (MB)
	327232  -  ResidentSetSize of job (KB)
...
006 (452.283.000) 2022-04-05 15:08:45 Image size of job updated: 777976
	320  -  MemoryUsage of job (MB)
	327496  -  ResidentSetSize of job (KB)
...
006 (452.283.000) 2022-04-05 15:13:46 Image size of job updated: 777976
	320  -  MemoryUsage of job (MB)
	327628  -  ResidentSetSize of job (KB)
...
006 (452.283.000) 2022-04-05 15:18:47 Image size of job updated: 778232
	321  -  MemoryUsage of job (MB)
	327760  -  ResidentSetSize of job (KB)
...
006 (452.283.000) 2022-04-05 15:23:47 Image size of job updated: 778488
	321  -  MemoryUsage of job (MB)
	328024  -  ResidentSetSize of job (KB)
...
006 (452.283.000) 2022-04-05 15:28:47 Image size of job updated: 778488
	321  -  MemoryUsage of job (MB)
	328156  -  ResidentSetSize of job (KB)
...
006 (452.283.000) 2022-04-05 15:33:48 Image size of job updated: 778744
	321  -  MemoryUsage of job (MB)
	328288  -  ResidentSetSize of job (KB)
...
006 (452.283.000) 2022-04-05 15:38:49 Image size of job updated: 779000
	321  -  MemoryUsage of job (MB)
	328552  -  ResidentSetSize of job (KB)
...
006 (452.283.000) 2022-04-05 15:43:49 Image size of job updated: 779000
	321  -  MemoryUsage of job (MB)
	328684  -  ResidentSetSize of job (KB)
...
006 (452.283.000) 2022-04-05 15:48:50 Image size of job updated: 779256
	322  -  MemoryUsage of job (MB)
	328948  -  ResidentSetSize of job (KB)
...
006 (452.283.000) 2022-04-05 15:53:51 Image size of job updated: 779512
	322  -  MemoryUsage of job (MB)
	329080  -  ResidentSetSize of job (KB)
...
006 (452.283.000) 2022-04-05 15:58:51 Image size of job updated: 779768
	322  -  MemoryUsage of job (MB)
	329212  -  ResidentSetSize of job (KB)
...
005 (452.283.000) 2022-04-05 15:59:28 Job terminated.
	(1) Normal termination (return value 0)
		Usr 0 03:25:30, Sys 0 00:00:30  -  Run Remote Usage
		Usr 0 00:00:00, Sys 0 00:00:00  -  Run Local Usage
		Usr 0 03:25:30, Sys 0 00:00:30  -  Total Remote Usage
		Usr 0 00:00:00, Sys 0 00:00:00  -  Total Local Usage
	0  -  Run Bytes Sent By Job
	0  -  Run Bytes Received By Job
	0  -  Total Bytes Sent By Job
	0  -  Total Bytes Received By Job
	Partitionable Resources :    Usage  Request Allocated 
	   Cpus                 :     1.00        1         1 
	   Disk (KB)            :  7500        7500     10998 
	   Memory (MB)          :   322        1024      1024 

	Job terminated of its own accord at 2022-04-05T13:59:28Z with exit-code 0.
...
