000 (452.564.000) 2022-04-05 09:23:26 Job submitted from host: <10.18.24.243:9618?addrs=10.18.24.243-9618&alias=ecoclusts01.bioclust.biologie.ens.fr&noUDP&sock=schedd_1052_29b8>
...
001 (452.564.000) 2022-04-05 18:57:41 Job executing on host: <10.18.24.176:9618?addrs=10.18.24.176-9618&alias=mcbsclust05.bioclust.biologie.ens.fr&noUDP&sock=startd_869_a3e3>
...
006 (452.564.000) 2022-04-05 18:57:49 Image size of job updated: 242140
	237  -  MemoryUsage of job (MB)
	242140  -  ResidentSetSize of job (KB)
...
006 (452.564.000) 2022-04-05 19:02:49 Image size of job updated: 845676
	284  -  MemoryUsage of job (MB)
	290792  -  ResidentSetSize of job (KB)
...
006 (452.564.000) 2022-04-05 19:07:50 Image size of job updated: 845676
	317  -  MemoryUsage of job (MB)
	324352  -  ResidentSetSize of job (KB)
...
006 (452.564.000) 2022-04-05 20:27:57 Image size of job updated: 845676
	317  -  MemoryUsage of job (MB)
	324484  -  ResidentSetSize of job (KB)
...
006 (452.564.000) 2022-04-05 20:32:58 Image size of job updated: 845676
	318  -  MemoryUsage of job (MB)
	324616  -  ResidentSetSize of job (KB)
...
006 (452.564.000) 2022-04-05 20:37:59 Image size of job updated: 845676
	318  -  MemoryUsage of job (MB)
	324748  -  ResidentSetSize of job (KB)
...
006 (452.564.000) 2022-04-05 20:42:59 Image size of job updated: 845676
	318  -  MemoryUsage of job (MB)
	324880  -  ResidentSetSize of job (KB)
...
006 (452.564.000) 2022-04-05 20:48:00 Image size of job updated: 845676
	318  -  MemoryUsage of job (MB)
	325012  -  ResidentSetSize of job (KB)
...
006 (452.564.000) 2022-04-05 20:53:01 Image size of job updated: 845676
	318  -  MemoryUsage of job (MB)
	325144  -  ResidentSetSize of job (KB)
...
006 (452.564.000) 2022-04-05 20:58:01 Image size of job updated: 845676
	318  -  MemoryUsage of job (MB)
	325276  -  ResidentSetSize of job (KB)
...
006 (452.564.000) 2022-04-05 21:03:01 Image size of job updated: 845676
	318  -  MemoryUsage of job (MB)
	325408  -  ResidentSetSize of job (KB)
...
006 (452.564.000) 2022-04-05 21:08:03 Image size of job updated: 845676
	318  -  MemoryUsage of job (MB)
	325540  -  ResidentSetSize of job (KB)
...
006 (452.564.000) 2022-04-05 21:13:03 Image size of job updated: 845676
	319  -  MemoryUsage of job (MB)
	325672  -  ResidentSetSize of job (KB)
...
006 (452.564.000) 2022-04-05 21:23:04 Image size of job updated: 845676
	319  -  MemoryUsage of job (MB)
	325804  -  ResidentSetSize of job (KB)
...
006 (452.564.000) 2022-04-05 21:28:05 Image size of job updated: 845676
	319  -  MemoryUsage of job (MB)
	325936  -  ResidentSetSize of job (KB)
...
006 (452.564.000) 2022-04-05 21:33:05 Image size of job updated: 845676
	319  -  MemoryUsage of job (MB)
	326068  -  ResidentSetSize of job (KB)
...
006 (452.564.000) 2022-04-05 21:38:05 Image size of job updated: 845676
	319  -  MemoryUsage of job (MB)
	326200  -  ResidentSetSize of job (KB)
...
006 (452.564.000) 2022-04-05 21:43:06 Image size of job updated: 845676
	319  -  MemoryUsage of job (MB)
	326332  -  ResidentSetSize of job (KB)
...
006 (452.564.000) 2022-04-05 21:48:07 Image size of job updated: 845676
	319  -  MemoryUsage of job (MB)
	326464  -  ResidentSetSize of job (KB)
...
006 (452.564.000) 2022-04-05 21:53:07 Image size of job updated: 845676
	319  -  MemoryUsage of job (MB)
	326596  -  ResidentSetSize of job (KB)
...
006 (452.564.000) 2022-04-05 22:13:09 Image size of job updated: 845676
	320  -  MemoryUsage of job (MB)
	326728  -  ResidentSetSize of job (KB)
...
006 (452.564.000) 2022-04-05 22:18:10 Image size of job updated: 845676
	320  -  MemoryUsage of job (MB)
	326860  -  ResidentSetSize of job (KB)
...
006 (452.564.000) 2022-04-05 22:23:11 Image size of job updated: 845676
	320  -  MemoryUsage of job (MB)
	326992  -  ResidentSetSize of job (KB)
...
006 (452.564.000) 2022-04-05 22:28:11 Image size of job updated: 845676
	320  -  MemoryUsage of job (MB)
	327124  -  ResidentSetSize of job (KB)
...
006 (452.564.000) 2022-04-05 22:38:13 Image size of job updated: 845676
	320  -  MemoryUsage of job (MB)
	327256  -  ResidentSetSize of job (KB)
...
006 (452.564.000) 2022-04-05 22:43:13 Image size of job updated: 845676
	320  -  MemoryUsage of job (MB)
	327388  -  ResidentSetSize of job (KB)
...
006 (452.564.000) 2022-04-05 22:48:13 Image size of job updated: 845676
	320  -  MemoryUsage of job (MB)
	327520  -  ResidentSetSize of job (KB)
...
006 (452.564.000) 2022-04-05 22:53:14 Image size of job updated: 845676
	320  -  MemoryUsage of job (MB)
	327652  -  ResidentSetSize of job (KB)
...
006 (452.564.000) 2022-04-05 22:58:15 Image size of job updated: 845676
	321  -  MemoryUsage of job (MB)
	327784  -  ResidentSetSize of job (KB)
...
006 (452.564.000) 2022-04-05 23:08:16 Image size of job updated: 845676
	321  -  MemoryUsage of job (MB)
	327916  -  ResidentSetSize of job (KB)
...
006 (452.564.000) 2022-04-05 23:13:17 Image size of job updated: 845676
	321  -  MemoryUsage of job (MB)
	328048  -  ResidentSetSize of job (KB)
...
006 (452.564.000) 2022-04-05 23:18:17 Image size of job updated: 845676
	321  -  MemoryUsage of job (MB)
	328180  -  ResidentSetSize of job (KB)
...
006 (452.564.000) 2022-04-05 23:23:17 Image size of job updated: 845676
	321  -  MemoryUsage of job (MB)
	328312  -  ResidentSetSize of job (KB)
...
006 (452.564.000) 2022-04-05 23:28:18 Image size of job updated: 845676
	321  -  MemoryUsage of job (MB)
	328444  -  ResidentSetSize of job (KB)
...
006 (452.564.000) 2022-04-05 23:38:19 Image size of job updated: 845676
	321  -  MemoryUsage of job (MB)
	328576  -  ResidentSetSize of job (KB)
...
006 (452.564.000) 2022-04-05 23:43:20 Image size of job updated: 845676
	322  -  MemoryUsage of job (MB)
	328708  -  ResidentSetSize of job (KB)
...
006 (452.564.000) 2022-04-05 23:48:21 Image size of job updated: 845676
	322  -  MemoryUsage of job (MB)
	328840  -  ResidentSetSize of job (KB)
...
006 (452.564.000) 2022-04-05 23:53:21 Image size of job updated: 845676
	322  -  MemoryUsage of job (MB)
	328972  -  ResidentSetSize of job (KB)
...
006 (452.564.000) 2022-04-05 23:58:20 Image size of job updated: 845676
	322  -  MemoryUsage of job (MB)
	329104  -  ResidentSetSize of job (KB)
...
006 (452.564.000) 2022-04-06 00:08:22 Image size of job updated: 845676
	322  -  MemoryUsage of job (MB)
	329236  -  ResidentSetSize of job (KB)
...
005 (452.564.000) 2022-04-06 00:09:24 Job terminated.
	(1) Normal termination (return value 0)
		Usr 0 05:10:49, Sys 0 00:00:15  -  Run Remote Usage
		Usr 0 00:00:00, Sys 0 00:00:00  -  Run Local Usage
		Usr 0 05:10:49, Sys 0 00:00:15  -  Total Remote Usage
		Usr 0 00:00:00, Sys 0 00:00:00  -  Total Local Usage
	0  -  Run Bytes Sent By Job
	0  -  Run Bytes Received By Job
	0  -  Total Bytes Sent By Job
	0  -  Total Bytes Received By Job
	Partitionable Resources :    Usage  Request Allocated 
	   Cpus                 :     1.00        1         1 
	   Disk (KB)            :  7500        7500     11001 
	   Memory (MB)          :   322        1024      1024 

	Job terminated of its own accord at 2022-04-05T22:09:25Z with exit-code 0.
...
