000 (452.111.000) 2022-04-05 09:23:24 Job submitted from host: <10.18.24.243:9618?addrs=10.18.24.243-9618&alias=ecoclusts01.bioclust.biologie.ens.fr&noUDP&sock=schedd_1052_29b8>
...
001 (452.111.000) 2022-04-05 09:23:33 Job executing on host: <10.18.24.31:9618?addrs=10.18.24.31-9618&alias=bioclust31.bioclust.biologie.ens.fr&noUDP&sock=startd_2248324_d5bc>
...
006 (452.111.000) 2022-04-05 09:23:42 Image size of job updated: 312580
	76  -  MemoryUsage of job (MB)
	77060  -  ResidentSetSize of job (KB)
...
006 (452.111.000) 2022-04-05 09:28:43 Image size of job updated: 741880
	317  -  MemoryUsage of job (MB)
	324380  -  ResidentSetSize of job (KB)
...
006 (452.111.000) 2022-04-05 09:33:44 Image size of job updated: 774648
	317  -  MemoryUsage of job (MB)
	324380  -  ResidentSetSize of job (KB)
...
006 (452.111.000) 2022-04-05 10:43:51 Image size of job updated: 774904
	317  -  MemoryUsage of job (MB)
	324512  -  ResidentSetSize of job (KB)
...
006 (452.111.000) 2022-04-05 10:48:51 Image size of job updated: 775160
	318  -  MemoryUsage of job (MB)
	324644  -  ResidentSetSize of job (KB)
...
006 (452.111.000) 2022-04-05 10:53:52 Image size of job updated: 775160
	318  -  MemoryUsage of job (MB)
	324776  -  ResidentSetSize of job (KB)
...
006 (452.111.000) 2022-04-05 10:58:53 Image size of job updated: 775416
	318  -  MemoryUsage of job (MB)
	324908  -  ResidentSetSize of job (KB)
...
006 (452.111.000) 2022-04-05 11:03:53 Image size of job updated: 775416
	318  -  MemoryUsage of job (MB)
	325040  -  ResidentSetSize of job (KB)
...
006 (452.111.000) 2022-04-05 11:08:53 Image size of job updated: 775672
	318  -  MemoryUsage of job (MB)
	325172  -  ResidentSetSize of job (KB)
...
006 (452.111.000) 2022-04-05 11:13:54 Image size of job updated: 775672
	318  -  MemoryUsage of job (MB)
	325304  -  ResidentSetSize of job (KB)
...
006 (452.111.000) 2022-04-05 11:18:55 Image size of job updated: 775928
	318  -  MemoryUsage of job (MB)
	325436  -  ResidentSetSize of job (KB)
...
006 (452.111.000) 2022-04-05 11:23:55 Image size of job updated: 775928
	318  -  MemoryUsage of job (MB)
	325568  -  ResidentSetSize of job (KB)
...
006 (452.111.000) 2022-04-05 11:28:56 Image size of job updated: 776184
	319  -  MemoryUsage of job (MB)
	325700  -  ResidentSetSize of job (KB)
...
006 (452.111.000) 2022-04-05 11:33:57 Image size of job updated: 776184
	319  -  MemoryUsage of job (MB)
	325832  -  ResidentSetSize of job (KB)
...
006 (452.111.000) 2022-04-05 11:38:57 Image size of job updated: 776440
	319  -  MemoryUsage of job (MB)
	325964  -  ResidentSetSize of job (KB)
...
006 (452.111.000) 2022-04-05 11:43:57 Image size of job updated: 776696
	319  -  MemoryUsage of job (MB)
	326228  -  ResidentSetSize of job (KB)
...
006 (452.111.000) 2022-04-05 11:48:58 Image size of job updated: 776696
	319  -  MemoryUsage of job (MB)
	326360  -  ResidentSetSize of job (KB)
...
006 (452.111.000) 2022-04-05 11:53:59 Image size of job updated: 776952
	319  -  MemoryUsage of job (MB)
	326492  -  ResidentSetSize of job (KB)
...
006 (452.111.000) 2022-04-05 11:58:59 Image size of job updated: 776952
	319  -  MemoryUsage of job (MB)
	326624  -  ResidentSetSize of job (KB)
...
006 (452.111.000) 2022-04-05 12:09:01 Image size of job updated: 777208
	319  -  MemoryUsage of job (MB)
	326624  -  ResidentSetSize of job (KB)
...
006 (452.111.000) 2022-04-05 12:14:01 Image size of job updated: 777208
	320  -  MemoryUsage of job (MB)
	326756  -  ResidentSetSize of job (KB)
...
006 (452.111.000) 2022-04-05 12:19:01 Image size of job updated: 777464
	320  -  MemoryUsage of job (MB)
	326888  -  ResidentSetSize of job (KB)
...
006 (452.111.000) 2022-04-05 12:24:02 Image size of job updated: 777464
	320  -  MemoryUsage of job (MB)
	327020  -  ResidentSetSize of job (KB)
...
006 (452.111.000) 2022-04-05 12:29:02 Image size of job updated: 777720
	320  -  MemoryUsage of job (MB)
	327284  -  ResidentSetSize of job (KB)
...
006 (452.111.000) 2022-04-05 12:34:02 Image size of job updated: 777720
	320  -  MemoryUsage of job (MB)
	327416  -  ResidentSetSize of job (KB)
...
006 (452.111.000) 2022-04-05 12:39:03 Image size of job updated: 777976
	320  -  MemoryUsage of job (MB)
	327548  -  ResidentSetSize of job (KB)
...
006 (452.111.000) 2022-04-05 12:44:04 Image size of job updated: 778232
	321  -  MemoryUsage of job (MB)
	327812  -  ResidentSetSize of job (KB)
...
006 (452.111.000) 2022-04-05 12:49:04 Image size of job updated: 778488
	321  -  MemoryUsage of job (MB)
	328076  -  ResidentSetSize of job (KB)
...
006 (452.111.000) 2022-04-05 12:54:05 Image size of job updated: 778744
	321  -  MemoryUsage of job (MB)
	328340  -  ResidentSetSize of job (KB)
...
006 (452.111.000) 2022-04-05 12:59:06 Image size of job updated: 779256
	322  -  MemoryUsage of job (MB)
	328736  -  ResidentSetSize of job (KB)
...
006 (452.111.000) 2022-04-05 13:04:06 Image size of job updated: 779512
	322  -  MemoryUsage of job (MB)
	329000  -  ResidentSetSize of job (KB)
...
006 (452.111.000) 2022-04-05 13:07:50 Image size of job updated: 779768
	322  -  MemoryUsage of job (MB)
	329000  -  ResidentSetSize of job (KB)
...
005 (452.111.000) 2022-04-05 13:07:50 Job terminated.
	(1) Normal termination (return value 0)
		Usr 0 03:43:02, Sys 0 00:00:55  -  Run Remote Usage
		Usr 0 00:00:00, Sys 0 00:00:00  -  Run Local Usage
		Usr 0 03:43:02, Sys 0 00:00:55  -  Total Remote Usage
		Usr 0 00:00:00, Sys 0 00:00:00  -  Total Local Usage
	0  -  Run Bytes Sent By Job
	0  -  Run Bytes Received By Job
	0  -  Total Bytes Sent By Job
	0  -  Total Bytes Received By Job
	Partitionable Resources :    Usage  Request Allocated 
	   Cpus                 :     1.00        1         1 
	   Disk (KB)            :  7500        7500      9276 
	   Memory (MB)          :   322        1024      1024 

	Job terminated of its own accord at 2022-04-05T11:07:50Z with exit-code 0.
...
