000 (452.285.000) 2022-04-05 09:23:25 Job submitted from host: <10.18.24.243:9618?addrs=10.18.24.243-9618&alias=ecoclusts01.bioclust.biologie.ens.fr&noUDP&sock=schedd_1052_29b8>
...
001 (452.285.000) 2022-04-05 12:34:19 Job executing on host: <10.18.24.135:9618?addrs=10.18.24.135-9618&alias=dyoclust08.bioclust.biologie.ens.fr&noUDP&sock=startd_793_82b1>
...
006 (452.285.000) 2022-04-05 12:34:27 Image size of job updated: 233664
	119  -  MemoryUsage of job (MB)
	121764  -  ResidentSetSize of job (KB)
...
006 (452.285.000) 2022-04-05 12:39:27 Image size of job updated: 741880
	317  -  MemoryUsage of job (MB)
	324324  -  ResidentSetSize of job (KB)
...
006 (452.285.000) 2022-04-05 12:44:28 Image size of job updated: 774648
	317  -  MemoryUsage of job (MB)
	324324  -  ResidentSetSize of job (KB)
...
006 (452.285.000) 2022-04-05 13:24:32 Image size of job updated: 774904
	317  -  MemoryUsage of job (MB)
	324456  -  ResidentSetSize of job (KB)
...
006 (452.285.000) 2022-04-05 13:29:33 Image size of job updated: 774904
	317  -  MemoryUsage of job (MB)
	324588  -  ResidentSetSize of job (KB)
...
006 (452.285.000) 2022-04-05 13:34:34 Image size of job updated: 775160
	318  -  MemoryUsage of job (MB)
	324720  -  ResidentSetSize of job (KB)
...
006 (452.285.000) 2022-04-05 13:39:34 Image size of job updated: 775416
	318  -  MemoryUsage of job (MB)
	324852  -  ResidentSetSize of job (KB)
...
006 (452.285.000) 2022-04-05 13:44:34 Image size of job updated: 775416
	318  -  MemoryUsage of job (MB)
	325116  -  ResidentSetSize of job (KB)
...
006 (452.285.000) 2022-04-05 13:49:35 Image size of job updated: 775672
	318  -  MemoryUsage of job (MB)
	325248  -  ResidentSetSize of job (KB)
...
006 (452.285.000) 2022-04-05 13:54:36 Image size of job updated: 775928
	318  -  MemoryUsage of job (MB)
	325512  -  ResidentSetSize of job (KB)
...
006 (452.285.000) 2022-04-05 13:59:36 Image size of job updated: 776184
	319  -  MemoryUsage of job (MB)
	325644  -  ResidentSetSize of job (KB)
...
006 (452.285.000) 2022-04-05 14:04:36 Image size of job updated: 776184
	319  -  MemoryUsage of job (MB)
	325908  -  ResidentSetSize of job (KB)
...
006 (452.285.000) 2022-04-05 14:09:37 Image size of job updated: 776440
	319  -  MemoryUsage of job (MB)
	326040  -  ResidentSetSize of job (KB)
...
006 (452.285.000) 2022-04-05 14:14:38 Image size of job updated: 776696
	319  -  MemoryUsage of job (MB)
	326304  -  ResidentSetSize of job (KB)
...
006 (452.285.000) 2022-04-05 14:19:38 Image size of job updated: 776952
	319  -  MemoryUsage of job (MB)
	326436  -  ResidentSetSize of job (KB)
...
006 (452.285.000) 2022-04-05 14:24:38 Image size of job updated: 776952
	319  -  MemoryUsage of job (MB)
	326568  -  ResidentSetSize of job (KB)
...
006 (452.285.000) 2022-04-05 14:34:40 Image size of job updated: 777208
	320  -  MemoryUsage of job (MB)
	326832  -  ResidentSetSize of job (KB)
...
006 (452.285.000) 2022-04-05 14:39:40 Image size of job updated: 777464
	320  -  MemoryUsage of job (MB)
	326964  -  ResidentSetSize of job (KB)
...
006 (452.285.000) 2022-04-05 14:44:40 Image size of job updated: 777464
	320  -  MemoryUsage of job (MB)
	327228  -  ResidentSetSize of job (KB)
...
006 (452.285.000) 2022-04-05 14:49:40 Image size of job updated: 777720
	320  -  MemoryUsage of job (MB)
	327360  -  ResidentSetSize of job (KB)
...
006 (452.285.000) 2022-04-05 14:54:41 Image size of job updated: 777976
	320  -  MemoryUsage of job (MB)
	327492  -  ResidentSetSize of job (KB)
...
006 (452.285.000) 2022-04-05 14:59:42 Image size of job updated: 778232
	321  -  MemoryUsage of job (MB)
	327756  -  ResidentSetSize of job (KB)
...
006 (452.285.000) 2022-04-05 15:04:42 Image size of job updated: 778232
	321  -  MemoryUsage of job (MB)
	327888  -  ResidentSetSize of job (KB)
...
006 (452.285.000) 2022-04-05 15:09:42 Image size of job updated: 778488
	321  -  MemoryUsage of job (MB)
	328152  -  ResidentSetSize of job (KB)
...
006 (452.285.000) 2022-04-05 15:14:43 Image size of job updated: 778744
	321  -  MemoryUsage of job (MB)
	328284  -  ResidentSetSize of job (KB)
...
006 (452.285.000) 2022-04-05 15:19:44 Image size of job updated: 779000
	321  -  MemoryUsage of job (MB)
	328548  -  ResidentSetSize of job (KB)
...
006 (452.285.000) 2022-04-05 15:24:44 Image size of job updated: 779000
	321  -  MemoryUsage of job (MB)
	328680  -  ResidentSetSize of job (KB)
...
006 (452.285.000) 2022-04-05 15:29:44 Image size of job updated: 779256
	322  -  MemoryUsage of job (MB)
	328812  -  ResidentSetSize of job (KB)
...
006 (452.285.000) 2022-04-05 15:34:45 Image size of job updated: 779512
	322  -  MemoryUsage of job (MB)
	329076  -  ResidentSetSize of job (KB)
...
006 (452.285.000) 2022-04-05 15:39:20 Image size of job updated: 779768
	322  -  MemoryUsage of job (MB)
	329076  -  ResidentSetSize of job (KB)
...
005 (452.285.000) 2022-04-05 15:39:20 Job terminated.
	(1) Normal termination (return value 0)
		Usr 0 03:04:28, Sys 0 00:00:29  -  Run Remote Usage
		Usr 0 00:00:00, Sys 0 00:00:00  -  Run Local Usage
		Usr 0 03:04:28, Sys 0 00:00:29  -  Total Remote Usage
		Usr 0 00:00:00, Sys 0 00:00:00  -  Total Local Usage
	0  -  Run Bytes Sent By Job
	0  -  Run Bytes Received By Job
	0  -  Total Bytes Sent By Job
	0  -  Total Bytes Received By Job
	Partitionable Resources :    Usage  Request Allocated 
	   Cpus                 :     1.00        1         1 
	   Disk (KB)            :  7500        7500     10998 
	   Memory (MB)          :   322        1024      1024 

	Job terminated of its own accord at 2022-04-05T13:39:20Z with exit-code 0.
...
