000 (452.072.000) 2022-04-05 09:23:24 Job submitted from host: <10.18.24.243:9618?addrs=10.18.24.243-9618&alias=ecoclusts01.bioclust.biologie.ens.fr&noUDP&sock=schedd_1052_29b8>
...
001 (452.072.000) 2022-04-05 09:23:30 Job executing on host: <10.18.24.4:9618?addrs=10.18.24.4-9618&alias=bioclust04.bioclust.biologie.ens.fr&noUDP&sock=startd_2779547_a0af>
...
006 (452.072.000) 2022-04-05 09:23:39 Image size of job updated: 108000
	73  -  MemoryUsage of job (MB)
	74328  -  ResidentSetSize of job (KB)
...
006 (452.072.000) 2022-04-05 09:28:40 Image size of job updated: 774644
	317  -  MemoryUsage of job (MB)
	323732  -  ResidentSetSize of job (KB)
...
006 (452.072.000) 2022-04-05 09:58:42 Image size of job updated: 774900
	317  -  MemoryUsage of job (MB)
	323864  -  ResidentSetSize of job (KB)
...
006 (452.072.000) 2022-04-05 10:03:43 Image size of job updated: 775156
	317  -  MemoryUsage of job (MB)
	324260  -  ResidentSetSize of job (KB)
...
006 (452.072.000) 2022-04-05 10:08:43 Image size of job updated: 775668
	317  -  MemoryUsage of job (MB)
	324524  -  ResidentSetSize of job (KB)
...
006 (452.072.000) 2022-04-05 10:13:44 Image size of job updated: 775924
	318  -  MemoryUsage of job (MB)
	324788  -  ResidentSetSize of job (KB)
...
006 (452.072.000) 2022-04-05 10:18:45 Image size of job updated: 776180
	318  -  MemoryUsage of job (MB)
	325184  -  ResidentSetSize of job (KB)
...
006 (452.072.000) 2022-04-05 10:23:45 Image size of job updated: 776692
	318  -  MemoryUsage of job (MB)
	325448  -  ResidentSetSize of job (KB)
...
006 (452.072.000) 2022-04-05 10:28:45 Image size of job updated: 776948
	319  -  MemoryUsage of job (MB)
	325844  -  ResidentSetSize of job (KB)
...
006 (452.072.000) 2022-04-05 10:38:46 Image size of job updated: 777204
	319  -  MemoryUsage of job (MB)
	326216  -  ResidentSetSize of job (KB)
...
006 (452.072.000) 2022-04-05 10:43:46 Image size of job updated: 777460
	319  -  MemoryUsage of job (MB)
	326480  -  ResidentSetSize of job (KB)
...
006 (452.072.000) 2022-04-05 10:48:47 Image size of job updated: 777972
	320  -  MemoryUsage of job (MB)
	326876  -  ResidentSetSize of job (KB)
...
006 (452.072.000) 2022-04-05 10:53:48 Image size of job updated: 778228
	320  -  MemoryUsage of job (MB)
	327140  -  ResidentSetSize of job (KB)
...
006 (452.072.000) 2022-04-05 10:58:48 Image size of job updated: 778484
	320  -  MemoryUsage of job (MB)
	327536  -  ResidentSetSize of job (KB)
...
006 (452.072.000) 2022-04-05 11:03:49 Image size of job updated: 778996
	321  -  MemoryUsage of job (MB)
	327800  -  ResidentSetSize of job (KB)
...
006 (452.072.000) 2022-04-05 11:08:50 Image size of job updated: 779252
	321  -  MemoryUsage of job (MB)
	328196  -  ResidentSetSize of job (KB)
...
006 (452.072.000) 2022-04-05 11:13:50 Image size of job updated: 779508
	321  -  MemoryUsage of job (MB)
	328460  -  ResidentSetSize of job (KB)
...
006 (452.072.000) 2022-04-05 11:15:42 Image size of job updated: 779764
	321  -  MemoryUsage of job (MB)
	328460  -  ResidentSetSize of job (KB)
...
005 (452.072.000) 2022-04-05 11:15:42 Job terminated.
	(1) Normal termination (return value 0)
		Usr 0 01:51:47, Sys 0 00:00:17  -  Run Remote Usage
		Usr 0 00:00:00, Sys 0 00:00:00  -  Run Local Usage
		Usr 0 01:51:47, Sys 0 00:00:17  -  Total Remote Usage
		Usr 0 00:00:00, Sys 0 00:00:00  -  Total Local Usage
	0  -  Run Bytes Sent By Job
	0  -  Run Bytes Received By Job
	0  -  Total Bytes Sent By Job
	0  -  Total Bytes Received By Job
	Partitionable Resources :    Usage  Request Allocated 
	   Cpus                 :     1.00        1         1 
	   Disk (KB)            :  7500        7500     12046 
	   Memory (MB)          :   321        1024      1024 

	Job terminated of its own accord at 2022-04-05T09:15:42Z with exit-code 0.
...
