000 (452.177.000) 2022-04-05 09:23:24 Job submitted from host: <10.18.24.243:9618?addrs=10.18.24.243-9618&alias=ecoclusts01.bioclust.biologie.ens.fr&noUDP&sock=schedd_1052_29b8>
...
001 (452.177.000) 2022-04-05 09:23:39 Job executing on host: <10.18.24.31:9618?addrs=10.18.24.31-9618&alias=bioclust31.bioclust.biologie.ens.fr&noUDP&sock=startd_2248324_d5bc>
...
006 (452.177.000) 2022-04-05 09:23:47 Image size of job updated: 126724
	64  -  MemoryUsage of job (MB)
	65336  -  ResidentSetSize of job (KB)
...
006 (452.177.000) 2022-04-05 09:28:47 Image size of job updated: 896308
	318  -  MemoryUsage of job (MB)
	324632  -  ResidentSetSize of job (KB)
...
006 (452.177.000) 2022-04-05 10:53:56 Image size of job updated: 896308
	318  -  MemoryUsage of job (MB)
	324720  -  ResidentSetSize of job (KB)
...
006 (452.177.000) 2022-04-05 10:58:57 Image size of job updated: 896308
	318  -  MemoryUsage of job (MB)
	324852  -  ResidentSetSize of job (KB)
...
006 (452.177.000) 2022-04-05 11:03:57 Image size of job updated: 896308
	318  -  MemoryUsage of job (MB)
	325116  -  ResidentSetSize of job (KB)
...
006 (452.177.000) 2022-04-05 11:08:57 Image size of job updated: 896308
	318  -  MemoryUsage of job (MB)
	325248  -  ResidentSetSize of job (KB)
...
006 (452.177.000) 2022-04-05 11:13:58 Image size of job updated: 896308
	318  -  MemoryUsage of job (MB)
	325380  -  ResidentSetSize of job (KB)
...
006 (452.177.000) 2022-04-05 11:18:58 Image size of job updated: 896308
	318  -  MemoryUsage of job (MB)
	325512  -  ResidentSetSize of job (KB)
...
006 (452.177.000) 2022-04-05 11:23:58 Image size of job updated: 896308
	319  -  MemoryUsage of job (MB)
	325644  -  ResidentSetSize of job (KB)
...
006 (452.177.000) 2022-04-05 11:28:59 Image size of job updated: 896308
	319  -  MemoryUsage of job (MB)
	325908  -  ResidentSetSize of job (KB)
...
006 (452.177.000) 2022-04-05 11:34:00 Image size of job updated: 896308
	319  -  MemoryUsage of job (MB)
	326040  -  ResidentSetSize of job (KB)
...
006 (452.177.000) 2022-04-05 11:39:00 Image size of job updated: 896308
	319  -  MemoryUsage of job (MB)
	326304  -  ResidentSetSize of job (KB)
...
006 (452.177.000) 2022-04-05 11:44:01 Image size of job updated: 896308
	319  -  MemoryUsage of job (MB)
	326436  -  ResidentSetSize of job (KB)
...
006 (452.177.000) 2022-04-05 11:49:02 Image size of job updated: 896308
	319  -  MemoryUsage of job (MB)
	326568  -  ResidentSetSize of job (KB)
...
006 (452.177.000) 2022-04-05 11:54:02 Image size of job updated: 896308
	320  -  MemoryUsage of job (MB)
	326700  -  ResidentSetSize of job (KB)
...
006 (452.177.000) 2022-04-05 12:09:04 Image size of job updated: 896308
	320  -  MemoryUsage of job (MB)
	326832  -  ResidentSetSize of job (KB)
...
006 (452.177.000) 2022-04-05 12:14:04 Image size of job updated: 896308
	320  -  MemoryUsage of job (MB)
	327096  -  ResidentSetSize of job (KB)
...
006 (452.177.000) 2022-04-05 12:19:05 Image size of job updated: 896308
	320  -  MemoryUsage of job (MB)
	327228  -  ResidentSetSize of job (KB)
...
006 (452.177.000) 2022-04-05 12:29:05 Image size of job updated: 896308
	320  -  MemoryUsage of job (MB)
	327492  -  ResidentSetSize of job (KB)
...
006 (452.177.000) 2022-04-05 12:34:06 Image size of job updated: 896308
	320  -  MemoryUsage of job (MB)
	327624  -  ResidentSetSize of job (KB)
...
006 (452.177.000) 2022-04-05 12:39:07 Image size of job updated: 896308
	321  -  MemoryUsage of job (MB)
	327756  -  ResidentSetSize of job (KB)
...
006 (452.177.000) 2022-04-05 12:44:07 Image size of job updated: 896308
	321  -  MemoryUsage of job (MB)
	327888  -  ResidentSetSize of job (KB)
...
006 (452.177.000) 2022-04-05 12:49:08 Image size of job updated: 896308
	321  -  MemoryUsage of job (MB)
	328152  -  ResidentSetSize of job (KB)
...
006 (452.177.000) 2022-04-05 12:54:09 Image size of job updated: 896308
	321  -  MemoryUsage of job (MB)
	328416  -  ResidentSetSize of job (KB)
...
006 (452.177.000) 2022-04-05 12:59:09 Image size of job updated: 896308
	322  -  MemoryUsage of job (MB)
	328812  -  ResidentSetSize of job (KB)
...
006 (452.177.000) 2022-04-05 13:04:09 Image size of job updated: 896308
	322  -  MemoryUsage of job (MB)
	329076  -  ResidentSetSize of job (KB)
...
005 (452.177.000) 2022-04-05 13:07:10 Job terminated.
	(1) Normal termination (return value 0)
		Usr 0 03:42:14, Sys 0 00:00:45  -  Run Remote Usage
		Usr 0 00:00:00, Sys 0 00:00:00  -  Run Local Usage
		Usr 0 03:42:14, Sys 0 00:00:45  -  Total Remote Usage
		Usr 0 00:00:00, Sys 0 00:00:00  -  Total Local Usage
	0  -  Run Bytes Sent By Job
	0  -  Run Bytes Received By Job
	0  -  Total Bytes Sent By Job
	0  -  Total Bytes Received By Job
	Partitionable Resources :    Usage  Request Allocated 
	   Cpus                 :     1.00        1         1 
	   Disk (KB)            :  7500        7500      9276 
	   Memory (MB)          :   322        1024      1024 

	Job terminated of its own accord at 2022-04-05T11:07:10Z with exit-code 0.
...
