000 (452.674.000) 2022-04-05 09:23:26 Job submitted from host: <10.18.24.243:9618?addrs=10.18.24.243-9618&alias=ecoclusts01.bioclust.biologie.ens.fr&noUDP&sock=schedd_1052_29b8>
...
001 (452.674.000) 2022-04-05 21:15:49 Job executing on host: <10.18.24.178:9618?addrs=10.18.24.178-9618&alias=mcbsclust07.bioclust.biologie.ens.fr&noUDP&sock=startd_912_2276>
...
006 (452.674.000) 2022-04-05 21:15:57 Image size of job updated: 659292
	246  -  MemoryUsage of job (MB)
	251056  -  ResidentSetSize of job (KB)
...
006 (452.674.000) 2022-04-05 21:20:57 Image size of job updated: 741876
	317  -  MemoryUsage of job (MB)
	324272  -  ResidentSetSize of job (KB)
...
006 (452.674.000) 2022-04-05 21:25:57 Image size of job updated: 774644
	317  -  MemoryUsage of job (MB)
	324272  -  ResidentSetSize of job (KB)
...
006 (452.674.000) 2022-04-05 23:11:08 Image size of job updated: 774900
	317  -  MemoryUsage of job (MB)
	324404  -  ResidentSetSize of job (KB)
...
006 (452.674.000) 2022-04-05 23:16:09 Image size of job updated: 774900
	317  -  MemoryUsage of job (MB)
	324536  -  ResidentSetSize of job (KB)
...
006 (452.674.000) 2022-04-05 23:26:09 Image size of job updated: 775156
	318  -  MemoryUsage of job (MB)
	324668  -  ResidentSetSize of job (KB)
...
006 (452.674.000) 2022-04-05 23:31:10 Image size of job updated: 775156
	318  -  MemoryUsage of job (MB)
	324800  -  ResidentSetSize of job (KB)
...
006 (452.674.000) 2022-04-05 23:41:11 Image size of job updated: 775412
	318  -  MemoryUsage of job (MB)
	324932  -  ResidentSetSize of job (KB)
...
006 (452.674.000) 2022-04-05 23:46:12 Image size of job updated: 775412
	318  -  MemoryUsage of job (MB)
	325064  -  ResidentSetSize of job (KB)
...
006 (452.674.000) 2022-04-05 23:51:13 Image size of job updated: 775668
	318  -  MemoryUsage of job (MB)
	325196  -  ResidentSetSize of job (KB)
...
006 (452.674.000) 2022-04-06 00:01:12 Image size of job updated: 775668
	318  -  MemoryUsage of job (MB)
	325328  -  ResidentSetSize of job (KB)
...
006 (452.674.000) 2022-04-06 00:06:13 Image size of job updated: 775924
	318  -  MemoryUsage of job (MB)
	325460  -  ResidentSetSize of job (KB)
...
006 (452.674.000) 2022-04-06 00:16:14 Image size of job updated: 775924
	318  -  MemoryUsage of job (MB)
	325592  -  ResidentSetSize of job (KB)
...
006 (452.674.000) 2022-04-06 00:21:14 Image size of job updated: 776180
	319  -  MemoryUsage of job (MB)
	325724  -  ResidentSetSize of job (KB)
...
006 (452.674.000) 2022-04-06 00:26:16 Image size of job updated: 776180
	319  -  MemoryUsage of job (MB)
	325856  -  ResidentSetSize of job (KB)
...
006 (452.674.000) 2022-04-06 00:31:16 Image size of job updated: 776436
	319  -  MemoryUsage of job (MB)
	325988  -  ResidentSetSize of job (KB)
...
006 (452.674.000) 2022-04-06 00:41:18 Image size of job updated: 776436
	319  -  MemoryUsage of job (MB)
	326120  -  ResidentSetSize of job (KB)
...
006 (452.674.000) 2022-04-06 00:46:18 Image size of job updated: 776692
	319  -  MemoryUsage of job (MB)
	326252  -  ResidentSetSize of job (KB)
...
006 (452.674.000) 2022-04-06 00:56:20 Image size of job updated: 776948
	319  -  MemoryUsage of job (MB)
	326384  -  ResidentSetSize of job (KB)
...
006 (452.674.000) 2022-04-06 01:01:20 Image size of job updated: 776948
	319  -  MemoryUsage of job (MB)
	326516  -  ResidentSetSize of job (KB)
...
006 (452.674.000) 2022-04-06 01:16:22 Image size of job updated: 776948
	319  -  MemoryUsage of job (MB)
	326608  -  ResidentSetSize of job (KB)
...
006 (452.674.000) 2022-04-06 01:26:23 Image size of job updated: 777204
	320  -  MemoryUsage of job (MB)
	326740  -  ResidentSetSize of job (KB)
...
006 (452.674.000) 2022-04-06 01:31:24 Image size of job updated: 777204
	320  -  MemoryUsage of job (MB)
	326872  -  ResidentSetSize of job (KB)
...
006 (452.674.000) 2022-04-06 01:36:24 Image size of job updated: 777460
	320  -  MemoryUsage of job (MB)
	327004  -  ResidentSetSize of job (KB)
...
006 (452.674.000) 2022-04-06 01:46:25 Image size of job updated: 777460
	320  -  MemoryUsage of job (MB)
	327136  -  ResidentSetSize of job (KB)
...
006 (452.674.000) 2022-04-06 01:51:26 Image size of job updated: 777716
	320  -  MemoryUsage of job (MB)
	327268  -  ResidentSetSize of job (KB)
...
006 (452.674.000) 2022-04-06 01:56:26 Image size of job updated: 777716
	320  -  MemoryUsage of job (MB)
	327400  -  ResidentSetSize of job (KB)
...
006 (452.674.000) 2022-04-06 02:01:27 Image size of job updated: 777972
	320  -  MemoryUsage of job (MB)
	327532  -  ResidentSetSize of job (KB)
...
006 (452.674.000) 2022-04-06 02:11:28 Image size of job updated: 777972
	320  -  MemoryUsage of job (MB)
	327664  -  ResidentSetSize of job (KB)
...
006 (452.674.000) 2022-04-06 02:16:28 Image size of job updated: 778228
	321  -  MemoryUsage of job (MB)
	327796  -  ResidentSetSize of job (KB)
...
006 (452.674.000) 2022-04-06 02:21:29 Image size of job updated: 778228
	321  -  MemoryUsage of job (MB)
	327928  -  ResidentSetSize of job (KB)
...
006 (452.674.000) 2022-04-06 02:26:30 Image size of job updated: 778484
	321  -  MemoryUsage of job (MB)
	327928  -  ResidentSetSize of job (KB)
...
006 (452.674.000) 2022-04-06 02:31:30 Image size of job updated: 778484
	321  -  MemoryUsage of job (MB)
	328060  -  ResidentSetSize of job (KB)
...
006 (452.674.000) 2022-04-06 02:36:31 Image size of job updated: 778484
	321  -  MemoryUsage of job (MB)
	328192  -  ResidentSetSize of job (KB)
...
006 (452.674.000) 2022-04-06 02:41:32 Image size of job updated: 778740
	321  -  MemoryUsage of job (MB)
	328324  -  ResidentSetSize of job (KB)
...
006 (452.674.000) 2022-04-06 02:51:32 Image size of job updated: 778996
	321  -  MemoryUsage of job (MB)
	328456  -  ResidentSetSize of job (KB)
...
006 (452.674.000) 2022-04-06 02:56:33 Image size of job updated: 778996
	321  -  MemoryUsage of job (MB)
	328588  -  ResidentSetSize of job (KB)
...
006 (452.674.000) 2022-04-06 03:01:33 Image size of job updated: 778996
	322  -  MemoryUsage of job (MB)
	328720  -  ResidentSetSize of job (KB)
...
006 (452.674.000) 2022-04-06 03:06:33 Image size of job updated: 779252
	322  -  MemoryUsage of job (MB)
	328852  -  ResidentSetSize of job (KB)
...
006 (452.674.000) 2022-04-06 03:16:35 Image size of job updated: 779508
	322  -  MemoryUsage of job (MB)
	328984  -  ResidentSetSize of job (KB)
...
006 (452.674.000) 2022-04-06 03:21:35 Image size of job updated: 779508
	322  -  MemoryUsage of job (MB)
	329116  -  ResidentSetSize of job (KB)
...
006 (452.674.000) 2022-04-06 03:26:35 Image size of job updated: 779508
	322  -  MemoryUsage of job (MB)
	329248  -  ResidentSetSize of job (KB)
...
006 (452.674.000) 2022-04-06 03:29:52 Image size of job updated: 779764
	322  -  MemoryUsage of job (MB)
	329248  -  ResidentSetSize of job (KB)
...
005 (452.674.000) 2022-04-06 03:29:52 Job terminated.
	(1) Normal termination (return value 0)
		Usr 0 06:13:00, Sys 0 00:00:18  -  Run Remote Usage
		Usr 0 00:00:00, Sys 0 00:00:00  -  Run Local Usage
		Usr 0 06:13:00, Sys 0 00:00:18  -  Total Remote Usage
		Usr 0 00:00:00, Sys 0 00:00:00  -  Total Local Usage
	0  -  Run Bytes Sent By Job
	0  -  Run Bytes Received By Job
	0  -  Total Bytes Sent By Job
	0  -  Total Bytes Received By Job
	Partitionable Resources :    Usage  Request Allocated 
	   Cpus                 :     1.00        1         1 
	   Disk (KB)            :  7500        7500     11001 
	   Memory (MB)          :   322        1024      1024 

	Job terminated of its own accord at 2022-04-06T01:29:52Z with exit-code 0.
...
