000 (452.062.000) 2022-04-05 09:23:24 Job submitted from host: <10.18.24.243:9618?addrs=10.18.24.243-9618&alias=ecoclusts01.bioclust.biologie.ens.fr&noUDP&sock=schedd_1052_29b8>
...
001 (452.062.000) 2022-04-05 09:23:30 Job executing on host: <10.18.24.26:9618?addrs=10.18.24.26-9618&alias=bioclust26.bioclust.biologie.ens.fr&noUDP&sock=startd_567278_1a31>
...
006 (452.062.000) 2022-04-05 09:23:38 Image size of job updated: 525560
	458  -  MemoryUsage of job (MB)
	468824  -  ResidentSetSize of job (KB)
...
006 (452.062.000) 2022-04-05 09:28:38 Image size of job updated: 774392
	458  -  MemoryUsage of job (MB)
	468824  -  ResidentSetSize of job (KB)
...
006 (452.062.000) 2022-04-05 09:43:39 Image size of job updated: 774904
	458  -  MemoryUsage of job (MB)
	468824  -  ResidentSetSize of job (KB)
...
006 (452.062.000) 2022-04-05 09:48:40 Image size of job updated: 775160
	458  -  MemoryUsage of job (MB)
	468824  -  ResidentSetSize of job (KB)
...
006 (452.062.000) 2022-04-05 09:53:41 Image size of job updated: 775672
	458  -  MemoryUsage of job (MB)
	468824  -  ResidentSetSize of job (KB)
...
006 (452.062.000) 2022-04-05 09:58:41 Image size of job updated: 776184
	458  -  MemoryUsage of job (MB)
	468824  -  ResidentSetSize of job (KB)
...
006 (452.062.000) 2022-04-05 10:03:42 Image size of job updated: 776696
	458  -  MemoryUsage of job (MB)
	468824  -  ResidentSetSize of job (KB)
...
006 (452.062.000) 2022-04-05 10:08:43 Image size of job updated: 776952
	458  -  MemoryUsage of job (MB)
	468824  -  ResidentSetSize of job (KB)
...
006 (452.062.000) 2022-04-05 10:13:43 Image size of job updated: 777208
	458  -  MemoryUsage of job (MB)
	468824  -  ResidentSetSize of job (KB)
...
006 (452.062.000) 2022-04-05 10:18:44 Image size of job updated: 777464
	458  -  MemoryUsage of job (MB)
	468824  -  ResidentSetSize of job (KB)
...
006 (452.062.000) 2022-04-05 10:23:45 Image size of job updated: 777976
	458  -  MemoryUsage of job (MB)
	468824  -  ResidentSetSize of job (KB)
...
006 (452.062.000) 2022-04-05 10:28:45 Image size of job updated: 778488
	458  -  MemoryUsage of job (MB)
	468824  -  ResidentSetSize of job (KB)
...
006 (452.062.000) 2022-04-05 10:33:45 Image size of job updated: 778744
	458  -  MemoryUsage of job (MB)
	468824  -  ResidentSetSize of job (KB)
...
006 (452.062.000) 2022-04-05 10:38:46 Image size of job updated: 779256
	458  -  MemoryUsage of job (MB)
	468824  -  ResidentSetSize of job (KB)
...
006 (452.062.000) 2022-04-05 10:43:46 Image size of job updated: 779512
	458  -  MemoryUsage of job (MB)
	468824  -  ResidentSetSize of job (KB)
...
006 (452.062.000) 2022-04-05 10:45:10 Image size of job updated: 779768
	458  -  MemoryUsage of job (MB)
	468824  -  ResidentSetSize of job (KB)
...
005 (452.062.000) 2022-04-05 10:45:10 Job terminated.
	(1) Normal termination (return value 0)
		Usr 0 01:21:09, Sys 0 00:00:25  -  Run Remote Usage
		Usr 0 00:00:00, Sys 0 00:00:00  -  Run Local Usage
		Usr 0 01:21:09, Sys 0 00:00:25  -  Total Remote Usage
		Usr 0 00:00:00, Sys 0 00:00:00  -  Total Local Usage
	0  -  Run Bytes Sent By Job
	0  -  Run Bytes Received By Job
	0  -  Total Bytes Sent By Job
	0  -  Total Bytes Received By Job
	Partitionable Resources :    Usage  Request Allocated 
	   Cpus                 :     1.00        1         1 
	   Disk (KB)            :  7500        7500     12212 
	   Memory (MB)          :   458        1024      1024 

	Job terminated of its own accord at 2022-04-05T08:45:10Z with exit-code 0.
...
