000 (452.226.000) 2022-04-05 09:23:25 Job submitted from host: <10.18.24.243:9618?addrs=10.18.24.243-9618&alias=ecoclusts01.bioclust.biologie.ens.fr&noUDP&sock=schedd_1052_29b8>
...
001 (452.226.000) 2022-04-05 10:43:15 Job executing on host: <10.18.24.131:9618?addrs=10.18.24.131-9618&alias=dyoclust04.bioclust.biologie.ens.fr&noUDP&sock=startd_807_1d04>
...
006 (452.226.000) 2022-04-05 10:43:24 Image size of job updated: 66488
	65  -  MemoryUsage of job (MB)
	66488  -  ResidentSetSize of job (KB)
...
006 (452.226.000) 2022-04-05 10:48:24 Image size of job updated: 741880
	317  -  MemoryUsage of job (MB)
	324312  -  ResidentSetSize of job (KB)
...
006 (452.226.000) 2022-04-05 10:53:25 Image size of job updated: 774648
	317  -  MemoryUsage of job (MB)
	324336  -  ResidentSetSize of job (KB)
...
006 (452.226.000) 2022-04-05 11:28:28 Image size of job updated: 774904
	317  -  MemoryUsage of job (MB)
	324336  -  ResidentSetSize of job (KB)
...
006 (452.226.000) 2022-04-05 11:33:28 Image size of job updated: 774904
	317  -  MemoryUsage of job (MB)
	324600  -  ResidentSetSize of job (KB)
...
006 (452.226.000) 2022-04-05 11:38:28 Image size of job updated: 775160
	318  -  MemoryUsage of job (MB)
	324732  -  ResidentSetSize of job (KB)
...
006 (452.226.000) 2022-04-05 11:43:29 Image size of job updated: 775160
	318  -  MemoryUsage of job (MB)
	324864  -  ResidentSetSize of job (KB)
...
006 (452.226.000) 2022-04-05 11:48:30 Image size of job updated: 775416
	318  -  MemoryUsage of job (MB)
	325128  -  ResidentSetSize of job (KB)
...
006 (452.226.000) 2022-04-05 11:53:30 Image size of job updated: 775672
	318  -  MemoryUsage of job (MB)
	325260  -  ResidentSetSize of job (KB)
...
006 (452.226.000) 2022-04-05 11:58:31 Image size of job updated: 775928
	318  -  MemoryUsage of job (MB)
	325524  -  ResidentSetSize of job (KB)
...
006 (452.226.000) 2022-04-05 12:03:32 Image size of job updated: 776184
	319  -  MemoryUsage of job (MB)
	325656  -  ResidentSetSize of job (KB)
...
006 (452.226.000) 2022-04-05 12:08:32 Image size of job updated: 776184
	319  -  MemoryUsage of job (MB)
	325788  -  ResidentSetSize of job (KB)
...
006 (452.226.000) 2022-04-05 12:13:32 Image size of job updated: 776440
	319  -  MemoryUsage of job (MB)
	326052  -  ResidentSetSize of job (KB)
...
006 (452.226.000) 2022-04-05 12:18:33 Image size of job updated: 776696
	319  -  MemoryUsage of job (MB)
	326316  -  ResidentSetSize of job (KB)
...
006 (452.226.000) 2022-04-05 12:23:34 Image size of job updated: 776952
	319  -  MemoryUsage of job (MB)
	326448  -  ResidentSetSize of job (KB)
...
006 (452.226.000) 2022-04-05 12:28:34 Image size of job updated: 776952
	319  -  MemoryUsage of job (MB)
	326580  -  ResidentSetSize of job (KB)
...
006 (452.226.000) 2022-04-05 12:38:36 Image size of job updated: 777208
	320  -  MemoryUsage of job (MB)
	326712  -  ResidentSetSize of job (KB)
...
006 (452.226.000) 2022-04-05 12:43:36 Image size of job updated: 777464
	320  -  MemoryUsage of job (MB)
	326976  -  ResidentSetSize of job (KB)
...
006 (452.226.000) 2022-04-05 12:48:36 Image size of job updated: 777464
	320  -  MemoryUsage of job (MB)
	327108  -  ResidentSetSize of job (KB)
...
006 (452.226.000) 2022-04-05 12:53:37 Image size of job updated: 777720
	320  -  MemoryUsage of job (MB)
	327372  -  ResidentSetSize of job (KB)
...
006 (452.226.000) 2022-04-05 12:58:38 Image size of job updated: 777976
	320  -  MemoryUsage of job (MB)
	327636  -  ResidentSetSize of job (KB)
...
006 (452.226.000) 2022-04-05 13:03:38 Image size of job updated: 778232
	321  -  MemoryUsage of job (MB)
	327768  -  ResidentSetSize of job (KB)
...
006 (452.226.000) 2022-04-05 13:08:39 Image size of job updated: 778232
	321  -  MemoryUsage of job (MB)
	328032  -  ResidentSetSize of job (KB)
...
006 (452.226.000) 2022-04-05 13:13:40 Image size of job updated: 778488
	321  -  MemoryUsage of job (MB)
	328164  -  ResidentSetSize of job (KB)
...
006 (452.226.000) 2022-04-05 13:18:40 Image size of job updated: 778744
	321  -  MemoryUsage of job (MB)
	328296  -  ResidentSetSize of job (KB)
...
006 (452.226.000) 2022-04-05 13:23:40 Image size of job updated: 779000
	321  -  MemoryUsage of job (MB)
	328560  -  ResidentSetSize of job (KB)
...
006 (452.226.000) 2022-04-05 13:28:41 Image size of job updated: 779256
	321  -  MemoryUsage of job (MB)
	328692  -  ResidentSetSize of job (KB)
...
006 (452.226.000) 2022-04-05 13:33:42 Image size of job updated: 779256
	322  -  MemoryUsage of job (MB)
	328956  -  ResidentSetSize of job (KB)
...
006 (452.226.000) 2022-04-05 13:38:42 Image size of job updated: 779512
	322  -  MemoryUsage of job (MB)
	329088  -  ResidentSetSize of job (KB)
...
006 (452.226.000) 2022-04-05 13:42:13 Image size of job updated: 779768
	322  -  MemoryUsage of job (MB)
	329088  -  ResidentSetSize of job (KB)
...
005 (452.226.000) 2022-04-05 13:42:13 Job terminated.
	(1) Normal termination (return value 0)
		Usr 0 02:56:50, Sys 0 00:00:55  -  Run Remote Usage
		Usr 0 00:00:00, Sys 0 00:00:00  -  Run Local Usage
		Usr 0 02:56:50, Sys 0 00:00:55  -  Total Remote Usage
		Usr 0 00:00:00, Sys 0 00:00:00  -  Total Local Usage
	0  -  Run Bytes Sent By Job
	0  -  Run Bytes Received By Job
	0  -  Total Bytes Sent By Job
	0  -  Total Bytes Received By Job
	Partitionable Resources :    Usage  Request Allocated 
	   Cpus                 :     1.00        1         1 
	   Disk (KB)            :  7500        7500     10998 
	   Memory (MB)          :   322        1024      1024 

	Job terminated of its own accord at 2022-04-05T11:42:13Z with exit-code 0.
...
