000 (452.855.000) 2022-04-05 09:23:27 Job submitted from host: <10.18.24.243:9618?addrs=10.18.24.243-9618&alias=ecoclusts01.bioclust.biologie.ens.fr&noUDP&sock=schedd_1052_29b8>
...
001 (452.855.000) 2022-04-06 01:00:54 Job executing on host: <10.18.24.5:9618?addrs=10.18.24.5-9618&alias=bioclust05.bioclust.biologie.ens.fr&noUDP&sock=startd_1060_a67a>
...
006 (452.855.000) 2022-04-06 01:01:03 Image size of job updated: 427972
	418  -  MemoryUsage of job (MB)
	427972  -  ResidentSetSize of job (KB)
...
006 (452.855.000) 2022-04-06 01:06:04 Image size of job updated: 741620
	418  -  MemoryUsage of job (MB)
	427972  -  ResidentSetSize of job (KB)
...
006 (452.855.000) 2022-04-06 01:11:04 Image size of job updated: 774388
	418  -  MemoryUsage of job (MB)
	427972  -  ResidentSetSize of job (KB)
...
006 (452.855.000) 2022-04-06 02:51:13 Image size of job updated: 774644
	418  -  MemoryUsage of job (MB)
	427972  -  ResidentSetSize of job (KB)
...
006 (452.855.000) 2022-04-06 03:01:13 Image size of job updated: 774900
	418  -  MemoryUsage of job (MB)
	427972  -  ResidentSetSize of job (KB)
...
006 (452.855.000) 2022-04-06 03:11:15 Image size of job updated: 775156
	418  -  MemoryUsage of job (MB)
	427972  -  ResidentSetSize of job (KB)
...
006 (452.855.000) 2022-04-06 03:26:16 Image size of job updated: 775412
	418  -  MemoryUsage of job (MB)
	427972  -  ResidentSetSize of job (KB)
...
006 (452.855.000) 2022-04-06 03:36:16 Image size of job updated: 775668
	418  -  MemoryUsage of job (MB)
	427972  -  ResidentSetSize of job (KB)
...
006 (452.855.000) 2022-04-06 03:51:18 Image size of job updated: 775924
	418  -  MemoryUsage of job (MB)
	427972  -  ResidentSetSize of job (KB)
...
006 (452.855.000) 2022-04-06 04:01:19 Image size of job updated: 776180
	418  -  MemoryUsage of job (MB)
	427972  -  ResidentSetSize of job (KB)
...
006 (452.855.000) 2022-04-06 04:16:20 Image size of job updated: 776436
	418  -  MemoryUsage of job (MB)
	427972  -  ResidentSetSize of job (KB)
...
006 (452.855.000) 2022-04-06 04:26:21 Image size of job updated: 776692
	418  -  MemoryUsage of job (MB)
	427972  -  ResidentSetSize of job (KB)
...
006 (452.855.000) 2022-04-06 04:36:22 Image size of job updated: 776948
	418  -  MemoryUsage of job (MB)
	427972  -  ResidentSetSize of job (KB)
...
006 (452.855.000) 2022-04-06 05:01:24 Image size of job updated: 777204
	418  -  MemoryUsage of job (MB)
	427972  -  ResidentSetSize of job (KB)
...
006 (452.855.000) 2022-04-06 05:16:25 Image size of job updated: 777460
	418  -  MemoryUsage of job (MB)
	427972  -  ResidentSetSize of job (KB)
...
006 (452.855.000) 2022-04-06 05:31:27 Image size of job updated: 777716
	418  -  MemoryUsage of job (MB)
	427972  -  ResidentSetSize of job (KB)
...
006 (452.855.000) 2022-04-06 05:41:27 Image size of job updated: 777972
	418  -  MemoryUsage of job (MB)
	427972  -  ResidentSetSize of job (KB)
...
006 (452.855.000) 2022-04-06 05:56:28 Image size of job updated: 778228
	418  -  MemoryUsage of job (MB)
	427972  -  ResidentSetSize of job (KB)
...
006 (452.855.000) 2022-04-06 06:06:30 Image size of job updated: 778484
	418  -  MemoryUsage of job (MB)
	427972  -  ResidentSetSize of job (KB)
...
006 (452.855.000) 2022-04-06 06:21:31 Image size of job updated: 778740
	418  -  MemoryUsage of job (MB)
	427972  -  ResidentSetSize of job (KB)
...
006 (452.855.000) 2022-04-06 06:31:31 Image size of job updated: 778996
	418  -  MemoryUsage of job (MB)
	427972  -  ResidentSetSize of job (KB)
...
006 (452.855.000) 2022-04-06 06:46:33 Image size of job updated: 779252
	418  -  MemoryUsage of job (MB)
	427972  -  ResidentSetSize of job (KB)
...
006 (452.855.000) 2022-04-06 06:56:35 Image size of job updated: 779508
	418  -  MemoryUsage of job (MB)
	427972  -  ResidentSetSize of job (KB)
...
006 (452.855.000) 2022-04-06 07:10:15 Image size of job updated: 779764
	418  -  MemoryUsage of job (MB)
	427972  -  ResidentSetSize of job (KB)
...
005 (452.855.000) 2022-04-06 07:10:15 Job terminated.
	(1) Normal termination (return value 0)
		Usr 0 06:07:40, Sys 0 00:00:21  -  Run Remote Usage
		Usr 0 00:00:00, Sys 0 00:00:00  -  Run Local Usage
		Usr 0 06:07:40, Sys 0 00:00:21  -  Total Remote Usage
		Usr 0 00:00:00, Sys 0 00:00:00  -  Total Local Usage
	0  -  Run Bytes Sent By Job
	0  -  Run Bytes Received By Job
	0  -  Total Bytes Sent By Job
	0  -  Total Bytes Received By Job
	Partitionable Resources :    Usage  Request Allocated 
	   Cpus                 :     1.00        1         1 
	   Disk (KB)            :  7500        7500     10998 
	   Memory (MB)          :   418        1024      1024 

	Job terminated of its own accord at 2022-04-06T05:10:15Z with exit-code 0.
...
