000 (452.572.000) 2022-04-05 09:23:26 Job submitted from host: <10.18.24.243:9618?addrs=10.18.24.243-9618&alias=ecoclusts01.bioclust.biologie.ens.fr&noUDP&sock=schedd_1052_29b8>
...
001 (452.572.000) 2022-04-05 19:01:42 Job executing on host: <10.18.24.130:9618?addrs=10.18.24.130-9618&alias=dyoclust03.bioclust.biologie.ens.fr&noUDP&sock=startd_813_3a96>
...
006 (452.572.000) 2022-04-05 19:01:52 Image size of job updated: 232208
	92  -  MemoryUsage of job (MB)
	93272  -  ResidentSetSize of job (KB)
...
006 (452.572.000) 2022-04-05 19:06:52 Image size of job updated: 741880
	317  -  MemoryUsage of job (MB)
	324400  -  ResidentSetSize of job (KB)
...
006 (452.572.000) 2022-04-05 19:11:52 Image size of job updated: 774648
	317  -  MemoryUsage of job (MB)
	324400  -  ResidentSetSize of job (KB)
...
006 (452.572.000) 2022-04-05 20:11:59 Image size of job updated: 774904
	317  -  MemoryUsage of job (MB)
	324532  -  ResidentSetSize of job (KB)
...
006 (452.572.000) 2022-04-05 20:17:00 Image size of job updated: 775160
	318  -  MemoryUsage of job (MB)
	324664  -  ResidentSetSize of job (KB)
...
006 (452.572.000) 2022-04-05 20:22:02 Image size of job updated: 775160
	318  -  MemoryUsage of job (MB)
	324796  -  ResidentSetSize of job (KB)
...
006 (452.572.000) 2022-04-05 20:27:02 Image size of job updated: 775416
	318  -  MemoryUsage of job (MB)
	325060  -  ResidentSetSize of job (KB)
...
006 (452.572.000) 2022-04-05 20:32:02 Image size of job updated: 775672
	318  -  MemoryUsage of job (MB)
	325192  -  ResidentSetSize of job (KB)
...
006 (452.572.000) 2022-04-05 20:37:03 Image size of job updated: 775672
	318  -  MemoryUsage of job (MB)
	325456  -  ResidentSetSize of job (KB)
...
006 (452.572.000) 2022-04-05 20:42:04 Image size of job updated: 775928
	318  -  MemoryUsage of job (MB)
	325588  -  ResidentSetSize of job (KB)
...
006 (452.572.000) 2022-04-05 20:47:04 Image size of job updated: 776184
	319  -  MemoryUsage of job (MB)
	325720  -  ResidentSetSize of job (KB)
...
006 (452.572.000) 2022-04-05 20:52:04 Image size of job updated: 776440
	319  -  MemoryUsage of job (MB)
	325984  -  ResidentSetSize of job (KB)
...
006 (452.572.000) 2022-04-05 20:57:04 Image size of job updated: 776696
	319  -  MemoryUsage of job (MB)
	326248  -  ResidentSetSize of job (KB)
...
006 (452.572.000) 2022-04-05 21:02:05 Image size of job updated: 776952
	319  -  MemoryUsage of job (MB)
	326380  -  ResidentSetSize of job (KB)
...
006 (452.572.000) 2022-04-05 21:07:06 Image size of job updated: 776952
	319  -  MemoryUsage of job (MB)
	326464  -  ResidentSetSize of job (KB)
...
006 (452.572.000) 2022-04-05 21:17:06 Image size of job updated: 776952
	319  -  MemoryUsage of job (MB)
	326596  -  ResidentSetSize of job (KB)
...
006 (452.572.000) 2022-04-05 21:22:07 Image size of job updated: 777208
	320  -  MemoryUsage of job (MB)
	326860  -  ResidentSetSize of job (KB)
...
006 (452.572.000) 2022-04-05 21:27:08 Image size of job updated: 777464
	320  -  MemoryUsage of job (MB)
	326992  -  ResidentSetSize of job (KB)
...
006 (452.572.000) 2022-04-05 21:32:08 Image size of job updated: 777720
	320  -  MemoryUsage of job (MB)
	327256  -  ResidentSetSize of job (KB)
...
006 (452.572.000) 2022-04-05 21:37:08 Image size of job updated: 777720
	320  -  MemoryUsage of job (MB)
	327388  -  ResidentSetSize of job (KB)
...
006 (452.572.000) 2022-04-05 21:42:08 Image size of job updated: 777976
	320  -  MemoryUsage of job (MB)
	327520  -  ResidentSetSize of job (KB)
...
006 (452.572.000) 2022-04-05 21:47:09 Image size of job updated: 778232
	321  -  MemoryUsage of job (MB)
	327784  -  ResidentSetSize of job (KB)
...
006 (452.572.000) 2022-04-05 21:52:09 Image size of job updated: 778232
	321  -  MemoryUsage of job (MB)
	327916  -  ResidentSetSize of job (KB)
...
006 (452.572.000) 2022-04-05 21:57:09 Image size of job updated: 778488
	321  -  MemoryUsage of job (MB)
	328180  -  ResidentSetSize of job (KB)
...
006 (452.572.000) 2022-04-05 22:02:09 Image size of job updated: 778744
	321  -  MemoryUsage of job (MB)
	328312  -  ResidentSetSize of job (KB)
...
006 (452.572.000) 2022-04-05 22:07:10 Image size of job updated: 779000
	321  -  MemoryUsage of job (MB)
	328576  -  ResidentSetSize of job (KB)
...
006 (452.572.000) 2022-04-05 22:12:11 Image size of job updated: 779000
	322  -  MemoryUsage of job (MB)
	328708  -  ResidentSetSize of job (KB)
...
006 (452.572.000) 2022-04-05 22:17:11 Image size of job updated: 779256
	322  -  MemoryUsage of job (MB)
	328840  -  ResidentSetSize of job (KB)
...
006 (452.572.000) 2022-04-05 22:22:12 Image size of job updated: 779512
	322  -  MemoryUsage of job (MB)
	328972  -  ResidentSetSize of job (KB)
...
006 (452.572.000) 2022-04-05 22:27:13 Image size of job updated: 779512
	322  -  MemoryUsage of job (MB)
	329236  -  ResidentSetSize of job (KB)
...
006 (452.572.000) 2022-04-05 22:28:48 Image size of job updated: 779768
	322  -  MemoryUsage of job (MB)
	329236  -  ResidentSetSize of job (KB)
...
005 (452.572.000) 2022-04-05 22:28:48 Job terminated.
	(1) Normal termination (return value 0)
		Usr 0 03:25:52, Sys 0 00:01:07  -  Run Remote Usage
		Usr 0 00:00:00, Sys 0 00:00:00  -  Run Local Usage
		Usr 0 03:25:52, Sys 0 00:01:07  -  Total Remote Usage
		Usr 0 00:00:00, Sys 0 00:00:00  -  Total Local Usage
	0  -  Run Bytes Sent By Job
	0  -  Run Bytes Received By Job
	0  -  Total Bytes Sent By Job
	0  -  Total Bytes Received By Job
	Partitionable Resources :    Usage  Request Allocated 
	   Cpus                 :     1.00        1         1 
	   Disk (KB)            :  7500        7500     10998 
	   Memory (MB)          :   322        1024      1024 

	Job terminated of its own accord at 2022-04-05T20:28:48Z with exit-code 0.
...
