000 (452.563.000) 2022-04-05 09:23:26 Job submitted from host: <10.18.24.243:9618?addrs=10.18.24.243-9618&alias=ecoclusts01.bioclust.biologie.ens.fr&noUDP&sock=schedd_1052_29b8>
...
001 (452.563.000) 2022-04-05 18:55:42 Job executing on host: <10.18.24.135:9618?addrs=10.18.24.135-9618&alias=dyoclust08.bioclust.biologie.ens.fr&noUDP&sock=startd_793_82b1>
...
006 (452.563.000) 2022-04-05 18:55:50 Image size of job updated: 180732
	177  -  MemoryUsage of job (MB)
	180732  -  ResidentSetSize of job (KB)
...
006 (452.563.000) 2022-04-05 19:00:50 Image size of job updated: 741880
	281  -  MemoryUsage of job (MB)
	287400  -  ResidentSetSize of job (KB)
...
006 (452.563.000) 2022-04-05 19:05:51 Image size of job updated: 774648
	317  -  MemoryUsage of job (MB)
	324396  -  ResidentSetSize of job (KB)
...
006 (452.563.000) 2022-04-05 20:00:58 Image size of job updated: 774904
	317  -  MemoryUsage of job (MB)
	324396  -  ResidentSetSize of job (KB)
...
006 (452.563.000) 2022-04-05 20:05:58 Image size of job updated: 774904
	318  -  MemoryUsage of job (MB)
	324660  -  ResidentSetSize of job (KB)
...
006 (452.563.000) 2022-04-05 20:10:58 Image size of job updated: 775160
	318  -  MemoryUsage of job (MB)
	324792  -  ResidentSetSize of job (KB)
...
006 (452.563.000) 2022-04-05 20:15:59 Image size of job updated: 775416
	318  -  MemoryUsage of job (MB)
	324924  -  ResidentSetSize of job (KB)
...
006 (452.563.000) 2022-04-05 20:21:00 Image size of job updated: 775672
	318  -  MemoryUsage of job (MB)
	325188  -  ResidentSetSize of job (KB)
...
006 (452.563.000) 2022-04-05 20:26:00 Image size of job updated: 775672
	318  -  MemoryUsage of job (MB)
	325320  -  ResidentSetSize of job (KB)
...
006 (452.563.000) 2022-04-05 20:31:00 Image size of job updated: 775928
	318  -  MemoryUsage of job (MB)
	325584  -  ResidentSetSize of job (KB)
...
006 (452.563.000) 2022-04-05 20:36:01 Image size of job updated: 776184
	319  -  MemoryUsage of job (MB)
	325716  -  ResidentSetSize of job (KB)
...
006 (452.563.000) 2022-04-05 20:41:02 Image size of job updated: 776440
	319  -  MemoryUsage of job (MB)
	325980  -  ResidentSetSize of job (KB)
...
006 (452.563.000) 2022-04-05 20:46:02 Image size of job updated: 776440
	319  -  MemoryUsage of job (MB)
	326112  -  ResidentSetSize of job (KB)
...
006 (452.563.000) 2022-04-05 20:51:02 Image size of job updated: 776696
	319  -  MemoryUsage of job (MB)
	326376  -  ResidentSetSize of job (KB)
...
006 (452.563.000) 2022-04-05 20:56:03 Image size of job updated: 776952
	319  -  MemoryUsage of job (MB)
	326508  -  ResidentSetSize of job (KB)
...
006 (452.563.000) 2022-04-05 21:06:05 Image size of job updated: 776952
	319  -  MemoryUsage of job (MB)
	326616  -  ResidentSetSize of job (KB)
...
006 (452.563.000) 2022-04-05 21:11:05 Image size of job updated: 777208
	320  -  MemoryUsage of job (MB)
	326748  -  ResidentSetSize of job (KB)
...
006 (452.563.000) 2022-04-05 21:16:06 Image size of job updated: 777464
	320  -  MemoryUsage of job (MB)
	327012  -  ResidentSetSize of job (KB)
...
006 (452.563.000) 2022-04-05 21:21:07 Image size of job updated: 777464
	320  -  MemoryUsage of job (MB)
	327144  -  ResidentSetSize of job (KB)
...
006 (452.563.000) 2022-04-05 21:26:07 Image size of job updated: 777720
	320  -  MemoryUsage of job (MB)
	327408  -  ResidentSetSize of job (KB)
...
006 (452.563.000) 2022-04-05 21:31:07 Image size of job updated: 777976
	320  -  MemoryUsage of job (MB)
	327540  -  ResidentSetSize of job (KB)
...
006 (452.563.000) 2022-04-05 21:36:07 Image size of job updated: 778232
	320  -  MemoryUsage of job (MB)
	327672  -  ResidentSetSize of job (KB)
...
006 (452.563.000) 2022-04-05 21:41:08 Image size of job updated: 778232
	321  -  MemoryUsage of job (MB)
	327936  -  ResidentSetSize of job (KB)
...
006 (452.563.000) 2022-04-05 21:46:09 Image size of job updated: 778488
	321  -  MemoryUsage of job (MB)
	328068  -  ResidentSetSize of job (KB)
...
006 (452.563.000) 2022-04-05 21:51:09 Image size of job updated: 778744
	321  -  MemoryUsage of job (MB)
	328332  -  ResidentSetSize of job (KB)
...
006 (452.563.000) 2022-04-05 21:56:10 Image size of job updated: 778744
	321  -  MemoryUsage of job (MB)
	328464  -  ResidentSetSize of job (KB)
...
006 (452.563.000) 2022-04-05 22:01:11 Image size of job updated: 779000
	321  -  MemoryUsage of job (MB)
	328596  -  ResidentSetSize of job (KB)
...
006 (452.563.000) 2022-04-05 22:06:11 Image size of job updated: 779256
	322  -  MemoryUsage of job (MB)
	328860  -  ResidentSetSize of job (KB)
...
006 (452.563.000) 2022-04-05 22:11:11 Image size of job updated: 779512
	322  -  MemoryUsage of job (MB)
	328992  -  ResidentSetSize of job (KB)
...
006 (452.563.000) 2022-04-05 22:16:12 Image size of job updated: 779512
	322  -  MemoryUsage of job (MB)
	329256  -  ResidentSetSize of job (KB)
...
006 (452.563.000) 2022-04-05 22:18:15 Image size of job updated: 779768
	322  -  MemoryUsage of job (MB)
	329256  -  ResidentSetSize of job (KB)
...
005 (452.563.000) 2022-04-05 22:18:15 Job terminated.
	(1) Normal termination (return value 0)
		Usr 0 03:21:46, Sys 0 00:00:31  -  Run Remote Usage
		Usr 0 00:00:00, Sys 0 00:00:00  -  Run Local Usage
		Usr 0 03:21:46, Sys 0 00:00:31  -  Total Remote Usage
		Usr 0 00:00:00, Sys 0 00:00:00  -  Total Local Usage
	0  -  Run Bytes Sent By Job
	0  -  Run Bytes Received By Job
	0  -  Total Bytes Sent By Job
	0  -  Total Bytes Received By Job
	Partitionable Resources :    Usage  Request Allocated 
	   Cpus                 :     1.00        1         1 
	   Disk (KB)            :  7500        7500     10998 
	   Memory (MB)          :   322        1024      1024 

	Job terminated of its own accord at 2022-04-05T20:18:15Z with exit-code 0.
...
