000 (452.702.000) 2022-04-05 09:23:26 Job submitted from host: <10.18.24.243:9618?addrs=10.18.24.243-9618&alias=ecoclusts01.bioclust.biologie.ens.fr&noUDP&sock=schedd_1052_29b8>
...
001 (452.702.000) 2022-04-05 21:55:51 Job executing on host: <10.18.24.135:9618?addrs=10.18.24.135-9618&alias=dyoclust08.bioclust.biologie.ens.fr&noUDP&sock=startd_793_82b1>
...
006 (452.702.000) 2022-04-05 21:56:00 Image size of job updated: 601460
	180  -  MemoryUsage of job (MB)
	183672  -  ResidentSetSize of job (KB)
...
006 (452.702.000) 2022-04-05 22:01:01 Image size of job updated: 741624
	293  -  MemoryUsage of job (MB)
	299268  -  ResidentSetSize of job (KB)
...
006 (452.702.000) 2022-04-05 22:06:02 Image size of job updated: 774392
	317  -  MemoryUsage of job (MB)
	324108  -  ResidentSetSize of job (KB)
...
006 (452.702.000) 2022-04-05 22:36:05 Image size of job updated: 774648
	317  -  MemoryUsage of job (MB)
	324108  -  ResidentSetSize of job (KB)
...
006 (452.702.000) 2022-04-05 22:41:05 Image size of job updated: 774648
	317  -  MemoryUsage of job (MB)
	324240  -  ResidentSetSize of job (KB)
...
006 (452.702.000) 2022-04-05 22:46:06 Image size of job updated: 774904
	317  -  MemoryUsage of job (MB)
	324504  -  ResidentSetSize of job (KB)
...
006 (452.702.000) 2022-04-05 22:51:07 Image size of job updated: 775160
	318  -  MemoryUsage of job (MB)
	324768  -  ResidentSetSize of job (KB)
...
006 (452.702.000) 2022-04-05 22:56:07 Image size of job updated: 775416
	318  -  MemoryUsage of job (MB)
	324900  -  ResidentSetSize of job (KB)
...
006 (452.702.000) 2022-04-05 23:01:07 Image size of job updated: 775672
	318  -  MemoryUsage of job (MB)
	325164  -  ResidentSetSize of job (KB)
...
006 (452.702.000) 2022-04-05 23:06:08 Image size of job updated: 775928
	318  -  MemoryUsage of job (MB)
	325428  -  ResidentSetSize of job (KB)
...
006 (452.702.000) 2022-04-05 23:11:09 Image size of job updated: 775928
	318  -  MemoryUsage of job (MB)
	325560  -  ResidentSetSize of job (KB)
...
006 (452.702.000) 2022-04-05 23:16:09 Image size of job updated: 776184
	319  -  MemoryUsage of job (MB)
	325824  -  ResidentSetSize of job (KB)
...
006 (452.702.000) 2022-04-05 23:21:09 Image size of job updated: 776440
	319  -  MemoryUsage of job (MB)
	326088  -  ResidentSetSize of job (KB)
...
006 (452.702.000) 2022-04-05 23:26:10 Image size of job updated: 776696
	319  -  MemoryUsage of job (MB)
	326220  -  ResidentSetSize of job (KB)
...
006 (452.702.000) 2022-04-05 23:31:11 Image size of job updated: 776952
	319  -  MemoryUsage of job (MB)
	326484  -  ResidentSetSize of job (KB)
...
006 (452.702.000) 2022-04-05 23:41:11 Image size of job updated: 776952
	319  -  MemoryUsage of job (MB)
	326616  -  ResidentSetSize of job (KB)
...
006 (452.702.000) 2022-04-05 23:46:12 Image size of job updated: 777208
	320  -  MemoryUsage of job (MB)
	326880  -  ResidentSetSize of job (KB)
...
006 (452.702.000) 2022-04-05 23:51:14 Image size of job updated: 777464
	320  -  MemoryUsage of job (MB)
	327012  -  ResidentSetSize of job (KB)
...
006 (452.702.000) 2022-04-05 23:56:12 Image size of job updated: 777720
	320  -  MemoryUsage of job (MB)
	327276  -  ResidentSetSize of job (KB)
...
006 (452.702.000) 2022-04-06 00:01:13 Image size of job updated: 777720
	320  -  MemoryUsage of job (MB)
	327408  -  ResidentSetSize of job (KB)
...
006 (452.702.000) 2022-04-06 00:06:14 Image size of job updated: 777976
	320  -  MemoryUsage of job (MB)
	327672  -  ResidentSetSize of job (KB)
...
006 (452.702.000) 2022-04-06 00:11:14 Image size of job updated: 778232
	321  -  MemoryUsage of job (MB)
	327804  -  ResidentSetSize of job (KB)
...
006 (452.702.000) 2022-04-06 00:16:14 Image size of job updated: 778488
	321  -  MemoryUsage of job (MB)
	327936  -  ResidentSetSize of job (KB)
...
006 (452.702.000) 2022-04-06 00:21:14 Image size of job updated: 778488
	321  -  MemoryUsage of job (MB)
	328200  -  ResidentSetSize of job (KB)
...
006 (452.702.000) 2022-04-06 00:26:17 Image size of job updated: 778744
	321  -  MemoryUsage of job (MB)
	328332  -  ResidentSetSize of job (KB)
...
006 (452.702.000) 2022-04-06 00:31:18 Image size of job updated: 779000
	321  -  MemoryUsage of job (MB)
	328596  -  ResidentSetSize of job (KB)
...
006 (452.702.000) 2022-04-06 00:36:18 Image size of job updated: 779256
	322  -  MemoryUsage of job (MB)
	328728  -  ResidentSetSize of job (KB)
...
006 (452.702.000) 2022-04-06 00:41:18 Image size of job updated: 779256
	322  -  MemoryUsage of job (MB)
	328992  -  ResidentSetSize of job (KB)
...
006 (452.702.000) 2022-04-06 00:46:19 Image size of job updated: 779512
	322  -  MemoryUsage of job (MB)
	329256  -  ResidentSetSize of job (KB)
...
006 (452.702.000) 2022-04-06 00:48:47 Image size of job updated: 779768
	322  -  MemoryUsage of job (MB)
	329256  -  ResidentSetSize of job (KB)
...
005 (452.702.000) 2022-04-06 00:48:47 Job terminated.
	(1) Normal termination (return value 0)
		Usr 0 02:52:21, Sys 0 00:00:24  -  Run Remote Usage
		Usr 0 00:00:00, Sys 0 00:00:00  -  Run Local Usage
		Usr 0 02:52:21, Sys 0 00:00:24  -  Total Remote Usage
		Usr 0 00:00:00, Sys 0 00:00:00  -  Total Local Usage
	0  -  Run Bytes Sent By Job
	0  -  Run Bytes Received By Job
	0  -  Total Bytes Sent By Job
	0  -  Total Bytes Received By Job
	Partitionable Resources :    Usage  Request Allocated 
	   Cpus                 :     1.00        1         1 
	   Disk (KB)            :  7500        7500     10998 
	   Memory (MB)          :   322        1024      1024 

	Job terminated of its own accord at 2022-04-05T22:48:47Z with exit-code 0.
...
