000 (452.093.000) 2022-04-05 09:23:24 Job submitted from host: <10.18.24.243:9618?addrs=10.18.24.243-9618&alias=ecoclusts01.bioclust.biologie.ens.fr&noUDP&sock=schedd_1052_29b8>
...
001 (452.093.000) 2022-04-05 09:23:31 Job executing on host: <10.18.24.31:9618?addrs=10.18.24.31-9618&alias=bioclust31.bioclust.biologie.ens.fr&noUDP&sock=startd_2248324_d5bc>
...
006 (452.093.000) 2022-04-05 09:23:40 Image size of job updated: 311044
	70  -  MemoryUsage of job (MB)
	71316  -  ResidentSetSize of job (KB)
...
006 (452.093.000) 2022-04-05 09:28:41 Image size of job updated: 741880
	313  -  MemoryUsage of job (MB)
	320212  -  ResidentSetSize of job (KB)
...
006 (452.093.000) 2022-04-05 09:33:42 Image size of job updated: 792508
	313  -  MemoryUsage of job (MB)
	320236  -  ResidentSetSize of job (KB)
...
006 (452.093.000) 2022-04-05 10:13:45 Image size of job updated: 792508
	313  -  MemoryUsage of job (MB)
	320500  -  ResidentSetSize of job (KB)
...
006 (452.093.000) 2022-04-05 10:18:45 Image size of job updated: 792508
	314  -  MemoryUsage of job (MB)
	320632  -  ResidentSetSize of job (KB)
...
006 (452.093.000) 2022-04-05 10:23:47 Image size of job updated: 792508
	314  -  MemoryUsage of job (MB)
	320896  -  ResidentSetSize of job (KB)
...
006 (452.093.000) 2022-04-05 10:28:47 Image size of job updated: 792508
	314  -  MemoryUsage of job (MB)
	321028  -  ResidentSetSize of job (KB)
...
006 (452.093.000) 2022-04-05 10:33:47 Image size of job updated: 792508
	314  -  MemoryUsage of job (MB)
	321160  -  ResidentSetSize of job (KB)
...
006 (452.093.000) 2022-04-05 10:38:48 Image size of job updated: 792508
	314  -  MemoryUsage of job (MB)
	321292  -  ResidentSetSize of job (KB)
...
006 (452.093.000) 2022-04-05 10:43:49 Image size of job updated: 792508
	314  -  MemoryUsage of job (MB)
	321424  -  ResidentSetSize of job (KB)
...
006 (452.093.000) 2022-04-05 10:48:49 Image size of job updated: 792508
	315  -  MemoryUsage of job (MB)
	321556  -  ResidentSetSize of job (KB)
...
006 (452.093.000) 2022-04-05 10:53:49 Image size of job updated: 792508
	315  -  MemoryUsage of job (MB)
	321820  -  ResidentSetSize of job (KB)
...
006 (452.093.000) 2022-04-05 10:58:50 Image size of job updated: 792508
	315  -  MemoryUsage of job (MB)
	321952  -  ResidentSetSize of job (KB)
...
006 (452.093.000) 2022-04-05 11:03:50 Image size of job updated: 792508
	315  -  MemoryUsage of job (MB)
	322084  -  ResidentSetSize of job (KB)
...
006 (452.093.000) 2022-04-05 11:08:50 Image size of job updated: 792508
	315  -  MemoryUsage of job (MB)
	322216  -  ResidentSetSize of job (KB)
...
006 (452.093.000) 2022-04-05 11:13:51 Image size of job updated: 792508
	315  -  MemoryUsage of job (MB)
	322480  -  ResidentSetSize of job (KB)
...
006 (452.093.000) 2022-04-05 11:23:52 Image size of job updated: 792508
	316  -  MemoryUsage of job (MB)
	322612  -  ResidentSetSize of job (KB)
...
006 (452.093.000) 2022-04-05 11:28:53 Image size of job updated: 792508
	316  -  MemoryUsage of job (MB)
	322876  -  ResidentSetSize of job (KB)
...
006 (452.093.000) 2022-04-05 11:33:54 Image size of job updated: 792508
	316  -  MemoryUsage of job (MB)
	323008  -  ResidentSetSize of job (KB)
...
006 (452.093.000) 2022-04-05 11:38:54 Image size of job updated: 792508
	316  -  MemoryUsage of job (MB)
	323140  -  ResidentSetSize of job (KB)
...
006 (452.093.000) 2022-04-05 11:43:54 Image size of job updated: 792508
	316  -  MemoryUsage of job (MB)
	323272  -  ResidentSetSize of job (KB)
...
006 (452.093.000) 2022-04-05 11:48:56 Image size of job updated: 792508
	316  -  MemoryUsage of job (MB)
	323404  -  ResidentSetSize of job (KB)
...
006 (452.093.000) 2022-04-05 11:53:56 Image size of job updated: 792508
	316  -  MemoryUsage of job (MB)
	323536  -  ResidentSetSize of job (KB)
...
006 (452.093.000) 2022-04-05 11:58:56 Image size of job updated: 792508
	317  -  MemoryUsage of job (MB)
	323668  -  ResidentSetSize of job (KB)
...
006 (452.093.000) 2022-04-05 12:03:57 Image size of job updated: 792508
	317  -  MemoryUsage of job (MB)
	323800  -  ResidentSetSize of job (KB)
...
006 (452.093.000) 2022-04-05 12:08:58 Image size of job updated: 792508
	317  -  MemoryUsage of job (MB)
	323932  -  ResidentSetSize of job (KB)
...
006 (452.093.000) 2022-04-05 12:13:58 Image size of job updated: 792508
	317  -  MemoryUsage of job (MB)
	324196  -  ResidentSetSize of job (KB)
...
006 (452.093.000) 2022-04-05 12:18:59 Image size of job updated: 792508
	317  -  MemoryUsage of job (MB)
	324328  -  ResidentSetSize of job (KB)
...
006 (452.093.000) 2022-04-05 12:24:00 Image size of job updated: 792508
	317  -  MemoryUsage of job (MB)
	324460  -  ResidentSetSize of job (KB)
...
006 (452.093.000) 2022-04-05 12:29:00 Image size of job updated: 792508
	317  -  MemoryUsage of job (MB)
	324592  -  ResidentSetSize of job (KB)
...
006 (452.093.000) 2022-04-05 12:34:00 Image size of job updated: 792508
	318  -  MemoryUsage of job (MB)
	324724  -  ResidentSetSize of job (KB)
...
006 (452.093.000) 2022-04-05 12:39:01 Image size of job updated: 792508
	318  -  MemoryUsage of job (MB)
	324856  -  ResidentSetSize of job (KB)
...
006 (452.093.000) 2022-04-05 12:44:02 Image size of job updated: 792508
	318  -  MemoryUsage of job (MB)
	325120  -  ResidentSetSize of job (KB)
...
005 (452.093.000) 2022-04-05 12:44:40 Job terminated.
	(1) Normal termination (return value 0)
		Usr 0 03:19:46, Sys 0 00:01:00  -  Run Remote Usage
		Usr 0 00:00:00, Sys 0 00:00:00  -  Run Local Usage
		Usr 0 03:19:46, Sys 0 00:01:00  -  Total Remote Usage
		Usr 0 00:00:00, Sys 0 00:00:00  -  Total Local Usage
	0  -  Run Bytes Sent By Job
	0  -  Run Bytes Received By Job
	0  -  Total Bytes Sent By Job
	0  -  Total Bytes Received By Job
	Partitionable Resources :    Usage  Request Allocated 
	   Cpus                 :     1.00        1         1 
	   Disk (KB)            :  7500        7500      9276 
	   Memory (MB)          :   318        1024      1024 

	Job terminated of its own accord at 2022-04-05T10:44:40Z with exit-code 0.
...
