000 (452.348.000) 2022-04-05 09:23:25 Job submitted from host: <10.18.24.243:9618?addrs=10.18.24.243-9618&alias=ecoclusts01.bioclust.biologie.ens.fr&noUDP&sock=schedd_1052_29b8>
...
001 (452.348.000) 2022-04-05 12:58:01 Job executing on host: <10.18.24.9:9618?addrs=10.18.24.9-9618&alias=bioclust09.bioclust.biologie.ens.fr&noUDP&sock=startd_4128219_7123>
...
006 (452.348.000) 2022-04-05 12:58:10 Image size of job updated: 52744
	52  -  MemoryUsage of job (MB)
	52744  -  ResidentSetSize of job (KB)
...
006 (452.348.000) 2022-04-05 13:03:11 Image size of job updated: 799792
	317  -  MemoryUsage of job (MB)
	324060  -  ResidentSetSize of job (KB)
...
006 (452.348.000) 2022-04-05 13:13:11 Image size of job updated: 799792
	317  -  MemoryUsage of job (MB)
	324148  -  ResidentSetSize of job (KB)
...
006 (452.348.000) 2022-04-05 15:43:28 Image size of job updated: 799792
	317  -  MemoryUsage of job (MB)
	324280  -  ResidentSetSize of job (KB)
...
006 (452.348.000) 2022-04-05 15:53:28 Image size of job updated: 799792
	317  -  MemoryUsage of job (MB)
	324412  -  ResidentSetSize of job (KB)
...
006 (452.348.000) 2022-04-05 16:03:30 Image size of job updated: 799792
	317  -  MemoryUsage of job (MB)
	324544  -  ResidentSetSize of job (KB)
...
006 (452.348.000) 2022-04-05 16:08:30 Image size of job updated: 799792
	318  -  MemoryUsage of job (MB)
	324676  -  ResidentSetSize of job (KB)
...
006 (452.348.000) 2022-04-05 16:23:32 Image size of job updated: 799792
	318  -  MemoryUsage of job (MB)
	324808  -  ResidentSetSize of job (KB)
...
006 (452.348.000) 2022-04-05 16:28:33 Image size of job updated: 799792
	318  -  MemoryUsage of job (MB)
	324940  -  ResidentSetSize of job (KB)
...
006 (452.348.000) 2022-04-05 16:38:34 Image size of job updated: 799792
	318  -  MemoryUsage of job (MB)
	325072  -  ResidentSetSize of job (KB)
...
006 (452.348.000) 2022-04-05 16:43:35 Image size of job updated: 799792
	318  -  MemoryUsage of job (MB)
	325204  -  ResidentSetSize of job (KB)
...
006 (452.348.000) 2022-04-05 16:53:36 Image size of job updated: 799792
	318  -  MemoryUsage of job (MB)
	325336  -  ResidentSetSize of job (KB)
...
006 (452.348.000) 2022-04-05 17:03:38 Image size of job updated: 799792
	318  -  MemoryUsage of job (MB)
	325468  -  ResidentSetSize of job (KB)
...
006 (452.348.000) 2022-04-05 17:08:38 Image size of job updated: 799792
	318  -  MemoryUsage of job (MB)
	325600  -  ResidentSetSize of job (KB)
...
006 (452.348.000) 2022-04-05 17:13:38 Image size of job updated: 799792
	319  -  MemoryUsage of job (MB)
	325732  -  ResidentSetSize of job (KB)
...
006 (452.348.000) 2022-04-05 17:23:39 Image size of job updated: 799792
	319  -  MemoryUsage of job (MB)
	325864  -  ResidentSetSize of job (KB)
...
006 (452.348.000) 2022-04-05 17:28:39 Image size of job updated: 799792
	319  -  MemoryUsage of job (MB)
	325996  -  ResidentSetSize of job (KB)
...
006 (452.348.000) 2022-04-05 17:38:40 Image size of job updated: 799792
	319  -  MemoryUsage of job (MB)
	326128  -  ResidentSetSize of job (KB)
...
006 (452.348.000) 2022-04-05 17:43:40 Image size of job updated: 799792
	319  -  MemoryUsage of job (MB)
	326260  -  ResidentSetSize of job (KB)
...
006 (452.348.000) 2022-04-05 17:53:41 Image size of job updated: 799792
	319  -  MemoryUsage of job (MB)
	326392  -  ResidentSetSize of job (KB)
...
006 (452.348.000) 2022-04-05 18:03:42 Image size of job updated: 799792
	319  -  MemoryUsage of job (MB)
	326524  -  ResidentSetSize of job (KB)
...
006 (452.348.000) 2022-04-05 18:23:45 Image size of job updated: 799792
	319  -  MemoryUsage of job (MB)
	326596  -  ResidentSetSize of job (KB)
...
006 (452.348.000) 2022-04-05 18:33:45 Image size of job updated: 799792
	320  -  MemoryUsage of job (MB)
	326728  -  ResidentSetSize of job (KB)
...
006 (452.348.000) 2022-04-05 18:43:46 Image size of job updated: 799792
	320  -  MemoryUsage of job (MB)
	326860  -  ResidentSetSize of job (KB)
...
006 (452.348.000) 2022-04-05 18:53:48 Image size of job updated: 799792
	320  -  MemoryUsage of job (MB)
	326992  -  ResidentSetSize of job (KB)
...
006 (452.348.000) 2022-04-05 19:03:49 Image size of job updated: 799792
	320  -  MemoryUsage of job (MB)
	327124  -  ResidentSetSize of job (KB)
...
006 (452.348.000) 2022-04-05 19:13:50 Image size of job updated: 799792
	320  -  MemoryUsage of job (MB)
	327256  -  ResidentSetSize of job (KB)
...
006 (452.348.000) 2022-04-05 19:23:51 Image size of job updated: 799792
	320  -  MemoryUsage of job (MB)
	327388  -  ResidentSetSize of job (KB)
...
006 (452.348.000) 2022-04-05 19:28:51 Image size of job updated: 799792
	320  -  MemoryUsage of job (MB)
	327520  -  ResidentSetSize of job (KB)
...
006 (452.348.000) 2022-04-05 19:38:53 Image size of job updated: 799792
	320  -  MemoryUsage of job (MB)
	327652  -  ResidentSetSize of job (KB)
...
006 (452.348.000) 2022-04-05 19:48:53 Image size of job updated: 799792
	321  -  MemoryUsage of job (MB)
	327784  -  ResidentSetSize of job (KB)
...
006 (452.348.000) 2022-04-05 19:53:54 Image size of job updated: 799792
	321  -  MemoryUsage of job (MB)
	327916  -  ResidentSetSize of job (KB)
...
006 (452.348.000) 2022-04-05 20:03:55 Image size of job updated: 799792
	321  -  MemoryUsage of job (MB)
	328048  -  ResidentSetSize of job (KB)
...
006 (452.348.000) 2022-04-05 20:08:56 Image size of job updated: 799792
	321  -  MemoryUsage of job (MB)
	328180  -  ResidentSetSize of job (KB)
...
006 (452.348.000) 2022-04-05 20:18:57 Image size of job updated: 799792
	321  -  MemoryUsage of job (MB)
	328312  -  ResidentSetSize of job (KB)
...
006 (452.348.000) 2022-04-05 20:23:57 Image size of job updated: 799792
	321  -  MemoryUsage of job (MB)
	328444  -  ResidentSetSize of job (KB)
...
006 (452.348.000) 2022-04-05 20:38:58 Image size of job updated: 799792
	321  -  MemoryUsage of job (MB)
	328576  -  ResidentSetSize of job (KB)
...
006 (452.348.000) 2022-04-05 20:49:00 Image size of job updated: 799792
	322  -  MemoryUsage of job (MB)
	328708  -  ResidentSetSize of job (KB)
...
006 (452.348.000) 2022-04-05 20:59:02 Image size of job updated: 799792
	322  -  MemoryUsage of job (MB)
	328840  -  ResidentSetSize of job (KB)
...
006 (452.348.000) 2022-04-05 21:09:02 Image size of job updated: 799792
	322  -  MemoryUsage of job (MB)
	328972  -  ResidentSetSize of job (KB)
...
006 (452.348.000) 2022-04-05 21:14:03 Image size of job updated: 799792
	322  -  MemoryUsage of job (MB)
	329104  -  ResidentSetSize of job (KB)
...
006 (452.348.000) 2022-04-05 21:24:04 Image size of job updated: 799792
	322  -  MemoryUsage of job (MB)
	329236  -  ResidentSetSize of job (KB)
...
005 (452.348.000) 2022-04-05 21:30:11 Job terminated.
	(1) Normal termination (return value 0)
		Usr 0 08:24:07, Sys 0 00:04:52  -  Run Remote Usage
		Usr 0 00:00:00, Sys 0 00:00:00  -  Run Local Usage
		Usr 0 08:24:07, Sys 0 00:04:52  -  Total Remote Usage
		Usr 0 00:00:00, Sys 0 00:00:00  -  Total Local Usage
	0  -  Run Bytes Sent By Job
	0  -  Run Bytes Received By Job
	0  -  Total Bytes Sent By Job
	0  -  Total Bytes Received By Job
	Partitionable Resources :    Usage  Request Allocated 
	   Cpus                 :     1.00        1         1 
	   Disk (KB)            :  7500        7500     10469 
	   Memory (MB)          :   322        1024      1024 

	Job terminated of its own accord at 2022-04-05T19:30:11Z with exit-code 0.
...
