000 (452.055.000) 2022-04-05 09:23:24 Job submitted from host: <10.18.24.243:9618?addrs=10.18.24.243-9618&alias=ecoclusts01.bioclust.biologie.ens.fr&noUDP&sock=schedd_1052_29b8>
...
001 (452.055.000) 2022-04-05 09:23:30 Job executing on host: <10.18.24.182:9618?addrs=10.18.24.182-9618&alias=mcbsclust11.bioclust.biologie.ens.fr&noUDP&sock=startd_1604_c9ff>
...
006 (452.055.000) 2022-04-05 09:23:38 Image size of job updated: 121968
	88  -  MemoryUsage of job (MB)
	89496  -  ResidentSetSize of job (KB)
...
006 (452.055.000) 2022-04-05 09:26:36 Image size of job updated: 742136
	88  -  MemoryUsage of job (MB)
	89496  -  ResidentSetSize of job (KB)
...
005 (452.055.000) 2022-04-05 09:26:36 Job terminated.
	(1) Normal termination (return value 0)
		Usr 0 00:02:42, Sys 0 00:00:17  -  Run Remote Usage
		Usr 0 00:00:00, Sys 0 00:00:00  -  Run Local Usage
		Usr 0 00:02:42, Sys 0 00:00:17  -  Total Remote Usage
		Usr 0 00:00:00, Sys 0 00:00:00  -  Total Local Usage
	0  -  Run Bytes Sent By Job
	0  -  Run Bytes Received By Job
	0  -  Total Bytes Sent By Job
	0  -  Total Bytes Received By Job
	Partitionable Resources :    Usage  Request Allocated 
	   Cpus                 :                 1         1 
	   Disk (KB)            :     7500     7500     10998 
	   Memory (MB)          :       88     1024      1024 

	Job terminated of its own accord at 2022-04-05T07:26:36Z with exit-code 0.
...
