000 (452.880.000) 2022-04-05 09:23:27 Job submitted from host: <10.18.24.243:9618?addrs=10.18.24.243-9618&alias=ecoclusts01.bioclust.biologie.ens.fr&noUDP&sock=schedd_1052_29b8>
...
001 (452.880.000) 2022-04-06 01:30:56 Job executing on host: <10.18.24.133:9618?addrs=10.18.24.133-9618&alias=dyoclust06.bioclust.biologie.ens.fr&noUDP&sock=startd_804_0e3b>
...
006 (452.880.000) 2022-04-06 01:31:05 Image size of job updated: 205556
	78  -  MemoryUsage of job (MB)
	79156  -  ResidentSetSize of job (KB)
...
006 (452.880.000) 2022-04-06 01:36:05 Image size of job updated: 741624
	284  -  MemoryUsage of job (MB)
	289944  -  ResidentSetSize of job (KB)
...
006 (452.880.000) 2022-04-06 01:41:05 Image size of job updated: 792252
	317  -  MemoryUsage of job (MB)
	324164  -  ResidentSetSize of job (KB)
...
006 (452.880.000) 2022-04-06 02:31:09 Image size of job updated: 792252
	317  -  MemoryUsage of job (MB)
	324296  -  ResidentSetSize of job (KB)
...
006 (452.880.000) 2022-04-06 02:41:11 Image size of job updated: 792252
	317  -  MemoryUsage of job (MB)
	324428  -  ResidentSetSize of job (KB)
...
006 (452.880.000) 2022-04-06 02:51:11 Image size of job updated: 792252
	317  -  MemoryUsage of job (MB)
	324560  -  ResidentSetSize of job (KB)
...
006 (452.880.000) 2022-04-06 02:56:12 Image size of job updated: 792252
	318  -  MemoryUsage of job (MB)
	324692  -  ResidentSetSize of job (KB)
...
006 (452.880.000) 2022-04-06 03:06:12 Image size of job updated: 792252
	318  -  MemoryUsage of job (MB)
	324824  -  ResidentSetSize of job (KB)
...
006 (452.880.000) 2022-04-06 03:11:13 Image size of job updated: 792252
	318  -  MemoryUsage of job (MB)
	324956  -  ResidentSetSize of job (KB)
...
006 (452.880.000) 2022-04-06 03:16:14 Image size of job updated: 792252
	318  -  MemoryUsage of job (MB)
	325088  -  ResidentSetSize of job (KB)
...
006 (452.880.000) 2022-04-06 03:21:14 Image size of job updated: 792252
	318  -  MemoryUsage of job (MB)
	325352  -  ResidentSetSize of job (KB)
...
006 (452.880.000) 2022-04-06 03:26:14 Image size of job updated: 792252
	318  -  MemoryUsage of job (MB)
	325484  -  ResidentSetSize of job (KB)
...
006 (452.880.000) 2022-04-06 03:31:15 Image size of job updated: 792252
	318  -  MemoryUsage of job (MB)
	325616  -  ResidentSetSize of job (KB)
...
006 (452.880.000) 2022-04-06 03:36:15 Image size of job updated: 792252
	319  -  MemoryUsage of job (MB)
	325748  -  ResidentSetSize of job (KB)
...
006 (452.880.000) 2022-04-06 03:41:15 Image size of job updated: 792252
	319  -  MemoryUsage of job (MB)
	325880  -  ResidentSetSize of job (KB)
...
006 (452.880.000) 2022-04-06 03:46:16 Image size of job updated: 792252
	319  -  MemoryUsage of job (MB)
	326144  -  ResidentSetSize of job (KB)
...
006 (452.880.000) 2022-04-06 03:51:17 Image size of job updated: 792252
	319  -  MemoryUsage of job (MB)
	326276  -  ResidentSetSize of job (KB)
...
006 (452.880.000) 2022-04-06 03:56:17 Image size of job updated: 792252
	319  -  MemoryUsage of job (MB)
	326408  -  ResidentSetSize of job (KB)
...
006 (452.880.000) 2022-04-06 04:01:18 Image size of job updated: 792252
	319  -  MemoryUsage of job (MB)
	326484  -  ResidentSetSize of job (KB)
...
006 (452.880.000) 2022-04-06 04:11:19 Image size of job updated: 792252
	319  -  MemoryUsage of job (MB)
	326616  -  ResidentSetSize of job (KB)
...
006 (452.880.000) 2022-04-06 04:16:19 Image size of job updated: 792252
	320  -  MemoryUsage of job (MB)
	326880  -  ResidentSetSize of job (KB)
...
006 (452.880.000) 2022-04-06 04:21:20 Image size of job updated: 792252
	320  -  MemoryUsage of job (MB)
	327012  -  ResidentSetSize of job (KB)
...
006 (452.880.000) 2022-04-06 04:26:21 Image size of job updated: 792252
	320  -  MemoryUsage of job (MB)
	327144  -  ResidentSetSize of job (KB)
...
006 (452.880.000) 2022-04-06 04:31:21 Image size of job updated: 792252
	320  -  MemoryUsage of job (MB)
	327276  -  ResidentSetSize of job (KB)
...
006 (452.880.000) 2022-04-06 04:36:22 Image size of job updated: 792252
	320  -  MemoryUsage of job (MB)
	327408  -  ResidentSetSize of job (KB)
...
006 (452.880.000) 2022-04-06 04:41:23 Image size of job updated: 792252
	320  -  MemoryUsage of job (MB)
	327540  -  ResidentSetSize of job (KB)
...
006 (452.880.000) 2022-04-06 04:46:23 Image size of job updated: 792252
	321  -  MemoryUsage of job (MB)
	327804  -  ResidentSetSize of job (KB)
...
006 (452.880.000) 2022-04-06 04:51:23 Image size of job updated: 792252
	321  -  MemoryUsage of job (MB)
	327936  -  ResidentSetSize of job (KB)
...
006 (452.880.000) 2022-04-06 04:56:24 Image size of job updated: 792252
	321  -  MemoryUsage of job (MB)
	328068  -  ResidentSetSize of job (KB)
...
006 (452.880.000) 2022-04-06 05:01:25 Image size of job updated: 792252
	321  -  MemoryUsage of job (MB)
	328200  -  ResidentSetSize of job (KB)
...
006 (452.880.000) 2022-04-06 05:06:25 Image size of job updated: 792252
	321  -  MemoryUsage of job (MB)
	328332  -  ResidentSetSize of job (KB)
...
006 (452.880.000) 2022-04-06 05:11:26 Image size of job updated: 792252
	321  -  MemoryUsage of job (MB)
	328596  -  ResidentSetSize of job (KB)
...
006 (452.880.000) 2022-04-06 05:16:27 Image size of job updated: 792252
	322  -  MemoryUsage of job (MB)
	328728  -  ResidentSetSize of job (KB)
...
006 (452.880.000) 2022-04-06 05:21:27 Image size of job updated: 792252
	322  -  MemoryUsage of job (MB)
	328860  -  ResidentSetSize of job (KB)
...
006 (452.880.000) 2022-04-06 05:26:27 Image size of job updated: 792252
	322  -  MemoryUsage of job (MB)
	329124  -  ResidentSetSize of job (KB)
...
006 (452.880.000) 2022-04-06 05:31:29 Image size of job updated: 792252
	322  -  MemoryUsage of job (MB)
	329256  -  ResidentSetSize of job (KB)
...
005 (452.880.000) 2022-04-06 05:33:08 Job terminated.
	(1) Normal termination (return value 0)
		Usr 0 04:01:13, Sys 0 00:00:26  -  Run Remote Usage
		Usr 0 00:00:00, Sys 0 00:00:00  -  Run Local Usage
		Usr 0 04:01:13, Sys 0 00:00:26  -  Total Remote Usage
		Usr 0 00:00:00, Sys 0 00:00:00  -  Total Local Usage
	0  -  Run Bytes Sent By Job
	0  -  Run Bytes Received By Job
	0  -  Total Bytes Sent By Job
	0  -  Total Bytes Received By Job
	Partitionable Resources :    Usage  Request Allocated 
	   Cpus                 :     1.00        1         1 
	   Disk (KB)            :  7500        7500     10015 
	   Memory (MB)          :   322        1024      1024 

	Job terminated of its own accord at 2022-04-06T03:33:08Z with exit-code 0.
...
