000 (452.377.000) 2022-04-05 09:23:25 Job submitted from host: <10.18.24.243:9618?addrs=10.18.24.243-9618&alias=ecoclusts01.bioclust.biologie.ens.fr&noUDP&sock=schedd_1052_29b8>
...
001 (452.377.000) 2022-04-05 13:06:27 Job executing on host: <10.18.24.148:9618?addrs=10.18.24.148-9618&alias=dyoclust21.bioclust.biologie.ens.fr&noUDP&sock=startd_1062_05ab>
...
006 (452.377.000) 2022-04-05 13:06:36 Image size of job updated: 76348
	66  -  MemoryUsage of job (MB)
	66640  -  ResidentSetSize of job (KB)
...
006 (452.377.000) 2022-04-05 13:11:37 Image size of job updated: 845676
	305  -  MemoryUsage of job (MB)
	311672  -  ResidentSetSize of job (KB)
...
006 (452.377.000) 2022-04-05 13:16:38 Image size of job updated: 845676
	311  -  MemoryUsage of job (MB)
	317816  -  ResidentSetSize of job (KB)
...
006 (452.377.000) 2022-04-05 13:21:38 Image size of job updated: 845676
	317  -  MemoryUsage of job (MB)
	324312  -  ResidentSetSize of job (KB)
...
006 (452.377.000) 2022-04-05 15:01:49 Image size of job updated: 845676
	317  -  MemoryUsage of job (MB)
	324444  -  ResidentSetSize of job (KB)
...
006 (452.377.000) 2022-04-05 15:11:50 Image size of job updated: 845676
	317  -  MemoryUsage of job (MB)
	324576  -  ResidentSetSize of job (KB)
...
006 (452.377.000) 2022-04-05 15:16:50 Image size of job updated: 845676
	318  -  MemoryUsage of job (MB)
	324708  -  ResidentSetSize of job (KB)
...
006 (452.377.000) 2022-04-05 15:26:51 Image size of job updated: 845676
	318  -  MemoryUsage of job (MB)
	324840  -  ResidentSetSize of job (KB)
...
006 (452.377.000) 2022-04-05 15:31:52 Image size of job updated: 845676
	318  -  MemoryUsage of job (MB)
	324972  -  ResidentSetSize of job (KB)
...
006 (452.377.000) 2022-04-05 15:36:52 Image size of job updated: 845676
	318  -  MemoryUsage of job (MB)
	325104  -  ResidentSetSize of job (KB)
...
006 (452.377.000) 2022-04-05 15:41:53 Image size of job updated: 845676
	318  -  MemoryUsage of job (MB)
	325236  -  ResidentSetSize of job (KB)
...
006 (452.377.000) 2022-04-05 15:46:54 Image size of job updated: 845676
	318  -  MemoryUsage of job (MB)
	325368  -  ResidentSetSize of job (KB)
...
006 (452.377.000) 2022-04-05 15:51:54 Image size of job updated: 845676
	318  -  MemoryUsage of job (MB)
	325500  -  ResidentSetSize of job (KB)
...
006 (452.377.000) 2022-04-05 15:56:54 Image size of job updated: 845676
	318  -  MemoryUsage of job (MB)
	325632  -  ResidentSetSize of job (KB)
...
006 (452.377.000) 2022-04-05 16:06:56 Image size of job updated: 845676
	319  -  MemoryUsage of job (MB)
	325764  -  ResidentSetSize of job (KB)
...
006 (452.377.000) 2022-04-05 16:11:56 Image size of job updated: 845676
	319  -  MemoryUsage of job (MB)
	325896  -  ResidentSetSize of job (KB)
...
006 (452.377.000) 2022-04-05 16:16:57 Image size of job updated: 845676
	319  -  MemoryUsage of job (MB)
	326028  -  ResidentSetSize of job (KB)
...
006 (452.377.000) 2022-04-05 16:21:58 Image size of job updated: 845676
	319  -  MemoryUsage of job (MB)
	326160  -  ResidentSetSize of job (KB)
...
006 (452.377.000) 2022-04-05 16:26:58 Image size of job updated: 845676
	319  -  MemoryUsage of job (MB)
	326292  -  ResidentSetSize of job (KB)
...
006 (452.377.000) 2022-04-05 16:31:59 Image size of job updated: 845676
	319  -  MemoryUsage of job (MB)
	326424  -  ResidentSetSize of job (KB)
...
006 (452.377.000) 2022-04-05 16:42:00 Image size of job updated: 845676
	319  -  MemoryUsage of job (MB)
	326556  -  ResidentSetSize of job (KB)
...
006 (452.377.000) 2022-04-05 17:02:01 Image size of job updated: 845676
	320  -  MemoryUsage of job (MB)
	326688  -  ResidentSetSize of job (KB)
...
006 (452.377.000) 2022-04-05 17:07:02 Image size of job updated: 845676
	320  -  MemoryUsage of job (MB)
	326820  -  ResidentSetSize of job (KB)
...
006 (452.377.000) 2022-04-05 17:12:03 Image size of job updated: 845676
	320  -  MemoryUsage of job (MB)
	326952  -  ResidentSetSize of job (KB)
...
006 (452.377.000) 2022-04-05 17:17:03 Image size of job updated: 845676
	320  -  MemoryUsage of job (MB)
	327084  -  ResidentSetSize of job (KB)
...
006 (452.377.000) 2022-04-05 17:27:05 Image size of job updated: 845676
	320  -  MemoryUsage of job (MB)
	327216  -  ResidentSetSize of job (KB)
...
006 (452.377.000) 2022-04-05 17:32:05 Image size of job updated: 845676
	320  -  MemoryUsage of job (MB)
	327348  -  ResidentSetSize of job (KB)
...
006 (452.377.000) 2022-04-05 17:42:07 Image size of job updated: 845676
	320  -  MemoryUsage of job (MB)
	327480  -  ResidentSetSize of job (KB)
...
006 (452.377.000) 2022-04-05 17:47:07 Image size of job updated: 845676
	320  -  MemoryUsage of job (MB)
	327612  -  ResidentSetSize of job (KB)
...
006 (452.377.000) 2022-04-05 17:57:08 Image size of job updated: 845676
	321  -  MemoryUsage of job (MB)
	327744  -  ResidentSetSize of job (KB)
...
006 (452.377.000) 2022-04-05 18:07:08 Image size of job updated: 845676
	321  -  MemoryUsage of job (MB)
	327876  -  ResidentSetSize of job (KB)
...
006 (452.377.000) 2022-04-05 18:12:09 Image size of job updated: 845676
	321  -  MemoryUsage of job (MB)
	328008  -  ResidentSetSize of job (KB)
...
006 (452.377.000) 2022-04-05 18:22:10 Image size of job updated: 845676
	321  -  MemoryUsage of job (MB)
	328140  -  ResidentSetSize of job (KB)
...
006 (452.377.000) 2022-04-05 18:27:11 Image size of job updated: 845676
	321  -  MemoryUsage of job (MB)
	328272  -  ResidentSetSize of job (KB)
...
006 (452.377.000) 2022-04-05 18:37:12 Image size of job updated: 845676
	321  -  MemoryUsage of job (MB)
	328404  -  ResidentSetSize of job (KB)
...
006 (452.377.000) 2022-04-05 18:47:14 Image size of job updated: 845676
	321  -  MemoryUsage of job (MB)
	328536  -  ResidentSetSize of job (KB)
...
006 (452.377.000) 2022-04-05 18:52:14 Image size of job updated: 845676
	321  -  MemoryUsage of job (MB)
	328668  -  ResidentSetSize of job (KB)
...
006 (452.377.000) 2022-04-05 18:57:14 Image size of job updated: 845676
	322  -  MemoryUsage of job (MB)
	328800  -  ResidentSetSize of job (KB)
...
006 (452.377.000) 2022-04-05 19:07:16 Image size of job updated: 845676
	322  -  MemoryUsage of job (MB)
	328932  -  ResidentSetSize of job (KB)
...
006 (452.377.000) 2022-04-05 19:12:16 Image size of job updated: 845676
	322  -  MemoryUsage of job (MB)
	329064  -  ResidentSetSize of job (KB)
...
006 (452.377.000) 2022-04-05 19:17:16 Image size of job updated: 845676
	322  -  MemoryUsage of job (MB)
	329196  -  ResidentSetSize of job (KB)
...
006 (452.377.000) 2022-04-05 19:22:18 Image size of job updated: 845676
	322  -  MemoryUsage of job (MB)
	329328  -  ResidentSetSize of job (KB)
...
005 (452.377.000) 2022-04-05 19:23:49 Job terminated.
	(1) Normal termination (return value 0)
		Usr 0 06:16:04, Sys 0 00:00:56  -  Run Remote Usage
		Usr 0 00:00:00, Sys 0 00:00:00  -  Run Local Usage
		Usr 0 06:16:04, Sys 0 00:00:56  -  Total Remote Usage
		Usr 0 00:00:00, Sys 0 00:00:00  -  Total Local Usage
	0  -  Run Bytes Sent By Job
	0  -  Run Bytes Received By Job
	0  -  Total Bytes Sent By Job
	0  -  Total Bytes Received By Job
	Partitionable Resources :    Usage  Request Allocated 
	   Cpus                 :     1.00        1         1 
	   Disk (KB)            :  7500        7500     10998 
	   Memory (MB)          :   322        1024      1024 

	Job terminated of its own accord at 2022-04-05T17:23:49Z with exit-code 0.
...
