000 (452.569.000) 2022-04-05 09:23:26 Job submitted from host: <10.18.24.243:9618?addrs=10.18.24.243-9618&alias=ecoclusts01.bioclust.biologie.ens.fr&noUDP&sock=schedd_1052_29b8>
...
001 (452.569.000) 2022-04-05 18:59:41 Job executing on host: <10.18.24.135:9618?addrs=10.18.24.135-9618&alias=dyoclust08.bioclust.biologie.ens.fr&noUDP&sock=startd_793_82b1>
...
006 (452.569.000) 2022-04-05 18:59:50 Image size of job updated: 311080
	112  -  MemoryUsage of job (MB)
	113852  -  ResidentSetSize of job (KB)
...
006 (452.569.000) 2022-04-05 19:04:50 Image size of job updated: 741624
	298  -  MemoryUsage of job (MB)
	304304  -  ResidentSetSize of job (KB)
...
006 (452.569.000) 2022-04-05 19:09:51 Image size of job updated: 774392
	317  -  MemoryUsage of job (MB)
	324144  -  ResidentSetSize of job (KB)
...
006 (452.569.000) 2022-04-05 19:39:54 Image size of job updated: 774648
	317  -  MemoryUsage of job (MB)
	324144  -  ResidentSetSize of job (KB)
...
006 (452.569.000) 2022-04-05 19:44:54 Image size of job updated: 774904
	317  -  MemoryUsage of job (MB)
	324408  -  ResidentSetSize of job (KB)
...
006 (452.569.000) 2022-04-05 19:49:55 Image size of job updated: 774904
	317  -  MemoryUsage of job (MB)
	324540  -  ResidentSetSize of job (KB)
...
006 (452.569.000) 2022-04-05 19:54:56 Image size of job updated: 775160
	318  -  MemoryUsage of job (MB)
	324804  -  ResidentSetSize of job (KB)
...
006 (452.569.000) 2022-04-05 19:59:56 Image size of job updated: 775416
	318  -  MemoryUsage of job (MB)
	324936  -  ResidentSetSize of job (KB)
...
006 (452.569.000) 2022-04-05 20:04:56 Image size of job updated: 775416
	318  -  MemoryUsage of job (MB)
	325068  -  ResidentSetSize of job (KB)
...
006 (452.569.000) 2022-04-05 20:09:56 Image size of job updated: 775672
	318  -  MemoryUsage of job (MB)
	325332  -  ResidentSetSize of job (KB)
...
006 (452.569.000) 2022-04-05 20:14:57 Image size of job updated: 775928
	318  -  MemoryUsage of job (MB)
	325464  -  ResidentSetSize of job (KB)
...
006 (452.569.000) 2022-04-05 20:19:57 Image size of job updated: 776184
	318  -  MemoryUsage of job (MB)
	325596  -  ResidentSetSize of job (KB)
...
006 (452.569.000) 2022-04-05 20:24:57 Image size of job updated: 776184
	319  -  MemoryUsage of job (MB)
	325860  -  ResidentSetSize of job (KB)
...
006 (452.569.000) 2022-04-05 20:29:58 Image size of job updated: 776440
	319  -  MemoryUsage of job (MB)
	326124  -  ResidentSetSize of job (KB)
...
006 (452.569.000) 2022-04-05 20:34:59 Image size of job updated: 776696
	319  -  MemoryUsage of job (MB)
	326388  -  ResidentSetSize of job (KB)
...
006 (452.569.000) 2022-04-05 20:39:59 Image size of job updated: 776952
	319  -  MemoryUsage of job (MB)
	326520  -  ResidentSetSize of job (KB)
...
006 (452.569.000) 2022-04-05 20:50:00 Image size of job updated: 776952
	319  -  MemoryUsage of job (MB)
	326652  -  ResidentSetSize of job (KB)
...
006 (452.569.000) 2022-04-05 20:55:01 Image size of job updated: 777208
	320  -  MemoryUsage of job (MB)
	326916  -  ResidentSetSize of job (KB)
...
006 (452.569.000) 2022-04-05 21:00:01 Image size of job updated: 777464
	320  -  MemoryUsage of job (MB)
	327048  -  ResidentSetSize of job (KB)
...
006 (452.569.000) 2022-04-05 21:05:01 Image size of job updated: 777720
	320  -  MemoryUsage of job (MB)
	327312  -  ResidentSetSize of job (KB)
...
006 (452.569.000) 2022-04-05 21:10:01 Image size of job updated: 777976
	320  -  MemoryUsage of job (MB)
	327444  -  ResidentSetSize of job (KB)
...
006 (452.569.000) 2022-04-05 21:15:02 Image size of job updated: 777976
	321  -  MemoryUsage of job (MB)
	327708  -  ResidentSetSize of job (KB)
...
006 (452.569.000) 2022-04-05 21:20:03 Image size of job updated: 778232
	321  -  MemoryUsage of job (MB)
	327840  -  ResidentSetSize of job (KB)
...
006 (452.569.000) 2022-04-05 21:25:03 Image size of job updated: 778488
	321  -  MemoryUsage of job (MB)
	328104  -  ResidentSetSize of job (KB)
...
006 (452.569.000) 2022-04-05 21:30:03 Image size of job updated: 778744
	321  -  MemoryUsage of job (MB)
	328236  -  ResidentSetSize of job (KB)
...
006 (452.569.000) 2022-04-05 21:35:04 Image size of job updated: 779000
	321  -  MemoryUsage of job (MB)
	328500  -  ResidentSetSize of job (KB)
...
006 (452.569.000) 2022-04-05 21:40:06 Image size of job updated: 779000
	321  -  MemoryUsage of job (MB)
	328632  -  ResidentSetSize of job (KB)
...
006 (452.569.000) 2022-04-05 21:45:06 Image size of job updated: 779256
	322  -  MemoryUsage of job (MB)
	328896  -  ResidentSetSize of job (KB)
...
006 (452.569.000) 2022-04-05 21:50:06 Image size of job updated: 779512
	322  -  MemoryUsage of job (MB)
	329028  -  ResidentSetSize of job (KB)
...
006 (452.569.000) 2022-04-05 21:54:58 Image size of job updated: 779768
	322  -  MemoryUsage of job (MB)
	329028  -  ResidentSetSize of job (KB)
...
005 (452.569.000) 2022-04-05 21:54:58 Job terminated.
	(1) Normal termination (return value 0)
		Usr 0 02:54:38, Sys 0 00:00:31  -  Run Remote Usage
		Usr 0 00:00:00, Sys 0 00:00:00  -  Run Local Usage
		Usr 0 02:54:38, Sys 0 00:00:31  -  Total Remote Usage
		Usr 0 00:00:00, Sys 0 00:00:00  -  Total Local Usage
	0  -  Run Bytes Sent By Job
	0  -  Run Bytes Received By Job
	0  -  Total Bytes Sent By Job
	0  -  Total Bytes Received By Job
	Partitionable Resources :    Usage  Request Allocated 
	   Cpus                 :     1.00        1         1 
	   Disk (KB)            :  7500        7500     10998 
	   Memory (MB)          :   322        1024      1024 

	Job terminated of its own accord at 2022-04-05T19:54:58Z with exit-code 0.
...
