000 (452.850.000) 2022-04-05 09:23:27 Job submitted from host: <10.18.24.243:9618?addrs=10.18.24.243-9618&alias=ecoclusts01.bioclust.biologie.ens.fr&noUDP&sock=schedd_1052_29b8>
...
001 (452.850.000) 2022-04-06 00:54:54 Job executing on host: <10.18.24.137:9618?addrs=10.18.24.137-9618&alias=dyoclust10.bioclust.biologie.ens.fr&noUDP&sock=startd_830_e3b2>
...
006 (452.850.000) 2022-04-06 00:55:03 Image size of job updated: 198484
	194  -  MemoryUsage of job (MB)
	198484  -  ResidentSetSize of job (KB)
...
006 (452.850.000) 2022-04-06 01:00:03 Image size of job updated: 741880
	317  -  MemoryUsage of job (MB)
	324304  -  ResidentSetSize of job (KB)
...
006 (452.850.000) 2022-04-06 01:05:03 Image size of job updated: 774648
	317  -  MemoryUsage of job (MB)
	324436  -  ResidentSetSize of job (KB)
...
006 (452.850.000) 2022-04-06 01:35:07 Image size of job updated: 774904
	317  -  MemoryUsage of job (MB)
	324436  -  ResidentSetSize of job (KB)
...
006 (452.850.000) 2022-04-06 01:40:07 Image size of job updated: 774904
	317  -  MemoryUsage of job (MB)
	324568  -  ResidentSetSize of job (KB)
...
006 (452.850.000) 2022-04-06 01:45:08 Image size of job updated: 775160
	318  -  MemoryUsage of job (MB)
	324700  -  ResidentSetSize of job (KB)
...
006 (452.850.000) 2022-04-06 01:50:09 Image size of job updated: 775160
	318  -  MemoryUsage of job (MB)
	324832  -  ResidentSetSize of job (KB)
...
006 (452.850.000) 2022-04-06 01:55:09 Image size of job updated: 775416
	318  -  MemoryUsage of job (MB)
	325096  -  ResidentSetSize of job (KB)
...
006 (452.850.000) 2022-04-06 02:00:10 Image size of job updated: 775672
	318  -  MemoryUsage of job (MB)
	325228  -  ResidentSetSize of job (KB)
...
006 (452.850.000) 2022-04-06 02:05:11 Image size of job updated: 775672
	318  -  MemoryUsage of job (MB)
	325360  -  ResidentSetSize of job (KB)
...
006 (452.850.000) 2022-04-06 02:10:11 Image size of job updated: 775928
	318  -  MemoryUsage of job (MB)
	325624  -  ResidentSetSize of job (KB)
...
006 (452.850.000) 2022-04-06 02:15:11 Image size of job updated: 776184
	319  -  MemoryUsage of job (MB)
	325756  -  ResidentSetSize of job (KB)
...
006 (452.850.000) 2022-04-06 02:20:12 Image size of job updated: 776440
	319  -  MemoryUsage of job (MB)
	325888  -  ResidentSetSize of job (KB)
...
006 (452.850.000) 2022-04-06 02:25:13 Image size of job updated: 776440
	319  -  MemoryUsage of job (MB)
	326152  -  ResidentSetSize of job (KB)
...
006 (452.850.000) 2022-04-06 02:30:13 Image size of job updated: 776696
	319  -  MemoryUsage of job (MB)
	326416  -  ResidentSetSize of job (KB)
...
006 (452.850.000) 2022-04-06 02:35:14 Image size of job updated: 776952
	319  -  MemoryUsage of job (MB)
	326548  -  ResidentSetSize of job (KB)
...
006 (452.850.000) 2022-04-06 02:45:15 Image size of job updated: 776952
	320  -  MemoryUsage of job (MB)
	326680  -  ResidentSetSize of job (KB)
...
006 (452.850.000) 2022-04-06 02:50:15 Image size of job updated: 777208
	320  -  MemoryUsage of job (MB)
	326944  -  ResidentSetSize of job (KB)
...
006 (452.850.000) 2022-04-06 02:55:16 Image size of job updated: 777464
	320  -  MemoryUsage of job (MB)
	327076  -  ResidentSetSize of job (KB)
...
006 (452.850.000) 2022-04-06 03:00:16 Image size of job updated: 777720
	320  -  MemoryUsage of job (MB)
	327208  -  ResidentSetSize of job (KB)
...
006 (452.850.000) 2022-04-06 03:05:16 Image size of job updated: 777720
	320  -  MemoryUsage of job (MB)
	327472  -  ResidentSetSize of job (KB)
...
006 (452.850.000) 2022-04-06 03:10:17 Image size of job updated: 777976
	320  -  MemoryUsage of job (MB)
	327604  -  ResidentSetSize of job (KB)
...
006 (452.850.000) 2022-04-06 03:15:18 Image size of job updated: 778232
	321  -  MemoryUsage of job (MB)
	327868  -  ResidentSetSize of job (KB)
...
006 (452.850.000) 2022-04-06 03:20:18 Image size of job updated: 778488
	321  -  MemoryUsage of job (MB)
	328000  -  ResidentSetSize of job (KB)
...
006 (452.850.000) 2022-04-06 03:25:19 Image size of job updated: 778744
	321  -  MemoryUsage of job (MB)
	328264  -  ResidentSetSize of job (KB)
...
006 (452.850.000) 2022-04-06 03:30:20 Image size of job updated: 778744
	321  -  MemoryUsage of job (MB)
	328396  -  ResidentSetSize of job (KB)
...
006 (452.850.000) 2022-04-06 03:35:20 Image size of job updated: 779000
	321  -  MemoryUsage of job (MB)
	328660  -  ResidentSetSize of job (KB)
...
006 (452.850.000) 2022-04-06 03:40:20 Image size of job updated: 779256
	322  -  MemoryUsage of job (MB)
	328792  -  ResidentSetSize of job (KB)
...
006 (452.850.000) 2022-04-06 03:45:21 Image size of job updated: 779512
	322  -  MemoryUsage of job (MB)
	329056  -  ResidentSetSize of job (KB)
...
006 (452.850.000) 2022-04-06 03:50:22 Image size of job updated: 779512
	322  -  MemoryUsage of job (MB)
	329188  -  ResidentSetSize of job (KB)
...
006 (452.850.000) 2022-04-06 03:51:38 Image size of job updated: 779768
	322  -  MemoryUsage of job (MB)
	329188  -  ResidentSetSize of job (KB)
...
005 (452.850.000) 2022-04-06 03:51:38 Job terminated.
	(1) Normal termination (return value 0)
		Usr 0 02:54:29, Sys 0 00:00:26  -  Run Remote Usage
		Usr 0 00:00:00, Sys 0 00:00:00  -  Run Local Usage
		Usr 0 02:54:29, Sys 0 00:00:26  -  Total Remote Usage
		Usr 0 00:00:00, Sys 0 00:00:00  -  Total Local Usage
	0  -  Run Bytes Sent By Job
	0  -  Run Bytes Received By Job
	0  -  Total Bytes Sent By Job
	0  -  Total Bytes Received By Job
	Partitionable Resources :    Usage  Request Allocated 
	   Cpus                 :     1.00        1         1 
	   Disk (KB)            :  7500        7500     10999 
	   Memory (MB)          :   322        1024      1024 

	Job terminated of its own accord at 2022-04-06T01:51:38Z with exit-code 0.
...
