000 (452.199.000) 2022-04-05 09:23:24 Job submitted from host: <10.18.24.243:9618?addrs=10.18.24.243-9618&alias=ecoclusts01.bioclust.biologie.ens.fr&noUDP&sock=schedd_1052_29b8>
...
001 (452.199.000) 2022-04-05 09:23:33 Job executing on host: <10.18.24.39:9618?addrs=10.18.24.39-9618&alias=bioclust39.bioclust.biologie.ens.fr&noUDP&sock=startd_1965_67b0>
...
006 (452.199.000) 2022-04-05 09:23:42 Image size of job updated: 38628
	37  -  MemoryUsage of job (MB)
	37044  -  ResidentSetSize of job (KB)
...
006 (452.199.000) 2022-04-05 09:28:42 Image size of job updated: 845680
	317  -  MemoryUsage of job (MB)
	324604  -  ResidentSetSize of job (KB)
...
006 (452.199.000) 2022-04-05 10:33:48 Image size of job updated: 845680
	318  -  MemoryUsage of job (MB)
	324736  -  ResidentSetSize of job (KB)
...
006 (452.199.000) 2022-04-05 10:38:49 Image size of job updated: 845680
	318  -  MemoryUsage of job (MB)
	324868  -  ResidentSetSize of job (KB)
...
006 (452.199.000) 2022-04-05 10:43:50 Image size of job updated: 845680
	318  -  MemoryUsage of job (MB)
	325132  -  ResidentSetSize of job (KB)
...
006 (452.199.000) 2022-04-05 10:53:51 Image size of job updated: 845680
	318  -  MemoryUsage of job (MB)
	325396  -  ResidentSetSize of job (KB)
...
006 (452.199.000) 2022-04-05 10:58:52 Image size of job updated: 845680
	319  -  MemoryUsage of job (MB)
	325660  -  ResidentSetSize of job (KB)
...
006 (452.199.000) 2022-04-05 11:03:52 Image size of job updated: 845680
	319  -  MemoryUsage of job (MB)
	325924  -  ResidentSetSize of job (KB)
...
006 (452.199.000) 2022-04-05 11:08:53 Image size of job updated: 845680
	319  -  MemoryUsage of job (MB)
	326188  -  ResidentSetSize of job (KB)
...
006 (452.199.000) 2022-04-05 11:13:54 Image size of job updated: 845680
	319  -  MemoryUsage of job (MB)
	326320  -  ResidentSetSize of job (KB)
...
006 (452.199.000) 2022-04-05 11:18:54 Image size of job updated: 845680
	319  -  MemoryUsage of job (MB)
	326584  -  ResidentSetSize of job (KB)
...
006 (452.199.000) 2022-04-05 11:28:55 Image size of job updated: 845680
	320  -  MemoryUsage of job (MB)
	326848  -  ResidentSetSize of job (KB)
...
006 (452.199.000) 2022-04-05 11:33:55 Image size of job updated: 845680
	320  -  MemoryUsage of job (MB)
	326980  -  ResidentSetSize of job (KB)
...
006 (452.199.000) 2022-04-05 11:38:55 Image size of job updated: 845680
	320  -  MemoryUsage of job (MB)
	327244  -  ResidentSetSize of job (KB)
...
006 (452.199.000) 2022-04-05 11:43:56 Image size of job updated: 845680
	320  -  MemoryUsage of job (MB)
	327508  -  ResidentSetSize of job (KB)
...
006 (452.199.000) 2022-04-05 11:48:56 Image size of job updated: 845680
	320  -  MemoryUsage of job (MB)
	327640  -  ResidentSetSize of job (KB)
...
006 (452.199.000) 2022-04-05 11:53:56 Image size of job updated: 845680
	321  -  MemoryUsage of job (MB)
	327772  -  ResidentSetSize of job (KB)
...
006 (452.199.000) 2022-04-05 11:58:57 Image size of job updated: 845680
	321  -  MemoryUsage of job (MB)
	327904  -  ResidentSetSize of job (KB)
...
006 (452.199.000) 2022-04-05 12:03:58 Image size of job updated: 845680
	321  -  MemoryUsage of job (MB)
	328036  -  ResidentSetSize of job (KB)
...
006 (452.199.000) 2022-04-05 12:08:58 Image size of job updated: 845680
	321  -  MemoryUsage of job (MB)
	328168  -  ResidentSetSize of job (KB)
...
006 (452.199.000) 2022-04-05 12:13:59 Image size of job updated: 845680
	321  -  MemoryUsage of job (MB)
	328300  -  ResidentSetSize of job (KB)
...
006 (452.199.000) 2022-04-05 12:19:00 Image size of job updated: 845680
	321  -  MemoryUsage of job (MB)
	328432  -  ResidentSetSize of job (KB)
...
006 (452.199.000) 2022-04-05 12:24:00 Image size of job updated: 845680
	321  -  MemoryUsage of job (MB)
	328564  -  ResidentSetSize of job (KB)
...
006 (452.199.000) 2022-04-05 12:29:01 Image size of job updated: 845680
	321  -  MemoryUsage of job (MB)
	328696  -  ResidentSetSize of job (KB)
...
006 (452.199.000) 2022-04-05 12:34:02 Image size of job updated: 845680
	322  -  MemoryUsage of job (MB)
	328960  -  ResidentSetSize of job (KB)
...
006 (452.199.000) 2022-04-05 12:39:02 Image size of job updated: 845680
	322  -  MemoryUsage of job (MB)
	329224  -  ResidentSetSize of job (KB)
...
006 (452.199.000) 2022-04-05 12:44:02 Image size of job updated: 845680
	322  -  MemoryUsage of job (MB)
	329356  -  ResidentSetSize of job (KB)
...
005 (452.199.000) 2022-04-05 12:44:10 Job terminated.
	(1) Normal termination (return value 0)
		Usr 0 03:19:09, Sys 0 00:01:11  -  Run Remote Usage
		Usr 0 00:00:00, Sys 0 00:00:00  -  Run Local Usage
		Usr 0 03:19:09, Sys 0 00:01:11  -  Total Remote Usage
		Usr 0 00:00:00, Sys 0 00:00:00  -  Total Local Usage
	0  -  Run Bytes Sent By Job
	0  -  Run Bytes Received By Job
	0  -  Total Bytes Sent By Job
	0  -  Total Bytes Received By Job
	Partitionable Resources :    Usage  Request Allocated 
	   Cpus                 :     1.00        1         1 
	   Disk (KB)            :  7500        7500     11005 
	   Memory (MB)          :   322        1024      1024 

	Job terminated of its own accord at 2022-04-05T10:44:10Z with exit-code 0.
...
