000 (452.389.000) 2022-04-05 09:23:25 Job submitted from host: <10.18.24.243:9618?addrs=10.18.24.243-9618&alias=ecoclusts01.bioclust.biologie.ens.fr&noUDP&sock=schedd_1052_29b8>
...
001 (452.389.000) 2022-04-05 13:15:01 Job executing on host: <10.18.24.5:9618?addrs=10.18.24.5-9618&alias=bioclust05.bioclust.biologie.ens.fr&noUDP&sock=startd_1060_a67a>
...
006 (452.389.000) 2022-04-05 13:15:09 Image size of job updated: 84172
	83  -  MemoryUsage of job (MB)
	84172  -  ResidentSetSize of job (KB)
...
006 (452.389.000) 2022-04-05 13:20:09 Image size of job updated: 741624
	317  -  MemoryUsage of job (MB)
	324112  -  ResidentSetSize of job (KB)
...
006 (452.389.000) 2022-04-05 13:30:10 Image size of job updated: 774392
	317  -  MemoryUsage of job (MB)
	324112  -  ResidentSetSize of job (KB)
...
006 (452.389.000) 2022-04-05 14:25:15 Image size of job updated: 774648
	317  -  MemoryUsage of job (MB)
	324112  -  ResidentSetSize of job (KB)
...
006 (452.389.000) 2022-04-05 14:30:15 Image size of job updated: 774648
	317  -  MemoryUsage of job (MB)
	324200  -  ResidentSetSize of job (KB)
...
006 (452.389.000) 2022-04-05 14:35:16 Image size of job updated: 774648
	317  -  MemoryUsage of job (MB)
	324332  -  ResidentSetSize of job (KB)
...
006 (452.389.000) 2022-04-05 14:40:16 Image size of job updated: 774904
	317  -  MemoryUsage of job (MB)
	324464  -  ResidentSetSize of job (KB)
...
006 (452.389.000) 2022-04-05 14:50:17 Image size of job updated: 774904
	317  -  MemoryUsage of job (MB)
	324596  -  ResidentSetSize of job (KB)
...
006 (452.389.000) 2022-04-05 14:55:18 Image size of job updated: 775160
	317  -  MemoryUsage of job (MB)
	324596  -  ResidentSetSize of job (KB)
...
006 (452.389.000) 2022-04-05 15:00:18 Image size of job updated: 775160
	318  -  MemoryUsage of job (MB)
	324728  -  ResidentSetSize of job (KB)
...
006 (452.389.000) 2022-04-05 15:05:19 Image size of job updated: 775160
	318  -  MemoryUsage of job (MB)
	324860  -  ResidentSetSize of job (KB)
...
006 (452.389.000) 2022-04-05 15:10:20 Image size of job updated: 775416
	318  -  MemoryUsage of job (MB)
	324992  -  ResidentSetSize of job (KB)
...
006 (452.389.000) 2022-04-05 15:15:20 Image size of job updated: 775416
	318  -  MemoryUsage of job (MB)
	325124  -  ResidentSetSize of job (KB)
...
006 (452.389.000) 2022-04-05 15:20:20 Image size of job updated: 775672
	318  -  MemoryUsage of job (MB)
	325124  -  ResidentSetSize of job (KB)
...
006 (452.389.000) 2022-04-05 15:25:21 Image size of job updated: 775672
	318  -  MemoryUsage of job (MB)
	325256  -  ResidentSetSize of job (KB)
...
006 (452.389.000) 2022-04-05 15:30:22 Image size of job updated: 775928
	318  -  MemoryUsage of job (MB)
	325520  -  ResidentSetSize of job (KB)
...
006 (452.389.000) 2022-04-05 15:35:22 Image size of job updated: 775928
	319  -  MemoryUsage of job (MB)
	325652  -  ResidentSetSize of job (KB)
...
006 (452.389.000) 2022-04-05 15:40:23 Image size of job updated: 776184
	319  -  MemoryUsage of job (MB)
	325652  -  ResidentSetSize of job (KB)
...
006 (452.389.000) 2022-04-05 15:45:24 Image size of job updated: 776184
	319  -  MemoryUsage of job (MB)
	325784  -  ResidentSetSize of job (KB)
...
006 (452.389.000) 2022-04-05 15:50:24 Image size of job updated: 776184
	319  -  MemoryUsage of job (MB)
	325916  -  ResidentSetSize of job (KB)
...
006 (452.389.000) 2022-04-05 15:55:24 Image size of job updated: 776440
	319  -  MemoryUsage of job (MB)
	325916  -  ResidentSetSize of job (KB)
...
006 (452.389.000) 2022-04-05 16:00:25 Image size of job updated: 776440
	319  -  MemoryUsage of job (MB)
	326048  -  ResidentSetSize of job (KB)
...
006 (452.389.000) 2022-04-05 16:05:26 Image size of job updated: 776696
	319  -  MemoryUsage of job (MB)
	326180  -  ResidentSetSize of job (KB)
...
006 (452.389.000) 2022-04-05 16:10:26 Image size of job updated: 776696
	319  -  MemoryUsage of job (MB)
	326312  -  ResidentSetSize of job (KB)
...
006 (452.389.000) 2022-04-05 16:15:27 Image size of job updated: 776952
	319  -  MemoryUsage of job (MB)
	326444  -  ResidentSetSize of job (KB)
...
006 (452.389.000) 2022-04-05 16:25:28 Image size of job updated: 776952
	319  -  MemoryUsage of job (MB)
	326576  -  ResidentSetSize of job (KB)
...
006 (452.389.000) 2022-04-05 16:45:30 Image size of job updated: 777208
	320  -  MemoryUsage of job (MB)
	326708  -  ResidentSetSize of job (KB)
...
006 (452.389.000) 2022-04-05 16:55:32 Image size of job updated: 777208
	320  -  MemoryUsage of job (MB)
	326840  -  ResidentSetSize of job (KB)
...
006 (452.389.000) 2022-04-05 17:00:32 Image size of job updated: 777464
	320  -  MemoryUsage of job (MB)
	326972  -  ResidentSetSize of job (KB)
...
006 (452.389.000) 2022-04-05 17:05:32 Image size of job updated: 777464
	320  -  MemoryUsage of job (MB)
	327104  -  ResidentSetSize of job (KB)
...
006 (452.389.000) 2022-04-05 17:15:33 Image size of job updated: 777720
	320  -  MemoryUsage of job (MB)
	327236  -  ResidentSetSize of job (KB)
...
006 (452.389.000) 2022-04-05 17:20:33 Image size of job updated: 777720
	320  -  MemoryUsage of job (MB)
	327368  -  ResidentSetSize of job (KB)
...
006 (452.389.000) 2022-04-05 17:30:35 Image size of job updated: 777976
	320  -  MemoryUsage of job (MB)
	327500  -  ResidentSetSize of job (KB)
...
006 (452.389.000) 2022-04-05 17:35:35 Image size of job updated: 777976
	320  -  MemoryUsage of job (MB)
	327632  -  ResidentSetSize of job (KB)
...
006 (452.389.000) 2022-04-05 17:45:36 Image size of job updated: 778232
	321  -  MemoryUsage of job (MB)
	327764  -  ResidentSetSize of job (KB)
...
006 (452.389.000) 2022-04-05 17:50:36 Image size of job updated: 778232
	321  -  MemoryUsage of job (MB)
	327896  -  ResidentSetSize of job (KB)
...
006 (452.389.000) 2022-04-05 17:55:36 Image size of job updated: 778488
	321  -  MemoryUsage of job (MB)
	328028  -  ResidentSetSize of job (KB)
...
006 (452.389.000) 2022-04-05 18:05:38 Image size of job updated: 778488
	321  -  MemoryUsage of job (MB)
	328160  -  ResidentSetSize of job (KB)
...
006 (452.389.000) 2022-04-05 18:10:38 Image size of job updated: 778744
	321  -  MemoryUsage of job (MB)
	328292  -  ResidentSetSize of job (KB)
...
006 (452.389.000) 2022-04-05 18:15:39 Image size of job updated: 778744
	321  -  MemoryUsage of job (MB)
	328424  -  ResidentSetSize of job (KB)
...
006 (452.389.000) 2022-04-05 18:20:40 Image size of job updated: 779000
	321  -  MemoryUsage of job (MB)
	328424  -  ResidentSetSize of job (KB)
...
006 (452.389.000) 2022-04-05 18:25:40 Image size of job updated: 779000
	321  -  MemoryUsage of job (MB)
	328556  -  ResidentSetSize of job (KB)
...
006 (452.389.000) 2022-04-05 18:30:40 Image size of job updated: 779000
	321  -  MemoryUsage of job (MB)
	328688  -  ResidentSetSize of job (KB)
...
006 (452.389.000) 2022-04-05 18:35:42 Image size of job updated: 779256
	322  -  MemoryUsage of job (MB)
	328820  -  ResidentSetSize of job (KB)
...
006 (452.389.000) 2022-04-05 18:40:42 Image size of job updated: 779256
	322  -  MemoryUsage of job (MB)
	328952  -  ResidentSetSize of job (KB)
...
006 (452.389.000) 2022-04-05 18:45:42 Image size of job updated: 779512
	322  -  MemoryUsage of job (MB)
	328952  -  ResidentSetSize of job (KB)
...
006 (452.389.000) 2022-04-05 18:50:43 Image size of job updated: 779512
	322  -  MemoryUsage of job (MB)
	329084  -  ResidentSetSize of job (KB)
...
006 (452.389.000) 2022-04-05 18:55:44 Image size of job updated: 779512
	322  -  MemoryUsage of job (MB)
	329216  -  ResidentSetSize of job (KB)
...
006 (452.389.000) 2022-04-05 18:59:58 Image size of job updated: 779768
	322  -  MemoryUsage of job (MB)
	329216  -  ResidentSetSize of job (KB)
...
005 (452.389.000) 2022-04-05 18:59:58 Job terminated.
	(1) Normal termination (return value 0)
		Usr 0 05:43:55, Sys 0 00:00:24  -  Run Remote Usage
		Usr 0 00:00:00, Sys 0 00:00:00  -  Run Local Usage
		Usr 0 05:43:55, Sys 0 00:00:24  -  Total Remote Usage
		Usr 0 00:00:00, Sys 0 00:00:00  -  Total Local Usage
	0  -  Run Bytes Sent By Job
	0  -  Run Bytes Received By Job
	0  -  Total Bytes Sent By Job
	0  -  Total Bytes Received By Job
	Partitionable Resources :    Usage  Request Allocated 
	   Cpus                 :     1.00        1         1 
	   Disk (KB)            :  7500        7500     10998 
	   Memory (MB)          :   322        1024      1024 

	Job terminated of its own accord at 2022-04-05T16:59:58Z with exit-code 0.
...
