000 (452.273.000) 2022-04-05 09:23:25 Job submitted from host: <10.18.24.243:9618?addrs=10.18.24.243-9618&alias=ecoclusts01.bioclust.biologie.ens.fr&noUDP&sock=schedd_1052_29b8>
...
001 (452.273.000) 2022-04-05 12:29:19 Job executing on host: <10.18.24.137:9618?addrs=10.18.24.137-9618&alias=dyoclust10.bioclust.biologie.ens.fr&noUDP&sock=startd_830_e3b2>
...
006 (452.273.000) 2022-04-05 12:29:28 Image size of job updated: 106892
	105  -  MemoryUsage of job (MB)
	106892  -  ResidentSetSize of job (KB)
...
006 (452.273.000) 2022-04-05 12:34:28 Image size of job updated: 741624
	317  -  MemoryUsage of job (MB)
	324156  -  ResidentSetSize of job (KB)
...
006 (452.273.000) 2022-04-05 12:39:29 Image size of job updated: 774392
	317  -  MemoryUsage of job (MB)
	324156  -  ResidentSetSize of job (KB)
...
006 (452.273.000) 2022-04-05 13:09:33 Image size of job updated: 774648
	317  -  MemoryUsage of job (MB)
	324288  -  ResidentSetSize of job (KB)
...
006 (452.273.000) 2022-04-05 13:14:34 Image size of job updated: 774904
	317  -  MemoryUsage of job (MB)
	324420  -  ResidentSetSize of job (KB)
...
006 (452.273.000) 2022-04-05 13:19:34 Image size of job updated: 775160
	318  -  MemoryUsage of job (MB)
	324684  -  ResidentSetSize of job (KB)
...
006 (452.273.000) 2022-04-05 13:24:34 Image size of job updated: 775160
	318  -  MemoryUsage of job (MB)
	324816  -  ResidentSetSize of job (KB)
...
006 (452.273.000) 2022-04-05 13:29:35 Image size of job updated: 775416
	318  -  MemoryUsage of job (MB)
	324948  -  ResidentSetSize of job (KB)
...
006 (452.273.000) 2022-04-05 13:34:36 Image size of job updated: 775672
	318  -  MemoryUsage of job (MB)
	325212  -  ResidentSetSize of job (KB)
...
006 (452.273.000) 2022-04-05 13:39:36 Image size of job updated: 775672
	318  -  MemoryUsage of job (MB)
	325344  -  ResidentSetSize of job (KB)
...
006 (452.273.000) 2022-04-05 13:44:37 Image size of job updated: 775928
	318  -  MemoryUsage of job (MB)
	325608  -  ResidentSetSize of job (KB)
...
006 (452.273.000) 2022-04-05 13:49:38 Image size of job updated: 776184
	319  -  MemoryUsage of job (MB)
	325740  -  ResidentSetSize of job (KB)
...
006 (452.273.000) 2022-04-05 13:54:38 Image size of job updated: 776440
	319  -  MemoryUsage of job (MB)
	326004  -  ResidentSetSize of job (KB)
...
006 (452.273.000) 2022-04-05 13:59:39 Image size of job updated: 776440
	319  -  MemoryUsage of job (MB)
	326136  -  ResidentSetSize of job (KB)
...
006 (452.273.000) 2022-04-05 14:04:40 Image size of job updated: 776696
	319  -  MemoryUsage of job (MB)
	326400  -  ResidentSetSize of job (KB)
...
006 (452.273.000) 2022-04-05 14:09:40 Image size of job updated: 776952
	319  -  MemoryUsage of job (MB)
	326532  -  ResidentSetSize of job (KB)
...
006 (452.273.000) 2022-04-05 14:19:41 Image size of job updated: 776952
	319  -  MemoryUsage of job (MB)
	326616  -  ResidentSetSize of job (KB)
...
006 (452.273.000) 2022-04-05 14:24:42 Image size of job updated: 777208
	320  -  MemoryUsage of job (MB)
	326880  -  ResidentSetSize of job (KB)
...
006 (452.273.000) 2022-04-05 14:29:42 Image size of job updated: 777464
	320  -  MemoryUsage of job (MB)
	327012  -  ResidentSetSize of job (KB)
...
006 (452.273.000) 2022-04-05 14:34:43 Image size of job updated: 777720
	320  -  MemoryUsage of job (MB)
	327276  -  ResidentSetSize of job (KB)
...
006 (452.273.000) 2022-04-05 14:39:44 Image size of job updated: 777720
	320  -  MemoryUsage of job (MB)
	327408  -  ResidentSetSize of job (KB)
...
006 (452.273.000) 2022-04-05 14:44:44 Image size of job updated: 777976
	320  -  MemoryUsage of job (MB)
	327672  -  ResidentSetSize of job (KB)
...
006 (452.273.000) 2022-04-05 14:49:44 Image size of job updated: 778232
	321  -  MemoryUsage of job (MB)
	327804  -  ResidentSetSize of job (KB)
...
006 (452.273.000) 2022-04-05 14:54:45 Image size of job updated: 778488
	321  -  MemoryUsage of job (MB)
	328068  -  ResidentSetSize of job (KB)
...
006 (452.273.000) 2022-04-05 14:59:45 Image size of job updated: 778488
	321  -  MemoryUsage of job (MB)
	328200  -  ResidentSetSize of job (KB)
...
006 (452.273.000) 2022-04-05 15:04:45 Image size of job updated: 778744
	321  -  MemoryUsage of job (MB)
	328464  -  ResidentSetSize of job (KB)
...
006 (452.273.000) 2022-04-05 15:09:46 Image size of job updated: 779000
	321  -  MemoryUsage of job (MB)
	328596  -  ResidentSetSize of job (KB)
...
006 (452.273.000) 2022-04-05 15:14:47 Image size of job updated: 779256
	322  -  MemoryUsage of job (MB)
	328860  -  ResidentSetSize of job (KB)
...
006 (452.273.000) 2022-04-05 15:19:47 Image size of job updated: 779512
	322  -  MemoryUsage of job (MB)
	328992  -  ResidentSetSize of job (KB)
...
006 (452.273.000) 2022-04-05 15:24:47 Image size of job updated: 779512
	322  -  MemoryUsage of job (MB)
	329256  -  ResidentSetSize of job (KB)
...
006 (452.273.000) 2022-04-05 15:26:01 Image size of job updated: 779768
	322  -  MemoryUsage of job (MB)
	329256  -  ResidentSetSize of job (KB)
...
005 (452.273.000) 2022-04-05 15:26:01 Job terminated.
	(1) Normal termination (return value 0)
		Usr 0 02:52:24, Sys 0 00:00:26  -  Run Remote Usage
		Usr 0 00:00:00, Sys 0 00:00:00  -  Run Local Usage
		Usr 0 02:52:24, Sys 0 00:00:26  -  Total Remote Usage
		Usr 0 00:00:00, Sys 0 00:00:00  -  Total Local Usage
	0  -  Run Bytes Sent By Job
	0  -  Run Bytes Received By Job
	0  -  Total Bytes Sent By Job
	0  -  Total Bytes Received By Job
	Partitionable Resources :    Usage  Request Allocated 
	   Cpus                 :     1.00        1         1 
	   Disk (KB)            :  7500        7500     10999 
	   Memory (MB)          :   322        1024      1024 

	Job terminated of its own accord at 2022-04-05T13:26:01Z with exit-code 0.
...
