000 (452.945.000) 2022-04-05 09:23:27 Job submitted from host: <10.18.24.243:9618?addrs=10.18.24.243-9618&alias=ecoclusts01.bioclust.biologie.ens.fr&noUDP&sock=schedd_1052_29b8>
...
001 (452.945.000) 2022-04-06 02:45:56 Job executing on host: <10.18.24.176:9618?addrs=10.18.24.176-9618&alias=mcbsclust05.bioclust.biologie.ens.fr&noUDP&sock=startd_869_a3e3>
...
006 (452.945.000) 2022-04-06 02:46:05 Image size of job updated: 252288
	247  -  MemoryUsage of job (MB)
	252288  -  ResidentSetSize of job (KB)
...
006 (452.945.000) 2022-04-06 02:51:05 Image size of job updated: 845676
	317  -  MemoryUsage of job (MB)
	324324  -  ResidentSetSize of job (KB)
...
006 (452.945.000) 2022-04-06 04:11:13 Image size of job updated: 845676
	317  -  MemoryUsage of job (MB)
	324412  -  ResidentSetSize of job (KB)
...
006 (452.945.000) 2022-04-06 04:16:14 Image size of job updated: 845676
	317  -  MemoryUsage of job (MB)
	324544  -  ResidentSetSize of job (KB)
...
006 (452.945.000) 2022-04-06 04:26:15 Image size of job updated: 845676
	318  -  MemoryUsage of job (MB)
	324676  -  ResidentSetSize of job (KB)
...
006 (452.945.000) 2022-04-06 04:31:16 Image size of job updated: 845676
	318  -  MemoryUsage of job (MB)
	324808  -  ResidentSetSize of job (KB)
...
006 (452.945.000) 2022-04-06 04:36:16 Image size of job updated: 845676
	318  -  MemoryUsage of job (MB)
	324940  -  ResidentSetSize of job (KB)
...
006 (452.945.000) 2022-04-06 04:41:16 Image size of job updated: 845676
	318  -  MemoryUsage of job (MB)
	325072  -  ResidentSetSize of job (KB)
...
006 (452.945.000) 2022-04-06 04:46:17 Image size of job updated: 845676
	318  -  MemoryUsage of job (MB)
	325204  -  ResidentSetSize of job (KB)
...
006 (452.945.000) 2022-04-06 04:51:18 Image size of job updated: 845676
	318  -  MemoryUsage of job (MB)
	325336  -  ResidentSetSize of job (KB)
...
006 (452.945.000) 2022-04-06 04:56:18 Image size of job updated: 845676
	318  -  MemoryUsage of job (MB)
	325468  -  ResidentSetSize of job (KB)
...
006 (452.945.000) 2022-04-06 05:01:19 Image size of job updated: 845676
	318  -  MemoryUsage of job (MB)
	325600  -  ResidentSetSize of job (KB)
...
006 (452.945.000) 2022-04-06 05:11:20 Image size of job updated: 845676
	319  -  MemoryUsage of job (MB)
	325732  -  ResidentSetSize of job (KB)
...
006 (452.945.000) 2022-04-06 05:16:20 Image size of job updated: 845676
	319  -  MemoryUsage of job (MB)
	325864  -  ResidentSetSize of job (KB)
...
006 (452.945.000) 2022-04-06 05:21:21 Image size of job updated: 845676
	319  -  MemoryUsage of job (MB)
	325996  -  ResidentSetSize of job (KB)
...
006 (452.945.000) 2022-04-06 05:26:22 Image size of job updated: 845676
	319  -  MemoryUsage of job (MB)
	326128  -  ResidentSetSize of job (KB)
...
006 (452.945.000) 2022-04-06 05:31:22 Image size of job updated: 845676
	319  -  MemoryUsage of job (MB)
	326260  -  ResidentSetSize of job (KB)
...
006 (452.945.000) 2022-04-06 05:36:23 Image size of job updated: 845676
	319  -  MemoryUsage of job (MB)
	326392  -  ResidentSetSize of job (KB)
...
006 (452.945.000) 2022-04-06 05:41:24 Image size of job updated: 845676
	319  -  MemoryUsage of job (MB)
	326524  -  ResidentSetSize of job (KB)
...
006 (452.945.000) 2022-04-06 06:01:26 Image size of job updated: 845676
	319  -  MemoryUsage of job (MB)
	326656  -  ResidentSetSize of job (KB)
...
006 (452.945.000) 2022-04-06 06:06:26 Image size of job updated: 845676
	320  -  MemoryUsage of job (MB)
	326788  -  ResidentSetSize of job (KB)
...
006 (452.945.000) 2022-04-06 06:11:27 Image size of job updated: 845676
	320  -  MemoryUsage of job (MB)
	326920  -  ResidentSetSize of job (KB)
...
006 (452.945.000) 2022-04-06 06:16:28 Image size of job updated: 845676
	320  -  MemoryUsage of job (MB)
	327052  -  ResidentSetSize of job (KB)
...
006 (452.945.000) 2022-04-06 06:21:28 Image size of job updated: 845676
	320  -  MemoryUsage of job (MB)
	327184  -  ResidentSetSize of job (KB)
...
006 (452.945.000) 2022-04-06 06:31:29 Image size of job updated: 845676
	320  -  MemoryUsage of job (MB)
	327316  -  ResidentSetSize of job (KB)
...
006 (452.945.000) 2022-04-06 06:36:30 Image size of job updated: 845676
	320  -  MemoryUsage of job (MB)
	327448  -  ResidentSetSize of job (KB)
...
006 (452.945.000) 2022-04-06 06:41:30 Image size of job updated: 845676
	320  -  MemoryUsage of job (MB)
	327580  -  ResidentSetSize of job (KB)
...
006 (452.945.000) 2022-04-06 06:46:31 Image size of job updated: 845676
	321  -  MemoryUsage of job (MB)
	327712  -  ResidentSetSize of job (KB)
...
006 (452.945.000) 2022-04-06 06:51:32 Image size of job updated: 845676
	321  -  MemoryUsage of job (MB)
	327844  -  ResidentSetSize of job (KB)
...
006 (452.945.000) 2022-04-06 07:01:32 Image size of job updated: 845676
	321  -  MemoryUsage of job (MB)
	327976  -  ResidentSetSize of job (KB)
...
006 (452.945.000) 2022-04-06 07:06:33 Image size of job updated: 845676
	321  -  MemoryUsage of job (MB)
	328108  -  ResidentSetSize of job (KB)
...
006 (452.945.000) 2022-04-06 07:11:33 Image size of job updated: 845676
	321  -  MemoryUsage of job (MB)
	328240  -  ResidentSetSize of job (KB)
...
006 (452.945.000) 2022-04-06 07:16:33 Image size of job updated: 845676
	321  -  MemoryUsage of job (MB)
	328372  -  ResidentSetSize of job (KB)
...
006 (452.945.000) 2022-04-06 07:21:34 Image size of job updated: 845676
	321  -  MemoryUsage of job (MB)
	328504  -  ResidentSetSize of job (KB)
...
006 (452.945.000) 2022-04-06 07:31:35 Image size of job updated: 845676
	321  -  MemoryUsage of job (MB)
	328636  -  ResidentSetSize of job (KB)
...
006 (452.945.000) 2022-04-06 07:36:35 Image size of job updated: 845676
	322  -  MemoryUsage of job (MB)
	328768  -  ResidentSetSize of job (KB)
...
006 (452.945.000) 2022-04-06 07:41:36 Image size of job updated: 845676
	322  -  MemoryUsage of job (MB)
	328900  -  ResidentSetSize of job (KB)
...
006 (452.945.000) 2022-04-06 07:46:36 Image size of job updated: 845676
	322  -  MemoryUsage of job (MB)
	329032  -  ResidentSetSize of job (KB)
...
006 (452.945.000) 2022-04-06 07:51:36 Image size of job updated: 845676
	322  -  MemoryUsage of job (MB)
	329164  -  ResidentSetSize of job (KB)
...
005 (452.945.000) 2022-04-06 07:59:10 Job terminated.
	(1) Normal termination (return value 0)
		Usr 0 05:12:15, Sys 0 00:00:13  -  Run Remote Usage
		Usr 0 00:00:00, Sys 0 00:00:00  -  Run Local Usage
		Usr 0 05:12:15, Sys 0 00:00:13  -  Total Remote Usage
		Usr 0 00:00:00, Sys 0 00:00:00  -  Total Local Usage
	0  -  Run Bytes Sent By Job
	0  -  Run Bytes Received By Job
	0  -  Total Bytes Sent By Job
	0  -  Total Bytes Received By Job
	Partitionable Resources :    Usage  Request Allocated 
	   Cpus                 :     1.00        1         1 
	   Disk (KB)            :  7500        7500     11001 
	   Memory (MB)          :   322        1024      1024 

	Job terminated of its own accord at 2022-04-06T05:59:10Z with exit-code 0.
...
