000 (453.673.000) 2022-04-05 18:55:39 Job submitted from host: <10.18.24.243:9618?addrs=10.18.24.243-9618&alias=ecoclusts01.bioclust.biologie.ens.fr&noUDP&sock=schedd_1052_29b8>
...
001 (453.673.000) 2022-04-06 15:05:55 Job executing on host: <10.18.24.177:9618?addrs=10.18.24.177-9618&alias=mcbsclust06.bioclust.biologie.ens.fr&noUDP&sock=startd_945_c516>
...
006 (453.673.000) 2022-04-06 15:06:04 Image size of job updated: 676236
	269  -  MemoryUsage of job (MB)
	275328  -  ResidentSetSize of job (KB)
...
006 (453.673.000) 2022-04-06 15:11:04 Image size of job updated: 741880
	317  -  MemoryUsage of job (MB)
	324252  -  ResidentSetSize of job (KB)
...
006 (453.673.000) 2022-04-06 15:16:04 Image size of job updated: 774648
	317  -  MemoryUsage of job (MB)
	324252  -  ResidentSetSize of job (KB)
...
006 (453.673.000) 2022-04-06 20:16:33 Image size of job updated: 774904
	317  -  MemoryUsage of job (MB)
	324252  -  ResidentSetSize of job (KB)
...
006 (453.673.000) 2022-04-06 20:41:36 Image size of job updated: 774904
	317  -  MemoryUsage of job (MB)
	324384  -  ResidentSetSize of job (KB)
...
006 (453.673.000) 2022-04-06 21:51:42 Image size of job updated: 774904
	317  -  MemoryUsage of job (MB)
	324516  -  ResidentSetSize of job (KB)
...
006 (453.673.000) 2022-04-06 22:36:45 Image size of job updated: 775160
	317  -  MemoryUsage of job (MB)
	324516  -  ResidentSetSize of job (KB)
...
006 (453.673.000) 2022-04-06 23:01:48 Image size of job updated: 775160
	318  -  MemoryUsage of job (MB)
	324648  -  ResidentSetSize of job (KB)
...
006 (453.673.000) 2022-04-07 00:06:53 Image size of job updated: 775160
	318  -  MemoryUsage of job (MB)
	324780  -  ResidentSetSize of job (KB)
...
006 (453.673.000) 2022-04-07 01:16:59 Image size of job updated: 775416
	318  -  MemoryUsage of job (MB)
	324780  -  ResidentSetSize of job (KB)
...
006 (453.673.000) 2022-04-07 01:42:03 Image size of job updated: 775416
	318  -  MemoryUsage of job (MB)
	324912  -  ResidentSetSize of job (KB)
...
006 (453.673.000) 2022-04-07 02:52:10 Image size of job updated: 775416
	318  -  MemoryUsage of job (MB)
	325044  -  ResidentSetSize of job (KB)
...
006 (453.673.000) 2022-04-07 03:37:13 Image size of job updated: 775672
	318  -  MemoryUsage of job (MB)
	325044  -  ResidentSetSize of job (KB)
...
006 (453.673.000) 2022-04-07 04:02:15 Image size of job updated: 775672
	318  -  MemoryUsage of job (MB)
	325176  -  ResidentSetSize of job (KB)
...
006 (453.673.000) 2022-04-07 05:12:22 Image size of job updated: 775672
	318  -  MemoryUsage of job (MB)
	325308  -  ResidentSetSize of job (KB)
...
006 (453.673.000) 2022-04-07 05:57:26 Image size of job updated: 775928
	318  -  MemoryUsage of job (MB)
	325308  -  ResidentSetSize of job (KB)
...
006 (453.673.000) 2022-04-07 06:47:31 Image size of job updated: 775928
	318  -  MemoryUsage of job (MB)
	325440  -  ResidentSetSize of job (KB)
...
006 (453.673.000) 2022-04-07 07:57:38 Image size of job updated: 775928
	318  -  MemoryUsage of job (MB)
	325572  -  ResidentSetSize of job (KB)
...
006 (453.673.000) 2022-04-07 08:22:41 Image size of job updated: 776184
	318  -  MemoryUsage of job (MB)
	325572  -  ResidentSetSize of job (KB)
...
006 (453.673.000) 2022-04-07 09:07:45 Image size of job updated: 776184
	319  -  MemoryUsage of job (MB)
	325704  -  ResidentSetSize of job (KB)
...
006 (453.673.000) 2022-04-07 10:42:54 Image size of job updated: 776184
	319  -  MemoryUsage of job (MB)
	325836  -  ResidentSetSize of job (KB)
...
006 (453.673.000) 2022-04-07 11:07:55 Image size of job updated: 776440
	319  -  MemoryUsage of job (MB)
	325836  -  ResidentSetSize of job (KB)
...
006 (453.673.000) 2022-04-07 11:27:58 Image size of job updated: 776440
	319  -  MemoryUsage of job (MB)
	325968  -  ResidentSetSize of job (KB)
...
006 (453.673.000) 2022-04-07 13:03:09 Image size of job updated: 776440
	319  -  MemoryUsage of job (MB)
	326100  -  ResidentSetSize of job (KB)
...
006 (453.673.000) 2022-04-07 13:23:11 Image size of job updated: 776696
	319  -  MemoryUsage of job (MB)
	326100  -  ResidentSetSize of job (KB)
...
006 (453.673.000) 2022-04-07 14:08:16 Image size of job updated: 776696
	319  -  MemoryUsage of job (MB)
	326232  -  ResidentSetSize of job (KB)
...
006 (453.673.000) 2022-04-07 15:18:24 Image size of job updated: 776696
	319  -  MemoryUsage of job (MB)
	326364  -  ResidentSetSize of job (KB)
...
006 (453.673.000) 2022-04-07 15:43:26 Image size of job updated: 776952
	319  -  MemoryUsage of job (MB)
	326364  -  ResidentSetSize of job (KB)
...
006 (453.673.000) 2022-04-07 16:53:32 Image size of job updated: 776952
	319  -  MemoryUsage of job (MB)
	326496  -  ResidentSetSize of job (KB)
...
006 (453.673.000) 2022-04-07 20:58:59 Image size of job updated: 776952
	319  -  MemoryUsage of job (MB)
	326628  -  ResidentSetSize of job (KB)
...
006 (453.673.000) 2022-04-07 21:24:03 Image size of job updated: 777208
	319  -  MemoryUsage of job (MB)
	326628  -  ResidentSetSize of job (KB)
...
006 (453.673.000) 2022-04-07 22:09:07 Image size of job updated: 777208
	320  -  MemoryUsage of job (MB)
	326760  -  ResidentSetSize of job (KB)
...
006 (453.673.000) 2022-04-07 23:39:17 Image size of job updated: 777208
	320  -  MemoryUsage of job (MB)
	326892  -  ResidentSetSize of job (KB)
...
006 (453.673.000) 2022-04-07 23:59:20 Image size of job updated: 777464
	320  -  MemoryUsage of job (MB)
	326892  -  ResidentSetSize of job (KB)
...
006 (453.673.000) 2022-04-08 01:09:28 Image size of job updated: 777464
	320  -  MemoryUsage of job (MB)
	327024  -  ResidentSetSize of job (KB)
...
006 (453.673.000) 2022-04-08 02:14:34 Image size of job updated: 777464
	320  -  MemoryUsage of job (MB)
	327156  -  ResidentSetSize of job (KB)
...
006 (453.673.000) 2022-04-08 02:39:37 Image size of job updated: 777720
	320  -  MemoryUsage of job (MB)
	327156  -  ResidentSetSize of job (KB)
...
006 (453.673.000) 2022-04-08 03:44:45 Image size of job updated: 777720
	320  -  MemoryUsage of job (MB)
	327288  -  ResidentSetSize of job (KB)
...
006 (453.673.000) 2022-04-08 04:54:51 Image size of job updated: 777720
	320  -  MemoryUsage of job (MB)
	327420  -  ResidentSetSize of job (KB)
...
006 (453.673.000) 2022-04-08 05:14:53 Image size of job updated: 777976
	320  -  MemoryUsage of job (MB)
	327420  -  ResidentSetSize of job (KB)
...
006 (453.673.000) 2022-04-08 06:24:59 Image size of job updated: 777976
	320  -  MemoryUsage of job (MB)
	327552  -  ResidentSetSize of job (KB)
...
006 (453.673.000) 2022-04-08 07:55:07 Image size of job updated: 778232
	321  -  MemoryUsage of job (MB)
	327684  -  ResidentSetSize of job (KB)
...
006 (453.673.000) 2022-04-08 09:00:15 Image size of job updated: 778232
	321  -  MemoryUsage of job (MB)
	327816  -  ResidentSetSize of job (KB)
...
006 (453.673.000) 2022-04-08 10:35:23 Image size of job updated: 778488
	321  -  MemoryUsage of job (MB)
	327948  -  ResidentSetSize of job (KB)
...
006 (453.673.000) 2022-04-08 11:45:31 Image size of job updated: 778488
	321  -  MemoryUsage of job (MB)
	328080  -  ResidentSetSize of job (KB)
...
006 (453.673.000) 2022-04-08 13:15:42 Image size of job updated: 778744
	321  -  MemoryUsage of job (MB)
	328212  -  ResidentSetSize of job (KB)
...
006 (453.673.000) 2022-04-08 14:50:50 Image size of job updated: 778744
	321  -  MemoryUsage of job (MB)
	328344  -  ResidentSetSize of job (KB)
...
006 (453.673.000) 2022-04-08 15:50:55 Image size of job updated: 779000
	321  -  MemoryUsage of job (MB)
	328476  -  ResidentSetSize of job (KB)
...
006 (453.673.000) 2022-04-08 17:16:03 Image size of job updated: 779000
	321  -  MemoryUsage of job (MB)
	328608  -  ResidentSetSize of job (KB)
...
006 (453.673.000) 2022-04-08 18:36:13 Image size of job updated: 779256
	322  -  MemoryUsage of job (MB)
	328740  -  ResidentSetSize of job (KB)
...
006 (453.673.000) 2022-04-08 20:26:25 Image size of job updated: 779256
	322  -  MemoryUsage of job (MB)
	328872  -  ResidentSetSize of job (KB)
...
006 (453.673.000) 2022-04-08 21:46:35 Image size of job updated: 779512
	322  -  MemoryUsage of job (MB)
	328872  -  ResidentSetSize of job (KB)
...
006 (453.673.000) 2022-04-08 22:11:37 Image size of job updated: 779512
	322  -  MemoryUsage of job (MB)
	329004  -  ResidentSetSize of job (KB)
...
006 (453.673.000) 2022-04-08 23:31:46 Image size of job updated: 779512
	322  -  MemoryUsage of job (MB)
	329136  -  ResidentSetSize of job (KB)
...
006 (453.673.000) 2022-04-09 00:51:52 Image size of job updated: 779768
	322  -  MemoryUsage of job (MB)
	329136  -  ResidentSetSize of job (KB)
...
005 (453.673.000) 2022-04-09 01:16:30 Job terminated.
	(1) Normal termination (return value 0)
		Usr 2 10:03:54, Sys 0 00:00:16  -  Run Remote Usage
		Usr 0 00:00:00, Sys 0 00:00:00  -  Run Local Usage
		Usr 2 10:03:54, Sys 0 00:00:16  -  Total Remote Usage
		Usr 0 00:00:00, Sys 0 00:00:00  -  Total Local Usage
	0  -  Run Bytes Sent By Job
	0  -  Run Bytes Received By Job
	0  -  Total Bytes Sent By Job
	0  -  Total Bytes Received By Job
	Partitionable Resources :    Usage  Request Allocated 
	   Cpus                 :     1.00        1         1 
	   Disk (KB)            :  7500        7500     10998 
	   Memory (MB)          :   322        1024      1024 

	Job terminated of its own accord at 2022-04-08T23:16:30Z with exit-code 0.
...
