000 (453.753.000) 2022-04-05 18:55:39 Job submitted from host: <10.18.24.243:9618?addrs=10.18.24.243-9618&alias=ecoclusts01.bioclust.biologie.ens.fr&noUDP&sock=schedd_1052_29b8>
...
001 (453.753.000) 2022-04-06 17:14:34 Job executing on host: <10.18.24.138:9618?addrs=10.18.24.138-9618&alias=dyoclust11.bioclust.biologie.ens.fr&noUDP&sock=startd_801_ff73>
...
006 (453.753.000) 2022-04-06 17:14:42 Image size of job updated: 58668
	58  -  MemoryUsage of job (MB)
	58668  -  ResidentSetSize of job (KB)
...
006 (453.753.000) 2022-04-06 17:19:42 Image size of job updated: 887856
	290  -  MemoryUsage of job (MB)
	296080  -  ResidentSetSize of job (KB)
...
006 (453.753.000) 2022-04-06 17:24:43 Image size of job updated: 887856
	317  -  MemoryUsage of job (MB)
	324288  -  ResidentSetSize of job (KB)
...
005 (453.753.000) 2022-04-06 17:25:41 Job terminated.
	(1) Normal termination (return value 0)
		Usr 0 00:10:00, Sys 0 00:00:52  -  Run Remote Usage
		Usr 0 00:00:00, Sys 0 00:00:00  -  Run Local Usage
		Usr 0 00:10:00, Sys 0 00:00:52  -  Total Remote Usage
		Usr 0 00:00:00, Sys 0 00:00:00  -  Total Local Usage
	0  -  Run Bytes Sent By Job
	0  -  Run Bytes Received By Job
	0  -  Total Bytes Sent By Job
	0  -  Total Bytes Received By Job
	Partitionable Resources :    Usage  Request Allocated 
	   Cpus                 :     0.99        1         1 
	   Disk (KB)            :  7500        7500     10998 
	   Memory (MB)          :   317        1024      1024 

	Job terminated of its own accord at 2022-04-06T15:25:41Z with exit-code 0.
...
