000 (453.738.000) 2022-04-05 18:55:39 Job submitted from host: <10.18.24.243:9618?addrs=10.18.24.243-9618&alias=ecoclusts01.bioclust.biologie.ens.fr&noUDP&sock=schedd_1052_29b8>
...
001 (453.738.000) 2022-04-06 16:51:56 Job executing on host: <10.18.24.178:9618?addrs=10.18.24.178-9618&alias=mcbsclust07.bioclust.biologie.ens.fr&noUDP&sock=startd_912_2276>
...
006 (453.738.000) 2022-04-06 16:52:04 Image size of job updated: 281388
	275  -  MemoryUsage of job (MB)
	281388  -  ResidentSetSize of job (KB)
...
006 (453.738.000) 2022-04-06 16:57:04 Image size of job updated: 741876
	317  -  MemoryUsage of job (MB)
	324324  -  ResidentSetSize of job (KB)
...
005 (453.738.000) 2022-04-06 17:01:40 Job terminated.
	(1) Normal termination (return value 0)
		Usr 0 00:09:27, Sys 0 00:00:13  -  Run Remote Usage
		Usr 0 00:00:00, Sys 0 00:00:00  -  Run Local Usage
		Usr 0 00:09:27, Sys 0 00:00:13  -  Total Remote Usage
		Usr 0 00:00:00, Sys 0 00:00:00  -  Total Local Usage
	0  -  Run Bytes Sent By Job
	0  -  Run Bytes Received By Job
	0  -  Total Bytes Sent By Job
	0  -  Total Bytes Received By Job
	Partitionable Resources :    Usage  Request Allocated 
	   Cpus                 :     0.99        1         1 
	   Disk (KB)            :  7500        7500     11001 
	   Memory (MB)          :   317        1024      1024 

	Job terminated of its own accord at 2022-04-06T15:01:40Z with exit-code 0.
...
