000 (453.529.000) 2022-04-05 18:55:38 Job submitted from host: <10.18.24.243:9618?addrs=10.18.24.243-9618&alias=ecoclusts01.bioclust.biologie.ens.fr&noUDP&sock=schedd_1052_29b8>
...
001 (453.529.000) 2022-04-06 12:06:50 Job executing on host: <10.18.24.178:9618?addrs=10.18.24.178-9618&alias=mcbsclust07.bioclust.biologie.ens.fr&noUDP&sock=startd_912_2276>
...
006 (453.529.000) 2022-04-06 12:06:59 Image size of job updated: 324000
	317  -  MemoryUsage of job (MB)
	324000  -  ResidentSetSize of job (KB)
...
006 (453.529.000) 2022-04-06 12:12:00 Image size of job updated: 741620
	317  -  MemoryUsage of job (MB)
	324000  -  ResidentSetSize of job (KB)
...
006 (453.529.000) 2022-04-06 12:17:01 Image size of job updated: 774388
	317  -  MemoryUsage of job (MB)
	324112  -  ResidentSetSize of job (KB)
...
006 (453.529.000) 2022-04-06 13:07:07 Image size of job updated: 774644
	317  -  MemoryUsage of job (MB)
	324112  -  ResidentSetSize of job (KB)
...
006 (453.529.000) 2022-04-06 13:12:07 Image size of job updated: 774644
	317  -  MemoryUsage of job (MB)
	324244  -  ResidentSetSize of job (KB)
...
006 (453.529.000) 2022-04-06 13:17:07 Image size of job updated: 774900
	317  -  MemoryUsage of job (MB)
	324376  -  ResidentSetSize of job (KB)
...
006 (453.529.000) 2022-04-06 13:22:08 Image size of job updated: 774900
	317  -  MemoryUsage of job (MB)
	324508  -  ResidentSetSize of job (KB)
...
006 (453.529.000) 2022-04-06 13:32:08 Image size of job updated: 775156
	318  -  MemoryUsage of job (MB)
	324640  -  ResidentSetSize of job (KB)
...
006 (453.529.000) 2022-04-06 13:37:09 Image size of job updated: 775156
	318  -  MemoryUsage of job (MB)
	324772  -  ResidentSetSize of job (KB)
...
006 (453.529.000) 2022-04-06 13:42:10 Image size of job updated: 775156
	318  -  MemoryUsage of job (MB)
	324904  -  ResidentSetSize of job (KB)
...
006 (453.529.000) 2022-04-06 13:47:10 Image size of job updated: 775412
	318  -  MemoryUsage of job (MB)
	324904  -  ResidentSetSize of job (KB)
...
006 (453.529.000) 2022-04-06 13:52:10 Image size of job updated: 775412
	318  -  MemoryUsage of job (MB)
	325036  -  ResidentSetSize of job (KB)
...
006 (453.529.000) 2022-04-06 13:57:12 Image size of job updated: 775668
	318  -  MemoryUsage of job (MB)
	325168  -  ResidentSetSize of job (KB)
...
006 (453.529.000) 2022-04-06 14:02:12 Image size of job updated: 775668
	318  -  MemoryUsage of job (MB)
	325300  -  ResidentSetSize of job (KB)
...
006 (453.529.000) 2022-04-06 14:07:12 Image size of job updated: 775924
	318  -  MemoryUsage of job (MB)
	325432  -  ResidentSetSize of job (KB)
...
006 (453.529.000) 2022-04-06 14:12:13 Image size of job updated: 775924
	318  -  MemoryUsage of job (MB)
	325564  -  ResidentSetSize of job (KB)
...
006 (453.529.000) 2022-04-06 14:17:14 Image size of job updated: 776180
	319  -  MemoryUsage of job (MB)
	325696  -  ResidentSetSize of job (KB)
...
006 (453.529.000) 2022-04-06 14:22:14 Image size of job updated: 776180
	319  -  MemoryUsage of job (MB)
	325828  -  ResidentSetSize of job (KB)
...
006 (453.529.000) 2022-04-06 14:27:14 Image size of job updated: 776436
	319  -  MemoryUsage of job (MB)
	325960  -  ResidentSetSize of job (KB)
...
006 (453.529.000) 2022-04-06 14:32:15 Image size of job updated: 776436
	319  -  MemoryUsage of job (MB)
	326092  -  ResidentSetSize of job (KB)
...
006 (453.529.000) 2022-04-06 14:37:15 Image size of job updated: 776692
	319  -  MemoryUsage of job (MB)
	326224  -  ResidentSetSize of job (KB)
...
006 (453.529.000) 2022-04-06 14:42:15 Image size of job updated: 776692
	319  -  MemoryUsage of job (MB)
	326356  -  ResidentSetSize of job (KB)
...
006 (453.529.000) 2022-04-06 14:47:16 Image size of job updated: 776948
	319  -  MemoryUsage of job (MB)
	326488  -  ResidentSetSize of job (KB)
...
006 (453.529.000) 2022-04-06 14:52:17 Image size of job updated: 776948
	319  -  MemoryUsage of job (MB)
	326620  -  ResidentSetSize of job (KB)
...
006 (453.529.000) 2022-04-06 15:12:18 Image size of job updated: 777204
	320  -  MemoryUsage of job (MB)
	326740  -  ResidentSetSize of job (KB)
...
006 (453.529.000) 2022-04-06 15:17:18 Image size of job updated: 777204
	320  -  MemoryUsage of job (MB)
	326872  -  ResidentSetSize of job (KB)
...
006 (453.529.000) 2022-04-06 15:22:19 Image size of job updated: 777460
	320  -  MemoryUsage of job (MB)
	327004  -  ResidentSetSize of job (KB)
...
006 (453.529.000) 2022-04-06 15:27:20 Image size of job updated: 777460
	320  -  MemoryUsage of job (MB)
	327136  -  ResidentSetSize of job (KB)
...
006 (453.529.000) 2022-04-06 15:32:20 Image size of job updated: 777716
	320  -  MemoryUsage of job (MB)
	327268  -  ResidentSetSize of job (KB)
...
006 (453.529.000) 2022-04-06 15:37:20 Image size of job updated: 777716
	320  -  MemoryUsage of job (MB)
	327400  -  ResidentSetSize of job (KB)
...
006 (453.529.000) 2022-04-06 15:42:21 Image size of job updated: 777972
	320  -  MemoryUsage of job (MB)
	327532  -  ResidentSetSize of job (KB)
...
006 (453.529.000) 2022-04-06 15:47:21 Image size of job updated: 777972
	320  -  MemoryUsage of job (MB)
	327664  -  ResidentSetSize of job (KB)
...
006 (453.529.000) 2022-04-06 15:52:21 Image size of job updated: 778228
	321  -  MemoryUsage of job (MB)
	327796  -  ResidentSetSize of job (KB)
...
006 (453.529.000) 2022-04-06 15:57:22 Image size of job updated: 778228
	321  -  MemoryUsage of job (MB)
	327928  -  ResidentSetSize of job (KB)
...
006 (453.529.000) 2022-04-06 16:02:23 Image size of job updated: 778484
	321  -  MemoryUsage of job (MB)
	328060  -  ResidentSetSize of job (KB)
...
006 (453.529.000) 2022-04-06 16:07:23 Image size of job updated: 778484
	321  -  MemoryUsage of job (MB)
	328192  -  ResidentSetSize of job (KB)
...
006 (453.529.000) 2022-04-06 16:12:23 Image size of job updated: 778740
	321  -  MemoryUsage of job (MB)
	328324  -  ResidentSetSize of job (KB)
...
006 (453.529.000) 2022-04-06 16:22:24 Image size of job updated: 778996
	321  -  MemoryUsage of job (MB)
	328456  -  ResidentSetSize of job (KB)
...
006 (453.529.000) 2022-04-06 16:27:24 Image size of job updated: 778996
	321  -  MemoryUsage of job (MB)
	328588  -  ResidentSetSize of job (KB)
...
006 (453.529.000) 2022-04-06 16:32:25 Image size of job updated: 779252
	322  -  MemoryUsage of job (MB)
	328720  -  ResidentSetSize of job (KB)
...
006 (453.529.000) 2022-04-06 16:37:26 Image size of job updated: 779252
	322  -  MemoryUsage of job (MB)
	328852  -  ResidentSetSize of job (KB)
...
006 (453.529.000) 2022-04-06 16:42:26 Image size of job updated: 779508
	322  -  MemoryUsage of job (MB)
	328984  -  ResidentSetSize of job (KB)
...
006 (453.529.000) 2022-04-06 16:47:26 Image size of job updated: 779508
	322  -  MemoryUsage of job (MB)
	329116  -  ResidentSetSize of job (KB)
...
005 (453.529.000) 2022-04-06 16:51:37 Job terminated.
	(1) Normal termination (return value 0)
		Usr 0 04:43:53, Sys 0 00:00:13  -  Run Remote Usage
		Usr 0 00:00:00, Sys 0 00:00:00  -  Run Local Usage
		Usr 0 04:43:53, Sys 0 00:00:13  -  Total Remote Usage
		Usr 0 00:00:00, Sys 0 00:00:00  -  Total Local Usage
	0  -  Run Bytes Sent By Job
	0  -  Run Bytes Received By Job
	0  -  Total Bytes Sent By Job
	0  -  Total Bytes Received By Job
	Partitionable Resources :    Usage  Request Allocated 
	   Cpus                 :     1.00        1         1 
	   Disk (KB)            :  7500        7500     11001 
	   Memory (MB)          :   322        1024      1024 

	Job terminated of its own accord at 2022-04-06T14:51:37Z with exit-code 0.
...
