000 (453.226.000) 2022-04-05 18:55:37 Job submitted from host: <10.18.24.243:9618?addrs=10.18.24.243-9618&alias=ecoclusts01.bioclust.biologie.ens.fr&noUDP&sock=schedd_1052_29b8>
...
001 (453.226.000) 2022-04-06 07:20:04 Job executing on host: <10.18.24.139:9618?addrs=10.18.24.139-9618&alias=dyoclust12.bioclust.biologie.ens.fr&noUDP&sock=startd_791_2380>
...
006 (453.226.000) 2022-04-06 07:20:13 Image size of job updated: 102144
	100  -  MemoryUsage of job (MB)
	102144  -  ResidentSetSize of job (KB)
...
006 (453.226.000) 2022-04-06 07:25:13 Image size of job updated: 741880
	317  -  MemoryUsage of job (MB)
	324340  -  ResidentSetSize of job (KB)
...
005 (453.226.000) 2022-04-06 07:27:53 Job terminated.
	(1) Normal termination (return value 0)
		Usr 0 00:07:17, Sys 0 00:00:23  -  Run Remote Usage
		Usr 0 00:00:00, Sys 0 00:00:00  -  Run Local Usage
		Usr 0 00:07:17, Sys 0 00:00:23  -  Total Remote Usage
		Usr 0 00:00:00, Sys 0 00:00:00  -  Total Local Usage
	0  -  Run Bytes Sent By Job
	0  -  Run Bytes Received By Job
	0  -  Total Bytes Sent By Job
	0  -  Total Bytes Received By Job
	Partitionable Resources :    Usage  Request Allocated 
	   Cpus                 :     1.00        1         1 
	   Disk (KB)            :  7500        7500     10998 
	   Memory (MB)          :   317        1024      1024 

	Job terminated of its own accord at 2022-04-06T05:27:53Z with exit-code 0.
...
