000 (453.609.000) 2022-04-05 18:55:39 Job submitted from host: <10.18.24.243:9618?addrs=10.18.24.243-9618&alias=ecoclusts01.bioclust.biologie.ens.fr&noUDP&sock=schedd_1052_29b8>
...
001 (453.609.000) 2022-04-06 13:50:24 Job executing on host: <10.18.24.109:9618?addrs=10.18.24.109-9618&alias=ecoclust14.bioclust.biologie.ens.fr&noUDP&sock=startd_917_906f>
...
006 (453.609.000) 2022-04-06 13:50:32 Image size of job updated: 64784
	64  -  MemoryUsage of job (MB)
	64784  -  ResidentSetSize of job (KB)
...
006 (453.609.000) 2022-04-06 13:55:32 Image size of job updated: 741880
	317  -  MemoryUsage of job (MB)
	324364  -  ResidentSetSize of job (KB)
...
006 (453.609.000) 2022-04-06 14:00:33 Image size of job updated: 792508
	317  -  MemoryUsage of job (MB)
	324364  -  ResidentSetSize of job (KB)
...
006 (453.609.000) 2022-04-06 15:25:43 Image size of job updated: 792508
	317  -  MemoryUsage of job (MB)
	324452  -  ResidentSetSize of job (KB)
...
006 (453.609.000) 2022-04-06 15:30:44 Image size of job updated: 792508
	317  -  MemoryUsage of job (MB)
	324584  -  ResidentSetSize of job (KB)
...
006 (453.609.000) 2022-04-06 15:35:44 Image size of job updated: 792508
	318  -  MemoryUsage of job (MB)
	324716  -  ResidentSetSize of job (KB)
...
006 (453.609.000) 2022-04-06 15:40:45 Image size of job updated: 792508
	318  -  MemoryUsage of job (MB)
	324848  -  ResidentSetSize of job (KB)
...
006 (453.609.000) 2022-04-06 15:50:46 Image size of job updated: 792508
	318  -  MemoryUsage of job (MB)
	324980  -  ResidentSetSize of job (KB)
...
006 (453.609.000) 2022-04-06 15:55:46 Image size of job updated: 792508
	318  -  MemoryUsage of job (MB)
	325112  -  ResidentSetSize of job (KB)
...
006 (453.609.000) 2022-04-06 16:00:47 Image size of job updated: 792508
	318  -  MemoryUsage of job (MB)
	325244  -  ResidentSetSize of job (KB)
...
006 (453.609.000) 2022-04-06 16:05:47 Image size of job updated: 792508
	318  -  MemoryUsage of job (MB)
	325376  -  ResidentSetSize of job (KB)
...
006 (453.609.000) 2022-04-06 16:15:48 Image size of job updated: 792508
	318  -  MemoryUsage of job (MB)
	325508  -  ResidentSetSize of job (KB)
...
006 (453.609.000) 2022-04-06 16:20:49 Image size of job updated: 792508
	319  -  MemoryUsage of job (MB)
	325640  -  ResidentSetSize of job (KB)
...
006 (453.609.000) 2022-04-06 16:30:50 Image size of job updated: 792508
	319  -  MemoryUsage of job (MB)
	325772  -  ResidentSetSize of job (KB)
...
006 (453.609.000) 2022-04-06 16:40:51 Image size of job updated: 792508
	319  -  MemoryUsage of job (MB)
	325904  -  ResidentSetSize of job (KB)
...
006 (453.609.000) 2022-04-06 16:45:51 Image size of job updated: 792508
	319  -  MemoryUsage of job (MB)
	326036  -  ResidentSetSize of job (KB)
...
006 (453.609.000) 2022-04-06 16:55:53 Image size of job updated: 792508
	319  -  MemoryUsage of job (MB)
	326168  -  ResidentSetSize of job (KB)
...
006 (453.609.000) 2022-04-06 17:05:54 Image size of job updated: 792508
	319  -  MemoryUsage of job (MB)
	326300  -  ResidentSetSize of job (KB)
...
006 (453.609.000) 2022-04-06 17:10:55 Image size of job updated: 792508
	319  -  MemoryUsage of job (MB)
	326432  -  ResidentSetSize of job (KB)
...
006 (453.609.000) 2022-04-06 17:20:56 Image size of job updated: 792508
	319  -  MemoryUsage of job (MB)
	326564  -  ResidentSetSize of job (KB)
...
006 (453.609.000) 2022-04-06 17:51:00 Image size of job updated: 792508
	320  -  MemoryUsage of job (MB)
	326696  -  ResidentSetSize of job (KB)
...
006 (453.609.000) 2022-04-06 18:01:01 Image size of job updated: 792508
	320  -  MemoryUsage of job (MB)
	326828  -  ResidentSetSize of job (KB)
...
006 (453.609.000) 2022-04-06 18:11:02 Image size of job updated: 792508
	320  -  MemoryUsage of job (MB)
	326960  -  ResidentSetSize of job (KB)
...
006 (453.609.000) 2022-04-06 18:16:02 Image size of job updated: 792508
	320  -  MemoryUsage of job (MB)
	327092  -  ResidentSetSize of job (KB)
...
006 (453.609.000) 2022-04-06 18:26:03 Image size of job updated: 792508
	320  -  MemoryUsage of job (MB)
	327224  -  ResidentSetSize of job (KB)
...
006 (453.609.000) 2022-04-06 18:36:03 Image size of job updated: 792508
	320  -  MemoryUsage of job (MB)
	327356  -  ResidentSetSize of job (KB)
...
006 (453.609.000) 2022-04-06 18:46:04 Image size of job updated: 792508
	320  -  MemoryUsage of job (MB)
	327488  -  ResidentSetSize of job (KB)
...
006 (453.609.000) 2022-04-06 18:56:05 Image size of job updated: 792508
	320  -  MemoryUsage of job (MB)
	327620  -  ResidentSetSize of job (KB)
...
006 (453.609.000) 2022-04-06 19:01:06 Image size of job updated: 792508
	321  -  MemoryUsage of job (MB)
	327752  -  ResidentSetSize of job (KB)
...
006 (453.609.000) 2022-04-06 19:11:07 Image size of job updated: 792508
	321  -  MemoryUsage of job (MB)
	327884  -  ResidentSetSize of job (KB)
...
006 (453.609.000) 2022-04-06 19:21:08 Image size of job updated: 792508
	321  -  MemoryUsage of job (MB)
	328016  -  ResidentSetSize of job (KB)
...
006 (453.609.000) 2022-04-06 19:31:09 Image size of job updated: 792508
	321  -  MemoryUsage of job (MB)
	328148  -  ResidentSetSize of job (KB)
...
006 (453.609.000) 2022-04-06 19:41:09 Image size of job updated: 792508
	321  -  MemoryUsage of job (MB)
	328280  -  ResidentSetSize of job (KB)
...
006 (453.609.000) 2022-04-06 19:46:11 Image size of job updated: 792508
	321  -  MemoryUsage of job (MB)
	328412  -  ResidentSetSize of job (KB)
...
006 (453.609.000) 2022-04-06 19:56:11 Image size of job updated: 792508
	321  -  MemoryUsage of job (MB)
	328544  -  ResidentSetSize of job (KB)
...
006 (453.609.000) 2022-04-06 20:01:12 Image size of job updated: 792508
	321  -  MemoryUsage of job (MB)
	328676  -  ResidentSetSize of job (KB)
...
006 (453.609.000) 2022-04-06 20:11:13 Image size of job updated: 792508
	322  -  MemoryUsage of job (MB)
	328808  -  ResidentSetSize of job (KB)
...
006 (453.609.000) 2022-04-06 20:21:15 Image size of job updated: 792508
	322  -  MemoryUsage of job (MB)
	328940  -  ResidentSetSize of job (KB)
...
006 (453.609.000) 2022-04-06 20:26:15 Image size of job updated: 792508
	322  -  MemoryUsage of job (MB)
	329072  -  ResidentSetSize of job (KB)
...
006 (453.609.000) 2022-04-06 20:36:17 Image size of job updated: 792508
	322  -  MemoryUsage of job (MB)
	329204  -  ResidentSetSize of job (KB)
...
005 (453.609.000) 2022-04-06 20:39:08 Job terminated.
	(1) Normal termination (return value 0)
		Usr 0 06:45:49, Sys 0 00:00:29  -  Run Remote Usage
		Usr 0 00:00:00, Sys 0 00:00:00  -  Run Local Usage
		Usr 0 06:45:49, Sys 0 00:00:29  -  Total Remote Usage
		Usr 0 00:00:00, Sys 0 00:00:00  -  Total Local Usage
	0  -  Run Bytes Sent By Job
	0  -  Run Bytes Received By Job
	0  -  Total Bytes Sent By Job
	0  -  Total Bytes Received By Job
	Partitionable Resources :    Usage  Request Allocated 
	   Cpus                 :     1.00        1         1 
	   Disk (KB)            :  7500        7500     10998 
	   Memory (MB)          :   322        1024      1024 

	Job terminated of its own accord at 2022-04-06T18:39:08Z with exit-code 0.
...
