000 (453.366.000) 2022-04-05 18:55:38 Job submitted from host: <10.18.24.243:9618?addrs=10.18.24.243-9618&alias=ecoclusts01.bioclust.biologie.ens.fr&noUDP&sock=schedd_1052_29b8>
...
001 (453.366.000) 2022-04-06 09:27:52 Job executing on host: <10.18.24.176:9618?addrs=10.18.24.176-9618&alias=mcbsclust05.bioclust.biologie.ens.fr&noUDP&sock=startd_869_a3e3>
...
006 (453.366.000) 2022-04-06 09:28:00 Image size of job updated: 248324
	243  -  MemoryUsage of job (MB)
	248324  -  ResidentSetSize of job (KB)
...
006 (453.366.000) 2022-04-06 09:33:00 Image size of job updated: 741876
	317  -  MemoryUsage of job (MB)
	324332  -  ResidentSetSize of job (KB)
...
006 (453.366.000) 2022-04-06 09:38:00 Image size of job updated: 774644
	317  -  MemoryUsage of job (MB)
	324332  -  ResidentSetSize of job (KB)
...
006 (453.366.000) 2022-04-06 12:13:15 Image size of job updated: 774900
	317  -  MemoryUsage of job (MB)
	324332  -  ResidentSetSize of job (KB)
...
006 (453.366.000) 2022-04-06 12:28:17 Image size of job updated: 774900
	317  -  MemoryUsage of job (MB)
	324464  -  ResidentSetSize of job (KB)
...
006 (453.366.000) 2022-04-06 13:08:22 Image size of job updated: 774900
	317  -  MemoryUsage of job (MB)
	324596  -  ResidentSetSize of job (KB)
...
006 (453.366.000) 2022-04-06 13:38:25 Image size of job updated: 775156
	317  -  MemoryUsage of job (MB)
	324596  -  ResidentSetSize of job (KB)
...
006 (453.366.000) 2022-04-06 13:48:27 Image size of job updated: 775156
	318  -  MemoryUsage of job (MB)
	324728  -  ResidentSetSize of job (KB)
...
006 (453.366.000) 2022-04-06 14:43:33 Image size of job updated: 775156
	318  -  MemoryUsage of job (MB)
	324860  -  ResidentSetSize of job (KB)
...
006 (453.366.000) 2022-04-06 15:13:36 Image size of job updated: 775412
	318  -  MemoryUsage of job (MB)
	324860  -  ResidentSetSize of job (KB)
...
006 (453.366.000) 2022-04-06 15:28:38 Image size of job updated: 775412
	318  -  MemoryUsage of job (MB)
	324992  -  ResidentSetSize of job (KB)
...
006 (453.366.000) 2022-04-06 16:08:42 Image size of job updated: 775412
	318  -  MemoryUsage of job (MB)
	325124  -  ResidentSetSize of job (KB)
...
006 (453.366.000) 2022-04-06 16:38:44 Image size of job updated: 775668
	318  -  MemoryUsage of job (MB)
	325124  -  ResidentSetSize of job (KB)
...
006 (453.366.000) 2022-04-06 16:53:45 Image size of job updated: 775668
	318  -  MemoryUsage of job (MB)
	325256  -  ResidentSetSize of job (KB)
...
006 (453.366.000) 2022-04-06 17:33:51 Image size of job updated: 775668
	318  -  MemoryUsage of job (MB)
	325388  -  ResidentSetSize of job (KB)
...
006 (453.366.000) 2022-04-06 18:03:53 Image size of job updated: 775924
	318  -  MemoryUsage of job (MB)
	325388  -  ResidentSetSize of job (KB)
...
006 (453.366.000) 2022-04-06 18:28:57 Image size of job updated: 775924
	318  -  MemoryUsage of job (MB)
	325520  -  ResidentSetSize of job (KB)
...
006 (453.366.000) 2022-04-06 19:14:01 Image size of job updated: 775924
	319  -  MemoryUsage of job (MB)
	325652  -  ResidentSetSize of job (KB)
...
006 (453.366.000) 2022-04-06 19:44:04 Image size of job updated: 776180
	319  -  MemoryUsage of job (MB)
	325652  -  ResidentSetSize of job (KB)
...
006 (453.366.000) 2022-04-06 19:54:05 Image size of job updated: 776180
	319  -  MemoryUsage of job (MB)
	325784  -  ResidentSetSize of job (KB)
...
006 (453.366.000) 2022-04-06 20:54:10 Image size of job updated: 776180
	319  -  MemoryUsage of job (MB)
	325916  -  ResidentSetSize of job (KB)
...
006 (453.366.000) 2022-04-06 21:09:12 Image size of job updated: 776436
	319  -  MemoryUsage of job (MB)
	325916  -  ResidentSetSize of job (KB)
...
006 (453.366.000) 2022-04-06 21:34:14 Image size of job updated: 776436
	319  -  MemoryUsage of job (MB)
	326048  -  ResidentSetSize of job (KB)
...
006 (453.366.000) 2022-04-06 22:19:19 Image size of job updated: 776436
	319  -  MemoryUsage of job (MB)
	326180  -  ResidentSetSize of job (KB)
...
006 (453.366.000) 2022-04-06 22:29:20 Image size of job updated: 776692
	319  -  MemoryUsage of job (MB)
	326180  -  ResidentSetSize of job (KB)
...
006 (453.366.000) 2022-04-06 22:59:23 Image size of job updated: 776692
	319  -  MemoryUsage of job (MB)
	326312  -  ResidentSetSize of job (KB)
...
006 (453.366.000) 2022-04-06 23:39:28 Image size of job updated: 776692
	319  -  MemoryUsage of job (MB)
	326444  -  ResidentSetSize of job (KB)
...
006 (453.366.000) 2022-04-06 23:54:29 Image size of job updated: 776948
	319  -  MemoryUsage of job (MB)
	326444  -  ResidentSetSize of job (KB)
...
006 (453.366.000) 2022-04-07 00:34:34 Image size of job updated: 776948
	319  -  MemoryUsage of job (MB)
	326576  -  ResidentSetSize of job (KB)
...
006 (453.366.000) 2022-04-07 03:04:51 Image size of job updated: 776948
	320  -  MemoryUsage of job (MB)
	326708  -  ResidentSetSize of job (KB)
...
006 (453.366.000) 2022-04-07 03:14:53 Image size of job updated: 777204
	320  -  MemoryUsage of job (MB)
	326708  -  ResidentSetSize of job (KB)
...
006 (453.366.000) 2022-04-07 03:44:56 Image size of job updated: 777204
	320  -  MemoryUsage of job (MB)
	326840  -  ResidentSetSize of job (KB)
...
006 (453.366.000) 2022-04-07 04:35:00 Image size of job updated: 777204
	320  -  MemoryUsage of job (MB)
	326972  -  ResidentSetSize of job (KB)
...
006 (453.366.000) 2022-04-07 04:50:01 Image size of job updated: 777460
	320  -  MemoryUsage of job (MB)
	326972  -  ResidentSetSize of job (KB)
...
006 (453.366.000) 2022-04-07 05:30:06 Image size of job updated: 777460
	320  -  MemoryUsage of job (MB)
	327104  -  ResidentSetSize of job (KB)
...
006 (453.366.000) 2022-04-07 06:10:10 Image size of job updated: 777460
	320  -  MemoryUsage of job (MB)
	327236  -  ResidentSetSize of job (KB)
...
006 (453.366.000) 2022-04-07 06:20:10 Image size of job updated: 777716
	320  -  MemoryUsage of job (MB)
	327236  -  ResidentSetSize of job (KB)
...
006 (453.366.000) 2022-04-07 07:00:14 Image size of job updated: 777716
	320  -  MemoryUsage of job (MB)
	327368  -  ResidentSetSize of job (KB)
...
006 (453.366.000) 2022-04-07 07:40:18 Image size of job updated: 777716
	320  -  MemoryUsage of job (MB)
	327500  -  ResidentSetSize of job (KB)
...
006 (453.366.000) 2022-04-07 07:55:20 Image size of job updated: 777972
	320  -  MemoryUsage of job (MB)
	327500  -  ResidentSetSize of job (KB)
...
006 (453.366.000) 2022-04-07 08:30:24 Image size of job updated: 777972
	320  -  MemoryUsage of job (MB)
	327632  -  ResidentSetSize of job (KB)
...
006 (453.366.000) 2022-04-07 09:25:30 Image size of job updated: 778228
	321  -  MemoryUsage of job (MB)
	327764  -  ResidentSetSize of job (KB)
...
006 (453.366.000) 2022-04-07 10:05:33 Image size of job updated: 778228
	321  -  MemoryUsage of job (MB)
	327896  -  ResidentSetSize of job (KB)
...
006 (453.366.000) 2022-04-07 10:55:38 Image size of job updated: 778484
	321  -  MemoryUsage of job (MB)
	328028  -  ResidentSetSize of job (KB)
...
006 (453.366.000) 2022-04-07 11:35:43 Image size of job updated: 778484
	321  -  MemoryUsage of job (MB)
	328160  -  ResidentSetSize of job (KB)
...
006 (453.366.000) 2022-04-07 12:25:47 Image size of job updated: 778740
	321  -  MemoryUsage of job (MB)
	328292  -  ResidentSetSize of job (KB)
...
006 (453.366.000) 2022-04-07 13:15:52 Image size of job updated: 778740
	321  -  MemoryUsage of job (MB)
	328424  -  ResidentSetSize of job (KB)
...
006 (453.366.000) 2022-04-07 13:55:57 Image size of job updated: 778996
	321  -  MemoryUsage of job (MB)
	328556  -  ResidentSetSize of job (KB)
...
006 (453.366.000) 2022-04-07 14:46:03 Image size of job updated: 778996
	321  -  MemoryUsage of job (MB)
	328688  -  ResidentSetSize of job (KB)
...
006 (453.366.000) 2022-04-07 15:26:08 Image size of job updated: 779252
	321  -  MemoryUsage of job (MB)
	328688  -  ResidentSetSize of job (KB)
...
006 (453.366.000) 2022-04-07 15:36:08 Image size of job updated: 779252
	322  -  MemoryUsage of job (MB)
	328820  -  ResidentSetSize of job (KB)
...
006 (453.366.000) 2022-04-07 16:16:12 Image size of job updated: 779252
	322  -  MemoryUsage of job (MB)
	328952  -  ResidentSetSize of job (KB)
...
006 (453.366.000) 2022-04-07 16:56:15 Image size of job updated: 779508
	322  -  MemoryUsage of job (MB)
	328952  -  ResidentSetSize of job (KB)
...
006 (453.366.000) 2022-04-07 17:06:16 Image size of job updated: 779508
	322  -  MemoryUsage of job (MB)
	329084  -  ResidentSetSize of job (KB)
...
006 (453.366.000) 2022-04-07 17:46:21 Image size of job updated: 779508
	322  -  MemoryUsage of job (MB)
	329216  -  ResidentSetSize of job (KB)
...
006 (453.366.000) 2022-04-07 18:26:25 Image size of job updated: 779764
	322  -  MemoryUsage of job (MB)
	329216  -  ResidentSetSize of job (KB)
...
005 (453.366.000) 2022-04-07 18:35:23 Job terminated.
	(1) Normal termination (return value 0)
		Usr 1 09:03:00, Sys 0 00:00:13  -  Run Remote Usage
		Usr 0 00:00:00, Sys 0 00:00:00  -  Run Local Usage
		Usr 1 09:03:00, Sys 0 00:00:13  -  Total Remote Usage
		Usr 0 00:00:00, Sys 0 00:00:00  -  Total Local Usage
	0  -  Run Bytes Sent By Job
	0  -  Run Bytes Received By Job
	0  -  Total Bytes Sent By Job
	0  -  Total Bytes Received By Job
	Partitionable Resources :    Usage  Request Allocated 
	   Cpus                 :     1.00        1         1 
	   Disk (KB)            :  7500        7500     11001 
	   Memory (MB)          :   322        1024      1024 

	Job terminated of its own accord at 2022-04-07T16:35:23Z with exit-code 0.
...
