000 (453.582.000) 2022-04-05 18:55:39 Job submitted from host: <10.18.24.243:9618?addrs=10.18.24.243-9618&alias=ecoclusts01.bioclust.biologie.ens.fr&noUDP&sock=schedd_1052_29b8>
...
001 (453.582.000) 2022-04-06 13:05:48 Job executing on host: <10.18.24.9:9618?addrs=10.18.24.9-9618&alias=bioclust09.bioclust.biologie.ens.fr&noUDP&sock=startd_4128219_7123>
...
006 (453.582.000) 2022-04-06 13:05:57 Image size of job updated: 99556
	28  -  MemoryUsage of job (MB)
	28568  -  ResidentSetSize of job (KB)
...
006 (453.582.000) 2022-04-06 13:10:57 Image size of job updated: 741624
	317  -  MemoryUsage of job (MB)
	324128  -  ResidentSetSize of job (KB)
...
006 (453.582.000) 2022-04-06 13:30:58 Image size of job updated: 774392
	317  -  MemoryUsage of job (MB)
	324128  -  ResidentSetSize of job (KB)
...
006 (453.582.000) 2022-04-06 16:11:14 Image size of job updated: 774648
	317  -  MemoryUsage of job (MB)
	324128  -  ResidentSetSize of job (KB)
...
006 (453.582.000) 2022-04-06 16:21:15 Image size of job updated: 774648
	317  -  MemoryUsage of job (MB)
	324216  -  ResidentSetSize of job (KB)
...
006 (453.582.000) 2022-04-06 17:01:19 Image size of job updated: 774648
	317  -  MemoryUsage of job (MB)
	324348  -  ResidentSetSize of job (KB)
...
006 (453.582.000) 2022-04-06 17:11:20 Image size of job updated: 774904
	317  -  MemoryUsage of job (MB)
	324348  -  ResidentSetSize of job (KB)
...
006 (453.582.000) 2022-04-06 17:26:22 Image size of job updated: 774904
	317  -  MemoryUsage of job (MB)
	324480  -  ResidentSetSize of job (KB)
...
006 (453.582.000) 2022-04-06 18:01:26 Image size of job updated: 774904
	318  -  MemoryUsage of job (MB)
	324612  -  ResidentSetSize of job (KB)
...
006 (453.582.000) 2022-04-06 18:31:29 Image size of job updated: 775160
	318  -  MemoryUsage of job (MB)
	324612  -  ResidentSetSize of job (KB)
...
006 (453.582.000) 2022-04-06 18:56:32 Image size of job updated: 775160
	318  -  MemoryUsage of job (MB)
	324744  -  ResidentSetSize of job (KB)
...
006 (453.582.000) 2022-04-06 19:31:36 Image size of job updated: 775160
	318  -  MemoryUsage of job (MB)
	324876  -  ResidentSetSize of job (KB)
...
006 (453.582.000) 2022-04-06 20:01:39 Image size of job updated: 775416
	318  -  MemoryUsage of job (MB)
	324876  -  ResidentSetSize of job (KB)
...
006 (453.582.000) 2022-04-06 20:11:39 Image size of job updated: 775416
	318  -  MemoryUsage of job (MB)
	325008  -  ResidentSetSize of job (KB)
...
006 (453.582.000) 2022-04-06 20:51:43 Image size of job updated: 775416
	318  -  MemoryUsage of job (MB)
	325140  -  ResidentSetSize of job (KB)
...
006 (453.582.000) 2022-04-06 21:16:47 Image size of job updated: 775672
	318  -  MemoryUsage of job (MB)
	325140  -  ResidentSetSize of job (KB)
...
006 (453.582.000) 2022-04-06 21:46:50 Image size of job updated: 775672
	318  -  MemoryUsage of job (MB)
	325272  -  ResidentSetSize of job (KB)
...
006 (453.582.000) 2022-04-06 22:26:54 Image size of job updated: 775672
	318  -  MemoryUsage of job (MB)
	325404  -  ResidentSetSize of job (KB)
...
006 (453.582.000) 2022-04-06 22:41:56 Image size of job updated: 775928
	318  -  MemoryUsage of job (MB)
	325404  -  ResidentSetSize of job (KB)
...
006 (453.582.000) 2022-04-06 23:06:59 Image size of job updated: 775928
	318  -  MemoryUsage of job (MB)
	325536  -  ResidentSetSize of job (KB)
...
006 (453.582.000) 2022-04-06 23:47:03 Image size of job updated: 775928
	319  -  MemoryUsage of job (MB)
	325668  -  ResidentSetSize of job (KB)
...
006 (453.582.000) 2022-04-07 00:02:05 Image size of job updated: 776184
	319  -  MemoryUsage of job (MB)
	325668  -  ResidentSetSize of job (KB)
...
006 (453.582.000) 2022-04-07 00:42:09 Image size of job updated: 776184
	319  -  MemoryUsage of job (MB)
	325800  -  ResidentSetSize of job (KB)
...
006 (453.582.000) 2022-04-07 01:22:11 Image size of job updated: 776440
	319  -  MemoryUsage of job (MB)
	325932  -  ResidentSetSize of job (KB)
...
006 (453.582.000) 2022-04-07 02:07:18 Image size of job updated: 776440
	319  -  MemoryUsage of job (MB)
	326064  -  ResidentSetSize of job (KB)
...
006 (453.582.000) 2022-04-07 02:47:21 Image size of job updated: 776440
	319  -  MemoryUsage of job (MB)
	326196  -  ResidentSetSize of job (KB)
...
006 (453.582.000) 2022-04-07 03:02:23 Image size of job updated: 776696
	319  -  MemoryUsage of job (MB)
	326196  -  ResidentSetSize of job (KB)
...
006 (453.582.000) 2022-04-07 03:42:29 Image size of job updated: 776696
	319  -  MemoryUsage of job (MB)
	326328  -  ResidentSetSize of job (KB)
...
006 (453.582.000) 2022-04-07 04:12:33 Image size of job updated: 776696
	319  -  MemoryUsage of job (MB)
	326460  -  ResidentSetSize of job (KB)
...
006 (453.582.000) 2022-04-07 04:27:35 Image size of job updated: 776952
	319  -  MemoryUsage of job (MB)
	326460  -  ResidentSetSize of job (KB)
...
006 (453.582.000) 2022-04-07 05:12:40 Image size of job updated: 776952
	319  -  MemoryUsage of job (MB)
	326592  -  ResidentSetSize of job (KB)
...
006 (453.582.000) 2022-04-07 08:17:59 Image size of job updated: 777208
	320  -  MemoryUsage of job (MB)
	326724  -  ResidentSetSize of job (KB)
...
006 (453.582.000) 2022-04-07 09:23:07 Image size of job updated: 777208
	320  -  MemoryUsage of job (MB)
	326856  -  ResidentSetSize of job (KB)
...
006 (453.582.000) 2022-04-07 10:13:11 Image size of job updated: 777464
	320  -  MemoryUsage of job (MB)
	326856  -  ResidentSetSize of job (KB)
...
006 (453.582.000) 2022-04-07 10:23:12 Image size of job updated: 777464
	320  -  MemoryUsage of job (MB)
	326988  -  ResidentSetSize of job (KB)
...
006 (453.582.000) 2022-04-07 11:08:16 Image size of job updated: 777464
	320  -  MemoryUsage of job (MB)
	327120  -  ResidentSetSize of job (KB)
...
006 (453.582.000) 2022-04-07 11:58:22 Image size of job updated: 777720
	320  -  MemoryUsage of job (MB)
	327252  -  ResidentSetSize of job (KB)
...
006 (453.582.000) 2022-04-07 12:38:26 Image size of job updated: 777720
	320  -  MemoryUsage of job (MB)
	327384  -  ResidentSetSize of job (KB)
...
006 (453.582.000) 2022-04-07 13:03:28 Image size of job updated: 777976
	320  -  MemoryUsage of job (MB)
	327384  -  ResidentSetSize of job (KB)
...
006 (453.582.000) 2022-04-07 13:18:29 Image size of job updated: 777976
	320  -  MemoryUsage of job (MB)
	327516  -  ResidentSetSize of job (KB)
...
006 (453.582.000) 2022-04-07 13:58:34 Image size of job updated: 777976
	320  -  MemoryUsage of job (MB)
	327648  -  ResidentSetSize of job (KB)
...
006 (453.582.000) 2022-04-07 14:28:36 Image size of job updated: 778232
	321  -  MemoryUsage of job (MB)
	327780  -  ResidentSetSize of job (KB)
...
006 (453.582.000) 2022-04-07 15:18:42 Image size of job updated: 778232
	321  -  MemoryUsage of job (MB)
	327912  -  ResidentSetSize of job (KB)
...
006 (453.582.000) 2022-04-07 15:38:45 Image size of job updated: 778488
	321  -  MemoryUsage of job (MB)
	327912  -  ResidentSetSize of job (KB)
...
006 (453.582.000) 2022-04-07 15:53:47 Image size of job updated: 778488
	321  -  MemoryUsage of job (MB)
	328044  -  ResidentSetSize of job (KB)
...
006 (453.582.000) 2022-04-07 16:23:50 Image size of job updated: 778488
	321  -  MemoryUsage of job (MB)
	328176  -  ResidentSetSize of job (KB)
...
006 (453.582.000) 2022-04-07 16:33:50 Image size of job updated: 778744
	321  -  MemoryUsage of job (MB)
	328176  -  ResidentSetSize of job (KB)
...
006 (453.582.000) 2022-04-07 16:48:52 Image size of job updated: 778744
	321  -  MemoryUsage of job (MB)
	328308  -  ResidentSetSize of job (KB)
...
006 (453.582.000) 2022-04-07 17:18:54 Image size of job updated: 778744
	321  -  MemoryUsage of job (MB)
	328440  -  ResidentSetSize of job (KB)
...
006 (453.582.000) 2022-04-07 17:58:57 Image size of job updated: 779000
	321  -  MemoryUsage of job (MB)
	328440  -  ResidentSetSize of job (KB)
...
006 (453.582.000) 2022-04-07 18:08:58 Image size of job updated: 779000
	321  -  MemoryUsage of job (MB)
	328572  -  ResidentSetSize of job (KB)
...
006 (453.582.000) 2022-04-07 18:54:02 Image size of job updated: 779000
	321  -  MemoryUsage of job (MB)
	328704  -  ResidentSetSize of job (KB)
...
006 (453.582.000) 2022-04-07 19:09:04 Image size of job updated: 779256
	321  -  MemoryUsage of job (MB)
	328704  -  ResidentSetSize of job (KB)
...
006 (453.582.000) 2022-04-07 19:29:06 Image size of job updated: 779256
	322  -  MemoryUsage of job (MB)
	328836  -  ResidentSetSize of job (KB)
...
006 (453.582.000) 2022-04-07 20:14:11 Image size of job updated: 779256
	322  -  MemoryUsage of job (MB)
	328968  -  ResidentSetSize of job (KB)
...
006 (453.582.000) 2022-04-07 20:24:11 Image size of job updated: 779512
	322  -  MemoryUsage of job (MB)
	328968  -  ResidentSetSize of job (KB)
...
006 (453.582.000) 2022-04-07 20:44:13 Image size of job updated: 779512
	322  -  MemoryUsage of job (MB)
	329100  -  ResidentSetSize of job (KB)
...
006 (453.582.000) 2022-04-07 21:24:16 Image size of job updated: 779512
	322  -  MemoryUsage of job (MB)
	329232  -  ResidentSetSize of job (KB)
...
006 (453.582.000) 2022-04-07 21:49:20 Image size of job updated: 779768
	322  -  MemoryUsage of job (MB)
	329232  -  ResidentSetSize of job (KB)
...
005 (453.582.000) 2022-04-07 21:58:04 Job terminated.
	(1) Normal termination (return value 0)
		Usr 1 08:25:24, Sys 0 00:16:41  -  Run Remote Usage
		Usr 0 00:00:00, Sys 0 00:00:00  -  Run Local Usage
		Usr 1 08:25:24, Sys 0 00:16:41  -  Total Remote Usage
		Usr 0 00:00:00, Sys 0 00:00:00  -  Total Local Usage
	0  -  Run Bytes Sent By Job
	0  -  Run Bytes Received By Job
	0  -  Total Bytes Sent By Job
	0  -  Total Bytes Received By Job
	Partitionable Resources :    Usage  Request Allocated 
	   Cpus                 :     1.00        1         1 
	   Disk (KB)            :  7500        7500     10469 
	   Memory (MB)          :   322        1024      1024 

	Job terminated of its own accord at 2022-04-07T19:58:04Z with exit-code 0.
...
