000 (453.438.000) 2022-04-05 18:55:38 Job submitted from host: <10.18.24.243:9618?addrs=10.18.24.243-9618&alias=ecoclusts01.bioclust.biologie.ens.fr&noUDP&sock=schedd_1052_29b8>
...
001 (453.438.000) 2022-04-06 10:37:02 Job executing on host: <10.18.24.136:9618?addrs=10.18.24.136-9618&alias=dyoclust09.bioclust.biologie.ens.fr&noUDP&sock=startd_808_cc9c>
...
006 (453.438.000) 2022-04-06 10:37:11 Image size of job updated: 275480
	270  -  MemoryUsage of job (MB)
	275480  -  ResidentSetSize of job (KB)
...
006 (453.438.000) 2022-04-06 10:42:12 Image size of job updated: 741880
	305  -  MemoryUsage of job (MB)
	311688  -  ResidentSetSize of job (KB)
...
005 (453.438.000) 2022-04-06 10:43:53 Job terminated.
	(1) Normal termination (return value 0)
		Usr 0 00:06:25, Sys 0 00:00:20  -  Run Remote Usage
		Usr 0 00:00:00, Sys 0 00:00:00  -  Run Local Usage
		Usr 0 00:06:25, Sys 0 00:00:20  -  Total Remote Usage
		Usr 0 00:00:00, Sys 0 00:00:00  -  Total Local Usage
	0  -  Run Bytes Sent By Job
	0  -  Run Bytes Received By Job
	0  -  Total Bytes Sent By Job
	0  -  Total Bytes Received By Job
	Partitionable Resources :    Usage  Request Allocated 
	   Cpus                 :     1.00        1         1 
	   Disk (KB)            :  7500        7500     10998 
	   Memory (MB)          :   305        1024      1024 

	Job terminated of its own accord at 2022-04-06T08:43:52Z with exit-code 0.
...
