000 (453.348.000) 2022-04-05 18:55:38 Job submitted from host: <10.18.24.243:9618?addrs=10.18.24.243-9618&alias=ecoclusts01.bioclust.biologie.ens.fr&noUDP&sock=schedd_1052_29b8>
...
001 (453.348.000) 2022-04-06 09:12:27 Job executing on host: <10.18.24.11:9618?addrs=10.18.24.11-9618&alias=bioclust11.bioclust.biologie.ens.fr&noUDP&sock=startd_1205_1bb6>
...
006 (453.348.000) 2022-04-06 09:12:36 Image size of job updated: 222716
	64  -  MemoryUsage of job (MB)
	65320  -  ResidentSetSize of job (KB)
...
006 (453.348.000) 2022-04-06 09:17:37 Image size of job updated: 741624
	317  -  MemoryUsage of job (MB)
	324148  -  ResidentSetSize of job (KB)
...
005 (453.348.000) 2022-04-06 09:24:00 Job terminated.
	(1) Normal termination (return value 0)
		Usr 0 00:10:48, Sys 0 00:00:25  -  Run Remote Usage
		Usr 0 00:00:00, Sys 0 00:00:00  -  Run Local Usage
		Usr 0 00:10:48, Sys 0 00:00:25  -  Total Remote Usage
		Usr 0 00:00:00, Sys 0 00:00:00  -  Total Local Usage
	0  -  Run Bytes Sent By Job
	0  -  Run Bytes Received By Job
	0  -  Total Bytes Sent By Job
	0  -  Total Bytes Received By Job
	Partitionable Resources :    Usage  Request Allocated 
	   Cpus                 :     1.00        1         1 
	   Disk (KB)            :  7500        7500     10998 
	   Memory (MB)          :   317        1024      1024 

	Job terminated of its own accord at 2022-04-06T07:24:00Z with exit-code 0.
...
