000 (453.447.000) 2022-04-05 18:55:38 Job submitted from host: <10.18.24.243:9618?addrs=10.18.24.243-9618&alias=ecoclusts01.bioclust.biologie.ens.fr&noUDP&sock=schedd_1052_29b8>
...
001 (453.447.000) 2022-04-06 10:48:03 Job executing on host: <10.18.24.130:9618?addrs=10.18.24.130-9618&alias=dyoclust03.bioclust.biologie.ens.fr&noUDP&sock=startd_813_3a96>
...
006 (453.447.000) 2022-04-06 10:48:12 Image size of job updated: 125164
	95  -  MemoryUsage of job (MB)
	96432  -  ResidentSetSize of job (KB)
...
006 (453.447.000) 2022-04-06 10:53:13 Image size of job updated: 741624
	317  -  MemoryUsage of job (MB)
	324028  -  ResidentSetSize of job (KB)
...
006 (453.447.000) 2022-04-06 10:58:14 Image size of job updated: 774392
	317  -  MemoryUsage of job (MB)
	324116  -  ResidentSetSize of job (KB)
...
006 (453.447.000) 2022-04-06 11:23:16 Image size of job updated: 774648
	317  -  MemoryUsage of job (MB)
	324380  -  ResidentSetSize of job (KB)
...
006 (453.447.000) 2022-04-06 11:28:16 Image size of job updated: 775160
	318  -  MemoryUsage of job (MB)
	324776  -  ResidentSetSize of job (KB)
...
006 (453.447.000) 2022-04-06 11:33:16 Image size of job updated: 775416
	318  -  MemoryUsage of job (MB)
	325040  -  ResidentSetSize of job (KB)
...
006 (453.447.000) 2022-04-06 11:38:17 Image size of job updated: 775672
	318  -  MemoryUsage of job (MB)
	325304  -  ResidentSetSize of job (KB)
...
006 (453.447.000) 2022-04-06 11:43:18 Image size of job updated: 776184
	319  -  MemoryUsage of job (MB)
	325700  -  ResidentSetSize of job (KB)
...
006 (453.447.000) 2022-04-06 11:48:18 Image size of job updated: 776440
	319  -  MemoryUsage of job (MB)
	325964  -  ResidentSetSize of job (KB)
...
006 (453.447.000) 2022-04-06 11:53:18 Image size of job updated: 776696
	319  -  MemoryUsage of job (MB)
	326228  -  ResidentSetSize of job (KB)
...
006 (453.447.000) 2022-04-06 11:58:19 Image size of job updated: 776952
	319  -  MemoryUsage of job (MB)
	326492  -  ResidentSetSize of job (KB)
...
006 (453.447.000) 2022-04-06 12:08:20 Image size of job updated: 776952
	319  -  MemoryUsage of job (MB)
	326588  -  ResidentSetSize of job (KB)
...
006 (453.447.000) 2022-04-06 12:13:21 Image size of job updated: 777208
	320  -  MemoryUsage of job (MB)
	326852  -  ResidentSetSize of job (KB)
...
006 (453.447.000) 2022-04-06 12:18:22 Image size of job updated: 777464
	320  -  MemoryUsage of job (MB)
	327116  -  ResidentSetSize of job (KB)
...
006 (453.447.000) 2022-04-06 12:23:23 Image size of job updated: 777720
	320  -  MemoryUsage of job (MB)
	327248  -  ResidentSetSize of job (KB)
...
006 (453.447.000) 2022-04-06 12:28:23 Image size of job updated: 777976
	320  -  MemoryUsage of job (MB)
	327512  -  ResidentSetSize of job (KB)
...
006 (453.447.000) 2022-04-06 12:33:23 Image size of job updated: 778232
	321  -  MemoryUsage of job (MB)
	327776  -  ResidentSetSize of job (KB)
...
006 (453.447.000) 2022-04-06 12:38:24 Image size of job updated: 778488
	321  -  MemoryUsage of job (MB)
	328040  -  ResidentSetSize of job (KB)
...
006 (453.447.000) 2022-04-06 12:43:25 Image size of job updated: 778744
	321  -  MemoryUsage of job (MB)
	328304  -  ResidentSetSize of job (KB)
...
006 (453.447.000) 2022-04-06 12:48:25 Image size of job updated: 779000
	321  -  MemoryUsage of job (MB)
	328568  -  ResidentSetSize of job (KB)
...
006 (453.447.000) 2022-04-06 12:53:25 Image size of job updated: 779256
	321  -  MemoryUsage of job (MB)
	328700  -  ResidentSetSize of job (KB)
...
006 (453.447.000) 2022-04-06 12:58:26 Image size of job updated: 779256
	322  -  MemoryUsage of job (MB)
	328964  -  ResidentSetSize of job (KB)
...
006 (453.447.000) 2022-04-06 13:03:27 Image size of job updated: 779512
	322  -  MemoryUsage of job (MB)
	329228  -  ResidentSetSize of job (KB)
...
005 (453.447.000) 2022-04-06 13:03:31 Job terminated.
	(1) Normal termination (return value 0)
		Usr 0 02:15:00, Sys 0 00:00:22  -  Run Remote Usage
		Usr 0 00:00:00, Sys 0 00:00:00  -  Run Local Usage
		Usr 0 02:15:00, Sys 0 00:00:22  -  Total Remote Usage
		Usr 0 00:00:00, Sys 0 00:00:00  -  Total Local Usage
	0  -  Run Bytes Sent By Job
	0  -  Run Bytes Received By Job
	0  -  Total Bytes Sent By Job
	0  -  Total Bytes Received By Job
	Partitionable Resources :    Usage  Request Allocated 
	   Cpus                 :     1.00        1         1 
	   Disk (KB)            :  7500        7500     10998 
	   Memory (MB)          :   322        1024      1024 

	Job terminated of its own accord at 2022-04-06T11:03:31Z with exit-code 0.
...
