000 (453.318.000) 2022-04-05 18:55:38 Job submitted from host: <10.18.24.243:9618?addrs=10.18.24.243-9618&alias=ecoclusts01.bioclust.biologie.ens.fr&noUDP&sock=schedd_1052_29b8>
...
001 (453.318.000) 2022-04-06 08:51:09 Job executing on host: <10.18.24.139:9618?addrs=10.18.24.139-9618&alias=dyoclust12.bioclust.biologie.ens.fr&noUDP&sock=startd_791_2380>
...
006 (453.318.000) 2022-04-06 08:51:17 Image size of job updated: 181652
	178  -  MemoryUsage of job (MB)
	181652  -  ResidentSetSize of job (KB)
...
006 (453.318.000) 2022-04-06 08:56:17 Image size of job updated: 741880
	317  -  MemoryUsage of job (MB)
	324316  -  ResidentSetSize of job (KB)
...
006 (453.318.000) 2022-04-06 09:01:18 Image size of job updated: 774648
	317  -  MemoryUsage of job (MB)
	324316  -  ResidentSetSize of job (KB)
...
006 (453.318.000) 2022-04-06 11:41:34 Image size of job updated: 774904
	317  -  MemoryUsage of job (MB)
	324316  -  ResidentSetSize of job (KB)
...
006 (453.318.000) 2022-04-06 11:56:36 Image size of job updated: 774904
	317  -  MemoryUsage of job (MB)
	324448  -  ResidentSetSize of job (KB)
...
006 (453.318.000) 2022-04-06 12:36:40 Image size of job updated: 774904
	317  -  MemoryUsage of job (MB)
	324580  -  ResidentSetSize of job (KB)
...
006 (453.318.000) 2022-04-06 13:06:44 Image size of job updated: 775160
	317  -  MemoryUsage of job (MB)
	324580  -  ResidentSetSize of job (KB)
...
006 (453.318.000) 2022-04-06 13:21:45 Image size of job updated: 775160
	318  -  MemoryUsage of job (MB)
	324712  -  ResidentSetSize of job (KB)
...
006 (453.318.000) 2022-04-06 14:16:52 Image size of job updated: 775160
	318  -  MemoryUsage of job (MB)
	324844  -  ResidentSetSize of job (KB)
...
006 (453.318.000) 2022-04-06 14:46:55 Image size of job updated: 775416
	318  -  MemoryUsage of job (MB)
	324844  -  ResidentSetSize of job (KB)
...
006 (453.318.000) 2022-04-06 15:01:56 Image size of job updated: 775416
	318  -  MemoryUsage of job (MB)
	324976  -  ResidentSetSize of job (KB)
...
006 (453.318.000) 2022-04-06 15:42:01 Image size of job updated: 775416
	318  -  MemoryUsage of job (MB)
	325108  -  ResidentSetSize of job (KB)
...
006 (453.318.000) 2022-04-06 16:12:03 Image size of job updated: 775672
	318  -  MemoryUsage of job (MB)
	325108  -  ResidentSetSize of job (KB)
...
006 (453.318.000) 2022-04-06 16:27:05 Image size of job updated: 775672
	318  -  MemoryUsage of job (MB)
	325240  -  ResidentSetSize of job (KB)
...
006 (453.318.000) 2022-04-06 17:07:09 Image size of job updated: 775672
	318  -  MemoryUsage of job (MB)
	325372  -  ResidentSetSize of job (KB)
...
006 (453.318.000) 2022-04-06 17:37:12 Image size of job updated: 775928
	318  -  MemoryUsage of job (MB)
	325372  -  ResidentSetSize of job (KB)
...
006 (453.318.000) 2022-04-06 18:07:16 Image size of job updated: 775928
	318  -  MemoryUsage of job (MB)
	325504  -  ResidentSetSize of job (KB)
...
006 (453.318.000) 2022-04-06 18:52:22 Image size of job updated: 775928
	319  -  MemoryUsage of job (MB)
	325636  -  ResidentSetSize of job (KB)
...
006 (453.318.000) 2022-04-06 19:07:23 Image size of job updated: 776184
	319  -  MemoryUsage of job (MB)
	325636  -  ResidentSetSize of job (KB)
...
006 (453.318.000) 2022-04-06 19:37:26 Image size of job updated: 776184
	319  -  MemoryUsage of job (MB)
	325768  -  ResidentSetSize of job (KB)
...
006 (453.318.000) 2022-04-06 20:37:34 Image size of job updated: 776184
	319  -  MemoryUsage of job (MB)
	325900  -  ResidentSetSize of job (KB)
...
006 (453.318.000) 2022-04-06 20:52:35 Image size of job updated: 776440
	319  -  MemoryUsage of job (MB)
	325900  -  ResidentSetSize of job (KB)
...
006 (453.318.000) 2022-04-06 21:17:38 Image size of job updated: 776440
	319  -  MemoryUsage of job (MB)
	326032  -  ResidentSetSize of job (KB)
...
006 (453.318.000) 2022-04-06 22:02:42 Image size of job updated: 776440
	319  -  MemoryUsage of job (MB)
	326164  -  ResidentSetSize of job (KB)
...
006 (453.318.000) 2022-04-06 22:17:43 Image size of job updated: 776696
	319  -  MemoryUsage of job (MB)
	326164  -  ResidentSetSize of job (KB)
...
006 (453.318.000) 2022-04-06 22:47:45 Image size of job updated: 776696
	319  -  MemoryUsage of job (MB)
	326296  -  ResidentSetSize of job (KB)
...
006 (453.318.000) 2022-04-06 23:27:50 Image size of job updated: 776696
	319  -  MemoryUsage of job (MB)
	326428  -  ResidentSetSize of job (KB)
...
006 (453.318.000) 2022-04-06 23:42:51 Image size of job updated: 776952
	319  -  MemoryUsage of job (MB)
	326428  -  ResidentSetSize of job (KB)
...
006 (453.318.000) 2022-04-07 00:27:55 Image size of job updated: 776952
	319  -  MemoryUsage of job (MB)
	326560  -  ResidentSetSize of job (KB)
...
006 (453.318.000) 2022-04-07 03:08:12 Image size of job updated: 776952
	320  -  MemoryUsage of job (MB)
	326692  -  ResidentSetSize of job (KB)
...
006 (453.318.000) 2022-04-07 03:23:13 Image size of job updated: 777208
	320  -  MemoryUsage of job (MB)
	326692  -  ResidentSetSize of job (KB)
...
006 (453.318.000) 2022-04-07 04:03:18 Image size of job updated: 777208
	320  -  MemoryUsage of job (MB)
	326824  -  ResidentSetSize of job (KB)
...
006 (453.318.000) 2022-04-07 04:43:21 Image size of job updated: 777208
	320  -  MemoryUsage of job (MB)
	326956  -  ResidentSetSize of job (KB)
...
006 (453.318.000) 2022-04-07 04:58:23 Image size of job updated: 777464
	320  -  MemoryUsage of job (MB)
	326956  -  ResidentSetSize of job (KB)
...
006 (453.318.000) 2022-04-07 05:38:27 Image size of job updated: 777464
	320  -  MemoryUsage of job (MB)
	327088  -  ResidentSetSize of job (KB)
...
006 (453.318.000) 2022-04-07 06:33:34 Image size of job updated: 777720
	320  -  MemoryUsage of job (MB)
	327220  -  ResidentSetSize of job (KB)
...
006 (453.318.000) 2022-04-07 07:18:38 Image size of job updated: 777720
	320  -  MemoryUsage of job (MB)
	327352  -  ResidentSetSize of job (KB)
...
006 (453.318.000) 2022-04-07 08:18:43 Image size of job updated: 777976
	320  -  MemoryUsage of job (MB)
	327484  -  ResidentSetSize of job (KB)
...
006 (453.318.000) 2022-04-07 08:58:47 Image size of job updated: 777976
	320  -  MemoryUsage of job (MB)
	327616  -  ResidentSetSize of job (KB)
...
006 (453.318.000) 2022-04-07 09:58:52 Image size of job updated: 778232
	321  -  MemoryUsage of job (MB)
	327748  -  ResidentSetSize of job (KB)
...
006 (453.318.000) 2022-04-07 10:53:57 Image size of job updated: 778232
	321  -  MemoryUsage of job (MB)
	327880  -  ResidentSetSize of job (KB)
...
006 (453.318.000) 2022-04-07 11:39:02 Image size of job updated: 778488
	321  -  MemoryUsage of job (MB)
	328012  -  ResidentSetSize of job (KB)
...
006 (453.318.000) 2022-04-07 12:34:08 Image size of job updated: 778488
	321  -  MemoryUsage of job (MB)
	328144  -  ResidentSetSize of job (KB)
...
006 (453.318.000) 2022-04-07 13:19:14 Image size of job updated: 778744
	321  -  MemoryUsage of job (MB)
	328276  -  ResidentSetSize of job (KB)
...
006 (453.318.000) 2022-04-07 14:14:20 Image size of job updated: 778744
	321  -  MemoryUsage of job (MB)
	328408  -  ResidentSetSize of job (KB)
...
006 (453.318.000) 2022-04-07 14:59:26 Image size of job updated: 779000
	321  -  MemoryUsage of job (MB)
	328408  -  ResidentSetSize of job (KB)
...
006 (453.318.000) 2022-04-07 15:14:27 Image size of job updated: 779000
	321  -  MemoryUsage of job (MB)
	328540  -  ResidentSetSize of job (KB)
...
006 (453.318.000) 2022-04-07 15:59:31 Image size of job updated: 779000
	321  -  MemoryUsage of job (MB)
	328672  -  ResidentSetSize of job (KB)
...
006 (453.318.000) 2022-04-07 16:44:35 Image size of job updated: 779256
	321  -  MemoryUsage of job (MB)
	328672  -  ResidentSetSize of job (KB)
...
006 (453.318.000) 2022-04-07 16:59:36 Image size of job updated: 779256
	322  -  MemoryUsage of job (MB)
	328804  -  ResidentSetSize of job (KB)
...
006 (453.318.000) 2022-04-07 17:44:41 Image size of job updated: 779256
	322  -  MemoryUsage of job (MB)
	328936  -  ResidentSetSize of job (KB)
...
006 (453.318.000) 2022-04-07 18:24:46 Image size of job updated: 779512
	322  -  MemoryUsage of job (MB)
	328936  -  ResidentSetSize of job (KB)
...
006 (453.318.000) 2022-04-07 18:39:47 Image size of job updated: 779512
	322  -  MemoryUsage of job (MB)
	329068  -  ResidentSetSize of job (KB)
...
006 (453.318.000) 2022-04-07 19:39:54 Image size of job updated: 779512
	322  -  MemoryUsage of job (MB)
	329200  -  ResidentSetSize of job (KB)
...
006 (453.318.000) 2022-04-07 20:09:57 Image size of job updated: 779768
	322  -  MemoryUsage of job (MB)
	329200  -  ResidentSetSize of job (KB)
...
005 (453.318.000) 2022-04-07 20:21:44 Job terminated.
	(1) Normal termination (return value 0)
		Usr 1 11:15:10, Sys 0 00:00:42  -  Run Remote Usage
		Usr 0 00:00:00, Sys 0 00:00:00  -  Run Local Usage
		Usr 1 11:15:10, Sys 0 00:00:42  -  Total Remote Usage
		Usr 0 00:00:00, Sys 0 00:00:00  -  Total Local Usage
	0  -  Run Bytes Sent By Job
	0  -  Run Bytes Received By Job
	0  -  Total Bytes Sent By Job
	0  -  Total Bytes Received By Job
	Partitionable Resources :    Usage  Request Allocated 
	   Cpus                 :     1.00        1         1 
	   Disk (KB)            :  7500        7500     10998 
	   Memory (MB)          :   322        1024      1024 

	Job terminated of its own accord at 2022-04-07T18:21:44Z with exit-code 0.
...
