000 (453.803.000) 2022-04-05 18:55:40 Job submitted from host: <10.18.24.243:9618?addrs=10.18.24.243-9618&alias=ecoclusts01.bioclust.biologie.ens.fr&noUDP&sock=schedd_1052_29b8>
...
001 (453.803.000) 2022-04-06 18:10:19 Job executing on host: <10.18.24.178:9618?addrs=10.18.24.178-9618&alias=mcbsclust07.bioclust.biologie.ens.fr&noUDP&sock=startd_912_2276>
...
006 (453.803.000) 2022-04-06 18:10:28 Image size of job updated: 396224
	387  -  MemoryUsage of job (MB)
	396224  -  ResidentSetSize of job (KB)
...
006 (453.803.000) 2022-04-06 18:15:29 Image size of job updated: 741620
	388  -  MemoryUsage of job (MB)
	396488  -  ResidentSetSize of job (KB)
...
005 (453.803.000) 2022-04-06 18:19:59 Job terminated.
	(1) Normal termination (return value 0)
		Usr 0 00:09:23, Sys 0 00:00:12  -  Run Remote Usage
		Usr 0 00:00:00, Sys 0 00:00:00  -  Run Local Usage
		Usr 0 00:09:23, Sys 0 00:00:12  -  Total Remote Usage
		Usr 0 00:00:00, Sys 0 00:00:00  -  Total Local Usage
	0  -  Run Bytes Sent By Job
	0  -  Run Bytes Received By Job
	0  -  Total Bytes Sent By Job
	0  -  Total Bytes Received By Job
	Partitionable Resources :    Usage  Request Allocated 
	   Cpus                 :     1.00        1         1 
	   Disk (KB)            :  7500        7500     11001 
	   Memory (MB)          :   388        1024      1024 

	Job terminated of its own accord at 2022-04-06T16:19:59Z with exit-code 0.
...
