000 (453.846.000) 2022-04-05 18:55:40 Job submitted from host: <10.18.24.243:9618?addrs=10.18.24.243-9618&alias=ecoclusts01.bioclust.biologie.ens.fr&noUDP&sock=schedd_1052_29b8>
...
001 (453.846.000) 2022-04-06 19:31:21 Job executing on host: <10.18.24.175:9618?addrs=10.18.24.175-9618&alias=mcbsclust04.bioclust.biologie.ens.fr&noUDP&sock=startd_869_a3e3>
...
006 (453.846.000) 2022-04-06 19:31:30 Image size of job updated: 99964
	96  -  MemoryUsage of job (MB)
	97388  -  ResidentSetSize of job (KB)
...
006 (453.846.000) 2022-04-06 19:36:31 Image size of job updated: 741620
	317  -  MemoryUsage of job (MB)
	324052  -  ResidentSetSize of job (KB)
...
006 (453.846.000) 2022-04-06 19:41:31 Image size of job updated: 792248
	317  -  MemoryUsage of job (MB)
	324140  -  ResidentSetSize of job (KB)
...
006 (453.846.000) 2022-04-06 20:41:38 Image size of job updated: 792248
	317  -  MemoryUsage of job (MB)
	324272  -  ResidentSetSize of job (KB)
...
006 (453.846.000) 2022-04-06 20:46:39 Image size of job updated: 792248
	317  -  MemoryUsage of job (MB)
	324404  -  ResidentSetSize of job (KB)
...
006 (453.846.000) 2022-04-06 21:01:40 Image size of job updated: 792248
	317  -  MemoryUsage of job (MB)
	324536  -  ResidentSetSize of job (KB)
...
006 (453.846.000) 2022-04-06 21:16:42 Image size of job updated: 792248
	318  -  MemoryUsage of job (MB)
	324668  -  ResidentSetSize of job (KB)
...
006 (453.846.000) 2022-04-06 21:21:43 Image size of job updated: 792248
	318  -  MemoryUsage of job (MB)
	324800  -  ResidentSetSize of job (KB)
...
006 (453.846.000) 2022-04-06 21:31:43 Image size of job updated: 792248
	318  -  MemoryUsage of job (MB)
	324932  -  ResidentSetSize of job (KB)
...
006 (453.846.000) 2022-04-06 21:46:44 Image size of job updated: 792248
	318  -  MemoryUsage of job (MB)
	325064  -  ResidentSetSize of job (KB)
...
006 (453.846.000) 2022-04-06 21:51:45 Image size of job updated: 792248
	318  -  MemoryUsage of job (MB)
	325196  -  ResidentSetSize of job (KB)
...
006 (453.846.000) 2022-04-06 22:01:46 Image size of job updated: 792248
	318  -  MemoryUsage of job (MB)
	325328  -  ResidentSetSize of job (KB)
...
006 (453.846.000) 2022-04-06 22:06:46 Image size of job updated: 792248
	318  -  MemoryUsage of job (MB)
	325460  -  ResidentSetSize of job (KB)
...
006 (453.846.000) 2022-04-06 22:16:47 Image size of job updated: 792248
	318  -  MemoryUsage of job (MB)
	325592  -  ResidentSetSize of job (KB)
...
006 (453.846.000) 2022-04-06 22:21:47 Image size of job updated: 792248
	319  -  MemoryUsage of job (MB)
	325724  -  ResidentSetSize of job (KB)
...
006 (453.846.000) 2022-04-06 22:26:48 Image size of job updated: 792248
	319  -  MemoryUsage of job (MB)
	325856  -  ResidentSetSize of job (KB)
...
006 (453.846.000) 2022-04-06 22:36:49 Image size of job updated: 792248
	319  -  MemoryUsage of job (MB)
	325988  -  ResidentSetSize of job (KB)
...
006 (453.846.000) 2022-04-06 22:41:49 Image size of job updated: 792248
	319  -  MemoryUsage of job (MB)
	326120  -  ResidentSetSize of job (KB)
...
006 (453.846.000) 2022-04-06 22:51:50 Image size of job updated: 792248
	319  -  MemoryUsage of job (MB)
	326252  -  ResidentSetSize of job (KB)
...
006 (453.846.000) 2022-04-06 22:56:50 Image size of job updated: 792248
	319  -  MemoryUsage of job (MB)
	326384  -  ResidentSetSize of job (KB)
...
006 (453.846.000) 2022-04-06 23:01:51 Image size of job updated: 792248
	319  -  MemoryUsage of job (MB)
	326516  -  ResidentSetSize of job (KB)
...
006 (453.846.000) 2022-04-06 23:06:52 Image size of job updated: 792248
	319  -  MemoryUsage of job (MB)
	326648  -  ResidentSetSize of job (KB)
...
006 (453.846.000) 2022-04-06 23:26:53 Image size of job updated: 792248
	320  -  MemoryUsage of job (MB)
	326744  -  ResidentSetSize of job (KB)
...
006 (453.846.000) 2022-04-06 23:31:53 Image size of job updated: 792248
	320  -  MemoryUsage of job (MB)
	326876  -  ResidentSetSize of job (KB)
...
006 (453.846.000) 2022-04-06 23:36:54 Image size of job updated: 792248
	320  -  MemoryUsage of job (MB)
	327008  -  ResidentSetSize of job (KB)
...
006 (453.846.000) 2022-04-06 23:46:55 Image size of job updated: 792248
	320  -  MemoryUsage of job (MB)
	327140  -  ResidentSetSize of job (KB)
...
006 (453.846.000) 2022-04-06 23:51:55 Image size of job updated: 792248
	320  -  MemoryUsage of job (MB)
	327272  -  ResidentSetSize of job (KB)
...
006 (453.846.000) 2022-04-06 23:56:56 Image size of job updated: 792248
	320  -  MemoryUsage of job (MB)
	327404  -  ResidentSetSize of job (KB)
...
006 (453.846.000) 2022-04-07 00:01:56 Image size of job updated: 792248
	320  -  MemoryUsage of job (MB)
	327536  -  ResidentSetSize of job (KB)
...
006 (453.846.000) 2022-04-07 00:11:57 Image size of job updated: 792248
	320  -  MemoryUsage of job (MB)
	327668  -  ResidentSetSize of job (KB)
...
006 (453.846.000) 2022-04-07 00:16:58 Image size of job updated: 792248
	321  -  MemoryUsage of job (MB)
	327800  -  ResidentSetSize of job (KB)
...
006 (453.846.000) 2022-04-07 00:21:58 Image size of job updated: 792248
	321  -  MemoryUsage of job (MB)
	327932  -  ResidentSetSize of job (KB)
...
006 (453.846.000) 2022-04-07 00:31:59 Image size of job updated: 792248
	321  -  MemoryUsage of job (MB)
	328064  -  ResidentSetSize of job (KB)
...
006 (453.846.000) 2022-04-07 00:36:59 Image size of job updated: 792248
	321  -  MemoryUsage of job (MB)
	328196  -  ResidentSetSize of job (KB)
...
006 (453.846.000) 2022-04-07 00:47:00 Image size of job updated: 792248
	321  -  MemoryUsage of job (MB)
	328328  -  ResidentSetSize of job (KB)
...
006 (453.846.000) 2022-04-07 00:52:01 Image size of job updated: 792248
	321  -  MemoryUsage of job (MB)
	328460  -  ResidentSetSize of job (KB)
...
006 (453.846.000) 2022-04-07 00:57:01 Image size of job updated: 792248
	321  -  MemoryUsage of job (MB)
	328592  -  ResidentSetSize of job (KB)
...
006 (453.846.000) 2022-04-07 01:07:02 Image size of job updated: 792248
	322  -  MemoryUsage of job (MB)
	328724  -  ResidentSetSize of job (KB)
...
006 (453.846.000) 2022-04-07 01:12:02 Image size of job updated: 792248
	322  -  MemoryUsage of job (MB)
	328856  -  ResidentSetSize of job (KB)
...
006 (453.846.000) 2022-04-07 01:17:02 Image size of job updated: 792248
	322  -  MemoryUsage of job (MB)
	328988  -  ResidentSetSize of job (KB)
...
006 (453.846.000) 2022-04-07 01:22:04 Image size of job updated: 792248
	322  -  MemoryUsage of job (MB)
	329120  -  ResidentSetSize of job (KB)
...
006 (453.846.000) 2022-04-07 01:27:04 Image size of job updated: 792248
	322  -  MemoryUsage of job (MB)
	329252  -  ResidentSetSize of job (KB)
...
005 (453.846.000) 2022-04-07 01:29:26 Job terminated.
	(1) Normal termination (return value 0)
		Usr 0 05:56:54, Sys 0 00:00:20  -  Run Remote Usage
		Usr 0 00:00:00, Sys 0 00:00:00  -  Run Local Usage
		Usr 0 05:56:54, Sys 0 00:00:20  -  Total Remote Usage
		Usr 0 00:00:00, Sys 0 00:00:00  -  Total Local Usage
	0  -  Run Bytes Sent By Job
	0  -  Run Bytes Received By Job
	0  -  Total Bytes Sent By Job
	0  -  Total Bytes Received By Job
	Partitionable Resources :    Usage  Request Allocated 
	   Cpus                 :     1.00        1         1 
	   Disk (KB)            :  7500        7500     10998 
	   Memory (MB)          :   322        1024      1024 

	Job terminated of its own accord at 2022-04-06T23:29:26Z with exit-code 0.
...
