000 (453.814.000) 2022-04-05 18:55:40 Job submitted from host: <10.18.24.243:9618?addrs=10.18.24.243-9618&alias=ecoclusts01.bioclust.biologie.ens.fr&noUDP&sock=schedd_1052_29b8>
...
001 (453.814.000) 2022-04-06 18:23:54 Job executing on host: <10.18.24.8:9618?addrs=10.18.24.8-9618&alias=bioclust08.bioclust.biologie.ens.fr&noUDP&sock=startd_1108_9306>
...
006 (453.814.000) 2022-04-06 18:24:03 Image size of job updated: 428028
	418  -  MemoryUsage of job (MB)
	428028  -  ResidentSetSize of job (KB)
...
006 (453.814.000) 2022-04-06 18:29:04 Image size of job updated: 741620
	418  -  MemoryUsage of job (MB)
	428028  -  ResidentSetSize of job (KB)
...
006 (453.814.000) 2022-04-06 18:34:04 Image size of job updated: 774388
	418  -  MemoryUsage of job (MB)
	428028  -  ResidentSetSize of job (KB)
...
006 (453.814.000) 2022-04-06 19:34:09 Image size of job updated: 774644
	418  -  MemoryUsage of job (MB)
	428028  -  ResidentSetSize of job (KB)
...
006 (453.814.000) 2022-04-06 19:49:10 Image size of job updated: 774900
	418  -  MemoryUsage of job (MB)
	428028  -  ResidentSetSize of job (KB)
...
006 (453.814.000) 2022-04-06 20:04:12 Image size of job updated: 775156
	418  -  MemoryUsage of job (MB)
	428028  -  ResidentSetSize of job (KB)
...
006 (453.814.000) 2022-04-06 20:24:13 Image size of job updated: 775412
	418  -  MemoryUsage of job (MB)
	428028  -  ResidentSetSize of job (KB)
...
006 (453.814.000) 2022-04-06 20:34:15 Image size of job updated: 775668
	418  -  MemoryUsage of job (MB)
	428028  -  ResidentSetSize of job (KB)
...
006 (453.814.000) 2022-04-06 20:49:16 Image size of job updated: 775924
	418  -  MemoryUsage of job (MB)
	428028  -  ResidentSetSize of job (KB)
...
006 (453.814.000) 2022-04-06 21:04:17 Image size of job updated: 776180
	418  -  MemoryUsage of job (MB)
	428028  -  ResidentSetSize of job (KB)
...
006 (453.814.000) 2022-04-06 21:19:19 Image size of job updated: 776436
	418  -  MemoryUsage of job (MB)
	428028  -  ResidentSetSize of job (KB)
...
006 (453.814.000) 2022-04-06 21:29:20 Image size of job updated: 776692
	418  -  MemoryUsage of job (MB)
	428028  -  ResidentSetSize of job (KB)
...
006 (453.814.000) 2022-04-06 21:44:22 Image size of job updated: 776948
	418  -  MemoryUsage of job (MB)
	428028  -  ResidentSetSize of job (KB)
...
006 (453.814.000) 2022-04-06 22:14:24 Image size of job updated: 777204
	418  -  MemoryUsage of job (MB)
	428028  -  ResidentSetSize of job (KB)
...
006 (453.814.000) 2022-04-06 22:29:25 Image size of job updated: 777460
	418  -  MemoryUsage of job (MB)
	428028  -  ResidentSetSize of job (KB)
...
006 (453.814.000) 2022-04-06 22:39:26 Image size of job updated: 777716
	418  -  MemoryUsage of job (MB)
	428028  -  ResidentSetSize of job (KB)
...
006 (453.814.000) 2022-04-06 22:49:27 Image size of job updated: 777972
	418  -  MemoryUsage of job (MB)
	428028  -  ResidentSetSize of job (KB)
...
006 (453.814.000) 2022-04-06 22:59:28 Image size of job updated: 778228
	418  -  MemoryUsage of job (MB)
	428028  -  ResidentSetSize of job (KB)
...
006 (453.814.000) 2022-04-06 23:14:30 Image size of job updated: 778484
	418  -  MemoryUsage of job (MB)
	428028  -  ResidentSetSize of job (KB)
...
006 (453.814.000) 2022-04-06 23:24:31 Image size of job updated: 778740
	418  -  MemoryUsage of job (MB)
	428028  -  ResidentSetSize of job (KB)
...
006 (453.814.000) 2022-04-06 23:34:32 Image size of job updated: 778996
	418  -  MemoryUsage of job (MB)
	428028  -  ResidentSetSize of job (KB)
...
006 (453.814.000) 2022-04-06 23:49:34 Image size of job updated: 779252
	418  -  MemoryUsage of job (MB)
	428028  -  ResidentSetSize of job (KB)
...
006 (453.814.000) 2022-04-06 23:54:34 Image size of job updated: 779508
	418  -  MemoryUsage of job (MB)
	428028  -  ResidentSetSize of job (KB)
...
005 (453.814.000) 2022-04-07 00:04:18 Job terminated.
	(1) Normal termination (return value 0)
		Usr 0 05:38:54, Sys 0 00:01:11  -  Run Remote Usage
		Usr 0 00:00:00, Sys 0 00:00:00  -  Run Local Usage
		Usr 0 05:38:54, Sys 0 00:01:11  -  Total Remote Usage
		Usr 0 00:00:00, Sys 0 00:00:00  -  Total Local Usage
	0  -  Run Bytes Sent By Job
	0  -  Run Bytes Received By Job
	0  -  Total Bytes Sent By Job
	0  -  Total Bytes Received By Job
	Partitionable Resources :    Usage  Request Allocated 
	   Cpus                 :     1.00        1         1 
	   Disk (KB)            :  7500        7500     10998 
	   Memory (MB)          :   418        1024      1024 

	Job terminated of its own accord at 2022-04-06T22:04:18Z with exit-code 0.
...
