000 (453.523.000) 2022-04-05 18:55:38 Job submitted from host: <10.18.24.243:9618?addrs=10.18.24.243-9618&alias=ecoclusts01.bioclust.biologie.ens.fr&noUDP&sock=schedd_1052_29b8>
...
001 (453.523.000) 2022-04-06 12:01:07 Job executing on host: <10.18.24.8:9618?addrs=10.18.24.8-9618&alias=bioclust08.bioclust.biologie.ens.fr&noUDP&sock=startd_1108_9306>
...
006 (453.523.000) 2022-04-06 12:01:16 Image size of job updated: 232336
	123  -  MemoryUsage of job (MB)
	125064  -  ResidentSetSize of job (KB)
...
006 (453.523.000) 2022-04-06 12:06:17 Image size of job updated: 741620
	317  -  MemoryUsage of job (MB)
	324092  -  ResidentSetSize of job (KB)
...
006 (453.523.000) 2022-04-06 12:11:18 Image size of job updated: 774388
	317  -  MemoryUsage of job (MB)
	324116  -  ResidentSetSize of job (KB)
...
006 (453.523.000) 2022-04-06 12:56:22 Image size of job updated: 774644
	317  -  MemoryUsage of job (MB)
	324248  -  ResidentSetSize of job (KB)
...
006 (453.523.000) 2022-04-06 13:01:22 Image size of job updated: 774900
	317  -  MemoryUsage of job (MB)
	324380  -  ResidentSetSize of job (KB)
...
006 (453.523.000) 2022-04-06 13:06:22 Image size of job updated: 774900
	317  -  MemoryUsage of job (MB)
	324512  -  ResidentSetSize of job (KB)
...
006 (453.523.000) 2022-04-06 13:11:22 Image size of job updated: 775156
	318  -  MemoryUsage of job (MB)
	324644  -  ResidentSetSize of job (KB)
...
006 (453.523.000) 2022-04-06 13:16:23 Image size of job updated: 775156
	318  -  MemoryUsage of job (MB)
	324776  -  ResidentSetSize of job (KB)
...
006 (453.523.000) 2022-04-06 13:21:24 Image size of job updated: 775412
	318  -  MemoryUsage of job (MB)
	325040  -  ResidentSetSize of job (KB)
...
006 (453.523.000) 2022-04-06 13:26:24 Image size of job updated: 775412
	318  -  MemoryUsage of job (MB)
	325172  -  ResidentSetSize of job (KB)
...
006 (453.523.000) 2022-04-06 13:31:24 Image size of job updated: 775668
	318  -  MemoryUsage of job (MB)
	325304  -  ResidentSetSize of job (KB)
...
006 (453.523.000) 2022-04-06 13:36:25 Image size of job updated: 775924
	318  -  MemoryUsage of job (MB)
	325436  -  ResidentSetSize of job (KB)
...
006 (453.523.000) 2022-04-06 13:41:26 Image size of job updated: 775924
	318  -  MemoryUsage of job (MB)
	325568  -  ResidentSetSize of job (KB)
...
006 (453.523.000) 2022-04-06 13:46:27 Image size of job updated: 776180
	319  -  MemoryUsage of job (MB)
	325700  -  ResidentSetSize of job (KB)
...
006 (453.523.000) 2022-04-06 13:51:27 Image size of job updated: 776180
	319  -  MemoryUsage of job (MB)
	325832  -  ResidentSetSize of job (KB)
...
006 (453.523.000) 2022-04-06 13:56:27 Image size of job updated: 776436
	319  -  MemoryUsage of job (MB)
	325964  -  ResidentSetSize of job (KB)
...
006 (453.523.000) 2022-04-06 14:01:28 Image size of job updated: 776436
	319  -  MemoryUsage of job (MB)
	326096  -  ResidentSetSize of job (KB)
...
006 (453.523.000) 2022-04-06 14:06:29 Image size of job updated: 776692
	319  -  MemoryUsage of job (MB)
	326228  -  ResidentSetSize of job (KB)
...
006 (453.523.000) 2022-04-06 14:11:29 Image size of job updated: 776948
	319  -  MemoryUsage of job (MB)
	326360  -  ResidentSetSize of job (KB)
...
006 (453.523.000) 2022-04-06 14:16:29 Image size of job updated: 776948
	319  -  MemoryUsage of job (MB)
	326624  -  ResidentSetSize of job (KB)
...
006 (453.523.000) 2022-04-06 14:31:31 Image size of job updated: 777204
	320  -  MemoryUsage of job (MB)
	326732  -  ResidentSetSize of job (KB)
...
006 (453.523.000) 2022-04-06 14:36:31 Image size of job updated: 777460
	320  -  MemoryUsage of job (MB)
	326996  -  ResidentSetSize of job (KB)
...
006 (453.523.000) 2022-04-06 14:41:32 Image size of job updated: 777460
	320  -  MemoryUsage of job (MB)
	327128  -  ResidentSetSize of job (KB)
...
006 (453.523.000) 2022-04-06 14:46:33 Image size of job updated: 777716
	320  -  MemoryUsage of job (MB)
	327260  -  ResidentSetSize of job (KB)
...
006 (453.523.000) 2022-04-06 14:51:33 Image size of job updated: 777716
	320  -  MemoryUsage of job (MB)
	327392  -  ResidentSetSize of job (KB)
...
006 (453.523.000) 2022-04-06 14:56:33 Image size of job updated: 777972
	320  -  MemoryUsage of job (MB)
	327524  -  ResidentSetSize of job (KB)
...
006 (453.523.000) 2022-04-06 15:01:34 Image size of job updated: 777972
	320  -  MemoryUsage of job (MB)
	327656  -  ResidentSetSize of job (KB)
...
006 (453.523.000) 2022-04-06 15:06:35 Image size of job updated: 778228
	321  -  MemoryUsage of job (MB)
	327788  -  ResidentSetSize of job (KB)
...
006 (453.523.000) 2022-04-06 15:11:36 Image size of job updated: 778228
	321  -  MemoryUsage of job (MB)
	327920  -  ResidentSetSize of job (KB)
...
006 (453.523.000) 2022-04-06 15:16:36 Image size of job updated: 778484
	321  -  MemoryUsage of job (MB)
	328052  -  ResidentSetSize of job (KB)
...
006 (453.523.000) 2022-04-06 15:21:36 Image size of job updated: 778740
	321  -  MemoryUsage of job (MB)
	328184  -  ResidentSetSize of job (KB)
...
006 (453.523.000) 2022-04-06 15:26:37 Image size of job updated: 778740
	321  -  MemoryUsage of job (MB)
	328316  -  ResidentSetSize of job (KB)
...
006 (453.523.000) 2022-04-06 15:31:38 Image size of job updated: 778996
	321  -  MemoryUsage of job (MB)
	328448  -  ResidentSetSize of job (KB)
...
006 (453.523.000) 2022-04-06 15:36:38 Image size of job updated: 778996
	321  -  MemoryUsage of job (MB)
	328580  -  ResidentSetSize of job (KB)
...
006 (453.523.000) 2022-04-06 15:41:38 Image size of job updated: 779252
	322  -  MemoryUsage of job (MB)
	328844  -  ResidentSetSize of job (KB)
...
006 (453.523.000) 2022-04-06 15:46:39 Image size of job updated: 779252
	322  -  MemoryUsage of job (MB)
	328976  -  ResidentSetSize of job (KB)
...
006 (453.523.000) 2022-04-06 15:51:40 Image size of job updated: 779508
	322  -  MemoryUsage of job (MB)
	329108  -  ResidentSetSize of job (KB)
...
006 (453.523.000) 2022-04-06 15:56:40 Image size of job updated: 779508
	322  -  MemoryUsage of job (MB)
	329240  -  ResidentSetSize of job (KB)
...
005 (453.523.000) 2022-04-06 15:58:00 Job terminated.
	(1) Normal termination (return value 0)
		Usr 0 03:55:43, Sys 0 00:00:51  -  Run Remote Usage
		Usr 0 00:00:00, Sys 0 00:00:00  -  Run Local Usage
		Usr 0 03:55:43, Sys 0 00:00:51  -  Total Remote Usage
		Usr 0 00:00:00, Sys 0 00:00:00  -  Total Local Usage
	0  -  Run Bytes Sent By Job
	0  -  Run Bytes Received By Job
	0  -  Total Bytes Sent By Job
	0  -  Total Bytes Received By Job
	Partitionable Resources :    Usage  Request Allocated 
	   Cpus                 :     1.00        1         1 
	   Disk (KB)            :  7500        7500     10998 
	   Memory (MB)          :   322        1024      1024 

	Job terminated of its own accord at 2022-04-06T13:58:00Z with exit-code 0.
...
