000 (453.315.000) 2022-04-05 18:55:38 Job submitted from host: <10.18.24.243:9618?addrs=10.18.24.243-9618&alias=ecoclusts01.bioclust.biologie.ens.fr&noUDP&sock=schedd_1052_29b8>
...
001 (453.315.000) 2022-04-06 08:50:08 Job executing on host: <10.18.24.130:9618?addrs=10.18.24.130-9618&alias=dyoclust03.bioclust.biologie.ens.fr&noUDP&sock=startd_813_3a96>
...
006 (453.315.000) 2022-04-06 08:50:17 Image size of job updated: 233152
	94  -  MemoryUsage of job (MB)
	95808  -  ResidentSetSize of job (KB)
...
006 (453.315.000) 2022-04-06 08:55:18 Image size of job updated: 741880
	292  -  MemoryUsage of job (MB)
	298468  -  ResidentSetSize of job (KB)
...
006 (453.315.000) 2022-04-06 09:00:18 Image size of job updated: 774648
	317  -  MemoryUsage of job (MB)
	324320  -  ResidentSetSize of job (KB)
...
006 (453.315.000) 2022-04-06 09:30:21 Image size of job updated: 774904
	317  -  MemoryUsage of job (MB)
	324452  -  ResidentSetSize of job (KB)
...
006 (453.315.000) 2022-04-06 09:35:22 Image size of job updated: 775160
	318  -  MemoryUsage of job (MB)
	324716  -  ResidentSetSize of job (KB)
...
006 (453.315.000) 2022-04-06 09:40:22 Image size of job updated: 775160
	318  -  MemoryUsage of job (MB)
	324848  -  ResidentSetSize of job (KB)
...
006 (453.315.000) 2022-04-06 09:45:22 Image size of job updated: 775416
	318  -  MemoryUsage of job (MB)
	325112  -  ResidentSetSize of job (KB)
...
006 (453.315.000) 2022-04-06 09:50:23 Image size of job updated: 775672
	318  -  MemoryUsage of job (MB)
	325244  -  ResidentSetSize of job (KB)
...
006 (453.315.000) 2022-04-06 09:55:24 Image size of job updated: 775672
	318  -  MemoryUsage of job (MB)
	325376  -  ResidentSetSize of job (KB)
...
006 (453.315.000) 2022-04-06 10:00:24 Image size of job updated: 775928
	319  -  MemoryUsage of job (MB)
	325640  -  ResidentSetSize of job (KB)
...
006 (453.315.000) 2022-04-06 10:05:24 Image size of job updated: 776184
	319  -  MemoryUsage of job (MB)
	325772  -  ResidentSetSize of job (KB)
...
006 (453.315.000) 2022-04-06 10:10:25 Image size of job updated: 776440
	319  -  MemoryUsage of job (MB)
	326168  -  ResidentSetSize of job (KB)
...
006 (453.315.000) 2022-04-06 10:15:26 Image size of job updated: 776696
	319  -  MemoryUsage of job (MB)
	326432  -  ResidentSetSize of job (KB)
...
006 (453.315.000) 2022-04-06 10:20:26 Image size of job updated: 776952
	319  -  MemoryUsage of job (MB)
	326564  -  ResidentSetSize of job (KB)
...
006 (453.315.000) 2022-04-06 10:25:26 Image size of job updated: 776952
	320  -  MemoryUsage of job (MB)
	326696  -  ResidentSetSize of job (KB)
...
006 (453.315.000) 2022-04-06 10:30:27 Image size of job updated: 777208
	320  -  MemoryUsage of job (MB)
	326960  -  ResidentSetSize of job (KB)
...
006 (453.315.000) 2022-04-06 10:35:28 Image size of job updated: 777464
	320  -  MemoryUsage of job (MB)
	327224  -  ResidentSetSize of job (KB)
...
006 (453.315.000) 2022-04-06 10:40:28 Image size of job updated: 777720
	320  -  MemoryUsage of job (MB)
	327488  -  ResidentSetSize of job (KB)
...
006 (453.315.000) 2022-04-06 10:45:28 Image size of job updated: 777976
	321  -  MemoryUsage of job (MB)
	327752  -  ResidentSetSize of job (KB)
...
006 (453.315.000) 2022-04-06 10:50:29 Image size of job updated: 778232
	321  -  MemoryUsage of job (MB)
	328016  -  ResidentSetSize of job (KB)
...
006 (453.315.000) 2022-04-06 10:55:30 Image size of job updated: 778488
	321  -  MemoryUsage of job (MB)
	328148  -  ResidentSetSize of job (KB)
...
006 (453.315.000) 2022-04-06 11:00:30 Image size of job updated: 778744
	321  -  MemoryUsage of job (MB)
	328412  -  ResidentSetSize of job (KB)
...
006 (453.315.000) 2022-04-06 11:05:30 Image size of job updated: 779000
	321  -  MemoryUsage of job (MB)
	328676  -  ResidentSetSize of job (KB)
...
006 (453.315.000) 2022-04-06 11:10:31 Image size of job updated: 779256
	322  -  MemoryUsage of job (MB)
	328940  -  ResidentSetSize of job (KB)
...
006 (453.315.000) 2022-04-06 11:15:22 Image size of job updated: 779512
	322  -  MemoryUsage of job (MB)
	328940  -  ResidentSetSize of job (KB)
...
005 (453.315.000) 2022-04-06 11:15:22 Job terminated.
	(1) Normal termination (return value 0)
		Usr 0 02:24:47, Sys 0 00:00:21  -  Run Remote Usage
		Usr 0 00:00:00, Sys 0 00:00:00  -  Run Local Usage
		Usr 0 02:24:47, Sys 0 00:00:21  -  Total Remote Usage
		Usr 0 00:00:00, Sys 0 00:00:00  -  Total Local Usage
	0  -  Run Bytes Sent By Job
	0  -  Run Bytes Received By Job
	0  -  Total Bytes Sent By Job
	0  -  Total Bytes Received By Job
	Partitionable Resources :    Usage  Request Allocated 
	   Cpus                 :     1.00        1         1 
	   Disk (KB)            :  7500        7500     10998 
	   Memory (MB)          :   322        1024      1024 

	Job terminated of its own accord at 2022-04-06T09:15:22Z with exit-code 0.
...
