000 (453.755.000) 2022-04-05 18:55:39 Job submitted from host: <10.18.24.243:9618?addrs=10.18.24.243-9618&alias=ecoclusts01.bioclust.biologie.ens.fr&noUDP&sock=schedd_1052_29b8>
...
001 (453.755.000) 2022-04-06 17:17:26 Job executing on host: <10.18.24.99:9618?addrs=10.18.24.99-9618&alias=ecoclust04.bioclust.biologie.ens.fr&noUDP&sock=startd_1045_5c8e>
...
006 (453.755.000) 2022-04-06 17:17:35 Image size of job updated: 214456
	55  -  MemoryUsage of job (MB)
	56172  -  ResidentSetSize of job (KB)
...
006 (453.755.000) 2022-04-06 17:22:35 Image size of job updated: 753396
	317  -  MemoryUsage of job (MB)
	324352  -  ResidentSetSize of job (KB)
...
006 (453.755.000) 2022-04-06 17:42:36 Image size of job updated: 774644
	317  -  MemoryUsage of job (MB)
	324352  -  ResidentSetSize of job (KB)
...
006 (453.755.000) 2022-04-06 19:47:49 Image size of job updated: 774900
	317  -  MemoryUsage of job (MB)
	324440  -  ResidentSetSize of job (KB)
...
006 (453.755.000) 2022-04-06 20:02:51 Image size of job updated: 774900
	317  -  MemoryUsage of job (MB)
	324572  -  ResidentSetSize of job (KB)
...
006 (453.755.000) 2022-04-06 20:17:52 Image size of job updated: 775156
	317  -  MemoryUsage of job (MB)
	324572  -  ResidentSetSize of job (KB)
...
006 (453.755.000) 2022-04-06 20:22:52 Image size of job updated: 775156
	318  -  MemoryUsage of job (MB)
	324704  -  ResidentSetSize of job (KB)
...
006 (453.755.000) 2022-04-06 20:37:54 Image size of job updated: 775156
	318  -  MemoryUsage of job (MB)
	324836  -  ResidentSetSize of job (KB)
...
006 (453.755.000) 2022-04-06 20:52:56 Image size of job updated: 775412
	318  -  MemoryUsage of job (MB)
	324968  -  ResidentSetSize of job (KB)
...
006 (453.755.000) 2022-04-06 21:07:57 Image size of job updated: 775412
	318  -  MemoryUsage of job (MB)
	325100  -  ResidentSetSize of job (KB)
...
006 (453.755.000) 2022-04-06 21:22:58 Image size of job updated: 775668
	318  -  MemoryUsage of job (MB)
	325100  -  ResidentSetSize of job (KB)
...
006 (453.755.000) 2022-04-06 21:27:58 Image size of job updated: 775668
	318  -  MemoryUsage of job (MB)
	325232  -  ResidentSetSize of job (KB)
...
006 (453.755.000) 2022-04-06 21:38:00 Image size of job updated: 775668
	318  -  MemoryUsage of job (MB)
	325364  -  ResidentSetSize of job (KB)
...
006 (453.755.000) 2022-04-06 21:48:00 Image size of job updated: 775924
	318  -  MemoryUsage of job (MB)
	325496  -  ResidentSetSize of job (KB)
...
006 (453.755.000) 2022-04-06 22:03:02 Image size of job updated: 775924
	318  -  MemoryUsage of job (MB)
	325628  -  ResidentSetSize of job (KB)
...
006 (453.755.000) 2022-04-06 22:13:04 Image size of job updated: 776180
	318  -  MemoryUsage of job (MB)
	325628  -  ResidentSetSize of job (KB)
...
006 (453.755.000) 2022-04-06 22:18:04 Image size of job updated: 776180
	319  -  MemoryUsage of job (MB)
	325760  -  ResidentSetSize of job (KB)
...
006 (453.755.000) 2022-04-06 22:28:06 Image size of job updated: 776180
	319  -  MemoryUsage of job (MB)
	325892  -  ResidentSetSize of job (KB)
...
006 (453.755.000) 2022-04-06 22:33:06 Image size of job updated: 776436
	319  -  MemoryUsage of job (MB)
	325892  -  ResidentSetSize of job (KB)
...
006 (453.755.000) 2022-04-06 22:38:06 Image size of job updated: 776436
	319  -  MemoryUsage of job (MB)
	326024  -  ResidentSetSize of job (KB)
...
006 (453.755.000) 2022-04-06 22:53:08 Image size of job updated: 776436
	319  -  MemoryUsage of job (MB)
	326156  -  ResidentSetSize of job (KB)
...
006 (453.755.000) 2022-04-06 22:58:09 Image size of job updated: 776692
	319  -  MemoryUsage of job (MB)
	326156  -  ResidentSetSize of job (KB)
...
006 (453.755.000) 2022-04-06 23:03:10 Image size of job updated: 776692
	319  -  MemoryUsage of job (MB)
	326288  -  ResidentSetSize of job (KB)
...
006 (453.755.000) 2022-04-06 23:13:11 Image size of job updated: 776692
	319  -  MemoryUsage of job (MB)
	326420  -  ResidentSetSize of job (KB)
...
006 (453.755.000) 2022-04-06 23:18:12 Image size of job updated: 776948
	319  -  MemoryUsage of job (MB)
	326420  -  ResidentSetSize of job (KB)
...
006 (453.755.000) 2022-04-06 23:23:12 Image size of job updated: 776948
	319  -  MemoryUsage of job (MB)
	326552  -  ResidentSetSize of job (KB)
...
006 (453.755.000) 2022-04-06 23:53:16 Image size of job updated: 776948
	320  -  MemoryUsage of job (MB)
	326684  -  ResidentSetSize of job (KB)
...
006 (453.755.000) 2022-04-06 23:58:16 Image size of job updated: 777204
	320  -  MemoryUsage of job (MB)
	326684  -  ResidentSetSize of job (KB)
...
006 (453.755.000) 2022-04-07 00:03:17 Image size of job updated: 777204
	320  -  MemoryUsage of job (MB)
	326816  -  ResidentSetSize of job (KB)
...
006 (453.755.000) 2022-04-07 00:13:18 Image size of job updated: 777204
	320  -  MemoryUsage of job (MB)
	326948  -  ResidentSetSize of job (KB)
...
006 (453.755.000) 2022-04-07 00:18:19 Image size of job updated: 777460
	320  -  MemoryUsage of job (MB)
	326948  -  ResidentSetSize of job (KB)
...
006 (453.755.000) 2022-04-07 00:23:20 Image size of job updated: 777460
	320  -  MemoryUsage of job (MB)
	327080  -  ResidentSetSize of job (KB)
...
006 (453.755.000) 2022-04-07 00:38:22 Image size of job updated: 777716
	320  -  MemoryUsage of job (MB)
	327212  -  ResidentSetSize of job (KB)
...
006 (453.755.000) 2022-04-07 00:48:23 Image size of job updated: 777716
	320  -  MemoryUsage of job (MB)
	327344  -  ResidentSetSize of job (KB)
...
006 (453.755.000) 2022-04-07 00:58:24 Image size of job updated: 777716
	320  -  MemoryUsage of job (MB)
	327476  -  ResidentSetSize of job (KB)
...
006 (453.755.000) 2022-04-07 01:03:24 Image size of job updated: 777972
	320  -  MemoryUsage of job (MB)
	327476  -  ResidentSetSize of job (KB)
...
006 (453.755.000) 2022-04-07 01:08:24 Image size of job updated: 777972
	320  -  MemoryUsage of job (MB)
	327608  -  ResidentSetSize of job (KB)
...
006 (453.755.000) 2022-04-07 01:18:26 Image size of job updated: 778228
	321  -  MemoryUsage of job (MB)
	327740  -  ResidentSetSize of job (KB)
...
006 (453.755.000) 2022-04-07 01:28:28 Image size of job updated: 778228
	321  -  MemoryUsage of job (MB)
	327872  -  ResidentSetSize of job (KB)
...
006 (453.755.000) 2022-04-07 01:38:29 Image size of job updated: 778484
	321  -  MemoryUsage of job (MB)
	328004  -  ResidentSetSize of job (KB)
...
006 (453.755.000) 2022-04-07 01:48:31 Image size of job updated: 778484
	321  -  MemoryUsage of job (MB)
	328136  -  ResidentSetSize of job (KB)
...
006 (453.755.000) 2022-04-07 01:58:31 Image size of job updated: 778740
	321  -  MemoryUsage of job (MB)
	328268  -  ResidentSetSize of job (KB)
...
006 (453.755.000) 2022-04-07 02:08:33 Image size of job updated: 778740
	321  -  MemoryUsage of job (MB)
	328400  -  ResidentSetSize of job (KB)
...
006 (453.755.000) 2022-04-07 02:18:34 Image size of job updated: 778996
	321  -  MemoryUsage of job (MB)
	328532  -  ResidentSetSize of job (KB)
...
006 (453.755.000) 2022-04-07 02:23:35 Image size of job updated: 778996
	321  -  MemoryUsage of job (MB)
	328664  -  ResidentSetSize of job (KB)
...
006 (453.755.000) 2022-04-07 02:38:37 Image size of job updated: 779252
	322  -  MemoryUsage of job (MB)
	328796  -  ResidentSetSize of job (KB)
...
006 (453.755.000) 2022-04-07 02:48:37 Image size of job updated: 779252
	322  -  MemoryUsage of job (MB)
	328928  -  ResidentSetSize of job (KB)
...
006 (453.755.000) 2022-04-07 02:58:39 Image size of job updated: 779508
	322  -  MemoryUsage of job (MB)
	329060  -  ResidentSetSize of job (KB)
...
006 (453.755.000) 2022-04-07 03:08:40 Image size of job updated: 779508
	322  -  MemoryUsage of job (MB)
	329192  -  ResidentSetSize of job (KB)
...
005 (453.755.000) 2022-04-07 03:15:54 Job terminated.
	(1) Normal termination (return value 0)
		Usr 0 09:56:00, Sys 0 00:01:02  -  Run Remote Usage
		Usr 0 00:00:00, Sys 0 00:00:00  -  Run Local Usage
		Usr 0 09:56:00, Sys 0 00:01:02  -  Total Remote Usage
		Usr 0 00:00:00, Sys 0 00:00:00  -  Total Local Usage
	0  -  Run Bytes Sent By Job
	0  -  Run Bytes Received By Job
	0  -  Total Bytes Sent By Job
	0  -  Total Bytes Received By Job
	Partitionable Resources :    Usage  Request Allocated 
	   Cpus                 :     1.00        1         1 
	   Disk (KB)            :  7500        7500     10998 
	   Memory (MB)          :   322        1024      1024 

	Job terminated of its own accord at 2022-04-07T01:15:54Z with exit-code 0.
...
