000 (453.064.000) 2022-04-05 18:55:36 Job submitted from host: <10.18.24.243:9618?addrs=10.18.24.243-9618&alias=ecoclusts01.bioclust.biologie.ens.fr&noUDP&sock=schedd_1052_29b8>
...
001 (453.064.000) 2022-04-06 05:08:59 Job executing on host: <10.18.24.142:9618?addrs=10.18.24.142-9618&alias=dyoclust15.bioclust.biologie.ens.fr&noUDP&sock=startd_768_5cd3>
...
006 (453.064.000) 2022-04-06 05:09:08 Image size of job updated: 230672
	226  -  MemoryUsage of job (MB)
	230672  -  ResidentSetSize of job (KB)
...
006 (453.064.000) 2022-04-06 05:14:09 Image size of job updated: 741624
	317  -  MemoryUsage of job (MB)
	324040  -  ResidentSetSize of job (KB)
...
005 (453.064.000) 2022-04-06 05:16:44 Job terminated.
	(1) Normal termination (return value 0)
		Usr 0 00:07:15, Sys 0 00:00:24  -  Run Remote Usage
		Usr 0 00:00:00, Sys 0 00:00:00  -  Run Local Usage
		Usr 0 00:07:15, Sys 0 00:00:24  -  Total Remote Usage
		Usr 0 00:00:00, Sys 0 00:00:00  -  Total Local Usage
	0  -  Run Bytes Sent By Job
	0  -  Run Bytes Received By Job
	0  -  Total Bytes Sent By Job
	0  -  Total Bytes Received By Job
	Partitionable Resources :    Usage  Request Allocated 
	   Cpus                 :     1.00        1         1 
	   Disk (KB)            :  7500        7500     10998 
	   Memory (MB)          :   317        1024      1024 

	Job terminated of its own accord at 2022-04-06T03:16:44Z with exit-code 0.
...
