000 (453.788.000) 2022-04-05 18:55:39 Job submitted from host: <10.18.24.243:9618?addrs=10.18.24.243-9618&alias=ecoclusts01.bioclust.biologie.ens.fr&noUDP&sock=schedd_1052_29b8>
...
001 (453.788.000) 2022-04-06 17:49:47 Job executing on host: <10.18.24.136:9618?addrs=10.18.24.136-9618&alias=dyoclust09.bioclust.biologie.ens.fr&noUDP&sock=startd_808_cc9c>
...
006 (453.788.000) 2022-04-06 17:49:56 Image size of job updated: 126984
	125  -  MemoryUsage of job (MB)
	126984  -  ResidentSetSize of job (KB)
...
006 (453.788.000) 2022-04-06 17:54:56 Image size of job updated: 741876
	317  -  MemoryUsage of job (MB)
	324320  -  ResidentSetSize of job (KB)
...
006 (453.788.000) 2022-04-06 17:59:57 Image size of job updated: 774644
	317  -  MemoryUsage of job (MB)
	324320  -  ResidentSetSize of job (KB)
...
006 (453.788.000) 2022-04-06 18:40:02 Image size of job updated: 774900
	317  -  MemoryUsage of job (MB)
	324584  -  ResidentSetSize of job (KB)
...
006 (453.788.000) 2022-04-06 18:45:02 Image size of job updated: 775156
	318  -  MemoryUsage of job (MB)
	324716  -  ResidentSetSize of job (KB)
...
006 (453.788.000) 2022-04-06 18:50:02 Image size of job updated: 775412
	318  -  MemoryUsage of job (MB)
	324980  -  ResidentSetSize of job (KB)
...
006 (453.788.000) 2022-04-06 18:55:03 Image size of job updated: 775668
	318  -  MemoryUsage of job (MB)
	325112  -  ResidentSetSize of job (KB)
...
006 (453.788.000) 2022-04-06 19:00:04 Image size of job updated: 775668
	318  -  MemoryUsage of job (MB)
	325376  -  ResidentSetSize of job (KB)
...
006 (453.788.000) 2022-04-06 19:05:04 Image size of job updated: 775924
	318  -  MemoryUsage of job (MB)
	325508  -  ResidentSetSize of job (KB)
...
006 (453.788.000) 2022-04-06 19:10:05 Image size of job updated: 776180
	319  -  MemoryUsage of job (MB)
	325772  -  ResidentSetSize of job (KB)
...
006 (453.788.000) 2022-04-06 19:15:06 Image size of job updated: 776436
	319  -  MemoryUsage of job (MB)
	325904  -  ResidentSetSize of job (KB)
...
006 (453.788.000) 2022-04-06 19:20:06 Image size of job updated: 776436
	319  -  MemoryUsage of job (MB)
	326168  -  ResidentSetSize of job (KB)
...
006 (453.788.000) 2022-04-06 19:25:06 Image size of job updated: 776692
	319  -  MemoryUsage of job (MB)
	326300  -  ResidentSetSize of job (KB)
...
006 (453.788.000) 2022-04-06 19:30:07 Image size of job updated: 776948
	319  -  MemoryUsage of job (MB)
	326564  -  ResidentSetSize of job (KB)
...
006 (453.788.000) 2022-04-06 19:45:09 Image size of job updated: 777204
	320  -  MemoryUsage of job (MB)
	326696  -  ResidentSetSize of job (KB)
...
006 (453.788.000) 2022-04-06 19:50:10 Image size of job updated: 777460
	320  -  MemoryUsage of job (MB)
	326960  -  ResidentSetSize of job (KB)
...
006 (453.788.000) 2022-04-06 19:55:10 Image size of job updated: 777460
	320  -  MemoryUsage of job (MB)
	327092  -  ResidentSetSize of job (KB)
...
006 (453.788.000) 2022-04-06 20:00:10 Image size of job updated: 777716
	320  -  MemoryUsage of job (MB)
	327224  -  ResidentSetSize of job (KB)
...
006 (453.788.000) 2022-04-06 20:05:11 Image size of job updated: 777972
	320  -  MemoryUsage of job (MB)
	327488  -  ResidentSetSize of job (KB)
...
006 (453.788.000) 2022-04-06 20:10:11 Image size of job updated: 777972
	320  -  MemoryUsage of job (MB)
	327620  -  ResidentSetSize of job (KB)
...
006 (453.788.000) 2022-04-06 20:15:11 Image size of job updated: 778228
	321  -  MemoryUsage of job (MB)
	327752  -  ResidentSetSize of job (KB)
...
006 (453.788.000) 2022-04-06 20:20:12 Image size of job updated: 778484
	321  -  MemoryUsage of job (MB)
	328016  -  ResidentSetSize of job (KB)
...
006 (453.788.000) 2022-04-06 20:25:13 Image size of job updated: 778484
	321  -  MemoryUsage of job (MB)
	328148  -  ResidentSetSize of job (KB)
...
006 (453.788.000) 2022-04-06 20:30:13 Image size of job updated: 778740
	321  -  MemoryUsage of job (MB)
	328280  -  ResidentSetSize of job (KB)
...
006 (453.788.000) 2022-04-06 20:35:13 Image size of job updated: 778996
	321  -  MemoryUsage of job (MB)
	328412  -  ResidentSetSize of job (KB)
...
006 (453.788.000) 2022-04-06 20:40:14 Image size of job updated: 778996
	321  -  MemoryUsage of job (MB)
	328676  -  ResidentSetSize of job (KB)
...
006 (453.788.000) 2022-04-06 20:45:14 Image size of job updated: 779252
	322  -  MemoryUsage of job (MB)
	328808  -  ResidentSetSize of job (KB)
...
006 (453.788.000) 2022-04-06 20:50:14 Image size of job updated: 779252
	322  -  MemoryUsage of job (MB)
	328940  -  ResidentSetSize of job (KB)
...
006 (453.788.000) 2022-04-06 20:55:15 Image size of job updated: 779508
	322  -  MemoryUsage of job (MB)
	329072  -  ResidentSetSize of job (KB)
...
006 (453.788.000) 2022-04-06 20:58:59 Image size of job updated: 779764
	322  -  MemoryUsage of job (MB)
	329072  -  ResidentSetSize of job (KB)
...
005 (453.788.000) 2022-04-06 20:58:59 Job terminated.
	(1) Normal termination (return value 0)
		Usr 0 03:08:07, Sys 0 00:00:22  -  Run Remote Usage
		Usr 0 00:00:00, Sys 0 00:00:00  -  Run Local Usage
		Usr 0 03:08:07, Sys 0 00:00:22  -  Total Remote Usage
		Usr 0 00:00:00, Sys 0 00:00:00  -  Total Local Usage
	0  -  Run Bytes Sent By Job
	0  -  Run Bytes Received By Job
	0  -  Total Bytes Sent By Job
	0  -  Total Bytes Received By Job
	Partitionable Resources :    Usage  Request Allocated 
	   Cpus                 :     1.00        1         1 
	   Disk (KB)            :  7500        7500     10998 
	   Memory (MB)          :   322        1024      1024 

	Job terminated of its own accord at 2022-04-06T18:58:59Z with exit-code 0.
...
