000 (453.935.000) 2022-04-05 18:55:40 Job submitted from host: <10.18.24.243:9618?addrs=10.18.24.243-9618&alias=ecoclusts01.bioclust.biologie.ens.fr&noUDP&sock=schedd_1052_29b8>
...
001 (453.935.000) 2022-04-06 22:42:26 Job executing on host: <10.18.24.131:9618?addrs=10.18.24.131-9618&alias=dyoclust04.bioclust.biologie.ens.fr&noUDP&sock=startd_807_1d04>
...
006 (453.935.000) 2022-04-06 22:42:35 Image size of job updated: 197288
	69  -  MemoryUsage of job (MB)
	70064  -  ResidentSetSize of job (KB)
...
006 (453.935.000) 2022-04-06 22:47:35 Image size of job updated: 825856
	308  -  MemoryUsage of job (MB)
	314848  -  ResidentSetSize of job (KB)
...
006 (453.935.000) 2022-04-06 22:52:36 Image size of job updated: 825856
	317  -  MemoryUsage of job (MB)
	324360  -  ResidentSetSize of job (KB)
...
006 (453.935.000) 2022-04-07 01:02:48 Image size of job updated: 825856
	317  -  MemoryUsage of job (MB)
	324492  -  ResidentSetSize of job (KB)
...
006 (453.935.000) 2022-04-07 01:37:53 Image size of job updated: 825856
	318  -  MemoryUsage of job (MB)
	324624  -  ResidentSetSize of job (KB)
...
006 (453.935.000) 2022-04-07 02:17:56 Image size of job updated: 825856
	318  -  MemoryUsage of job (MB)
	324756  -  ResidentSetSize of job (KB)
...
006 (453.935.000) 2022-04-07 02:47:59 Image size of job updated: 825856
	318  -  MemoryUsage of job (MB)
	324888  -  ResidentSetSize of job (KB)
...
006 (453.935.000) 2022-04-07 03:23:02 Image size of job updated: 825856
	318  -  MemoryUsage of job (MB)
	325020  -  ResidentSetSize of job (KB)
...
006 (453.935.000) 2022-04-07 04:03:05 Image size of job updated: 825856
	318  -  MemoryUsage of job (MB)
	325152  -  ResidentSetSize of job (KB)
...
006 (453.935.000) 2022-04-07 04:33:08 Image size of job updated: 825856
	318  -  MemoryUsage of job (MB)
	325284  -  ResidentSetSize of job (KB)
...
006 (453.935.000) 2022-04-07 05:08:11 Image size of job updated: 825856
	318  -  MemoryUsage of job (MB)
	325416  -  ResidentSetSize of job (KB)
...
006 (453.935.000) 2022-04-07 05:38:14 Image size of job updated: 825856
	318  -  MemoryUsage of job (MB)
	325548  -  ResidentSetSize of job (KB)
...
006 (453.935.000) 2022-04-07 06:18:19 Image size of job updated: 825856
	319  -  MemoryUsage of job (MB)
	325680  -  ResidentSetSize of job (KB)
...
006 (453.935.000) 2022-04-07 06:48:22 Image size of job updated: 825856
	319  -  MemoryUsage of job (MB)
	325812  -  ResidentSetSize of job (KB)
...
006 (453.935.000) 2022-04-07 07:18:25 Image size of job updated: 825856
	319  -  MemoryUsage of job (MB)
	325944  -  ResidentSetSize of job (KB)
...
006 (453.935.000) 2022-04-07 07:58:30 Image size of job updated: 825856
	319  -  MemoryUsage of job (MB)
	326076  -  ResidentSetSize of job (KB)
...
006 (453.935.000) 2022-04-07 08:23:33 Image size of job updated: 825856
	319  -  MemoryUsage of job (MB)
	326208  -  ResidentSetSize of job (KB)
...
006 (453.935.000) 2022-04-07 09:03:37 Image size of job updated: 825856
	319  -  MemoryUsage of job (MB)
	326340  -  ResidentSetSize of job (KB)
...
006 (453.935.000) 2022-04-07 09:33:40 Image size of job updated: 825856
	319  -  MemoryUsage of job (MB)
	326472  -  ResidentSetSize of job (KB)
...
006 (453.935.000) 2022-04-07 10:03:43 Image size of job updated: 825856
	319  -  MemoryUsage of job (MB)
	326604  -  ResidentSetSize of job (KB)
...
006 (453.935.000) 2022-04-07 11:53:54 Image size of job updated: 825856
	320  -  MemoryUsage of job (MB)
	326736  -  ResidentSetSize of job (KB)
...
006 (453.935.000) 2022-04-07 12:33:59 Image size of job updated: 825856
	320  -  MemoryUsage of job (MB)
	326868  -  ResidentSetSize of job (KB)
...
006 (453.935.000) 2022-04-07 13:14:03 Image size of job updated: 825856
	320  -  MemoryUsage of job (MB)
	327000  -  ResidentSetSize of job (KB)
...
006 (453.935.000) 2022-04-07 13:44:05 Image size of job updated: 825856
	320  -  MemoryUsage of job (MB)
	327132  -  ResidentSetSize of job (KB)
...
006 (453.935.000) 2022-04-07 14:24:09 Image size of job updated: 825856
	320  -  MemoryUsage of job (MB)
	327264  -  ResidentSetSize of job (KB)
...
006 (453.935.000) 2022-04-07 15:04:12 Image size of job updated: 825856
	320  -  MemoryUsage of job (MB)
	327396  -  ResidentSetSize of job (KB)
...
006 (453.935.000) 2022-04-07 15:34:15 Image size of job updated: 825856
	320  -  MemoryUsage of job (MB)
	327528  -  ResidentSetSize of job (KB)
...
006 (453.935.000) 2022-04-07 16:14:19 Image size of job updated: 825856
	320  -  MemoryUsage of job (MB)
	327660  -  ResidentSetSize of job (KB)
...
006 (453.935.000) 2022-04-07 16:44:23 Image size of job updated: 825856
	321  -  MemoryUsage of job (MB)
	327792  -  ResidentSetSize of job (KB)
...
006 (453.935.000) 2022-04-07 17:24:27 Image size of job updated: 825856
	321  -  MemoryUsage of job (MB)
	327924  -  ResidentSetSize of job (KB)
...
006 (453.935.000) 2022-04-07 17:54:30 Image size of job updated: 825856
	321  -  MemoryUsage of job (MB)
	328056  -  ResidentSetSize of job (KB)
...
006 (453.935.000) 2022-04-07 18:34:34 Image size of job updated: 825856
	321  -  MemoryUsage of job (MB)
	328188  -  ResidentSetSize of job (KB)
...
006 (453.935.000) 2022-04-07 19:14:38 Image size of job updated: 825856
	321  -  MemoryUsage of job (MB)
	328320  -  ResidentSetSize of job (KB)
...
006 (453.935.000) 2022-04-07 19:39:40 Image size of job updated: 825856
	321  -  MemoryUsage of job (MB)
	328452  -  ResidentSetSize of job (KB)
...
006 (453.935.000) 2022-04-07 20:19:44 Image size of job updated: 825856
	321  -  MemoryUsage of job (MB)
	328584  -  ResidentSetSize of job (KB)
...
006 (453.935.000) 2022-04-07 20:49:48 Image size of job updated: 825856
	322  -  MemoryUsage of job (MB)
	328716  -  ResidentSetSize of job (KB)
...
006 (453.935.000) 2022-04-07 21:29:52 Image size of job updated: 825856
	322  -  MemoryUsage of job (MB)
	328848  -  ResidentSetSize of job (KB)
...
006 (453.935.000) 2022-04-07 22:09:56 Image size of job updated: 825856
	322  -  MemoryUsage of job (MB)
	328980  -  ResidentSetSize of job (KB)
...
006 (453.935.000) 2022-04-07 22:39:58 Image size of job updated: 825856
	322  -  MemoryUsage of job (MB)
	329112  -  ResidentSetSize of job (KB)
...
006 (453.935.000) 2022-04-07 23:20:02 Image size of job updated: 825856
	322  -  MemoryUsage of job (MB)
	329244  -  ResidentSetSize of job (KB)
...
005 (453.935.000) 2022-04-07 23:46:05 Job terminated.
	(1) Normal termination (return value 0)
		Usr 1 00:53:37, Sys 0 00:01:22  -  Run Remote Usage
		Usr 0 00:00:00, Sys 0 00:00:00  -  Run Local Usage
		Usr 1 00:53:37, Sys 0 00:01:22  -  Total Remote Usage
		Usr 0 00:00:00, Sys 0 00:00:00  -  Total Local Usage
	0  -  Run Bytes Sent By Job
	0  -  Run Bytes Received By Job
	0  -  Total Bytes Sent By Job
	0  -  Total Bytes Received By Job
	Partitionable Resources :    Usage  Request Allocated 
	   Cpus                 :     1.00        1         1 
	   Disk (KB)            :  7500        7500     10998 
	   Memory (MB)          :   322        1024      1024 

	Job terminated of its own accord at 2022-04-07T21:46:05Z with exit-code 0.
...
