000 (453.819.000) 2022-04-05 18:55:40 Job submitted from host: <10.18.24.243:9618?addrs=10.18.24.243-9618&alias=ecoclusts01.bioclust.biologie.ens.fr&noUDP&sock=schedd_1052_29b8>
...
001 (453.819.000) 2022-04-06 18:26:54 Job executing on host: <10.18.24.108:9618?addrs=10.18.24.108-9618&alias=ecoclust13.bioclust.biologie.ens.fr&noUDP&sock=startd_1053_d950>
...
006 (453.819.000) 2022-04-06 18:27:02 Image size of job updated: 236000
	65  -  MemoryUsage of job (MB)
	65948  -  ResidentSetSize of job (KB)
...
006 (453.819.000) 2022-04-06 18:32:02 Image size of job updated: 741620
	300  -  MemoryUsage of job (MB)
	306968  -  ResidentSetSize of job (KB)
...
006 (453.819.000) 2022-04-06 18:37:03 Image size of job updated: 741620
	317  -  MemoryUsage of job (MB)
	324012  -  ResidentSetSize of job (KB)
...
006 (453.819.000) 2022-04-06 18:42:04 Image size of job updated: 741620
	317  -  MemoryUsage of job (MB)
	324056  -  ResidentSetSize of job (KB)
...
006 (453.819.000) 2022-04-06 18:47:04 Image size of job updated: 774388
	317  -  MemoryUsage of job (MB)
	324144  -  ResidentSetSize of job (KB)
...
006 (453.819.000) 2022-04-06 19:57:11 Image size of job updated: 774644
	317  -  MemoryUsage of job (MB)
	324144  -  ResidentSetSize of job (KB)
...
006 (453.819.000) 2022-04-06 20:02:12 Image size of job updated: 774644
	317  -  MemoryUsage of job (MB)
	324276  -  ResidentSetSize of job (KB)
...
006 (453.819.000) 2022-04-06 20:07:13 Image size of job updated: 774900
	317  -  MemoryUsage of job (MB)
	324408  -  ResidentSetSize of job (KB)
...
006 (453.819.000) 2022-04-06 20:17:14 Image size of job updated: 774900
	317  -  MemoryUsage of job (MB)
	324540  -  ResidentSetSize of job (KB)
...
006 (453.819.000) 2022-04-06 20:27:15 Image size of job updated: 775156
	318  -  MemoryUsage of job (MB)
	324672  -  ResidentSetSize of job (KB)
...
006 (453.819.000) 2022-04-06 20:37:16 Image size of job updated: 775156
	318  -  MemoryUsage of job (MB)
	324804  -  ResidentSetSize of job (KB)
...
006 (453.819.000) 2022-04-06 20:42:16 Image size of job updated: 775412
	318  -  MemoryUsage of job (MB)
	324936  -  ResidentSetSize of job (KB)
...
006 (453.819.000) 2022-04-06 20:47:16 Image size of job updated: 775412
	318  -  MemoryUsage of job (MB)
	325068  -  ResidentSetSize of job (KB)
...
006 (453.819.000) 2022-04-06 20:52:17 Image size of job updated: 775668
	318  -  MemoryUsage of job (MB)
	325200  -  ResidentSetSize of job (KB)
...
006 (453.819.000) 2022-04-06 20:57:18 Image size of job updated: 775668
	318  -  MemoryUsage of job (MB)
	325332  -  ResidentSetSize of job (KB)
...
006 (453.819.000) 2022-04-06 21:02:18 Image size of job updated: 775924
	318  -  MemoryUsage of job (MB)
	325464  -  ResidentSetSize of job (KB)
...
006 (453.819.000) 2022-04-06 21:07:19 Image size of job updated: 775924
	318  -  MemoryUsage of job (MB)
	325596  -  ResidentSetSize of job (KB)
...
006 (453.819.000) 2022-04-06 21:12:20 Image size of job updated: 776180
	319  -  MemoryUsage of job (MB)
	325728  -  ResidentSetSize of job (KB)
...
006 (453.819.000) 2022-04-06 21:17:20 Image size of job updated: 776180
	319  -  MemoryUsage of job (MB)
	325860  -  ResidentSetSize of job (KB)
...
006 (453.819.000) 2022-04-06 21:22:20 Image size of job updated: 776436
	319  -  MemoryUsage of job (MB)
	325992  -  ResidentSetSize of job (KB)
...
006 (453.819.000) 2022-04-06 21:27:22 Image size of job updated: 776692
	319  -  MemoryUsage of job (MB)
	326124  -  ResidentSetSize of job (KB)
...
006 (453.819.000) 2022-04-06 21:32:22 Image size of job updated: 776692
	319  -  MemoryUsage of job (MB)
	326256  -  ResidentSetSize of job (KB)
...
006 (453.819.000) 2022-04-06 21:37:22 Image size of job updated: 776948
	319  -  MemoryUsage of job (MB)
	326388  -  ResidentSetSize of job (KB)
...
006 (453.819.000) 2022-04-06 21:42:23 Image size of job updated: 776948
	319  -  MemoryUsage of job (MB)
	326520  -  ResidentSetSize of job (KB)
...
006 (453.819.000) 2022-04-06 22:02:25 Image size of job updated: 776948
	319  -  MemoryUsage of job (MB)
	326652  -  ResidentSetSize of job (KB)
...
006 (453.819.000) 2022-04-06 22:07:25 Image size of job updated: 777204
	319  -  MemoryUsage of job (MB)
	326652  -  ResidentSetSize of job (KB)
...
006 (453.819.000) 2022-04-06 22:12:25 Image size of job updated: 777204
	320  -  MemoryUsage of job (MB)
	326784  -  ResidentSetSize of job (KB)
...
006 (453.819.000) 2022-04-06 22:17:26 Image size of job updated: 777204
	320  -  MemoryUsage of job (MB)
	326916  -  ResidentSetSize of job (KB)
...
006 (453.819.000) 2022-04-06 22:22:27 Image size of job updated: 777460
	320  -  MemoryUsage of job (MB)
	326916  -  ResidentSetSize of job (KB)
...
006 (453.819.000) 2022-04-06 22:27:27 Image size of job updated: 777460
	320  -  MemoryUsage of job (MB)
	327048  -  ResidentSetSize of job (KB)
...
006 (453.819.000) 2022-04-06 22:32:27 Image size of job updated: 777460
	320  -  MemoryUsage of job (MB)
	327180  -  ResidentSetSize of job (KB)
...
006 (453.819.000) 2022-04-06 22:37:28 Image size of job updated: 777716
	320  -  MemoryUsage of job (MB)
	327312  -  ResidentSetSize of job (KB)
...
006 (453.819.000) 2022-04-06 22:47:29 Image size of job updated: 777972
	320  -  MemoryUsage of job (MB)
	327444  -  ResidentSetSize of job (KB)
...
006 (453.819.000) 2022-04-06 22:52:30 Image size of job updated: 777972
	320  -  MemoryUsage of job (MB)
	327576  -  ResidentSetSize of job (KB)
...
006 (453.819.000) 2022-04-06 22:57:31 Image size of job updated: 777972
	321  -  MemoryUsage of job (MB)
	327708  -  ResidentSetSize of job (KB)
...
006 (453.819.000) 2022-04-06 23:02:31 Image size of job updated: 778228
	321  -  MemoryUsage of job (MB)
	327708  -  ResidentSetSize of job (KB)
...
006 (453.819.000) 2022-04-06 23:07:32 Image size of job updated: 778228
	321  -  MemoryUsage of job (MB)
	327840  -  ResidentSetSize of job (KB)
...
006 (453.819.000) 2022-04-06 23:12:33 Image size of job updated: 778484
	321  -  MemoryUsage of job (MB)
	327972  -  ResidentSetSize of job (KB)
...
006 (453.819.000) 2022-04-06 23:17:33 Image size of job updated: 778484
	321  -  MemoryUsage of job (MB)
	328104  -  ResidentSetSize of job (KB)
...
006 (453.819.000) 2022-04-06 23:22:33 Image size of job updated: 778484
	321  -  MemoryUsage of job (MB)
	328236  -  ResidentSetSize of job (KB)
...
006 (453.819.000) 2022-04-06 23:27:34 Image size of job updated: 778740
	321  -  MemoryUsage of job (MB)
	328368  -  ResidentSetSize of job (KB)
...
006 (453.819.000) 2022-04-06 23:32:35 Image size of job updated: 778996
	321  -  MemoryUsage of job (MB)
	328500  -  ResidentSetSize of job (KB)
...
006 (453.819.000) 2022-04-06 23:42:36 Image size of job updated: 778996
	321  -  MemoryUsage of job (MB)
	328632  -  ResidentSetSize of job (KB)
...
006 (453.819.000) 2022-04-06 23:47:37 Image size of job updated: 779252
	322  -  MemoryUsage of job (MB)
	328764  -  ResidentSetSize of job (KB)
...
006 (453.819.000) 2022-04-06 23:57:37 Image size of job updated: 779252
	322  -  MemoryUsage of job (MB)
	328896  -  ResidentSetSize of job (KB)
...
006 (453.819.000) 2022-04-07 00:02:38 Image size of job updated: 779508
	322  -  MemoryUsage of job (MB)
	329028  -  ResidentSetSize of job (KB)
...
006 (453.819.000) 2022-04-07 00:12:39 Image size of job updated: 779508
	322  -  MemoryUsage of job (MB)
	329160  -  ResidentSetSize of job (KB)
...
005 (453.819.000) 2022-04-07 00:15:12 Job terminated.
	(1) Normal termination (return value 0)
		Usr 0 05:47:36, Sys 0 00:00:35  -  Run Remote Usage
		Usr 0 00:00:00, Sys 0 00:00:00  -  Run Local Usage
		Usr 0 05:47:36, Sys 0 00:00:35  -  Total Remote Usage
		Usr 0 00:00:00, Sys 0 00:00:00  -  Total Local Usage
	0  -  Run Bytes Sent By Job
	0  -  Run Bytes Received By Job
	0  -  Total Bytes Sent By Job
	0  -  Total Bytes Received By Job
	Partitionable Resources :    Usage  Request Allocated 
	   Cpus                 :     1.00        1         1 
	   Disk (KB)            :  7500        7500     10998 
	   Memory (MB)          :   322        1024      1024 

	Job terminated of its own accord at 2022-04-06T22:15:12Z with exit-code 0.
...
