000 (453.166.000) 2022-04-05 18:55:37 Job submitted from host: <10.18.24.243:9618?addrs=10.18.24.243-9618&alias=ecoclusts01.bioclust.biologie.ens.fr&noUDP&sock=schedd_1052_29b8>
...
001 (453.166.000) 2022-04-06 06:29:02 Job executing on host: <10.18.24.138:9618?addrs=10.18.24.138-9618&alias=dyoclust11.bioclust.biologie.ens.fr&noUDP&sock=startd_801_ff73>
...
006 (453.166.000) 2022-04-06 06:29:10 Image size of job updated: 232208
	64  -  MemoryUsage of job (MB)
	64912  -  ResidentSetSize of job (KB)
...
006 (453.166.000) 2022-04-06 06:34:10 Image size of job updated: 896308
	305  -  MemoryUsage of job (MB)
	312276  -  ResidentSetSize of job (KB)
...
006 (453.166.000) 2022-04-06 06:44:11 Image size of job updated: 896308
	317  -  MemoryUsage of job (MB)
	324364  -  ResidentSetSize of job (KB)
...
006 (453.166.000) 2022-04-06 07:24:15 Image size of job updated: 896308
	317  -  MemoryUsage of job (MB)
	324496  -  ResidentSetSize of job (KB)
...
006 (453.166.000) 2022-04-06 07:29:16 Image size of job updated: 896308
	318  -  MemoryUsage of job (MB)
	324628  -  ResidentSetSize of job (KB)
...
006 (453.166.000) 2022-04-06 07:34:16 Image size of job updated: 896308
	318  -  MemoryUsage of job (MB)
	324892  -  ResidentSetSize of job (KB)
...
006 (453.166.000) 2022-04-06 07:39:16 Image size of job updated: 896308
	318  -  MemoryUsage of job (MB)
	325024  -  ResidentSetSize of job (KB)
...
006 (453.166.000) 2022-04-06 07:44:17 Image size of job updated: 896308
	318  -  MemoryUsage of job (MB)
	325288  -  ResidentSetSize of job (KB)
...
006 (453.166.000) 2022-04-06 07:49:18 Image size of job updated: 896308
	318  -  MemoryUsage of job (MB)
	325420  -  ResidentSetSize of job (KB)
...
006 (453.166.000) 2022-04-06 07:54:18 Image size of job updated: 896308
	319  -  MemoryUsage of job (MB)
	325684  -  ResidentSetSize of job (KB)
...
006 (453.166.000) 2022-04-06 07:59:19 Image size of job updated: 896308
	319  -  MemoryUsage of job (MB)
	325948  -  ResidentSetSize of job (KB)
...
006 (453.166.000) 2022-04-06 08:04:20 Image size of job updated: 896308
	319  -  MemoryUsage of job (MB)
	326212  -  ResidentSetSize of job (KB)
...
006 (453.166.000) 2022-04-06 08:09:20 Image size of job updated: 896308
	319  -  MemoryUsage of job (MB)
	326344  -  ResidentSetSize of job (KB)
...
006 (453.166.000) 2022-04-06 08:14:20 Image size of job updated: 896308
	319  -  MemoryUsage of job (MB)
	326608  -  ResidentSetSize of job (KB)
...
006 (453.166.000) 2022-04-06 08:24:21 Image size of job updated: 896308
	320  -  MemoryUsage of job (MB)
	326740  -  ResidentSetSize of job (KB)
...
006 (453.166.000) 2022-04-06 08:29:21 Image size of job updated: 896308
	320  -  MemoryUsage of job (MB)
	327004  -  ResidentSetSize of job (KB)
...
006 (453.166.000) 2022-04-06 08:34:22 Image size of job updated: 896308
	320  -  MemoryUsage of job (MB)
	327136  -  ResidentSetSize of job (KB)
...
006 (453.166.000) 2022-04-06 08:39:23 Image size of job updated: 896308
	320  -  MemoryUsage of job (MB)
	327400  -  ResidentSetSize of job (KB)
...
006 (453.166.000) 2022-04-06 08:44:23 Image size of job updated: 896308
	320  -  MemoryUsage of job (MB)
	327664  -  ResidentSetSize of job (KB)
...
006 (453.166.000) 2022-04-06 08:49:24 Image size of job updated: 896308
	321  -  MemoryUsage of job (MB)
	327796  -  ResidentSetSize of job (KB)
...
006 (453.166.000) 2022-04-06 08:54:25 Image size of job updated: 896308
	321  -  MemoryUsage of job (MB)
	328060  -  ResidentSetSize of job (KB)
...
006 (453.166.000) 2022-04-06 08:59:25 Image size of job updated: 896308
	321  -  MemoryUsage of job (MB)
	328324  -  ResidentSetSize of job (KB)
...
006 (453.166.000) 2022-04-06 09:04:25 Image size of job updated: 896308
	321  -  MemoryUsage of job (MB)
	328456  -  ResidentSetSize of job (KB)
...
006 (453.166.000) 2022-04-06 09:09:26 Image size of job updated: 896308
	322  -  MemoryUsage of job (MB)
	328720  -  ResidentSetSize of job (KB)
...
006 (453.166.000) 2022-04-06 09:14:26 Image size of job updated: 896308
	322  -  MemoryUsage of job (MB)
	328984  -  ResidentSetSize of job (KB)
...
006 (453.166.000) 2022-04-06 09:19:26 Image size of job updated: 896308
	322  -  MemoryUsage of job (MB)
	329116  -  ResidentSetSize of job (KB)
...
005 (453.166.000) 2022-04-06 09:22:41 Job terminated.
	(1) Normal termination (return value 0)
		Usr 0 02:51:16, Sys 0 00:00:54  -  Run Remote Usage
		Usr 0 00:00:00, Sys 0 00:00:00  -  Run Local Usage
		Usr 0 02:51:16, Sys 0 00:00:54  -  Total Remote Usage
		Usr 0 00:00:00, Sys 0 00:00:00  -  Total Local Usage
	0  -  Run Bytes Sent By Job
	0  -  Run Bytes Received By Job
	0  -  Total Bytes Sent By Job
	0  -  Total Bytes Received By Job
	Partitionable Resources :    Usage  Request Allocated 
	   Cpus                 :     1.00        1         1 
	   Disk (KB)            :  7500        7500     10998 
	   Memory (MB)          :   322        1024      1024 

	Job terminated of its own accord at 2022-04-06T07:22:41Z with exit-code 0.
...
