000 (453.495.000) 2022-04-05 18:55:38 Job submitted from host: <10.18.24.243:9618?addrs=10.18.24.243-9618&alias=ecoclusts01.bioclust.biologie.ens.fr&noUDP&sock=schedd_1052_29b8>
...
001 (453.495.000) 2022-04-06 11:38:07 Job executing on host: <10.18.24.135:9618?addrs=10.18.24.135-9618&alias=dyoclust08.bioclust.biologie.ens.fr&noUDP&sock=startd_793_82b1>
...
006 (453.495.000) 2022-04-06 11:38:16 Image size of job updated: 204820
	201  -  MemoryUsage of job (MB)
	204820  -  ResidentSetSize of job (KB)
...
006 (453.495.000) 2022-04-06 11:43:17 Image size of job updated: 741624
	317  -  MemoryUsage of job (MB)
	324164  -  ResidentSetSize of job (KB)
...
006 (453.495.000) 2022-04-06 11:48:18 Image size of job updated: 774392
	317  -  MemoryUsage of job (MB)
	324164  -  ResidentSetSize of job (KB)
...
006 (453.495.000) 2022-04-06 12:13:20 Image size of job updated: 774648
	317  -  MemoryUsage of job (MB)
	324252  -  ResidentSetSize of job (KB)
...
006 (453.495.000) 2022-04-06 12:18:20 Image size of job updated: 774904
	317  -  MemoryUsage of job (MB)
	324516  -  ResidentSetSize of job (KB)
...
006 (453.495.000) 2022-04-06 12:23:21 Image size of job updated: 775160
	318  -  MemoryUsage of job (MB)
	324648  -  ResidentSetSize of job (KB)
...
006 (453.495.000) 2022-04-06 12:28:22 Image size of job updated: 775160
	318  -  MemoryUsage of job (MB)
	324912  -  ResidentSetSize of job (KB)
...
006 (453.495.000) 2022-04-06 12:33:22 Image size of job updated: 775416
	318  -  MemoryUsage of job (MB)
	325044  -  ResidentSetSize of job (KB)
...
006 (453.495.000) 2022-04-06 12:38:22 Image size of job updated: 775672
	318  -  MemoryUsage of job (MB)
	325308  -  ResidentSetSize of job (KB)
...
006 (453.495.000) 2022-04-06 12:43:22 Image size of job updated: 775928
	318  -  MemoryUsage of job (MB)
	325440  -  ResidentSetSize of job (KB)
...
006 (453.495.000) 2022-04-06 12:48:23 Image size of job updated: 776184
	319  -  MemoryUsage of job (MB)
	325704  -  ResidentSetSize of job (KB)
...
006 (453.495.000) 2022-04-06 12:53:23 Image size of job updated: 776184
	319  -  MemoryUsage of job (MB)
	325836  -  ResidentSetSize of job (KB)
...
006 (453.495.000) 2022-04-06 12:58:23 Image size of job updated: 776440
	319  -  MemoryUsage of job (MB)
	326100  -  ResidentSetSize of job (KB)
...
006 (453.495.000) 2022-04-06 13:03:24 Image size of job updated: 776696
	319  -  MemoryUsage of job (MB)
	326232  -  ResidentSetSize of job (KB)
...
006 (453.495.000) 2022-04-06 13:08:25 Image size of job updated: 776952
	319  -  MemoryUsage of job (MB)
	326496  -  ResidentSetSize of job (KB)
...
006 (453.495.000) 2022-04-06 13:23:26 Image size of job updated: 777208
	320  -  MemoryUsage of job (MB)
	326748  -  ResidentSetSize of job (KB)
...
006 (453.495.000) 2022-04-06 13:28:27 Image size of job updated: 777208
	320  -  MemoryUsage of job (MB)
	326880  -  ResidentSetSize of job (KB)
...
006 (453.495.000) 2022-04-06 13:33:27 Image size of job updated: 777464
	320  -  MemoryUsage of job (MB)
	327012  -  ResidentSetSize of job (KB)
...
006 (453.495.000) 2022-04-06 13:38:27 Image size of job updated: 777720
	320  -  MemoryUsage of job (MB)
	327144  -  ResidentSetSize of job (KB)
...
006 (453.495.000) 2022-04-06 13:43:28 Image size of job updated: 777720
	320  -  MemoryUsage of job (MB)
	327408  -  ResidentSetSize of job (KB)
...
006 (453.495.000) 2022-04-06 13:48:29 Image size of job updated: 777976
	320  -  MemoryUsage of job (MB)
	327540  -  ResidentSetSize of job (KB)
...
006 (453.495.000) 2022-04-06 13:53:29 Image size of job updated: 778232
	321  -  MemoryUsage of job (MB)
	327804  -  ResidentSetSize of job (KB)
...
006 (453.495.000) 2022-04-06 13:58:29 Image size of job updated: 778232
	321  -  MemoryUsage of job (MB)
	327936  -  ResidentSetSize of job (KB)
...
006 (453.495.000) 2022-04-06 14:03:30 Image size of job updated: 778488
	321  -  MemoryUsage of job (MB)
	328068  -  ResidentSetSize of job (KB)
...
006 (453.495.000) 2022-04-06 14:08:31 Image size of job updated: 778744
	321  -  MemoryUsage of job (MB)
	328200  -  ResidentSetSize of job (KB)
...
006 (453.495.000) 2022-04-06 14:13:31 Image size of job updated: 778744
	321  -  MemoryUsage of job (MB)
	328464  -  ResidentSetSize of job (KB)
...
006 (453.495.000) 2022-04-06 14:18:31 Image size of job updated: 779000
	321  -  MemoryUsage of job (MB)
	328596  -  ResidentSetSize of job (KB)
...
006 (453.495.000) 2022-04-06 14:23:32 Image size of job updated: 779256
	322  -  MemoryUsage of job (MB)
	328728  -  ResidentSetSize of job (KB)
...
006 (453.495.000) 2022-04-06 14:28:33 Image size of job updated: 779256
	322  -  MemoryUsage of job (MB)
	328992  -  ResidentSetSize of job (KB)
...
006 (453.495.000) 2022-04-06 14:33:34 Image size of job updated: 779512
	322  -  MemoryUsage of job (MB)
	329124  -  ResidentSetSize of job (KB)
...
006 (453.495.000) 2022-04-06 14:38:16 Image size of job updated: 779768
	322  -  MemoryUsage of job (MB)
	329124  -  ResidentSetSize of job (KB)
...
005 (453.495.000) 2022-04-06 14:38:16 Job terminated.
	(1) Normal termination (return value 0)
		Usr 0 02:59:35, Sys 0 00:00:26  -  Run Remote Usage
		Usr 0 00:00:00, Sys 0 00:00:00  -  Run Local Usage
		Usr 0 02:59:35, Sys 0 00:00:26  -  Total Remote Usage
		Usr 0 00:00:00, Sys 0 00:00:00  -  Total Local Usage
	0  -  Run Bytes Sent By Job
	0  -  Run Bytes Received By Job
	0  -  Total Bytes Sent By Job
	0  -  Total Bytes Received By Job
	Partitionable Resources :    Usage  Request Allocated 
	   Cpus                 :     1.00        1         1 
	   Disk (KB)            :  7500        7500     10998 
	   Memory (MB)          :   322        1024      1024 

	Job terminated of its own accord at 2022-04-06T12:38:16Z with exit-code 0.
...
