000 (453.991.000) 2022-04-05 18:55:40 Job submitted from host: <10.18.24.243:9618?addrs=10.18.24.243-9618&alias=ecoclusts01.bioclust.biologie.ens.fr&noUDP&sock=schedd_1052_29b8>
...
001 (453.991.000) 2022-04-07 00:16:28 Job executing on host: <10.18.24.142:9618?addrs=10.18.24.142-9618&alias=dyoclust15.bioclust.biologie.ens.fr&noUDP&sock=startd_768_5cd3>
...
006 (453.991.000) 2022-04-07 00:16:37 Image size of job updated: 342000
	185  -  MemoryUsage of job (MB)
	189156  -  ResidentSetSize of job (KB)
...
006 (453.991.000) 2022-04-07 00:21:37 Image size of job updated: 741620
	301  -  MemoryUsage of job (MB)
	307968  -  ResidentSetSize of job (KB)
...
006 (453.991.000) 2022-04-07 00:26:38 Image size of job updated: 774388
	317  -  MemoryUsage of job (MB)
	324152  -  ResidentSetSize of job (KB)
...
006 (453.991.000) 2022-04-07 00:56:40 Image size of job updated: 774644
	317  -  MemoryUsage of job (MB)
	324284  -  ResidentSetSize of job (KB)
...
006 (453.991.000) 2022-04-07 01:01:40 Image size of job updated: 774900
	317  -  MemoryUsage of job (MB)
	324416  -  ResidentSetSize of job (KB)
...
006 (453.991.000) 2022-04-07 01:06:41 Image size of job updated: 774900
	317  -  MemoryUsage of job (MB)
	324548  -  ResidentSetSize of job (KB)
...
006 (453.991.000) 2022-04-07 01:11:41 Image size of job updated: 775156
	318  -  MemoryUsage of job (MB)
	324680  -  ResidentSetSize of job (KB)
...
006 (453.991.000) 2022-04-07 01:16:41 Image size of job updated: 775156
	318  -  MemoryUsage of job (MB)
	324812  -  ResidentSetSize of job (KB)
...
006 (453.991.000) 2022-04-07 01:21:43 Image size of job updated: 775412
	318  -  MemoryUsage of job (MB)
	325076  -  ResidentSetSize of job (KB)
...
006 (453.991.000) 2022-04-07 01:26:43 Image size of job updated: 775668
	318  -  MemoryUsage of job (MB)
	325208  -  ResidentSetSize of job (KB)
...
006 (453.991.000) 2022-04-07 01:31:44 Image size of job updated: 775924
	318  -  MemoryUsage of job (MB)
	325472  -  ResidentSetSize of job (KB)
...
006 (453.991.000) 2022-04-07 01:36:45 Image size of job updated: 776180
	318  -  MemoryUsage of job (MB)
	325604  -  ResidentSetSize of job (KB)
...
006 (453.991.000) 2022-04-07 01:41:46 Image size of job updated: 776436
	319  -  MemoryUsage of job (MB)
	325868  -  ResidentSetSize of job (KB)
...
006 (453.991.000) 2022-04-07 01:46:46 Image size of job updated: 776436
	319  -  MemoryUsage of job (MB)
	326132  -  ResidentSetSize of job (KB)
...
006 (453.991.000) 2022-04-07 01:51:46 Image size of job updated: 776692
	319  -  MemoryUsage of job (MB)
	326396  -  ResidentSetSize of job (KB)
...
006 (453.991.000) 2022-04-07 01:56:47 Image size of job updated: 776948
	319  -  MemoryUsage of job (MB)
	326528  -  ResidentSetSize of job (KB)
...
006 (453.991.000) 2022-04-07 02:06:48 Image size of job updated: 777204
	320  -  MemoryUsage of job (MB)
	326660  -  ResidentSetSize of job (KB)
...
006 (453.991.000) 2022-04-07 02:11:49 Image size of job updated: 777204
	320  -  MemoryUsage of job (MB)
	326924  -  ResidentSetSize of job (KB)
...
006 (453.991.000) 2022-04-07 02:16:50 Image size of job updated: 777460
	320  -  MemoryUsage of job (MB)
	327056  -  ResidentSetSize of job (KB)
...
006 (453.991.000) 2022-04-07 02:21:50 Image size of job updated: 777716
	320  -  MemoryUsage of job (MB)
	327188  -  ResidentSetSize of job (KB)
...
006 (453.991.000) 2022-04-07 02:26:50 Image size of job updated: 777972
	320  -  MemoryUsage of job (MB)
	327452  -  ResidentSetSize of job (KB)
...
006 (453.991.000) 2022-04-07 02:31:51 Image size of job updated: 777972
	321  -  MemoryUsage of job (MB)
	327716  -  ResidentSetSize of job (KB)
...
006 (453.991.000) 2022-04-07 02:36:51 Image size of job updated: 778228
	321  -  MemoryUsage of job (MB)
	327848  -  ResidentSetSize of job (KB)
...
006 (453.991.000) 2022-04-07 02:41:51 Image size of job updated: 778484
	321  -  MemoryUsage of job (MB)
	328112  -  ResidentSetSize of job (KB)
...
006 (453.991.000) 2022-04-07 02:46:52 Image size of job updated: 778740
	321  -  MemoryUsage of job (MB)
	328244  -  ResidentSetSize of job (KB)
...
006 (453.991.000) 2022-04-07 02:51:53 Image size of job updated: 778996
	321  -  MemoryUsage of job (MB)
	328508  -  ResidentSetSize of job (KB)
...
006 (453.991.000) 2022-04-07 02:56:53 Image size of job updated: 778996
	321  -  MemoryUsage of job (MB)
	328640  -  ResidentSetSize of job (KB)
...
006 (453.991.000) 2022-04-07 03:01:53 Image size of job updated: 779252
	322  -  MemoryUsage of job (MB)
	328904  -  ResidentSetSize of job (KB)
...
006 (453.991.000) 2022-04-07 03:06:54 Image size of job updated: 779508
	322  -  MemoryUsage of job (MB)
	329036  -  ResidentSetSize of job (KB)
...
005 (453.991.000) 2022-04-07 03:10:27 Job terminated.
	(1) Normal termination (return value 0)
		Usr 0 02:52:17, Sys 0 00:00:23  -  Run Remote Usage
		Usr 0 00:00:00, Sys 0 00:00:00  -  Run Local Usage
		Usr 0 02:52:17, Sys 0 00:00:23  -  Total Remote Usage
		Usr 0 00:00:00, Sys 0 00:00:00  -  Total Local Usage
	0  -  Run Bytes Sent By Job
	0  -  Run Bytes Received By Job
	0  -  Total Bytes Sent By Job
	0  -  Total Bytes Received By Job
	Partitionable Resources :    Usage  Request Allocated 
	   Cpus                 :     1.00        1         1 
	   Disk (KB)            :  7500        7500     10998 
	   Memory (MB)          :   322        1024      1024 

	Job terminated of its own accord at 2022-04-07T01:10:27Z with exit-code 0.
...
