000 (453.647.000) 2022-04-05 18:55:39 Job submitted from host: <10.18.24.243:9618?addrs=10.18.24.243-9618&alias=ecoclusts01.bioclust.biologie.ens.fr&noUDP&sock=schedd_1052_29b8>
...
001 (453.647.000) 2022-04-06 14:18:01 Job executing on host: <10.18.24.108:9618?addrs=10.18.24.108-9618&alias=ecoclust13.bioclust.biologie.ens.fr&noUDP&sock=startd_1053_d950>
...
006 (453.647.000) 2022-04-06 14:18:10 Image size of job updated: 67236
	63  -  MemoryUsage of job (MB)
	64420  -  ResidentSetSize of job (KB)
...
006 (453.647.000) 2022-04-06 14:23:11 Image size of job updated: 741620
	317  -  MemoryUsage of job (MB)
	323636  -  ResidentSetSize of job (KB)
...
006 (453.647.000) 2022-04-06 14:43:13 Image size of job updated: 774388
	317  -  MemoryUsage of job (MB)
	323636  -  ResidentSetSize of job (KB)
...
006 (453.647.000) 2022-04-06 16:33:24 Image size of job updated: 774644
	317  -  MemoryUsage of job (MB)
	323636  -  ResidentSetSize of job (KB)
...
006 (453.647.000) 2022-04-06 16:43:26 Image size of job updated: 774644
	317  -  MemoryUsage of job (MB)
	323768  -  ResidentSetSize of job (KB)
...
006 (453.647.000) 2022-04-06 16:58:27 Image size of job updated: 774644
	317  -  MemoryUsage of job (MB)
	323900  -  ResidentSetSize of job (KB)
...
006 (453.647.000) 2022-04-06 17:03:27 Image size of job updated: 774900
	317  -  MemoryUsage of job (MB)
	323900  -  ResidentSetSize of job (KB)
...
006 (453.647.000) 2022-04-06 17:13:28 Image size of job updated: 774900
	317  -  MemoryUsage of job (MB)
	324032  -  ResidentSetSize of job (KB)
...
006 (453.647.000) 2022-04-06 17:23:29 Image size of job updated: 774900
	317  -  MemoryUsage of job (MB)
	324164  -  ResidentSetSize of job (KB)
...
006 (453.647.000) 2022-04-06 17:28:30 Image size of job updated: 775156
	317  -  MemoryUsage of job (MB)
	324164  -  ResidentSetSize of job (KB)
...
006 (453.647.000) 2022-04-06 17:38:31 Image size of job updated: 775156
	317  -  MemoryUsage of job (MB)
	324296  -  ResidentSetSize of job (KB)
...
006 (453.647.000) 2022-04-06 17:48:33 Image size of job updated: 775412
	317  -  MemoryUsage of job (MB)
	324428  -  ResidentSetSize of job (KB)
...
006 (453.647.000) 2022-04-06 17:58:33 Image size of job updated: 775412
	317  -  MemoryUsage of job (MB)
	324560  -  ResidentSetSize of job (KB)
...
006 (453.647.000) 2022-04-06 18:13:35 Image size of job updated: 775668
	318  -  MemoryUsage of job (MB)
	324692  -  ResidentSetSize of job (KB)
...
006 (453.647.000) 2022-04-06 18:18:35 Image size of job updated: 775668
	318  -  MemoryUsage of job (MB)
	324824  -  ResidentSetSize of job (KB)
...
006 (453.647.000) 2022-04-06 18:23:36 Image size of job updated: 775924
	318  -  MemoryUsage of job (MB)
	324956  -  ResidentSetSize of job (KB)
...
006 (453.647.000) 2022-04-06 18:33:36 Image size of job updated: 775924
	318  -  MemoryUsage of job (MB)
	325088  -  ResidentSetSize of job (KB)
...
006 (453.647.000) 2022-04-06 18:43:38 Image size of job updated: 776180
	318  -  MemoryUsage of job (MB)
	325220  -  ResidentSetSize of job (KB)
...
006 (453.647.000) 2022-04-06 18:53:39 Image size of job updated: 776180
	318  -  MemoryUsage of job (MB)
	325352  -  ResidentSetSize of job (KB)
...
006 (453.647.000) 2022-04-06 19:03:41 Image size of job updated: 776436
	318  -  MemoryUsage of job (MB)
	325484  -  ResidentSetSize of job (KB)
...
006 (453.647.000) 2022-04-06 19:13:42 Image size of job updated: 776436
	318  -  MemoryUsage of job (MB)
	325616  -  ResidentSetSize of job (KB)
...
006 (453.647.000) 2022-04-06 19:23:43 Image size of job updated: 776692
	318  -  MemoryUsage of job (MB)
	325616  -  ResidentSetSize of job (KB)
...
006 (453.647.000) 2022-04-06 19:28:43 Image size of job updated: 776692
	319  -  MemoryUsage of job (MB)
	325748  -  ResidentSetSize of job (KB)
...
006 (453.647.000) 2022-04-06 19:33:45 Image size of job updated: 776692
	319  -  MemoryUsage of job (MB)
	325880  -  ResidentSetSize of job (KB)
...
006 (453.647.000) 2022-04-06 19:38:45 Image size of job updated: 776948
	319  -  MemoryUsage of job (MB)
	325880  -  ResidentSetSize of job (KB)
...
006 (453.647.000) 2022-04-06 19:43:45 Image size of job updated: 776948
	319  -  MemoryUsage of job (MB)
	326012  -  ResidentSetSize of job (KB)
...
006 (453.647.000) 2022-04-06 20:08:48 Image size of job updated: 776948
	319  -  MemoryUsage of job (MB)
	326108  -  ResidentSetSize of job (KB)
...
006 (453.647.000) 2022-04-06 20:18:48 Image size of job updated: 777204
	319  -  MemoryUsage of job (MB)
	326240  -  ResidentSetSize of job (KB)
...
006 (453.647.000) 2022-04-06 20:23:50 Image size of job updated: 777204
	319  -  MemoryUsage of job (MB)
	326372  -  ResidentSetSize of job (KB)
...
006 (453.647.000) 2022-04-06 20:33:50 Image size of job updated: 777460
	319  -  MemoryUsage of job (MB)
	326504  -  ResidentSetSize of job (KB)
...
006 (453.647.000) 2022-04-06 20:43:52 Image size of job updated: 777460
	319  -  MemoryUsage of job (MB)
	326636  -  ResidentSetSize of job (KB)
...
006 (453.647.000) 2022-04-06 20:48:52 Image size of job updated: 777716
	320  -  MemoryUsage of job (MB)
	326768  -  ResidentSetSize of job (KB)
...
006 (453.647.000) 2022-04-06 20:58:54 Image size of job updated: 777972
	320  -  MemoryUsage of job (MB)
	327032  -  ResidentSetSize of job (KB)
...
006 (453.647.000) 2022-04-06 21:08:54 Image size of job updated: 777972
	320  -  MemoryUsage of job (MB)
	327164  -  ResidentSetSize of job (KB)
...
006 (453.647.000) 2022-04-06 21:13:56 Image size of job updated: 778228
	320  -  MemoryUsage of job (MB)
	327164  -  ResidentSetSize of job (KB)
...
006 (453.647.000) 2022-04-06 21:18:56 Image size of job updated: 778228
	320  -  MemoryUsage of job (MB)
	327296  -  ResidentSetSize of job (KB)
...
006 (453.647.000) 2022-04-06 21:23:56 Image size of job updated: 778228
	320  -  MemoryUsage of job (MB)
	327428  -  ResidentSetSize of job (KB)
...
006 (453.647.000) 2022-04-06 21:28:57 Image size of job updated: 778484
	320  -  MemoryUsage of job (MB)
	327428  -  ResidentSetSize of job (KB)
...
006 (453.647.000) 2022-04-06 21:33:58 Image size of job updated: 778484
	320  -  MemoryUsage of job (MB)
	327560  -  ResidentSetSize of job (KB)
...
006 (453.647.000) 2022-04-06 21:38:58 Image size of job updated: 778484
	321  -  MemoryUsage of job (MB)
	327692  -  ResidentSetSize of job (KB)
...
006 (453.647.000) 2022-04-06 21:49:00 Image size of job updated: 778740
	321  -  MemoryUsage of job (MB)
	327824  -  ResidentSetSize of job (KB)
...
006 (453.647.000) 2022-04-06 21:59:00 Image size of job updated: 778740
	321  -  MemoryUsage of job (MB)
	327956  -  ResidentSetSize of job (KB)
...
006 (453.647.000) 2022-04-06 22:04:01 Image size of job updated: 778996
	321  -  MemoryUsage of job (MB)
	328088  -  ResidentSetSize of job (KB)
...
006 (453.647.000) 2022-04-06 22:14:02 Image size of job updated: 778996
	321  -  MemoryUsage of job (MB)
	328220  -  ResidentSetSize of job (KB)
...
006 (453.647.000) 2022-04-06 22:19:03 Image size of job updated: 779252
	321  -  MemoryUsage of job (MB)
	328352  -  ResidentSetSize of job (KB)
...
006 (453.647.000) 2022-04-06 22:29:04 Image size of job updated: 779252
	321  -  MemoryUsage of job (MB)
	328484  -  ResidentSetSize of job (KB)
...
006 (453.647.000) 2022-04-06 22:34:04 Image size of job updated: 779508
	321  -  MemoryUsage of job (MB)
	328616  -  ResidentSetSize of job (KB)
...
006 (453.647.000) 2022-04-06 22:44:06 Image size of job updated: 779508
	322  -  MemoryUsage of job (MB)
	328748  -  ResidentSetSize of job (KB)
...
005 (453.647.000) 2022-04-06 22:45:30 Job terminated.
	(1) Normal termination (return value 0)
		Usr 0 08:26:12, Sys 0 00:00:54  -  Run Remote Usage
		Usr 0 00:00:00, Sys 0 00:00:00  -  Run Local Usage
		Usr 0 08:26:12, Sys 0 00:00:54  -  Total Remote Usage
		Usr 0 00:00:00, Sys 0 00:00:00  -  Total Local Usage
	0  -  Run Bytes Sent By Job
	0  -  Run Bytes Received By Job
	0  -  Total Bytes Sent By Job
	0  -  Total Bytes Received By Job
	Partitionable Resources :    Usage  Request Allocated 
	   Cpus                 :     1.00        1         1 
	   Disk (KB)            :  7500        7500     10998 
	   Memory (MB)          :   322        1024      1024 

	Job terminated of its own accord at 2022-04-06T20:45:30Z with exit-code 0.
...
