000 (453.666.000) 2022-04-05 18:55:39 Job submitted from host: <10.18.24.243:9618?addrs=10.18.24.243-9618&alias=ecoclusts01.bioclust.biologie.ens.fr&noUDP&sock=schedd_1052_29b8>
...
001 (453.666.000) 2022-04-06 14:51:55 Job executing on host: <10.18.24.174:9618?addrs=10.18.24.174-9618&alias=mcbsclust03.bioclust.biologie.ens.fr&noUDP&sock=startd_937_4854>
...
006 (453.666.000) 2022-04-06 14:52:04 Image size of job updated: 117468
	115  -  MemoryUsage of job (MB)
	117468  -  ResidentSetSize of job (KB)
...
006 (453.666.000) 2022-04-06 14:57:04 Image size of job updated: 741620
	317  -  MemoryUsage of job (MB)
	324120  -  ResidentSetSize of job (KB)
...
006 (453.666.000) 2022-04-06 15:02:04 Image size of job updated: 774388
	317  -  MemoryUsage of job (MB)
	324120  -  ResidentSetSize of job (KB)
...
006 (453.666.000) 2022-04-06 17:42:21 Image size of job updated: 774644
	317  -  MemoryUsage of job (MB)
	324120  -  ResidentSetSize of job (KB)
...
006 (453.666.000) 2022-04-06 18:07:24 Image size of job updated: 774644
	317  -  MemoryUsage of job (MB)
	324208  -  ResidentSetSize of job (KB)
...
006 (453.666.000) 2022-04-06 19:22:32 Image size of job updated: 774644
	317  -  MemoryUsage of job (MB)
	324340  -  ResidentSetSize of job (KB)
...
006 (453.666.000) 2022-04-06 19:47:35 Image size of job updated: 774900
	317  -  MemoryUsage of job (MB)
	324340  -  ResidentSetSize of job (KB)
...
006 (453.666.000) 2022-04-06 20:12:37 Image size of job updated: 774900
	317  -  MemoryUsage of job (MB)
	324472  -  ResidentSetSize of job (KB)
...
006 (453.666.000) 2022-04-06 21:27:44 Image size of job updated: 774900
	317  -  MemoryUsage of job (MB)
	324604  -  ResidentSetSize of job (KB)
...
006 (453.666.000) 2022-04-06 22:22:50 Image size of job updated: 775156
	317  -  MemoryUsage of job (MB)
	324604  -  ResidentSetSize of job (KB)
...
006 (453.666.000) 2022-04-06 23:12:55 Image size of job updated: 775156
	318  -  MemoryUsage of job (MB)
	324736  -  ResidentSetSize of job (KB)
...
006 (453.666.000) 2022-04-07 00:28:04 Image size of job updated: 775156
	318  -  MemoryUsage of job (MB)
	324868  -  ResidentSetSize of job (KB)
...
006 (453.666.000) 2022-04-07 01:18:09 Image size of job updated: 775412
	318  -  MemoryUsage of job (MB)
	324868  -  ResidentSetSize of job (KB)
...
006 (453.666.000) 2022-04-07 01:43:12 Image size of job updated: 775412
	318  -  MemoryUsage of job (MB)
	325000  -  ResidentSetSize of job (KB)
...
006 (453.666.000) 2022-04-07 03:03:19 Image size of job updated: 775412
	318  -  MemoryUsage of job (MB)
	325132  -  ResidentSetSize of job (KB)
...
006 (453.666.000) 2022-04-07 03:53:24 Image size of job updated: 775668
	318  -  MemoryUsage of job (MB)
	325132  -  ResidentSetSize of job (KB)
...
006 (453.666.000) 2022-04-07 04:43:28 Image size of job updated: 775668
	318  -  MemoryUsage of job (MB)
	325264  -  ResidentSetSize of job (KB)
...
006 (453.666.000) 2022-04-07 05:58:36 Image size of job updated: 775668
	318  -  MemoryUsage of job (MB)
	325396  -  ResidentSetSize of job (KB)
...
006 (453.666.000) 2022-04-07 06:18:38 Image size of job updated: 775924
	318  -  MemoryUsage of job (MB)
	325396  -  ResidentSetSize of job (KB)
...
006 (453.666.000) 2022-04-07 07:13:43 Image size of job updated: 775924
	318  -  MemoryUsage of job (MB)
	325528  -  ResidentSetSize of job (KB)
...
006 (453.666.000) 2022-04-07 08:28:50 Image size of job updated: 775924
	319  -  MemoryUsage of job (MB)
	325660  -  ResidentSetSize of job (KB)
...
006 (453.666.000) 2022-04-07 09:18:56 Image size of job updated: 776180
	319  -  MemoryUsage of job (MB)
	325660  -  ResidentSetSize of job (KB)
...
006 (453.666.000) 2022-04-07 10:09:01 Image size of job updated: 776180
	319  -  MemoryUsage of job (MB)
	325792  -  ResidentSetSize of job (KB)
...
006 (453.666.000) 2022-04-07 11:24:09 Image size of job updated: 776180
	319  -  MemoryUsage of job (MB)
	325924  -  ResidentSetSize of job (KB)
...
006 (453.666.000) 2022-04-07 11:49:13 Image size of job updated: 776436
	319  -  MemoryUsage of job (MB)
	325924  -  ResidentSetSize of job (KB)
...
006 (453.666.000) 2022-04-07 12:39:17 Image size of job updated: 776436
	319  -  MemoryUsage of job (MB)
	326056  -  ResidentSetSize of job (KB)
...
006 (453.666.000) 2022-04-07 13:54:25 Image size of job updated: 776436
	319  -  MemoryUsage of job (MB)
	326188  -  ResidentSetSize of job (KB)
...
006 (453.666.000) 2022-04-07 14:19:28 Image size of job updated: 776692
	319  -  MemoryUsage of job (MB)
	326188  -  ResidentSetSize of job (KB)
...
006 (453.666.000) 2022-04-07 15:34:35 Image size of job updated: 776692
	319  -  MemoryUsage of job (MB)
	326320  -  ResidentSetSize of job (KB)
...
006 (453.666.000) 2022-04-07 16:24:41 Image size of job updated: 776692
	319  -  MemoryUsage of job (MB)
	326452  -  ResidentSetSize of job (KB)
...
006 (453.666.000) 2022-04-07 16:49:43 Image size of job updated: 776948
	319  -  MemoryUsage of job (MB)
	326452  -  ResidentSetSize of job (KB)
...
006 (453.666.000) 2022-04-07 18:04:52 Image size of job updated: 776948
	319  -  MemoryUsage of job (MB)
	326584  -  ResidentSetSize of job (KB)
...
006 (453.666.000) 2022-04-07 22:40:19 Image size of job updated: 776948
	320  -  MemoryUsage of job (MB)
	326716  -  ResidentSetSize of job (KB)
...
006 (453.666.000) 2022-04-07 23:05:22 Image size of job updated: 777204
	320  -  MemoryUsage of job (MB)
	326716  -  ResidentSetSize of job (KB)
...
006 (453.666.000) 2022-04-08 00:20:30 Image size of job updated: 777204
	320  -  MemoryUsage of job (MB)
	326848  -  ResidentSetSize of job (KB)
...
006 (453.666.000) 2022-04-08 02:00:41 Image size of job updated: 777460
	320  -  MemoryUsage of job (MB)
	326980  -  ResidentSetSize of job (KB)
...
006 (453.666.000) 2022-04-08 03:15:48 Image size of job updated: 777460
	320  -  MemoryUsage of job (MB)
	327112  -  ResidentSetSize of job (KB)
...
006 (453.666.000) 2022-04-08 04:55:57 Image size of job updated: 777716
	320  -  MemoryUsage of job (MB)
	327244  -  ResidentSetSize of job (KB)
...
006 (453.666.000) 2022-04-08 06:21:05 Image size of job updated: 777716
	320  -  MemoryUsage of job (MB)
	327376  -  ResidentSetSize of job (KB)
...
006 (453.666.000) 2022-04-08 08:11:15 Image size of job updated: 777972
	320  -  MemoryUsage of job (MB)
	327508  -  ResidentSetSize of job (KB)
...
006 (453.666.000) 2022-04-08 09:51:27 Image size of job updated: 777972
	320  -  MemoryUsage of job (MB)
	327640  -  ResidentSetSize of job (KB)
...
006 (453.666.000) 2022-04-08 11:26:36 Image size of job updated: 778228
	321  -  MemoryUsage of job (MB)
	327772  -  ResidentSetSize of job (KB)
...
006 (453.666.000) 2022-04-08 13:36:51 Image size of job updated: 778228
	321  -  MemoryUsage of job (MB)
	327904  -  ResidentSetSize of job (KB)
...
006 (453.666.000) 2022-04-08 15:07:01 Image size of job updated: 778484
	321  -  MemoryUsage of job (MB)
	328036  -  ResidentSetSize of job (KB)
...
006 (453.666.000) 2022-04-08 16:37:09 Image size of job updated: 778484
	321  -  MemoryUsage of job (MB)
	328168  -  ResidentSetSize of job (KB)
...
006 (453.666.000) 2022-04-08 17:47:16 Image size of job updated: 778740
	321  -  MemoryUsage of job (MB)
	328168  -  ResidentSetSize of job (KB)
...
006 (453.666.000) 2022-04-08 18:07:18 Image size of job updated: 778740
	321  -  MemoryUsage of job (MB)
	328300  -  ResidentSetSize of job (KB)
...
006 (453.666.000) 2022-04-08 19:17:26 Image size of job updated: 778740
	321  -  MemoryUsage of job (MB)
	328432  -  ResidentSetSize of job (KB)
...
006 (453.666.000) 2022-04-08 20:22:32 Image size of job updated: 778996
	321  -  MemoryUsage of job (MB)
	328432  -  ResidentSetSize of job (KB)
...
006 (453.666.000) 2022-04-08 20:47:35 Image size of job updated: 778996
	321  -  MemoryUsage of job (MB)
	328564  -  ResidentSetSize of job (KB)
...
006 (453.666.000) 2022-04-08 21:52:41 Image size of job updated: 778996
	321  -  MemoryUsage of job (MB)
	328696  -  ResidentSetSize of job (KB)
...
006 (453.666.000) 2022-04-08 23:02:48 Image size of job updated: 779252
	321  -  MemoryUsage of job (MB)
	328696  -  ResidentSetSize of job (KB)
...
006 (453.666.000) 2022-04-08 23:27:51 Image size of job updated: 779252
	322  -  MemoryUsage of job (MB)
	328828  -  ResidentSetSize of job (KB)
...
006 (453.666.000) 2022-04-09 00:47:58 Image size of job updated: 779252
	322  -  MemoryUsage of job (MB)
	328960  -  ResidentSetSize of job (KB)
...
006 (453.666.000) 2022-04-09 01:28:04 Image size of job updated: 779508
	322  -  MemoryUsage of job (MB)
	328960  -  ResidentSetSize of job (KB)
...
006 (453.666.000) 2022-04-09 01:48:06 Image size of job updated: 779508
	322  -  MemoryUsage of job (MB)
	329092  -  ResidentSetSize of job (KB)
...
006 (453.666.000) 2022-04-09 03:08:13 Image size of job updated: 779508
	322  -  MemoryUsage of job (MB)
	329224  -  ResidentSetSize of job (KB)
...
006 (453.666.000) 2022-04-09 03:43:17 Image size of job updated: 779764
	322  -  MemoryUsage of job (MB)
	329224  -  ResidentSetSize of job (KB)
...
005 (453.666.000) 2022-04-09 04:02:50 Job terminated.
	(1) Normal termination (return value 0)
		Usr 2 13:04:16, Sys 0 00:00:19  -  Run Remote Usage
		Usr 0 00:00:00, Sys 0 00:00:00  -  Run Local Usage
		Usr 2 13:04:16, Sys 0 00:00:19  -  Total Remote Usage
		Usr 0 00:00:00, Sys 0 00:00:00  -  Total Local Usage
	0  -  Run Bytes Sent By Job
	0  -  Run Bytes Received By Job
	0  -  Total Bytes Sent By Job
	0  -  Total Bytes Received By Job
	Partitionable Resources :    Usage  Request Allocated 
	   Cpus                 :     1.00        1         1 
	   Disk (KB)            :  7500        7500     10998 
	   Memory (MB)          :   322        1024      1024 

	Job terminated of its own accord at 2022-04-09T02:02:50Z with exit-code 0.
...
