000 (453.548.000) 2022-04-05 18:55:39 Job submitted from host: <10.18.24.243:9618?addrs=10.18.24.243-9618&alias=ecoclusts01.bioclust.biologie.ens.fr&noUDP&sock=schedd_1052_29b8>
...
001 (453.548.000) 2022-04-06 12:24:01 Job executing on host: <10.18.24.139:9618?addrs=10.18.24.139-9618&alias=dyoclust12.bioclust.biologie.ens.fr&noUDP&sock=startd_791_2380>
...
006 (453.548.000) 2022-04-06 12:24:09 Image size of job updated: 204188
	172  -  MemoryUsage of job (MB)
	175360  -  ResidentSetSize of job (KB)
...
006 (453.548.000) 2022-04-06 12:29:09 Image size of job updated: 741880
	317  -  MemoryUsage of job (MB)
	324332  -  ResidentSetSize of job (KB)
...
006 (453.548.000) 2022-04-06 12:34:10 Image size of job updated: 774648
	317  -  MemoryUsage of job (MB)
	324420  -  ResidentSetSize of job (KB)
...
006 (453.548.000) 2022-04-06 14:54:25 Image size of job updated: 774904
	317  -  MemoryUsage of job (MB)
	324420  -  ResidentSetSize of job (KB)
...
006 (453.548.000) 2022-04-06 15:19:27 Image size of job updated: 774904
	317  -  MemoryUsage of job (MB)
	324552  -  ResidentSetSize of job (KB)
...
006 (453.548.000) 2022-04-06 16:09:32 Image size of job updated: 775160
	318  -  MemoryUsage of job (MB)
	324684  -  ResidentSetSize of job (KB)
...
006 (453.548.000) 2022-04-06 17:04:37 Image size of job updated: 775160
	318  -  MemoryUsage of job (MB)
	324816  -  ResidentSetSize of job (KB)
...
006 (453.548.000) 2022-04-06 17:39:40 Image size of job updated: 775160
	318  -  MemoryUsage of job (MB)
	324948  -  ResidentSetSize of job (KB)
...
006 (453.548.000) 2022-04-06 17:44:40 Image size of job updated: 775416
	318  -  MemoryUsage of job (MB)
	324948  -  ResidentSetSize of job (KB)
...
006 (453.548.000) 2022-04-06 18:19:43 Image size of job updated: 775416
	318  -  MemoryUsage of job (MB)
	325080  -  ResidentSetSize of job (KB)
...
006 (453.548.000) 2022-04-06 18:59:47 Image size of job updated: 775672
	318  -  MemoryUsage of job (MB)
	325212  -  ResidentSetSize of job (KB)
...
006 (453.548.000) 2022-04-06 19:39:51 Image size of job updated: 775672
	318  -  MemoryUsage of job (MB)
	325344  -  ResidentSetSize of job (KB)
...
006 (453.548.000) 2022-04-06 20:19:55 Image size of job updated: 775928
	318  -  MemoryUsage of job (MB)
	325344  -  ResidentSetSize of job (KB)
...
006 (453.548.000) 2022-04-06 20:34:57 Image size of job updated: 775928
	318  -  MemoryUsage of job (MB)
	325476  -  ResidentSetSize of job (KB)
...
006 (453.548.000) 2022-04-06 21:15:01 Image size of job updated: 775928
	318  -  MemoryUsage of job (MB)
	325608  -  ResidentSetSize of job (KB)
...
006 (453.548.000) 2022-04-06 21:55:05 Image size of job updated: 776184
	319  -  MemoryUsage of job (MB)
	325740  -  ResidentSetSize of job (KB)
...
006 (453.548.000) 2022-04-06 22:30:09 Image size of job updated: 776184
	319  -  MemoryUsage of job (MB)
	325872  -  ResidentSetSize of job (KB)
...
006 (453.548.000) 2022-04-06 23:05:13 Image size of job updated: 776440
	319  -  MemoryUsage of job (MB)
	326004  -  ResidentSetSize of job (KB)
...
006 (453.548.000) 2022-04-06 23:55:17 Image size of job updated: 776440
	319  -  MemoryUsage of job (MB)
	326136  -  ResidentSetSize of job (KB)
...
006 (453.548.000) 2022-04-07 00:20:20 Image size of job updated: 776696
	319  -  MemoryUsage of job (MB)
	326136  -  ResidentSetSize of job (KB)
...
006 (453.548.000) 2022-04-07 00:30:21 Image size of job updated: 776696
	319  -  MemoryUsage of job (MB)
	326268  -  ResidentSetSize of job (KB)
...
006 (453.548.000) 2022-04-07 01:10:25 Image size of job updated: 776696
	319  -  MemoryUsage of job (MB)
	326400  -  ResidentSetSize of job (KB)
...
006 (453.548.000) 2022-04-07 01:35:28 Image size of job updated: 776952
	319  -  MemoryUsage of job (MB)
	326400  -  ResidentSetSize of job (KB)
...
006 (453.548.000) 2022-04-07 02:00:31 Image size of job updated: 776952
	319  -  MemoryUsage of job (MB)
	326532  -  ResidentSetSize of job (KB)
...
006 (453.548.000) 2022-04-07 02:30:34 Image size of job updated: 776952
	320  -  MemoryUsage of job (MB)
	326664  -  ResidentSetSize of job (KB)
...
006 (453.548.000) 2022-04-07 04:40:48 Image size of job updated: 777208
	320  -  MemoryUsage of job (MB)
	326664  -  ResidentSetSize of job (KB)
...
006 (453.548.000) 2022-04-07 04:55:50 Image size of job updated: 777208
	320  -  MemoryUsage of job (MB)
	326748  -  ResidentSetSize of job (KB)
...
006 (453.548.000) 2022-04-07 05:35:54 Image size of job updated: 777208
	320  -  MemoryUsage of job (MB)
	326880  -  ResidentSetSize of job (KB)
...
006 (453.548.000) 2022-04-07 06:26:00 Image size of job updated: 777464
	320  -  MemoryUsage of job (MB)
	327012  -  ResidentSetSize of job (KB)
...
006 (453.548.000) 2022-04-07 07:21:06 Image size of job updated: 777464
	320  -  MemoryUsage of job (MB)
	327144  -  ResidentSetSize of job (KB)
...
006 (453.548.000) 2022-04-07 08:01:11 Image size of job updated: 777720
	320  -  MemoryUsage of job (MB)
	327276  -  ResidentSetSize of job (KB)
...
006 (453.548.000) 2022-04-07 08:56:18 Image size of job updated: 777720
	320  -  MemoryUsage of job (MB)
	327408  -  ResidentSetSize of job (KB)
...
006 (453.548.000) 2022-04-07 09:36:21 Image size of job updated: 777976
	320  -  MemoryUsage of job (MB)
	327540  -  ResidentSetSize of job (KB)
...
006 (453.548.000) 2022-04-07 10:31:27 Image size of job updated: 777976
	320  -  MemoryUsage of job (MB)
	327672  -  ResidentSetSize of job (KB)
...
006 (453.548.000) 2022-04-07 11:11:32 Image size of job updated: 778232
	320  -  MemoryUsage of job (MB)
	327672  -  ResidentSetSize of job (KB)
...
006 (453.548.000) 2022-04-07 11:26:33 Image size of job updated: 778232
	321  -  MemoryUsage of job (MB)
	327804  -  ResidentSetSize of job (KB)
...
006 (453.548.000) 2022-04-07 12:06:37 Image size of job updated: 778232
	321  -  MemoryUsage of job (MB)
	327936  -  ResidentSetSize of job (KB)
...
006 (453.548.000) 2022-04-07 12:46:40 Image size of job updated: 778488
	321  -  MemoryUsage of job (MB)
	327936  -  ResidentSetSize of job (KB)
...
006 (453.548.000) 2022-04-07 13:01:42 Image size of job updated: 778488
	321  -  MemoryUsage of job (MB)
	328068  -  ResidentSetSize of job (KB)
...
006 (453.548.000) 2022-04-07 13:36:45 Image size of job updated: 778488
	321  -  MemoryUsage of job (MB)
	328200  -  ResidentSetSize of job (KB)
...
006 (453.548.000) 2022-04-07 14:21:50 Image size of job updated: 778744
	321  -  MemoryUsage of job (MB)
	328200  -  ResidentSetSize of job (KB)
...
006 (453.548.000) 2022-04-07 14:31:51 Image size of job updated: 778744
	321  -  MemoryUsage of job (MB)
	328332  -  ResidentSetSize of job (KB)
...
006 (453.548.000) 2022-04-07 15:26:56 Image size of job updated: 778744
	321  -  MemoryUsage of job (MB)
	328464  -  ResidentSetSize of job (KB)
...
006 (453.548.000) 2022-04-07 15:52:00 Image size of job updated: 779000
	321  -  MemoryUsage of job (MB)
	328464  -  ResidentSetSize of job (KB)
...
006 (453.548.000) 2022-04-07 16:07:01 Image size of job updated: 779000
	321  -  MemoryUsage of job (MB)
	328596  -  ResidentSetSize of job (KB)
...
006 (453.548.000) 2022-04-07 16:57:05 Image size of job updated: 779000
	322  -  MemoryUsage of job (MB)
	328728  -  ResidentSetSize of job (KB)
...
006 (453.548.000) 2022-04-07 17:22:07 Image size of job updated: 779256
	322  -  MemoryUsage of job (MB)
	328728  -  ResidentSetSize of job (KB)
...
006 (453.548.000) 2022-04-07 17:37:09 Image size of job updated: 779256
	322  -  MemoryUsage of job (MB)
	328860  -  ResidentSetSize of job (KB)
...
006 (453.548.000) 2022-04-07 18:27:15 Image size of job updated: 779256
	322  -  MemoryUsage of job (MB)
	328992  -  ResidentSetSize of job (KB)
...
006 (453.548.000) 2022-04-07 18:52:17 Image size of job updated: 779512
	322  -  MemoryUsage of job (MB)
	328992  -  ResidentSetSize of job (KB)
...
006 (453.548.000) 2022-04-07 19:17:20 Image size of job updated: 779512
	322  -  MemoryUsage of job (MB)
	329124  -  ResidentSetSize of job (KB)
...
006 (453.548.000) 2022-04-07 19:57:25 Image size of job updated: 779512
	322  -  MemoryUsage of job (MB)
	329256  -  ResidentSetSize of job (KB)
...
006 (453.548.000) 2022-04-07 20:22:27 Image size of job updated: 779768
	322  -  MemoryUsage of job (MB)
	329256  -  ResidentSetSize of job (KB)
...
005 (453.548.000) 2022-04-07 20:32:25 Job terminated.
	(1) Normal termination (return value 0)
		Usr 1 07:55:14, Sys 0 00:00:42  -  Run Remote Usage
		Usr 0 00:00:00, Sys 0 00:00:00  -  Run Local Usage
		Usr 1 07:55:14, Sys 0 00:00:42  -  Total Remote Usage
		Usr 0 00:00:00, Sys 0 00:00:00  -  Total Local Usage
	0  -  Run Bytes Sent By Job
	0  -  Run Bytes Received By Job
	0  -  Total Bytes Sent By Job
	0  -  Total Bytes Received By Job
	Partitionable Resources :    Usage  Request Allocated 
	   Cpus                 :     1.00        1         1 
	   Disk (KB)            :  7500        7500     10998 
	   Memory (MB)          :   322        1024      1024 

	Job terminated of its own accord at 2022-04-07T18:32:25Z with exit-code 0.
...
