000 (453.186.000) 2022-04-05 18:55:37 Job submitted from host: <10.18.24.243:9618?addrs=10.18.24.243-9618&alias=ecoclusts01.bioclust.biologie.ens.fr&noUDP&sock=schedd_1052_29b8>
...
001 (453.186.000) 2022-04-06 06:46:01 Job executing on host: <10.18.24.142:9618?addrs=10.18.24.142-9618&alias=dyoclust15.bioclust.biologie.ens.fr&noUDP&sock=startd_768_5cd3>
...
006 (453.186.000) 2022-04-06 06:46:10 Image size of job updated: 230676
	217  -  MemoryUsage of job (MB)
	222184  -  ResidentSetSize of job (KB)
...
006 (453.186.000) 2022-04-06 06:51:11 Image size of job updated: 741624
	317  -  MemoryUsage of job (MB)
	324060  -  ResidentSetSize of job (KB)
...
006 (453.186.000) 2022-04-06 06:56:11 Image size of job updated: 774392
	317  -  MemoryUsage of job (MB)
	324060  -  ResidentSetSize of job (KB)
...
006 (453.186.000) 2022-04-06 07:26:14 Image size of job updated: 774648
	317  -  MemoryUsage of job (MB)
	324192  -  ResidentSetSize of job (KB)
...
006 (453.186.000) 2022-04-06 07:36:14 Image size of job updated: 774904
	317  -  MemoryUsage of job (MB)
	324456  -  ResidentSetSize of job (KB)
...
006 (453.186.000) 2022-04-06 07:41:16 Image size of job updated: 775160
	317  -  MemoryUsage of job (MB)
	324588  -  ResidentSetSize of job (KB)
...
006 (453.186.000) 2022-04-06 07:46:16 Image size of job updated: 775160
	318  -  MemoryUsage of job (MB)
	324852  -  ResidentSetSize of job (KB)
...
006 (453.186.000) 2022-04-06 07:51:16 Image size of job updated: 775416
	318  -  MemoryUsage of job (MB)
	324984  -  ResidentSetSize of job (KB)
...
006 (453.186.000) 2022-04-06 07:56:17 Image size of job updated: 775672
	318  -  MemoryUsage of job (MB)
	325248  -  ResidentSetSize of job (KB)
...
006 (453.186.000) 2022-04-06 08:01:18 Image size of job updated: 775928
	318  -  MemoryUsage of job (MB)
	325380  -  ResidentSetSize of job (KB)
...
006 (453.186.000) 2022-04-06 08:06:18 Image size of job updated: 775928
	319  -  MemoryUsage of job (MB)
	325644  -  ResidentSetSize of job (KB)
...
006 (453.186.000) 2022-04-06 08:11:18 Image size of job updated: 776184
	319  -  MemoryUsage of job (MB)
	325776  -  ResidentSetSize of job (KB)
...
006 (453.186.000) 2022-04-06 08:16:20 Image size of job updated: 776440
	319  -  MemoryUsage of job (MB)
	325908  -  ResidentSetSize of job (KB)
...
006 (453.186.000) 2022-04-06 08:21:20 Image size of job updated: 776696
	319  -  MemoryUsage of job (MB)
	326304  -  ResidentSetSize of job (KB)
...
006 (453.186.000) 2022-04-06 08:26:20 Image size of job updated: 776952
	319  -  MemoryUsage of job (MB)
	326568  -  ResidentSetSize of job (KB)
...
006 (453.186.000) 2022-04-06 08:41:22 Image size of job updated: 777208
	320  -  MemoryUsage of job (MB)
	326832  -  ResidentSetSize of job (KB)
...
006 (453.186.000) 2022-04-06 08:46:22 Image size of job updated: 777464
	320  -  MemoryUsage of job (MB)
	326964  -  ResidentSetSize of job (KB)
...
006 (453.186.000) 2022-04-06 08:51:23 Image size of job updated: 777464
	320  -  MemoryUsage of job (MB)
	327096  -  ResidentSetSize of job (KB)
...
006 (453.186.000) 2022-04-06 08:56:23 Image size of job updated: 777720
	320  -  MemoryUsage of job (MB)
	327360  -  ResidentSetSize of job (KB)
...
006 (453.186.000) 2022-04-06 09:01:23 Image size of job updated: 777976
	320  -  MemoryUsage of job (MB)
	327624  -  ResidentSetSize of job (KB)
...
006 (453.186.000) 2022-04-06 09:06:24 Image size of job updated: 778232
	321  -  MemoryUsage of job (MB)
	327756  -  ResidentSetSize of job (KB)
...
006 (453.186.000) 2022-04-06 09:11:25 Image size of job updated: 778488
	321  -  MemoryUsage of job (MB)
	328020  -  ResidentSetSize of job (KB)
...
006 (453.186.000) 2022-04-06 09:16:25 Image size of job updated: 778488
	321  -  MemoryUsage of job (MB)
	328152  -  ResidentSetSize of job (KB)
...
006 (453.186.000) 2022-04-06 09:21:25 Image size of job updated: 778744
	321  -  MemoryUsage of job (MB)
	328416  -  ResidentSetSize of job (KB)
...
006 (453.186.000) 2022-04-06 09:26:26 Image size of job updated: 779000
	321  -  MemoryUsage of job (MB)
	328548  -  ResidentSetSize of job (KB)
...
006 (453.186.000) 2022-04-06 09:31:26 Image size of job updated: 779256
	321  -  MemoryUsage of job (MB)
	328680  -  ResidentSetSize of job (KB)
...
006 (453.186.000) 2022-04-06 09:36:26 Image size of job updated: 779256
	322  -  MemoryUsage of job (MB)
	328944  -  ResidentSetSize of job (KB)
...
006 (453.186.000) 2022-04-06 09:41:27 Image size of job updated: 779512
	322  -  MemoryUsage of job (MB)
	329076  -  ResidentSetSize of job (KB)
...
005 (453.186.000) 2022-04-06 09:45:00 Job terminated.
	(1) Normal termination (return value 0)
		Usr 0 02:57:23, Sys 0 00:00:23  -  Run Remote Usage
		Usr 0 00:00:00, Sys 0 00:00:00  -  Run Local Usage
		Usr 0 02:57:23, Sys 0 00:00:23  -  Total Remote Usage
		Usr 0 00:00:00, Sys 0 00:00:00  -  Total Local Usage
	0  -  Run Bytes Sent By Job
	0  -  Run Bytes Received By Job
	0  -  Total Bytes Sent By Job
	0  -  Total Bytes Received By Job
	Partitionable Resources :    Usage  Request Allocated 
	   Cpus                 :     1.00        1         1 
	   Disk (KB)            :  7500        7500     10998 
	   Memory (MB)          :   322        1024      1024 

	Job terminated of its own accord at 2022-04-06T07:45:00Z with exit-code 0.
...
