000 (453.193.000) 2022-04-05 18:55:37 Job submitted from host: <10.18.24.243:9618?addrs=10.18.24.243-9618&alias=ecoclusts01.bioclust.biologie.ens.fr&noUDP&sock=schedd_1052_29b8>
...
001 (453.193.000) 2022-04-06 06:54:02 Job executing on host: <10.18.24.177:9618?addrs=10.18.24.177-9618&alias=mcbsclust06.bioclust.biologie.ens.fr&noUDP&sock=startd_945_c516>
...
006 (453.193.000) 2022-04-06 06:54:10 Image size of job updated: 285640
	279  -  MemoryUsage of job (MB)
	285640  -  ResidentSetSize of job (KB)
...
006 (453.193.000) 2022-04-06 06:59:10 Image size of job updated: 741880
	317  -  MemoryUsage of job (MB)
	324288  -  ResidentSetSize of job (KB)
...
006 (453.193.000) 2022-04-06 07:04:10 Image size of job updated: 774648
	317  -  MemoryUsage of job (MB)
	324288  -  ResidentSetSize of job (KB)
...
006 (453.193.000) 2022-04-06 08:04:17 Image size of job updated: 774904
	317  -  MemoryUsage of job (MB)
	324420  -  ResidentSetSize of job (KB)
...
006 (453.193.000) 2022-04-06 08:09:17 Image size of job updated: 774904
	317  -  MemoryUsage of job (MB)
	324552  -  ResidentSetSize of job (KB)
...
006 (453.193.000) 2022-04-06 08:14:18 Image size of job updated: 775160
	318  -  MemoryUsage of job (MB)
	324684  -  ResidentSetSize of job (KB)
...
006 (453.193.000) 2022-04-06 08:19:19 Image size of job updated: 775160
	318  -  MemoryUsage of job (MB)
	324816  -  ResidentSetSize of job (KB)
...
006 (453.193.000) 2022-04-06 08:29:19 Image size of job updated: 775416
	318  -  MemoryUsage of job (MB)
	324948  -  ResidentSetSize of job (KB)
...
006 (453.193.000) 2022-04-06 08:34:20 Image size of job updated: 775416
	318  -  MemoryUsage of job (MB)
	325080  -  ResidentSetSize of job (KB)
...
006 (453.193.000) 2022-04-06 08:39:21 Image size of job updated: 775672
	318  -  MemoryUsage of job (MB)
	325212  -  ResidentSetSize of job (KB)
...
006 (453.193.000) 2022-04-06 08:44:21 Image size of job updated: 775672
	318  -  MemoryUsage of job (MB)
	325344  -  ResidentSetSize of job (KB)
...
006 (453.193.000) 2022-04-06 08:49:22 Image size of job updated: 775928
	318  -  MemoryUsage of job (MB)
	325476  -  ResidentSetSize of job (KB)
...
006 (453.193.000) 2022-04-06 08:54:23 Image size of job updated: 775928
	318  -  MemoryUsage of job (MB)
	325608  -  ResidentSetSize of job (KB)
...
006 (453.193.000) 2022-04-06 08:59:23 Image size of job updated: 776184
	319  -  MemoryUsage of job (MB)
	325740  -  ResidentSetSize of job (KB)
...
006 (453.193.000) 2022-04-06 09:04:23 Image size of job updated: 776184
	319  -  MemoryUsage of job (MB)
	325872  -  ResidentSetSize of job (KB)
...
006 (453.193.000) 2022-04-06 09:09:24 Image size of job updated: 776440
	319  -  MemoryUsage of job (MB)
	326004  -  ResidentSetSize of job (KB)
...
006 (453.193.000) 2022-04-06 09:14:24 Image size of job updated: 776440
	319  -  MemoryUsage of job (MB)
	326136  -  ResidentSetSize of job (KB)
...
006 (453.193.000) 2022-04-06 09:19:24 Image size of job updated: 776696
	319  -  MemoryUsage of job (MB)
	326136  -  ResidentSetSize of job (KB)
...
006 (453.193.000) 2022-04-06 09:24:25 Image size of job updated: 776696
	319  -  MemoryUsage of job (MB)
	326268  -  ResidentSetSize of job (KB)
...
006 (453.193.000) 2022-04-06 09:29:26 Image size of job updated: 776952
	319  -  MemoryUsage of job (MB)
	326400  -  ResidentSetSize of job (KB)
...
006 (453.193.000) 2022-04-06 09:34:26 Image size of job updated: 776952
	319  -  MemoryUsage of job (MB)
	326532  -  ResidentSetSize of job (KB)
...
006 (453.193.000) 2022-04-06 09:49:27 Image size of job updated: 776952
	319  -  MemoryUsage of job (MB)
	326620  -  ResidentSetSize of job (KB)
...
006 (453.193.000) 2022-04-06 09:59:28 Image size of job updated: 777208
	320  -  MemoryUsage of job (MB)
	326752  -  ResidentSetSize of job (KB)
...
006 (453.193.000) 2022-04-06 10:04:29 Image size of job updated: 777208
	320  -  MemoryUsage of job (MB)
	326884  -  ResidentSetSize of job (KB)
...
006 (453.193.000) 2022-04-06 10:09:29 Image size of job updated: 777464
	320  -  MemoryUsage of job (MB)
	327016  -  ResidentSetSize of job (KB)
...
006 (453.193.000) 2022-04-06 10:19:31 Image size of job updated: 777464
	320  -  MemoryUsage of job (MB)
	327148  -  ResidentSetSize of job (KB)
...
006 (453.193.000) 2022-04-06 10:24:31 Image size of job updated: 777720
	320  -  MemoryUsage of job (MB)
	327280  -  ResidentSetSize of job (KB)
...
006 (453.193.000) 2022-04-06 10:29:31 Image size of job updated: 777720
	320  -  MemoryUsage of job (MB)
	327412  -  ResidentSetSize of job (KB)
...
006 (453.193.000) 2022-04-06 10:34:32 Image size of job updated: 777976
	320  -  MemoryUsage of job (MB)
	327544  -  ResidentSetSize of job (KB)
...
006 (453.193.000) 2022-04-06 10:44:33 Image size of job updated: 777976
	320  -  MemoryUsage of job (MB)
	327676  -  ResidentSetSize of job (KB)
...
006 (453.193.000) 2022-04-06 10:49:33 Image size of job updated: 778232
	321  -  MemoryUsage of job (MB)
	327808  -  ResidentSetSize of job (KB)
...
006 (453.193.000) 2022-04-06 10:54:34 Image size of job updated: 778232
	321  -  MemoryUsage of job (MB)
	327940  -  ResidentSetSize of job (KB)
...
006 (453.193.000) 2022-04-06 10:59:35 Image size of job updated: 778488
	321  -  MemoryUsage of job (MB)
	328072  -  ResidentSetSize of job (KB)
...
006 (453.193.000) 2022-04-06 11:09:36 Image size of job updated: 778488
	321  -  MemoryUsage of job (MB)
	328204  -  ResidentSetSize of job (KB)
...
006 (453.193.000) 2022-04-06 11:14:37 Image size of job updated: 778744
	321  -  MemoryUsage of job (MB)
	328336  -  ResidentSetSize of job (KB)
...
006 (453.193.000) 2022-04-06 11:19:37 Image size of job updated: 778744
	321  -  MemoryUsage of job (MB)
	328468  -  ResidentSetSize of job (KB)
...
006 (453.193.000) 2022-04-06 11:24:37 Image size of job updated: 779000
	321  -  MemoryUsage of job (MB)
	328600  -  ResidentSetSize of job (KB)
...
006 (453.193.000) 2022-04-06 11:34:39 Image size of job updated: 779000
	322  -  MemoryUsage of job (MB)
	328732  -  ResidentSetSize of job (KB)
...
006 (453.193.000) 2022-04-06 11:39:39 Image size of job updated: 779256
	322  -  MemoryUsage of job (MB)
	328864  -  ResidentSetSize of job (KB)
...
006 (453.193.000) 2022-04-06 11:44:40 Image size of job updated: 779256
	322  -  MemoryUsage of job (MB)
	328996  -  ResidentSetSize of job (KB)
...
006 (453.193.000) 2022-04-06 11:49:41 Image size of job updated: 779512
	322  -  MemoryUsage of job (MB)
	328996  -  ResidentSetSize of job (KB)
...
006 (453.193.000) 2022-04-06 11:54:41 Image size of job updated: 779512
	322  -  MemoryUsage of job (MB)
	329128  -  ResidentSetSize of job (KB)
...
006 (453.193.000) 2022-04-06 11:59:41 Image size of job updated: 779768
	322  -  MemoryUsage of job (MB)
	329260  -  ResidentSetSize of job (KB)
...
005 (453.193.000) 2022-04-06 12:01:19 Job terminated.
	(1) Normal termination (return value 0)
		Usr 0 05:06:22, Sys 0 00:00:13  -  Run Remote Usage
		Usr 0 00:00:00, Sys 0 00:00:00  -  Run Local Usage
		Usr 0 05:06:22, Sys 0 00:00:13  -  Total Remote Usage
		Usr 0 00:00:00, Sys 0 00:00:00  -  Total Local Usage
	0  -  Run Bytes Sent By Job
	0  -  Run Bytes Received By Job
	0  -  Total Bytes Sent By Job
	0  -  Total Bytes Received By Job
	Partitionable Resources :    Usage  Request Allocated 
	   Cpus                 :     1.00        1         1 
	   Disk (KB)            :  7500        7500     10998 
	   Memory (MB)          :   322        1024      1024 

	Job terminated of its own accord at 2022-04-06T10:01:19Z with exit-code 0.
...
