000 (453.130.000) 2022-04-05 18:55:37 Job submitted from host: <10.18.24.243:9618?addrs=10.18.24.243-9618&alias=ecoclusts01.bioclust.biologie.ens.fr&noUDP&sock=schedd_1052_29b8>
...
001 (453.130.000) 2022-04-06 06:05:27 Job executing on host: <10.18.24.137:9618?addrs=10.18.24.137-9618&alias=dyoclust10.bioclust.biologie.ens.fr&noUDP&sock=startd_830_e3b2>
...
006 (453.130.000) 2022-04-06 06:05:36 Image size of job updated: 233664
	120  -  MemoryUsage of job (MB)
	122568  -  ResidentSetSize of job (KB)
...
006 (453.130.000) 2022-04-06 06:10:36 Image size of job updated: 741624
	317  -  MemoryUsage of job (MB)
	324124  -  ResidentSetSize of job (KB)
...
006 (453.130.000) 2022-04-06 06:15:36 Image size of job updated: 774392
	317  -  MemoryUsage of job (MB)
	324124  -  ResidentSetSize of job (KB)
...
006 (453.130.000) 2022-04-06 06:35:39 Image size of job updated: 774648
	317  -  MemoryUsage of job (MB)
	324212  -  ResidentSetSize of job (KB)
...
006 (453.130.000) 2022-04-06 06:40:40 Image size of job updated: 774648
	317  -  MemoryUsage of job (MB)
	324344  -  ResidentSetSize of job (KB)
...
006 (453.130.000) 2022-04-06 06:45:40 Image size of job updated: 774904
	317  -  MemoryUsage of job (MB)
	324608  -  ResidentSetSize of job (KB)
...
006 (453.130.000) 2022-04-06 06:50:40 Image size of job updated: 775160
	318  -  MemoryUsage of job (MB)
	324740  -  ResidentSetSize of job (KB)
...
006 (453.130.000) 2022-04-06 06:55:41 Image size of job updated: 775160
	318  -  MemoryUsage of job (MB)
	324872  -  ResidentSetSize of job (KB)
...
006 (453.130.000) 2022-04-06 07:00:42 Image size of job updated: 775416
	318  -  MemoryUsage of job (MB)
	325004  -  ResidentSetSize of job (KB)
...
006 (453.130.000) 2022-04-06 07:05:42 Image size of job updated: 775672
	318  -  MemoryUsage of job (MB)
	325136  -  ResidentSetSize of job (KB)
...
006 (453.130.000) 2022-04-06 07:10:43 Image size of job updated: 775672
	318  -  MemoryUsage of job (MB)
	325400  -  ResidentSetSize of job (KB)
...
006 (453.130.000) 2022-04-06 07:15:44 Image size of job updated: 775928
	318  -  MemoryUsage of job (MB)
	325532  -  ResidentSetSize of job (KB)
...
006 (453.130.000) 2022-04-06 07:20:44 Image size of job updated: 776184
	319  -  MemoryUsage of job (MB)
	325664  -  ResidentSetSize of job (KB)
...
006 (453.130.000) 2022-04-06 07:25:44 Image size of job updated: 776184
	319  -  MemoryUsage of job (MB)
	325928  -  ResidentSetSize of job (KB)
...
006 (453.130.000) 2022-04-06 07:30:45 Image size of job updated: 776440
	319  -  MemoryUsage of job (MB)
	326060  -  ResidentSetSize of job (KB)
...
006 (453.130.000) 2022-04-06 07:35:46 Image size of job updated: 776696
	319  -  MemoryUsage of job (MB)
	326192  -  ResidentSetSize of job (KB)
...
006 (453.130.000) 2022-04-06 07:40:46 Image size of job updated: 776696
	319  -  MemoryUsage of job (MB)
	326456  -  ResidentSetSize of job (KB)
...
006 (453.130.000) 2022-04-06 07:45:47 Image size of job updated: 776952
	319  -  MemoryUsage of job (MB)
	326588  -  ResidentSetSize of job (KB)
...
006 (453.130.000) 2022-04-06 08:00:48 Image size of job updated: 777208
	320  -  MemoryUsage of job (MB)
	326720  -  ResidentSetSize of job (KB)
...
006 (453.130.000) 2022-04-06 08:05:49 Image size of job updated: 777208
	320  -  MemoryUsage of job (MB)
	326852  -  ResidentSetSize of job (KB)
...
006 (453.130.000) 2022-04-06 08:10:49 Image size of job updated: 777464
	320  -  MemoryUsage of job (MB)
	327116  -  ResidentSetSize of job (KB)
...
006 (453.130.000) 2022-04-06 08:15:49 Image size of job updated: 777720
	320  -  MemoryUsage of job (MB)
	327248  -  ResidentSetSize of job (KB)
...
006 (453.130.000) 2022-04-06 08:20:50 Image size of job updated: 777720
	320  -  MemoryUsage of job (MB)
	327380  -  ResidentSetSize of job (KB)
...
006 (453.130.000) 2022-04-06 08:25:51 Image size of job updated: 777976
	320  -  MemoryUsage of job (MB)
	327512  -  ResidentSetSize of job (KB)
...
006 (453.130.000) 2022-04-06 08:30:51 Image size of job updated: 778232
	320  -  MemoryUsage of job (MB)
	327644  -  ResidentSetSize of job (KB)
...
006 (453.130.000) 2022-04-06 08:35:51 Image size of job updated: 778232
	321  -  MemoryUsage of job (MB)
	327908  -  ResidentSetSize of job (KB)
...
006 (453.130.000) 2022-04-06 08:40:52 Image size of job updated: 778488
	321  -  MemoryUsage of job (MB)
	328040  -  ResidentSetSize of job (KB)
...
006 (453.130.000) 2022-04-06 08:45:52 Image size of job updated: 778488
	321  -  MemoryUsage of job (MB)
	328172  -  ResidentSetSize of job (KB)
...
006 (453.130.000) 2022-04-06 08:50:52 Image size of job updated: 778744
	321  -  MemoryUsage of job (MB)
	328304  -  ResidentSetSize of job (KB)
...
006 (453.130.000) 2022-04-06 08:55:53 Image size of job updated: 779000
	321  -  MemoryUsage of job (MB)
	328568  -  ResidentSetSize of job (KB)
...
006 (453.130.000) 2022-04-06 09:00:54 Image size of job updated: 779000
	321  -  MemoryUsage of job (MB)
	328700  -  ResidentSetSize of job (KB)
...
006 (453.130.000) 2022-04-06 09:05:54 Image size of job updated: 779256
	322  -  MemoryUsage of job (MB)
	328832  -  ResidentSetSize of job (KB)
...
006 (453.130.000) 2022-04-06 09:10:54 Image size of job updated: 779512
	322  -  MemoryUsage of job (MB)
	328964  -  ResidentSetSize of job (KB)
...
006 (453.130.000) 2022-04-06 09:15:55 Image size of job updated: 779512
	322  -  MemoryUsage of job (MB)
	329096  -  ResidentSetSize of job (KB)
...
006 (453.130.000) 2022-04-06 09:19:58 Image size of job updated: 779768
	322  -  MemoryUsage of job (MB)
	329096  -  ResidentSetSize of job (KB)
...
005 (453.130.000) 2022-04-06 09:19:58 Job terminated.
	(1) Normal termination (return value 0)
		Usr 0 03:12:54, Sys 0 00:00:27  -  Run Remote Usage
		Usr 0 00:00:00, Sys 0 00:00:00  -  Run Local Usage
		Usr 0 03:12:54, Sys 0 00:00:27  -  Total Remote Usage
		Usr 0 00:00:00, Sys 0 00:00:00  -  Total Local Usage
	0  -  Run Bytes Sent By Job
	0  -  Run Bytes Received By Job
	0  -  Total Bytes Sent By Job
	0  -  Total Bytes Received By Job
	Partitionable Resources :    Usage  Request Allocated 
	   Cpus                 :     1.00        1         1 
	   Disk (KB)            :  7500        7500     10999 
	   Memory (MB)          :   322        1024      1024 

	Job terminated of its own accord at 2022-04-06T07:19:58Z with exit-code 0.
...
