000 (453.149.000) 2022-04-05 18:55:37 Job submitted from host: <10.18.24.243:9618?addrs=10.18.24.243-9618&alias=ecoclusts01.bioclust.biologie.ens.fr&noUDP&sock=schedd_1052_29b8>
...
001 (453.149.000) 2022-04-06 06:17:02 Job executing on host: <10.18.24.109:9618?addrs=10.18.24.109-9618&alias=ecoclust14.bioclust.biologie.ens.fr&noUDP&sock=startd_917_906f>
...
006 (453.149.000) 2022-04-06 06:17:11 Image size of job updated: 232204
	98  -  MemoryUsage of job (MB)
	99636  -  ResidentSetSize of job (KB)
...
006 (453.149.000) 2022-04-06 06:22:12 Image size of job updated: 741624
	317  -  MemoryUsage of job (MB)
	324072  -  ResidentSetSize of job (KB)
...
006 (453.149.000) 2022-04-06 06:27:13 Image size of job updated: 741624
	317  -  MemoryUsage of job (MB)
	324160  -  ResidentSetSize of job (KB)
...
006 (453.149.000) 2022-04-06 06:32:13 Image size of job updated: 774392
	317  -  MemoryUsage of job (MB)
	324160  -  ResidentSetSize of job (KB)
...
006 (453.149.000) 2022-04-06 07:52:22 Image size of job updated: 774648
	317  -  MemoryUsage of job (MB)
	324160  -  ResidentSetSize of job (KB)
...
006 (453.149.000) 2022-04-06 07:57:22 Image size of job updated: 774648
	317  -  MemoryUsage of job (MB)
	324292  -  ResidentSetSize of job (KB)
...
006 (453.149.000) 2022-04-06 08:07:23 Image size of job updated: 774904
	317  -  MemoryUsage of job (MB)
	324424  -  ResidentSetSize of job (KB)
...
006 (453.149.000) 2022-04-06 08:12:24 Image size of job updated: 774904
	317  -  MemoryUsage of job (MB)
	324556  -  ResidentSetSize of job (KB)
...
006 (453.149.000) 2022-04-06 08:22:25 Image size of job updated: 775160
	318  -  MemoryUsage of job (MB)
	324688  -  ResidentSetSize of job (KB)
...
006 (453.149.000) 2022-04-06 08:27:26 Image size of job updated: 775160
	318  -  MemoryUsage of job (MB)
	324820  -  ResidentSetSize of job (KB)
...
006 (453.149.000) 2022-04-06 08:32:26 Image size of job updated: 775416
	318  -  MemoryUsage of job (MB)
	324952  -  ResidentSetSize of job (KB)
...
006 (453.149.000) 2022-04-06 08:37:26 Image size of job updated: 775416
	318  -  MemoryUsage of job (MB)
	325084  -  ResidentSetSize of job (KB)
...
006 (453.149.000) 2022-04-06 08:42:27 Image size of job updated: 775672
	318  -  MemoryUsage of job (MB)
	325216  -  ResidentSetSize of job (KB)
...
006 (453.149.000) 2022-04-06 08:47:27 Image size of job updated: 775672
	318  -  MemoryUsage of job (MB)
	325348  -  ResidentSetSize of job (KB)
...
006 (453.149.000) 2022-04-06 08:57:28 Image size of job updated: 775928
	318  -  MemoryUsage of job (MB)
	325480  -  ResidentSetSize of job (KB)
...
006 (453.149.000) 2022-04-06 09:02:29 Image size of job updated: 775928
	318  -  MemoryUsage of job (MB)
	325612  -  ResidentSetSize of job (KB)
...
006 (453.149.000) 2022-04-06 09:07:29 Image size of job updated: 776184
	319  -  MemoryUsage of job (MB)
	325744  -  ResidentSetSize of job (KB)
...
006 (453.149.000) 2022-04-06 09:17:31 Image size of job updated: 776184
	319  -  MemoryUsage of job (MB)
	325876  -  ResidentSetSize of job (KB)
...
006 (453.149.000) 2022-04-06 09:22:31 Image size of job updated: 776440
	319  -  MemoryUsage of job (MB)
	326008  -  ResidentSetSize of job (KB)
...
006 (453.149.000) 2022-04-06 09:27:31 Image size of job updated: 776440
	319  -  MemoryUsage of job (MB)
	326140  -  ResidentSetSize of job (KB)
...
006 (453.149.000) 2022-04-06 09:32:32 Image size of job updated: 776696
	319  -  MemoryUsage of job (MB)
	326272  -  ResidentSetSize of job (KB)
...
006 (453.149.000) 2022-04-06 09:37:33 Image size of job updated: 776696
	319  -  MemoryUsage of job (MB)
	326404  -  ResidentSetSize of job (KB)
...
006 (453.149.000) 2022-04-06 09:42:33 Image size of job updated: 776952
	319  -  MemoryUsage of job (MB)
	326536  -  ResidentSetSize of job (KB)
...
006 (453.149.000) 2022-04-06 09:57:35 Image size of job updated: 776952
	319  -  MemoryUsage of job (MB)
	326616  -  ResidentSetSize of job (KB)
...
006 (453.149.000) 2022-04-06 10:07:36 Image size of job updated: 777208
	320  -  MemoryUsage of job (MB)
	326748  -  ResidentSetSize of job (KB)
...
006 (453.149.000) 2022-04-06 10:12:37 Image size of job updated: 777208
	320  -  MemoryUsage of job (MB)
	326880  -  ResidentSetSize of job (KB)
...
006 (453.149.000) 2022-04-06 10:22:38 Image size of job updated: 777464
	320  -  MemoryUsage of job (MB)
	327012  -  ResidentSetSize of job (KB)
...
006 (453.149.000) 2022-04-06 10:32:39 Image size of job updated: 777464
	320  -  MemoryUsage of job (MB)
	327144  -  ResidentSetSize of job (KB)
...
006 (453.149.000) 2022-04-06 10:37:39 Image size of job updated: 777720
	320  -  MemoryUsage of job (MB)
	327276  -  ResidentSetSize of job (KB)
...
006 (453.149.000) 2022-04-06 10:42:40 Image size of job updated: 777720
	320  -  MemoryUsage of job (MB)
	327408  -  ResidentSetSize of job (KB)
...
006 (453.149.000) 2022-04-06 10:47:40 Image size of job updated: 777976
	320  -  MemoryUsage of job (MB)
	327540  -  ResidentSetSize of job (KB)
...
006 (453.149.000) 2022-04-06 10:57:41 Image size of job updated: 777976
	320  -  MemoryUsage of job (MB)
	327672  -  ResidentSetSize of job (KB)
...
006 (453.149.000) 2022-04-06 11:02:41 Image size of job updated: 778232
	321  -  MemoryUsage of job (MB)
	327804  -  ResidentSetSize of job (KB)
...
006 (453.149.000) 2022-04-06 11:07:41 Image size of job updated: 778232
	321  -  MemoryUsage of job (MB)
	327936  -  ResidentSetSize of job (KB)
...
006 (453.149.000) 2022-04-06 11:12:42 Image size of job updated: 778488
	321  -  MemoryUsage of job (MB)
	327936  -  ResidentSetSize of job (KB)
...
006 (453.149.000) 2022-04-06 11:17:43 Image size of job updated: 778488
	321  -  MemoryUsage of job (MB)
	328068  -  ResidentSetSize of job (KB)
...
006 (453.149.000) 2022-04-06 11:22:43 Image size of job updated: 778488
	321  -  MemoryUsage of job (MB)
	328200  -  ResidentSetSize of job (KB)
...
006 (453.149.000) 2022-04-06 11:27:44 Image size of job updated: 778744
	321  -  MemoryUsage of job (MB)
	328332  -  ResidentSetSize of job (KB)
...
006 (453.149.000) 2022-04-06 11:32:45 Image size of job updated: 778744
	321  -  MemoryUsage of job (MB)
	328464  -  ResidentSetSize of job (KB)
...
006 (453.149.000) 2022-04-06 11:37:45 Image size of job updated: 779000
	321  -  MemoryUsage of job (MB)
	328596  -  ResidentSetSize of job (KB)
...
006 (453.149.000) 2022-04-06 11:47:47 Image size of job updated: 779256
	322  -  MemoryUsage of job (MB)
	328728  -  ResidentSetSize of job (KB)
...
006 (453.149.000) 2022-04-06 11:52:47 Image size of job updated: 779256
	322  -  MemoryUsage of job (MB)
	328860  -  ResidentSetSize of job (KB)
...
006 (453.149.000) 2022-04-06 11:57:47 Image size of job updated: 779256
	322  -  MemoryUsage of job (MB)
	328992  -  ResidentSetSize of job (KB)
...
006 (453.149.000) 2022-04-06 12:02:49 Image size of job updated: 779512
	322  -  MemoryUsage of job (MB)
	328992  -  ResidentSetSize of job (KB)
...
006 (453.149.000) 2022-04-06 12:07:49 Image size of job updated: 779512
	322  -  MemoryUsage of job (MB)
	329124  -  ResidentSetSize of job (KB)
...
006 (453.149.000) 2022-04-06 12:12:49 Image size of job updated: 779512
	322  -  MemoryUsage of job (MB)
	329256  -  ResidentSetSize of job (KB)
...
005 (453.149.000) 2022-04-06 12:13:07 Job terminated.
	(1) Normal termination (return value 0)
		Usr 0 05:54:09, Sys 0 00:00:26  -  Run Remote Usage
		Usr 0 00:00:00, Sys 0 00:00:00  -  Run Local Usage
		Usr 0 05:54:09, Sys 0 00:00:26  -  Total Remote Usage
		Usr 0 00:00:00, Sys 0 00:00:00  -  Total Local Usage
	0  -  Run Bytes Sent By Job
	0  -  Run Bytes Received By Job
	0  -  Total Bytes Sent By Job
	0  -  Total Bytes Received By Job
	Partitionable Resources :    Usage  Request Allocated 
	   Cpus                 :     1.00        1         1 
	   Disk (KB)            :  7500        7500     10998 
	   Memory (MB)          :   322        1024      1024 

	Job terminated of its own accord at 2022-04-06T10:13:07Z with exit-code 0.
...
