000 (453.653.000) 2022-04-05 18:55:39 Job submitted from host: <10.18.24.243:9618?addrs=10.18.24.243-9618&alias=ecoclusts01.bioclust.biologie.ens.fr&noUDP&sock=schedd_1052_29b8>
...
001 (453.653.000) 2022-04-06 14:28:03 Job executing on host: <10.18.24.108:9618?addrs=10.18.24.108-9618&alias=ecoclust13.bioclust.biologie.ens.fr&noUDP&sock=startd_1053_d950>
...
006 (453.653.000) 2022-04-06 14:28:12 Image size of job updated: 64796
	64  -  MemoryUsage of job (MB)
	64796  -  ResidentSetSize of job (KB)
...
006 (453.653.000) 2022-04-06 14:33:13 Image size of job updated: 741620
	299  -  MemoryUsage of job (MB)
	305396  -  ResidentSetSize of job (KB)
...
006 (453.653.000) 2022-04-06 14:38:13 Image size of job updated: 741620
	317  -  MemoryUsage of job (MB)
	324092  -  ResidentSetSize of job (KB)
...
006 (453.653.000) 2022-04-06 14:53:15 Image size of job updated: 774388
	317  -  MemoryUsage of job (MB)
	324180  -  ResidentSetSize of job (KB)
...
006 (453.653.000) 2022-04-06 18:48:37 Image size of job updated: 774644
	317  -  MemoryUsage of job (MB)
	324180  -  ResidentSetSize of job (KB)
...
006 (453.653.000) 2022-04-06 20:23:48 Image size of job updated: 774644
	317  -  MemoryUsage of job (MB)
	324312  -  ResidentSetSize of job (KB)
...
006 (453.653.000) 2022-04-06 21:18:53 Image size of job updated: 774900
	317  -  MemoryUsage of job (MB)
	324444  -  ResidentSetSize of job (KB)
...
006 (453.653.000) 2022-04-06 22:44:03 Image size of job updated: 774900
	317  -  MemoryUsage of job (MB)
	324576  -  ResidentSetSize of job (KB)
...
006 (453.653.000) 2022-04-07 00:14:12 Image size of job updated: 775156
	317  -  MemoryUsage of job (MB)
	324576  -  ResidentSetSize of job (KB)
...
006 (453.653.000) 2022-04-07 00:54:16 Image size of job updated: 775156
	318  -  MemoryUsage of job (MB)
	324708  -  ResidentSetSize of job (KB)
...
006 (453.653.000) 2022-04-07 03:14:29 Image size of job updated: 775156
	318  -  MemoryUsage of job (MB)
	324840  -  ResidentSetSize of job (KB)
...
006 (453.653.000) 2022-04-07 05:34:45 Image size of job updated: 775412
	318  -  MemoryUsage of job (MB)
	324972  -  ResidentSetSize of job (KB)
...
006 (453.653.000) 2022-04-07 07:55:01 Image size of job updated: 775412
	318  -  MemoryUsage of job (MB)
	325104  -  ResidentSetSize of job (KB)
...
006 (453.653.000) 2022-04-07 10:15:15 Image size of job updated: 775668
	318  -  MemoryUsage of job (MB)
	325236  -  ResidentSetSize of job (KB)
...
006 (453.653.000) 2022-04-07 13:25:35 Image size of job updated: 775668
	318  -  MemoryUsage of job (MB)
	325368  -  ResidentSetSize of job (KB)
...
006 (453.653.000) 2022-04-07 15:00:43 Image size of job updated: 775924
	318  -  MemoryUsage of job (MB)
	325368  -  ResidentSetSize of job (KB)
...
006 (453.653.000) 2022-04-07 15:45:47 Image size of job updated: 775924
	318  -  MemoryUsage of job (MB)
	325500  -  ResidentSetSize of job (KB)
...
006 (453.653.000) 2022-04-07 17:35:59 Image size of job updated: 775924
	318  -  MemoryUsage of job (MB)
	325632  -  ResidentSetSize of job (KB)
...
006 (453.653.000) 2022-04-07 18:46:06 Image size of job updated: 776180
	318  -  MemoryUsage of job (MB)
	325632  -  ResidentSetSize of job (KB)
...
006 (453.653.000) 2022-04-07 19:56:12 Image size of job updated: 776180
	319  -  MemoryUsage of job (MB)
	325764  -  ResidentSetSize of job (KB)
...
006 (453.653.000) 2022-04-07 21:46:24 Image size of job updated: 776180
	319  -  MemoryUsage of job (MB)
	325896  -  ResidentSetSize of job (KB)
...
006 (453.653.000) 2022-04-07 23:11:34 Image size of job updated: 776436
	319  -  MemoryUsage of job (MB)
	325896  -  ResidentSetSize of job (KB)
...
006 (453.653.000) 2022-04-07 23:56:37 Image size of job updated: 776436
	319  -  MemoryUsage of job (MB)
	326028  -  ResidentSetSize of job (KB)
...
006 (453.653.000) 2022-04-08 02:06:51 Image size of job updated: 776436
	319  -  MemoryUsage of job (MB)
	326160  -  ResidentSetSize of job (KB)
...
006 (453.653.000) 2022-04-08 03:32:01 Image size of job updated: 776692
	319  -  MemoryUsage of job (MB)
	326160  -  ResidentSetSize of job (KB)
...
006 (453.653.000) 2022-04-08 04:17:06 Image size of job updated: 776692
	319  -  MemoryUsage of job (MB)
	326292  -  ResidentSetSize of job (KB)
...
006 (453.653.000) 2022-04-08 06:32:21 Image size of job updated: 776692
	319  -  MemoryUsage of job (MB)
	326424  -  ResidentSetSize of job (KB)
...
006 (453.653.000) 2022-04-08 07:52:29 Image size of job updated: 776948
	319  -  MemoryUsage of job (MB)
	326424  -  ResidentSetSize of job (KB)
...
006 (453.653.000) 2022-04-08 09:12:39 Image size of job updated: 776948
	319  -  MemoryUsage of job (MB)
	326556  -  ResidentSetSize of job (KB)
...
006 (453.653.000) 2022-04-08 16:13:21 Image size of job updated: 776948
	320  -  MemoryUsage of job (MB)
	326688  -  ResidentSetSize of job (KB)
...
006 (453.653.000) 2022-04-08 16:58:24 Image size of job updated: 777204
	320  -  MemoryUsage of job (MB)
	326688  -  ResidentSetSize of job (KB)
...
006 (453.653.000) 2022-04-08 19:08:38 Image size of job updated: 777204
	320  -  MemoryUsage of job (MB)
	326820  -  ResidentSetSize of job (KB)
...
006 (453.653.000) 2022-04-08 21:23:53 Image size of job updated: 777204
	320  -  MemoryUsage of job (MB)
	326952  -  ResidentSetSize of job (KB)
...
006 (453.653.000) 2022-04-08 22:49:01 Image size of job updated: 777460
	320  -  MemoryUsage of job (MB)
	326952  -  ResidentSetSize of job (KB)
...
006 (453.653.000) 2022-04-09 00:14:11 Image size of job updated: 777460
	320  -  MemoryUsage of job (MB)
	327084  -  ResidentSetSize of job (KB)
...
006 (453.653.000) 2022-04-09 02:14:21 Image size of job updated: 777460
	320  -  MemoryUsage of job (MB)
	327216  -  ResidentSetSize of job (KB)
...
006 (453.653.000) 2022-04-09 03:39:30 Image size of job updated: 777716
	320  -  MemoryUsage of job (MB)
	327216  -  ResidentSetSize of job (KB)
...
006 (453.653.000) 2022-04-09 05:04:38 Image size of job updated: 777716
	320  -  MemoryUsage of job (MB)
	327348  -  ResidentSetSize of job (KB)
...
006 (453.653.000) 2022-04-09 07:49:56 Image size of job updated: 777972
	320  -  MemoryUsage of job (MB)
	327480  -  ResidentSetSize of job (KB)
...
006 (453.653.000) 2022-04-09 09:50:09 Image size of job updated: 777972
	320  -  MemoryUsage of job (MB)
	327612  -  ResidentSetSize of job (KB)
...
006 (453.653.000) 2022-04-09 12:35:26 Image size of job updated: 777972
	321  -  MemoryUsage of job (MB)
	327744  -  ResidentSetSize of job (KB)
...
006 (453.653.000) 2022-04-09 13:15:30 Image size of job updated: 778228
	321  -  MemoryUsage of job (MB)
	327744  -  ResidentSetSize of job (KB)
...
006 (453.653.000) 2022-04-09 15:45:47 Image size of job updated: 778228
	321  -  MemoryUsage of job (MB)
	327876  -  ResidentSetSize of job (KB)
...
006 (453.653.000) 2022-04-09 18:26:03 Image size of job updated: 778228
	321  -  MemoryUsage of job (MB)
	328008  -  ResidentSetSize of job (KB)
...
006 (453.653.000) 2022-04-09 19:21:10 Image size of job updated: 778484
	321  -  MemoryUsage of job (MB)
	328008  -  ResidentSetSize of job (KB)
...
006 (453.653.000) 2022-04-09 21:56:27 Image size of job updated: 778484
	321  -  MemoryUsage of job (MB)
	328140  -  ResidentSetSize of job (KB)
...
006 (453.653.000) 2022-04-10 00:36:43 Image size of job updated: 778484
	321  -  MemoryUsage of job (MB)
	328272  -  ResidentSetSize of job (KB)
...
006 (453.653.000) 2022-04-10 01:26:48 Image size of job updated: 778740
	321  -  MemoryUsage of job (MB)
	328272  -  ResidentSetSize of job (KB)
...
006 (453.653.000) 2022-04-10 04:02:04 Image size of job updated: 778740
	321  -  MemoryUsage of job (MB)
	328404  -  ResidentSetSize of job (KB)
...
006 (453.653.000) 2022-04-10 06:37:19 Image size of job updated: 778740
	321  -  MemoryUsage of job (MB)
	328536  -  ResidentSetSize of job (KB)
...
006 (453.653.000) 2022-04-10 06:42:19 Image size of job updated: 778996
	321  -  MemoryUsage of job (MB)
	328536  -  ResidentSetSize of job (KB)
...
006 (453.653.000) 2022-04-10 09:57:39 Image size of job updated: 778996
	321  -  MemoryUsage of job (MB)
	328668  -  ResidentSetSize of job (KB)
...
006 (453.653.000) 2022-04-10 13:18:00 Image size of job updated: 779252
	322  -  MemoryUsage of job (MB)
	328800  -  ResidentSetSize of job (KB)
...
006 (453.653.000) 2022-04-10 15:48:15 Image size of job updated: 779252
	322  -  MemoryUsage of job (MB)
	328932  -  ResidentSetSize of job (KB)
...
006 (453.653.000) 2022-04-10 18:28:32 Image size of job updated: 779508
	322  -  MemoryUsage of job (MB)
	328932  -  ResidentSetSize of job (KB)
...
006 (453.653.000) 2022-04-10 19:13:36 Image size of job updated: 779508
	322  -  MemoryUsage of job (MB)
	329064  -  ResidentSetSize of job (KB)
...
006 (453.653.000) 2022-04-10 22:38:59 Image size of job updated: 779508
	322  -  MemoryUsage of job (MB)
	329196  -  ResidentSetSize of job (KB)
...
006 (453.653.000) 2022-04-11 00:49:13 Image size of job updated: 779764
	322  -  MemoryUsage of job (MB)
	329328  -  ResidentSetSize of job (KB)
...
005 (453.653.000) 2022-04-11 01:29:41 Job terminated.
	(1) Normal termination (return value 0)
		Usr 4 10:35:19, Sys 0 00:12:31  -  Run Remote Usage
		Usr 0 00:00:00, Sys 0 00:00:00  -  Run Local Usage
		Usr 4 10:35:19, Sys 0 00:12:31  -  Total Remote Usage
		Usr 0 00:00:00, Sys 0 00:00:00  -  Total Local Usage
	0  -  Run Bytes Sent By Job
	0  -  Run Bytes Received By Job
	0  -  Total Bytes Sent By Job
	0  -  Total Bytes Received By Job
	Partitionable Resources :    Usage  Request Allocated 
	   Cpus                 :     1.00        1         1 
	   Disk (KB)            :  7500        7500     10998 
	   Memory (MB)          :   322        1024      1024 

	Job terminated of its own accord at 2022-04-10T23:29:41Z with exit-code 0.
...
