000 (453.236.000) 2022-04-05 18:55:37 Job submitted from host: <10.18.24.243:9618?addrs=10.18.24.243-9618&alias=ecoclusts01.bioclust.biologie.ens.fr&noUDP&sock=schedd_1052_29b8>
...
001 (453.236.000) 2022-04-06 07:35:05 Job executing on host: <10.18.24.8:9618?addrs=10.18.24.8-9618&alias=bioclust08.bioclust.biologie.ens.fr&noUDP&sock=startd_1108_9306>
...
006 (453.236.000) 2022-04-06 07:35:13 Image size of job updated: 327936
	99  -  MemoryUsage of job (MB)
	100800  -  ResidentSetSize of job (KB)
...
006 (453.236.000) 2022-04-06 07:40:13 Image size of job updated: 741876
	317  -  MemoryUsage of job (MB)
	324360  -  ResidentSetSize of job (KB)
...
006 (453.236.000) 2022-04-06 07:45:14 Image size of job updated: 774644
	317  -  MemoryUsage of job (MB)
	324360  -  ResidentSetSize of job (KB)
...
006 (453.236.000) 2022-04-06 08:45:19 Image size of job updated: 774900
	317  -  MemoryUsage of job (MB)
	324492  -  ResidentSetSize of job (KB)
...
006 (453.236.000) 2022-04-06 08:55:21 Image size of job updated: 775156
	318  -  MemoryUsage of job (MB)
	324624  -  ResidentSetSize of job (KB)
...
006 (453.236.000) 2022-04-06 09:00:21 Image size of job updated: 775156
	318  -  MemoryUsage of job (MB)
	324756  -  ResidentSetSize of job (KB)
...
006 (453.236.000) 2022-04-06 09:10:22 Image size of job updated: 775412
	318  -  MemoryUsage of job (MB)
	324888  -  ResidentSetSize of job (KB)
...
006 (453.236.000) 2022-04-06 09:15:23 Image size of job updated: 775412
	318  -  MemoryUsage of job (MB)
	325152  -  ResidentSetSize of job (KB)
...
006 (453.236.000) 2022-04-06 09:20:23 Image size of job updated: 775668
	318  -  MemoryUsage of job (MB)
	325284  -  ResidentSetSize of job (KB)
...
006 (453.236.000) 2022-04-06 09:25:23 Image size of job updated: 775668
	318  -  MemoryUsage of job (MB)
	325416  -  ResidentSetSize of job (KB)
...
006 (453.236.000) 2022-04-06 09:30:24 Image size of job updated: 775924
	318  -  MemoryUsage of job (MB)
	325548  -  ResidentSetSize of job (KB)
...
006 (453.236.000) 2022-04-06 09:40:25 Image size of job updated: 776180
	319  -  MemoryUsage of job (MB)
	325812  -  ResidentSetSize of job (KB)
...
006 (453.236.000) 2022-04-06 09:45:25 Image size of job updated: 776436
	319  -  MemoryUsage of job (MB)
	325944  -  ResidentSetSize of job (KB)
...
006 (453.236.000) 2022-04-06 09:50:26 Image size of job updated: 776436
	319  -  MemoryUsage of job (MB)
	326076  -  ResidentSetSize of job (KB)
...
006 (453.236.000) 2022-04-06 09:55:27 Image size of job updated: 776692
	319  -  MemoryUsage of job (MB)
	326208  -  ResidentSetSize of job (KB)
...
006 (453.236.000) 2022-04-06 10:00:27 Image size of job updated: 776692
	319  -  MemoryUsage of job (MB)
	326340  -  ResidentSetSize of job (KB)
...
006 (453.236.000) 2022-04-06 10:05:27 Image size of job updated: 776948
	319  -  MemoryUsage of job (MB)
	326472  -  ResidentSetSize of job (KB)
...
006 (453.236.000) 2022-04-06 10:10:28 Image size of job updated: 776948
	319  -  MemoryUsage of job (MB)
	326604  -  ResidentSetSize of job (KB)
...
006 (453.236.000) 2022-04-06 10:25:30 Image size of job updated: 777204
	320  -  MemoryUsage of job (MB)
	326728  -  ResidentSetSize of job (KB)
...
006 (453.236.000) 2022-04-06 10:30:31 Image size of job updated: 777204
	320  -  MemoryUsage of job (MB)
	326860  -  ResidentSetSize of job (KB)
...
006 (453.236.000) 2022-04-06 10:35:32 Image size of job updated: 777460
	320  -  MemoryUsage of job (MB)
	327124  -  ResidentSetSize of job (KB)
...
006 (453.236.000) 2022-04-06 10:45:32 Image size of job updated: 777716
	320  -  MemoryUsage of job (MB)
	327256  -  ResidentSetSize of job (KB)
...
006 (453.236.000) 2022-04-06 10:50:33 Image size of job updated: 777972
	320  -  MemoryUsage of job (MB)
	327388  -  ResidentSetSize of job (KB)
...
006 (453.236.000) 2022-04-06 10:55:34 Image size of job updated: 777972
	320  -  MemoryUsage of job (MB)
	327520  -  ResidentSetSize of job (KB)
...
006 (453.236.000) 2022-04-06 11:00:34 Image size of job updated: 777972
	320  -  MemoryUsage of job (MB)
	327652  -  ResidentSetSize of job (KB)
...
006 (453.236.000) 2022-04-06 11:05:34 Image size of job updated: 778228
	321  -  MemoryUsage of job (MB)
	327784  -  ResidentSetSize of job (KB)
...
006 (453.236.000) 2022-04-06 11:10:35 Image size of job updated: 778228
	321  -  MemoryUsage of job (MB)
	327916  -  ResidentSetSize of job (KB)
...
006 (453.236.000) 2022-04-06 11:15:37 Image size of job updated: 778484
	321  -  MemoryUsage of job (MB)
	328048  -  ResidentSetSize of job (KB)
...
006 (453.236.000) 2022-04-06 11:20:37 Image size of job updated: 778484
	321  -  MemoryUsage of job (MB)
	328180  -  ResidentSetSize of job (KB)
...
006 (453.236.000) 2022-04-06 11:25:37 Image size of job updated: 778740
	321  -  MemoryUsage of job (MB)
	328312  -  ResidentSetSize of job (KB)
...
006 (453.236.000) 2022-04-06 11:30:37 Image size of job updated: 778740
	321  -  MemoryUsage of job (MB)
	328444  -  ResidentSetSize of job (KB)
...
006 (453.236.000) 2022-04-06 11:35:38 Image size of job updated: 778996
	321  -  MemoryUsage of job (MB)
	328576  -  ResidentSetSize of job (KB)
...
006 (453.236.000) 2022-04-06 11:40:39 Image size of job updated: 778996
	322  -  MemoryUsage of job (MB)
	328708  -  ResidentSetSize of job (KB)
...
006 (453.236.000) 2022-04-06 11:45:39 Image size of job updated: 779252
	322  -  MemoryUsage of job (MB)
	328840  -  ResidentSetSize of job (KB)
...
006 (453.236.000) 2022-04-06 11:50:39 Image size of job updated: 779508
	322  -  MemoryUsage of job (MB)
	328972  -  ResidentSetSize of job (KB)
...
006 (453.236.000) 2022-04-06 11:55:40 Image size of job updated: 779508
	322  -  MemoryUsage of job (MB)
	329104  -  ResidentSetSize of job (KB)
...
005 (453.236.000) 2022-04-06 11:59:05 Job terminated.
	(1) Normal termination (return value 0)
		Usr 0 04:22:27, Sys 0 00:01:07  -  Run Remote Usage
		Usr 0 00:00:00, Sys 0 00:00:00  -  Run Local Usage
		Usr 0 04:22:27, Sys 0 00:01:07  -  Total Remote Usage
		Usr 0 00:00:00, Sys 0 00:00:00  -  Total Local Usage
	0  -  Run Bytes Sent By Job
	0  -  Run Bytes Received By Job
	0  -  Total Bytes Sent By Job
	0  -  Total Bytes Received By Job
	Partitionable Resources :    Usage  Request Allocated 
	   Cpus                 :     1.00        1         1 
	   Disk (KB)            :  7500        7500     10998 
	   Memory (MB)          :   322        1024      1024 

	Job terminated of its own accord at 2022-04-06T09:59:05Z with exit-code 0.
...
