000 (453.577.000) 2022-04-05 18:55:39 Job submitted from host: <10.18.24.243:9618?addrs=10.18.24.243-9618&alias=ecoclusts01.bioclust.biologie.ens.fr&noUDP&sock=schedd_1052_29b8>
...
001 (453.577.000) 2022-04-06 13:02:35 Job executing on host: <10.18.24.176:9618?addrs=10.18.24.176-9618&alias=mcbsclust05.bioclust.biologie.ens.fr&noUDP&sock=startd_869_a3e3>
...
006 (453.577.000) 2022-04-06 13:02:44 Image size of job updated: 285852
	280  -  MemoryUsage of job (MB)
	285852  -  ResidentSetSize of job (KB)
...
006 (453.577.000) 2022-04-06 13:07:44 Image size of job updated: 741620
	317  -  MemoryUsage of job (MB)
	324056  -  ResidentSetSize of job (KB)
...
006 (453.577.000) 2022-04-06 13:12:44 Image size of job updated: 774388
	317  -  MemoryUsage of job (MB)
	324056  -  ResidentSetSize of job (KB)
...
006 (453.577.000) 2022-04-06 15:17:55 Image size of job updated: 774644
	317  -  MemoryUsage of job (MB)
	324188  -  ResidentSetSize of job (KB)
...
006 (453.577.000) 2022-04-06 16:23:01 Image size of job updated: 774644
	317  -  MemoryUsage of job (MB)
	324320  -  ResidentSetSize of job (KB)
...
006 (453.577.000) 2022-04-06 17:03:05 Image size of job updated: 774900
	317  -  MemoryUsage of job (MB)
	324452  -  ResidentSetSize of job (KB)
...
006 (453.577.000) 2022-04-06 18:08:12 Image size of job updated: 774900
	317  -  MemoryUsage of job (MB)
	324584  -  ResidentSetSize of job (KB)
...
006 (453.577.000) 2022-04-06 19:13:20 Image size of job updated: 775156
	317  -  MemoryUsage of job (MB)
	324584  -  ResidentSetSize of job (KB)
...
006 (453.577.000) 2022-04-06 19:33:22 Image size of job updated: 775156
	318  -  MemoryUsage of job (MB)
	324716  -  ResidentSetSize of job (KB)
...
006 (453.577.000) 2022-04-06 20:33:27 Image size of job updated: 775156
	318  -  MemoryUsage of job (MB)
	324848  -  ResidentSetSize of job (KB)
...
006 (453.577.000) 2022-04-06 21:38:34 Image size of job updated: 775412
	318  -  MemoryUsage of job (MB)
	324848  -  ResidentSetSize of job (KB)
...
006 (453.577.000) 2022-04-06 21:58:36 Image size of job updated: 775412
	318  -  MemoryUsage of job (MB)
	324980  -  ResidentSetSize of job (KB)
...
006 (453.577.000) 2022-04-06 22:58:44 Image size of job updated: 775412
	318  -  MemoryUsage of job (MB)
	325112  -  ResidentSetSize of job (KB)
...
006 (453.577.000) 2022-04-06 23:38:48 Image size of job updated: 775668
	318  -  MemoryUsage of job (MB)
	325112  -  ResidentSetSize of job (KB)
...
006 (453.577.000) 2022-04-07 00:03:51 Image size of job updated: 775668
	318  -  MemoryUsage of job (MB)
	325244  -  ResidentSetSize of job (KB)
...
006 (453.577.000) 2022-04-07 01:03:57 Image size of job updated: 775668
	318  -  MemoryUsage of job (MB)
	325376  -  ResidentSetSize of job (KB)
...
006 (453.577.000) 2022-04-07 01:44:02 Image size of job updated: 775924
	318  -  MemoryUsage of job (MB)
	325376  -  ResidentSetSize of job (KB)
...
006 (453.577.000) 2022-04-07 02:04:05 Image size of job updated: 775924
	318  -  MemoryUsage of job (MB)
	325508  -  ResidentSetSize of job (KB)
...
006 (453.577.000) 2022-04-07 03:04:11 Image size of job updated: 775924
	319  -  MemoryUsage of job (MB)
	325640  -  ResidentSetSize of job (KB)
...
006 (453.577.000) 2022-04-07 04:04:16 Image size of job updated: 776180
	319  -  MemoryUsage of job (MB)
	325640  -  ResidentSetSize of job (KB)
...
006 (453.577.000) 2022-04-07 04:24:19 Image size of job updated: 776180
	319  -  MemoryUsage of job (MB)
	325772  -  ResidentSetSize of job (KB)
...
006 (453.577.000) 2022-04-07 05:24:24 Image size of job updated: 776180
	319  -  MemoryUsage of job (MB)
	325904  -  ResidentSetSize of job (KB)
...
006 (453.577.000) 2022-04-07 06:04:28 Image size of job updated: 776436
	319  -  MemoryUsage of job (MB)
	325904  -  ResidentSetSize of job (KB)
...
006 (453.577.000) 2022-04-07 06:19:30 Image size of job updated: 776436
	319  -  MemoryUsage of job (MB)
	326036  -  ResidentSetSize of job (KB)
...
006 (453.577.000) 2022-04-07 07:14:36 Image size of job updated: 776436
	319  -  MemoryUsage of job (MB)
	326168  -  ResidentSetSize of job (KB)
...
006 (453.577.000) 2022-04-07 07:54:41 Image size of job updated: 776692
	319  -  MemoryUsage of job (MB)
	326168  -  ResidentSetSize of job (KB)
...
006 (453.577.000) 2022-04-07 08:29:45 Image size of job updated: 776692
	319  -  MemoryUsage of job (MB)
	326300  -  ResidentSetSize of job (KB)
...
006 (453.577.000) 2022-04-07 09:29:51 Image size of job updated: 776692
	319  -  MemoryUsage of job (MB)
	326432  -  ResidentSetSize of job (KB)
...
006 (453.577.000) 2022-04-07 09:44:52 Image size of job updated: 776948
	319  -  MemoryUsage of job (MB)
	326432  -  ResidentSetSize of job (KB)
...
006 (453.577.000) 2022-04-07 10:44:57 Image size of job updated: 776948
	319  -  MemoryUsage of job (MB)
	326564  -  ResidentSetSize of job (KB)
...
006 (453.577.000) 2022-04-07 13:50:15 Image size of job updated: 776948
	320  -  MemoryUsage of job (MB)
	326696  -  ResidentSetSize of job (KB)
...
006 (453.577.000) 2022-04-07 14:30:20 Image size of job updated: 777204
	320  -  MemoryUsage of job (MB)
	326696  -  ResidentSetSize of job (KB)
...
006 (453.577.000) 2022-04-07 15:05:24 Image size of job updated: 777204
	320  -  MemoryUsage of job (MB)
	326828  -  ResidentSetSize of job (KB)
...
006 (453.577.000) 2022-04-07 16:20:33 Image size of job updated: 777204
	320  -  MemoryUsage of job (MB)
	326960  -  ResidentSetSize of job (KB)
...
006 (453.577.000) 2022-04-07 16:40:34 Image size of job updated: 777460
	320  -  MemoryUsage of job (MB)
	326960  -  ResidentSetSize of job (KB)
...
006 (453.577.000) 2022-04-07 17:15:37 Image size of job updated: 777460
	320  -  MemoryUsage of job (MB)
	327092  -  ResidentSetSize of job (KB)
...
006 (453.577.000) 2022-04-07 18:35:46 Image size of job updated: 777460
	320  -  MemoryUsage of job (MB)
	327224  -  ResidentSetSize of job (KB)
...
006 (453.577.000) 2022-04-07 18:50:48 Image size of job updated: 777716
	320  -  MemoryUsage of job (MB)
	327224  -  ResidentSetSize of job (KB)
...
006 (453.577.000) 2022-04-07 19:30:53 Image size of job updated: 777716
	320  -  MemoryUsage of job (MB)
	327356  -  ResidentSetSize of job (KB)
...
006 (453.577.000) 2022-04-07 20:46:01 Image size of job updated: 777716
	320  -  MemoryUsage of job (MB)
	327488  -  ResidentSetSize of job (KB)
...
006 (453.577.000) 2022-04-07 21:06:03 Image size of job updated: 777972
	320  -  MemoryUsage of job (MB)
	327488  -  ResidentSetSize of job (KB)
...
006 (453.577.000) 2022-04-07 22:06:10 Image size of job updated: 777972
	320  -  MemoryUsage of job (MB)
	327620  -  ResidentSetSize of job (KB)
...
006 (453.577.000) 2022-04-07 23:01:15 Image size of job updated: 777972
	321  -  MemoryUsage of job (MB)
	327752  -  ResidentSetSize of job (KB)
...
006 (453.577.000) 2022-04-07 23:21:16 Image size of job updated: 778228
	321  -  MemoryUsage of job (MB)
	327752  -  ResidentSetSize of job (KB)
...
006 (453.577.000) 2022-04-08 00:21:23 Image size of job updated: 778228
	321  -  MemoryUsage of job (MB)
	327884  -  ResidentSetSize of job (KB)
...
006 (453.577.000) 2022-04-08 01:16:29 Image size of job updated: 778228
	321  -  MemoryUsage of job (MB)
	328016  -  ResidentSetSize of job (KB)
...
006 (453.577.000) 2022-04-08 01:36:32 Image size of job updated: 778484
	321  -  MemoryUsage of job (MB)
	328016  -  ResidentSetSize of job (KB)
...
006 (453.577.000) 2022-04-08 02:31:37 Image size of job updated: 778484
	321  -  MemoryUsage of job (MB)
	328148  -  ResidentSetSize of job (KB)
...
006 (453.577.000) 2022-04-08 03:51:46 Image size of job updated: 778740
	321  -  MemoryUsage of job (MB)
	328280  -  ResidentSetSize of job (KB)
...
006 (453.577.000) 2022-04-08 04:46:52 Image size of job updated: 778740
	321  -  MemoryUsage of job (MB)
	328412  -  ResidentSetSize of job (KB)
...
006 (453.577.000) 2022-04-08 06:07:00 Image size of job updated: 778996
	321  -  MemoryUsage of job (MB)
	328544  -  ResidentSetSize of job (KB)
...
006 (453.577.000) 2022-04-08 07:02:07 Image size of job updated: 778996
	321  -  MemoryUsage of job (MB)
	328676  -  ResidentSetSize of job (KB)
...
006 (453.577.000) 2022-04-08 08:22:16 Image size of job updated: 779252
	322  -  MemoryUsage of job (MB)
	328808  -  ResidentSetSize of job (KB)
...
006 (453.577.000) 2022-04-08 09:37:22 Image size of job updated: 779252
	322  -  MemoryUsage of job (MB)
	328940  -  ResidentSetSize of job (KB)
...
006 (453.577.000) 2022-04-08 10:37:28 Image size of job updated: 779508
	322  -  MemoryUsage of job (MB)
	329072  -  ResidentSetSize of job (KB)
...
006 (453.577.000) 2022-04-08 11:52:34 Image size of job updated: 779508
	322  -  MemoryUsage of job (MB)
	329204  -  ResidentSetSize of job (KB)
...
006 (453.577.000) 2022-04-08 12:47:40 Image size of job updated: 779764
	322  -  MemoryUsage of job (MB)
	329204  -  ResidentSetSize of job (KB)
...
005 (453.577.000) 2022-04-08 13:06:59 Job terminated.
	(1) Normal termination (return value 0)
		Usr 1 23:58:12, Sys 0 00:00:20  -  Run Remote Usage
		Usr 0 00:00:00, Sys 0 00:00:00  -  Run Local Usage
		Usr 1 23:58:12, Sys 0 00:00:20  -  Total Remote Usage
		Usr 0 00:00:00, Sys 0 00:00:00  -  Total Local Usage
	0  -  Run Bytes Sent By Job
	0  -  Run Bytes Received By Job
	0  -  Total Bytes Sent By Job
	0  -  Total Bytes Received By Job
	Partitionable Resources :    Usage  Request Allocated 
	   Cpus                 :     1.00        1         1 
	   Disk (KB)            :  7500        7500     11001 
	   Memory (MB)          :   322        1024      1024 

	Job terminated of its own accord at 2022-04-08T11:06:59Z with exit-code 0.
...
