000 (453.680.000) 2022-04-05 18:55:39 Job submitted from host: <10.18.24.243:9618?addrs=10.18.24.243-9618&alias=ecoclusts01.bioclust.biologie.ens.fr&noUDP&sock=schedd_1052_29b8>
...
001 (453.680.000) 2022-04-06 15:21:32 Job executing on host: <10.18.24.179:9618?addrs=10.18.24.179-9618&alias=mcbsclust08.bioclust.biologie.ens.fr&noUDP&sock=startd_920_9f38>
...
006 (453.680.000) 2022-04-06 15:21:40 Image size of job updated: 99556
	81  -  MemoryUsage of job (MB)
	82080  -  ResidentSetSize of job (KB)
...
006 (453.680.000) 2022-04-06 15:26:40 Image size of job updated: 741620
	317  -  MemoryUsage of job (MB)
	324148  -  ResidentSetSize of job (KB)
...
006 (453.680.000) 2022-04-06 15:36:41 Image size of job updated: 774388
	317  -  MemoryUsage of job (MB)
	324148  -  ResidentSetSize of job (KB)
...
006 (453.680.000) 2022-04-06 17:21:53 Image size of job updated: 774644
	317  -  MemoryUsage of job (MB)
	324236  -  ResidentSetSize of job (KB)
...
006 (453.680.000) 2022-04-06 17:31:54 Image size of job updated: 774644
	317  -  MemoryUsage of job (MB)
	324368  -  ResidentSetSize of job (KB)
...
006 (453.680.000) 2022-04-06 17:36:54 Image size of job updated: 774900
	317  -  MemoryUsage of job (MB)
	324368  -  ResidentSetSize of job (KB)
...
006 (453.680.000) 2022-04-06 17:41:54 Image size of job updated: 774900
	317  -  MemoryUsage of job (MB)
	324500  -  ResidentSetSize of job (KB)
...
006 (453.680.000) 2022-04-06 17:51:56 Image size of job updated: 774900
	318  -  MemoryUsage of job (MB)
	324632  -  ResidentSetSize of job (KB)
...
006 (453.680.000) 2022-04-06 17:56:56 Image size of job updated: 775156
	318  -  MemoryUsage of job (MB)
	324632  -  ResidentSetSize of job (KB)
...
006 (453.680.000) 2022-04-06 18:01:57 Image size of job updated: 775156
	318  -  MemoryUsage of job (MB)
	324764  -  ResidentSetSize of job (KB)
...
006 (453.680.000) 2022-04-06 18:11:58 Image size of job updated: 775156
	318  -  MemoryUsage of job (MB)
	324896  -  ResidentSetSize of job (KB)
...
006 (453.680.000) 2022-04-06 18:16:58 Image size of job updated: 775412
	318  -  MemoryUsage of job (MB)
	324896  -  ResidentSetSize of job (KB)
...
006 (453.680.000) 2022-04-06 18:21:59 Image size of job updated: 775412
	318  -  MemoryUsage of job (MB)
	325028  -  ResidentSetSize of job (KB)
...
006 (453.680.000) 2022-04-06 18:27:00 Image size of job updated: 775412
	318  -  MemoryUsage of job (MB)
	325160  -  ResidentSetSize of job (KB)
...
006 (453.680.000) 2022-04-06 18:32:00 Image size of job updated: 775668
	318  -  MemoryUsage of job (MB)
	325292  -  ResidentSetSize of job (KB)
...
006 (453.680.000) 2022-04-06 18:42:01 Image size of job updated: 775668
	318  -  MemoryUsage of job (MB)
	325424  -  ResidentSetSize of job (KB)
...
006 (453.680.000) 2022-04-06 18:47:01 Image size of job updated: 775924
	318  -  MemoryUsage of job (MB)
	325424  -  ResidentSetSize of job (KB)
...
006 (453.680.000) 2022-04-06 18:52:01 Image size of job updated: 775924
	318  -  MemoryUsage of job (MB)
	325556  -  ResidentSetSize of job (KB)
...
006 (453.680.000) 2022-04-06 18:57:02 Image size of job updated: 775924
	319  -  MemoryUsage of job (MB)
	325688  -  ResidentSetSize of job (KB)
...
006 (453.680.000) 2022-04-06 19:02:03 Image size of job updated: 776180
	319  -  MemoryUsage of job (MB)
	325688  -  ResidentSetSize of job (KB)
...
006 (453.680.000) 2022-04-06 19:07:03 Image size of job updated: 776180
	319  -  MemoryUsage of job (MB)
	325820  -  ResidentSetSize of job (KB)
...
006 (453.680.000) 2022-04-06 19:12:04 Image size of job updated: 776180
	319  -  MemoryUsage of job (MB)
	325952  -  ResidentSetSize of job (KB)
...
006 (453.680.000) 2022-04-06 19:17:05 Image size of job updated: 776436
	319  -  MemoryUsage of job (MB)
	325952  -  ResidentSetSize of job (KB)
...
006 (453.680.000) 2022-04-06 19:22:05 Image size of job updated: 776436
	319  -  MemoryUsage of job (MB)
	326084  -  ResidentSetSize of job (KB)
...
006 (453.680.000) 2022-04-06 19:27:05 Image size of job updated: 776692
	319  -  MemoryUsage of job (MB)
	326216  -  ResidentSetSize of job (KB)
...
006 (453.680.000) 2022-04-06 19:37:07 Image size of job updated: 776692
	319  -  MemoryUsage of job (MB)
	326348  -  ResidentSetSize of job (KB)
...
006 (453.680.000) 2022-04-06 19:42:07 Image size of job updated: 776948
	319  -  MemoryUsage of job (MB)
	326480  -  ResidentSetSize of job (KB)
...
006 (453.680.000) 2022-04-06 19:47:08 Image size of job updated: 776948
	319  -  MemoryUsage of job (MB)
	326612  -  ResidentSetSize of job (KB)
...
006 (453.680.000) 2022-04-06 20:17:11 Image size of job updated: 777204
	320  -  MemoryUsage of job (MB)
	326744  -  ResidentSetSize of job (KB)
...
006 (453.680.000) 2022-04-06 20:22:12 Image size of job updated: 777204
	320  -  MemoryUsage of job (MB)
	326876  -  ResidentSetSize of job (KB)
...
006 (453.680.000) 2022-04-06 20:37:13 Image size of job updated: 777460
	320  -  MemoryUsage of job (MB)
	327008  -  ResidentSetSize of job (KB)
...
006 (453.680.000) 2022-04-06 20:47:15 Image size of job updated: 777460
	320  -  MemoryUsage of job (MB)
	327140  -  ResidentSetSize of job (KB)
...
006 (453.680.000) 2022-04-06 20:52:15 Image size of job updated: 777716
	320  -  MemoryUsage of job (MB)
	327272  -  ResidentSetSize of job (KB)
...
006 (453.680.000) 2022-04-06 21:02:17 Image size of job updated: 777716
	320  -  MemoryUsage of job (MB)
	327404  -  ResidentSetSize of job (KB)
...
006 (453.680.000) 2022-04-06 21:07:17 Image size of job updated: 777972
	320  -  MemoryUsage of job (MB)
	327536  -  ResidentSetSize of job (KB)
...
006 (453.680.000) 2022-04-06 21:17:18 Image size of job updated: 777972
	320  -  MemoryUsage of job (MB)
	327668  -  ResidentSetSize of job (KB)
...
006 (453.680.000) 2022-04-06 21:22:19 Image size of job updated: 778228
	321  -  MemoryUsage of job (MB)
	327800  -  ResidentSetSize of job (KB)
...
006 (453.680.000) 2022-04-06 21:32:20 Image size of job updated: 778228
	321  -  MemoryUsage of job (MB)
	327932  -  ResidentSetSize of job (KB)
...
006 (453.680.000) 2022-04-06 21:37:21 Image size of job updated: 778484
	321  -  MemoryUsage of job (MB)
	327932  -  ResidentSetSize of job (KB)
...
006 (453.680.000) 2022-04-06 21:42:21 Image size of job updated: 778484
	321  -  MemoryUsage of job (MB)
	328064  -  ResidentSetSize of job (KB)
...
006 (453.680.000) 2022-04-06 21:47:21 Image size of job updated: 778484
	321  -  MemoryUsage of job (MB)
	328196  -  ResidentSetSize of job (KB)
...
006 (453.680.000) 2022-04-06 21:52:22 Image size of job updated: 778740
	321  -  MemoryUsage of job (MB)
	328328  -  ResidentSetSize of job (KB)
...
006 (453.680.000) 2022-04-06 22:02:23 Image size of job updated: 778740
	321  -  MemoryUsage of job (MB)
	328460  -  ResidentSetSize of job (KB)
...
006 (453.680.000) 2022-04-06 22:07:24 Image size of job updated: 778996
	321  -  MemoryUsage of job (MB)
	328460  -  ResidentSetSize of job (KB)
...
006 (453.680.000) 2022-04-06 22:12:25 Image size of job updated: 778996
	321  -  MemoryUsage of job (MB)
	328592  -  ResidentSetSize of job (KB)
...
006 (453.680.000) 2022-04-06 22:17:25 Image size of job updated: 778996
	322  -  MemoryUsage of job (MB)
	328724  -  ResidentSetSize of job (KB)
...
006 (453.680.000) 2022-04-06 22:22:25 Image size of job updated: 779252
	322  -  MemoryUsage of job (MB)
	328724  -  ResidentSetSize of job (KB)
...
006 (453.680.000) 2022-04-06 22:27:26 Image size of job updated: 779252
	322  -  MemoryUsage of job (MB)
	328856  -  ResidentSetSize of job (KB)
...
006 (453.680.000) 2022-04-06 22:32:27 Image size of job updated: 779252
	322  -  MemoryUsage of job (MB)
	328988  -  ResidentSetSize of job (KB)
...
006 (453.680.000) 2022-04-06 22:37:27 Image size of job updated: 779508
	322  -  MemoryUsage of job (MB)
	328988  -  ResidentSetSize of job (KB)
...
006 (453.680.000) 2022-04-06 22:42:28 Image size of job updated: 779508
	322  -  MemoryUsage of job (MB)
	329120  -  ResidentSetSize of job (KB)
...
006 (453.680.000) 2022-04-06 22:47:29 Image size of job updated: 779508
	322  -  MemoryUsage of job (MB)
	329252  -  ResidentSetSize of job (KB)
...
005 (453.680.000) 2022-04-06 22:49:35 Job terminated.
	(1) Normal termination (return value 0)
		Usr 0 07:26:28, Sys 0 00:00:25  -  Run Remote Usage
		Usr 0 00:00:00, Sys 0 00:00:00  -  Run Local Usage
		Usr 0 07:26:28, Sys 0 00:00:25  -  Total Remote Usage
		Usr 0 00:00:00, Sys 0 00:00:00  -  Total Local Usage
	0  -  Run Bytes Sent By Job
	0  -  Run Bytes Received By Job
	0  -  Total Bytes Sent By Job
	0  -  Total Bytes Received By Job
	Partitionable Resources :    Usage  Request Allocated 
	   Cpus                 :     1.00        1         1 
	   Disk (KB)            :  7500        7500     10998 
	   Memory (MB)          :   322        1024      1024 

	Job terminated of its own accord at 2022-04-06T20:49:35Z with exit-code 0.
...
