000 (453.133.000) 2022-04-05 18:55:37 Job submitted from host: <10.18.24.243:9618?addrs=10.18.24.243-9618&alias=ecoclusts01.bioclust.biologie.ens.fr&noUDP&sock=schedd_1052_29b8>
...
001 (453.133.000) 2022-04-06 06:06:49 Job executing on host: <10.18.24.133:9618?addrs=10.18.24.133-9618&alias=dyoclust06.bioclust.biologie.ens.fr&noUDP&sock=startd_804_0e3b>
...
006 (453.133.000) 2022-04-06 06:06:58 Image size of job updated: 320812
	84  -  MemoryUsage of job (MB)
	85488  -  ResidentSetSize of job (KB)
...
006 (453.133.000) 2022-04-06 06:11:59 Image size of job updated: 741624
	317  -  MemoryUsage of job (MB)
	323912  -  ResidentSetSize of job (KB)
...
006 (453.133.000) 2022-04-06 06:16:59 Image size of job updated: 774392
	317  -  MemoryUsage of job (MB)
	324044  -  ResidentSetSize of job (KB)
...
006 (453.133.000) 2022-04-06 06:57:03 Image size of job updated: 774648
	317  -  MemoryUsage of job (MB)
	324176  -  ResidentSetSize of job (KB)
...
006 (453.133.000) 2022-04-06 07:02:04 Image size of job updated: 774648
	317  -  MemoryUsage of job (MB)
	324308  -  ResidentSetSize of job (KB)
...
006 (453.133.000) 2022-04-06 07:07:04 Image size of job updated: 774904
	317  -  MemoryUsage of job (MB)
	324440  -  ResidentSetSize of job (KB)
...
006 (453.133.000) 2022-04-06 07:12:04 Image size of job updated: 774904
	317  -  MemoryUsage of job (MB)
	324572  -  ResidentSetSize of job (KB)
...
006 (453.133.000) 2022-04-06 07:17:05 Image size of job updated: 775160
	318  -  MemoryUsage of job (MB)
	324704  -  ResidentSetSize of job (KB)
...
006 (453.133.000) 2022-04-06 07:22:05 Image size of job updated: 775160
	318  -  MemoryUsage of job (MB)
	324836  -  ResidentSetSize of job (KB)
...
006 (453.133.000) 2022-04-06 07:27:05 Image size of job updated: 775416
	318  -  MemoryUsage of job (MB)
	324968  -  ResidentSetSize of job (KB)
...
006 (453.133.000) 2022-04-06 07:32:06 Image size of job updated: 775416
	318  -  MemoryUsage of job (MB)
	325100  -  ResidentSetSize of job (KB)
...
006 (453.133.000) 2022-04-06 07:37:07 Image size of job updated: 775672
	318  -  MemoryUsage of job (MB)
	325232  -  ResidentSetSize of job (KB)
...
006 (453.133.000) 2022-04-06 07:42:07 Image size of job updated: 775672
	318  -  MemoryUsage of job (MB)
	325364  -  ResidentSetSize of job (KB)
...
006 (453.133.000) 2022-04-06 07:47:08 Image size of job updated: 775928
	318  -  MemoryUsage of job (MB)
	325496  -  ResidentSetSize of job (KB)
...
006 (453.133.000) 2022-04-06 07:52:09 Image size of job updated: 776184
	319  -  MemoryUsage of job (MB)
	325760  -  ResidentSetSize of job (KB)
...
006 (453.133.000) 2022-04-06 07:57:09 Image size of job updated: 776184
	319  -  MemoryUsage of job (MB)
	325892  -  ResidentSetSize of job (KB)
...
006 (453.133.000) 2022-04-06 08:02:09 Image size of job updated: 776440
	319  -  MemoryUsage of job (MB)
	326024  -  ResidentSetSize of job (KB)
...
006 (453.133.000) 2022-04-06 08:07:10 Image size of job updated: 776696
	319  -  MemoryUsage of job (MB)
	326156  -  ResidentSetSize of job (KB)
...
006 (453.133.000) 2022-04-06 08:12:11 Image size of job updated: 776952
	319  -  MemoryUsage of job (MB)
	326420  -  ResidentSetSize of job (KB)
...
006 (453.133.000) 2022-04-06 08:17:11 Image size of job updated: 776952
	319  -  MemoryUsage of job (MB)
	326552  -  ResidentSetSize of job (KB)
...
006 (453.133.000) 2022-04-06 08:32:13 Image size of job updated: 777208
	320  -  MemoryUsage of job (MB)
	326816  -  ResidentSetSize of job (KB)
...
006 (453.133.000) 2022-04-06 08:37:13 Image size of job updated: 777464
	320  -  MemoryUsage of job (MB)
	326948  -  ResidentSetSize of job (KB)
...
006 (453.133.000) 2022-04-06 08:42:15 Image size of job updated: 777464
	320  -  MemoryUsage of job (MB)
	327080  -  ResidentSetSize of job (KB)
...
006 (453.133.000) 2022-04-06 08:47:15 Image size of job updated: 777720
	320  -  MemoryUsage of job (MB)
	327212  -  ResidentSetSize of job (KB)
...
006 (453.133.000) 2022-04-06 08:52:15 Image size of job updated: 777720
	320  -  MemoryUsage of job (MB)
	327476  -  ResidentSetSize of job (KB)
...
006 (453.133.000) 2022-04-06 08:57:16 Image size of job updated: 777976
	320  -  MemoryUsage of job (MB)
	327608  -  ResidentSetSize of job (KB)
...
006 (453.133.000) 2022-04-06 09:02:17 Image size of job updated: 778232
	321  -  MemoryUsage of job (MB)
	327872  -  ResidentSetSize of job (KB)
...
006 (453.133.000) 2022-04-06 09:07:17 Image size of job updated: 778488
	321  -  MemoryUsage of job (MB)
	328004  -  ResidentSetSize of job (KB)
...
006 (453.133.000) 2022-04-06 09:12:17 Image size of job updated: 778488
	321  -  MemoryUsage of job (MB)
	328136  -  ResidentSetSize of job (KB)
...
006 (453.133.000) 2022-04-06 09:17:18 Image size of job updated: 778744
	321  -  MemoryUsage of job (MB)
	328268  -  ResidentSetSize of job (KB)
...
006 (453.133.000) 2022-04-06 09:22:19 Image size of job updated: 779000
	321  -  MemoryUsage of job (MB)
	328532  -  ResidentSetSize of job (KB)
...
006 (453.133.000) 2022-04-06 09:27:19 Image size of job updated: 779000
	321  -  MemoryUsage of job (MB)
	328664  -  ResidentSetSize of job (KB)
...
006 (453.133.000) 2022-04-06 09:32:20 Image size of job updated: 779256
	322  -  MemoryUsage of job (MB)
	328796  -  ResidentSetSize of job (KB)
...
006 (453.133.000) 2022-04-06 09:37:21 Image size of job updated: 779512
	322  -  MemoryUsage of job (MB)
	329060  -  ResidentSetSize of job (KB)
...
006 (453.133.000) 2022-04-06 09:42:21 Image size of job updated: 779512
	322  -  MemoryUsage of job (MB)
	329192  -  ResidentSetSize of job (KB)
...
006 (453.133.000) 2022-04-06 09:43:22 Image size of job updated: 779768
	322  -  MemoryUsage of job (MB)
	329192  -  ResidentSetSize of job (KB)
...
005 (453.133.000) 2022-04-06 09:43:22 Job terminated.
	(1) Normal termination (return value 0)
		Usr 0 03:35:00, Sys 0 00:00:26  -  Run Remote Usage
		Usr 0 00:00:00, Sys 0 00:00:00  -  Run Local Usage
		Usr 0 03:35:00, Sys 0 00:00:26  -  Total Remote Usage
		Usr 0 00:00:00, Sys 0 00:00:00  -  Total Local Usage
	0  -  Run Bytes Sent By Job
	0  -  Run Bytes Received By Job
	0  -  Total Bytes Sent By Job
	0  -  Total Bytes Received By Job
	Partitionable Resources :    Usage  Request Allocated 
	   Cpus                 :     1.00        1         1 
	   Disk (KB)            :  7500        7500     10015 
	   Memory (MB)          :   322        1024      1024 

	Job terminated of its own accord at 2022-04-06T07:43:22Z with exit-code 0.
...
