000 (453.729.000) 2022-04-05 18:55:39 Job submitted from host: <10.18.24.243:9618?addrs=10.18.24.243-9618&alias=ecoclusts01.bioclust.biologie.ens.fr&noUDP&sock=schedd_1052_29b8>
...
001 (453.729.000) 2022-04-06 16:21:46 Job executing on host: <10.18.24.1:9618?addrs=10.18.24.1-9618&alias=bioclust01.bioclust.biologie.ens.fr&noUDP&sock=startd_2562081_0a2b>
...
006 (453.729.000) 2022-04-06 16:21:55 Image size of job updated: 382628
	374  -  MemoryUsage of job (MB)
	382628  -  ResidentSetSize of job (KB)
...
006 (453.729.000) 2022-04-06 16:26:56 Image size of job updated: 896304
	375  -  MemoryUsage of job (MB)
	383288  -  ResidentSetSize of job (KB)
...
005 (453.729.000) 2022-04-06 16:31:06 Job terminated.
	(1) Normal termination (return value 0)
		Usr 0 00:09:01, Sys 0 00:00:14  -  Run Remote Usage
		Usr 0 00:00:00, Sys 0 00:00:00  -  Run Local Usage
		Usr 0 00:09:01, Sys 0 00:00:14  -  Total Remote Usage
		Usr 0 00:00:00, Sys 0 00:00:00  -  Total Local Usage
	0  -  Run Bytes Sent By Job
	0  -  Run Bytes Received By Job
	0  -  Total Bytes Sent By Job
	0  -  Total Bytes Received By Job
	Partitionable Resources :    Usage  Request Allocated 
	   Cpus                 :     1.00        1         1 
	   Disk (KB)            :  7500        7500      8604 
	   Memory (MB)          :   375        1024      1024 

	Job terminated of its own accord at 2022-04-06T14:31:06Z with exit-code 0.
...
