000 (453.406.000) 2022-04-05 18:55:38 Job submitted from host: <10.18.24.243:9618?addrs=10.18.24.243-9618&alias=ecoclusts01.bioclust.biologie.ens.fr&noUDP&sock=schedd_1052_29b8>
...
001 (453.406.000) 2022-04-06 09:59:36 Job executing on host: <10.18.24.8:9618?addrs=10.18.24.8-9618&alias=bioclust08.bioclust.biologie.ens.fr&noUDP&sock=startd_1108_9306>
...
006 (453.406.000) 2022-04-06 09:59:44 Image size of job updated: 233916
	94  -  MemoryUsage of job (MB)
	95896  -  ResidentSetSize of job (KB)
...
006 (453.406.000) 2022-04-06 10:04:44 Image size of job updated: 741876
	317  -  MemoryUsage of job (MB)
	324284  -  ResidentSetSize of job (KB)
...
005 (453.406.000) 2022-04-06 10:09:06 Job terminated.
	(1) Normal termination (return value 0)
		Usr 0 00:09:11, Sys 0 00:00:14  -  Run Remote Usage
		Usr 0 00:00:00, Sys 0 00:00:00  -  Run Local Usage
		Usr 0 00:09:11, Sys 0 00:00:14  -  Total Remote Usage
		Usr 0 00:00:00, Sys 0 00:00:00  -  Total Local Usage
	0  -  Run Bytes Sent By Job
	0  -  Run Bytes Received By Job
	0  -  Total Bytes Sent By Job
	0  -  Total Bytes Received By Job
	Partitionable Resources :    Usage  Request Allocated 
	   Cpus                 :     1.00        1         1 
	   Disk (KB)            :  7500        7500     10998 
	   Memory (MB)          :   317        1024      1024 

	Job terminated of its own accord at 2022-04-06T08:09:06Z with exit-code 0.
...
