000 (453.843.000) 2022-04-05 18:55:40 Job submitted from host: <10.18.24.243:9618?addrs=10.18.24.243-9618&alias=ecoclusts01.bioclust.biologie.ens.fr&noUDP&sock=schedd_1052_29b8>
...
001 (453.843.000) 2022-04-06 19:28:21 Job executing on host: <10.18.24.137:9618?addrs=10.18.24.137-9618&alias=dyoclust10.bioclust.biologie.ens.fr&noUDP&sock=startd_830_e3b2>
...
006 (453.843.000) 2022-04-06 19:28:30 Image size of job updated: 206856
	203  -  MemoryUsage of job (MB)
	206856  -  ResidentSetSize of job (KB)
...
006 (453.843.000) 2022-04-06 19:33:31 Image size of job updated: 741876
	271  -  MemoryUsage of job (MB)
	277260  -  ResidentSetSize of job (KB)
...
005 (453.843.000) 2022-04-06 19:35:54 Job terminated.
	(1) Normal termination (return value 0)
		Usr 0 00:07:04, Sys 0 00:00:23  -  Run Remote Usage
		Usr 0 00:00:00, Sys 0 00:00:00  -  Run Local Usage
		Usr 0 00:07:04, Sys 0 00:00:23  -  Total Remote Usage
		Usr 0 00:00:00, Sys 0 00:00:00  -  Total Local Usage
	0  -  Run Bytes Sent By Job
	0  -  Run Bytes Received By Job
	0  -  Total Bytes Sent By Job
	0  -  Total Bytes Received By Job
	Partitionable Resources :    Usage  Request Allocated 
	   Cpus                 :     1.00        1         1 
	   Disk (KB)            :  7500        7500     10999 
	   Memory (MB)          :   271        1024      1024 

	Job terminated of its own accord at 2022-04-06T17:35:54Z with exit-code 0.
...
