000 (453.830.000) 2022-04-05 18:55:40 Job submitted from host: <10.18.24.243:9618?addrs=10.18.24.243-9618&alias=ecoclusts01.bioclust.biologie.ens.fr&noUDP&sock=schedd_1052_29b8>
...
001 (453.830.000) 2022-04-06 18:56:20 Job executing on host: <10.18.24.1:9618?addrs=10.18.24.1-9618&alias=bioclust01.bioclust.biologie.ens.fr&noUDP&sock=startd_2562081_0a2b>
...
006 (453.830.000) 2022-04-06 18:56:28 Image size of job updated: 264604
	259  -  MemoryUsage of job (MB)
	264604  -  ResidentSetSize of job (KB)
...
006 (453.830.000) 2022-04-06 19:01:28 Image size of job updated: 741620
	317  -  MemoryUsage of job (MB)
	324148  -  ResidentSetSize of job (KB)
...
006 (453.830.000) 2022-04-06 19:06:28 Image size of job updated: 774388
	317  -  MemoryUsage of job (MB)
	324148  -  ResidentSetSize of job (KB)
...
006 (453.830.000) 2022-04-06 19:51:33 Image size of job updated: 774644
	317  -  MemoryUsage of job (MB)
	324280  -  ResidentSetSize of job (KB)
...
006 (453.830.000) 2022-04-06 19:56:33 Image size of job updated: 774900
	317  -  MemoryUsage of job (MB)
	324412  -  ResidentSetSize of job (KB)
...
006 (453.830.000) 2022-04-06 20:01:34 Image size of job updated: 774900
	317  -  MemoryUsage of job (MB)
	324544  -  ResidentSetSize of job (KB)
...
006 (453.830.000) 2022-04-06 20:11:35 Image size of job updated: 775156
	318  -  MemoryUsage of job (MB)
	324676  -  ResidentSetSize of job (KB)
...
006 (453.830.000) 2022-04-06 20:16:36 Image size of job updated: 775156
	318  -  MemoryUsage of job (MB)
	324808  -  ResidentSetSize of job (KB)
...
006 (453.830.000) 2022-04-06 20:21:37 Image size of job updated: 775412
	318  -  MemoryUsage of job (MB)
	324940  -  ResidentSetSize of job (KB)
...
006 (453.830.000) 2022-04-06 20:26:37 Image size of job updated: 775412
	318  -  MemoryUsage of job (MB)
	325072  -  ResidentSetSize of job (KB)
...
006 (453.830.000) 2022-04-06 20:31:37 Image size of job updated: 775668
	318  -  MemoryUsage of job (MB)
	325204  -  ResidentSetSize of job (KB)
...
006 (453.830.000) 2022-04-06 20:36:38 Image size of job updated: 775668
	318  -  MemoryUsage of job (MB)
	325336  -  ResidentSetSize of job (KB)
...
006 (453.830.000) 2022-04-06 20:41:39 Image size of job updated: 775924
	318  -  MemoryUsage of job (MB)
	325468  -  ResidentSetSize of job (KB)
...
006 (453.830.000) 2022-04-06 20:51:39 Image size of job updated: 775924
	318  -  MemoryUsage of job (MB)
	325600  -  ResidentSetSize of job (KB)
...
006 (453.830.000) 2022-04-06 20:56:40 Image size of job updated: 776180
	319  -  MemoryUsage of job (MB)
	325732  -  ResidentSetSize of job (KB)
...
006 (453.830.000) 2022-04-06 21:01:40 Image size of job updated: 776180
	319  -  MemoryUsage of job (MB)
	325864  -  ResidentSetSize of job (KB)
...
006 (453.830.000) 2022-04-06 21:06:40 Image size of job updated: 776436
	319  -  MemoryUsage of job (MB)
	325996  -  ResidentSetSize of job (KB)
...
006 (453.830.000) 2022-04-06 21:11:41 Image size of job updated: 776436
	319  -  MemoryUsage of job (MB)
	326128  -  ResidentSetSize of job (KB)
...
006 (453.830.000) 2022-04-06 21:16:42 Image size of job updated: 776692
	319  -  MemoryUsage of job (MB)
	326128  -  ResidentSetSize of job (KB)
...
006 (453.830.000) 2022-04-06 21:21:42 Image size of job updated: 776692
	319  -  MemoryUsage of job (MB)
	326392  -  ResidentSetSize of job (KB)
...
006 (453.830.000) 2022-04-06 21:26:42 Image size of job updated: 776948
	319  -  MemoryUsage of job (MB)
	326392  -  ResidentSetSize of job (KB)
...
006 (453.830.000) 2022-04-06 21:31:43 Image size of job updated: 776948
	319  -  MemoryUsage of job (MB)
	326524  -  ResidentSetSize of job (KB)
...
006 (453.830.000) 2022-04-06 21:46:44 Image size of job updated: 776948
	319  -  MemoryUsage of job (MB)
	326612  -  ResidentSetSize of job (KB)
...
006 (453.830.000) 2022-04-06 21:56:45 Image size of job updated: 777204
	320  -  MemoryUsage of job (MB)
	326744  -  ResidentSetSize of job (KB)
...
006 (453.830.000) 2022-04-06 22:01:45 Image size of job updated: 777204
	320  -  MemoryUsage of job (MB)
	326876  -  ResidentSetSize of job (KB)
...
006 (453.830.000) 2022-04-06 22:06:46 Image size of job updated: 777460
	320  -  MemoryUsage of job (MB)
	327008  -  ResidentSetSize of job (KB)
...
006 (453.830.000) 2022-04-06 22:11:47 Image size of job updated: 777460
	320  -  MemoryUsage of job (MB)
	327140  -  ResidentSetSize of job (KB)
...
006 (453.830.000) 2022-04-06 22:21:48 Image size of job updated: 777716
	320  -  MemoryUsage of job (MB)
	327272  -  ResidentSetSize of job (KB)
...
006 (453.830.000) 2022-04-06 22:26:49 Image size of job updated: 777716
	320  -  MemoryUsage of job (MB)
	327404  -  ResidentSetSize of job (KB)
...
006 (453.830.000) 2022-04-06 22:31:49 Image size of job updated: 777972
	320  -  MemoryUsage of job (MB)
	327404  -  ResidentSetSize of job (KB)
...
006 (453.830.000) 2022-04-06 22:36:49 Image size of job updated: 777972
	320  -  MemoryUsage of job (MB)
	327536  -  ResidentSetSize of job (KB)
...
006 (453.830.000) 2022-04-06 22:41:50 Image size of job updated: 777972
	320  -  MemoryUsage of job (MB)
	327668  -  ResidentSetSize of job (KB)
...
006 (453.830.000) 2022-04-06 22:46:51 Image size of job updated: 778228
	320  -  MemoryUsage of job (MB)
	327668  -  ResidentSetSize of job (KB)
...
006 (453.830.000) 2022-04-06 22:51:51 Image size of job updated: 778228
	321  -  MemoryUsage of job (MB)
	327800  -  ResidentSetSize of job (KB)
...
006 (453.830.000) 2022-04-06 22:56:52 Image size of job updated: 778228
	321  -  MemoryUsage of job (MB)
	327932  -  ResidentSetSize of job (KB)
...
006 (453.830.000) 2022-04-06 23:01:53 Image size of job updated: 778484
	321  -  MemoryUsage of job (MB)
	328064  -  ResidentSetSize of job (KB)
...
006 (453.830.000) 2022-04-06 23:06:53 Image size of job updated: 778484
	321  -  MemoryUsage of job (MB)
	328196  -  ResidentSetSize of job (KB)
...
006 (453.830.000) 2022-04-06 23:11:53 Image size of job updated: 778740
	321  -  MemoryUsage of job (MB)
	328196  -  ResidentSetSize of job (KB)
...
006 (453.830.000) 2022-04-06 23:16:54 Image size of job updated: 778740
	321  -  MemoryUsage of job (MB)
	328328  -  ResidentSetSize of job (KB)
...
006 (453.830.000) 2022-04-06 23:21:55 Image size of job updated: 778740
	321  -  MemoryUsage of job (MB)
	328460  -  ResidentSetSize of job (KB)
...
006 (453.830.000) 2022-04-06 23:26:55 Image size of job updated: 778996
	321  -  MemoryUsage of job (MB)
	328592  -  ResidentSetSize of job (KB)
...
006 (453.830.000) 2022-04-06 23:36:57 Image size of job updated: 778996
	322  -  MemoryUsage of job (MB)
	328724  -  ResidentSetSize of job (KB)
...
006 (453.830.000) 2022-04-06 23:41:57 Image size of job updated: 779252
	322  -  MemoryUsage of job (MB)
	328856  -  ResidentSetSize of job (KB)
...
006 (453.830.000) 2022-04-06 23:51:58 Image size of job updated: 779508
	322  -  MemoryUsage of job (MB)
	328988  -  ResidentSetSize of job (KB)
...
006 (453.830.000) 2022-04-06 23:56:59 Image size of job updated: 779508
	322  -  MemoryUsage of job (MB)
	329120  -  ResidentSetSize of job (KB)
...
006 (453.830.000) 2022-04-07 00:01:59 Image size of job updated: 779508
	322  -  MemoryUsage of job (MB)
	329252  -  ResidentSetSize of job (KB)
...
006 (453.830.000) 2022-04-07 00:05:27 Image size of job updated: 779764
	322  -  MemoryUsage of job (MB)
	329252  -  ResidentSetSize of job (KB)
...
005 (453.830.000) 2022-04-07 00:05:27 Job terminated.
	(1) Normal termination (return value 0)
		Usr 0 05:07:37, Sys 0 00:00:44  -  Run Remote Usage
		Usr 0 00:00:00, Sys 0 00:00:00  -  Run Local Usage
		Usr 0 05:07:37, Sys 0 00:00:44  -  Total Remote Usage
		Usr 0 00:00:00, Sys 0 00:00:00  -  Total Local Usage
	0  -  Run Bytes Sent By Job
	0  -  Run Bytes Received By Job
	0  -  Total Bytes Sent By Job
	0  -  Total Bytes Received By Job
	Partitionable Resources :    Usage  Request Allocated 
	   Cpus                 :     1.00        1         1 
	   Disk (KB)            :  7500        7500      8604 
	   Memory (MB)          :   322        1024      1024 

	Job terminated of its own accord at 2022-04-06T22:05:27Z with exit-code 0.
...
