000 (453.519.000) 2022-04-05 18:55:38 Job submitted from host: <10.18.24.243:9618?addrs=10.18.24.243-9618&alias=ecoclusts01.bioclust.biologie.ens.fr&noUDP&sock=schedd_1052_29b8>
...
001 (453.519.000) 2022-04-06 12:00:08 Job executing on host: <10.18.24.130:9618?addrs=10.18.24.130-9618&alias=dyoclust03.bioclust.biologie.ens.fr&noUDP&sock=startd_813_3a96>
...
006 (453.519.000) 2022-04-06 12:00:17 Image size of job updated: 96696
	95  -  MemoryUsage of job (MB)
	96696  -  ResidentSetSize of job (KB)
...
006 (453.519.000) 2022-04-06 12:05:18 Image size of job updated: 741880
	317  -  MemoryUsage of job (MB)
	324336  -  ResidentSetSize of job (KB)
...
006 (453.519.000) 2022-04-06 12:10:19 Image size of job updated: 774648
	317  -  MemoryUsage of job (MB)
	324336  -  ResidentSetSize of job (KB)
...
006 (453.519.000) 2022-04-06 12:55:23 Image size of job updated: 774904
	317  -  MemoryUsage of job (MB)
	324424  -  ResidentSetSize of job (KB)
...
006 (453.519.000) 2022-04-06 13:00:23 Image size of job updated: 775160
	318  -  MemoryUsage of job (MB)
	324688  -  ResidentSetSize of job (KB)
...
006 (453.519.000) 2022-04-06 13:05:24 Image size of job updated: 775416
	318  -  MemoryUsage of job (MB)
	324952  -  ResidentSetSize of job (KB)
...
006 (453.519.000) 2022-04-06 13:10:25 Image size of job updated: 775416
	318  -  MemoryUsage of job (MB)
	325084  -  ResidentSetSize of job (KB)
...
006 (453.519.000) 2022-04-06 13:15:25 Image size of job updated: 775928
	318  -  MemoryUsage of job (MB)
	325348  -  ResidentSetSize of job (KB)
...
006 (453.519.000) 2022-04-06 13:20:25 Image size of job updated: 775928
	318  -  MemoryUsage of job (MB)
	325612  -  ResidentSetSize of job (KB)
...
006 (453.519.000) 2022-04-06 13:25:26 Image size of job updated: 776184
	319  -  MemoryUsage of job (MB)
	325876  -  ResidentSetSize of job (KB)
...
006 (453.519.000) 2022-04-06 13:30:27 Image size of job updated: 776440
	319  -  MemoryUsage of job (MB)
	326140  -  ResidentSetSize of job (KB)
...
006 (453.519.000) 2022-04-06 13:35:27 Image size of job updated: 776952
	319  -  MemoryUsage of job (MB)
	326404  -  ResidentSetSize of job (KB)
...
006 (453.519.000) 2022-04-06 13:40:27 Image size of job updated: 776952
	319  -  MemoryUsage of job (MB)
	326536  -  ResidentSetSize of job (KB)
...
006 (453.519.000) 2022-04-06 13:45:28 Image size of job updated: 777208
	320  -  MemoryUsage of job (MB)
	326668  -  ResidentSetSize of job (KB)
...
006 (453.519.000) 2022-04-06 13:50:29 Image size of job updated: 777208
	320  -  MemoryUsage of job (MB)
	326932  -  ResidentSetSize of job (KB)
...
006 (453.519.000) 2022-04-06 13:55:29 Image size of job updated: 777464
	320  -  MemoryUsage of job (MB)
	327064  -  ResidentSetSize of job (KB)
...
006 (453.519.000) 2022-04-06 14:00:29 Image size of job updated: 777720
	320  -  MemoryUsage of job (MB)
	327328  -  ResidentSetSize of job (KB)
...
006 (453.519.000) 2022-04-06 14:05:30 Image size of job updated: 777976
	320  -  MemoryUsage of job (MB)
	327592  -  ResidentSetSize of job (KB)
...
006 (453.519.000) 2022-04-06 14:10:31 Image size of job updated: 778232
	321  -  MemoryUsage of job (MB)
	327856  -  ResidentSetSize of job (KB)
...
006 (453.519.000) 2022-04-06 14:15:31 Image size of job updated: 778488
	321  -  MemoryUsage of job (MB)
	328120  -  ResidentSetSize of job (KB)
...
006 (453.519.000) 2022-04-06 14:20:31 Image size of job updated: 778744
	321  -  MemoryUsage of job (MB)
	328384  -  ResidentSetSize of job (KB)
...
006 (453.519.000) 2022-04-06 14:25:32 Image size of job updated: 779000
	321  -  MemoryUsage of job (MB)
	328648  -  ResidentSetSize of job (KB)
...
006 (453.519.000) 2022-04-06 14:30:33 Image size of job updated: 779256
	322  -  MemoryUsage of job (MB)
	328912  -  ResidentSetSize of job (KB)
...
006 (453.519.000) 2022-04-06 14:35:33 Image size of job updated: 779512
	322  -  MemoryUsage of job (MB)
	329176  -  ResidentSetSize of job (KB)
...
005 (453.519.000) 2022-04-06 14:37:21 Job terminated.
	(1) Normal termination (return value 0)
		Usr 0 02:36:39, Sys 0 00:00:28  -  Run Remote Usage
		Usr 0 00:00:00, Sys 0 00:00:00  -  Run Local Usage
		Usr 0 02:36:39, Sys 0 00:00:28  -  Total Remote Usage
		Usr 0 00:00:00, Sys 0 00:00:00  -  Total Local Usage
	0  -  Run Bytes Sent By Job
	0  -  Run Bytes Received By Job
	0  -  Total Bytes Sent By Job
	0  -  Total Bytes Received By Job
	Partitionable Resources :    Usage  Request Allocated 
	   Cpus                 :     1.00        1         1 
	   Disk (KB)            :  7500        7500     10998 
	   Memory (MB)          :   322        1024      1024 

	Job terminated of its own accord at 2022-04-06T12:37:21Z with exit-code 0.
...
