000 (453.215.000) 2022-04-05 18:55:37 Job submitted from host: <10.18.24.243:9618?addrs=10.18.24.243-9618&alias=ecoclusts01.bioclust.biologie.ens.fr&noUDP&sock=schedd_1052_29b8>
...
001 (453.215.000) 2022-04-06 07:11:03 Job executing on host: <10.18.24.5:9618?addrs=10.18.24.5-9618&alias=bioclust05.bioclust.biologie.ens.fr&noUDP&sock=startd_1060_a67a>
...
006 (453.215.000) 2022-04-06 07:11:11 Image size of job updated: 208856
	147  -  MemoryUsage of job (MB)
	150072  -  ResidentSetSize of job (KB)
...
006 (453.215.000) 2022-04-06 07:16:11 Image size of job updated: 741876
	317  -  MemoryUsage of job (MB)
	324288  -  ResidentSetSize of job (KB)
...
006 (453.215.000) 2022-04-06 07:21:11 Image size of job updated: 774644
	317  -  MemoryUsage of job (MB)
	324312  -  ResidentSetSize of job (KB)
...
006 (453.215.000) 2022-04-06 08:16:16 Image size of job updated: 774900
	317  -  MemoryUsage of job (MB)
	324444  -  ResidentSetSize of job (KB)
...
006 (453.215.000) 2022-04-06 08:21:17 Image size of job updated: 774900
	317  -  MemoryUsage of job (MB)
	324576  -  ResidentSetSize of job (KB)
...
006 (453.215.000) 2022-04-06 08:26:17 Image size of job updated: 775156
	318  -  MemoryUsage of job (MB)
	324708  -  ResidentSetSize of job (KB)
...
006 (453.215.000) 2022-04-06 08:31:18 Image size of job updated: 775156
	318  -  MemoryUsage of job (MB)
	324840  -  ResidentSetSize of job (KB)
...
006 (453.215.000) 2022-04-06 08:36:19 Image size of job updated: 775412
	318  -  MemoryUsage of job (MB)
	324972  -  ResidentSetSize of job (KB)
...
006 (453.215.000) 2022-04-06 08:41:19 Image size of job updated: 775412
	318  -  MemoryUsage of job (MB)
	325104  -  ResidentSetSize of job (KB)
...
006 (453.215.000) 2022-04-06 08:51:20 Image size of job updated: 775668
	318  -  MemoryUsage of job (MB)
	325236  -  ResidentSetSize of job (KB)
...
006 (453.215.000) 2022-04-06 08:56:21 Image size of job updated: 775668
	318  -  MemoryUsage of job (MB)
	325368  -  ResidentSetSize of job (KB)
...
006 (453.215.000) 2022-04-06 09:01:21 Image size of job updated: 775924
	318  -  MemoryUsage of job (MB)
	325500  -  ResidentSetSize of job (KB)
...
006 (453.215.000) 2022-04-06 09:06:22 Image size of job updated: 775924
	318  -  MemoryUsage of job (MB)
	325632  -  ResidentSetSize of job (KB)
...
006 (453.215.000) 2022-04-06 09:11:23 Image size of job updated: 776180
	318  -  MemoryUsage of job (MB)
	325632  -  ResidentSetSize of job (KB)
...
006 (453.215.000) 2022-04-06 09:16:23 Image size of job updated: 776180
	319  -  MemoryUsage of job (MB)
	325764  -  ResidentSetSize of job (KB)
...
006 (453.215.000) 2022-04-06 09:21:23 Image size of job updated: 776180
	319  -  MemoryUsage of job (MB)
	325896  -  ResidentSetSize of job (KB)
...
006 (453.215.000) 2022-04-06 09:26:24 Image size of job updated: 776436
	319  -  MemoryUsage of job (MB)
	326028  -  ResidentSetSize of job (KB)
...
006 (453.215.000) 2022-04-06 09:31:25 Image size of job updated: 776436
	319  -  MemoryUsage of job (MB)
	326160  -  ResidentSetSize of job (KB)
...
006 (453.215.000) 2022-04-06 09:36:25 Image size of job updated: 776692
	319  -  MemoryUsage of job (MB)
	326292  -  ResidentSetSize of job (KB)
...
006 (453.215.000) 2022-04-06 09:41:26 Image size of job updated: 776692
	319  -  MemoryUsage of job (MB)
	326424  -  ResidentSetSize of job (KB)
...
006 (453.215.000) 2022-04-06 09:46:27 Image size of job updated: 776948
	319  -  MemoryUsage of job (MB)
	326424  -  ResidentSetSize of job (KB)
...
006 (453.215.000) 2022-04-06 09:51:27 Image size of job updated: 776948
	319  -  MemoryUsage of job (MB)
	326556  -  ResidentSetSize of job (KB)
...
006 (453.215.000) 2022-04-06 10:06:28 Image size of job updated: 776948
	320  -  MemoryUsage of job (MB)
	326688  -  ResidentSetSize of job (KB)
...
006 (453.215.000) 2022-04-06 10:11:28 Image size of job updated: 777204
	320  -  MemoryUsage of job (MB)
	326688  -  ResidentSetSize of job (KB)
...
006 (453.215.000) 2022-04-06 10:16:29 Image size of job updated: 777204
	320  -  MemoryUsage of job (MB)
	326820  -  ResidentSetSize of job (KB)
...
006 (453.215.000) 2022-04-06 10:21:30 Image size of job updated: 777204
	320  -  MemoryUsage of job (MB)
	326952  -  ResidentSetSize of job (KB)
...
006 (453.215.000) 2022-04-06 10:26:30 Image size of job updated: 777460
	320  -  MemoryUsage of job (MB)
	327084  -  ResidentSetSize of job (KB)
...
006 (453.215.000) 2022-04-06 10:36:32 Image size of job updated: 777716
	320  -  MemoryUsage of job (MB)
	327216  -  ResidentSetSize of job (KB)
...
006 (453.215.000) 2022-04-06 10:41:32 Image size of job updated: 777716
	320  -  MemoryUsage of job (MB)
	327348  -  ResidentSetSize of job (KB)
...
006 (453.215.000) 2022-04-06 10:51:33 Image size of job updated: 777972
	320  -  MemoryUsage of job (MB)
	327480  -  ResidentSetSize of job (KB)
...
006 (453.215.000) 2022-04-06 10:56:34 Image size of job updated: 777972
	320  -  MemoryUsage of job (MB)
	327612  -  ResidentSetSize of job (KB)
...
006 (453.215.000) 2022-04-06 11:01:34 Image size of job updated: 777972
	321  -  MemoryUsage of job (MB)
	327744  -  ResidentSetSize of job (KB)
...
006 (453.215.000) 2022-04-06 11:06:34 Image size of job updated: 778228
	321  -  MemoryUsage of job (MB)
	327744  -  ResidentSetSize of job (KB)
...
006 (453.215.000) 2022-04-06 11:11:35 Image size of job updated: 778228
	321  -  MemoryUsage of job (MB)
	327876  -  ResidentSetSize of job (KB)
...
006 (453.215.000) 2022-04-06 11:16:35 Image size of job updated: 778484
	321  -  MemoryUsage of job (MB)
	328008  -  ResidentSetSize of job (KB)
...
006 (453.215.000) 2022-04-06 11:21:35 Image size of job updated: 778484
	321  -  MemoryUsage of job (MB)
	328140  -  ResidentSetSize of job (KB)
...
006 (453.215.000) 2022-04-06 11:26:36 Image size of job updated: 778484
	321  -  MemoryUsage of job (MB)
	328272  -  ResidentSetSize of job (KB)
...
006 (453.215.000) 2022-04-06 11:31:37 Image size of job updated: 778740
	321  -  MemoryUsage of job (MB)
	328272  -  ResidentSetSize of job (KB)
...
006 (453.215.000) 2022-04-06 11:36:37 Image size of job updated: 778740
	321  -  MemoryUsage of job (MB)
	328404  -  ResidentSetSize of job (KB)
...
006 (453.215.000) 2022-04-06 11:41:37 Image size of job updated: 778996
	321  -  MemoryUsage of job (MB)
	328536  -  ResidentSetSize of job (KB)
...
006 (453.215.000) 2022-04-06 11:46:38 Image size of job updated: 778996
	321  -  MemoryUsage of job (MB)
	328668  -  ResidentSetSize of job (KB)
...
006 (453.215.000) 2022-04-06 11:56:38 Image size of job updated: 779252
	322  -  MemoryUsage of job (MB)
	328800  -  ResidentSetSize of job (KB)
...
006 (453.215.000) 2022-04-06 12:06:40 Image size of job updated: 779508
	322  -  MemoryUsage of job (MB)
	328932  -  ResidentSetSize of job (KB)
...
006 (453.215.000) 2022-04-06 12:11:40 Image size of job updated: 779508
	322  -  MemoryUsage of job (MB)
	329064  -  ResidentSetSize of job (KB)
...
006 (453.215.000) 2022-04-06 12:16:40 Image size of job updated: 779508
	322  -  MemoryUsage of job (MB)
	329196  -  ResidentSetSize of job (KB)
...
006 (453.215.000) 2022-04-06 12:21:41 Image size of job updated: 779764
	322  -  MemoryUsage of job (MB)
	329328  -  ResidentSetSize of job (KB)
...
005 (453.215.000) 2022-04-06 12:22:29 Job terminated.
	(1) Normal termination (return value 0)
		Usr 0 05:10:15, Sys 0 00:00:15  -  Run Remote Usage
		Usr 0 00:00:00, Sys 0 00:00:00  -  Run Local Usage
		Usr 0 05:10:15, Sys 0 00:00:15  -  Total Remote Usage
		Usr 0 00:00:00, Sys 0 00:00:00  -  Total Local Usage
	0  -  Run Bytes Sent By Job
	0  -  Run Bytes Received By Job
	0  -  Total Bytes Sent By Job
	0  -  Total Bytes Received By Job
	Partitionable Resources :    Usage  Request Allocated 
	   Cpus                 :     1.00        1         1 
	   Disk (KB)            :  7500        7500     10998 
	   Memory (MB)          :   322        1024      1024 

	Job terminated of its own accord at 2022-04-06T10:22:29Z with exit-code 0.
...
