000 (453.092.000) 2022-04-05 18:55:37 Job submitted from host: <10.18.24.243:9618?addrs=10.18.24.243-9618&alias=ecoclusts01.bioclust.biologie.ens.fr&noUDP&sock=schedd_1052_29b8>
...
001 (453.092.000) 2022-04-06 05:27:59 Job executing on host: <10.18.24.142:9618?addrs=10.18.24.142-9618&alias=dyoclust15.bioclust.biologie.ens.fr&noUDP&sock=startd_768_5cd3>
...
006 (453.092.000) 2022-04-06 05:28:08 Image size of job updated: 194296
	190  -  MemoryUsage of job (MB)
	194296  -  ResidentSetSize of job (KB)
...
006 (453.092.000) 2022-04-06 05:33:09 Image size of job updated: 741624
	317  -  MemoryUsage of job (MB)
	324004  -  ResidentSetSize of job (KB)
...
006 (453.092.000) 2022-04-06 05:38:10 Image size of job updated: 774392
	317  -  MemoryUsage of job (MB)
	324136  -  ResidentSetSize of job (KB)
...
006 (453.092.000) 2022-04-06 06:13:13 Image size of job updated: 774648
	317  -  MemoryUsage of job (MB)
	324268  -  ResidentSetSize of job (KB)
...
006 (453.092.000) 2022-04-06 06:18:13 Image size of job updated: 774904
	317  -  MemoryUsage of job (MB)
	324400  -  ResidentSetSize of job (KB)
...
006 (453.092.000) 2022-04-06 06:23:14 Image size of job updated: 774904
	318  -  MemoryUsage of job (MB)
	324664  -  ResidentSetSize of job (KB)
...
006 (453.092.000) 2022-04-06 06:28:15 Image size of job updated: 775160
	318  -  MemoryUsage of job (MB)
	324796  -  ResidentSetSize of job (KB)
...
006 (453.092.000) 2022-04-06 06:33:15 Image size of job updated: 775416
	318  -  MemoryUsage of job (MB)
	324928  -  ResidentSetSize of job (KB)
...
006 (453.092.000) 2022-04-06 06:38:15 Image size of job updated: 775416
	318  -  MemoryUsage of job (MB)
	325060  -  ResidentSetSize of job (KB)
...
006 (453.092.000) 2022-04-06 06:43:16 Image size of job updated: 775672
	318  -  MemoryUsage of job (MB)
	325192  -  ResidentSetSize of job (KB)
...
006 (453.092.000) 2022-04-06 06:48:16 Image size of job updated: 775672
	318  -  MemoryUsage of job (MB)
	325456  -  ResidentSetSize of job (KB)
...
006 (453.092.000) 2022-04-06 06:53:16 Image size of job updated: 775928
	318  -  MemoryUsage of job (MB)
	325588  -  ResidentSetSize of job (KB)
...
006 (453.092.000) 2022-04-06 06:58:17 Image size of job updated: 776184
	319  -  MemoryUsage of job (MB)
	325720  -  ResidentSetSize of job (KB)
...
006 (453.092.000) 2022-04-06 07:03:18 Image size of job updated: 776440
	319  -  MemoryUsage of job (MB)
	325984  -  ResidentSetSize of job (KB)
...
006 (453.092.000) 2022-04-06 07:08:18 Image size of job updated: 776440
	319  -  MemoryUsage of job (MB)
	326116  -  ResidentSetSize of job (KB)
...
006 (453.092.000) 2022-04-06 07:13:19 Image size of job updated: 776696
	319  -  MemoryUsage of job (MB)
	326380  -  ResidentSetSize of job (KB)
...
006 (453.092.000) 2022-04-06 07:18:20 Image size of job updated: 776952
	319  -  MemoryUsage of job (MB)
	326512  -  ResidentSetSize of job (KB)
...
006 (453.092.000) 2022-04-06 07:23:20 Image size of job updated: 776952
	319  -  MemoryUsage of job (MB)
	326644  -  ResidentSetSize of job (KB)
...
006 (453.092.000) 2022-04-06 07:38:22 Image size of job updated: 777208
	320  -  MemoryUsage of job (MB)
	326748  -  ResidentSetSize of job (KB)
...
006 (453.092.000) 2022-04-06 07:43:22 Image size of job updated: 777208
	320  -  MemoryUsage of job (MB)
	326880  -  ResidentSetSize of job (KB)
...
006 (453.092.000) 2022-04-06 07:48:23 Image size of job updated: 777464
	320  -  MemoryUsage of job (MB)
	327012  -  ResidentSetSize of job (KB)
...
006 (453.092.000) 2022-04-06 07:53:24 Image size of job updated: 777464
	320  -  MemoryUsage of job (MB)
	327144  -  ResidentSetSize of job (KB)
...
006 (453.092.000) 2022-04-06 07:58:24 Image size of job updated: 777720
	320  -  MemoryUsage of job (MB)
	327276  -  ResidentSetSize of job (KB)
...
006 (453.092.000) 2022-04-06 08:03:24 Image size of job updated: 777720
	320  -  MemoryUsage of job (MB)
	327408  -  ResidentSetSize of job (KB)
...
006 (453.092.000) 2022-04-06 08:08:25 Image size of job updated: 777976
	320  -  MemoryUsage of job (MB)
	327540  -  ResidentSetSize of job (KB)
...
006 (453.092.000) 2022-04-06 08:13:26 Image size of job updated: 777976
	320  -  MemoryUsage of job (MB)
	327672  -  ResidentSetSize of job (KB)
...
006 (453.092.000) 2022-04-06 08:18:26 Image size of job updated: 778232
	321  -  MemoryUsage of job (MB)
	327804  -  ResidentSetSize of job (KB)
...
006 (453.092.000) 2022-04-06 08:23:27 Image size of job updated: 778232
	321  -  MemoryUsage of job (MB)
	327936  -  ResidentSetSize of job (KB)
...
006 (453.092.000) 2022-04-06 08:28:28 Image size of job updated: 778488
	321  -  MemoryUsage of job (MB)
	328068  -  ResidentSetSize of job (KB)
...
006 (453.092.000) 2022-04-06 08:33:28 Image size of job updated: 778488
	321  -  MemoryUsage of job (MB)
	328200  -  ResidentSetSize of job (KB)
...
006 (453.092.000) 2022-04-06 08:38:28 Image size of job updated: 778744
	321  -  MemoryUsage of job (MB)
	328332  -  ResidentSetSize of job (KB)
...
006 (453.092.000) 2022-04-06 08:43:29 Image size of job updated: 779000
	321  -  MemoryUsage of job (MB)
	328596  -  ResidentSetSize of job (KB)
...
006 (453.092.000) 2022-04-06 08:48:30 Image size of job updated: 779000
	322  -  MemoryUsage of job (MB)
	328728  -  ResidentSetSize of job (KB)
...
006 (453.092.000) 2022-04-06 08:53:30 Image size of job updated: 779256
	322  -  MemoryUsage of job (MB)
	328728  -  ResidentSetSize of job (KB)
...
006 (453.092.000) 2022-04-06 08:58:31 Image size of job updated: 779256
	322  -  MemoryUsage of job (MB)
	328992  -  ResidentSetSize of job (KB)
...
006 (453.092.000) 2022-04-06 09:03:32 Image size of job updated: 779512
	322  -  MemoryUsage of job (MB)
	329124  -  ResidentSetSize of job (KB)
...
006 (453.092.000) 2022-04-06 09:11:35 Image size of job updated: 779768
	322  -  MemoryUsage of job (MB)
	329124  -  ResidentSetSize of job (KB)
...
005 (453.092.000) 2022-04-06 09:11:35 Job terminated.
	(1) Normal termination (return value 0)
		Usr 0 03:41:29, Sys 0 00:00:27  -  Run Remote Usage
		Usr 0 00:00:00, Sys 0 00:00:00  -  Run Local Usage
		Usr 0 03:41:29, Sys 0 00:00:27  -  Total Remote Usage
		Usr 0 00:00:00, Sys 0 00:00:00  -  Total Local Usage
	0  -  Run Bytes Sent By Job
	0  -  Run Bytes Received By Job
	0  -  Total Bytes Sent By Job
	0  -  Total Bytes Received By Job
	Partitionable Resources :    Usage  Request Allocated 
	   Cpus                 :     1.00        1         1 
	   Disk (KB)            :  7500        7500     10998 
	   Memory (MB)          :   322        1024      1024 

	Job terminated of its own accord at 2022-04-06T07:11:35Z with exit-code 0.
...
