000 (453.624.000) 2022-04-05 18:55:39 Job submitted from host: <10.18.24.243:9618?addrs=10.18.24.243-9618&alias=ecoclusts01.bioclust.biologie.ens.fr&noUDP&sock=schedd_1052_29b8>
...
001 (453.624.000) 2022-04-06 14:00:25 Job executing on host: <10.18.24.137:9618?addrs=10.18.24.137-9618&alias=dyoclust10.bioclust.biologie.ens.fr&noUDP&sock=startd_830_e3b2>
...
006 (453.624.000) 2022-04-06 14:00:33 Image size of job updated: 233404
	100  -  MemoryUsage of job (MB)
	101860  -  ResidentSetSize of job (KB)
...
006 (453.624.000) 2022-04-06 14:05:33 Image size of job updated: 741624
	317  -  MemoryUsage of job (MB)
	324132  -  ResidentSetSize of job (KB)
...
005 (453.624.000) 2022-04-06 14:08:12 Job terminated.
	(1) Normal termination (return value 0)
		Usr 0 00:07:10, Sys 0 00:00:27  -  Run Remote Usage
		Usr 0 00:00:00, Sys 0 00:00:00  -  Run Local Usage
		Usr 0 00:07:10, Sys 0 00:00:27  -  Total Remote Usage
		Usr 0 00:00:00, Sys 0 00:00:00  -  Total Local Usage
	0  -  Run Bytes Sent By Job
	0  -  Run Bytes Received By Job
	0  -  Total Bytes Sent By Job
	0  -  Total Bytes Received By Job
	Partitionable Resources :    Usage  Request Allocated 
	   Cpus                 :     1.00        1         1 
	   Disk (KB)            :  7500        7500     10999 
	   Memory (MB)          :   317        1024      1024 

	Job terminated of its own accord at 2022-04-06T12:08:12Z with exit-code 0.
...
