000 (453.094.000) 2022-04-05 18:55:37 Job submitted from host: <10.18.24.243:9618?addrs=10.18.24.243-9618&alias=ecoclusts01.bioclust.biologie.ens.fr&noUDP&sock=schedd_1052_29b8>
...
001 (453.094.000) 2022-04-06 05:28:59 Job executing on host: <10.18.24.105:9618?addrs=10.18.24.105-9618&alias=ecoclust10.bioclust.biologie.ens.fr&noUDP&sock=startd_1068_233c>
...
006 (453.094.000) 2022-04-06 05:29:07 Image size of job updated: 98240
	63  -  MemoryUsage of job (MB)
	63740  -  ResidentSetSize of job (KB)
...
006 (453.094.000) 2022-04-06 05:34:07 Image size of job updated: 741880
	317  -  MemoryUsage of job (MB)
	324344  -  ResidentSetSize of job (KB)
...
006 (453.094.000) 2022-04-06 05:39:07 Image size of job updated: 741880
	317  -  MemoryUsage of job (MB)
	324388  -  ResidentSetSize of job (KB)
...
006 (453.094.000) 2022-04-06 05:49:08 Image size of job updated: 774648
	317  -  MemoryUsage of job (MB)
	324388  -  ResidentSetSize of job (KB)
...
006 (453.094.000) 2022-04-06 07:29:19 Image size of job updated: 774904
	317  -  MemoryUsage of job (MB)
	324388  -  ResidentSetSize of job (KB)
...
006 (453.094.000) 2022-04-06 07:34:19 Image size of job updated: 774904
	317  -  MemoryUsage of job (MB)
	324476  -  ResidentSetSize of job (KB)
...
006 (453.094.000) 2022-04-06 07:39:20 Image size of job updated: 774904
	317  -  MemoryUsage of job (MB)
	324608  -  ResidentSetSize of job (KB)
...
006 (453.094.000) 2022-04-06 07:49:21 Image size of job updated: 775160
	318  -  MemoryUsage of job (MB)
	324740  -  ResidentSetSize of job (KB)
...
006 (453.094.000) 2022-04-06 07:59:22 Image size of job updated: 775160
	318  -  MemoryUsage of job (MB)
	324872  -  ResidentSetSize of job (KB)
...
006 (453.094.000) 2022-04-06 08:04:22 Image size of job updated: 775416
	318  -  MemoryUsage of job (MB)
	324872  -  ResidentSetSize of job (KB)
...
006 (453.094.000) 2022-04-06 08:09:23 Image size of job updated: 775416
	318  -  MemoryUsage of job (MB)
	325004  -  ResidentSetSize of job (KB)
...
006 (453.094.000) 2022-04-06 08:14:23 Image size of job updated: 775416
	318  -  MemoryUsage of job (MB)
	325136  -  ResidentSetSize of job (KB)
...
006 (453.094.000) 2022-04-06 08:19:23 Image size of job updated: 775672
	318  -  MemoryUsage of job (MB)
	325136  -  ResidentSetSize of job (KB)
...
006 (453.094.000) 2022-04-06 08:24:24 Image size of job updated: 775672
	318  -  MemoryUsage of job (MB)
	325268  -  ResidentSetSize of job (KB)
...
006 (453.094.000) 2022-04-06 08:29:25 Image size of job updated: 775672
	318  -  MemoryUsage of job (MB)
	325400  -  ResidentSetSize of job (KB)
...
006 (453.094.000) 2022-04-06 08:34:25 Image size of job updated: 775928
	318  -  MemoryUsage of job (MB)
	325400  -  ResidentSetSize of job (KB)
...
006 (453.094.000) 2022-04-06 08:39:26 Image size of job updated: 775928
	318  -  MemoryUsage of job (MB)
	325532  -  ResidentSetSize of job (KB)
...
006 (453.094.000) 2022-04-06 08:44:27 Image size of job updated: 775928
	319  -  MemoryUsage of job (MB)
	325664  -  ResidentSetSize of job (KB)
...
006 (453.094.000) 2022-04-06 08:49:27 Image size of job updated: 776184
	319  -  MemoryUsage of job (MB)
	325664  -  ResidentSetSize of job (KB)
...
006 (453.094.000) 2022-04-06 08:54:27 Image size of job updated: 776184
	319  -  MemoryUsage of job (MB)
	325796  -  ResidentSetSize of job (KB)
...
006 (453.094.000) 2022-04-06 09:04:28 Image size of job updated: 776440
	319  -  MemoryUsage of job (MB)
	325928  -  ResidentSetSize of job (KB)
...
006 (453.094.000) 2022-04-06 09:09:28 Image size of job updated: 776440
	319  -  MemoryUsage of job (MB)
	326060  -  ResidentSetSize of job (KB)
...
006 (453.094.000) 2022-04-06 09:14:29 Image size of job updated: 776440
	319  -  MemoryUsage of job (MB)
	326192  -  ResidentSetSize of job (KB)
...
006 (453.094.000) 2022-04-06 09:19:30 Image size of job updated: 776696
	319  -  MemoryUsage of job (MB)
	326192  -  ResidentSetSize of job (KB)
...
006 (453.094.000) 2022-04-06 09:24:30 Image size of job updated: 776696
	319  -  MemoryUsage of job (MB)
	326324  -  ResidentSetSize of job (KB)
...
006 (453.094.000) 2022-04-06 09:29:31 Image size of job updated: 776952
	319  -  MemoryUsage of job (MB)
	326456  -  ResidentSetSize of job (KB)
...
006 (453.094.000) 2022-04-06 09:34:32 Image size of job updated: 776952
	319  -  MemoryUsage of job (MB)
	326588  -  ResidentSetSize of job (KB)
...
006 (453.094.000) 2022-04-06 09:59:33 Image size of job updated: 776952
	320  -  MemoryUsage of job (MB)
	326720  -  ResidentSetSize of job (KB)
...
006 (453.094.000) 2022-04-06 10:04:34 Image size of job updated: 777208
	320  -  MemoryUsage of job (MB)
	326720  -  ResidentSetSize of job (KB)
...
006 (453.094.000) 2022-04-06 10:14:35 Image size of job updated: 777208
	320  -  MemoryUsage of job (MB)
	326852  -  ResidentSetSize of job (KB)
...
006 (453.094.000) 2022-04-06 10:19:36 Image size of job updated: 777208
	320  -  MemoryUsage of job (MB)
	326984  -  ResidentSetSize of job (KB)
...
006 (453.094.000) 2022-04-06 10:24:37 Image size of job updated: 777464
	320  -  MemoryUsage of job (MB)
	326984  -  ResidentSetSize of job (KB)
...
006 (453.094.000) 2022-04-06 10:29:37 Image size of job updated: 777464
	320  -  MemoryUsage of job (MB)
	327116  -  ResidentSetSize of job (KB)
...
006 (453.094.000) 2022-04-06 10:39:38 Image size of job updated: 777720
	320  -  MemoryUsage of job (MB)
	327248  -  ResidentSetSize of job (KB)
...
006 (453.094.000) 2022-04-06 10:49:38 Image size of job updated: 777720
	320  -  MemoryUsage of job (MB)
	327380  -  ResidentSetSize of job (KB)
...
006 (453.094.000) 2022-04-06 10:54:40 Image size of job updated: 777976
	320  -  MemoryUsage of job (MB)
	327512  -  ResidentSetSize of job (KB)
...
006 (453.094.000) 2022-04-06 10:59:40 Image size of job updated: 777976
	320  -  MemoryUsage of job (MB)
	327644  -  ResidentSetSize of job (KB)
...
006 (453.094.000) 2022-04-06 11:09:41 Image size of job updated: 778232
	321  -  MemoryUsage of job (MB)
	327776  -  ResidentSetSize of job (KB)
...
006 (453.094.000) 2022-04-06 11:19:42 Image size of job updated: 778232
	321  -  MemoryUsage of job (MB)
	327908  -  ResidentSetSize of job (KB)
...
006 (453.094.000) 2022-04-06 11:24:42 Image size of job updated: 778488
	321  -  MemoryUsage of job (MB)
	328040  -  ResidentSetSize of job (KB)
...
006 (453.094.000) 2022-04-06 11:29:43 Image size of job updated: 778488
	321  -  MemoryUsage of job (MB)
	328172  -  ResidentSetSize of job (KB)
...
006 (453.094.000) 2022-04-06 11:39:43 Image size of job updated: 778744
	321  -  MemoryUsage of job (MB)
	328304  -  ResidentSetSize of job (KB)
...
006 (453.094.000) 2022-04-06 11:49:45 Image size of job updated: 778744
	321  -  MemoryUsage of job (MB)
	328436  -  ResidentSetSize of job (KB)
...
006 (453.094.000) 2022-04-06 11:54:45 Image size of job updated: 779000
	321  -  MemoryUsage of job (MB)
	328568  -  ResidentSetSize of job (KB)
...
006 (453.094.000) 2022-04-06 12:04:47 Image size of job updated: 779000
	321  -  MemoryUsage of job (MB)
	328700  -  ResidentSetSize of job (KB)
...
006 (453.094.000) 2022-04-06 12:14:48 Image size of job updated: 779256
	322  -  MemoryUsage of job (MB)
	328832  -  ResidentSetSize of job (KB)
...
006 (453.094.000) 2022-04-06 12:24:49 Image size of job updated: 779256
	322  -  MemoryUsage of job (MB)
	328964  -  ResidentSetSize of job (KB)
...
006 (453.094.000) 2022-04-06 12:29:50 Image size of job updated: 779512
	322  -  MemoryUsage of job (MB)
	328964  -  ResidentSetSize of job (KB)
...
006 (453.094.000) 2022-04-06 12:34:51 Image size of job updated: 779512
	322  -  MemoryUsage of job (MB)
	329096  -  ResidentSetSize of job (KB)
...
005 (453.094.000) 2022-04-06 12:43:49 Job terminated.
	(1) Normal termination (return value 0)
		Usr 0 07:12:27, Sys 0 00:00:45  -  Run Remote Usage
		Usr 0 00:00:00, Sys 0 00:00:00  -  Run Local Usage
		Usr 0 07:12:27, Sys 0 00:00:45  -  Total Remote Usage
		Usr 0 00:00:00, Sys 0 00:00:00  -  Total Local Usage
	0  -  Run Bytes Sent By Job
	0  -  Run Bytes Received By Job
	0  -  Total Bytes Sent By Job
	0  -  Total Bytes Received By Job
	Partitionable Resources :    Usage  Request Allocated 
	   Cpus                 :     1.00        1         1 
	   Disk (KB)            :  7500        7500     10998 
	   Memory (MB)          :   322        1024      1024 

	Job terminated of its own accord at 2022-04-06T10:43:49Z with exit-code 0.
...
