000 (453.299.000) 2022-04-05 18:55:38 Job submitted from host: <10.18.24.243:9618?addrs=10.18.24.243-9618&alias=ecoclusts01.bioclust.biologie.ens.fr&noUDP&sock=schedd_1052_29b8>
...
001 (453.299.000) 2022-04-06 08:33:56 Job executing on host: <10.18.24.174:9618?addrs=10.18.24.174-9618&alias=mcbsclust03.bioclust.biologie.ens.fr&noUDP&sock=startd_937_4854>
...
006 (453.299.000) 2022-04-06 08:34:05 Image size of job updated: 233660
	107  -  MemoryUsage of job (MB)
	108736  -  ResidentSetSize of job (KB)
...
006 (453.299.000) 2022-04-06 08:39:06 Image size of job updated: 741620
	317  -  MemoryUsage of job (MB)
	323992  -  ResidentSetSize of job (KB)
...
006 (453.299.000) 2022-04-06 08:44:07 Image size of job updated: 741620
	317  -  MemoryUsage of job (MB)
	324016  -  ResidentSetSize of job (KB)
...
005 (453.299.000) 2022-04-06 08:44:55 Job terminated.
	(1) Normal termination (return value 0)
		Usr 0 00:10:31, Sys 0 00:00:21  -  Run Remote Usage
		Usr 0 00:00:00, Sys 0 00:00:00  -  Run Local Usage
		Usr 0 00:10:31, Sys 0 00:00:21  -  Total Remote Usage
		Usr 0 00:00:00, Sys 0 00:00:00  -  Total Local Usage
	0  -  Run Bytes Sent By Job
	0  -  Run Bytes Received By Job
	0  -  Total Bytes Sent By Job
	0  -  Total Bytes Received By Job
	Partitionable Resources :    Usage  Request Allocated 
	   Cpus                 :     1.00        1         1 
	   Disk (KB)            :  7500        7500     10998 
	   Memory (MB)          :   317        1024      1024 

	Job terminated of its own accord at 2022-04-06T06:44:55Z with exit-code 0.
...
