000 (453.851.000) 2022-04-05 18:55:40 Job submitted from host: <10.18.24.243:9618?addrs=10.18.24.243-9618&alias=ecoclusts01.bioclust.biologie.ens.fr&noUDP&sock=schedd_1052_29b8>
...
001 (453.851.000) 2022-04-06 19:36:21 Job executing on host: <10.18.24.109:9618?addrs=10.18.24.109-9618&alias=ecoclust14.bioclust.biologie.ens.fr&noUDP&sock=startd_917_906f>
...
006 (453.851.000) 2022-04-06 19:36:30 Image size of job updated: 233148
	64  -  MemoryUsage of job (MB)
	65292  -  ResidentSetSize of job (KB)
...
006 (453.851.000) 2022-04-06 19:41:31 Image size of job updated: 741880
	317  -  MemoryUsage of job (MB)
	324228  -  ResidentSetSize of job (KB)
...
006 (453.851.000) 2022-04-06 19:46:32 Image size of job updated: 741880
	317  -  MemoryUsage of job (MB)
	324252  -  ResidentSetSize of job (KB)
...
006 (453.851.000) 2022-04-06 19:51:32 Image size of job updated: 774648
	317  -  MemoryUsage of job (MB)
	324252  -  ResidentSetSize of job (KB)
...
006 (453.851.000) 2022-04-06 21:06:40 Image size of job updated: 774648
	317  -  MemoryUsage of job (MB)
	324384  -  ResidentSetSize of job (KB)
...
006 (453.851.000) 2022-04-06 21:11:40 Image size of job updated: 774904
	317  -  MemoryUsage of job (MB)
	324384  -  ResidentSetSize of job (KB)
...
006 (453.851.000) 2022-04-06 21:16:42 Image size of job updated: 774904
	317  -  MemoryUsage of job (MB)
	324516  -  ResidentSetSize of job (KB)
...
006 (453.851.000) 2022-04-06 21:21:42 Image size of job updated: 775160
	318  -  MemoryUsage of job (MB)
	324648  -  ResidentSetSize of job (KB)
...
006 (453.851.000) 2022-04-06 21:26:42 Image size of job updated: 775160
	318  -  MemoryUsage of job (MB)
	324780  -  ResidentSetSize of job (KB)
...
006 (453.851.000) 2022-04-06 21:36:44 Image size of job updated: 775416
	318  -  MemoryUsage of job (MB)
	324912  -  ResidentSetSize of job (KB)
...
006 (453.851.000) 2022-04-06 21:41:44 Image size of job updated: 775416
	318  -  MemoryUsage of job (MB)
	325044  -  ResidentSetSize of job (KB)
...
006 (453.851.000) 2022-04-06 21:51:46 Image size of job updated: 775672
	318  -  MemoryUsage of job (MB)
	325176  -  ResidentSetSize of job (KB)
...
006 (453.851.000) 2022-04-06 21:56:46 Image size of job updated: 775672
	318  -  MemoryUsage of job (MB)
	325308  -  ResidentSetSize of job (KB)
...
006 (453.851.000) 2022-04-06 22:06:48 Image size of job updated: 775928
	318  -  MemoryUsage of job (MB)
	325440  -  ResidentSetSize of job (KB)
...
006 (453.851.000) 2022-04-06 22:11:48 Image size of job updated: 775928
	318  -  MemoryUsage of job (MB)
	325572  -  ResidentSetSize of job (KB)
...
006 (453.851.000) 2022-04-06 22:21:49 Image size of job updated: 776184
	319  -  MemoryUsage of job (MB)
	325704  -  ResidentSetSize of job (KB)
...
006 (453.851.000) 2022-04-06 22:26:49 Image size of job updated: 776184
	319  -  MemoryUsage of job (MB)
	325836  -  ResidentSetSize of job (KB)
...
006 (453.851.000) 2022-04-06 22:36:50 Image size of job updated: 776440
	319  -  MemoryUsage of job (MB)
	325968  -  ResidentSetSize of job (KB)
...
006 (453.851.000) 2022-04-06 22:46:50 Image size of job updated: 776440
	319  -  MemoryUsage of job (MB)
	326100  -  ResidentSetSize of job (KB)
...
006 (453.851.000) 2022-04-06 22:56:52 Image size of job updated: 776696
	319  -  MemoryUsage of job (MB)
	326100  -  ResidentSetSize of job (KB)
...
006 (453.851.000) 2022-04-06 23:01:52 Image size of job updated: 776696
	319  -  MemoryUsage of job (MB)
	326232  -  ResidentSetSize of job (KB)
...
006 (453.851.000) 2022-04-06 23:06:53 Image size of job updated: 776696
	319  -  MemoryUsage of job (MB)
	326364  -  ResidentSetSize of job (KB)
...
006 (453.851.000) 2022-04-06 23:16:54 Image size of job updated: 776952
	319  -  MemoryUsage of job (MB)
	326496  -  ResidentSetSize of job (KB)
...
006 (453.851.000) 2022-04-06 23:26:56 Image size of job updated: 776952
	319  -  MemoryUsage of job (MB)
	326628  -  ResidentSetSize of job (KB)
...
006 (453.851.000) 2022-04-06 23:57:00 Image size of job updated: 777208
	320  -  MemoryUsage of job (MB)
	326724  -  ResidentSetSize of job (KB)
...
006 (453.851.000) 2022-04-07 00:02:00 Image size of job updated: 777208
	320  -  MemoryUsage of job (MB)
	326856  -  ResidentSetSize of job (KB)
...
006 (453.851.000) 2022-04-07 00:12:02 Image size of job updated: 777464
	320  -  MemoryUsage of job (MB)
	326988  -  ResidentSetSize of job (KB)
...
006 (453.851.000) 2022-04-07 00:27:03 Image size of job updated: 777464
	320  -  MemoryUsage of job (MB)
	327120  -  ResidentSetSize of job (KB)
...
006 (453.851.000) 2022-04-07 00:32:03 Image size of job updated: 777720
	320  -  MemoryUsage of job (MB)
	327252  -  ResidentSetSize of job (KB)
...
006 (453.851.000) 2022-04-07 00:42:05 Image size of job updated: 777720
	320  -  MemoryUsage of job (MB)
	327384  -  ResidentSetSize of job (KB)
...
006 (453.851.000) 2022-04-07 00:52:07 Image size of job updated: 777976
	320  -  MemoryUsage of job (MB)
	327516  -  ResidentSetSize of job (KB)
...
006 (453.851.000) 2022-04-07 01:02:07 Image size of job updated: 777976
	320  -  MemoryUsage of job (MB)
	327648  -  ResidentSetSize of job (KB)
...
006 (453.851.000) 2022-04-07 01:12:08 Image size of job updated: 778232
	321  -  MemoryUsage of job (MB)
	327780  -  ResidentSetSize of job (KB)
...
006 (453.851.000) 2022-04-07 01:17:08 Image size of job updated: 778232
	321  -  MemoryUsage of job (MB)
	327912  -  ResidentSetSize of job (KB)
...
006 (453.851.000) 2022-04-07 01:27:08 Image size of job updated: 778488
	321  -  MemoryUsage of job (MB)
	328044  -  ResidentSetSize of job (KB)
...
006 (453.851.000) 2022-04-07 01:32:09 Image size of job updated: 778488
	321  -  MemoryUsage of job (MB)
	328176  -  ResidentSetSize of job (KB)
...
006 (453.851.000) 2022-04-07 01:42:11 Image size of job updated: 778744
	321  -  MemoryUsage of job (MB)
	328308  -  ResidentSetSize of job (KB)
...
006 (453.851.000) 2022-04-07 01:52:12 Image size of job updated: 778744
	321  -  MemoryUsage of job (MB)
	328440  -  ResidentSetSize of job (KB)
...
006 (453.851.000) 2022-04-07 01:57:13 Image size of job updated: 779000
	321  -  MemoryUsage of job (MB)
	328572  -  ResidentSetSize of job (KB)
...
006 (453.851.000) 2022-04-07 02:07:13 Image size of job updated: 779000
	321  -  MemoryUsage of job (MB)
	328704  -  ResidentSetSize of job (KB)
...
006 (453.851.000) 2022-04-07 02:12:15 Image size of job updated: 779256
	322  -  MemoryUsage of job (MB)
	328836  -  ResidentSetSize of job (KB)
...
006 (453.851.000) 2022-04-07 02:22:15 Image size of job updated: 779256
	322  -  MemoryUsage of job (MB)
	328968  -  ResidentSetSize of job (KB)
...
006 (453.851.000) 2022-04-07 02:27:16 Image size of job updated: 779512
	322  -  MemoryUsage of job (MB)
	329100  -  ResidentSetSize of job (KB)
...
006 (453.851.000) 2022-04-07 02:37:16 Image size of job updated: 779512
	322  -  MemoryUsage of job (MB)
	329232  -  ResidentSetSize of job (KB)
...
006 (453.851.000) 2022-04-07 02:39:10 Image size of job updated: 779768
	322  -  MemoryUsage of job (MB)
	329232  -  ResidentSetSize of job (KB)
...
005 (453.851.000) 2022-04-07 02:39:10 Job terminated.
	(1) Normal termination (return value 0)
		Usr 0 06:59:12, Sys 0 00:00:34  -  Run Remote Usage
		Usr 0 00:00:00, Sys 0 00:00:00  -  Run Local Usage
		Usr 0 06:59:12, Sys 0 00:00:34  -  Total Remote Usage
		Usr 0 00:00:00, Sys 0 00:00:00  -  Total Local Usage
	0  -  Run Bytes Sent By Job
	0  -  Run Bytes Received By Job
	0  -  Total Bytes Sent By Job
	0  -  Total Bytes Received By Job
	Partitionable Resources :    Usage  Request Allocated 
	   Cpus                 :     1.00        1         1 
	   Disk (KB)            :  7500        7500     10998 
	   Memory (MB)          :   322        1024      1024 

	Job terminated of its own accord at 2022-04-07T00:39:10Z with exit-code 0.
...
