000 (453.888.000) 2022-04-05 18:55:40 Job submitted from host: <10.18.24.243:9618?addrs=10.18.24.243-9618&alias=ecoclusts01.bioclust.biologie.ens.fr&noUDP&sock=schedd_1052_29b8>
...
001 (453.888.000) 2022-04-06 21:07:24 Job executing on host: <10.18.24.109:9618?addrs=10.18.24.109-9618&alias=ecoclust14.bioclust.biologie.ens.fr&noUDP&sock=startd_917_906f>
...
006 (453.888.000) 2022-04-06 21:07:32 Image size of job updated: 99556
	79  -  MemoryUsage of job (MB)
	80896  -  ResidentSetSize of job (KB)
...
006 (453.888.000) 2022-04-06 21:12:32 Image size of job updated: 845680
	317  -  MemoryUsage of job (MB)
	324012  -  ResidentSetSize of job (KB)
...
006 (453.888.000) 2022-04-06 21:21:20 Image size of job updated: 845680
	317  -  MemoryUsage of job (MB)
	324056  -  ResidentSetSize of job (KB)
...
005 (453.888.000) 2022-04-06 21:21:20 Job terminated.
	(1) Normal termination (return value 0)
		Usr 0 00:13:18, Sys 0 00:00:25  -  Run Remote Usage
		Usr 0 00:00:00, Sys 0 00:00:00  -  Run Local Usage
		Usr 0 00:13:18, Sys 0 00:00:25  -  Total Remote Usage
		Usr 0 00:00:00, Sys 0 00:00:00  -  Total Local Usage
	0  -  Run Bytes Sent By Job
	0  -  Run Bytes Received By Job
	0  -  Total Bytes Sent By Job
	0  -  Total Bytes Received By Job
	Partitionable Resources :    Usage  Request Allocated 
	   Cpus                 :     0.99        1         1 
	   Disk (KB)            :  7500        7500     10998 
	   Memory (MB)          :   317        1024      1024 

	Job terminated of its own accord at 2022-04-06T19:21:20Z with exit-code 0.
...
