000 (453.972.000) 2022-04-05 18:55:40 Job submitted from host: <10.18.24.243:9618?addrs=10.18.24.243-9618&alias=ecoclusts01.bioclust.biologie.ens.fr&noUDP&sock=schedd_1052_29b8>
...
001 (453.972.000) 2022-04-06 23:40:27 Job executing on host: <10.18.24.136:9618?addrs=10.18.24.136-9618&alias=dyoclust09.bioclust.biologie.ens.fr&noUDP&sock=startd_808_cc9c>
...
006 (453.972.000) 2022-04-06 23:40:36 Image size of job updated: 318748
	240  -  MemoryUsage of job (MB)
	245536  -  ResidentSetSize of job (KB)
...
006 (453.972.000) 2022-04-06 23:45:37 Image size of job updated: 741876
	317  -  MemoryUsage of job (MB)
	324372  -  ResidentSetSize of job (KB)
...
006 (453.972.000) 2022-04-06 23:50:38 Image size of job updated: 774644
	317  -  MemoryUsage of job (MB)
	324372  -  ResidentSetSize of job (KB)
...
006 (453.972.000) 2022-04-07 00:25:41 Image size of job updated: 774900
	317  -  MemoryUsage of job (MB)
	324372  -  ResidentSetSize of job (KB)
...
006 (453.972.000) 2022-04-07 00:30:41 Image size of job updated: 774900
	317  -  MemoryUsage of job (MB)
	324504  -  ResidentSetSize of job (KB)
...
006 (453.972.000) 2022-04-07 00:35:43 Image size of job updated: 775156
	318  -  MemoryUsage of job (MB)
	324636  -  ResidentSetSize of job (KB)
...
006 (453.972.000) 2022-04-07 00:40:43 Image size of job updated: 775156
	318  -  MemoryUsage of job (MB)
	324768  -  ResidentSetSize of job (KB)
...
006 (453.972.000) 2022-04-07 00:45:43 Image size of job updated: 775412
	318  -  MemoryUsage of job (MB)
	325032  -  ResidentSetSize of job (KB)
...
006 (453.972.000) 2022-04-07 00:50:44 Image size of job updated: 775668
	318  -  MemoryUsage of job (MB)
	325164  -  ResidentSetSize of job (KB)
...
006 (453.972.000) 2022-04-07 00:55:45 Image size of job updated: 775668
	318  -  MemoryUsage of job (MB)
	325296  -  ResidentSetSize of job (KB)
...
006 (453.972.000) 2022-04-07 01:00:44 Image size of job updated: 775924
	318  -  MemoryUsage of job (MB)
	325560  -  ResidentSetSize of job (KB)
...
006 (453.972.000) 2022-04-07 01:05:44 Image size of job updated: 776180
	319  -  MemoryUsage of job (MB)
	325692  -  ResidentSetSize of job (KB)
...
006 (453.972.000) 2022-04-07 01:10:45 Image size of job updated: 776180
	319  -  MemoryUsage of job (MB)
	325824  -  ResidentSetSize of job (KB)
...
006 (453.972.000) 2022-04-07 01:15:45 Image size of job updated: 776436
	319  -  MemoryUsage of job (MB)
	326088  -  ResidentSetSize of job (KB)
...
006 (453.972.000) 2022-04-07 01:20:45 Image size of job updated: 776692
	319  -  MemoryUsage of job (MB)
	326220  -  ResidentSetSize of job (KB)
...
006 (453.972.000) 2022-04-07 01:25:46 Image size of job updated: 776692
	319  -  MemoryUsage of job (MB)
	326352  -  ResidentSetSize of job (KB)
...
006 (453.972.000) 2022-04-07 01:30:48 Image size of job updated: 776948
	319  -  MemoryUsage of job (MB)
	326484  -  ResidentSetSize of job (KB)
...
006 (453.972.000) 2022-04-07 01:40:48 Image size of job updated: 776948
	319  -  MemoryUsage of job (MB)
	326588  -  ResidentSetSize of job (KB)
...
006 (453.972.000) 2022-04-07 01:45:49 Image size of job updated: 777204
	320  -  MemoryUsage of job (MB)
	326720  -  ResidentSetSize of job (KB)
...
006 (453.972.000) 2022-04-07 01:50:49 Image size of job updated: 777460
	320  -  MemoryUsage of job (MB)
	326984  -  ResidentSetSize of job (KB)
...
006 (453.972.000) 2022-04-07 01:55:49 Image size of job updated: 777460
	320  -  MemoryUsage of job (MB)
	327116  -  ResidentSetSize of job (KB)
...
006 (453.972.000) 2022-04-07 02:00:50 Image size of job updated: 777716
	320  -  MemoryUsage of job (MB)
	327248  -  ResidentSetSize of job (KB)
...
006 (453.972.000) 2022-04-07 02:05:51 Image size of job updated: 777716
	320  -  MemoryUsage of job (MB)
	327512  -  ResidentSetSize of job (KB)
...
006 (453.972.000) 2022-04-07 02:10:51 Image size of job updated: 777972
	320  -  MemoryUsage of job (MB)
	327644  -  ResidentSetSize of job (KB)
...
006 (453.972.000) 2022-04-07 02:15:51 Image size of job updated: 778228
	321  -  MemoryUsage of job (MB)
	327776  -  ResidentSetSize of job (KB)
...
006 (453.972.000) 2022-04-07 02:20:52 Image size of job updated: 778228
	321  -  MemoryUsage of job (MB)
	327908  -  ResidentSetSize of job (KB)
...
006 (453.972.000) 2022-04-07 02:25:52 Image size of job updated: 778484
	321  -  MemoryUsage of job (MB)
	328040  -  ResidentSetSize of job (KB)
...
006 (453.972.000) 2022-04-07 02:30:52 Image size of job updated: 778740
	321  -  MemoryUsage of job (MB)
	328172  -  ResidentSetSize of job (KB)
...
006 (453.972.000) 2022-04-07 02:35:53 Image size of job updated: 778740
	321  -  MemoryUsage of job (MB)
	328436  -  ResidentSetSize of job (KB)
...
006 (453.972.000) 2022-04-07 02:40:54 Image size of job updated: 778996
	321  -  MemoryUsage of job (MB)
	328568  -  ResidentSetSize of job (KB)
...
006 (453.972.000) 2022-04-07 02:45:54 Image size of job updated: 779252
	321  -  MemoryUsage of job (MB)
	328700  -  ResidentSetSize of job (KB)
...
006 (453.972.000) 2022-04-07 02:50:54 Image size of job updated: 779252
	322  -  MemoryUsage of job (MB)
	328964  -  ResidentSetSize of job (KB)
...
006 (453.972.000) 2022-04-07 02:55:55 Image size of job updated: 779508
	322  -  MemoryUsage of job (MB)
	329096  -  ResidentSetSize of job (KB)
...
005 (453.972.000) 2022-04-07 02:59:45 Job terminated.
	(1) Normal termination (return value 0)
		Usr 0 03:18:16, Sys 0 00:00:23  -  Run Remote Usage
		Usr 0 00:00:00, Sys 0 00:00:00  -  Run Local Usage
		Usr 0 03:18:16, Sys 0 00:00:23  -  Total Remote Usage
		Usr 0 00:00:00, Sys 0 00:00:00  -  Total Local Usage
	0  -  Run Bytes Sent By Job
	0  -  Run Bytes Received By Job
	0  -  Total Bytes Sent By Job
	0  -  Total Bytes Received By Job
	Partitionable Resources :    Usage  Request Allocated 
	   Cpus                 :     1.00        1         1 
	   Disk (KB)            :  7500        7500     10998 
	   Memory (MB)          :   322        1024      1024 

	Job terminated of its own accord at 2022-04-07T00:59:45Z with exit-code 0.
...
