000 (453.951.000) 2022-04-05 18:55:40 Job submitted from host: <10.18.24.243:9618?addrs=10.18.24.243-9618&alias=ecoclusts01.bioclust.biologie.ens.fr&noUDP&sock=schedd_1052_29b8>
...
001 (453.951.000) 2022-04-06 23:00:40 Job executing on host: <10.18.24.178:9618?addrs=10.18.24.178-9618&alias=mcbsclust07.bioclust.biologie.ens.fr&noUDP&sock=startd_912_2276>
...
006 (453.951.000) 2022-04-06 23:00:49 Image size of job updated: 428056
	419  -  MemoryUsage of job (MB)
	428056  -  ResidentSetSize of job (KB)
...
006 (453.951.000) 2022-04-06 23:05:50 Image size of job updated: 741876
	419  -  MemoryUsage of job (MB)
	428056  -  ResidentSetSize of job (KB)
...
006 (453.951.000) 2022-04-06 23:10:51 Image size of job updated: 774644
	419  -  MemoryUsage of job (MB)
	428056  -  ResidentSetSize of job (KB)
...
006 (453.951.000) 2022-04-07 00:00:56 Image size of job updated: 774900
	419  -  MemoryUsage of job (MB)
	428056  -  ResidentSetSize of job (KB)
...
006 (453.951.000) 2022-04-07 00:10:57 Image size of job updated: 775156
	419  -  MemoryUsage of job (MB)
	428056  -  ResidentSetSize of job (KB)
...
006 (453.951.000) 2022-04-07 00:20:59 Image size of job updated: 775412
	419  -  MemoryUsage of job (MB)
	428056  -  ResidentSetSize of job (KB)
...
006 (453.951.000) 2022-04-07 00:30:59 Image size of job updated: 775668
	419  -  MemoryUsage of job (MB)
	428056  -  ResidentSetSize of job (KB)
...
006 (453.951.000) 2022-04-07 00:41:01 Image size of job updated: 775924
	419  -  MemoryUsage of job (MB)
	428056  -  ResidentSetSize of job (KB)
...
006 (453.951.000) 2022-04-07 00:51:01 Image size of job updated: 776180
	419  -  MemoryUsage of job (MB)
	428056  -  ResidentSetSize of job (KB)
...
006 (453.951.000) 2022-04-07 01:01:01 Image size of job updated: 776436
	419  -  MemoryUsage of job (MB)
	428056  -  ResidentSetSize of job (KB)
...
006 (453.951.000) 2022-04-07 01:11:02 Image size of job updated: 776692
	419  -  MemoryUsage of job (MB)
	428056  -  ResidentSetSize of job (KB)
...
006 (453.951.000) 2022-04-07 01:21:03 Image size of job updated: 776948
	419  -  MemoryUsage of job (MB)
	428056  -  ResidentSetSize of job (KB)
...
006 (453.951.000) 2022-04-07 01:46:06 Image size of job updated: 777204
	419  -  MemoryUsage of job (MB)
	428056  -  ResidentSetSize of job (KB)
...
006 (453.951.000) 2022-04-07 01:56:07 Image size of job updated: 777460
	419  -  MemoryUsage of job (MB)
	428056  -  ResidentSetSize of job (KB)
...
006 (453.951.000) 2022-04-07 02:11:08 Image size of job updated: 777716
	419  -  MemoryUsage of job (MB)
	428056  -  ResidentSetSize of job (KB)
...
006 (453.951.000) 2022-04-07 02:21:09 Image size of job updated: 777972
	419  -  MemoryUsage of job (MB)
	428056  -  ResidentSetSize of job (KB)
...
006 (453.951.000) 2022-04-07 02:31:10 Image size of job updated: 778228
	419  -  MemoryUsage of job (MB)
	428056  -  ResidentSetSize of job (KB)
...
006 (453.951.000) 2022-04-07 02:46:11 Image size of job updated: 778484
	419  -  MemoryUsage of job (MB)
	428056  -  ResidentSetSize of job (KB)
...
006 (453.951.000) 2022-04-07 02:56:12 Image size of job updated: 778740
	419  -  MemoryUsage of job (MB)
	428056  -  ResidentSetSize of job (KB)
...
006 (453.951.000) 2022-04-07 03:06:13 Image size of job updated: 778996
	419  -  MemoryUsage of job (MB)
	428056  -  ResidentSetSize of job (KB)
...
006 (453.951.000) 2022-04-07 03:21:15 Image size of job updated: 779252
	419  -  MemoryUsage of job (MB)
	428056  -  ResidentSetSize of job (KB)
...
006 (453.951.000) 2022-04-07 03:31:17 Image size of job updated: 779508
	419  -  MemoryUsage of job (MB)
	428056  -  ResidentSetSize of job (KB)
...
006 (453.951.000) 2022-04-07 03:41:08 Image size of job updated: 779764
	419  -  MemoryUsage of job (MB)
	428056  -  ResidentSetSize of job (KB)
...
005 (453.951.000) 2022-04-07 03:41:08 Job terminated.
	(1) Normal termination (return value 0)
		Usr 0 04:39:32, Sys 0 00:00:13  -  Run Remote Usage
		Usr 0 00:00:00, Sys 0 00:00:00  -  Run Local Usage
		Usr 0 04:39:32, Sys 0 00:00:13  -  Total Remote Usage
		Usr 0 00:00:00, Sys 0 00:00:00  -  Total Local Usage
	0  -  Run Bytes Sent By Job
	0  -  Run Bytes Received By Job
	0  -  Total Bytes Sent By Job
	0  -  Total Bytes Received By Job
	Partitionable Resources :    Usage  Request Allocated 
	   Cpus                 :     1.00        1         1 
	   Disk (KB)            :  7500        7500     11001 
	   Memory (MB)          :   419        1024      1024 

	Job terminated of its own accord at 2022-04-07T01:41:08Z with exit-code 0.
...
