000 (453.559.000) 2022-04-05 18:55:39 Job submitted from host: <10.18.24.243:9618?addrs=10.18.24.243-9618&alias=ecoclusts01.bioclust.biologie.ens.fr&noUDP&sock=schedd_1052_29b8>
...
001 (453.559.000) 2022-04-06 12:39:18 Job executing on host: <10.18.24.13:9618?addrs=10.18.24.13-9618&alias=bioclust13.bioclust.biologie.ens.fr&noUDP&sock=startd_1202_0ced>
...
006 (453.559.000) 2022-04-06 12:39:27 Image size of job updated: 197960
	64  -  MemoryUsage of job (MB)
	64916  -  ResidentSetSize of job (KB)
...
006 (453.559.000) 2022-04-06 12:44:28 Image size of job updated: 741624
	317  -  MemoryUsage of job (MB)
	324104  -  ResidentSetSize of job (KB)
...
006 (453.559.000) 2022-04-06 12:54:29 Image size of job updated: 774392
	317  -  MemoryUsage of job (MB)
	324104  -  ResidentSetSize of job (KB)
...
006 (453.559.000) 2022-04-06 13:49:35 Image size of job updated: 774648
	317  -  MemoryUsage of job (MB)
	324192  -  ResidentSetSize of job (KB)
...
006 (453.559.000) 2022-04-06 13:54:36 Image size of job updated: 774648
	317  -  MemoryUsage of job (MB)
	324324  -  ResidentSetSize of job (KB)
...
006 (453.559.000) 2022-04-06 13:59:36 Image size of job updated: 774904
	317  -  MemoryUsage of job (MB)
	324456  -  ResidentSetSize of job (KB)
...
006 (453.559.000) 2022-04-06 14:04:36 Image size of job updated: 774904
	317  -  MemoryUsage of job (MB)
	324588  -  ResidentSetSize of job (KB)
...
006 (453.559.000) 2022-04-06 14:09:37 Image size of job updated: 775160
	317  -  MemoryUsage of job (MB)
	324588  -  ResidentSetSize of job (KB)
...
006 (453.559.000) 2022-04-06 14:14:37 Image size of job updated: 775160
	318  -  MemoryUsage of job (MB)
	324720  -  ResidentSetSize of job (KB)
...
006 (453.559.000) 2022-04-06 14:19:37 Image size of job updated: 775160
	318  -  MemoryUsage of job (MB)
	324852  -  ResidentSetSize of job (KB)
...
006 (453.559.000) 2022-04-06 14:29:39 Image size of job updated: 775416
	318  -  MemoryUsage of job (MB)
	324984  -  ResidentSetSize of job (KB)
...
006 (453.559.000) 2022-04-06 14:34:39 Image size of job updated: 775416
	318  -  MemoryUsage of job (MB)
	325116  -  ResidentSetSize of job (KB)
...
006 (453.559.000) 2022-04-06 14:39:40 Image size of job updated: 775672
	318  -  MemoryUsage of job (MB)
	325116  -  ResidentSetSize of job (KB)
...
006 (453.559.000) 2022-04-06 14:44:41 Image size of job updated: 775672
	318  -  MemoryUsage of job (MB)
	325248  -  ResidentSetSize of job (KB)
...
006 (453.559.000) 2022-04-06 14:49:41 Image size of job updated: 775672
	318  -  MemoryUsage of job (MB)
	325380  -  ResidentSetSize of job (KB)
...
006 (453.559.000) 2022-04-06 14:54:41 Image size of job updated: 775928
	318  -  MemoryUsage of job (MB)
	325512  -  ResidentSetSize of job (KB)
...
006 (453.559.000) 2022-04-06 14:59:42 Image size of job updated: 775928
	319  -  MemoryUsage of job (MB)
	325644  -  ResidentSetSize of job (KB)
...
006 (453.559.000) 2022-04-06 15:04:42 Image size of job updated: 776184
	319  -  MemoryUsage of job (MB)
	325644  -  ResidentSetSize of job (KB)
...
006 (453.559.000) 2022-04-06 15:09:42 Image size of job updated: 776184
	319  -  MemoryUsage of job (MB)
	325776  -  ResidentSetSize of job (KB)
...
006 (453.559.000) 2022-04-06 15:14:43 Image size of job updated: 776440
	319  -  MemoryUsage of job (MB)
	325908  -  ResidentSetSize of job (KB)
...
006 (453.559.000) 2022-04-06 15:19:44 Image size of job updated: 776440
	319  -  MemoryUsage of job (MB)
	326172  -  ResidentSetSize of job (KB)
...
006 (453.559.000) 2022-04-06 15:24:44 Image size of job updated: 776696
	319  -  MemoryUsage of job (MB)
	326172  -  ResidentSetSize of job (KB)
...
006 (453.559.000) 2022-04-06 15:29:45 Image size of job updated: 776696
	319  -  MemoryUsage of job (MB)
	326304  -  ResidentSetSize of job (KB)
...
006 (453.559.000) 2022-04-06 15:34:46 Image size of job updated: 776952
	319  -  MemoryUsage of job (MB)
	326436  -  ResidentSetSize of job (KB)
...
006 (453.559.000) 2022-04-06 15:44:46 Image size of job updated: 776952
	319  -  MemoryUsage of job (MB)
	326568  -  ResidentSetSize of job (KB)
...
006 (453.559.000) 2022-04-06 15:59:47 Image size of job updated: 776952
	320  -  MemoryUsage of job (MB)
	326700  -  ResidentSetSize of job (KB)
...
006 (453.559.000) 2022-04-06 16:04:48 Image size of job updated: 777208
	320  -  MemoryUsage of job (MB)
	326832  -  ResidentSetSize of job (KB)
...
006 (453.559.000) 2022-04-06 16:14:48 Image size of job updated: 777464
	320  -  MemoryUsage of job (MB)
	326964  -  ResidentSetSize of job (KB)
...
006 (453.559.000) 2022-04-06 16:19:49 Image size of job updated: 777464
	320  -  MemoryUsage of job (MB)
	327096  -  ResidentSetSize of job (KB)
...
006 (453.559.000) 2022-04-06 16:24:50 Image size of job updated: 777464
	320  -  MemoryUsage of job (MB)
	327228  -  ResidentSetSize of job (KB)
...
006 (453.559.000) 2022-04-06 16:29:50 Image size of job updated: 777720
	320  -  MemoryUsage of job (MB)
	327228  -  ResidentSetSize of job (KB)
...
006 (453.559.000) 2022-04-06 16:34:51 Image size of job updated: 777720
	320  -  MemoryUsage of job (MB)
	327360  -  ResidentSetSize of job (KB)
...
006 (453.559.000) 2022-04-06 16:39:52 Image size of job updated: 777976
	320  -  MemoryUsage of job (MB)
	327492  -  ResidentSetSize of job (KB)
...
006 (453.559.000) 2022-04-06 16:49:52 Image size of job updated: 777976
	320  -  MemoryUsage of job (MB)
	327624  -  ResidentSetSize of job (KB)
...
006 (453.559.000) 2022-04-06 16:54:53 Image size of job updated: 778232
	321  -  MemoryUsage of job (MB)
	327756  -  ResidentSetSize of job (KB)
...
006 (453.559.000) 2022-04-06 16:59:53 Image size of job updated: 778232
	321  -  MemoryUsage of job (MB)
	327888  -  ResidentSetSize of job (KB)
...
006 (453.559.000) 2022-04-06 17:04:53 Image size of job updated: 778488
	321  -  MemoryUsage of job (MB)
	328020  -  ResidentSetSize of job (KB)
...
006 (453.559.000) 2022-04-06 17:09:54 Image size of job updated: 778488
	321  -  MemoryUsage of job (MB)
	328152  -  ResidentSetSize of job (KB)
...
006 (453.559.000) 2022-04-06 17:14:54 Image size of job updated: 778744
	321  -  MemoryUsage of job (MB)
	328284  -  ResidentSetSize of job (KB)
...
006 (453.559.000) 2022-04-06 17:24:56 Image size of job updated: 778744
	321  -  MemoryUsage of job (MB)
	328416  -  ResidentSetSize of job (KB)
...
006 (453.559.000) 2022-04-06 17:29:56 Image size of job updated: 779000
	321  -  MemoryUsage of job (MB)
	328548  -  ResidentSetSize of job (KB)
...
006 (453.559.000) 2022-04-06 17:34:56 Image size of job updated: 779000
	321  -  MemoryUsage of job (MB)
	328680  -  ResidentSetSize of job (KB)
...
006 (453.559.000) 2022-04-06 17:39:57 Image size of job updated: 779256
	321  -  MemoryUsage of job (MB)
	328680  -  ResidentSetSize of job (KB)
...
006 (453.559.000) 2022-04-06 17:44:58 Image size of job updated: 779256
	322  -  MemoryUsage of job (MB)
	328812  -  ResidentSetSize of job (KB)
...
006 (453.559.000) 2022-04-06 17:49:58 Image size of job updated: 779256
	322  -  MemoryUsage of job (MB)
	328944  -  ResidentSetSize of job (KB)
...
006 (453.559.000) 2022-04-06 17:54:58 Image size of job updated: 779512
	322  -  MemoryUsage of job (MB)
	329076  -  ResidentSetSize of job (KB)
...
006 (453.559.000) 2022-04-06 17:59:59 Image size of job updated: 779512
	322  -  MemoryUsage of job (MB)
	329208  -  ResidentSetSize of job (KB)
...
005 (453.559.000) 2022-04-06 18:02:54 Job terminated.
	(1) Normal termination (return value 0)
		Usr 0 05:22:12, Sys 0 00:00:31  -  Run Remote Usage
		Usr 0 00:00:00, Sys 0 00:00:00  -  Run Local Usage
		Usr 0 05:22:12, Sys 0 00:00:31  -  Total Remote Usage
		Usr 0 00:00:00, Sys 0 00:00:00  -  Total Local Usage
	0  -  Run Bytes Sent By Job
	0  -  Run Bytes Received By Job
	0  -  Total Bytes Sent By Job
	0  -  Total Bytes Received By Job
	Partitionable Resources :    Usage  Request Allocated 
	   Cpus                 :     1.00        1         1 
	   Disk (KB)            :  7500        7500     10998 
	   Memory (MB)          :   322        1024      1024 

	Job terminated of its own accord at 2022-04-06T16:02:54Z with exit-code 0.
...
