000 (453.728.000) 2022-04-05 18:55:39 Job submitted from host: <10.18.24.243:9618?addrs=10.18.24.243-9618&alias=ecoclusts01.bioclust.biologie.ens.fr&noUDP&sock=schedd_1052_29b8>
...
001 (453.728.000) 2022-04-06 16:20:46 Job executing on host: <10.18.24.134:9618?addrs=10.18.24.134-9618&alias=dyoclust07.bioclust.biologie.ens.fr&noUDP&sock=startd_808_cc9c>
...
006 (453.728.000) 2022-04-06 16:20:55 Image size of job updated: 103176
	101  -  MemoryUsage of job (MB)
	103176  -  ResidentSetSize of job (KB)
...
006 (453.728.000) 2022-04-06 16:25:55 Image size of job updated: 896308
	303  -  MemoryUsage of job (MB)
	309904  -  ResidentSetSize of job (KB)
...
006 (453.728.000) 2022-04-06 16:30:55 Image size of job updated: 896308
	317  -  MemoryUsage of job (MB)
	324372  -  ResidentSetSize of job (KB)
...
006 (453.728.000) 2022-04-06 17:00:59 Image size of job updated: 896308
	317  -  MemoryUsage of job (MB)
	324504  -  ResidentSetSize of job (KB)
...
006 (453.728.000) 2022-04-06 17:05:59 Image size of job updated: 896308
	318  -  MemoryUsage of job (MB)
	324636  -  ResidentSetSize of job (KB)
...
006 (453.728.000) 2022-04-06 17:10:59 Image size of job updated: 896308
	318  -  MemoryUsage of job (MB)
	324900  -  ResidentSetSize of job (KB)
...
006 (453.728.000) 2022-04-06 17:16:00 Image size of job updated: 896308
	318  -  MemoryUsage of job (MB)
	325032  -  ResidentSetSize of job (KB)
...
006 (453.728.000) 2022-04-06 17:21:01 Image size of job updated: 896308
	318  -  MemoryUsage of job (MB)
	325296  -  ResidentSetSize of job (KB)
...
006 (453.728.000) 2022-04-06 17:26:01 Image size of job updated: 896308
	318  -  MemoryUsage of job (MB)
	325428  -  ResidentSetSize of job (KB)
...
006 (453.728.000) 2022-04-06 17:31:01 Image size of job updated: 896308
	318  -  MemoryUsage of job (MB)
	325560  -  ResidentSetSize of job (KB)
...
006 (453.728.000) 2022-04-06 17:36:02 Image size of job updated: 896308
	319  -  MemoryUsage of job (MB)
	325824  -  ResidentSetSize of job (KB)
...
006 (453.728.000) 2022-04-06 17:41:02 Image size of job updated: 896308
	319  -  MemoryUsage of job (MB)
	325956  -  ResidentSetSize of job (KB)
...
006 (453.728.000) 2022-04-06 17:46:02 Image size of job updated: 896308
	319  -  MemoryUsage of job (MB)
	326220  -  ResidentSetSize of job (KB)
...
006 (453.728.000) 2022-04-06 17:51:03 Image size of job updated: 896308
	319  -  MemoryUsage of job (MB)
	326352  -  ResidentSetSize of job (KB)
...
006 (453.728.000) 2022-04-06 17:56:04 Image size of job updated: 896308
	319  -  MemoryUsage of job (MB)
	326616  -  ResidentSetSize of job (KB)
...
006 (453.728.000) 2022-04-06 18:11:06 Image size of job updated: 896308
	320  -  MemoryUsage of job (MB)
	326728  -  ResidentSetSize of job (KB)
...
006 (453.728.000) 2022-04-06 18:16:06 Image size of job updated: 896308
	320  -  MemoryUsage of job (MB)
	326860  -  ResidentSetSize of job (KB)
...
006 (453.728.000) 2022-04-06 18:21:06 Image size of job updated: 896308
	320  -  MemoryUsage of job (MB)
	326992  -  ResidentSetSize of job (KB)
...
006 (453.728.000) 2022-04-06 18:26:07 Image size of job updated: 896308
	320  -  MemoryUsage of job (MB)
	327256  -  ResidentSetSize of job (KB)
...
006 (453.728.000) 2022-04-06 18:31:08 Image size of job updated: 896308
	320  -  MemoryUsage of job (MB)
	327388  -  ResidentSetSize of job (KB)
...
006 (453.728.000) 2022-04-06 18:36:08 Image size of job updated: 896308
	320  -  MemoryUsage of job (MB)
	327520  -  ResidentSetSize of job (KB)
...
006 (453.728.000) 2022-04-06 18:41:08 Image size of job updated: 896308
	321  -  MemoryUsage of job (MB)
	327784  -  ResidentSetSize of job (KB)
...
006 (453.728.000) 2022-04-06 18:46:09 Image size of job updated: 896308
	321  -  MemoryUsage of job (MB)
	327916  -  ResidentSetSize of job (KB)
...
006 (453.728.000) 2022-04-06 18:51:10 Image size of job updated: 896308
	321  -  MemoryUsage of job (MB)
	328048  -  ResidentSetSize of job (KB)
...
006 (453.728.000) 2022-04-06 18:56:10 Image size of job updated: 896308
	321  -  MemoryUsage of job (MB)
	328312  -  ResidentSetSize of job (KB)
...
006 (453.728.000) 2022-04-06 19:01:10 Image size of job updated: 896308
	321  -  MemoryUsage of job (MB)
	328444  -  ResidentSetSize of job (KB)
...
006 (453.728.000) 2022-04-06 19:06:11 Image size of job updated: 896308
	321  -  MemoryUsage of job (MB)
	328576  -  ResidentSetSize of job (KB)
...
006 (453.728.000) 2022-04-06 19:11:11 Image size of job updated: 896308
	322  -  MemoryUsage of job (MB)
	328708  -  ResidentSetSize of job (KB)
...
006 (453.728.000) 2022-04-06 19:16:11 Image size of job updated: 896308
	322  -  MemoryUsage of job (MB)
	328972  -  ResidentSetSize of job (KB)
...
006 (453.728.000) 2022-04-06 19:21:12 Image size of job updated: 896308
	322  -  MemoryUsage of job (MB)
	329104  -  ResidentSetSize of job (KB)
...
006 (453.728.000) 2022-04-06 19:26:13 Image size of job updated: 896308
	322  -  MemoryUsage of job (MB)
	329236  -  ResidentSetSize of job (KB)
...
005 (453.728.000) 2022-04-06 19:26:59 Job terminated.
	(1) Normal termination (return value 0)
		Usr 0 03:05:38, Sys 0 00:00:28  -  Run Remote Usage
		Usr 0 00:00:00, Sys 0 00:00:00  -  Run Local Usage
		Usr 0 03:05:38, Sys 0 00:00:28  -  Total Remote Usage
		Usr 0 00:00:00, Sys 0 00:00:00  -  Total Local Usage
	0  -  Run Bytes Sent By Job
	0  -  Run Bytes Received By Job
	0  -  Total Bytes Sent By Job
	0  -  Total Bytes Received By Job
	Partitionable Resources :    Usage  Request Allocated 
	   Cpus                 :     1.00        1         1 
	   Disk (KB)            :  7500        7500     10998 
	   Memory (MB)          :   322        1024      1024 

	Job terminated of its own accord at 2022-04-06T17:26:59Z with exit-code 0.
...
