000 (453.288.000) 2022-04-05 18:55:37 Job submitted from host: <10.18.24.243:9618?addrs=10.18.24.243-9618&alias=ecoclusts01.bioclust.biologie.ens.fr&noUDP&sock=schedd_1052_29b8>
...
001 (453.288.000) 2022-04-06 08:23:07 Job executing on host: <10.18.24.176:9618?addrs=10.18.24.176-9618&alias=mcbsclust05.bioclust.biologie.ens.fr&noUDP&sock=startd_869_a3e3>
...
006 (453.288.000) 2022-04-06 08:23:16 Image size of job updated: 425484
	416  -  MemoryUsage of job (MB)
	425484  -  ResidentSetSize of job (KB)
...
006 (453.288.000) 2022-04-06 08:28:17 Image size of job updated: 741876
	416  -  MemoryUsage of job (MB)
	425484  -  ResidentSetSize of job (KB)
...
006 (453.288.000) 2022-04-06 08:33:17 Image size of job updated: 792504
	416  -  MemoryUsage of job (MB)
	425484  -  ResidentSetSize of job (KB)
...
005 (453.288.000) 2022-04-06 12:52:28 Job terminated.
	(1) Normal termination (return value 0)
		Usr 0 04:28:29, Sys 0 00:00:15  -  Run Remote Usage
		Usr 0 00:00:00, Sys 0 00:00:00  -  Run Local Usage
		Usr 0 04:28:29, Sys 0 00:00:15  -  Total Remote Usage
		Usr 0 00:00:00, Sys 0 00:00:00  -  Total Local Usage
	0  -  Run Bytes Sent By Job
	0  -  Run Bytes Received By Job
	0  -  Total Bytes Sent By Job
	0  -  Total Bytes Received By Job
	Partitionable Resources :    Usage  Request Allocated 
	   Cpus                 :     1.00        1         1 
	   Disk (KB)            :  7500        7500     11001 
	   Memory (MB)          :   416        1024      1024 

	Job terminated of its own accord at 2022-04-06T10:52:28Z with exit-code 0.
...
