000 (453.664.000) 2022-04-05 18:55:39 Job submitted from host: <10.18.24.243:9618?addrs=10.18.24.243-9618&alias=ecoclusts01.bioclust.biologie.ens.fr&noUDP&sock=schedd_1052_29b8>
...
001 (453.664.000) 2022-04-06 14:45:51 Job executing on host: <10.18.24.135:9618?addrs=10.18.24.135-9618&alias=dyoclust08.bioclust.biologie.ens.fr&noUDP&sock=startd_793_82b1>
...
006 (453.664.000) 2022-04-06 14:46:00 Image size of job updated: 325188
	254  -  MemoryUsage of job (MB)
	259108  -  ResidentSetSize of job (KB)
...
006 (453.664.000) 2022-04-06 14:51:01 Image size of job updated: 741624
	317  -  MemoryUsage of job (MB)
	324136  -  ResidentSetSize of job (KB)
...
006 (453.664.000) 2022-04-06 14:56:01 Image size of job updated: 774392
	317  -  MemoryUsage of job (MB)
	324136  -  ResidentSetSize of job (KB)
...
006 (453.664.000) 2022-04-06 16:01:08 Image size of job updated: 774648
	317  -  MemoryUsage of job (MB)
	324136  -  ResidentSetSize of job (KB)
...
006 (453.664.000) 2022-04-06 16:11:09 Image size of job updated: 774648
	317  -  MemoryUsage of job (MB)
	324224  -  ResidentSetSize of job (KB)
...
006 (453.664.000) 2022-04-06 16:36:12 Image size of job updated: 774648
	317  -  MemoryUsage of job (MB)
	324356  -  ResidentSetSize of job (KB)
...
006 (453.664.000) 2022-04-06 16:46:12 Image size of job updated: 774904
	317  -  MemoryUsage of job (MB)
	324356  -  ResidentSetSize of job (KB)
...
006 (453.664.000) 2022-04-06 16:56:13 Image size of job updated: 774904
	317  -  MemoryUsage of job (MB)
	324488  -  ResidentSetSize of job (KB)
...
006 (453.664.000) 2022-04-06 17:31:16 Image size of job updated: 774904
	318  -  MemoryUsage of job (MB)
	324620  -  ResidentSetSize of job (KB)
...
006 (453.664.000) 2022-04-06 17:41:17 Image size of job updated: 775160
	318  -  MemoryUsage of job (MB)
	324620  -  ResidentSetSize of job (KB)
...
006 (453.664.000) 2022-04-06 17:56:19 Image size of job updated: 775160
	318  -  MemoryUsage of job (MB)
	324752  -  ResidentSetSize of job (KB)
...
006 (453.664.000) 2022-04-06 18:21:21 Image size of job updated: 775160
	318  -  MemoryUsage of job (MB)
	324884  -  ResidentSetSize of job (KB)
...
006 (453.664.000) 2022-04-06 18:36:23 Image size of job updated: 775416
	318  -  MemoryUsage of job (MB)
	324884  -  ResidentSetSize of job (KB)
...
006 (453.664.000) 2022-04-06 18:56:25 Image size of job updated: 775416
	318  -  MemoryUsage of job (MB)
	325016  -  ResidentSetSize of job (KB)
...
006 (453.664.000) 2022-04-06 19:16:27 Image size of job updated: 775416
	318  -  MemoryUsage of job (MB)
	325148  -  ResidentSetSize of job (KB)
...
006 (453.664.000) 2022-04-06 19:26:27 Image size of job updated: 775672
	318  -  MemoryUsage of job (MB)
	325148  -  ResidentSetSize of job (KB)
...
006 (453.664.000) 2022-04-06 19:41:29 Image size of job updated: 775672
	318  -  MemoryUsage of job (MB)
	325280  -  ResidentSetSize of job (KB)
...
006 (453.664.000) 2022-04-06 20:01:31 Image size of job updated: 775672
	318  -  MemoryUsage of job (MB)
	325412  -  ResidentSetSize of job (KB)
...
006 (453.664.000) 2022-04-06 20:11:32 Image size of job updated: 775928
	318  -  MemoryUsage of job (MB)
	325412  -  ResidentSetSize of job (KB)
...
006 (453.664.000) 2022-04-06 20:31:34 Image size of job updated: 775928
	318  -  MemoryUsage of job (MB)
	325544  -  ResidentSetSize of job (KB)
...
006 (453.664.000) 2022-04-06 20:56:37 Image size of job updated: 775928
	319  -  MemoryUsage of job (MB)
	325676  -  ResidentSetSize of job (KB)
...
006 (453.664.000) 2022-04-06 21:01:37 Image size of job updated: 776184
	319  -  MemoryUsage of job (MB)
	325676  -  ResidentSetSize of job (KB)
...
006 (453.664.000) 2022-04-06 21:16:39 Image size of job updated: 776184
	319  -  MemoryUsage of job (MB)
	325808  -  ResidentSetSize of job (KB)
...
006 (453.664.000) 2022-04-06 21:36:41 Image size of job updated: 776184
	319  -  MemoryUsage of job (MB)
	325940  -  ResidentSetSize of job (KB)
...
006 (453.664.000) 2022-04-06 21:41:41 Image size of job updated: 776440
	319  -  MemoryUsage of job (MB)
	325940  -  ResidentSetSize of job (KB)
...
006 (453.664.000) 2022-04-06 22:01:43 Image size of job updated: 776440
	319  -  MemoryUsage of job (MB)
	326072  -  ResidentSetSize of job (KB)
...
006 (453.664.000) 2022-04-06 22:21:45 Image size of job updated: 776440
	319  -  MemoryUsage of job (MB)
	326204  -  ResidentSetSize of job (KB)
...
006 (453.664.000) 2022-04-06 22:26:45 Image size of job updated: 776696
	319  -  MemoryUsage of job (MB)
	326204  -  ResidentSetSize of job (KB)
...
006 (453.664.000) 2022-04-06 22:41:47 Image size of job updated: 776696
	319  -  MemoryUsage of job (MB)
	326336  -  ResidentSetSize of job (KB)
...
006 (453.664.000) 2022-04-06 23:06:49 Image size of job updated: 776952
	319  -  MemoryUsage of job (MB)
	326468  -  ResidentSetSize of job (KB)
...
006 (453.664.000) 2022-04-06 23:26:51 Image size of job updated: 776952
	319  -  MemoryUsage of job (MB)
	326600  -  ResidentSetSize of job (KB)
...
006 (453.664.000) 2022-04-07 00:46:58 Image size of job updated: 777208
	320  -  MemoryUsage of job (MB)
	326728  -  ResidentSetSize of job (KB)
...
006 (453.664.000) 2022-04-07 01:07:00 Image size of job updated: 777208
	320  -  MemoryUsage of job (MB)
	326860  -  ResidentSetSize of job (KB)
...
006 (453.664.000) 2022-04-07 01:32:03 Image size of job updated: 777464
	320  -  MemoryUsage of job (MB)
	326992  -  ResidentSetSize of job (KB)
...
006 (453.664.000) 2022-04-07 01:57:05 Image size of job updated: 777464
	320  -  MemoryUsage of job (MB)
	327124  -  ResidentSetSize of job (KB)
...
006 (453.664.000) 2022-04-07 02:17:07 Image size of job updated: 777720
	320  -  MemoryUsage of job (MB)
	327256  -  ResidentSetSize of job (KB)
...
006 (453.664.000) 2022-04-07 02:42:09 Image size of job updated: 777720
	320  -  MemoryUsage of job (MB)
	327388  -  ResidentSetSize of job (KB)
...
006 (453.664.000) 2022-04-07 03:02:11 Image size of job updated: 777976
	320  -  MemoryUsage of job (MB)
	327520  -  ResidentSetSize of job (KB)
...
006 (453.664.000) 2022-04-07 03:32:15 Image size of job updated: 777976
	320  -  MemoryUsage of job (MB)
	327652  -  ResidentSetSize of job (KB)
...
006 (453.664.000) 2022-04-07 03:52:17 Image size of job updated: 778232
	320  -  MemoryUsage of job (MB)
	327652  -  ResidentSetSize of job (KB)
...
006 (453.664.000) 2022-04-07 03:57:17 Image size of job updated: 778232
	321  -  MemoryUsage of job (MB)
	327784  -  ResidentSetSize of job (KB)
...
006 (453.664.000) 2022-04-07 04:17:19 Image size of job updated: 778232
	321  -  MemoryUsage of job (MB)
	327916  -  ResidentSetSize of job (KB)
...
006 (453.664.000) 2022-04-07 04:37:21 Image size of job updated: 778488
	321  -  MemoryUsage of job (MB)
	327916  -  ResidentSetSize of job (KB)
...
006 (453.664.000) 2022-04-07 04:42:21 Image size of job updated: 778488
	321  -  MemoryUsage of job (MB)
	328048  -  ResidentSetSize of job (KB)
...
006 (453.664.000) 2022-04-07 05:02:23 Image size of job updated: 778488
	321  -  MemoryUsage of job (MB)
	328180  -  ResidentSetSize of job (KB)
...
006 (453.664.000) 2022-04-07 05:22:25 Image size of job updated: 778744
	321  -  MemoryUsage of job (MB)
	328180  -  ResidentSetSize of job (KB)
...
006 (453.664.000) 2022-04-07 05:32:27 Image size of job updated: 778744
	321  -  MemoryUsage of job (MB)
	328312  -  ResidentSetSize of job (KB)
...
006 (453.664.000) 2022-04-07 05:57:29 Image size of job updated: 778744
	321  -  MemoryUsage of job (MB)
	328444  -  ResidentSetSize of job (KB)
...
006 (453.664.000) 2022-04-07 06:12:31 Image size of job updated: 779000
	321  -  MemoryUsage of job (MB)
	328444  -  ResidentSetSize of job (KB)
...
006 (453.664.000) 2022-04-07 06:17:31 Image size of job updated: 779000
	321  -  MemoryUsage of job (MB)
	328576  -  ResidentSetSize of job (KB)
...
006 (453.664.000) 2022-04-07 06:47:34 Image size of job updated: 779000
	322  -  MemoryUsage of job (MB)
	328708  -  ResidentSetSize of job (KB)
...
006 (453.664.000) 2022-04-07 06:57:36 Image size of job updated: 779256
	322  -  MemoryUsage of job (MB)
	328708  -  ResidentSetSize of job (KB)
...
006 (453.664.000) 2022-04-07 07:07:36 Image size of job updated: 779256
	322  -  MemoryUsage of job (MB)
	328840  -  ResidentSetSize of job (KB)
...
006 (453.664.000) 2022-04-07 07:32:39 Image size of job updated: 779256
	322  -  MemoryUsage of job (MB)
	328972  -  ResidentSetSize of job (KB)
...
006 (453.664.000) 2022-04-07 07:47:40 Image size of job updated: 779512
	322  -  MemoryUsage of job (MB)
	328972  -  ResidentSetSize of job (KB)
...
006 (453.664.000) 2022-04-07 07:57:43 Image size of job updated: 779512
	322  -  MemoryUsage of job (MB)
	329104  -  ResidentSetSize of job (KB)
...
006 (453.664.000) 2022-04-07 08:17:46 Image size of job updated: 779512
	322  -  MemoryUsage of job (MB)
	329236  -  ResidentSetSize of job (KB)
...
006 (453.664.000) 2022-04-07 08:32:47 Image size of job updated: 779768
	322  -  MemoryUsage of job (MB)
	329236  -  ResidentSetSize of job (KB)
...
005 (453.664.000) 2022-04-07 08:37:21 Job terminated.
	(1) Normal termination (return value 0)
		Usr 0 17:50:29, Sys 0 00:00:29  -  Run Remote Usage
		Usr 0 00:00:00, Sys 0 00:00:00  -  Run Local Usage
		Usr 0 17:50:29, Sys 0 00:00:29  -  Total Remote Usage
		Usr 0 00:00:00, Sys 0 00:00:00  -  Total Local Usage
	0  -  Run Bytes Sent By Job
	0  -  Run Bytes Received By Job
	0  -  Total Bytes Sent By Job
	0  -  Total Bytes Received By Job
	Partitionable Resources :    Usage  Request Allocated 
	   Cpus                 :     1.00        1         1 
	   Disk (KB)            :  7500        7500     10998 
	   Memory (MB)          :   322        1024      1024 

	Job terminated of its own accord at 2022-04-07T06:37:21Z with exit-code 0.
...
