000 (453.069.000) 2022-04-05 18:55:36 Job submitted from host: <10.18.24.243:9618?addrs=10.18.24.243-9618&alias=ecoclusts01.bioclust.biologie.ens.fr&noUDP&sock=schedd_1052_29b8>
...
001 (453.069.000) 2022-04-06 05:09:59 Job executing on host: <10.18.24.141:9618?addrs=10.18.24.141-9618&alias=dyoclust14.bioclust.biologie.ens.fr&noUDP&sock=startd_801_ff73>
...
006 (453.069.000) 2022-04-06 05:10:08 Image size of job updated: 213564
	209  -  MemoryUsage of job (MB)
	213564  -  ResidentSetSize of job (KB)
...
006 (453.069.000) 2022-04-06 05:15:08 Image size of job updated: 896308
	317  -  MemoryUsage of job (MB)
	324088  -  ResidentSetSize of job (KB)
...
006 (453.069.000) 2022-04-06 05:45:12 Image size of job updated: 896308
	317  -  MemoryUsage of job (MB)
	324176  -  ResidentSetSize of job (KB)
...
006 (453.069.000) 2022-04-06 05:50:12 Image size of job updated: 896308
	317  -  MemoryUsage of job (MB)
	324308  -  ResidentSetSize of job (KB)
...
006 (453.069.000) 2022-04-06 05:55:13 Image size of job updated: 896308
	317  -  MemoryUsage of job (MB)
	324572  -  ResidentSetSize of job (KB)
...
006 (453.069.000) 2022-04-06 06:00:14 Image size of job updated: 896308
	318  -  MemoryUsage of job (MB)
	324704  -  ResidentSetSize of job (KB)
...
006 (453.069.000) 2022-04-06 06:05:14 Image size of job updated: 896308
	318  -  MemoryUsage of job (MB)
	324836  -  ResidentSetSize of job (KB)
...
006 (453.069.000) 2022-04-06 06:10:15 Image size of job updated: 896308
	318  -  MemoryUsage of job (MB)
	324968  -  ResidentSetSize of job (KB)
...
006 (453.069.000) 2022-04-06 06:15:16 Image size of job updated: 896308
	318  -  MemoryUsage of job (MB)
	325100  -  ResidentSetSize of job (KB)
...
006 (453.069.000) 2022-04-06 06:20:16 Image size of job updated: 896308
	318  -  MemoryUsage of job (MB)
	325364  -  ResidentSetSize of job (KB)
...
006 (453.069.000) 2022-04-06 06:25:16 Image size of job updated: 896308
	318  -  MemoryUsage of job (MB)
	325496  -  ResidentSetSize of job (KB)
...
006 (453.069.000) 2022-04-06 06:30:17 Image size of job updated: 896308
	318  -  MemoryUsage of job (MB)
	325628  -  ResidentSetSize of job (KB)
...
006 (453.069.000) 2022-04-06 06:35:18 Image size of job updated: 896308
	319  -  MemoryUsage of job (MB)
	325760  -  ResidentSetSize of job (KB)
...
006 (453.069.000) 2022-04-06 06:40:18 Image size of job updated: 896308
	319  -  MemoryUsage of job (MB)
	325892  -  ResidentSetSize of job (KB)
...
006 (453.069.000) 2022-04-06 06:45:19 Image size of job updated: 896308
	319  -  MemoryUsage of job (MB)
	326156  -  ResidentSetSize of job (KB)
...
006 (453.069.000) 2022-04-06 06:50:20 Image size of job updated: 896308
	319  -  MemoryUsage of job (MB)
	326288  -  ResidentSetSize of job (KB)
...
006 (453.069.000) 2022-04-06 06:55:20 Image size of job updated: 896308
	319  -  MemoryUsage of job (MB)
	326420  -  ResidentSetSize of job (KB)
...
006 (453.069.000) 2022-04-06 07:00:20 Image size of job updated: 896308
	319  -  MemoryUsage of job (MB)
	326552  -  ResidentSetSize of job (KB)
...
006 (453.069.000) 2022-04-06 07:15:22 Image size of job updated: 896308
	320  -  MemoryUsage of job (MB)
	326816  -  ResidentSetSize of job (KB)
...
006 (453.069.000) 2022-04-06 07:20:23 Image size of job updated: 896308
	320  -  MemoryUsage of job (MB)
	326948  -  ResidentSetSize of job (KB)
...
006 (453.069.000) 2022-04-06 07:25:24 Image size of job updated: 896308
	320  -  MemoryUsage of job (MB)
	327080  -  ResidentSetSize of job (KB)
...
006 (453.069.000) 2022-04-06 07:30:24 Image size of job updated: 896308
	320  -  MemoryUsage of job (MB)
	327212  -  ResidentSetSize of job (KB)
...
006 (453.069.000) 2022-04-06 07:35:24 Image size of job updated: 896308
	320  -  MemoryUsage of job (MB)
	327344  -  ResidentSetSize of job (KB)
...
006 (453.069.000) 2022-04-06 07:40:26 Image size of job updated: 896308
	320  -  MemoryUsage of job (MB)
	327476  -  ResidentSetSize of job (KB)
...
006 (453.069.000) 2022-04-06 07:45:26 Image size of job updated: 896308
	320  -  MemoryUsage of job (MB)
	327608  -  ResidentSetSize of job (KB)
...
006 (453.069.000) 2022-04-06 07:50:26 Image size of job updated: 896308
	321  -  MemoryUsage of job (MB)
	327872  -  ResidentSetSize of job (KB)
...
006 (453.069.000) 2022-04-06 07:55:27 Image size of job updated: 896308
	321  -  MemoryUsage of job (MB)
	328004  -  ResidentSetSize of job (KB)
...
006 (453.069.000) 2022-04-06 08:00:28 Image size of job updated: 896308
	321  -  MemoryUsage of job (MB)
	328136  -  ResidentSetSize of job (KB)
...
006 (453.069.000) 2022-04-06 08:05:28 Image size of job updated: 896308
	321  -  MemoryUsage of job (MB)
	328268  -  ResidentSetSize of job (KB)
...
006 (453.069.000) 2022-04-06 08:10:28 Image size of job updated: 896308
	321  -  MemoryUsage of job (MB)
	328400  -  ResidentSetSize of job (KB)
...
006 (453.069.000) 2022-04-06 08:15:29 Image size of job updated: 896308
	321  -  MemoryUsage of job (MB)
	328532  -  ResidentSetSize of job (KB)
...
006 (453.069.000) 2022-04-06 08:20:30 Image size of job updated: 896308
	322  -  MemoryUsage of job (MB)
	328796  -  ResidentSetSize of job (KB)
...
006 (453.069.000) 2022-04-06 08:25:30 Image size of job updated: 896308
	322  -  MemoryUsage of job (MB)
	328928  -  ResidentSetSize of job (KB)
...
006 (453.069.000) 2022-04-06 08:30:31 Image size of job updated: 896308
	322  -  MemoryUsage of job (MB)
	329060  -  ResidentSetSize of job (KB)
...
006 (453.069.000) 2022-04-06 08:35:32 Image size of job updated: 896308
	322  -  MemoryUsage of job (MB)
	329192  -  ResidentSetSize of job (KB)
...
005 (453.069.000) 2022-04-06 08:37:51 Job terminated.
	(1) Normal termination (return value 0)
		Usr 0 03:25:59, Sys 0 00:00:28  -  Run Remote Usage
		Usr 0 00:00:00, Sys 0 00:00:00  -  Run Local Usage
		Usr 0 03:25:59, Sys 0 00:00:28  -  Total Remote Usage
		Usr 0 00:00:00, Sys 0 00:00:00  -  Total Local Usage
	0  -  Run Bytes Sent By Job
	0  -  Run Bytes Received By Job
	0  -  Total Bytes Sent By Job
	0  -  Total Bytes Received By Job
	Partitionable Resources :    Usage  Request Allocated 
	   Cpus                 :     1.00        1         1 
	   Disk (KB)            :  7500        7500     10998 
	   Memory (MB)          :   322        1024      1024 

	Job terminated of its own accord at 2022-04-06T06:37:51Z with exit-code 0.
...
