000 (453.484.000) 2022-04-05 18:55:38 Job submitted from host: <10.18.24.243:9618?addrs=10.18.24.243-9618&alias=ecoclusts01.bioclust.biologie.ens.fr&noUDP&sock=schedd_1052_29b8>
...
001 (453.484.000) 2022-04-06 11:30:07 Job executing on host: <10.18.24.136:9618?addrs=10.18.24.136-9618&alias=dyoclust09.bioclust.biologie.ens.fr&noUDP&sock=startd_808_cc9c>
...
006 (453.484.000) 2022-04-06 11:30:16 Image size of job updated: 615864
	353  -  MemoryUsage of job (MB)
	361276  -  ResidentSetSize of job (KB)
...
006 (453.484.000) 2022-04-06 11:35:17 Image size of job updated: 741624
	353  -  MemoryUsage of job (MB)
	361408  -  ResidentSetSize of job (KB)
...
006 (453.484.000) 2022-04-06 11:40:17 Image size of job updated: 774392
	353  -  MemoryUsage of job (MB)
	361408  -  ResidentSetSize of job (KB)
...
006 (453.484.000) 2022-04-06 12:00:18 Image size of job updated: 774648
	353  -  MemoryUsage of job (MB)
	361408  -  ResidentSetSize of job (KB)
...
006 (453.484.000) 2022-04-06 12:05:19 Image size of job updated: 774904
	353  -  MemoryUsage of job (MB)
	361408  -  ResidentSetSize of job (KB)
...
006 (453.484.000) 2022-04-06 12:10:20 Image size of job updated: 775160
	353  -  MemoryUsage of job (MB)
	361408  -  ResidentSetSize of job (KB)
...
006 (453.484.000) 2022-04-06 12:20:21 Image size of job updated: 775416
	353  -  MemoryUsage of job (MB)
	361408  -  ResidentSetSize of job (KB)
...
006 (453.484.000) 2022-04-06 12:25:22 Image size of job updated: 775672
	353  -  MemoryUsage of job (MB)
	361408  -  ResidentSetSize of job (KB)
...
006 (453.484.000) 2022-04-06 12:30:22 Image size of job updated: 775928
	353  -  MemoryUsage of job (MB)
	361408  -  ResidentSetSize of job (KB)
...
006 (453.484.000) 2022-04-06 12:35:22 Image size of job updated: 776184
	353  -  MemoryUsage of job (MB)
	361408  -  ResidentSetSize of job (KB)
...
006 (453.484.000) 2022-04-06 12:40:23 Image size of job updated: 776440
	353  -  MemoryUsage of job (MB)
	361408  -  ResidentSetSize of job (KB)
...
006 (453.484.000) 2022-04-06 12:45:24 Image size of job updated: 776696
	353  -  MemoryUsage of job (MB)
	361408  -  ResidentSetSize of job (KB)
...
006 (453.484.000) 2022-04-06 12:55:25 Image size of job updated: 776952
	353  -  MemoryUsage of job (MB)
	361408  -  ResidentSetSize of job (KB)
...
006 (453.484.000) 2022-04-06 13:05:26 Image size of job updated: 777208
	353  -  MemoryUsage of job (MB)
	361408  -  ResidentSetSize of job (KB)
...
006 (453.484.000) 2022-04-06 13:15:27 Image size of job updated: 777464
	353  -  MemoryUsage of job (MB)
	361408  -  ResidentSetSize of job (KB)
...
006 (453.484.000) 2022-04-06 13:20:28 Image size of job updated: 777720
	353  -  MemoryUsage of job (MB)
	361408  -  ResidentSetSize of job (KB)
...
006 (453.484.000) 2022-04-06 13:30:29 Image size of job updated: 777976
	353  -  MemoryUsage of job (MB)
	361408  -  ResidentSetSize of job (KB)
...
006 (453.484.000) 2022-04-06 13:35:30 Image size of job updated: 778232
	353  -  MemoryUsage of job (MB)
	361408  -  ResidentSetSize of job (KB)
...
006 (453.484.000) 2022-04-06 13:45:30 Image size of job updated: 778488
	353  -  MemoryUsage of job (MB)
	361408  -  ResidentSetSize of job (KB)
...
006 (453.484.000) 2022-04-06 13:50:31 Image size of job updated: 778744
	353  -  MemoryUsage of job (MB)
	361408  -  ResidentSetSize of job (KB)
...
006 (453.484.000) 2022-04-06 13:55:32 Image size of job updated: 779000
	353  -  MemoryUsage of job (MB)
	361408  -  ResidentSetSize of job (KB)
...
006 (453.484.000) 2022-04-06 14:05:33 Image size of job updated: 779256
	353  -  MemoryUsage of job (MB)
	361408  -  ResidentSetSize of job (KB)
...
006 (453.484.000) 2022-04-06 14:10:34 Image size of job updated: 779512
	353  -  MemoryUsage of job (MB)
	361408  -  ResidentSetSize of job (KB)
...
006 (453.484.000) 2022-04-06 14:17:55 Image size of job updated: 779768
	353  -  MemoryUsage of job (MB)
	361408  -  ResidentSetSize of job (KB)
...
005 (453.484.000) 2022-04-06 14:17:55 Job terminated.
	(1) Normal termination (return value 0)
		Usr 0 02:46:34, Sys 0 00:00:28  -  Run Remote Usage
		Usr 0 00:00:00, Sys 0 00:00:00  -  Run Local Usage
		Usr 0 02:46:34, Sys 0 00:00:28  -  Total Remote Usage
		Usr 0 00:00:00, Sys 0 00:00:00  -  Total Local Usage
	0  -  Run Bytes Sent By Job
	0  -  Run Bytes Received By Job
	0  -  Total Bytes Sent By Job
	0  -  Total Bytes Received By Job
	Partitionable Resources :    Usage  Request Allocated 
	   Cpus                 :     1.00        1         1 
	   Disk (KB)            :  7500        7500     10998 
	   Memory (MB)          :   353        1024      1024 

	Job terminated of its own accord at 2022-04-06T12:17:55Z with exit-code 0.
...
