000 (453.754.000) 2022-04-05 18:55:39 Job submitted from host: <10.18.24.243:9618?addrs=10.18.24.243-9618&alias=ecoclusts01.bioclust.biologie.ens.fr&noUDP&sock=schedd_1052_29b8>
...
001 (453.754.000) 2022-04-06 17:15:13 Job executing on host: <10.18.24.174:9618?addrs=10.18.24.174-9618&alias=mcbsclust03.bioclust.biologie.ens.fr&noUDP&sock=startd_937_4854>
...
006 (453.754.000) 2022-04-06 17:15:22 Image size of job updated: 427976
	418  -  MemoryUsage of job (MB)
	427976  -  ResidentSetSize of job (KB)
...
006 (453.754.000) 2022-04-06 17:20:23 Image size of job updated: 741876
	418  -  MemoryUsage of job (MB)
	427976  -  ResidentSetSize of job (KB)
...
005 (453.754.000) 2022-04-06 17:24:47 Job terminated.
	(1) Normal termination (return value 0)
		Usr 0 00:09:16, Sys 0 00:00:13  -  Run Remote Usage
		Usr 0 00:00:00, Sys 0 00:00:00  -  Run Local Usage
		Usr 0 00:09:16, Sys 0 00:00:13  -  Total Remote Usage
		Usr 0 00:00:00, Sys 0 00:00:00  -  Total Local Usage
	0  -  Run Bytes Sent By Job
	0  -  Run Bytes Received By Job
	0  -  Total Bytes Sent By Job
	0  -  Total Bytes Received By Job
	Partitionable Resources :    Usage  Request Allocated 
	   Cpus                 :     1.00        1         1 
	   Disk (KB)            :  7500        7500     10998 
	   Memory (MB)          :   418        1024      1024 

	Job terminated of its own accord at 2022-04-06T15:24:47Z with exit-code 0.
...
