000 (453.821.000) 2022-04-05 18:55:40 Job submitted from host: <10.18.24.243:9618?addrs=10.18.24.243-9618&alias=ecoclusts01.bioclust.biologie.ens.fr&noUDP&sock=schedd_1052_29b8>
...
001 (453.821.000) 2022-04-06 18:30:56 Job executing on host: <10.18.24.13:9618?addrs=10.18.24.13-9618&alias=bioclust13.bioclust.biologie.ens.fr&noUDP&sock=startd_1202_0ced>
...
006 (453.821.000) 2022-04-06 18:31:04 Image size of job updated: 196400
	64  -  MemoryUsage of job (MB)
	64796  -  ResidentSetSize of job (KB)
...
006 (453.821.000) 2022-04-06 18:36:04 Image size of job updated: 741624
	270  -  MemoryUsage of job (MB)
	276352  -  ResidentSetSize of job (KB)
...
006 (453.821.000) 2022-04-06 18:41:05 Image size of job updated: 774392
	317  -  MemoryUsage of job (MB)
	324128  -  ResidentSetSize of job (KB)
...
006 (453.821.000) 2022-04-06 19:36:12 Image size of job updated: 774648
	317  -  MemoryUsage of job (MB)
	324260  -  ResidentSetSize of job (KB)
...
006 (453.821.000) 2022-04-06 19:41:12 Image size of job updated: 774904
	317  -  MemoryUsage of job (MB)
	324392  -  ResidentSetSize of job (KB)
...
006 (453.821.000) 2022-04-06 19:46:12 Image size of job updated: 774904
	317  -  MemoryUsage of job (MB)
	324524  -  ResidentSetSize of job (KB)
...
006 (453.821.000) 2022-04-06 19:51:13 Image size of job updated: 775160
	318  -  MemoryUsage of job (MB)
	324656  -  ResidentSetSize of job (KB)
...
006 (453.821.000) 2022-04-06 19:56:14 Image size of job updated: 775160
	318  -  MemoryUsage of job (MB)
	324788  -  ResidentSetSize of job (KB)
...
006 (453.821.000) 2022-04-06 20:01:14 Image size of job updated: 775416
	318  -  MemoryUsage of job (MB)
	324920  -  ResidentSetSize of job (KB)
...
006 (453.821.000) 2022-04-06 20:06:15 Image size of job updated: 775416
	318  -  MemoryUsage of job (MB)
	325052  -  ResidentSetSize of job (KB)
...
006 (453.821.000) 2022-04-06 20:11:16 Image size of job updated: 775672
	318  -  MemoryUsage of job (MB)
	325184  -  ResidentSetSize of job (KB)
...
006 (453.821.000) 2022-04-06 20:16:16 Image size of job updated: 775672
	318  -  MemoryUsage of job (MB)
	325316  -  ResidentSetSize of job (KB)
...
006 (453.821.000) 2022-04-06 20:21:16 Image size of job updated: 775928
	318  -  MemoryUsage of job (MB)
	325448  -  ResidentSetSize of job (KB)
...
006 (453.821.000) 2022-04-06 20:26:17 Image size of job updated: 775928
	318  -  MemoryUsage of job (MB)
	325580  -  ResidentSetSize of job (KB)
...
006 (453.821.000) 2022-04-06 20:31:17 Image size of job updated: 776184
	319  -  MemoryUsage of job (MB)
	325712  -  ResidentSetSize of job (KB)
...
006 (453.821.000) 2022-04-06 20:36:17 Image size of job updated: 776184
	319  -  MemoryUsage of job (MB)
	325844  -  ResidentSetSize of job (KB)
...
006 (453.821.000) 2022-04-06 20:41:18 Image size of job updated: 776440
	319  -  MemoryUsage of job (MB)
	325976  -  ResidentSetSize of job (KB)
...
006 (453.821.000) 2022-04-06 20:46:19 Image size of job updated: 776440
	319  -  MemoryUsage of job (MB)
	326108  -  ResidentSetSize of job (KB)
...
006 (453.821.000) 2022-04-06 20:51:19 Image size of job updated: 776696
	319  -  MemoryUsage of job (MB)
	326240  -  ResidentSetSize of job (KB)
...
006 (453.821.000) 2022-04-06 20:56:20 Image size of job updated: 776696
	319  -  MemoryUsage of job (MB)
	326372  -  ResidentSetSize of job (KB)
...
006 (453.821.000) 2022-04-06 21:01:21 Image size of job updated: 776952
	319  -  MemoryUsage of job (MB)
	326504  -  ResidentSetSize of job (KB)
...
006 (453.821.000) 2022-04-06 21:26:22 Image size of job updated: 776952
	319  -  MemoryUsage of job (MB)
	326620  -  ResidentSetSize of job (KB)
...
006 (453.821.000) 2022-04-06 21:31:23 Image size of job updated: 777208
	320  -  MemoryUsage of job (MB)
	326752  -  ResidentSetSize of job (KB)
...
006 (453.821.000) 2022-04-06 21:36:24 Image size of job updated: 777208
	320  -  MemoryUsage of job (MB)
	326884  -  ResidentSetSize of job (KB)
...
006 (453.821.000) 2022-04-06 21:41:24 Image size of job updated: 777464
	320  -  MemoryUsage of job (MB)
	327016  -  ResidentSetSize of job (KB)
...
006 (453.821.000) 2022-04-06 21:46:24 Image size of job updated: 777464
	320  -  MemoryUsage of job (MB)
	327148  -  ResidentSetSize of job (KB)
...
006 (453.821.000) 2022-04-06 21:51:25 Image size of job updated: 777720
	320  -  MemoryUsage of job (MB)
	327280  -  ResidentSetSize of job (KB)
...
006 (453.821.000) 2022-04-06 21:56:25 Image size of job updated: 777720
	320  -  MemoryUsage of job (MB)
	327412  -  ResidentSetSize of job (KB)
...
006 (453.821.000) 2022-04-06 22:01:25 Image size of job updated: 777976
	320  -  MemoryUsage of job (MB)
	327412  -  ResidentSetSize of job (KB)
...
006 (453.821.000) 2022-04-06 22:06:27 Image size of job updated: 777976
	320  -  MemoryUsage of job (MB)
	327544  -  ResidentSetSize of job (KB)
...
006 (453.821.000) 2022-04-06 22:11:27 Image size of job updated: 777976
	320  -  MemoryUsage of job (MB)
	327676  -  ResidentSetSize of job (KB)
...
006 (453.821.000) 2022-04-06 22:16:27 Image size of job updated: 778232
	321  -  MemoryUsage of job (MB)
	327808  -  ResidentSetSize of job (KB)
...
006 (453.821.000) 2022-04-06 22:26:29 Image size of job updated: 778232
	321  -  MemoryUsage of job (MB)
	327940  -  ResidentSetSize of job (KB)
...
006 (453.821.000) 2022-04-06 22:31:29 Image size of job updated: 778488
	321  -  MemoryUsage of job (MB)
	328072  -  ResidentSetSize of job (KB)
...
006 (453.821.000) 2022-04-06 22:36:29 Image size of job updated: 778488
	321  -  MemoryUsage of job (MB)
	328204  -  ResidentSetSize of job (KB)
...
006 (453.821.000) 2022-04-06 22:41:30 Image size of job updated: 778744
	321  -  MemoryUsage of job (MB)
	328336  -  ResidentSetSize of job (KB)
...
006 (453.821.000) 2022-04-06 22:51:30 Image size of job updated: 779000
	321  -  MemoryUsage of job (MB)
	328468  -  ResidentSetSize of job (KB)
...
006 (453.821.000) 2022-04-06 22:56:31 Image size of job updated: 779000
	321  -  MemoryUsage of job (MB)
	328600  -  ResidentSetSize of job (KB)
...
006 (453.821.000) 2022-04-06 23:01:32 Image size of job updated: 779000
	322  -  MemoryUsage of job (MB)
	328732  -  ResidentSetSize of job (KB)
...
006 (453.821.000) 2022-04-06 23:06:32 Image size of job updated: 779256
	322  -  MemoryUsage of job (MB)
	328732  -  ResidentSetSize of job (KB)
...
006 (453.821.000) 2022-04-06 23:11:33 Image size of job updated: 779256
	322  -  MemoryUsage of job (MB)
	328864  -  ResidentSetSize of job (KB)
...
006 (453.821.000) 2022-04-06 23:16:34 Image size of job updated: 779512
	322  -  MemoryUsage of job (MB)
	328996  -  ResidentSetSize of job (KB)
...
006 (453.821.000) 2022-04-06 23:21:34 Image size of job updated: 779512
	322  -  MemoryUsage of job (MB)
	329128  -  ResidentSetSize of job (KB)
...
006 (453.821.000) 2022-04-06 23:26:34 Image size of job updated: 779512
	322  -  MemoryUsage of job (MB)
	329260  -  ResidentSetSize of job (KB)
...
006 (453.821.000) 2022-04-06 23:31:35 Image size of job updated: 779768
	322  -  MemoryUsage of job (MB)
	329260  -  ResidentSetSize of job (KB)
...
005 (453.821.000) 2022-04-06 23:31:35 Job terminated.
	(1) Normal termination (return value 0)
		Usr 0 04:55:17, Sys 0 00:01:50  -  Run Remote Usage
		Usr 0 00:00:00, Sys 0 00:00:00  -  Run Local Usage
		Usr 0 04:55:17, Sys 0 00:01:50  -  Total Remote Usage
		Usr 0 00:00:00, Sys 0 00:00:00  -  Total Local Usage
	0  -  Run Bytes Sent By Job
	0  -  Run Bytes Received By Job
	0  -  Total Bytes Sent By Job
	0  -  Total Bytes Received By Job
	Partitionable Resources :    Usage  Request Allocated 
	   Cpus                 :     1.00        1         1 
	   Disk (KB)            :  7500        7500     10998 
	   Memory (MB)          :   322        1024      1024 

	Job terminated of its own accord at 2022-04-06T21:31:35Z with exit-code 0.
...
