000 (453.507.000) 2022-04-05 18:55:38 Job submitted from host: <10.18.24.243:9618?addrs=10.18.24.243-9618&alias=ecoclusts01.bioclust.biologie.ens.fr&noUDP&sock=schedd_1052_29b8>
...
001 (453.507.000) 2022-04-06 11:50:07 Job executing on host: <10.18.24.8:9618?addrs=10.18.24.8-9618&alias=bioclust08.bioclust.biologie.ens.fr&noUDP&sock=startd_1108_9306>
...
006 (453.507.000) 2022-04-06 11:50:15 Image size of job updated: 295344
	289  -  MemoryUsage of job (MB)
	295344  -  ResidentSetSize of job (KB)
...
006 (453.507.000) 2022-04-06 11:55:15 Image size of job updated: 741620
	317  -  MemoryUsage of job (MB)
	324120  -  ResidentSetSize of job (KB)
...
006 (453.507.000) 2022-04-06 12:00:16 Image size of job updated: 774388
	317  -  MemoryUsage of job (MB)
	324144  -  ResidentSetSize of job (KB)
...
006 (453.507.000) 2022-04-06 13:00:22 Image size of job updated: 774644
	317  -  MemoryUsage of job (MB)
	324144  -  ResidentSetSize of job (KB)
...
006 (453.507.000) 2022-04-06 13:05:23 Image size of job updated: 774644
	317  -  MemoryUsage of job (MB)
	324276  -  ResidentSetSize of job (KB)
...
006 (453.507.000) 2022-04-06 13:10:24 Image size of job updated: 774900
	317  -  MemoryUsage of job (MB)
	324408  -  ResidentSetSize of job (KB)
...
006 (453.507.000) 2022-04-06 13:20:24 Image size of job updated: 774900
	317  -  MemoryUsage of job (MB)
	324540  -  ResidentSetSize of job (KB)
...
006 (453.507.000) 2022-04-06 13:25:24 Image size of job updated: 775156
	318  -  MemoryUsage of job (MB)
	324672  -  ResidentSetSize of job (KB)
...
006 (453.507.000) 2022-04-06 13:30:25 Image size of job updated: 775156
	318  -  MemoryUsage of job (MB)
	324804  -  ResidentSetSize of job (KB)
...
006 (453.507.000) 2022-04-06 13:35:26 Image size of job updated: 775412
	318  -  MemoryUsage of job (MB)
	324936  -  ResidentSetSize of job (KB)
...
006 (453.507.000) 2022-04-06 13:40:26 Image size of job updated: 775412
	318  -  MemoryUsage of job (MB)
	325068  -  ResidentSetSize of job (KB)
...
006 (453.507.000) 2022-04-06 13:45:26 Image size of job updated: 775668
	318  -  MemoryUsage of job (MB)
	325200  -  ResidentSetSize of job (KB)
...
006 (453.507.000) 2022-04-06 13:55:27 Image size of job updated: 775924
	318  -  MemoryUsage of job (MB)
	325332  -  ResidentSetSize of job (KB)
...
006 (453.507.000) 2022-04-06 14:00:28 Image size of job updated: 775924
	318  -  MemoryUsage of job (MB)
	325464  -  ResidentSetSize of job (KB)
...
006 (453.507.000) 2022-04-06 14:05:28 Image size of job updated: 776180
	318  -  MemoryUsage of job (MB)
	325596  -  ResidentSetSize of job (KB)
...
006 (453.507.000) 2022-04-06 14:10:28 Image size of job updated: 776180
	319  -  MemoryUsage of job (MB)
	325728  -  ResidentSetSize of job (KB)
...
006 (453.507.000) 2022-04-06 14:15:29 Image size of job updated: 776180
	319  -  MemoryUsage of job (MB)
	325860  -  ResidentSetSize of job (KB)
...
006 (453.507.000) 2022-04-06 14:20:30 Image size of job updated: 776436
	319  -  MemoryUsage of job (MB)
	325992  -  ResidentSetSize of job (KB)
...
006 (453.507.000) 2022-04-06 14:30:30 Image size of job updated: 776436
	319  -  MemoryUsage of job (MB)
	326124  -  ResidentSetSize of job (KB)
...
006 (453.507.000) 2022-04-06 14:35:31 Image size of job updated: 776692
	319  -  MemoryUsage of job (MB)
	326256  -  ResidentSetSize of job (KB)
...
006 (453.507.000) 2022-04-06 14:45:32 Image size of job updated: 776692
	319  -  MemoryUsage of job (MB)
	326388  -  ResidentSetSize of job (KB)
...
006 (453.507.000) 2022-04-06 14:50:32 Image size of job updated: 776948
	319  -  MemoryUsage of job (MB)
	326388  -  ResidentSetSize of job (KB)
...
006 (453.507.000) 2022-04-06 14:55:33 Image size of job updated: 776948
	319  -  MemoryUsage of job (MB)
	326520  -  ResidentSetSize of job (KB)
...
006 (453.507.000) 2022-04-06 15:20:36 Image size of job updated: 776948
	319  -  MemoryUsage of job (MB)
	326652  -  ResidentSetSize of job (KB)
...
006 (453.507.000) 2022-04-06 15:25:37 Image size of job updated: 777204
	319  -  MemoryUsage of job (MB)
	326652  -  ResidentSetSize of job (KB)
...
006 (453.507.000) 2022-04-06 15:30:38 Image size of job updated: 777204
	320  -  MemoryUsage of job (MB)
	326784  -  ResidentSetSize of job (KB)
...
006 (453.507.000) 2022-04-06 15:40:38 Image size of job updated: 777204
	320  -  MemoryUsage of job (MB)
	326916  -  ResidentSetSize of job (KB)
...
006 (453.507.000) 2022-04-06 15:45:39 Image size of job updated: 777460
	320  -  MemoryUsage of job (MB)
	326916  -  ResidentSetSize of job (KB)
...
006 (453.507.000) 2022-04-06 15:50:39 Image size of job updated: 777460
	320  -  MemoryUsage of job (MB)
	327048  -  ResidentSetSize of job (KB)
...
006 (453.507.000) 2022-04-06 15:55:39 Image size of job updated: 777460
	320  -  MemoryUsage of job (MB)
	327180  -  ResidentSetSize of job (KB)
...
006 (453.507.000) 2022-04-06 16:00:40 Image size of job updated: 777716
	320  -  MemoryUsage of job (MB)
	327180  -  ResidentSetSize of job (KB)
...
006 (453.507.000) 2022-04-06 16:05:41 Image size of job updated: 777716
	320  -  MemoryUsage of job (MB)
	327312  -  ResidentSetSize of job (KB)
...
006 (453.507.000) 2022-04-06 16:10:41 Image size of job updated: 777716
	320  -  MemoryUsage of job (MB)
	327444  -  ResidentSetSize of job (KB)
...
006 (453.507.000) 2022-04-06 16:15:41 Image size of job updated: 777972
	320  -  MemoryUsage of job (MB)
	327576  -  ResidentSetSize of job (KB)
...
006 (453.507.000) 2022-04-06 16:25:43 Image size of job updated: 778228
	321  -  MemoryUsage of job (MB)
	327708  -  ResidentSetSize of job (KB)
...
006 (453.507.000) 2022-04-06 16:30:43 Image size of job updated: 778228
	321  -  MemoryUsage of job (MB)
	327840  -  ResidentSetSize of job (KB)
...
006 (453.507.000) 2022-04-06 16:40:45 Image size of job updated: 778484
	321  -  MemoryUsage of job (MB)
	327972  -  ResidentSetSize of job (KB)
...
006 (453.507.000) 2022-04-06 16:50:45 Image size of job updated: 778484
	321  -  MemoryUsage of job (MB)
	328104  -  ResidentSetSize of job (KB)
...
006 (453.507.000) 2022-04-06 16:55:46 Image size of job updated: 778740
	321  -  MemoryUsage of job (MB)
	328236  -  ResidentSetSize of job (KB)
...
006 (453.507.000) 2022-04-06 17:05:46 Image size of job updated: 778740
	321  -  MemoryUsage of job (MB)
	328368  -  ResidentSetSize of job (KB)
...
006 (453.507.000) 2022-04-06 17:15:48 Image size of job updated: 778996
	321  -  MemoryUsage of job (MB)
	328500  -  ResidentSetSize of job (KB)
...
006 (453.507.000) 2022-04-06 17:25:48 Image size of job updated: 778996
	321  -  MemoryUsage of job (MB)
	328632  -  ResidentSetSize of job (KB)
...
006 (453.507.000) 2022-04-06 17:40:49 Image size of job updated: 779252
	322  -  MemoryUsage of job (MB)
	328764  -  ResidentSetSize of job (KB)
...
006 (453.507.000) 2022-04-06 17:45:50 Image size of job updated: 779252
	322  -  MemoryUsage of job (MB)
	328896  -  ResidentSetSize of job (KB)
...
006 (453.507.000) 2022-04-06 17:55:51 Image size of job updated: 779508
	322  -  MemoryUsage of job (MB)
	328896  -  ResidentSetSize of job (KB)
...
006 (453.507.000) 2022-04-06 18:00:51 Image size of job updated: 779508
	322  -  MemoryUsage of job (MB)
	329028  -  ResidentSetSize of job (KB)
...
006 (453.507.000) 2022-04-06 18:10:52 Image size of job updated: 779508
	322  -  MemoryUsage of job (MB)
	329160  -  ResidentSetSize of job (KB)
...
006 (453.507.000) 2022-04-06 18:20:53 Image size of job updated: 779764
	322  -  MemoryUsage of job (MB)
	329292  -  ResidentSetSize of job (KB)
...
005 (453.507.000) 2022-04-06 18:23:00 Job terminated.
	(1) Normal termination (return value 0)
		Usr 0 06:32:13, Sys 0 00:00:17  -  Run Remote Usage
		Usr 0 00:00:00, Sys 0 00:00:00  -  Run Local Usage
		Usr 0 06:32:13, Sys 0 00:00:17  -  Total Remote Usage
		Usr 0 00:00:00, Sys 0 00:00:00  -  Total Local Usage
	0  -  Run Bytes Sent By Job
	0  -  Run Bytes Received By Job
	0  -  Total Bytes Sent By Job
	0  -  Total Bytes Received By Job
	Partitionable Resources :    Usage  Request Allocated 
	   Cpus                 :     1.00        1         1 
	   Disk (KB)            :  7500        7500     10998 
	   Memory (MB)          :   322        1024      1024 

	Job terminated of its own accord at 2022-04-06T16:23:00Z with exit-code 0.
...
