000 (453.796.000) 2022-04-05 18:55:40 Job submitted from host: <10.18.24.243:9618?addrs=10.18.24.243-9618&alias=ecoclusts01.bioclust.biologie.ens.fr&noUDP&sock=schedd_1052_29b8>
...
001 (453.796.000) 2022-04-06 17:58:11 Job executing on host: <10.18.24.8:9618?addrs=10.18.24.8-9618&alias=bioclust08.bioclust.biologie.ens.fr&noUDP&sock=startd_1108_9306>
...
006 (453.796.000) 2022-04-06 17:58:19 Image size of job updated: 453852
	444  -  MemoryUsage of job (MB)
	453852  -  ResidentSetSize of job (KB)
...
006 (453.796.000) 2022-04-06 18:03:19 Image size of job updated: 741876
	444  -  MemoryUsage of job (MB)
	453852  -  ResidentSetSize of job (KB)
...
006 (453.796.000) 2022-04-06 18:08:19 Image size of job updated: 774644
	444  -  MemoryUsage of job (MB)
	453852  -  ResidentSetSize of job (KB)
...
006 (453.796.000) 2022-04-06 23:13:54 Image size of job updated: 774900
	444  -  MemoryUsage of job (MB)
	453852  -  ResidentSetSize of job (KB)
...
006 (453.796.000) 2022-04-07 01:49:09 Image size of job updated: 775156
	444  -  MemoryUsage of job (MB)
	453852  -  ResidentSetSize of job (KB)
...
006 (453.796.000) 2022-04-07 04:59:29 Image size of job updated: 775412
	444  -  MemoryUsage of job (MB)
	453852  -  ResidentSetSize of job (KB)
...
006 (453.796.000) 2022-04-07 07:34:47 Image size of job updated: 775668
	444  -  MemoryUsage of job (MB)
	453852  -  ResidentSetSize of job (KB)
...
006 (453.796.000) 2022-04-07 10:20:04 Image size of job updated: 775924
	444  -  MemoryUsage of job (MB)
	453852  -  ResidentSetSize of job (KB)
...
006 (453.796.000) 2022-04-07 13:00:20 Image size of job updated: 776180
	444  -  MemoryUsage of job (MB)
	453852  -  ResidentSetSize of job (KB)
...
006 (453.796.000) 2022-04-07 15:40:34 Image size of job updated: 776436
	444  -  MemoryUsage of job (MB)
	453852  -  ResidentSetSize of job (KB)
...
006 (453.796.000) 2022-04-07 18:45:53 Image size of job updated: 776692
	444  -  MemoryUsage of job (MB)
	453852  -  ResidentSetSize of job (KB)
...
006 (453.796.000) 2022-04-07 21:31:09 Image size of job updated: 776948
	444  -  MemoryUsage of job (MB)
	453852  -  ResidentSetSize of job (KB)
...
006 (453.796.000) 2022-04-08 03:56:49 Image size of job updated: 777204
	444  -  MemoryUsage of job (MB)
	453852  -  ResidentSetSize of job (KB)
...
006 (453.796.000) 2022-04-08 07:07:08 Image size of job updated: 777460
	444  -  MemoryUsage of job (MB)
	453852  -  ResidentSetSize of job (KB)
...
006 (453.796.000) 2022-04-08 10:52:30 Image size of job updated: 777716
	444  -  MemoryUsage of job (MB)
	453852  -  ResidentSetSize of job (KB)
...
006 (453.796.000) 2022-04-08 13:32:46 Image size of job updated: 777972
	444  -  MemoryUsage of job (MB)
	453852  -  ResidentSetSize of job (KB)
...
006 (453.796.000) 2022-04-08 17:23:12 Image size of job updated: 778228
	444  -  MemoryUsage of job (MB)
	453852  -  ResidentSetSize of job (KB)
...
006 (453.796.000) 2022-04-08 20:08:28 Image size of job updated: 778484
	444  -  MemoryUsage of job (MB)
	453852  -  ResidentSetSize of job (KB)
...
006 (453.796.000) 2022-04-08 23:23:47 Image size of job updated: 778740
	444  -  MemoryUsage of job (MB)
	453852  -  ResidentSetSize of job (KB)
...
006 (453.796.000) 2022-04-09 02:34:07 Image size of job updated: 778996
	444  -  MemoryUsage of job (MB)
	453852  -  ResidentSetSize of job (KB)
...
006 (453.796.000) 2022-04-09 05:59:30 Image size of job updated: 779252
	444  -  MemoryUsage of job (MB)
	453852  -  ResidentSetSize of job (KB)
...
006 (453.796.000) 2022-04-09 09:04:47 Image size of job updated: 779508
	444  -  MemoryUsage of job (MB)
	453852  -  ResidentSetSize of job (KB)
...
006 (453.796.000) 2022-04-09 12:40:10 Image size of job updated: 779764
	444  -  MemoryUsage of job (MB)
	453852  -  ResidentSetSize of job (KB)
...
005 (453.796.000) 2022-04-09 13:01:42 Job terminated.
	(1) Normal termination (return value 0)
		Usr 2 18:22:28, Sys 0 00:35:38  -  Run Remote Usage
		Usr 0 00:00:00, Sys 0 00:00:00  -  Run Local Usage
		Usr 2 18:22:28, Sys 0 00:35:38  -  Total Remote Usage
		Usr 0 00:00:00, Sys 0 00:00:00  -  Total Local Usage
	0  -  Run Bytes Sent By Job
	0  -  Run Bytes Received By Job
	0  -  Total Bytes Sent By Job
	0  -  Total Bytes Received By Job
	Partitionable Resources :    Usage  Request Allocated 
	   Cpus                 :     1.00        1         1 
	   Disk (KB)            :  7500        7500     10998 
	   Memory (MB)          :   444        1024      1024 

	Job terminated of its own accord at 2022-04-09T11:01:42Z with exit-code 0.
...
