000 (453.995.000) 2022-04-05 18:55:40 Job submitted from host: <10.18.24.243:9618?addrs=10.18.24.243-9618&alias=ecoclusts01.bioclust.biologie.ens.fr&noUDP&sock=schedd_1052_29b8>
...
001 (453.995.000) 2022-04-07 00:27:28 Job executing on host: <10.18.24.138:9618?addrs=10.18.24.138-9618&alias=dyoclust11.bioclust.biologie.ens.fr&noUDP&sock=startd_801_ff73>
...
006 (453.995.000) 2022-04-07 00:27:37 Image size of job updated: 326344
	154  -  MemoryUsage of job (MB)
	156964  -  ResidentSetSize of job (KB)
...
006 (453.995.000) 2022-04-07 00:32:38 Image size of job updated: 741876
	268  -  MemoryUsage of job (MB)
	273772  -  ResidentSetSize of job (KB)
...
006 (453.995.000) 2022-04-07 00:37:39 Image size of job updated: 774644
	317  -  MemoryUsage of job (MB)
	324340  -  ResidentSetSize of job (KB)
...
006 (453.995.000) 2022-04-07 01:07:41 Image size of job updated: 774900
	317  -  MemoryUsage of job (MB)
	324472  -  ResidentSetSize of job (KB)
...
006 (453.995.000) 2022-04-07 01:12:41 Image size of job updated: 775156
	317  -  MemoryUsage of job (MB)
	324604  -  ResidentSetSize of job (KB)
...
006 (453.995.000) 2022-04-07 01:17:41 Image size of job updated: 775156
	318  -  MemoryUsage of job (MB)
	324868  -  ResidentSetSize of job (KB)
...
006 (453.995.000) 2022-04-07 01:22:42 Image size of job updated: 775412
	318  -  MemoryUsage of job (MB)
	325000  -  ResidentSetSize of job (KB)
...
006 (453.995.000) 2022-04-07 01:27:44 Image size of job updated: 775668
	318  -  MemoryUsage of job (MB)
	325264  -  ResidentSetSize of job (KB)
...
006 (453.995.000) 2022-04-07 01:32:44 Image size of job updated: 775924
	318  -  MemoryUsage of job (MB)
	325396  -  ResidentSetSize of job (KB)
...
006 (453.995.000) 2022-04-07 01:37:44 Image size of job updated: 775924
	318  -  MemoryUsage of job (MB)
	325528  -  ResidentSetSize of job (KB)
...
006 (453.995.000) 2022-04-07 01:42:45 Image size of job updated: 776180
	319  -  MemoryUsage of job (MB)
	325792  -  ResidentSetSize of job (KB)
...
006 (453.995.000) 2022-04-07 01:47:46 Image size of job updated: 776436
	319  -  MemoryUsage of job (MB)
	326056  -  ResidentSetSize of job (KB)
...
006 (453.995.000) 2022-04-07 01:52:46 Image size of job updated: 776692
	319  -  MemoryUsage of job (MB)
	326320  -  ResidentSetSize of job (KB)
...
006 (453.995.000) 2022-04-07 01:57:47 Image size of job updated: 776948
	319  -  MemoryUsage of job (MB)
	326584  -  ResidentSetSize of job (KB)
...
006 (453.995.000) 2022-04-07 02:07:48 Image size of job updated: 777204
	320  -  MemoryUsage of job (MB)
	326848  -  ResidentSetSize of job (KB)
...
006 (453.995.000) 2022-04-07 02:12:48 Image size of job updated: 777460
	320  -  MemoryUsage of job (MB)
	326980  -  ResidentSetSize of job (KB)
...
006 (453.995.000) 2022-04-07 02:17:49 Image size of job updated: 777716
	320  -  MemoryUsage of job (MB)
	327244  -  ResidentSetSize of job (KB)
...
006 (453.995.000) 2022-04-07 02:22:49 Image size of job updated: 777972
	320  -  MemoryUsage of job (MB)
	327508  -  ResidentSetSize of job (KB)
...
006 (453.995.000) 2022-04-07 02:27:49 Image size of job updated: 778228
	321  -  MemoryUsage of job (MB)
	327772  -  ResidentSetSize of job (KB)
...
006 (453.995.000) 2022-04-07 02:32:50 Image size of job updated: 778484
	321  -  MemoryUsage of job (MB)
	328036  -  ResidentSetSize of job (KB)
...
006 (453.995.000) 2022-04-07 02:37:51 Image size of job updated: 778740
	321  -  MemoryUsage of job (MB)
	328300  -  ResidentSetSize of job (KB)
...
006 (453.995.000) 2022-04-07 02:42:51 Image size of job updated: 778996
	321  -  MemoryUsage of job (MB)
	328564  -  ResidentSetSize of job (KB)
...
006 (453.995.000) 2022-04-07 02:47:51 Image size of job updated: 778996
	321  -  MemoryUsage of job (MB)
	328696  -  ResidentSetSize of job (KB)
...
006 (453.995.000) 2022-04-07 02:52:52 Image size of job updated: 779252
	322  -  MemoryUsage of job (MB)
	328960  -  ResidentSetSize of job (KB)
...
006 (453.995.000) 2022-04-07 02:57:52 Image size of job updated: 779508
	322  -  MemoryUsage of job (MB)
	329092  -  ResidentSetSize of job (KB)
...
005 (453.995.000) 2022-04-07 02:59:42 Job terminated.
	(1) Normal termination (return value 0)
		Usr 0 02:30:32, Sys 0 00:00:25  -  Run Remote Usage
		Usr 0 00:00:00, Sys 0 00:00:00  -  Run Local Usage
		Usr 0 02:30:32, Sys 0 00:00:25  -  Total Remote Usage
		Usr 0 00:00:00, Sys 0 00:00:00  -  Total Local Usage
	0  -  Run Bytes Sent By Job
	0  -  Run Bytes Received By Job
	0  -  Total Bytes Sent By Job
	0  -  Total Bytes Received By Job
	Partitionable Resources :    Usage  Request Allocated 
	   Cpus                 :     1.00        1         1 
	   Disk (KB)            :  7500        7500     10998 
	   Memory (MB)          :   322        1024      1024 

	Job terminated of its own accord at 2022-04-07T00:59:42Z with exit-code 0.
...
