000 (453.826.000) 2022-04-05 18:55:40 Job submitted from host: <10.18.24.243:9618?addrs=10.18.24.243-9618&alias=ecoclusts01.bioclust.biologie.ens.fr&noUDP&sock=schedd_1052_29b8>
...
001 (453.826.000) 2022-04-06 18:42:55 Job executing on host: <10.18.24.178:9618?addrs=10.18.24.178-9618&alias=mcbsclust07.bioclust.biologie.ens.fr&noUDP&sock=startd_912_2276>
...
006 (453.826.000) 2022-04-06 18:43:03 Image size of job updated: 383664
	375  -  MemoryUsage of job (MB)
	383664  -  ResidentSetSize of job (KB)
...
006 (453.826.000) 2022-04-06 18:48:03 Image size of job updated: 741876
	375  -  MemoryUsage of job (MB)
	383928  -  ResidentSetSize of job (KB)
...
006 (453.826.000) 2022-04-06 18:53:04 Image size of job updated: 774644
	375  -  MemoryUsage of job (MB)
	383928  -  ResidentSetSize of job (KB)
...
006 (453.826.000) 2022-04-06 20:08:13 Image size of job updated: 774900
	375  -  MemoryUsage of job (MB)
	383928  -  ResidentSetSize of job (KB)
...
006 (453.826.000) 2022-04-06 20:23:15 Image size of job updated: 775156
	375  -  MemoryUsage of job (MB)
	383928  -  ResidentSetSize of job (KB)
...
006 (453.826.000) 2022-04-06 20:38:16 Image size of job updated: 775412
	375  -  MemoryUsage of job (MB)
	383928  -  ResidentSetSize of job (KB)
...
006 (453.826.000) 2022-04-06 20:48:17 Image size of job updated: 775668
	375  -  MemoryUsage of job (MB)
	383928  -  ResidentSetSize of job (KB)
...
006 (453.826.000) 2022-04-06 21:03:19 Image size of job updated: 775924
	375  -  MemoryUsage of job (MB)
	383928  -  ResidentSetSize of job (KB)
...
006 (453.826.000) 2022-04-06 21:13:21 Image size of job updated: 776180
	375  -  MemoryUsage of job (MB)
	383928  -  ResidentSetSize of job (KB)
...
006 (453.826.000) 2022-04-06 21:28:22 Image size of job updated: 776436
	375  -  MemoryUsage of job (MB)
	383928  -  ResidentSetSize of job (KB)
...
006 (453.826.000) 2022-04-06 21:38:23 Image size of job updated: 776692
	375  -  MemoryUsage of job (MB)
	383928  -  ResidentSetSize of job (KB)
...
006 (453.826.000) 2022-04-06 21:53:25 Image size of job updated: 776948
	375  -  MemoryUsage of job (MB)
	383928  -  ResidentSetSize of job (KB)
...
006 (453.826.000) 2022-04-06 22:23:28 Image size of job updated: 777204
	375  -  MemoryUsage of job (MB)
	383928  -  ResidentSetSize of job (KB)
...
006 (453.826.000) 2022-04-06 22:38:30 Image size of job updated: 777460
	375  -  MemoryUsage of job (MB)
	383928  -  ResidentSetSize of job (KB)
...
006 (453.826.000) 2022-04-06 22:53:31 Image size of job updated: 777716
	375  -  MemoryUsage of job (MB)
	383928  -  ResidentSetSize of job (KB)
...
006 (453.826.000) 2022-04-06 23:08:33 Image size of job updated: 777972
	375  -  MemoryUsage of job (MB)
	383928  -  ResidentSetSize of job (KB)
...
006 (453.826.000) 2022-04-06 23:23:35 Image size of job updated: 778228
	375  -  MemoryUsage of job (MB)
	383928  -  ResidentSetSize of job (KB)
...
006 (453.826.000) 2022-04-06 23:33:36 Image size of job updated: 778484
	375  -  MemoryUsage of job (MB)
	383928  -  ResidentSetSize of job (KB)
...
006 (453.826.000) 2022-04-06 23:48:38 Image size of job updated: 778740
	375  -  MemoryUsage of job (MB)
	383928  -  ResidentSetSize of job (KB)
...
006 (453.826.000) 2022-04-07 00:03:39 Image size of job updated: 778996
	375  -  MemoryUsage of job (MB)
	383928  -  ResidentSetSize of job (KB)
...
006 (453.826.000) 2022-04-07 00:18:41 Image size of job updated: 779252
	375  -  MemoryUsage of job (MB)
	383928  -  ResidentSetSize of job (KB)
...
006 (453.826.000) 2022-04-07 00:33:42 Image size of job updated: 779508
	375  -  MemoryUsage of job (MB)
	383928  -  ResidentSetSize of job (KB)
...
006 (453.826.000) 2022-04-07 00:47:30 Image size of job updated: 779764
	375  -  MemoryUsage of job (MB)
	383928  -  ResidentSetSize of job (KB)
...
005 (453.826.000) 2022-04-07 00:47:30 Job terminated.
	(1) Normal termination (return value 0)
		Usr 0 06:03:41, Sys 0 00:00:13  -  Run Remote Usage
		Usr 0 00:00:00, Sys 0 00:00:00  -  Run Local Usage
		Usr 0 06:03:41, Sys 0 00:00:13  -  Total Remote Usage
		Usr 0 00:00:00, Sys 0 00:00:00  -  Total Local Usage
	0  -  Run Bytes Sent By Job
	0  -  Run Bytes Received By Job
	0  -  Total Bytes Sent By Job
	0  -  Total Bytes Received By Job
	Partitionable Resources :    Usage  Request Allocated 
	   Cpus                 :     1.00        1         1 
	   Disk (KB)            :  7500        7500     11001 
	   Memory (MB)          :   375        1024      1024 

	Job terminated of its own accord at 2022-04-06T22:47:30Z with exit-code 0.
...
