000 (453.998.000) 2022-04-05 18:55:40 Job submitted from host: <10.18.24.243:9618?addrs=10.18.24.243-9618&alias=ecoclusts01.bioclust.biologie.ens.fr&noUDP&sock=schedd_1052_29b8>
...
001 (453.998.000) 2022-04-07 00:35:06 Job executing on host: <10.18.24.105:9618?addrs=10.18.24.105-9618&alias=ecoclust10.bioclust.biologie.ens.fr&noUDP&sock=startd_1068_233c>
...
006 (453.998.000) 2022-04-07 00:35:15 Image size of job updated: 57492
	57  -  MemoryUsage of job (MB)
	57492  -  ResidentSetSize of job (KB)
...
006 (453.998.000) 2022-04-07 00:40:16 Image size of job updated: 741880
	283  -  MemoryUsage of job (MB)
	289080  -  ResidentSetSize of job (KB)
...
006 (453.998.000) 2022-04-07 00:45:17 Image size of job updated: 741880
	317  -  MemoryUsage of job (MB)
	324292  -  ResidentSetSize of job (KB)
...
006 (453.998.000) 2022-04-07 00:50:17 Image size of job updated: 741880
	317  -  MemoryUsage of job (MB)
	324380  -  ResidentSetSize of job (KB)
...
006 (453.998.000) 2022-04-07 00:55:18 Image size of job updated: 774648
	317  -  MemoryUsage of job (MB)
	324380  -  ResidentSetSize of job (KB)
...
006 (453.998.000) 2022-04-07 02:20:27 Image size of job updated: 774904
	317  -  MemoryUsage of job (MB)
	324380  -  ResidentSetSize of job (KB)
...
006 (453.998.000) 2022-04-07 02:25:27 Image size of job updated: 774904
	317  -  MemoryUsage of job (MB)
	324512  -  ResidentSetSize of job (KB)
...
006 (453.998.000) 2022-04-07 02:35:28 Image size of job updated: 775160
	318  -  MemoryUsage of job (MB)
	324644  -  ResidentSetSize of job (KB)
...
006 (453.998.000) 2022-04-07 02:45:28 Image size of job updated: 775160
	318  -  MemoryUsage of job (MB)
	324776  -  ResidentSetSize of job (KB)
...
006 (453.998.000) 2022-04-07 02:55:30 Image size of job updated: 775416
	318  -  MemoryUsage of job (MB)
	324908  -  ResidentSetSize of job (KB)
...
006 (453.998.000) 2022-04-07 03:00:30 Image size of job updated: 775416
	318  -  MemoryUsage of job (MB)
	325040  -  ResidentSetSize of job (KB)
...
006 (453.998.000) 2022-04-07 03:10:32 Image size of job updated: 775416
	318  -  MemoryUsage of job (MB)
	325172  -  ResidentSetSize of job (KB)
...
006 (453.998.000) 2022-04-07 03:15:32 Image size of job updated: 775672
	318  -  MemoryUsage of job (MB)
	325172  -  ResidentSetSize of job (KB)
...
006 (453.998.000) 2022-04-07 03:20:32 Image size of job updated: 775672
	318  -  MemoryUsage of job (MB)
	325304  -  ResidentSetSize of job (KB)
...
006 (453.998.000) 2022-04-07 03:30:33 Image size of job updated: 775928
	318  -  MemoryUsage of job (MB)
	325436  -  ResidentSetSize of job (KB)
...
006 (453.998.000) 2022-04-07 03:40:34 Image size of job updated: 775928
	318  -  MemoryUsage of job (MB)
	325568  -  ResidentSetSize of job (KB)
...
006 (453.998.000) 2022-04-07 03:50:35 Image size of job updated: 776184
	319  -  MemoryUsage of job (MB)
	325700  -  ResidentSetSize of job (KB)
...
006 (453.998.000) 2022-04-07 04:00:36 Image size of job updated: 776184
	319  -  MemoryUsage of job (MB)
	325832  -  ResidentSetSize of job (KB)
...
006 (453.998.000) 2022-04-07 04:10:36 Image size of job updated: 776440
	319  -  MemoryUsage of job (MB)
	325964  -  ResidentSetSize of job (KB)
...
006 (453.998.000) 2022-04-07 04:20:38 Image size of job updated: 776440
	319  -  MemoryUsage of job (MB)
	326096  -  ResidentSetSize of job (KB)
...
006 (453.998.000) 2022-04-07 04:25:38 Image size of job updated: 776696
	319  -  MemoryUsage of job (MB)
	326228  -  ResidentSetSize of job (KB)
...
006 (453.998.000) 2022-04-07 04:35:40 Image size of job updated: 776696
	319  -  MemoryUsage of job (MB)
	326360  -  ResidentSetSize of job (KB)
...
006 (453.998.000) 2022-04-07 04:45:41 Image size of job updated: 776952
	319  -  MemoryUsage of job (MB)
	326360  -  ResidentSetSize of job (KB)
...
006 (453.998.000) 2022-04-07 04:50:42 Image size of job updated: 776952
	319  -  MemoryUsage of job (MB)
	326492  -  ResidentSetSize of job (KB)
...
006 (453.998.000) 2022-04-07 04:55:42 Image size of job updated: 776952
	319  -  MemoryUsage of job (MB)
	326624  -  ResidentSetSize of job (KB)
...
006 (453.998.000) 2022-04-07 05:35:45 Image size of job updated: 777208
	320  -  MemoryUsage of job (MB)
	326736  -  ResidentSetSize of job (KB)
...
006 (453.998.000) 2022-04-07 05:45:46 Image size of job updated: 777208
	320  -  MemoryUsage of job (MB)
	326868  -  ResidentSetSize of job (KB)
...
006 (453.998.000) 2022-04-07 05:55:47 Image size of job updated: 777464
	320  -  MemoryUsage of job (MB)
	327000  -  ResidentSetSize of job (KB)
...
006 (453.998.000) 2022-04-07 06:05:48 Image size of job updated: 777464
	320  -  MemoryUsage of job (MB)
	327132  -  ResidentSetSize of job (KB)
...
006 (453.998.000) 2022-04-07 06:20:50 Image size of job updated: 777720
	320  -  MemoryUsage of job (MB)
	327264  -  ResidentSetSize of job (KB)
...
006 (453.998.000) 2022-04-07 06:30:52 Image size of job updated: 777720
	320  -  MemoryUsage of job (MB)
	327396  -  ResidentSetSize of job (KB)
...
006 (453.998.000) 2022-04-07 06:40:52 Image size of job updated: 777976
	320  -  MemoryUsage of job (MB)
	327528  -  ResidentSetSize of job (KB)
...
006 (453.998.000) 2022-04-07 06:50:54 Image size of job updated: 777976
	320  -  MemoryUsage of job (MB)
	327660  -  ResidentSetSize of job (KB)
...
006 (453.998.000) 2022-04-07 07:00:55 Image size of job updated: 778232
	320  -  MemoryUsage of job (MB)
	327660  -  ResidentSetSize of job (KB)
...
006 (453.998.000) 2022-04-07 07:05:56 Image size of job updated: 778232
	321  -  MemoryUsage of job (MB)
	327792  -  ResidentSetSize of job (KB)
...
006 (453.998.000) 2022-04-07 07:15:56 Image size of job updated: 778232
	321  -  MemoryUsage of job (MB)
	327924  -  ResidentSetSize of job (KB)
...
006 (453.998.000) 2022-04-07 07:25:57 Image size of job updated: 778488
	321  -  MemoryUsage of job (MB)
	328056  -  ResidentSetSize of job (KB)
...
006 (453.998.000) 2022-04-07 07:35:58 Image size of job updated: 778488
	321  -  MemoryUsage of job (MB)
	328188  -  ResidentSetSize of job (KB)
...
006 (453.998.000) 2022-04-07 07:45:58 Image size of job updated: 778744
	321  -  MemoryUsage of job (MB)
	328188  -  ResidentSetSize of job (KB)
...
006 (453.998.000) 2022-04-07 07:50:59 Image size of job updated: 778744
	321  -  MemoryUsage of job (MB)
	328320  -  ResidentSetSize of job (KB)
...
006 (453.998.000) 2022-04-07 08:01:00 Image size of job updated: 778744
	321  -  MemoryUsage of job (MB)
	328452  -  ResidentSetSize of job (KB)
...
006 (453.998.000) 2022-04-07 08:06:01 Image size of job updated: 779000
	321  -  MemoryUsage of job (MB)
	328452  -  ResidentSetSize of job (KB)
...
006 (453.998.000) 2022-04-07 08:11:02 Image size of job updated: 779000
	321  -  MemoryUsage of job (MB)
	328584  -  ResidentSetSize of job (KB)
...
006 (453.998.000) 2022-04-07 08:21:02 Image size of job updated: 779000
	322  -  MemoryUsage of job (MB)
	328716  -  ResidentSetSize of job (KB)
...
006 (453.998.000) 2022-04-07 08:31:04 Image size of job updated: 779256
	322  -  MemoryUsage of job (MB)
	328848  -  ResidentSetSize of job (KB)
...
006 (453.998.000) 2022-04-07 08:46:06 Image size of job updated: 779256
	322  -  MemoryUsage of job (MB)
	328980  -  ResidentSetSize of job (KB)
...
006 (453.998.000) 2022-04-07 08:51:06 Image size of job updated: 779512
	322  -  MemoryUsage of job (MB)
	328980  -  ResidentSetSize of job (KB)
...
006 (453.998.000) 2022-04-07 08:56:07 Image size of job updated: 779512
	322  -  MemoryUsage of job (MB)
	329112  -  ResidentSetSize of job (KB)
...
006 (453.998.000) 2022-04-07 09:06:08 Image size of job updated: 779512
	322  -  MemoryUsage of job (MB)
	329244  -  ResidentSetSize of job (KB)
...
006 (453.998.000) 2022-04-07 09:11:08 Image size of job updated: 779768
	322  -  MemoryUsage of job (MB)
	329244  -  ResidentSetSize of job (KB)
...
005 (453.998.000) 2022-04-07 09:13:09 Job terminated.
	(1) Normal termination (return value 0)
		Usr 0 08:35:30, Sys 0 00:00:43  -  Run Remote Usage
		Usr 0 00:00:00, Sys 0 00:00:00  -  Run Local Usage
		Usr 0 08:35:30, Sys 0 00:00:43  -  Total Remote Usage
		Usr 0 00:00:00, Sys 0 00:00:00  -  Total Local Usage
	0  -  Run Bytes Sent By Job
	0  -  Run Bytes Received By Job
	0  -  Total Bytes Sent By Job
	0  -  Total Bytes Received By Job
	Partitionable Resources :    Usage  Request Allocated 
	   Cpus                 :     1.00        1         1 
	   Disk (KB)            :  7500        7500     10998 
	   Memory (MB)          :   322        1024      1024 

	Job terminated of its own accord at 2022-04-07T07:13:08Z with exit-code 0.
...
