000 (453.920.000) 2022-04-05 18:55:40 Job submitted from host: <10.18.24.243:9618?addrs=10.18.24.243-9618&alias=ecoclusts01.bioclust.biologie.ens.fr&noUDP&sock=schedd_1052_29b8>
...
001 (453.920.000) 2022-04-06 22:15:26 Job executing on host: <10.18.24.177:9618?addrs=10.18.24.177-9618&alias=mcbsclust06.bioclust.biologie.ens.fr&noUDP&sock=startd_945_c516>
...
006 (453.920.000) 2022-04-06 22:15:35 Image size of job updated: 427988
	418  -  MemoryUsage of job (MB)
	427988  -  ResidentSetSize of job (KB)
...
006 (453.920.000) 2022-04-06 22:20:36 Image size of job updated: 741620
	418  -  MemoryUsage of job (MB)
	427988  -  ResidentSetSize of job (KB)
...
006 (453.920.000) 2022-04-06 22:25:37 Image size of job updated: 774388
	418  -  MemoryUsage of job (MB)
	427988  -  ResidentSetSize of job (KB)
...
006 (453.920.000) 2022-04-07 00:45:52 Image size of job updated: 774644
	418  -  MemoryUsage of job (MB)
	427988  -  ResidentSetSize of job (KB)
...
006 (453.920.000) 2022-04-07 02:46:04 Image size of job updated: 774900
	418  -  MemoryUsage of job (MB)
	427988  -  ResidentSetSize of job (KB)
...
006 (453.920.000) 2022-04-07 05:06:17 Image size of job updated: 775156
	418  -  MemoryUsage of job (MB)
	427988  -  ResidentSetSize of job (KB)
...
006 (453.920.000) 2022-04-07 07:56:34 Image size of job updated: 775412
	418  -  MemoryUsage of job (MB)
	427988  -  ResidentSetSize of job (KB)
...
006 (453.920.000) 2022-04-07 10:21:51 Image size of job updated: 775668
	418  -  MemoryUsage of job (MB)
	427988  -  ResidentSetSize of job (KB)
...
006 (453.920.000) 2022-04-07 13:07:05 Image size of job updated: 775924
	418  -  MemoryUsage of job (MB)
	427988  -  ResidentSetSize of job (KB)
...
006 (453.920.000) 2022-04-07 15:32:23 Image size of job updated: 776180
	418  -  MemoryUsage of job (MB)
	427988  -  ResidentSetSize of job (KB)
...
006 (453.920.000) 2022-04-07 18:02:39 Image size of job updated: 776436
	418  -  MemoryUsage of job (MB)
	427988  -  ResidentSetSize of job (KB)
...
006 (453.920.000) 2022-04-07 20:27:56 Image size of job updated: 776692
	418  -  MemoryUsage of job (MB)
	427988  -  ResidentSetSize of job (KB)
...
006 (453.920.000) 2022-04-07 22:58:10 Image size of job updated: 776948
	418  -  MemoryUsage of job (MB)
	427988  -  ResidentSetSize of job (KB)
...
006 (453.920.000) 2022-04-08 04:48:46 Image size of job updated: 777204
	418  -  MemoryUsage of job (MB)
	427988  -  ResidentSetSize of job (KB)
...
006 (453.920.000) 2022-04-08 07:34:03 Image size of job updated: 777460
	418  -  MemoryUsage of job (MB)
	427988  -  ResidentSetSize of job (KB)
...
006 (453.920.000) 2022-04-08 10:24:18 Image size of job updated: 777716
	418  -  MemoryUsage of job (MB)
	427988  -  ResidentSetSize of job (KB)
...
006 (453.920.000) 2022-04-08 13:14:36 Image size of job updated: 777972
	418  -  MemoryUsage of job (MB)
	427988  -  ResidentSetSize of job (KB)
...
006 (453.920.000) 2022-04-08 15:49:52 Image size of job updated: 778228
	418  -  MemoryUsage of job (MB)
	427988  -  ResidentSetSize of job (KB)
...
006 (453.920.000) 2022-04-08 18:45:11 Image size of job updated: 778484
	418  -  MemoryUsage of job (MB)
	427988  -  ResidentSetSize of job (KB)
...
006 (453.920.000) 2022-04-08 21:55:30 Image size of job updated: 778740
	418  -  MemoryUsage of job (MB)
	427988  -  ResidentSetSize of job (KB)
...
006 (453.920.000) 2022-04-09 01:10:50 Image size of job updated: 778996
	418  -  MemoryUsage of job (MB)
	427988  -  ResidentSetSize of job (KB)
...
006 (453.920.000) 2022-04-09 04:31:13 Image size of job updated: 779252
	418  -  MemoryUsage of job (MB)
	427988  -  ResidentSetSize of job (KB)
...
006 (453.920.000) 2022-04-09 07:46:33 Image size of job updated: 779508
	418  -  MemoryUsage of job (MB)
	427988  -  ResidentSetSize of job (KB)
...
006 (453.920.000) 2022-04-09 10:51:52 Image size of job updated: 779764
	418  -  MemoryUsage of job (MB)
	427988  -  ResidentSetSize of job (KB)
...
005 (453.920.000) 2022-04-09 11:16:24 Job terminated.
	(1) Normal termination (return value 0)
		Usr 2 12:52:55, Sys 0 00:00:19  -  Run Remote Usage
		Usr 0 00:00:00, Sys 0 00:00:00  -  Run Local Usage
		Usr 2 12:52:55, Sys 0 00:00:19  -  Total Remote Usage
		Usr 0 00:00:00, Sys 0 00:00:00  -  Total Local Usage
	0  -  Run Bytes Sent By Job
	0  -  Run Bytes Received By Job
	0  -  Total Bytes Sent By Job
	0  -  Total Bytes Received By Job
	Partitionable Resources :    Usage  Request Allocated 
	   Cpus                 :     1.00        1         1 
	   Disk (KB)            :  7500        7500     10998 
	   Memory (MB)          :   418        1024      1024 

	Job terminated of its own accord at 2022-04-09T09:16:24Z with exit-code 0.
...
