000 (453.681.000) 2022-04-05 18:55:39 Job submitted from host: <10.18.24.243:9618?addrs=10.18.24.243-9618&alias=ecoclusts01.bioclust.biologie.ens.fr&noUDP&sock=schedd_1052_29b8>
...
001 (453.681.000) 2022-04-06 15:23:09 Job executing on host: <10.18.24.136:9618?addrs=10.18.24.136-9618&alias=dyoclust09.bioclust.biologie.ens.fr&noUDP&sock=startd_808_cc9c>
...
006 (453.681.000) 2022-04-06 15:23:18 Image size of job updated: 117872
	116  -  MemoryUsage of job (MB)
	117872  -  ResidentSetSize of job (KB)
...
006 (453.681.000) 2022-04-06 15:28:18 Image size of job updated: 804872
	317  -  MemoryUsage of job (MB)
	324120  -  ResidentSetSize of job (KB)
...
006 (453.681.000) 2022-04-06 16:03:22 Image size of job updated: 804872
	317  -  MemoryUsage of job (MB)
	324472  -  ResidentSetSize of job (KB)
...
006 (453.681.000) 2022-04-06 16:08:23 Image size of job updated: 804872
	318  -  MemoryUsage of job (MB)
	324736  -  ResidentSetSize of job (KB)
...
006 (453.681.000) 2022-04-06 16:13:24 Image size of job updated: 804872
	318  -  MemoryUsage of job (MB)
	325000  -  ResidentSetSize of job (KB)
...
006 (453.681.000) 2022-04-06 16:18:24 Image size of job updated: 804872
	318  -  MemoryUsage of job (MB)
	325264  -  ResidentSetSize of job (KB)
...
006 (453.681.000) 2022-04-06 16:23:24 Image size of job updated: 804872
	318  -  MemoryUsage of job (MB)
	325528  -  ResidentSetSize of job (KB)
...
006 (453.681.000) 2022-04-06 16:28:26 Image size of job updated: 804872
	319  -  MemoryUsage of job (MB)
	325660  -  ResidentSetSize of job (KB)
...
006 (453.681.000) 2022-04-06 16:33:26 Image size of job updated: 804872
	319  -  MemoryUsage of job (MB)
	325924  -  ResidentSetSize of job (KB)
...
006 (453.681.000) 2022-04-06 16:38:26 Image size of job updated: 804872
	319  -  MemoryUsage of job (MB)
	326188  -  ResidentSetSize of job (KB)
...
006 (453.681.000) 2022-04-06 16:43:27 Image size of job updated: 804872
	319  -  MemoryUsage of job (MB)
	326452  -  ResidentSetSize of job (KB)
...
006 (453.681.000) 2022-04-06 16:48:28 Image size of job updated: 804872
	319  -  MemoryUsage of job (MB)
	326584  -  ResidentSetSize of job (KB)
...
006 (453.681.000) 2022-04-06 16:53:28 Image size of job updated: 804872
	320  -  MemoryUsage of job (MB)
	326716  -  ResidentSetSize of job (KB)
...
006 (453.681.000) 2022-04-06 16:58:28 Image size of job updated: 804872
	320  -  MemoryUsage of job (MB)
	326848  -  ResidentSetSize of job (KB)
...
006 (453.681.000) 2022-04-06 17:03:29 Image size of job updated: 804872
	320  -  MemoryUsage of job (MB)
	327112  -  ResidentSetSize of job (KB)
...
006 (453.681.000) 2022-04-06 17:08:29 Image size of job updated: 804872
	320  -  MemoryUsage of job (MB)
	327376  -  ResidentSetSize of job (KB)
...
006 (453.681.000) 2022-04-06 17:13:29 Image size of job updated: 804872
	320  -  MemoryUsage of job (MB)
	327508  -  ResidentSetSize of job (KB)
...
006 (453.681.000) 2022-04-06 17:18:30 Image size of job updated: 804872
	321  -  MemoryUsage of job (MB)
	327772  -  ResidentSetSize of job (KB)
...
006 (453.681.000) 2022-04-06 17:23:31 Image size of job updated: 804872
	321  -  MemoryUsage of job (MB)
	328036  -  ResidentSetSize of job (KB)
...
006 (453.681.000) 2022-04-06 17:28:31 Image size of job updated: 804872
	321  -  MemoryUsage of job (MB)
	328300  -  ResidentSetSize of job (KB)
...
006 (453.681.000) 2022-04-06 17:33:32 Image size of job updated: 804872
	321  -  MemoryUsage of job (MB)
	328564  -  ResidentSetSize of job (KB)
...
006 (453.681.000) 2022-04-06 17:38:33 Image size of job updated: 804872
	321  -  MemoryUsage of job (MB)
	328696  -  ResidentSetSize of job (KB)
...
006 (453.681.000) 2022-04-06 17:43:33 Image size of job updated: 804872
	322  -  MemoryUsage of job (MB)
	328960  -  ResidentSetSize of job (KB)
...
006 (453.681.000) 2022-04-06 17:48:33 Image size of job updated: 804872
	322  -  MemoryUsage of job (MB)
	329224  -  ResidentSetSize of job (KB)
...
005 (453.681.000) 2022-04-06 17:49:04 Job terminated.
	(1) Normal termination (return value 0)
		Usr 0 02:24:57, Sys 0 00:00:28  -  Run Remote Usage
		Usr 0 00:00:00, Sys 0 00:00:00  -  Run Local Usage
		Usr 0 02:24:57, Sys 0 00:00:28  -  Total Remote Usage
		Usr 0 00:00:00, Sys 0 00:00:00  -  Total Local Usage
	0  -  Run Bytes Sent By Job
	0  -  Run Bytes Received By Job
	0  -  Total Bytes Sent By Job
	0  -  Total Bytes Received By Job
	Partitionable Resources :    Usage  Request Allocated 
	   Cpus                 :     1.00        1         1 
	   Disk (KB)            :  7500        7500     10998 
	   Memory (MB)          :   322        1024      1024 

	Job terminated of its own accord at 2022-04-06T15:49:04Z with exit-code 0.
...
