000 (453.000.000) 2022-04-05 18:55:36 Job submitted from host: <10.18.24.243:9618?addrs=10.18.24.243-9618&alias=ecoclusts01.bioclust.biologie.ens.fr&noUDP&sock=schedd_1052_29b8>
...
001 (453.000.000) 2022-04-06 04:03:57 Job executing on host: <10.18.24.133:9618?addrs=10.18.24.133-9618&alias=dyoclust06.bioclust.biologie.ens.fr&noUDP&sock=startd_804_0e3b>
...
006 (453.000.000) 2022-04-06 04:04:06 Image size of job updated: 221336
	82  -  MemoryUsage of job (MB)
	82976  -  ResidentSetSize of job (KB)
...
006 (453.000.000) 2022-04-06 04:09:07 Image size of job updated: 741880
	317  -  MemoryUsage of job (MB)
	324324  -  ResidentSetSize of job (KB)
...
006 (453.000.000) 2022-04-06 04:14:07 Image size of job updated: 774648
	317  -  MemoryUsage of job (MB)
	324412  -  ResidentSetSize of job (KB)
...
006 (453.000.000) 2022-04-06 04:54:12 Image size of job updated: 774904
	317  -  MemoryUsage of job (MB)
	324544  -  ResidentSetSize of job (KB)
...
006 (453.000.000) 2022-04-06 04:59:13 Image size of job updated: 775160
	318  -  MemoryUsage of job (MB)
	324676  -  ResidentSetSize of job (KB)
...
006 (453.000.000) 2022-04-06 05:04:13 Image size of job updated: 775160
	318  -  MemoryUsage of job (MB)
	324808  -  ResidentSetSize of job (KB)
...
006 (453.000.000) 2022-04-06 05:09:13 Image size of job updated: 775416
	318  -  MemoryUsage of job (MB)
	325072  -  ResidentSetSize of job (KB)
...
006 (453.000.000) 2022-04-06 05:14:14 Image size of job updated: 775672
	318  -  MemoryUsage of job (MB)
	325204  -  ResidentSetSize of job (KB)
...
006 (453.000.000) 2022-04-06 05:19:15 Image size of job updated: 775928
	318  -  MemoryUsage of job (MB)
	325468  -  ResidentSetSize of job (KB)
...
006 (453.000.000) 2022-04-06 05:24:15 Image size of job updated: 776184
	319  -  MemoryUsage of job (MB)
	325732  -  ResidentSetSize of job (KB)
...
006 (453.000.000) 2022-04-06 05:29:16 Image size of job updated: 776184
	319  -  MemoryUsage of job (MB)
	325864  -  ResidentSetSize of job (KB)
...
006 (453.000.000) 2022-04-06 05:34:17 Image size of job updated: 776440
	319  -  MemoryUsage of job (MB)
	326128  -  ResidentSetSize of job (KB)
...
006 (453.000.000) 2022-04-06 05:39:17 Image size of job updated: 776696
	319  -  MemoryUsage of job (MB)
	326392  -  ResidentSetSize of job (KB)
...
006 (453.000.000) 2022-04-06 05:44:17 Image size of job updated: 776952
	319  -  MemoryUsage of job (MB)
	326524  -  ResidentSetSize of job (KB)
...
006 (453.000.000) 2022-04-06 05:54:19 Image size of job updated: 776952
	319  -  MemoryUsage of job (MB)
	326656  -  ResidentSetSize of job (KB)
...
006 (453.000.000) 2022-04-06 05:59:19 Image size of job updated: 777208
	320  -  MemoryUsage of job (MB)
	326788  -  ResidentSetSize of job (KB)
...
006 (453.000.000) 2022-04-06 06:04:20 Image size of job updated: 777464
	320  -  MemoryUsage of job (MB)
	327052  -  ResidentSetSize of job (KB)
...
006 (453.000.000) 2022-04-06 06:09:21 Image size of job updated: 777720
	320  -  MemoryUsage of job (MB)
	327316  -  ResidentSetSize of job (KB)
...
006 (453.000.000) 2022-04-06 06:14:21 Image size of job updated: 777976
	320  -  MemoryUsage of job (MB)
	327448  -  ResidentSetSize of job (KB)
...
006 (453.000.000) 2022-04-06 06:19:21 Image size of job updated: 777976
	321  -  MemoryUsage of job (MB)
	327712  -  ResidentSetSize of job (KB)
...
006 (453.000.000) 2022-04-06 06:24:22 Image size of job updated: 778232
	321  -  MemoryUsage of job (MB)
	327844  -  ResidentSetSize of job (KB)
...
006 (453.000.000) 2022-04-06 06:29:23 Image size of job updated: 778488
	321  -  MemoryUsage of job (MB)
	328108  -  ResidentSetSize of job (KB)
...
006 (453.000.000) 2022-04-06 06:34:23 Image size of job updated: 778744
	321  -  MemoryUsage of job (MB)
	328240  -  ResidentSetSize of job (KB)
...
006 (453.000.000) 2022-04-06 06:39:24 Image size of job updated: 779000
	321  -  MemoryUsage of job (MB)
	328504  -  ResidentSetSize of job (KB)
...
006 (453.000.000) 2022-04-06 06:44:25 Image size of job updated: 779000
	321  -  MemoryUsage of job (MB)
	328636  -  ResidentSetSize of job (KB)
...
006 (453.000.000) 2022-04-06 06:49:25 Image size of job updated: 779256
	322  -  MemoryUsage of job (MB)
	328900  -  ResidentSetSize of job (KB)
...
006 (453.000.000) 2022-04-06 06:54:25 Image size of job updated: 779512
	322  -  MemoryUsage of job (MB)
	329032  -  ResidentSetSize of job (KB)
...
005 (453.000.000) 2022-04-06 06:58:39 Job terminated.
	(1) Normal termination (return value 0)
		Usr 0 02:53:28, Sys 0 00:00:26  -  Run Remote Usage
		Usr 0 00:00:00, Sys 0 00:00:00  -  Run Local Usage
		Usr 0 02:53:28, Sys 0 00:00:26  -  Total Remote Usage
		Usr 0 00:00:00, Sys 0 00:00:00  -  Total Local Usage
	0  -  Run Bytes Sent By Job
	0  -  Run Bytes Received By Job
	0  -  Total Bytes Sent By Job
	0  -  Total Bytes Received By Job
	Partitionable Resources :    Usage  Request Allocated 
	   Cpus                 :     1.00        1         1 
	   Disk (KB)            :  7500        7500     10015 
	   Memory (MB)          :   322        1024      1024 

	Job terminated of its own accord at 2022-04-06T04:58:39Z with exit-code 0.
...
