000 (453.724.000) 2022-04-05 18:55:39 Job submitted from host: <10.18.24.243:9618?addrs=10.18.24.243-9618&alias=ecoclusts01.bioclust.biologie.ens.fr&noUDP&sock=schedd_1052_29b8>
...
001 (453.724.000) 2022-04-06 16:14:46 Job executing on host: <10.18.24.135:9618?addrs=10.18.24.135-9618&alias=dyoclust08.bioclust.biologie.ens.fr&noUDP&sock=startd_793_82b1>
...
006 (453.724.000) 2022-04-06 16:14:55 Image size of job updated: 185288
	181  -  MemoryUsage of job (MB)
	185288  -  ResidentSetSize of job (KB)
...
006 (453.724.000) 2022-04-06 16:19:56 Image size of job updated: 741624
	317  -  MemoryUsage of job (MB)
	324040  -  ResidentSetSize of job (KB)
...
006 (453.724.000) 2022-04-06 16:24:56 Image size of job updated: 774392
	317  -  MemoryUsage of job (MB)
	324128  -  ResidentSetSize of job (KB)
...
006 (453.724.000) 2022-04-06 17:35:02 Image size of job updated: 774648
	317  -  MemoryUsage of job (MB)
	324128  -  ResidentSetSize of job (KB)
...
006 (453.724.000) 2022-04-06 17:45:04 Image size of job updated: 774648
	317  -  MemoryUsage of job (MB)
	324260  -  ResidentSetSize of job (KB)
...
006 (453.724.000) 2022-04-06 18:10:07 Image size of job updated: 774648
	317  -  MemoryUsage of job (MB)
	324392  -  ResidentSetSize of job (KB)
...
006 (453.724.000) 2022-04-06 18:15:07 Image size of job updated: 774904
	317  -  MemoryUsage of job (MB)
	324392  -  ResidentSetSize of job (KB)
...
006 (453.724.000) 2022-04-06 18:35:10 Image size of job updated: 774904
	317  -  MemoryUsage of job (MB)
	324524  -  ResidentSetSize of job (KB)
...
006 (453.724.000) 2022-04-06 19:00:12 Image size of job updated: 774904
	318  -  MemoryUsage of job (MB)
	324656  -  ResidentSetSize of job (KB)
...
006 (453.724.000) 2022-04-06 19:10:14 Image size of job updated: 775160
	318  -  MemoryUsage of job (MB)
	324656  -  ResidentSetSize of job (KB)
...
006 (453.724.000) 2022-04-06 19:35:16 Image size of job updated: 775160
	318  -  MemoryUsage of job (MB)
	324788  -  ResidentSetSize of job (KB)
...
006 (453.724.000) 2022-04-06 20:00:18 Image size of job updated: 775160
	318  -  MemoryUsage of job (MB)
	324920  -  ResidentSetSize of job (KB)
...
006 (453.724.000) 2022-04-06 20:10:20 Image size of job updated: 775416
	318  -  MemoryUsage of job (MB)
	324920  -  ResidentSetSize of job (KB)
...
006 (453.724.000) 2022-04-06 20:25:21 Image size of job updated: 775416
	318  -  MemoryUsage of job (MB)
	325052  -  ResidentSetSize of job (KB)
...
006 (453.724.000) 2022-04-06 20:50:24 Image size of job updated: 775416
	318  -  MemoryUsage of job (MB)
	325184  -  ResidentSetSize of job (KB)
...
006 (453.724.000) 2022-04-06 21:00:24 Image size of job updated: 775672
	318  -  MemoryUsage of job (MB)
	325184  -  ResidentSetSize of job (KB)
...
006 (453.724.000) 2022-04-06 21:25:27 Image size of job updated: 775672
	318  -  MemoryUsage of job (MB)
	325316  -  ResidentSetSize of job (KB)
...
006 (453.724.000) 2022-04-06 21:45:30 Image size of job updated: 775928
	318  -  MemoryUsage of job (MB)
	325448  -  ResidentSetSize of job (KB)
...
006 (453.724.000) 2022-04-06 22:10:33 Image size of job updated: 775928
	318  -  MemoryUsage of job (MB)
	325580  -  ResidentSetSize of job (KB)
...
006 (453.724.000) 2022-04-06 22:35:36 Image size of job updated: 775928
	319  -  MemoryUsage of job (MB)
	325712  -  ResidentSetSize of job (KB)
...
006 (453.724.000) 2022-04-06 22:40:36 Image size of job updated: 776184
	319  -  MemoryUsage of job (MB)
	325712  -  ResidentSetSize of job (KB)
...
006 (453.724.000) 2022-04-06 23:05:38 Image size of job updated: 776184
	319  -  MemoryUsage of job (MB)
	325844  -  ResidentSetSize of job (KB)
...
006 (453.724.000) 2022-04-06 23:25:40 Image size of job updated: 776440
	319  -  MemoryUsage of job (MB)
	325976  -  ResidentSetSize of job (KB)
...
006 (453.724.000) 2022-04-06 23:50:43 Image size of job updated: 776440
	319  -  MemoryUsage of job (MB)
	326108  -  ResidentSetSize of job (KB)
...
006 (453.724.000) 2022-04-07 00:10:44 Image size of job updated: 776696
	319  -  MemoryUsage of job (MB)
	326240  -  ResidentSetSize of job (KB)
...
006 (453.724.000) 2022-04-07 00:35:47 Image size of job updated: 776696
	319  -  MemoryUsage of job (MB)
	326372  -  ResidentSetSize of job (KB)
...
006 (453.724.000) 2022-04-07 00:55:49 Image size of job updated: 776952
	319  -  MemoryUsage of job (MB)
	326372  -  ResidentSetSize of job (KB)
...
006 (453.724.000) 2022-04-07 01:00:50 Image size of job updated: 776952
	319  -  MemoryUsage of job (MB)
	326504  -  ResidentSetSize of job (KB)
...
006 (453.724.000) 2022-04-07 01:15:50 Image size of job updated: 776952
	319  -  MemoryUsage of job (MB)
	326636  -  ResidentSetSize of job (KB)
...
006 (453.724.000) 2022-04-07 02:35:59 Image size of job updated: 777208
	319  -  MemoryUsage of job (MB)
	326636  -  ResidentSetSize of job (KB)
...
006 (453.724.000) 2022-04-07 02:40:59 Image size of job updated: 777208
	320  -  MemoryUsage of job (MB)
	326748  -  ResidentSetSize of job (KB)
...
006 (453.724.000) 2022-04-07 03:01:01 Image size of job updated: 777208
	320  -  MemoryUsage of job (MB)
	326880  -  ResidentSetSize of job (KB)
...
006 (453.724.000) 2022-04-07 03:21:04 Image size of job updated: 777464
	320  -  MemoryUsage of job (MB)
	327012  -  ResidentSetSize of job (KB)
...
006 (453.724.000) 2022-04-07 03:46:07 Image size of job updated: 777464
	320  -  MemoryUsage of job (MB)
	327144  -  ResidentSetSize of job (KB)
...
006 (453.724.000) 2022-04-07 04:01:08 Image size of job updated: 777720
	320  -  MemoryUsage of job (MB)
	327276  -  ResidentSetSize of job (KB)
...
006 (453.724.000) 2022-04-07 04:21:10 Image size of job updated: 777720
	320  -  MemoryUsage of job (MB)
	327408  -  ResidentSetSize of job (KB)
...
006 (453.724.000) 2022-04-07 04:36:12 Image size of job updated: 777976
	320  -  MemoryUsage of job (MB)
	327540  -  ResidentSetSize of job (KB)
...
006 (453.724.000) 2022-04-07 05:01:14 Image size of job updated: 777976
	320  -  MemoryUsage of job (MB)
	327672  -  ResidentSetSize of job (KB)
...
006 (453.724.000) 2022-04-07 05:16:16 Image size of job updated: 778232
	320  -  MemoryUsage of job (MB)
	327672  -  ResidentSetSize of job (KB)
...
006 (453.724.000) 2022-04-07 05:21:16 Image size of job updated: 778232
	321  -  MemoryUsage of job (MB)
	327804  -  ResidentSetSize of job (KB)
...
006 (453.724.000) 2022-04-07 05:36:18 Image size of job updated: 778232
	321  -  MemoryUsage of job (MB)
	327936  -  ResidentSetSize of job (KB)
...
006 (453.724.000) 2022-04-07 05:51:19 Image size of job updated: 778488
	321  -  MemoryUsage of job (MB)
	327936  -  ResidentSetSize of job (KB)
...
006 (453.724.000) 2022-04-07 05:56:20 Image size of job updated: 778488
	321  -  MemoryUsage of job (MB)
	328068  -  ResidentSetSize of job (KB)
...
006 (453.724.000) 2022-04-07 06:11:21 Image size of job updated: 778488
	321  -  MemoryUsage of job (MB)
	328200  -  ResidentSetSize of job (KB)
...
006 (453.724.000) 2022-04-07 06:26:22 Image size of job updated: 778744
	321  -  MemoryUsage of job (MB)
	328200  -  ResidentSetSize of job (KB)
...
006 (453.724.000) 2022-04-07 06:31:23 Image size of job updated: 778744
	321  -  MemoryUsage of job (MB)
	328332  -  ResidentSetSize of job (KB)
...
006 (453.724.000) 2022-04-07 06:51:25 Image size of job updated: 778744
	321  -  MemoryUsage of job (MB)
	328464  -  ResidentSetSize of job (KB)
...
006 (453.724.000) 2022-04-07 07:01:27 Image size of job updated: 779000
	321  -  MemoryUsage of job (MB)
	328464  -  ResidentSetSize of job (KB)
...
006 (453.724.000) 2022-04-07 07:06:27 Image size of job updated: 779000
	321  -  MemoryUsage of job (MB)
	328596  -  ResidentSetSize of job (KB)
...
006 (453.724.000) 2022-04-07 07:26:29 Image size of job updated: 779000
	322  -  MemoryUsage of job (MB)
	328728  -  ResidentSetSize of job (KB)
...
006 (453.724.000) 2022-04-07 07:36:30 Image size of job updated: 779256
	322  -  MemoryUsage of job (MB)
	328728  -  ResidentSetSize of job (KB)
...
006 (453.724.000) 2022-04-07 07:41:31 Image size of job updated: 779256
	322  -  MemoryUsage of job (MB)
	328860  -  ResidentSetSize of job (KB)
...
006 (453.724.000) 2022-04-07 08:01:33 Image size of job updated: 779256
	322  -  MemoryUsage of job (MB)
	328992  -  ResidentSetSize of job (KB)
...
006 (453.724.000) 2022-04-07 08:11:34 Image size of job updated: 779512
	322  -  MemoryUsage of job (MB)
	328992  -  ResidentSetSize of job (KB)
...
006 (453.724.000) 2022-04-07 08:21:35 Image size of job updated: 779512
	322  -  MemoryUsage of job (MB)
	329124  -  ResidentSetSize of job (KB)
...
006 (453.724.000) 2022-04-07 08:36:36 Image size of job updated: 779512
	322  -  MemoryUsage of job (MB)
	329256  -  ResidentSetSize of job (KB)
...
006 (453.724.000) 2022-04-07 08:46:38 Image size of job updated: 779768
	322  -  MemoryUsage of job (MB)
	329256  -  ResidentSetSize of job (KB)
...
005 (453.724.000) 2022-04-07 08:46:38 Job terminated.
	(1) Normal termination (return value 0)
		Usr 0 16:30:50, Sys 0 00:00:27  -  Run Remote Usage
		Usr 0 00:00:00, Sys 0 00:00:00  -  Run Local Usage
		Usr 0 16:30:50, Sys 0 00:00:27  -  Total Remote Usage
		Usr 0 00:00:00, Sys 0 00:00:00  -  Total Local Usage
	0  -  Run Bytes Sent By Job
	0  -  Run Bytes Received By Job
	0  -  Total Bytes Sent By Job
	0  -  Total Bytes Received By Job
	Partitionable Resources :    Usage  Request Allocated 
	   Cpus                 :     1.00        1         1 
	   Disk (KB)            :  7500        7500     10998 
	   Memory (MB)          :   322        1024      1024 

	Job terminated of its own accord at 2022-04-07T06:46:38Z with exit-code 0.
...
