000 (453.809.000) 2022-04-05 18:55:40 Job submitted from host: <10.18.24.243:9618?addrs=10.18.24.243-9618&alias=ecoclusts01.bioclust.biologie.ens.fr&noUDP&sock=schedd_1052_29b8>
...
001 (453.809.000) 2022-04-06 18:17:54 Job executing on host: <10.18.24.177:9618?addrs=10.18.24.177-9618&alias=mcbsclust06.bioclust.biologie.ens.fr&noUDP&sock=startd_945_c516>
...
006 (453.809.000) 2022-04-06 18:18:03 Image size of job updated: 453612
	443  -  MemoryUsage of job (MB)
	453612  -  ResidentSetSize of job (KB)
...
006 (453.809.000) 2022-04-06 18:23:04 Image size of job updated: 741620
	445  -  MemoryUsage of job (MB)
	455660  -  ResidentSetSize of job (KB)
...
006 (453.809.000) 2022-04-06 18:28:05 Image size of job updated: 774388
	445  -  MemoryUsage of job (MB)
	455660  -  ResidentSetSize of job (KB)
...
006 (453.809.000) 2022-04-06 20:53:18 Image size of job updated: 774644
	445  -  MemoryUsage of job (MB)
	455660  -  ResidentSetSize of job (KB)
...
006 (453.809.000) 2022-04-06 22:13:26 Image size of job updated: 774900
	445  -  MemoryUsage of job (MB)
	455660  -  ResidentSetSize of job (KB)
...
006 (453.809.000) 2022-04-06 23:48:36 Image size of job updated: 775156
	445  -  MemoryUsage of job (MB)
	455660  -  ResidentSetSize of job (KB)
...
006 (453.809.000) 2022-04-07 01:33:45 Image size of job updated: 775412
	445  -  MemoryUsage of job (MB)
	455660  -  ResidentSetSize of job (KB)
...
006 (453.809.000) 2022-04-07 03:03:54 Image size of job updated: 775668
	445  -  MemoryUsage of job (MB)
	455660  -  ResidentSetSize of job (KB)
...
006 (453.809.000) 2022-04-07 04:24:02 Image size of job updated: 775924
	445  -  MemoryUsage of job (MB)
	455660  -  ResidentSetSize of job (KB)
...
006 (453.809.000) 2022-04-07 05:44:11 Image size of job updated: 776180
	445  -  MemoryUsage of job (MB)
	455660  -  ResidentSetSize of job (KB)
...
006 (453.809.000) 2022-04-07 07:14:18 Image size of job updated: 776436
	445  -  MemoryUsage of job (MB)
	455660  -  ResidentSetSize of job (KB)
...
006 (453.809.000) 2022-04-07 08:29:25 Image size of job updated: 776692
	445  -  MemoryUsage of job (MB)
	455660  -  ResidentSetSize of job (KB)
...
006 (453.809.000) 2022-04-07 09:44:32 Image size of job updated: 776948
	445  -  MemoryUsage of job (MB)
	455660  -  ResidentSetSize of job (KB)
...
006 (453.809.000) 2022-04-07 12:49:50 Image size of job updated: 777204
	445  -  MemoryUsage of job (MB)
	455660  -  ResidentSetSize of job (KB)
...
006 (453.809.000) 2022-04-07 14:14:59 Image size of job updated: 777460
	445  -  MemoryUsage of job (MB)
	455660  -  ResidentSetSize of job (KB)
...
006 (453.809.000) 2022-04-07 15:40:09 Image size of job updated: 777716
	445  -  MemoryUsage of job (MB)
	455660  -  ResidentSetSize of job (KB)
...
006 (453.809.000) 2022-04-07 17:05:18 Image size of job updated: 777972
	445  -  MemoryUsage of job (MB)
	455660  -  ResidentSetSize of job (KB)
...
006 (453.809.000) 2022-04-07 18:30:28 Image size of job updated: 778228
	445  -  MemoryUsage of job (MB)
	455660  -  ResidentSetSize of job (KB)
...
006 (453.809.000) 2022-04-07 19:50:35 Image size of job updated: 778484
	445  -  MemoryUsage of job (MB)
	455660  -  ResidentSetSize of job (KB)
...
006 (453.809.000) 2022-04-07 21:05:42 Image size of job updated: 778740
	445  -  MemoryUsage of job (MB)
	455660  -  ResidentSetSize of job (KB)
...
006 (453.809.000) 2022-04-07 22:15:48 Image size of job updated: 778996
	445  -  MemoryUsage of job (MB)
	455660  -  ResidentSetSize of job (KB)
...
006 (453.809.000) 2022-04-07 23:25:55 Image size of job updated: 779252
	445  -  MemoryUsage of job (MB)
	455660  -  ResidentSetSize of job (KB)
...
006 (453.809.000) 2022-04-08 00:26:01 Image size of job updated: 779508
	445  -  MemoryUsage of job (MB)
	455660  -  ResidentSetSize of job (KB)
...
006 (453.809.000) 2022-04-08 01:26:10 Image size of job updated: 779764
	445  -  MemoryUsage of job (MB)
	455660  -  ResidentSetSize of job (KB)
...
005 (453.809.000) 2022-04-08 01:32:31 Job terminated.
	(1) Normal termination (return value 0)
		Usr 1 07:11:13, Sys 0 00:00:14  -  Run Remote Usage
		Usr 0 00:00:00, Sys 0 00:00:00  -  Run Local Usage
		Usr 1 07:11:13, Sys 0 00:00:14  -  Total Remote Usage
		Usr 0 00:00:00, Sys 0 00:00:00  -  Total Local Usage
	0  -  Run Bytes Sent By Job
	0  -  Run Bytes Received By Job
	0  -  Total Bytes Sent By Job
	0  -  Total Bytes Received By Job
	Partitionable Resources :    Usage  Request Allocated 
	   Cpus                 :     1.00        1         1 
	   Disk (KB)            :  7500        7500     10998 
	   Memory (MB)          :   445        1024      1024 

	Job terminated of its own accord at 2022-04-07T23:32:30Z with exit-code 0.
...
