000 (453.150.000) 2022-04-05 18:55:37 Job submitted from host: <10.18.24.243:9618?addrs=10.18.24.243-9618&alias=ecoclusts01.bioclust.biologie.ens.fr&noUDP&sock=schedd_1052_29b8>
...
001 (453.150.000) 2022-04-06 06:18:01 Job executing on host: <10.18.24.141:9618?addrs=10.18.24.141-9618&alias=dyoclust14.bioclust.biologie.ens.fr&noUDP&sock=startd_801_ff73>
...
006 (453.150.000) 2022-04-06 06:18:10 Image size of job updated: 544432
	237  -  MemoryUsage of job (MB)
	242440  -  ResidentSetSize of job (KB)
...
006 (453.150.000) 2022-04-06 06:23:11 Image size of job updated: 741880
	317  -  MemoryUsage of job (MB)
	324336  -  ResidentSetSize of job (KB)
...
006 (453.150.000) 2022-04-06 06:28:12 Image size of job updated: 774648
	317  -  MemoryUsage of job (MB)
	324336  -  ResidentSetSize of job (KB)
...
006 (453.150.000) 2022-04-06 08:58:24 Image size of job updated: 774904
	317  -  MemoryUsage of job (MB)
	324336  -  ResidentSetSize of job (KB)
...
006 (453.150.000) 2022-04-06 09:13:25 Image size of job updated: 774904
	317  -  MemoryUsage of job (MB)
	324468  -  ResidentSetSize of job (KB)
...
006 (453.150.000) 2022-04-06 09:48:29 Image size of job updated: 774904
	317  -  MemoryUsage of job (MB)
	324600  -  ResidentSetSize of job (KB)
...
006 (453.150.000) 2022-04-06 10:18:33 Image size of job updated: 775160
	317  -  MemoryUsage of job (MB)
	324600  -  ResidentSetSize of job (KB)
...
006 (453.150.000) 2022-04-06 10:33:35 Image size of job updated: 775160
	318  -  MemoryUsage of job (MB)
	324732  -  ResidentSetSize of job (KB)
...
006 (453.150.000) 2022-04-06 11:23:41 Image size of job updated: 775160
	318  -  MemoryUsage of job (MB)
	324864  -  ResidentSetSize of job (KB)
...
006 (453.150.000) 2022-04-06 11:48:43 Image size of job updated: 775416
	318  -  MemoryUsage of job (MB)
	324864  -  ResidentSetSize of job (KB)
...
006 (453.150.000) 2022-04-06 12:03:45 Image size of job updated: 775416
	318  -  MemoryUsage of job (MB)
	324996  -  ResidentSetSize of job (KB)
...
006 (453.150.000) 2022-04-06 12:43:48 Image size of job updated: 775416
	318  -  MemoryUsage of job (MB)
	325128  -  ResidentSetSize of job (KB)
...
006 (453.150.000) 2022-04-06 13:08:52 Image size of job updated: 775672
	318  -  MemoryUsage of job (MB)
	325128  -  ResidentSetSize of job (KB)
...
006 (453.150.000) 2022-04-06 13:23:53 Image size of job updated: 775672
	318  -  MemoryUsage of job (MB)
	325260  -  ResidentSetSize of job (KB)
...
006 (453.150.000) 2022-04-06 14:13:59 Image size of job updated: 775672
	318  -  MemoryUsage of job (MB)
	325392  -  ResidentSetSize of job (KB)
...
006 (453.150.000) 2022-04-06 14:29:00 Image size of job updated: 775928
	318  -  MemoryUsage of job (MB)
	325392  -  ResidentSetSize of job (KB)
...
006 (453.150.000) 2022-04-06 14:54:04 Image size of job updated: 775928
	318  -  MemoryUsage of job (MB)
	325524  -  ResidentSetSize of job (KB)
...
006 (453.150.000) 2022-04-06 15:34:08 Image size of job updated: 775928
	319  -  MemoryUsage of job (MB)
	325656  -  ResidentSetSize of job (KB)
...
006 (453.150.000) 2022-04-06 15:49:09 Image size of job updated: 776184
	319  -  MemoryUsage of job (MB)
	325656  -  ResidentSetSize of job (KB)
...
006 (453.150.000) 2022-04-06 16:14:11 Image size of job updated: 776184
	319  -  MemoryUsage of job (MB)
	325788  -  ResidentSetSize of job (KB)
...
006 (453.150.000) 2022-04-06 17:04:16 Image size of job updated: 776184
	319  -  MemoryUsage of job (MB)
	325920  -  ResidentSetSize of job (KB)
...
006 (453.150.000) 2022-04-06 17:14:17 Image size of job updated: 776440
	319  -  MemoryUsage of job (MB)
	325920  -  ResidentSetSize of job (KB)
...
006 (453.150.000) 2022-04-06 17:44:20 Image size of job updated: 776440
	319  -  MemoryUsage of job (MB)
	326052  -  ResidentSetSize of job (KB)
...
006 (453.150.000) 2022-04-06 18:24:24 Image size of job updated: 776440
	319  -  MemoryUsage of job (MB)
	326184  -  ResidentSetSize of job (KB)
...
006 (453.150.000) 2022-04-06 18:34:25 Image size of job updated: 776696
	319  -  MemoryUsage of job (MB)
	326184  -  ResidentSetSize of job (KB)
...
006 (453.150.000) 2022-04-06 19:14:30 Image size of job updated: 776696
	319  -  MemoryUsage of job (MB)
	326316  -  ResidentSetSize of job (KB)
...
006 (453.150.000) 2022-04-06 19:39:31 Image size of job updated: 776696
	319  -  MemoryUsage of job (MB)
	326448  -  ResidentSetSize of job (KB)
...
006 (453.150.000) 2022-04-06 19:54:33 Image size of job updated: 776952
	319  -  MemoryUsage of job (MB)
	326448  -  ResidentSetSize of job (KB)
...
006 (453.150.000) 2022-04-06 20:29:37 Image size of job updated: 776952
	319  -  MemoryUsage of job (MB)
	326580  -  ResidentSetSize of job (KB)
...
006 (453.150.000) 2022-04-06 22:54:50 Image size of job updated: 776952
	320  -  MemoryUsage of job (MB)
	326712  -  ResidentSetSize of job (KB)
...
006 (453.150.000) 2022-04-06 22:59:50 Image size of job updated: 777208
	320  -  MemoryUsage of job (MB)
	326712  -  ResidentSetSize of job (KB)
...
006 (453.150.000) 2022-04-06 23:44:56 Image size of job updated: 777208
	320  -  MemoryUsage of job (MB)
	326844  -  ResidentSetSize of job (KB)
...
006 (453.150.000) 2022-04-07 00:25:00 Image size of job updated: 777208
	320  -  MemoryUsage of job (MB)
	326976  -  ResidentSetSize of job (KB)
...
006 (453.150.000) 2022-04-07 00:35:02 Image size of job updated: 777464
	320  -  MemoryUsage of job (MB)
	326976  -  ResidentSetSize of job (KB)
...
006 (453.150.000) 2022-04-07 01:15:05 Image size of job updated: 777464
	320  -  MemoryUsage of job (MB)
	327108  -  ResidentSetSize of job (KB)
...
006 (453.150.000) 2022-04-07 02:05:12 Image size of job updated: 777720
	320  -  MemoryUsage of job (MB)
	327240  -  ResidentSetSize of job (KB)
...
006 (453.150.000) 2022-04-07 02:45:16 Image size of job updated: 777720
	320  -  MemoryUsage of job (MB)
	327372  -  ResidentSetSize of job (KB)
...
006 (453.150.000) 2022-04-07 03:45:23 Image size of job updated: 777976
	320  -  MemoryUsage of job (MB)
	327504  -  ResidentSetSize of job (KB)
...
006 (453.150.000) 2022-04-07 04:25:28 Image size of job updated: 777976
	320  -  MemoryUsage of job (MB)
	327636  -  ResidentSetSize of job (KB)
...
006 (453.150.000) 2022-04-07 05:20:34 Image size of job updated: 778232
	321  -  MemoryUsage of job (MB)
	327768  -  ResidentSetSize of job (KB)
...
006 (453.150.000) 2022-04-07 06:10:40 Image size of job updated: 778232
	321  -  MemoryUsage of job (MB)
	327900  -  ResidentSetSize of job (KB)
...
006 (453.150.000) 2022-04-07 06:50:43 Image size of job updated: 778488
	321  -  MemoryUsage of job (MB)
	328032  -  ResidentSetSize of job (KB)
...
006 (453.150.000) 2022-04-07 07:45:49 Image size of job updated: 778488
	321  -  MemoryUsage of job (MB)
	328164  -  ResidentSetSize of job (KB)
...
006 (453.150.000) 2022-04-07 08:25:54 Image size of job updated: 778744
	321  -  MemoryUsage of job (MB)
	328296  -  ResidentSetSize of job (KB)
...
006 (453.150.000) 2022-04-07 09:21:00 Image size of job updated: 778744
	321  -  MemoryUsage of job (MB)
	328428  -  ResidentSetSize of job (KB)
...
006 (453.150.000) 2022-04-07 10:01:04 Image size of job updated: 779000
	321  -  MemoryUsage of job (MB)
	328428  -  ResidentSetSize of job (KB)
...
006 (453.150.000) 2022-04-07 10:16:05 Image size of job updated: 779000
	321  -  MemoryUsage of job (MB)
	328560  -  ResidentSetSize of job (KB)
...
006 (453.150.000) 2022-04-07 10:56:09 Image size of job updated: 779000
	321  -  MemoryUsage of job (MB)
	328692  -  ResidentSetSize of job (KB)
...
006 (453.150.000) 2022-04-07 11:36:14 Image size of job updated: 779256
	321  -  MemoryUsage of job (MB)
	328692  -  ResidentSetSize of job (KB)
...
006 (453.150.000) 2022-04-07 11:51:16 Image size of job updated: 779256
	322  -  MemoryUsage of job (MB)
	328824  -  ResidentSetSize of job (KB)
...
006 (453.150.000) 2022-04-07 12:46:22 Image size of job updated: 779256
	322  -  MemoryUsage of job (MB)
	328956  -  ResidentSetSize of job (KB)
...
006 (453.150.000) 2022-04-07 13:16:25 Image size of job updated: 779512
	322  -  MemoryUsage of job (MB)
	328956  -  ResidentSetSize of job (KB)
...
006 (453.150.000) 2022-04-07 13:26:27 Image size of job updated: 779512
	322  -  MemoryUsage of job (MB)
	329088  -  ResidentSetSize of job (KB)
...
006 (453.150.000) 2022-04-07 14:21:32 Image size of job updated: 779512
	322  -  MemoryUsage of job (MB)
	329220  -  ResidentSetSize of job (KB)
...
006 (453.150.000) 2022-04-07 14:51:35 Image size of job updated: 779768
	322  -  MemoryUsage of job (MB)
	329220  -  ResidentSetSize of job (KB)
...
005 (453.150.000) 2022-04-07 15:03:00 Job terminated.
	(1) Normal termination (return value 0)
		Usr 1 08:29:47, Sys 0 00:01:07  -  Run Remote Usage
		Usr 0 00:00:00, Sys 0 00:00:00  -  Run Local Usage
		Usr 1 08:29:47, Sys 0 00:01:07  -  Total Remote Usage
		Usr 0 00:00:00, Sys 0 00:00:00  -  Total Local Usage
	0  -  Run Bytes Sent By Job
	0  -  Run Bytes Received By Job
	0  -  Total Bytes Sent By Job
	0  -  Total Bytes Received By Job
	Partitionable Resources :    Usage  Request Allocated 
	   Cpus                 :     1.00        1         1 
	   Disk (KB)            :  7500        7500     10998 
	   Memory (MB)          :   322        1024      1024 

	Job terminated of its own accord at 2022-04-07T13:03:00Z with exit-code 0.
...
