000 (453.479.000) 2022-04-05 18:55:38 Job submitted from host: <10.18.24.243:9618?addrs=10.18.24.243-9618&alias=ecoclusts01.bioclust.biologie.ens.fr&noUDP&sock=schedd_1052_29b8>
...
001 (453.479.000) 2022-04-06 11:28:07 Job executing on host: <10.18.24.1:9618?addrs=10.18.24.1-9618&alias=bioclust01.bioclust.biologie.ens.fr&noUDP&sock=startd_2562081_0a2b>
...
006 (453.479.000) 2022-04-06 11:28:16 Image size of job updated: 205296
	201  -  MemoryUsage of job (MB)
	205296  -  ResidentSetSize of job (KB)
...
006 (453.479.000) 2022-04-06 11:33:17 Image size of job updated: 741620
	303  -  MemoryUsage of job (MB)
	309312  -  ResidentSetSize of job (KB)
...
006 (453.479.000) 2022-04-06 11:38:17 Image size of job updated: 774388
	317  -  MemoryUsage of job (MB)
	324132  -  ResidentSetSize of job (KB)
...
006 (453.479.000) 2022-04-06 12:28:23 Image size of job updated: 774644
	317  -  MemoryUsage of job (MB)
	324132  -  ResidentSetSize of job (KB)
...
006 (453.479.000) 2022-04-06 12:33:23 Image size of job updated: 774644
	317  -  MemoryUsage of job (MB)
	324396  -  ResidentSetSize of job (KB)
...
006 (453.479.000) 2022-04-06 12:38:24 Image size of job updated: 774900
	317  -  MemoryUsage of job (MB)
	324528  -  ResidentSetSize of job (KB)
...
006 (453.479.000) 2022-04-06 12:48:25 Image size of job updated: 775156
	318  -  MemoryUsage of job (MB)
	324660  -  ResidentSetSize of job (KB)
...
006 (453.479.000) 2022-04-06 12:53:25 Image size of job updated: 775156
	318  -  MemoryUsage of job (MB)
	324792  -  ResidentSetSize of job (KB)
...
006 (453.479.000) 2022-04-06 12:58:26 Image size of job updated: 775412
	318  -  MemoryUsage of job (MB)
	324924  -  ResidentSetSize of job (KB)
...
006 (453.479.000) 2022-04-06 13:03:26 Image size of job updated: 775412
	318  -  MemoryUsage of job (MB)
	325056  -  ResidentSetSize of job (KB)
...
006 (453.479.000) 2022-04-06 13:08:26 Image size of job updated: 775668
	318  -  MemoryUsage of job (MB)
	325188  -  ResidentSetSize of job (KB)
...
006 (453.479.000) 2022-04-06 13:13:27 Image size of job updated: 775668
	318  -  MemoryUsage of job (MB)
	325320  -  ResidentSetSize of job (KB)
...
006 (453.479.000) 2022-04-06 13:18:28 Image size of job updated: 775924
	318  -  MemoryUsage of job (MB)
	325452  -  ResidentSetSize of job (KB)
...
006 (453.479.000) 2022-04-06 13:23:28 Image size of job updated: 775924
	318  -  MemoryUsage of job (MB)
	325584  -  ResidentSetSize of job (KB)
...
006 (453.479.000) 2022-04-06 13:28:29 Image size of job updated: 776180
	319  -  MemoryUsage of job (MB)
	325716  -  ResidentSetSize of job (KB)
...
006 (453.479.000) 2022-04-06 13:33:30 Image size of job updated: 776180
	319  -  MemoryUsage of job (MB)
	325848  -  ResidentSetSize of job (KB)
...
006 (453.479.000) 2022-04-06 13:43:30 Image size of job updated: 776436
	319  -  MemoryUsage of job (MB)
	325980  -  ResidentSetSize of job (KB)
...
006 (453.479.000) 2022-04-06 13:48:31 Image size of job updated: 776436
	319  -  MemoryUsage of job (MB)
	326112  -  ResidentSetSize of job (KB)
...
006 (453.479.000) 2022-04-06 13:53:32 Image size of job updated: 776692
	319  -  MemoryUsage of job (MB)
	326244  -  ResidentSetSize of job (KB)
...
006 (453.479.000) 2022-04-06 13:58:32 Image size of job updated: 776692
	319  -  MemoryUsage of job (MB)
	326376  -  ResidentSetSize of job (KB)
...
006 (453.479.000) 2022-04-06 14:03:32 Image size of job updated: 776948
	319  -  MemoryUsage of job (MB)
	326508  -  ResidentSetSize of job (KB)
...
006 (453.479.000) 2022-04-06 14:18:33 Image size of job updated: 776948
	319  -  MemoryUsage of job (MB)
	326588  -  ResidentSetSize of job (KB)
...
006 (453.479.000) 2022-04-06 14:23:34 Image size of job updated: 777204
	320  -  MemoryUsage of job (MB)
	326720  -  ResidentSetSize of job (KB)
...
006 (453.479.000) 2022-04-06 14:33:35 Image size of job updated: 777204
	320  -  MemoryUsage of job (MB)
	326852  -  ResidentSetSize of job (KB)
...
006 (453.479.000) 2022-04-06 14:38:35 Image size of job updated: 777460
	320  -  MemoryUsage of job (MB)
	326984  -  ResidentSetSize of job (KB)
...
006 (453.479.000) 2022-04-06 14:43:36 Image size of job updated: 777460
	320  -  MemoryUsage of job (MB)
	327116  -  ResidentSetSize of job (KB)
...
006 (453.479.000) 2022-04-06 14:53:36 Image size of job updated: 777716
	320  -  MemoryUsage of job (MB)
	327248  -  ResidentSetSize of job (KB)
...
006 (453.479.000) 2022-04-06 14:58:37 Image size of job updated: 777716
	320  -  MemoryUsage of job (MB)
	327380  -  ResidentSetSize of job (KB)
...
006 (453.479.000) 2022-04-06 15:03:38 Image size of job updated: 777972
	320  -  MemoryUsage of job (MB)
	327512  -  ResidentSetSize of job (KB)
...
006 (453.479.000) 2022-04-06 15:08:38 Image size of job updated: 777972
	320  -  MemoryUsage of job (MB)
	327644  -  ResidentSetSize of job (KB)
...
006 (453.479.000) 2022-04-06 15:18:39 Image size of job updated: 778228
	321  -  MemoryUsage of job (MB)
	327776  -  ResidentSetSize of job (KB)
...
006 (453.479.000) 2022-04-06 15:23:39 Image size of job updated: 778228
	321  -  MemoryUsage of job (MB)
	327908  -  ResidentSetSize of job (KB)
...
006 (453.479.000) 2022-04-06 15:28:39 Image size of job updated: 778484
	321  -  MemoryUsage of job (MB)
	328040  -  ResidentSetSize of job (KB)
...
006 (453.479.000) 2022-04-06 15:33:40 Image size of job updated: 778484
	321  -  MemoryUsage of job (MB)
	328172  -  ResidentSetSize of job (KB)
...
006 (453.479.000) 2022-04-06 15:38:41 Image size of job updated: 778740
	321  -  MemoryUsage of job (MB)
	328172  -  ResidentSetSize of job (KB)
...
006 (453.479.000) 2022-04-06 15:43:41 Image size of job updated: 778740
	321  -  MemoryUsage of job (MB)
	328304  -  ResidentSetSize of job (KB)
...
006 (453.479.000) 2022-04-06 15:48:41 Image size of job updated: 778740
	321  -  MemoryUsage of job (MB)
	328436  -  ResidentSetSize of job (KB)
...
006 (453.479.000) 2022-04-06 15:53:42 Image size of job updated: 778996
	321  -  MemoryUsage of job (MB)
	328568  -  ResidentSetSize of job (KB)
...
006 (453.479.000) 2022-04-06 16:03:42 Image size of job updated: 778996
	321  -  MemoryUsage of job (MB)
	328700  -  ResidentSetSize of job (KB)
...
006 (453.479.000) 2022-04-06 16:08:43 Image size of job updated: 779252
	322  -  MemoryUsage of job (MB)
	328832  -  ResidentSetSize of job (KB)
...
006 (453.479.000) 2022-04-06 16:13:44 Image size of job updated: 779252
	322  -  MemoryUsage of job (MB)
	328964  -  ResidentSetSize of job (KB)
...
006 (453.479.000) 2022-04-06 16:18:44 Image size of job updated: 779508
	322  -  MemoryUsage of job (MB)
	329096  -  ResidentSetSize of job (KB)
...
006 (453.479.000) 2022-04-06 16:28:45 Image size of job updated: 779764
	322  -  MemoryUsage of job (MB)
	329228  -  ResidentSetSize of job (KB)
...
005 (453.479.000) 2022-04-06 16:30:27 Job terminated.
	(1) Normal termination (return value 0)
		Usr 0 05:00:40, Sys 0 00:00:50  -  Run Remote Usage
		Usr 0 00:00:00, Sys 0 00:00:00  -  Run Local Usage
		Usr 0 05:00:40, Sys 0 00:00:50  -  Total Remote Usage
		Usr 0 00:00:00, Sys 0 00:00:00  -  Total Local Usage
	0  -  Run Bytes Sent By Job
	0  -  Run Bytes Received By Job
	0  -  Total Bytes Sent By Job
	0  -  Total Bytes Received By Job
	Partitionable Resources :    Usage  Request Allocated 
	   Cpus                 :     1.00        1         1 
	   Disk (KB)            :  7500        7500      8604 
	   Memory (MB)          :   322        1024      1024 

	Job terminated of its own accord at 2022-04-06T14:30:27Z with exit-code 0.
...
