000 (453.565.000) 2022-04-05 18:55:39 Job submitted from host: <10.18.24.243:9618?addrs=10.18.24.243-9618&alias=ecoclusts01.bioclust.biologie.ens.fr&noUDP&sock=schedd_1052_29b8>
...
001 (453.565.000) 2022-04-06 12:44:48 Job executing on host: <10.18.24.105:9618?addrs=10.18.24.105-9618&alias=ecoclust10.bioclust.biologie.ens.fr&noUDP&sock=startd_1068_233c>
...
006 (453.565.000) 2022-04-06 12:44:56 Image size of job updated: 108484
	50  -  MemoryUsage of job (MB)
	50372  -  ResidentSetSize of job (KB)
...
006 (453.565.000) 2022-04-06 12:49:56 Image size of job updated: 741880
	317  -  MemoryUsage of job (MB)
	324296  -  ResidentSetSize of job (KB)
...
006 (453.565.000) 2022-04-06 12:54:57 Image size of job updated: 741880
	317  -  MemoryUsage of job (MB)
	324340  -  ResidentSetSize of job (KB)
...
005 (453.565.000) 2022-04-06 13:10:53 Job terminated.
	(1) Normal termination (return value 0)
		Usr 0 00:24:38, Sys 0 00:01:04  -  Run Remote Usage
		Usr 0 00:00:00, Sys 0 00:00:00  -  Run Local Usage
		Usr 0 00:24:38, Sys 0 00:01:04  -  Total Remote Usage
		Usr 0 00:00:00, Sys 0 00:00:00  -  Total Local Usage
	0  -  Run Bytes Sent By Job
	0  -  Run Bytes Received By Job
	0  -  Total Bytes Sent By Job
	0  -  Total Bytes Received By Job
	Partitionable Resources :    Usage  Request Allocated 
	   Cpus                 :     1.00        1         1 
	   Disk (KB)            :  7500        7500     10998 
	   Memory (MB)          :   317        1024      1024 

	Job terminated of its own accord at 2022-04-06T11:10:53Z with exit-code 0.
...
