000 (453.414.000) 2022-04-05 18:55:38 Job submitted from host: <10.18.24.243:9618?addrs=10.18.24.243-9618&alias=ecoclusts01.bioclust.biologie.ens.fr&noUDP&sock=schedd_1052_29b8>
...
001 (453.414.000) 2022-04-06 10:09:06 Job executing on host: <10.18.24.8:9618?addrs=10.18.24.8-9618&alias=bioclust08.bioclust.biologie.ens.fr&noUDP&sock=startd_1108_9306>
...
006 (453.414.000) 2022-04-06 10:09:15 Image size of job updated: 611764
	194  -  MemoryUsage of job (MB)
	197816  -  ResidentSetSize of job (KB)
...
006 (453.414.000) 2022-04-06 10:14:15 Image size of job updated: 741876
	317  -  MemoryUsage of job (MB)
	324352  -  ResidentSetSize of job (KB)
...
006 (453.414.000) 2022-04-06 10:19:15 Image size of job updated: 774644
	317  -  MemoryUsage of job (MB)
	324352  -  ResidentSetSize of job (KB)
...
006 (453.414.000) 2022-04-06 11:34:22 Image size of job updated: 774900
	317  -  MemoryUsage of job (MB)
	324352  -  ResidentSetSize of job (KB)
...
006 (453.414.000) 2022-04-06 11:39:22 Image size of job updated: 774900
	317  -  MemoryUsage of job (MB)
	324484  -  ResidentSetSize of job (KB)
...
006 (453.414.000) 2022-04-06 11:44:23 Image size of job updated: 775156
	318  -  MemoryUsage of job (MB)
	324616  -  ResidentSetSize of job (KB)
...
006 (453.414.000) 2022-04-06 11:49:23 Image size of job updated: 775156
	318  -  MemoryUsage of job (MB)
	324748  -  ResidentSetSize of job (KB)
...
006 (453.414.000) 2022-04-06 11:59:23 Image size of job updated: 775156
	318  -  MemoryUsage of job (MB)
	324880  -  ResidentSetSize of job (KB)
...
006 (453.414.000) 2022-04-06 12:04:24 Image size of job updated: 775412
	318  -  MemoryUsage of job (MB)
	324880  -  ResidentSetSize of job (KB)
...
006 (453.414.000) 2022-04-06 12:09:25 Image size of job updated: 775412
	318  -  MemoryUsage of job (MB)
	325012  -  ResidentSetSize of job (KB)
...
006 (453.414.000) 2022-04-06 12:19:25 Image size of job updated: 775668
	318  -  MemoryUsage of job (MB)
	325144  -  ResidentSetSize of job (KB)
...
006 (453.414.000) 2022-04-06 12:24:25 Image size of job updated: 775668
	318  -  MemoryUsage of job (MB)
	325276  -  ResidentSetSize of job (KB)
...
006 (453.414.000) 2022-04-06 12:34:27 Image size of job updated: 775668
	318  -  MemoryUsage of job (MB)
	325408  -  ResidentSetSize of job (KB)
...
006 (453.414.000) 2022-04-06 12:39:27 Image size of job updated: 775924
	318  -  MemoryUsage of job (MB)
	325408  -  ResidentSetSize of job (KB)
...
006 (453.414.000) 2022-04-06 12:44:27 Image size of job updated: 775924
	318  -  MemoryUsage of job (MB)
	325540  -  ResidentSetSize of job (KB)
...
006 (453.414.000) 2022-04-06 12:49:28 Image size of job updated: 776180
	319  -  MemoryUsage of job (MB)
	325672  -  ResidentSetSize of job (KB)
...
006 (453.414.000) 2022-04-06 12:54:29 Image size of job updated: 776180
	319  -  MemoryUsage of job (MB)
	325804  -  ResidentSetSize of job (KB)
...
006 (453.414.000) 2022-04-06 12:59:30 Image size of job updated: 776436
	319  -  MemoryUsage of job (MB)
	325936  -  ResidentSetSize of job (KB)
...
006 (453.414.000) 2022-04-06 13:09:30 Image size of job updated: 776436
	319  -  MemoryUsage of job (MB)
	326068  -  ResidentSetSize of job (KB)
...
006 (453.414.000) 2022-04-06 13:14:30 Image size of job updated: 776692
	319  -  MemoryUsage of job (MB)
	326200  -  ResidentSetSize of job (KB)
...
006 (453.414.000) 2022-04-06 13:19:31 Image size of job updated: 776692
	319  -  MemoryUsage of job (MB)
	326332  -  ResidentSetSize of job (KB)
...
006 (453.414.000) 2022-04-06 13:24:32 Image size of job updated: 776948
	319  -  MemoryUsage of job (MB)
	326464  -  ResidentSetSize of job (KB)
...
006 (453.414.000) 2022-04-06 13:29:32 Image size of job updated: 776948
	319  -  MemoryUsage of job (MB)
	326596  -  ResidentSetSize of job (KB)
...
006 (453.414.000) 2022-04-06 13:49:35 Image size of job updated: 777204
	320  -  MemoryUsage of job (MB)
	326712  -  ResidentSetSize of job (KB)
...
006 (453.414.000) 2022-04-06 13:54:35 Image size of job updated: 777204
	320  -  MemoryUsage of job (MB)
	326844  -  ResidentSetSize of job (KB)
...
006 (453.414.000) 2022-04-06 14:04:36 Image size of job updated: 777460
	320  -  MemoryUsage of job (MB)
	326976  -  ResidentSetSize of job (KB)
...
006 (453.414.000) 2022-04-06 14:09:37 Image size of job updated: 777460
	320  -  MemoryUsage of job (MB)
	327108  -  ResidentSetSize of job (KB)
...
006 (453.414.000) 2022-04-06 14:14:37 Image size of job updated: 777716
	320  -  MemoryUsage of job (MB)
	327240  -  ResidentSetSize of job (KB)
...
006 (453.414.000) 2022-04-06 14:19:37 Image size of job updated: 777716
	320  -  MemoryUsage of job (MB)
	327372  -  ResidentSetSize of job (KB)
...
006 (453.414.000) 2022-04-06 14:24:38 Image size of job updated: 777972
	320  -  MemoryUsage of job (MB)
	327504  -  ResidentSetSize of job (KB)
...
006 (453.414.000) 2022-04-06 14:34:40 Image size of job updated: 777972
	320  -  MemoryUsage of job (MB)
	327636  -  ResidentSetSize of job (KB)
...
006 (453.414.000) 2022-04-06 14:39:40 Image size of job updated: 778228
	321  -  MemoryUsage of job (MB)
	327768  -  ResidentSetSize of job (KB)
...
006 (453.414.000) 2022-04-06 14:44:40 Image size of job updated: 778228
	321  -  MemoryUsage of job (MB)
	327900  -  ResidentSetSize of job (KB)
...
006 (453.414.000) 2022-04-06 14:49:41 Image size of job updated: 778484
	321  -  MemoryUsage of job (MB)
	327900  -  ResidentSetSize of job (KB)
...
006 (453.414.000) 2022-04-06 14:54:42 Image size of job updated: 778484
	321  -  MemoryUsage of job (MB)
	328164  -  ResidentSetSize of job (KB)
...
006 (453.414.000) 2022-04-06 14:59:42 Image size of job updated: 778740
	321  -  MemoryUsage of job (MB)
	328164  -  ResidentSetSize of job (KB)
...
006 (453.414.000) 2022-04-06 15:04:42 Image size of job updated: 778740
	321  -  MemoryUsage of job (MB)
	328296  -  ResidentSetSize of job (KB)
...
006 (453.414.000) 2022-04-06 15:09:43 Image size of job updated: 778740
	321  -  MemoryUsage of job (MB)
	328428  -  ResidentSetSize of job (KB)
...
006 (453.414.000) 2022-04-06 15:14:43 Image size of job updated: 778996
	321  -  MemoryUsage of job (MB)
	328560  -  ResidentSetSize of job (KB)
...
006 (453.414.000) 2022-04-06 15:24:44 Image size of job updated: 779252
	321  -  MemoryUsage of job (MB)
	328692  -  ResidentSetSize of job (KB)
...
006 (453.414.000) 2022-04-06 15:29:46 Image size of job updated: 779252
	322  -  MemoryUsage of job (MB)
	328824  -  ResidentSetSize of job (KB)
...
006 (453.414.000) 2022-04-06 15:34:46 Image size of job updated: 779508
	322  -  MemoryUsage of job (MB)
	328956  -  ResidentSetSize of job (KB)
...
006 (453.414.000) 2022-04-06 15:39:46 Image size of job updated: 779508
	322  -  MemoryUsage of job (MB)
	329088  -  ResidentSetSize of job (KB)
...
006 (453.414.000) 2022-04-06 15:44:46 Image size of job updated: 779508
	322  -  MemoryUsage of job (MB)
	329220  -  ResidentSetSize of job (KB)
...
005 (453.414.000) 2022-04-06 15:46:06 Job terminated.
	(1) Normal termination (return value 0)
		Usr 0 05:36:18, Sys 0 00:00:18  -  Run Remote Usage
		Usr 0 00:00:00, Sys 0 00:00:00  -  Run Local Usage
		Usr 0 05:36:18, Sys 0 00:00:18  -  Total Remote Usage
		Usr 0 00:00:00, Sys 0 00:00:00  -  Total Local Usage
	0  -  Run Bytes Sent By Job
	0  -  Run Bytes Received By Job
	0  -  Total Bytes Sent By Job
	0  -  Total Bytes Received By Job
	Partitionable Resources :    Usage  Request Allocated 
	   Cpus                 :     1.00        1         1 
	   Disk (KB)            :  7500        7500     10998 
	   Memory (MB)          :   322        1024      1024 

	Job terminated of its own accord at 2022-04-06T13:46:06Z with exit-code 0.
...
