000 (453.408.000) 2022-04-05 18:55:38 Job submitted from host: <10.18.24.243:9618?addrs=10.18.24.243-9618&alias=ecoclusts01.bioclust.biologie.ens.fr&noUDP&sock=schedd_1052_29b8>
...
001 (453.408.000) 2022-04-06 10:01:07 Job executing on host: <10.18.24.137:9618?addrs=10.18.24.137-9618&alias=dyoclust10.bioclust.biologie.ens.fr&noUDP&sock=startd_830_e3b2>
...
006 (453.408.000) 2022-04-06 10:01:15 Image size of job updated: 340688
	100  -  MemoryUsage of job (MB)
	102140  -  ResidentSetSize of job (KB)
...
006 (453.408.000) 2022-04-06 10:06:15 Image size of job updated: 741624
	317  -  MemoryUsage of job (MB)
	324076  -  ResidentSetSize of job (KB)
...
006 (453.408.000) 2022-04-06 10:11:16 Image size of job updated: 774392
	317  -  MemoryUsage of job (MB)
	324076  -  ResidentSetSize of job (KB)
...
006 (453.408.000) 2022-04-06 10:36:19 Image size of job updated: 774648
	317  -  MemoryUsage of job (MB)
	324208  -  ResidentSetSize of job (KB)
...
006 (453.408.000) 2022-04-06 10:41:19 Image size of job updated: 774904
	317  -  MemoryUsage of job (MB)
	324472  -  ResidentSetSize of job (KB)
...
006 (453.408.000) 2022-04-06 10:46:20 Image size of job updated: 775160
	317  -  MemoryUsage of job (MB)
	324604  -  ResidentSetSize of job (KB)
...
006 (453.408.000) 2022-04-06 10:51:20 Image size of job updated: 775160
	318  -  MemoryUsage of job (MB)
	324868  -  ResidentSetSize of job (KB)
...
006 (453.408.000) 2022-04-06 10:56:20 Image size of job updated: 775416
	318  -  MemoryUsage of job (MB)
	325000  -  ResidentSetSize of job (KB)
...
006 (453.408.000) 2022-04-06 11:01:21 Image size of job updated: 775672
	318  -  MemoryUsage of job (MB)
	325264  -  ResidentSetSize of job (KB)
...
006 (453.408.000) 2022-04-06 11:06:22 Image size of job updated: 775928
	318  -  MemoryUsage of job (MB)
	325396  -  ResidentSetSize of job (KB)
...
006 (453.408.000) 2022-04-06 11:11:22 Image size of job updated: 775928
	319  -  MemoryUsage of job (MB)
	325660  -  ResidentSetSize of job (KB)
...
006 (453.408.000) 2022-04-06 11:16:22 Image size of job updated: 776184
	319  -  MemoryUsage of job (MB)
	325792  -  ResidentSetSize of job (KB)
...
006 (453.408.000) 2022-04-06 11:21:23 Image size of job updated: 776440
	319  -  MemoryUsage of job (MB)
	325924  -  ResidentSetSize of job (KB)
...
006 (453.408.000) 2022-04-06 11:26:23 Image size of job updated: 776440
	319  -  MemoryUsage of job (MB)
	326188  -  ResidentSetSize of job (KB)
...
006 (453.408.000) 2022-04-06 11:31:23 Image size of job updated: 776696
	319  -  MemoryUsage of job (MB)
	326320  -  ResidentSetSize of job (KB)
...
006 (453.408.000) 2022-04-06 11:36:24 Image size of job updated: 776952
	319  -  MemoryUsage of job (MB)
	326584  -  ResidentSetSize of job (KB)
...
006 (453.408.000) 2022-04-06 11:51:26 Image size of job updated: 777208
	320  -  MemoryUsage of job (MB)
	326716  -  ResidentSetSize of job (KB)
...
006 (453.408.000) 2022-04-06 11:56:27 Image size of job updated: 777208
	320  -  MemoryUsage of job (MB)
	326980  -  ResidentSetSize of job (KB)
...
006 (453.408.000) 2022-04-06 12:01:27 Image size of job updated: 777464
	320  -  MemoryUsage of job (MB)
	327112  -  ResidentSetSize of job (KB)
...
006 (453.408.000) 2022-04-06 12:06:27 Image size of job updated: 777720
	320  -  MemoryUsage of job (MB)
	327244  -  ResidentSetSize of job (KB)
...
006 (453.408.000) 2022-04-06 12:11:28 Image size of job updated: 777720
	320  -  MemoryUsage of job (MB)
	327376  -  ResidentSetSize of job (KB)
...
006 (453.408.000) 2022-04-06 12:16:29 Image size of job updated: 777976
	320  -  MemoryUsage of job (MB)
	327640  -  ResidentSetSize of job (KB)
...
006 (453.408.000) 2022-04-06 12:21:29 Image size of job updated: 778232
	321  -  MemoryUsage of job (MB)
	327772  -  ResidentSetSize of job (KB)
...
006 (453.408.000) 2022-04-06 12:26:30 Image size of job updated: 778232
	321  -  MemoryUsage of job (MB)
	327904  -  ResidentSetSize of job (KB)
...
006 (453.408.000) 2022-04-06 12:31:31 Image size of job updated: 778488
	321  -  MemoryUsage of job (MB)
	328168  -  ResidentSetSize of job (KB)
...
006 (453.408.000) 2022-04-06 12:36:31 Image size of job updated: 778744
	321  -  MemoryUsage of job (MB)
	328300  -  ResidentSetSize of job (KB)
...
006 (453.408.000) 2022-04-06 12:41:31 Image size of job updated: 778744
	321  -  MemoryUsage of job (MB)
	328432  -  ResidentSetSize of job (KB)
...
006 (453.408.000) 2022-04-06 12:46:32 Image size of job updated: 779000
	321  -  MemoryUsage of job (MB)
	328696  -  ResidentSetSize of job (KB)
...
006 (453.408.000) 2022-04-06 12:51:33 Image size of job updated: 779256
	322  -  MemoryUsage of job (MB)
	328828  -  ResidentSetSize of job (KB)
...
006 (453.408.000) 2022-04-06 12:56:33 Image size of job updated: 779256
	322  -  MemoryUsage of job (MB)
	328960  -  ResidentSetSize of job (KB)
...
006 (453.408.000) 2022-04-06 13:01:34 Image size of job updated: 779512
	322  -  MemoryUsage of job (MB)
	329092  -  ResidentSetSize of job (KB)
...
006 (453.408.000) 2022-04-06 13:06:29 Image size of job updated: 779768
	322  -  MemoryUsage of job (MB)
	329092  -  ResidentSetSize of job (KB)
...
005 (453.408.000) 2022-04-06 13:06:29 Job terminated.
	(1) Normal termination (return value 0)
		Usr 0 03:03:16, Sys 0 00:00:22  -  Run Remote Usage
		Usr 0 00:00:00, Sys 0 00:00:00  -  Run Local Usage
		Usr 0 03:03:16, Sys 0 00:00:22  -  Total Remote Usage
		Usr 0 00:00:00, Sys 0 00:00:00  -  Total Local Usage
	0  -  Run Bytes Sent By Job
	0  -  Run Bytes Received By Job
	0  -  Total Bytes Sent By Job
	0  -  Total Bytes Received By Job
	Partitionable Resources :    Usage  Request Allocated 
	   Cpus                 :     1.00        1         1 
	   Disk (KB)            :  7500        7500     10999 
	   Memory (MB)          :   322        1024      1024 

	Job terminated of its own accord at 2022-04-06T11:06:29Z with exit-code 0.
...
