000 (453.096.000) 2022-04-05 18:55:37 Job submitted from host: <10.18.24.243:9618?addrs=10.18.24.243-9618&alias=ecoclusts01.bioclust.biologie.ens.fr&noUDP&sock=schedd_1052_29b8>
...
001 (453.096.000) 2022-04-06 05:33:59 Job executing on host: <10.18.24.8:9618?addrs=10.18.24.8-9618&alias=bioclust08.bioclust.biologie.ens.fr&noUDP&sock=startd_1108_9306>
...
006 (453.096.000) 2022-04-06 05:34:07 Image size of job updated: 89452
	88  -  MemoryUsage of job (MB)
	89452  -  ResidentSetSize of job (KB)
...
006 (453.096.000) 2022-04-06 05:39:07 Image size of job updated: 845676
	317  -  MemoryUsage of job (MB)
	324352  -  ResidentSetSize of job (KB)
...
006 (453.096.000) 2022-04-06 05:44:07 Image size of job updated: 845676
	317  -  MemoryUsage of job (MB)
	324376  -  ResidentSetSize of job (KB)
...
006 (453.096.000) 2022-04-06 06:39:13 Image size of job updated: 845676
	317  -  MemoryUsage of job (MB)
	324508  -  ResidentSetSize of job (KB)
...
006 (453.096.000) 2022-04-06 06:44:13 Image size of job updated: 845676
	318  -  MemoryUsage of job (MB)
	324640  -  ResidentSetSize of job (KB)
...
006 (453.096.000) 2022-04-06 06:49:13 Image size of job updated: 845676
	318  -  MemoryUsage of job (MB)
	324772  -  ResidentSetSize of job (KB)
...
006 (453.096.000) 2022-04-06 06:54:14 Image size of job updated: 845676
	318  -  MemoryUsage of job (MB)
	324904  -  ResidentSetSize of job (KB)
...
006 (453.096.000) 2022-04-06 06:59:15 Image size of job updated: 845676
	318  -  MemoryUsage of job (MB)
	325036  -  ResidentSetSize of job (KB)
...
006 (453.096.000) 2022-04-06 07:04:15 Image size of job updated: 845676
	318  -  MemoryUsage of job (MB)
	325168  -  ResidentSetSize of job (KB)
...
006 (453.096.000) 2022-04-06 07:09:15 Image size of job updated: 845676
	318  -  MemoryUsage of job (MB)
	325300  -  ResidentSetSize of job (KB)
...
006 (453.096.000) 2022-04-06 07:14:16 Image size of job updated: 845676
	318  -  MemoryUsage of job (MB)
	325432  -  ResidentSetSize of job (KB)
...
006 (453.096.000) 2022-04-06 07:24:16 Image size of job updated: 845676
	318  -  MemoryUsage of job (MB)
	325564  -  ResidentSetSize of job (KB)
...
006 (453.096.000) 2022-04-06 07:29:16 Image size of job updated: 845676
	319  -  MemoryUsage of job (MB)
	325696  -  ResidentSetSize of job (KB)
...
006 (453.096.000) 2022-04-06 07:34:17 Image size of job updated: 845676
	319  -  MemoryUsage of job (MB)
	325828  -  ResidentSetSize of job (KB)
...
006 (453.096.000) 2022-04-06 07:39:18 Image size of job updated: 845676
	319  -  MemoryUsage of job (MB)
	325960  -  ResidentSetSize of job (KB)
...
006 (453.096.000) 2022-04-06 07:44:18 Image size of job updated: 845676
	319  -  MemoryUsage of job (MB)
	326224  -  ResidentSetSize of job (KB)
...
006 (453.096.000) 2022-04-06 07:49:18 Image size of job updated: 845676
	319  -  MemoryUsage of job (MB)
	326356  -  ResidentSetSize of job (KB)
...
006 (453.096.000) 2022-04-06 07:54:19 Image size of job updated: 845676
	319  -  MemoryUsage of job (MB)
	326488  -  ResidentSetSize of job (KB)
...
006 (453.096.000) 2022-04-06 08:09:20 Image size of job updated: 845676
	319  -  MemoryUsage of job (MB)
	326600  -  ResidentSetSize of job (KB)
...
006 (453.096.000) 2022-04-06 08:14:20 Image size of job updated: 845676
	320  -  MemoryUsage of job (MB)
	326864  -  ResidentSetSize of job (KB)
...
006 (453.096.000) 2022-04-06 08:19:21 Image size of job updated: 845676
	320  -  MemoryUsage of job (MB)
	326996  -  ResidentSetSize of job (KB)
...
006 (453.096.000) 2022-04-06 08:24:22 Image size of job updated: 845676
	320  -  MemoryUsage of job (MB)
	327128  -  ResidentSetSize of job (KB)
...
006 (453.096.000) 2022-04-06 08:29:22 Image size of job updated: 845676
	320  -  MemoryUsage of job (MB)
	327260  -  ResidentSetSize of job (KB)
...
006 (453.096.000) 2022-04-06 08:34:22 Image size of job updated: 845676
	320  -  MemoryUsage of job (MB)
	327392  -  ResidentSetSize of job (KB)
...
006 (453.096.000) 2022-04-06 08:39:23 Image size of job updated: 845676
	320  -  MemoryUsage of job (MB)
	327524  -  ResidentSetSize of job (KB)
...
006 (453.096.000) 2022-04-06 08:44:24 Image size of job updated: 845676
	320  -  MemoryUsage of job (MB)
	327656  -  ResidentSetSize of job (KB)
...
006 (453.096.000) 2022-04-06 08:49:24 Image size of job updated: 845676
	321  -  MemoryUsage of job (MB)
	327920  -  ResidentSetSize of job (KB)
...
006 (453.096.000) 2022-04-06 08:59:25 Image size of job updated: 845676
	321  -  MemoryUsage of job (MB)
	328052  -  ResidentSetSize of job (KB)
...
006 (453.096.000) 2022-04-06 09:04:26 Image size of job updated: 845676
	321  -  MemoryUsage of job (MB)
	328184  -  ResidentSetSize of job (KB)
...
006 (453.096.000) 2022-04-06 09:09:26 Image size of job updated: 845676
	321  -  MemoryUsage of job (MB)
	328316  -  ResidentSetSize of job (KB)
...
006 (453.096.000) 2022-04-06 09:14:26 Image size of job updated: 845676
	321  -  MemoryUsage of job (MB)
	328448  -  ResidentSetSize of job (KB)
...
006 (453.096.000) 2022-04-06 09:19:28 Image size of job updated: 845676
	321  -  MemoryUsage of job (MB)
	328580  -  ResidentSetSize of job (KB)
...
006 (453.096.000) 2022-04-06 09:24:28 Image size of job updated: 845676
	322  -  MemoryUsage of job (MB)
	328712  -  ResidentSetSize of job (KB)
...
006 (453.096.000) 2022-04-06 09:29:28 Image size of job updated: 845676
	322  -  MemoryUsage of job (MB)
	328844  -  ResidentSetSize of job (KB)
...
006 (453.096.000) 2022-04-06 09:34:28 Image size of job updated: 845676
	322  -  MemoryUsage of job (MB)
	328976  -  ResidentSetSize of job (KB)
...
006 (453.096.000) 2022-04-06 09:39:29 Image size of job updated: 845676
	322  -  MemoryUsage of job (MB)
	329108  -  ResidentSetSize of job (KB)
...
005 (453.096.000) 2022-04-06 09:42:06 Job terminated.
	(1) Normal termination (return value 0)
		Usr 0 04:06:21, Sys 0 00:01:23  -  Run Remote Usage
		Usr 0 00:00:00, Sys 0 00:00:00  -  Run Local Usage
		Usr 0 04:06:21, Sys 0 00:01:23  -  Total Remote Usage
		Usr 0 00:00:00, Sys 0 00:00:00  -  Total Local Usage
	0  -  Run Bytes Sent By Job
	0  -  Run Bytes Received By Job
	0  -  Total Bytes Sent By Job
	0  -  Total Bytes Received By Job
	Partitionable Resources :    Usage  Request Allocated 
	   Cpus                 :     1.00        1         1 
	   Disk (KB)            :  7500        7500     10998 
	   Memory (MB)          :   322        1024      1024 

	Job terminated of its own accord at 2022-04-06T07:42:06Z with exit-code 0.
...
