000 (453.051.000) 2022-04-05 18:55:36 Job submitted from host: <10.18.24.243:9618?addrs=10.18.24.243-9618&alias=ecoclusts01.bioclust.biologie.ens.fr&noUDP&sock=schedd_1052_29b8>
...
001 (453.051.000) 2022-04-06 04:59:21 Job executing on host: <10.18.24.135:9618?addrs=10.18.24.135-9618&alias=dyoclust08.bioclust.biologie.ens.fr&noUDP&sock=startd_793_82b1>
...
006 (453.051.000) 2022-04-06 04:59:30 Image size of job updated: 233664
	209  -  MemoryUsage of job (MB)
	213000  -  ResidentSetSize of job (KB)
...
006 (453.051.000) 2022-04-06 05:04:31 Image size of job updated: 741880
	317  -  MemoryUsage of job (MB)
	324332  -  ResidentSetSize of job (KB)
...
006 (453.051.000) 2022-04-06 05:09:31 Image size of job updated: 774648
	317  -  MemoryUsage of job (MB)
	324332  -  ResidentSetSize of job (KB)
...
006 (453.051.000) 2022-04-06 05:44:35 Image size of job updated: 774904
	317  -  MemoryUsage of job (MB)
	324332  -  ResidentSetSize of job (KB)
...
006 (453.051.000) 2022-04-06 05:49:35 Image size of job updated: 774904
	317  -  MemoryUsage of job (MB)
	324464  -  ResidentSetSize of job (KB)
...
006 (453.051.000) 2022-04-06 05:54:35 Image size of job updated: 775160
	317  -  MemoryUsage of job (MB)
	324596  -  ResidentSetSize of job (KB)
...
006 (453.051.000) 2022-04-06 05:59:35 Image size of job updated: 775160
	318  -  MemoryUsage of job (MB)
	324728  -  ResidentSetSize of job (KB)
...
006 (453.051.000) 2022-04-06 06:04:36 Image size of job updated: 775416
	318  -  MemoryUsage of job (MB)
	324992  -  ResidentSetSize of job (KB)
...
006 (453.051.000) 2022-04-06 06:09:36 Image size of job updated: 775672
	318  -  MemoryUsage of job (MB)
	325124  -  ResidentSetSize of job (KB)
...
006 (453.051.000) 2022-04-06 06:14:36 Image size of job updated: 775672
	318  -  MemoryUsage of job (MB)
	325388  -  ResidentSetSize of job (KB)
...
006 (453.051.000) 2022-04-06 06:19:37 Image size of job updated: 775928
	318  -  MemoryUsage of job (MB)
	325520  -  ResidentSetSize of job (KB)
...
006 (453.051.000) 2022-04-06 06:24:38 Image size of job updated: 776184
	319  -  MemoryUsage of job (MB)
	325652  -  ResidentSetSize of job (KB)
...
006 (453.051.000) 2022-04-06 06:29:38 Image size of job updated: 776440
	319  -  MemoryUsage of job (MB)
	325916  -  ResidentSetSize of job (KB)
...
006 (453.051.000) 2022-04-06 06:34:38 Image size of job updated: 776440
	319  -  MemoryUsage of job (MB)
	326180  -  ResidentSetSize of job (KB)
...
006 (453.051.000) 2022-04-06 06:39:39 Image size of job updated: 776696
	319  -  MemoryUsage of job (MB)
	326312  -  ResidentSetSize of job (KB)
...
006 (453.051.000) 2022-04-06 06:44:40 Image size of job updated: 776952
	319  -  MemoryUsage of job (MB)
	326576  -  ResidentSetSize of job (KB)
...
006 (453.051.000) 2022-04-06 06:59:42 Image size of job updated: 777208
	320  -  MemoryUsage of job (MB)
	326708  -  ResidentSetSize of job (KB)
...
006 (453.051.000) 2022-04-06 07:04:43 Image size of job updated: 777208
	320  -  MemoryUsage of job (MB)
	326972  -  ResidentSetSize of job (KB)
...
006 (453.051.000) 2022-04-06 07:09:43 Image size of job updated: 777464
	320  -  MemoryUsage of job (MB)
	327104  -  ResidentSetSize of job (KB)
...
006 (453.051.000) 2022-04-06 07:14:43 Image size of job updated: 777720
	320  -  MemoryUsage of job (MB)
	327236  -  ResidentSetSize of job (KB)
...
006 (453.051.000) 2022-04-06 07:19:43 Image size of job updated: 777720
	320  -  MemoryUsage of job (MB)
	327368  -  ResidentSetSize of job (KB)
...
006 (453.051.000) 2022-04-06 07:24:44 Image size of job updated: 777976
	320  -  MemoryUsage of job (MB)
	327632  -  ResidentSetSize of job (KB)
...
006 (453.051.000) 2022-04-06 07:29:44 Image size of job updated: 778232
	321  -  MemoryUsage of job (MB)
	327764  -  ResidentSetSize of job (KB)
...
006 (453.051.000) 2022-04-06 07:34:44 Image size of job updated: 778488
	321  -  MemoryUsage of job (MB)
	328028  -  ResidentSetSize of job (KB)
...
006 (453.051.000) 2022-04-06 07:39:45 Image size of job updated: 778488
	321  -  MemoryUsage of job (MB)
	328160  -  ResidentSetSize of job (KB)
...
006 (453.051.000) 2022-04-06 07:44:47 Image size of job updated: 778744
	321  -  MemoryUsage of job (MB)
	328292  -  ResidentSetSize of job (KB)
...
006 (453.051.000) 2022-04-06 07:49:47 Image size of job updated: 779000
	321  -  MemoryUsage of job (MB)
	328556  -  ResidentSetSize of job (KB)
...
006 (453.051.000) 2022-04-06 07:54:47 Image size of job updated: 779256
	321  -  MemoryUsage of job (MB)
	328688  -  ResidentSetSize of job (KB)
...
006 (453.051.000) 2022-04-06 07:59:48 Image size of job updated: 779256
	322  -  MemoryUsage of job (MB)
	328952  -  ResidentSetSize of job (KB)
...
006 (453.051.000) 2022-04-06 08:04:49 Image size of job updated: 779512
	322  -  MemoryUsage of job (MB)
	329084  -  ResidentSetSize of job (KB)
...
005 (453.051.000) 2022-04-06 08:06:57 Job terminated.
	(1) Normal termination (return value 0)
		Usr 0 03:07:03, Sys 0 00:00:23  -  Run Remote Usage
		Usr 0 00:00:00, Sys 0 00:00:00  -  Run Local Usage
		Usr 0 03:07:03, Sys 0 00:00:23  -  Total Remote Usage
		Usr 0 00:00:00, Sys 0 00:00:00  -  Total Local Usage
	0  -  Run Bytes Sent By Job
	0  -  Run Bytes Received By Job
	0  -  Total Bytes Sent By Job
	0  -  Total Bytes Received By Job
	Partitionable Resources :    Usage  Request Allocated 
	   Cpus                 :     1.00        1         1 
	   Disk (KB)            :  7500        7500     10998 
	   Memory (MB)          :   322        1024      1024 

	Job terminated of its own accord at 2022-04-06T06:06:57Z with exit-code 0.
...
