000 (453.988.000) 2022-04-05 18:55:40 Job submitted from host: <10.18.24.243:9618?addrs=10.18.24.243-9618&alias=ecoclusts01.bioclust.biologie.ens.fr&noUDP&sock=schedd_1052_29b8>
...
001 (453.988.000) 2022-04-07 00:14:51 Job executing on host: <10.18.24.133:9618?addrs=10.18.24.133-9618&alias=dyoclust06.bioclust.biologie.ens.fr&noUDP&sock=startd_804_0e3b>
...
006 (453.988.000) 2022-04-07 00:15:01 Image size of job updated: 122932
	64  -  MemoryUsage of job (MB)
	65312  -  ResidentSetSize of job (KB)
...
006 (453.988.000) 2022-04-07 00:20:02 Image size of job updated: 741880
	317  -  MemoryUsage of job (MB)
	324376  -  ResidentSetSize of job (KB)
...
005 (453.988.000) 2022-04-07 00:24:22 Job terminated.
	(1) Normal termination (return value 0)
		Usr 0 00:08:41, Sys 0 00:00:39  -  Run Remote Usage
		Usr 0 00:00:00, Sys 0 00:00:00  -  Run Local Usage
		Usr 0 00:08:41, Sys 0 00:00:39  -  Total Remote Usage
		Usr 0 00:00:00, Sys 0 00:00:00  -  Total Local Usage
	0  -  Run Bytes Sent By Job
	0  -  Run Bytes Received By Job
	0  -  Total Bytes Sent By Job
	0  -  Total Bytes Received By Job
	Partitionable Resources :    Usage  Request Allocated 
	   Cpus                 :     1.00        1         1 
	   Disk (KB)            :  7500        7500     10015 
	   Memory (MB)          :   317        1024      1024 

	Job terminated of its own accord at 2022-04-06T22:24:22Z with exit-code 0.
...
