000 (453.224.000) 2022-04-05 18:55:37 Job submitted from host: <10.18.24.243:9618?addrs=10.18.24.243-9618&alias=ecoclusts01.bioclust.biologie.ens.fr&noUDP&sock=schedd_1052_29b8>
...
001 (453.224.000) 2022-04-06 07:18:04 Job executing on host: <10.18.24.8:9618?addrs=10.18.24.8-9618&alias=bioclust08.bioclust.biologie.ens.fr&noUDP&sock=startd_1108_9306>
...
006 (453.224.000) 2022-04-06 07:18:12 Image size of job updated: 103184
	101  -  MemoryUsage of job (MB)
	103184  -  ResidentSetSize of job (KB)
...
006 (453.224.000) 2022-04-06 07:23:12 Image size of job updated: 741620
	292  -  MemoryUsage of job (MB)
	298692  -  ResidentSetSize of job (KB)
...
006 (453.224.000) 2022-04-06 07:28:12 Image size of job updated: 774388
	317  -  MemoryUsage of job (MB)
	324060  -  ResidentSetSize of job (KB)
...
006 (453.224.000) 2022-04-06 09:18:24 Image size of job updated: 774644
	317  -  MemoryUsage of job (MB)
	324192  -  ResidentSetSize of job (KB)
...
006 (453.224.000) 2022-04-06 09:58:29 Image size of job updated: 774644
	317  -  MemoryUsage of job (MB)
	324324  -  ResidentSetSize of job (KB)
...
006 (453.224.000) 2022-04-06 10:18:31 Image size of job updated: 774900
	317  -  MemoryUsage of job (MB)
	324456  -  ResidentSetSize of job (KB)
...
006 (453.224.000) 2022-04-06 11:08:37 Image size of job updated: 774900
	317  -  MemoryUsage of job (MB)
	324588  -  ResidentSetSize of job (KB)
...
006 (453.224.000) 2022-04-06 11:33:40 Image size of job updated: 775156
	317  -  MemoryUsage of job (MB)
	324588  -  ResidentSetSize of job (KB)
...
006 (453.224.000) 2022-04-06 11:43:41 Image size of job updated: 775156
	318  -  MemoryUsage of job (MB)
	324720  -  ResidentSetSize of job (KB)
...
006 (453.224.000) 2022-04-06 12:18:45 Image size of job updated: 775156
	318  -  MemoryUsage of job (MB)
	324852  -  ResidentSetSize of job (KB)
...
006 (453.224.000) 2022-04-06 12:38:47 Image size of job updated: 775412
	318  -  MemoryUsage of job (MB)
	324852  -  ResidentSetSize of job (KB)
...
006 (453.224.000) 2022-04-06 12:53:49 Image size of job updated: 775412
	318  -  MemoryUsage of job (MB)
	324984  -  ResidentSetSize of job (KB)
...
006 (453.224.000) 2022-04-06 13:38:53 Image size of job updated: 775412
	318  -  MemoryUsage of job (MB)
	325116  -  ResidentSetSize of job (KB)
...
006 (453.224.000) 2022-04-06 13:58:55 Image size of job updated: 775668
	318  -  MemoryUsage of job (MB)
	325116  -  ResidentSetSize of job (KB)
...
006 (453.224.000) 2022-04-06 14:08:55 Image size of job updated: 775668
	318  -  MemoryUsage of job (MB)
	325248  -  ResidentSetSize of job (KB)
...
006 (453.224.000) 2022-04-06 14:43:59 Image size of job updated: 775668
	318  -  MemoryUsage of job (MB)
	325380  -  ResidentSetSize of job (KB)
...
006 (453.224.000) 2022-04-06 15:09:01 Image size of job updated: 775924
	318  -  MemoryUsage of job (MB)
	325380  -  ResidentSetSize of job (KB)
...
006 (453.224.000) 2022-04-06 15:19:03 Image size of job updated: 775924
	318  -  MemoryUsage of job (MB)
	325512  -  ResidentSetSize of job (KB)
...
006 (453.224.000) 2022-04-06 15:54:07 Image size of job updated: 775924
	319  -  MemoryUsage of job (MB)
	325644  -  ResidentSetSize of job (KB)
...
006 (453.224.000) 2022-04-06 16:14:09 Image size of job updated: 776180
	319  -  MemoryUsage of job (MB)
	325644  -  ResidentSetSize of job (KB)
...
006 (453.224.000) 2022-04-06 16:34:11 Image size of job updated: 776180
	319  -  MemoryUsage of job (MB)
	325776  -  ResidentSetSize of job (KB)
...
006 (453.224.000) 2022-04-06 17:09:15 Image size of job updated: 776180
	319  -  MemoryUsage of job (MB)
	325908  -  ResidentSetSize of job (KB)
...
006 (453.224.000) 2022-04-06 17:19:16 Image size of job updated: 776436
	319  -  MemoryUsage of job (MB)
	325908  -  ResidentSetSize of job (KB)
...
006 (453.224.000) 2022-04-06 17:44:18 Image size of job updated: 776436
	319  -  MemoryUsage of job (MB)
	326040  -  ResidentSetSize of job (KB)
...
006 (453.224.000) 2022-04-06 18:14:21 Image size of job updated: 776436
	319  -  MemoryUsage of job (MB)
	326172  -  ResidentSetSize of job (KB)
...
006 (453.224.000) 2022-04-06 18:39:23 Image size of job updated: 776692
	319  -  MemoryUsage of job (MB)
	326172  -  ResidentSetSize of job (KB)
...
006 (453.224.000) 2022-04-06 18:59:25 Image size of job updated: 776692
	319  -  MemoryUsage of job (MB)
	326304  -  ResidentSetSize of job (KB)
...
006 (453.224.000) 2022-04-06 19:34:29 Image size of job updated: 776692
	319  -  MemoryUsage of job (MB)
	326436  -  ResidentSetSize of job (KB)
...
006 (453.224.000) 2022-04-06 19:44:29 Image size of job updated: 776948
	319  -  MemoryUsage of job (MB)
	326436  -  ResidentSetSize of job (KB)
...
006 (453.224.000) 2022-04-06 20:19:33 Image size of job updated: 776948
	319  -  MemoryUsage of job (MB)
	326568  -  ResidentSetSize of job (KB)
...
006 (453.224.000) 2022-04-06 22:04:45 Image size of job updated: 776948
	320  -  MemoryUsage of job (MB)
	326700  -  ResidentSetSize of job (KB)
...
006 (453.224.000) 2022-04-06 22:14:47 Image size of job updated: 777204
	320  -  MemoryUsage of job (MB)
	326700  -  ResidentSetSize of job (KB)
...
006 (453.224.000) 2022-04-06 22:49:51 Image size of job updated: 777204
	320  -  MemoryUsage of job (MB)
	326832  -  ResidentSetSize of job (KB)
...
006 (453.224.000) 2022-04-06 23:29:55 Image size of job updated: 777204
	320  -  MemoryUsage of job (MB)
	326964  -  ResidentSetSize of job (KB)
...
006 (453.224.000) 2022-04-06 23:34:55 Image size of job updated: 777460
	320  -  MemoryUsage of job (MB)
	326964  -  ResidentSetSize of job (KB)
...
006 (453.224.000) 2022-04-06 23:59:58 Image size of job updated: 777460
	320  -  MemoryUsage of job (MB)
	327096  -  ResidentSetSize of job (KB)
...
006 (453.224.000) 2022-04-07 00:40:02 Image size of job updated: 777460
	320  -  MemoryUsage of job (MB)
	327228  -  ResidentSetSize of job (KB)
...
006 (453.224.000) 2022-04-07 00:50:02 Image size of job updated: 777716
	320  -  MemoryUsage of job (MB)
	327228  -  ResidentSetSize of job (KB)
...
006 (453.224.000) 2022-04-07 01:20:05 Image size of job updated: 777716
	320  -  MemoryUsage of job (MB)
	327360  -  ResidentSetSize of job (KB)
...
006 (453.224.000) 2022-04-07 01:50:10 Image size of job updated: 777716
	320  -  MemoryUsage of job (MB)
	327492  -  ResidentSetSize of job (KB)
...
006 (453.224.000) 2022-04-07 02:00:10 Image size of job updated: 777972
	320  -  MemoryUsage of job (MB)
	327492  -  ResidentSetSize of job (KB)
...
006 (453.224.000) 2022-04-07 02:35:14 Image size of job updated: 777972
	320  -  MemoryUsage of job (MB)
	327624  -  ResidentSetSize of job (KB)
...
006 (453.224.000) 2022-04-07 03:10:17 Image size of job updated: 778228
	321  -  MemoryUsage of job (MB)
	327756  -  ResidentSetSize of job (KB)
...
006 (453.224.000) 2022-04-07 03:40:21 Image size of job updated: 778228
	321  -  MemoryUsage of job (MB)
	327888  -  ResidentSetSize of job (KB)
...
006 (453.224.000) 2022-04-07 04:10:25 Image size of job updated: 778484
	321  -  MemoryUsage of job (MB)
	327888  -  ResidentSetSize of job (KB)
...
006 (453.224.000) 2022-04-07 04:20:25 Image size of job updated: 778484
	321  -  MemoryUsage of job (MB)
	328020  -  ResidentSetSize of job (KB)
...
006 (453.224.000) 2022-04-07 04:50:29 Image size of job updated: 778484
	321  -  MemoryUsage of job (MB)
	328152  -  ResidentSetSize of job (KB)
...
006 (453.224.000) 2022-04-07 05:20:32 Image size of job updated: 778740
	321  -  MemoryUsage of job (MB)
	328152  -  ResidentSetSize of job (KB)
...
006 (453.224.000) 2022-04-07 05:30:33 Image size of job updated: 778740
	321  -  MemoryUsage of job (MB)
	328284  -  ResidentSetSize of job (KB)
...
006 (453.224.000) 2022-04-07 06:00:37 Image size of job updated: 778740
	321  -  MemoryUsage of job (MB)
	328416  -  ResidentSetSize of job (KB)
...
006 (453.224.000) 2022-04-07 06:35:40 Image size of job updated: 778996
	321  -  MemoryUsage of job (MB)
	328548  -  ResidentSetSize of job (KB)
...
006 (453.224.000) 2022-04-07 07:15:44 Image size of job updated: 778996
	321  -  MemoryUsage of job (MB)
	328680  -  ResidentSetSize of job (KB)
...
006 (453.224.000) 2022-04-07 07:45:46 Image size of job updated: 779252
	322  -  MemoryUsage of job (MB)
	328812  -  ResidentSetSize of job (KB)
...
006 (453.224.000) 2022-04-07 08:20:50 Image size of job updated: 779252
	322  -  MemoryUsage of job (MB)
	328944  -  ResidentSetSize of job (KB)
...
006 (453.224.000) 2022-04-07 08:40:52 Image size of job updated: 779508
	322  -  MemoryUsage of job (MB)
	328944  -  ResidentSetSize of job (KB)
...
006 (453.224.000) 2022-04-07 08:50:53 Image size of job updated: 779508
	322  -  MemoryUsage of job (MB)
	329076  -  ResidentSetSize of job (KB)
...
006 (453.224.000) 2022-04-07 09:25:57 Image size of job updated: 779508
	322  -  MemoryUsage of job (MB)
	329208  -  ResidentSetSize of job (KB)
...
006 (453.224.000) 2022-04-07 09:56:00 Image size of job updated: 779764
	322  -  MemoryUsage of job (MB)
	329208  -  ResidentSetSize of job (KB)
...
005 (453.224.000) 2022-04-07 10:01:31 Job terminated.
	(1) Normal termination (return value 0)
		Usr 1 02:35:19, Sys 0 00:04:57  -  Run Remote Usage
		Usr 0 00:00:00, Sys 0 00:00:00  -  Run Local Usage
		Usr 1 02:35:19, Sys 0 00:04:57  -  Total Remote Usage
		Usr 0 00:00:00, Sys 0 00:00:00  -  Total Local Usage
	0  -  Run Bytes Sent By Job
	0  -  Run Bytes Received By Job
	0  -  Total Bytes Sent By Job
	0  -  Total Bytes Received By Job
	Partitionable Resources :    Usage  Request Allocated 
	   Cpus                 :     1.00        1         1 
	   Disk (KB)            :  7500        7500     10998 
	   Memory (MB)          :   322        1024      1024 

	Job terminated of its own accord at 2022-04-07T08:01:31Z with exit-code 0.
...
