000 (453.750.000) 2022-04-05 18:55:39 Job submitted from host: <10.18.24.243:9618?addrs=10.18.24.243-9618&alias=ecoclusts01.bioclust.biologie.ens.fr&noUDP&sock=schedd_1052_29b8>
...
001 (453.750.000) 2022-04-06 17:11:37 Job executing on host: <10.18.24.174:9618?addrs=10.18.24.174-9618&alias=mcbsclust03.bioclust.biologie.ens.fr&noUDP&sock=startd_937_4854>
...
006 (453.750.000) 2022-04-06 17:11:46 Image size of job updated: 428056
	419  -  MemoryUsage of job (MB)
	428056  -  ResidentSetSize of job (KB)
...
006 (453.750.000) 2022-04-06 17:16:48 Image size of job updated: 741876
	419  -  MemoryUsage of job (MB)
	428056  -  ResidentSetSize of job (KB)
...
006 (453.750.000) 2022-04-06 17:21:48 Image size of job updated: 774644
	419  -  MemoryUsage of job (MB)
	428056  -  ResidentSetSize of job (KB)
...
006 (453.750.000) 2022-04-06 19:42:02 Image size of job updated: 774900
	419  -  MemoryUsage of job (MB)
	428056  -  ResidentSetSize of job (KB)
...
006 (453.750.000) 2022-04-06 20:47:10 Image size of job updated: 775156
	419  -  MemoryUsage of job (MB)
	428056  -  ResidentSetSize of job (KB)
...
006 (453.750.000) 2022-04-06 21:57:18 Image size of job updated: 775412
	419  -  MemoryUsage of job (MB)
	428056  -  ResidentSetSize of job (KB)
...
006 (453.750.000) 2022-04-06 22:57:24 Image size of job updated: 775668
	419  -  MemoryUsage of job (MB)
	428056  -  ResidentSetSize of job (KB)
...
006 (453.750.000) 2022-04-07 00:07:30 Image size of job updated: 775924
	419  -  MemoryUsage of job (MB)
	428056  -  ResidentSetSize of job (KB)
...
006 (453.750.000) 2022-04-07 01:02:34 Image size of job updated: 776180
	419  -  MemoryUsage of job (MB)
	428056  -  ResidentSetSize of job (KB)
...
006 (453.750.000) 2022-04-07 02:02:43 Image size of job updated: 776436
	419  -  MemoryUsage of job (MB)
	428056  -  ResidentSetSize of job (KB)
...
006 (453.750.000) 2022-04-07 03:02:50 Image size of job updated: 776692
	419  -  MemoryUsage of job (MB)
	428056  -  ResidentSetSize of job (KB)
...
006 (453.750.000) 2022-04-07 03:57:54 Image size of job updated: 776948
	419  -  MemoryUsage of job (MB)
	428056  -  ResidentSetSize of job (KB)
...
006 (453.750.000) 2022-04-07 06:23:09 Image size of job updated: 777204
	419  -  MemoryUsage of job (MB)
	428056  -  ResidentSetSize of job (KB)
...
006 (453.750.000) 2022-04-07 07:33:15 Image size of job updated: 777460
	419  -  MemoryUsage of job (MB)
	428056  -  ResidentSetSize of job (KB)
...
006 (453.750.000) 2022-04-07 08:43:23 Image size of job updated: 777716
	419  -  MemoryUsage of job (MB)
	428056  -  ResidentSetSize of job (KB)
...
006 (453.750.000) 2022-04-07 09:48:31 Image size of job updated: 777972
	419  -  MemoryUsage of job (MB)
	428056  -  ResidentSetSize of job (KB)
...
006 (453.750.000) 2022-04-07 10:58:39 Image size of job updated: 778228
	419  -  MemoryUsage of job (MB)
	428056  -  ResidentSetSize of job (KB)
...
006 (453.750.000) 2022-04-07 12:08:46 Image size of job updated: 778484
	419  -  MemoryUsage of job (MB)
	428056  -  ResidentSetSize of job (KB)
...
006 (453.750.000) 2022-04-07 13:13:52 Image size of job updated: 778740
	419  -  MemoryUsage of job (MB)
	428056  -  ResidentSetSize of job (KB)
...
006 (453.750.000) 2022-04-07 14:24:01 Image size of job updated: 778996
	419  -  MemoryUsage of job (MB)
	428056  -  ResidentSetSize of job (KB)
...
006 (453.750.000) 2022-04-07 15:29:07 Image size of job updated: 779252
	419  -  MemoryUsage of job (MB)
	428056  -  ResidentSetSize of job (KB)
...
006 (453.750.000) 2022-04-07 16:39:15 Image size of job updated: 779508
	419  -  MemoryUsage of job (MB)
	428056  -  ResidentSetSize of job (KB)
...
006 (453.750.000) 2022-04-07 17:44:22 Image size of job updated: 779764
	419  -  MemoryUsage of job (MB)
	428056  -  ResidentSetSize of job (KB)
...
005 (453.750.000) 2022-04-07 17:52:36 Job terminated.
	(1) Normal termination (return value 0)
		Usr 1 00:37:07, Sys 0 00:00:48  -  Run Remote Usage
		Usr 0 00:00:00, Sys 0 00:00:00  -  Run Local Usage
		Usr 1 00:37:07, Sys 0 00:00:48  -  Total Remote Usage
		Usr 0 00:00:00, Sys 0 00:00:00  -  Total Local Usage
	0  -  Run Bytes Sent By Job
	0  -  Run Bytes Received By Job
	0  -  Total Bytes Sent By Job
	0  -  Total Bytes Received By Job
	Partitionable Resources :    Usage  Request Allocated 
	   Cpus                 :     1.00        1         1 
	   Disk (KB)            :  7500        7500     10998 
	   Memory (MB)          :   419        1024      1024 

	Job terminated of its own accord at 2022-04-07T15:52:36Z with exit-code 0.
...
