000 (453.883.000) 2022-04-05 18:55:40 Job submitted from host: <10.18.24.243:9618?addrs=10.18.24.243-9618&alias=ecoclusts01.bioclust.biologie.ens.fr&noUDP&sock=schedd_1052_29b8>
...
001 (453.883.000) 2022-04-06 20:59:23 Job executing on host: <10.18.24.176:9618?addrs=10.18.24.176-9618&alias=mcbsclust05.bioclust.biologie.ens.fr&noUDP&sock=startd_869_a3e3>
...
006 (453.883.000) 2022-04-06 20:59:32 Image size of job updated: 233660
	110  -  MemoryUsage of job (MB)
	112452  -  ResidentSetSize of job (KB)
...
006 (453.883.000) 2022-04-06 21:04:32 Image size of job updated: 792244
	317  -  MemoryUsage of job (MB)
	324000  -  ResidentSetSize of job (KB)
...
006 (453.883.000) 2022-04-06 22:29:41 Image size of job updated: 792244
	317  -  MemoryUsage of job (MB)
	324132  -  ResidentSetSize of job (KB)
...
006 (453.883.000) 2022-04-06 22:59:43 Image size of job updated: 792244
	317  -  MemoryUsage of job (MB)
	324264  -  ResidentSetSize of job (KB)
...
006 (453.883.000) 2022-04-06 23:09:44 Image size of job updated: 792244
	317  -  MemoryUsage of job (MB)
	324396  -  ResidentSetSize of job (KB)
...
006 (453.883.000) 2022-04-06 23:24:46 Image size of job updated: 792244
	317  -  MemoryUsage of job (MB)
	324528  -  ResidentSetSize of job (KB)
...
006 (453.883.000) 2022-04-06 23:39:48 Image size of job updated: 792244
	318  -  MemoryUsage of job (MB)
	324660  -  ResidentSetSize of job (KB)
...
006 (453.883.000) 2022-04-07 00:04:50 Image size of job updated: 792244
	318  -  MemoryUsage of job (MB)
	324792  -  ResidentSetSize of job (KB)
...
006 (453.883.000) 2022-04-07 00:19:52 Image size of job updated: 792244
	318  -  MemoryUsage of job (MB)
	324924  -  ResidentSetSize of job (KB)
...
006 (453.883.000) 2022-04-07 00:34:54 Image size of job updated: 792244
	318  -  MemoryUsage of job (MB)
	325056  -  ResidentSetSize of job (KB)
...
006 (453.883.000) 2022-04-07 00:59:56 Image size of job updated: 792244
	318  -  MemoryUsage of job (MB)
	325188  -  ResidentSetSize of job (KB)
...
006 (453.883.000) 2022-04-07 01:14:57 Image size of job updated: 792244
	318  -  MemoryUsage of job (MB)
	325320  -  ResidentSetSize of job (KB)
...
006 (453.883.000) 2022-04-07 01:30:00 Image size of job updated: 792244
	318  -  MemoryUsage of job (MB)
	325452  -  ResidentSetSize of job (KB)
...
006 (453.883.000) 2022-04-07 01:45:02 Image size of job updated: 792244
	318  -  MemoryUsage of job (MB)
	325584  -  ResidentSetSize of job (KB)
...
006 (453.883.000) 2022-04-07 02:05:04 Image size of job updated: 792244
	319  -  MemoryUsage of job (MB)
	325716  -  ResidentSetSize of job (KB)
...
006 (453.883.000) 2022-04-07 02:20:06 Image size of job updated: 792244
	319  -  MemoryUsage of job (MB)
	325848  -  ResidentSetSize of job (KB)
...
006 (453.883.000) 2022-04-07 02:35:08 Image size of job updated: 792244
	319  -  MemoryUsage of job (MB)
	325980  -  ResidentSetSize of job (KB)
...
006 (453.883.000) 2022-04-07 02:50:10 Image size of job updated: 792244
	319  -  MemoryUsage of job (MB)
	326112  -  ResidentSetSize of job (KB)
...
006 (453.883.000) 2022-04-07 03:10:11 Image size of job updated: 792244
	319  -  MemoryUsage of job (MB)
	326244  -  ResidentSetSize of job (KB)
...
006 (453.883.000) 2022-04-07 03:20:11 Image size of job updated: 792244
	319  -  MemoryUsage of job (MB)
	326376  -  ResidentSetSize of job (KB)
...
006 (453.883.000) 2022-04-07 03:45:15 Image size of job updated: 792244
	319  -  MemoryUsage of job (MB)
	326508  -  ResidentSetSize of job (KB)
...
006 (453.883.000) 2022-04-07 03:55:15 Image size of job updated: 792244
	319  -  MemoryUsage of job (MB)
	326640  -  ResidentSetSize of job (KB)
...
006 (453.883.000) 2022-04-07 05:00:22 Image size of job updated: 792244
	320  -  MemoryUsage of job (MB)
	326744  -  ResidentSetSize of job (KB)
...
006 (453.883.000) 2022-04-07 05:15:24 Image size of job updated: 792244
	320  -  MemoryUsage of job (MB)
	326876  -  ResidentSetSize of job (KB)
...
006 (453.883.000) 2022-04-07 05:40:26 Image size of job updated: 792244
	320  -  MemoryUsage of job (MB)
	327008  -  ResidentSetSize of job (KB)
...
006 (453.883.000) 2022-04-07 06:00:29 Image size of job updated: 792244
	320  -  MemoryUsage of job (MB)
	327140  -  ResidentSetSize of job (KB)
...
006 (453.883.000) 2022-04-07 06:15:30 Image size of job updated: 792244
	320  -  MemoryUsage of job (MB)
	327272  -  ResidentSetSize of job (KB)
...
006 (453.883.000) 2022-04-07 06:40:34 Image size of job updated: 792244
	320  -  MemoryUsage of job (MB)
	327404  -  ResidentSetSize of job (KB)
...
006 (453.883.000) 2022-04-07 06:55:35 Image size of job updated: 792244
	320  -  MemoryUsage of job (MB)
	327536  -  ResidentSetSize of job (KB)
...
006 (453.883.000) 2022-04-07 07:20:38 Image size of job updated: 792244
	320  -  MemoryUsage of job (MB)
	327668  -  ResidentSetSize of job (KB)
...
006 (453.883.000) 2022-04-07 07:40:39 Image size of job updated: 792244
	321  -  MemoryUsage of job (MB)
	327800  -  ResidentSetSize of job (KB)
...
006 (453.883.000) 2022-04-07 08:00:41 Image size of job updated: 792244
	321  -  MemoryUsage of job (MB)
	327932  -  ResidentSetSize of job (KB)
...
006 (453.883.000) 2022-04-07 08:20:43 Image size of job updated: 792244
	321  -  MemoryUsage of job (MB)
	328064  -  ResidentSetSize of job (KB)
...
006 (453.883.000) 2022-04-07 08:40:45 Image size of job updated: 792244
	321  -  MemoryUsage of job (MB)
	328196  -  ResidentSetSize of job (KB)
...
006 (453.883.000) 2022-04-07 09:00:47 Image size of job updated: 792244
	321  -  MemoryUsage of job (MB)
	328328  -  ResidentSetSize of job (KB)
...
006 (453.883.000) 2022-04-07 09:25:48 Image size of job updated: 792244
	321  -  MemoryUsage of job (MB)
	328460  -  ResidentSetSize of job (KB)
...
006 (453.883.000) 2022-04-07 09:40:50 Image size of job updated: 792244
	321  -  MemoryUsage of job (MB)
	328592  -  ResidentSetSize of job (KB)
...
006 (453.883.000) 2022-04-07 10:05:53 Image size of job updated: 792244
	322  -  MemoryUsage of job (MB)
	328724  -  ResidentSetSize of job (KB)
...
006 (453.883.000) 2022-04-07 10:30:56 Image size of job updated: 792244
	322  -  MemoryUsage of job (MB)
	328856  -  ResidentSetSize of job (KB)
...
006 (453.883.000) 2022-04-07 10:45:58 Image size of job updated: 792244
	322  -  MemoryUsage of job (MB)
	328988  -  ResidentSetSize of job (KB)
...
006 (453.883.000) 2022-04-07 11:10:59 Image size of job updated: 792244
	322  -  MemoryUsage of job (MB)
	329120  -  ResidentSetSize of job (KB)
...
006 (453.883.000) 2022-04-07 11:31:02 Image size of job updated: 792244
	322  -  MemoryUsage of job (MB)
	329252  -  ResidentSetSize of job (KB)
...
005 (453.883.000) 2022-04-07 11:44:12 Job terminated.
	(1) Normal termination (return value 0)
		Usr 0 14:42:28, Sys 0 00:00:14  -  Run Remote Usage
		Usr 0 00:00:00, Sys 0 00:00:00  -  Run Local Usage
		Usr 0 14:42:28, Sys 0 00:00:14  -  Total Remote Usage
		Usr 0 00:00:00, Sys 0 00:00:00  -  Total Local Usage
	0  -  Run Bytes Sent By Job
	0  -  Run Bytes Received By Job
	0  -  Total Bytes Sent By Job
	0  -  Total Bytes Received By Job
	Partitionable Resources :    Usage  Request Allocated 
	   Cpus                 :     1.00        1         1 
	   Disk (KB)            :  7500        7500     11001 
	   Memory (MB)          :   322        1024      1024 

	Job terminated of its own accord at 2022-04-07T09:44:12Z with exit-code 0.
...
