000 (453.844.000) 2022-04-05 18:55:40 Job submitted from host: <10.18.24.243:9618?addrs=10.18.24.243-9618&alias=ecoclusts01.bioclust.biologie.ens.fr&noUDP&sock=schedd_1052_29b8>
...
001 (453.844.000) 2022-04-06 19:29:13 Job executing on host: <10.18.24.133:9618?addrs=10.18.24.133-9618&alias=dyoclust06.bioclust.biologie.ens.fr&noUDP&sock=startd_804_0e3b>
...
006 (453.844.000) 2022-04-06 19:29:23 Image size of job updated: 65316
	64  -  MemoryUsage of job (MB)
	65316  -  ResidentSetSize of job (KB)
...
006 (453.844.000) 2022-04-06 19:34:24 Image size of job updated: 741880
	271  -  MemoryUsage of job (MB)
	276528  -  ResidentSetSize of job (KB)
...
005 (453.844.000) 2022-04-06 19:38:51 Job terminated.
	(1) Normal termination (return value 0)
		Usr 0 00:08:42, Sys 0 00:00:39  -  Run Remote Usage
		Usr 0 00:00:00, Sys 0 00:00:00  -  Run Local Usage
		Usr 0 00:08:42, Sys 0 00:00:39  -  Total Remote Usage
		Usr 0 00:00:00, Sys 0 00:00:00  -  Total Local Usage
	0  -  Run Bytes Sent By Job
	0  -  Run Bytes Received By Job
	0  -  Total Bytes Sent By Job
	0  -  Total Bytes Received By Job
	Partitionable Resources :    Usage  Request Allocated 
	   Cpus                 :     0.99        1         1 
	   Disk (KB)            :  7500        7500     10015 
	   Memory (MB)          :   271        1024      1024 

	Job terminated of its own accord at 2022-04-06T17:38:51Z with exit-code 0.
...
