000 (453.142.000) 2022-04-05 18:55:37 Job submitted from host: <10.18.24.243:9618?addrs=10.18.24.243-9618&alias=ecoclusts01.bioclust.biologie.ens.fr&noUDP&sock=schedd_1052_29b8>
...
001 (453.142.000) 2022-04-06 06:11:32 Job executing on host: <10.18.24.140:9618?addrs=10.18.24.140-9618&alias=dyoclust13.bioclust.biologie.ens.fr&noUDP&sock=startd_813_3a96>
...
006 (453.142.000) 2022-04-06 06:11:41 Image size of job updated: 84948
	83  -  MemoryUsage of job (MB)
	84948  -  ResidentSetSize of job (KB)
...
006 (453.142.000) 2022-04-06 06:16:42 Image size of job updated: 741880
	317  -  MemoryUsage of job (MB)
	324320  -  ResidentSetSize of job (KB)
...
006 (453.142.000) 2022-04-06 06:21:43 Image size of job updated: 774648
	317  -  MemoryUsage of job (MB)
	324320  -  ResidentSetSize of job (KB)
...
006 (453.142.000) 2022-04-06 06:56:46 Image size of job updated: 774904
	317  -  MemoryUsage of job (MB)
	324452  -  ResidentSetSize of job (KB)
...
006 (453.142.000) 2022-04-06 07:01:46 Image size of job updated: 774904
	317  -  MemoryUsage of job (MB)
	324584  -  ResidentSetSize of job (KB)
...
006 (453.142.000) 2022-04-06 07:06:47 Image size of job updated: 775160
	318  -  MemoryUsage of job (MB)
	324716  -  ResidentSetSize of job (KB)
...
006 (453.142.000) 2022-04-06 07:11:48 Image size of job updated: 775416
	318  -  MemoryUsage of job (MB)
	324980  -  ResidentSetSize of job (KB)
...
006 (453.142.000) 2022-04-06 07:16:48 Image size of job updated: 775672
	318  -  MemoryUsage of job (MB)
	325112  -  ResidentSetSize of job (KB)
...
006 (453.142.000) 2022-04-06 07:21:48 Image size of job updated: 775928
	318  -  MemoryUsage of job (MB)
	325376  -  ResidentSetSize of job (KB)
...
006 (453.142.000) 2022-04-06 07:26:49 Image size of job updated: 776184
	319  -  MemoryUsage of job (MB)
	325640  -  ResidentSetSize of job (KB)
...
006 (453.142.000) 2022-04-06 07:31:50 Image size of job updated: 776184
	319  -  MemoryUsage of job (MB)
	325904  -  ResidentSetSize of job (KB)
...
006 (453.142.000) 2022-04-06 07:36:50 Image size of job updated: 776440
	319  -  MemoryUsage of job (MB)
	326036  -  ResidentSetSize of job (KB)
...
006 (453.142.000) 2022-04-06 07:41:51 Image size of job updated: 776696
	319  -  MemoryUsage of job (MB)
	326300  -  ResidentSetSize of job (KB)
...
006 (453.142.000) 2022-04-06 07:46:52 Image size of job updated: 776952
	319  -  MemoryUsage of job (MB)
	326564  -  ResidentSetSize of job (KB)
...
006 (453.142.000) 2022-04-06 07:56:52 Image size of job updated: 777208
	320  -  MemoryUsage of job (MB)
	326696  -  ResidentSetSize of job (KB)
...
006 (453.142.000) 2022-04-06 08:01:53 Image size of job updated: 777208
	320  -  MemoryUsage of job (MB)
	326960  -  ResidentSetSize of job (KB)
...
006 (453.142.000) 2022-04-06 08:06:53 Image size of job updated: 777464
	320  -  MemoryUsage of job (MB)
	327092  -  ResidentSetSize of job (KB)
...
006 (453.142.000) 2022-04-06 08:11:53 Image size of job updated: 777720
	320  -  MemoryUsage of job (MB)
	327356  -  ResidentSetSize of job (KB)
...
006 (453.142.000) 2022-04-06 08:16:54 Image size of job updated: 777976
	320  -  MemoryUsage of job (MB)
	327620  -  ResidentSetSize of job (KB)
...
006 (453.142.000) 2022-04-06 08:21:55 Image size of job updated: 778232
	321  -  MemoryUsage of job (MB)
	327752  -  ResidentSetSize of job (KB)
...
006 (453.142.000) 2022-04-06 08:26:55 Image size of job updated: 778488
	321  -  MemoryUsage of job (MB)
	328016  -  ResidentSetSize of job (KB)
...
006 (453.142.000) 2022-04-06 08:31:56 Image size of job updated: 778744
	321  -  MemoryUsage of job (MB)
	328280  -  ResidentSetSize of job (KB)
...
006 (453.142.000) 2022-04-06 08:36:57 Image size of job updated: 778744
	321  -  MemoryUsage of job (MB)
	328412  -  ResidentSetSize of job (KB)
...
006 (453.142.000) 2022-04-06 08:41:57 Image size of job updated: 779000
	321  -  MemoryUsage of job (MB)
	328676  -  ResidentSetSize of job (KB)
...
006 (453.142.000) 2022-04-06 08:46:57 Image size of job updated: 779256
	322  -  MemoryUsage of job (MB)
	328940  -  ResidentSetSize of job (KB)
...
006 (453.142.000) 2022-04-06 08:51:58 Image size of job updated: 779512
	322  -  MemoryUsage of job (MB)
	329072  -  ResidentSetSize of job (KB)
...
005 (453.142.000) 2022-04-06 08:54:14 Job terminated.
	(1) Normal termination (return value 0)
		Usr 0 02:40:35, Sys 0 00:00:59  -  Run Remote Usage
		Usr 0 00:00:00, Sys 0 00:00:00  -  Run Local Usage
		Usr 0 02:40:35, Sys 0 00:00:59  -  Total Remote Usage
		Usr 0 00:00:00, Sys 0 00:00:00  -  Total Local Usage
	0  -  Run Bytes Sent By Job
	0  -  Run Bytes Received By Job
	0  -  Total Bytes Sent By Job
	0  -  Total Bytes Received By Job
	Partitionable Resources :    Usage  Request Allocated 
	   Cpus                 :     1.00        1         1 
	   Disk (KB)            :  7500        7500     10064 
	   Memory (MB)          :   322        1024      1024 

	Job terminated of its own accord at 2022-04-06T06:54:14Z with exit-code 0.
...
