000 (453.515.000) 2022-04-05 18:55:38 Job submitted from host: <10.18.24.243:9618?addrs=10.18.24.243-9618&alias=ecoclusts01.bioclust.biologie.ens.fr&noUDP&sock=schedd_1052_29b8>
...
001 (453.515.000) 2022-04-06 11:59:07 Job executing on host: <10.18.24.8:9618?addrs=10.18.24.8-9618&alias=bioclust08.bioclust.biologie.ens.fr&noUDP&sock=startd_1108_9306>
...
006 (453.515.000) 2022-04-06 11:59:15 Image size of job updated: 232336
	91  -  MemoryUsage of job (MB)
	92624  -  ResidentSetSize of job (KB)
...
006 (453.515.000) 2022-04-06 12:04:15 Image size of job updated: 741620
	287  -  MemoryUsage of job (MB)
	293268  -  ResidentSetSize of job (KB)
...
006 (453.515.000) 2022-04-06 12:09:15 Image size of job updated: 774388
	317  -  MemoryUsage of job (MB)
	324120  -  ResidentSetSize of job (KB)
...
006 (453.515.000) 2022-04-06 13:04:21 Image size of job updated: 774644
	317  -  MemoryUsage of job (MB)
	324120  -  ResidentSetSize of job (KB)
...
006 (453.515.000) 2022-04-06 13:09:22 Image size of job updated: 774644
	317  -  MemoryUsage of job (MB)
	324252  -  ResidentSetSize of job (KB)
...
006 (453.515.000) 2022-04-06 13:19:24 Image size of job updated: 774900
	317  -  MemoryUsage of job (MB)
	324384  -  ResidentSetSize of job (KB)
...
006 (453.515.000) 2022-04-06 13:24:24 Image size of job updated: 774900
	317  -  MemoryUsage of job (MB)
	324516  -  ResidentSetSize of job (KB)
...
006 (453.515.000) 2022-04-06 13:29:24 Image size of job updated: 774900
	318  -  MemoryUsage of job (MB)
	324648  -  ResidentSetSize of job (KB)
...
006 (453.515.000) 2022-04-06 13:34:25 Image size of job updated: 775156
	318  -  MemoryUsage of job (MB)
	324648  -  ResidentSetSize of job (KB)
...
006 (453.515.000) 2022-04-06 13:39:26 Image size of job updated: 775156
	318  -  MemoryUsage of job (MB)
	324780  -  ResidentSetSize of job (KB)
...
006 (453.515.000) 2022-04-06 13:44:27 Image size of job updated: 775412
	318  -  MemoryUsage of job (MB)
	324912  -  ResidentSetSize of job (KB)
...
006 (453.515.000) 2022-04-06 13:49:27 Image size of job updated: 775412
	318  -  MemoryUsage of job (MB)
	325044  -  ResidentSetSize of job (KB)
...
006 (453.515.000) 2022-04-06 13:54:27 Image size of job updated: 775668
	318  -  MemoryUsage of job (MB)
	325176  -  ResidentSetSize of job (KB)
...
006 (453.515.000) 2022-04-06 13:59:27 Image size of job updated: 775668
	318  -  MemoryUsage of job (MB)
	325308  -  ResidentSetSize of job (KB)
...
006 (453.515.000) 2022-04-06 14:09:29 Image size of job updated: 775924
	318  -  MemoryUsage of job (MB)
	325440  -  ResidentSetSize of job (KB)
...
006 (453.515.000) 2022-04-06 14:14:29 Image size of job updated: 775924
	318  -  MemoryUsage of job (MB)
	325572  -  ResidentSetSize of job (KB)
...
006 (453.515.000) 2022-04-06 14:19:30 Image size of job updated: 776180
	319  -  MemoryUsage of job (MB)
	325704  -  ResidentSetSize of job (KB)
...
006 (453.515.000) 2022-04-06 14:24:31 Image size of job updated: 776180
	319  -  MemoryUsage of job (MB)
	325836  -  ResidentSetSize of job (KB)
...
006 (453.515.000) 2022-04-06 14:29:32 Image size of job updated: 776436
	319  -  MemoryUsage of job (MB)
	325968  -  ResidentSetSize of job (KB)
...
006 (453.515.000) 2022-04-06 14:34:32 Image size of job updated: 776436
	319  -  MemoryUsage of job (MB)
	326100  -  ResidentSetSize of job (KB)
...
006 (453.515.000) 2022-04-06 14:39:32 Image size of job updated: 776692
	319  -  MemoryUsage of job (MB)
	326232  -  ResidentSetSize of job (KB)
...
006 (453.515.000) 2022-04-06 14:44:33 Image size of job updated: 776692
	319  -  MemoryUsage of job (MB)
	326364  -  ResidentSetSize of job (KB)
...
006 (453.515.000) 2022-04-06 14:49:33 Image size of job updated: 776948
	319  -  MemoryUsage of job (MB)
	326496  -  ResidentSetSize of job (KB)
...
006 (453.515.000) 2022-04-06 14:54:33 Image size of job updated: 776948
	319  -  MemoryUsage of job (MB)
	326628  -  ResidentSetSize of job (KB)
...
006 (453.515.000) 2022-04-06 15:14:35 Image size of job updated: 777204
	320  -  MemoryUsage of job (MB)
	326736  -  ResidentSetSize of job (KB)
...
006 (453.515.000) 2022-04-06 15:19:35 Image size of job updated: 777204
	320  -  MemoryUsage of job (MB)
	326868  -  ResidentSetSize of job (KB)
...
006 (453.515.000) 2022-04-06 15:24:35 Image size of job updated: 777460
	320  -  MemoryUsage of job (MB)
	327000  -  ResidentSetSize of job (KB)
...
006 (453.515.000) 2022-04-06 15:29:36 Image size of job updated: 777460
	320  -  MemoryUsage of job (MB)
	327132  -  ResidentSetSize of job (KB)
...
006 (453.515.000) 2022-04-06 15:34:37 Image size of job updated: 777716
	320  -  MemoryUsage of job (MB)
	327264  -  ResidentSetSize of job (KB)
...
006 (453.515.000) 2022-04-06 15:44:37 Image size of job updated: 777716
	320  -  MemoryUsage of job (MB)
	327396  -  ResidentSetSize of job (KB)
...
006 (453.515.000) 2022-04-06 15:49:38 Image size of job updated: 777972
	320  -  MemoryUsage of job (MB)
	327528  -  ResidentSetSize of job (KB)
...
006 (453.515.000) 2022-04-06 15:54:39 Image size of job updated: 777972
	320  -  MemoryUsage of job (MB)
	327660  -  ResidentSetSize of job (KB)
...
006 (453.515.000) 2022-04-06 15:59:39 Image size of job updated: 778228
	321  -  MemoryUsage of job (MB)
	327792  -  ResidentSetSize of job (KB)
...
006 (453.515.000) 2022-04-06 16:04:39 Image size of job updated: 778228
	321  -  MemoryUsage of job (MB)
	327924  -  ResidentSetSize of job (KB)
...
006 (453.515.000) 2022-04-06 16:09:40 Image size of job updated: 778484
	321  -  MemoryUsage of job (MB)
	328056  -  ResidentSetSize of job (KB)
...
006 (453.515.000) 2022-04-06 16:14:41 Image size of job updated: 778484
	321  -  MemoryUsage of job (MB)
	328188  -  ResidentSetSize of job (KB)
...
006 (453.515.000) 2022-04-06 16:19:41 Image size of job updated: 778740
	321  -  MemoryUsage of job (MB)
	328320  -  ResidentSetSize of job (KB)
...
006 (453.515.000) 2022-04-06 16:24:42 Image size of job updated: 778740
	321  -  MemoryUsage of job (MB)
	328452  -  ResidentSetSize of job (KB)
...
006 (453.515.000) 2022-04-06 16:29:43 Image size of job updated: 778996
	321  -  MemoryUsage of job (MB)
	328584  -  ResidentSetSize of job (KB)
...
006 (453.515.000) 2022-04-06 16:39:43 Image size of job updated: 779252
	322  -  MemoryUsage of job (MB)
	328716  -  ResidentSetSize of job (KB)
...
006 (453.515.000) 2022-04-06 16:44:44 Image size of job updated: 779252
	322  -  MemoryUsage of job (MB)
	328848  -  ResidentSetSize of job (KB)
...
006 (453.515.000) 2022-04-06 16:49:45 Image size of job updated: 779508
	322  -  MemoryUsage of job (MB)
	328980  -  ResidentSetSize of job (KB)
...
006 (453.515.000) 2022-04-06 16:54:45 Image size of job updated: 779508
	322  -  MemoryUsage of job (MB)
	329112  -  ResidentSetSize of job (KB)
...
006 (453.515.000) 2022-04-06 16:59:45 Image size of job updated: 779508
	322  -  MemoryUsage of job (MB)
	329244  -  ResidentSetSize of job (KB)
...
005 (453.515.000) 2022-04-06 17:01:06 Job terminated.
	(1) Normal termination (return value 0)
		Usr 0 05:01:22, Sys 0 00:00:16  -  Run Remote Usage
		Usr 0 00:00:00, Sys 0 00:00:00  -  Run Local Usage
		Usr 0 05:01:22, Sys 0 00:00:16  -  Total Remote Usage
		Usr 0 00:00:00, Sys 0 00:00:00  -  Total Local Usage
	0  -  Run Bytes Sent By Job
	0  -  Run Bytes Received By Job
	0  -  Total Bytes Sent By Job
	0  -  Total Bytes Received By Job
	Partitionable Resources :    Usage  Request Allocated 
	   Cpus                 :     1.00        1         1 
	   Disk (KB)            :  7500        7500     10998 
	   Memory (MB)          :   322        1024      1024 

	Job terminated of its own accord at 2022-04-06T15:01:06Z with exit-code 0.
...
