000 (453.714.000) 2022-04-05 18:55:39 Job submitted from host: <10.18.24.243:9618?addrs=10.18.24.243-9618&alias=ecoclusts01.bioclust.biologie.ens.fr&noUDP&sock=schedd_1052_29b8>
...
001 (453.714.000) 2022-04-06 16:04:54 Job executing on host: <10.18.24.8:9618?addrs=10.18.24.8-9618&alias=bioclust08.bioclust.biologie.ens.fr&noUDP&sock=startd_1108_9306>
...
006 (453.714.000) 2022-04-06 16:05:03 Image size of job updated: 803564
	317  -  MemoryUsage of job (MB)
	324328  -  ResidentSetSize of job (KB)
...
006 (453.714.000) 2022-04-06 16:15:03 Image size of job updated: 803564
	317  -  MemoryUsage of job (MB)
	324352  -  ResidentSetSize of job (KB)
...
006 (453.714.000) 2022-04-06 17:15:10 Image size of job updated: 803564
	317  -  MemoryUsage of job (MB)
	324484  -  ResidentSetSize of job (KB)
...
006 (453.714.000) 2022-04-06 17:20:10 Image size of job updated: 803564
	318  -  MemoryUsage of job (MB)
	324616  -  ResidentSetSize of job (KB)
...
006 (453.714.000) 2022-04-06 17:25:10 Image size of job updated: 803564
	318  -  MemoryUsage of job (MB)
	324748  -  ResidentSetSize of job (KB)
...
006 (453.714.000) 2022-04-06 17:30:11 Image size of job updated: 803564
	318  -  MemoryUsage of job (MB)
	324880  -  ResidentSetSize of job (KB)
...
006 (453.714.000) 2022-04-06 17:35:11 Image size of job updated: 803564
	318  -  MemoryUsage of job (MB)
	325012  -  ResidentSetSize of job (KB)
...
006 (453.714.000) 2022-04-06 17:40:11 Image size of job updated: 803564
	318  -  MemoryUsage of job (MB)
	325144  -  ResidentSetSize of job (KB)
...
006 (453.714.000) 2022-04-06 17:50:13 Image size of job updated: 803564
	318  -  MemoryUsage of job (MB)
	325276  -  ResidentSetSize of job (KB)
...
006 (453.714.000) 2022-04-06 17:55:13 Image size of job updated: 803564
	318  -  MemoryUsage of job (MB)
	325408  -  ResidentSetSize of job (KB)
...
006 (453.714.000) 2022-04-06 18:00:13 Image size of job updated: 803564
	318  -  MemoryUsage of job (MB)
	325540  -  ResidentSetSize of job (KB)
...
006 (453.714.000) 2022-04-06 18:05:14 Image size of job updated: 803564
	319  -  MemoryUsage of job (MB)
	325672  -  ResidentSetSize of job (KB)
...
006 (453.714.000) 2022-04-06 18:15:14 Image size of job updated: 803564
	319  -  MemoryUsage of job (MB)
	325804  -  ResidentSetSize of job (KB)
...
006 (453.714.000) 2022-04-06 18:20:15 Image size of job updated: 803564
	319  -  MemoryUsage of job (MB)
	325936  -  ResidentSetSize of job (KB)
...
006 (453.714.000) 2022-04-06 18:25:16 Image size of job updated: 803564
	319  -  MemoryUsage of job (MB)
	326068  -  ResidentSetSize of job (KB)
...
006 (453.714.000) 2022-04-06 18:35:16 Image size of job updated: 803564
	319  -  MemoryUsage of job (MB)
	326200  -  ResidentSetSize of job (KB)
...
006 (453.714.000) 2022-04-06 18:40:17 Image size of job updated: 803564
	319  -  MemoryUsage of job (MB)
	326332  -  ResidentSetSize of job (KB)
...
006 (453.714.000) 2022-04-06 18:45:18 Image size of job updated: 803564
	319  -  MemoryUsage of job (MB)
	326464  -  ResidentSetSize of job (KB)
...
006 (453.714.000) 2022-04-06 18:50:18 Image size of job updated: 803564
	319  -  MemoryUsage of job (MB)
	326596  -  ResidentSetSize of job (KB)
...
006 (453.714.000) 2022-04-06 19:10:20 Image size of job updated: 803564
	320  -  MemoryUsage of job (MB)
	326712  -  ResidentSetSize of job (KB)
...
006 (453.714.000) 2022-04-06 19:20:22 Image size of job updated: 803564
	320  -  MemoryUsage of job (MB)
	326844  -  ResidentSetSize of job (KB)
...
006 (453.714.000) 2022-04-06 19:25:22 Image size of job updated: 803564
	320  -  MemoryUsage of job (MB)
	326976  -  ResidentSetSize of job (KB)
...
006 (453.714.000) 2022-04-06 19:35:23 Image size of job updated: 803564
	320  -  MemoryUsage of job (MB)
	327108  -  ResidentSetSize of job (KB)
...
006 (453.714.000) 2022-04-06 19:40:24 Image size of job updated: 803564
	320  -  MemoryUsage of job (MB)
	327240  -  ResidentSetSize of job (KB)
...
006 (453.714.000) 2022-04-06 19:50:24 Image size of job updated: 803564
	320  -  MemoryUsage of job (MB)
	327372  -  ResidentSetSize of job (KB)
...
006 (453.714.000) 2022-04-06 19:55:25 Image size of job updated: 803564
	320  -  MemoryUsage of job (MB)
	327504  -  ResidentSetSize of job (KB)
...
006 (453.714.000) 2022-04-06 20:05:25 Image size of job updated: 803564
	320  -  MemoryUsage of job (MB)
	327636  -  ResidentSetSize of job (KB)
...
006 (453.714.000) 2022-04-06 20:10:26 Image size of job updated: 803564
	321  -  MemoryUsage of job (MB)
	327768  -  ResidentSetSize of job (KB)
...
006 (453.714.000) 2022-04-06 20:20:27 Image size of job updated: 803564
	321  -  MemoryUsage of job (MB)
	327900  -  ResidentSetSize of job (KB)
...
006 (453.714.000) 2022-04-06 20:30:28 Image size of job updated: 803564
	321  -  MemoryUsage of job (MB)
	328032  -  ResidentSetSize of job (KB)
...
006 (453.714.000) 2022-04-06 20:35:29 Image size of job updated: 803564
	321  -  MemoryUsage of job (MB)
	328164  -  ResidentSetSize of job (KB)
...
006 (453.714.000) 2022-04-06 20:45:29 Image size of job updated: 803564
	321  -  MemoryUsage of job (MB)
	328296  -  ResidentSetSize of job (KB)
...
006 (453.714.000) 2022-04-06 20:50:30 Image size of job updated: 803564
	321  -  MemoryUsage of job (MB)
	328428  -  ResidentSetSize of job (KB)
...
006 (453.714.000) 2022-04-06 20:55:31 Image size of job updated: 803564
	321  -  MemoryUsage of job (MB)
	328560  -  ResidentSetSize of job (KB)
...
006 (453.714.000) 2022-04-06 21:05:31 Image size of job updated: 803564
	321  -  MemoryUsage of job (MB)
	328692  -  ResidentSetSize of job (KB)
...
006 (453.714.000) 2022-04-06 21:10:32 Image size of job updated: 803564
	322  -  MemoryUsage of job (MB)
	328824  -  ResidentSetSize of job (KB)
...
006 (453.714.000) 2022-04-06 21:20:33 Image size of job updated: 803564
	322  -  MemoryUsage of job (MB)
	328956  -  ResidentSetSize of job (KB)
...
006 (453.714.000) 2022-04-06 21:25:34 Image size of job updated: 803564
	322  -  MemoryUsage of job (MB)
	329088  -  ResidentSetSize of job (KB)
...
006 (453.714.000) 2022-04-06 21:35:35 Image size of job updated: 803564
	322  -  MemoryUsage of job (MB)
	329220  -  ResidentSetSize of job (KB)
...
005 (453.714.000) 2022-04-06 21:37:57 Job terminated.
	(1) Normal termination (return value 0)
		Usr 0 05:31:34, Sys 0 00:01:13  -  Run Remote Usage
		Usr 0 00:00:00, Sys 0 00:00:00  -  Run Local Usage
		Usr 0 05:31:34, Sys 0 00:01:13  -  Total Remote Usage
		Usr 0 00:00:00, Sys 0 00:00:00  -  Total Local Usage
	0  -  Run Bytes Sent By Job
	0  -  Run Bytes Received By Job
	0  -  Total Bytes Sent By Job
	0  -  Total Bytes Received By Job
	Partitionable Resources :    Usage  Request Allocated 
	   Cpus                 :     1.00        1         1 
	   Disk (KB)            :  7500        7500     10998 
	   Memory (MB)          :   322        1024      1024 

	Job terminated of its own accord at 2022-04-06T19:37:57Z with exit-code 0.
...
