000 (453.053.000) 2022-04-05 18:55:36 Job submitted from host: <10.18.24.243:9618?addrs=10.18.24.243-9618&alias=ecoclusts01.bioclust.biologie.ens.fr&noUDP&sock=schedd_1052_29b8>
...
001 (453.053.000) 2022-04-06 04:59:58 Job executing on host: <10.18.24.13:9618?addrs=10.18.24.13-9618&alias=bioclust13.bioclust.biologie.ens.fr&noUDP&sock=startd_1202_0ced>
...
006 (453.053.000) 2022-04-06 05:00:07 Image size of job updated: 233404
	91  -  MemoryUsage of job (MB)
	93032  -  ResidentSetSize of job (KB)
...
006 (453.053.000) 2022-04-06 05:05:07 Image size of job updated: 741880
	317  -  MemoryUsage of job (MB)
	324380  -  ResidentSetSize of job (KB)
...
006 (453.053.000) 2022-04-06 05:15:08 Image size of job updated: 774648
	317  -  MemoryUsage of job (MB)
	324380  -  ResidentSetSize of job (KB)
...
006 (453.053.000) 2022-04-06 06:25:16 Image size of job updated: 774904
	317  -  MemoryUsage of job (MB)
	324380  -  ResidentSetSize of job (KB)
...
006 (453.053.000) 2022-04-06 06:35:16 Image size of job updated: 774904
	317  -  MemoryUsage of job (MB)
	324512  -  ResidentSetSize of job (KB)
...
006 (453.053.000) 2022-04-06 06:45:17 Image size of job updated: 775160
	318  -  MemoryUsage of job (MB)
	324644  -  ResidentSetSize of job (KB)
...
006 (453.053.000) 2022-04-06 06:55:18 Image size of job updated: 775160
	318  -  MemoryUsage of job (MB)
	324776  -  ResidentSetSize of job (KB)
...
006 (453.053.000) 2022-04-06 07:05:19 Image size of job updated: 775416
	318  -  MemoryUsage of job (MB)
	324908  -  ResidentSetSize of job (KB)
...
006 (453.053.000) 2022-04-06 07:10:20 Image size of job updated: 775416
	318  -  MemoryUsage of job (MB)
	325040  -  ResidentSetSize of job (KB)
...
006 (453.053.000) 2022-04-06 07:20:21 Image size of job updated: 775672
	318  -  MemoryUsage of job (MB)
	325172  -  ResidentSetSize of job (KB)
...
006 (453.053.000) 2022-04-06 07:25:21 Image size of job updated: 775672
	318  -  MemoryUsage of job (MB)
	325304  -  ResidentSetSize of job (KB)
...
006 (453.053.000) 2022-04-06 07:35:23 Image size of job updated: 775928
	318  -  MemoryUsage of job (MB)
	325436  -  ResidentSetSize of job (KB)
...
006 (453.053.000) 2022-04-06 07:40:23 Image size of job updated: 775928
	318  -  MemoryUsage of job (MB)
	325568  -  ResidentSetSize of job (KB)
...
006 (453.053.000) 2022-04-06 07:50:25 Image size of job updated: 776184
	319  -  MemoryUsage of job (MB)
	325700  -  ResidentSetSize of job (KB)
...
006 (453.053.000) 2022-04-06 07:55:25 Image size of job updated: 776184
	319  -  MemoryUsage of job (MB)
	325832  -  ResidentSetSize of job (KB)
...
006 (453.053.000) 2022-04-06 08:05:26 Image size of job updated: 776440
	319  -  MemoryUsage of job (MB)
	325964  -  ResidentSetSize of job (KB)
...
006 (453.053.000) 2022-04-06 08:15:26 Image size of job updated: 776440
	319  -  MemoryUsage of job (MB)
	326096  -  ResidentSetSize of job (KB)
...
006 (453.053.000) 2022-04-06 08:20:27 Image size of job updated: 776696
	319  -  MemoryUsage of job (MB)
	326228  -  ResidentSetSize of job (KB)
...
006 (453.053.000) 2022-04-06 08:30:28 Image size of job updated: 776696
	319  -  MemoryUsage of job (MB)
	326360  -  ResidentSetSize of job (KB)
...
006 (453.053.000) 2022-04-06 08:35:29 Image size of job updated: 776952
	319  -  MemoryUsage of job (MB)
	326492  -  ResidentSetSize of job (KB)
...
006 (453.053.000) 2022-04-06 08:40:30 Image size of job updated: 776952
	319  -  MemoryUsage of job (MB)
	326624  -  ResidentSetSize of job (KB)
...
006 (453.053.000) 2022-04-06 09:05:32 Image size of job updated: 777208
	320  -  MemoryUsage of job (MB)
	326740  -  ResidentSetSize of job (KB)
...
006 (453.053.000) 2022-04-06 09:15:34 Image size of job updated: 777208
	320  -  MemoryUsage of job (MB)
	326872  -  ResidentSetSize of job (KB)
...
006 (453.053.000) 2022-04-06 09:25:35 Image size of job updated: 777464
	320  -  MemoryUsage of job (MB)
	327004  -  ResidentSetSize of job (KB)
...
006 (453.053.000) 2022-04-06 09:30:36 Image size of job updated: 777464
	320  -  MemoryUsage of job (MB)
	327136  -  ResidentSetSize of job (KB)
...
006 (453.053.000) 2022-04-06 09:40:37 Image size of job updated: 777720
	320  -  MemoryUsage of job (MB)
	327268  -  ResidentSetSize of job (KB)
...
006 (453.053.000) 2022-04-06 09:45:38 Image size of job updated: 777720
	320  -  MemoryUsage of job (MB)
	327400  -  ResidentSetSize of job (KB)
...
006 (453.053.000) 2022-04-06 09:50:38 Image size of job updated: 777976
	320  -  MemoryUsage of job (MB)
	327400  -  ResidentSetSize of job (KB)
...
006 (453.053.000) 2022-04-06 09:55:38 Image size of job updated: 777976
	320  -  MemoryUsage of job (MB)
	327532  -  ResidentSetSize of job (KB)
...
006 (453.053.000) 2022-04-06 10:00:40 Image size of job updated: 777976
	320  -  MemoryUsage of job (MB)
	327664  -  ResidentSetSize of job (KB)
...
006 (453.053.000) 2022-04-06 10:05:40 Image size of job updated: 778232
	320  -  MemoryUsage of job (MB)
	327664  -  ResidentSetSize of job (KB)
...
006 (453.053.000) 2022-04-06 10:10:40 Image size of job updated: 778232
	321  -  MemoryUsage of job (MB)
	327796  -  ResidentSetSize of job (KB)
...
006 (453.053.000) 2022-04-06 10:15:41 Image size of job updated: 778232
	321  -  MemoryUsage of job (MB)
	327928  -  ResidentSetSize of job (KB)
...
006 (453.053.000) 2022-04-06 10:20:42 Image size of job updated: 778488
	321  -  MemoryUsage of job (MB)
	327928  -  ResidentSetSize of job (KB)
...
006 (453.053.000) 2022-04-06 10:25:42 Image size of job updated: 778488
	321  -  MemoryUsage of job (MB)
	328060  -  ResidentSetSize of job (KB)
...
006 (453.053.000) 2022-04-06 10:30:43 Image size of job updated: 778488
	321  -  MemoryUsage of job (MB)
	328192  -  ResidentSetSize of job (KB)
...
006 (453.053.000) 2022-04-06 10:35:44 Image size of job updated: 778744
	321  -  MemoryUsage of job (MB)
	328192  -  ResidentSetSize of job (KB)
...
006 (453.053.000) 2022-04-06 10:40:44 Image size of job updated: 778744
	321  -  MemoryUsage of job (MB)
	328324  -  ResidentSetSize of job (KB)
...
006 (453.053.000) 2022-04-06 10:45:44 Image size of job updated: 778744
	321  -  MemoryUsage of job (MB)
	328456  -  ResidentSetSize of job (KB)
...
006 (453.053.000) 2022-04-06 10:50:45 Image size of job updated: 779000
	321  -  MemoryUsage of job (MB)
	328456  -  ResidentSetSize of job (KB)
...
006 (453.053.000) 2022-04-06 10:55:45 Image size of job updated: 779000
	321  -  MemoryUsage of job (MB)
	328588  -  ResidentSetSize of job (KB)
...
006 (453.053.000) 2022-04-06 11:00:45 Image size of job updated: 779000
	322  -  MemoryUsage of job (MB)
	328720  -  ResidentSetSize of job (KB)
...
006 (453.053.000) 2022-04-06 11:05:46 Image size of job updated: 779256
	322  -  MemoryUsage of job (MB)
	328720  -  ResidentSetSize of job (KB)
...
006 (453.053.000) 2022-04-06 11:10:47 Image size of job updated: 779256
	322  -  MemoryUsage of job (MB)
	328852  -  ResidentSetSize of job (KB)
...
006 (453.053.000) 2022-04-06 11:15:47 Image size of job updated: 779256
	322  -  MemoryUsage of job (MB)
	328984  -  ResidentSetSize of job (KB)
...
006 (453.053.000) 2022-04-06 11:20:47 Image size of job updated: 779512
	322  -  MemoryUsage of job (MB)
	329116  -  ResidentSetSize of job (KB)
...
006 (453.053.000) 2022-04-06 11:30:48 Image size of job updated: 779512
	322  -  MemoryUsage of job (MB)
	329248  -  ResidentSetSize of job (KB)
...
005 (453.053.000) 2022-04-06 11:32:53 Job terminated.
	(1) Normal termination (return value 0)
		Usr 0 06:27:39, Sys 0 00:03:09  -  Run Remote Usage
		Usr 0 00:00:00, Sys 0 00:00:00  -  Run Local Usage
		Usr 0 06:27:39, Sys 0 00:03:09  -  Total Remote Usage
		Usr 0 00:00:00, Sys 0 00:00:00  -  Total Local Usage
	0  -  Run Bytes Sent By Job
	0  -  Run Bytes Received By Job
	0  -  Total Bytes Sent By Job
	0  -  Total Bytes Received By Job
	Partitionable Resources :    Usage  Request Allocated 
	   Cpus                 :     1.00        1         1 
	   Disk (KB)            :  7500        7500     10998 
	   Memory (MB)          :   322        1024      1024 

	Job terminated of its own accord at 2022-04-06T09:32:53Z with exit-code 0.
...
