000 (453.240.000) 2022-04-05 18:55:37 Job submitted from host: <10.18.24.243:9618?addrs=10.18.24.243-9618&alias=ecoclusts01.bioclust.biologie.ens.fr&noUDP&sock=schedd_1052_29b8>
...
001 (453.240.000) 2022-04-06 07:39:05 Job executing on host: <10.18.24.133:9618?addrs=10.18.24.133-9618&alias=dyoclust06.bioclust.biologie.ens.fr&noUDP&sock=startd_804_0e3b>
...
006 (453.240.000) 2022-04-06 07:39:14 Image size of job updated: 73724
	72  -  MemoryUsage of job (MB)
	73724  -  ResidentSetSize of job (KB)
...
006 (453.240.000) 2022-04-06 07:44:14 Image size of job updated: 741624
	274  -  MemoryUsage of job (MB)
	280056  -  ResidentSetSize of job (KB)
...
006 (453.240.000) 2022-04-06 07:49:14 Image size of job updated: 774392
	317  -  MemoryUsage of job (MB)
	324076  -  ResidentSetSize of job (KB)
...
006 (453.240.000) 2022-04-06 08:24:18 Image size of job updated: 774648
	317  -  MemoryUsage of job (MB)
	324076  -  ResidentSetSize of job (KB)
...
006 (453.240.000) 2022-04-06 08:29:19 Image size of job updated: 774648
	317  -  MemoryUsage of job (MB)
	324208  -  ResidentSetSize of job (KB)
...
006 (453.240.000) 2022-04-06 08:34:20 Image size of job updated: 774904
	317  -  MemoryUsage of job (MB)
	324472  -  ResidentSetSize of job (KB)
...
006 (453.240.000) 2022-04-06 08:39:20 Image size of job updated: 774904
	317  -  MemoryUsage of job (MB)
	324604  -  ResidentSetSize of job (KB)
...
006 (453.240.000) 2022-04-06 08:44:21 Image size of job updated: 775160
	318  -  MemoryUsage of job (MB)
	324736  -  ResidentSetSize of job (KB)
...
006 (453.240.000) 2022-04-06 08:49:22 Image size of job updated: 775416
	318  -  MemoryUsage of job (MB)
	325000  -  ResidentSetSize of job (KB)
...
006 (453.240.000) 2022-04-06 08:54:22 Image size of job updated: 775416
	318  -  MemoryUsage of job (MB)
	325132  -  ResidentSetSize of job (KB)
...
006 (453.240.000) 2022-04-06 08:59:22 Image size of job updated: 775672
	318  -  MemoryUsage of job (MB)
	325264  -  ResidentSetSize of job (KB)
...
006 (453.240.000) 2022-04-06 09:04:23 Image size of job updated: 775928
	318  -  MemoryUsage of job (MB)
	325528  -  ResidentSetSize of job (KB)
...
006 (453.240.000) 2022-04-06 09:09:24 Image size of job updated: 776184
	319  -  MemoryUsage of job (MB)
	325660  -  ResidentSetSize of job (KB)
...
006 (453.240.000) 2022-04-06 09:14:24 Image size of job updated: 776184
	319  -  MemoryUsage of job (MB)
	325924  -  ResidentSetSize of job (KB)
...
006 (453.240.000) 2022-04-06 09:19:25 Image size of job updated: 776440
	319  -  MemoryUsage of job (MB)
	326056  -  ResidentSetSize of job (KB)
...
006 (453.240.000) 2022-04-06 09:24:26 Image size of job updated: 776696
	319  -  MemoryUsage of job (MB)
	326188  -  ResidentSetSize of job (KB)
...
006 (453.240.000) 2022-04-06 09:29:26 Image size of job updated: 776952
	319  -  MemoryUsage of job (MB)
	326452  -  ResidentSetSize of job (KB)
...
006 (453.240.000) 2022-04-06 09:34:26 Image size of job updated: 776952
	319  -  MemoryUsage of job (MB)
	326584  -  ResidentSetSize of job (KB)
...
006 (453.240.000) 2022-04-06 09:44:28 Image size of job updated: 777208
	320  -  MemoryUsage of job (MB)
	326716  -  ResidentSetSize of job (KB)
...
006 (453.240.000) 2022-04-06 09:49:28 Image size of job updated: 777208
	320  -  MemoryUsage of job (MB)
	326848  -  ResidentSetSize of job (KB)
...
006 (453.240.000) 2022-04-06 09:54:29 Image size of job updated: 777464
	320  -  MemoryUsage of job (MB)
	327112  -  ResidentSetSize of job (KB)
...
006 (453.240.000) 2022-04-06 09:59:30 Image size of job updated: 777720
	320  -  MemoryUsage of job (MB)
	327244  -  ResidentSetSize of job (KB)
...
006 (453.240.000) 2022-04-06 10:04:30 Image size of job updated: 777720
	320  -  MemoryUsage of job (MB)
	327376  -  ResidentSetSize of job (KB)
...
006 (453.240.000) 2022-04-06 10:09:30 Image size of job updated: 777976
	320  -  MemoryUsage of job (MB)
	327640  -  ResidentSetSize of job (KB)
...
006 (453.240.000) 2022-04-06 10:14:31 Image size of job updated: 778232
	321  -  MemoryUsage of job (MB)
	327772  -  ResidentSetSize of job (KB)
...
006 (453.240.000) 2022-04-06 10:19:32 Image size of job updated: 778488
	321  -  MemoryUsage of job (MB)
	328036  -  ResidentSetSize of job (KB)
...
006 (453.240.000) 2022-04-06 10:24:32 Image size of job updated: 778488
	321  -  MemoryUsage of job (MB)
	328168  -  ResidentSetSize of job (KB)
...
006 (453.240.000) 2022-04-06 10:29:33 Image size of job updated: 778744
	321  -  MemoryUsage of job (MB)
	328300  -  ResidentSetSize of job (KB)
...
006 (453.240.000) 2022-04-06 10:34:34 Image size of job updated: 779000
	321  -  MemoryUsage of job (MB)
	328564  -  ResidentSetSize of job (KB)
...
006 (453.240.000) 2022-04-06 10:39:34 Image size of job updated: 779256
	321  -  MemoryUsage of job (MB)
	328696  -  ResidentSetSize of job (KB)
...
006 (453.240.000) 2022-04-06 10:44:34 Image size of job updated: 779256
	322  -  MemoryUsage of job (MB)
	328960  -  ResidentSetSize of job (KB)
...
006 (453.240.000) 2022-04-06 10:49:35 Image size of job updated: 779512
	322  -  MemoryUsage of job (MB)
	329092  -  ResidentSetSize of job (KB)
...
005 (453.240.000) 2022-04-06 10:51:48 Job terminated.
	(1) Normal termination (return value 0)
		Usr 0 03:11:08, Sys 0 00:00:28  -  Run Remote Usage
		Usr 0 00:00:00, Sys 0 00:00:00  -  Run Local Usage
		Usr 0 03:11:08, Sys 0 00:00:28  -  Total Remote Usage
		Usr 0 00:00:00, Sys 0 00:00:00  -  Total Local Usage
	0  -  Run Bytes Sent By Job
	0  -  Run Bytes Received By Job
	0  -  Total Bytes Sent By Job
	0  -  Total Bytes Received By Job
	Partitionable Resources :    Usage  Request Allocated 
	   Cpus                 :     1.00        1         1 
	   Disk (KB)            :  7500        7500     10015 
	   Memory (MB)          :   322        1024      1024 

	Job terminated of its own accord at 2022-04-06T08:51:48Z with exit-code 0.
...
