000 (453.598.000) 2022-04-05 18:55:39 Job submitted from host: <10.18.24.243:9618?addrs=10.18.24.243-9618&alias=ecoclusts01.bioclust.biologie.ens.fr&noUDP&sock=schedd_1052_29b8>
...
001 (453.598.000) 2022-04-06 13:39:26 Job executing on host: <10.18.24.175:9618?addrs=10.18.24.175-9618&alias=mcbsclust04.bioclust.biologie.ens.fr&noUDP&sock=startd_869_a3e3>
...
006 (453.598.000) 2022-04-06 13:39:35 Image size of job updated: 334696
	91  -  MemoryUsage of job (MB)
	92776  -  ResidentSetSize of job (KB)
...
006 (453.598.000) 2022-04-06 13:44:36 Image size of job updated: 741876
	317  -  MemoryUsage of job (MB)
	323768  -  ResidentSetSize of job (KB)
...
005 (453.598.000) 2022-04-06 13:49:42 Job terminated.
	(1) Normal termination (return value 0)
		Usr 0 00:09:48, Sys 0 00:00:23  -  Run Remote Usage
		Usr 0 00:00:00, Sys 0 00:00:00  -  Run Local Usage
		Usr 0 00:09:48, Sys 0 00:00:23  -  Total Remote Usage
		Usr 0 00:00:00, Sys 0 00:00:00  -  Total Local Usage
	0  -  Run Bytes Sent By Job
	0  -  Run Bytes Received By Job
	0  -  Total Bytes Sent By Job
	0  -  Total Bytes Received By Job
	Partitionable Resources :    Usage  Request Allocated 
	   Cpus                 :     1.00        1         1 
	   Disk (KB)            :  7500        7500     10998 
	   Memory (MB)          :   317        1024      1024 

	Job terminated of its own accord at 2022-04-06T11:49:42Z with exit-code 0.
...
