000 (453.341.000) 2022-04-05 18:55:38 Job submitted from host: <10.18.24.243:9618?addrs=10.18.24.243-9618&alias=ecoclusts01.bioclust.biologie.ens.fr&noUDP&sock=schedd_1052_29b8>
...
001 (453.341.000) 2022-04-06 09:09:08 Job executing on host: <10.18.24.109:9618?addrs=10.18.24.109-9618&alias=ecoclust14.bioclust.biologie.ens.fr&noUDP&sock=startd_917_906f>
...
006 (453.341.000) 2022-04-06 09:09:16 Image size of job updated: 549912
	154  -  MemoryUsage of job (MB)
	156772  -  ResidentSetSize of job (KB)
...
006 (453.341.000) 2022-04-06 09:14:16 Image size of job updated: 792504
	317  -  MemoryUsage of job (MB)
	324228  -  ResidentSetSize of job (KB)
...
006 (453.341.000) 2022-04-06 09:19:17 Image size of job updated: 792504
	317  -  MemoryUsage of job (MB)
	324360  -  ResidentSetSize of job (KB)
...
006 (453.341.000) 2022-04-06 11:14:29 Image size of job updated: 792504
	317  -  MemoryUsage of job (MB)
	324492  -  ResidentSetSize of job (KB)
...
006 (453.341.000) 2022-04-06 11:24:30 Image size of job updated: 792504
	318  -  MemoryUsage of job (MB)
	324624  -  ResidentSetSize of job (KB)
...
006 (453.341.000) 2022-04-06 11:34:31 Image size of job updated: 792504
	318  -  MemoryUsage of job (MB)
	324756  -  ResidentSetSize of job (KB)
...
006 (453.341.000) 2022-04-06 11:44:32 Image size of job updated: 792504
	318  -  MemoryUsage of job (MB)
	324888  -  ResidentSetSize of job (KB)
...
006 (453.341.000) 2022-04-06 11:54:33 Image size of job updated: 792504
	318  -  MemoryUsage of job (MB)
	325020  -  ResidentSetSize of job (KB)
...
006 (453.341.000) 2022-04-06 12:04:33 Image size of job updated: 792504
	318  -  MemoryUsage of job (MB)
	325152  -  ResidentSetSize of job (KB)
...
006 (453.341.000) 2022-04-06 12:19:35 Image size of job updated: 792504
	318  -  MemoryUsage of job (MB)
	325284  -  ResidentSetSize of job (KB)
...
006 (453.341.000) 2022-04-06 12:24:36 Image size of job updated: 792504
	318  -  MemoryUsage of job (MB)
	325416  -  ResidentSetSize of job (KB)
...
006 (453.341.000) 2022-04-06 12:34:37 Image size of job updated: 792504
	318  -  MemoryUsage of job (MB)
	325548  -  ResidentSetSize of job (KB)
...
006 (453.341.000) 2022-04-06 12:44:38 Image size of job updated: 792504
	319  -  MemoryUsage of job (MB)
	325680  -  ResidentSetSize of job (KB)
...
006 (453.341.000) 2022-04-06 12:49:39 Image size of job updated: 792504
	319  -  MemoryUsage of job (MB)
	325812  -  ResidentSetSize of job (KB)
...
006 (453.341.000) 2022-04-06 12:59:40 Image size of job updated: 792504
	319  -  MemoryUsage of job (MB)
	325944  -  ResidentSetSize of job (KB)
...
006 (453.341.000) 2022-04-06 13:09:41 Image size of job updated: 792504
	319  -  MemoryUsage of job (MB)
	326076  -  ResidentSetSize of job (KB)
...
006 (453.341.000) 2022-04-06 13:19:42 Image size of job updated: 792504
	319  -  MemoryUsage of job (MB)
	326208  -  ResidentSetSize of job (KB)
...
006 (453.341.000) 2022-04-06 13:34:43 Image size of job updated: 792504
	319  -  MemoryUsage of job (MB)
	326340  -  ResidentSetSize of job (KB)
...
006 (453.341.000) 2022-04-06 13:44:43 Image size of job updated: 792504
	319  -  MemoryUsage of job (MB)
	326472  -  ResidentSetSize of job (KB)
...
006 (453.341.000) 2022-04-06 13:49:45 Image size of job updated: 792504
	319  -  MemoryUsage of job (MB)
	326604  -  ResidentSetSize of job (KB)
...
006 (453.341.000) 2022-04-06 14:19:48 Image size of job updated: 792504
	320  -  MemoryUsage of job (MB)
	326736  -  ResidentSetSize of job (KB)
...
006 (453.341.000) 2022-04-06 14:29:49 Image size of job updated: 792504
	320  -  MemoryUsage of job (MB)
	326868  -  ResidentSetSize of job (KB)
...
006 (453.341.000) 2022-04-06 14:44:50 Image size of job updated: 792504
	320  -  MemoryUsage of job (MB)
	327000  -  ResidentSetSize of job (KB)
...
006 (453.341.000) 2022-04-06 14:49:50 Image size of job updated: 792504
	320  -  MemoryUsage of job (MB)
	327132  -  ResidentSetSize of job (KB)
...
006 (453.341.000) 2022-04-06 15:04:52 Image size of job updated: 792504
	320  -  MemoryUsage of job (MB)
	327264  -  ResidentSetSize of job (KB)
...
006 (453.341.000) 2022-04-06 15:14:53 Image size of job updated: 792504
	320  -  MemoryUsage of job (MB)
	327396  -  ResidentSetSize of job (KB)
...
006 (453.341.000) 2022-04-06 15:24:53 Image size of job updated: 792504
	320  -  MemoryUsage of job (MB)
	327528  -  ResidentSetSize of job (KB)
...
006 (453.341.000) 2022-04-06 15:34:55 Image size of job updated: 792504
	320  -  MemoryUsage of job (MB)
	327660  -  ResidentSetSize of job (KB)
...
006 (453.341.000) 2022-04-06 15:44:56 Image size of job updated: 792504
	321  -  MemoryUsage of job (MB)
	327792  -  ResidentSetSize of job (KB)
...
006 (453.341.000) 2022-04-06 15:54:57 Image size of job updated: 792504
	321  -  MemoryUsage of job (MB)
	327924  -  ResidentSetSize of job (KB)
...
006 (453.341.000) 2022-04-06 16:04:58 Image size of job updated: 792504
	321  -  MemoryUsage of job (MB)
	328056  -  ResidentSetSize of job (KB)
...
006 (453.341.000) 2022-04-06 16:09:59 Image size of job updated: 792504
	321  -  MemoryUsage of job (MB)
	328188  -  ResidentSetSize of job (KB)
...
006 (453.341.000) 2022-04-06 16:20:00 Image size of job updated: 792504
	321  -  MemoryUsage of job (MB)
	328320  -  ResidentSetSize of job (KB)
...
006 (453.341.000) 2022-04-06 16:30:01 Image size of job updated: 792504
	321  -  MemoryUsage of job (MB)
	328452  -  ResidentSetSize of job (KB)
...
006 (453.341.000) 2022-04-06 16:40:02 Image size of job updated: 792504
	321  -  MemoryUsage of job (MB)
	328584  -  ResidentSetSize of job (KB)
...
006 (453.341.000) 2022-04-06 16:45:02 Image size of job updated: 792504
	322  -  MemoryUsage of job (MB)
	328716  -  ResidentSetSize of job (KB)
...
006 (453.341.000) 2022-04-06 16:55:03 Image size of job updated: 792504
	322  -  MemoryUsage of job (MB)
	328848  -  ResidentSetSize of job (KB)
...
006 (453.341.000) 2022-04-06 17:10:05 Image size of job updated: 792504
	322  -  MemoryUsage of job (MB)
	328980  -  ResidentSetSize of job (KB)
...
006 (453.341.000) 2022-04-06 17:15:06 Image size of job updated: 792504
	322  -  MemoryUsage of job (MB)
	329112  -  ResidentSetSize of job (KB)
...
006 (453.341.000) 2022-04-06 17:30:07 Image size of job updated: 792504
	322  -  MemoryUsage of job (MB)
	329244  -  ResidentSetSize of job (KB)
...
005 (453.341.000) 2022-04-06 17:32:43 Job terminated.
	(1) Normal termination (return value 0)
		Usr 0 08:21:17, Sys 0 00:00:29  -  Run Remote Usage
		Usr 0 00:00:00, Sys 0 00:00:00  -  Run Local Usage
		Usr 0 08:21:17, Sys 0 00:00:29  -  Total Remote Usage
		Usr 0 00:00:00, Sys 0 00:00:00  -  Total Local Usage
	0  -  Run Bytes Sent By Job
	0  -  Run Bytes Received By Job
	0  -  Total Bytes Sent By Job
	0  -  Total Bytes Received By Job
	Partitionable Resources :    Usage  Request Allocated 
	   Cpus                 :     1.00        1         1 
	   Disk (KB)            :  7500        7500     10998 
	   Memory (MB)          :   322        1024      1024 

	Job terminated of its own accord at 2022-04-06T15:32:42Z with exit-code 0.
...
