000 (453.514.000) 2022-04-05 18:55:38 Job submitted from host: <10.18.24.243:9618?addrs=10.18.24.243-9618&alias=ecoclusts01.bioclust.biologie.ens.fr&noUDP&sock=schedd_1052_29b8>
...
001 (453.514.000) 2022-04-06 11:58:02 Job executing on host: <10.18.24.135:9618?addrs=10.18.24.135-9618&alias=dyoclust08.bioclust.biologie.ens.fr&noUDP&sock=startd_793_82b1>
...
006 (453.514.000) 2022-04-06 11:58:11 Image size of job updated: 263748
	258  -  MemoryUsage of job (MB)
	263748  -  ResidentSetSize of job (KB)
...
006 (453.514.000) 2022-04-06 12:03:12 Image size of job updated: 896308
	269  -  MemoryUsage of job (MB)
	274856  -  ResidentSetSize of job (KB)
...
006 (453.514.000) 2022-04-06 12:08:13 Image size of job updated: 896308
	317  -  MemoryUsage of job (MB)
	324336  -  ResidentSetSize of job (KB)
...
006 (453.514.000) 2022-04-06 12:53:17 Image size of job updated: 896308
	317  -  MemoryUsage of job (MB)
	324468  -  ResidentSetSize of job (KB)
...
006 (453.514.000) 2022-04-06 12:58:17 Image size of job updated: 896308
	317  -  MemoryUsage of job (MB)
	324600  -  ResidentSetSize of job (KB)
...
006 (453.514.000) 2022-04-06 13:03:18 Image size of job updated: 896308
	318  -  MemoryUsage of job (MB)
	324732  -  ResidentSetSize of job (KB)
...
006 (453.514.000) 2022-04-06 13:08:19 Image size of job updated: 896308
	318  -  MemoryUsage of job (MB)
	324996  -  ResidentSetSize of job (KB)
...
006 (453.514.000) 2022-04-06 13:13:19 Image size of job updated: 896308
	318  -  MemoryUsage of job (MB)
	325128  -  ResidentSetSize of job (KB)
...
006 (453.514.000) 2022-04-06 13:18:19 Image size of job updated: 896308
	318  -  MemoryUsage of job (MB)
	325260  -  ResidentSetSize of job (KB)
...
006 (453.514.000) 2022-04-06 13:23:19 Image size of job updated: 896308
	318  -  MemoryUsage of job (MB)
	325392  -  ResidentSetSize of job (KB)
...
006 (453.514.000) 2022-04-06 13:28:20 Image size of job updated: 896308
	319  -  MemoryUsage of job (MB)
	325656  -  ResidentSetSize of job (KB)
...
006 (453.514.000) 2022-04-06 13:33:21 Image size of job updated: 896308
	319  -  MemoryUsage of job (MB)
	325788  -  ResidentSetSize of job (KB)
...
006 (453.514.000) 2022-04-06 13:38:21 Image size of job updated: 896308
	319  -  MemoryUsage of job (MB)
	325920  -  ResidentSetSize of job (KB)
...
006 (453.514.000) 2022-04-06 13:43:22 Image size of job updated: 896308
	319  -  MemoryUsage of job (MB)
	326052  -  ResidentSetSize of job (KB)
...
006 (453.514.000) 2022-04-06 13:48:23 Image size of job updated: 896308
	319  -  MemoryUsage of job (MB)
	326316  -  ResidentSetSize of job (KB)
...
006 (453.514.000) 2022-04-06 13:53:24 Image size of job updated: 896308
	319  -  MemoryUsage of job (MB)
	326448  -  ResidentSetSize of job (KB)
...
006 (453.514.000) 2022-04-06 13:58:24 Image size of job updated: 896308
	319  -  MemoryUsage of job (MB)
	326580  -  ResidentSetSize of job (KB)
...
006 (453.514.000) 2022-04-06 14:13:26 Image size of job updated: 896308
	320  -  MemoryUsage of job (MB)
	326712  -  ResidentSetSize of job (KB)
...
006 (453.514.000) 2022-04-06 14:18:26 Image size of job updated: 896308
	320  -  MemoryUsage of job (MB)
	326844  -  ResidentSetSize of job (KB)
...
006 (453.514.000) 2022-04-06 14:23:26 Image size of job updated: 896308
	320  -  MemoryUsage of job (MB)
	326976  -  ResidentSetSize of job (KB)
...
006 (453.514.000) 2022-04-06 14:28:26 Image size of job updated: 896308
	320  -  MemoryUsage of job (MB)
	327108  -  ResidentSetSize of job (KB)
...
006 (453.514.000) 2022-04-06 14:33:27 Image size of job updated: 896308
	320  -  MemoryUsage of job (MB)
	327240  -  ResidentSetSize of job (KB)
...
006 (453.514.000) 2022-04-06 14:38:28 Image size of job updated: 896308
	320  -  MemoryUsage of job (MB)
	327504  -  ResidentSetSize of job (KB)
...
006 (453.514.000) 2022-04-06 14:43:28 Image size of job updated: 896308
	320  -  MemoryUsage of job (MB)
	327636  -  ResidentSetSize of job (KB)
...
006 (453.514.000) 2022-04-06 14:48:28 Image size of job updated: 896308
	321  -  MemoryUsage of job (MB)
	327768  -  ResidentSetSize of job (KB)
...
006 (453.514.000) 2022-04-06 14:53:29 Image size of job updated: 896308
	321  -  MemoryUsage of job (MB)
	327900  -  ResidentSetSize of job (KB)
...
006 (453.514.000) 2022-04-06 14:58:30 Image size of job updated: 896308
	321  -  MemoryUsage of job (MB)
	328032  -  ResidentSetSize of job (KB)
...
006 (453.514.000) 2022-04-06 15:03:30 Image size of job updated: 896308
	321  -  MemoryUsage of job (MB)
	328164  -  ResidentSetSize of job (KB)
...
006 (453.514.000) 2022-04-06 15:08:30 Image size of job updated: 896308
	321  -  MemoryUsage of job (MB)
	328296  -  ResidentSetSize of job (KB)
...
006 (453.514.000) 2022-04-06 15:13:31 Image size of job updated: 896308
	321  -  MemoryUsage of job (MB)
	328428  -  ResidentSetSize of job (KB)
...
006 (453.514.000) 2022-04-06 15:18:32 Image size of job updated: 896308
	321  -  MemoryUsage of job (MB)
	328560  -  ResidentSetSize of job (KB)
...
006 (453.514.000) 2022-04-06 15:23:32 Image size of job updated: 896308
	321  -  MemoryUsage of job (MB)
	328692  -  ResidentSetSize of job (KB)
...
006 (453.514.000) 2022-04-06 15:28:32 Image size of job updated: 896308
	322  -  MemoryUsage of job (MB)
	328824  -  ResidentSetSize of job (KB)
...
006 (453.514.000) 2022-04-06 15:33:33 Image size of job updated: 896308
	322  -  MemoryUsage of job (MB)
	328956  -  ResidentSetSize of job (KB)
...
006 (453.514.000) 2022-04-06 15:38:34 Image size of job updated: 896308
	322  -  MemoryUsage of job (MB)
	329088  -  ResidentSetSize of job (KB)
...
006 (453.514.000) 2022-04-06 15:43:34 Image size of job updated: 896308
	322  -  MemoryUsage of job (MB)
	329220  -  ResidentSetSize of job (KB)
...
005 (453.514.000) 2022-04-06 15:44:36 Job terminated.
	(1) Normal termination (return value 0)
		Usr 0 03:45:51, Sys 0 00:00:24  -  Run Remote Usage
		Usr 0 00:00:00, Sys 0 00:00:00  -  Run Local Usage
		Usr 0 03:45:51, Sys 0 00:00:24  -  Total Remote Usage
		Usr 0 00:00:00, Sys 0 00:00:00  -  Total Local Usage
	0  -  Run Bytes Sent By Job
	0  -  Run Bytes Received By Job
	0  -  Total Bytes Sent By Job
	0  -  Total Bytes Received By Job
	Partitionable Resources :    Usage  Request Allocated 
	   Cpus                 :     1.00        1         1 
	   Disk (KB)            :  7500        7500     10998 
	   Memory (MB)          :   322        1024      1024 

	Job terminated of its own accord at 2022-04-06T13:44:36Z with exit-code 0.
...
