000 (453.817.000) 2022-04-05 18:55:40 Job submitted from host: <10.18.24.243:9618?addrs=10.18.24.243-9618&alias=ecoclusts01.bioclust.biologie.ens.fr&noUDP&sock=schedd_1052_29b8>
...
001 (453.817.000) 2022-04-06 18:26:21 Job executing on host: <10.18.24.137:9618?addrs=10.18.24.137-9618&alias=dyoclust10.bioclust.biologie.ens.fr&noUDP&sock=startd_830_e3b2>
...
006 (453.817.000) 2022-04-06 18:26:30 Image size of job updated: 601356
	254  -  MemoryUsage of job (MB)
	259960  -  ResidentSetSize of job (KB)
...
006 (453.817.000) 2022-04-06 18:31:31 Image size of job updated: 741876
	317  -  MemoryUsage of job (MB)
	324348  -  ResidentSetSize of job (KB)
...
006 (453.817.000) 2022-04-06 18:36:32 Image size of job updated: 774644
	317  -  MemoryUsage of job (MB)
	324372  -  ResidentSetSize of job (KB)
...
006 (453.817.000) 2022-04-06 19:06:35 Image size of job updated: 774900
	317  -  MemoryUsage of job (MB)
	324504  -  ResidentSetSize of job (KB)
...
006 (453.817.000) 2022-04-06 19:11:35 Image size of job updated: 775156
	318  -  MemoryUsage of job (MB)
	324636  -  ResidentSetSize of job (KB)
...
006 (453.817.000) 2022-04-06 19:16:35 Image size of job updated: 775412
	318  -  MemoryUsage of job (MB)
	324900  -  ResidentSetSize of job (KB)
...
006 (453.817.000) 2022-04-06 19:21:36 Image size of job updated: 775668
	318  -  MemoryUsage of job (MB)
	325164  -  ResidentSetSize of job (KB)
...
006 (453.817.000) 2022-04-06 19:26:37 Image size of job updated: 775924
	318  -  MemoryUsage of job (MB)
	325428  -  ResidentSetSize of job (KB)
...
006 (453.817.000) 2022-04-06 19:31:37 Image size of job updated: 776180
	319  -  MemoryUsage of job (MB)
	325692  -  ResidentSetSize of job (KB)
...
006 (453.817.000) 2022-04-06 19:36:37 Image size of job updated: 776180
	319  -  MemoryUsage of job (MB)
	325956  -  ResidentSetSize of job (KB)
...
006 (453.817.000) 2022-04-06 19:41:38 Image size of job updated: 776692
	319  -  MemoryUsage of job (MB)
	326220  -  ResidentSetSize of job (KB)
...
006 (453.817.000) 2022-04-06 19:46:38 Image size of job updated: 776948
	319  -  MemoryUsage of job (MB)
	326484  -  ResidentSetSize of job (KB)
...
006 (453.817.000) 2022-04-06 19:56:39 Image size of job updated: 776948
	319  -  MemoryUsage of job (MB)
	326612  -  ResidentSetSize of job (KB)
...
006 (453.817.000) 2022-04-06 20:01:40 Image size of job updated: 777204
	320  -  MemoryUsage of job (MB)
	326876  -  ResidentSetSize of job (KB)
...
006 (453.817.000) 2022-04-06 20:06:40 Image size of job updated: 777460
	320  -  MemoryUsage of job (MB)
	327140  -  ResidentSetSize of job (KB)
...
006 (453.817.000) 2022-04-06 20:11:40 Image size of job updated: 777716
	320  -  MemoryUsage of job (MB)
	327404  -  ResidentSetSize of job (KB)
...
006 (453.817.000) 2022-04-06 20:16:41 Image size of job updated: 777972
	320  -  MemoryUsage of job (MB)
	327668  -  ResidentSetSize of job (KB)
...
006 (453.817.000) 2022-04-06 20:21:41 Image size of job updated: 778228
	321  -  MemoryUsage of job (MB)
	327932  -  ResidentSetSize of job (KB)
...
006 (453.817.000) 2022-04-06 20:26:41 Image size of job updated: 778484
	321  -  MemoryUsage of job (MB)
	328064  -  ResidentSetSize of job (KB)
...
006 (453.817.000) 2022-04-06 20:31:42 Image size of job updated: 778740
	321  -  MemoryUsage of job (MB)
	328328  -  ResidentSetSize of job (KB)
...
006 (453.817.000) 2022-04-06 20:36:43 Image size of job updated: 778996
	321  -  MemoryUsage of job (MB)
	328460  -  ResidentSetSize of job (KB)
...
006 (453.817.000) 2022-04-06 20:41:43 Image size of job updated: 778996
	322  -  MemoryUsage of job (MB)
	328724  -  ResidentSetSize of job (KB)
...
006 (453.817.000) 2022-04-06 20:46:43 Image size of job updated: 779252
	322  -  MemoryUsage of job (MB)
	328988  -  ResidentSetSize of job (KB)
...
006 (453.817.000) 2022-04-06 20:51:44 Image size of job updated: 779764
	322  -  MemoryUsage of job (MB)
	329252  -  ResidentSetSize of job (KB)
...
005 (453.817.000) 2022-04-06 20:52:00 Job terminated.
	(1) Normal termination (return value 0)
		Usr 0 02:24:25, Sys 0 00:00:24  -  Run Remote Usage
		Usr 0 00:00:00, Sys 0 00:00:00  -  Run Local Usage
		Usr 0 02:24:25, Sys 0 00:00:24  -  Total Remote Usage
		Usr 0 00:00:00, Sys 0 00:00:00  -  Total Local Usage
	0  -  Run Bytes Sent By Job
	0  -  Run Bytes Received By Job
	0  -  Total Bytes Sent By Job
	0  -  Total Bytes Received By Job
	Partitionable Resources :    Usage  Request Allocated 
	   Cpus                 :     1.00        1         1 
	   Disk (KB)            :  7500        7500     10999 
	   Memory (MB)          :   322        1024      1024 

	Job terminated of its own accord at 2022-04-06T18:52:00Z with exit-code 0.
...
