000 (453.128.000) 2022-04-05 18:55:37 Job submitted from host: <10.18.24.243:9618?addrs=10.18.24.243-9618&alias=ecoclusts01.bioclust.biologie.ens.fr&noUDP&sock=schedd_1052_29b8>
...
001 (453.128.000) 2022-04-06 06:03:00 Job executing on host: <10.18.24.136:9618?addrs=10.18.24.136-9618&alias=dyoclust09.bioclust.biologie.ens.fr&noUDP&sock=startd_808_cc9c>
...
006 (453.128.000) 2022-04-06 06:03:09 Image size of job updated: 211216
	207  -  MemoryUsage of job (MB)
	211216  -  ResidentSetSize of job (KB)
...
006 (453.128.000) 2022-04-06 06:08:09 Image size of job updated: 741880
	317  -  MemoryUsage of job (MB)
	324292  -  ResidentSetSize of job (KB)
...
006 (453.128.000) 2022-04-06 06:13:10 Image size of job updated: 774648
	317  -  MemoryUsage of job (MB)
	324316  -  ResidentSetSize of job (KB)
...
006 (453.128.000) 2022-04-06 08:53:27 Image size of job updated: 774904
	317  -  MemoryUsage of job (MB)
	324316  -  ResidentSetSize of job (KB)
...
006 (453.128.000) 2022-04-06 09:08:28 Image size of job updated: 774904
	317  -  MemoryUsage of job (MB)
	324448  -  ResidentSetSize of job (KB)
...
006 (453.128.000) 2022-04-06 09:43:32 Image size of job updated: 774904
	317  -  MemoryUsage of job (MB)
	324580  -  ResidentSetSize of job (KB)
...
006 (453.128.000) 2022-04-06 10:08:35 Image size of job updated: 775160
	317  -  MemoryUsage of job (MB)
	324580  -  ResidentSetSize of job (KB)
...
006 (453.128.000) 2022-04-06 10:18:36 Image size of job updated: 775160
	318  -  MemoryUsage of job (MB)
	324712  -  ResidentSetSize of job (KB)
...
006 (453.128.000) 2022-04-06 11:08:41 Image size of job updated: 775160
	318  -  MemoryUsage of job (MB)
	324844  -  ResidentSetSize of job (KB)
...
006 (453.128.000) 2022-04-06 11:33:45 Image size of job updated: 775416
	318  -  MemoryUsage of job (MB)
	324844  -  ResidentSetSize of job (KB)
...
006 (453.128.000) 2022-04-06 11:43:45 Image size of job updated: 775416
	318  -  MemoryUsage of job (MB)
	324976  -  ResidentSetSize of job (KB)
...
006 (453.128.000) 2022-04-06 12:23:50 Image size of job updated: 775416
	318  -  MemoryUsage of job (MB)
	325108  -  ResidentSetSize of job (KB)
...
006 (453.128.000) 2022-04-06 12:48:52 Image size of job updated: 775672
	318  -  MemoryUsage of job (MB)
	325108  -  ResidentSetSize of job (KB)
...
006 (453.128.000) 2022-04-06 12:58:53 Image size of job updated: 775672
	318  -  MemoryUsage of job (MB)
	325240  -  ResidentSetSize of job (KB)
...
006 (453.128.000) 2022-04-06 13:33:56 Image size of job updated: 775672
	318  -  MemoryUsage of job (MB)
	325372  -  ResidentSetSize of job (KB)
...
006 (453.128.000) 2022-04-06 13:58:58 Image size of job updated: 775928
	318  -  MemoryUsage of job (MB)
	325372  -  ResidentSetSize of job (KB)
...
006 (453.128.000) 2022-04-06 14:24:00 Image size of job updated: 775928
	318  -  MemoryUsage of job (MB)
	325504  -  ResidentSetSize of job (KB)
...
006 (453.128.000) 2022-04-06 14:59:03 Image size of job updated: 775928
	319  -  MemoryUsage of job (MB)
	325636  -  ResidentSetSize of job (KB)
...
006 (453.128.000) 2022-04-06 15:14:04 Image size of job updated: 776184
	319  -  MemoryUsage of job (MB)
	325636  -  ResidentSetSize of job (KB)
...
006 (453.128.000) 2022-04-06 15:39:08 Image size of job updated: 776184
	319  -  MemoryUsage of job (MB)
	325768  -  ResidentSetSize of job (KB)
...
006 (453.128.000) 2022-04-06 16:34:13 Image size of job updated: 776184
	319  -  MemoryUsage of job (MB)
	325900  -  ResidentSetSize of job (KB)
...
006 (453.128.000) 2022-04-06 16:44:14 Image size of job updated: 776440
	319  -  MemoryUsage of job (MB)
	325900  -  ResidentSetSize of job (KB)
...
006 (453.128.000) 2022-04-06 17:09:17 Image size of job updated: 776440
	319  -  MemoryUsage of job (MB)
	326032  -  ResidentSetSize of job (KB)
...
006 (453.128.000) 2022-04-06 17:49:21 Image size of job updated: 776440
	319  -  MemoryUsage of job (MB)
	326164  -  ResidentSetSize of job (KB)
...
006 (453.128.000) 2022-04-06 17:59:23 Image size of job updated: 776696
	319  -  MemoryUsage of job (MB)
	326164  -  ResidentSetSize of job (KB)
...
006 (453.128.000) 2022-04-06 18:24:25 Image size of job updated: 776696
	319  -  MemoryUsage of job (MB)
	326296  -  ResidentSetSize of job (KB)
...
006 (453.128.000) 2022-04-06 18:59:28 Image size of job updated: 776696
	319  -  MemoryUsage of job (MB)
	326428  -  ResidentSetSize of job (KB)
...
006 (453.128.000) 2022-04-06 19:14:29 Image size of job updated: 776952
	319  -  MemoryUsage of job (MB)
	326428  -  ResidentSetSize of job (KB)
...
006 (453.128.000) 2022-04-06 19:49:33 Image size of job updated: 776952
	319  -  MemoryUsage of job (MB)
	326560  -  ResidentSetSize of job (KB)
...
006 (453.128.000) 2022-04-06 22:04:49 Image size of job updated: 776952
	320  -  MemoryUsage of job (MB)
	326692  -  ResidentSetSize of job (KB)
...
006 (453.128.000) 2022-04-06 22:14:50 Image size of job updated: 777208
	320  -  MemoryUsage of job (MB)
	326692  -  ResidentSetSize of job (KB)
...
006 (453.128.000) 2022-04-06 22:39:52 Image size of job updated: 777208
	320  -  MemoryUsage of job (MB)
	326824  -  ResidentSetSize of job (KB)
...
006 (453.128.000) 2022-04-06 23:29:57 Image size of job updated: 777208
	320  -  MemoryUsage of job (MB)
	326956  -  ResidentSetSize of job (KB)
...
006 (453.128.000) 2022-04-06 23:39:57 Image size of job updated: 777464
	320  -  MemoryUsage of job (MB)
	326956  -  ResidentSetSize of job (KB)
...
006 (453.128.000) 2022-04-07 00:15:01 Image size of job updated: 777464
	320  -  MemoryUsage of job (MB)
	327088  -  ResidentSetSize of job (KB)
...
006 (453.128.000) 2022-04-07 00:55:06 Image size of job updated: 777464
	320  -  MemoryUsage of job (MB)
	327220  -  ResidentSetSize of job (KB)
...
006 (453.128.000) 2022-04-07 01:05:06 Image size of job updated: 777720
	320  -  MemoryUsage of job (MB)
	327220  -  ResidentSetSize of job (KB)
...
006 (453.128.000) 2022-04-07 01:40:10 Image size of job updated: 777720
	320  -  MemoryUsage of job (MB)
	327352  -  ResidentSetSize of job (KB)
...
006 (453.128.000) 2022-04-07 02:30:16 Image size of job updated: 777976
	320  -  MemoryUsage of job (MB)
	327484  -  ResidentSetSize of job (KB)
...
006 (453.128.000) 2022-04-07 03:05:20 Image size of job updated: 777976
	320  -  MemoryUsage of job (MB)
	327616  -  ResidentSetSize of job (KB)
...
006 (453.128.000) 2022-04-07 03:55:26 Image size of job updated: 778232
	321  -  MemoryUsage of job (MB)
	327748  -  ResidentSetSize of job (KB)
...
006 (453.128.000) 2022-04-07 04:45:31 Image size of job updated: 778232
	321  -  MemoryUsage of job (MB)
	327880  -  ResidentSetSize of job (KB)
...
006 (453.128.000) 2022-04-07 05:20:34 Image size of job updated: 778488
	321  -  MemoryUsage of job (MB)
	328012  -  ResidentSetSize of job (KB)
...
006 (453.128.000) 2022-04-07 06:10:39 Image size of job updated: 778488
	321  -  MemoryUsage of job (MB)
	328144  -  ResidentSetSize of job (KB)
...
006 (453.128.000) 2022-04-07 06:45:43 Image size of job updated: 778744
	321  -  MemoryUsage of job (MB)
	328276  -  ResidentSetSize of job (KB)
...
006 (453.128.000) 2022-04-07 07:35:49 Image size of job updated: 778744
	321  -  MemoryUsage of job (MB)
	328408  -  ResidentSetSize of job (KB)
...
006 (453.128.000) 2022-04-07 08:10:53 Image size of job updated: 779000
	321  -  MemoryUsage of job (MB)
	328540  -  ResidentSetSize of job (KB)
...
006 (453.128.000) 2022-04-07 08:55:57 Image size of job updated: 779000
	321  -  MemoryUsage of job (MB)
	328672  -  ResidentSetSize of job (KB)
...
006 (453.128.000) 2022-04-07 09:36:02 Image size of job updated: 779256
	321  -  MemoryUsage of job (MB)
	328672  -  ResidentSetSize of job (KB)
...
006 (453.128.000) 2022-04-07 09:46:03 Image size of job updated: 779256
	322  -  MemoryUsage of job (MB)
	328804  -  ResidentSetSize of job (KB)
...
006 (453.128.000) 2022-04-07 10:21:07 Image size of job updated: 779256
	322  -  MemoryUsage of job (MB)
	328936  -  ResidentSetSize of job (KB)
...
006 (453.128.000) 2022-04-07 10:56:11 Image size of job updated: 779512
	322  -  MemoryUsage of job (MB)
	328936  -  ResidentSetSize of job (KB)
...
006 (453.128.000) 2022-04-07 11:11:13 Image size of job updated: 779512
	322  -  MemoryUsage of job (MB)
	329068  -  ResidentSetSize of job (KB)
...
006 (453.128.000) 2022-04-07 11:46:17 Image size of job updated: 779512
	322  -  MemoryUsage of job (MB)
	329200  -  ResidentSetSize of job (KB)
...
006 (453.128.000) 2022-04-07 12:21:21 Image size of job updated: 779768
	322  -  MemoryUsage of job (MB)
	329200  -  ResidentSetSize of job (KB)
...
005 (453.128.000) 2022-04-07 12:32:12 Job terminated.
	(1) Normal termination (return value 0)
		Usr 1 06:24:07, Sys 0 00:00:43  -  Run Remote Usage
		Usr 0 00:00:00, Sys 0 00:00:00  -  Run Local Usage
		Usr 1 06:24:07, Sys 0 00:00:43  -  Total Remote Usage
		Usr 0 00:00:00, Sys 0 00:00:00  -  Total Local Usage
	0  -  Run Bytes Sent By Job
	0  -  Run Bytes Received By Job
	0  -  Total Bytes Sent By Job
	0  -  Total Bytes Received By Job
	Partitionable Resources :    Usage  Request Allocated 
	   Cpus                 :     1.00        1         1 
	   Disk (KB)            :  7500        7500     10998 
	   Memory (MB)          :   322        1024      1024 

	Job terminated of its own accord at 2022-04-07T10:32:12Z with exit-code 0.
...
