000 (453.415.000) 2022-04-05 18:55:38 Job submitted from host: <10.18.24.243:9618?addrs=10.18.24.243-9618&alias=ecoclusts01.bioclust.biologie.ens.fr&noUDP&sock=schedd_1052_29b8>
...
001 (453.415.000) 2022-04-06 10:12:04 Job executing on host: <10.18.24.179:9618?addrs=10.18.24.179-9618&alias=mcbsclust08.bioclust.biologie.ens.fr&noUDP&sock=startd_920_9f38>
...
006 (453.415.000) 2022-04-06 10:12:13 Image size of job updated: 334184
	95  -  MemoryUsage of job (MB)
	96992  -  ResidentSetSize of job (KB)
...
006 (453.415.000) 2022-04-06 10:17:14 Image size of job updated: 741876
	317  -  MemoryUsage of job (MB)
	324260  -  ResidentSetSize of job (KB)
...
006 (453.415.000) 2022-04-06 10:27:15 Image size of job updated: 774644
	317  -  MemoryUsage of job (MB)
	324260  -  ResidentSetSize of job (KB)
...
006 (453.415.000) 2022-04-06 14:22:41 Image size of job updated: 774644
	317  -  MemoryUsage of job (MB)
	324392  -  ResidentSetSize of job (KB)
...
006 (453.415.000) 2022-04-06 14:47:42 Image size of job updated: 774900
	317  -  MemoryUsage of job (MB)
	324392  -  ResidentSetSize of job (KB)
...
006 (453.415.000) 2022-04-06 15:37:47 Image size of job updated: 774900
	317  -  MemoryUsage of job (MB)
	324524  -  ResidentSetSize of job (KB)
...
006 (453.415.000) 2022-04-06 16:57:56 Image size of job updated: 774900
	318  -  MemoryUsage of job (MB)
	324656  -  ResidentSetSize of job (KB)
...
006 (453.415.000) 2022-04-06 17:22:57 Image size of job updated: 775156
	318  -  MemoryUsage of job (MB)
	324656  -  ResidentSetSize of job (KB)
...
006 (453.415.000) 2022-04-06 18:43:07 Image size of job updated: 775156
	318  -  MemoryUsage of job (MB)
	324788  -  ResidentSetSize of job (KB)
...
006 (453.415.000) 2022-04-06 20:08:14 Image size of job updated: 775156
	318  -  MemoryUsage of job (MB)
	324920  -  ResidentSetSize of job (KB)
...
006 (453.415.000) 2022-04-06 20:33:17 Image size of job updated: 775412
	318  -  MemoryUsage of job (MB)
	324920  -  ResidentSetSize of job (KB)
...
006 (453.415.000) 2022-04-06 21:28:21 Image size of job updated: 775412
	318  -  MemoryUsage of job (MB)
	325052  -  ResidentSetSize of job (KB)
...
006 (453.415.000) 2022-04-06 23:28:34 Image size of job updated: 775668
	318  -  MemoryUsage of job (MB)
	325184  -  ResidentSetSize of job (KB)
...
006 (453.415.000) 2022-04-07 00:48:41 Image size of job updated: 775668
	318  -  MemoryUsage of job (MB)
	325316  -  ResidentSetSize of job (KB)
...
006 (453.415.000) 2022-04-07 01:58:49 Image size of job updated: 775924
	318  -  MemoryUsage of job (MB)
	325448  -  ResidentSetSize of job (KB)
...
006 (453.415.000) 2022-04-07 03:03:58 Image size of job updated: 775924
	318  -  MemoryUsage of job (MB)
	325580  -  ResidentSetSize of job (KB)
...
006 (453.415.000) 2022-04-07 04:39:07 Image size of job updated: 776180
	319  -  MemoryUsage of job (MB)
	325712  -  ResidentSetSize of job (KB)
...
006 (453.415.000) 2022-04-07 05:54:15 Image size of job updated: 776180
	319  -  MemoryUsage of job (MB)
	325844  -  ResidentSetSize of job (KB)
...
006 (453.415.000) 2022-04-07 07:14:23 Image size of job updated: 776436
	319  -  MemoryUsage of job (MB)
	325976  -  ResidentSetSize of job (KB)
...
006 (453.415.000) 2022-04-07 08:24:31 Image size of job updated: 776436
	319  -  MemoryUsage of job (MB)
	326108  -  ResidentSetSize of job (KB)
...
006 (453.415.000) 2022-04-07 09:44:40 Image size of job updated: 776692
	319  -  MemoryUsage of job (MB)
	326108  -  ResidentSetSize of job (KB)
...
006 (453.415.000) 2022-04-07 10:14:43 Image size of job updated: 776692
	319  -  MemoryUsage of job (MB)
	326240  -  ResidentSetSize of job (KB)
...
006 (453.415.000) 2022-04-07 11:09:49 Image size of job updated: 776692
	319  -  MemoryUsage of job (MB)
	326372  -  ResidentSetSize of job (KB)
...
006 (453.415.000) 2022-04-07 12:24:55 Image size of job updated: 776948
	319  -  MemoryUsage of job (MB)
	326372  -  ResidentSetSize of job (KB)
...
006 (453.415.000) 2022-04-07 12:49:57 Image size of job updated: 776948
	319  -  MemoryUsage of job (MB)
	326504  -  ResidentSetSize of job (KB)
...
006 (453.415.000) 2022-04-07 13:45:04 Image size of job updated: 776948
	319  -  MemoryUsage of job (MB)
	326636  -  ResidentSetSize of job (KB)
...
006 (453.415.000) 2022-04-07 18:50:35 Image size of job updated: 777204
	320  -  MemoryUsage of job (MB)
	326740  -  ResidentSetSize of job (KB)
...
006 (453.415.000) 2022-04-07 20:10:44 Image size of job updated: 777204
	320  -  MemoryUsage of job (MB)
	326872  -  ResidentSetSize of job (KB)
...
006 (453.415.000) 2022-04-07 21:50:53 Image size of job updated: 777460
	320  -  MemoryUsage of job (MB)
	327004  -  ResidentSetSize of job (KB)
...
006 (453.415.000) 2022-04-07 23:31:03 Image size of job updated: 777460
	320  -  MemoryUsage of job (MB)
	327136  -  ResidentSetSize of job (KB)
...
006 (453.415.000) 2022-04-08 00:51:12 Image size of job updated: 777716
	320  -  MemoryUsage of job (MB)
	327268  -  ResidentSetSize of job (KB)
...
006 (453.415.000) 2022-04-08 02:31:23 Image size of job updated: 777716
	320  -  MemoryUsage of job (MB)
	327400  -  ResidentSetSize of job (KB)
...
006 (453.415.000) 2022-04-08 03:51:31 Image size of job updated: 777972
	320  -  MemoryUsage of job (MB)
	327532  -  ResidentSetSize of job (KB)
...
006 (453.415.000) 2022-04-08 05:26:42 Image size of job updated: 777972
	320  -  MemoryUsage of job (MB)
	327664  -  ResidentSetSize of job (KB)
...
006 (453.415.000) 2022-04-08 06:46:50 Image size of job updated: 778228
	320  -  MemoryUsage of job (MB)
	327664  -  ResidentSetSize of job (KB)
...
006 (453.415.000) 2022-04-08 07:11:53 Image size of job updated: 778228
	321  -  MemoryUsage of job (MB)
	327796  -  ResidentSetSize of job (KB)
...
006 (453.415.000) 2022-04-08 08:22:00 Image size of job updated: 778228
	321  -  MemoryUsage of job (MB)
	327928  -  ResidentSetSize of job (KB)
...
006 (453.415.000) 2022-04-08 09:37:06 Image size of job updated: 778484
	321  -  MemoryUsage of job (MB)
	327928  -  ResidentSetSize of job (KB)
...
006 (453.415.000) 2022-04-08 09:57:08 Image size of job updated: 778484
	321  -  MemoryUsage of job (MB)
	328060  -  ResidentSetSize of job (KB)
...
006 (453.415.000) 2022-04-08 11:42:19 Image size of job updated: 778484
	321  -  MemoryUsage of job (MB)
	328192  -  ResidentSetSize of job (KB)
...
006 (453.415.000) 2022-04-08 12:32:24 Image size of job updated: 778740
	321  -  MemoryUsage of job (MB)
	328192  -  ResidentSetSize of job (KB)
...
006 (453.415.000) 2022-04-08 12:57:27 Image size of job updated: 778740
	321  -  MemoryUsage of job (MB)
	328324  -  ResidentSetSize of job (KB)
...
006 (453.415.000) 2022-04-08 14:32:35 Image size of job updated: 778740
	321  -  MemoryUsage of job (MB)
	328456  -  ResidentSetSize of job (KB)
...
006 (453.415.000) 2022-04-08 15:22:39 Image size of job updated: 778996
	321  -  MemoryUsage of job (MB)
	328456  -  ResidentSetSize of job (KB)
...
006 (453.415.000) 2022-04-08 15:47:41 Image size of job updated: 778996
	321  -  MemoryUsage of job (MB)
	328588  -  ResidentSetSize of job (KB)
...
006 (453.415.000) 2022-04-08 17:27:50 Image size of job updated: 778996
	322  -  MemoryUsage of job (MB)
	328720  -  ResidentSetSize of job (KB)
...
006 (453.415.000) 2022-04-08 18:12:55 Image size of job updated: 779252
	322  -  MemoryUsage of job (MB)
	328720  -  ResidentSetSize of job (KB)
...
006 (453.415.000) 2022-04-08 19:07:59 Image size of job updated: 779252
	322  -  MemoryUsage of job (MB)
	328852  -  ResidentSetSize of job (KB)
...
006 (453.415.000) 2022-04-08 20:23:06 Image size of job updated: 779252
	322  -  MemoryUsage of job (MB)
	328984  -  ResidentSetSize of job (KB)
...
006 (453.415.000) 2022-04-08 21:18:12 Image size of job updated: 779508
	322  -  MemoryUsage of job (MB)
	328984  -  ResidentSetSize of job (KB)
...
006 (453.415.000) 2022-04-08 22:08:18 Image size of job updated: 779508
	322  -  MemoryUsage of job (MB)
	329116  -  ResidentSetSize of job (KB)
...
006 (453.415.000) 2022-04-08 23:28:26 Image size of job updated: 779508
	322  -  MemoryUsage of job (MB)
	329248  -  ResidentSetSize of job (KB)
...
006 (453.415.000) 2022-04-09 00:23:31 Image size of job updated: 779764
	322  -  MemoryUsage of job (MB)
	329248  -  ResidentSetSize of job (KB)
...
005 (453.415.000) 2022-04-09 00:47:05 Job terminated.
	(1) Normal termination (return value 0)
		Usr 2 14:24:33, Sys 0 00:00:25  -  Run Remote Usage
		Usr 0 00:00:00, Sys 0 00:00:00  -  Run Local Usage
		Usr 2 14:24:33, Sys 0 00:00:25  -  Total Remote Usage
		Usr 0 00:00:00, Sys 0 00:00:00  -  Total Local Usage
	0  -  Run Bytes Sent By Job
	0  -  Run Bytes Received By Job
	0  -  Total Bytes Sent By Job
	0  -  Total Bytes Received By Job
	Partitionable Resources :    Usage  Request Allocated 
	   Cpus                 :     1.00        1         1 
	   Disk (KB)            :  7500        7500     10998 
	   Memory (MB)          :   322        1024      1024 

	Job terminated of its own accord at 2022-04-08T22:47:07Z with exit-code 0.
...
