000 (453.737.000) 2022-04-05 18:55:39 Job submitted from host: <10.18.24.243:9618?addrs=10.18.24.243-9618&alias=ecoclusts01.bioclust.biologie.ens.fr&noUDP&sock=schedd_1052_29b8>
...
001 (453.737.000) 2022-04-06 16:47:49 Job executing on host: <10.18.24.141:9618?addrs=10.18.24.141-9618&alias=dyoclust14.bioclust.biologie.ens.fr&noUDP&sock=startd_801_ff73>
...
006 (453.737.000) 2022-04-06 16:47:58 Image size of job updated: 185300
	181  -  MemoryUsage of job (MB)
	185300  -  ResidentSetSize of job (KB)
...
006 (453.737.000) 2022-04-06 16:52:59 Image size of job updated: 741880
	313  -  MemoryUsage of job (MB)
	319712  -  ResidentSetSize of job (KB)
...
006 (453.737.000) 2022-04-06 16:57:59 Image size of job updated: 774648
	317  -  MemoryUsage of job (MB)
	324292  -  ResidentSetSize of job (KB)
...
006 (453.737.000) 2022-04-06 17:53:05 Image size of job updated: 774904
	317  -  MemoryUsage of job (MB)
	324424  -  ResidentSetSize of job (KB)
...
006 (453.737.000) 2022-04-06 17:58:06 Image size of job updated: 774904
	317  -  MemoryUsage of job (MB)
	324556  -  ResidentSetSize of job (KB)
...
006 (453.737.000) 2022-04-06 18:03:07 Image size of job updated: 775160
	318  -  MemoryUsage of job (MB)
	324820  -  ResidentSetSize of job (KB)
...
006 (453.737.000) 2022-04-06 18:08:07 Image size of job updated: 775416
	318  -  MemoryUsage of job (MB)
	324952  -  ResidentSetSize of job (KB)
...
006 (453.737.000) 2022-04-06 18:13:07 Image size of job updated: 775672
	318  -  MemoryUsage of job (MB)
	325216  -  ResidentSetSize of job (KB)
...
006 (453.737.000) 2022-04-06 18:18:08 Image size of job updated: 775672
	318  -  MemoryUsage of job (MB)
	325348  -  ResidentSetSize of job (KB)
...
006 (453.737.000) 2022-04-06 18:23:09 Image size of job updated: 775928
	318  -  MemoryUsage of job (MB)
	325612  -  ResidentSetSize of job (KB)
...
006 (453.737.000) 2022-04-06 18:28:09 Image size of job updated: 776184
	319  -  MemoryUsage of job (MB)
	325876  -  ResidentSetSize of job (KB)
...
006 (453.737.000) 2022-04-06 18:33:10 Image size of job updated: 776440
	319  -  MemoryUsage of job (MB)
	326008  -  ResidentSetSize of job (KB)
...
006 (453.737.000) 2022-04-06 18:38:11 Image size of job updated: 776696
	319  -  MemoryUsage of job (MB)
	326272  -  ResidentSetSize of job (KB)
...
006 (453.737.000) 2022-04-06 18:43:11 Image size of job updated: 776952
	319  -  MemoryUsage of job (MB)
	326404  -  ResidentSetSize of job (KB)
...
006 (453.737.000) 2022-04-06 18:48:11 Image size of job updated: 776952
	319  -  MemoryUsage of job (MB)
	326536  -  ResidentSetSize of job (KB)
...
006 (453.737.000) 2022-04-06 18:53:13 Image size of job updated: 776952
	320  -  MemoryUsage of job (MB)
	326668  -  ResidentSetSize of job (KB)
...
006 (453.737.000) 2022-04-06 18:58:13 Image size of job updated: 777208
	320  -  MemoryUsage of job (MB)
	326800  -  ResidentSetSize of job (KB)
...
006 (453.737.000) 2022-04-06 19:03:13 Image size of job updated: 777464
	320  -  MemoryUsage of job (MB)
	327064  -  ResidentSetSize of job (KB)
...
006 (453.737.000) 2022-04-06 19:08:14 Image size of job updated: 777720
	320  -  MemoryUsage of job (MB)
	327196  -  ResidentSetSize of job (KB)
...
006 (453.737.000) 2022-04-06 19:13:15 Image size of job updated: 777976
	320  -  MemoryUsage of job (MB)
	327460  -  ResidentSetSize of job (KB)
...
006 (453.737.000) 2022-04-06 19:18:15 Image size of job updated: 778232
	321  -  MemoryUsage of job (MB)
	327724  -  ResidentSetSize of job (KB)
...
006 (453.737.000) 2022-04-06 19:23:15 Image size of job updated: 778488
	321  -  MemoryUsage of job (MB)
	327988  -  ResidentSetSize of job (KB)
...
006 (453.737.000) 2022-04-06 19:28:16 Image size of job updated: 778744
	321  -  MemoryUsage of job (MB)
	328252  -  ResidentSetSize of job (KB)
...
006 (453.737.000) 2022-04-06 19:33:16 Image size of job updated: 779000
	321  -  MemoryUsage of job (MB)
	328516  -  ResidentSetSize of job (KB)
...
006 (453.737.000) 2022-04-06 19:38:16 Image size of job updated: 779000
	321  -  MemoryUsage of job (MB)
	328648  -  ResidentSetSize of job (KB)
...
006 (453.737.000) 2022-04-06 19:43:17 Image size of job updated: 779256
	322  -  MemoryUsage of job (MB)
	328912  -  ResidentSetSize of job (KB)
...
006 (453.737.000) 2022-04-06 19:48:18 Image size of job updated: 779512
	322  -  MemoryUsage of job (MB)
	329044  -  ResidentSetSize of job (KB)
...
006 (453.737.000) 2022-04-06 19:52:04 Image size of job updated: 779768
	322  -  MemoryUsage of job (MB)
	329044  -  ResidentSetSize of job (KB)
...
005 (453.737.000) 2022-04-06 19:52:04 Job terminated.
	(1) Normal termination (return value 0)
		Usr 0 03:02:22, Sys 0 00:00:23  -  Run Remote Usage
		Usr 0 00:00:00, Sys 0 00:00:00  -  Run Local Usage
		Usr 0 03:02:22, Sys 0 00:00:23  -  Total Remote Usage
		Usr 0 00:00:00, Sys 0 00:00:00  -  Total Local Usage
	0  -  Run Bytes Sent By Job
	0  -  Run Bytes Received By Job
	0  -  Total Bytes Sent By Job
	0  -  Total Bytes Received By Job
	Partitionable Resources :    Usage  Request Allocated 
	   Cpus                 :     1.00        1         1 
	   Disk (KB)            :  7500        7500     10998 
	   Memory (MB)          :   322        1024      1024 

	Job terminated of its own accord at 2022-04-06T17:52:04Z with exit-code 0.
...
