000 (453.913.000) 2022-04-05 18:55:40 Job submitted from host: <10.18.24.243:9618?addrs=10.18.24.243-9618&alias=ecoclusts01.bioclust.biologie.ens.fr&noUDP&sock=schedd_1052_29b8>
...
001 (453.913.000) 2022-04-06 21:57:25 Job executing on host: <10.18.24.109:9618?addrs=10.18.24.109-9618&alias=ecoclust14.bioclust.biologie.ens.fr&noUDP&sock=startd_917_906f>
...
006 (453.913.000) 2022-04-06 21:57:33 Image size of job updated: 233404
	64  -  MemoryUsage of job (MB)
	64920  -  ResidentSetSize of job (KB)
...
006 (453.913.000) 2022-04-06 22:02:33 Image size of job updated: 874036
	317  -  MemoryUsage of job (MB)
	324028  -  ResidentSetSize of job (KB)
...
006 (453.913.000) 2022-04-06 22:17:35 Image size of job updated: 874036
	317  -  MemoryUsage of job (MB)
	324116  -  ResidentSetSize of job (KB)
...
006 (453.913.000) 2022-04-07 01:42:58 Image size of job updated: 874036
	317  -  MemoryUsage of job (MB)
	324248  -  ResidentSetSize of job (KB)
...
006 (453.913.000) 2022-04-07 02:38:04 Image size of job updated: 874036
	317  -  MemoryUsage of job (MB)
	324380  -  ResidentSetSize of job (KB)
...
006 (453.913.000) 2022-04-07 03:48:11 Image size of job updated: 874036
	317  -  MemoryUsage of job (MB)
	324512  -  ResidentSetSize of job (KB)
...
006 (453.913.000) 2022-04-07 04:48:19 Image size of job updated: 874036
	318  -  MemoryUsage of job (MB)
	324644  -  ResidentSetSize of job (KB)
...
006 (453.913.000) 2022-04-07 05:43:25 Image size of job updated: 874036
	318  -  MemoryUsage of job (MB)
	324776  -  ResidentSetSize of job (KB)
...
006 (453.913.000) 2022-04-07 07:03:34 Image size of job updated: 874036
	318  -  MemoryUsage of job (MB)
	324908  -  ResidentSetSize of job (KB)
...
006 (453.913.000) 2022-04-07 07:58:41 Image size of job updated: 874036
	318  -  MemoryUsage of job (MB)
	325040  -  ResidentSetSize of job (KB)
...
006 (453.913.000) 2022-04-07 08:58:45 Image size of job updated: 874036
	318  -  MemoryUsage of job (MB)
	325172  -  ResidentSetSize of job (KB)
...
006 (453.913.000) 2022-04-07 09:53:51 Image size of job updated: 874036
	318  -  MemoryUsage of job (MB)
	325304  -  ResidentSetSize of job (KB)
...
006 (453.913.000) 2022-04-07 10:48:57 Image size of job updated: 874036
	318  -  MemoryUsage of job (MB)
	325436  -  ResidentSetSize of job (KB)
...
006 (453.913.000) 2022-04-07 12:09:04 Image size of job updated: 874036
	318  -  MemoryUsage of job (MB)
	325568  -  ResidentSetSize of job (KB)
...
006 (453.913.000) 2022-04-07 13:04:10 Image size of job updated: 874036
	319  -  MemoryUsage of job (MB)
	325700  -  ResidentSetSize of job (KB)
...
006 (453.913.000) 2022-04-07 14:09:17 Image size of job updated: 874036
	319  -  MemoryUsage of job (MB)
	325832  -  ResidentSetSize of job (KB)
...
006 (453.913.000) 2022-04-07 15:04:24 Image size of job updated: 874036
	319  -  MemoryUsage of job (MB)
	325964  -  ResidentSetSize of job (KB)
...
006 (453.913.000) 2022-04-07 16:19:32 Image size of job updated: 874036
	319  -  MemoryUsage of job (MB)
	326096  -  ResidentSetSize of job (KB)
...
006 (453.913.000) 2022-04-07 17:19:39 Image size of job updated: 874036
	319  -  MemoryUsage of job (MB)
	326228  -  ResidentSetSize of job (KB)
...
006 (453.913.000) 2022-04-07 18:19:45 Image size of job updated: 874036
	319  -  MemoryUsage of job (MB)
	326360  -  ResidentSetSize of job (KB)
...
006 (453.913.000) 2022-04-07 19:24:52 Image size of job updated: 874036
	319  -  MemoryUsage of job (MB)
	326492  -  ResidentSetSize of job (KB)
...
006 (453.913.000) 2022-04-07 20:24:59 Image size of job updated: 874036
	319  -  MemoryUsage of job (MB)
	326624  -  ResidentSetSize of job (KB)
...
006 (453.913.000) 2022-04-08 00:15:19 Image size of job updated: 874036
	320  -  MemoryUsage of job (MB)
	326748  -  ResidentSetSize of job (KB)
...
006 (453.913.000) 2022-04-08 01:15:25 Image size of job updated: 874036
	320  -  MemoryUsage of job (MB)
	326880  -  ResidentSetSize of job (KB)
...
006 (453.913.000) 2022-04-08 02:35:34 Image size of job updated: 874036
	320  -  MemoryUsage of job (MB)
	327012  -  ResidentSetSize of job (KB)
...
006 (453.913.000) 2022-04-08 03:55:42 Image size of job updated: 874036
	320  -  MemoryUsage of job (MB)
	327144  -  ResidentSetSize of job (KB)
...
006 (453.913.000) 2022-04-08 04:55:48 Image size of job updated: 874036
	320  -  MemoryUsage of job (MB)
	327276  -  ResidentSetSize of job (KB)
...
006 (453.913.000) 2022-04-08 06:15:57 Image size of job updated: 874036
	320  -  MemoryUsage of job (MB)
	327408  -  ResidentSetSize of job (KB)
...
006 (453.913.000) 2022-04-08 07:21:03 Image size of job updated: 874036
	320  -  MemoryUsage of job (MB)
	327540  -  ResidentSetSize of job (KB)
...
006 (453.913.000) 2022-04-08 08:41:10 Image size of job updated: 874036
	320  -  MemoryUsage of job (MB)
	327672  -  ResidentSetSize of job (KB)
...
006 (453.913.000) 2022-04-08 10:01:17 Image size of job updated: 874036
	321  -  MemoryUsage of job (MB)
	327804  -  ResidentSetSize of job (KB)
...
006 (453.913.000) 2022-04-08 10:56:24 Image size of job updated: 874036
	321  -  MemoryUsage of job (MB)
	327936  -  ResidentSetSize of job (KB)
...
006 (453.913.000) 2022-04-08 12:11:31 Image size of job updated: 874036
	321  -  MemoryUsage of job (MB)
	328068  -  ResidentSetSize of job (KB)
...
006 (453.913.000) 2022-04-08 13:11:37 Image size of job updated: 874036
	321  -  MemoryUsage of job (MB)
	328200  -  ResidentSetSize of job (KB)
...
006 (453.913.000) 2022-04-08 14:36:47 Image size of job updated: 874036
	321  -  MemoryUsage of job (MB)
	328332  -  ResidentSetSize of job (KB)
...
006 (453.913.000) 2022-04-08 15:56:55 Image size of job updated: 874036
	321  -  MemoryUsage of job (MB)
	328464  -  ResidentSetSize of job (KB)
...
006 (453.913.000) 2022-04-08 16:57:01 Image size of job updated: 874036
	321  -  MemoryUsage of job (MB)
	328596  -  ResidentSetSize of job (KB)
...
006 (453.913.000) 2022-04-08 18:12:10 Image size of job updated: 874036
	322  -  MemoryUsage of job (MB)
	328728  -  ResidentSetSize of job (KB)
...
006 (453.913.000) 2022-04-08 19:32:18 Image size of job updated: 874036
	322  -  MemoryUsage of job (MB)
	328860  -  ResidentSetSize of job (KB)
...
006 (453.913.000) 2022-04-08 20:32:24 Image size of job updated: 874036
	322  -  MemoryUsage of job (MB)
	328992  -  ResidentSetSize of job (KB)
...
006 (453.913.000) 2022-04-08 21:57:33 Image size of job updated: 874036
	322  -  MemoryUsage of job (MB)
	329124  -  ResidentSetSize of job (KB)
...
006 (453.913.000) 2022-04-08 22:57:39 Image size of job updated: 874036
	322  -  MemoryUsage of job (MB)
	329256  -  ResidentSetSize of job (KB)
...
005 (453.913.000) 2022-04-08 23:56:22 Job terminated.
	(1) Normal termination (return value 0)
		Usr 2 01:46:18, Sys 0 00:00:47  -  Run Remote Usage
		Usr 0 00:00:00, Sys 0 00:00:00  -  Run Local Usage
		Usr 2 01:46:18, Sys 0 00:00:47  -  Total Remote Usage
		Usr 0 00:00:00, Sys 0 00:00:00  -  Total Local Usage
	0  -  Run Bytes Sent By Job
	0  -  Run Bytes Received By Job
	0  -  Total Bytes Sent By Job
	0  -  Total Bytes Received By Job
	Partitionable Resources :    Usage  Request Allocated 
	   Cpus                 :     1.00        1         1 
	   Disk (KB)            :  7500        7500     10998 
	   Memory (MB)          :   322        1024      1024 

	Job terminated of its own accord at 2022-04-08T21:56:22Z with exit-code 0.
...
