000 (453.440.000) 2022-04-05 18:55:38 Job submitted from host: <10.18.24.243:9618?addrs=10.18.24.243-9618&alias=ecoclusts01.bioclust.biologie.ens.fr&noUDP&sock=schedd_1052_29b8>
...
001 (453.440.000) 2022-04-06 10:39:02 Job executing on host: <10.18.24.139:9618?addrs=10.18.24.139-9618&alias=dyoclust12.bioclust.biologie.ens.fr&noUDP&sock=startd_791_2380>
...
006 (453.440.000) 2022-04-06 10:39:11 Image size of job updated: 182564
	179  -  MemoryUsage of job (MB)
	182564  -  ResidentSetSize of job (KB)
...
006 (453.440.000) 2022-04-06 10:44:12 Image size of job updated: 741624
	317  -  MemoryUsage of job (MB)
	324056  -  ResidentSetSize of job (KB)
...
006 (453.440.000) 2022-04-06 10:49:12 Image size of job updated: 774392
	317  -  MemoryUsage of job (MB)
	324056  -  ResidentSetSize of job (KB)
...
006 (453.440.000) 2022-04-06 11:19:15 Image size of job updated: 774648
	317  -  MemoryUsage of job (MB)
	324188  -  ResidentSetSize of job (KB)
...
006 (453.440.000) 2022-04-06 11:24:15 Image size of job updated: 774904
	317  -  MemoryUsage of job (MB)
	324452  -  ResidentSetSize of job (KB)
...
006 (453.440.000) 2022-04-06 11:29:15 Image size of job updated: 774904
	317  -  MemoryUsage of job (MB)
	324584  -  ResidentSetSize of job (KB)
...
006 (453.440.000) 2022-04-06 11:34:16 Image size of job updated: 775160
	318  -  MemoryUsage of job (MB)
	324848  -  ResidentSetSize of job (KB)
...
006 (453.440.000) 2022-04-06 11:39:17 Image size of job updated: 775416
	318  -  MemoryUsage of job (MB)
	324980  -  ResidentSetSize of job (KB)
...
006 (453.440.000) 2022-04-06 11:44:17 Image size of job updated: 775672
	318  -  MemoryUsage of job (MB)
	325244  -  ResidentSetSize of job (KB)
...
006 (453.440.000) 2022-04-06 11:49:17 Image size of job updated: 775672
	318  -  MemoryUsage of job (MB)
	325376  -  ResidentSetSize of job (KB)
...
006 (453.440.000) 2022-04-06 11:54:18 Image size of job updated: 775928
	319  -  MemoryUsage of job (MB)
	325640  -  ResidentSetSize of job (KB)
...
006 (453.440.000) 2022-04-06 11:59:18 Image size of job updated: 776184
	319  -  MemoryUsage of job (MB)
	325772  -  ResidentSetSize of job (KB)
...
006 (453.440.000) 2022-04-06 12:04:18 Image size of job updated: 776184
	319  -  MemoryUsage of job (MB)
	325904  -  ResidentSetSize of job (KB)
...
006 (453.440.000) 2022-04-06 12:09:19 Image size of job updated: 776440
	319  -  MemoryUsage of job (MB)
	326036  -  ResidentSetSize of job (KB)
...
006 (453.440.000) 2022-04-06 12:14:20 Image size of job updated: 776696
	319  -  MemoryUsage of job (MB)
	326168  -  ResidentSetSize of job (KB)
...
006 (453.440.000) 2022-04-06 12:19:20 Image size of job updated: 776696
	319  -  MemoryUsage of job (MB)
	326300  -  ResidentSetSize of job (KB)
...
006 (453.440.000) 2022-04-06 12:24:20 Image size of job updated: 776952
	319  -  MemoryUsage of job (MB)
	326432  -  ResidentSetSize of job (KB)
...
006 (453.440.000) 2022-04-06 12:29:21 Image size of job updated: 776952
	319  -  MemoryUsage of job (MB)
	326564  -  ResidentSetSize of job (KB)
...
006 (453.440.000) 2022-04-06 12:39:21 Image size of job updated: 776952
	320  -  MemoryUsage of job (MB)
	326696  -  ResidentSetSize of job (KB)
...
006 (453.440.000) 2022-04-06 12:44:22 Image size of job updated: 777208
	320  -  MemoryUsage of job (MB)
	326828  -  ResidentSetSize of job (KB)
...
006 (453.440.000) 2022-04-06 12:49:23 Image size of job updated: 777464
	320  -  MemoryUsage of job (MB)
	326960  -  ResidentSetSize of job (KB)
...
006 (453.440.000) 2022-04-06 12:54:23 Image size of job updated: 777464
	320  -  MemoryUsage of job (MB)
	327092  -  ResidentSetSize of job (KB)
...
006 (453.440.000) 2022-04-06 12:59:24 Image size of job updated: 777720
	320  -  MemoryUsage of job (MB)
	327224  -  ResidentSetSize of job (KB)
...
006 (453.440.000) 2022-04-06 13:04:25 Image size of job updated: 777720
	320  -  MemoryUsage of job (MB)
	327356  -  ResidentSetSize of job (KB)
...
006 (453.440.000) 2022-04-06 13:09:25 Image size of job updated: 777976
	320  -  MemoryUsage of job (MB)
	327488  -  ResidentSetSize of job (KB)
...
006 (453.440.000) 2022-04-06 13:14:25 Image size of job updated: 777976
	321  -  MemoryUsage of job (MB)
	327752  -  ResidentSetSize of job (KB)
...
006 (453.440.000) 2022-04-06 13:19:26 Image size of job updated: 778232
	321  -  MemoryUsage of job (MB)
	327884  -  ResidentSetSize of job (KB)
...
006 (453.440.000) 2022-04-06 13:24:27 Image size of job updated: 778488
	321  -  MemoryUsage of job (MB)
	328016  -  ResidentSetSize of job (KB)
...
006 (453.440.000) 2022-04-06 13:29:27 Image size of job updated: 778488
	321  -  MemoryUsage of job (MB)
	328148  -  ResidentSetSize of job (KB)
...
006 (453.440.000) 2022-04-06 13:34:28 Image size of job updated: 778744
	321  -  MemoryUsage of job (MB)
	328280  -  ResidentSetSize of job (KB)
...
006 (453.440.000) 2022-04-06 13:39:29 Image size of job updated: 778744
	321  -  MemoryUsage of job (MB)
	328412  -  ResidentSetSize of job (KB)
...
006 (453.440.000) 2022-04-06 13:44:29 Image size of job updated: 779000
	321  -  MemoryUsage of job (MB)
	328544  -  ResidentSetSize of job (KB)
...
006 (453.440.000) 2022-04-06 13:49:29 Image size of job updated: 779256
	322  -  MemoryUsage of job (MB)
	328808  -  ResidentSetSize of job (KB)
...
006 (453.440.000) 2022-04-06 13:54:30 Image size of job updated: 779256
	322  -  MemoryUsage of job (MB)
	328940  -  ResidentSetSize of job (KB)
...
006 (453.440.000) 2022-04-06 13:59:31 Image size of job updated: 779512
	322  -  MemoryUsage of job (MB)
	329072  -  ResidentSetSize of job (KB)
...
005 (453.440.000) 2022-04-06 14:04:03 Job terminated.
	(1) Normal termination (return value 0)
		Usr 0 03:22:54, Sys 0 00:00:29  -  Run Remote Usage
		Usr 0 00:00:00, Sys 0 00:00:00  -  Run Local Usage
		Usr 0 03:22:54, Sys 0 00:00:29  -  Total Remote Usage
		Usr 0 00:00:00, Sys 0 00:00:00  -  Total Local Usage
	0  -  Run Bytes Sent By Job
	0  -  Run Bytes Received By Job
	0  -  Total Bytes Sent By Job
	0  -  Total Bytes Received By Job
	Partitionable Resources :    Usage  Request Allocated 
	   Cpus                 :     1.00        1         1 
	   Disk (KB)            :  7500        7500     10998 
	   Memory (MB)          :   322        1024      1024 

	Job terminated of its own accord at 2022-04-06T12:04:03Z with exit-code 0.
...
