000 (453.530.000) 2022-04-05 18:55:38 Job submitted from host: <10.18.24.243:9618?addrs=10.18.24.243-9618&alias=ecoclusts01.bioclust.biologie.ens.fr&noUDP&sock=schedd_1052_29b8>
...
001 (453.530.000) 2022-04-06 12:08:08 Job executing on host: <10.18.24.109:9618?addrs=10.18.24.109-9618&alias=ecoclust14.bioclust.biologie.ens.fr&noUDP&sock=startd_917_906f>
...
006 (453.530.000) 2022-04-06 12:08:17 Image size of job updated: 77196
	76  -  MemoryUsage of job (MB)
	77196  -  ResidentSetSize of job (KB)
...
006 (453.530.000) 2022-04-06 12:13:18 Image size of job updated: 741624
	300  -  MemoryUsage of job (MB)
	306184  -  ResidentSetSize of job (KB)
...
006 (453.530.000) 2022-04-06 12:18:19 Image size of job updated: 741624
	317  -  MemoryUsage of job (MB)
	324152  -  ResidentSetSize of job (KB)
...
005 (453.530.000) 2022-04-06 12:21:53 Job terminated.
	(1) Normal termination (return value 0)
		Usr 0 00:13:11, Sys 0 00:00:24  -  Run Remote Usage
		Usr 0 00:00:00, Sys 0 00:00:00  -  Run Local Usage
		Usr 0 00:13:11, Sys 0 00:00:24  -  Total Remote Usage
		Usr 0 00:00:00, Sys 0 00:00:00  -  Total Local Usage
	0  -  Run Bytes Sent By Job
	0  -  Run Bytes Received By Job
	0  -  Total Bytes Sent By Job
	0  -  Total Bytes Received By Job
	Partitionable Resources :    Usage  Request Allocated 
	   Cpus                 :     1.00        1         1 
	   Disk (KB)            :  7500        7500     10998 
	   Memory (MB)          :   317        1024      1024 

	Job terminated of its own accord at 2022-04-06T10:21:53Z with exit-code 0.
...
