000 (453.702.000) 2022-04-05 18:55:39 Job submitted from host: <10.18.24.243:9618?addrs=10.18.24.243-9618&alias=ecoclusts01.bioclust.biologie.ens.fr&noUDP&sock=schedd_1052_29b8>
...
001 (453.702.000) 2022-04-06 15:52:46 Job executing on host: <10.18.24.137:9618?addrs=10.18.24.137-9618&alias=dyoclust10.bioclust.biologie.ens.fr&noUDP&sock=startd_830_e3b2>
...
006 (453.702.000) 2022-04-06 15:52:55 Image size of job updated: 641440
	247  -  MemoryUsage of job (MB)
	252076  -  ResidentSetSize of job (KB)
...
006 (453.702.000) 2022-04-06 15:57:56 Image size of job updated: 741880
	317  -  MemoryUsage of job (MB)
	324316  -  ResidentSetSize of job (KB)
...
006 (453.702.000) 2022-04-06 16:02:57 Image size of job updated: 774648
	317  -  MemoryUsage of job (MB)
	324404  -  ResidentSetSize of job (KB)
...
006 (453.702.000) 2022-04-06 16:32:59 Image size of job updated: 774904
	317  -  MemoryUsage of job (MB)
	324404  -  ResidentSetSize of job (KB)
...
006 (453.702.000) 2022-04-06 16:38:00 Image size of job updated: 775160
	318  -  MemoryUsage of job (MB)
	324668  -  ResidentSetSize of job (KB)
...
006 (453.702.000) 2022-04-06 16:43:00 Image size of job updated: 775416
	318  -  MemoryUsage of job (MB)
	324932  -  ResidentSetSize of job (KB)
...
006 (453.702.000) 2022-04-06 16:48:00 Image size of job updated: 775672
	318  -  MemoryUsage of job (MB)
	325196  -  ResidentSetSize of job (KB)
...
006 (453.702.000) 2022-04-06 16:53:01 Image size of job updated: 775928
	318  -  MemoryUsage of job (MB)
	325460  -  ResidentSetSize of job (KB)
...
006 (453.702.000) 2022-04-06 16:58:01 Image size of job updated: 775928
	318  -  MemoryUsage of job (MB)
	325592  -  ResidentSetSize of job (KB)
...
006 (453.702.000) 2022-04-06 17:03:01 Image size of job updated: 776184
	319  -  MemoryUsage of job (MB)
	325856  -  ResidentSetSize of job (KB)
...
006 (453.702.000) 2022-04-06 17:08:02 Image size of job updated: 776440
	319  -  MemoryUsage of job (MB)
	326120  -  ResidentSetSize of job (KB)
...
006 (453.702.000) 2022-04-06 17:13:03 Image size of job updated: 776696
	319  -  MemoryUsage of job (MB)
	326384  -  ResidentSetSize of job (KB)
...
006 (453.702.000) 2022-04-06 17:18:03 Image size of job updated: 776952
	319  -  MemoryUsage of job (MB)
	326648  -  ResidentSetSize of job (KB)
...
006 (453.702.000) 2022-04-06 17:28:05 Image size of job updated: 777208
	320  -  MemoryUsage of job (MB)
	326752  -  ResidentSetSize of job (KB)
...
006 (453.702.000) 2022-04-06 17:33:05 Image size of job updated: 777208
	320  -  MemoryUsage of job (MB)
	326884  -  ResidentSetSize of job (KB)
...
006 (453.702.000) 2022-04-06 17:38:05 Image size of job updated: 777464
	320  -  MemoryUsage of job (MB)
	327148  -  ResidentSetSize of job (KB)
...
006 (453.702.000) 2022-04-06 17:43:06 Image size of job updated: 777720
	320  -  MemoryUsage of job (MB)
	327412  -  ResidentSetSize of job (KB)
...
006 (453.702.000) 2022-04-06 17:48:07 Image size of job updated: 777976
	320  -  MemoryUsage of job (MB)
	327676  -  ResidentSetSize of job (KB)
...
006 (453.702.000) 2022-04-06 17:53:07 Image size of job updated: 778232
	321  -  MemoryUsage of job (MB)
	327940  -  ResidentSetSize of job (KB)
...
006 (453.702.000) 2022-04-06 17:58:07 Image size of job updated: 778488
	321  -  MemoryUsage of job (MB)
	328204  -  ResidentSetSize of job (KB)
...
006 (453.702.000) 2022-04-06 18:03:08 Image size of job updated: 778744
	321  -  MemoryUsage of job (MB)
	328468  -  ResidentSetSize of job (KB)
...
006 (453.702.000) 2022-04-06 18:08:08 Image size of job updated: 779000
	322  -  MemoryUsage of job (MB)
	328732  -  ResidentSetSize of job (KB)
...
006 (453.702.000) 2022-04-06 18:13:08 Image size of job updated: 779256
	322  -  MemoryUsage of job (MB)
	328996  -  ResidentSetSize of job (KB)
...
006 (453.702.000) 2022-04-06 18:17:53 Image size of job updated: 779768
	322  -  MemoryUsage of job (MB)
	328996  -  ResidentSetSize of job (KB)
...
005 (453.702.000) 2022-04-06 18:17:53 Job terminated.
	(1) Normal termination (return value 0)
		Usr 0 02:23:56, Sys 0 00:00:27  -  Run Remote Usage
		Usr 0 00:00:00, Sys 0 00:00:00  -  Run Local Usage
		Usr 0 02:23:56, Sys 0 00:00:27  -  Total Remote Usage
		Usr 0 00:00:00, Sys 0 00:00:00  -  Total Local Usage
	0  -  Run Bytes Sent By Job
	0  -  Run Bytes Received By Job
	0  -  Total Bytes Sent By Job
	0  -  Total Bytes Received By Job
	Partitionable Resources :    Usage  Request Allocated 
	   Cpus                 :     1.00        1         1 
	   Disk (KB)            :  7500        7500     10999 
	   Memory (MB)          :   322        1024      1024 

	Job terminated of its own accord at 2022-04-06T16:17:53Z with exit-code 0.
...
