000 (453.135.000) 2022-04-05 18:55:37 Job submitted from host: <10.18.24.243:9618?addrs=10.18.24.243-9618&alias=ecoclusts01.bioclust.biologie.ens.fr&noUDP&sock=schedd_1052_29b8>
...
001 (453.135.000) 2022-04-06 06:07:00 Job executing on host: <10.18.24.134:9618?addrs=10.18.24.134-9618&alias=dyoclust07.bioclust.biologie.ens.fr&noUDP&sock=startd_808_cc9c>
...
006 (453.135.000) 2022-04-06 06:07:09 Image size of job updated: 216324
	212  -  MemoryUsage of job (MB)
	216324  -  ResidentSetSize of job (KB)
...
006 (453.135.000) 2022-04-06 06:12:10 Image size of job updated: 741620
	317  -  MemoryUsage of job (MB)
	324120  -  ResidentSetSize of job (KB)
...
006 (453.135.000) 2022-04-06 06:17:10 Image size of job updated: 774388
	317  -  MemoryUsage of job (MB)
	324120  -  ResidentSetSize of job (KB)
...
006 (453.135.000) 2022-04-06 06:42:13 Image size of job updated: 774644
	317  -  MemoryUsage of job (MB)
	324252  -  ResidentSetSize of job (KB)
...
006 (453.135.000) 2022-04-06 06:47:14 Image size of job updated: 774900
	317  -  MemoryUsage of job (MB)
	324516  -  ResidentSetSize of job (KB)
...
006 (453.135.000) 2022-04-06 06:52:14 Image size of job updated: 775156
	318  -  MemoryUsage of job (MB)
	324648  -  ResidentSetSize of job (KB)
...
006 (453.135.000) 2022-04-06 06:57:14 Image size of job updated: 775412
	318  -  MemoryUsage of job (MB)
	324912  -  ResidentSetSize of job (KB)
...
006 (453.135.000) 2022-04-06 07:02:15 Image size of job updated: 775668
	318  -  MemoryUsage of job (MB)
	325176  -  ResidentSetSize of job (KB)
...
006 (453.135.000) 2022-04-06 07:07:16 Image size of job updated: 775668
	318  -  MemoryUsage of job (MB)
	325308  -  ResidentSetSize of job (KB)
...
006 (453.135.000) 2022-04-06 07:12:16 Image size of job updated: 775924
	318  -  MemoryUsage of job (MB)
	325572  -  ResidentSetSize of job (KB)
...
006 (453.135.000) 2022-04-06 07:17:16 Image size of job updated: 776180
	319  -  MemoryUsage of job (MB)
	325836  -  ResidentSetSize of job (KB)
...
006 (453.135.000) 2022-04-06 07:22:18 Image size of job updated: 776436
	319  -  MemoryUsage of job (MB)
	326100  -  ResidentSetSize of job (KB)
...
006 (453.135.000) 2022-04-06 07:27:18 Image size of job updated: 776692
	319  -  MemoryUsage of job (MB)
	326232  -  ResidentSetSize of job (KB)
...
006 (453.135.000) 2022-04-06 07:32:18 Image size of job updated: 776948
	319  -  MemoryUsage of job (MB)
	326496  -  ResidentSetSize of job (KB)
...
006 (453.135.000) 2022-04-06 07:42:20 Image size of job updated: 776948
	319  -  MemoryUsage of job (MB)
	326592  -  ResidentSetSize of job (KB)
...
006 (453.135.000) 2022-04-06 07:47:20 Image size of job updated: 777204
	320  -  MemoryUsage of job (MB)
	326724  -  ResidentSetSize of job (KB)
...
006 (453.135.000) 2022-04-06 07:52:20 Image size of job updated: 777460
	320  -  MemoryUsage of job (MB)
	326988  -  ResidentSetSize of job (KB)
...
006 (453.135.000) 2022-04-06 07:57:21 Image size of job updated: 777460
	320  -  MemoryUsage of job (MB)
	327120  -  ResidentSetSize of job (KB)
...
006 (453.135.000) 2022-04-06 08:02:22 Image size of job updated: 777716
	320  -  MemoryUsage of job (MB)
	327252  -  ResidentSetSize of job (KB)
...
006 (453.135.000) 2022-04-06 08:07:22 Image size of job updated: 777972
	320  -  MemoryUsage of job (MB)
	327516  -  ResidentSetSize of job (KB)
...
006 (453.135.000) 2022-04-06 08:12:23 Image size of job updated: 777972
	320  -  MemoryUsage of job (MB)
	327648  -  ResidentSetSize of job (KB)
...
006 (453.135.000) 2022-04-06 08:17:24 Image size of job updated: 778228
	321  -  MemoryUsage of job (MB)
	327912  -  ResidentSetSize of job (KB)
...
006 (453.135.000) 2022-04-06 08:22:24 Image size of job updated: 778484
	321  -  MemoryUsage of job (MB)
	328044  -  ResidentSetSize of job (KB)
...
006 (453.135.000) 2022-04-06 08:27:24 Image size of job updated: 778740
	321  -  MemoryUsage of job (MB)
	328176  -  ResidentSetSize of job (KB)
...
006 (453.135.000) 2022-04-06 08:32:25 Image size of job updated: 778740
	321  -  MemoryUsage of job (MB)
	328440  -  ResidentSetSize of job (KB)
...
006 (453.135.000) 2022-04-06 08:37:26 Image size of job updated: 778996
	321  -  MemoryUsage of job (MB)
	328572  -  ResidentSetSize of job (KB)
...
006 (453.135.000) 2022-04-06 08:42:26 Image size of job updated: 779252
	322  -  MemoryUsage of job (MB)
	328836  -  ResidentSetSize of job (KB)
...
006 (453.135.000) 2022-04-06 08:47:26 Image size of job updated: 779252
	322  -  MemoryUsage of job (MB)
	328968  -  ResidentSetSize of job (KB)
...
006 (453.135.000) 2022-04-06 08:52:27 Image size of job updated: 779508
	322  -  MemoryUsage of job (MB)
	329100  -  ResidentSetSize of job (KB)
...
006 (453.135.000) 2022-04-06 08:55:51 Image size of job updated: 779764
	322  -  MemoryUsage of job (MB)
	329100  -  ResidentSetSize of job (KB)
...
005 (453.135.000) 2022-04-06 08:55:51 Job terminated.
	(1) Normal termination (return value 0)
		Usr 0 02:48:17, Sys 0 00:00:26  -  Run Remote Usage
		Usr 0 00:00:00, Sys 0 00:00:00  -  Run Local Usage
		Usr 0 02:48:17, Sys 0 00:00:26  -  Total Remote Usage
		Usr 0 00:00:00, Sys 0 00:00:00  -  Total Local Usage
	0  -  Run Bytes Sent By Job
	0  -  Run Bytes Received By Job
	0  -  Total Bytes Sent By Job
	0  -  Total Bytes Received By Job
	Partitionable Resources :    Usage  Request Allocated 
	   Cpus                 :     1.00        1         1 
	   Disk (KB)            :  7500        7500     10998 
	   Memory (MB)          :   322        1024      1024 

	Job terminated of its own accord at 2022-04-06T06:55:51Z with exit-code 0.
...
