000 (453.266.000) 2022-04-05 18:55:37 Job submitted from host: <10.18.24.243:9618?addrs=10.18.24.243-9618&alias=ecoclusts01.bioclust.biologie.ens.fr&noUDP&sock=schedd_1052_29b8>
...
001 (453.266.000) 2022-04-06 08:04:02 Job executing on host: <10.18.24.133:9618?addrs=10.18.24.133-9618&alias=dyoclust06.bioclust.biologie.ens.fr&noUDP&sock=startd_804_0e3b>
...
006 (453.266.000) 2022-04-06 08:04:11 Image size of job updated: 89604
	88  -  MemoryUsage of job (MB)
	89604  -  ResidentSetSize of job (KB)
...
006 (453.266.000) 2022-04-06 08:09:11 Image size of job updated: 792252
	317  -  MemoryUsage of job (MB)
	324068  -  ResidentSetSize of job (KB)
...
006 (453.266.000) 2022-04-06 08:14:11 Image size of job updated: 792252
	317  -  MemoryUsage of job (MB)
	324092  -  ResidentSetSize of job (KB)
...
006 (453.266.000) 2022-04-06 09:04:17 Image size of job updated: 792252
	317  -  MemoryUsage of job (MB)
	324224  -  ResidentSetSize of job (KB)
...
006 (453.266.000) 2022-04-06 09:09:18 Image size of job updated: 792252
	317  -  MemoryUsage of job (MB)
	324356  -  ResidentSetSize of job (KB)
...
006 (453.266.000) 2022-04-06 09:14:19 Image size of job updated: 792252
	317  -  MemoryUsage of job (MB)
	324488  -  ResidentSetSize of job (KB)
...
006 (453.266.000) 2022-04-06 09:24:19 Image size of job updated: 792252
	318  -  MemoryUsage of job (MB)
	324620  -  ResidentSetSize of job (KB)
...
006 (453.266.000) 2022-04-06 09:29:21 Image size of job updated: 792252
	318  -  MemoryUsage of job (MB)
	324752  -  ResidentSetSize of job (KB)
...
006 (453.266.000) 2022-04-06 09:39:21 Image size of job updated: 792252
	318  -  MemoryUsage of job (MB)
	324884  -  ResidentSetSize of job (KB)
...
006 (453.266.000) 2022-04-06 09:44:22 Image size of job updated: 792252
	318  -  MemoryUsage of job (MB)
	325016  -  ResidentSetSize of job (KB)
...
006 (453.266.000) 2022-04-06 09:54:23 Image size of job updated: 792252
	318  -  MemoryUsage of job (MB)
	325148  -  ResidentSetSize of job (KB)
...
006 (453.266.000) 2022-04-06 09:59:23 Image size of job updated: 792252
	318  -  MemoryUsage of job (MB)
	325280  -  ResidentSetSize of job (KB)
...
006 (453.266.000) 2022-04-06 10:09:24 Image size of job updated: 792252
	318  -  MemoryUsage of job (MB)
	325412  -  ResidentSetSize of job (KB)
...
006 (453.266.000) 2022-04-06 10:14:24 Image size of job updated: 792252
	318  -  MemoryUsage of job (MB)
	325544  -  ResidentSetSize of job (KB)
...
006 (453.266.000) 2022-04-06 10:24:26 Image size of job updated: 792252
	319  -  MemoryUsage of job (MB)
	325676  -  ResidentSetSize of job (KB)
...
006 (453.266.000) 2022-04-06 10:29:26 Image size of job updated: 792252
	319  -  MemoryUsage of job (MB)
	325808  -  ResidentSetSize of job (KB)
...
006 (453.266.000) 2022-04-06 10:34:27 Image size of job updated: 792252
	319  -  MemoryUsage of job (MB)
	325940  -  ResidentSetSize of job (KB)
...
006 (453.266.000) 2022-04-06 10:39:28 Image size of job updated: 792252
	319  -  MemoryUsage of job (MB)
	326072  -  ResidentSetSize of job (KB)
...
006 (453.266.000) 2022-04-06 10:44:28 Image size of job updated: 792252
	319  -  MemoryUsage of job (MB)
	326204  -  ResidentSetSize of job (KB)
...
006 (453.266.000) 2022-04-06 10:49:28 Image size of job updated: 792252
	319  -  MemoryUsage of job (MB)
	326336  -  ResidentSetSize of job (KB)
...
006 (453.266.000) 2022-04-06 10:54:29 Image size of job updated: 792252
	319  -  MemoryUsage of job (MB)
	326468  -  ResidentSetSize of job (KB)
...
006 (453.266.000) 2022-04-06 10:59:30 Image size of job updated: 792252
	319  -  MemoryUsage of job (MB)
	326600  -  ResidentSetSize of job (KB)
...
006 (453.266.000) 2022-04-06 11:14:32 Image size of job updated: 792252
	320  -  MemoryUsage of job (MB)
	326732  -  ResidentSetSize of job (KB)
...
006 (453.266.000) 2022-04-06 11:19:32 Image size of job updated: 792252
	320  -  MemoryUsage of job (MB)
	326864  -  ResidentSetSize of job (KB)
...
006 (453.266.000) 2022-04-06 11:24:32 Image size of job updated: 792252
	320  -  MemoryUsage of job (MB)
	326996  -  ResidentSetSize of job (KB)
...
006 (453.266.000) 2022-04-06 11:29:34 Image size of job updated: 792252
	320  -  MemoryUsage of job (MB)
	327128  -  ResidentSetSize of job (KB)
...
006 (453.266.000) 2022-04-06 11:34:34 Image size of job updated: 792252
	320  -  MemoryUsage of job (MB)
	327260  -  ResidentSetSize of job (KB)
...
006 (453.266.000) 2022-04-06 11:39:34 Image size of job updated: 792252
	320  -  MemoryUsage of job (MB)
	327392  -  ResidentSetSize of job (KB)
...
006 (453.266.000) 2022-04-06 11:44:35 Image size of job updated: 792252
	320  -  MemoryUsage of job (MB)
	327524  -  ResidentSetSize of job (KB)
...
006 (453.266.000) 2022-04-06 11:49:36 Image size of job updated: 792252
	320  -  MemoryUsage of job (MB)
	327656  -  ResidentSetSize of job (KB)
...
006 (453.266.000) 2022-04-06 11:54:36 Image size of job updated: 792252
	321  -  MemoryUsage of job (MB)
	327788  -  ResidentSetSize of job (KB)
...
006 (453.266.000) 2022-04-06 11:59:36 Image size of job updated: 792252
	321  -  MemoryUsage of job (MB)
	327920  -  ResidentSetSize of job (KB)
...
006 (453.266.000) 2022-04-06 12:04:38 Image size of job updated: 792252
	321  -  MemoryUsage of job (MB)
	328052  -  ResidentSetSize of job (KB)
...
006 (453.266.000) 2022-04-06 12:09:38 Image size of job updated: 792252
	321  -  MemoryUsage of job (MB)
	328184  -  ResidentSetSize of job (KB)
...
006 (453.266.000) 2022-04-06 12:14:38 Image size of job updated: 792252
	321  -  MemoryUsage of job (MB)
	328316  -  ResidentSetSize of job (KB)
...
006 (453.266.000) 2022-04-06 12:19:39 Image size of job updated: 792252
	321  -  MemoryUsage of job (MB)
	328448  -  ResidentSetSize of job (KB)
...
006 (453.266.000) 2022-04-06 12:24:40 Image size of job updated: 792252
	321  -  MemoryUsage of job (MB)
	328580  -  ResidentSetSize of job (KB)
...
006 (453.266.000) 2022-04-06 12:29:40 Image size of job updated: 792252
	322  -  MemoryUsage of job (MB)
	328712  -  ResidentSetSize of job (KB)
...
006 (453.266.000) 2022-04-06 12:34:40 Image size of job updated: 792252
	322  -  MemoryUsage of job (MB)
	328976  -  ResidentSetSize of job (KB)
...
006 (453.266.000) 2022-04-06 12:39:42 Image size of job updated: 792252
	322  -  MemoryUsage of job (MB)
	329108  -  ResidentSetSize of job (KB)
...
006 (453.266.000) 2022-04-06 12:44:42 Image size of job updated: 792252
	322  -  MemoryUsage of job (MB)
	329240  -  ResidentSetSize of job (KB)
...
005 (453.266.000) 2022-04-06 12:46:50 Job terminated.
	(1) Normal termination (return value 0)
		Usr 0 04:40:55, Sys 0 00:00:38  -  Run Remote Usage
		Usr 0 00:00:00, Sys 0 00:00:00  -  Run Local Usage
		Usr 0 04:40:55, Sys 0 00:00:38  -  Total Remote Usage
		Usr 0 00:00:00, Sys 0 00:00:00  -  Total Local Usage
	0  -  Run Bytes Sent By Job
	0  -  Run Bytes Received By Job
	0  -  Total Bytes Sent By Job
	0  -  Total Bytes Received By Job
	Partitionable Resources :    Usage  Request Allocated 
	   Cpus                 :     1.00        1         1 
	   Disk (KB)            :  7500        7500     10015 
	   Memory (MB)          :   322        1024      1024 

	Job terminated of its own accord at 2022-04-06T10:46:50Z with exit-code 0.
...
