000 (453.985.000) 2022-04-05 18:55:40 Job submitted from host: <10.18.24.243:9618?addrs=10.18.24.243-9618&alias=ecoclusts01.bioclust.biologie.ens.fr&noUDP&sock=schedd_1052_29b8>
...
001 (453.985.000) 2022-04-07 00:06:27 Job executing on host: <10.18.24.1:9618?addrs=10.18.24.1-9618&alias=bioclust01.bioclust.biologie.ens.fr&noUDP&sock=startd_2562081_0a2b>
...
006 (453.985.000) 2022-04-07 00:06:36 Image size of job updated: 443108
	433  -  MemoryUsage of job (MB)
	443108  -  ResidentSetSize of job (KB)
...
006 (453.985.000) 2022-04-07 00:11:37 Image size of job updated: 741620
	433  -  MemoryUsage of job (MB)
	443108  -  ResidentSetSize of job (KB)
...
006 (453.985.000) 2022-04-07 00:16:38 Image size of job updated: 774388
	433  -  MemoryUsage of job (MB)
	443108  -  ResidentSetSize of job (KB)
...
006 (453.985.000) 2022-04-07 01:26:45 Image size of job updated: 774644
	433  -  MemoryUsage of job (MB)
	443108  -  ResidentSetSize of job (KB)
...
006 (453.985.000) 2022-04-07 01:36:46 Image size of job updated: 774900
	433  -  MemoryUsage of job (MB)
	443108  -  ResidentSetSize of job (KB)
...
006 (453.985.000) 2022-04-07 01:46:48 Image size of job updated: 775156
	433  -  MemoryUsage of job (MB)
	443108  -  ResidentSetSize of job (KB)
...
006 (453.985.000) 2022-04-07 01:56:49 Image size of job updated: 775412
	433  -  MemoryUsage of job (MB)
	443108  -  ResidentSetSize of job (KB)
...
006 (453.985.000) 2022-04-07 02:06:50 Image size of job updated: 775668
	433  -  MemoryUsage of job (MB)
	443108  -  ResidentSetSize of job (KB)
...
006 (453.985.000) 2022-04-07 02:16:51 Image size of job updated: 775924
	433  -  MemoryUsage of job (MB)
	443108  -  ResidentSetSize of job (KB)
...
006 (453.985.000) 2022-04-07 02:21:52 Image size of job updated: 776180
	433  -  MemoryUsage of job (MB)
	443108  -  ResidentSetSize of job (KB)
...
006 (453.985.000) 2022-04-07 02:31:53 Image size of job updated: 776436
	433  -  MemoryUsage of job (MB)
	443108  -  ResidentSetSize of job (KB)
...
006 (453.985.000) 2022-04-07 02:36:54 Image size of job updated: 776692
	433  -  MemoryUsage of job (MB)
	443108  -  ResidentSetSize of job (KB)
...
006 (453.985.000) 2022-04-07 02:46:54 Image size of job updated: 776948
	433  -  MemoryUsage of job (MB)
	443108  -  ResidentSetSize of job (KB)
...
006 (453.985.000) 2022-04-07 03:06:57 Image size of job updated: 777204
	433  -  MemoryUsage of job (MB)
	443108  -  ResidentSetSize of job (KB)
...
006 (453.985.000) 2022-04-07 03:21:58 Image size of job updated: 777460
	433  -  MemoryUsage of job (MB)
	443108  -  ResidentSetSize of job (KB)
...
006 (453.985.000) 2022-04-07 03:32:00 Image size of job updated: 777716
	433  -  MemoryUsage of job (MB)
	443108  -  ResidentSetSize of job (KB)
...
006 (453.985.000) 2022-04-07 03:42:01 Image size of job updated: 777972
	433  -  MemoryUsage of job (MB)
	443108  -  ResidentSetSize of job (KB)
...
006 (453.985.000) 2022-04-07 03:47:02 Image size of job updated: 778228
	433  -  MemoryUsage of job (MB)
	443108  -  ResidentSetSize of job (KB)
...
006 (453.985.000) 2022-04-07 03:57:02 Image size of job updated: 778484
	433  -  MemoryUsage of job (MB)
	443108  -  ResidentSetSize of job (KB)
...
006 (453.985.000) 2022-04-07 04:07:04 Image size of job updated: 778740
	433  -  MemoryUsage of job (MB)
	443108  -  ResidentSetSize of job (KB)
...
006 (453.985.000) 2022-04-07 04:17:05 Image size of job updated: 778996
	433  -  MemoryUsage of job (MB)
	443108  -  ResidentSetSize of job (KB)
...
006 (453.985.000) 2022-04-07 04:27:06 Image size of job updated: 779252
	433  -  MemoryUsage of job (MB)
	443108  -  ResidentSetSize of job (KB)
...
006 (453.985.000) 2022-04-07 04:32:06 Image size of job updated: 779508
	433  -  MemoryUsage of job (MB)
	443108  -  ResidentSetSize of job (KB)
...
005 (453.985.000) 2022-04-07 04:41:14 Job terminated.
	(1) Normal termination (return value 0)
		Usr 0 04:32:50, Sys 0 00:01:06  -  Run Remote Usage
		Usr 0 00:00:00, Sys 0 00:00:00  -  Run Local Usage
		Usr 0 04:32:50, Sys 0 00:01:06  -  Total Remote Usage
		Usr 0 00:00:00, Sys 0 00:00:00  -  Total Local Usage
	0  -  Run Bytes Sent By Job
	0  -  Run Bytes Received By Job
	0  -  Total Bytes Sent By Job
	0  -  Total Bytes Received By Job
	Partitionable Resources :    Usage  Request Allocated 
	   Cpus                 :     1.00        1         1 
	   Disk (KB)            :  7500        7500      8604 
	   Memory (MB)          :   433        1024      1024 

	Job terminated of its own accord at 2022-04-07T02:41:13Z with exit-code 0.
...
