000 (453.116.000) 2022-04-05 18:55:37 Job submitted from host: <10.18.24.243:9618?addrs=10.18.24.243-9618&alias=ecoclusts01.bioclust.biologie.ens.fr&noUDP&sock=schedd_1052_29b8>
...
001 (453.116.000) 2022-04-06 05:56:36 Job executing on host: <10.18.24.134:9618?addrs=10.18.24.134-9618&alias=dyoclust07.bioclust.biologie.ens.fr&noUDP&sock=startd_808_cc9c>
...
006 (453.116.000) 2022-04-06 05:56:44 Image size of job updated: 334188
	116  -  MemoryUsage of job (MB)
	118488  -  ResidentSetSize of job (KB)
...
006 (453.116.000) 2022-04-06 06:01:44 Image size of job updated: 741880
	304  -  MemoryUsage of job (MB)
	310952  -  ResidentSetSize of job (KB)
...
006 (453.116.000) 2022-04-06 06:06:45 Image size of job updated: 774648
	317  -  MemoryUsage of job (MB)
	324384  -  ResidentSetSize of job (KB)
...
006 (453.116.000) 2022-04-06 06:31:47 Image size of job updated: 774904
	317  -  MemoryUsage of job (MB)
	324516  -  ResidentSetSize of job (KB)
...
006 (453.116.000) 2022-04-06 06:36:47 Image size of job updated: 775160
	318  -  MemoryUsage of job (MB)
	324648  -  ResidentSetSize of job (KB)
...
006 (453.116.000) 2022-04-06 06:41:48 Image size of job updated: 775160
	318  -  MemoryUsage of job (MB)
	324780  -  ResidentSetSize of job (KB)
...
006 (453.116.000) 2022-04-06 06:46:49 Image size of job updated: 775416
	318  -  MemoryUsage of job (MB)
	325044  -  ResidentSetSize of job (KB)
...
006 (453.116.000) 2022-04-06 06:51:49 Image size of job updated: 775672
	318  -  MemoryUsage of job (MB)
	325176  -  ResidentSetSize of job (KB)
...
006 (453.116.000) 2022-04-06 06:56:49 Image size of job updated: 775672
	318  -  MemoryUsage of job (MB)
	325308  -  ResidentSetSize of job (KB)
...
006 (453.116.000) 2022-04-06 07:01:50 Image size of job updated: 775928
	318  -  MemoryUsage of job (MB)
	325572  -  ResidentSetSize of job (KB)
...
006 (453.116.000) 2022-04-06 07:06:51 Image size of job updated: 776184
	319  -  MemoryUsage of job (MB)
	325704  -  ResidentSetSize of job (KB)
...
006 (453.116.000) 2022-04-06 07:11:51 Image size of job updated: 776440
	319  -  MemoryUsage of job (MB)
	325968  -  ResidentSetSize of job (KB)
...
006 (453.116.000) 2022-04-06 07:16:52 Image size of job updated: 776696
	319  -  MemoryUsage of job (MB)
	326232  -  ResidentSetSize of job (KB)
...
006 (453.116.000) 2022-04-06 07:21:53 Image size of job updated: 776696
	319  -  MemoryUsage of job (MB)
	326364  -  ResidentSetSize of job (KB)
...
006 (453.116.000) 2022-04-06 07:26:53 Image size of job updated: 776952
	319  -  MemoryUsage of job (MB)
	326628  -  ResidentSetSize of job (KB)
...
006 (453.116.000) 2022-04-06 07:41:55 Image size of job updated: 777208
	320  -  MemoryUsage of job (MB)
	326876  -  ResidentSetSize of job (KB)
...
006 (453.116.000) 2022-04-06 07:46:55 Image size of job updated: 777464
	320  -  MemoryUsage of job (MB)
	327008  -  ResidentSetSize of job (KB)
...
006 (453.116.000) 2022-04-06 07:51:55 Image size of job updated: 777720
	320  -  MemoryUsage of job (MB)
	327272  -  ResidentSetSize of job (KB)
...
006 (453.116.000) 2022-04-06 07:56:56 Image size of job updated: 777720
	320  -  MemoryUsage of job (MB)
	327404  -  ResidentSetSize of job (KB)
...
006 (453.116.000) 2022-04-06 08:01:56 Image size of job updated: 777976
	320  -  MemoryUsage of job (MB)
	327536  -  ResidentSetSize of job (KB)
...
006 (453.116.000) 2022-04-06 08:06:56 Image size of job updated: 778232
	321  -  MemoryUsage of job (MB)
	327800  -  ResidentSetSize of job (KB)
...
006 (453.116.000) 2022-04-06 08:11:57 Image size of job updated: 778232
	321  -  MemoryUsage of job (MB)
	327932  -  ResidentSetSize of job (KB)
...
006 (453.116.000) 2022-04-06 08:16:58 Image size of job updated: 778488
	321  -  MemoryUsage of job (MB)
	328196  -  ResidentSetSize of job (KB)
...
006 (453.116.000) 2022-04-06 08:21:58 Image size of job updated: 778744
	321  -  MemoryUsage of job (MB)
	328328  -  ResidentSetSize of job (KB)
...
006 (453.116.000) 2022-04-06 08:26:58 Image size of job updated: 779000
	321  -  MemoryUsage of job (MB)
	328460  -  ResidentSetSize of job (KB)
...
006 (453.116.000) 2022-04-06 08:31:59 Image size of job updated: 779000
	322  -  MemoryUsage of job (MB)
	328724  -  ResidentSetSize of job (KB)
...
006 (453.116.000) 2022-04-06 08:36:59 Image size of job updated: 779256
	322  -  MemoryUsage of job (MB)
	328856  -  ResidentSetSize of job (KB)
...
006 (453.116.000) 2022-04-06 08:41:59 Image size of job updated: 779512
	322  -  MemoryUsage of job (MB)
	328988  -  ResidentSetSize of job (KB)
...
006 (453.116.000) 2022-04-06 08:47:00 Image size of job updated: 779512
	322  -  MemoryUsage of job (MB)
	329252  -  ResidentSetSize of job (KB)
...
006 (453.116.000) 2022-04-06 08:48:12 Image size of job updated: 779768
	322  -  MemoryUsage of job (MB)
	329252  -  ResidentSetSize of job (KB)
...
005 (453.116.000) 2022-04-06 08:48:12 Job terminated.
	(1) Normal termination (return value 0)
		Usr 0 02:51:02, Sys 0 00:00:24  -  Run Remote Usage
		Usr 0 00:00:00, Sys 0 00:00:00  -  Run Local Usage
		Usr 0 02:51:02, Sys 0 00:00:24  -  Total Remote Usage
		Usr 0 00:00:00, Sys 0 00:00:00  -  Total Local Usage
	0  -  Run Bytes Sent By Job
	0  -  Run Bytes Received By Job
	0  -  Total Bytes Sent By Job
	0  -  Total Bytes Received By Job
	Partitionable Resources :    Usage  Request Allocated 
	   Cpus                 :     1.00        1         1 
	   Disk (KB)            :  7500        7500     10998 
	   Memory (MB)          :   322        1024      1024 

	Job terminated of its own accord at 2022-04-06T06:48:12Z with exit-code 0.
...
