000 (453.807.000) 2022-04-05 18:55:40 Job submitted from host: <10.18.24.243:9618?addrs=10.18.24.243-9618&alias=ecoclusts01.bioclust.biologie.ens.fr&noUDP&sock=schedd_1052_29b8>
...
001 (453.807.000) 2022-04-06 18:14:54 Job executing on host: <10.18.24.109:9618?addrs=10.18.24.109-9618&alias=ecoclust14.bioclust.biologie.ens.fr&noUDP&sock=startd_917_906f>
...
006 (453.807.000) 2022-04-06 18:15:03 Image size of job updated: 97920
	96  -  MemoryUsage of job (MB)
	97920  -  ResidentSetSize of job (KB)
...
006 (453.807.000) 2022-04-06 18:20:04 Image size of job updated: 741624
	317  -  MemoryUsage of job (MB)
	324084  -  ResidentSetSize of job (KB)
...
006 (453.807.000) 2022-04-06 18:35:06 Image size of job updated: 774392
	317  -  MemoryUsage of job (MB)
	324084  -  ResidentSetSize of job (KB)
...
006 (453.807.000) 2022-04-06 19:20:10 Image size of job updated: 774392
	317  -  MemoryUsage of job (MB)
	324216  -  ResidentSetSize of job (KB)
...
006 (453.807.000) 2022-04-06 19:25:11 Image size of job updated: 774648
	317  -  MemoryUsage of job (MB)
	324216  -  ResidentSetSize of job (KB)
...
006 (453.807.000) 2022-04-06 19:30:11 Image size of job updated: 774648
	317  -  MemoryUsage of job (MB)
	324348  -  ResidentSetSize of job (KB)
...
006 (453.807.000) 2022-04-06 19:35:11 Image size of job updated: 774904
	317  -  MemoryUsage of job (MB)
	324480  -  ResidentSetSize of job (KB)
...
006 (453.807.000) 2022-04-06 19:45:12 Image size of job updated: 774904
	318  -  MemoryUsage of job (MB)
	324612  -  ResidentSetSize of job (KB)
...
006 (453.807.000) 2022-04-06 19:55:13 Image size of job updated: 775160
	318  -  MemoryUsage of job (MB)
	324612  -  ResidentSetSize of job (KB)
...
006 (453.807.000) 2022-04-06 20:00:14 Image size of job updated: 775160
	318  -  MemoryUsage of job (MB)
	324744  -  ResidentSetSize of job (KB)
...
006 (453.807.000) 2022-04-06 20:10:15 Image size of job updated: 775160
	318  -  MemoryUsage of job (MB)
	324876  -  ResidentSetSize of job (KB)
...
006 (453.807.000) 2022-04-06 20:15:16 Image size of job updated: 775416
	318  -  MemoryUsage of job (MB)
	324876  -  ResidentSetSize of job (KB)
...
006 (453.807.000) 2022-04-06 20:20:16 Image size of job updated: 775416
	318  -  MemoryUsage of job (MB)
	325008  -  ResidentSetSize of job (KB)
...
006 (453.807.000) 2022-04-06 20:30:18 Image size of job updated: 775416
	318  -  MemoryUsage of job (MB)
	325140  -  ResidentSetSize of job (KB)
...
006 (453.807.000) 2022-04-06 20:35:18 Image size of job updated: 775672
	318  -  MemoryUsage of job (MB)
	325140  -  ResidentSetSize of job (KB)
...
006 (453.807.000) 2022-04-06 20:40:19 Image size of job updated: 775672
	318  -  MemoryUsage of job (MB)
	325272  -  ResidentSetSize of job (KB)
...
006 (453.807.000) 2022-04-06 20:50:20 Image size of job updated: 775672
	318  -  MemoryUsage of job (MB)
	325404  -  ResidentSetSize of job (KB)
...
006 (453.807.000) 2022-04-06 20:55:21 Image size of job updated: 775928
	318  -  MemoryUsage of job (MB)
	325536  -  ResidentSetSize of job (KB)
...
006 (453.807.000) 2022-04-06 21:05:22 Image size of job updated: 775928
	319  -  MemoryUsage of job (MB)
	325668  -  ResidentSetSize of job (KB)
...
006 (453.807.000) 2022-04-06 21:15:23 Image size of job updated: 776184
	319  -  MemoryUsage of job (MB)
	325668  -  ResidentSetSize of job (KB)
...
006 (453.807.000) 2022-04-06 21:20:23 Image size of job updated: 776184
	319  -  MemoryUsage of job (MB)
	325800  -  ResidentSetSize of job (KB)
...
006 (453.807.000) 2022-04-06 21:25:23 Image size of job updated: 776184
	319  -  MemoryUsage of job (MB)
	325932  -  ResidentSetSize of job (KB)
...
006 (453.807.000) 2022-04-06 21:30:24 Image size of job updated: 776440
	319  -  MemoryUsage of job (MB)
	325932  -  ResidentSetSize of job (KB)
...
006 (453.807.000) 2022-04-06 21:35:25 Image size of job updated: 776440
	319  -  MemoryUsage of job (MB)
	326064  -  ResidentSetSize of job (KB)
...
006 (453.807.000) 2022-04-06 21:45:26 Image size of job updated: 776440
	319  -  MemoryUsage of job (MB)
	326196  -  ResidentSetSize of job (KB)
...
006 (453.807.000) 2022-04-06 21:50:27 Image size of job updated: 776696
	319  -  MemoryUsage of job (MB)
	326196  -  ResidentSetSize of job (KB)
...
006 (453.807.000) 2022-04-06 21:55:27 Image size of job updated: 776696
	319  -  MemoryUsage of job (MB)
	326328  -  ResidentSetSize of job (KB)
...
006 (453.807.000) 2022-04-06 22:05:28 Image size of job updated: 776952
	319  -  MemoryUsage of job (MB)
	326460  -  ResidentSetSize of job (KB)
...
006 (453.807.000) 2022-04-06 22:15:28 Image size of job updated: 776952
	319  -  MemoryUsage of job (MB)
	326592  -  ResidentSetSize of job (KB)
...
006 (453.807.000) 2022-04-06 22:55:32 Image size of job updated: 776952
	320  -  MemoryUsage of job (MB)
	326724  -  ResidentSetSize of job (KB)
...
006 (453.807.000) 2022-04-06 23:00:32 Image size of job updated: 777208
	320  -  MemoryUsage of job (MB)
	326724  -  ResidentSetSize of job (KB)
...
006 (453.807.000) 2022-04-06 23:10:33 Image size of job updated: 777208
	320  -  MemoryUsage of job (MB)
	326856  -  ResidentSetSize of job (KB)
...
006 (453.807.000) 2022-04-06 23:20:34 Image size of job updated: 777208
	320  -  MemoryUsage of job (MB)
	326988  -  ResidentSetSize of job (KB)
...
006 (453.807.000) 2022-04-06 23:25:34 Image size of job updated: 777464
	320  -  MemoryUsage of job (MB)
	326988  -  ResidentSetSize of job (KB)
...
006 (453.807.000) 2022-04-06 23:35:35 Image size of job updated: 777464
	320  -  MemoryUsage of job (MB)
	327120  -  ResidentSetSize of job (KB)
...
006 (453.807.000) 2022-04-06 23:50:36 Image size of job updated: 777720
	320  -  MemoryUsage of job (MB)
	327252  -  ResidentSetSize of job (KB)
...
006 (453.807.000) 2022-04-07 00:00:36 Image size of job updated: 777720
	320  -  MemoryUsage of job (MB)
	327384  -  ResidentSetSize of job (KB)
...
006 (453.807.000) 2022-04-07 00:15:37 Image size of job updated: 777976
	320  -  MemoryUsage of job (MB)
	327516  -  ResidentSetSize of job (KB)
...
006 (453.807.000) 2022-04-07 00:25:38 Image size of job updated: 777976
	320  -  MemoryUsage of job (MB)
	327648  -  ResidentSetSize of job (KB)
...
006 (453.807.000) 2022-04-07 00:40:39 Image size of job updated: 778232
	321  -  MemoryUsage of job (MB)
	327780  -  ResidentSetSize of job (KB)
...
006 (453.807.000) 2022-04-07 00:55:40 Image size of job updated: 778232
	321  -  MemoryUsage of job (MB)
	327912  -  ResidentSetSize of job (KB)
...
006 (453.807.000) 2022-04-07 01:05:41 Image size of job updated: 778488
	321  -  MemoryUsage of job (MB)
	328044  -  ResidentSetSize of job (KB)
...
006 (453.807.000) 2022-04-07 01:15:42 Image size of job updated: 778488
	321  -  MemoryUsage of job (MB)
	328176  -  ResidentSetSize of job (KB)
...
006 (453.807.000) 2022-04-07 01:25:43 Image size of job updated: 778744
	321  -  MemoryUsage of job (MB)
	328308  -  ResidentSetSize of job (KB)
...
006 (453.807.000) 2022-04-07 01:35:46 Image size of job updated: 778744
	321  -  MemoryUsage of job (MB)
	328440  -  ResidentSetSize of job (KB)
...
006 (453.807.000) 2022-04-07 01:45:47 Image size of job updated: 779000
	321  -  MemoryUsage of job (MB)
	328572  -  ResidentSetSize of job (KB)
...
006 (453.807.000) 2022-04-07 01:55:48 Image size of job updated: 779000
	321  -  MemoryUsage of job (MB)
	328704  -  ResidentSetSize of job (KB)
...
006 (453.807.000) 2022-04-07 02:05:49 Image size of job updated: 779256
	322  -  MemoryUsage of job (MB)
	328836  -  ResidentSetSize of job (KB)
...
006 (453.807.000) 2022-04-07 02:15:50 Image size of job updated: 779256
	322  -  MemoryUsage of job (MB)
	328968  -  ResidentSetSize of job (KB)
...
006 (453.807.000) 2022-04-07 02:25:52 Image size of job updated: 779512
	322  -  MemoryUsage of job (MB)
	329100  -  ResidentSetSize of job (KB)
...
006 (453.807.000) 2022-04-07 02:35:53 Image size of job updated: 779512
	322  -  MemoryUsage of job (MB)
	329232  -  ResidentSetSize of job (KB)
...
006 (453.807.000) 2022-04-07 02:40:54 Image size of job updated: 779768
	322  -  MemoryUsage of job (MB)
	329232  -  ResidentSetSize of job (KB)
...
005 (453.807.000) 2022-04-07 02:43:21 Job terminated.
	(1) Normal termination (return value 0)
		Usr 0 08:23:20, Sys 0 00:00:32  -  Run Remote Usage
		Usr 0 00:00:00, Sys 0 00:00:00  -  Run Local Usage
		Usr 0 08:23:20, Sys 0 00:00:32  -  Total Remote Usage
		Usr 0 00:00:00, Sys 0 00:00:00  -  Total Local Usage
	0  -  Run Bytes Sent By Job
	0  -  Run Bytes Received By Job
	0  -  Total Bytes Sent By Job
	0  -  Total Bytes Received By Job
	Partitionable Resources :    Usage  Request Allocated 
	   Cpus                 :     1.00        1         1 
	   Disk (KB)            :  7500        7500     10998 
	   Memory (MB)          :   322        1024      1024 

	Job terminated of its own accord at 2022-04-07T00:43:21Z with exit-code 0.
...
