000 (453.732.000) 2022-04-05 18:55:39 Job submitted from host: <10.18.24.243:9618?addrs=10.18.24.243-9618&alias=ecoclusts01.bioclust.biologie.ens.fr&noUDP&sock=schedd_1052_29b8>
...
001 (453.732.000) 2022-04-06 16:31:56 Job executing on host: <10.18.24.1:9618?addrs=10.18.24.1-9618&alias=bioclust01.bioclust.biologie.ens.fr&noUDP&sock=startd_2562081_0a2b>
...
006 (453.732.000) 2022-04-06 16:32:05 Image size of job updated: 601356
	417  -  MemoryUsage of job (MB)
	426928  -  ResidentSetSize of job (KB)
...
006 (453.732.000) 2022-04-06 16:37:06 Image size of job updated: 741620
	417  -  MemoryUsage of job (MB)
	426928  -  ResidentSetSize of job (KB)
...
006 (453.732.000) 2022-04-06 16:42:07 Image size of job updated: 774388
	417  -  MemoryUsage of job (MB)
	426928  -  ResidentSetSize of job (KB)
...
006 (453.732.000) 2022-04-06 17:57:14 Image size of job updated: 774644
	417  -  MemoryUsage of job (MB)
	426928  -  ResidentSetSize of job (KB)
...
006 (453.732.000) 2022-04-06 19:17:23 Image size of job updated: 774900
	417  -  MemoryUsage of job (MB)
	426928  -  ResidentSetSize of job (KB)
...
006 (453.732.000) 2022-04-06 20:32:30 Image size of job updated: 775156
	417  -  MemoryUsage of job (MB)
	426928  -  ResidentSetSize of job (KB)
...
006 (453.732.000) 2022-04-06 22:07:39 Image size of job updated: 775412
	417  -  MemoryUsage of job (MB)
	426928  -  ResidentSetSize of job (KB)
...
006 (453.732.000) 2022-04-06 23:22:46 Image size of job updated: 775668
	417  -  MemoryUsage of job (MB)
	426928  -  ResidentSetSize of job (KB)
...
006 (453.732.000) 2022-04-07 00:42:54 Image size of job updated: 775924
	417  -  MemoryUsage of job (MB)
	426928  -  ResidentSetSize of job (KB)
...
006 (453.732.000) 2022-04-07 01:58:03 Image size of job updated: 776180
	417  -  MemoryUsage of job (MB)
	426928  -  ResidentSetSize of job (KB)
...
006 (453.732.000) 2022-04-07 03:33:14 Image size of job updated: 776436
	417  -  MemoryUsage of job (MB)
	426928  -  ResidentSetSize of job (KB)
...
006 (453.732.000) 2022-04-07 04:48:22 Image size of job updated: 776692
	417  -  MemoryUsage of job (MB)
	426928  -  ResidentSetSize of job (KB)
...
006 (453.732.000) 2022-04-07 06:08:31 Image size of job updated: 776948
	417  -  MemoryUsage of job (MB)
	426928  -  ResidentSetSize of job (KB)
...
006 (453.732.000) 2022-04-07 09:08:49 Image size of job updated: 777204
	417  -  MemoryUsage of job (MB)
	426928  -  ResidentSetSize of job (KB)
...
006 (453.732.000) 2022-04-07 10:54:00 Image size of job updated: 777460
	417  -  MemoryUsage of job (MB)
	426928  -  ResidentSetSize of job (KB)
...
006 (453.732.000) 2022-04-07 12:24:09 Image size of job updated: 777716
	417  -  MemoryUsage of job (MB)
	426928  -  ResidentSetSize of job (KB)
...
006 (453.732.000) 2022-04-07 13:44:16 Image size of job updated: 777972
	417  -  MemoryUsage of job (MB)
	426928  -  ResidentSetSize of job (KB)
...
006 (453.732.000) 2022-04-07 15:34:26 Image size of job updated: 778228
	417  -  MemoryUsage of job (MB)
	426928  -  ResidentSetSize of job (KB)
...
006 (453.732.000) 2022-04-07 16:54:36 Image size of job updated: 778484
	417  -  MemoryUsage of job (MB)
	426928  -  ResidentSetSize of job (KB)
...
006 (453.732.000) 2022-04-07 18:24:46 Image size of job updated: 778740
	417  -  MemoryUsage of job (MB)
	426928  -  ResidentSetSize of job (KB)
...
006 (453.732.000) 2022-04-07 19:59:56 Image size of job updated: 778996
	417  -  MemoryUsage of job (MB)
	426928  -  ResidentSetSize of job (KB)
...
006 (453.732.000) 2022-04-07 21:40:07 Image size of job updated: 779252
	417  -  MemoryUsage of job (MB)
	426928  -  ResidentSetSize of job (KB)
...
006 (453.732.000) 2022-04-07 23:00:17 Image size of job updated: 779508
	417  -  MemoryUsage of job (MB)
	426928  -  ResidentSetSize of job (KB)
...
006 (453.732.000) 2022-04-08 00:45:28 Image size of job updated: 779764
	417  -  MemoryUsage of job (MB)
	426928  -  ResidentSetSize of job (KB)
...
005 (453.732.000) 2022-04-08 00:53:54 Job terminated.
	(1) Normal termination (return value 0)
		Usr 1 08:12:16, Sys 0 00:05:00  -  Run Remote Usage
		Usr 0 00:00:00, Sys 0 00:00:00  -  Run Local Usage
		Usr 1 08:12:16, Sys 0 00:05:00  -  Total Remote Usage
		Usr 0 00:00:00, Sys 0 00:00:00  -  Total Local Usage
	0  -  Run Bytes Sent By Job
	0  -  Run Bytes Received By Job
	0  -  Total Bytes Sent By Job
	0  -  Total Bytes Received By Job
	Partitionable Resources :    Usage  Request Allocated 
	   Cpus                 :     1.00        1         1 
	   Disk (KB)            :  7500        7500      8604 
	   Memory (MB)          :   417        1024      1024 

	Job terminated of its own accord at 2022-04-07T22:53:54Z with exit-code 0.
...
