000 (453.698.000) 2022-04-05 18:55:39 Job submitted from host: <10.18.24.243:9618?addrs=10.18.24.243-9618&alias=ecoclusts01.bioclust.biologie.ens.fr&noUDP&sock=schedd_1052_29b8>
...
001 (453.698.000) 2022-04-06 15:49:55 Job executing on host: <10.18.24.177:9618?addrs=10.18.24.177-9618&alias=mcbsclust06.bioclust.biologie.ens.fr&noUDP&sock=startd_945_c516>
...
006 (453.698.000) 2022-04-06 15:50:03 Image size of job updated: 319424
	312  -  MemoryUsage of job (MB)
	319424  -  ResidentSetSize of job (KB)
...
006 (453.698.000) 2022-04-06 15:55:03 Image size of job updated: 845680
	313  -  MemoryUsage of job (MB)
	319556  -  ResidentSetSize of job (KB)
...
005 (453.698.000) 2022-04-06 15:59:28 Job terminated.
	(1) Normal termination (return value 0)
		Usr 0 00:09:15, Sys 0 00:00:12  -  Run Remote Usage
		Usr 0 00:00:00, Sys 0 00:00:00  -  Run Local Usage
		Usr 0 00:09:15, Sys 0 00:00:12  -  Total Remote Usage
		Usr 0 00:00:00, Sys 0 00:00:00  -  Total Local Usage
	0  -  Run Bytes Sent By Job
	0  -  Run Bytes Received By Job
	0  -  Total Bytes Sent By Job
	0  -  Total Bytes Received By Job
	Partitionable Resources :    Usage  Request Allocated 
	   Cpus                 :     1.00        1         1 
	   Disk (KB)            :  7500        7500     10998 
	   Memory (MB)          :   313        1024      1024 

	Job terminated of its own accord at 2022-04-06T13:59:28Z with exit-code 0.
...
