000 (453.154.000) 2022-04-05 18:55:37 Job submitted from host: <10.18.24.243:9618?addrs=10.18.24.243-9618&alias=ecoclusts01.bioclust.biologie.ens.fr&noUDP&sock=schedd_1052_29b8>
...
001 (453.154.000) 2022-04-06 06:19:01 Job executing on host: <10.18.24.138:9618?addrs=10.18.24.138-9618&alias=dyoclust11.bioclust.biologie.ens.fr&noUDP&sock=startd_801_ff73>
...
006 (453.154.000) 2022-04-06 06:19:10 Image size of job updated: 212044
	64  -  MemoryUsage of job (MB)
	64908  -  ResidentSetSize of job (KB)
...
006 (453.154.000) 2022-04-06 06:24:10 Image size of job updated: 829132
	317  -  MemoryUsage of job (MB)
	324308  -  ResidentSetSize of job (KB)
...
006 (453.154.000) 2022-04-06 06:34:12 Image size of job updated: 829132
	317  -  MemoryUsage of job (MB)
	324440  -  ResidentSetSize of job (KB)
...
006 (453.154.000) 2022-04-06 07:29:17 Image size of job updated: 829132
	317  -  MemoryUsage of job (MB)
	324572  -  ResidentSetSize of job (KB)
...
006 (453.154.000) 2022-04-06 07:34:18 Image size of job updated: 829132
	318  -  MemoryUsage of job (MB)
	324836  -  ResidentSetSize of job (KB)
...
006 (453.154.000) 2022-04-06 07:39:19 Image size of job updated: 829132
	318  -  MemoryUsage of job (MB)
	324968  -  ResidentSetSize of job (KB)
...
006 (453.154.000) 2022-04-06 07:44:19 Image size of job updated: 829132
	318  -  MemoryUsage of job (MB)
	325232  -  ResidentSetSize of job (KB)
...
006 (453.154.000) 2022-04-06 07:49:19 Image size of job updated: 829132
	318  -  MemoryUsage of job (MB)
	325364  -  ResidentSetSize of job (KB)
...
006 (453.154.000) 2022-04-06 07:54:20 Image size of job updated: 829132
	318  -  MemoryUsage of job (MB)
	325628  -  ResidentSetSize of job (KB)
...
006 (453.154.000) 2022-04-06 07:59:21 Image size of job updated: 829132
	319  -  MemoryUsage of job (MB)
	325760  -  ResidentSetSize of job (KB)
...
006 (453.154.000) 2022-04-06 08:04:21 Image size of job updated: 829132
	319  -  MemoryUsage of job (MB)
	326024  -  ResidentSetSize of job (KB)
...
006 (453.154.000) 2022-04-06 08:09:22 Image size of job updated: 829132
	319  -  MemoryUsage of job (MB)
	326288  -  ResidentSetSize of job (KB)
...
006 (453.154.000) 2022-04-06 08:14:23 Image size of job updated: 829132
	319  -  MemoryUsage of job (MB)
	326420  -  ResidentSetSize of job (KB)
...
006 (453.154.000) 2022-04-06 08:19:23 Image size of job updated: 829132
	319  -  MemoryUsage of job (MB)
	326552  -  ResidentSetSize of job (KB)
...
006 (453.154.000) 2022-04-06 08:29:24 Image size of job updated: 829132
	320  -  MemoryUsage of job (MB)
	326816  -  ResidentSetSize of job (KB)
...
006 (453.154.000) 2022-04-06 08:34:24 Image size of job updated: 829132
	320  -  MemoryUsage of job (MB)
	326948  -  ResidentSetSize of job (KB)
...
006 (453.154.000) 2022-04-06 08:39:24 Image size of job updated: 829132
	320  -  MemoryUsage of job (MB)
	327080  -  ResidentSetSize of job (KB)
...
006 (453.154.000) 2022-04-06 08:44:25 Image size of job updated: 829132
	320  -  MemoryUsage of job (MB)
	327344  -  ResidentSetSize of job (KB)
...
006 (453.154.000) 2022-04-06 08:49:26 Image size of job updated: 829132
	320  -  MemoryUsage of job (MB)
	327608  -  ResidentSetSize of job (KB)
...
006 (453.154.000) 2022-04-06 08:54:26 Image size of job updated: 829132
	321  -  MemoryUsage of job (MB)
	327740  -  ResidentSetSize of job (KB)
...
006 (453.154.000) 2022-04-06 08:59:27 Image size of job updated: 829132
	321  -  MemoryUsage of job (MB)
	328004  -  ResidentSetSize of job (KB)
...
006 (453.154.000) 2022-04-06 09:04:28 Image size of job updated: 829132
	321  -  MemoryUsage of job (MB)
	328136  -  ResidentSetSize of job (KB)
...
006 (453.154.000) 2022-04-06 09:09:28 Image size of job updated: 829132
	321  -  MemoryUsage of job (MB)
	328400  -  ResidentSetSize of job (KB)
...
006 (453.154.000) 2022-04-06 09:14:29 Image size of job updated: 829132
	321  -  MemoryUsage of job (MB)
	328532  -  ResidentSetSize of job (KB)
...
006 (453.154.000) 2022-04-06 09:19:30 Image size of job updated: 829132
	322  -  MemoryUsage of job (MB)
	328796  -  ResidentSetSize of job (KB)
...
006 (453.154.000) 2022-04-06 09:24:30 Image size of job updated: 829132
	322  -  MemoryUsage of job (MB)
	328928  -  ResidentSetSize of job (KB)
...
006 (453.154.000) 2022-04-06 09:29:30 Image size of job updated: 829132
	322  -  MemoryUsage of job (MB)
	329192  -  ResidentSetSize of job (KB)
...
005 (453.154.000) 2022-04-06 09:32:27 Job terminated.
	(1) Normal termination (return value 0)
		Usr 0 03:10:02, Sys 0 00:01:02  -  Run Remote Usage
		Usr 0 00:00:00, Sys 0 00:00:00  -  Run Local Usage
		Usr 0 03:10:02, Sys 0 00:01:02  -  Total Remote Usage
		Usr 0 00:00:00, Sys 0 00:00:00  -  Total Local Usage
	0  -  Run Bytes Sent By Job
	0  -  Run Bytes Received By Job
	0  -  Total Bytes Sent By Job
	0  -  Total Bytes Received By Job
	Partitionable Resources :    Usage  Request Allocated 
	   Cpus                 :     1.00        1         1 
	   Disk (KB)            :  7500        7500     10998 
	   Memory (MB)          :   322        1024      1024 

	Job terminated of its own accord at 2022-04-06T07:32:27Z with exit-code 0.
...
