000 (453.467.000) 2022-04-05 18:55:38 Job submitted from host: <10.18.24.243:9618?addrs=10.18.24.243-9618&alias=ecoclusts01.bioclust.biologie.ens.fr&noUDP&sock=schedd_1052_29b8>
...
001 (453.467.000) 2022-04-06 11:15:58 Job executing on host: <10.18.24.130:9618?addrs=10.18.24.130-9618&alias=dyoclust03.bioclust.biologie.ens.fr&noUDP&sock=startd_813_3a96>
...
006 (453.467.000) 2022-04-06 11:16:07 Image size of job updated: 88388
	87  -  MemoryUsage of job (MB)
	88388  -  ResidentSetSize of job (KB)
...
006 (453.467.000) 2022-04-06 11:21:07 Image size of job updated: 741880
	317  -  MemoryUsage of job (MB)
	324376  -  ResidentSetSize of job (KB)
...
006 (453.467.000) 2022-04-06 11:26:08 Image size of job updated: 774648
	317  -  MemoryUsage of job (MB)
	324376  -  ResidentSetSize of job (KB)
...
006 (453.467.000) 2022-04-06 11:56:11 Image size of job updated: 774904
	317  -  MemoryUsage of job (MB)
	324508  -  ResidentSetSize of job (KB)
...
006 (453.467.000) 2022-04-06 12:01:11 Image size of job updated: 775160
	318  -  MemoryUsage of job (MB)
	324772  -  ResidentSetSize of job (KB)
...
006 (453.467.000) 2022-04-06 12:06:12 Image size of job updated: 775416
	318  -  MemoryUsage of job (MB)
	325036  -  ResidentSetSize of job (KB)
...
006 (453.467.000) 2022-04-06 12:11:13 Image size of job updated: 775672
	318  -  MemoryUsage of job (MB)
	325300  -  ResidentSetSize of job (KB)
...
006 (453.467.000) 2022-04-06 12:16:13 Image size of job updated: 775928
	318  -  MemoryUsage of job (MB)
	325564  -  ResidentSetSize of job (KB)
...
006 (453.467.000) 2022-04-06 12:21:13 Image size of job updated: 776184
	319  -  MemoryUsage of job (MB)
	325696  -  ResidentSetSize of job (KB)
...
006 (453.467.000) 2022-04-06 12:26:14 Image size of job updated: 776440
	319  -  MemoryUsage of job (MB)
	325960  -  ResidentSetSize of job (KB)
...
006 (453.467.000) 2022-04-06 12:31:15 Image size of job updated: 776696
	319  -  MemoryUsage of job (MB)
	326224  -  ResidentSetSize of job (KB)
...
006 (453.467.000) 2022-04-06 12:36:15 Image size of job updated: 776952
	319  -  MemoryUsage of job (MB)
	326488  -  ResidentSetSize of job (KB)
...
006 (453.467.000) 2022-04-06 12:46:16 Image size of job updated: 776952
	319  -  MemoryUsage of job (MB)
	326596  -  ResidentSetSize of job (KB)
...
006 (453.467.000) 2022-04-06 12:51:17 Image size of job updated: 777208
	320  -  MemoryUsage of job (MB)
	326860  -  ResidentSetSize of job (KB)
...
006 (453.467.000) 2022-04-06 12:56:17 Image size of job updated: 777464
	320  -  MemoryUsage of job (MB)
	327124  -  ResidentSetSize of job (KB)
...
006 (453.467.000) 2022-04-06 13:01:17 Image size of job updated: 777720
	320  -  MemoryUsage of job (MB)
	327256  -  ResidentSetSize of job (KB)
...
006 (453.467.000) 2022-04-06 13:06:18 Image size of job updated: 777976
	320  -  MemoryUsage of job (MB)
	327520  -  ResidentSetSize of job (KB)
...
006 (453.467.000) 2022-04-06 13:11:19 Image size of job updated: 778232
	321  -  MemoryUsage of job (MB)
	327784  -  ResidentSetSize of job (KB)
...
006 (453.467.000) 2022-04-06 13:16:19 Image size of job updated: 778488
	321  -  MemoryUsage of job (MB)
	327916  -  ResidentSetSize of job (KB)
...
006 (453.467.000) 2022-04-06 13:21:19 Image size of job updated: 778488
	321  -  MemoryUsage of job (MB)
	328180  -  ResidentSetSize of job (KB)
...
006 (453.467.000) 2022-04-06 13:26:19 Image size of job updated: 778744
	321  -  MemoryUsage of job (MB)
	328444  -  ResidentSetSize of job (KB)
...
006 (453.467.000) 2022-04-06 13:31:20 Image size of job updated: 779000
	321  -  MemoryUsage of job (MB)
	328576  -  ResidentSetSize of job (KB)
...
006 (453.467.000) 2022-04-06 13:36:21 Image size of job updated: 779256
	322  -  MemoryUsage of job (MB)
	328840  -  ResidentSetSize of job (KB)
...
006 (453.467.000) 2022-04-06 13:41:21 Image size of job updated: 779512
	322  -  MemoryUsage of job (MB)
	329104  -  ResidentSetSize of job (KB)
...
006 (453.467.000) 2022-04-06 13:45:55 Image size of job updated: 779768
	322  -  MemoryUsage of job (MB)
	329104  -  ResidentSetSize of job (KB)
...
005 (453.467.000) 2022-04-06 13:45:55 Job terminated.
	(1) Normal termination (return value 0)
		Usr 0 02:29:29, Sys 0 00:00:21  -  Run Remote Usage
		Usr 0 00:00:00, Sys 0 00:00:00  -  Run Local Usage
		Usr 0 02:29:29, Sys 0 00:00:21  -  Total Remote Usage
		Usr 0 00:00:00, Sys 0 00:00:00  -  Total Local Usage
	0  -  Run Bytes Sent By Job
	0  -  Run Bytes Received By Job
	0  -  Total Bytes Sent By Job
	0  -  Total Bytes Received By Job
	Partitionable Resources :    Usage  Request Allocated 
	   Cpus                 :     1.00        1         1 
	   Disk (KB)            :  7500        7500     10998 
	   Memory (MB)          :   322        1024      1024 

	Job terminated of its own accord at 2022-04-06T11:45:55Z with exit-code 0.
...
