000 (453.398.000) 2022-04-05 18:55:38 Job submitted from host: <10.18.24.243:9618?addrs=10.18.24.243-9618&alias=ecoclusts01.bioclust.biologie.ens.fr&noUDP&sock=schedd_1052_29b8>
...
001 (453.398.000) 2022-04-06 09:52:52 Job executing on host: <10.18.24.137:9618?addrs=10.18.24.137-9618&alias=dyoclust10.bioclust.biologie.ens.fr&noUDP&sock=startd_830_e3b2>
...
006 (453.398.000) 2022-04-06 09:53:01 Image size of job updated: 149780
	111  -  MemoryUsage of job (MB)
	112848  -  ResidentSetSize of job (KB)
...
006 (453.398.000) 2022-04-06 09:58:02 Image size of job updated: 741624
	317  -  MemoryUsage of job (MB)
	324116  -  ResidentSetSize of job (KB)
...
005 (453.398.000) 2022-04-06 10:01:05 Job terminated.
	(1) Normal termination (return value 0)
		Usr 0 00:07:11, Sys 0 00:00:47  -  Run Remote Usage
		Usr 0 00:00:00, Sys 0 00:00:00  -  Run Local Usage
		Usr 0 00:07:11, Sys 0 00:00:47  -  Total Remote Usage
		Usr 0 00:00:00, Sys 0 00:00:00  -  Total Local Usage
	0  -  Run Bytes Sent By Job
	0  -  Run Bytes Received By Job
	0  -  Total Bytes Sent By Job
	0  -  Total Bytes Received By Job
	Partitionable Resources :    Usage  Request Allocated 
	   Cpus                 :     1.00        1         1 
	   Disk (KB)            :  7500        7500     10999 
	   Memory (MB)          :   317        1024      1024 

	Job terminated of its own accord at 2022-04-06T08:01:05Z with exit-code 0.
...
