000 (453.433.000) 2022-04-05 18:55:38 Job submitted from host: <10.18.24.243:9618?addrs=10.18.24.243-9618&alias=ecoclusts01.bioclust.biologie.ens.fr&noUDP&sock=schedd_1052_29b8>
...
001 (453.433.000) 2022-04-06 10:28:02 Job executing on host: <10.18.24.109:9618?addrs=10.18.24.109-9618&alias=ecoclust14.bioclust.biologie.ens.fr&noUDP&sock=startd_917_906f>
...
006 (453.433.000) 2022-04-06 10:28:10 Image size of job updated: 225960
	65  -  MemoryUsage of job (MB)
	65552  -  ResidentSetSize of job (KB)
...
006 (453.433.000) 2022-04-06 10:33:10 Image size of job updated: 741624
	317  -  MemoryUsage of job (MB)
	323976  -  ResidentSetSize of job (KB)
...
006 (453.433.000) 2022-04-06 10:38:11 Image size of job updated: 741624
	317  -  MemoryUsage of job (MB)
	324064  -  ResidentSetSize of job (KB)
...
006 (453.433.000) 2022-04-06 10:43:11 Image size of job updated: 774392
	317  -  MemoryUsage of job (MB)
	324064  -  ResidentSetSize of job (KB)
...
006 (453.433.000) 2022-04-06 14:18:35 Image size of job updated: 774648
	317  -  MemoryUsage of job (MB)
	324064  -  ResidentSetSize of job (KB)
...
006 (453.433.000) 2022-04-06 14:48:38 Image size of job updated: 774648
	317  -  MemoryUsage of job (MB)
	324196  -  ResidentSetSize of job (KB)
...
006 (453.433.000) 2022-04-06 16:23:47 Image size of job updated: 774648
	317  -  MemoryUsage of job (MB)
	324328  -  ResidentSetSize of job (KB)
...
006 (453.433.000) 2022-04-06 16:53:50 Image size of job updated: 774904
	317  -  MemoryUsage of job (MB)
	324328  -  ResidentSetSize of job (KB)
...
006 (453.433.000) 2022-04-06 17:28:55 Image size of job updated: 774904
	317  -  MemoryUsage of job (MB)
	324460  -  ResidentSetSize of job (KB)
...
006 (453.433.000) 2022-04-06 19:19:06 Image size of job updated: 774904
	317  -  MemoryUsage of job (MB)
	324592  -  ResidentSetSize of job (KB)
...
006 (453.433.000) 2022-04-06 20:29:12 Image size of job updated: 775160
	317  -  MemoryUsage of job (MB)
	324592  -  ResidentSetSize of job (KB)
...
006 (453.433.000) 2022-04-06 21:34:19 Image size of job updated: 775160
	318  -  MemoryUsage of job (MB)
	324724  -  ResidentSetSize of job (KB)
...
006 (453.433.000) 2022-04-06 23:24:30 Image size of job updated: 775160
	318  -  MemoryUsage of job (MB)
	324856  -  ResidentSetSize of job (KB)
...
006 (453.433.000) 2022-04-07 00:44:39 Image size of job updated: 775416
	318  -  MemoryUsage of job (MB)
	324856  -  ResidentSetSize of job (KB)
...
006 (453.433.000) 2022-04-07 01:19:41 Image size of job updated: 775416
	318  -  MemoryUsage of job (MB)
	324988  -  ResidentSetSize of job (KB)
...
006 (453.433.000) 2022-04-07 02:54:51 Image size of job updated: 775416
	318  -  MemoryUsage of job (MB)
	325120  -  ResidentSetSize of job (KB)
...
006 (453.433.000) 2022-04-07 04:04:58 Image size of job updated: 775672
	318  -  MemoryUsage of job (MB)
	325120  -  ResidentSetSize of job (KB)
...
006 (453.433.000) 2022-04-07 05:00:04 Image size of job updated: 775672
	318  -  MemoryUsage of job (MB)
	325252  -  ResidentSetSize of job (KB)
...
006 (453.433.000) 2022-04-07 06:30:13 Image size of job updated: 775672
	318  -  MemoryUsage of job (MB)
	325384  -  ResidentSetSize of job (KB)
...
006 (453.433.000) 2022-04-07 07:05:16 Image size of job updated: 775928
	318  -  MemoryUsage of job (MB)
	325384  -  ResidentSetSize of job (KB)
...
006 (453.433.000) 2022-04-07 08:05:22 Image size of job updated: 775928
	318  -  MemoryUsage of job (MB)
	325516  -  ResidentSetSize of job (KB)
...
006 (453.433.000) 2022-04-07 09:35:32 Image size of job updated: 775928
	319  -  MemoryUsage of job (MB)
	325648  -  ResidentSetSize of job (KB)
...
006 (453.433.000) 2022-04-07 10:10:35 Image size of job updated: 776184
	319  -  MemoryUsage of job (MB)
	325648  -  ResidentSetSize of job (KB)
...
006 (453.433.000) 2022-04-07 11:40:44 Image size of job updated: 776184
	319  -  MemoryUsage of job (MB)
	325780  -  ResidentSetSize of job (KB)
...
006 (453.433.000) 2022-04-07 13:10:53 Image size of job updated: 776184
	319  -  MemoryUsage of job (MB)
	325912  -  ResidentSetSize of job (KB)
...
006 (453.433.000) 2022-04-07 13:45:56 Image size of job updated: 776440
	319  -  MemoryUsage of job (MB)
	325912  -  ResidentSetSize of job (KB)
...
006 (453.433.000) 2022-04-07 14:51:03 Image size of job updated: 776440
	319  -  MemoryUsage of job (MB)
	326044  -  ResidentSetSize of job (KB)
...
006 (453.433.000) 2022-04-07 16:21:13 Image size of job updated: 776440
	319  -  MemoryUsage of job (MB)
	326176  -  ResidentSetSize of job (KB)
...
006 (453.433.000) 2022-04-07 16:51:15 Image size of job updated: 776696
	319  -  MemoryUsage of job (MB)
	326176  -  ResidentSetSize of job (KB)
...
006 (453.433.000) 2022-04-07 18:26:25 Image size of job updated: 776696
	319  -  MemoryUsage of job (MB)
	326308  -  ResidentSetSize of job (KB)
...
006 (453.433.000) 2022-04-07 19:36:32 Image size of job updated: 776696
	319  -  MemoryUsage of job (MB)
	326440  -  ResidentSetSize of job (KB)
...
006 (453.433.000) 2022-04-07 20:06:35 Image size of job updated: 776952
	319  -  MemoryUsage of job (MB)
	326440  -  ResidentSetSize of job (KB)
...
006 (453.433.000) 2022-04-07 21:41:46 Image size of job updated: 776952
	319  -  MemoryUsage of job (MB)
	326572  -  ResidentSetSize of job (KB)
...
006 (453.433.000) 2022-04-08 03:32:22 Image size of job updated: 776952
	320  -  MemoryUsage of job (MB)
	326704  -  ResidentSetSize of job (KB)
...
006 (453.433.000) 2022-04-08 04:07:24 Image size of job updated: 777208
	320  -  MemoryUsage of job (MB)
	326704  -  ResidentSetSize of job (KB)
...
006 (453.433.000) 2022-04-08 05:42:34 Image size of job updated: 777208
	320  -  MemoryUsage of job (MB)
	326836  -  ResidentSetSize of job (KB)
...
006 (453.433.000) 2022-04-08 08:02:50 Image size of job updated: 777464
	320  -  MemoryUsage of job (MB)
	326968  -  ResidentSetSize of job (KB)
...
006 (453.433.000) 2022-04-08 09:37:59 Image size of job updated: 777464
	320  -  MemoryUsage of job (MB)
	327100  -  ResidentSetSize of job (KB)
...
006 (453.433.000) 2022-04-08 11:38:12 Image size of job updated: 777720
	320  -  MemoryUsage of job (MB)
	327232  -  ResidentSetSize of job (KB)
...
006 (453.433.000) 2022-04-08 13:18:21 Image size of job updated: 777720
	320  -  MemoryUsage of job (MB)
	327364  -  ResidentSetSize of job (KB)
...
006 (453.433.000) 2022-04-08 15:33:34 Image size of job updated: 777976
	320  -  MemoryUsage of job (MB)
	327496  -  ResidentSetSize of job (KB)
...
006 (453.433.000) 2022-04-08 17:43:46 Image size of job updated: 777976
	320  -  MemoryUsage of job (MB)
	327628  -  ResidentSetSize of job (KB)
...
006 (453.433.000) 2022-04-08 19:18:56 Image size of job updated: 778232
	321  -  MemoryUsage of job (MB)
	327760  -  ResidentSetSize of job (KB)
...
006 (453.433.000) 2022-04-08 21:34:10 Image size of job updated: 778232
	321  -  MemoryUsage of job (MB)
	327892  -  ResidentSetSize of job (KB)
...
006 (453.433.000) 2022-04-08 23:14:18 Image size of job updated: 778488
	321  -  MemoryUsage of job (MB)
	328024  -  ResidentSetSize of job (KB)
...
006 (453.433.000) 2022-04-09 01:34:30 Image size of job updated: 778488
	321  -  MemoryUsage of job (MB)
	328156  -  ResidentSetSize of job (KB)
...
006 (453.433.000) 2022-04-09 03:14:40 Image size of job updated: 778744
	321  -  MemoryUsage of job (MB)
	328156  -  ResidentSetSize of job (KB)
...
006 (453.433.000) 2022-04-09 03:49:44 Image size of job updated: 778744
	321  -  MemoryUsage of job (MB)
	328288  -  ResidentSetSize of job (KB)
...
006 (453.433.000) 2022-04-09 05:29:56 Image size of job updated: 778744
	321  -  MemoryUsage of job (MB)
	328420  -  ResidentSetSize of job (KB)
...
006 (453.433.000) 2022-04-09 07:10:06 Image size of job updated: 779000
	321  -  MemoryUsage of job (MB)
	328420  -  ResidentSetSize of job (KB)
...
006 (453.433.000) 2022-04-09 07:45:10 Image size of job updated: 779000
	321  -  MemoryUsage of job (MB)
	328552  -  ResidentSetSize of job (KB)
...
006 (453.433.000) 2022-04-09 09:30:22 Image size of job updated: 779000
	321  -  MemoryUsage of job (MB)
	328684  -  ResidentSetSize of job (KB)
...
006 (453.433.000) 2022-04-09 11:10:31 Image size of job updated: 779256
	321  -  MemoryUsage of job (MB)
	328684  -  ResidentSetSize of job (KB)
...
006 (453.433.000) 2022-04-09 11:40:34 Image size of job updated: 779256
	322  -  MemoryUsage of job (MB)
	328816  -  ResidentSetSize of job (KB)
...
006 (453.433.000) 2022-04-09 13:55:47 Image size of job updated: 779256
	322  -  MemoryUsage of job (MB)
	328948  -  ResidentSetSize of job (KB)
...
006 (453.433.000) 2022-04-09 15:05:54 Image size of job updated: 779512
	322  -  MemoryUsage of job (MB)
	328948  -  ResidentSetSize of job (KB)
...
006 (453.433.000) 2022-04-09 15:40:57 Image size of job updated: 779512
	322  -  MemoryUsage of job (MB)
	329080  -  ResidentSetSize of job (KB)
...
006 (453.433.000) 2022-04-09 17:56:14 Image size of job updated: 779512
	322  -  MemoryUsage of job (MB)
	329212  -  ResidentSetSize of job (KB)
...
006 (453.433.000) 2022-04-09 19:01:20 Image size of job updated: 779768
	322  -  MemoryUsage of job (MB)
	329212  -  ResidentSetSize of job (KB)
...
005 (453.433.000) 2022-04-09 19:30:03 Job terminated.
	(1) Normal termination (return value 0)
		Usr 3 08:40:47, Sys 0 00:01:08  -  Run Remote Usage
		Usr 0 00:00:00, Sys 0 00:00:00  -  Run Local Usage
		Usr 3 08:40:47, Sys 0 00:01:08  -  Total Remote Usage
		Usr 0 00:00:00, Sys 0 00:00:00  -  Total Local Usage
	0  -  Run Bytes Sent By Job
	0  -  Run Bytes Received By Job
	0  -  Total Bytes Sent By Job
	0  -  Total Bytes Received By Job
	Partitionable Resources :    Usage  Request Allocated 
	   Cpus                 :     1.00        1         1 
	   Disk (KB)            :  7500        7500     10998 
	   Memory (MB)          :   322        1024      1024 

	Job terminated of its own accord at 2022-04-09T17:30:03Z with exit-code 0.
...
