000 (453.775.000) 2022-04-05 18:55:39 Job submitted from host: <10.18.24.243:9618?addrs=10.18.24.243-9618&alias=ecoclusts01.bioclust.biologie.ens.fr&noUDP&sock=schedd_1052_29b8>
...
001 (453.775.000) 2022-04-06 17:38:43 Job executing on host: <10.18.24.137:9618?addrs=10.18.24.137-9618&alias=dyoclust10.bioclust.biologie.ens.fr&noUDP&sock=startd_830_e3b2>
...
006 (453.775.000) 2022-04-06 17:38:51 Image size of job updated: 311588
	90  -  MemoryUsage of job (MB)
	91436  -  ResidentSetSize of job (KB)
...
006 (453.775.000) 2022-04-06 17:43:51 Image size of job updated: 741624
	312  -  MemoryUsage of job (MB)
	318828  -  ResidentSetSize of job (KB)
...
006 (453.775.000) 2022-04-06 17:48:52 Image size of job updated: 774392
	317  -  MemoryUsage of job (MB)
	324068  -  ResidentSetSize of job (KB)
...
006 (453.775.000) 2022-04-06 18:43:57 Image size of job updated: 774648
	317  -  MemoryUsage of job (MB)
	324200  -  ResidentSetSize of job (KB)
...
006 (453.775.000) 2022-04-06 19:08:58 Image size of job updated: 774648
	317  -  MemoryUsage of job (MB)
	324332  -  ResidentSetSize of job (KB)
...
006 (453.775.000) 2022-04-06 19:24:00 Image size of job updated: 774904
	317  -  MemoryUsage of job (MB)
	324332  -  ResidentSetSize of job (KB)
...
006 (453.775.000) 2022-04-06 19:34:02 Image size of job updated: 774904
	317  -  MemoryUsage of job (MB)
	324464  -  ResidentSetSize of job (KB)
...
006 (453.775.000) 2022-04-06 19:54:04 Image size of job updated: 774904
	317  -  MemoryUsage of job (MB)
	324596  -  ResidentSetSize of job (KB)
...
006 (453.775.000) 2022-04-06 20:14:06 Image size of job updated: 775160
	317  -  MemoryUsage of job (MB)
	324596  -  ResidentSetSize of job (KB)
...
006 (453.775.000) 2022-04-06 20:19:06 Image size of job updated: 775160
	318  -  MemoryUsage of job (MB)
	324728  -  ResidentSetSize of job (KB)
...
006 (453.775.000) 2022-04-06 20:44:09 Image size of job updated: 775160
	318  -  MemoryUsage of job (MB)
	324860  -  ResidentSetSize of job (KB)
...
006 (453.775.000) 2022-04-06 21:04:12 Image size of job updated: 775416
	318  -  MemoryUsage of job (MB)
	324860  -  ResidentSetSize of job (KB)
...
006 (453.775.000) 2022-04-06 21:14:12 Image size of job updated: 775416
	318  -  MemoryUsage of job (MB)
	324992  -  ResidentSetSize of job (KB)
...
006 (453.775.000) 2022-04-06 21:39:15 Image size of job updated: 775416
	318  -  MemoryUsage of job (MB)
	325124  -  ResidentSetSize of job (KB)
...
006 (453.775.000) 2022-04-06 21:54:16 Image size of job updated: 775672
	318  -  MemoryUsage of job (MB)
	325124  -  ResidentSetSize of job (KB)
...
006 (453.775.000) 2022-04-06 21:59:17 Image size of job updated: 775672
	318  -  MemoryUsage of job (MB)
	325256  -  ResidentSetSize of job (KB)
...
006 (453.775.000) 2022-04-06 22:24:18 Image size of job updated: 775672
	318  -  MemoryUsage of job (MB)
	325388  -  ResidentSetSize of job (KB)
...
006 (453.775.000) 2022-04-06 22:39:20 Image size of job updated: 775928
	318  -  MemoryUsage of job (MB)
	325388  -  ResidentSetSize of job (KB)
...
006 (453.775.000) 2022-04-06 22:54:21 Image size of job updated: 775928
	318  -  MemoryUsage of job (MB)
	325520  -  ResidentSetSize of job (KB)
...
006 (453.775.000) 2022-04-06 23:19:23 Image size of job updated: 775928
	319  -  MemoryUsage of job (MB)
	325652  -  ResidentSetSize of job (KB)
...
006 (453.775.000) 2022-04-06 23:34:25 Image size of job updated: 776184
	319  -  MemoryUsage of job (MB)
	325652  -  ResidentSetSize of job (KB)
...
006 (453.775.000) 2022-04-06 23:39:26 Image size of job updated: 776184
	319  -  MemoryUsage of job (MB)
	325784  -  ResidentSetSize of job (KB)
...
006 (453.775.000) 2022-04-07 00:14:30 Image size of job updated: 776184
	319  -  MemoryUsage of job (MB)
	325916  -  ResidentSetSize of job (KB)
...
006 (453.775.000) 2022-04-07 00:19:31 Image size of job updated: 776440
	319  -  MemoryUsage of job (MB)
	325916  -  ResidentSetSize of job (KB)
...
006 (453.775.000) 2022-04-07 00:34:32 Image size of job updated: 776440
	319  -  MemoryUsage of job (MB)
	326048  -  ResidentSetSize of job (KB)
...
006 (453.775.000) 2022-04-07 00:59:33 Image size of job updated: 776440
	319  -  MemoryUsage of job (MB)
	326180  -  ResidentSetSize of job (KB)
...
006 (453.775.000) 2022-04-07 01:09:35 Image size of job updated: 776696
	319  -  MemoryUsage of job (MB)
	326180  -  ResidentSetSize of job (KB)
...
006 (453.775.000) 2022-04-07 01:24:36 Image size of job updated: 776696
	319  -  MemoryUsage of job (MB)
	326312  -  ResidentSetSize of job (KB)
...
006 (453.775.000) 2022-04-07 01:44:39 Image size of job updated: 776696
	319  -  MemoryUsage of job (MB)
	326444  -  ResidentSetSize of job (KB)
...
006 (453.775.000) 2022-04-07 01:54:40 Image size of job updated: 776952
	319  -  MemoryUsage of job (MB)
	326444  -  ResidentSetSize of job (KB)
...
006 (453.775.000) 2022-04-07 02:19:43 Image size of job updated: 776952
	319  -  MemoryUsage of job (MB)
	326576  -  ResidentSetSize of job (KB)
...
006 (453.775.000) 2022-04-07 03:44:50 Image size of job updated: 776952
	320  -  MemoryUsage of job (MB)
	326708  -  ResidentSetSize of job (KB)
...
006 (453.775.000) 2022-04-07 03:49:52 Image size of job updated: 777208
	320  -  MemoryUsage of job (MB)
	326708  -  ResidentSetSize of job (KB)
...
006 (453.775.000) 2022-04-07 04:09:54 Image size of job updated: 777208
	320  -  MemoryUsage of job (MB)
	326840  -  ResidentSetSize of job (KB)
...
006 (453.775.000) 2022-04-07 04:39:57 Image size of job updated: 777208
	320  -  MemoryUsage of job (MB)
	326972  -  ResidentSetSize of job (KB)
...
006 (453.775.000) 2022-04-07 04:44:58 Image size of job updated: 777464
	320  -  MemoryUsage of job (MB)
	326972  -  ResidentSetSize of job (KB)
...
006 (453.775.000) 2022-04-07 05:09:59 Image size of job updated: 777464
	320  -  MemoryUsage of job (MB)
	327104  -  ResidentSetSize of job (KB)
...
006 (453.775.000) 2022-04-07 05:35:03 Image size of job updated: 777464
	320  -  MemoryUsage of job (MB)
	327236  -  ResidentSetSize of job (KB)
...
006 (453.775.000) 2022-04-07 05:40:03 Image size of job updated: 777720
	320  -  MemoryUsage of job (MB)
	327236  -  ResidentSetSize of job (KB)
...
006 (453.775.000) 2022-04-07 06:05:06 Image size of job updated: 777720
	320  -  MemoryUsage of job (MB)
	327368  -  ResidentSetSize of job (KB)
...
006 (453.775.000) 2022-04-07 06:30:09 Image size of job updated: 777720
	320  -  MemoryUsage of job (MB)
	327500  -  ResidentSetSize of job (KB)
...
006 (453.775.000) 2022-04-07 06:35:09 Image size of job updated: 777976
	320  -  MemoryUsage of job (MB)
	327500  -  ResidentSetSize of job (KB)
...
006 (453.775.000) 2022-04-07 07:00:11 Image size of job updated: 777976
	320  -  MemoryUsage of job (MB)
	327632  -  ResidentSetSize of job (KB)
...
006 (453.775.000) 2022-04-07 07:30:13 Image size of job updated: 778232
	321  -  MemoryUsage of job (MB)
	327764  -  ResidentSetSize of job (KB)
...
006 (453.775.000) 2022-04-07 07:55:16 Image size of job updated: 778232
	321  -  MemoryUsage of job (MB)
	327896  -  ResidentSetSize of job (KB)
...
006 (453.775.000) 2022-04-07 08:25:19 Image size of job updated: 778488
	321  -  MemoryUsage of job (MB)
	328028  -  ResidentSetSize of job (KB)
...
006 (453.775.000) 2022-04-07 08:50:22 Image size of job updated: 778488
	321  -  MemoryUsage of job (MB)
	328160  -  ResidentSetSize of job (KB)
...
006 (453.775.000) 2022-04-07 09:25:26 Image size of job updated: 778744
	321  -  MemoryUsage of job (MB)
	328292  -  ResidentSetSize of job (KB)
...
006 (453.775.000) 2022-04-07 09:55:29 Image size of job updated: 778744
	321  -  MemoryUsage of job (MB)
	328424  -  ResidentSetSize of job (KB)
...
006 (453.775.000) 2022-04-07 10:20:32 Image size of job updated: 779000
	321  -  MemoryUsage of job (MB)
	328556  -  ResidentSetSize of job (KB)
...
006 (453.775.000) 2022-04-07 10:50:36 Image size of job updated: 779000
	321  -  MemoryUsage of job (MB)
	328688  -  ResidentSetSize of job (KB)
...
006 (453.775.000) 2022-04-07 11:15:38 Image size of job updated: 779256
	322  -  MemoryUsage of job (MB)
	328820  -  ResidentSetSize of job (KB)
...
006 (453.775.000) 2022-04-07 11:45:42 Image size of job updated: 779256
	322  -  MemoryUsage of job (MB)
	328952  -  ResidentSetSize of job (KB)
...
006 (453.775.000) 2022-04-07 12:10:44 Image size of job updated: 779512
	322  -  MemoryUsage of job (MB)
	328952  -  ResidentSetSize of job (KB)
...
006 (453.775.000) 2022-04-07 12:20:46 Image size of job updated: 779512
	322  -  MemoryUsage of job (MB)
	329084  -  ResidentSetSize of job (KB)
...
006 (453.775.000) 2022-04-07 12:40:48 Image size of job updated: 779512
	322  -  MemoryUsage of job (MB)
	329216  -  ResidentSetSize of job (KB)
...
006 (453.775.000) 2022-04-07 13:05:51 Image size of job updated: 779768
	322  -  MemoryUsage of job (MB)
	329216  -  ResidentSetSize of job (KB)
...
005 (453.775.000) 2022-04-07 13:11:43 Job terminated.
	(1) Normal termination (return value 0)
		Usr 0 19:24:03, Sys 0 00:00:40  -  Run Remote Usage
		Usr 0 00:00:00, Sys 0 00:00:00  -  Run Local Usage
		Usr 0 19:24:03, Sys 0 00:00:40  -  Total Remote Usage
		Usr 0 00:00:00, Sys 0 00:00:00  -  Total Local Usage
	0  -  Run Bytes Sent By Job
	0  -  Run Bytes Received By Job
	0  -  Total Bytes Sent By Job
	0  -  Total Bytes Received By Job
	Partitionable Resources :    Usage  Request Allocated 
	   Cpus                 :     1.00        1         1 
	   Disk (KB)            :  7500        7500     10999 
	   Memory (MB)          :   322        1024      1024 

	Job terminated of its own accord at 2022-04-07T11:11:43Z with exit-code 0.
...
