000 (453.936.000) 2022-04-05 18:55:40 Job submitted from host: <10.18.24.243:9618?addrs=10.18.24.243-9618&alias=ecoclusts01.bioclust.biologie.ens.fr&noUDP&sock=schedd_1052_29b8>
...
001 (453.936.000) 2022-04-06 22:42:26 Job executing on host: <10.18.24.8:9618?addrs=10.18.24.8-9618&alias=bioclust08.bioclust.biologie.ens.fr&noUDP&sock=startd_1108_9306>
...
006 (453.936.000) 2022-04-06 22:42:35 Image size of job updated: 428072
	419  -  MemoryUsage of job (MB)
	428072  -  ResidentSetSize of job (KB)
...
006 (453.936.000) 2022-04-06 22:47:36 Image size of job updated: 741628
	419  -  MemoryUsage of job (MB)
	428072  -  ResidentSetSize of job (KB)
...
006 (453.936.000) 2022-04-06 22:52:37 Image size of job updated: 774396
	419  -  MemoryUsage of job (MB)
	428072  -  ResidentSetSize of job (KB)
...
006 (453.936.000) 2022-04-06 23:52:43 Image size of job updated: 774652
	419  -  MemoryUsage of job (MB)
	428072  -  ResidentSetSize of job (KB)
...
006 (453.936.000) 2022-04-07 00:07:45 Image size of job updated: 774908
	419  -  MemoryUsage of job (MB)
	428072  -  ResidentSetSize of job (KB)
...
006 (453.936.000) 2022-04-07 00:17:46 Image size of job updated: 775164
	419  -  MemoryUsage of job (MB)
	428072  -  ResidentSetSize of job (KB)
...
006 (453.936.000) 2022-04-07 00:32:47 Image size of job updated: 775420
	419  -  MemoryUsage of job (MB)
	428072  -  ResidentSetSize of job (KB)
...
006 (453.936.000) 2022-04-07 00:42:49 Image size of job updated: 775676
	419  -  MemoryUsage of job (MB)
	428072  -  ResidentSetSize of job (KB)
...
006 (453.936.000) 2022-04-07 00:52:50 Image size of job updated: 775932
	419  -  MemoryUsage of job (MB)
	428072  -  ResidentSetSize of job (KB)
...
006 (453.936.000) 2022-04-07 01:02:51 Image size of job updated: 776188
	419  -  MemoryUsage of job (MB)
	428072  -  ResidentSetSize of job (KB)
...
006 (453.936.000) 2022-04-07 01:12:51 Image size of job updated: 776444
	419  -  MemoryUsage of job (MB)
	428072  -  ResidentSetSize of job (KB)
...
006 (453.936.000) 2022-04-07 01:22:52 Image size of job updated: 776700
	419  -  MemoryUsage of job (MB)
	428072  -  ResidentSetSize of job (KB)
...
006 (453.936.000) 2022-04-07 01:32:54 Image size of job updated: 776956
	419  -  MemoryUsage of job (MB)
	428072  -  ResidentSetSize of job (KB)
...
006 (453.936.000) 2022-04-07 01:47:55 Image size of job updated: 777212
	419  -  MemoryUsage of job (MB)
	428072  -  ResidentSetSize of job (KB)
...
006 (453.936.000) 2022-04-07 02:02:57 Image size of job updated: 777468
	419  -  MemoryUsage of job (MB)
	428072  -  ResidentSetSize of job (KB)
...
006 (453.936.000) 2022-04-07 02:12:58 Image size of job updated: 777724
	419  -  MemoryUsage of job (MB)
	428072  -  ResidentSetSize of job (KB)
...
006 (453.936.000) 2022-04-07 02:17:59 Image size of job updated: 777980
	419  -  MemoryUsage of job (MB)
	428072  -  ResidentSetSize of job (KB)
...
006 (453.936.000) 2022-04-07 02:27:59 Image size of job updated: 778236
	419  -  MemoryUsage of job (MB)
	428072  -  ResidentSetSize of job (KB)
...
006 (453.936.000) 2022-04-07 02:38:00 Image size of job updated: 778492
	419  -  MemoryUsage of job (MB)
	428072  -  ResidentSetSize of job (KB)
...
006 (453.936.000) 2022-04-07 02:43:00 Image size of job updated: 778748
	419  -  MemoryUsage of job (MB)
	428072  -  ResidentSetSize of job (KB)
...
006 (453.936.000) 2022-04-07 02:53:02 Image size of job updated: 779004
	419  -  MemoryUsage of job (MB)
	428072  -  ResidentSetSize of job (KB)
...
006 (453.936.000) 2022-04-07 03:03:02 Image size of job updated: 779260
	419  -  MemoryUsage of job (MB)
	428072  -  ResidentSetSize of job (KB)
...
006 (453.936.000) 2022-04-07 03:13:04 Image size of job updated: 779516
	419  -  MemoryUsage of job (MB)
	428072  -  ResidentSetSize of job (KB)
...
005 (453.936.000) 2022-04-07 03:21:01 Job terminated.
	(1) Normal termination (return value 0)
		Usr 0 04:37:52, Sys 0 00:00:27  -  Run Remote Usage
		Usr 0 00:00:00, Sys 0 00:00:00  -  Run Local Usage
		Usr 0 04:37:52, Sys 0 00:00:27  -  Total Remote Usage
		Usr 0 00:00:00, Sys 0 00:00:00  -  Total Local Usage
	0  -  Run Bytes Sent By Job
	0  -  Run Bytes Received By Job
	0  -  Total Bytes Sent By Job
	0  -  Total Bytes Received By Job
	Partitionable Resources :    Usage  Request Allocated 
	   Cpus                 :     1.00        1         1 
	   Disk (KB)            :  7500        7500     10998 
	   Memory (MB)          :   419        1024      1024 

	Job terminated of its own accord at 2022-04-07T01:21:01Z with exit-code 0.
...
