000 (453.518.000) 2022-04-05 18:55:38 Job submitted from host: <10.18.24.243:9618?addrs=10.18.24.243-9618&alias=ecoclusts01.bioclust.biologie.ens.fr&noUDP&sock=schedd_1052_29b8>
...
001 (453.518.000) 2022-04-06 12:00:07 Job executing on host: <10.18.24.174:9618?addrs=10.18.24.174-9618&alias=mcbsclust03.bioclust.biologie.ens.fr&noUDP&sock=startd_937_4854>
...
006 (453.518.000) 2022-04-06 12:00:16 Image size of job updated: 109008
	107  -  MemoryUsage of job (MB)
	109008  -  ResidentSetSize of job (KB)
...
006 (453.518.000) 2022-04-06 12:05:16 Image size of job updated: 741620
	317  -  MemoryUsage of job (MB)
	324056  -  ResidentSetSize of job (KB)
...
006 (453.518.000) 2022-04-06 12:15:17 Image size of job updated: 774388
	317  -  MemoryUsage of job (MB)
	324056  -  ResidentSetSize of job (KB)
...
006 (453.518.000) 2022-04-06 13:05:23 Image size of job updated: 774644
	317  -  MemoryUsage of job (MB)
	324188  -  ResidentSetSize of job (KB)
...
006 (453.518.000) 2022-04-06 13:10:24 Image size of job updated: 774644
	317  -  MemoryUsage of job (MB)
	324320  -  ResidentSetSize of job (KB)
...
006 (453.518.000) 2022-04-06 13:15:24 Image size of job updated: 774900
	317  -  MemoryUsage of job (MB)
	324452  -  ResidentSetSize of job (KB)
...
006 (453.518.000) 2022-04-06 13:20:24 Image size of job updated: 774900
	317  -  MemoryUsage of job (MB)
	324584  -  ResidentSetSize of job (KB)
...
006 (453.518.000) 2022-04-06 13:25:25 Image size of job updated: 775156
	318  -  MemoryUsage of job (MB)
	324716  -  ResidentSetSize of job (KB)
...
006 (453.518.000) 2022-04-06 13:30:26 Image size of job updated: 775156
	318  -  MemoryUsage of job (MB)
	324848  -  ResidentSetSize of job (KB)
...
006 (453.518.000) 2022-04-06 13:35:26 Image size of job updated: 775412
	318  -  MemoryUsage of job (MB)
	324980  -  ResidentSetSize of job (KB)
...
006 (453.518.000) 2022-04-06 13:40:27 Image size of job updated: 775668
	318  -  MemoryUsage of job (MB)
	325244  -  ResidentSetSize of job (KB)
...
006 (453.518.000) 2022-04-06 13:45:28 Image size of job updated: 775668
	318  -  MemoryUsage of job (MB)
	325376  -  ResidentSetSize of job (KB)
...
006 (453.518.000) 2022-04-06 13:50:28 Image size of job updated: 775924
	318  -  MemoryUsage of job (MB)
	325508  -  ResidentSetSize of job (KB)
...
006 (453.518.000) 2022-04-06 13:55:28 Image size of job updated: 776180
	319  -  MemoryUsage of job (MB)
	325640  -  ResidentSetSize of job (KB)
...
006 (453.518.000) 2022-04-06 14:00:29 Image size of job updated: 776180
	319  -  MemoryUsage of job (MB)
	325772  -  ResidentSetSize of job (KB)
...
006 (453.518.000) 2022-04-06 14:05:30 Image size of job updated: 776436
	319  -  MemoryUsage of job (MB)
	325904  -  ResidentSetSize of job (KB)
...
006 (453.518.000) 2022-04-06 14:10:30 Image size of job updated: 776436
	319  -  MemoryUsage of job (MB)
	326168  -  ResidentSetSize of job (KB)
...
006 (453.518.000) 2022-04-06 14:15:31 Image size of job updated: 776692
	319  -  MemoryUsage of job (MB)
	326300  -  ResidentSetSize of job (KB)
...
006 (453.518.000) 2022-04-06 14:20:32 Image size of job updated: 776948
	319  -  MemoryUsage of job (MB)
	326432  -  ResidentSetSize of job (KB)
...
006 (453.518.000) 2022-04-06 14:25:32 Image size of job updated: 776948
	319  -  MemoryUsage of job (MB)
	326564  -  ResidentSetSize of job (KB)
...
006 (453.518.000) 2022-04-06 14:35:33 Image size of job updated: 776948
	320  -  MemoryUsage of job (MB)
	326696  -  ResidentSetSize of job (KB)
...
006 (453.518.000) 2022-04-06 14:40:33 Image size of job updated: 777204
	320  -  MemoryUsage of job (MB)
	326828  -  ResidentSetSize of job (KB)
...
006 (453.518.000) 2022-04-06 14:45:33 Image size of job updated: 777204
	320  -  MemoryUsage of job (MB)
	326960  -  ResidentSetSize of job (KB)
...
006 (453.518.000) 2022-04-06 14:50:34 Image size of job updated: 777460
	320  -  MemoryUsage of job (MB)
	327092  -  ResidentSetSize of job (KB)
...
006 (453.518.000) 2022-04-06 14:55:35 Image size of job updated: 777716
	320  -  MemoryUsage of job (MB)
	327224  -  ResidentSetSize of job (KB)
...
006 (453.518.000) 2022-04-06 15:00:35 Image size of job updated: 777716
	320  -  MemoryUsage of job (MB)
	327356  -  ResidentSetSize of job (KB)
...
006 (453.518.000) 2022-04-06 15:05:35 Image size of job updated: 777972
	320  -  MemoryUsage of job (MB)
	327488  -  ResidentSetSize of job (KB)
...
006 (453.518.000) 2022-04-06 15:10:36 Image size of job updated: 777972
	320  -  MemoryUsage of job (MB)
	327620  -  ResidentSetSize of job (KB)
...
006 (453.518.000) 2022-04-06 15:15:37 Image size of job updated: 778228
	321  -  MemoryUsage of job (MB)
	327752  -  ResidentSetSize of job (KB)
...
006 (453.518.000) 2022-04-06 15:20:37 Image size of job updated: 778228
	321  -  MemoryUsage of job (MB)
	327884  -  ResidentSetSize of job (KB)
...
006 (453.518.000) 2022-04-06 15:25:38 Image size of job updated: 778484
	321  -  MemoryUsage of job (MB)
	328148  -  ResidentSetSize of job (KB)
...
006 (453.518.000) 2022-04-06 15:30:39 Image size of job updated: 778740
	321  -  MemoryUsage of job (MB)
	328280  -  ResidentSetSize of job (KB)
...
006 (453.518.000) 2022-04-06 15:35:39 Image size of job updated: 778740
	321  -  MemoryUsage of job (MB)
	328412  -  ResidentSetSize of job (KB)
...
006 (453.518.000) 2022-04-06 15:40:39 Image size of job updated: 778996
	321  -  MemoryUsage of job (MB)
	328544  -  ResidentSetSize of job (KB)
...
006 (453.518.000) 2022-04-06 15:45:40 Image size of job updated: 778996
	321  -  MemoryUsage of job (MB)
	328676  -  ResidentSetSize of job (KB)
...
006 (453.518.000) 2022-04-06 15:50:41 Image size of job updated: 779252
	322  -  MemoryUsage of job (MB)
	328808  -  ResidentSetSize of job (KB)
...
006 (453.518.000) 2022-04-06 15:55:41 Image size of job updated: 779252
	322  -  MemoryUsage of job (MB)
	328940  -  ResidentSetSize of job (KB)
...
006 (453.518.000) 2022-04-06 16:00:42 Image size of job updated: 779508
	322  -  MemoryUsage of job (MB)
	329072  -  ResidentSetSize of job (KB)
...
006 (453.518.000) 2022-04-06 16:05:43 Image size of job updated: 779508
	322  -  MemoryUsage of job (MB)
	329204  -  ResidentSetSize of job (KB)
...
005 (453.518.000) 2022-04-06 16:06:39 Job terminated.
	(1) Normal termination (return value 0)
		Usr 0 04:05:43, Sys 0 00:00:19  -  Run Remote Usage
		Usr 0 00:00:00, Sys 0 00:00:00  -  Run Local Usage
		Usr 0 04:05:43, Sys 0 00:00:19  -  Total Remote Usage
		Usr 0 00:00:00, Sys 0 00:00:00  -  Total Local Usage
	0  -  Run Bytes Sent By Job
	0  -  Run Bytes Received By Job
	0  -  Total Bytes Sent By Job
	0  -  Total Bytes Received By Job
	Partitionable Resources :    Usage  Request Allocated 
	   Cpus                 :     1.00        1         1 
	   Disk (KB)            :  7500        7500     10998 
	   Memory (MB)          :   322        1024      1024 

	Job terminated of its own accord at 2022-04-06T14:06:39Z with exit-code 0.
...
