000 (453.314.000) 2022-04-05 18:55:38 Job submitted from host: <10.18.24.243:9618?addrs=10.18.24.243-9618&alias=ecoclusts01.bioclust.biologie.ens.fr&noUDP&sock=schedd_1052_29b8>
...
001 (453.314.000) 2022-04-06 08:49:08 Job executing on host: <10.18.24.12:9618?addrs=10.18.24.12-9618&alias=bioclust12.bioclust.biologie.ens.fr&noUDP&sock=startd_86046_fa3b>
...
006 (453.314.000) 2022-04-06 08:49:17 Image size of job updated: 64904
	64  -  MemoryUsage of job (MB)
	64904  -  ResidentSetSize of job (KB)
...
006 (453.314.000) 2022-04-06 08:54:18 Image size of job updated: 741880
	317  -  MemoryUsage of job (MB)
	324284  -  ResidentSetSize of job (KB)
...
005 (453.314.000) 2022-04-06 09:00:26 Job terminated.
	(1) Normal termination (return value 0)
		Usr 0 00:10:32, Sys 0 00:00:26  -  Run Remote Usage
		Usr 0 00:00:00, Sys 0 00:00:00  -  Run Local Usage
		Usr 0 00:10:32, Sys 0 00:00:26  -  Total Remote Usage
		Usr 0 00:00:00, Sys 0 00:00:00  -  Total Local Usage
	0  -  Run Bytes Sent By Job
	0  -  Run Bytes Received By Job
	0  -  Total Bytes Sent By Job
	0  -  Total Bytes Received By Job
	Partitionable Resources :    Usage  Request Allocated 
	   Cpus                 :     1.00        1         1 
	   Disk (KB)            :  7500        7500     12108 
	   Memory (MB)          :   317        1024      1024 

	Job terminated of its own accord at 2022-04-06T07:00:26Z with exit-code 0.
...
