000 (453.248.000) 2022-04-05 18:55:37 Job submitted from host: <10.18.24.243:9618?addrs=10.18.24.243-9618&alias=ecoclusts01.bioclust.biologie.ens.fr&noUDP&sock=schedd_1052_29b8>
...
001 (453.248.000) 2022-04-06 07:45:05 Job executing on host: <10.18.24.13:9618?addrs=10.18.24.13-9618&alias=bioclust13.bioclust.biologie.ens.fr&noUDP&sock=startd_1202_0ced>
...
006 (453.248.000) 2022-04-06 07:45:14 Image size of job updated: 64900
	64  -  MemoryUsage of job (MB)
	64900  -  ResidentSetSize of job (KB)
...
006 (453.248.000) 2022-04-06 07:50:14 Image size of job updated: 792252
	317  -  MemoryUsage of job (MB)
	324100  -  ResidentSetSize of job (KB)
...
006 (453.248.000) 2022-04-06 09:20:24 Image size of job updated: 792252
	317  -  MemoryUsage of job (MB)
	324188  -  ResidentSetSize of job (KB)
...
006 (453.248.000) 2022-04-06 09:50:27 Image size of job updated: 792252
	317  -  MemoryUsage of job (MB)
	324320  -  ResidentSetSize of job (KB)
...
006 (453.248.000) 2022-04-06 10:15:31 Image size of job updated: 792252
	317  -  MemoryUsage of job (MB)
	324452  -  ResidentSetSize of job (KB)
...
006 (453.248.000) 2022-04-06 10:40:32 Image size of job updated: 792252
	317  -  MemoryUsage of job (MB)
	324584  -  ResidentSetSize of job (KB)
...
006 (453.248.000) 2022-04-06 11:10:36 Image size of job updated: 792252
	318  -  MemoryUsage of job (MB)
	324716  -  ResidentSetSize of job (KB)
...
006 (453.248.000) 2022-04-06 11:35:39 Image size of job updated: 792252
	318  -  MemoryUsage of job (MB)
	324848  -  ResidentSetSize of job (KB)
...
006 (453.248.000) 2022-04-06 12:10:44 Image size of job updated: 792252
	318  -  MemoryUsage of job (MB)
	324980  -  ResidentSetSize of job (KB)
...
006 (453.248.000) 2022-04-06 12:40:47 Image size of job updated: 792252
	318  -  MemoryUsage of job (MB)
	325112  -  ResidentSetSize of job (KB)
...
006 (453.248.000) 2022-04-06 13:05:49 Image size of job updated: 792252
	318  -  MemoryUsage of job (MB)
	325244  -  ResidentSetSize of job (KB)
...
006 (453.248.000) 2022-04-06 13:35:53 Image size of job updated: 792252
	318  -  MemoryUsage of job (MB)
	325376  -  ResidentSetSize of job (KB)
...
006 (453.248.000) 2022-04-06 14:10:57 Image size of job updated: 792252
	318  -  MemoryUsage of job (MB)
	325508  -  ResidentSetSize of job (KB)
...
006 (453.248.000) 2022-04-06 14:41:00 Image size of job updated: 792252
	319  -  MemoryUsage of job (MB)
	325640  -  ResidentSetSize of job (KB)
...
006 (453.248.000) 2022-04-06 15:06:01 Image size of job updated: 792252
	319  -  MemoryUsage of job (MB)
	325772  -  ResidentSetSize of job (KB)
...
006 (453.248.000) 2022-04-06 15:41:05 Image size of job updated: 792252
	319  -  MemoryUsage of job (MB)
	325904  -  ResidentSetSize of job (KB)
...
006 (453.248.000) 2022-04-06 16:01:07 Image size of job updated: 792252
	319  -  MemoryUsage of job (MB)
	326036  -  ResidentSetSize of job (KB)
...
006 (453.248.000) 2022-04-06 16:36:10 Image size of job updated: 792252
	319  -  MemoryUsage of job (MB)
	326168  -  ResidentSetSize of job (KB)
...
006 (453.248.000) 2022-04-06 17:06:12 Image size of job updated: 792252
	319  -  MemoryUsage of job (MB)
	326300  -  ResidentSetSize of job (KB)
...
006 (453.248.000) 2022-04-06 17:31:16 Image size of job updated: 792252
	319  -  MemoryUsage of job (MB)
	326432  -  ResidentSetSize of job (KB)
...
006 (453.248.000) 2022-04-06 18:06:19 Image size of job updated: 792252
	319  -  MemoryUsage of job (MB)
	326564  -  ResidentSetSize of job (KB)
...
006 (453.248.000) 2022-04-06 19:46:29 Image size of job updated: 792252
	320  -  MemoryUsage of job (MB)
	326696  -  ResidentSetSize of job (KB)
...
006 (453.248.000) 2022-04-06 20:11:30 Image size of job updated: 792252
	320  -  MemoryUsage of job (MB)
	326828  -  ResidentSetSize of job (KB)
...
006 (453.248.000) 2022-04-06 20:46:34 Image size of job updated: 792252
	320  -  MemoryUsage of job (MB)
	326960  -  ResidentSetSize of job (KB)
...
006 (453.248.000) 2022-04-06 21:31:39 Image size of job updated: 792252
	320  -  MemoryUsage of job (MB)
	327092  -  ResidentSetSize of job (KB)
...
006 (453.248.000) 2022-04-06 21:56:41 Image size of job updated: 792252
	320  -  MemoryUsage of job (MB)
	327224  -  ResidentSetSize of job (KB)
...
006 (453.248.000) 2022-04-06 22:31:44 Image size of job updated: 792252
	320  -  MemoryUsage of job (MB)
	327356  -  ResidentSetSize of job (KB)
...
006 (453.248.000) 2022-04-06 22:56:47 Image size of job updated: 792252
	320  -  MemoryUsage of job (MB)
	327488  -  ResidentSetSize of job (KB)
...
006 (453.248.000) 2022-04-06 23:41:52 Image size of job updated: 792252
	320  -  MemoryUsage of job (MB)
	327620  -  ResidentSetSize of job (KB)
...
006 (453.248.000) 2022-04-07 00:16:55 Image size of job updated: 792252
	321  -  MemoryUsage of job (MB)
	327752  -  ResidentSetSize of job (KB)
...
006 (453.248.000) 2022-04-07 00:41:58 Image size of job updated: 792252
	321  -  MemoryUsage of job (MB)
	327884  -  ResidentSetSize of job (KB)
...
006 (453.248.000) 2022-04-07 01:17:00 Image size of job updated: 792252
	321  -  MemoryUsage of job (MB)
	328016  -  ResidentSetSize of job (KB)
...
006 (453.248.000) 2022-04-07 01:42:03 Image size of job updated: 792252
	321  -  MemoryUsage of job (MB)
	328148  -  ResidentSetSize of job (KB)
...
006 (453.248.000) 2022-04-07 02:17:07 Image size of job updated: 792252
	321  -  MemoryUsage of job (MB)
	328280  -  ResidentSetSize of job (KB)
...
006 (453.248.000) 2022-04-07 02:47:10 Image size of job updated: 792252
	321  -  MemoryUsage of job (MB)
	328412  -  ResidentSetSize of job (KB)
...
006 (453.248.000) 2022-04-07 03:22:14 Image size of job updated: 792252
	321  -  MemoryUsage of job (MB)
	328544  -  ResidentSetSize of job (KB)
...
006 (453.248.000) 2022-04-07 03:57:18 Image size of job updated: 792252
	321  -  MemoryUsage of job (MB)
	328676  -  ResidentSetSize of job (KB)
...
006 (453.248.000) 2022-04-07 04:22:21 Image size of job updated: 792252
	322  -  MemoryUsage of job (MB)
	328808  -  ResidentSetSize of job (KB)
...
006 (453.248.000) 2022-04-07 04:57:24 Image size of job updated: 792252
	322  -  MemoryUsage of job (MB)
	328940  -  ResidentSetSize of job (KB)
...
006 (453.248.000) 2022-04-07 05:32:26 Image size of job updated: 792252
	322  -  MemoryUsage of job (MB)
	329072  -  ResidentSetSize of job (KB)
...
006 (453.248.000) 2022-04-07 05:57:28 Image size of job updated: 792252
	322  -  MemoryUsage of job (MB)
	329204  -  ResidentSetSize of job (KB)
...
005 (453.248.000) 2022-04-07 06:27:04 Job terminated.
	(1) Normal termination (return value 0)
		Usr 0 22:25:53, Sys 0 00:10:20  -  Run Remote Usage
		Usr 0 00:00:00, Sys 0 00:00:00  -  Run Local Usage
		Usr 0 22:25:53, Sys 0 00:10:20  -  Total Remote Usage
		Usr 0 00:00:00, Sys 0 00:00:00  -  Total Local Usage
	0  -  Run Bytes Sent By Job
	0  -  Run Bytes Received By Job
	0  -  Total Bytes Sent By Job
	0  -  Total Bytes Received By Job
	Partitionable Resources :    Usage  Request Allocated 
	   Cpus                 :     1.00        1         1 
	   Disk (KB)            :  7500        7500     10998 
	   Memory (MB)          :   322        1024      1024 

	Job terminated of its own accord at 2022-04-07T04:27:03Z with exit-code 0.
...
