000 (453.172.000) 2022-04-05 18:55:37 Job submitted from host: <10.18.24.243:9618?addrs=10.18.24.243-9618&alias=ecoclusts01.bioclust.biologie.ens.fr&noUDP&sock=schedd_1052_29b8>
...
001 (453.172.000) 2022-04-06 06:33:01 Job executing on host: <10.18.24.137:9618?addrs=10.18.24.137-9618&alias=dyoclust10.bioclust.biologie.ens.fr&noUDP&sock=startd_830_e3b2>
...
006 (453.172.000) 2022-04-06 06:33:10 Image size of job updated: 124908
	117  -  MemoryUsage of job (MB)
	119660  -  ResidentSetSize of job (KB)
...
006 (453.172.000) 2022-04-06 06:38:10 Image size of job updated: 741880
	317  -  MemoryUsage of job (MB)
	324356  -  ResidentSetSize of job (KB)
...
006 (453.172.000) 2022-04-06 06:43:10 Image size of job updated: 774648
	317  -  MemoryUsage of job (MB)
	324356  -  ResidentSetSize of job (KB)
...
006 (453.172.000) 2022-04-06 09:03:23 Image size of job updated: 774904
	317  -  MemoryUsage of job (MB)
	324356  -  ResidentSetSize of job (KB)
...
006 (453.172.000) 2022-04-06 09:13:25 Image size of job updated: 774904
	317  -  MemoryUsage of job (MB)
	324488  -  ResidentSetSize of job (KB)
...
006 (453.172.000) 2022-04-06 09:53:29 Image size of job updated: 774904
	318  -  MemoryUsage of job (MB)
	324620  -  ResidentSetSize of job (KB)
...
006 (453.172.000) 2022-04-06 10:18:31 Image size of job updated: 775160
	318  -  MemoryUsage of job (MB)
	324620  -  ResidentSetSize of job (KB)
...
006 (453.172.000) 2022-04-06 10:43:33 Image size of job updated: 775160
	318  -  MemoryUsage of job (MB)
	324752  -  ResidentSetSize of job (KB)
...
006 (453.172.000) 2022-04-06 11:23:36 Image size of job updated: 775160
	318  -  MemoryUsage of job (MB)
	324884  -  ResidentSetSize of job (KB)
...
006 (453.172.000) 2022-04-06 11:48:40 Image size of job updated: 775416
	318  -  MemoryUsage of job (MB)
	324884  -  ResidentSetSize of job (KB)
...
006 (453.172.000) 2022-04-06 12:03:41 Image size of job updated: 775416
	318  -  MemoryUsage of job (MB)
	325016  -  ResidentSetSize of job (KB)
...
006 (453.172.000) 2022-04-06 12:43:46 Image size of job updated: 775416
	318  -  MemoryUsage of job (MB)
	325148  -  ResidentSetSize of job (KB)
...
006 (453.172.000) 2022-04-06 13:08:48 Image size of job updated: 775672
	318  -  MemoryUsage of job (MB)
	325148  -  ResidentSetSize of job (KB)
...
006 (453.172.000) 2022-04-06 13:33:51 Image size of job updated: 775672
	318  -  MemoryUsage of job (MB)
	325280  -  ResidentSetSize of job (KB)
...
006 (453.172.000) 2022-04-06 14:13:55 Image size of job updated: 775672
	318  -  MemoryUsage of job (MB)
	325412  -  ResidentSetSize of job (KB)
...
006 (453.172.000) 2022-04-06 14:23:55 Image size of job updated: 775928
	318  -  MemoryUsage of job (MB)
	325412  -  ResidentSetSize of job (KB)
...
006 (453.172.000) 2022-04-06 14:48:58 Image size of job updated: 775928
	318  -  MemoryUsage of job (MB)
	325544  -  ResidentSetSize of job (KB)
...
006 (453.172.000) 2022-04-06 15:29:02 Image size of job updated: 775928
	319  -  MemoryUsage of job (MB)
	325676  -  ResidentSetSize of job (KB)
...
006 (453.172.000) 2022-04-06 15:39:04 Image size of job updated: 776184
	319  -  MemoryUsage of job (MB)
	325676  -  ResidentSetSize of job (KB)
...
006 (453.172.000) 2022-04-06 16:19:08 Image size of job updated: 776184
	319  -  MemoryUsage of job (MB)
	325808  -  ResidentSetSize of job (KB)
...
006 (453.172.000) 2022-04-06 16:59:12 Image size of job updated: 776184
	319  -  MemoryUsage of job (MB)
	325940  -  ResidentSetSize of job (KB)
...
006 (453.172.000) 2022-04-06 17:09:14 Image size of job updated: 776440
	319  -  MemoryUsage of job (MB)
	325940  -  ResidentSetSize of job (KB)
...
006 (453.172.000) 2022-04-06 17:34:16 Image size of job updated: 776440
	319  -  MemoryUsage of job (MB)
	326072  -  ResidentSetSize of job (KB)
...
006 (453.172.000) 2022-04-06 18:14:21 Image size of job updated: 776440
	319  -  MemoryUsage of job (MB)
	326204  -  ResidentSetSize of job (KB)
...
006 (453.172.000) 2022-04-06 18:29:23 Image size of job updated: 776696
	319  -  MemoryUsage of job (MB)
	326204  -  ResidentSetSize of job (KB)
...
006 (453.172.000) 2022-04-06 19:04:27 Image size of job updated: 776696
	319  -  MemoryUsage of job (MB)
	326336  -  ResidentSetSize of job (KB)
...
006 (453.172.000) 2022-04-06 19:29:30 Image size of job updated: 776696
	319  -  MemoryUsage of job (MB)
	326468  -  ResidentSetSize of job (KB)
...
006 (453.172.000) 2022-04-06 19:44:32 Image size of job updated: 776952
	319  -  MemoryUsage of job (MB)
	326468  -  ResidentSetSize of job (KB)
...
006 (453.172.000) 2022-04-06 20:19:36 Image size of job updated: 776952
	319  -  MemoryUsage of job (MB)
	326600  -  ResidentSetSize of job (KB)
...
006 (453.172.000) 2022-04-06 22:39:52 Image size of job updated: 776952
	320  -  MemoryUsage of job (MB)
	326732  -  ResidentSetSize of job (KB)
...
006 (453.172.000) 2022-04-06 22:54:54 Image size of job updated: 777208
	320  -  MemoryUsage of job (MB)
	326732  -  ResidentSetSize of job (KB)
...
006 (453.172.000) 2022-04-06 23:29:58 Image size of job updated: 777208
	320  -  MemoryUsage of job (MB)
	326864  -  ResidentSetSize of job (KB)
...
006 (453.172.000) 2022-04-07 00:20:03 Image size of job updated: 777464
	320  -  MemoryUsage of job (MB)
	326996  -  ResidentSetSize of job (KB)
...
006 (453.172.000) 2022-04-07 01:00:07 Image size of job updated: 777464
	320  -  MemoryUsage of job (MB)
	327128  -  ResidentSetSize of job (KB)
...
006 (453.172.000) 2022-04-07 01:55:13 Image size of job updated: 777720
	320  -  MemoryUsage of job (MB)
	327260  -  ResidentSetSize of job (KB)
...
006 (453.172.000) 2022-04-07 02:45:18 Image size of job updated: 777720
	320  -  MemoryUsage of job (MB)
	327392  -  ResidentSetSize of job (KB)
...
006 (453.172.000) 2022-04-07 03:25:22 Image size of job updated: 777976
	320  -  MemoryUsage of job (MB)
	327524  -  ResidentSetSize of job (KB)
...
006 (453.172.000) 2022-04-07 04:15:27 Image size of job updated: 777976
	320  -  MemoryUsage of job (MB)
	327656  -  ResidentSetSize of job (KB)
...
006 (453.172.000) 2022-04-07 04:55:32 Image size of job updated: 778232
	321  -  MemoryUsage of job (MB)
	327788  -  ResidentSetSize of job (KB)
...
006 (453.172.000) 2022-04-07 05:45:38 Image size of job updated: 778232
	321  -  MemoryUsage of job (MB)
	327920  -  ResidentSetSize of job (KB)
...
006 (453.172.000) 2022-04-07 06:25:43 Image size of job updated: 778488
	321  -  MemoryUsage of job (MB)
	328052  -  ResidentSetSize of job (KB)
...
006 (453.172.000) 2022-04-07 07:15:48 Image size of job updated: 778488
	321  -  MemoryUsage of job (MB)
	328184  -  ResidentSetSize of job (KB)
...
006 (453.172.000) 2022-04-07 07:55:51 Image size of job updated: 778744
	321  -  MemoryUsage of job (MB)
	328184  -  ResidentSetSize of job (KB)
...
006 (453.172.000) 2022-04-07 08:10:53 Image size of job updated: 778744
	321  -  MemoryUsage of job (MB)
	328316  -  ResidentSetSize of job (KB)
...
006 (453.172.000) 2022-04-07 08:50:56 Image size of job updated: 778744
	321  -  MemoryUsage of job (MB)
	328448  -  ResidentSetSize of job (KB)
...
006 (453.172.000) 2022-04-07 09:31:01 Image size of job updated: 779000
	321  -  MemoryUsage of job (MB)
	328448  -  ResidentSetSize of job (KB)
...
006 (453.172.000) 2022-04-07 09:41:02 Image size of job updated: 779000
	321  -  MemoryUsage of job (MB)
	328580  -  ResidentSetSize of job (KB)
...
006 (453.172.000) 2022-04-07 10:21:06 Image size of job updated: 779000
	322  -  MemoryUsage of job (MB)
	328712  -  ResidentSetSize of job (KB)
...
006 (453.172.000) 2022-04-07 10:56:10 Image size of job updated: 779256
	322  -  MemoryUsage of job (MB)
	328712  -  ResidentSetSize of job (KB)
...
006 (453.172.000) 2022-04-07 11:11:12 Image size of job updated: 779256
	322  -  MemoryUsage of job (MB)
	328844  -  ResidentSetSize of job (KB)
...
006 (453.172.000) 2022-04-07 12:06:18 Image size of job updated: 779256
	322  -  MemoryUsage of job (MB)
	328976  -  ResidentSetSize of job (KB)
...
006 (453.172.000) 2022-04-07 12:31:22 Image size of job updated: 779512
	322  -  MemoryUsage of job (MB)
	328976  -  ResidentSetSize of job (KB)
...
006 (453.172.000) 2022-04-07 12:41:22 Image size of job updated: 779512
	322  -  MemoryUsage of job (MB)
	329108  -  ResidentSetSize of job (KB)
...
006 (453.172.000) 2022-04-07 13:36:29 Image size of job updated: 779512
	322  -  MemoryUsage of job (MB)
	329240  -  ResidentSetSize of job (KB)
...
006 (453.172.000) 2022-04-07 14:01:32 Image size of job updated: 779768
	322  -  MemoryUsage of job (MB)
	329240  -  ResidentSetSize of job (KB)
...
005 (453.172.000) 2022-04-07 14:10:50 Job terminated.
	(1) Normal termination (return value 0)
		Usr 1 07:24:01, Sys 0 00:00:39  -  Run Remote Usage
		Usr 0 00:00:00, Sys 0 00:00:00  -  Run Local Usage
		Usr 1 07:24:01, Sys 0 00:00:39  -  Total Remote Usage
		Usr 0 00:00:00, Sys 0 00:00:00  -  Total Local Usage
	0  -  Run Bytes Sent By Job
	0  -  Run Bytes Received By Job
	0  -  Total Bytes Sent By Job
	0  -  Total Bytes Received By Job
	Partitionable Resources :    Usage  Request Allocated 
	   Cpus                 :     1.00        1         1 
	   Disk (KB)            :  7500        7500     10999 
	   Memory (MB)          :   322        1024      1024 

	Job terminated of its own accord at 2022-04-07T12:10:49Z with exit-code 0.
...
