000 (453.338.000) 2022-04-05 18:55:38 Job submitted from host: <10.18.24.243:9618?addrs=10.18.24.243-9618&alias=ecoclusts01.bioclust.biologie.ens.fr&noUDP&sock=schedd_1052_29b8>
...
001 (453.338.000) 2022-04-06 09:08:28 Job executing on host: <10.18.24.176:9618?addrs=10.18.24.176-9618&alias=mcbsclust05.bioclust.biologie.ens.fr&noUDP&sock=startd_869_a3e3>
...
006 (453.338.000) 2022-04-06 09:08:36 Image size of job updated: 212512
	208  -  MemoryUsage of job (MB)
	212512  -  ResidentSetSize of job (KB)
...
006 (453.338.000) 2022-04-06 09:13:36 Image size of job updated: 741620
	317  -  MemoryUsage of job (MB)
	324072  -  ResidentSetSize of job (KB)
...
006 (453.338.000) 2022-04-06 09:18:36 Image size of job updated: 774388
	317  -  MemoryUsage of job (MB)
	324072  -  ResidentSetSize of job (KB)
...
006 (453.338.000) 2022-04-06 11:13:46 Image size of job updated: 774388
	317  -  MemoryUsage of job (MB)
	324160  -  ResidentSetSize of job (KB)
...
006 (453.338.000) 2022-04-06 11:38:49 Image size of job updated: 774644
	317  -  MemoryUsage of job (MB)
	324160  -  ResidentSetSize of job (KB)
...
006 (453.338.000) 2022-04-06 12:23:53 Image size of job updated: 774644
	317  -  MemoryUsage of job (MB)
	324292  -  ResidentSetSize of job (KB)
...
006 (453.338.000) 2022-04-06 13:08:58 Image size of job updated: 774644
	317  -  MemoryUsage of job (MB)
	324424  -  ResidentSetSize of job (KB)
...
006 (453.338.000) 2022-04-06 13:29:00 Image size of job updated: 774900
	317  -  MemoryUsage of job (MB)
	324424  -  ResidentSetSize of job (KB)
...
006 (453.338.000) 2022-04-06 14:39:07 Image size of job updated: 774900
	317  -  MemoryUsage of job (MB)
	324556  -  ResidentSetSize of job (KB)
...
006 (453.338.000) 2022-04-06 15:49:13 Image size of job updated: 775156
	318  -  MemoryUsage of job (MB)
	324688  -  ResidentSetSize of job (KB)
...
006 (453.338.000) 2022-04-06 16:54:19 Image size of job updated: 775156
	318  -  MemoryUsage of job (MB)
	324820  -  ResidentSetSize of job (KB)
...
006 (453.338.000) 2022-04-06 18:24:30 Image size of job updated: 775412
	318  -  MemoryUsage of job (MB)
	324952  -  ResidentSetSize of job (KB)
...
006 (453.338.000) 2022-04-06 19:34:38 Image size of job updated: 775412
	318  -  MemoryUsage of job (MB)
	325084  -  ResidentSetSize of job (KB)
...
006 (453.338.000) 2022-04-06 20:39:44 Image size of job updated: 775668
	318  -  MemoryUsage of job (MB)
	325216  -  ResidentSetSize of job (KB)
...
006 (453.338.000) 2022-04-06 21:49:52 Image size of job updated: 775668
	318  -  MemoryUsage of job (MB)
	325348  -  ResidentSetSize of job (KB)
...
006 (453.338.000) 2022-04-06 22:59:59 Image size of job updated: 775924
	318  -  MemoryUsage of job (MB)
	325348  -  ResidentSetSize of job (KB)
...
006 (453.338.000) 2022-04-06 23:20:01 Image size of job updated: 775924
	318  -  MemoryUsage of job (MB)
	325480  -  ResidentSetSize of job (KB)
...
006 (453.338.000) 2022-04-07 00:30:07 Image size of job updated: 775924
	318  -  MemoryUsage of job (MB)
	325612  -  ResidentSetSize of job (KB)
...
006 (453.338.000) 2022-04-07 01:15:10 Image size of job updated: 776180
	318  -  MemoryUsage of job (MB)
	325612  -  ResidentSetSize of job (KB)
...
006 (453.338.000) 2022-04-07 01:35:12 Image size of job updated: 776180
	319  -  MemoryUsage of job (MB)
	325744  -  ResidentSetSize of job (KB)
...
006 (453.338.000) 2022-04-07 02:45:19 Image size of job updated: 776180
	319  -  MemoryUsage of job (MB)
	325876  -  ResidentSetSize of job (KB)
...
006 (453.338.000) 2022-04-07 03:50:26 Image size of job updated: 776436
	319  -  MemoryUsage of job (MB)
	326008  -  ResidentSetSize of job (KB)
...
006 (453.338.000) 2022-04-07 05:20:36 Image size of job updated: 776436
	319  -  MemoryUsage of job (MB)
	326140  -  ResidentSetSize of job (KB)
...
006 (453.338.000) 2022-04-07 06:05:42 Image size of job updated: 776692
	319  -  MemoryUsage of job (MB)
	326140  -  ResidentSetSize of job (KB)
...
006 (453.338.000) 2022-04-07 06:25:44 Image size of job updated: 776692
	319  -  MemoryUsage of job (MB)
	326272  -  ResidentSetSize of job (KB)
...
006 (453.338.000) 2022-04-07 07:35:52 Image size of job updated: 776692
	319  -  MemoryUsage of job (MB)
	326404  -  ResidentSetSize of job (KB)
...
006 (453.338.000) 2022-04-07 08:20:57 Image size of job updated: 776948
	319  -  MemoryUsage of job (MB)
	326404  -  ResidentSetSize of job (KB)
...
006 (453.338.000) 2022-04-07 09:06:02 Image size of job updated: 776948
	319  -  MemoryUsage of job (MB)
	326536  -  ResidentSetSize of job (KB)
...
006 (453.338.000) 2022-04-07 09:51:07 Image size of job updated: 776948
	320  -  MemoryUsage of job (MB)
	326668  -  ResidentSetSize of job (KB)
...
006 (453.338.000) 2022-04-07 14:01:36 Image size of job updated: 777204
	320  -  MemoryUsage of job (MB)
	326748  -  ResidentSetSize of job (KB)
...
006 (453.338.000) 2022-04-07 15:06:44 Image size of job updated: 777204
	320  -  MemoryUsage of job (MB)
	326880  -  ResidentSetSize of job (KB)
...
006 (453.338.000) 2022-04-07 16:36:54 Image size of job updated: 777460
	320  -  MemoryUsage of job (MB)
	327012  -  ResidentSetSize of job (KB)
...
006 (453.338.000) 2022-04-07 18:07:03 Image size of job updated: 777460
	320  -  MemoryUsage of job (MB)
	327144  -  ResidentSetSize of job (KB)
...
006 (453.338.000) 2022-04-07 19:17:09 Image size of job updated: 777716
	320  -  MemoryUsage of job (MB)
	327276  -  ResidentSetSize of job (KB)
...
006 (453.338.000) 2022-04-07 20:47:19 Image size of job updated: 777716
	320  -  MemoryUsage of job (MB)
	327408  -  ResidentSetSize of job (KB)
...
006 (453.338.000) 2022-04-07 21:52:27 Image size of job updated: 777972
	320  -  MemoryUsage of job (MB)
	327540  -  ResidentSetSize of job (KB)
...
006 (453.338.000) 2022-04-07 23:22:37 Image size of job updated: 777972
	320  -  MemoryUsage of job (MB)
	327672  -  ResidentSetSize of job (KB)
...
006 (453.338.000) 2022-04-08 00:32:43 Image size of job updated: 778228
	320  -  MemoryUsage of job (MB)
	327672  -  ResidentSetSize of job (KB)
...
006 (453.338.000) 2022-04-08 00:52:45 Image size of job updated: 778228
	321  -  MemoryUsage of job (MB)
	327804  -  ResidentSetSize of job (KB)
...
006 (453.338.000) 2022-04-08 02:02:53 Image size of job updated: 778228
	321  -  MemoryUsage of job (MB)
	327936  -  ResidentSetSize of job (KB)
...
006 (453.338.000) 2022-04-08 03:07:59 Image size of job updated: 778484
	321  -  MemoryUsage of job (MB)
	327936  -  ResidentSetSize of job (KB)
...
006 (453.338.000) 2022-04-08 03:33:02 Image size of job updated: 778484
	321  -  MemoryUsage of job (MB)
	328068  -  ResidentSetSize of job (KB)
...
006 (453.338.000) 2022-04-08 04:38:09 Image size of job updated: 778484
	321  -  MemoryUsage of job (MB)
	328200  -  ResidentSetSize of job (KB)
...
006 (453.338.000) 2022-04-08 05:48:16 Image size of job updated: 778740
	321  -  MemoryUsage of job (MB)
	328200  -  ResidentSetSize of job (KB)
...
006 (453.338.000) 2022-04-08 06:08:18 Image size of job updated: 778740
	321  -  MemoryUsage of job (MB)
	328332  -  ResidentSetSize of job (KB)
...
006 (453.338.000) 2022-04-08 07:38:28 Image size of job updated: 778740
	321  -  MemoryUsage of job (MB)
	328464  -  ResidentSetSize of job (KB)
...
006 (453.338.000) 2022-04-08 08:23:32 Image size of job updated: 778996
	321  -  MemoryUsage of job (MB)
	328464  -  ResidentSetSize of job (KB)
...
006 (453.338.000) 2022-04-08 08:48:36 Image size of job updated: 778996
	321  -  MemoryUsage of job (MB)
	328596  -  ResidentSetSize of job (KB)
...
006 (453.338.000) 2022-04-08 10:18:44 Image size of job updated: 778996
	322  -  MemoryUsage of job (MB)
	328728  -  ResidentSetSize of job (KB)
...
006 (453.338.000) 2022-04-08 11:03:48 Image size of job updated: 779252
	322  -  MemoryUsage of job (MB)
	328728  -  ResidentSetSize of job (KB)
...
006 (453.338.000) 2022-04-08 11:48:52 Image size of job updated: 779252
	322  -  MemoryUsage of job (MB)
	328860  -  ResidentSetSize of job (KB)
...
006 (453.338.000) 2022-04-08 12:58:58 Image size of job updated: 779252
	322  -  MemoryUsage of job (MB)
	328992  -  ResidentSetSize of job (KB)
...
006 (453.338.000) 2022-04-08 13:44:03 Image size of job updated: 779508
	322  -  MemoryUsage of job (MB)
	328992  -  ResidentSetSize of job (KB)
...
006 (453.338.000) 2022-04-08 14:24:07 Image size of job updated: 779508
	322  -  MemoryUsage of job (MB)
	329124  -  ResidentSetSize of job (KB)
...
006 (453.338.000) 2022-04-08 15:29:14 Image size of job updated: 779508
	322  -  MemoryUsage of job (MB)
	329256  -  ResidentSetSize of job (KB)
...
006 (453.338.000) 2022-04-08 16:09:17 Image size of job updated: 779764
	322  -  MemoryUsage of job (MB)
	329256  -  ResidentSetSize of job (KB)
...
005 (453.338.000) 2022-04-08 16:23:56 Job terminated.
	(1) Normal termination (return value 0)
		Usr 2 07:09:09, Sys 0 00:00:16  -  Run Remote Usage
		Usr 0 00:00:00, Sys 0 00:00:00  -  Run Local Usage
		Usr 2 07:09:09, Sys 0 00:00:16  -  Total Remote Usage
		Usr 0 00:00:00, Sys 0 00:00:00  -  Total Local Usage
	0  -  Run Bytes Sent By Job
	0  -  Run Bytes Received By Job
	0  -  Total Bytes Sent By Job
	0  -  Total Bytes Received By Job
	Partitionable Resources :    Usage  Request Allocated 
	   Cpus                 :     1.00        1         1 
	   Disk (KB)            :  7500        7500     11001 
	   Memory (MB)          :   322        1024      1024 

	Job terminated of its own accord at 2022-04-08T14:23:56Z with exit-code 0.
...
