000 (453.245.000) 2022-04-05 18:55:37 Job submitted from host: <10.18.24.243:9618?addrs=10.18.24.243-9618&alias=ecoclusts01.bioclust.biologie.ens.fr&noUDP&sock=schedd_1052_29b8>
...
001 (453.245.000) 2022-04-06 07:42:05 Job executing on host: <10.18.24.3:9618?addrs=10.18.24.3-9618&alias=bioclust03.bioclust.biologie.ens.fr&noUDP&sock=startd_1043_fd5e>
...
006 (453.245.000) 2022-04-06 07:42:14 Image size of job updated: 197716
	46  -  MemoryUsage of job (MB)
	46676  -  ResidentSetSize of job (KB)
...
006 (453.245.000) 2022-04-06 07:47:15 Image size of job updated: 793008
	317  -  MemoryUsage of job (MB)
	324108  -  ResidentSetSize of job (KB)
...
006 (453.245.000) 2022-04-06 09:27:26 Image size of job updated: 793008
	317  -  MemoryUsage of job (MB)
	324196  -  ResidentSetSize of job (KB)
...
006 (453.245.000) 2022-04-06 09:32:26 Image size of job updated: 793008
	317  -  MemoryUsage of job (MB)
	324328  -  ResidentSetSize of job (KB)
...
006 (453.245.000) 2022-04-06 09:37:26 Image size of job updated: 793008
	317  -  MemoryUsage of job (MB)
	324460  -  ResidentSetSize of job (KB)
...
006 (453.245.000) 2022-04-06 09:52:27 Image size of job updated: 793008
	317  -  MemoryUsage of job (MB)
	324592  -  ResidentSetSize of job (KB)
...
006 (453.245.000) 2022-04-06 09:57:28 Image size of job updated: 793008
	318  -  MemoryUsage of job (MB)
	324724  -  ResidentSetSize of job (KB)
...
006 (453.245.000) 2022-04-06 10:07:29 Image size of job updated: 793008
	318  -  MemoryUsage of job (MB)
	324856  -  ResidentSetSize of job (KB)
...
006 (453.245.000) 2022-04-06 10:22:31 Image size of job updated: 793008
	318  -  MemoryUsage of job (MB)
	324988  -  ResidentSetSize of job (KB)
...
006 (453.245.000) 2022-04-06 10:27:31 Image size of job updated: 793008
	318  -  MemoryUsage of job (MB)
	325120  -  ResidentSetSize of job (KB)
...
006 (453.245.000) 2022-04-06 10:37:32 Image size of job updated: 793008
	318  -  MemoryUsage of job (MB)
	325252  -  ResidentSetSize of job (KB)
...
006 (453.245.000) 2022-04-06 10:42:32 Image size of job updated: 793008
	318  -  MemoryUsage of job (MB)
	325384  -  ResidentSetSize of job (KB)
...
006 (453.245.000) 2022-04-06 10:52:34 Image size of job updated: 793008
	318  -  MemoryUsage of job (MB)
	325516  -  ResidentSetSize of job (KB)
...
006 (453.245.000) 2022-04-06 11:02:35 Image size of job updated: 793008
	319  -  MemoryUsage of job (MB)
	325648  -  ResidentSetSize of job (KB)
...
006 (453.245.000) 2022-04-06 11:12:36 Image size of job updated: 793008
	319  -  MemoryUsage of job (MB)
	325780  -  ResidentSetSize of job (KB)
...
006 (453.245.000) 2022-04-06 11:22:37 Image size of job updated: 793008
	319  -  MemoryUsage of job (MB)
	325912  -  ResidentSetSize of job (KB)
...
006 (453.245.000) 2022-04-06 11:32:37 Image size of job updated: 793008
	319  -  MemoryUsage of job (MB)
	326044  -  ResidentSetSize of job (KB)
...
006 (453.245.000) 2022-04-06 11:42:39 Image size of job updated: 793008
	319  -  MemoryUsage of job (MB)
	326176  -  ResidentSetSize of job (KB)
...
006 (453.245.000) 2022-04-06 11:52:40 Image size of job updated: 793008
	319  -  MemoryUsage of job (MB)
	326308  -  ResidentSetSize of job (KB)
...
006 (453.245.000) 2022-04-06 12:02:41 Image size of job updated: 793008
	319  -  MemoryUsage of job (MB)
	326440  -  ResidentSetSize of job (KB)
...
006 (453.245.000) 2022-04-06 12:12:42 Image size of job updated: 793008
	319  -  MemoryUsage of job (MB)
	326572  -  ResidentSetSize of job (KB)
...
006 (453.245.000) 2022-04-06 12:47:46 Image size of job updated: 793008
	320  -  MemoryUsage of job (MB)
	326704  -  ResidentSetSize of job (KB)
...
006 (453.245.000) 2022-04-06 13:02:48 Image size of job updated: 793008
	320  -  MemoryUsage of job (MB)
	326836  -  ResidentSetSize of job (KB)
...
006 (453.245.000) 2022-04-06 13:17:49 Image size of job updated: 793008
	320  -  MemoryUsage of job (MB)
	326968  -  ResidentSetSize of job (KB)
...
006 (453.245.000) 2022-04-06 13:27:50 Image size of job updated: 793008
	320  -  MemoryUsage of job (MB)
	327100  -  ResidentSetSize of job (KB)
...
006 (453.245.000) 2022-04-06 13:42:51 Image size of job updated: 793008
	320  -  MemoryUsage of job (MB)
	327232  -  ResidentSetSize of job (KB)
...
006 (453.245.000) 2022-04-06 13:52:52 Image size of job updated: 793008
	320  -  MemoryUsage of job (MB)
	327364  -  ResidentSetSize of job (KB)
...
006 (453.245.000) 2022-04-06 14:02:53 Image size of job updated: 793008
	320  -  MemoryUsage of job (MB)
	327496  -  ResidentSetSize of job (KB)
...
006 (453.245.000) 2022-04-06 14:17:55 Image size of job updated: 793008
	320  -  MemoryUsage of job (MB)
	327628  -  ResidentSetSize of job (KB)
...
006 (453.245.000) 2022-04-06 14:27:56 Image size of job updated: 793008
	321  -  MemoryUsage of job (MB)
	327760  -  ResidentSetSize of job (KB)
...
006 (453.245.000) 2022-04-06 14:42:57 Image size of job updated: 793008
	321  -  MemoryUsage of job (MB)
	327892  -  ResidentSetSize of job (KB)
...
006 (453.245.000) 2022-04-06 14:52:58 Image size of job updated: 793008
	321  -  MemoryUsage of job (MB)
	328024  -  ResidentSetSize of job (KB)
...
006 (453.245.000) 2022-04-06 15:07:59 Image size of job updated: 793008
	321  -  MemoryUsage of job (MB)
	328156  -  ResidentSetSize of job (KB)
...
006 (453.245.000) 2022-04-06 15:23:01 Image size of job updated: 793008
	321  -  MemoryUsage of job (MB)
	328288  -  ResidentSetSize of job (KB)
...
006 (453.245.000) 2022-04-06 15:38:03 Image size of job updated: 793008
	321  -  MemoryUsage of job (MB)
	328420  -  ResidentSetSize of job (KB)
...
006 (453.245.000) 2022-04-06 15:53:05 Image size of job updated: 793008
	321  -  MemoryUsage of job (MB)
	328552  -  ResidentSetSize of job (KB)
...
006 (453.245.000) 2022-04-06 16:03:05 Image size of job updated: 793008
	321  -  MemoryUsage of job (MB)
	328684  -  ResidentSetSize of job (KB)
...
006 (453.245.000) 2022-04-06 16:13:06 Image size of job updated: 793008
	322  -  MemoryUsage of job (MB)
	328816  -  ResidentSetSize of job (KB)
...
006 (453.245.000) 2022-04-06 16:28:08 Image size of job updated: 793008
	322  -  MemoryUsage of job (MB)
	328948  -  ResidentSetSize of job (KB)
...
006 (453.245.000) 2022-04-06 16:38:09 Image size of job updated: 793008
	322  -  MemoryUsage of job (MB)
	329080  -  ResidentSetSize of job (KB)
...
006 (453.245.000) 2022-04-06 16:53:10 Image size of job updated: 793008
	322  -  MemoryUsage of job (MB)
	329212  -  ResidentSetSize of job (KB)
...
005 (453.245.000) 2022-04-06 17:03:36 Job terminated.
	(1) Normal termination (return value 0)
		Usr 0 09:16:32, Sys 0 00:03:27  -  Run Remote Usage
		Usr 0 00:00:00, Sys 0 00:00:00  -  Run Local Usage
		Usr 0 09:16:32, Sys 0 00:03:27  -  Total Remote Usage
		Usr 0 00:00:00, Sys 0 00:00:00  -  Total Local Usage
	0  -  Run Bytes Sent By Job
	0  -  Run Bytes Received By Job
	0  -  Total Bytes Sent By Job
	0  -  Total Bytes Received By Job
	Partitionable Resources :    Usage  Request Allocated 
	   Cpus                 :     1.00        1         1 
	   Disk (KB)            :  7500        7500     10998 
	   Memory (MB)          :   322        1024      1024 

	Job terminated of its own accord at 2022-04-06T15:03:36Z with exit-code 0.
...
