000 (453.643.000) 2022-04-05 18:55:39 Job submitted from host: <10.18.24.243:9618?addrs=10.18.24.243-9618&alias=ecoclusts01.bioclust.biologie.ens.fr&noUDP&sock=schedd_1052_29b8>
...
001 (453.643.000) 2022-04-06 14:15:35 Job executing on host: <10.18.24.137:9618?addrs=10.18.24.137-9618&alias=dyoclust10.bioclust.biologie.ens.fr&noUDP&sock=startd_830_e3b2>
...
006 (453.643.000) 2022-04-06 14:15:44 Image size of job updated: 90768
	89  -  MemoryUsage of job (MB)
	90768  -  ResidentSetSize of job (KB)
...
006 (453.643.000) 2022-04-06 14:20:44 Image size of job updated: 741880
	284  -  MemoryUsage of job (MB)
	290796  -  ResidentSetSize of job (KB)
...
006 (453.643.000) 2022-04-06 14:25:44 Image size of job updated: 774648
	317  -  MemoryUsage of job (MB)
	324312  -  ResidentSetSize of job (KB)
...
006 (453.643.000) 2022-04-06 14:55:47 Image size of job updated: 774904
	317  -  MemoryUsage of job (MB)
	324576  -  ResidentSetSize of job (KB)
...
006 (453.643.000) 2022-04-06 15:00:47 Image size of job updated: 775160
	318  -  MemoryUsage of job (MB)
	324708  -  ResidentSetSize of job (KB)
...
006 (453.643.000) 2022-04-06 15:05:48 Image size of job updated: 775416
	318  -  MemoryUsage of job (MB)
	324840  -  ResidentSetSize of job (KB)
...
006 (453.643.000) 2022-04-06 15:10:49 Image size of job updated: 775416
	318  -  MemoryUsage of job (MB)
	325104  -  ResidentSetSize of job (KB)
...
006 (453.643.000) 2022-04-06 15:15:49 Image size of job updated: 775672
	318  -  MemoryUsage of job (MB)
	325368  -  ResidentSetSize of job (KB)
...
006 (453.643.000) 2022-04-06 15:20:49 Image size of job updated: 775928
	318  -  MemoryUsage of job (MB)
	325500  -  ResidentSetSize of job (KB)
...
006 (453.643.000) 2022-04-06 15:25:50 Image size of job updated: 776184
	318  -  MemoryUsage of job (MB)
	325632  -  ResidentSetSize of job (KB)
...
006 (453.643.000) 2022-04-06 15:30:50 Image size of job updated: 776184
	319  -  MemoryUsage of job (MB)
	325896  -  ResidentSetSize of job (KB)
...
006 (453.643.000) 2022-04-06 15:35:50 Image size of job updated: 776440
	319  -  MemoryUsage of job (MB)
	326028  -  ResidentSetSize of job (KB)
...
006 (453.643.000) 2022-04-06 15:40:51 Image size of job updated: 776696
	319  -  MemoryUsage of job (MB)
	326292  -  ResidentSetSize of job (KB)
...
006 (453.643.000) 2022-04-06 15:45:52 Image size of job updated: 776952
	319  -  MemoryUsage of job (MB)
	326424  -  ResidentSetSize of job (KB)
...
006 (453.643.000) 2022-04-06 15:50:52 Image size of job updated: 776952
	319  -  MemoryUsage of job (MB)
	326556  -  ResidentSetSize of job (KB)
...
006 (453.643.000) 2022-04-06 16:00:53 Image size of job updated: 776952
	320  -  MemoryUsage of job (MB)
	326688  -  ResidentSetSize of job (KB)
...
006 (453.643.000) 2022-04-06 16:05:53 Image size of job updated: 777208
	320  -  MemoryUsage of job (MB)
	326820  -  ResidentSetSize of job (KB)
...
006 (453.643.000) 2022-04-06 16:10:53 Image size of job updated: 777464
	320  -  MemoryUsage of job (MB)
	326952  -  ResidentSetSize of job (KB)
...
006 (453.643.000) 2022-04-06 16:15:54 Image size of job updated: 777464
	320  -  MemoryUsage of job (MB)
	327216  -  ResidentSetSize of job (KB)
...
006 (453.643.000) 2022-04-06 16:20:55 Image size of job updated: 777720
	320  -  MemoryUsage of job (MB)
	327348  -  ResidentSetSize of job (KB)
...
006 (453.643.000) 2022-04-06 16:25:55 Image size of job updated: 777976
	320  -  MemoryUsage of job (MB)
	327480  -  ResidentSetSize of job (KB)
...
006 (453.643.000) 2022-04-06 16:30:55 Image size of job updated: 777976
	320  -  MemoryUsage of job (MB)
	327612  -  ResidentSetSize of job (KB)
...
006 (453.643.000) 2022-04-06 16:35:56 Image size of job updated: 778232
	321  -  MemoryUsage of job (MB)
	327876  -  ResidentSetSize of job (KB)
...
006 (453.643.000) 2022-04-06 16:40:56 Image size of job updated: 778488
	321  -  MemoryUsage of job (MB)
	328008  -  ResidentSetSize of job (KB)
...
006 (453.643.000) 2022-04-06 16:45:56 Image size of job updated: 778488
	321  -  MemoryUsage of job (MB)
	328140  -  ResidentSetSize of job (KB)
...
006 (453.643.000) 2022-04-06 16:50:57 Image size of job updated: 778744
	321  -  MemoryUsage of job (MB)
	328272  -  ResidentSetSize of job (KB)
...
006 (453.643.000) 2022-04-06 16:55:58 Image size of job updated: 779000
	321  -  MemoryUsage of job (MB)
	328536  -  ResidentSetSize of job (KB)
...
006 (453.643.000) 2022-04-06 17:00:58 Image size of job updated: 779000
	321  -  MemoryUsage of job (MB)
	328668  -  ResidentSetSize of job (KB)
...
006 (453.643.000) 2022-04-06 17:05:59 Image size of job updated: 779256
	322  -  MemoryUsage of job (MB)
	328800  -  ResidentSetSize of job (KB)
...
006 (453.643.000) 2022-04-06 17:11:00 Image size of job updated: 779512
	322  -  MemoryUsage of job (MB)
	328932  -  ResidentSetSize of job (KB)
...
006 (453.643.000) 2022-04-06 17:16:00 Image size of job updated: 779512
	322  -  MemoryUsage of job (MB)
	329196  -  ResidentSetSize of job (KB)
...
006 (453.643.000) 2022-04-06 17:18:58 Image size of job updated: 779768
	322  -  MemoryUsage of job (MB)
	329196  -  ResidentSetSize of job (KB)
...
005 (453.643.000) 2022-04-06 17:18:58 Job terminated.
	(1) Normal termination (return value 0)
		Usr 0 03:01:00, Sys 0 00:00:24  -  Run Remote Usage
		Usr 0 00:00:00, Sys 0 00:00:00  -  Run Local Usage
		Usr 0 03:01:00, Sys 0 00:00:24  -  Total Remote Usage
		Usr 0 00:00:00, Sys 0 00:00:00  -  Total Local Usage
	0  -  Run Bytes Sent By Job
	0  -  Run Bytes Received By Job
	0  -  Total Bytes Sent By Job
	0  -  Total Bytes Received By Job
	Partitionable Resources :    Usage  Request Allocated 
	   Cpus                 :     1.00        1         1 
	   Disk (KB)            :  7500        7500     10999 
	   Memory (MB)          :   322        1024      1024 

	Job terminated of its own accord at 2022-04-06T15:18:58Z with exit-code 0.
...
