000 (453.347.000) 2022-04-05 18:55:38 Job submitted from host: <10.18.24.243:9618?addrs=10.18.24.243-9618&alias=ecoclusts01.bioclust.biologie.ens.fr&noUDP&sock=schedd_1052_29b8>
...
001 (453.347.000) 2022-04-06 09:12:27 Job executing on host: <10.18.24.12:9618?addrs=10.18.24.12-9618&alias=bioclust12.bioclust.biologie.ens.fr&noUDP&sock=startd_86046_fa3b>
...
006 (453.347.000) 2022-04-06 09:12:37 Image size of job updated: 124908
	75  -  MemoryUsage of job (MB)
	76668  -  ResidentSetSize of job (KB)
...
006 (453.347.000) 2022-04-06 09:17:37 Image size of job updated: 741880
	290  -  MemoryUsage of job (MB)
	296464  -  ResidentSetSize of job (KB)
...
006 (453.347.000) 2022-04-06 09:22:37 Image size of job updated: 741880
	317  -  MemoryUsage of job (MB)
	324408  -  ResidentSetSize of job (KB)
...
006 (453.347.000) 2022-04-06 09:27:39 Image size of job updated: 774648
	317  -  MemoryUsage of job (MB)
	324408  -  ResidentSetSize of job (KB)
...
006 (453.347.000) 2022-04-06 11:32:51 Image size of job updated: 774904
	317  -  MemoryUsage of job (MB)
	324408  -  ResidentSetSize of job (KB)
...
006 (453.347.000) 2022-04-06 11:37:51 Image size of job updated: 774904
	317  -  MemoryUsage of job (MB)
	324540  -  ResidentSetSize of job (KB)
...
006 (453.347.000) 2022-04-06 11:47:52 Image size of job updated: 775160
	318  -  MemoryUsage of job (MB)
	324672  -  ResidentSetSize of job (KB)
...
006 (453.347.000) 2022-04-06 11:57:52 Image size of job updated: 775160
	318  -  MemoryUsage of job (MB)
	324804  -  ResidentSetSize of job (KB)
...
006 (453.347.000) 2022-04-06 12:02:53 Image size of job updated: 775160
	318  -  MemoryUsage of job (MB)
	324936  -  ResidentSetSize of job (KB)
...
006 (453.347.000) 2022-04-06 12:07:53 Image size of job updated: 775416
	318  -  MemoryUsage of job (MB)
	324936  -  ResidentSetSize of job (KB)
...
006 (453.347.000) 2022-04-06 12:12:53 Image size of job updated: 775416
	318  -  MemoryUsage of job (MB)
	325068  -  ResidentSetSize of job (KB)
...
006 (453.347.000) 2022-04-06 12:17:54 Image size of job updated: 775672
	318  -  MemoryUsage of job (MB)
	325200  -  ResidentSetSize of job (KB)
...
006 (453.347.000) 2022-04-06 12:27:54 Image size of job updated: 775672
	318  -  MemoryUsage of job (MB)
	325332  -  ResidentSetSize of job (KB)
...
006 (453.347.000) 2022-04-06 12:32:55 Image size of job updated: 775928
	318  -  MemoryUsage of job (MB)
	325464  -  ResidentSetSize of job (KB)
...
006 (453.347.000) 2022-04-06 12:37:55 Image size of job updated: 775928
	318  -  MemoryUsage of job (MB)
	325596  -  ResidentSetSize of job (KB)
...
006 (453.347.000) 2022-04-06 12:42:55 Image size of job updated: 776184
	318  -  MemoryUsage of job (MB)
	325596  -  ResidentSetSize of job (KB)
...
006 (453.347.000) 2022-04-06 12:47:56 Image size of job updated: 776184
	319  -  MemoryUsage of job (MB)
	325728  -  ResidentSetSize of job (KB)
...
006 (453.347.000) 2022-04-06 12:52:57 Image size of job updated: 776184
	319  -  MemoryUsage of job (MB)
	325860  -  ResidentSetSize of job (KB)
...
006 (453.347.000) 2022-04-06 12:57:57 Image size of job updated: 776440
	319  -  MemoryUsage of job (MB)
	325992  -  ResidentSetSize of job (KB)
...
006 (453.347.000) 2022-04-06 13:02:58 Image size of job updated: 776440
	319  -  MemoryUsage of job (MB)
	326124  -  ResidentSetSize of job (KB)
...
006 (453.347.000) 2022-04-06 13:07:59 Image size of job updated: 776696
	319  -  MemoryUsage of job (MB)
	326124  -  ResidentSetSize of job (KB)
...
006 (453.347.000) 2022-04-06 13:12:59 Image size of job updated: 776696
	319  -  MemoryUsage of job (MB)
	326388  -  ResidentSetSize of job (KB)
...
006 (453.347.000) 2022-04-06 13:18:00 Image size of job updated: 776952
	319  -  MemoryUsage of job (MB)
	326388  -  ResidentSetSize of job (KB)
...
006 (453.347.000) 2022-04-06 13:23:00 Image size of job updated: 776952
	319  -  MemoryUsage of job (MB)
	326520  -  ResidentSetSize of job (KB)
...
006 (453.347.000) 2022-04-06 13:43:01 Image size of job updated: 776952
	319  -  MemoryUsage of job (MB)
	326612  -  ResidentSetSize of job (KB)
...
006 (453.347.000) 2022-04-06 13:48:02 Image size of job updated: 777208
	320  -  MemoryUsage of job (MB)
	326744  -  ResidentSetSize of job (KB)
...
006 (453.347.000) 2022-04-06 13:53:02 Image size of job updated: 777208
	320  -  MemoryUsage of job (MB)
	326876  -  ResidentSetSize of job (KB)
...
006 (453.347.000) 2022-04-06 14:03:03 Image size of job updated: 777464
	320  -  MemoryUsage of job (MB)
	327008  -  ResidentSetSize of job (KB)
...
006 (453.347.000) 2022-04-06 14:08:03 Image size of job updated: 777464
	320  -  MemoryUsage of job (MB)
	327140  -  ResidentSetSize of job (KB)
...
006 (453.347.000) 2022-04-06 14:18:04 Image size of job updated: 777720
	320  -  MemoryUsage of job (MB)
	327272  -  ResidentSetSize of job (KB)
...
006 (453.347.000) 2022-04-06 14:23:04 Image size of job updated: 777720
	320  -  MemoryUsage of job (MB)
	327404  -  ResidentSetSize of job (KB)
...
006 (453.347.000) 2022-04-06 14:28:04 Image size of job updated: 777976
	320  -  MemoryUsage of job (MB)
	327536  -  ResidentSetSize of job (KB)
...
006 (453.347.000) 2022-04-06 14:33:05 Image size of job updated: 777976
	320  -  MemoryUsage of job (MB)
	327668  -  ResidentSetSize of job (KB)
...
006 (453.347.000) 2022-04-06 14:38:06 Image size of job updated: 778232
	321  -  MemoryUsage of job (MB)
	327800  -  ResidentSetSize of job (KB)
...
006 (453.347.000) 2022-04-06 14:48:07 Image size of job updated: 778232
	321  -  MemoryUsage of job (MB)
	327932  -  ResidentSetSize of job (KB)
...
006 (453.347.000) 2022-04-06 14:53:08 Image size of job updated: 778488
	321  -  MemoryUsage of job (MB)
	328064  -  ResidentSetSize of job (KB)
...
006 (453.347.000) 2022-04-06 15:03:09 Image size of job updated: 778488
	321  -  MemoryUsage of job (MB)
	328196  -  ResidentSetSize of job (KB)
...
006 (453.347.000) 2022-04-06 15:08:10 Image size of job updated: 778744
	321  -  MemoryUsage of job (MB)
	328328  -  ResidentSetSize of job (KB)
...
006 (453.347.000) 2022-04-06 15:13:10 Image size of job updated: 779000
	321  -  MemoryUsage of job (MB)
	328460  -  ResidentSetSize of job (KB)
...
006 (453.347.000) 2022-04-06 15:18:11 Image size of job updated: 779000
	321  -  MemoryUsage of job (MB)
	328592  -  ResidentSetSize of job (KB)
...
006 (453.347.000) 2022-04-06 15:23:12 Image size of job updated: 779000
	322  -  MemoryUsage of job (MB)
	328724  -  ResidentSetSize of job (KB)
...
006 (453.347.000) 2022-04-06 15:28:12 Image size of job updated: 779256
	322  -  MemoryUsage of job (MB)
	328724  -  ResidentSetSize of job (KB)
...
006 (453.347.000) 2022-04-06 15:33:13 Image size of job updated: 779256
	322  -  MemoryUsage of job (MB)
	328856  -  ResidentSetSize of job (KB)
...
006 (453.347.000) 2022-04-06 15:38:14 Image size of job updated: 779512
	322  -  MemoryUsage of job (MB)
	328988  -  ResidentSetSize of job (KB)
...
006 (453.347.000) 2022-04-06 15:43:14 Image size of job updated: 779512
	322  -  MemoryUsage of job (MB)
	329120  -  ResidentSetSize of job (KB)
...
006 (453.347.000) 2022-04-06 15:48:15 Image size of job updated: 779512
	322  -  MemoryUsage of job (MB)
	329252  -  ResidentSetSize of job (KB)
...
006 (453.347.000) 2022-04-06 15:51:05 Image size of job updated: 779768
	322  -  MemoryUsage of job (MB)
	329252  -  ResidentSetSize of job (KB)
...
005 (453.347.000) 2022-04-06 15:51:05 Job terminated.
	(1) Normal termination (return value 0)
		Usr 0 06:33:02, Sys 0 00:02:14  -  Run Remote Usage
		Usr 0 00:00:00, Sys 0 00:00:00  -  Run Local Usage
		Usr 0 06:33:02, Sys 0 00:02:14  -  Total Remote Usage
		Usr 0 00:00:00, Sys 0 00:00:00  -  Total Local Usage
	0  -  Run Bytes Sent By Job
	0  -  Run Bytes Received By Job
	0  -  Total Bytes Sent By Job
	0  -  Total Bytes Received By Job
	Partitionable Resources :    Usage  Request Allocated 
	   Cpus                 :     1.00        1         1 
	   Disk (KB)            :  7500        7500     12108 
	   Memory (MB)          :   322        1024      1024 

	Job terminated of its own accord at 2022-04-06T13:51:05Z with exit-code 0.
...
