000 (453.070.000) 2022-04-05 18:55:36 Job submitted from host: <10.18.24.243:9618?addrs=10.18.24.243-9618&alias=ecoclusts01.bioclust.biologie.ens.fr&noUDP&sock=schedd_1052_29b8>
...
001 (453.070.000) 2022-04-06 05:09:59 Job executing on host: <10.18.24.137:9618?addrs=10.18.24.137-9618&alias=dyoclust10.bioclust.biologie.ens.fr&noUDP&sock=startd_830_e3b2>
...
006 (453.070.000) 2022-04-06 05:10:08 Image size of job updated: 184592
	181  -  MemoryUsage of job (MB)
	184592  -  ResidentSetSize of job (KB)
...
006 (453.070.000) 2022-04-06 05:15:08 Image size of job updated: 741876
	287  -  MemoryUsage of job (MB)
	292984  -  ResidentSetSize of job (KB)
...
006 (453.070.000) 2022-04-06 05:20:09 Image size of job updated: 774644
	317  -  MemoryUsage of job (MB)
	324364  -  ResidentSetSize of job (KB)
...
006 (453.070.000) 2022-04-06 05:55:13 Image size of job updated: 774900
	317  -  MemoryUsage of job (MB)
	324364  -  ResidentSetSize of job (KB)
...
006 (453.070.000) 2022-04-06 06:00:13 Image size of job updated: 774900
	318  -  MemoryUsage of job (MB)
	324628  -  ResidentSetSize of job (KB)
...
006 (453.070.000) 2022-04-06 06:05:13 Image size of job updated: 775156
	318  -  MemoryUsage of job (MB)
	324760  -  ResidentSetSize of job (KB)
...
006 (453.070.000) 2022-04-06 06:10:15 Image size of job updated: 775412
	318  -  MemoryUsage of job (MB)
	325024  -  ResidentSetSize of job (KB)
...
006 (453.070.000) 2022-04-06 06:15:15 Image size of job updated: 775668
	318  -  MemoryUsage of job (MB)
	325288  -  ResidentSetSize of job (KB)
...
006 (453.070.000) 2022-04-06 06:20:15 Image size of job updated: 775924
	318  -  MemoryUsage of job (MB)
	325420  -  ResidentSetSize of job (KB)
...
006 (453.070.000) 2022-04-06 06:25:16 Image size of job updated: 776180
	319  -  MemoryUsage of job (MB)
	325816  -  ResidentSetSize of job (KB)
...
006 (453.070.000) 2022-04-06 06:30:17 Image size of job updated: 776436
	319  -  MemoryUsage of job (MB)
	326080  -  ResidentSetSize of job (KB)
...
006 (453.070.000) 2022-04-06 06:35:17 Image size of job updated: 776692
	319  -  MemoryUsage of job (MB)
	326344  -  ResidentSetSize of job (KB)
...
006 (453.070.000) 2022-04-06 06:40:17 Image size of job updated: 776948
	319  -  MemoryUsage of job (MB)
	326468  -  ResidentSetSize of job (KB)
...
006 (453.070.000) 2022-04-06 06:50:19 Image size of job updated: 777204
	320  -  MemoryUsage of job (MB)
	326732  -  ResidentSetSize of job (KB)
...
006 (453.070.000) 2022-04-06 06:55:19 Image size of job updated: 777460
	320  -  MemoryUsage of job (MB)
	326996  -  ResidentSetSize of job (KB)
...
006 (453.070.000) 2022-04-06 07:00:20 Image size of job updated: 777716
	320  -  MemoryUsage of job (MB)
	327260  -  ResidentSetSize of job (KB)
...
006 (453.070.000) 2022-04-06 07:05:21 Image size of job updated: 777972
	320  -  MemoryUsage of job (MB)
	327524  -  ResidentSetSize of job (KB)
...
006 (453.070.000) 2022-04-06 07:10:21 Image size of job updated: 777972
	320  -  MemoryUsage of job (MB)
	327656  -  ResidentSetSize of job (KB)
...
006 (453.070.000) 2022-04-06 07:15:21 Image size of job updated: 778228
	321  -  MemoryUsage of job (MB)
	327920  -  ResidentSetSize of job (KB)
...
006 (453.070.000) 2022-04-06 07:20:22 Image size of job updated: 778484
	321  -  MemoryUsage of job (MB)
	328184  -  ResidentSetSize of job (KB)
...
006 (453.070.000) 2022-04-06 07:25:22 Image size of job updated: 778740
	321  -  MemoryUsage of job (MB)
	328316  -  ResidentSetSize of job (KB)
...
006 (453.070.000) 2022-04-06 07:30:22 Image size of job updated: 778996
	321  -  MemoryUsage of job (MB)
	328580  -  ResidentSetSize of job (KB)
...
006 (453.070.000) 2022-04-06 07:35:23 Image size of job updated: 779252
	322  -  MemoryUsage of job (MB)
	328844  -  ResidentSetSize of job (KB)
...
006 (453.070.000) 2022-04-06 07:40:24 Image size of job updated: 779508
	322  -  MemoryUsage of job (MB)
	328976  -  ResidentSetSize of job (KB)
...
005 (453.070.000) 2022-04-06 07:44:51 Job terminated.
	(1) Normal termination (return value 0)
		Usr 0 02:33:14, Sys 0 00:00:23  -  Run Remote Usage
		Usr 0 00:00:00, Sys 0 00:00:00  -  Run Local Usage
		Usr 0 02:33:14, Sys 0 00:00:23  -  Total Remote Usage
		Usr 0 00:00:00, Sys 0 00:00:00  -  Total Local Usage
	0  -  Run Bytes Sent By Job
	0  -  Run Bytes Received By Job
	0  -  Total Bytes Sent By Job
	0  -  Total Bytes Received By Job
	Partitionable Resources :    Usage  Request Allocated 
	   Cpus                 :     1.00        1         1 
	   Disk (KB)            :  7500        7500     10999 
	   Memory (MB)          :   322        1024      1024 

	Job terminated of its own accord at 2022-04-06T05:44:51Z with exit-code 0.
...
