000 (453.579.000) 2022-04-05 18:55:39 Job submitted from host: <10.18.24.243:9618?addrs=10.18.24.243-9618&alias=ecoclusts01.bioclust.biologie.ens.fr&noUDP&sock=schedd_1052_29b8>
...
001 (453.579.000) 2022-04-06 13:03:49 Job executing on host: <10.18.24.130:9618?addrs=10.18.24.130-9618&alias=dyoclust03.bioclust.biologie.ens.fr&noUDP&sock=startd_813_3a96>
...
006 (453.579.000) 2022-04-06 13:03:58 Image size of job updated: 99356
	98  -  MemoryUsage of job (MB)
	99356  -  ResidentSetSize of job (KB)
...
006 (453.579.000) 2022-04-06 13:08:59 Image size of job updated: 802916
	281  -  MemoryUsage of job (MB)
	286840  -  ResidentSetSize of job (KB)
...
006 (453.579.000) 2022-04-06 13:14:00 Image size of job updated: 802916
	317  -  MemoryUsage of job (MB)
	324364  -  ResidentSetSize of job (KB)
...
006 (453.579.000) 2022-04-06 13:49:04 Image size of job updated: 802916
	317  -  MemoryUsage of job (MB)
	324496  -  ResidentSetSize of job (KB)
...
006 (453.579.000) 2022-04-06 13:54:04 Image size of job updated: 802916
	318  -  MemoryUsage of job (MB)
	324628  -  ResidentSetSize of job (KB)
...
006 (453.579.000) 2022-04-06 13:59:04 Image size of job updated: 802916
	318  -  MemoryUsage of job (MB)
	324760  -  ResidentSetSize of job (KB)
...
006 (453.579.000) 2022-04-06 14:04:05 Image size of job updated: 802916
	318  -  MemoryUsage of job (MB)
	324892  -  ResidentSetSize of job (KB)
...
006 (453.579.000) 2022-04-06 14:09:05 Image size of job updated: 802916
	318  -  MemoryUsage of job (MB)
	325156  -  ResidentSetSize of job (KB)
...
006 (453.579.000) 2022-04-06 14:14:05 Image size of job updated: 802916
	318  -  MemoryUsage of job (MB)
	325288  -  ResidentSetSize of job (KB)
...
006 (453.579.000) 2022-04-06 14:19:06 Image size of job updated: 802916
	318  -  MemoryUsage of job (MB)
	325552  -  ResidentSetSize of job (KB)
...
006 (453.579.000) 2022-04-06 14:24:07 Image size of job updated: 802916
	319  -  MemoryUsage of job (MB)
	325684  -  ResidentSetSize of job (KB)
...
006 (453.579.000) 2022-04-06 14:29:07 Image size of job updated: 802916
	319  -  MemoryUsage of job (MB)
	325948  -  ResidentSetSize of job (KB)
...
006 (453.579.000) 2022-04-06 14:34:07 Image size of job updated: 802916
	319  -  MemoryUsage of job (MB)
	326080  -  ResidentSetSize of job (KB)
...
006 (453.579.000) 2022-04-06 14:39:09 Image size of job updated: 802916
	319  -  MemoryUsage of job (MB)
	326344  -  ResidentSetSize of job (KB)
...
006 (453.579.000) 2022-04-06 14:44:09 Image size of job updated: 802916
	319  -  MemoryUsage of job (MB)
	326476  -  ResidentSetSize of job (KB)
...
006 (453.579.000) 2022-04-06 14:49:09 Image size of job updated: 802916
	319  -  MemoryUsage of job (MB)
	326608  -  ResidentSetSize of job (KB)
...
006 (453.579.000) 2022-04-06 14:59:11 Image size of job updated: 802916
	320  -  MemoryUsage of job (MB)
	326740  -  ResidentSetSize of job (KB)
...
006 (453.579.000) 2022-04-06 15:04:12 Image size of job updated: 802916
	320  -  MemoryUsage of job (MB)
	326872  -  ResidentSetSize of job (KB)
...
006 (453.579.000) 2022-04-06 15:09:12 Image size of job updated: 802916
	320  -  MemoryUsage of job (MB)
	327136  -  ResidentSetSize of job (KB)
...
006 (453.579.000) 2022-04-06 15:14:12 Image size of job updated: 802916
	320  -  MemoryUsage of job (MB)
	327268  -  ResidentSetSize of job (KB)
...
006 (453.579.000) 2022-04-06 15:19:13 Image size of job updated: 802916
	320  -  MemoryUsage of job (MB)
	327400  -  ResidentSetSize of job (KB)
...
006 (453.579.000) 2022-04-06 15:24:14 Image size of job updated: 802916
	320  -  MemoryUsage of job (MB)
	327664  -  ResidentSetSize of job (KB)
...
006 (453.579.000) 2022-04-06 15:29:14 Image size of job updated: 802916
	321  -  MemoryUsage of job (MB)
	327796  -  ResidentSetSize of job (KB)
...
006 (453.579.000) 2022-04-06 15:34:14 Image size of job updated: 802916
	321  -  MemoryUsage of job (MB)
	327928  -  ResidentSetSize of job (KB)
...
006 (453.579.000) 2022-04-06 15:39:15 Image size of job updated: 802916
	321  -  MemoryUsage of job (MB)
	328192  -  ResidentSetSize of job (KB)
...
006 (453.579.000) 2022-04-06 15:44:16 Image size of job updated: 802916
	321  -  MemoryUsage of job (MB)
	328324  -  ResidentSetSize of job (KB)
...
006 (453.579.000) 2022-04-06 15:49:16 Image size of job updated: 802916
	321  -  MemoryUsage of job (MB)
	328588  -  ResidentSetSize of job (KB)
...
006 (453.579.000) 2022-04-06 15:54:16 Image size of job updated: 802916
	322  -  MemoryUsage of job (MB)
	328720  -  ResidentSetSize of job (KB)
...
006 (453.579.000) 2022-04-06 15:59:17 Image size of job updated: 802916
	322  -  MemoryUsage of job (MB)
	328852  -  ResidentSetSize of job (KB)
...
006 (453.579.000) 2022-04-06 16:04:18 Image size of job updated: 802916
	322  -  MemoryUsage of job (MB)
	329116  -  ResidentSetSize of job (KB)
...
005 (453.579.000) 2022-04-06 16:07:27 Job terminated.
	(1) Normal termination (return value 0)
		Usr 0 03:03:09, Sys 0 00:00:21  -  Run Remote Usage
		Usr 0 00:00:00, Sys 0 00:00:00  -  Run Local Usage
		Usr 0 03:03:09, Sys 0 00:00:21  -  Total Remote Usage
		Usr 0 00:00:00, Sys 0 00:00:00  -  Total Local Usage
	0  -  Run Bytes Sent By Job
	0  -  Run Bytes Received By Job
	0  -  Total Bytes Sent By Job
	0  -  Total Bytes Received By Job
	Partitionable Resources :    Usage  Request Allocated 
	   Cpus                 :     1.00        1         1 
	   Disk (KB)            :  7500        7500     10998 
	   Memory (MB)          :   322        1024      1024 

	Job terminated of its own accord at 2022-04-06T14:07:27Z with exit-code 0.
...
