000 (453.115.000) 2022-04-05 18:55:37 Job submitted from host: <10.18.24.243:9618?addrs=10.18.24.243-9618&alias=ecoclusts01.bioclust.biologie.ens.fr&noUDP&sock=schedd_1052_29b8>
...
001 (453.115.000) 2022-04-06 05:55:16 Job executing on host: <10.18.24.105:9618?addrs=10.18.24.105-9618&alias=ecoclust10.bioclust.biologie.ens.fr&noUDP&sock=startd_1068_233c>
...
006 (453.115.000) 2022-04-06 05:55:25 Image size of job updated: 124396
	64  -  MemoryUsage of job (MB)
	64532  -  ResidentSetSize of job (KB)
...
006 (453.115.000) 2022-04-06 06:00:26 Image size of job updated: 741624
	317  -  MemoryUsage of job (MB)
	324124  -  ResidentSetSize of job (KB)
...
006 (453.115.000) 2022-04-06 06:05:26 Image size of job updated: 741624
	317  -  MemoryUsage of job (MB)
	324148  -  ResidentSetSize of job (KB)
...
006 (453.115.000) 2022-04-06 06:15:28 Image size of job updated: 774392
	317  -  MemoryUsage of job (MB)
	324148  -  ResidentSetSize of job (KB)
...
006 (453.115.000) 2022-04-06 11:41:02 Image size of job updated: 774648
	317  -  MemoryUsage of job (MB)
	324148  -  ResidentSetSize of job (KB)
...
006 (453.115.000) 2022-04-06 13:01:11 Image size of job updated: 774648
	317  -  MemoryUsage of job (MB)
	324280  -  ResidentSetSize of job (KB)
...
006 (453.115.000) 2022-04-06 14:26:20 Image size of job updated: 774648
	317  -  MemoryUsage of job (MB)
	324412  -  ResidentSetSize of job (KB)
...
006 (453.115.000) 2022-04-06 15:11:23 Image size of job updated: 774904
	317  -  MemoryUsage of job (MB)
	324412  -  ResidentSetSize of job (KB)
...
006 (453.115.000) 2022-04-06 16:51:34 Image size of job updated: 774904
	317  -  MemoryUsage of job (MB)
	324544  -  ResidentSetSize of job (KB)
...
006 (453.115.000) 2022-04-06 19:01:47 Image size of job updated: 774904
	318  -  MemoryUsage of job (MB)
	324676  -  ResidentSetSize of job (KB)
...
006 (453.115.000) 2022-04-06 19:41:52 Image size of job updated: 775160
	318  -  MemoryUsage of job (MB)
	324676  -  ResidentSetSize of job (KB)
...
006 (453.115.000) 2022-04-06 21:47:04 Image size of job updated: 775160
	318  -  MemoryUsage of job (MB)
	324808  -  ResidentSetSize of job (KB)
...
006 (453.115.000) 2022-04-06 23:52:19 Image size of job updated: 775160
	318  -  MemoryUsage of job (MB)
	324940  -  ResidentSetSize of job (KB)
...
006 (453.115.000) 2022-04-07 00:32:22 Image size of job updated: 775416
	318  -  MemoryUsage of job (MB)
	324940  -  ResidentSetSize of job (KB)
...
006 (453.115.000) 2022-04-07 01:42:30 Image size of job updated: 775416
	318  -  MemoryUsage of job (MB)
	325072  -  ResidentSetSize of job (KB)
...
006 (453.115.000) 2022-04-07 04:02:44 Image size of job updated: 775672
	318  -  MemoryUsage of job (MB)
	325204  -  ResidentSetSize of job (KB)
...
006 (453.115.000) 2022-04-07 05:57:56 Image size of job updated: 775672
	318  -  MemoryUsage of job (MB)
	325336  -  ResidentSetSize of job (KB)
...
006 (453.115.000) 2022-04-07 07:43:08 Image size of job updated: 775928
	318  -  MemoryUsage of job (MB)
	325468  -  ResidentSetSize of job (KB)
...
006 (453.115.000) 2022-04-07 09:33:19 Image size of job updated: 775928
	318  -  MemoryUsage of job (MB)
	325600  -  ResidentSetSize of job (KB)
...
006 (453.115.000) 2022-04-07 11:28:30 Image size of job updated: 776184
	318  -  MemoryUsage of job (MB)
	325600  -  ResidentSetSize of job (KB)
...
006 (453.115.000) 2022-04-07 12:08:34 Image size of job updated: 776184
	319  -  MemoryUsage of job (MB)
	325732  -  ResidentSetSize of job (KB)
...
006 (453.115.000) 2022-04-07 14:03:47 Image size of job updated: 776184
	319  -  MemoryUsage of job (MB)
	325864  -  ResidentSetSize of job (KB)
...
006 (453.115.000) 2022-04-07 15:23:56 Image size of job updated: 776440
	319  -  MemoryUsage of job (MB)
	325864  -  ResidentSetSize of job (KB)
...
006 (453.115.000) 2022-04-07 15:53:58 Image size of job updated: 776440
	319  -  MemoryUsage of job (MB)
	325996  -  ResidentSetSize of job (KB)
...
006 (453.115.000) 2022-04-07 17:44:09 Image size of job updated: 776440
	319  -  MemoryUsage of job (MB)
	326128  -  ResidentSetSize of job (KB)
...
006 (453.115.000) 2022-04-07 19:29:20 Image size of job updated: 776696
	319  -  MemoryUsage of job (MB)
	326128  -  ResidentSetSize of job (KB)
...
006 (453.115.000) 2022-04-07 19:59:22 Image size of job updated: 776696
	319  -  MemoryUsage of job (MB)
	326260  -  ResidentSetSize of job (KB)
...
006 (453.115.000) 2022-04-07 21:14:31 Image size of job updated: 776696
	319  -  MemoryUsage of job (MB)
	326392  -  ResidentSetSize of job (KB)
...
006 (453.115.000) 2022-04-07 23:24:45 Image size of job updated: 776952
	319  -  MemoryUsage of job (MB)
	326392  -  ResidentSetSize of job (KB)
...
006 (453.115.000) 2022-04-08 00:09:49 Image size of job updated: 776952
	319  -  MemoryUsage of job (MB)
	326524  -  ResidentSetSize of job (KB)
...
006 (453.115.000) 2022-04-08 02:00:01 Image size of job updated: 776952
	319  -  MemoryUsage of job (MB)
	326656  -  ResidentSetSize of job (KB)
...
006 (453.115.000) 2022-04-08 07:55:38 Image size of job updated: 777208
	319  -  MemoryUsage of job (MB)
	326656  -  ResidentSetSize of job (KB)
...
006 (453.115.000) 2022-04-08 08:30:41 Image size of job updated: 777208
	320  -  MemoryUsage of job (MB)
	326748  -  ResidentSetSize of job (KB)
...
006 (453.115.000) 2022-04-08 10:30:52 Image size of job updated: 777208
	320  -  MemoryUsage of job (MB)
	326880  -  ResidentSetSize of job (KB)
...
006 (453.115.000) 2022-04-08 13:26:10 Image size of job updated: 777464
	320  -  MemoryUsage of job (MB)
	327012  -  ResidentSetSize of job (KB)
...
006 (453.115.000) 2022-04-08 14:41:17 Image size of job updated: 777464
	320  -  MemoryUsage of job (MB)
	327144  -  ResidentSetSize of job (KB)
...
006 (453.115.000) 2022-04-08 16:41:30 Image size of job updated: 777720
	320  -  MemoryUsage of job (MB)
	327276  -  ResidentSetSize of job (KB)
...
006 (453.115.000) 2022-04-08 18:01:38 Image size of job updated: 777720
	320  -  MemoryUsage of job (MB)
	327408  -  ResidentSetSize of job (KB)
...
006 (453.115.000) 2022-04-08 18:56:44 Image size of job updated: 777976
	320  -  MemoryUsage of job (MB)
	327540  -  ResidentSetSize of job (KB)
...
006 (453.115.000) 2022-04-08 20:11:52 Image size of job updated: 777976
	320  -  MemoryUsage of job (MB)
	327672  -  ResidentSetSize of job (KB)
...
006 (453.115.000) 2022-04-08 22:47:07 Image size of job updated: 778232
	320  -  MemoryUsage of job (MB)
	327672  -  ResidentSetSize of job (KB)
...
006 (453.115.000) 2022-04-08 23:37:12 Image size of job updated: 778232
	321  -  MemoryUsage of job (MB)
	327804  -  ResidentSetSize of job (KB)
...
006 (453.115.000) 2022-04-09 02:07:28 Image size of job updated: 778232
	321  -  MemoryUsage of job (MB)
	327936  -  ResidentSetSize of job (KB)
...
006 (453.115.000) 2022-04-09 04:42:43 Image size of job updated: 778488
	321  -  MemoryUsage of job (MB)
	327936  -  ResidentSetSize of job (KB)
...
006 (453.115.000) 2022-04-09 05:27:48 Image size of job updated: 778488
	321  -  MemoryUsage of job (MB)
	328068  -  ResidentSetSize of job (KB)
...
006 (453.115.000) 2022-04-09 07:53:03 Image size of job updated: 778488
	321  -  MemoryUsage of job (MB)
	328200  -  ResidentSetSize of job (KB)
...
006 (453.115.000) 2022-04-09 09:48:15 Image size of job updated: 778744
	321  -  MemoryUsage of job (MB)
	328200  -  ResidentSetSize of job (KB)
...
006 (453.115.000) 2022-04-09 11:18:23 Image size of job updated: 778744
	321  -  MemoryUsage of job (MB)
	328332  -  ResidentSetSize of job (KB)
...
006 (453.115.000) 2022-04-09 14:28:42 Image size of job updated: 778744
	321  -  MemoryUsage of job (MB)
	328464  -  ResidentSetSize of job (KB)
...
006 (453.115.000) 2022-04-09 15:58:52 Image size of job updated: 779000
	321  -  MemoryUsage of job (MB)
	328464  -  ResidentSetSize of job (KB)
...
006 (453.115.000) 2022-04-09 16:48:57 Image size of job updated: 779000
	321  -  MemoryUsage of job (MB)
	328596  -  ResidentSetSize of job (KB)
...
006 (453.115.000) 2022-04-09 20:04:16 Image size of job updated: 779000
	322  -  MemoryUsage of job (MB)
	328728  -  ResidentSetSize of job (KB)
...
006 (453.115.000) 2022-04-09 21:39:26 Image size of job updated: 779256
	322  -  MemoryUsage of job (MB)
	328728  -  ResidentSetSize of job (KB)
...
006 (453.115.000) 2022-04-09 22:24:31 Image size of job updated: 779256
	322  -  MemoryUsage of job (MB)
	328860  -  ResidentSetSize of job (KB)
...
006 (453.115.000) 2022-04-10 01:44:51 Image size of job updated: 779256
	322  -  MemoryUsage of job (MB)
	328992  -  ResidentSetSize of job (KB)
...
006 (453.115.000) 2022-04-10 03:15:01 Image size of job updated: 779512
	322  -  MemoryUsage of job (MB)
	328992  -  ResidentSetSize of job (KB)
...
006 (453.115.000) 2022-04-10 04:50:10 Image size of job updated: 779512
	322  -  MemoryUsage of job (MB)
	329124  -  ResidentSetSize of job (KB)
...
006 (453.115.000) 2022-04-10 07:15:24 Image size of job updated: 779512
	322  -  MemoryUsage of job (MB)
	329256  -  ResidentSetSize of job (KB)
...
006 (453.115.000) 2022-04-10 09:00:36 Image size of job updated: 779768
	322  -  MemoryUsage of job (MB)
	329256  -  ResidentSetSize of job (KB)
...
005 (453.115.000) 2022-04-10 09:42:41 Job terminated.
	(1) Normal termination (return value 0)
		Usr 4 03:29:04, Sys 0 00:01:53  -  Run Remote Usage
		Usr 0 00:00:00, Sys 0 00:00:00  -  Run Local Usage
		Usr 4 03:29:04, Sys 0 00:01:53  -  Total Remote Usage
		Usr 0 00:00:00, Sys 0 00:00:00  -  Total Local Usage
	0  -  Run Bytes Sent By Job
	0  -  Run Bytes Received By Job
	0  -  Total Bytes Sent By Job
	0  -  Total Bytes Received By Job
	Partitionable Resources :    Usage  Request Allocated 
	   Cpus                 :     1.00        1         1 
	   Disk (KB)            :  7500        7500     10998 
	   Memory (MB)          :   322        1024      1024 

	Job terminated of its own accord at 2022-04-10T07:42:41Z with exit-code 0.
...
