000 (453.555.000) 2022-04-05 18:55:39 Job submitted from host: <10.18.24.243:9618?addrs=10.18.24.243-9618&alias=ecoclusts01.bioclust.biologie.ens.fr&noUDP&sock=schedd_1052_29b8>
...
001 (453.555.000) 2022-04-06 12:37:18 Job executing on host: <10.18.24.12:9618?addrs=10.18.24.12-9618&alias=bioclust12.bioclust.biologie.ens.fr&noUDP&sock=startd_86046_fa3b>
...
006 (453.555.000) 2022-04-06 12:37:27 Image size of job updated: 64908
	64  -  MemoryUsage of job (MB)
	64908  -  ResidentSetSize of job (KB)
...
006 (453.555.000) 2022-04-06 12:42:28 Image size of job updated: 741624
	317  -  MemoryUsage of job (MB)
	324056  -  ResidentSetSize of job (KB)
...
006 (453.555.000) 2022-04-06 12:52:28 Image size of job updated: 774392
	317  -  MemoryUsage of job (MB)
	324056  -  ResidentSetSize of job (KB)
...
006 (453.555.000) 2022-04-06 13:47:33 Image size of job updated: 774648
	317  -  MemoryUsage of job (MB)
	324188  -  ResidentSetSize of job (KB)
...
006 (453.555.000) 2022-04-06 13:52:33 Image size of job updated: 774648
	317  -  MemoryUsage of job (MB)
	324320  -  ResidentSetSize of job (KB)
...
006 (453.555.000) 2022-04-06 13:57:34 Image size of job updated: 774904
	317  -  MemoryUsage of job (MB)
	324452  -  ResidentSetSize of job (KB)
...
006 (453.555.000) 2022-04-06 14:07:34 Image size of job updated: 774904
	317  -  MemoryUsage of job (MB)
	324584  -  ResidentSetSize of job (KB)
...
006 (453.555.000) 2022-04-06 14:12:36 Image size of job updated: 775160
	317  -  MemoryUsage of job (MB)
	324584  -  ResidentSetSize of job (KB)
...
006 (453.555.000) 2022-04-06 14:17:36 Image size of job updated: 775160
	318  -  MemoryUsage of job (MB)
	324716  -  ResidentSetSize of job (KB)
...
006 (453.555.000) 2022-04-06 14:22:36 Image size of job updated: 775160
	318  -  MemoryUsage of job (MB)
	324848  -  ResidentSetSize of job (KB)
...
006 (453.555.000) 2022-04-06 14:27:37 Image size of job updated: 775416
	318  -  MemoryUsage of job (MB)
	324848  -  ResidentSetSize of job (KB)
...
006 (453.555.000) 2022-04-06 14:32:38 Image size of job updated: 775416
	318  -  MemoryUsage of job (MB)
	324980  -  ResidentSetSize of job (KB)
...
006 (453.555.000) 2022-04-06 14:37:38 Image size of job updated: 775416
	318  -  MemoryUsage of job (MB)
	325112  -  ResidentSetSize of job (KB)
...
006 (453.555.000) 2022-04-06 14:42:39 Image size of job updated: 775672
	318  -  MemoryUsage of job (MB)
	325244  -  ResidentSetSize of job (KB)
...
006 (453.555.000) 2022-04-06 14:47:40 Image size of job updated: 775672
	318  -  MemoryUsage of job (MB)
	325376  -  ResidentSetSize of job (KB)
...
006 (453.555.000) 2022-04-06 14:52:40 Image size of job updated: 775928
	318  -  MemoryUsage of job (MB)
	325508  -  ResidentSetSize of job (KB)
...
006 (453.555.000) 2022-04-06 14:57:40 Image size of job updated: 775928
	319  -  MemoryUsage of job (MB)
	325640  -  ResidentSetSize of job (KB)
...
006 (453.555.000) 2022-04-06 15:02:41 Image size of job updated: 776184
	319  -  MemoryUsage of job (MB)
	325772  -  ResidentSetSize of job (KB)
...
006 (453.555.000) 2022-04-06 15:12:42 Image size of job updated: 776440
	319  -  MemoryUsage of job (MB)
	325904  -  ResidentSetSize of job (KB)
...
006 (453.555.000) 2022-04-06 15:17:43 Image size of job updated: 776440
	319  -  MemoryUsage of job (MB)
	326036  -  ResidentSetSize of job (KB)
...
006 (453.555.000) 2022-04-06 15:22:43 Image size of job updated: 776440
	319  -  MemoryUsage of job (MB)
	326168  -  ResidentSetSize of job (KB)
...
006 (453.555.000) 2022-04-06 15:27:43 Image size of job updated: 776696
	319  -  MemoryUsage of job (MB)
	326300  -  ResidentSetSize of job (KB)
...
006 (453.555.000) 2022-04-06 15:32:44 Image size of job updated: 776696
	319  -  MemoryUsage of job (MB)
	326432  -  ResidentSetSize of job (KB)
...
006 (453.555.000) 2022-04-06 15:37:44 Image size of job updated: 776952
	319  -  MemoryUsage of job (MB)
	326432  -  ResidentSetSize of job (KB)
...
006 (453.555.000) 2022-04-06 15:42:44 Image size of job updated: 776952
	319  -  MemoryUsage of job (MB)
	326564  -  ResidentSetSize of job (KB)
...
006 (453.555.000) 2022-04-06 15:57:45 Image size of job updated: 776952
	320  -  MemoryUsage of job (MB)
	326696  -  ResidentSetSize of job (KB)
...
006 (453.555.000) 2022-04-06 16:02:46 Image size of job updated: 777208
	320  -  MemoryUsage of job (MB)
	326696  -  ResidentSetSize of job (KB)
...
006 (453.555.000) 2022-04-06 16:07:46 Image size of job updated: 777208
	320  -  MemoryUsage of job (MB)
	326828  -  ResidentSetSize of job (KB)
...
006 (453.555.000) 2022-04-06 16:12:46 Image size of job updated: 777464
	320  -  MemoryUsage of job (MB)
	326960  -  ResidentSetSize of job (KB)
...
006 (453.555.000) 2022-04-06 16:17:47 Image size of job updated: 777464
	320  -  MemoryUsage of job (MB)
	327092  -  ResidentSetSize of job (KB)
...
006 (453.555.000) 2022-04-06 16:22:47 Image size of job updated: 777464
	320  -  MemoryUsage of job (MB)
	327224  -  ResidentSetSize of job (KB)
...
006 (453.555.000) 2022-04-06 16:27:47 Image size of job updated: 777720
	320  -  MemoryUsage of job (MB)
	327224  -  ResidentSetSize of job (KB)
...
006 (453.555.000) 2022-04-06 16:32:48 Image size of job updated: 777720
	320  -  MemoryUsage of job (MB)
	327356  -  ResidentSetSize of job (KB)
...
006 (453.555.000) 2022-04-06 16:37:48 Image size of job updated: 777976
	320  -  MemoryUsage of job (MB)
	327488  -  ResidentSetSize of job (KB)
...
006 (453.555.000) 2022-04-06 16:42:48 Image size of job updated: 777976
	320  -  MemoryUsage of job (MB)
	327620  -  ResidentSetSize of job (KB)
...
006 (453.555.000) 2022-04-06 16:47:49 Image size of job updated: 778232
	321  -  MemoryUsage of job (MB)
	327752  -  ResidentSetSize of job (KB)
...
006 (453.555.000) 2022-04-06 16:57:49 Image size of job updated: 778232
	321  -  MemoryUsage of job (MB)
	327884  -  ResidentSetSize of job (KB)
...
006 (453.555.000) 2022-04-06 17:02:51 Image size of job updated: 778488
	321  -  MemoryUsage of job (MB)
	328016  -  ResidentSetSize of job (KB)
...
006 (453.555.000) 2022-04-06 17:07:51 Image size of job updated: 778488
	321  -  MemoryUsage of job (MB)
	328148  -  ResidentSetSize of job (KB)
...
006 (453.555.000) 2022-04-06 17:12:51 Image size of job updated: 778744
	321  -  MemoryUsage of job (MB)
	328280  -  ResidentSetSize of job (KB)
...
006 (453.555.000) 2022-04-06 17:17:52 Image size of job updated: 778744
	321  -  MemoryUsage of job (MB)
	328412  -  ResidentSetSize of job (KB)
...
006 (453.555.000) 2022-04-06 17:22:53 Image size of job updated: 779000
	321  -  MemoryUsage of job (MB)
	328412  -  ResidentSetSize of job (KB)
...
006 (453.555.000) 2022-04-06 17:27:53 Image size of job updated: 779000
	321  -  MemoryUsage of job (MB)
	328544  -  ResidentSetSize of job (KB)
...
006 (453.555.000) 2022-04-06 17:32:54 Image size of job updated: 779256
	321  -  MemoryUsage of job (MB)
	328676  -  ResidentSetSize of job (KB)
...
006 (453.555.000) 2022-04-06 17:37:55 Image size of job updated: 779256
	322  -  MemoryUsage of job (MB)
	328808  -  ResidentSetSize of job (KB)
...
006 (453.555.000) 2022-04-06 17:42:55 Image size of job updated: 779256
	322  -  MemoryUsage of job (MB)
	328940  -  ResidentSetSize of job (KB)
...
006 (453.555.000) 2022-04-06 17:47:56 Image size of job updated: 779512
	322  -  MemoryUsage of job (MB)
	329072  -  ResidentSetSize of job (KB)
...
006 (453.555.000) 2022-04-06 17:52:57 Image size of job updated: 779512
	322  -  MemoryUsage of job (MB)
	329204  -  ResidentSetSize of job (KB)
...
005 (453.555.000) 2022-04-06 17:56:28 Job terminated.
	(1) Normal termination (return value 0)
		Usr 0 05:15:11, Sys 0 00:02:08  -  Run Remote Usage
		Usr 0 00:00:00, Sys 0 00:00:00  -  Run Local Usage
		Usr 0 05:15:11, Sys 0 00:02:08  -  Total Remote Usage
		Usr 0 00:00:00, Sys 0 00:00:00  -  Total Local Usage
	0  -  Run Bytes Sent By Job
	0  -  Run Bytes Received By Job
	0  -  Total Bytes Sent By Job
	0  -  Total Bytes Received By Job
	Partitionable Resources :    Usage  Request Allocated 
	   Cpus                 :     1.00        1         1 
	   Disk (KB)            :  7500        7500     12108 
	   Memory (MB)          :   322        1024      1024 

	Job terminated of its own accord at 2022-04-06T15:56:27Z with exit-code 0.
...
