000 (453.927.000) 2022-04-05 18:55:40 Job submitted from host: <10.18.24.243:9618?addrs=10.18.24.243-9618&alias=ecoclusts01.bioclust.biologie.ens.fr&noUDP&sock=schedd_1052_29b8>
...
001 (453.927.000) 2022-04-06 22:31:26 Job executing on host: <10.18.24.134:9618?addrs=10.18.24.134-9618&alias=dyoclust07.bioclust.biologie.ens.fr&noUDP&sock=startd_808_cc9c>
...
006 (453.927.000) 2022-04-06 22:31:35 Image size of job updated: 189408
	185  -  MemoryUsage of job (MB)
	189408  -  ResidentSetSize of job (KB)
...
006 (453.927.000) 2022-04-06 22:36:36 Image size of job updated: 741620
	317  -  MemoryUsage of job (MB)
	324016  -  ResidentSetSize of job (KB)
...
006 (453.927.000) 2022-04-06 22:41:36 Image size of job updated: 774388
	317  -  MemoryUsage of job (MB)
	324104  -  ResidentSetSize of job (KB)
...
006 (453.927.000) 2022-04-06 23:11:39 Image size of job updated: 774900
	317  -  MemoryUsage of job (MB)
	324368  -  ResidentSetSize of job (KB)
...
006 (453.927.000) 2022-04-06 23:16:39 Image size of job updated: 774900
	317  -  MemoryUsage of job (MB)
	324500  -  ResidentSetSize of job (KB)
...
006 (453.927.000) 2022-04-06 23:21:39 Image size of job updated: 775156
	318  -  MemoryUsage of job (MB)
	324632  -  ResidentSetSize of job (KB)
...
006 (453.927.000) 2022-04-06 23:26:40 Image size of job updated: 775156
	318  -  MemoryUsage of job (MB)
	324896  -  ResidentSetSize of job (KB)
...
006 (453.927.000) 2022-04-06 23:31:41 Image size of job updated: 775412
	318  -  MemoryUsage of job (MB)
	325028  -  ResidentSetSize of job (KB)
...
006 (453.927.000) 2022-04-06 23:36:41 Image size of job updated: 775668
	318  -  MemoryUsage of job (MB)
	325292  -  ResidentSetSize of job (KB)
...
006 (453.927.000) 2022-04-06 23:41:41 Image size of job updated: 775924
	318  -  MemoryUsage of job (MB)
	325556  -  ResidentSetSize of job (KB)
...
006 (453.927.000) 2022-04-06 23:46:42 Image size of job updated: 776180
	319  -  MemoryUsage of job (MB)
	325820  -  ResidentSetSize of job (KB)
...
006 (453.927.000) 2022-04-06 23:51:42 Image size of job updated: 776436
	319  -  MemoryUsage of job (MB)
	325952  -  ResidentSetSize of job (KB)
...
006 (453.927.000) 2022-04-06 23:56:42 Image size of job updated: 776692
	319  -  MemoryUsage of job (MB)
	326216  -  ResidentSetSize of job (KB)
...
006 (453.927.000) 2022-04-07 00:01:43 Image size of job updated: 776948
	319  -  MemoryUsage of job (MB)
	326348  -  ResidentSetSize of job (KB)
...
006 (453.927.000) 2022-04-07 00:06:44 Image size of job updated: 776948
	319  -  MemoryUsage of job (MB)
	326456  -  ResidentSetSize of job (KB)
...
006 (453.927.000) 2022-04-07 00:11:44 Image size of job updated: 776948
	319  -  MemoryUsage of job (MB)
	326588  -  ResidentSetSize of job (KB)
...
006 (453.927.000) 2022-04-07 00:16:44 Image size of job updated: 777204
	320  -  MemoryUsage of job (MB)
	326720  -  ResidentSetSize of job (KB)
...
006 (453.927.000) 2022-04-07 00:21:45 Image size of job updated: 777460
	320  -  MemoryUsage of job (MB)
	326984  -  ResidentSetSize of job (KB)
...
006 (453.927.000) 2022-04-07 00:26:45 Image size of job updated: 777460
	320  -  MemoryUsage of job (MB)
	327116  -  ResidentSetSize of job (KB)
...
006 (453.927.000) 2022-04-07 00:31:45 Image size of job updated: 777716
	320  -  MemoryUsage of job (MB)
	327380  -  ResidentSetSize of job (KB)
...
006 (453.927.000) 2022-04-07 00:36:46 Image size of job updated: 777972
	320  -  MemoryUsage of job (MB)
	327644  -  ResidentSetSize of job (KB)
...
006 (453.927.000) 2022-04-07 00:41:47 Image size of job updated: 778228
	321  -  MemoryUsage of job (MB)
	327776  -  ResidentSetSize of job (KB)
...
006 (453.927.000) 2022-04-07 00:46:47 Image size of job updated: 778484
	321  -  MemoryUsage of job (MB)
	328040  -  ResidentSetSize of job (KB)
...
006 (453.927.000) 2022-04-07 00:51:47 Image size of job updated: 778740
	321  -  MemoryUsage of job (MB)
	328172  -  ResidentSetSize of job (KB)
...
006 (453.927.000) 2022-04-07 00:56:48 Image size of job updated: 778740
	321  -  MemoryUsage of job (MB)
	328436  -  ResidentSetSize of job (KB)
...
006 (453.927.000) 2022-04-07 01:01:47 Image size of job updated: 778996
	321  -  MemoryUsage of job (MB)
	328700  -  ResidentSetSize of job (KB)
...
006 (453.927.000) 2022-04-07 01:06:47 Image size of job updated: 779252
	322  -  MemoryUsage of job (MB)
	328964  -  ResidentSetSize of job (KB)
...
006 (453.927.000) 2022-04-07 01:11:48 Image size of job updated: 779508
	322  -  MemoryUsage of job (MB)
	329228  -  ResidentSetSize of job (KB)
...
005 (453.927.000) 2022-04-07 01:13:20 Job terminated.
	(1) Normal termination (return value 0)
		Usr 0 02:41:25, Sys 0 00:00:23  -  Run Remote Usage
		Usr 0 00:00:00, Sys 0 00:00:00  -  Run Local Usage
		Usr 0 02:41:25, Sys 0 00:00:23  -  Total Remote Usage
		Usr 0 00:00:00, Sys 0 00:00:00  -  Total Local Usage
	0  -  Run Bytes Sent By Job
	0  -  Run Bytes Received By Job
	0  -  Total Bytes Sent By Job
	0  -  Total Bytes Received By Job
	Partitionable Resources :    Usage  Request Allocated 
	   Cpus                 :     1.00        1         1 
	   Disk (KB)            :  7500        7500     10998 
	   Memory (MB)          :   322        1024      1024 

	Job terminated of its own accord at 2022-04-06T23:13:21Z with exit-code 0.
...
