000 (453.722.000) 2022-04-05 18:55:39 Job submitted from host: <10.18.24.243:9618?addrs=10.18.24.243-9618&alias=ecoclusts01.bioclust.biologie.ens.fr&noUDP&sock=schedd_1052_29b8>
...
001 (453.722.000) 2022-04-06 16:12:46 Job executing on host: <10.18.24.178:9618?addrs=10.18.24.178-9618&alias=mcbsclust07.bioclust.biologie.ens.fr&noUDP&sock=startd_912_2276>
...
006 (453.722.000) 2022-04-06 16:12:55 Image size of job updated: 428072
	419  -  MemoryUsage of job (MB)
	428072  -  ResidentSetSize of job (KB)
...
006 (453.722.000) 2022-04-06 16:17:56 Image size of job updated: 741620
	419  -  MemoryUsage of job (MB)
	428072  -  ResidentSetSize of job (KB)
...
006 (453.722.000) 2022-04-06 16:22:56 Image size of job updated: 774388
	419  -  MemoryUsage of job (MB)
	428072  -  ResidentSetSize of job (KB)
...
006 (453.722.000) 2022-04-06 17:33:04 Image size of job updated: 774644
	419  -  MemoryUsage of job (MB)
	428072  -  ResidentSetSize of job (KB)
...
006 (453.722.000) 2022-04-06 17:43:05 Image size of job updated: 774900
	419  -  MemoryUsage of job (MB)
	428072  -  ResidentSetSize of job (KB)
...
006 (453.722.000) 2022-04-06 17:58:07 Image size of job updated: 775156
	419  -  MemoryUsage of job (MB)
	428072  -  ResidentSetSize of job (KB)
...
006 (453.722.000) 2022-04-06 18:18:09 Image size of job updated: 775412
	419  -  MemoryUsage of job (MB)
	428072  -  ResidentSetSize of job (KB)
...
006 (453.722.000) 2022-04-06 18:33:11 Image size of job updated: 775668
	419  -  MemoryUsage of job (MB)
	428072  -  ResidentSetSize of job (KB)
...
006 (453.722.000) 2022-04-06 18:48:12 Image size of job updated: 775924
	419  -  MemoryUsage of job (MB)
	428072  -  ResidentSetSize of job (KB)
...
006 (453.722.000) 2022-04-06 18:58:14 Image size of job updated: 776180
	419  -  MemoryUsage of job (MB)
	428072  -  ResidentSetSize of job (KB)
...
006 (453.722.000) 2022-04-06 19:13:16 Image size of job updated: 776436
	419  -  MemoryUsage of job (MB)
	428072  -  ResidentSetSize of job (KB)
...
006 (453.722.000) 2022-04-06 19:23:16 Image size of job updated: 776692
	419  -  MemoryUsage of job (MB)
	428072  -  ResidentSetSize of job (KB)
...
006 (453.722.000) 2022-04-06 19:33:18 Image size of job updated: 776948
	419  -  MemoryUsage of job (MB)
	428072  -  ResidentSetSize of job (KB)
...
006 (453.722.000) 2022-04-06 19:58:20 Image size of job updated: 777204
	419  -  MemoryUsage of job (MB)
	428072  -  ResidentSetSize of job (KB)
...
006 (453.722.000) 2022-04-06 20:08:22 Image size of job updated: 777460
	419  -  MemoryUsage of job (MB)
	428072  -  ResidentSetSize of job (KB)
...
006 (453.722.000) 2022-04-06 20:18:23 Image size of job updated: 777716
	419  -  MemoryUsage of job (MB)
	428072  -  ResidentSetSize of job (KB)
...
006 (453.722.000) 2022-04-06 20:33:24 Image size of job updated: 777972
	419  -  MemoryUsage of job (MB)
	428072  -  ResidentSetSize of job (KB)
...
006 (453.722.000) 2022-04-06 20:43:25 Image size of job updated: 778228
	419  -  MemoryUsage of job (MB)
	428072  -  ResidentSetSize of job (KB)
...
006 (453.722.000) 2022-04-06 20:53:26 Image size of job updated: 778484
	419  -  MemoryUsage of job (MB)
	428072  -  ResidentSetSize of job (KB)
...
006 (453.722.000) 2022-04-06 21:08:28 Image size of job updated: 778740
	419  -  MemoryUsage of job (MB)
	428072  -  ResidentSetSize of job (KB)
...
006 (453.722.000) 2022-04-06 21:18:29 Image size of job updated: 778996
	419  -  MemoryUsage of job (MB)
	428072  -  ResidentSetSize of job (KB)
...
006 (453.722.000) 2022-04-06 21:33:31 Image size of job updated: 779252
	419  -  MemoryUsage of job (MB)
	428072  -  ResidentSetSize of job (KB)
...
006 (453.722.000) 2022-04-06 21:43:31 Image size of job updated: 779508
	419  -  MemoryUsage of job (MB)
	428072  -  ResidentSetSize of job (KB)
...
005 (453.722.000) 2022-04-06 21:49:33 Job terminated.
	(1) Normal termination (return value 0)
		Usr 0 05:35:32, Sys 0 00:00:15  -  Run Remote Usage
		Usr 0 00:00:00, Sys 0 00:00:00  -  Run Local Usage
		Usr 0 05:35:32, Sys 0 00:00:15  -  Total Remote Usage
		Usr 0 00:00:00, Sys 0 00:00:00  -  Total Local Usage
	0  -  Run Bytes Sent By Job
	0  -  Run Bytes Received By Job
	0  -  Total Bytes Sent By Job
	0  -  Total Bytes Received By Job
	Partitionable Resources :    Usage  Request Allocated 
	   Cpus                 :     1.00        1         1 
	   Disk (KB)            :  7500        7500     11001 
	   Memory (MB)          :   419        1024      1024 

	Job terminated of its own accord at 2022-04-06T19:49:33Z with exit-code 0.
...
