000 (453.055.000) 2022-04-05 18:55:36 Job submitted from host: <10.18.24.243:9618?addrs=10.18.24.243-9618&alias=ecoclusts01.bioclust.biologie.ens.fr&noUDP&sock=schedd_1052_29b8>
...
001 (453.055.000) 2022-04-06 05:00:59 Job executing on host: <10.18.24.140:9618?addrs=10.18.24.140-9618&alias=dyoclust13.bioclust.biologie.ens.fr&noUDP&sock=startd_813_3a96>
...
006 (453.055.000) 2022-04-06 05:01:09 Image size of job updated: 24952
	24  -  MemoryUsage of job (MB)
	23696  -  ResidentSetSize of job (KB)
...
006 (453.055.000) 2022-04-06 05:06:11 Image size of job updated: 815296
	317  -  MemoryUsage of job (MB)
	324308  -  ResidentSetSize of job (KB)
...
006 (453.055.000) 2022-04-06 05:11:11 Image size of job updated: 815296
	317  -  MemoryUsage of job (MB)
	324352  -  ResidentSetSize of job (KB)
...
006 (453.055.000) 2022-04-06 07:36:26 Image size of job updated: 815296
	317  -  MemoryUsage of job (MB)
	324440  -  ResidentSetSize of job (KB)
...
006 (453.055.000) 2022-04-06 08:16:31 Image size of job updated: 815296
	317  -  MemoryUsage of job (MB)
	324572  -  ResidentSetSize of job (KB)
...
006 (453.055.000) 2022-04-06 08:56:35 Image size of job updated: 815296
	318  -  MemoryUsage of job (MB)
	324704  -  ResidentSetSize of job (KB)
...
006 (453.055.000) 2022-04-06 09:51:40 Image size of job updated: 815296
	318  -  MemoryUsage of job (MB)
	324836  -  ResidentSetSize of job (KB)
...
006 (453.055.000) 2022-04-06 10:31:46 Image size of job updated: 815296
	318  -  MemoryUsage of job (MB)
	324968  -  ResidentSetSize of job (KB)
...
006 (453.055.000) 2022-04-06 11:11:49 Image size of job updated: 815296
	318  -  MemoryUsage of job (MB)
	325100  -  ResidentSetSize of job (KB)
...
006 (453.055.000) 2022-04-06 11:51:53 Image size of job updated: 815296
	318  -  MemoryUsage of job (MB)
	325232  -  ResidentSetSize of job (KB)
...
006 (453.055.000) 2022-04-06 12:47:00 Image size of job updated: 815296
	318  -  MemoryUsage of job (MB)
	325364  -  ResidentSetSize of job (KB)
...
006 (453.055.000) 2022-04-06 13:27:05 Image size of job updated: 815296
	318  -  MemoryUsage of job (MB)
	325496  -  ResidentSetSize of job (KB)
...
006 (453.055.000) 2022-04-06 14:07:09 Image size of job updated: 815296
	318  -  MemoryUsage of job (MB)
	325628  -  ResidentSetSize of job (KB)
...
006 (453.055.000) 2022-04-06 15:02:15 Image size of job updated: 815296
	319  -  MemoryUsage of job (MB)
	325760  -  ResidentSetSize of job (KB)
...
006 (453.055.000) 2022-04-06 15:42:19 Image size of job updated: 815296
	319  -  MemoryUsage of job (MB)
	325892  -  ResidentSetSize of job (KB)
...
006 (453.055.000) 2022-04-06 16:27:24 Image size of job updated: 815296
	319  -  MemoryUsage of job (MB)
	326024  -  ResidentSetSize of job (KB)
...
006 (453.055.000) 2022-04-06 17:12:29 Image size of job updated: 815296
	319  -  MemoryUsage of job (MB)
	326156  -  ResidentSetSize of job (KB)
...
006 (453.055.000) 2022-04-06 18:02:34 Image size of job updated: 815296
	319  -  MemoryUsage of job (MB)
	326288  -  ResidentSetSize of job (KB)
...
006 (453.055.000) 2022-04-06 18:42:38 Image size of job updated: 815296
	319  -  MemoryUsage of job (MB)
	326420  -  ResidentSetSize of job (KB)
...
006 (453.055.000) 2022-04-06 19:42:44 Image size of job updated: 815296
	319  -  MemoryUsage of job (MB)
	326552  -  ResidentSetSize of job (KB)
...
006 (453.055.000) 2022-04-06 22:28:02 Image size of job updated: 815296
	320  -  MemoryUsage of job (MB)
	326684  -  ResidentSetSize of job (KB)
...
006 (453.055.000) 2022-04-06 23:28:09 Image size of job updated: 815296
	320  -  MemoryUsage of job (MB)
	326816  -  ResidentSetSize of job (KB)
...
006 (453.055.000) 2022-04-07 00:13:14 Image size of job updated: 815296
	320  -  MemoryUsage of job (MB)
	326948  -  ResidentSetSize of job (KB)
...
006 (453.055.000) 2022-04-07 01:13:18 Image size of job updated: 815296
	320  -  MemoryUsage of job (MB)
	327080  -  ResidentSetSize of job (KB)
...
006 (453.055.000) 2022-04-07 02:13:25 Image size of job updated: 815296
	320  -  MemoryUsage of job (MB)
	327212  -  ResidentSetSize of job (KB)
...
006 (453.055.000) 2022-04-07 02:58:29 Image size of job updated: 815296
	320  -  MemoryUsage of job (MB)
	327344  -  ResidentSetSize of job (KB)
...
006 (453.055.000) 2022-04-07 03:53:34 Image size of job updated: 815296
	320  -  MemoryUsage of job (MB)
	327476  -  ResidentSetSize of job (KB)
...
006 (453.055.000) 2022-04-07 04:43:39 Image size of job updated: 815296
	320  -  MemoryUsage of job (MB)
	327608  -  ResidentSetSize of job (KB)
...
006 (453.055.000) 2022-04-07 05:43:46 Image size of job updated: 815296
	321  -  MemoryUsage of job (MB)
	327740  -  ResidentSetSize of job (KB)
...
006 (453.055.000) 2022-04-07 06:43:51 Image size of job updated: 815296
	321  -  MemoryUsage of job (MB)
	327872  -  ResidentSetSize of job (KB)
...
006 (453.055.000) 2022-04-07 07:28:57 Image size of job updated: 815296
	321  -  MemoryUsage of job (MB)
	328004  -  ResidentSetSize of job (KB)
...
006 (453.055.000) 2022-04-07 08:29:04 Image size of job updated: 815296
	321  -  MemoryUsage of job (MB)
	328136  -  ResidentSetSize of job (KB)
...
006 (453.055.000) 2022-04-07 09:14:08 Image size of job updated: 815296
	321  -  MemoryUsage of job (MB)
	328268  -  ResidentSetSize of job (KB)
...
006 (453.055.000) 2022-04-07 10:14:15 Image size of job updated: 815296
	321  -  MemoryUsage of job (MB)
	328400  -  ResidentSetSize of job (KB)
...
006 (453.055.000) 2022-04-07 11:09:21 Image size of job updated: 815296
	321  -  MemoryUsage of job (MB)
	328532  -  ResidentSetSize of job (KB)
...
006 (453.055.000) 2022-04-07 11:54:27 Image size of job updated: 815296
	321  -  MemoryUsage of job (MB)
	328664  -  ResidentSetSize of job (KB)
...
006 (453.055.000) 2022-04-07 12:59:33 Image size of job updated: 815296
	322  -  MemoryUsage of job (MB)
	328796  -  ResidentSetSize of job (KB)
...
006 (453.055.000) 2022-04-07 13:44:37 Image size of job updated: 815296
	322  -  MemoryUsage of job (MB)
	328928  -  ResidentSetSize of job (KB)
...
006 (453.055.000) 2022-04-07 14:44:44 Image size of job updated: 815296
	322  -  MemoryUsage of job (MB)
	329060  -  ResidentSetSize of job (KB)
...
006 (453.055.000) 2022-04-07 15:44:50 Image size of job updated: 815296
	322  -  MemoryUsage of job (MB)
	329192  -  ResidentSetSize of job (KB)
...
006 (453.055.000) 2022-04-07 16:29:54 Image size of job updated: 815296
	322  -  MemoryUsage of job (MB)
	329324  -  ResidentSetSize of job (KB)
...
005 (453.055.000) 2022-04-07 16:43:15 Job terminated.
	(1) Normal termination (return value 0)
		Usr 1 11:23:28, Sys 0 00:01:33  -  Run Remote Usage
		Usr 0 00:00:00, Sys 0 00:00:00  -  Run Local Usage
		Usr 1 11:23:28, Sys 0 00:01:33  -  Total Remote Usage
		Usr 0 00:00:00, Sys 0 00:00:00  -  Total Local Usage
	0  -  Run Bytes Sent By Job
	0  -  Run Bytes Received By Job
	0  -  Total Bytes Sent By Job
	0  -  Total Bytes Received By Job
	Partitionable Resources :    Usage  Request Allocated 
	   Cpus                 :     1.00        1         1 
	   Disk (KB)            :  7500        7500     10064 
	   Memory (MB)          :   322        1024      1024 

	Job terminated of its own accord at 2022-04-07T14:43:14Z with exit-code 0.
...
