000 (453.067.000) 2022-04-05 18:55:36 Job submitted from host: <10.18.24.243:9618?addrs=10.18.24.243-9618&alias=ecoclusts01.bioclust.biologie.ens.fr&noUDP&sock=schedd_1052_29b8>
...
001 (453.067.000) 2022-04-06 05:09:44 Job executing on host: <10.18.24.141:9618?addrs=10.18.24.141-9618&alias=dyoclust14.bioclust.biologie.ens.fr&noUDP&sock=startd_801_ff73>
...
006 (453.067.000) 2022-04-06 05:09:52 Image size of job updated: 322736
	316  -  MemoryUsage of job (MB)
	322736  -  ResidentSetSize of job (KB)
...
006 (453.067.000) 2022-04-06 05:14:52 Image size of job updated: 741624
	316  -  MemoryUsage of job (MB)
	323132  -  ResidentSetSize of job (KB)
...
006 (453.067.000) 2022-04-06 05:19:53 Image size of job updated: 774392
	317  -  MemoryUsage of job (MB)
	324120  -  ResidentSetSize of job (KB)
...
006 (453.067.000) 2022-04-06 05:44:56 Image size of job updated: 774648
	317  -  MemoryUsage of job (MB)
	324252  -  ResidentSetSize of job (KB)
...
006 (453.067.000) 2022-04-06 05:49:56 Image size of job updated: 774904
	317  -  MemoryUsage of job (MB)
	324516  -  ResidentSetSize of job (KB)
...
006 (453.067.000) 2022-04-06 05:54:57 Image size of job updated: 775160
	318  -  MemoryUsage of job (MB)
	324648  -  ResidentSetSize of job (KB)
...
006 (453.067.000) 2022-04-06 05:59:58 Image size of job updated: 775416
	318  -  MemoryUsage of job (MB)
	324912  -  ResidentSetSize of job (KB)
...
006 (453.067.000) 2022-04-06 06:04:58 Image size of job updated: 775416
	318  -  MemoryUsage of job (MB)
	325044  -  ResidentSetSize of job (KB)
...
006 (453.067.000) 2022-04-06 06:09:59 Image size of job updated: 775672
	318  -  MemoryUsage of job (MB)
	325308  -  ResidentSetSize of job (KB)
...
006 (453.067.000) 2022-04-06 06:15:00 Image size of job updated: 775928
	318  -  MemoryUsage of job (MB)
	325572  -  ResidentSetSize of job (KB)
...
006 (453.067.000) 2022-04-06 06:20:00 Image size of job updated: 776184
	319  -  MemoryUsage of job (MB)
	325704  -  ResidentSetSize of job (KB)
...
006 (453.067.000) 2022-04-06 06:25:00 Image size of job updated: 776440
	319  -  MemoryUsage of job (MB)
	325968  -  ResidentSetSize of job (KB)
...
006 (453.067.000) 2022-04-06 06:30:01 Image size of job updated: 776440
	319  -  MemoryUsage of job (MB)
	326100  -  ResidentSetSize of job (KB)
...
006 (453.067.000) 2022-04-06 06:35:01 Image size of job updated: 776696
	319  -  MemoryUsage of job (MB)
	326364  -  ResidentSetSize of job (KB)
...
006 (453.067.000) 2022-04-06 06:40:01 Image size of job updated: 776952
	319  -  MemoryUsage of job (MB)
	326496  -  ResidentSetSize of job (KB)
...
006 (453.067.000) 2022-04-06 06:50:03 Image size of job updated: 776952
	319  -  MemoryUsage of job (MB)
	326596  -  ResidentSetSize of job (KB)
...
006 (453.067.000) 2022-04-06 06:55:03 Image size of job updated: 777208
	320  -  MemoryUsage of job (MB)
	326860  -  ResidentSetSize of job (KB)
...
006 (453.067.000) 2022-04-06 07:00:03 Image size of job updated: 777464
	320  -  MemoryUsage of job (MB)
	326992  -  ResidentSetSize of job (KB)
...
006 (453.067.000) 2022-04-06 07:05:04 Image size of job updated: 777464
	320  -  MemoryUsage of job (MB)
	327124  -  ResidentSetSize of job (KB)
...
006 (453.067.000) 2022-04-06 07:10:04 Image size of job updated: 777720
	320  -  MemoryUsage of job (MB)
	327388  -  ResidentSetSize of job (KB)
...
006 (453.067.000) 2022-04-06 07:15:04 Image size of job updated: 777976
	320  -  MemoryUsage of job (MB)
	327520  -  ResidentSetSize of job (KB)
...
006 (453.067.000) 2022-04-06 07:20:05 Image size of job updated: 777976
	320  -  MemoryUsage of job (MB)
	327652  -  ResidentSetSize of job (KB)
...
006 (453.067.000) 2022-04-06 07:25:06 Image size of job updated: 778232
	321  -  MemoryUsage of job (MB)
	327916  -  ResidentSetSize of job (KB)
...
006 (453.067.000) 2022-04-06 07:30:06 Image size of job updated: 778488
	321  -  MemoryUsage of job (MB)
	328048  -  ResidentSetSize of job (KB)
...
006 (453.067.000) 2022-04-06 07:35:07 Image size of job updated: 778744
	321  -  MemoryUsage of job (MB)
	328180  -  ResidentSetSize of job (KB)
...
006 (453.067.000) 2022-04-06 07:40:08 Image size of job updated: 778744
	321  -  MemoryUsage of job (MB)
	328312  -  ResidentSetSize of job (KB)
...
006 (453.067.000) 2022-04-06 07:45:08 Image size of job updated: 779000
	321  -  MemoryUsage of job (MB)
	328576  -  ResidentSetSize of job (KB)
...
006 (453.067.000) 2022-04-06 07:50:08 Image size of job updated: 779000
	322  -  MemoryUsage of job (MB)
	328708  -  ResidentSetSize of job (KB)
...
006 (453.067.000) 2022-04-06 07:55:10 Image size of job updated: 779256
	322  -  MemoryUsage of job (MB)
	328972  -  ResidentSetSize of job (KB)
...
006 (453.067.000) 2022-04-06 08:00:10 Image size of job updated: 779512
	322  -  MemoryUsage of job (MB)
	329104  -  ResidentSetSize of job (KB)
...
006 (453.067.000) 2022-04-06 08:04:55 Image size of job updated: 779768
	322  -  MemoryUsage of job (MB)
	329104  -  ResidentSetSize of job (KB)
...
005 (453.067.000) 2022-04-06 08:04:55 Job terminated.
	(1) Normal termination (return value 0)
		Usr 0 02:53:12, Sys 0 00:00:30  -  Run Remote Usage
		Usr 0 00:00:00, Sys 0 00:00:00  -  Run Local Usage
		Usr 0 02:53:12, Sys 0 00:00:30  -  Total Remote Usage
		Usr 0 00:00:00, Sys 0 00:00:00  -  Total Local Usage
	0  -  Run Bytes Sent By Job
	0  -  Run Bytes Received By Job
	0  -  Total Bytes Sent By Job
	0  -  Total Bytes Received By Job
	Partitionable Resources :    Usage  Request Allocated 
	   Cpus                 :     1.00        1         1 
	   Disk (KB)            :  7500        7500     10998 
	   Memory (MB)          :   322        1024      1024 

	Job terminated of its own accord at 2022-04-06T06:04:55Z with exit-code 0.
...
