000 (453.812.000) 2022-04-05 18:55:40 Job submitted from host: <10.18.24.243:9618?addrs=10.18.24.243-9618&alias=ecoclusts01.bioclust.biologie.ens.fr&noUDP&sock=schedd_1052_29b8>
...
001 (453.812.000) 2022-04-06 18:20:54 Job executing on host: <10.18.24.13:9618?addrs=10.18.24.13-9618&alias=bioclust13.bioclust.biologie.ens.fr&noUDP&sock=startd_1202_0ced>
...
006 (453.812.000) 2022-04-06 18:21:02 Image size of job updated: 63732
	63  -  MemoryUsage of job (MB)
	63732  -  ResidentSetSize of job (KB)
...
006 (453.812.000) 2022-04-06 18:26:02 Image size of job updated: 741624
	317  -  MemoryUsage of job (MB)
	324148  -  ResidentSetSize of job (KB)
...
005 (453.812.000) 2022-04-06 18:30:54 Job terminated.
	(1) Normal termination (return value 0)
		Usr 0 00:09:19, Sys 0 00:00:19  -  Run Remote Usage
		Usr 0 00:00:00, Sys 0 00:00:00  -  Run Local Usage
		Usr 0 00:09:19, Sys 0 00:00:19  -  Total Remote Usage
		Usr 0 00:00:00, Sys 0 00:00:00  -  Total Local Usage
	0  -  Run Bytes Sent By Job
	0  -  Run Bytes Received By Job
	0  -  Total Bytes Sent By Job
	0  -  Total Bytes Received By Job
	Partitionable Resources :    Usage  Request Allocated 
	   Cpus                 :     1.00        1         1 
	   Disk (KB)            :  7500        7500     10998 
	   Memory (MB)          :   317        1024      1024 

	Job terminated of its own accord at 2022-04-06T16:30:54Z with exit-code 0.
...
