000 (453.373.000) 2022-04-05 18:55:38 Job submitted from host: <10.18.24.243:9618?addrs=10.18.24.243-9618&alias=ecoclusts01.bioclust.biologie.ens.fr&noUDP&sock=schedd_1052_29b8>
...
001 (453.373.000) 2022-04-06 09:31:52 Job executing on host: <10.18.24.13:9618?addrs=10.18.24.13-9618&alias=bioclust13.bioclust.biologie.ens.fr&noUDP&sock=startd_1202_0ced>
...
006 (453.373.000) 2022-04-06 09:32:01 Image size of job updated: 75216
	74  -  MemoryUsage of job (MB)
	75216  -  ResidentSetSize of job (KB)
...
006 (453.373.000) 2022-04-06 09:37:02 Image size of job updated: 741880
	317  -  MemoryUsage of job (MB)
	324356  -  ResidentSetSize of job (KB)
...
006 (453.373.000) 2022-04-06 09:47:03 Image size of job updated: 774648
	317  -  MemoryUsage of job (MB)
	324356  -  ResidentSetSize of job (KB)
...
006 (453.373.000) 2022-04-06 11:07:11 Image size of job updated: 774904
	317  -  MemoryUsage of job (MB)
	324444  -  ResidentSetSize of job (KB)
...
006 (453.373.000) 2022-04-06 11:12:11 Image size of job updated: 774904
	317  -  MemoryUsage of job (MB)
	324576  -  ResidentSetSize of job (KB)
...
006 (453.373.000) 2022-04-06 11:17:12 Image size of job updated: 775160
	318  -  MemoryUsage of job (MB)
	324708  -  ResidentSetSize of job (KB)
...
006 (453.373.000) 2022-04-06 11:22:12 Image size of job updated: 775160
	318  -  MemoryUsage of job (MB)
	324840  -  ResidentSetSize of job (KB)
...
006 (453.373.000) 2022-04-06 11:27:12 Image size of job updated: 775416
	318  -  MemoryUsage of job (MB)
	324840  -  ResidentSetSize of job (KB)
...
006 (453.373.000) 2022-04-06 11:32:13 Image size of job updated: 775416
	318  -  MemoryUsage of job (MB)
	324972  -  ResidentSetSize of job (KB)
...
006 (453.373.000) 2022-04-06 11:37:14 Image size of job updated: 775416
	318  -  MemoryUsage of job (MB)
	325104  -  ResidentSetSize of job (KB)
...
006 (453.373.000) 2022-04-06 11:42:14 Image size of job updated: 775672
	318  -  MemoryUsage of job (MB)
	325236  -  ResidentSetSize of job (KB)
...
006 (453.373.000) 2022-04-06 11:47:15 Image size of job updated: 775672
	318  -  MemoryUsage of job (MB)
	325368  -  ResidentSetSize of job (KB)
...
006 (453.373.000) 2022-04-06 11:52:16 Image size of job updated: 775928
	318  -  MemoryUsage of job (MB)
	325500  -  ResidentSetSize of job (KB)
...
006 (453.373.000) 2022-04-06 11:57:16 Image size of job updated: 775928
	318  -  MemoryUsage of job (MB)
	325632  -  ResidentSetSize of job (KB)
...
006 (453.373.000) 2022-04-06 12:02:17 Image size of job updated: 776184
	318  -  MemoryUsage of job (MB)
	325632  -  ResidentSetSize of job (KB)
...
006 (453.373.000) 2022-04-06 12:07:18 Image size of job updated: 776184
	319  -  MemoryUsage of job (MB)
	325764  -  ResidentSetSize of job (KB)
...
006 (453.373.000) 2022-04-06 12:12:18 Image size of job updated: 776184
	319  -  MemoryUsage of job (MB)
	325896  -  ResidentSetSize of job (KB)
...
006 (453.373.000) 2022-04-06 12:17:18 Image size of job updated: 776440
	319  -  MemoryUsage of job (MB)
	326028  -  ResidentSetSize of job (KB)
...
006 (453.373.000) 2022-04-06 12:22:19 Image size of job updated: 776440
	319  -  MemoryUsage of job (MB)
	326160  -  ResidentSetSize of job (KB)
...
006 (453.373.000) 2022-04-06 12:27:20 Image size of job updated: 776696
	319  -  MemoryUsage of job (MB)
	326292  -  ResidentSetSize of job (KB)
...
006 (453.373.000) 2022-04-06 12:32:20 Image size of job updated: 776696
	319  -  MemoryUsage of job (MB)
	326424  -  ResidentSetSize of job (KB)
...
006 (453.373.000) 2022-04-06 12:37:21 Image size of job updated: 776952
	319  -  MemoryUsage of job (MB)
	326556  -  ResidentSetSize of job (KB)
...
006 (453.373.000) 2022-04-06 12:57:23 Image size of job updated: 777208
	320  -  MemoryUsage of job (MB)
	326688  -  ResidentSetSize of job (KB)
...
006 (453.373.000) 2022-04-06 13:02:24 Image size of job updated: 777208
	320  -  MemoryUsage of job (MB)
	326820  -  ResidentSetSize of job (KB)
...
006 (453.373.000) 2022-04-06 13:12:25 Image size of job updated: 777464
	320  -  MemoryUsage of job (MB)
	326952  -  ResidentSetSize of job (KB)
...
006 (453.373.000) 2022-04-06 13:17:26 Image size of job updated: 777464
	320  -  MemoryUsage of job (MB)
	327084  -  ResidentSetSize of job (KB)
...
006 (453.373.000) 2022-04-06 13:27:26 Image size of job updated: 777720
	320  -  MemoryUsage of job (MB)
	327216  -  ResidentSetSize of job (KB)
...
006 (453.373.000) 2022-04-06 13:32:28 Image size of job updated: 777720
	320  -  MemoryUsage of job (MB)
	327348  -  ResidentSetSize of job (KB)
...
006 (453.373.000) 2022-04-06 13:37:28 Image size of job updated: 777976
	320  -  MemoryUsage of job (MB)
	327480  -  ResidentSetSize of job (KB)
...
006 (453.373.000) 2022-04-06 13:42:28 Image size of job updated: 777976
	320  -  MemoryUsage of job (MB)
	327612  -  ResidentSetSize of job (KB)
...
006 (453.373.000) 2022-04-06 13:47:29 Image size of job updated: 778232
	321  -  MemoryUsage of job (MB)
	327744  -  ResidentSetSize of job (KB)
...
006 (453.373.000) 2022-04-06 13:52:30 Image size of job updated: 778232
	321  -  MemoryUsage of job (MB)
	327876  -  ResidentSetSize of job (KB)
...
006 (453.373.000) 2022-04-06 13:57:30 Image size of job updated: 778488
	321  -  MemoryUsage of job (MB)
	328008  -  ResidentSetSize of job (KB)
...
006 (453.373.000) 2022-04-06 14:07:31 Image size of job updated: 778488
	321  -  MemoryUsage of job (MB)
	328272  -  ResidentSetSize of job (KB)
...
006 (453.373.000) 2022-04-06 14:12:31 Image size of job updated: 778744
	321  -  MemoryUsage of job (MB)
	328272  -  ResidentSetSize of job (KB)
...
006 (453.373.000) 2022-04-06 14:17:31 Image size of job updated: 778744
	321  -  MemoryUsage of job (MB)
	328404  -  ResidentSetSize of job (KB)
...
006 (453.373.000) 2022-04-06 14:22:32 Image size of job updated: 779000
	321  -  MemoryUsage of job (MB)
	328536  -  ResidentSetSize of job (KB)
...
006 (453.373.000) 2022-04-06 14:27:33 Image size of job updated: 779000
	321  -  MemoryUsage of job (MB)
	328668  -  ResidentSetSize of job (KB)
...
006 (453.373.000) 2022-04-06 14:32:33 Image size of job updated: 779256
	322  -  MemoryUsage of job (MB)
	328800  -  ResidentSetSize of job (KB)
...
006 (453.373.000) 2022-04-06 14:37:34 Image size of job updated: 779256
	322  -  MemoryUsage of job (MB)
	328932  -  ResidentSetSize of job (KB)
...
006 (453.373.000) 2022-04-06 14:42:35 Image size of job updated: 779512
	322  -  MemoryUsage of job (MB)
	328932  -  ResidentSetSize of job (KB)
...
006 (453.373.000) 2022-04-06 14:47:35 Image size of job updated: 779512
	322  -  MemoryUsage of job (MB)
	329064  -  ResidentSetSize of job (KB)
...
006 (453.373.000) 2022-04-06 14:52:35 Image size of job updated: 779512
	322  -  MemoryUsage of job (MB)
	329196  -  ResidentSetSize of job (KB)
...
005 (453.373.000) 2022-04-06 14:55:18 Job terminated.
	(1) Normal termination (return value 0)
		Usr 0 05:20:56, Sys 0 00:00:44  -  Run Remote Usage
		Usr 0 00:00:00, Sys 0 00:00:00  -  Run Local Usage
		Usr 0 05:20:56, Sys 0 00:00:44  -  Total Remote Usage
		Usr 0 00:00:00, Sys 0 00:00:00  -  Total Local Usage
	0  -  Run Bytes Sent By Job
	0  -  Run Bytes Received By Job
	0  -  Total Bytes Sent By Job
	0  -  Total Bytes Received By Job
	Partitionable Resources :    Usage  Request Allocated 
	   Cpus                 :     1.00        1         1 
	   Disk (KB)            :  7500        7500     10998 
	   Memory (MB)          :   322        1024      1024 

	Job terminated of its own accord at 2022-04-06T12:55:17Z with exit-code 0.
...
