000 (453.975.000) 2022-04-05 18:55:40 Job submitted from host: <10.18.24.243:9618?addrs=10.18.24.243-9618&alias=ecoclusts01.bioclust.biologie.ens.fr&noUDP&sock=schedd_1052_29b8>
...
001 (453.975.000) 2022-04-06 23:46:27 Job executing on host: <10.18.24.14:9618?addrs=10.18.24.14-9618&alias=bioclust14.bioclust.biologie.ens.fr&noUDP&sock=startd_1206_cb4e>
...
006 (453.975.000) 2022-04-06 23:46:36 Image size of job updated: 65320
	64  -  MemoryUsage of job (MB)
	65320  -  ResidentSetSize of job (KB)
...
006 (453.975.000) 2022-04-06 23:51:37 Image size of job updated: 741880
	317  -  MemoryUsage of job (MB)
	324320  -  ResidentSetSize of job (KB)
...
005 (453.975.000) 2022-04-06 23:56:28 Job terminated.
	(1) Normal termination (return value 0)
		Usr 0 00:09:18, Sys 0 00:00:18  -  Run Remote Usage
		Usr 0 00:00:00, Sys 0 00:00:00  -  Run Local Usage
		Usr 0 00:09:18, Sys 0 00:00:18  -  Total Remote Usage
		Usr 0 00:00:00, Sys 0 00:00:00  -  Total Local Usage
	0  -  Run Bytes Sent By Job
	0  -  Run Bytes Received By Job
	0  -  Total Bytes Sent By Job
	0  -  Total Bytes Received By Job
	Partitionable Resources :    Usage  Request Allocated 
	   Cpus                 :     1.00        1         1 
	   Disk (KB)            :  7500        7500     10998 
	   Memory (MB)          :   317        1024      1024 

	Job terminated of its own accord at 2022-04-06T21:56:27Z with exit-code 0.
...
