000 (453.029.000) 2022-04-05 18:55:36 Job submitted from host: <10.18.24.243:9618?addrs=10.18.24.243-9618&alias=ecoclusts01.bioclust.biologie.ens.fr&noUDP&sock=schedd_1052_29b8>
...
001 (453.029.000) 2022-04-06 04:40:59 Job executing on host: <10.18.24.130:9618?addrs=10.18.24.130-9618&alias=dyoclust03.bioclust.biologie.ens.fr&noUDP&sock=startd_813_3a96>
...
006 (453.029.000) 2022-04-06 04:41:08 Image size of job updated: 320556
	94  -  MemoryUsage of job (MB)
	95408  -  ResidentSetSize of job (KB)
...
006 (453.029.000) 2022-04-06 04:46:09 Image size of job updated: 741880
	294  -  MemoryUsage of job (MB)
	300992  -  ResidentSetSize of job (KB)
...
006 (453.029.000) 2022-04-06 04:47:58 Image size of job updated: 741880
	296  -  MemoryUsage of job (MB)
	303040  -  ResidentSetSize of job (KB)
...
005 (453.029.000) 2022-04-06 04:47:58 Job terminated.
	(1) Normal termination (return value 0)
		Usr 0 00:06:25, Sys 0 00:00:30  -  Run Remote Usage
		Usr 0 00:00:00, Sys 0 00:00:00  -  Run Local Usage
		Usr 0 00:06:25, Sys 0 00:00:30  -  Total Remote Usage
		Usr 0 00:00:00, Sys 0 00:00:00  -  Total Local Usage
	0  -  Run Bytes Sent By Job
	0  -  Run Bytes Received By Job
	0  -  Total Bytes Sent By Job
	0  -  Total Bytes Received By Job
	Partitionable Resources :    Usage  Request Allocated 
	   Cpus                 :     1.00        1         1 
	   Disk (KB)            :  7500        7500     10998 
	   Memory (MB)          :   296        1024      1024 

	Job terminated of its own accord at 2022-04-06T02:47:58Z with exit-code 0.
...
