000 (453.487.000) 2022-04-05 18:55:38 Job submitted from host: <10.18.24.243:9618?addrs=10.18.24.243-9618&alias=ecoclusts01.bioclust.biologie.ens.fr&noUDP&sock=schedd_1052_29b8>
...
001 (453.487.000) 2022-04-06 11:34:07 Job executing on host: <10.18.24.141:9618?addrs=10.18.24.141-9618&alias=dyoclust14.bioclust.biologie.ens.fr&noUDP&sock=startd_801_ff73>
...
006 (453.487.000) 2022-04-06 11:34:16 Image size of job updated: 233356
	228  -  MemoryUsage of job (MB)
	233356  -  ResidentSetSize of job (KB)
...
006 (453.487.000) 2022-04-06 11:39:17 Image size of job updated: 741880
	317  -  MemoryUsage of job (MB)
	324384  -  ResidentSetSize of job (KB)
...
006 (453.487.000) 2022-04-06 11:44:17 Image size of job updated: 774648
	317  -  MemoryUsage of job (MB)
	324384  -  ResidentSetSize of job (KB)
...
006 (453.487.000) 2022-04-06 12:14:21 Image size of job updated: 774904
	317  -  MemoryUsage of job (MB)
	324384  -  ResidentSetSize of job (KB)
...
006 (453.487.000) 2022-04-06 12:19:21 Image size of job updated: 774904
	317  -  MemoryUsage of job (MB)
	324604  -  ResidentSetSize of job (KB)
...
006 (453.487.000) 2022-04-06 12:24:21 Image size of job updated: 775160
	318  -  MemoryUsage of job (MB)
	324736  -  ResidentSetSize of job (KB)
...
006 (453.487.000) 2022-04-06 12:29:23 Image size of job updated: 775416
	318  -  MemoryUsage of job (MB)
	325000  -  ResidentSetSize of job (KB)
...
006 (453.487.000) 2022-04-06 12:34:23 Image size of job updated: 775672
	318  -  MemoryUsage of job (MB)
	325264  -  ResidentSetSize of job (KB)
...
006 (453.487.000) 2022-04-06 12:39:23 Image size of job updated: 775672
	318  -  MemoryUsage of job (MB)
	325396  -  ResidentSetSize of job (KB)
...
006 (453.487.000) 2022-04-06 12:44:24 Image size of job updated: 775928
	319  -  MemoryUsage of job (MB)
	325660  -  ResidentSetSize of job (KB)
...
006 (453.487.000) 2022-04-06 12:49:25 Image size of job updated: 776184
	319  -  MemoryUsage of job (MB)
	325792  -  ResidentSetSize of job (KB)
...
006 (453.487.000) 2022-04-06 12:54:25 Image size of job updated: 776440
	319  -  MemoryUsage of job (MB)
	326056  -  ResidentSetSize of job (KB)
...
006 (453.487.000) 2022-04-06 12:59:25 Image size of job updated: 776696
	319  -  MemoryUsage of job (MB)
	326188  -  ResidentSetSize of job (KB)
...
006 (453.487.000) 2022-04-06 13:04:26 Image size of job updated: 776696
	319  -  MemoryUsage of job (MB)
	326452  -  ResidentSetSize of job (KB)
...
006 (453.487.000) 2022-04-06 13:09:26 Image size of job updated: 776952
	319  -  MemoryUsage of job (MB)
	326584  -  ResidentSetSize of job (KB)
...
006 (453.487.000) 2022-04-06 13:19:27 Image size of job updated: 777208
	320  -  MemoryUsage of job (MB)
	326716  -  ResidentSetSize of job (KB)
...
006 (453.487.000) 2022-04-06 13:24:28 Image size of job updated: 777464
	320  -  MemoryUsage of job (MB)
	326980  -  ResidentSetSize of job (KB)
...
006 (453.487.000) 2022-04-06 13:29:28 Image size of job updated: 777464
	320  -  MemoryUsage of job (MB)
	327112  -  ResidentSetSize of job (KB)
...
006 (453.487.000) 2022-04-06 13:34:28 Image size of job updated: 777720
	320  -  MemoryUsage of job (MB)
	327376  -  ResidentSetSize of job (KB)
...
006 (453.487.000) 2022-04-06 13:39:30 Image size of job updated: 777976
	320  -  MemoryUsage of job (MB)
	327640  -  ResidentSetSize of job (KB)
...
006 (453.487.000) 2022-04-06 13:44:30 Image size of job updated: 778232
	321  -  MemoryUsage of job (MB)
	327772  -  ResidentSetSize of job (KB)
...
006 (453.487.000) 2022-04-06 13:49:30 Image size of job updated: 778232
	321  -  MemoryUsage of job (MB)
	327904  -  ResidentSetSize of job (KB)
...
006 (453.487.000) 2022-04-06 13:54:31 Image size of job updated: 778488
	321  -  MemoryUsage of job (MB)
	328036  -  ResidentSetSize of job (KB)
...
006 (453.487.000) 2022-04-06 13:59:32 Image size of job updated: 778744
	321  -  MemoryUsage of job (MB)
	328300  -  ResidentSetSize of job (KB)
...
006 (453.487.000) 2022-04-06 14:04:32 Image size of job updated: 779000
	321  -  MemoryUsage of job (MB)
	328564  -  ResidentSetSize of job (KB)
...
006 (453.487.000) 2022-04-06 14:09:32 Image size of job updated: 779000
	321  -  MemoryUsage of job (MB)
	328696  -  ResidentSetSize of job (KB)
...
006 (453.487.000) 2022-04-06 14:14:33 Image size of job updated: 779256
	322  -  MemoryUsage of job (MB)
	328960  -  ResidentSetSize of job (KB)
...
006 (453.487.000) 2022-04-06 14:19:33 Image size of job updated: 779512
	322  -  MemoryUsage of job (MB)
	329092  -  ResidentSetSize of job (KB)
...
005 (453.487.000) 2022-04-06 14:23:56 Job terminated.
	(1) Normal termination (return value 0)
		Usr 0 02:47:53, Sys 0 00:00:24  -  Run Remote Usage
		Usr 0 00:00:00, Sys 0 00:00:00  -  Run Local Usage
		Usr 0 02:47:53, Sys 0 00:00:24  -  Total Remote Usage
		Usr 0 00:00:00, Sys 0 00:00:00  -  Total Local Usage
	0  -  Run Bytes Sent By Job
	0  -  Run Bytes Received By Job
	0  -  Total Bytes Sent By Job
	0  -  Total Bytes Received By Job
	Partitionable Resources :    Usage  Request Allocated 
	   Cpus                 :     1.00        1         1 
	   Disk (KB)            :  7500        7500     10998 
	   Memory (MB)          :   322        1024      1024 

	Job terminated of its own accord at 2022-04-06T12:23:56Z with exit-code 0.
...
