000 (453.187.000) 2022-04-05 18:55:37 Job submitted from host: <10.18.24.243:9618?addrs=10.18.24.243-9618&alias=ecoclusts01.bioclust.biologie.ens.fr&noUDP&sock=schedd_1052_29b8>
...
001 (453.187.000) 2022-04-06 06:46:01 Job executing on host: <10.18.24.136:9618?addrs=10.18.24.136-9618&alias=dyoclust09.bioclust.biologie.ens.fr&noUDP&sock=startd_808_cc9c>
...
006 (453.187.000) 2022-04-06 06:46:10 Image size of job updated: 230676
	193  -  MemoryUsage of job (MB)
	197612  -  ResidentSetSize of job (KB)
...
006 (453.187.000) 2022-04-06 06:51:11 Image size of job updated: 741624
	317  -  MemoryUsage of job (MB)
	324152  -  ResidentSetSize of job (KB)
...
006 (453.187.000) 2022-04-06 06:56:11 Image size of job updated: 774392
	317  -  MemoryUsage of job (MB)
	324152  -  ResidentSetSize of job (KB)
...
006 (453.187.000) 2022-04-06 07:36:16 Image size of job updated: 774648
	317  -  MemoryUsage of job (MB)
	324152  -  ResidentSetSize of job (KB)
...
006 (453.187.000) 2022-04-06 07:41:17 Image size of job updated: 774648
	317  -  MemoryUsage of job (MB)
	324284  -  ResidentSetSize of job (KB)
...
006 (453.187.000) 2022-04-06 07:46:17 Image size of job updated: 774648
	317  -  MemoryUsage of job (MB)
	324416  -  ResidentSetSize of job (KB)
...
006 (453.187.000) 2022-04-06 07:51:17 Image size of job updated: 774904
	317  -  MemoryUsage of job (MB)
	324416  -  ResidentSetSize of job (KB)
...
006 (453.187.000) 2022-04-06 07:56:18 Image size of job updated: 774904
	317  -  MemoryUsage of job (MB)
	324548  -  ResidentSetSize of job (KB)
...
006 (453.187.000) 2022-04-06 08:11:19 Image size of job updated: 775160
	318  -  MemoryUsage of job (MB)
	324680  -  ResidentSetSize of job (KB)
...
006 (453.187.000) 2022-04-06 08:21:20 Image size of job updated: 775160
	318  -  MemoryUsage of job (MB)
	324812  -  ResidentSetSize of job (KB)
...
006 (453.187.000) 2022-04-06 08:36:21 Image size of job updated: 775416
	318  -  MemoryUsage of job (MB)
	324944  -  ResidentSetSize of job (KB)
...
006 (453.187.000) 2022-04-06 08:46:22 Image size of job updated: 775416
	318  -  MemoryUsage of job (MB)
	325076  -  ResidentSetSize of job (KB)
...
006 (453.187.000) 2022-04-06 09:01:24 Image size of job updated: 775672
	318  -  MemoryUsage of job (MB)
	325208  -  ResidentSetSize of job (KB)
...
006 (453.187.000) 2022-04-06 09:11:25 Image size of job updated: 775672
	318  -  MemoryUsage of job (MB)
	325340  -  ResidentSetSize of job (KB)
...
006 (453.187.000) 2022-04-06 09:26:26 Image size of job updated: 775928
	318  -  MemoryUsage of job (MB)
	325472  -  ResidentSetSize of job (KB)
...
006 (453.187.000) 2022-04-06 09:36:27 Image size of job updated: 775928
	318  -  MemoryUsage of job (MB)
	325604  -  ResidentSetSize of job (KB)
...
006 (453.187.000) 2022-04-06 09:51:28 Image size of job updated: 776184
	319  -  MemoryUsage of job (MB)
	325736  -  ResidentSetSize of job (KB)
...
006 (453.187.000) 2022-04-06 10:01:29 Image size of job updated: 776184
	319  -  MemoryUsage of job (MB)
	325868  -  ResidentSetSize of job (KB)
...
006 (453.187.000) 2022-04-06 10:11:30 Image size of job updated: 776440
	319  -  MemoryUsage of job (MB)
	326000  -  ResidentSetSize of job (KB)
...
006 (453.187.000) 2022-04-06 10:21:31 Image size of job updated: 776440
	319  -  MemoryUsage of job (MB)
	326132  -  ResidentSetSize of job (KB)
...
006 (453.187.000) 2022-04-06 10:36:32 Image size of job updated: 776696
	319  -  MemoryUsage of job (MB)
	326132  -  ResidentSetSize of job (KB)
...
006 (453.187.000) 2022-04-06 10:41:32 Image size of job updated: 776696
	319  -  MemoryUsage of job (MB)
	326264  -  ResidentSetSize of job (KB)
...
006 (453.187.000) 2022-04-06 10:46:33 Image size of job updated: 776696
	319  -  MemoryUsage of job (MB)
	326396  -  ResidentSetSize of job (KB)
...
006 (453.187.000) 2022-04-06 10:56:34 Image size of job updated: 776952
	319  -  MemoryUsage of job (MB)
	326396  -  ResidentSetSize of job (KB)
...
006 (453.187.000) 2022-04-06 11:01:35 Image size of job updated: 776952
	319  -  MemoryUsage of job (MB)
	326528  -  ResidentSetSize of job (KB)
...
006 (453.187.000) 2022-04-06 11:11:36 Image size of job updated: 776952
	320  -  MemoryUsage of job (MB)
	326660  -  ResidentSetSize of job (KB)
...
006 (453.187.000) 2022-04-06 11:51:40 Image size of job updated: 777208
	320  -  MemoryUsage of job (MB)
	326752  -  ResidentSetSize of job (KB)
...
006 (453.187.000) 2022-04-06 12:01:42 Image size of job updated: 777208
	320  -  MemoryUsage of job (MB)
	326884  -  ResidentSetSize of job (KB)
...
006 (453.187.000) 2022-04-06 12:16:44 Image size of job updated: 777464
	320  -  MemoryUsage of job (MB)
	327016  -  ResidentSetSize of job (KB)
...
006 (453.187.000) 2022-04-06 12:26:44 Image size of job updated: 777464
	320  -  MemoryUsage of job (MB)
	327148  -  ResidentSetSize of job (KB)
...
006 (453.187.000) 2022-04-06 12:36:46 Image size of job updated: 777720
	320  -  MemoryUsage of job (MB)
	327280  -  ResidentSetSize of job (KB)
...
006 (453.187.000) 2022-04-06 12:51:48 Image size of job updated: 777720
	320  -  MemoryUsage of job (MB)
	327412  -  ResidentSetSize of job (KB)
...
006 (453.187.000) 2022-04-06 12:56:48 Image size of job updated: 777976
	320  -  MemoryUsage of job (MB)
	327412  -  ResidentSetSize of job (KB)
...
006 (453.187.000) 2022-04-06 13:01:48 Image size of job updated: 777976
	320  -  MemoryUsage of job (MB)
	327544  -  ResidentSetSize of job (KB)
...
006 (453.187.000) 2022-04-06 13:11:50 Image size of job updated: 777976
	320  -  MemoryUsage of job (MB)
	327676  -  ResidentSetSize of job (KB)
...
006 (453.187.000) 2022-04-06 13:21:51 Image size of job updated: 778232
	320  -  MemoryUsage of job (MB)
	327676  -  ResidentSetSize of job (KB)
...
006 (453.187.000) 2022-04-06 13:26:52 Image size of job updated: 778232
	321  -  MemoryUsage of job (MB)
	327808  -  ResidentSetSize of job (KB)
...
006 (453.187.000) 2022-04-06 13:31:52 Image size of job updated: 778232
	321  -  MemoryUsage of job (MB)
	327940  -  ResidentSetSize of job (KB)
...
006 (453.187.000) 2022-04-06 13:41:53 Image size of job updated: 778488
	321  -  MemoryUsage of job (MB)
	327940  -  ResidentSetSize of job (KB)
...
006 (453.187.000) 2022-04-06 13:46:53 Image size of job updated: 778488
	321  -  MemoryUsage of job (MB)
	328072  -  ResidentSetSize of job (KB)
...
006 (453.187.000) 2022-04-06 13:56:54 Image size of job updated: 778488
	321  -  MemoryUsage of job (MB)
	328204  -  ResidentSetSize of job (KB)
...
006 (453.187.000) 2022-04-06 14:01:55 Image size of job updated: 778744
	321  -  MemoryUsage of job (MB)
	328204  -  ResidentSetSize of job (KB)
...
006 (453.187.000) 2022-04-06 14:06:55 Image size of job updated: 778744
	321  -  MemoryUsage of job (MB)
	328336  -  ResidentSetSize of job (KB)
...
006 (453.187.000) 2022-04-06 14:16:57 Image size of job updated: 778744
	321  -  MemoryUsage of job (MB)
	328468  -  ResidentSetSize of job (KB)
...
006 (453.187.000) 2022-04-06 14:21:57 Image size of job updated: 779000
	321  -  MemoryUsage of job (MB)
	328468  -  ResidentSetSize of job (KB)
...
006 (453.187.000) 2022-04-06 14:26:57 Image size of job updated: 779000
	321  -  MemoryUsage of job (MB)
	328600  -  ResidentSetSize of job (KB)
...
006 (453.187.000) 2022-04-06 14:36:59 Image size of job updated: 779000
	322  -  MemoryUsage of job (MB)
	328732  -  ResidentSetSize of job (KB)
...
006 (453.187.000) 2022-04-06 14:41:59 Image size of job updated: 779256
	322  -  MemoryUsage of job (MB)
	328732  -  ResidentSetSize of job (KB)
...
006 (453.187.000) 2022-04-06 14:47:00 Image size of job updated: 779256
	322  -  MemoryUsage of job (MB)
	328864  -  ResidentSetSize of job (KB)
...
006 (453.187.000) 2022-04-06 14:57:01 Image size of job updated: 779256
	322  -  MemoryUsage of job (MB)
	328996  -  ResidentSetSize of job (KB)
...
006 (453.187.000) 2022-04-06 15:02:02 Image size of job updated: 779512
	322  -  MemoryUsage of job (MB)
	328996  -  ResidentSetSize of job (KB)
...
006 (453.187.000) 2022-04-06 15:07:03 Image size of job updated: 779512
	322  -  MemoryUsage of job (MB)
	329128  -  ResidentSetSize of job (KB)
...
006 (453.187.000) 2022-04-06 15:17:03 Image size of job updated: 779512
	322  -  MemoryUsage of job (MB)
	329260  -  ResidentSetSize of job (KB)
...
006 (453.187.000) 2022-04-06 15:22:05 Image size of job updated: 779768
	322  -  MemoryUsage of job (MB)
	329260  -  ResidentSetSize of job (KB)
...
005 (453.187.000) 2022-04-06 15:22:23 Job terminated.
	(1) Normal termination (return value 0)
		Usr 0 08:33:54, Sys 0 00:00:31  -  Run Remote Usage
		Usr 0 00:00:00, Sys 0 00:00:00  -  Run Local Usage
		Usr 0 08:33:54, Sys 0 00:00:31  -  Total Remote Usage
		Usr 0 00:00:00, Sys 0 00:00:00  -  Total Local Usage
	0  -  Run Bytes Sent By Job
	0  -  Run Bytes Received By Job
	0  -  Total Bytes Sent By Job
	0  -  Total Bytes Received By Job
	Partitionable Resources :    Usage  Request Allocated 
	   Cpus                 :     1.00        1         1 
	   Disk (KB)            :  7500        7500     10998 
	   Memory (MB)          :   322        1024      1024 

	Job terminated of its own accord at 2022-04-06T13:22:23Z with exit-code 0.
...
