000 (453.357.000) 2022-04-05 18:55:38 Job submitted from host: <10.18.24.243:9618?addrs=10.18.24.243-9618&alias=ecoclusts01.bioclust.biologie.ens.fr&noUDP&sock=schedd_1052_29b8>
...
001 (453.357.000) 2022-04-06 09:20:07 Job executing on host: <10.18.24.136:9618?addrs=10.18.24.136-9618&alias=dyoclust09.bioclust.biologie.ens.fr&noUDP&sock=startd_808_cc9c>
...
006 (453.357.000) 2022-04-06 09:20:16 Image size of job updated: 210744
	206  -  MemoryUsage of job (MB)
	210744  -  ResidentSetSize of job (KB)
...
006 (453.357.000) 2022-04-06 09:25:16 Image size of job updated: 845680
	317  -  MemoryUsage of job (MB)
	324352  -  ResidentSetSize of job (KB)
...
006 (453.357.000) 2022-04-06 09:55:19 Image size of job updated: 845680
	317  -  MemoryUsage of job (MB)
	324440  -  ResidentSetSize of job (KB)
...
006 (453.357.000) 2022-04-06 10:00:19 Image size of job updated: 845680
	318  -  MemoryUsage of job (MB)
	324704  -  ResidentSetSize of job (KB)
...
006 (453.357.000) 2022-04-06 10:05:20 Image size of job updated: 845680
	318  -  MemoryUsage of job (MB)
	324968  -  ResidentSetSize of job (KB)
...
006 (453.357.000) 2022-04-06 10:10:21 Image size of job updated: 845680
	318  -  MemoryUsage of job (MB)
	325232  -  ResidentSetSize of job (KB)
...
006 (453.357.000) 2022-04-06 10:15:21 Image size of job updated: 845680
	318  -  MemoryUsage of job (MB)
	325496  -  ResidentSetSize of job (KB)
...
006 (453.357.000) 2022-04-06 10:20:21 Image size of job updated: 845680
	319  -  MemoryUsage of job (MB)
	325760  -  ResidentSetSize of job (KB)
...
006 (453.357.000) 2022-04-06 10:25:23 Image size of job updated: 845680
	319  -  MemoryUsage of job (MB)
	326024  -  ResidentSetSize of job (KB)
...
006 (453.357.000) 2022-04-06 10:30:23 Image size of job updated: 845680
	319  -  MemoryUsage of job (MB)
	326288  -  ResidentSetSize of job (KB)
...
006 (453.357.000) 2022-04-06 10:35:23 Image size of job updated: 845680
	319  -  MemoryUsage of job (MB)
	326552  -  ResidentSetSize of job (KB)
...
006 (453.357.000) 2022-04-06 10:45:25 Image size of job updated: 845680
	320  -  MemoryUsage of job (MB)
	326684  -  ResidentSetSize of job (KB)
...
006 (453.357.000) 2022-04-06 10:50:25 Image size of job updated: 845680
	320  -  MemoryUsage of job (MB)
	326948  -  ResidentSetSize of job (KB)
...
006 (453.357.000) 2022-04-06 10:55:25 Image size of job updated: 845680
	320  -  MemoryUsage of job (MB)
	327212  -  ResidentSetSize of job (KB)
...
006 (453.357.000) 2022-04-06 11:00:26 Image size of job updated: 845680
	320  -  MemoryUsage of job (MB)
	327476  -  ResidentSetSize of job (KB)
...
006 (453.357.000) 2022-04-06 11:05:26 Image size of job updated: 845680
	321  -  MemoryUsage of job (MB)
	327740  -  ResidentSetSize of job (KB)
...
006 (453.357.000) 2022-04-06 11:10:26 Image size of job updated: 845680
	321  -  MemoryUsage of job (MB)
	328004  -  ResidentSetSize of job (KB)
...
006 (453.357.000) 2022-04-06 11:15:27 Image size of job updated: 845680
	321  -  MemoryUsage of job (MB)
	328268  -  ResidentSetSize of job (KB)
...
006 (453.357.000) 2022-04-06 11:20:28 Image size of job updated: 845680
	321  -  MemoryUsage of job (MB)
	328400  -  ResidentSetSize of job (KB)
...
006 (453.357.000) 2022-04-06 11:25:28 Image size of job updated: 845680
	321  -  MemoryUsage of job (MB)
	328664  -  ResidentSetSize of job (KB)
...
006 (453.357.000) 2022-04-06 11:30:29 Image size of job updated: 845680
	322  -  MemoryUsage of job (MB)
	328928  -  ResidentSetSize of job (KB)
...
006 (453.357.000) 2022-04-06 11:35:30 Image size of job updated: 845680
	322  -  MemoryUsage of job (MB)
	329192  -  ResidentSetSize of job (KB)
...
005 (453.357.000) 2022-04-06 11:37:24 Job terminated.
	(1) Normal termination (return value 0)
		Usr 0 02:16:17, Sys 0 00:00:29  -  Run Remote Usage
		Usr 0 00:00:00, Sys 0 00:00:00  -  Run Local Usage
		Usr 0 02:16:17, Sys 0 00:00:29  -  Total Remote Usage
		Usr 0 00:00:00, Sys 0 00:00:00  -  Total Local Usage
	0  -  Run Bytes Sent By Job
	0  -  Run Bytes Received By Job
	0  -  Total Bytes Sent By Job
	0  -  Total Bytes Received By Job
	Partitionable Resources :    Usage  Request Allocated 
	   Cpus                 :     1.00        1         1 
	   Disk (KB)            :  7500        7500     10998 
	   Memory (MB)          :   322        1024      1024 

	Job terminated of its own accord at 2022-04-06T09:37:24Z with exit-code 0.
...
