000 (453.192.000) 2022-04-05 18:55:37 Job submitted from host: <10.18.24.243:9618?addrs=10.18.24.243-9618&alias=ecoclusts01.bioclust.biologie.ens.fr&noUDP&sock=schedd_1052_29b8>
...
001 (453.192.000) 2022-04-06 06:53:02 Job executing on host: <10.18.24.139:9618?addrs=10.18.24.139-9618&alias=dyoclust12.bioclust.biologie.ens.fr&noUDP&sock=startd_791_2380>
...
006 (453.192.000) 2022-04-06 06:53:11 Image size of job updated: 111380
	109  -  MemoryUsage of job (MB)
	111380  -  ResidentSetSize of job (KB)
...
006 (453.192.000) 2022-04-06 06:58:11 Image size of job updated: 741880
	317  -  MemoryUsage of job (MB)
	324308  -  ResidentSetSize of job (KB)
...
006 (453.192.000) 2022-04-06 07:03:11 Image size of job updated: 774648
	317  -  MemoryUsage of job (MB)
	324308  -  ResidentSetSize of job (KB)
...
006 (453.192.000) 2022-04-06 07:38:15 Image size of job updated: 774904
	317  -  MemoryUsage of job (MB)
	324440  -  ResidentSetSize of job (KB)
...
006 (453.192.000) 2022-04-06 07:43:16 Image size of job updated: 775160
	317  -  MemoryUsage of job (MB)
	324572  -  ResidentSetSize of job (KB)
...
006 (453.192.000) 2022-04-06 07:48:17 Image size of job updated: 775160
	318  -  MemoryUsage of job (MB)
	324836  -  ResidentSetSize of job (KB)
...
006 (453.192.000) 2022-04-06 07:53:17 Image size of job updated: 775416
	318  -  MemoryUsage of job (MB)
	324968  -  ResidentSetSize of job (KB)
...
006 (453.192.000) 2022-04-06 07:58:18 Image size of job updated: 775416
	318  -  MemoryUsage of job (MB)
	325100  -  ResidentSetSize of job (KB)
...
006 (453.192.000) 2022-04-06 08:03:19 Image size of job updated: 775672
	318  -  MemoryUsage of job (MB)
	325232  -  ResidentSetSize of job (KB)
...
006 (453.192.000) 2022-04-06 08:08:19 Image size of job updated: 775672
	318  -  MemoryUsage of job (MB)
	325364  -  ResidentSetSize of job (KB)
...
006 (453.192.000) 2022-04-06 08:13:19 Image size of job updated: 775928
	318  -  MemoryUsage of job (MB)
	325496  -  ResidentSetSize of job (KB)
...
006 (453.192.000) 2022-04-06 08:18:20 Image size of job updated: 776184
	318  -  MemoryUsage of job (MB)
	325628  -  ResidentSetSize of job (KB)
...
006 (453.192.000) 2022-04-06 08:23:21 Image size of job updated: 776184
	319  -  MemoryUsage of job (MB)
	325760  -  ResidentSetSize of job (KB)
...
006 (453.192.000) 2022-04-06 08:28:21 Image size of job updated: 776440
	319  -  MemoryUsage of job (MB)
	325892  -  ResidentSetSize of job (KB)
...
006 (453.192.000) 2022-04-06 08:33:22 Image size of job updated: 776440
	319  -  MemoryUsage of job (MB)
	326156  -  ResidentSetSize of job (KB)
...
006 (453.192.000) 2022-04-06 08:38:23 Image size of job updated: 776696
	319  -  MemoryUsage of job (MB)
	326288  -  ResidentSetSize of job (KB)
...
006 (453.192.000) 2022-04-06 08:43:23 Image size of job updated: 776952
	319  -  MemoryUsage of job (MB)
	326420  -  ResidentSetSize of job (KB)
...
006 (453.192.000) 2022-04-06 08:48:23 Image size of job updated: 776952
	319  -  MemoryUsage of job (MB)
	326552  -  ResidentSetSize of job (KB)
...
006 (453.192.000) 2022-04-06 09:03:24 Image size of job updated: 777208
	320  -  MemoryUsage of job (MB)
	326684  -  ResidentSetSize of job (KB)
...
006 (453.192.000) 2022-04-06 09:08:25 Image size of job updated: 777208
	320  -  MemoryUsage of job (MB)
	326816  -  ResidentSetSize of job (KB)
...
006 (453.192.000) 2022-04-06 09:13:26 Image size of job updated: 777464
	320  -  MemoryUsage of job (MB)
	326948  -  ResidentSetSize of job (KB)
...
006 (453.192.000) 2022-04-06 09:18:26 Image size of job updated: 777464
	320  -  MemoryUsage of job (MB)
	327080  -  ResidentSetSize of job (KB)
...
006 (453.192.000) 2022-04-06 09:23:26 Image size of job updated: 777720
	320  -  MemoryUsage of job (MB)
	327212  -  ResidentSetSize of job (KB)
...
006 (453.192.000) 2022-04-06 09:28:27 Image size of job updated: 777720
	320  -  MemoryUsage of job (MB)
	327344  -  ResidentSetSize of job (KB)
...
006 (453.192.000) 2022-04-06 09:33:27 Image size of job updated: 777976
	320  -  MemoryUsage of job (MB)
	327476  -  ResidentSetSize of job (KB)
...
006 (453.192.000) 2022-04-06 09:38:27 Image size of job updated: 777976
	320  -  MemoryUsage of job (MB)
	327608  -  ResidentSetSize of job (KB)
...
006 (453.192.000) 2022-04-06 09:43:28 Image size of job updated: 778232
	321  -  MemoryUsage of job (MB)
	327740  -  ResidentSetSize of job (KB)
...
006 (453.192.000) 2022-04-06 09:48:29 Image size of job updated: 778232
	321  -  MemoryUsage of job (MB)
	327872  -  ResidentSetSize of job (KB)
...
006 (453.192.000) 2022-04-06 09:53:29 Image size of job updated: 778488
	321  -  MemoryUsage of job (MB)
	328004  -  ResidentSetSize of job (KB)
...
006 (453.192.000) 2022-04-06 09:58:29 Image size of job updated: 778488
	321  -  MemoryUsage of job (MB)
	328136  -  ResidentSetSize of job (KB)
...
006 (453.192.000) 2022-04-06 10:03:31 Image size of job updated: 778744
	321  -  MemoryUsage of job (MB)
	328268  -  ResidentSetSize of job (KB)
...
006 (453.192.000) 2022-04-06 10:08:31 Image size of job updated: 778744
	321  -  MemoryUsage of job (MB)
	328400  -  ResidentSetSize of job (KB)
...
006 (453.192.000) 2022-04-06 10:13:31 Image size of job updated: 779000
	321  -  MemoryUsage of job (MB)
	328532  -  ResidentSetSize of job (KB)
...
006 (453.192.000) 2022-04-06 10:18:32 Image size of job updated: 779000
	321  -  MemoryUsage of job (MB)
	328664  -  ResidentSetSize of job (KB)
...
006 (453.192.000) 2022-04-06 10:23:33 Image size of job updated: 779256
	322  -  MemoryUsage of job (MB)
	328796  -  ResidentSetSize of job (KB)
...
006 (453.192.000) 2022-04-06 10:28:33 Image size of job updated: 779256
	322  -  MemoryUsage of job (MB)
	328928  -  ResidentSetSize of job (KB)
...
006 (453.192.000) 2022-04-06 10:33:33 Image size of job updated: 779512
	322  -  MemoryUsage of job (MB)
	329060  -  ResidentSetSize of job (KB)
...
006 (453.192.000) 2022-04-06 10:38:35 Image size of job updated: 779768
	322  -  MemoryUsage of job (MB)
	329192  -  ResidentSetSize of job (KB)
...
005 (453.192.000) 2022-04-06 10:39:42 Job terminated.
	(1) Normal termination (return value 0)
		Usr 0 03:44:53, Sys 0 00:00:27  -  Run Remote Usage
		Usr 0 00:00:00, Sys 0 00:00:00  -  Run Local Usage
		Usr 0 03:44:53, Sys 0 00:00:27  -  Total Remote Usage
		Usr 0 00:00:00, Sys 0 00:00:00  -  Total Local Usage
	0  -  Run Bytes Sent By Job
	0  -  Run Bytes Received By Job
	0  -  Total Bytes Sent By Job
	0  -  Total Bytes Received By Job
	Partitionable Resources :    Usage  Request Allocated 
	   Cpus                 :     1.00        1         1 
	   Disk (KB)            :  7500        7500     10998 
	   Memory (MB)          :   322        1024      1024 

	Job terminated of its own accord at 2022-04-06T08:39:42Z with exit-code 0.
...
