000 (453.031.000) 2022-04-05 18:55:36 Job submitted from host: <10.18.24.243:9618?addrs=10.18.24.243-9618&alias=ecoclusts01.bioclust.biologie.ens.fr&noUDP&sock=schedd_1052_29b8>
...
001 (453.031.000) 2022-04-06 04:42:00 Job executing on host: <10.18.24.9:9618?addrs=10.18.24.9-9618&alias=bioclust09.bioclust.biologie.ens.fr&noUDP&sock=startd_4128219_7123>
...
006 (453.031.000) 2022-04-06 04:42:08 Image size of job updated: 115520
	39  -  MemoryUsage of job (MB)
	39680  -  ResidentSetSize of job (KB)
...
006 (453.031.000) 2022-04-06 04:47:08 Image size of job updated: 832908
	317  -  MemoryUsage of job (MB)
	324324  -  ResidentSetSize of job (KB)
...
006 (453.031.000) 2022-04-06 04:52:09 Image size of job updated: 832908
	317  -  MemoryUsage of job (MB)
	324412  -  ResidentSetSize of job (KB)
...
006 (453.031.000) 2022-04-06 06:17:19 Image size of job updated: 832908
	317  -  MemoryUsage of job (MB)
	324544  -  ResidentSetSize of job (KB)
...
006 (453.031.000) 2022-04-06 06:22:19 Image size of job updated: 832908
	318  -  MemoryUsage of job (MB)
	324676  -  ResidentSetSize of job (KB)
...
006 (453.031.000) 2022-04-06 06:32:20 Image size of job updated: 832908
	318  -  MemoryUsage of job (MB)
	324808  -  ResidentSetSize of job (KB)
...
006 (453.031.000) 2022-04-06 06:37:21 Image size of job updated: 832908
	318  -  MemoryUsage of job (MB)
	324940  -  ResidentSetSize of job (KB)
...
006 (453.031.000) 2022-04-06 06:42:21 Image size of job updated: 832908
	318  -  MemoryUsage of job (MB)
	325072  -  ResidentSetSize of job (KB)
...
006 (453.031.000) 2022-04-06 06:52:22 Image size of job updated: 832908
	318  -  MemoryUsage of job (MB)
	325204  -  ResidentSetSize of job (KB)
...
006 (453.031.000) 2022-04-06 06:57:22 Image size of job updated: 832908
	318  -  MemoryUsage of job (MB)
	325336  -  ResidentSetSize of job (KB)
...
006 (453.031.000) 2022-04-06 07:07:23 Image size of job updated: 832908
	318  -  MemoryUsage of job (MB)
	325468  -  ResidentSetSize of job (KB)
...
006 (453.031.000) 2022-04-06 07:12:24 Image size of job updated: 832908
	318  -  MemoryUsage of job (MB)
	325600  -  ResidentSetSize of job (KB)
...
006 (453.031.000) 2022-04-06 07:22:25 Image size of job updated: 832908
	319  -  MemoryUsage of job (MB)
	325732  -  ResidentSetSize of job (KB)
...
006 (453.031.000) 2022-04-06 07:27:26 Image size of job updated: 832908
	319  -  MemoryUsage of job (MB)
	325864  -  ResidentSetSize of job (KB)
...
006 (453.031.000) 2022-04-06 07:32:26 Image size of job updated: 832908
	319  -  MemoryUsage of job (MB)
	325996  -  ResidentSetSize of job (KB)
...
006 (453.031.000) 2022-04-06 07:42:27 Image size of job updated: 832908
	319  -  MemoryUsage of job (MB)
	326128  -  ResidentSetSize of job (KB)
...
006 (453.031.000) 2022-04-06 07:47:27 Image size of job updated: 832908
	319  -  MemoryUsage of job (MB)
	326260  -  ResidentSetSize of job (KB)
...
006 (453.031.000) 2022-04-06 07:52:27 Image size of job updated: 832908
	319  -  MemoryUsage of job (MB)
	326392  -  ResidentSetSize of job (KB)
...
006 (453.031.000) 2022-04-06 08:02:29 Image size of job updated: 832908
	319  -  MemoryUsage of job (MB)
	326524  -  ResidentSetSize of job (KB)
...
006 (453.031.000) 2022-04-06 08:07:29 Image size of job updated: 832908
	319  -  MemoryUsage of job (MB)
	326656  -  ResidentSetSize of job (KB)
...
006 (453.031.000) 2022-04-06 08:32:33 Image size of job updated: 832908
	320  -  MemoryUsage of job (MB)
	326748  -  ResidentSetSize of job (KB)
...
006 (453.031.000) 2022-04-06 08:37:33 Image size of job updated: 832908
	320  -  MemoryUsage of job (MB)
	326880  -  ResidentSetSize of job (KB)
...
006 (453.031.000) 2022-04-06 08:52:34 Image size of job updated: 832908
	320  -  MemoryUsage of job (MB)
	327012  -  ResidentSetSize of job (KB)
...
006 (453.031.000) 2022-04-06 09:02:35 Image size of job updated: 832908
	320  -  MemoryUsage of job (MB)
	327144  -  ResidentSetSize of job (KB)
...
006 (453.031.000) 2022-04-06 09:12:35 Image size of job updated: 832908
	320  -  MemoryUsage of job (MB)
	327276  -  ResidentSetSize of job (KB)
...
006 (453.031.000) 2022-04-06 09:27:37 Image size of job updated: 832908
	320  -  MemoryUsage of job (MB)
	327408  -  ResidentSetSize of job (KB)
...
006 (453.031.000) 2022-04-06 09:32:38 Image size of job updated: 832908
	320  -  MemoryUsage of job (MB)
	327540  -  ResidentSetSize of job (KB)
...
006 (453.031.000) 2022-04-06 09:47:39 Image size of job updated: 832908
	320  -  MemoryUsage of job (MB)
	327672  -  ResidentSetSize of job (KB)
...
006 (453.031.000) 2022-04-06 09:57:40 Image size of job updated: 832908
	321  -  MemoryUsage of job (MB)
	327804  -  ResidentSetSize of job (KB)
...
006 (453.031.000) 2022-04-06 10:07:41 Image size of job updated: 832908
	321  -  MemoryUsage of job (MB)
	327936  -  ResidentSetSize of job (KB)
...
006 (453.031.000) 2022-04-06 10:17:41 Image size of job updated: 832908
	321  -  MemoryUsage of job (MB)
	328068  -  ResidentSetSize of job (KB)
...
006 (453.031.000) 2022-04-06 10:22:42 Image size of job updated: 832908
	321  -  MemoryUsage of job (MB)
	328200  -  ResidentSetSize of job (KB)
...
006 (453.031.000) 2022-04-06 10:37:44 Image size of job updated: 832908
	321  -  MemoryUsage of job (MB)
	328332  -  ResidentSetSize of job (KB)
...
006 (453.031.000) 2022-04-06 10:47:45 Image size of job updated: 832908
	321  -  MemoryUsage of job (MB)
	328464  -  ResidentSetSize of job (KB)
...
006 (453.031.000) 2022-04-06 10:57:47 Image size of job updated: 832908
	321  -  MemoryUsage of job (MB)
	328596  -  ResidentSetSize of job (KB)
...
006 (453.031.000) 2022-04-06 11:07:47 Image size of job updated: 832908
	322  -  MemoryUsage of job (MB)
	328728  -  ResidentSetSize of job (KB)
...
006 (453.031.000) 2022-04-06 11:17:48 Image size of job updated: 832908
	322  -  MemoryUsage of job (MB)
	328860  -  ResidentSetSize of job (KB)
...
006 (453.031.000) 2022-04-06 11:32:50 Image size of job updated: 832908
	322  -  MemoryUsage of job (MB)
	328992  -  ResidentSetSize of job (KB)
...
006 (453.031.000) 2022-04-06 11:42:51 Image size of job updated: 832908
	322  -  MemoryUsage of job (MB)
	329124  -  ResidentSetSize of job (KB)
...
006 (453.031.000) 2022-04-06 11:47:52 Image size of job updated: 832908
	322  -  MemoryUsage of job (MB)
	329256  -  ResidentSetSize of job (KB)
...
005 (453.031.000) 2022-04-06 11:51:50 Job terminated.
	(1) Normal termination (return value 0)
		Usr 0 07:06:07, Sys 0 00:01:08  -  Run Remote Usage
		Usr 0 00:00:00, Sys 0 00:00:00  -  Run Local Usage
		Usr 0 07:06:07, Sys 0 00:01:08  -  Total Remote Usage
		Usr 0 00:00:00, Sys 0 00:00:00  -  Total Local Usage
	0  -  Run Bytes Sent By Job
	0  -  Run Bytes Received By Job
	0  -  Total Bytes Sent By Job
	0  -  Total Bytes Received By Job
	Partitionable Resources :    Usage  Request Allocated 
	   Cpus                 :     1.00        1         1 
	   Disk (KB)            :  7500        7500     10469 
	   Memory (MB)          :   322        1024      1024 

	Job terminated of its own accord at 2022-04-06T09:51:50Z with exit-code 0.
...
