000 (453.216.000) 2022-04-05 18:55:37 Job submitted from host: <10.18.24.243:9618?addrs=10.18.24.243-9618&alias=ecoclusts01.bioclust.biologie.ens.fr&noUDP&sock=schedd_1052_29b8>
...
001 (453.216.000) 2022-04-06 07:11:37 Job executing on host: <10.18.24.135:9618?addrs=10.18.24.135-9618&alias=dyoclust08.bioclust.biologie.ens.fr&noUDP&sock=startd_793_82b1>
...
006 (453.216.000) 2022-04-06 07:11:46 Image size of job updated: 226360
	194  -  MemoryUsage of job (MB)
	197756  -  ResidentSetSize of job (KB)
...
006 (453.216.000) 2022-04-06 07:16:47 Image size of job updated: 741624
	317  -  MemoryUsage of job (MB)
	324040  -  ResidentSetSize of job (KB)
...
006 (453.216.000) 2022-04-06 07:21:47 Image size of job updated: 774392
	317  -  MemoryUsage of job (MB)
	324064  -  ResidentSetSize of job (KB)
...
006 (453.216.000) 2022-04-06 07:46:50 Image size of job updated: 774648
	317  -  MemoryUsage of job (MB)
	324328  -  ResidentSetSize of job (KB)
...
006 (453.216.000) 2022-04-06 07:51:51 Image size of job updated: 774904
	317  -  MemoryUsage of job (MB)
	324592  -  ResidentSetSize of job (KB)
...
006 (453.216.000) 2022-04-06 07:56:51 Image size of job updated: 775160
	318  -  MemoryUsage of job (MB)
	324724  -  ResidentSetSize of job (KB)
...
006 (453.216.000) 2022-04-06 08:01:51 Image size of job updated: 775416
	318  -  MemoryUsage of job (MB)
	324988  -  ResidentSetSize of job (KB)
...
006 (453.216.000) 2022-04-06 08:06:52 Image size of job updated: 775672
	318  -  MemoryUsage of job (MB)
	325120  -  ResidentSetSize of job (KB)
...
006 (453.216.000) 2022-04-06 08:11:53 Image size of job updated: 775672
	318  -  MemoryUsage of job (MB)
	325384  -  ResidentSetSize of job (KB)
...
006 (453.216.000) 2022-04-06 08:16:53 Image size of job updated: 775928
	318  -  MemoryUsage of job (MB)
	325516  -  ResidentSetSize of job (KB)
...
006 (453.216.000) 2022-04-06 08:21:54 Image size of job updated: 776184
	319  -  MemoryUsage of job (MB)
	325780  -  ResidentSetSize of job (KB)
...
006 (453.216.000) 2022-04-06 08:26:55 Image size of job updated: 776440
	319  -  MemoryUsage of job (MB)
	325912  -  ResidentSetSize of job (KB)
...
006 (453.216.000) 2022-04-06 08:31:55 Image size of job updated: 776440
	319  -  MemoryUsage of job (MB)
	326044  -  ResidentSetSize of job (KB)
...
006 (453.216.000) 2022-04-06 08:36:55 Image size of job updated: 776696
	319  -  MemoryUsage of job (MB)
	326308  -  ResidentSetSize of job (KB)
...
006 (453.216.000) 2022-04-06 08:41:56 Image size of job updated: 776952
	319  -  MemoryUsage of job (MB)
	326440  -  ResidentSetSize of job (KB)
...
006 (453.216.000) 2022-04-06 08:46:57 Image size of job updated: 776952
	319  -  MemoryUsage of job (MB)
	326572  -  ResidentSetSize of job (KB)
...
006 (453.216.000) 2022-04-06 08:56:58 Image size of job updated: 777208
	320  -  MemoryUsage of job (MB)
	326704  -  ResidentSetSize of job (KB)
...
006 (453.216.000) 2022-04-06 09:01:59 Image size of job updated: 777208
	320  -  MemoryUsage of job (MB)
	326968  -  ResidentSetSize of job (KB)
...
006 (453.216.000) 2022-04-06 09:06:59 Image size of job updated: 777464
	320  -  MemoryUsage of job (MB)
	327100  -  ResidentSetSize of job (KB)
...
006 (453.216.000) 2022-04-06 09:11:59 Image size of job updated: 777720
	320  -  MemoryUsage of job (MB)
	327232  -  ResidentSetSize of job (KB)
...
006 (453.216.000) 2022-04-06 09:17:00 Image size of job updated: 777720
	320  -  MemoryUsage of job (MB)
	327364  -  ResidentSetSize of job (KB)
...
006 (453.216.000) 2022-04-06 09:22:00 Image size of job updated: 777976
	320  -  MemoryUsage of job (MB)
	327628  -  ResidentSetSize of job (KB)
...
006 (453.216.000) 2022-04-06 09:27:00 Image size of job updated: 778232
	321  -  MemoryUsage of job (MB)
	327760  -  ResidentSetSize of job (KB)
...
006 (453.216.000) 2022-04-06 09:32:01 Image size of job updated: 778232
	321  -  MemoryUsage of job (MB)
	327892  -  ResidentSetSize of job (KB)
...
006 (453.216.000) 2022-04-06 09:37:02 Image size of job updated: 778488
	321  -  MemoryUsage of job (MB)
	328024  -  ResidentSetSize of job (KB)
...
006 (453.216.000) 2022-04-06 09:42:02 Image size of job updated: 778744
	321  -  MemoryUsage of job (MB)
	328288  -  ResidentSetSize of job (KB)
...
006 (453.216.000) 2022-04-06 09:47:02 Image size of job updated: 778744
	321  -  MemoryUsage of job (MB)
	328420  -  ResidentSetSize of job (KB)
...
006 (453.216.000) 2022-04-06 09:52:03 Image size of job updated: 779000
	321  -  MemoryUsage of job (MB)
	328552  -  ResidentSetSize of job (KB)
...
006 (453.216.000) 2022-04-06 09:57:03 Image size of job updated: 779256
	322  -  MemoryUsage of job (MB)
	328816  -  ResidentSetSize of job (KB)
...
006 (453.216.000) 2022-04-06 10:02:03 Image size of job updated: 779256
	322  -  MemoryUsage of job (MB)
	328948  -  ResidentSetSize of job (KB)
...
006 (453.216.000) 2022-04-06 10:07:04 Image size of job updated: 779512
	322  -  MemoryUsage of job (MB)
	329080  -  ResidentSetSize of job (KB)
...
006 (453.216.000) 2022-04-06 10:12:05 Image size of job updated: 779768
	322  -  MemoryUsage of job (MB)
	329212  -  ResidentSetSize of job (KB)
...
005 (453.216.000) 2022-04-06 10:12:10 Job terminated.
	(1) Normal termination (return value 0)
		Usr 0 02:59:58, Sys 0 00:00:26  -  Run Remote Usage
		Usr 0 00:00:00, Sys 0 00:00:00  -  Run Local Usage
		Usr 0 02:59:58, Sys 0 00:00:26  -  Total Remote Usage
		Usr 0 00:00:00, Sys 0 00:00:00  -  Total Local Usage
	0  -  Run Bytes Sent By Job
	0  -  Run Bytes Received By Job
	0  -  Total Bytes Sent By Job
	0  -  Total Bytes Received By Job
	Partitionable Resources :    Usage  Request Allocated 
	   Cpus                 :     1.00        1         1 
	   Disk (KB)            :  7500        7500     10998 
	   Memory (MB)          :   322        1024      1024 

	Job terminated of its own accord at 2022-04-06T08:12:10Z with exit-code 0.
...
