000 (453.646.000) 2022-04-05 18:55:39 Job submitted from host: <10.18.24.243:9618?addrs=10.18.24.243-9618&alias=ecoclusts01.bioclust.biologie.ens.fr&noUDP&sock=schedd_1052_29b8>
...
001 (453.646.000) 2022-04-06 14:17:41 Job executing on host: <10.18.24.142:9618?addrs=10.18.24.142-9618&alias=dyoclust15.bioclust.biologie.ens.fr&noUDP&sock=startd_768_5cd3>
...
006 (453.646.000) 2022-04-06 14:17:50 Image size of job updated: 235240
	230  -  MemoryUsage of job (MB)
	235240  -  ResidentSetSize of job (KB)
...
006 (453.646.000) 2022-04-06 14:22:51 Image size of job updated: 741880
	317  -  MemoryUsage of job (MB)
	324340  -  ResidentSetSize of job (KB)
...
006 (453.646.000) 2022-04-06 14:27:52 Image size of job updated: 774648
	317  -  MemoryUsage of job (MB)
	324364  -  ResidentSetSize of job (KB)
...
006 (453.646.000) 2022-04-06 15:07:56 Image size of job updated: 774904
	317  -  MemoryUsage of job (MB)
	324496  -  ResidentSetSize of job (KB)
...
006 (453.646.000) 2022-04-06 15:12:57 Image size of job updated: 775160
	318  -  MemoryUsage of job (MB)
	324628  -  ResidentSetSize of job (KB)
...
006 (453.646.000) 2022-04-06 15:17:58 Image size of job updated: 775160
	318  -  MemoryUsage of job (MB)
	324760  -  ResidentSetSize of job (KB)
...
006 (453.646.000) 2022-04-06 15:22:58 Image size of job updated: 775416
	318  -  MemoryUsage of job (MB)
	324892  -  ResidentSetSize of job (KB)
...
006 (453.646.000) 2022-04-06 15:27:58 Image size of job updated: 775416
	318  -  MemoryUsage of job (MB)
	325024  -  ResidentSetSize of job (KB)
...
006 (453.646.000) 2022-04-06 15:32:59 Image size of job updated: 775672
	318  -  MemoryUsage of job (MB)
	325288  -  ResidentSetSize of job (KB)
...
006 (453.646.000) 2022-04-06 15:37:59 Image size of job updated: 775672
	318  -  MemoryUsage of job (MB)
	325420  -  ResidentSetSize of job (KB)
...
006 (453.646.000) 2022-04-06 15:42:59 Image size of job updated: 775928
	318  -  MemoryUsage of job (MB)
	325552  -  ResidentSetSize of job (KB)
...
006 (453.646.000) 2022-04-06 15:48:00 Image size of job updated: 776184
	319  -  MemoryUsage of job (MB)
	325684  -  ResidentSetSize of job (KB)
...
006 (453.646.000) 2022-04-06 15:53:01 Image size of job updated: 776184
	319  -  MemoryUsage of job (MB)
	325948  -  ResidentSetSize of job (KB)
...
006 (453.646.000) 2022-04-06 15:58:01 Image size of job updated: 776440
	319  -  MemoryUsage of job (MB)
	326080  -  ResidentSetSize of job (KB)
...
006 (453.646.000) 2022-04-06 16:03:01 Image size of job updated: 776696
	319  -  MemoryUsage of job (MB)
	326212  -  ResidentSetSize of job (KB)
...
006 (453.646.000) 2022-04-06 16:08:02 Image size of job updated: 776696
	319  -  MemoryUsage of job (MB)
	326344  -  ResidentSetSize of job (KB)
...
006 (453.646.000) 2022-04-06 16:13:02 Image size of job updated: 776952
	319  -  MemoryUsage of job (MB)
	326608  -  ResidentSetSize of job (KB)
...
006 (453.646.000) 2022-04-06 16:33:04 Image size of job updated: 777208
	320  -  MemoryUsage of job (MB)
	326872  -  ResidentSetSize of job (KB)
...
006 (453.646.000) 2022-04-06 16:43:05 Image size of job updated: 777464
	320  -  MemoryUsage of job (MB)
	327004  -  ResidentSetSize of job (KB)
...
006 (453.646.000) 2022-04-06 16:48:05 Image size of job updated: 777720
	320  -  MemoryUsage of job (MB)
	327268  -  ResidentSetSize of job (KB)
...
006 (453.646.000) 2022-04-06 16:53:05 Image size of job updated: 777720
	320  -  MemoryUsage of job (MB)
	327400  -  ResidentSetSize of job (KB)
...
006 (453.646.000) 2022-04-06 16:58:06 Image size of job updated: 777976
	320  -  MemoryUsage of job (MB)
	327532  -  ResidentSetSize of job (KB)
...
006 (453.646.000) 2022-04-06 17:03:07 Image size of job updated: 777976
	320  -  MemoryUsage of job (MB)
	327664  -  ResidentSetSize of job (KB)
...
006 (453.646.000) 2022-04-06 17:08:07 Image size of job updated: 778232
	321  -  MemoryUsage of job (MB)
	327796  -  ResidentSetSize of job (KB)
...
006 (453.646.000) 2022-04-06 17:13:07 Image size of job updated: 778232
	321  -  MemoryUsage of job (MB)
	327928  -  ResidentSetSize of job (KB)
...
006 (453.646.000) 2022-04-06 17:18:08 Image size of job updated: 778488
	321  -  MemoryUsage of job (MB)
	328060  -  ResidentSetSize of job (KB)
...
006 (453.646.000) 2022-04-06 17:23:08 Image size of job updated: 778744
	321  -  MemoryUsage of job (MB)
	328192  -  ResidentSetSize of job (KB)
...
006 (453.646.000) 2022-04-06 17:28:08 Image size of job updated: 778744
	321  -  MemoryUsage of job (MB)
	328324  -  ResidentSetSize of job (KB)
...
006 (453.646.000) 2022-04-06 17:33:09 Image size of job updated: 779000
	321  -  MemoryUsage of job (MB)
	328588  -  ResidentSetSize of job (KB)
...
006 (453.646.000) 2022-04-06 17:38:10 Image size of job updated: 779000
	322  -  MemoryUsage of job (MB)
	328720  -  ResidentSetSize of job (KB)
...
006 (453.646.000) 2022-04-06 17:43:10 Image size of job updated: 779256
	322  -  MemoryUsage of job (MB)
	328852  -  ResidentSetSize of job (KB)
...
006 (453.646.000) 2022-04-06 17:48:10 Image size of job updated: 779256
	322  -  MemoryUsage of job (MB)
	328984  -  ResidentSetSize of job (KB)
...
006 (453.646.000) 2022-04-06 17:53:11 Image size of job updated: 779512
	322  -  MemoryUsage of job (MB)
	329116  -  ResidentSetSize of job (KB)
...
006 (453.646.000) 2022-04-06 17:57:52 Image size of job updated: 779768
	322  -  MemoryUsage of job (MB)
	329116  -  ResidentSetSize of job (KB)
...
005 (453.646.000) 2022-04-06 17:57:52 Job terminated.
	(1) Normal termination (return value 0)
		Usr 0 03:38:35, Sys 0 00:00:24  -  Run Remote Usage
		Usr 0 00:00:00, Sys 0 00:00:00  -  Run Local Usage
		Usr 0 03:38:35, Sys 0 00:00:24  -  Total Remote Usage
		Usr 0 00:00:00, Sys 0 00:00:00  -  Total Local Usage
	0  -  Run Bytes Sent By Job
	0  -  Run Bytes Received By Job
	0  -  Total Bytes Sent By Job
	0  -  Total Bytes Received By Job
	Partitionable Resources :    Usage  Request Allocated 
	   Cpus                 :     1.00        1         1 
	   Disk (KB)            :  7500        7500     10998 
	   Memory (MB)          :   322        1024      1024 

	Job terminated of its own accord at 2022-04-06T15:57:52Z with exit-code 0.
...
