000 (453.556.000) 2022-04-05 18:55:39 Job submitted from host: <10.18.24.243:9618?addrs=10.18.24.243-9618&alias=ecoclusts01.bioclust.biologie.ens.fr&noUDP&sock=schedd_1052_29b8>
...
001 (453.556.000) 2022-04-06 12:37:18 Job executing on host: <10.18.24.11:9618?addrs=10.18.24.11-9618&alias=bioclust11.bioclust.biologie.ens.fr&noUDP&sock=startd_1205_1bb6>
...
006 (453.556.000) 2022-04-06 12:37:26 Image size of job updated: 53276
	53  -  MemoryUsage of job (MB)
	53276  -  ResidentSetSize of job (KB)
...
006 (453.556.000) 2022-04-06 12:42:26 Image size of job updated: 741880
	317  -  MemoryUsage of job (MB)
	324320  -  ResidentSetSize of job (KB)
...
006 (453.556.000) 2022-04-06 12:57:27 Image size of job updated: 774648
	317  -  MemoryUsage of job (MB)
	324320  -  ResidentSetSize of job (KB)
...
006 (453.556.000) 2022-04-06 19:53:08 Image size of job updated: 774904
	317  -  MemoryUsage of job (MB)
	324452  -  ResidentSetSize of job (KB)
...
006 (453.556.000) 2022-04-06 21:13:15 Image size of job updated: 774904
	317  -  MemoryUsage of job (MB)
	324584  -  ResidentSetSize of job (KB)
...
006 (453.556.000) 2022-04-06 22:28:24 Image size of job updated: 775160
	318  -  MemoryUsage of job (MB)
	324716  -  ResidentSetSize of job (KB)
...
006 (453.556.000) 2022-04-07 00:03:33 Image size of job updated: 775160
	318  -  MemoryUsage of job (MB)
	324848  -  ResidentSetSize of job (KB)
...
006 (453.556.000) 2022-04-07 01:03:39 Image size of job updated: 775416
	318  -  MemoryUsage of job (MB)
	324980  -  ResidentSetSize of job (KB)
...
006 (453.556.000) 2022-04-07 01:58:47 Image size of job updated: 775416
	318  -  MemoryUsage of job (MB)
	325112  -  ResidentSetSize of job (KB)
...
006 (453.556.000) 2022-04-07 02:48:54 Image size of job updated: 775672
	318  -  MemoryUsage of job (MB)
	325244  -  ResidentSetSize of job (KB)
...
006 (453.556.000) 2022-04-07 03:48:59 Image size of job updated: 775672
	318  -  MemoryUsage of job (MB)
	325376  -  ResidentSetSize of job (KB)
...
006 (453.556.000) 2022-04-07 04:19:02 Image size of job updated: 775928
	318  -  MemoryUsage of job (MB)
	325376  -  ResidentSetSize of job (KB)
...
006 (453.556.000) 2022-04-07 04:34:04 Image size of job updated: 775928
	318  -  MemoryUsage of job (MB)
	325508  -  ResidentSetSize of job (KB)
...
006 (453.556.000) 2022-04-07 05:19:08 Image size of job updated: 775928
	319  -  MemoryUsage of job (MB)
	325640  -  ResidentSetSize of job (KB)
...
006 (453.556.000) 2022-04-07 05:49:11 Image size of job updated: 776184
	319  -  MemoryUsage of job (MB)
	325640  -  ResidentSetSize of job (KB)
...
006 (453.556.000) 2022-04-07 06:19:15 Image size of job updated: 776184
	319  -  MemoryUsage of job (MB)
	325772  -  ResidentSetSize of job (KB)
...
006 (453.556.000) 2022-04-07 07:04:21 Image size of job updated: 776184
	319  -  MemoryUsage of job (MB)
	325904  -  ResidentSetSize of job (KB)
...
006 (453.556.000) 2022-04-07 07:34:23 Image size of job updated: 776440
	319  -  MemoryUsage of job (MB)
	325904  -  ResidentSetSize of job (KB)
...
006 (453.556.000) 2022-04-07 07:49:25 Image size of job updated: 776440
	319  -  MemoryUsage of job (MB)
	326036  -  ResidentSetSize of job (KB)
...
006 (453.556.000) 2022-04-07 08:34:30 Image size of job updated: 776440
	319  -  MemoryUsage of job (MB)
	326168  -  ResidentSetSize of job (KB)
...
006 (453.556.000) 2022-04-07 09:04:33 Image size of job updated: 776696
	319  -  MemoryUsage of job (MB)
	326168  -  ResidentSetSize of job (KB)
...
006 (453.556.000) 2022-04-07 09:19:34 Image size of job updated: 776696
	319  -  MemoryUsage of job (MB)
	326300  -  ResidentSetSize of job (KB)
...
006 (453.556.000) 2022-04-07 10:04:40 Image size of job updated: 776696
	319  -  MemoryUsage of job (MB)
	326432  -  ResidentSetSize of job (KB)
...
006 (453.556.000) 2022-04-07 10:34:42 Image size of job updated: 776952
	319  -  MemoryUsage of job (MB)
	326432  -  ResidentSetSize of job (KB)
...
006 (453.556.000) 2022-04-07 10:59:44 Image size of job updated: 776952
	319  -  MemoryUsage of job (MB)
	326564  -  ResidentSetSize of job (KB)
...
006 (453.556.000) 2022-04-07 13:29:59 Image size of job updated: 776952
	320  -  MemoryUsage of job (MB)
	326696  -  ResidentSetSize of job (KB)
...
006 (453.556.000) 2022-04-07 13:45:00 Image size of job updated: 777208
	320  -  MemoryUsage of job (MB)
	326696  -  ResidentSetSize of job (KB)
...
006 (453.556.000) 2022-04-07 14:25:04 Image size of job updated: 777208
	320  -  MemoryUsage of job (MB)
	326828  -  ResidentSetSize of job (KB)
...
006 (453.556.000) 2022-04-07 15:05:09 Image size of job updated: 777208
	320  -  MemoryUsage of job (MB)
	326960  -  ResidentSetSize of job (KB)
...
006 (453.556.000) 2022-04-07 15:30:10 Image size of job updated: 777464
	320  -  MemoryUsage of job (MB)
	326960  -  ResidentSetSize of job (KB)
...
006 (453.556.000) 2022-04-07 15:55:12 Image size of job updated: 777464
	320  -  MemoryUsage of job (MB)
	327092  -  ResidentSetSize of job (KB)
...
006 (453.556.000) 2022-04-07 16:50:19 Image size of job updated: 777464
	320  -  MemoryUsage of job (MB)
	327224  -  ResidentSetSize of job (KB)
...
006 (453.556.000) 2022-04-07 17:05:20 Image size of job updated: 777720
	320  -  MemoryUsage of job (MB)
	327224  -  ResidentSetSize of job (KB)
...
006 (453.556.000) 2022-04-07 17:30:23 Image size of job updated: 777720
	320  -  MemoryUsage of job (MB)
	327356  -  ResidentSetSize of job (KB)
...
006 (453.556.000) 2022-04-07 18:20:28 Image size of job updated: 777720
	320  -  MemoryUsage of job (MB)
	327488  -  ResidentSetSize of job (KB)
...
006 (453.556.000) 2022-04-07 18:35:30 Image size of job updated: 777976
	320  -  MemoryUsage of job (MB)
	327488  -  ResidentSetSize of job (KB)
...
006 (453.556.000) 2022-04-07 18:55:32 Image size of job updated: 777976
	320  -  MemoryUsage of job (MB)
	327620  -  ResidentSetSize of job (KB)
...
006 (453.556.000) 2022-04-07 19:45:37 Image size of job updated: 777976
	321  -  MemoryUsage of job (MB)
	327752  -  ResidentSetSize of job (KB)
...
006 (453.556.000) 2022-04-07 19:55:39 Image size of job updated: 778232
	321  -  MemoryUsage of job (MB)
	327752  -  ResidentSetSize of job (KB)
...
006 (453.556.000) 2022-04-07 20:30:42 Image size of job updated: 778232
	321  -  MemoryUsage of job (MB)
	327884  -  ResidentSetSize of job (KB)
...
006 (453.556.000) 2022-04-07 21:05:46 Image size of job updated: 778488
	321  -  MemoryUsage of job (MB)
	328016  -  ResidentSetSize of job (KB)
...
006 (453.556.000) 2022-04-07 22:00:51 Image size of job updated: 778488
	321  -  MemoryUsage of job (MB)
	328148  -  ResidentSetSize of job (KB)
...
006 (453.556.000) 2022-04-07 22:40:56 Image size of job updated: 778744
	321  -  MemoryUsage of job (MB)
	328280  -  ResidentSetSize of job (KB)
...
006 (453.556.000) 2022-04-07 23:41:01 Image size of job updated: 778744
	321  -  MemoryUsage of job (MB)
	328412  -  ResidentSetSize of job (KB)
...
006 (453.556.000) 2022-04-08 00:36:07 Image size of job updated: 779000
	321  -  MemoryUsage of job (MB)
	328412  -  ResidentSetSize of job (KB)
...
006 (453.556.000) 2022-04-08 00:46:07 Image size of job updated: 779000
	321  -  MemoryUsage of job (MB)
	328544  -  ResidentSetSize of job (KB)
...
006 (453.556.000) 2022-04-08 01:36:13 Image size of job updated: 779000
	321  -  MemoryUsage of job (MB)
	328676  -  ResidentSetSize of job (KB)
...
006 (453.556.000) 2022-04-08 02:21:18 Image size of job updated: 779256
	321  -  MemoryUsage of job (MB)
	328676  -  ResidentSetSize of job (KB)
...
006 (453.556.000) 2022-04-08 02:36:20 Image size of job updated: 779256
	322  -  MemoryUsage of job (MB)
	328808  -  ResidentSetSize of job (KB)
...
006 (453.556.000) 2022-04-08 03:26:25 Image size of job updated: 779256
	322  -  MemoryUsage of job (MB)
	328940  -  ResidentSetSize of job (KB)
...
006 (453.556.000) 2022-04-08 04:16:31 Image size of job updated: 779512
	322  -  MemoryUsage of job (MB)
	328940  -  ResidentSetSize of job (KB)
...
006 (453.556.000) 2022-04-08 04:31:32 Image size of job updated: 779512
	322  -  MemoryUsage of job (MB)
	329072  -  ResidentSetSize of job (KB)
...
006 (453.556.000) 2022-04-08 05:36:39 Image size of job updated: 779512
	322  -  MemoryUsage of job (MB)
	329204  -  ResidentSetSize of job (KB)
...
006 (453.556.000) 2022-04-08 06:11:43 Image size of job updated: 779768
	322  -  MemoryUsage of job (MB)
	329204  -  ResidentSetSize of job (KB)
...
006 (453.556.000) 2022-04-08 06:26:44 Image size of job updated: 779768
	322  -  MemoryUsage of job (MB)
	329336  -  ResidentSetSize of job (KB)
...
005 (453.556.000) 2022-04-08 06:37:34 Job terminated.
	(1) Normal termination (return value 0)
		Usr 1 17:43:11, Sys 0 00:02:14  -  Run Remote Usage
		Usr 0 00:00:00, Sys 0 00:00:00  -  Run Local Usage
		Usr 1 17:43:11, Sys 0 00:02:14  -  Total Remote Usage
		Usr 0 00:00:00, Sys 0 00:00:00  -  Total Local Usage
	0  -  Run Bytes Sent By Job
	0  -  Run Bytes Received By Job
	0  -  Total Bytes Sent By Job
	0  -  Total Bytes Received By Job
	Partitionable Resources :    Usage  Request Allocated 
	   Cpus                 :     1.00        1         1 
	   Disk (KB)            :  7500        7500     10998 
	   Memory (MB)          :   322        1024      1024 

	Job terminated of its own accord at 2022-04-08T04:37:34Z with exit-code 0.
...
