000 (453.332.000) 2022-04-05 18:55:38 Job submitted from host: <10.18.24.243:9618?addrs=10.18.24.243-9618&alias=ecoclusts01.bioclust.biologie.ens.fr&noUDP&sock=schedd_1052_29b8>
...
001 (453.332.000) 2022-04-06 09:03:19 Job executing on host: <10.18.24.140:9618?addrs=10.18.24.140-9618&alias=dyoclust13.bioclust.biologie.ens.fr&noUDP&sock=startd_813_3a96>
...
006 (453.332.000) 2022-04-06 09:03:28 Image size of job updated: 73196
	56  -  MemoryUsage of job (MB)
	56432  -  ResidentSetSize of job (KB)
...
006 (453.332.000) 2022-04-06 09:08:29 Image size of job updated: 741880
	317  -  MemoryUsage of job (MB)
	324372  -  ResidentSetSize of job (KB)
...
005 (453.332.000) 2022-04-06 09:14:36 Job terminated.
	(1) Normal termination (return value 0)
		Usr 0 00:09:59, Sys 0 00:01:03  -  Run Remote Usage
		Usr 0 00:00:00, Sys 0 00:00:00  -  Run Local Usage
		Usr 0 00:09:59, Sys 0 00:01:03  -  Total Remote Usage
		Usr 0 00:00:00, Sys 0 00:00:00  -  Total Local Usage
	0  -  Run Bytes Sent By Job
	0  -  Run Bytes Received By Job
	0  -  Total Bytes Sent By Job
	0  -  Total Bytes Received By Job
	Partitionable Resources :    Usage  Request Allocated 
	   Cpus                 :     0.90        1         1 
	   Disk (KB)            :  7500        7500     10064 
	   Memory (MB)          :   317        1024      1024 

	Job terminated of its own accord at 2022-04-06T07:14:36Z with exit-code 0.
...
