000 (453.385.000) 2022-04-05 18:55:38 Job submitted from host: <10.18.24.243:9618?addrs=10.18.24.243-9618&alias=ecoclusts01.bioclust.biologie.ens.fr&noUDP&sock=schedd_1052_29b8>
...
001 (453.385.000) 2022-04-06 09:43:40 Job executing on host: <10.18.24.138:9618?addrs=10.18.24.138-9618&alias=dyoclust11.bioclust.biologie.ens.fr&noUDP&sock=startd_801_ff73>
...
006 (453.385.000) 2022-04-06 09:43:49 Image size of job updated: 64908
	64  -  MemoryUsage of job (MB)
	64908  -  ResidentSetSize of job (KB)
...
006 (453.385.000) 2022-04-06 09:48:49 Image size of job updated: 741876
	317  -  MemoryUsage of job (MB)
	324312  -  ResidentSetSize of job (KB)
...
006 (453.385.000) 2022-04-06 09:53:50 Image size of job updated: 792504
	317  -  MemoryUsage of job (MB)
	324356  -  ResidentSetSize of job (KB)
...
006 (453.385.000) 2022-04-06 10:33:55 Image size of job updated: 792504
	317  -  MemoryUsage of job (MB)
	324444  -  ResidentSetSize of job (KB)
...
006 (453.385.000) 2022-04-06 10:38:55 Image size of job updated: 792504
	317  -  MemoryUsage of job (MB)
	324576  -  ResidentSetSize of job (KB)
...
006 (453.385.000) 2022-04-06 10:43:56 Image size of job updated: 792504
	318  -  MemoryUsage of job (MB)
	324708  -  ResidentSetSize of job (KB)
...
006 (453.385.000) 2022-04-06 10:48:57 Image size of job updated: 792504
	318  -  MemoryUsage of job (MB)
	324840  -  ResidentSetSize of job (KB)
...
006 (453.385.000) 2022-04-06 10:53:57 Image size of job updated: 792504
	318  -  MemoryUsage of job (MB)
	324972  -  ResidentSetSize of job (KB)
...
006 (453.385.000) 2022-04-06 10:58:57 Image size of job updated: 792504
	318  -  MemoryUsage of job (MB)
	325104  -  ResidentSetSize of job (KB)
...
006 (453.385.000) 2022-04-06 11:03:58 Image size of job updated: 792504
	318  -  MemoryUsage of job (MB)
	325236  -  ResidentSetSize of job (KB)
...
006 (453.385.000) 2022-04-06 11:08:58 Image size of job updated: 792504
	318  -  MemoryUsage of job (MB)
	325500  -  ResidentSetSize of job (KB)
...
006 (453.385.000) 2022-04-06 11:13:58 Image size of job updated: 792504
	318  -  MemoryUsage of job (MB)
	325632  -  ResidentSetSize of job (KB)
...
006 (453.385.000) 2022-04-06 11:18:59 Image size of job updated: 792504
	319  -  MemoryUsage of job (MB)
	325896  -  ResidentSetSize of job (KB)
...
006 (453.385.000) 2022-04-06 11:24:00 Image size of job updated: 792504
	319  -  MemoryUsage of job (MB)
	326160  -  ResidentSetSize of job (KB)
...
006 (453.385.000) 2022-04-06 11:29:00 Image size of job updated: 792504
	319  -  MemoryUsage of job (MB)
	326292  -  ResidentSetSize of job (KB)
...
006 (453.385.000) 2022-04-06 11:34:00 Image size of job updated: 792504
	319  -  MemoryUsage of job (MB)
	326424  -  ResidentSetSize of job (KB)
...
006 (453.385.000) 2022-04-06 11:39:01 Image size of job updated: 792504
	319  -  MemoryUsage of job (MB)
	326556  -  ResidentSetSize of job (KB)
...
006 (453.385.000) 2022-04-06 11:49:01 Image size of job updated: 792504
	320  -  MemoryUsage of job (MB)
	326688  -  ResidentSetSize of job (KB)
...
006 (453.385.000) 2022-04-06 11:54:02 Image size of job updated: 792504
	320  -  MemoryUsage of job (MB)
	326952  -  ResidentSetSize of job (KB)
...
006 (453.385.000) 2022-04-06 11:59:03 Image size of job updated: 792504
	320  -  MemoryUsage of job (MB)
	327084  -  ResidentSetSize of job (KB)
...
006 (453.385.000) 2022-04-06 12:04:03 Image size of job updated: 792504
	320  -  MemoryUsage of job (MB)
	327348  -  ResidentSetSize of job (KB)
...
006 (453.385.000) 2022-04-06 12:09:04 Image size of job updated: 792504
	320  -  MemoryUsage of job (MB)
	327480  -  ResidentSetSize of job (KB)
...
006 (453.385.000) 2022-04-06 12:14:05 Image size of job updated: 792504
	320  -  MemoryUsage of job (MB)
	327612  -  ResidentSetSize of job (KB)
...
006 (453.385.000) 2022-04-06 12:19:05 Image size of job updated: 792504
	321  -  MemoryUsage of job (MB)
	327744  -  ResidentSetSize of job (KB)
...
006 (453.385.000) 2022-04-06 12:24:05 Image size of job updated: 792504
	321  -  MemoryUsage of job (MB)
	327876  -  ResidentSetSize of job (KB)
...
006 (453.385.000) 2022-04-06 12:29:06 Image size of job updated: 792504
	321  -  MemoryUsage of job (MB)
	328008  -  ResidentSetSize of job (KB)
...
006 (453.385.000) 2022-04-06 12:34:06 Image size of job updated: 792504
	321  -  MemoryUsage of job (MB)
	328272  -  ResidentSetSize of job (KB)
...
006 (453.385.000) 2022-04-06 12:39:06 Image size of job updated: 792504
	321  -  MemoryUsage of job (MB)
	328404  -  ResidentSetSize of job (KB)
...
006 (453.385.000) 2022-04-06 12:44:07 Image size of job updated: 792504
	321  -  MemoryUsage of job (MB)
	328536  -  ResidentSetSize of job (KB)
...
006 (453.385.000) 2022-04-06 12:49:08 Image size of job updated: 792504
	322  -  MemoryUsage of job (MB)
	328800  -  ResidentSetSize of job (KB)
...
006 (453.385.000) 2022-04-06 12:54:08 Image size of job updated: 792504
	322  -  MemoryUsage of job (MB)
	328932  -  ResidentSetSize of job (KB)
...
006 (453.385.000) 2022-04-06 12:59:08 Image size of job updated: 792504
	322  -  MemoryUsage of job (MB)
	329064  -  ResidentSetSize of job (KB)
...
006 (453.385.000) 2022-04-06 13:04:09 Image size of job updated: 792504
	322  -  MemoryUsage of job (MB)
	329196  -  ResidentSetSize of job (KB)
...
005 (453.385.000) 2022-04-06 13:04:12 Job terminated.
	(1) Normal termination (return value 0)
		Usr 0 03:17:17, Sys 0 00:00:59  -  Run Remote Usage
		Usr 0 00:00:00, Sys 0 00:00:00  -  Run Local Usage
		Usr 0 03:17:17, Sys 0 00:00:59  -  Total Remote Usage
		Usr 0 00:00:00, Sys 0 00:00:00  -  Total Local Usage
	0  -  Run Bytes Sent By Job
	0  -  Run Bytes Received By Job
	0  -  Total Bytes Sent By Job
	0  -  Total Bytes Received By Job
	Partitionable Resources :    Usage  Request Allocated 
	   Cpus                 :     1.00        1         1 
	   Disk (KB)            :  7500        7500     10998 
	   Memory (MB)          :   322        1024      1024 

	Job terminated of its own accord at 2022-04-06T11:04:12Z with exit-code 0.
...
