000 (453.212.000) 2022-04-05 18:55:37 Job submitted from host: <10.18.24.243:9618?addrs=10.18.24.243-9618&alias=ecoclusts01.bioclust.biologie.ens.fr&noUDP&sock=schedd_1052_29b8>
...
001 (453.212.000) 2022-04-06 07:06:38 Job executing on host: <10.18.24.5:9618?addrs=10.18.24.5-9618&alias=bioclust05.bioclust.biologie.ens.fr&noUDP&sock=startd_1060_a67a>
...
006 (453.212.000) 2022-04-06 07:06:46 Image size of job updated: 229460
	225  -  MemoryUsage of job (MB)
	229460  -  ResidentSetSize of job (KB)
...
006 (453.212.000) 2022-04-06 07:11:46 Image size of job updated: 741624
	317  -  MemoryUsage of job (MB)
	324120  -  ResidentSetSize of job (KB)
...
005 (453.212.000) 2022-04-06 07:16:10 Job terminated.
	(1) Normal termination (return value 0)
		Usr 0 00:09:12, Sys 0 00:00:13  -  Run Remote Usage
		Usr 0 00:00:00, Sys 0 00:00:00  -  Run Local Usage
		Usr 0 00:09:12, Sys 0 00:00:13  -  Total Remote Usage
		Usr 0 00:00:00, Sys 0 00:00:00  -  Total Local Usage
	0  -  Run Bytes Sent By Job
	0  -  Run Bytes Received By Job
	0  -  Total Bytes Sent By Job
	0  -  Total Bytes Received By Job
	Partitionable Resources :    Usage  Request Allocated 
	   Cpus                 :     1.00        1         1 
	   Disk (KB)            :  7500        7500     10998 
	   Memory (MB)          :   317        1024      1024 

	Job terminated of its own accord at 2022-04-06T05:16:10Z with exit-code 0.
...
