000 (453.511.000) 2022-04-05 18:55:38 Job submitted from host: <10.18.24.243:9618?addrs=10.18.24.243-9618&alias=ecoclusts01.bioclust.biologie.ens.fr&noUDP&sock=schedd_1052_29b8>
...
001 (453.511.000) 2022-04-06 11:56:06 Job executing on host: <10.18.24.178:9618?addrs=10.18.24.178-9618&alias=mcbsclust07.bioclust.biologie.ens.fr&noUDP&sock=startd_912_2276>
...
006 (453.511.000) 2022-04-06 11:56:15 Image size of job updated: 427996
	418  -  MemoryUsage of job (MB)
	427996  -  ResidentSetSize of job (KB)
...
006 (453.511.000) 2022-04-06 12:01:16 Image size of job updated: 741620
	418  -  MemoryUsage of job (MB)
	427996  -  ResidentSetSize of job (KB)
...
005 (453.511.000) 2022-04-06 12:05:42 Job terminated.
	(1) Normal termination (return value 0)
		Usr 0 00:09:16, Sys 0 00:00:14  -  Run Remote Usage
		Usr 0 00:00:00, Sys 0 00:00:00  -  Run Local Usage
		Usr 0 00:09:16, Sys 0 00:00:14  -  Total Remote Usage
		Usr 0 00:00:00, Sys 0 00:00:00  -  Total Local Usage
	0  -  Run Bytes Sent By Job
	0  -  Run Bytes Received By Job
	0  -  Total Bytes Sent By Job
	0  -  Total Bytes Received By Job
	Partitionable Resources :    Usage  Request Allocated 
	   Cpus                 :     1.00        1         1 
	   Disk (KB)            :  7500        7500     11001 
	   Memory (MB)          :   418        1024      1024 

	Job terminated of its own accord at 2022-04-06T10:05:41Z with exit-code 0.
...
