000 (453.305.000) 2022-04-05 18:55:38 Job submitted from host: <10.18.24.243:9618?addrs=10.18.24.243-9618&alias=ecoclusts01.bioclust.biologie.ens.fr&noUDP&sock=schedd_1052_29b8>
...
001 (453.305.000) 2022-04-06 08:40:08 Job executing on host: <10.18.24.177:9618?addrs=10.18.24.177-9618&alias=mcbsclust06.bioclust.biologie.ens.fr&noUDP&sock=startd_945_c516>
...
006 (453.305.000) 2022-04-06 08:40:16 Image size of job updated: 222436
	218  -  MemoryUsage of job (MB)
	222436  -  ResidentSetSize of job (KB)
...
006 (453.305.000) 2022-04-06 08:45:16 Image size of job updated: 741880
	317  -  MemoryUsage of job (MB)
	324372  -  ResidentSetSize of job (KB)
...
006 (453.305.000) 2022-04-06 08:50:16 Image size of job updated: 792508
	317  -  MemoryUsage of job (MB)
	324372  -  ResidentSetSize of job (KB)
...
006 (453.305.000) 2022-04-06 09:55:23 Image size of job updated: 792508
	317  -  MemoryUsage of job (MB)
	324592  -  ResidentSetSize of job (KB)
...
006 (453.305.000) 2022-04-06 10:00:24 Image size of job updated: 792508
	318  -  MemoryUsage of job (MB)
	324724  -  ResidentSetSize of job (KB)
...
006 (453.305.000) 2022-04-06 10:10:25 Image size of job updated: 792508
	318  -  MemoryUsage of job (MB)
	324856  -  ResidentSetSize of job (KB)
...
006 (453.305.000) 2022-04-06 10:15:25 Image size of job updated: 792508
	318  -  MemoryUsage of job (MB)
	324988  -  ResidentSetSize of job (KB)
...
006 (453.305.000) 2022-04-06 10:20:26 Image size of job updated: 792508
	318  -  MemoryUsage of job (MB)
	325252  -  ResidentSetSize of job (KB)
...
006 (453.305.000) 2022-04-06 10:25:27 Image size of job updated: 792508
	318  -  MemoryUsage of job (MB)
	325384  -  ResidentSetSize of job (KB)
...
006 (453.305.000) 2022-04-06 10:30:27 Image size of job updated: 792508
	318  -  MemoryUsage of job (MB)
	325516  -  ResidentSetSize of job (KB)
...
006 (453.305.000) 2022-04-06 10:35:28 Image size of job updated: 792508
	319  -  MemoryUsage of job (MB)
	325648  -  ResidentSetSize of job (KB)
...
006 (453.305.000) 2022-04-06 10:40:29 Image size of job updated: 792508
	319  -  MemoryUsage of job (MB)
	325780  -  ResidentSetSize of job (KB)
...
006 (453.305.000) 2022-04-06 10:45:29 Image size of job updated: 792508
	319  -  MemoryUsage of job (MB)
	325912  -  ResidentSetSize of job (KB)
...
006 (453.305.000) 2022-04-06 10:50:29 Image size of job updated: 792508
	319  -  MemoryUsage of job (MB)
	326044  -  ResidentSetSize of job (KB)
...
006 (453.305.000) 2022-04-06 10:55:30 Image size of job updated: 792508
	319  -  MemoryUsage of job (MB)
	326176  -  ResidentSetSize of job (KB)
...
006 (453.305.000) 2022-04-06 11:00:31 Image size of job updated: 792508
	319  -  MemoryUsage of job (MB)
	326308  -  ResidentSetSize of job (KB)
...
006 (453.305.000) 2022-04-06 11:05:31 Image size of job updated: 792508
	319  -  MemoryUsage of job (MB)
	326440  -  ResidentSetSize of job (KB)
...
006 (453.305.000) 2022-04-06 11:10:32 Image size of job updated: 792508
	319  -  MemoryUsage of job (MB)
	326572  -  ResidentSetSize of job (KB)
...
006 (453.305.000) 2022-04-06 11:25:33 Image size of job updated: 792508
	320  -  MemoryUsage of job (MB)
	326836  -  ResidentSetSize of job (KB)
...
006 (453.305.000) 2022-04-06 11:30:34 Image size of job updated: 792508
	320  -  MemoryUsage of job (MB)
	326968  -  ResidentSetSize of job (KB)
...
006 (453.305.000) 2022-04-06 11:40:34 Image size of job updated: 792508
	320  -  MemoryUsage of job (MB)
	327232  -  ResidentSetSize of job (KB)
...
006 (453.305.000) 2022-04-06 11:45:35 Image size of job updated: 792508
	320  -  MemoryUsage of job (MB)
	327364  -  ResidentSetSize of job (KB)
...
006 (453.305.000) 2022-04-06 11:50:36 Image size of job updated: 792508
	320  -  MemoryUsage of job (MB)
	327496  -  ResidentSetSize of job (KB)
...
006 (453.305.000) 2022-04-06 11:55:36 Image size of job updated: 792508
	320  -  MemoryUsage of job (MB)
	327628  -  ResidentSetSize of job (KB)
...
006 (453.305.000) 2022-04-06 12:00:36 Image size of job updated: 792508
	321  -  MemoryUsage of job (MB)
	327760  -  ResidentSetSize of job (KB)
...
006 (453.305.000) 2022-04-06 12:05:37 Image size of job updated: 792508
	321  -  MemoryUsage of job (MB)
	327892  -  ResidentSetSize of job (KB)
...
006 (453.305.000) 2022-04-06 12:10:38 Image size of job updated: 792508
	321  -  MemoryUsage of job (MB)
	328024  -  ResidentSetSize of job (KB)
...
006 (453.305.000) 2022-04-06 12:15:38 Image size of job updated: 792508
	321  -  MemoryUsage of job (MB)
	328156  -  ResidentSetSize of job (KB)
...
006 (453.305.000) 2022-04-06 12:20:39 Image size of job updated: 792508
	321  -  MemoryUsage of job (MB)
	328288  -  ResidentSetSize of job (KB)
...
006 (453.305.000) 2022-04-06 12:25:40 Image size of job updated: 792508
	321  -  MemoryUsage of job (MB)
	328420  -  ResidentSetSize of job (KB)
...
006 (453.305.000) 2022-04-06 12:30:40 Image size of job updated: 792508
	321  -  MemoryUsage of job (MB)
	328552  -  ResidentSetSize of job (KB)
...
006 (453.305.000) 2022-04-06 12:35:40 Image size of job updated: 792508
	321  -  MemoryUsage of job (MB)
	328684  -  ResidentSetSize of job (KB)
...
006 (453.305.000) 2022-04-06 12:40:41 Image size of job updated: 792508
	322  -  MemoryUsage of job (MB)
	328816  -  ResidentSetSize of job (KB)
...
006 (453.305.000) 2022-04-06 12:45:42 Image size of job updated: 792508
	322  -  MemoryUsage of job (MB)
	329080  -  ResidentSetSize of job (KB)
...
005 (453.305.000) 2022-04-06 12:55:21 Job terminated.
	(1) Normal termination (return value 0)
		Usr 0 04:14:28, Sys 0 00:00:14  -  Run Remote Usage
		Usr 0 00:00:00, Sys 0 00:00:00  -  Run Local Usage
		Usr 0 04:14:28, Sys 0 00:00:14  -  Total Remote Usage
		Usr 0 00:00:00, Sys 0 00:00:00  -  Total Local Usage
	0  -  Run Bytes Sent By Job
	0  -  Run Bytes Received By Job
	0  -  Total Bytes Sent By Job
	0  -  Total Bytes Received By Job
	Partitionable Resources :    Usage  Request Allocated 
	   Cpus                 :     1.00        1         1 
	   Disk (KB)            :  7500        7500     10998 
	   Memory (MB)          :   322        1024      1024 

	Job terminated of its own accord at 2022-04-06T10:55:21Z with exit-code 0.
...
