000 (453.622.000) 2022-04-05 18:55:39 Job submitted from host: <10.18.24.243:9618?addrs=10.18.24.243-9618&alias=ecoclusts01.bioclust.biologie.ens.fr&noUDP&sock=schedd_1052_29b8>
...
001 (453.622.000) 2022-04-06 14:00:24 Job executing on host: <10.18.24.176:9618?addrs=10.18.24.176-9618&alias=mcbsclust05.bioclust.biologie.ens.fr&noUDP&sock=startd_869_a3e3>
...
006 (453.622.000) 2022-04-06 14:00:33 Image size of job updated: 428108
	419  -  MemoryUsage of job (MB)
	428108  -  ResidentSetSize of job (KB)
...
006 (453.622.000) 2022-04-06 14:05:34 Image size of job updated: 741876
	419  -  MemoryUsage of job (MB)
	428108  -  ResidentSetSize of job (KB)
...
006 (453.622.000) 2022-04-06 14:10:34 Image size of job updated: 774644
	419  -  MemoryUsage of job (MB)
	428108  -  ResidentSetSize of job (KB)
...
006 (453.622.000) 2022-04-06 15:10:41 Image size of job updated: 774900
	419  -  MemoryUsage of job (MB)
	428108  -  ResidentSetSize of job (KB)
...
006 (453.622.000) 2022-04-06 15:20:42 Image size of job updated: 775156
	419  -  MemoryUsage of job (MB)
	428108  -  ResidentSetSize of job (KB)
...
006 (453.622.000) 2022-04-06 15:35:43 Image size of job updated: 775412
	419  -  MemoryUsage of job (MB)
	428108  -  ResidentSetSize of job (KB)
...
006 (453.622.000) 2022-04-06 15:40:43 Image size of job updated: 775668
	419  -  MemoryUsage of job (MB)
	428108  -  ResidentSetSize of job (KB)
...
006 (453.622.000) 2022-04-06 15:50:45 Image size of job updated: 775924
	419  -  MemoryUsage of job (MB)
	428108  -  ResidentSetSize of job (KB)
...
006 (453.622.000) 2022-04-06 16:00:45 Image size of job updated: 776180
	419  -  MemoryUsage of job (MB)
	428108  -  ResidentSetSize of job (KB)
...
006 (453.622.000) 2022-04-06 16:10:46 Image size of job updated: 776436
	419  -  MemoryUsage of job (MB)
	428108  -  ResidentSetSize of job (KB)
...
006 (453.622.000) 2022-04-06 16:20:47 Image size of job updated: 776692
	419  -  MemoryUsage of job (MB)
	428108  -  ResidentSetSize of job (KB)
...
006 (453.622.000) 2022-04-06 16:30:48 Image size of job updated: 776948
	419  -  MemoryUsage of job (MB)
	428108  -  ResidentSetSize of job (KB)
...
006 (453.622.000) 2022-04-06 16:50:49 Image size of job updated: 777204
	419  -  MemoryUsage of job (MB)
	428108  -  ResidentSetSize of job (KB)
...
006 (453.622.000) 2022-04-06 17:00:51 Image size of job updated: 777460
	419  -  MemoryUsage of job (MB)
	428108  -  ResidentSetSize of job (KB)
...
006 (453.622.000) 2022-04-06 17:10:51 Image size of job updated: 777716
	419  -  MemoryUsage of job (MB)
	428108  -  ResidentSetSize of job (KB)
...
006 (453.622.000) 2022-04-06 17:20:53 Image size of job updated: 777972
	419  -  MemoryUsage of job (MB)
	428108  -  ResidentSetSize of job (KB)
...
006 (453.622.000) 2022-04-06 17:30:54 Image size of job updated: 778228
	419  -  MemoryUsage of job (MB)
	428108  -  ResidentSetSize of job (KB)
...
006 (453.622.000) 2022-04-06 17:40:55 Image size of job updated: 778484
	419  -  MemoryUsage of job (MB)
	428108  -  ResidentSetSize of job (KB)
...
006 (453.622.000) 2022-04-06 17:50:56 Image size of job updated: 778740
	419  -  MemoryUsage of job (MB)
	428108  -  ResidentSetSize of job (KB)
...
006 (453.622.000) 2022-04-06 18:00:57 Image size of job updated: 778996
	419  -  MemoryUsage of job (MB)
	428108  -  ResidentSetSize of job (KB)
...
006 (453.622.000) 2022-04-06 18:05:58 Image size of job updated: 779252
	419  -  MemoryUsage of job (MB)
	428108  -  ResidentSetSize of job (KB)
...
006 (453.622.000) 2022-04-06 18:15:59 Image size of job updated: 779508
	419  -  MemoryUsage of job (MB)
	428108  -  ResidentSetSize of job (KB)
...
005 (453.622.000) 2022-04-06 18:24:25 Job terminated.
	(1) Normal termination (return value 0)
		Usr 0 04:23:00, Sys 0 00:00:14  -  Run Remote Usage
		Usr 0 00:00:00, Sys 0 00:00:00  -  Run Local Usage
		Usr 0 04:23:00, Sys 0 00:00:14  -  Total Remote Usage
		Usr 0 00:00:00, Sys 0 00:00:00  -  Total Local Usage
	0  -  Run Bytes Sent By Job
	0  -  Run Bytes Received By Job
	0  -  Total Bytes Sent By Job
	0  -  Total Bytes Received By Job
	Partitionable Resources :    Usage  Request Allocated 
	   Cpus                 :     1.00        1         1 
	   Disk (KB)            :  7500        7500     11001 
	   Memory (MB)          :   419        1024      1024 

	Job terminated of its own accord at 2022-04-06T16:24:25Z with exit-code 0.
...
