000 (453.458.000) 2022-04-05 18:55:38 Job submitted from host: <10.18.24.243:9618?addrs=10.18.24.243-9618&alias=ecoclusts01.bioclust.biologie.ens.fr&noUDP&sock=schedd_1052_29b8>
...
001 (453.458.000) 2022-04-06 10:58:58 Job executing on host: <10.18.24.134:9618?addrs=10.18.24.134-9618&alias=dyoclust07.bioclust.biologie.ens.fr&noUDP&sock=startd_808_cc9c>
...
006 (453.458.000) 2022-04-06 10:59:07 Image size of job updated: 275948
	270  -  MemoryUsage of job (MB)
	275948  -  ResidentSetSize of job (KB)
...
006 (453.458.000) 2022-04-06 11:04:08 Image size of job updated: 741880
	317  -  MemoryUsage of job (MB)
	324408  -  ResidentSetSize of job (KB)
...
006 (453.458.000) 2022-04-06 11:09:09 Image size of job updated: 774648
	317  -  MemoryUsage of job (MB)
	324408  -  ResidentSetSize of job (KB)
...
006 (453.458.000) 2022-04-06 12:49:20 Image size of job updated: 774904
	317  -  MemoryUsage of job (MB)
	324408  -  ResidentSetSize of job (KB)
...
006 (453.458.000) 2022-04-06 12:59:21 Image size of job updated: 774904
	317  -  MemoryUsage of job (MB)
	324496  -  ResidentSetSize of job (KB)
...
006 (453.458.000) 2022-04-06 13:24:22 Image size of job updated: 774904
	318  -  MemoryUsage of job (MB)
	324628  -  ResidentSetSize of job (KB)
...
006 (453.458.000) 2022-04-06 13:44:25 Image size of job updated: 775160
	318  -  MemoryUsage of job (MB)
	324628  -  ResidentSetSize of job (KB)
...
006 (453.458.000) 2022-04-06 13:59:26 Image size of job updated: 775160
	318  -  MemoryUsage of job (MB)
	324760  -  ResidentSetSize of job (KB)
...
006 (453.458.000) 2022-04-06 14:29:31 Image size of job updated: 775160
	318  -  MemoryUsage of job (MB)
	324892  -  ResidentSetSize of job (KB)
...
006 (453.458.000) 2022-04-06 14:49:33 Image size of job updated: 775416
	318  -  MemoryUsage of job (MB)
	324892  -  ResidentSetSize of job (KB)
...
006 (453.458.000) 2022-04-06 15:04:35 Image size of job updated: 775416
	318  -  MemoryUsage of job (MB)
	325024  -  ResidentSetSize of job (KB)
...
006 (453.458.000) 2022-04-06 15:34:37 Image size of job updated: 775416
	318  -  MemoryUsage of job (MB)
	325156  -  ResidentSetSize of job (KB)
...
006 (453.458.000) 2022-04-06 15:39:38 Image size of job updated: 775672
	318  -  MemoryUsage of job (MB)
	325156  -  ResidentSetSize of job (KB)
...
006 (453.458.000) 2022-04-06 15:59:41 Image size of job updated: 775672
	318  -  MemoryUsage of job (MB)
	325288  -  ResidentSetSize of job (KB)
...
006 (453.458.000) 2022-04-06 16:24:43 Image size of job updated: 775672
	318  -  MemoryUsage of job (MB)
	325420  -  ResidentSetSize of job (KB)
...
006 (453.458.000) 2022-04-06 16:34:45 Image size of job updated: 775928
	318  -  MemoryUsage of job (MB)
	325420  -  ResidentSetSize of job (KB)
...
006 (453.458.000) 2022-04-06 16:54:47 Image size of job updated: 775928
	318  -  MemoryUsage of job (MB)
	325552  -  ResidentSetSize of job (KB)
...
006 (453.458.000) 2022-04-06 17:29:51 Image size of job updated: 775928
	319  -  MemoryUsage of job (MB)
	325684  -  ResidentSetSize of job (KB)
...
006 (453.458.000) 2022-04-06 17:39:52 Image size of job updated: 776184
	319  -  MemoryUsage of job (MB)
	325684  -  ResidentSetSize of job (KB)
...
006 (453.458.000) 2022-04-06 17:54:53 Image size of job updated: 776184
	319  -  MemoryUsage of job (MB)
	325816  -  ResidentSetSize of job (KB)
...
006 (453.458.000) 2022-04-06 18:19:56 Image size of job updated: 776184
	319  -  MemoryUsage of job (MB)
	325948  -  ResidentSetSize of job (KB)
...
006 (453.458.000) 2022-04-06 18:29:57 Image size of job updated: 776440
	319  -  MemoryUsage of job (MB)
	325948  -  ResidentSetSize of job (KB)
...
006 (453.458.000) 2022-04-06 18:55:00 Image size of job updated: 776440
	319  -  MemoryUsage of job (MB)
	326080  -  ResidentSetSize of job (KB)
...
006 (453.458.000) 2022-04-06 19:15:02 Image size of job updated: 776440
	319  -  MemoryUsage of job (MB)
	326212  -  ResidentSetSize of job (KB)
...
006 (453.458.000) 2022-04-06 19:25:03 Image size of job updated: 776696
	319  -  MemoryUsage of job (MB)
	326212  -  ResidentSetSize of job (KB)
...
006 (453.458.000) 2022-04-06 19:50:05 Image size of job updated: 776696
	319  -  MemoryUsage of job (MB)
	326344  -  ResidentSetSize of job (KB)
...
006 (453.458.000) 2022-04-06 20:15:09 Image size of job updated: 776952
	319  -  MemoryUsage of job (MB)
	326476  -  ResidentSetSize of job (KB)
...
006 (453.458.000) 2022-04-06 20:40:11 Image size of job updated: 776952
	319  -  MemoryUsage of job (MB)
	326608  -  ResidentSetSize of job (KB)
...
006 (453.458.000) 2022-04-06 22:15:22 Image size of job updated: 776952
	320  -  MemoryUsage of job (MB)
	326740  -  ResidentSetSize of job (KB)
...
006 (453.458.000) 2022-04-06 22:25:23 Image size of job updated: 777208
	320  -  MemoryUsage of job (MB)
	326740  -  ResidentSetSize of job (KB)
...
006 (453.458.000) 2022-04-06 22:50:25 Image size of job updated: 777208
	320  -  MemoryUsage of job (MB)
	326872  -  ResidentSetSize of job (KB)
...
006 (453.458.000) 2022-04-06 23:25:29 Image size of job updated: 777464
	320  -  MemoryUsage of job (MB)
	327004  -  ResidentSetSize of job (KB)
...
006 (453.458.000) 2022-04-06 23:50:33 Image size of job updated: 777464
	320  -  MemoryUsage of job (MB)
	327136  -  ResidentSetSize of job (KB)
...
006 (453.458.000) 2022-04-07 00:25:37 Image size of job updated: 777720
	320  -  MemoryUsage of job (MB)
	327268  -  ResidentSetSize of job (KB)
...
006 (453.458.000) 2022-04-07 00:55:41 Image size of job updated: 777720
	320  -  MemoryUsage of job (MB)
	327400  -  ResidentSetSize of job (KB)
...
006 (453.458.000) 2022-04-07 01:20:43 Image size of job updated: 777976
	320  -  MemoryUsage of job (MB)
	327532  -  ResidentSetSize of job (KB)
...
006 (453.458.000) 2022-04-07 01:55:47 Image size of job updated: 777976
	320  -  MemoryUsage of job (MB)
	327664  -  ResidentSetSize of job (KB)
...
006 (453.458.000) 2022-04-07 02:20:49 Image size of job updated: 778232
	321  -  MemoryUsage of job (MB)
	327796  -  ResidentSetSize of job (KB)
...
006 (453.458.000) 2022-04-07 02:55:53 Image size of job updated: 778232
	321  -  MemoryUsage of job (MB)
	327928  -  ResidentSetSize of job (KB)
...
006 (453.458.000) 2022-04-07 03:20:56 Image size of job updated: 778488
	321  -  MemoryUsage of job (MB)
	327928  -  ResidentSetSize of job (KB)
...
006 (453.458.000) 2022-04-07 03:30:57 Image size of job updated: 778488
	321  -  MemoryUsage of job (MB)
	328060  -  ResidentSetSize of job (KB)
...
006 (453.458.000) 2022-04-07 03:55:59 Image size of job updated: 778488
	321  -  MemoryUsage of job (MB)
	328192  -  ResidentSetSize of job (KB)
...
006 (453.458.000) 2022-04-07 04:21:02 Image size of job updated: 778744
	321  -  MemoryUsage of job (MB)
	328192  -  ResidentSetSize of job (KB)
...
006 (453.458.000) 2022-04-07 04:26:02 Image size of job updated: 778744
	321  -  MemoryUsage of job (MB)
	328324  -  ResidentSetSize of job (KB)
...
006 (453.458.000) 2022-04-07 05:01:06 Image size of job updated: 778744
	321  -  MemoryUsage of job (MB)
	328456  -  ResidentSetSize of job (KB)
...
006 (453.458.000) 2022-04-07 05:16:08 Image size of job updated: 779000
	321  -  MemoryUsage of job (MB)
	328456  -  ResidentSetSize of job (KB)
...
006 (453.458.000) 2022-04-07 05:26:08 Image size of job updated: 779000
	321  -  MemoryUsage of job (MB)
	328588  -  ResidentSetSize of job (KB)
...
006 (453.458.000) 2022-04-07 06:01:12 Image size of job updated: 779000
	322  -  MemoryUsage of job (MB)
	328720  -  ResidentSetSize of job (KB)
...
006 (453.458.000) 2022-04-07 06:16:13 Image size of job updated: 779256
	322  -  MemoryUsage of job (MB)
	328720  -  ResidentSetSize of job (KB)
...
006 (453.458.000) 2022-04-07 06:26:14 Image size of job updated: 779256
	322  -  MemoryUsage of job (MB)
	328852  -  ResidentSetSize of job (KB)
...
006 (453.458.000) 2022-04-07 06:56:17 Image size of job updated: 779256
	322  -  MemoryUsage of job (MB)
	328984  -  ResidentSetSize of job (KB)
...
006 (453.458.000) 2022-04-07 07:16:20 Image size of job updated: 779512
	322  -  MemoryUsage of job (MB)
	328984  -  ResidentSetSize of job (KB)
...
006 (453.458.000) 2022-04-07 07:21:20 Image size of job updated: 779512
	322  -  MemoryUsage of job (MB)
	329116  -  ResidentSetSize of job (KB)
...
006 (453.458.000) 2022-04-07 07:56:24 Image size of job updated: 779512
	322  -  MemoryUsage of job (MB)
	329248  -  ResidentSetSize of job (KB)
...
006 (453.458.000) 2022-04-07 08:11:25 Image size of job updated: 779768
	322  -  MemoryUsage of job (MB)
	329248  -  ResidentSetSize of job (KB)
...
005 (453.458.000) 2022-04-07 08:17:29 Job terminated.
	(1) Normal termination (return value 0)
		Usr 0 21:17:31, Sys 0 00:00:26  -  Run Remote Usage
		Usr 0 00:00:00, Sys 0 00:00:00  -  Run Local Usage
		Usr 0 21:17:31, Sys 0 00:00:26  -  Total Remote Usage
		Usr 0 00:00:00, Sys 0 00:00:00  -  Total Local Usage
	0  -  Run Bytes Sent By Job
	0  -  Run Bytes Received By Job
	0  -  Total Bytes Sent By Job
	0  -  Total Bytes Received By Job
	Partitionable Resources :    Usage  Request Allocated 
	   Cpus                 :     1.00        1         1 
	   Disk (KB)            :  7500        7500     10998 
	   Memory (MB)          :   322        1024      1024 

	Job terminated of its own accord at 2022-04-07T06:17:29Z with exit-code 0.
...
