000 (453.451.000) 2022-04-05 18:55:38 Job submitted from host: <10.18.24.243:9618?addrs=10.18.24.243-9618&alias=ecoclusts01.bioclust.biologie.ens.fr&noUDP&sock=schedd_1052_29b8>
...
001 (453.451.000) 2022-04-06 10:57:01 Job executing on host: <10.18.24.109:9618?addrs=10.18.24.109-9618&alias=ecoclust14.bioclust.biologie.ens.fr&noUDP&sock=startd_917_906f>
...
006 (453.451.000) 2022-04-06 10:57:10 Image size of job updated: 325184
	85  -  MemoryUsage of job (MB)
	86304  -  ResidentSetSize of job (KB)
...
006 (453.451.000) 2022-04-06 11:02:10 Image size of job updated: 741624
	317  -  MemoryUsage of job (MB)
	324144  -  ResidentSetSize of job (KB)
...
006 (453.451.000) 2022-04-06 11:07:10 Image size of job updated: 741624
	317  -  MemoryUsage of job (MB)
	324168  -  ResidentSetSize of job (KB)
...
006 (453.451.000) 2022-04-06 11:12:11 Image size of job updated: 774392
	317  -  MemoryUsage of job (MB)
	324168  -  ResidentSetSize of job (KB)
...
006 (453.451.000) 2022-04-06 15:17:37 Image size of job updated: 774648
	317  -  MemoryUsage of job (MB)
	324168  -  ResidentSetSize of job (KB)
...
006 (453.451.000) 2022-04-06 16:52:47 Image size of job updated: 774648
	317  -  MemoryUsage of job (MB)
	324300  -  ResidentSetSize of job (KB)
...
006 (453.451.000) 2022-04-06 18:12:55 Image size of job updated: 774904
	317  -  MemoryUsage of job (MB)
	324432  -  ResidentSetSize of job (KB)
...
006 (453.451.000) 2022-04-06 19:58:06 Image size of job updated: 774904
	317  -  MemoryUsage of job (MB)
	324564  -  ResidentSetSize of job (KB)
...
006 (453.451.000) 2022-04-06 21:43:17 Image size of job updated: 775160
	318  -  MemoryUsage of job (MB)
	324696  -  ResidentSetSize of job (KB)
...
006 (453.451.000) 2022-04-07 00:28:36 Image size of job updated: 775160
	318  -  MemoryUsage of job (MB)
	324828  -  ResidentSetSize of job (KB)
...
006 (453.451.000) 2022-04-07 02:08:48 Image size of job updated: 775416
	318  -  MemoryUsage of job (MB)
	324960  -  ResidentSetSize of job (KB)
...
006 (453.451.000) 2022-04-07 03:53:59 Image size of job updated: 775416
	318  -  MemoryUsage of job (MB)
	325092  -  ResidentSetSize of job (KB)
...
006 (453.451.000) 2022-04-07 05:29:10 Image size of job updated: 775672
	318  -  MemoryUsage of job (MB)
	325224  -  ResidentSetSize of job (KB)
...
006 (453.451.000) 2022-04-07 07:39:24 Image size of job updated: 775672
	318  -  MemoryUsage of job (MB)
	325356  -  ResidentSetSize of job (KB)
...
006 (453.451.000) 2022-04-07 09:09:33 Image size of job updated: 775928
	318  -  MemoryUsage of job (MB)
	325488  -  ResidentSetSize of job (KB)
...
006 (453.451.000) 2022-04-07 10:44:43 Image size of job updated: 775928
	318  -  MemoryUsage of job (MB)
	325620  -  ResidentSetSize of job (KB)
...
006 (453.451.000) 2022-04-07 12:19:53 Image size of job updated: 776184
	318  -  MemoryUsage of job (MB)
	325620  -  ResidentSetSize of job (KB)
...
006 (453.451.000) 2022-04-07 12:54:56 Image size of job updated: 776184
	319  -  MemoryUsage of job (MB)
	325752  -  ResidentSetSize of job (KB)
...
006 (453.451.000) 2022-04-07 14:35:06 Image size of job updated: 776184
	319  -  MemoryUsage of job (MB)
	325884  -  ResidentSetSize of job (KB)
...
006 (453.451.000) 2022-04-07 15:40:14 Image size of job updated: 776440
	319  -  MemoryUsage of job (MB)
	325884  -  ResidentSetSize of job (KB)
...
006 (453.451.000) 2022-04-07 16:15:18 Image size of job updated: 776440
	319  -  MemoryUsage of job (MB)
	326016  -  ResidentSetSize of job (KB)
...
006 (453.451.000) 2022-04-07 17:50:27 Image size of job updated: 776440
	319  -  MemoryUsage of job (MB)
	326148  -  ResidentSetSize of job (KB)
...
006 (453.451.000) 2022-04-07 19:00:35 Image size of job updated: 776696
	319  -  MemoryUsage of job (MB)
	326148  -  ResidentSetSize of job (KB)
...
006 (453.451.000) 2022-04-07 19:35:39 Image size of job updated: 776696
	319  -  MemoryUsage of job (MB)
	326280  -  ResidentSetSize of job (KB)
...
006 (453.451.000) 2022-04-07 21:15:48 Image size of job updated: 776696
	319  -  MemoryUsage of job (MB)
	326412  -  ResidentSetSize of job (KB)
...
006 (453.451.000) 2022-04-07 22:20:56 Image size of job updated: 776952
	319  -  MemoryUsage of job (MB)
	326412  -  ResidentSetSize of job (KB)
...
006 (453.451.000) 2022-04-07 23:26:03 Image size of job updated: 776952
	319  -  MemoryUsage of job (MB)
	326544  -  ResidentSetSize of job (KB)
...
006 (453.451.000) 2022-04-08 05:46:43 Image size of job updated: 776952
	320  -  MemoryUsage of job (MB)
	326676  -  ResidentSetSize of job (KB)
...
006 (453.451.000) 2022-04-08 06:56:50 Image size of job updated: 777208
	320  -  MemoryUsage of job (MB)
	326676  -  ResidentSetSize of job (KB)
...
006 (453.451.000) 2022-04-08 07:36:54 Image size of job updated: 777208
	320  -  MemoryUsage of job (MB)
	326808  -  ResidentSetSize of job (KB)
...
006 (453.451.000) 2022-04-08 09:57:10 Image size of job updated: 777208
	320  -  MemoryUsage of job (MB)
	326940  -  ResidentSetSize of job (KB)
...
006 (453.451.000) 2022-04-08 11:02:15 Image size of job updated: 777464
	320  -  MemoryUsage of job (MB)
	326940  -  ResidentSetSize of job (KB)
...
006 (453.451.000) 2022-04-08 12:12:22 Image size of job updated: 777464
	320  -  MemoryUsage of job (MB)
	327072  -  ResidentSetSize of job (KB)
...
006 (453.451.000) 2022-04-08 13:57:33 Image size of job updated: 777464
	320  -  MemoryUsage of job (MB)
	327204  -  ResidentSetSize of job (KB)
...
006 (453.451.000) 2022-04-08 15:12:41 Image size of job updated: 777720
	320  -  MemoryUsage of job (MB)
	327204  -  ResidentSetSize of job (KB)
...
006 (453.451.000) 2022-04-08 16:27:49 Image size of job updated: 777720
	320  -  MemoryUsage of job (MB)
	327336  -  ResidentSetSize of job (KB)
...
006 (453.451.000) 2022-04-08 18:43:03 Image size of job updated: 777720
	320  -  MemoryUsage of job (MB)
	327468  -  ResidentSetSize of job (KB)
...
006 (453.451.000) 2022-04-08 19:18:07 Image size of job updated: 777976
	320  -  MemoryUsage of job (MB)
	327468  -  ResidentSetSize of job (KB)
...
006 (453.451.000) 2022-04-08 20:33:15 Image size of job updated: 777976
	320  -  MemoryUsage of job (MB)
	327600  -  ResidentSetSize of job (KB)
...
006 (453.451.000) 2022-04-08 23:03:30 Image size of job updated: 777976
	321  -  MemoryUsage of job (MB)
	327732  -  ResidentSetSize of job (KB)
...
006 (453.451.000) 2022-04-08 23:38:33 Image size of job updated: 778232
	321  -  MemoryUsage of job (MB)
	327732  -  ResidentSetSize of job (KB)
...
006 (453.451.000) 2022-04-09 00:53:41 Image size of job updated: 778232
	321  -  MemoryUsage of job (MB)
	327864  -  ResidentSetSize of job (KB)
...
006 (453.451.000) 2022-04-09 03:23:57 Image size of job updated: 778232
	321  -  MemoryUsage of job (MB)
	327996  -  ResidentSetSize of job (KB)
...
006 (453.451.000) 2022-04-09 03:59:02 Image size of job updated: 778488
	321  -  MemoryUsage of job (MB)
	327996  -  ResidentSetSize of job (KB)
...
006 (453.451.000) 2022-04-09 05:49:13 Image size of job updated: 778488
	321  -  MemoryUsage of job (MB)
	328128  -  ResidentSetSize of job (KB)
...
006 (453.451.000) 2022-04-09 07:44:26 Image size of job updated: 778488
	321  -  MemoryUsage of job (MB)
	328260  -  ResidentSetSize of job (KB)
...
006 (453.451.000) 2022-04-09 08:19:29 Image size of job updated: 778744
	321  -  MemoryUsage of job (MB)
	328260  -  ResidentSetSize of job (KB)
...
006 (453.451.000) 2022-04-09 10:14:37 Image size of job updated: 778744
	321  -  MemoryUsage of job (MB)
	328392  -  ResidentSetSize of job (KB)
...
006 (453.451.000) 2022-04-09 12:04:49 Image size of job updated: 778744
	321  -  MemoryUsage of job (MB)
	328524  -  ResidentSetSize of job (KB)
...
006 (453.451.000) 2022-04-09 12:39:53 Image size of job updated: 779000
	321  -  MemoryUsage of job (MB)
	328524  -  ResidentSetSize of job (KB)
...
006 (453.451.000) 2022-04-09 14:30:05 Image size of job updated: 779000
	321  -  MemoryUsage of job (MB)
	328656  -  ResidentSetSize of job (KB)
...
006 (453.451.000) 2022-04-09 16:20:15 Image size of job updated: 779000
	322  -  MemoryUsage of job (MB)
	328788  -  ResidentSetSize of job (KB)
...
006 (453.451.000) 2022-04-09 17:00:20 Image size of job updated: 779256
	322  -  MemoryUsage of job (MB)
	328788  -  ResidentSetSize of job (KB)
...
006 (453.451.000) 2022-04-09 18:40:30 Image size of job updated: 779256
	322  -  MemoryUsage of job (MB)
	328920  -  ResidentSetSize of job (KB)
...
006 (453.451.000) 2022-04-09 21:00:44 Image size of job updated: 779512
	322  -  MemoryUsage of job (MB)
	329052  -  ResidentSetSize of job (KB)
...
006 (453.451.000) 2022-04-09 22:45:54 Image size of job updated: 779512
	322  -  MemoryUsage of job (MB)
	329184  -  ResidentSetSize of job (KB)
...
006 (453.451.000) 2022-04-10 01:01:07 Image size of job updated: 779768
	322  -  MemoryUsage of job (MB)
	329316  -  ResidentSetSize of job (KB)
...
005 (453.451.000) 2022-04-10 01:34:33 Job terminated.
	(1) Normal termination (return value 0)
		Usr 3 14:17:43, Sys 0 00:01:00  -  Run Remote Usage
		Usr 0 00:00:00, Sys 0 00:00:00  -  Run Local Usage
		Usr 3 14:17:43, Sys 0 00:01:00  -  Total Remote Usage
		Usr 0 00:00:00, Sys 0 00:00:00  -  Total Local Usage
	0  -  Run Bytes Sent By Job
	0  -  Run Bytes Received By Job
	0  -  Total Bytes Sent By Job
	0  -  Total Bytes Received By Job
	Partitionable Resources :    Usage  Request Allocated 
	   Cpus                 :     1.00        1         1 
	   Disk (KB)            :  7500        7500     10998 
	   Memory (MB)          :   322        1024      1024 

	Job terminated of its own accord at 2022-04-09T23:34:33Z with exit-code 0.
...
