000 (453.025.000) 2022-04-05 18:55:36 Job submitted from host: <10.18.24.243:9618?addrs=10.18.24.243-9618&alias=ecoclusts01.bioclust.biologie.ens.fr&noUDP&sock=schedd_1052_29b8>
...
001 (453.025.000) 2022-04-06 04:35:58 Job executing on host: <10.18.24.177:9618?addrs=10.18.24.177-9618&alias=mcbsclust06.bioclust.biologie.ens.fr&noUDP&sock=startd_945_c516>
...
006 (453.025.000) 2022-04-06 04:36:07 Image size of job updated: 428036
	419  -  MemoryUsage of job (MB)
	428036  -  ResidentSetSize of job (KB)
...
006 (453.025.000) 2022-04-06 04:41:08 Image size of job updated: 741880
	419  -  MemoryUsage of job (MB)
	428036  -  ResidentSetSize of job (KB)
...
006 (453.025.000) 2022-04-06 04:46:08 Image size of job updated: 774648
	419  -  MemoryUsage of job (MB)
	428036  -  ResidentSetSize of job (KB)
...
006 (453.025.000) 2022-04-06 05:56:14 Image size of job updated: 774904
	419  -  MemoryUsage of job (MB)
	428036  -  ResidentSetSize of job (KB)
...
006 (453.025.000) 2022-04-06 06:16:15 Image size of job updated: 775160
	419  -  MemoryUsage of job (MB)
	428036  -  ResidentSetSize of job (KB)
...
006 (453.025.000) 2022-04-06 06:31:17 Image size of job updated: 775416
	419  -  MemoryUsage of job (MB)
	428036  -  ResidentSetSize of job (KB)
...
006 (453.025.000) 2022-04-06 06:41:18 Image size of job updated: 775672
	419  -  MemoryUsage of job (MB)
	428036  -  ResidentSetSize of job (KB)
...
006 (453.025.000) 2022-04-06 06:56:19 Image size of job updated: 775928
	419  -  MemoryUsage of job (MB)
	428036  -  ResidentSetSize of job (KB)
...
006 (453.025.000) 2022-04-06 07:11:20 Image size of job updated: 776184
	419  -  MemoryUsage of job (MB)
	428036  -  ResidentSetSize of job (KB)
...
006 (453.025.000) 2022-04-06 07:21:21 Image size of job updated: 776440
	419  -  MemoryUsage of job (MB)
	428036  -  ResidentSetSize of job (KB)
...
006 (453.025.000) 2022-04-06 07:36:23 Image size of job updated: 776696
	419  -  MemoryUsage of job (MB)
	428036  -  ResidentSetSize of job (KB)
...
006 (453.025.000) 2022-04-06 07:46:23 Image size of job updated: 776952
	419  -  MemoryUsage of job (MB)
	428036  -  ResidentSetSize of job (KB)
...
006 (453.025.000) 2022-04-06 08:16:27 Image size of job updated: 777208
	419  -  MemoryUsage of job (MB)
	428036  -  ResidentSetSize of job (KB)
...
006 (453.025.000) 2022-04-06 08:31:28 Image size of job updated: 777464
	419  -  MemoryUsage of job (MB)
	428036  -  ResidentSetSize of job (KB)
...
006 (453.025.000) 2022-04-06 08:41:29 Image size of job updated: 777720
	419  -  MemoryUsage of job (MB)
	428036  -  ResidentSetSize of job (KB)
...
006 (453.025.000) 2022-04-06 08:56:31 Image size of job updated: 777976
	419  -  MemoryUsage of job (MB)
	428036  -  ResidentSetSize of job (KB)
...
006 (453.025.000) 2022-04-06 09:06:32 Image size of job updated: 778232
	419  -  MemoryUsage of job (MB)
	428036  -  ResidentSetSize of job (KB)
...
006 (453.025.000) 2022-04-06 09:21:34 Image size of job updated: 778488
	419  -  MemoryUsage of job (MB)
	428036  -  ResidentSetSize of job (KB)
...
006 (453.025.000) 2022-04-06 09:36:36 Image size of job updated: 778744
	419  -  MemoryUsage of job (MB)
	428036  -  ResidentSetSize of job (KB)
...
006 (453.025.000) 2022-04-06 09:46:36 Image size of job updated: 779000
	419  -  MemoryUsage of job (MB)
	428036  -  ResidentSetSize of job (KB)
...
006 (453.025.000) 2022-04-06 10:01:38 Image size of job updated: 779256
	419  -  MemoryUsage of job (MB)
	428036  -  ResidentSetSize of job (KB)
...
006 (453.025.000) 2022-04-06 10:11:40 Image size of job updated: 779512
	419  -  MemoryUsage of job (MB)
	428036  -  ResidentSetSize of job (KB)
...
006 (453.025.000) 2022-04-06 10:26:00 Image size of job updated: 779768
	419  -  MemoryUsage of job (MB)
	428036  -  ResidentSetSize of job (KB)
...
005 (453.025.000) 2022-04-06 10:26:00 Job terminated.
	(1) Normal termination (return value 0)
		Usr 0 05:48:58, Sys 0 00:00:15  -  Run Remote Usage
		Usr 0 00:00:00, Sys 0 00:00:00  -  Run Local Usage
		Usr 0 05:48:58, Sys 0 00:00:15  -  Total Remote Usage
		Usr 0 00:00:00, Sys 0 00:00:00  -  Total Local Usage
	0  -  Run Bytes Sent By Job
	0  -  Run Bytes Received By Job
	0  -  Total Bytes Sent By Job
	0  -  Total Bytes Received By Job
	Partitionable Resources :    Usage  Request Allocated 
	   Cpus                 :     1.00        1         1 
	   Disk (KB)            :  7500        7500     10998 
	   Memory (MB)          :   419        1024      1024 

	Job terminated of its own accord at 2022-04-06T08:26:00Z with exit-code 0.
...
