000 (453.868.000) 2022-04-05 18:55:40 Job submitted from host: <10.18.24.243:9618?addrs=10.18.24.243-9618&alias=ecoclusts01.bioclust.biologie.ens.fr&noUDP&sock=schedd_1052_29b8>
...
001 (453.868.000) 2022-04-06 19:59:53 Job executing on host: <10.18.24.141:9618?addrs=10.18.24.141-9618&alias=dyoclust14.bioclust.biologie.ens.fr&noUDP&sock=startd_801_ff73>
...
006 (453.868.000) 2022-04-06 20:00:02 Image size of job updated: 101348
	99  -  MemoryUsage of job (MB)
	101348  -  ResidentSetSize of job (KB)
...
006 (453.868.000) 2022-04-06 20:05:02 Image size of job updated: 838776
	317  -  MemoryUsage of job (MB)
	324404  -  ResidentSetSize of job (KB)
...
006 (453.868.000) 2022-04-06 21:05:07 Image size of job updated: 838776
	317  -  MemoryUsage of job (MB)
	324536  -  ResidentSetSize of job (KB)
...
006 (453.868.000) 2022-04-06 21:15:08 Image size of job updated: 838776
	318  -  MemoryUsage of job (MB)
	324668  -  ResidentSetSize of job (KB)
...
006 (453.868.000) 2022-04-06 21:20:08 Image size of job updated: 838776
	318  -  MemoryUsage of job (MB)
	324800  -  ResidentSetSize of job (KB)
...
006 (453.868.000) 2022-04-06 21:25:08 Image size of job updated: 838776
	318  -  MemoryUsage of job (MB)
	324932  -  ResidentSetSize of job (KB)
...
006 (453.868.000) 2022-04-06 21:30:09 Image size of job updated: 838776
	318  -  MemoryUsage of job (MB)
	325064  -  ResidentSetSize of job (KB)
...
006 (453.868.000) 2022-04-06 21:35:10 Image size of job updated: 838776
	318  -  MemoryUsage of job (MB)
	325196  -  ResidentSetSize of job (KB)
...
006 (453.868.000) 2022-04-06 21:40:10 Image size of job updated: 838776
	318  -  MemoryUsage of job (MB)
	325328  -  ResidentSetSize of job (KB)
...
006 (453.868.000) 2022-04-06 21:45:10 Image size of job updated: 838776
	318  -  MemoryUsage of job (MB)
	325460  -  ResidentSetSize of job (KB)
...
006 (453.868.000) 2022-04-06 21:55:11 Image size of job updated: 838776
	318  -  MemoryUsage of job (MB)
	325592  -  ResidentSetSize of job (KB)
...
006 (453.868.000) 2022-04-06 22:00:11 Image size of job updated: 838776
	319  -  MemoryUsage of job (MB)
	325724  -  ResidentSetSize of job (KB)
...
006 (453.868.000) 2022-04-06 22:05:12 Image size of job updated: 838776
	319  -  MemoryUsage of job (MB)
	325856  -  ResidentSetSize of job (KB)
...
006 (453.868.000) 2022-04-06 22:10:13 Image size of job updated: 838776
	319  -  MemoryUsage of job (MB)
	325988  -  ResidentSetSize of job (KB)
...
006 (453.868.000) 2022-04-06 22:15:13 Image size of job updated: 838776
	319  -  MemoryUsage of job (MB)
	326120  -  ResidentSetSize of job (KB)
...
006 (453.868.000) 2022-04-06 22:20:13 Image size of job updated: 838776
	319  -  MemoryUsage of job (MB)
	326252  -  ResidentSetSize of job (KB)
...
006 (453.868.000) 2022-04-06 22:25:14 Image size of job updated: 838776
	319  -  MemoryUsage of job (MB)
	326384  -  ResidentSetSize of job (KB)
...
006 (453.868.000) 2022-04-06 22:30:14 Image size of job updated: 838776
	319  -  MemoryUsage of job (MB)
	326516  -  ResidentSetSize of job (KB)
...
006 (453.868.000) 2022-04-06 22:45:16 Image size of job updated: 838776
	319  -  MemoryUsage of job (MB)
	326612  -  ResidentSetSize of job (KB)
...
006 (453.868.000) 2022-04-06 22:50:16 Image size of job updated: 838776
	320  -  MemoryUsage of job (MB)
	326744  -  ResidentSetSize of job (KB)
...
006 (453.868.000) 2022-04-06 22:55:16 Image size of job updated: 838776
	320  -  MemoryUsage of job (MB)
	326876  -  ResidentSetSize of job (KB)
...
006 (453.868.000) 2022-04-06 23:05:18 Image size of job updated: 838776
	320  -  MemoryUsage of job (MB)
	327008  -  ResidentSetSize of job (KB)
...
006 (453.868.000) 2022-04-06 23:10:18 Image size of job updated: 838776
	320  -  MemoryUsage of job (MB)
	327140  -  ResidentSetSize of job (KB)
...
006 (453.868.000) 2022-04-06 23:15:19 Image size of job updated: 838776
	320  -  MemoryUsage of job (MB)
	327272  -  ResidentSetSize of job (KB)
...
006 (453.868.000) 2022-04-06 23:20:20 Image size of job updated: 838776
	320  -  MemoryUsage of job (MB)
	327404  -  ResidentSetSize of job (KB)
...
006 (453.868.000) 2022-04-06 23:30:20 Image size of job updated: 838776
	320  -  MemoryUsage of job (MB)
	327536  -  ResidentSetSize of job (KB)
...
006 (453.868.000) 2022-04-06 23:35:22 Image size of job updated: 838776
	320  -  MemoryUsage of job (MB)
	327668  -  ResidentSetSize of job (KB)
...
006 (453.868.000) 2022-04-06 23:45:22 Image size of job updated: 838776
	321  -  MemoryUsage of job (MB)
	327800  -  ResidentSetSize of job (KB)
...
006 (453.868.000) 2022-04-06 23:50:23 Image size of job updated: 838776
	321  -  MemoryUsage of job (MB)
	327932  -  ResidentSetSize of job (KB)
...
006 (453.868.000) 2022-04-06 23:55:24 Image size of job updated: 838776
	321  -  MemoryUsage of job (MB)
	328064  -  ResidentSetSize of job (KB)
...
006 (453.868.000) 2022-04-07 00:05:24 Image size of job updated: 838776
	321  -  MemoryUsage of job (MB)
	328196  -  ResidentSetSize of job (KB)
...
006 (453.868.000) 2022-04-07 00:10:25 Image size of job updated: 838776
	321  -  MemoryUsage of job (MB)
	328328  -  ResidentSetSize of job (KB)
...
006 (453.868.000) 2022-04-07 00:20:25 Image size of job updated: 838776
	321  -  MemoryUsage of job (MB)
	328460  -  ResidentSetSize of job (KB)
...
006 (453.868.000) 2022-04-07 00:25:26 Image size of job updated: 838776
	321  -  MemoryUsage of job (MB)
	328592  -  ResidentSetSize of job (KB)
...
006 (453.868.000) 2022-04-07 00:35:27 Image size of job updated: 838776
	322  -  MemoryUsage of job (MB)
	328724  -  ResidentSetSize of job (KB)
...
006 (453.868.000) 2022-04-07 00:40:27 Image size of job updated: 838776
	322  -  MemoryUsage of job (MB)
	328856  -  ResidentSetSize of job (KB)
...
006 (453.868.000) 2022-04-07 00:45:28 Image size of job updated: 838776
	322  -  MemoryUsage of job (MB)
	328988  -  ResidentSetSize of job (KB)
...
006 (453.868.000) 2022-04-07 00:50:28 Image size of job updated: 838776
	322  -  MemoryUsage of job (MB)
	329120  -  ResidentSetSize of job (KB)
...
006 (453.868.000) 2022-04-07 00:55:28 Image size of job updated: 838776
	322  -  MemoryUsage of job (MB)
	329252  -  ResidentSetSize of job (KB)
...
005 (453.868.000) 2022-04-07 00:57:58 Job terminated.
	(1) Normal termination (return value 0)
		Usr 0 04:55:53, Sys 0 00:00:26  -  Run Remote Usage
		Usr 0 00:00:00, Sys 0 00:00:00  -  Run Local Usage
		Usr 0 04:55:53, Sys 0 00:00:26  -  Total Remote Usage
		Usr 0 00:00:00, Sys 0 00:00:00  -  Total Local Usage
	0  -  Run Bytes Sent By Job
	0  -  Run Bytes Received By Job
	0  -  Total Bytes Sent By Job
	0  -  Total Bytes Received By Job
	Partitionable Resources :    Usage  Request Allocated 
	   Cpus                 :     1.00        1         1 
	   Disk (KB)            :  7500        7500     10998 
	   Memory (MB)          :   322        1024      1024 

	Job terminated of its own accord at 2022-04-06T22:57:59Z with exit-code 0.
...
