000 (453.820.000) 2022-04-05 18:55:40 Job submitted from host: <10.18.24.243:9618?addrs=10.18.24.243-9618&alias=ecoclusts01.bioclust.biologie.ens.fr&noUDP&sock=schedd_1052_29b8>
...
001 (453.820.000) 2022-04-06 18:28:56 Job executing on host: <10.18.24.131:9618?addrs=10.18.24.131-9618&alias=dyoclust04.bioclust.biologie.ens.fr&noUDP&sock=startd_807_1d04>
...
006 (453.820.000) 2022-04-06 18:29:05 Image size of job updated: 80724
	79  -  MemoryUsage of job (MB)
	80724  -  ResidentSetSize of job (KB)
...
006 (453.820.000) 2022-04-06 18:34:06 Image size of job updated: 741624
	317  -  MemoryUsage of job (MB)
	324088  -  ResidentSetSize of job (KB)
...
006 (453.820.000) 2022-04-06 18:39:06 Image size of job updated: 774392
	317  -  MemoryUsage of job (MB)
	324088  -  ResidentSetSize of job (KB)
...
006 (453.820.000) 2022-04-06 19:14:10 Image size of job updated: 774648
	317  -  MemoryUsage of job (MB)
	324220  -  ResidentSetSize of job (KB)
...
006 (453.820.000) 2022-04-06 19:19:10 Image size of job updated: 774648
	317  -  MemoryUsage of job (MB)
	324352  -  ResidentSetSize of job (KB)
...
006 (453.820.000) 2022-04-06 19:24:11 Image size of job updated: 774904
	317  -  MemoryUsage of job (MB)
	324484  -  ResidentSetSize of job (KB)
...
006 (453.820.000) 2022-04-06 19:29:12 Image size of job updated: 775160
	318  -  MemoryUsage of job (MB)
	324616  -  ResidentSetSize of job (KB)
...
006 (453.820.000) 2022-04-06 19:34:12 Image size of job updated: 775160
	318  -  MemoryUsage of job (MB)
	324748  -  ResidentSetSize of job (KB)
...
006 (453.820.000) 2022-04-06 19:39:13 Image size of job updated: 775160
	318  -  MemoryUsage of job (MB)
	324880  -  ResidentSetSize of job (KB)
...
006 (453.820.000) 2022-04-06 19:44:14 Image size of job updated: 775416
	318  -  MemoryUsage of job (MB)
	325012  -  ResidentSetSize of job (KB)
...
006 (453.820.000) 2022-04-06 19:49:14 Image size of job updated: 775672
	318  -  MemoryUsage of job (MB)
	325144  -  ResidentSetSize of job (KB)
...
006 (453.820.000) 2022-04-06 19:54:14 Image size of job updated: 775672
	318  -  MemoryUsage of job (MB)
	325276  -  ResidentSetSize of job (KB)
...
006 (453.820.000) 2022-04-06 19:59:15 Image size of job updated: 775672
	318  -  MemoryUsage of job (MB)
	325408  -  ResidentSetSize of job (KB)
...
006 (453.820.000) 2022-04-06 20:04:15 Image size of job updated: 775928
	318  -  MemoryUsage of job (MB)
	325540  -  ResidentSetSize of job (KB)
...
006 (453.820.000) 2022-04-06 20:09:15 Image size of job updated: 776184
	319  -  MemoryUsage of job (MB)
	325672  -  ResidentSetSize of job (KB)
...
006 (453.820.000) 2022-04-06 20:14:16 Image size of job updated: 776184
	319  -  MemoryUsage of job (MB)
	325804  -  ResidentSetSize of job (KB)
...
006 (453.820.000) 2022-04-06 20:19:17 Image size of job updated: 776440
	319  -  MemoryUsage of job (MB)
	325936  -  ResidentSetSize of job (KB)
...
006 (453.820.000) 2022-04-06 20:24:17 Image size of job updated: 776440
	319  -  MemoryUsage of job (MB)
	326068  -  ResidentSetSize of job (KB)
...
006 (453.820.000) 2022-04-06 20:29:17 Image size of job updated: 776696
	319  -  MemoryUsage of job (MB)
	326200  -  ResidentSetSize of job (KB)
...
006 (453.820.000) 2022-04-06 20:34:18 Image size of job updated: 776696
	319  -  MemoryUsage of job (MB)
	326332  -  ResidentSetSize of job (KB)
...
006 (453.820.000) 2022-04-06 20:39:18 Image size of job updated: 776952
	319  -  MemoryUsage of job (MB)
	326464  -  ResidentSetSize of job (KB)
...
006 (453.820.000) 2022-04-06 20:44:18 Image size of job updated: 776952
	319  -  MemoryUsage of job (MB)
	326596  -  ResidentSetSize of job (KB)
...
006 (453.820.000) 2022-04-06 20:59:20 Image size of job updated: 777208
	320  -  MemoryUsage of job (MB)
	326852  -  ResidentSetSize of job (KB)
...
006 (453.820.000) 2022-04-06 21:04:21 Image size of job updated: 777464
	320  -  MemoryUsage of job (MB)
	326984  -  ResidentSetSize of job (KB)
...
006 (453.820.000) 2022-04-06 21:09:22 Image size of job updated: 777720
	320  -  MemoryUsage of job (MB)
	327248  -  ResidentSetSize of job (KB)
...
006 (453.820.000) 2022-04-06 21:14:22 Image size of job updated: 777720
	320  -  MemoryUsage of job (MB)
	327380  -  ResidentSetSize of job (KB)
...
006 (453.820.000) 2022-04-06 21:19:22 Image size of job updated: 777976
	320  -  MemoryUsage of job (MB)
	327512  -  ResidentSetSize of job (KB)
...
006 (453.820.000) 2022-04-06 21:24:23 Image size of job updated: 777976
	320  -  MemoryUsage of job (MB)
	327644  -  ResidentSetSize of job (KB)
...
006 (453.820.000) 2022-04-06 21:29:24 Image size of job updated: 778232
	321  -  MemoryUsage of job (MB)
	327776  -  ResidentSetSize of job (KB)
...
006 (453.820.000) 2022-04-06 21:34:24 Image size of job updated: 778232
	321  -  MemoryUsage of job (MB)
	327908  -  ResidentSetSize of job (KB)
...
006 (453.820.000) 2022-04-06 21:39:25 Image size of job updated: 778488
	321  -  MemoryUsage of job (MB)
	327908  -  ResidentSetSize of job (KB)
...
006 (453.820.000) 2022-04-06 21:44:26 Image size of job updated: 778488
	321  -  MemoryUsage of job (MB)
	328040  -  ResidentSetSize of job (KB)
...
006 (453.820.000) 2022-04-06 21:49:26 Image size of job updated: 778488
	321  -  MemoryUsage of job (MB)
	328172  -  ResidentSetSize of job (KB)
...
006 (453.820.000) 2022-04-06 21:54:26 Image size of job updated: 778744
	321  -  MemoryUsage of job (MB)
	328304  -  ResidentSetSize of job (KB)
...
006 (453.820.000) 2022-04-06 21:59:27 Image size of job updated: 778744
	321  -  MemoryUsage of job (MB)
	328436  -  ResidentSetSize of job (KB)
...
006 (453.820.000) 2022-04-06 22:04:28 Image size of job updated: 779000
	321  -  MemoryUsage of job (MB)
	328568  -  ResidentSetSize of job (KB)
...
006 (453.820.000) 2022-04-06 22:14:29 Image size of job updated: 779000
	321  -  MemoryUsage of job (MB)
	328700  -  ResidentSetSize of job (KB)
...
006 (453.820.000) 2022-04-06 22:19:30 Image size of job updated: 779256
	322  -  MemoryUsage of job (MB)
	328832  -  ResidentSetSize of job (KB)
...
006 (453.820.000) 2022-04-06 22:24:30 Image size of job updated: 779256
	322  -  MemoryUsage of job (MB)
	328964  -  ResidentSetSize of job (KB)
...
006 (453.820.000) 2022-04-06 22:29:30 Image size of job updated: 779512
	322  -  MemoryUsage of job (MB)
	328964  -  ResidentSetSize of job (KB)
...
006 (453.820.000) 2022-04-06 22:34:31 Image size of job updated: 779512
	322  -  MemoryUsage of job (MB)
	329096  -  ResidentSetSize of job (KB)
...
006 (453.820.000) 2022-04-06 22:39:32 Image size of job updated: 779512
	322  -  MemoryUsage of job (MB)
	329228  -  ResidentSetSize of job (KB)
...
006 (453.820.000) 2022-04-06 22:41:51 Image size of job updated: 779768
	322  -  MemoryUsage of job (MB)
	329228  -  ResidentSetSize of job (KB)
...
005 (453.820.000) 2022-04-06 22:41:51 Job terminated.
	(1) Normal termination (return value 0)
		Usr 0 04:10:41, Sys 0 00:00:46  -  Run Remote Usage
		Usr 0 00:00:00, Sys 0 00:00:00  -  Run Local Usage
		Usr 0 04:10:41, Sys 0 00:00:46  -  Total Remote Usage
		Usr 0 00:00:00, Sys 0 00:00:00  -  Total Local Usage
	0  -  Run Bytes Sent By Job
	0  -  Run Bytes Received By Job
	0  -  Total Bytes Sent By Job
	0  -  Total Bytes Received By Job
	Partitionable Resources :    Usage  Request Allocated 
	   Cpus                 :     1.00        1         1 
	   Disk (KB)            :  7500        7500     10998 
	   Memory (MB)          :   322        1024      1024 

	Job terminated of its own accord at 2022-04-06T20:41:51Z with exit-code 0.
...
