000 (453.525.000) 2022-04-05 18:55:38 Job submitted from host: <10.18.24.243:9618?addrs=10.18.24.243-9618&alias=ecoclusts01.bioclust.biologie.ens.fr&noUDP&sock=schedd_1052_29b8>
...
001 (453.525.000) 2022-04-06 12:05:42 Job executing on host: <10.18.24.178:9618?addrs=10.18.24.178-9618&alias=mcbsclust07.bioclust.biologie.ens.fr&noUDP&sock=startd_912_2276>
...
006 (453.525.000) 2022-04-06 12:05:50 Image size of job updated: 228864
	224  -  MemoryUsage of job (MB)
	228864  -  ResidentSetSize of job (KB)
...
006 (453.525.000) 2022-04-06 12:10:50 Image size of job updated: 807340
	317  -  MemoryUsage of job (MB)
	324360  -  ResidentSetSize of job (KB)
...
006 (453.525.000) 2022-04-06 15:46:14 Image size of job updated: 807340
	317  -  MemoryUsage of job (MB)
	324492  -  ResidentSetSize of job (KB)
...
006 (453.525.000) 2022-04-06 16:51:20 Image size of job updated: 807340
	318  -  MemoryUsage of job (MB)
	324624  -  ResidentSetSize of job (KB)
...
006 (453.525.000) 2022-04-06 17:41:26 Image size of job updated: 807340
	318  -  MemoryUsage of job (MB)
	324756  -  ResidentSetSize of job (KB)
...
006 (453.525.000) 2022-04-06 18:46:34 Image size of job updated: 807340
	318  -  MemoryUsage of job (MB)
	324888  -  ResidentSetSize of job (KB)
...
006 (453.525.000) 2022-04-06 19:31:38 Image size of job updated: 807340
	318  -  MemoryUsage of job (MB)
	325020  -  ResidentSetSize of job (KB)
...
006 (453.525.000) 2022-04-06 20:21:43 Image size of job updated: 807340
	318  -  MemoryUsage of job (MB)
	325152  -  ResidentSetSize of job (KB)
...
006 (453.525.000) 2022-04-06 21:06:48 Image size of job updated: 807340
	318  -  MemoryUsage of job (MB)
	325284  -  ResidentSetSize of job (KB)
...
006 (453.525.000) 2022-04-06 21:56:53 Image size of job updated: 807340
	318  -  MemoryUsage of job (MB)
	325416  -  ResidentSetSize of job (KB)
...
006 (453.525.000) 2022-04-06 22:56:59 Image size of job updated: 807340
	318  -  MemoryUsage of job (MB)
	325548  -  ResidentSetSize of job (KB)
...
006 (453.525.000) 2022-04-06 23:47:04 Image size of job updated: 807340
	319  -  MemoryUsage of job (MB)
	325680  -  ResidentSetSize of job (KB)
...
006 (453.525.000) 2022-04-07 00:32:08 Image size of job updated: 807340
	319  -  MemoryUsage of job (MB)
	325812  -  ResidentSetSize of job (KB)
...
006 (453.525.000) 2022-04-07 01:22:11 Image size of job updated: 807340
	319  -  MemoryUsage of job (MB)
	325944  -  ResidentSetSize of job (KB)
...
006 (453.525.000) 2022-04-07 02:27:18 Image size of job updated: 807340
	319  -  MemoryUsage of job (MB)
	326076  -  ResidentSetSize of job (KB)
...
006 (453.525.000) 2022-04-07 03:12:23 Image size of job updated: 807340
	319  -  MemoryUsage of job (MB)
	326208  -  ResidentSetSize of job (KB)
...
006 (453.525.000) 2022-04-07 03:57:27 Image size of job updated: 807340
	319  -  MemoryUsage of job (MB)
	326340  -  ResidentSetSize of job (KB)
...
006 (453.525.000) 2022-04-07 04:47:33 Image size of job updated: 807340
	319  -  MemoryUsage of job (MB)
	326472  -  ResidentSetSize of job (KB)
...
006 (453.525.000) 2022-04-07 05:32:38 Image size of job updated: 807340
	319  -  MemoryUsage of job (MB)
	326604  -  ResidentSetSize of job (KB)
...
006 (453.525.000) 2022-04-07 08:37:58 Image size of job updated: 807340
	320  -  MemoryUsage of job (MB)
	326736  -  ResidentSetSize of job (KB)
...
006 (453.525.000) 2022-04-07 09:23:03 Image size of job updated: 807340
	320  -  MemoryUsage of job (MB)
	326868  -  ResidentSetSize of job (KB)
...
006 (453.525.000) 2022-04-07 10:23:10 Image size of job updated: 807340
	320  -  MemoryUsage of job (MB)
	327000  -  ResidentSetSize of job (KB)
...
006 (453.525.000) 2022-04-07 11:28:17 Image size of job updated: 807340
	320  -  MemoryUsage of job (MB)
	327132  -  ResidentSetSize of job (KB)
...
006 (453.525.000) 2022-04-07 12:13:23 Image size of job updated: 807340
	320  -  MemoryUsage of job (MB)
	327264  -  ResidentSetSize of job (KB)
...
006 (453.525.000) 2022-04-07 13:13:29 Image size of job updated: 807340
	320  -  MemoryUsage of job (MB)
	327396  -  ResidentSetSize of job (KB)
...
006 (453.525.000) 2022-04-07 14:03:34 Image size of job updated: 807340
	320  -  MemoryUsage of job (MB)
	327528  -  ResidentSetSize of job (KB)
...
006 (453.525.000) 2022-04-07 15:03:40 Image size of job updated: 807340
	320  -  MemoryUsage of job (MB)
	327660  -  ResidentSetSize of job (KB)
...
006 (453.525.000) 2022-04-07 16:08:47 Image size of job updated: 807340
	321  -  MemoryUsage of job (MB)
	327792  -  ResidentSetSize of job (KB)
...
006 (453.525.000) 2022-04-07 16:53:52 Image size of job updated: 807340
	321  -  MemoryUsage of job (MB)
	327924  -  ResidentSetSize of job (KB)
...
006 (453.525.000) 2022-04-07 17:59:00 Image size of job updated: 807340
	321  -  MemoryUsage of job (MB)
	328056  -  ResidentSetSize of job (KB)
...
006 (453.525.000) 2022-04-07 18:49:05 Image size of job updated: 807340
	321  -  MemoryUsage of job (MB)
	328188  -  ResidentSetSize of job (KB)
...
006 (453.525.000) 2022-04-07 19:49:10 Image size of job updated: 807340
	321  -  MemoryUsage of job (MB)
	328320  -  ResidentSetSize of job (KB)
...
006 (453.525.000) 2022-04-07 20:54:16 Image size of job updated: 807340
	321  -  MemoryUsage of job (MB)
	328452  -  ResidentSetSize of job (KB)
...
006 (453.525.000) 2022-04-07 21:39:19 Image size of job updated: 807340
	321  -  MemoryUsage of job (MB)
	328584  -  ResidentSetSize of job (KB)
...
006 (453.525.000) 2022-04-07 22:44:27 Image size of job updated: 807340
	322  -  MemoryUsage of job (MB)
	328716  -  ResidentSetSize of job (KB)
...
006 (453.525.000) 2022-04-07 23:29:32 Image size of job updated: 807340
	322  -  MemoryUsage of job (MB)
	328848  -  ResidentSetSize of job (KB)
...
006 (453.525.000) 2022-04-08 00:34:39 Image size of job updated: 807340
	322  -  MemoryUsage of job (MB)
	328980  -  ResidentSetSize of job (KB)
...
006 (453.525.000) 2022-04-08 01:34:48 Image size of job updated: 807340
	322  -  MemoryUsage of job (MB)
	329112  -  ResidentSetSize of job (KB)
...
006 (453.525.000) 2022-04-08 02:19:50 Image size of job updated: 807340
	322  -  MemoryUsage of job (MB)
	329244  -  ResidentSetSize of job (KB)
...
005 (453.525.000) 2022-04-08 03:04:43 Job terminated.
	(1) Normal termination (return value 0)
		Usr 1 14:54:33, Sys 0 00:00:16  -  Run Remote Usage
		Usr 0 00:00:00, Sys 0 00:00:00  -  Run Local Usage
		Usr 1 14:54:33, Sys 0 00:00:16  -  Total Remote Usage
		Usr 0 00:00:00, Sys 0 00:00:00  -  Total Local Usage
	0  -  Run Bytes Sent By Job
	0  -  Run Bytes Received By Job
	0  -  Total Bytes Sent By Job
	0  -  Total Bytes Received By Job
	Partitionable Resources :    Usage  Request Allocated 
	   Cpus                 :     1.00        1         1 
	   Disk (KB)            :  7500        7500     11001 
	   Memory (MB)          :   322        1024      1024 

	Job terminated of its own accord at 2022-04-08T01:04:43Z with exit-code 0.
...
