000 (453.678.000) 2022-04-05 18:55:39 Job submitted from host: <10.18.24.243:9618?addrs=10.18.24.243-9618&alias=ecoclusts01.bioclust.biologie.ens.fr&noUDP&sock=schedd_1052_29b8>
...
001 (453.678.000) 2022-04-06 15:16:32 Job executing on host: <10.18.24.142:9618?addrs=10.18.24.142-9618&alias=dyoclust15.bioclust.biologie.ens.fr&noUDP&sock=startd_768_5cd3>
...
006 (453.678.000) 2022-04-06 15:16:41 Image size of job updated: 183384
	180  -  MemoryUsage of job (MB)
	183384  -  ResidentSetSize of job (KB)
...
006 (453.678.000) 2022-04-06 15:21:41 Image size of job updated: 741880
	317  -  MemoryUsage of job (MB)
	324384  -  ResidentSetSize of job (KB)
...
006 (453.678.000) 2022-04-06 15:26:41 Image size of job updated: 774648
	317  -  MemoryUsage of job (MB)
	324384  -  ResidentSetSize of job (KB)
...
006 (453.678.000) 2022-04-06 16:06:46 Image size of job updated: 774904
	317  -  MemoryUsage of job (MB)
	324472  -  ResidentSetSize of job (KB)
...
006 (453.678.000) 2022-04-06 16:11:46 Image size of job updated: 775160
	317  -  MemoryUsage of job (MB)
	324604  -  ResidentSetSize of job (KB)
...
006 (453.678.000) 2022-04-06 16:16:46 Image size of job updated: 775160
	318  -  MemoryUsage of job (MB)
	324868  -  ResidentSetSize of job (KB)
...
006 (453.678.000) 2022-04-06 16:21:47 Image size of job updated: 775416
	318  -  MemoryUsage of job (MB)
	325000  -  ResidentSetSize of job (KB)
...
006 (453.678.000) 2022-04-06 16:26:48 Image size of job updated: 775672
	318  -  MemoryUsage of job (MB)
	325264  -  ResidentSetSize of job (KB)
...
006 (453.678.000) 2022-04-06 16:31:48 Image size of job updated: 775672
	318  -  MemoryUsage of job (MB)
	325396  -  ResidentSetSize of job (KB)
...
006 (453.678.000) 2022-04-06 16:36:49 Image size of job updated: 775928
	318  -  MemoryUsage of job (MB)
	325528  -  ResidentSetSize of job (KB)
...
006 (453.678.000) 2022-04-06 16:41:50 Image size of job updated: 776184
	319  -  MemoryUsage of job (MB)
	325792  -  ResidentSetSize of job (KB)
...
006 (453.678.000) 2022-04-06 16:46:50 Image size of job updated: 776440
	319  -  MemoryUsage of job (MB)
	325924  -  ResidentSetSize of job (KB)
...
006 (453.678.000) 2022-04-06 16:51:50 Image size of job updated: 776440
	319  -  MemoryUsage of job (MB)
	326188  -  ResidentSetSize of job (KB)
...
006 (453.678.000) 2022-04-06 16:56:51 Image size of job updated: 776696
	319  -  MemoryUsage of job (MB)
	326320  -  ResidentSetSize of job (KB)
...
006 (453.678.000) 2022-04-06 17:01:52 Image size of job updated: 776952
	319  -  MemoryUsage of job (MB)
	326452  -  ResidentSetSize of job (KB)
...
006 (453.678.000) 2022-04-06 17:06:52 Image size of job updated: 776952
	319  -  MemoryUsage of job (MB)
	326584  -  ResidentSetSize of job (KB)
...
006 (453.678.000) 2022-04-06 17:16:54 Image size of job updated: 777208
	320  -  MemoryUsage of job (MB)
	326716  -  ResidentSetSize of job (KB)
...
006 (453.678.000) 2022-04-06 17:21:54 Image size of job updated: 777208
	320  -  MemoryUsage of job (MB)
	326848  -  ResidentSetSize of job (KB)
...
006 (453.678.000) 2022-04-06 17:26:54 Image size of job updated: 777464
	320  -  MemoryUsage of job (MB)
	326980  -  ResidentSetSize of job (KB)
...
006 (453.678.000) 2022-04-06 17:31:55 Image size of job updated: 777720
	320  -  MemoryUsage of job (MB)
	327244  -  ResidentSetSize of job (KB)
...
006 (453.678.000) 2022-04-06 17:36:56 Image size of job updated: 777720
	320  -  MemoryUsage of job (MB)
	327376  -  ResidentSetSize of job (KB)
...
006 (453.678.000) 2022-04-06 17:41:56 Image size of job updated: 777976
	320  -  MemoryUsage of job (MB)
	327508  -  ResidentSetSize of job (KB)
...
006 (453.678.000) 2022-04-06 17:46:57 Image size of job updated: 777976
	320  -  MemoryUsage of job (MB)
	327640  -  ResidentSetSize of job (KB)
...
006 (453.678.000) 2022-04-06 17:51:58 Image size of job updated: 778232
	321  -  MemoryUsage of job (MB)
	327772  -  ResidentSetSize of job (KB)
...
006 (453.678.000) 2022-04-06 17:56:58 Image size of job updated: 778488
	321  -  MemoryUsage of job (MB)
	327904  -  ResidentSetSize of job (KB)
...
006 (453.678.000) 2022-04-06 18:01:58 Image size of job updated: 778488
	321  -  MemoryUsage of job (MB)
	328168  -  ResidentSetSize of job (KB)
...
006 (453.678.000) 2022-04-06 18:07:00 Image size of job updated: 778744
	321  -  MemoryUsage of job (MB)
	328300  -  ResidentSetSize of job (KB)
...
006 (453.678.000) 2022-04-06 18:12:00 Image size of job updated: 779000
	321  -  MemoryUsage of job (MB)
	328564  -  ResidentSetSize of job (KB)
...
006 (453.678.000) 2022-04-06 18:17:00 Image size of job updated: 779000
	321  -  MemoryUsage of job (MB)
	328696  -  ResidentSetSize of job (KB)
...
006 (453.678.000) 2022-04-06 18:22:01 Image size of job updated: 779256
	322  -  MemoryUsage of job (MB)
	328828  -  ResidentSetSize of job (KB)
...
006 (453.678.000) 2022-04-06 18:27:02 Image size of job updated: 779512
	322  -  MemoryUsage of job (MB)
	329092  -  ResidentSetSize of job (KB)
...
006 (453.678.000) 2022-04-06 18:32:02 Image size of job updated: 779512
	322  -  MemoryUsage of job (MB)
	329224  -  ResidentSetSize of job (KB)
...
006 (453.678.000) 2022-04-06 18:34:17 Image size of job updated: 779768
	322  -  MemoryUsage of job (MB)
	329224  -  ResidentSetSize of job (KB)
...
005 (453.678.000) 2022-04-06 18:34:17 Job terminated.
	(1) Normal termination (return value 0)
		Usr 0 03:15:58, Sys 0 00:00:24  -  Run Remote Usage
		Usr 0 00:00:00, Sys 0 00:00:00  -  Run Local Usage
		Usr 0 03:15:58, Sys 0 00:00:24  -  Total Remote Usage
		Usr 0 00:00:00, Sys 0 00:00:00  -  Total Local Usage
	0  -  Run Bytes Sent By Job
	0  -  Run Bytes Received By Job
	0  -  Total Bytes Sent By Job
	0  -  Total Bytes Received By Job
	Partitionable Resources :    Usage  Request Allocated 
	   Cpus                 :     1.00        1         1 
	   Disk (KB)            :  7500        7500     10998 
	   Memory (MB)          :   322        1024      1024 

	Job terminated of its own accord at 2022-04-06T16:34:17Z with exit-code 0.
...
