000 (453.890.000) 2022-04-05 18:55:40 Job submitted from host: <10.18.24.243:9618?addrs=10.18.24.243-9618&alias=ecoclusts01.bioclust.biologie.ens.fr&noUDP&sock=schedd_1052_29b8>
...
001 (453.890.000) 2022-04-06 21:10:24 Job executing on host: <10.18.24.142:9618?addrs=10.18.24.142-9618&alias=dyoclust15.bioclust.biologie.ens.fr&noUDP&sock=startd_768_5cd3>
...
006 (453.890.000) 2022-04-06 21:10:33 Image size of job updated: 122932
	112  -  MemoryUsage of job (MB)
	114576  -  ResidentSetSize of job (KB)
...
006 (453.890.000) 2022-04-06 21:15:33 Image size of job updated: 741880
	287  -  MemoryUsage of job (MB)
	293476  -  ResidentSetSize of job (KB)
...
006 (453.890.000) 2022-04-06 21:20:33 Image size of job updated: 774648
	317  -  MemoryUsage of job (MB)
	324284  -  ResidentSetSize of job (KB)
...
006 (453.890.000) 2022-04-06 22:00:37 Image size of job updated: 774904
	317  -  MemoryUsage of job (MB)
	324548  -  ResidentSetSize of job (KB)
...
006 (453.890.000) 2022-04-06 22:05:38 Image size of job updated: 775160
	318  -  MemoryUsage of job (MB)
	324680  -  ResidentSetSize of job (KB)
...
006 (453.890.000) 2022-04-06 22:10:38 Image size of job updated: 775416
	318  -  MemoryUsage of job (MB)
	324944  -  ResidentSetSize of job (KB)
...
006 (453.890.000) 2022-04-06 22:15:38 Image size of job updated: 775416
	318  -  MemoryUsage of job (MB)
	325076  -  ResidentSetSize of job (KB)
...
006 (453.890.000) 2022-04-06 22:20:39 Image size of job updated: 775672
	318  -  MemoryUsage of job (MB)
	325208  -  ResidentSetSize of job (KB)
...
006 (453.890.000) 2022-04-06 22:25:39 Image size of job updated: 775928
	318  -  MemoryUsage of job (MB)
	325472  -  ResidentSetSize of job (KB)
...
006 (453.890.000) 2022-04-06 22:30:39 Image size of job updated: 776184
	319  -  MemoryUsage of job (MB)
	325736  -  ResidentSetSize of job (KB)
...
006 (453.890.000) 2022-04-06 22:35:40 Image size of job updated: 776184
	319  -  MemoryUsage of job (MB)
	325868  -  ResidentSetSize of job (KB)
...
006 (453.890.000) 2022-04-06 22:40:41 Image size of job updated: 776440
	319  -  MemoryUsage of job (MB)
	326132  -  ResidentSetSize of job (KB)
...
006 (453.890.000) 2022-04-06 22:45:41 Image size of job updated: 776696
	319  -  MemoryUsage of job (MB)
	326264  -  ResidentSetSize of job (KB)
...
006 (453.890.000) 2022-04-06 22:50:41 Image size of job updated: 776696
	319  -  MemoryUsage of job (MB)
	326396  -  ResidentSetSize of job (KB)
...
006 (453.890.000) 2022-04-06 22:55:42 Image size of job updated: 776952
	319  -  MemoryUsage of job (MB)
	326528  -  ResidentSetSize of job (KB)
...
006 (453.890.000) 2022-04-06 23:05:42 Image size of job updated: 776952
	320  -  MemoryUsage of job (MB)
	326660  -  ResidentSetSize of job (KB)
...
006 (453.890.000) 2022-04-06 23:10:43 Image size of job updated: 777208
	320  -  MemoryUsage of job (MB)
	326792  -  ResidentSetSize of job (KB)
...
006 (453.890.000) 2022-04-06 23:15:44 Image size of job updated: 777464
	320  -  MemoryUsage of job (MB)
	327056  -  ResidentSetSize of job (KB)
...
006 (453.890.000) 2022-04-06 23:20:44 Image size of job updated: 777464
	320  -  MemoryUsage of job (MB)
	327188  -  ResidentSetSize of job (KB)
...
006 (453.890.000) 2022-04-06 23:25:44 Image size of job updated: 777720
	320  -  MemoryUsage of job (MB)
	327320  -  ResidentSetSize of job (KB)
...
006 (453.890.000) 2022-04-06 23:30:45 Image size of job updated: 777976
	320  -  MemoryUsage of job (MB)
	327584  -  ResidentSetSize of job (KB)
...
006 (453.890.000) 2022-04-06 23:35:45 Image size of job updated: 778232
	321  -  MemoryUsage of job (MB)
	327716  -  ResidentSetSize of job (KB)
...
006 (453.890.000) 2022-04-06 23:40:45 Image size of job updated: 778488
	321  -  MemoryUsage of job (MB)
	327980  -  ResidentSetSize of job (KB)
...
006 (453.890.000) 2022-04-06 23:45:46 Image size of job updated: 778488
	321  -  MemoryUsage of job (MB)
	328112  -  ResidentSetSize of job (KB)
...
006 (453.890.000) 2022-04-06 23:50:47 Image size of job updated: 778744
	321  -  MemoryUsage of job (MB)
	328244  -  ResidentSetSize of job (KB)
...
006 (453.890.000) 2022-04-06 23:55:47 Image size of job updated: 778744
	321  -  MemoryUsage of job (MB)
	328376  -  ResidentSetSize of job (KB)
...
006 (453.890.000) 2022-04-07 00:00:47 Image size of job updated: 779000
	321  -  MemoryUsage of job (MB)
	328640  -  ResidentSetSize of job (KB)
...
006 (453.890.000) 2022-04-07 00:05:48 Image size of job updated: 779256
	322  -  MemoryUsage of job (MB)
	328904  -  ResidentSetSize of job (KB)
...
006 (453.890.000) 2022-04-07 00:10:48 Image size of job updated: 779512
	322  -  MemoryUsage of job (MB)
	329036  -  ResidentSetSize of job (KB)
...
006 (453.890.000) 2022-04-07 00:15:48 Image size of job updated: 779512
	322  -  MemoryUsage of job (MB)
	329168  -  ResidentSetSize of job (KB)
...
005 (453.890.000) 2022-04-07 00:15:53 Job terminated.
	(1) Normal termination (return value 0)
		Usr 0 03:03:45, Sys 0 00:00:22  -  Run Remote Usage
		Usr 0 00:00:00, Sys 0 00:00:00  -  Run Local Usage
		Usr 0 03:03:45, Sys 0 00:00:22  -  Total Remote Usage
		Usr 0 00:00:00, Sys 0 00:00:00  -  Total Local Usage
	0  -  Run Bytes Sent By Job
	0  -  Run Bytes Received By Job
	0  -  Total Bytes Sent By Job
	0  -  Total Bytes Received By Job
	Partitionable Resources :    Usage  Request Allocated 
	   Cpus                 :     1.00        1         1 
	   Disk (KB)            :  7500        7500     10998 
	   Memory (MB)          :   322        1024      1024 

	Job terminated of its own accord at 2022-04-06T22:15:53Z with exit-code 0.
...
