000 (453.229.000) 2022-04-05 18:55:37 Job submitted from host: <10.18.24.243:9618?addrs=10.18.24.243-9618&alias=ecoclusts01.bioclust.biologie.ens.fr&noUDP&sock=schedd_1052_29b8>
...
001 (453.229.000) 2022-04-06 07:26:04 Job executing on host: <10.18.24.133:9618?addrs=10.18.24.133-9618&alias=dyoclust06.bioclust.biologie.ens.fr&noUDP&sock=startd_804_0e3b>
...
006 (453.229.000) 2022-04-06 07:26:13 Image size of job updated: 90648
	89  -  MemoryUsage of job (MB)
	90648  -  ResidentSetSize of job (KB)
...
006 (453.229.000) 2022-04-06 07:31:14 Image size of job updated: 741880
	317  -  MemoryUsage of job (MB)
	324320  -  ResidentSetSize of job (KB)
...
006 (453.229.000) 2022-04-06 07:36:15 Image size of job updated: 792504
	317  -  MemoryUsage of job (MB)
	324320  -  ResidentSetSize of job (KB)
...
006 (453.229.000) 2022-04-06 08:31:21 Image size of job updated: 792504
	317  -  MemoryUsage of job (MB)
	324452  -  ResidentSetSize of job (KB)
...
006 (453.229.000) 2022-04-06 08:36:21 Image size of job updated: 792504
	317  -  MemoryUsage of job (MB)
	324584  -  ResidentSetSize of job (KB)
...
006 (453.229.000) 2022-04-06 08:41:23 Image size of job updated: 792504
	318  -  MemoryUsage of job (MB)
	324716  -  ResidentSetSize of job (KB)
...
006 (453.229.000) 2022-04-06 08:46:23 Image size of job updated: 792504
	318  -  MemoryUsage of job (MB)
	324848  -  ResidentSetSize of job (KB)
...
006 (453.229.000) 2022-04-06 08:51:23 Image size of job updated: 792504
	318  -  MemoryUsage of job (MB)
	324980  -  ResidentSetSize of job (KB)
...
006 (453.229.000) 2022-04-06 08:56:24 Image size of job updated: 792504
	318  -  MemoryUsage of job (MB)
	325112  -  ResidentSetSize of job (KB)
...
006 (453.229.000) 2022-04-06 09:01:25 Image size of job updated: 792504
	318  -  MemoryUsage of job (MB)
	325244  -  ResidentSetSize of job (KB)
...
006 (453.229.000) 2022-04-06 09:06:25 Image size of job updated: 792504
	318  -  MemoryUsage of job (MB)
	325376  -  ResidentSetSize of job (KB)
...
006 (453.229.000) 2022-04-06 09:11:25 Image size of job updated: 792504
	318  -  MemoryUsage of job (MB)
	325508  -  ResidentSetSize of job (KB)
...
006 (453.229.000) 2022-04-06 09:16:26 Image size of job updated: 792504
	319  -  MemoryUsage of job (MB)
	325772  -  ResidentSetSize of job (KB)
...
006 (453.229.000) 2022-04-06 09:26:27 Image size of job updated: 792504
	319  -  MemoryUsage of job (MB)
	326036  -  ResidentSetSize of job (KB)
...
006 (453.229.000) 2022-04-06 09:31:28 Image size of job updated: 792504
	319  -  MemoryUsage of job (MB)
	326168  -  ResidentSetSize of job (KB)
...
006 (453.229.000) 2022-04-06 09:36:29 Image size of job updated: 792504
	319  -  MemoryUsage of job (MB)
	326300  -  ResidentSetSize of job (KB)
...
006 (453.229.000) 2022-04-06 09:41:29 Image size of job updated: 792504
	319  -  MemoryUsage of job (MB)
	326564  -  ResidentSetSize of job (KB)
...
006 (453.229.000) 2022-04-06 09:56:31 Image size of job updated: 792504
	320  -  MemoryUsage of job (MB)
	326696  -  ResidentSetSize of job (KB)
...
006 (453.229.000) 2022-04-06 10:01:31 Image size of job updated: 792504
	320  -  MemoryUsage of job (MB)
	326828  -  ResidentSetSize of job (KB)
...
006 (453.229.000) 2022-04-06 10:06:32 Image size of job updated: 792504
	320  -  MemoryUsage of job (MB)
	326960  -  ResidentSetSize of job (KB)
...
006 (453.229.000) 2022-04-06 10:11:33 Image size of job updated: 792504
	320  -  MemoryUsage of job (MB)
	327224  -  ResidentSetSize of job (KB)
...
006 (453.229.000) 2022-04-06 10:16:33 Image size of job updated: 792504
	320  -  MemoryUsage of job (MB)
	327356  -  ResidentSetSize of job (KB)
...
006 (453.229.000) 2022-04-06 10:21:33 Image size of job updated: 792504
	320  -  MemoryUsage of job (MB)
	327488  -  ResidentSetSize of job (KB)
...
006 (453.229.000) 2022-04-06 10:26:34 Image size of job updated: 792504
	320  -  MemoryUsage of job (MB)
	327620  -  ResidentSetSize of job (KB)
...
006 (453.229.000) 2022-04-06 10:31:35 Image size of job updated: 792504
	321  -  MemoryUsage of job (MB)
	327752  -  ResidentSetSize of job (KB)
...
006 (453.229.000) 2022-04-06 10:36:35 Image size of job updated: 792504
	321  -  MemoryUsage of job (MB)
	328016  -  ResidentSetSize of job (KB)
...
006 (453.229.000) 2022-04-06 10:41:36 Image size of job updated: 792504
	321  -  MemoryUsage of job (MB)
	328148  -  ResidentSetSize of job (KB)
...
006 (453.229.000) 2022-04-06 10:46:37 Image size of job updated: 792504
	321  -  MemoryUsage of job (MB)
	328280  -  ResidentSetSize of job (KB)
...
006 (453.229.000) 2022-04-06 10:51:37 Image size of job updated: 792504
	321  -  MemoryUsage of job (MB)
	328412  -  ResidentSetSize of job (KB)
...
006 (453.229.000) 2022-04-06 10:56:37 Image size of job updated: 792504
	321  -  MemoryUsage of job (MB)
	328676  -  ResidentSetSize of job (KB)
...
006 (453.229.000) 2022-04-06 11:01:38 Image size of job updated: 792504
	322  -  MemoryUsage of job (MB)
	328808  -  ResidentSetSize of job (KB)
...
006 (453.229.000) 2022-04-06 11:06:39 Image size of job updated: 792504
	322  -  MemoryUsage of job (MB)
	328940  -  ResidentSetSize of job (KB)
...
006 (453.229.000) 2022-04-06 11:11:39 Image size of job updated: 792504
	322  -  MemoryUsage of job (MB)
	329072  -  ResidentSetSize of job (KB)
...
006 (453.229.000) 2022-04-06 11:16:40 Image size of job updated: 792504
	322  -  MemoryUsage of job (MB)
	329204  -  ResidentSetSize of job (KB)
...
005 (453.229.000) 2022-04-06 11:18:04 Job terminated.
	(1) Normal termination (return value 0)
		Usr 0 03:49:53, Sys 0 00:00:34  -  Run Remote Usage
		Usr 0 00:00:00, Sys 0 00:00:00  -  Run Local Usage
		Usr 0 03:49:53, Sys 0 00:00:34  -  Total Remote Usage
		Usr 0 00:00:00, Sys 0 00:00:00  -  Total Local Usage
	0  -  Run Bytes Sent By Job
	0  -  Run Bytes Received By Job
	0  -  Total Bytes Sent By Job
	0  -  Total Bytes Received By Job
	Partitionable Resources :    Usage  Request Allocated 
	   Cpus                 :     1.00        1         1 
	   Disk (KB)            :  7500        7500     10015 
	   Memory (MB)          :   322        1024      1024 

	Job terminated of its own accord at 2022-04-06T09:18:03Z with exit-code 0.
...
