000 (453.343.000) 2022-04-05 18:55:38 Job submitted from host: <10.18.24.243:9618?addrs=10.18.24.243-9618&alias=ecoclusts01.bioclust.biologie.ens.fr&noUDP&sock=schedd_1052_29b8>
...
001 (453.343.000) 2022-04-06 09:11:08 Job executing on host: <10.18.24.139:9618?addrs=10.18.24.139-9618&alias=dyoclust12.bioclust.biologie.ens.fr&noUDP&sock=startd_791_2380>
...
006 (453.343.000) 2022-04-06 09:11:17 Image size of job updated: 328200
	220  -  MemoryUsage of job (MB)
	224816  -  ResidentSetSize of job (KB)
...
006 (453.343.000) 2022-04-06 09:16:18 Image size of job updated: 741876
	317  -  MemoryUsage of job (MB)
	324376  -  ResidentSetSize of job (KB)
...
006 (453.343.000) 2022-04-06 09:21:18 Image size of job updated: 774644
	317  -  MemoryUsage of job (MB)
	324376  -  ResidentSetSize of job (KB)
...
006 (453.343.000) 2022-04-06 09:56:22 Image size of job updated: 774900
	317  -  MemoryUsage of job (MB)
	324376  -  ResidentSetSize of job (KB)
...
006 (453.343.000) 2022-04-06 10:01:23 Image size of job updated: 774900
	317  -  MemoryUsage of job (MB)
	324596  -  ResidentSetSize of job (KB)
...
006 (453.343.000) 2022-04-06 10:06:24 Image size of job updated: 775156
	318  -  MemoryUsage of job (MB)
	324728  -  ResidentSetSize of job (KB)
...
006 (453.343.000) 2022-04-06 10:11:24 Image size of job updated: 775412
	318  -  MemoryUsage of job (MB)
	324860  -  ResidentSetSize of job (KB)
...
006 (453.343.000) 2022-04-06 10:16:24 Image size of job updated: 775412
	318  -  MemoryUsage of job (MB)
	325124  -  ResidentSetSize of job (KB)
...
006 (453.343.000) 2022-04-06 10:21:25 Image size of job updated: 775668
	318  -  MemoryUsage of job (MB)
	325256  -  ResidentSetSize of job (KB)
...
006 (453.343.000) 2022-04-06 10:26:25 Image size of job updated: 775924
	318  -  MemoryUsage of job (MB)
	325520  -  ResidentSetSize of job (KB)
...
006 (453.343.000) 2022-04-06 10:31:25 Image size of job updated: 776180
	319  -  MemoryUsage of job (MB)
	325652  -  ResidentSetSize of job (KB)
...
006 (453.343.000) 2022-04-06 10:36:26 Image size of job updated: 776180
	319  -  MemoryUsage of job (MB)
	325916  -  ResidentSetSize of job (KB)
...
006 (453.343.000) 2022-04-06 10:41:27 Image size of job updated: 776436
	319  -  MemoryUsage of job (MB)
	326180  -  ResidentSetSize of job (KB)
...
006 (453.343.000) 2022-04-06 10:46:27 Image size of job updated: 776692
	319  -  MemoryUsage of job (MB)
	326312  -  ResidentSetSize of job (KB)
...
006 (453.343.000) 2022-04-06 10:51:28 Image size of job updated: 776948
	319  -  MemoryUsage of job (MB)
	326444  -  ResidentSetSize of job (KB)
...
006 (453.343.000) 2022-04-06 10:56:29 Image size of job updated: 776948
	319  -  MemoryUsage of job (MB)
	326576  -  ResidentSetSize of job (KB)
...
006 (453.343.000) 2022-04-06 11:06:29 Image size of job updated: 777204
	320  -  MemoryUsage of job (MB)
	326840  -  ResidentSetSize of job (KB)
...
006 (453.343.000) 2022-04-06 11:11:30 Image size of job updated: 777460
	320  -  MemoryUsage of job (MB)
	326972  -  ResidentSetSize of job (KB)
...
006 (453.343.000) 2022-04-06 11:16:31 Image size of job updated: 777460
	320  -  MemoryUsage of job (MB)
	327236  -  ResidentSetSize of job (KB)
...
006 (453.343.000) 2022-04-06 11:21:31 Image size of job updated: 777716
	320  -  MemoryUsage of job (MB)
	327368  -  ResidentSetSize of job (KB)
...
006 (453.343.000) 2022-04-06 11:26:32 Image size of job updated: 777972
	320  -  MemoryUsage of job (MB)
	327632  -  ResidentSetSize of job (KB)
...
006 (453.343.000) 2022-04-06 11:31:33 Image size of job updated: 778228
	321  -  MemoryUsage of job (MB)
	327764  -  ResidentSetSize of job (KB)
...
006 (453.343.000) 2022-04-06 11:36:33 Image size of job updated: 778228
	321  -  MemoryUsage of job (MB)
	327896  -  ResidentSetSize of job (KB)
...
006 (453.343.000) 2022-04-06 11:41:33 Image size of job updated: 778484
	321  -  MemoryUsage of job (MB)
	328160  -  ResidentSetSize of job (KB)
...
006 (453.343.000) 2022-04-06 11:46:34 Image size of job updated: 778740
	321  -  MemoryUsage of job (MB)
	328424  -  ResidentSetSize of job (KB)
...
006 (453.343.000) 2022-04-06 11:51:35 Image size of job updated: 778996
	321  -  MemoryUsage of job (MB)
	328556  -  ResidentSetSize of job (KB)
...
006 (453.343.000) 2022-04-06 11:56:35 Image size of job updated: 779252
	322  -  MemoryUsage of job (MB)
	328820  -  ResidentSetSize of job (KB)
...
006 (453.343.000) 2022-04-06 12:01:36 Image size of job updated: 779252
	322  -  MemoryUsage of job (MB)
	328952  -  ResidentSetSize of job (KB)
...
006 (453.343.000) 2022-04-06 12:06:37 Image size of job updated: 779508
	322  -  MemoryUsage of job (MB)
	329216  -  ResidentSetSize of job (KB)
...
006 (453.343.000) 2022-04-06 12:08:50 Image size of job updated: 779764
	322  -  MemoryUsage of job (MB)
	329216  -  ResidentSetSize of job (KB)
...
005 (453.343.000) 2022-04-06 12:08:50 Job terminated.
	(1) Normal termination (return value 0)
		Usr 0 02:55:53, Sys 0 00:00:25  -  Run Remote Usage
		Usr 0 00:00:00, Sys 0 00:00:00  -  Run Local Usage
		Usr 0 02:55:53, Sys 0 00:00:25  -  Total Remote Usage
		Usr 0 00:00:00, Sys 0 00:00:00  -  Total Local Usage
	0  -  Run Bytes Sent By Job
	0  -  Run Bytes Received By Job
	0  -  Total Bytes Sent By Job
	0  -  Total Bytes Received By Job
	Partitionable Resources :    Usage  Request Allocated 
	   Cpus                 :     1.00        1         1 
	   Disk (KB)            :  7500        7500     10998 
	   Memory (MB)          :   322        1024      1024 

	Job terminated of its own accord at 2022-04-06T10:08:50Z with exit-code 0.
...
