000 (453.933.000) 2022-04-05 18:55:40 Job submitted from host: <10.18.24.243:9618?addrs=10.18.24.243-9618&alias=ecoclusts01.bioclust.biologie.ens.fr&noUDP&sock=schedd_1052_29b8>
...
001 (453.933.000) 2022-04-06 22:38:26 Job executing on host: <10.18.24.130:9618?addrs=10.18.24.130-9618&alias=dyoclust03.bioclust.biologie.ens.fr&noUDP&sock=startd_813_3a96>
...
006 (453.933.000) 2022-04-06 22:38:35 Image size of job updated: 84956
	83  -  MemoryUsage of job (MB)
	84956  -  ResidentSetSize of job (KB)
...
006 (453.933.000) 2022-04-06 22:43:35 Image size of job updated: 741880
	317  -  MemoryUsage of job (MB)
	324320  -  ResidentSetSize of job (KB)
...
006 (453.933.000) 2022-04-06 22:48:36 Image size of job updated: 774648
	317  -  MemoryUsage of job (MB)
	324408  -  ResidentSetSize of job (KB)
...
006 (453.933.000) 2022-04-06 23:38:41 Image size of job updated: 774904
	317  -  MemoryUsage of job (MB)
	324408  -  ResidentSetSize of job (KB)
...
006 (453.933.000) 2022-04-06 23:43:41 Image size of job updated: 774904
	317  -  MemoryUsage of job (MB)
	324540  -  ResidentSetSize of job (KB)
...
006 (453.933.000) 2022-04-06 23:53:42 Image size of job updated: 775160
	318  -  MemoryUsage of job (MB)
	324672  -  ResidentSetSize of job (KB)
...
006 (453.933.000) 2022-04-07 00:03:43 Image size of job updated: 775160
	318  -  MemoryUsage of job (MB)
	324804  -  ResidentSetSize of job (KB)
...
006 (453.933.000) 2022-04-07 00:08:44 Image size of job updated: 775416
	318  -  MemoryUsage of job (MB)
	324936  -  ResidentSetSize of job (KB)
...
006 (453.933.000) 2022-04-07 00:13:45 Image size of job updated: 775416
	318  -  MemoryUsage of job (MB)
	325068  -  ResidentSetSize of job (KB)
...
006 (453.933.000) 2022-04-07 00:23:45 Image size of job updated: 775672
	318  -  MemoryUsage of job (MB)
	325200  -  ResidentSetSize of job (KB)
...
006 (453.933.000) 2022-04-07 00:28:46 Image size of job updated: 775672
	318  -  MemoryUsage of job (MB)
	325332  -  ResidentSetSize of job (KB)
...
006 (453.933.000) 2022-04-07 00:33:47 Image size of job updated: 775928
	318  -  MemoryUsage of job (MB)
	325464  -  ResidentSetSize of job (KB)
...
006 (453.933.000) 2022-04-07 00:38:47 Image size of job updated: 775928
	318  -  MemoryUsage of job (MB)
	325596  -  ResidentSetSize of job (KB)
...
006 (453.933.000) 2022-04-07 00:43:48 Image size of job updated: 776184
	319  -  MemoryUsage of job (MB)
	325728  -  ResidentSetSize of job (KB)
...
006 (453.933.000) 2022-04-07 00:48:48 Image size of job updated: 776184
	319  -  MemoryUsage of job (MB)
	325860  -  ResidentSetSize of job (KB)
...
006 (453.933.000) 2022-04-07 00:53:48 Image size of job updated: 776440
	319  -  MemoryUsage of job (MB)
	325992  -  ResidentSetSize of job (KB)
...
006 (453.933.000) 2022-04-07 01:03:49 Image size of job updated: 776696
	319  -  MemoryUsage of job (MB)
	326124  -  ResidentSetSize of job (KB)
...
006 (453.933.000) 2022-04-07 01:08:49 Image size of job updated: 776696
	319  -  MemoryUsage of job (MB)
	326388  -  ResidentSetSize of job (KB)
...
006 (453.933.000) 2022-04-07 01:13:49 Image size of job updated: 776952
	319  -  MemoryUsage of job (MB)
	326388  -  ResidentSetSize of job (KB)
...
006 (453.933.000) 2022-04-07 01:18:49 Image size of job updated: 776952
	319  -  MemoryUsage of job (MB)
	326652  -  ResidentSetSize of job (KB)
...
006 (453.933.000) 2022-04-07 01:33:52 Image size of job updated: 776952
	320  -  MemoryUsage of job (MB)
	326728  -  ResidentSetSize of job (KB)
...
006 (453.933.000) 2022-04-07 01:38:52 Image size of job updated: 777208
	320  -  MemoryUsage of job (MB)
	326860  -  ResidentSetSize of job (KB)
...
006 (453.933.000) 2022-04-07 01:48:54 Image size of job updated: 777464
	320  -  MemoryUsage of job (MB)
	326992  -  ResidentSetSize of job (KB)
...
006 (453.933.000) 2022-04-07 01:53:54 Image size of job updated: 777464
	320  -  MemoryUsage of job (MB)
	327124  -  ResidentSetSize of job (KB)
...
006 (453.933.000) 2022-04-07 01:58:54 Image size of job updated: 777720
	320  -  MemoryUsage of job (MB)
	327256  -  ResidentSetSize of job (KB)
...
006 (453.933.000) 2022-04-07 02:03:55 Image size of job updated: 777720
	320  -  MemoryUsage of job (MB)
	327388  -  ResidentSetSize of job (KB)
...
006 (453.933.000) 2022-04-07 02:08:56 Image size of job updated: 777976
	320  -  MemoryUsage of job (MB)
	327520  -  ResidentSetSize of job (KB)
...
006 (453.933.000) 2022-04-07 02:13:56 Image size of job updated: 777976
	320  -  MemoryUsage of job (MB)
	327652  -  ResidentSetSize of job (KB)
...
006 (453.933.000) 2022-04-07 02:18:56 Image size of job updated: 778232
	321  -  MemoryUsage of job (MB)
	327784  -  ResidentSetSize of job (KB)
...
006 (453.933.000) 2022-04-07 02:23:57 Image size of job updated: 778232
	321  -  MemoryUsage of job (MB)
	327916  -  ResidentSetSize of job (KB)
...
006 (453.933.000) 2022-04-07 02:28:58 Image size of job updated: 778488
	321  -  MemoryUsage of job (MB)
	328048  -  ResidentSetSize of job (KB)
...
006 (453.933.000) 2022-04-07 02:33:58 Image size of job updated: 778488
	321  -  MemoryUsage of job (MB)
	328180  -  ResidentSetSize of job (KB)
...
006 (453.933.000) 2022-04-07 02:38:58 Image size of job updated: 778744
	321  -  MemoryUsage of job (MB)
	328312  -  ResidentSetSize of job (KB)
...
006 (453.933.000) 2022-04-07 02:43:59 Image size of job updated: 778744
	321  -  MemoryUsage of job (MB)
	328444  -  ResidentSetSize of job (KB)
...
006 (453.933.000) 2022-04-07 02:49:00 Image size of job updated: 779000
	321  -  MemoryUsage of job (MB)
	328576  -  ResidentSetSize of job (KB)
...
006 (453.933.000) 2022-04-07 02:59:00 Image size of job updated: 779256
	322  -  MemoryUsage of job (MB)
	328840  -  ResidentSetSize of job (KB)
...
006 (453.933.000) 2022-04-07 03:09:02 Image size of job updated: 779512
	322  -  MemoryUsage of job (MB)
	328972  -  ResidentSetSize of job (KB)
...
006 (453.933.000) 2022-04-07 03:14:02 Image size of job updated: 779512
	322  -  MemoryUsage of job (MB)
	329104  -  ResidentSetSize of job (KB)
...
006 (453.933.000) 2022-04-07 03:19:02 Image size of job updated: 779768
	322  -  MemoryUsage of job (MB)
	329236  -  ResidentSetSize of job (KB)
...
005 (453.933.000) 2022-04-07 03:19:36 Job terminated.
	(1) Normal termination (return value 0)
		Usr 0 04:40:36, Sys 0 00:00:24  -  Run Remote Usage
		Usr 0 00:00:00, Sys 0 00:00:00  -  Run Local Usage
		Usr 0 04:40:36, Sys 0 00:00:24  -  Total Remote Usage
		Usr 0 00:00:00, Sys 0 00:00:00  -  Total Local Usage
	0  -  Run Bytes Sent By Job
	0  -  Run Bytes Received By Job
	0  -  Total Bytes Sent By Job
	0  -  Total Bytes Received By Job
	Partitionable Resources :    Usage  Request Allocated 
	   Cpus                 :     1.00        1         1 
	   Disk (KB)            :  7500        7500     10998 
	   Memory (MB)          :   322        1024      1024 

	Job terminated of its own accord at 2022-04-07T01:19:36Z with exit-code 0.
...
