000 (453.120.000) 2022-04-05 18:55:37 Job submitted from host: <10.18.24.243:9618?addrs=10.18.24.243-9618&alias=ecoclusts01.bioclust.biologie.ens.fr&noUDP&sock=schedd_1052_29b8>
...
001 (453.120.000) 2022-04-06 05:59:00 Job executing on host: <10.18.24.141:9618?addrs=10.18.24.141-9618&alias=dyoclust14.bioclust.biologie.ens.fr&noUDP&sock=startd_801_ff73>
...
006 (453.120.000) 2022-04-06 05:59:08 Image size of job updated: 315192
	105  -  MemoryUsage of job (MB)
	106880  -  ResidentSetSize of job (KB)
...
006 (453.120.000) 2022-04-06 06:04:08 Image size of job updated: 741876
	317  -  MemoryUsage of job (MB)
	324404  -  ResidentSetSize of job (KB)
...
006 (453.120.000) 2022-04-06 06:09:09 Image size of job updated: 774644
	317  -  MemoryUsage of job (MB)
	324404  -  ResidentSetSize of job (KB)
...
006 (453.120.000) 2022-04-06 07:39:19 Image size of job updated: 774900
	317  -  MemoryUsage of job (MB)
	324404  -  ResidentSetSize of job (KB)
...
006 (453.120.000) 2022-04-06 07:54:21 Image size of job updated: 774900
	317  -  MemoryUsage of job (MB)
	324536  -  ResidentSetSize of job (KB)
...
006 (453.120.000) 2022-04-06 08:14:23 Image size of job updated: 774900
	318  -  MemoryUsage of job (MB)
	324668  -  ResidentSetSize of job (KB)
...
006 (453.120.000) 2022-04-06 08:19:23 Image size of job updated: 775156
	318  -  MemoryUsage of job (MB)
	324668  -  ResidentSetSize of job (KB)
...
006 (453.120.000) 2022-04-06 08:39:25 Image size of job updated: 775156
	318  -  MemoryUsage of job (MB)
	324800  -  ResidentSetSize of job (KB)
...
006 (453.120.000) 2022-04-06 08:59:28 Image size of job updated: 775156
	318  -  MemoryUsage of job (MB)
	324932  -  ResidentSetSize of job (KB)
...
006 (453.120.000) 2022-04-06 09:09:29 Image size of job updated: 775412
	318  -  MemoryUsage of job (MB)
	324932  -  ResidentSetSize of job (KB)
...
006 (453.120.000) 2022-04-06 09:19:30 Image size of job updated: 775412
	318  -  MemoryUsage of job (MB)
	325064  -  ResidentSetSize of job (KB)
...
006 (453.120.000) 2022-04-06 09:49:33 Image size of job updated: 775668
	318  -  MemoryUsage of job (MB)
	325196  -  ResidentSetSize of job (KB)
...
006 (453.120.000) 2022-04-06 10:09:36 Image size of job updated: 775668
	318  -  MemoryUsage of job (MB)
	325328  -  ResidentSetSize of job (KB)
...
006 (453.120.000) 2022-04-06 10:34:39 Image size of job updated: 775924
	318  -  MemoryUsage of job (MB)
	325460  -  ResidentSetSize of job (KB)
...
006 (453.120.000) 2022-04-06 10:54:41 Image size of job updated: 775924
	318  -  MemoryUsage of job (MB)
	325592  -  ResidentSetSize of job (KB)
...
006 (453.120.000) 2022-04-06 11:19:44 Image size of job updated: 776180
	319  -  MemoryUsage of job (MB)
	325724  -  ResidentSetSize of job (KB)
...
006 (453.120.000) 2022-04-06 11:44:47 Image size of job updated: 776180
	319  -  MemoryUsage of job (MB)
	325856  -  ResidentSetSize of job (KB)
...
006 (453.120.000) 2022-04-06 12:04:49 Image size of job updated: 776436
	319  -  MemoryUsage of job (MB)
	325988  -  ResidentSetSize of job (KB)
...
006 (453.120.000) 2022-04-06 12:24:50 Image size of job updated: 776436
	319  -  MemoryUsage of job (MB)
	326120  -  ResidentSetSize of job (KB)
...
006 (453.120.000) 2022-04-06 12:44:52 Image size of job updated: 776692
	319  -  MemoryUsage of job (MB)
	326120  -  ResidentSetSize of job (KB)
...
006 (453.120.000) 2022-04-06 12:49:53 Image size of job updated: 776692
	319  -  MemoryUsage of job (MB)
	326252  -  ResidentSetSize of job (KB)
...
006 (453.120.000) 2022-04-06 13:04:54 Image size of job updated: 776692
	319  -  MemoryUsage of job (MB)
	326384  -  ResidentSetSize of job (KB)
...
006 (453.120.000) 2022-04-06 13:24:57 Image size of job updated: 776948
	319  -  MemoryUsage of job (MB)
	326384  -  ResidentSetSize of job (KB)
...
006 (453.120.000) 2022-04-06 13:34:57 Image size of job updated: 776948
	319  -  MemoryUsage of job (MB)
	326516  -  ResidentSetSize of job (KB)
...
006 (453.120.000) 2022-04-06 13:54:59 Image size of job updated: 776948
	319  -  MemoryUsage of job (MB)
	326648  -  ResidentSetSize of job (KB)
...
006 (453.120.000) 2022-04-06 15:05:07 Image size of job updated: 777204
	320  -  MemoryUsage of job (MB)
	326748  -  ResidentSetSize of job (KB)
...
006 (453.120.000) 2022-04-06 15:30:11 Image size of job updated: 777204
	320  -  MemoryUsage of job (MB)
	326880  -  ResidentSetSize of job (KB)
...
006 (453.120.000) 2022-04-06 15:55:13 Image size of job updated: 777460
	320  -  MemoryUsage of job (MB)
	327012  -  ResidentSetSize of job (KB)
...
006 (453.120.000) 2022-04-06 16:20:17 Image size of job updated: 777460
	320  -  MemoryUsage of job (MB)
	327144  -  ResidentSetSize of job (KB)
...
006 (453.120.000) 2022-04-06 16:40:19 Image size of job updated: 777716
	320  -  MemoryUsage of job (MB)
	327276  -  ResidentSetSize of job (KB)
...
006 (453.120.000) 2022-04-06 17:10:22 Image size of job updated: 777716
	320  -  MemoryUsage of job (MB)
	327408  -  ResidentSetSize of job (KB)
...
006 (453.120.000) 2022-04-06 17:25:23 Image size of job updated: 777972
	320  -  MemoryUsage of job (MB)
	327540  -  ResidentSetSize of job (KB)
...
006 (453.120.000) 2022-04-06 17:55:26 Image size of job updated: 777972
	320  -  MemoryUsage of job (MB)
	327672  -  ResidentSetSize of job (KB)
...
006 (453.120.000) 2022-04-06 18:10:27 Image size of job updated: 778228
	320  -  MemoryUsage of job (MB)
	327672  -  ResidentSetSize of job (KB)
...
006 (453.120.000) 2022-04-06 18:20:28 Image size of job updated: 778228
	321  -  MemoryUsage of job (MB)
	327804  -  ResidentSetSize of job (KB)
...
006 (453.120.000) 2022-04-06 18:40:30 Image size of job updated: 778228
	321  -  MemoryUsage of job (MB)
	327936  -  ResidentSetSize of job (KB)
...
006 (453.120.000) 2022-04-06 18:55:31 Image size of job updated: 778484
	321  -  MemoryUsage of job (MB)
	327936  -  ResidentSetSize of job (KB)
...
006 (453.120.000) 2022-04-06 19:05:32 Image size of job updated: 778484
	321  -  MemoryUsage of job (MB)
	328068  -  ResidentSetSize of job (KB)
...
006 (453.120.000) 2022-04-06 19:25:33 Image size of job updated: 778484
	321  -  MemoryUsage of job (MB)
	328200  -  ResidentSetSize of job (KB)
...
006 (453.120.000) 2022-04-06 19:45:36 Image size of job updated: 778740
	321  -  MemoryUsage of job (MB)
	328200  -  ResidentSetSize of job (KB)
...
006 (453.120.000) 2022-04-06 19:50:37 Image size of job updated: 778740
	321  -  MemoryUsage of job (MB)
	328332  -  ResidentSetSize of job (KB)
...
006 (453.120.000) 2022-04-06 20:15:39 Image size of job updated: 778740
	321  -  MemoryUsage of job (MB)
	328464  -  ResidentSetSize of job (KB)
...
006 (453.120.000) 2022-04-06 20:30:41 Image size of job updated: 778996
	321  -  MemoryUsage of job (MB)
	328464  -  ResidentSetSize of job (KB)
...
006 (453.120.000) 2022-04-06 20:35:41 Image size of job updated: 778996
	321  -  MemoryUsage of job (MB)
	328596  -  ResidentSetSize of job (KB)
...
006 (453.120.000) 2022-04-06 21:05:44 Image size of job updated: 778996
	322  -  MemoryUsage of job (MB)
	328728  -  ResidentSetSize of job (KB)
...
006 (453.120.000) 2022-04-06 21:20:45 Image size of job updated: 779252
	322  -  MemoryUsage of job (MB)
	328728  -  ResidentSetSize of job (KB)
...
006 (453.120.000) 2022-04-06 21:25:45 Image size of job updated: 779252
	322  -  MemoryUsage of job (MB)
	328860  -  ResidentSetSize of job (KB)
...
006 (453.120.000) 2022-04-06 21:50:49 Image size of job updated: 779252
	322  -  MemoryUsage of job (MB)
	328992  -  ResidentSetSize of job (KB)
...
006 (453.120.000) 2022-04-06 22:05:50 Image size of job updated: 779508
	322  -  MemoryUsage of job (MB)
	328992  -  ResidentSetSize of job (KB)
...
006 (453.120.000) 2022-04-06 22:20:51 Image size of job updated: 779508
	322  -  MemoryUsage of job (MB)
	329124  -  ResidentSetSize of job (KB)
...
006 (453.120.000) 2022-04-06 22:40:53 Image size of job updated: 779508
	322  -  MemoryUsage of job (MB)
	329256  -  ResidentSetSize of job (KB)
...
006 (453.120.000) 2022-04-06 22:50:53 Image size of job updated: 779764
	322  -  MemoryUsage of job (MB)
	329256  -  ResidentSetSize of job (KB)
...
005 (453.120.000) 2022-04-06 22:55:23 Job terminated.
	(1) Normal termination (return value 0)
		Usr 0 16:49:44, Sys 0 00:00:40  -  Run Remote Usage
		Usr 0 00:00:00, Sys 0 00:00:00  -  Run Local Usage
		Usr 0 16:49:44, Sys 0 00:00:40  -  Total Remote Usage
		Usr 0 00:00:00, Sys 0 00:00:00  -  Total Local Usage
	0  -  Run Bytes Sent By Job
	0  -  Run Bytes Received By Job
	0  -  Total Bytes Sent By Job
	0  -  Total Bytes Received By Job
	Partitionable Resources :    Usage  Request Allocated 
	   Cpus                 :     1.00        1         1 
	   Disk (KB)            :  7500        7500     10998 
	   Memory (MB)          :   322        1024      1024 

	Job terminated of its own accord at 2022-04-06T20:55:23Z with exit-code 0.
...
