000 (453.789.000) 2022-04-05 18:55:39 Job submitted from host: <10.18.24.243:9618?addrs=10.18.24.243-9618&alias=ecoclusts01.bioclust.biologie.ens.fr&noUDP&sock=schedd_1052_29b8>
...
001 (453.789.000) 2022-04-06 17:49:47 Job executing on host: <10.18.24.100:9618?addrs=10.18.24.100-9618&alias=ecoclust05.bioclust.biologie.ens.fr&noUDP&sock=startd_1030_12a3>
...
006 (453.789.000) 2022-04-06 17:49:57 Image size of job updated: 59740
	59  -  MemoryUsage of job (MB)
	59740  -  ResidentSetSize of job (KB)
...
006 (453.789.000) 2022-04-06 17:54:58 Image size of job updated: 845680
	277  -  MemoryUsage of job (MB)
	282764  -  ResidentSetSize of job (KB)
...
006 (453.789.000) 2022-04-06 17:59:59 Image size of job updated: 845680
	317  -  MemoryUsage of job (MB)
	324120  -  ResidentSetSize of job (KB)
...
006 (453.789.000) 2022-04-06 19:45:08 Image size of job updated: 845680
	317  -  MemoryUsage of job (MB)
	324252  -  ResidentSetSize of job (KB)
...
006 (453.789.000) 2022-04-06 19:55:10 Image size of job updated: 845680
	317  -  MemoryUsage of job (MB)
	324384  -  ResidentSetSize of job (KB)
...
006 (453.789.000) 2022-04-06 20:05:11 Image size of job updated: 845680
	317  -  MemoryUsage of job (MB)
	324516  -  ResidentSetSize of job (KB)
...
006 (453.789.000) 2022-04-06 20:15:12 Image size of job updated: 845680
	318  -  MemoryUsage of job (MB)
	324648  -  ResidentSetSize of job (KB)
...
006 (453.789.000) 2022-04-06 20:30:14 Image size of job updated: 845680
	318  -  MemoryUsage of job (MB)
	324780  -  ResidentSetSize of job (KB)
...
006 (453.789.000) 2022-04-06 20:45:15 Image size of job updated: 845680
	318  -  MemoryUsage of job (MB)
	324912  -  ResidentSetSize of job (KB)
...
006 (453.789.000) 2022-04-06 20:55:16 Image size of job updated: 845680
	318  -  MemoryUsage of job (MB)
	325044  -  ResidentSetSize of job (KB)
...
006 (453.789.000) 2022-04-06 21:10:18 Image size of job updated: 845680
	318  -  MemoryUsage of job (MB)
	325176  -  ResidentSetSize of job (KB)
...
006 (453.789.000) 2022-04-06 21:25:20 Image size of job updated: 845680
	318  -  MemoryUsage of job (MB)
	325308  -  ResidentSetSize of job (KB)
...
006 (453.789.000) 2022-04-06 21:40:21 Image size of job updated: 845680
	318  -  MemoryUsage of job (MB)
	325440  -  ResidentSetSize of job (KB)
...
006 (453.789.000) 2022-04-06 21:55:23 Image size of job updated: 845680
	318  -  MemoryUsage of job (MB)
	325572  -  ResidentSetSize of job (KB)
...
006 (453.789.000) 2022-04-06 22:05:25 Image size of job updated: 845680
	319  -  MemoryUsage of job (MB)
	325704  -  ResidentSetSize of job (KB)
...
006 (453.789.000) 2022-04-06 22:15:26 Image size of job updated: 845680
	319  -  MemoryUsage of job (MB)
	325836  -  ResidentSetSize of job (KB)
...
006 (453.789.000) 2022-04-06 22:25:27 Image size of job updated: 845680
	319  -  MemoryUsage of job (MB)
	325968  -  ResidentSetSize of job (KB)
...
006 (453.789.000) 2022-04-06 22:35:29 Image size of job updated: 845680
	319  -  MemoryUsage of job (MB)
	326100  -  ResidentSetSize of job (KB)
...
006 (453.789.000) 2022-04-06 22:45:29 Image size of job updated: 845680
	319  -  MemoryUsage of job (MB)
	326232  -  ResidentSetSize of job (KB)
...
006 (453.789.000) 2022-04-06 22:50:30 Image size of job updated: 845680
	319  -  MemoryUsage of job (MB)
	326364  -  ResidentSetSize of job (KB)
...
006 (453.789.000) 2022-04-06 23:00:30 Image size of job updated: 845680
	319  -  MemoryUsage of job (MB)
	326496  -  ResidentSetSize of job (KB)
...
006 (453.789.000) 2022-04-06 23:05:32 Image size of job updated: 845680
	319  -  MemoryUsage of job (MB)
	326628  -  ResidentSetSize of job (KB)
...
006 (453.789.000) 2022-04-06 23:35:34 Image size of job updated: 845680
	320  -  MemoryUsage of job (MB)
	326740  -  ResidentSetSize of job (KB)
...
006 (453.789.000) 2022-04-06 23:45:35 Image size of job updated: 845680
	320  -  MemoryUsage of job (MB)
	326872  -  ResidentSetSize of job (KB)
...
006 (453.789.000) 2022-04-06 23:55:36 Image size of job updated: 845680
	320  -  MemoryUsage of job (MB)
	327004  -  ResidentSetSize of job (KB)
...
006 (453.789.000) 2022-04-07 00:05:36 Image size of job updated: 845680
	320  -  MemoryUsage of job (MB)
	327136  -  ResidentSetSize of job (KB)
...
006 (453.789.000) 2022-04-07 00:15:37 Image size of job updated: 845680
	320  -  MemoryUsage of job (MB)
	327268  -  ResidentSetSize of job (KB)
...
006 (453.789.000) 2022-04-07 00:30:39 Image size of job updated: 845680
	320  -  MemoryUsage of job (MB)
	327400  -  ResidentSetSize of job (KB)
...
006 (453.789.000) 2022-04-07 00:40:41 Image size of job updated: 845680
	320  -  MemoryUsage of job (MB)
	327532  -  ResidentSetSize of job (KB)
...
006 (453.789.000) 2022-04-07 00:55:42 Image size of job updated: 845680
	320  -  MemoryUsage of job (MB)
	327664  -  ResidentSetSize of job (KB)
...
006 (453.789.000) 2022-04-07 01:05:41 Image size of job updated: 845680
	321  -  MemoryUsage of job (MB)
	327796  -  ResidentSetSize of job (KB)
...
006 (453.789.000) 2022-04-07 01:10:41 Image size of job updated: 845680
	321  -  MemoryUsage of job (MB)
	327928  -  ResidentSetSize of job (KB)
...
006 (453.789.000) 2022-04-07 01:25:43 Image size of job updated: 845680
	321  -  MemoryUsage of job (MB)
	328060  -  ResidentSetSize of job (KB)
...
006 (453.789.000) 2022-04-07 01:30:44 Image size of job updated: 845680
	321  -  MemoryUsage of job (MB)
	328192  -  ResidentSetSize of job (KB)
...
006 (453.789.000) 2022-04-07 01:45:46 Image size of job updated: 845680
	321  -  MemoryUsage of job (MB)
	328324  -  ResidentSetSize of job (KB)
...
006 (453.789.000) 2022-04-07 01:55:48 Image size of job updated: 845680
	321  -  MemoryUsage of job (MB)
	328456  -  ResidentSetSize of job (KB)
...
006 (453.789.000) 2022-04-07 02:05:48 Image size of job updated: 845680
	321  -  MemoryUsage of job (MB)
	328588  -  ResidentSetSize of job (KB)
...
006 (453.789.000) 2022-04-07 02:20:49 Image size of job updated: 845680
	322  -  MemoryUsage of job (MB)
	328720  -  ResidentSetSize of job (KB)
...
006 (453.789.000) 2022-04-07 02:30:51 Image size of job updated: 845680
	322  -  MemoryUsage of job (MB)
	328852  -  ResidentSetSize of job (KB)
...
006 (453.789.000) 2022-04-07 02:40:52 Image size of job updated: 845680
	322  -  MemoryUsage of job (MB)
	328984  -  ResidentSetSize of job (KB)
...
006 (453.789.000) 2022-04-07 02:55:53 Image size of job updated: 845680
	322  -  MemoryUsage of job (MB)
	329116  -  ResidentSetSize of job (KB)
...
006 (453.789.000) 2022-04-07 03:00:54 Image size of job updated: 845680
	322  -  MemoryUsage of job (MB)
	329248  -  ResidentSetSize of job (KB)
...
005 (453.789.000) 2022-04-07 03:02:21 Job terminated.
	(1) Normal termination (return value 0)
		Usr 0 09:08:54, Sys 0 00:01:50  -  Run Remote Usage
		Usr 0 00:00:00, Sys 0 00:00:00  -  Run Local Usage
		Usr 0 09:08:54, Sys 0 00:01:50  -  Total Remote Usage
		Usr 0 00:00:00, Sys 0 00:00:00  -  Total Local Usage
	0  -  Run Bytes Sent By Job
	0  -  Run Bytes Received By Job
	0  -  Total Bytes Sent By Job
	0  -  Total Bytes Received By Job
	Partitionable Resources :    Usage  Request Allocated 
	   Cpus                 :     1.00        1         1 
	   Disk (KB)            :  7500        7500     10998 
	   Memory (MB)          :   322        1024      1024 

	Job terminated of its own accord at 2022-04-07T01:02:21Z with exit-code 0.
...
