000 (453.045.000) 2022-04-05 18:55:36 Job submitted from host: <10.18.24.243:9618?addrs=10.18.24.243-9618&alias=ecoclusts01.bioclust.biologie.ens.fr&noUDP&sock=schedd_1052_29b8>
...
001 (453.045.000) 2022-04-06 04:53:59 Job executing on host: <10.18.24.136:9618?addrs=10.18.24.136-9618&alias=dyoclust09.bioclust.biologie.ens.fr&noUDP&sock=startd_808_cc9c>
...
006 (453.045.000) 2022-04-06 04:54:08 Image size of job updated: 237536
	232  -  MemoryUsage of job (MB)
	237536  -  ResidentSetSize of job (KB)
...
006 (453.045.000) 2022-04-06 04:59:08 Image size of job updated: 741880
	317  -  MemoryUsage of job (MB)
	324392  -  ResidentSetSize of job (KB)
...
006 (453.045.000) 2022-04-06 05:04:09 Image size of job updated: 774648
	317  -  MemoryUsage of job (MB)
	324392  -  ResidentSetSize of job (KB)
...
006 (453.045.000) 2022-04-06 05:39:12 Image size of job updated: 774904
	317  -  MemoryUsage of job (MB)
	324524  -  ResidentSetSize of job (KB)
...
006 (453.045.000) 2022-04-06 05:44:13 Image size of job updated: 775160
	318  -  MemoryUsage of job (MB)
	324788  -  ResidentSetSize of job (KB)
...
006 (453.045.000) 2022-04-06 05:49:13 Image size of job updated: 775416
	318  -  MemoryUsage of job (MB)
	324920  -  ResidentSetSize of job (KB)
...
006 (453.045.000) 2022-04-06 05:54:14 Image size of job updated: 775672
	318  -  MemoryUsage of job (MB)
	325184  -  ResidentSetSize of job (KB)
...
006 (453.045.000) 2022-04-06 05:59:15 Image size of job updated: 775928
	318  -  MemoryUsage of job (MB)
	325448  -  ResidentSetSize of job (KB)
...
006 (453.045.000) 2022-04-06 06:04:15 Image size of job updated: 776184
	319  -  MemoryUsage of job (MB)
	325712  -  ResidentSetSize of job (KB)
...
006 (453.045.000) 2022-04-06 06:09:15 Image size of job updated: 776440
	319  -  MemoryUsage of job (MB)
	325976  -  ResidentSetSize of job (KB)
...
006 (453.045.000) 2022-04-06 06:14:16 Image size of job updated: 776696
	319  -  MemoryUsage of job (MB)
	326240  -  ResidentSetSize of job (KB)
...
006 (453.045.000) 2022-04-06 06:19:17 Image size of job updated: 776952
	319  -  MemoryUsage of job (MB)
	326372  -  ResidentSetSize of job (KB)
...
006 (453.045.000) 2022-04-06 06:24:17 Image size of job updated: 776952
	319  -  MemoryUsage of job (MB)
	326460  -  ResidentSetSize of job (KB)
...
006 (453.045.000) 2022-04-06 06:29:18 Image size of job updated: 777208
	320  -  MemoryUsage of job (MB)
	326724  -  ResidentSetSize of job (KB)
...
006 (453.045.000) 2022-04-06 06:34:19 Image size of job updated: 777208
	320  -  MemoryUsage of job (MB)
	326988  -  ResidentSetSize of job (KB)
...
006 (453.045.000) 2022-04-06 06:39:19 Image size of job updated: 777464
	320  -  MemoryUsage of job (MB)
	327120  -  ResidentSetSize of job (KB)
...
006 (453.045.000) 2022-04-06 06:44:19 Image size of job updated: 777720
	320  -  MemoryUsage of job (MB)
	327384  -  ResidentSetSize of job (KB)
...
006 (453.045.000) 2022-04-06 06:49:20 Image size of job updated: 777976
	320  -  MemoryUsage of job (MB)
	327648  -  ResidentSetSize of job (KB)
...
006 (453.045.000) 2022-04-06 06:54:20 Image size of job updated: 778232
	321  -  MemoryUsage of job (MB)
	327780  -  ResidentSetSize of job (KB)
...
006 (453.045.000) 2022-04-06 06:59:20 Image size of job updated: 778488
	321  -  MemoryUsage of job (MB)
	328044  -  ResidentSetSize of job (KB)
...
006 (453.045.000) 2022-04-06 07:04:21 Image size of job updated: 778744
	321  -  MemoryUsage of job (MB)
	328308  -  ResidentSetSize of job (KB)
...
006 (453.045.000) 2022-04-06 07:09:22 Image size of job updated: 779000
	321  -  MemoryUsage of job (MB)
	328440  -  ResidentSetSize of job (KB)
...
006 (453.045.000) 2022-04-06 07:14:22 Image size of job updated: 779256
	321  -  MemoryUsage of job (MB)
	328704  -  ResidentSetSize of job (KB)
...
006 (453.045.000) 2022-04-06 07:19:23 Image size of job updated: 779512
	322  -  MemoryUsage of job (MB)
	328968  -  ResidentSetSize of job (KB)
...
006 (453.045.000) 2022-04-06 07:24:24 Image size of job updated: 779512
	322  -  MemoryUsage of job (MB)
	329232  -  ResidentSetSize of job (KB)
...
005 (453.045.000) 2022-04-06 07:24:32 Job terminated.
	(1) Normal termination (return value 0)
		Usr 0 02:29:40, Sys 0 00:00:24  -  Run Remote Usage
		Usr 0 00:00:00, Sys 0 00:00:00  -  Run Local Usage
		Usr 0 02:29:40, Sys 0 00:00:24  -  Total Remote Usage
		Usr 0 00:00:00, Sys 0 00:00:00  -  Total Local Usage
	0  -  Run Bytes Sent By Job
	0  -  Run Bytes Received By Job
	0  -  Total Bytes Sent By Job
	0  -  Total Bytes Received By Job
	Partitionable Resources :    Usage  Request Allocated 
	   Cpus                 :     1.00        1         1 
	   Disk (KB)            :  7500        7500     10998 
	   Memory (MB)          :   322        1024      1024 

	Job terminated of its own accord at 2022-04-06T05:24:32Z with exit-code 0.
...
