000 (453.269.000) 2022-04-05 18:55:37 Job submitted from host: <10.18.24.243:9618?addrs=10.18.24.243-9618&alias=ecoclusts01.bioclust.biologie.ens.fr&noUDP&sock=schedd_1052_29b8>
...
001 (453.269.000) 2022-04-06 08:07:06 Job executing on host: <10.18.24.135:9618?addrs=10.18.24.135-9618&alias=dyoclust08.bioclust.biologie.ens.fr&noUDP&sock=startd_793_82b1>
...
006 (453.269.000) 2022-04-06 08:07:15 Image size of job updated: 125396
	123  -  MemoryUsage of job (MB)
	125396  -  ResidentSetSize of job (KB)
...
006 (453.269.000) 2022-04-06 08:12:15 Image size of job updated: 741880
	317  -  MemoryUsage of job (MB)
	324312  -  ResidentSetSize of job (KB)
...
005 (453.269.000) 2022-04-06 08:14:11 Job terminated.
	(1) Normal termination (return value 0)
		Usr 0 00:06:37, Sys 0 00:00:23  -  Run Remote Usage
		Usr 0 00:00:00, Sys 0 00:00:00  -  Run Local Usage
		Usr 0 00:06:37, Sys 0 00:00:23  -  Total Remote Usage
		Usr 0 00:00:00, Sys 0 00:00:00  -  Total Local Usage
	0  -  Run Bytes Sent By Job
	0  -  Run Bytes Received By Job
	0  -  Total Bytes Sent By Job
	0  -  Total Bytes Received By Job
	Partitionable Resources :    Usage  Request Allocated 
	   Cpus                 :     1.00        1         1 
	   Disk (KB)            :  7500        7500     10998 
	   Memory (MB)          :   317        1024      1024 

	Job terminated of its own accord at 2022-04-06T06:14:11Z with exit-code 0.
...
