000 (453.541.000) 2022-04-05 18:55:39 Job submitted from host: <10.18.24.243:9618?addrs=10.18.24.243-9618&alias=ecoclusts01.bioclust.biologie.ens.fr&noUDP&sock=schedd_1052_29b8>
...
001 (453.541.000) 2022-04-06 12:17:09 Job executing on host: <10.18.24.8:9618?addrs=10.18.24.8-9618&alias=bioclust08.bioclust.biologie.ens.fr&noUDP&sock=startd_1108_9306>
...
006 (453.541.000) 2022-04-06 12:17:18 Image size of job updated: 428060
	419  -  MemoryUsage of job (MB)
	428060  -  ResidentSetSize of job (KB)
...
006 (453.541.000) 2022-04-06 12:22:20 Image size of job updated: 741620
	419  -  MemoryUsage of job (MB)
	428060  -  ResidentSetSize of job (KB)
...
006 (453.541.000) 2022-04-06 12:27:20 Image size of job updated: 774388
	419  -  MemoryUsage of job (MB)
	428060  -  ResidentSetSize of job (KB)
...
006 (453.541.000) 2022-04-06 14:12:31 Image size of job updated: 774644
	419  -  MemoryUsage of job (MB)
	428060  -  ResidentSetSize of job (KB)
...
006 (453.541.000) 2022-04-06 15:27:39 Image size of job updated: 774900
	419  -  MemoryUsage of job (MB)
	428060  -  ResidentSetSize of job (KB)
...
006 (453.541.000) 2022-04-06 17:02:49 Image size of job updated: 775156
	419  -  MemoryUsage of job (MB)
	428060  -  ResidentSetSize of job (KB)
...
006 (453.541.000) 2022-04-06 18:52:58 Image size of job updated: 775412
	419  -  MemoryUsage of job (MB)
	428060  -  ResidentSetSize of job (KB)
...
006 (453.541.000) 2022-04-06 20:28:09 Image size of job updated: 775668
	419  -  MemoryUsage of job (MB)
	428060  -  ResidentSetSize of job (KB)
...
006 (453.541.000) 2022-04-06 22:03:20 Image size of job updated: 775924
	419  -  MemoryUsage of job (MB)
	428060  -  ResidentSetSize of job (KB)
...
006 (453.541.000) 2022-04-06 23:38:29 Image size of job updated: 776180
	419  -  MemoryUsage of job (MB)
	428060  -  ResidentSetSize of job (KB)
...
006 (453.541.000) 2022-04-07 01:13:38 Image size of job updated: 776436
	419  -  MemoryUsage of job (MB)
	428060  -  ResidentSetSize of job (KB)
...
006 (453.541.000) 2022-04-07 02:58:51 Image size of job updated: 776692
	419  -  MemoryUsage of job (MB)
	428060  -  ResidentSetSize of job (KB)
...
006 (453.541.000) 2022-04-07 04:29:00 Image size of job updated: 776948
	419  -  MemoryUsage of job (MB)
	428060  -  ResidentSetSize of job (KB)
...
006 (453.541.000) 2022-04-07 08:04:24 Image size of job updated: 777204
	419  -  MemoryUsage of job (MB)
	428060  -  ResidentSetSize of job (KB)
...
006 (453.541.000) 2022-04-07 10:04:38 Image size of job updated: 777460
	419  -  MemoryUsage of job (MB)
	428060  -  ResidentSetSize of job (KB)
...
006 (453.541.000) 2022-04-07 11:49:51 Image size of job updated: 777716
	419  -  MemoryUsage of job (MB)
	428060  -  ResidentSetSize of job (KB)
...
006 (453.541.000) 2022-04-07 13:35:01 Image size of job updated: 777972
	419  -  MemoryUsage of job (MB)
	428060  -  ResidentSetSize of job (KB)
...
006 (453.541.000) 2022-04-07 15:20:13 Image size of job updated: 778228
	419  -  MemoryUsage of job (MB)
	428060  -  ResidentSetSize of job (KB)
...
006 (453.541.000) 2022-04-07 16:55:23 Image size of job updated: 778484
	419  -  MemoryUsage of job (MB)
	428060  -  ResidentSetSize of job (KB)
...
006 (453.541.000) 2022-04-07 18:45:36 Image size of job updated: 778740
	419  -  MemoryUsage of job (MB)
	428060  -  ResidentSetSize of job (KB)
...
006 (453.541.000) 2022-04-07 20:45:48 Image size of job updated: 778996
	419  -  MemoryUsage of job (MB)
	428060  -  ResidentSetSize of job (KB)
...
006 (453.541.000) 2022-04-07 22:25:59 Image size of job updated: 779252
	419  -  MemoryUsage of job (MB)
	428060  -  ResidentSetSize of job (KB)
...
006 (453.541.000) 2022-04-08 00:01:09 Image size of job updated: 779508
	419  -  MemoryUsage of job (MB)
	428060  -  ResidentSetSize of job (KB)
...
006 (453.541.000) 2022-04-08 02:01:20 Image size of job updated: 779764
	419  -  MemoryUsage of job (MB)
	428060  -  ResidentSetSize of job (KB)
...
005 (453.541.000) 2022-04-08 02:12:30 Job terminated.
	(1) Normal termination (return value 0)
		Usr 1 13:50:10, Sys 0 00:03:07  -  Run Remote Usage
		Usr 0 00:00:00, Sys 0 00:00:00  -  Run Local Usage
		Usr 1 13:50:10, Sys 0 00:03:07  -  Total Remote Usage
		Usr 0 00:00:00, Sys 0 00:00:00  -  Total Local Usage
	0  -  Run Bytes Sent By Job
	0  -  Run Bytes Received By Job
	0  -  Total Bytes Sent By Job
	0  -  Total Bytes Received By Job
	Partitionable Resources :    Usage  Request Allocated 
	   Cpus                 :     1.00        1         1 
	   Disk (KB)            :  7500        7500     10998 
	   Memory (MB)          :   419        1024      1024 

	Job terminated of its own accord at 2022-04-08T00:12:30Z with exit-code 0.
...
