000 (453.791.000) 2022-04-05 18:55:40 Job submitted from host: <10.18.24.243:9618?addrs=10.18.24.243-9618&alias=ecoclusts01.bioclust.biologie.ens.fr&noUDP&sock=schedd_1052_29b8>
...
001 (453.791.000) 2022-04-06 17:52:47 Job executing on host: <10.18.24.100:9618?addrs=10.18.24.100-9618&alias=ecoclust05.bioclust.biologie.ens.fr&noUDP&sock=startd_1030_12a3>
...
006 (453.791.000) 2022-04-06 17:52:56 Image size of job updated: 50500
	50  -  MemoryUsage of job (MB)
	50500  -  ResidentSetSize of job (KB)
...
006 (453.791.000) 2022-04-06 17:57:56 Image size of job updated: 896308
	317  -  MemoryUsage of job (MB)
	324084  -  ResidentSetSize of job (KB)
...
006 (453.791.000) 2022-04-06 18:22:59 Image size of job updated: 896308
	317  -  MemoryUsage of job (MB)
	324172  -  ResidentSetSize of job (KB)
...
006 (453.791.000) 2022-04-06 20:13:11 Image size of job updated: 896308
	317  -  MemoryUsage of job (MB)
	324304  -  ResidentSetSize of job (KB)
...
006 (453.791.000) 2022-04-06 20:18:12 Image size of job updated: 896308
	317  -  MemoryUsage of job (MB)
	324436  -  ResidentSetSize of job (KB)
...
006 (453.791.000) 2022-04-06 20:33:14 Image size of job updated: 896308
	317  -  MemoryUsage of job (MB)
	324568  -  ResidentSetSize of job (KB)
...
006 (453.791.000) 2022-04-06 20:38:14 Image size of job updated: 896308
	318  -  MemoryUsage of job (MB)
	324700  -  ResidentSetSize of job (KB)
...
006 (453.791.000) 2022-04-06 20:53:15 Image size of job updated: 896308
	318  -  MemoryUsage of job (MB)
	324832  -  ResidentSetSize of job (KB)
...
006 (453.791.000) 2022-04-06 21:03:16 Image size of job updated: 896308
	318  -  MemoryUsage of job (MB)
	324964  -  ResidentSetSize of job (KB)
...
006 (453.791.000) 2022-04-06 21:13:17 Image size of job updated: 896308
	318  -  MemoryUsage of job (MB)
	325096  -  ResidentSetSize of job (KB)
...
006 (453.791.000) 2022-04-06 21:23:19 Image size of job updated: 896308
	318  -  MemoryUsage of job (MB)
	325228  -  ResidentSetSize of job (KB)
...
006 (453.791.000) 2022-04-06 21:33:19 Image size of job updated: 896308
	318  -  MemoryUsage of job (MB)
	325360  -  ResidentSetSize of job (KB)
...
006 (453.791.000) 2022-04-06 21:43:21 Image size of job updated: 896308
	318  -  MemoryUsage of job (MB)
	325492  -  ResidentSetSize of job (KB)
...
006 (453.791.000) 2022-04-06 21:48:21 Image size of job updated: 896308
	318  -  MemoryUsage of job (MB)
	325624  -  ResidentSetSize of job (KB)
...
006 (453.791.000) 2022-04-06 22:03:22 Image size of job updated: 896308
	319  -  MemoryUsage of job (MB)
	325756  -  ResidentSetSize of job (KB)
...
006 (453.791.000) 2022-04-06 22:13:24 Image size of job updated: 896308
	319  -  MemoryUsage of job (MB)
	325888  -  ResidentSetSize of job (KB)
...
006 (453.791.000) 2022-04-06 22:23:25 Image size of job updated: 896308
	319  -  MemoryUsage of job (MB)
	326020  -  ResidentSetSize of job (KB)
...
006 (453.791.000) 2022-04-06 22:33:26 Image size of job updated: 896308
	319  -  MemoryUsage of job (MB)
	326152  -  ResidentSetSize of job (KB)
...
006 (453.791.000) 2022-04-06 22:38:26 Image size of job updated: 896308
	319  -  MemoryUsage of job (MB)
	326284  -  ResidentSetSize of job (KB)
...
006 (453.791.000) 2022-04-06 22:48:27 Image size of job updated: 896308
	319  -  MemoryUsage of job (MB)
	326416  -  ResidentSetSize of job (KB)
...
006 (453.791.000) 2022-04-06 22:58:29 Image size of job updated: 896308
	319  -  MemoryUsage of job (MB)
	326548  -  ResidentSetSize of job (KB)
...
006 (453.791.000) 2022-04-06 23:28:32 Image size of job updated: 896308
	320  -  MemoryUsage of job (MB)
	326680  -  ResidentSetSize of job (KB)
...
006 (453.791.000) 2022-04-06 23:38:33 Image size of job updated: 896308
	320  -  MemoryUsage of job (MB)
	326812  -  ResidentSetSize of job (KB)
...
006 (453.791.000) 2022-04-06 23:48:34 Image size of job updated: 896308
	320  -  MemoryUsage of job (MB)
	326944  -  ResidentSetSize of job (KB)
...
006 (453.791.000) 2022-04-07 00:03:36 Image size of job updated: 896308
	320  -  MemoryUsage of job (MB)
	327076  -  ResidentSetSize of job (KB)
...
006 (453.791.000) 2022-04-07 00:13:36 Image size of job updated: 896308
	320  -  MemoryUsage of job (MB)
	327208  -  ResidentSetSize of job (KB)
...
006 (453.791.000) 2022-04-07 00:23:38 Image size of job updated: 896308
	320  -  MemoryUsage of job (MB)
	327340  -  ResidentSetSize of job (KB)
...
006 (453.791.000) 2022-04-07 00:38:40 Image size of job updated: 896308
	320  -  MemoryUsage of job (MB)
	327472  -  ResidentSetSize of job (KB)
...
006 (453.791.000) 2022-04-07 00:43:41 Image size of job updated: 896308
	320  -  MemoryUsage of job (MB)
	327604  -  ResidentSetSize of job (KB)
...
006 (453.791.000) 2022-04-07 00:53:41 Image size of job updated: 896308
	321  -  MemoryUsage of job (MB)
	327736  -  ResidentSetSize of job (KB)
...
006 (453.791.000) 2022-04-07 01:03:40 Image size of job updated: 896308
	321  -  MemoryUsage of job (MB)
	327868  -  ResidentSetSize of job (KB)
...
006 (453.791.000) 2022-04-07 01:08:41 Image size of job updated: 896308
	321  -  MemoryUsage of job (MB)
	328000  -  ResidentSetSize of job (KB)
...
006 (453.791.000) 2022-04-07 01:18:42 Image size of job updated: 896308
	321  -  MemoryUsage of job (MB)
	328132  -  ResidentSetSize of job (KB)
...
006 (453.791.000) 2022-04-07 01:28:45 Image size of job updated: 896308
	321  -  MemoryUsage of job (MB)
	328264  -  ResidentSetSize of job (KB)
...
006 (453.791.000) 2022-04-07 01:38:45 Image size of job updated: 896308
	321  -  MemoryUsage of job (MB)
	328396  -  ResidentSetSize of job (KB)
...
006 (453.791.000) 2022-04-07 01:43:46 Image size of job updated: 896308
	321  -  MemoryUsage of job (MB)
	328528  -  ResidentSetSize of job (KB)
...
006 (453.791.000) 2022-04-07 01:53:47 Image size of job updated: 896308
	321  -  MemoryUsage of job (MB)
	328660  -  ResidentSetSize of job (KB)
...
006 (453.791.000) 2022-04-07 02:03:49 Image size of job updated: 896308
	322  -  MemoryUsage of job (MB)
	328792  -  ResidentSetSize of job (KB)
...
006 (453.791.000) 2022-04-07 02:13:49 Image size of job updated: 896308
	322  -  MemoryUsage of job (MB)
	328924  -  ResidentSetSize of job (KB)
...
006 (453.791.000) 2022-04-07 02:23:50 Image size of job updated: 896308
	322  -  MemoryUsage of job (MB)
	329056  -  ResidentSetSize of job (KB)
...
006 (453.791.000) 2022-04-07 02:33:51 Image size of job updated: 896308
	322  -  MemoryUsage of job (MB)
	329188  -  ResidentSetSize of job (KB)
...
005 (453.791.000) 2022-04-07 02:39:30 Job terminated.
	(1) Normal termination (return value 0)
		Usr 0 08:43:52, Sys 0 00:01:24  -  Run Remote Usage
		Usr 0 00:00:00, Sys 0 00:00:00  -  Run Local Usage
		Usr 0 08:43:52, Sys 0 00:01:24  -  Total Remote Usage
		Usr 0 00:00:00, Sys 0 00:00:00  -  Total Local Usage
	0  -  Run Bytes Sent By Job
	0  -  Run Bytes Received By Job
	0  -  Total Bytes Sent By Job
	0  -  Total Bytes Received By Job
	Partitionable Resources :    Usage  Request Allocated 
	   Cpus                 :     1.00        1         1 
	   Disk (KB)            :  7500        7500     10998 
	   Memory (MB)          :   322        1024      1024 

	Job terminated of its own accord at 2022-04-07T00:39:30Z with exit-code 0.
...
