000 (453.581.000) 2022-04-05 18:55:39 Job submitted from host: <10.18.24.243:9618?addrs=10.18.24.243-9618&alias=ecoclusts01.bioclust.biologie.ens.fr&noUDP&sock=schedd_1052_29b8>
...
001 (453.581.000) 2022-04-06 13:04:58 Job executing on host: <10.18.24.133:9618?addrs=10.18.24.133-9618&alias=dyoclust06.bioclust.biologie.ens.fr&noUDP&sock=startd_804_0e3b>
...
006 (453.581.000) 2022-04-06 13:05:07 Image size of job updated: 119596
	84  -  MemoryUsage of job (MB)
	85504  -  ResidentSetSize of job (KB)
...
006 (453.581.000) 2022-04-06 13:10:08 Image size of job updated: 775476
	317  -  MemoryUsage of job (MB)
	324332  -  ResidentSetSize of job (KB)
...
006 (453.581.000) 2022-04-06 14:40:16 Image size of job updated: 775476
	317  -  MemoryUsage of job (MB)
	324464  -  ResidentSetSize of job (KB)
...
006 (453.581.000) 2022-04-06 14:45:16 Image size of job updated: 775476
	317  -  MemoryUsage of job (MB)
	324596  -  ResidentSetSize of job (KB)
...
006 (453.581.000) 2022-04-06 14:50:16 Image size of job updated: 775476
	318  -  MemoryUsage of job (MB)
	324728  -  ResidentSetSize of job (KB)
...
006 (453.581.000) 2022-04-06 14:55:17 Image size of job updated: 775476
	318  -  MemoryUsage of job (MB)
	324860  -  ResidentSetSize of job (KB)
...
006 (453.581.000) 2022-04-06 15:05:17 Image size of job updated: 775476
	318  -  MemoryUsage of job (MB)
	324992  -  ResidentSetSize of job (KB)
...
006 (453.581.000) 2022-04-06 15:10:18 Image size of job updated: 775476
	318  -  MemoryUsage of job (MB)
	325124  -  ResidentSetSize of job (KB)
...
006 (453.581.000) 2022-04-06 15:15:19 Image size of job updated: 775672
	318  -  MemoryUsage of job (MB)
	325124  -  ResidentSetSize of job (KB)
...
006 (453.581.000) 2022-04-06 15:20:19 Image size of job updated: 775672
	318  -  MemoryUsage of job (MB)
	325256  -  ResidentSetSize of job (KB)
...
006 (453.581.000) 2022-04-06 15:25:19 Image size of job updated: 775672
	318  -  MemoryUsage of job (MB)
	325388  -  ResidentSetSize of job (KB)
...
006 (453.581.000) 2022-04-06 15:30:20 Image size of job updated: 775928
	318  -  MemoryUsage of job (MB)
	325388  -  ResidentSetSize of job (KB)
...
006 (453.581.000) 2022-04-06 15:35:20 Image size of job updated: 775928
	318  -  MemoryUsage of job (MB)
	325520  -  ResidentSetSize of job (KB)
...
006 (453.581.000) 2022-04-06 15:40:20 Image size of job updated: 776184
	319  -  MemoryUsage of job (MB)
	325652  -  ResidentSetSize of job (KB)
...
006 (453.581.000) 2022-04-06 15:45:21 Image size of job updated: 776184
	319  -  MemoryUsage of job (MB)
	325784  -  ResidentSetSize of job (KB)
...
006 (453.581.000) 2022-04-06 15:55:22 Image size of job updated: 776440
	319  -  MemoryUsage of job (MB)
	326048  -  ResidentSetSize of job (KB)
...
006 (453.581.000) 2022-04-06 16:05:24 Image size of job updated: 776440
	319  -  MemoryUsage of job (MB)
	326180  -  ResidentSetSize of job (KB)
...
006 (453.581.000) 2022-04-06 16:10:24 Image size of job updated: 776696
	319  -  MemoryUsage of job (MB)
	326180  -  ResidentSetSize of job (KB)
...
006 (453.581.000) 2022-04-06 16:15:24 Image size of job updated: 776696
	319  -  MemoryUsage of job (MB)
	326312  -  ResidentSetSize of job (KB)
...
006 (453.581.000) 2022-04-06 16:25:26 Image size of job updated: 776952
	319  -  MemoryUsage of job (MB)
	326444  -  ResidentSetSize of job (KB)
...
006 (453.581.000) 2022-04-06 16:35:27 Image size of job updated: 776952
	319  -  MemoryUsage of job (MB)
	326576  -  ResidentSetSize of job (KB)
...
006 (453.581.000) 2022-04-06 17:05:29 Image size of job updated: 777208
	320  -  MemoryUsage of job (MB)
	326708  -  ResidentSetSize of job (KB)
...
006 (453.581.000) 2022-04-06 17:10:30 Image size of job updated: 777208
	320  -  MemoryUsage of job (MB)
	326840  -  ResidentSetSize of job (KB)
...
006 (453.581.000) 2022-04-06 17:20:31 Image size of job updated: 777464
	320  -  MemoryUsage of job (MB)
	326972  -  ResidentSetSize of job (KB)
...
006 (453.581.000) 2022-04-06 17:25:32 Image size of job updated: 777464
	320  -  MemoryUsage of job (MB)
	327104  -  ResidentSetSize of job (KB)
...
006 (453.581.000) 2022-04-06 17:35:33 Image size of job updated: 777720
	320  -  MemoryUsage of job (MB)
	327236  -  ResidentSetSize of job (KB)
...
006 (453.581.000) 2022-04-06 17:40:33 Image size of job updated: 777720
	320  -  MemoryUsage of job (MB)
	327368  -  ResidentSetSize of job (KB)
...
006 (453.581.000) 2022-04-06 17:50:35 Image size of job updated: 777976
	320  -  MemoryUsage of job (MB)
	327500  -  ResidentSetSize of job (KB)
...
006 (453.581.000) 2022-04-06 17:55:35 Image size of job updated: 777976
	320  -  MemoryUsage of job (MB)
	327632  -  ResidentSetSize of job (KB)
...
006 (453.581.000) 2022-04-06 18:05:37 Image size of job updated: 778232
	321  -  MemoryUsage of job (MB)
	327764  -  ResidentSetSize of job (KB)
...
006 (453.581.000) 2022-04-06 18:10:37 Image size of job updated: 778232
	321  -  MemoryUsage of job (MB)
	327896  -  ResidentSetSize of job (KB)
...
006 (453.581.000) 2022-04-06 18:15:37 Image size of job updated: 778488
	321  -  MemoryUsage of job (MB)
	328028  -  ResidentSetSize of job (KB)
...
006 (453.581.000) 2022-04-06 18:20:39 Image size of job updated: 778488
	321  -  MemoryUsage of job (MB)
	328160  -  ResidentSetSize of job (KB)
...
006 (453.581.000) 2022-04-06 18:30:39 Image size of job updated: 778744
	321  -  MemoryUsage of job (MB)
	328292  -  ResidentSetSize of job (KB)
...
006 (453.581.000) 2022-04-06 18:35:40 Image size of job updated: 778744
	321  -  MemoryUsage of job (MB)
	328424  -  ResidentSetSize of job (KB)
...
006 (453.581.000) 2022-04-06 18:45:41 Image size of job updated: 779000
	321  -  MemoryUsage of job (MB)
	328556  -  ResidentSetSize of job (KB)
...
006 (453.581.000) 2022-04-06 18:50:42 Image size of job updated: 779000
	321  -  MemoryUsage of job (MB)
	328688  -  ResidentSetSize of job (KB)
...
006 (453.581.000) 2022-04-06 18:55:43 Image size of job updated: 779256
	322  -  MemoryUsage of job (MB)
	328820  -  ResidentSetSize of job (KB)
...
006 (453.581.000) 2022-04-06 19:00:43 Image size of job updated: 779256
	322  -  MemoryUsage of job (MB)
	328952  -  ResidentSetSize of job (KB)
...
006 (453.581.000) 2022-04-06 19:05:43 Image size of job updated: 779512
	322  -  MemoryUsage of job (MB)
	329084  -  ResidentSetSize of job (KB)
...
006 (453.581.000) 2022-04-06 19:15:45 Image size of job updated: 779512
	322  -  MemoryUsage of job (MB)
	329216  -  ResidentSetSize of job (KB)
...
006 (453.581.000) 2022-04-06 19:18:58 Image size of job updated: 779768
	322  -  MemoryUsage of job (MB)
	329216  -  ResidentSetSize of job (KB)
...
005 (453.581.000) 2022-04-06 19:18:58 Job terminated.
	(1) Normal termination (return value 0)
		Usr 0 06:11:27, Sys 0 00:00:29  -  Run Remote Usage
		Usr 0 00:00:00, Sys 0 00:00:00  -  Run Local Usage
		Usr 0 06:11:27, Sys 0 00:00:29  -  Total Remote Usage
		Usr 0 00:00:00, Sys 0 00:00:00  -  Total Local Usage
	0  -  Run Bytes Sent By Job
	0  -  Run Bytes Received By Job
	0  -  Total Bytes Sent By Job
	0  -  Total Bytes Received By Job
	Partitionable Resources :    Usage  Request Allocated 
	   Cpus                 :     1.00        1         1 
	   Disk (KB)            :  7500        7500     10015 
	   Memory (MB)          :   322        1024      1024 

	Job terminated of its own accord at 2022-04-06T17:18:58Z with exit-code 0.
...
