000 (453.528.000) 2022-04-05 18:55:38 Job submitted from host: <10.18.24.243:9618?addrs=10.18.24.243-9618&alias=ecoclusts01.bioclust.biologie.ens.fr&noUDP&sock=schedd_1052_29b8>
...
001 (453.528.000) 2022-04-06 12:06:27 Job executing on host: <10.18.24.131:9618?addrs=10.18.24.131-9618&alias=dyoclust04.bioclust.biologie.ens.fr&noUDP&sock=startd_807_1d04>
...
006 (453.528.000) 2022-04-06 12:06:36 Image size of job updated: 83104
	82  -  MemoryUsage of job (MB)
	83104  -  ResidentSetSize of job (KB)
...
006 (453.528.000) 2022-04-06 12:11:36 Image size of job updated: 741880
	317  -  MemoryUsage of job (MB)
	324324  -  ResidentSetSize of job (KB)
...
006 (453.528.000) 2022-04-06 12:16:36 Image size of job updated: 774648
	317  -  MemoryUsage of job (MB)
	324412  -  ResidentSetSize of job (KB)
...
006 (453.528.000) 2022-04-06 13:01:40 Image size of job updated: 774904
	317  -  MemoryUsage of job (MB)
	324412  -  ResidentSetSize of job (KB)
...
006 (453.528.000) 2022-04-06 13:06:40 Image size of job updated: 774904
	317  -  MemoryUsage of job (MB)
	324544  -  ResidentSetSize of job (KB)
...
006 (453.528.000) 2022-04-06 13:16:42 Image size of job updated: 775160
	318  -  MemoryUsage of job (MB)
	324676  -  ResidentSetSize of job (KB)
...
006 (453.528.000) 2022-04-06 13:21:42 Image size of job updated: 775160
	318  -  MemoryUsage of job (MB)
	324808  -  ResidentSetSize of job (KB)
...
006 (453.528.000) 2022-04-06 13:31:44 Image size of job updated: 775416
	318  -  MemoryUsage of job (MB)
	324940  -  ResidentSetSize of job (KB)
...
006 (453.528.000) 2022-04-06 13:36:44 Image size of job updated: 775416
	318  -  MemoryUsage of job (MB)
	325072  -  ResidentSetSize of job (KB)
...
006 (453.528.000) 2022-04-06 13:41:44 Image size of job updated: 775672
	318  -  MemoryUsage of job (MB)
	325204  -  ResidentSetSize of job (KB)
...
006 (453.528.000) 2022-04-06 13:46:45 Image size of job updated: 775672
	318  -  MemoryUsage of job (MB)
	325336  -  ResidentSetSize of job (KB)
...
006 (453.528.000) 2022-04-06 13:56:46 Image size of job updated: 775928
	318  -  MemoryUsage of job (MB)
	325468  -  ResidentSetSize of job (KB)
...
006 (453.528.000) 2022-04-06 14:06:48 Image size of job updated: 775928
	318  -  MemoryUsage of job (MB)
	325600  -  ResidentSetSize of job (KB)
...
006 (453.528.000) 2022-04-06 14:11:48 Image size of job updated: 776184
	319  -  MemoryUsage of job (MB)
	325732  -  ResidentSetSize of job (KB)
...
006 (453.528.000) 2022-04-06 14:21:49 Image size of job updated: 776184
	319  -  MemoryUsage of job (MB)
	325864  -  ResidentSetSize of job (KB)
...
006 (453.528.000) 2022-04-06 14:26:50 Image size of job updated: 776440
	319  -  MemoryUsage of job (MB)
	325996  -  ResidentSetSize of job (KB)
...
006 (453.528.000) 2022-04-06 14:36:51 Image size of job updated: 776440
	319  -  MemoryUsage of job (MB)
	326128  -  ResidentSetSize of job (KB)
...
006 (453.528.000) 2022-04-06 14:41:52 Image size of job updated: 776696
	319  -  MemoryUsage of job (MB)
	326260  -  ResidentSetSize of job (KB)
...
006 (453.528.000) 2022-04-06 14:46:52 Image size of job updated: 776696
	319  -  MemoryUsage of job (MB)
	326392  -  ResidentSetSize of job (KB)
...
006 (453.528.000) 2022-04-06 14:51:52 Image size of job updated: 776952
	319  -  MemoryUsage of job (MB)
	326392  -  ResidentSetSize of job (KB)
...
006 (453.528.000) 2022-04-06 14:56:53 Image size of job updated: 776952
	319  -  MemoryUsage of job (MB)
	326524  -  ResidentSetSize of job (KB)
...
006 (453.528.000) 2022-04-06 15:01:54 Image size of job updated: 776952
	319  -  MemoryUsage of job (MB)
	326656  -  ResidentSetSize of job (KB)
...
006 (453.528.000) 2022-04-06 15:31:57 Image size of job updated: 777208
	320  -  MemoryUsage of job (MB)
	326724  -  ResidentSetSize of job (KB)
...
006 (453.528.000) 2022-04-06 15:36:58 Image size of job updated: 777208
	320  -  MemoryUsage of job (MB)
	326856  -  ResidentSetSize of job (KB)
...
006 (453.528.000) 2022-04-06 15:46:59 Image size of job updated: 777464
	320  -  MemoryUsage of job (MB)
	326988  -  ResidentSetSize of job (KB)
...
006 (453.528.000) 2022-04-06 15:57:00 Image size of job updated: 777464
	320  -  MemoryUsage of job (MB)
	327120  -  ResidentSetSize of job (KB)
...
006 (453.528.000) 2022-04-06 16:07:01 Image size of job updated: 777720
	320  -  MemoryUsage of job (MB)
	327252  -  ResidentSetSize of job (KB)
...
006 (453.528.000) 2022-04-06 16:17:01 Image size of job updated: 777720
	320  -  MemoryUsage of job (MB)
	327384  -  ResidentSetSize of job (KB)
...
006 (453.528.000) 2022-04-06 16:22:02 Image size of job updated: 777976
	320  -  MemoryUsage of job (MB)
	327516  -  ResidentSetSize of job (KB)
...
006 (453.528.000) 2022-04-06 16:32:03 Image size of job updated: 777976
	320  -  MemoryUsage of job (MB)
	327648  -  ResidentSetSize of job (KB)
...
006 (453.528.000) 2022-04-06 16:42:04 Image size of job updated: 778232
	321  -  MemoryUsage of job (MB)
	327780  -  ResidentSetSize of job (KB)
...
006 (453.528.000) 2022-04-06 16:47:04 Image size of job updated: 778232
	321  -  MemoryUsage of job (MB)
	327912  -  ResidentSetSize of job (KB)
...
006 (453.528.000) 2022-04-06 16:57:05 Image size of job updated: 778488
	321  -  MemoryUsage of job (MB)
	328044  -  ResidentSetSize of job (KB)
...
006 (453.528.000) 2022-04-06 17:07:06 Image size of job updated: 778488
	321  -  MemoryUsage of job (MB)
	328176  -  ResidentSetSize of job (KB)
...
006 (453.528.000) 2022-04-06 17:12:06 Image size of job updated: 778744
	321  -  MemoryUsage of job (MB)
	328176  -  ResidentSetSize of job (KB)
...
006 (453.528.000) 2022-04-06 17:17:07 Image size of job updated: 778744
	321  -  MemoryUsage of job (MB)
	328308  -  ResidentSetSize of job (KB)
...
006 (453.528.000) 2022-04-06 17:27:07 Image size of job updated: 778744
	321  -  MemoryUsage of job (MB)
	328440  -  ResidentSetSize of job (KB)
...
006 (453.528.000) 2022-04-06 17:32:08 Image size of job updated: 779000
	321  -  MemoryUsage of job (MB)
	328440  -  ResidentSetSize of job (KB)
...
006 (453.528.000) 2022-04-06 17:37:09 Image size of job updated: 779000
	321  -  MemoryUsage of job (MB)
	328572  -  ResidentSetSize of job (KB)
...
006 (453.528.000) 2022-04-06 17:47:10 Image size of job updated: 779000
	321  -  MemoryUsage of job (MB)
	328704  -  ResidentSetSize of job (KB)
...
006 (453.528.000) 2022-04-06 17:52:11 Image size of job updated: 779256
	322  -  MemoryUsage of job (MB)
	328836  -  ResidentSetSize of job (KB)
...
006 (453.528.000) 2022-04-06 18:02:11 Image size of job updated: 779256
	322  -  MemoryUsage of job (MB)
	328968  -  ResidentSetSize of job (KB)
...
006 (453.528.000) 2022-04-06 18:07:13 Image size of job updated: 779512
	322  -  MemoryUsage of job (MB)
	328968  -  ResidentSetSize of job (KB)
...
006 (453.528.000) 2022-04-06 18:17:13 Image size of job updated: 779512
	322  -  MemoryUsage of job (MB)
	329100  -  ResidentSetSize of job (KB)
...
006 (453.528.000) 2022-04-06 18:22:14 Image size of job updated: 779512
	322  -  MemoryUsage of job (MB)
	329232  -  ResidentSetSize of job (KB)
...
006 (453.528.000) 2022-04-06 18:27:15 Image size of job updated: 779768
	322  -  MemoryUsage of job (MB)
	329232  -  ResidentSetSize of job (KB)
...
005 (453.528.000) 2022-04-06 18:28:44 Job terminated.
	(1) Normal termination (return value 0)
		Usr 0 06:18:30, Sys 0 00:00:51  -  Run Remote Usage
		Usr 0 00:00:00, Sys 0 00:00:00  -  Run Local Usage
		Usr 0 06:18:30, Sys 0 00:00:51  -  Total Remote Usage
		Usr 0 00:00:00, Sys 0 00:00:00  -  Total Local Usage
	0  -  Run Bytes Sent By Job
	0  -  Run Bytes Received By Job
	0  -  Total Bytes Sent By Job
	0  -  Total Bytes Received By Job
	Partitionable Resources :    Usage  Request Allocated 
	   Cpus                 :     1.00        1         1 
	   Disk (KB)            :  7500        7500     10998 
	   Memory (MB)          :   322        1024      1024 

	Job terminated of its own accord at 2022-04-06T16:28:44Z with exit-code 0.
...
