000 (453.957.000) 2022-04-05 18:55:40 Job submitted from host: <10.18.24.243:9618?addrs=10.18.24.243-9618&alias=ecoclusts01.bioclust.biologie.ens.fr&noUDP&sock=schedd_1052_29b8>
...
001 (453.957.000) 2022-04-06 23:06:56 Job executing on host: <10.18.24.177:9618?addrs=10.18.24.177-9618&alias=mcbsclust06.bioclust.biologie.ens.fr&noUDP&sock=startd_945_c516>
...
006 (453.957.000) 2022-04-06 23:07:05 Image size of job updated: 428080
	419  -  MemoryUsage of job (MB)
	428080  -  ResidentSetSize of job (KB)
...
006 (453.957.000) 2022-04-06 23:12:06 Image size of job updated: 741876
	419  -  MemoryUsage of job (MB)
	428080  -  ResidentSetSize of job (KB)
...
006 (453.957.000) 2022-04-06 23:22:06 Image size of job updated: 774644
	419  -  MemoryUsage of job (MB)
	428080  -  ResidentSetSize of job (KB)
...
006 (453.957.000) 2022-04-07 00:12:12 Image size of job updated: 774900
	419  -  MemoryUsage of job (MB)
	428080  -  ResidentSetSize of job (KB)
...
006 (453.957.000) 2022-04-07 00:22:14 Image size of job updated: 775156
	419  -  MemoryUsage of job (MB)
	428080  -  ResidentSetSize of job (KB)
...
006 (453.957.000) 2022-04-07 00:37:15 Image size of job updated: 775412
	419  -  MemoryUsage of job (MB)
	428080  -  ResidentSetSize of job (KB)
...
006 (453.957.000) 2022-04-07 00:47:15 Image size of job updated: 775668
	419  -  MemoryUsage of job (MB)
	428080  -  ResidentSetSize of job (KB)
...
006 (453.957.000) 2022-04-07 01:02:16 Image size of job updated: 775924
	419  -  MemoryUsage of job (MB)
	428080  -  ResidentSetSize of job (KB)
...
006 (453.957.000) 2022-04-07 01:12:17 Image size of job updated: 776180
	419  -  MemoryUsage of job (MB)
	428080  -  ResidentSetSize of job (KB)
...
006 (453.957.000) 2022-04-07 01:22:17 Image size of job updated: 776436
	419  -  MemoryUsage of job (MB)
	428080  -  ResidentSetSize of job (KB)
...
006 (453.957.000) 2022-04-07 01:37:20 Image size of job updated: 776692
	419  -  MemoryUsage of job (MB)
	428080  -  ResidentSetSize of job (KB)
...
006 (453.957.000) 2022-04-07 01:47:21 Image size of job updated: 776948
	419  -  MemoryUsage of job (MB)
	428080  -  ResidentSetSize of job (KB)
...
006 (453.957.000) 2022-04-07 02:12:23 Image size of job updated: 777204
	419  -  MemoryUsage of job (MB)
	428080  -  ResidentSetSize of job (KB)
...
006 (453.957.000) 2022-04-07 02:27:24 Image size of job updated: 777460
	419  -  MemoryUsage of job (MB)
	428080  -  ResidentSetSize of job (KB)
...
006 (453.957.000) 2022-04-07 02:37:25 Image size of job updated: 777716
	419  -  MemoryUsage of job (MB)
	428080  -  ResidentSetSize of job (KB)
...
006 (453.957.000) 2022-04-07 02:52:27 Image size of job updated: 777972
	419  -  MemoryUsage of job (MB)
	428080  -  ResidentSetSize of job (KB)
...
006 (453.957.000) 2022-04-07 03:07:28 Image size of job updated: 778228
	419  -  MemoryUsage of job (MB)
	428080  -  ResidentSetSize of job (KB)
...
006 (453.957.000) 2022-04-07 03:17:30 Image size of job updated: 778484
	419  -  MemoryUsage of job (MB)
	428080  -  ResidentSetSize of job (KB)
...
006 (453.957.000) 2022-04-07 03:32:32 Image size of job updated: 778740
	419  -  MemoryUsage of job (MB)
	428080  -  ResidentSetSize of job (KB)
...
006 (453.957.000) 2022-04-07 03:47:33 Image size of job updated: 778996
	419  -  MemoryUsage of job (MB)
	428080  -  ResidentSetSize of job (KB)
...
006 (453.957.000) 2022-04-07 03:57:34 Image size of job updated: 779252
	419  -  MemoryUsage of job (MB)
	428080  -  ResidentSetSize of job (KB)
...
006 (453.957.000) 2022-04-07 04:12:36 Image size of job updated: 779508
	419  -  MemoryUsage of job (MB)
	428080  -  ResidentSetSize of job (KB)
...
006 (453.957.000) 2022-04-07 04:24:57 Image size of job updated: 779764
	419  -  MemoryUsage of job (MB)
	428080  -  ResidentSetSize of job (KB)
...
005 (453.957.000) 2022-04-07 04:24:57 Job terminated.
	(1) Normal termination (return value 0)
		Usr 0 05:16:42, Sys 0 00:00:14  -  Run Remote Usage
		Usr 0 00:00:00, Sys 0 00:00:00  -  Run Local Usage
		Usr 0 05:16:42, Sys 0 00:00:14  -  Total Remote Usage
		Usr 0 00:00:00, Sys 0 00:00:00  -  Total Local Usage
	0  -  Run Bytes Sent By Job
	0  -  Run Bytes Received By Job
	0  -  Total Bytes Sent By Job
	0  -  Total Bytes Received By Job
	Partitionable Resources :    Usage  Request Allocated 
	   Cpus                 :     0.99        1         1 
	   Disk (KB)            :  7500        7500     10998 
	   Memory (MB)          :   419        1024      1024 

	Job terminated of its own accord at 2022-04-07T02:24:57Z with exit-code 0.
...
